
DPMM with:
	600 cells
	33 mutations
	learning errors

	Priors:
	params.:	Beta(0.25,0.25)
	CRP a_0:	Gamma(24.49,1)
	FP:		trunc norm(0.01,0.01)
	FN:		trunc norm(0.2,0.1)

Move probabilitites:
	Split/merge:	0.33
		split/merge ratio:	[0.75, 0.25]
		intermediate Gibbs:	3
	CRP a_0 update:	0.25
	Errors update:	0.25

Run MCMC with (1 chains for 5000 steps):

Clustering time:	0:12:17.635711	(0.15 secs. per MCMC step)	Lugsail PSRF:		1.00556

Chain mean - posterior clusters	(#4):
	4 clusters

	A: 332 items
	B: 195 items
	C: 72 items
	D: 1 items

Inferred latent variables	--	chain mean - posterior
	CRP a_0:	98.1 +- 19.4
	FP (model|genotypes): 2.8E-03 +- 1.2E-03	|	8.2E-03
	FN (model|genotypes): 0.133   +- 0.016	|	0.157

Writing output to: ./sim_output/theta3/rep4/m4

Too many cells to plot genotypes/clusters
