11
 Total estimated FP  480  True negatives  45046
 Total estimated FN  1363  True positives  5431
 Estimated FP rate  0.0812
 Estimated FN rate  0.03
 No. of Cells in each cluster  {'5_2': 44, '9_2': 5, '3_2': 9, '3_3': 1, '4_2': 1, '4_3': 18, '0_2': 41, '0_3': 153, '7_3': 65, '6_3': 24, '2_3': 92, '1_3': 80, '8_3': 38, '10_3': 29}
 Cells in each cluster  {'5_2': [0, 1, 2, 3, 4, 5, 6, 7, 8, 9, 10, 11, 12, 13, 14, 15, 16, 17, 18, 19, 20, 21, 22, 23, 24, 25, 26, 27, 28, 29, 30, 31, 32, 33, 34, 35, 36, 37, 38, 39, 40, 41, 42, 43], '9_2': [44, 45, 46, 47, 48], '3_2': [49, 50, 51, 52, 53, 54, 55, 56, 57], '3_3': [594], '4_2': [58], '4_3': [552, 553, 554, 555, 556, 557, 558, 559, 560, 561, 562, 563, 564, 565, 566, 567, 568, 569], '0_2': [59, 60, 61, 62, 63, 64, 65, 66, 67, 68, 69, 70, 71, 72, 73, 74, 75, 76, 77, 78, 79, 80, 81, 82, 83, 84, 85, 86, 87, 88, 89, 90, 91, 92, 93, 94, 95, 96, 97, 98, 99], '0_3': [100, 101, 102, 103, 104, 105, 106, 107, 108, 109, 110, 111, 112, 113, 114, 115, 116, 117, 118, 119, 120, 121, 122, 123, 124, 125, 126, 127, 128, 129, 130, 131, 132, 133, 134, 135, 136, 137, 138, 139, 140, 141, 142, 143, 144, 145, 146, 147, 148, 149, 150, 151, 152, 153, 154, 155, 156, 157, 158, 159, 160, 161, 162, 163, 164, 165, 166, 167, 168, 169, 170, 171, 172, 173, 174, 175, 176, 177, 178, 179, 180, 181, 182, 183, 184, 185, 186, 187, 188, 189, 190, 191, 192, 193, 194, 195, 196, 197, 198, 199, 200, 201, 202, 203, 204, 205, 206, 207, 208, 209, 210, 211, 212, 213, 214, 215, 216, 217, 218, 219, 220, 221, 222, 223, 224, 225, 226, 227, 228, 229, 230, 231, 232, 233, 234, 235, 236, 237, 238, 239, 240, 241, 242, 243, 244, 245, 246, 247, 248, 249, 250, 251, 252], '7_3': [253, 254, 255, 256, 257, 258, 259, 260, 261, 262, 263, 264, 265, 266, 267, 268, 269, 270, 271, 272, 273, 274, 275, 276, 277, 278, 279, 280, 281, 282, 283, 284, 285, 286, 287, 288, 289, 290, 291, 292, 293, 294, 295, 296, 297, 298, 299, 300, 301, 302, 303, 304, 305, 306, 307, 308, 309, 310, 311, 312, 313, 314, 315, 316, 317], '6_3': [318, 319, 320, 321, 322, 323, 324, 325, 326, 327, 328, 329, 330, 331, 332, 333, 334, 335, 336, 337, 338, 339, 340, 341], '2_3': [342, 343, 344, 345, 346, 347, 348, 349, 350, 351, 352, 353, 354, 355, 356, 357, 358, 359, 360, 361, 362, 363, 364, 365, 366, 367, 368, 369, 370, 371, 372, 373, 374, 375, 376, 377, 378, 379, 380, 381, 382, 383, 384, 385, 386, 387, 388, 389, 390, 391, 392, 393, 394, 395, 396, 397, 398, 399, 400, 401, 402, 403, 404, 405, 406, 407, 408, 409, 410, 411, 412, 413, 414, 415, 416, 417, 418, 419, 420, 421, 422, 423, 424, 425, 426, 427, 428, 429, 430, 431, 432, 433], '1_3': [434, 435, 436, 437, 438, 439, 440, 441, 442, 443, 444, 445, 446, 447, 448, 449, 450, 451, 452, 453, 454, 455, 456, 457, 458, 459, 460, 461, 462, 463, 464, 465, 466, 467, 468, 469, 470, 471, 472, 473, 474, 475, 476, 477, 478, 479, 480, 481, 482, 483, 484, 485, 486, 487, 488, 489, 490, 491, 492, 493, 494, 495, 496, 497, 498, 499, 500, 501, 502, 503, 504, 505, 506, 507, 508, 509, 510, 511, 512, 513], '8_3': [514, 515, 516, 517, 518, 519, 520, 521, 522, 523, 524, 525, 526, 527, 528, 529, 530, 531, 532, 533, 534, 535, 536, 537, 538, 539, 540, 541, 542, 543, 544, 545, 546, 547, 548, 549, 550, 551], '10_3': [570, 571, 572, 573, 574, 575, 576, 577, 578, 579, 580, 581, 582, 583, 584, 585, 586, 587, 588, 589, 590, 591, 592, 593, 595, 596, 597, 598, 599]}
FP rate  0.0812 FN rate  0.03
 Before reassigning cells 
 Timepoint  2
 Cluster  5  # of cells  44
 Cluster  9  # of cells  5
 Cluster  3  # of cells  10
 Cluster  0  # of cells  41
 Timepoint  3
 Cluster  3  # of cells  5
 Cluster  4  # of cells  13
 Cluster  0  # of cells  154
 Cluster  7  # of cells  63
 Cluster  6  # of cells  25
 Cluster  2  # of cells  101
 Cluster  1  # of cells  71
 Cluster  8  # of cells  39
 Cluster  10  # of cells  27
 Cells absent at timepoint  2   set()
 Cells absent at timepoint  3   {377, 556}
 Missing cell prob  {'3': 2.5611929485887618e-18, '2': 2.113687058178795e-09, '7': 5.105782302267079e-41, '10': 8.91544657858794e-23, '0': 3.2618090915083797e-20, '1': 7.357690119141239e-14, '8': 7.35769011914124e-14, '4': 8.915446578587939e-23, '6': 2.113687058178795e-09}
 Missing cell prob  {'3': 6.761823361483147e-16, '2': 1.1395041255582627e-14, '7': 7.52353716058747e-49, '10': 2.3537732675067804e-20, '0': 4.806382344153004e-28, '1': 4.2288009452057547e-22, '8': 1.2148326016397811e-17, '4': 2.637423033834554e-16, '6': 1.139504125558263e-14}
 Timepoint  2
 Timepoint  3
SortedDict({2: {'5': ['0', '1', '2', '3', '4', '5', '6', '7', '8', '9', '10', '11', '12', '13', '14', '15', '16', '17', '18', '19', '20', '21', '22', '23', '24', '25', '26', '27', '28', '29', '30', '31', '32', '33', '34', '35', '36', '37', '38', '39', '40', '41', '42', '43'], '9': ['44', '45', '46', '47', '48'], '3': ['49', '50', '51', '52', '53', '54', '55', '56', '57', '58'], '0': ['59', '60', '61', '62', '63', '64', '65', '66', '67', '68', '69', '70', '71', '72', '73', '74', '75', '76', '77', '78', '79', '80', '81', '82', '83', '84', '85', '86', '87', '88', '89', '90', '91', '92', '93', '94', '95', '96', '97', '98', '99']}, 3: {'3': ['554', '560', '561', '569', '594'], '4': ['552', '553', '555', '557', '558', '559', '562', '563', '564', '565', '566', '567', '568'], '0': ['100', '101', '102', '103', '104', '105', '106', '107', '108', '109', '110', '111', '112', '113', '114', '115', '116', '117', '118', '119', '120', '121', '122', '123', '124', '125', '126', '127', '128', '129', '130', '131', '132', '133', '134', '135', '136', '137', '138', '139', '140', '141', '142', '143', '144', '145', '146', '147', '148', '149', '150', '152', '153', '154', '155', '156', '157', '158', '159', '160', '161', '162', '163', '164', '165', '166', '167', '168', '169', '170', '171', '172', '173', '174', '175', '176', '177', '178', '179', '180', '181', '182', '183', '184', '185', '186', '187', '188', '189', '190', '191', '192', '193', '194', '195', '196', '197', '198', '199', '200', '201', '202', '203', '204', '205', '206', '207', '208', '209', '210', '211', '212', '213', '214', '215', '216', '217', '218', '219', '220', '221', '222', '223', '224', '225', '226', '227', '228', '229', '230', '231', '232', '233', '234', '235', '236', '237', '238', '239', '240', '241', '242', '243', '244', '245', '246', '247', '248', '249', '250', '251', '252', '288', '289'], '7': ['253', '254', '255', '256', '257', '258', '259', '260', '261', '262', '263', '264', '265', '266', '267', '268', '269', '270', '271', '272', '273', '274', '275', '276', '277', '278', '279', '280', '281', '282', '283', '284', '285', '286', '287', '290', '291', '292', '293', '294', '295', '296', '297', '298', '299', '300', '301', '302', '303', '304', '305', '306', '307', '308', '309', '310', '311', '312', '313', '314', '315', '316', '317'], '6': ['318', '319', '320', '321', '322', '323', '324', '325', '326', '327', '328', '329', '330', '331', '332', '333', '334', '335', '336', '337', '338', '339', '340', '341', '596', '556'], '2': ['151', '342', '343', '344', '345', '346', '347', '348', '349', '350', '351', '352', '353', '354', '355', '356', '357', '358', '359', '360', '361', '362', '363', '364', '365', '366', '367', '368', '369', '370', '371', '372', '373', '374', '375', '376', '378', '379', '380', '382', '383', '384', '385', '386', '387', '388', '389', '390', '391', '392', '393', '394', '395', '396', '397', '398', '399', '400', '401', '402', '403', '404', '405', '406', '407', '408', '409', '410', '411', '412', '413', '414', '415', '416', '417', '418', '419', '420', '421', '422', '423', '424', '425', '426', '427', '428', '429', '430', '431', '432', '433', '434', '448', '458', '463', '472', '483', '499', '508', '510', '585', '377'], '1': ['435', '436', '437', '438', '439', '440', '441', '442', '443', '444', '445', '446', '447', '449', '450', '451', '452', '453', '454', '455', '456', '457', '459', '460', '461', '462', '464', '465', '466', '467', '468', '469', '470', '471', '473', '474', '475', '476', '477', '478', '479', '480', '481', '482', '484', '485', '486', '487', '488', '489', '490', '491', '492', '493', '494', '495', '496', '497', '498', '500', '501', '502', '503', '504', '505', '506', '507', '509', '511', '512', '513'], '8': ['381', '514', '515', '516', '517', '518', '519', '520', '521', '522', '523', '524', '525', '526', '527', '528', '529', '530', '531', '532', '533', '534', '535', '536', '537', '538', '539', '540', '541', '542', '543', '544', '545', '546', '547', '548', '549', '550', '551'], '10': ['570', '571', '572', '573', '574', '575', '576', '577', '578', '579', '580', '581', '582', '583', '584', '586', '587', '588', '589', '590', '591', '592', '593', '595', '597', '598', '599']}})
 Cluster1  3
 Cluster to drop  4
 After reassigning and merging cells 
 Timepoint  2
 Cluster  5  # of cells  44
 Cluster  9  # of cells  5
 Cluster  3  # of cells  10
 Cluster  0  # of cells  41
 Timepoint  3
 Cluster  3  # of cells  18
 Cluster  0  # of cells  154
 Cluster  7  # of cells  63
 Cluster  6  # of cells  26
 Cluster  2  # of cells  102
 Cluster  1  # of cells  71
 Cluster  8  # of cells  39
 Cluster  10  # of cells  27
 Tp cluster cell dict  {'5_2': 44, '9_2': 5, '3_2': 10, '0_2': 41, '3_3': 18, '0_3': 154, '7_3': 63, '6_3': 26, '2_3': 102, '1_3': 71, '8_3': 39, '10_3': 27}
 New Graph is here 
 ID  0  Timepoint  1  Mutations  []  Type  subclone
 ID  1  Timepoint  2  Mutations  [0, 1, 2, 3, 4, 5, 6, 7, 8, 9, 11, 12, 13, 14, 15, 16, 17]  Type  subclone
 ID  2  Timepoint  2  Mutations  [0, 1, 2, 3, 4, 5, 6, 7, 8, 9, 18, 19, 20, 21, 22, 55]  Type  subclone
 ID  3  Timepoint  2  Mutations  [10, 23, 24, 25, 26, 27, 28, 29, 30, 31, 32]  Type  subclone
 ID  4  Timepoint  2  Mutations  [10, 33, 34, 35, 36, 37, 38, 39, 40, 41, 42, 43, 44, 45, 46, 47]  Type  subclone
 ID  5  Timepoint  3  Mutations  [23, 24, 25, 26, 27, 28, 29, 30, 31, 32, 101, 102, 103, 104]  Type  subclone
 ID  6  Timepoint  3  Mutations  [10, 33, 34, 35, 36, 37, 38, 39, 40, 41, 42, 43, 44, 45, 46, 47]  Type  subclone
 ID  7  Timepoint  3  Mutations  [10, 33, 34, 35, 36, 37, 38, 39, 40, 41, 42, 43, 44, 45, 46, 47, 62, 63, 64, 65, 66, 67, 68, 69, 70, 71, 72, 73, 74, 75, 76, 77, 78, 79]  Type  subclone
 ID  8  Timepoint  3  Mutations  [48, 49, 50, 51]  Type  subclone
 ID  9  Timepoint  3  Mutations  [58, 59, 60, 61]  Type  subclone
 ID  10  Timepoint  3  Mutations  [58, 59, 60, 61, 91, 92, 93, 94, 95, 96]  Type  subclone
 ID  11  Timepoint  3  Mutations  [11, 12, 13, 14, 15, 16, 17]  Type  subclone
 ID  12  Timepoint  3  Mutations  [23, 24, 25, 26, 27, 28, 29, 30, 31, 32, 105, 106, 107, 108]  Type  subclone
Timepoints  SortedDict({1: [0], 2: [1, 2, 3, 4], 3: [5, 6, 7, 8, 9, 10, 11, 12]})
 Clone to nodes  {'5_2': 1, '9_2': 2, '3_2': 3, '0_2': 4, '3_3': 5, '0_3': 6, '7_3': 7, '6_3': 8, '2_3': 9, '1_3': 10, '8_3': 11, '10_3': 12}
 Timepoint ====  1
 Hash table  {'0,1': [0, 1, 2, 3, 4, 5, 6, 7, 8, 9], '0': [11, 12, 13, 14, 15, 16, 17], '1': [18, 19, 20, 21, 22, 55], '2,3': [10], '2': [23, 24, 25, 26, 27, 28, 29, 30, 31, 32], '3': [33, 34, 35, 36, 37, 38, 39, 40, 41, 42, 43, 44, 45, 46, 47]}
 Final possible usc  [[0, 1, 2, 3, 4, 5, 6, 7, 8, 9], [11, 12, 13, 14, 15, 16, 17], [18, 19, 20, 21, 22, 55], [10], [23, 24, 25, 26, 27, 28, 29, 30, 31, 32], [33, 34, 35, 36, 37, 38, 39, 40, 41, 42, 43, 44, 45, 46, 47]]
 Time  1  USC keys  {'33,34,35,36,37,38,39,40,41,42,43,44,45,46,47_0', '18,19,20,21,22,55_0', '23,24,25,26,27,28,29,30,31,32_0', '11,12,13,14,15,16,17_0', '0,1,2,3,4,5,6,7,8,9_0', '10_0'}
 USC children  {'0,1,2,3,4,5,6,7,8,9_0': [1, 2], '11,12,13,14,15,16,17_0': [1], '18,19,20,21,22,55_0': [2], '10_0': [3, 4], '23,24,25,26,27,28,29,30,31,32_0': [3], '33,34,35,36,37,38,39,40,41,42,43,44,45,46,47_0': [4]}
 USC children  {'0,1,2,3,4,5,6,7,8,9_0': [1, 2], '11,12,13,14,15,16,17_0': [1], '18,19,20,21,22,55_0': [2], '10_0': [3, 4], '23,24,25,26,27,28,29,30,31,32_0': [3], '33,34,35,36,37,38,39,40,41,42,43,44,45,46,47_0': [4]}
 Timepoint ====  2
 Hash table  {'0,6': [23, 24, 25, 26, 27, 28, 29, 30, 31, 32], '0': [101, 102, 103, 104], '1': [10, 33, 34, 35, 36, 37, 38, 39, 40, 41, 42, 43, 44, 45, 46, 47, 62, 63, 64, 65, 66, 67, 68, 69, 70, 71, 72, 73, 74, 75, 76, 77, 78, 79], '2': [48, 49, 50, 51], '3,4': [58, 59, 60, 61], '4': [91, 92, 93, 94, 95, 96], '5': [11, 12, 13, 14, 15, 16, 17], '6': [105, 106, 107, 108]}
====== Inside find superset of t nodes ==========
 Final possible usc  [[10, 33, 34, 35, 36, 37, 38, 39, 40, 41, 42, 43, 44, 45, 46, 47, 62, 63, 64, 65, 66, 67, 68, 69, 70, 71, 72, 73, 74, 75, 76, 77, 78, 79]]
 Time  2  USC keys  {'10,33,34,35,36,37,38,39,40,41,42,43,44,45,46,47,62,63,64,65,66,67,68,69,70,71,72,73,74,75,76,77,78,79_4'}
 USC children  {'0,1,2,3,4,5,6,7,8,9_0': [1, 2], '11,12,13,14,15,16,17_0': [1], '18,19,20,21,22,55_0': [2], '10_0': [3, 4], '23,24,25,26,27,28,29,30,31,32_0': [3], '33,34,35,36,37,38,39,40,41,42,43,44,45,46,47_0': [4], '10,33,34,35,36,37,38,39,40,41,42,43,44,45,46,47,62,63,64,65,66,67,68,69,70,71,72,73,74,75,76,77,78,79_4': [7]}
 USC children  {'0,1,2,3,4,5,6,7,8,9_0': [1, 2], '11,12,13,14,15,16,17_0': [1], '18,19,20,21,22,55_0': [2], '10_0': [3, 4], '23,24,25,26,27,28,29,30,31,32_0': [3], '33,34,35,36,37,38,39,40,41,42,43,44,45,46,47_0': [4], '10,33,34,35,36,37,38,39,40,41,42,43,44,45,46,47,62,63,64,65,66,67,68,69,70,71,72,73,74,75,76,77,78,79_4': [7]}
 Node s  {'1,2': ['0', '1', '2', '3', '4', '5', '6', '7', '8', '9'], '3,4': ['10'], '7': ['10', '33', '34', '35', '36', '37', '38', '39', '40', '41', '42', '43', '44', '45', '46', '47', '62', '63', '64', '65', '66', '67', '68', '69', '70', '71', '72', '73', '74', '75', '76', '77', '78', '79']}
 Enroll USC nodes  ['1', '2']  len  2
 Enroll USC nodes  ['3', '4']  len  2
 Enroll USC nodes  ['7']  len  1
 Node TP  SortedDict({1: [0], 2: [1, 2, 3, 4], 3: [5, 6, 7, 8, 9, 10, 11, 12]})
 Unobserved subclones at timepoints  {1.5: [13, 14]}
 ============== Inside finding node v ============ 
 Time  2
 Time  3
 largest_v_mut  []
 largest_v_mut  [[33, 34, 35, 36, 37, 38, 39, 40, 41, 10, 42, 43, 44, 45, 46, 47]]
 largest_v_mut  []
 largest_v_mut  []
 largest_v_mut  []
 largest_v_mut  []
 largest_v_mut  []
 Sorted all timepoints  [1, 1.5, 2, 3]
 Timepoint  2
 Inside usc_node check  2
 Timepoint  3
 Node  5  has no parent 
 USC nodes  []
 Node with minimum mutation sets  {1: 17, 2: 16, 3: 1, 4: 16}
 Node  8  has no parent 
 USC nodes  []
 Node with minimum mutation sets  {1: 17, 2: 16, 3: 11, 4: 16}
 Node  9  has no parent 
 USC nodes  []
 Node with minimum mutation sets  {1: 17, 2: 16, 3: 11, 4: 16}
 Node  10  has no parent 
 USC nodes  []
 Node with minimum mutation sets  {1: 17, 2: 16, 3: 11, 4: 16}
 Node  11  has no parent 
 USC nodes  []
 Node with minimum mutation sets  {1: 10, 2: 16, 3: 11, 4: 16}
 Node  12  has no parent 
 USC nodes  []
 Node with minimum mutation sets  {1: 17, 2: 16, 3: 1, 4: 16}
0   1   [-1]   subclone   []   []
1   2   [13]   subclone   [0, 1, 2, 3, 4, 5, 6, 7, 8, 9, 11, 12, 13, 14, 15, 16, 17]   [7]
2   2   [13]   subclone   [0, 1, 2, 3, 4, 5, 6, 7, 8, 9, 18, 19, 20, 21, 22, 55]   [6]
3   2   [14]   subclone   [10, 23, 24, 25, 26, 27, 28, 29, 30, 31, 32]   [10]
4   2   [14]   subclone   [10, 33, 34, 35, 36, 37, 38, 39, 40, 41, 42, 43, 44, 45, 46, 47]   [15]
5   3   [3]   subclone   [23, 24, 25, 26, 27, 28, 29, 30, 31, 32, 101, 102, 103, 104]   [4]
6   3   [4]   subclone   [10, 33, 34, 35, 36, 37, 38, 39, 40, 41, 42, 43, 44, 45, 46, 47]   [0]
7   3   [4]   subclone   [10, 33, 34, 35, 36, 37, 38, 39, 40, 41, 42, 43, 44, 45, 46, 47, 62, 63, 64, 65, 66, 67, 68, 69, 70, 71, 72, 73, 74, 75, 76, 77, 78, 79]   [18]
8   3   [3]   subclone   [48, 49, 50, 51]   [4]
9   3   [3]   subclone   [58, 59, 60, 61]   [4]
10   3   [3]   subclone   [58, 59, 60, 61, 91, 92, 93, 94, 95, 96]   [10]
11   3   [1]   subclone   [11, 12, 13, 14, 15, 16, 17]   [0]
12   3   [3]   subclone   [23, 24, 25, 26, 27, 28, 29, 30, 31, 32, 105, 106, 107, 108]   [4]
13   1.5   [0]   unobserved subclone   [0, 1, 2, 3, 4, 5, 6, 7, 8, 9]   [10]
14   1.5   [0]   unobserved subclone   [10]   [1]
11
 Total estimated FP  481  True negatives  45049
 Total estimated FN  1360  True positives  5430
 Estimated FP rate  0.08137
 Estimated FN rate  0.03
 No. of Cells in each cluster  {'5_2': 44, '9_2': 5, '3_2': 9, '3_3': 1, '4_2': 1, '4_3': 18, '0_2': 41, '0_3': 153, '8_3': 65, '6_3': 24, '2_3': 93, '1_3': 79, '7_3': 38, '10_3': 29}
 Cells in each cluster  {'5_2': [0, 1, 2, 3, 4, 5, 6, 7, 8, 9, 10, 11, 12, 13, 14, 15, 16, 17, 18, 19, 20, 21, 22, 23, 24, 25, 26, 27, 28, 29, 30, 31, 32, 33, 34, 35, 36, 37, 38, 39, 40, 41, 42, 43], '9_2': [44, 45, 46, 47, 48], '3_2': [49, 50, 51, 52, 53, 54, 55, 56, 57], '3_3': [594], '4_2': [58], '4_3': [552, 553, 554, 555, 556, 557, 558, 559, 560, 561, 562, 563, 564, 565, 566, 567, 568, 569], '0_2': [59, 60, 61, 62, 63, 64, 65, 66, 67, 68, 69, 70, 71, 72, 73, 74, 75, 76, 77, 78, 79, 80, 81, 82, 83, 84, 85, 86, 87, 88, 89, 90, 91, 92, 93, 94, 95, 96, 97, 98, 99], '0_3': [100, 101, 102, 103, 104, 105, 106, 107, 108, 109, 110, 111, 112, 113, 114, 115, 116, 117, 118, 119, 120, 121, 122, 123, 124, 125, 126, 127, 128, 129, 130, 131, 132, 133, 134, 135, 136, 137, 138, 139, 140, 141, 142, 143, 144, 145, 146, 147, 148, 149, 150, 151, 152, 153, 154, 155, 156, 157, 158, 159, 160, 161, 162, 163, 164, 165, 166, 167, 168, 169, 170, 171, 172, 173, 174, 175, 176, 177, 178, 179, 180, 181, 182, 183, 184, 185, 186, 187, 188, 189, 190, 191, 192, 193, 194, 195, 196, 197, 198, 199, 200, 201, 202, 203, 204, 205, 206, 207, 208, 209, 210, 211, 212, 213, 214, 215, 216, 217, 218, 219, 220, 221, 222, 223, 224, 225, 226, 227, 228, 229, 230, 231, 232, 233, 234, 235, 236, 237, 238, 239, 240, 241, 242, 243, 244, 245, 246, 247, 248, 249, 250, 251, 252], '8_3': [253, 254, 255, 256, 257, 258, 259, 260, 261, 262, 263, 264, 265, 266, 267, 268, 269, 270, 271, 272, 273, 274, 275, 276, 277, 278, 279, 280, 281, 282, 283, 284, 285, 286, 287, 288, 289, 290, 291, 292, 293, 294, 295, 296, 297, 298, 299, 300, 301, 302, 303, 304, 305, 306, 307, 308, 309, 310, 311, 312, 313, 314, 315, 316, 317], '6_3': [318, 319, 320, 321, 322, 323, 324, 325, 326, 327, 328, 329, 330, 331, 332, 333, 334, 335, 336, 337, 338, 339, 340, 341], '2_3': [342, 343, 344, 345, 346, 347, 348, 349, 350, 351, 352, 353, 354, 355, 356, 357, 358, 359, 360, 361, 362, 363, 364, 365, 366, 367, 368, 369, 370, 371, 372, 373, 374, 375, 376, 377, 378, 379, 380, 381, 382, 383, 384, 385, 386, 387, 388, 389, 390, 391, 392, 393, 394, 395, 396, 397, 398, 399, 400, 401, 402, 403, 404, 405, 406, 407, 408, 409, 410, 411, 412, 413, 414, 415, 416, 417, 418, 419, 420, 421, 422, 423, 424, 425, 426, 427, 428, 429, 430, 431, 432, 433, 434], '1_3': [435, 436, 437, 438, 439, 440, 441, 442, 443, 444, 445, 446, 447, 448, 449, 450, 451, 452, 453, 454, 455, 456, 457, 458, 459, 460, 461, 462, 463, 464, 465, 466, 467, 468, 469, 470, 471, 472, 473, 474, 475, 476, 477, 478, 479, 480, 481, 482, 483, 484, 485, 486, 487, 488, 489, 490, 491, 492, 493, 494, 495, 496, 497, 498, 499, 500, 501, 502, 503, 504, 505, 506, 507, 508, 509, 510, 511, 512, 513], '7_3': [514, 515, 516, 517, 518, 519, 520, 521, 522, 523, 524, 525, 526, 527, 528, 529, 530, 531, 532, 533, 534, 535, 536, 537, 538, 539, 540, 541, 542, 543, 544, 545, 546, 547, 548, 549, 550, 551], '10_3': [570, 571, 572, 573, 574, 575, 576, 577, 578, 579, 580, 581, 582, 583, 584, 585, 586, 587, 588, 589, 590, 591, 592, 593, 595, 596, 597, 598, 599]}
FP rate  0.08137 FN rate  0.03
 Before reassigning cells 
 Timepoint  2
 Cluster  5  # of cells  44
 Cluster  9  # of cells  5
 Cluster  3  # of cells  10
 Cluster  0  # of cells  41
 Timepoint  3
 Cluster  3  # of cells  5
 Cluster  4  # of cells  13
 Cluster  0  # of cells  154
 Cluster  8  # of cells  63
 Cluster  6  # of cells  25
 Cluster  2  # of cells  101
 Cluster  1  # of cells  71
 Cluster  7  # of cells  39
 Cluster  10  # of cells  27
 Cells absent at timepoint  2   set()
 Cells absent at timepoint  3   {377, 556}
 Missing cell prob  {'1': 7.266096425646522e-14, '4': 8.814241387939566e-23, '2': 2.0862159689860266e-09, '10': 8.814241387939565e-23, '6': 2.0862159689860266e-09, '7': 7.266096425646525e-14, '0': 3.2174494159259474e-20, '3': 2.530713888287124e-18, '8': 5.049409059104336e-41}
 Missing cell prob  {'1': 4.225526959065711e-22, '4': 2.612942900859596e-16, '2': 1.1375689365487103e-14, '10': 2.3376730075337423e-20, '6': 1.1375689365487103e-14, '7': 1.2132183916895221e-17, '0': 4.806217261885602e-28, '3': 6.711844259829715e-16, '8': 7.542793637115983e-49}
 Timepoint  2
 Timepoint  3
SortedDict({2: {'5': ['0', '1', '2', '3', '4', '5', '6', '7', '8', '9', '10', '11', '12', '13', '14', '15', '16', '17', '18', '19', '20', '21', '22', '23', '24', '25', '26', '27', '28', '29', '30', '31', '32', '33', '34', '35', '36', '37', '38', '39', '40', '41', '42', '43'], '9': ['44', '45', '46', '47', '48'], '3': ['49', '50', '51', '52', '53', '54', '55', '56', '57', '58'], '0': ['59', '60', '61', '62', '63', '64', '65', '66', '67', '68', '69', '70', '71', '72', '73', '74', '75', '76', '77', '78', '79', '80', '81', '82', '83', '84', '85', '86', '87', '88', '89', '90', '91', '92', '93', '94', '95', '96', '97', '98', '99']}, 3: {'3': ['554', '560', '561', '569', '594'], '4': ['552', '553', '555', '557', '558', '559', '562', '563', '564', '565', '566', '567', '568'], '0': ['100', '101', '102', '103', '104', '105', '106', '107', '108', '109', '110', '111', '112', '113', '114', '115', '116', '117', '118', '119', '120', '121', '122', '123', '124', '125', '126', '127', '128', '129', '130', '131', '132', '133', '134', '135', '136', '137', '138', '139', '140', '141', '142', '143', '144', '145', '146', '147', '148', '149', '150', '152', '153', '154', '155', '156', '157', '158', '159', '160', '161', '162', '163', '164', '165', '166', '167', '168', '169', '170', '171', '172', '173', '174', '175', '176', '177', '178', '179', '180', '181', '182', '183', '184', '185', '186', '187', '188', '189', '190', '191', '192', '193', '194', '195', '196', '197', '198', '199', '200', '201', '202', '203', '204', '205', '206', '207', '208', '209', '210', '211', '212', '213', '214', '215', '216', '217', '218', '219', '220', '221', '222', '223', '224', '225', '226', '227', '228', '229', '230', '231', '232', '233', '234', '235', '236', '237', '238', '239', '240', '241', '242', '243', '244', '245', '246', '247', '248', '249', '250', '251', '252', '288', '289'], '8': ['253', '254', '255', '256', '257', '258', '259', '260', '261', '262', '263', '264', '265', '266', '267', '268', '269', '270', '271', '272', '273', '274', '275', '276', '277', '278', '279', '280', '281', '282', '283', '284', '285', '286', '287', '290', '291', '292', '293', '294', '295', '296', '297', '298', '299', '300', '301', '302', '303', '304', '305', '306', '307', '308', '309', '310', '311', '312', '313', '314', '315', '316', '317'], '6': ['318', '319', '320', '321', '322', '323', '324', '325', '326', '327', '328', '329', '330', '331', '332', '333', '334', '335', '336', '337', '338', '339', '340', '341', '596'], '2': ['151', '342', '343', '344', '345', '346', '347', '348', '349', '350', '351', '352', '353', '354', '355', '356', '357', '358', '359', '360', '361', '362', '363', '364', '365', '366', '367', '368', '369', '370', '371', '372', '373', '374', '375', '376', '378', '379', '380', '382', '383', '384', '385', '386', '387', '388', '389', '390', '391', '392', '393', '394', '395', '396', '397', '398', '399', '400', '401', '402', '403', '404', '405', '406', '407', '408', '409', '410', '411', '412', '413', '414', '415', '416', '417', '418', '419', '420', '421', '422', '423', '424', '425', '426', '427', '428', '429', '430', '431', '432', '433', '434', '448', '458', '463', '472', '483', '499', '508', '510', '585', '377', '556'], '1': ['435', '436', '437', '438', '439', '440', '441', '442', '443', '444', '445', '446', '447', '449', '450', '451', '452', '453', '454', '455', '456', '457', '459', '460', '461', '462', '464', '465', '466', '467', '468', '469', '470', '471', '473', '474', '475', '476', '477', '478', '479', '480', '481', '482', '484', '485', '486', '487', '488', '489', '490', '491', '492', '493', '494', '495', '496', '497', '498', '500', '501', '502', '503', '504', '505', '506', '507', '509', '511', '512', '513'], '7': ['381', '514', '515', '516', '517', '518', '519', '520', '521', '522', '523', '524', '525', '526', '527', '528', '529', '530', '531', '532', '533', '534', '535', '536', '537', '538', '539', '540', '541', '542', '543', '544', '545', '546', '547', '548', '549', '550', '551'], '10': ['570', '571', '572', '573', '574', '575', '576', '577', '578', '579', '580', '581', '582', '583', '584', '586', '587', '588', '589', '590', '591', '592', '593', '595', '597', '598', '599']}})
 Cluster1  3
 Cluster to drop  4
 After reassigning and merging cells 
 Timepoint  2
 Cluster  5  # of cells  44
 Cluster  9  # of cells  5
 Cluster  3  # of cells  10
 Cluster  0  # of cells  41
 Timepoint  3
 Cluster  3  # of cells  18
 Cluster  0  # of cells  154
 Cluster  8  # of cells  63
 Cluster  6  # of cells  25
 Cluster  2  # of cells  103
 Cluster  1  # of cells  71
 Cluster  7  # of cells  39
 Cluster  10  # of cells  27
 Tp cluster cell dict  {'5_2': 44, '9_2': 5, '3_2': 10, '0_2': 41, '3_3': 18, '0_3': 154, '8_3': 63, '6_3': 25, '2_3': 103, '1_3': 71, '7_3': 39, '10_3': 27}
 New Graph is here 
 ID  0  Timepoint  1  Mutations  []  Type  subclone
 ID  1  Timepoint  2  Mutations  [0, 1, 2, 3, 4, 5, 6, 7, 8, 9, 11, 12, 13, 14, 15, 16, 17]  Type  subclone
 ID  2  Timepoint  2  Mutations  [0, 1, 2, 3, 4, 5, 6, 7, 8, 9, 18, 19, 20, 21, 22, 55]  Type  subclone
 ID  3  Timepoint  2  Mutations  [10, 23, 24, 25, 26, 27, 28, 29, 30, 31, 32]  Type  subclone
 ID  4  Timepoint  2  Mutations  [10, 33, 34, 35, 36, 37, 38, 39, 40, 41, 42, 43, 44, 45, 46, 47]  Type  subclone
 ID  5  Timepoint  3  Mutations  [23, 24, 25, 26, 27, 28, 29, 30, 31, 32, 101, 102, 103, 104]  Type  subclone
 ID  6  Timepoint  3  Mutations  [10, 33, 34, 35, 36, 37, 38, 39, 40, 41, 42, 43, 44, 45, 46, 47]  Type  subclone
 ID  7  Timepoint  3  Mutations  [10, 33, 34, 35, 36, 37, 38, 39, 40, 41, 42, 43, 44, 45, 46, 47, 62, 63, 64, 65, 66, 67, 68, 69, 70, 71, 72, 73, 74, 75, 76, 77, 78, 79]  Type  subclone
 ID  8  Timepoint  3  Mutations  [48, 49, 50, 51]  Type  subclone
 ID  9  Timepoint  3  Mutations  [58, 59, 60, 61]  Type  subclone
 ID  10  Timepoint  3  Mutations  [58, 59, 60, 61, 91, 92, 93, 94, 95, 96]  Type  subclone
 ID  11  Timepoint  3  Mutations  [11, 12, 13, 14, 15, 16, 17]  Type  subclone
 ID  12  Timepoint  3  Mutations  [23, 24, 25, 26, 27, 28, 29, 30, 31, 32, 105, 106, 107, 108]  Type  subclone
Timepoints  SortedDict({1: [0], 2: [1, 2, 3, 4], 3: [5, 6, 7, 8, 9, 10, 11, 12]})
 Clone to nodes  {'5_2': 1, '9_2': 2, '3_2': 3, '0_2': 4, '3_3': 5, '0_3': 6, '8_3': 7, '6_3': 8, '2_3': 9, '1_3': 10, '7_3': 11, '10_3': 12}
 Timepoint ====  1
 Hash table  {'0,1': [0, 1, 2, 3, 4, 5, 6, 7, 8, 9], '0': [11, 12, 13, 14, 15, 16, 17], '1': [18, 19, 20, 21, 22, 55], '2,3': [10], '2': [23, 24, 25, 26, 27, 28, 29, 30, 31, 32], '3': [33, 34, 35, 36, 37, 38, 39, 40, 41, 42, 43, 44, 45, 46, 47]}
 Final possible usc  [[0, 1, 2, 3, 4, 5, 6, 7, 8, 9], [11, 12, 13, 14, 15, 16, 17], [18, 19, 20, 21, 22, 55], [10], [23, 24, 25, 26, 27, 28, 29, 30, 31, 32], [33, 34, 35, 36, 37, 38, 39, 40, 41, 42, 43, 44, 45, 46, 47]]
 Time  1  USC keys  {'0,1,2,3,4,5,6,7,8,9_0', '10_0', '18,19,20,21,22,55_0', '23,24,25,26,27,28,29,30,31,32_0', '11,12,13,14,15,16,17_0', '33,34,35,36,37,38,39,40,41,42,43,44,45,46,47_0'}
 USC children  {'0,1,2,3,4,5,6,7,8,9_0': [1, 2], '11,12,13,14,15,16,17_0': [1], '18,19,20,21,22,55_0': [2], '10_0': [3, 4], '23,24,25,26,27,28,29,30,31,32_0': [3], '33,34,35,36,37,38,39,40,41,42,43,44,45,46,47_0': [4]}
 USC children  {'0,1,2,3,4,5,6,7,8,9_0': [1, 2], '11,12,13,14,15,16,17_0': [1], '18,19,20,21,22,55_0': [2], '10_0': [3, 4], '23,24,25,26,27,28,29,30,31,32_0': [3], '33,34,35,36,37,38,39,40,41,42,43,44,45,46,47_0': [4]}
 Timepoint ====  2
 Hash table  {'0,6': [23, 24, 25, 26, 27, 28, 29, 30, 31, 32], '0': [101, 102, 103, 104], '1': [10, 33, 34, 35, 36, 37, 38, 39, 40, 41, 42, 43, 44, 45, 46, 47, 62, 63, 64, 65, 66, 67, 68, 69, 70, 71, 72, 73, 74, 75, 76, 77, 78, 79], '2': [48, 49, 50, 51], '3,4': [58, 59, 60, 61], '4': [91, 92, 93, 94, 95, 96], '5': [11, 12, 13, 14, 15, 16, 17], '6': [105, 106, 107, 108]}
====== Inside find superset of t nodes ==========
 Final possible usc  [[10, 33, 34, 35, 36, 37, 38, 39, 40, 41, 42, 43, 44, 45, 46, 47, 62, 63, 64, 65, 66, 67, 68, 69, 70, 71, 72, 73, 74, 75, 76, 77, 78, 79]]
 Time  2  USC keys  {'10,33,34,35,36,37,38,39,40,41,42,43,44,45,46,47,62,63,64,65,66,67,68,69,70,71,72,73,74,75,76,77,78,79_4'}
 USC children  {'0,1,2,3,4,5,6,7,8,9_0': [1, 2], '11,12,13,14,15,16,17_0': [1], '18,19,20,21,22,55_0': [2], '10_0': [3, 4], '23,24,25,26,27,28,29,30,31,32_0': [3], '33,34,35,36,37,38,39,40,41,42,43,44,45,46,47_0': [4], '10,33,34,35,36,37,38,39,40,41,42,43,44,45,46,47,62,63,64,65,66,67,68,69,70,71,72,73,74,75,76,77,78,79_4': [7]}
 USC children  {'0,1,2,3,4,5,6,7,8,9_0': [1, 2], '11,12,13,14,15,16,17_0': [1], '18,19,20,21,22,55_0': [2], '10_0': [3, 4], '23,24,25,26,27,28,29,30,31,32_0': [3], '33,34,35,36,37,38,39,40,41,42,43,44,45,46,47_0': [4], '10,33,34,35,36,37,38,39,40,41,42,43,44,45,46,47,62,63,64,65,66,67,68,69,70,71,72,73,74,75,76,77,78,79_4': [7]}
 Node s  {'1,2': ['0', '1', '2', '3', '4', '5', '6', '7', '8', '9'], '3,4': ['10'], '7': ['10', '33', '34', '35', '36', '37', '38', '39', '40', '41', '42', '43', '44', '45', '46', '47', '62', '63', '64', '65', '66', '67', '68', '69', '70', '71', '72', '73', '74', '75', '76', '77', '78', '79']}
 Enroll USC nodes  ['1', '2']  len  2
 Enroll USC nodes  ['3', '4']  len  2
 Enroll USC nodes  ['7']  len  1
 Node TP  SortedDict({1: [0], 2: [1, 2, 3, 4], 3: [5, 6, 7, 8, 9, 10, 11, 12]})
 Unobserved subclones at timepoints  {1.5: [13, 14]}
 ============== Inside finding node v ============ 
 Time  2
 Time  3
 largest_v_mut  []
 largest_v_mut  [[33, 34, 35, 36, 37, 38, 39, 40, 41, 10, 42, 43, 44, 45, 46, 47]]
 largest_v_mut  []
 largest_v_mut  []
 largest_v_mut  []
 largest_v_mut  []
 largest_v_mut  []
 Sorted all timepoints  [1, 1.5, 2, 3]
 Timepoint  2
 Inside usc_node check  2
 Timepoint  3
 Node  5  has no parent 
 USC nodes  []
 Node with minimum mutation sets  {1: 17, 2: 16, 3: 1, 4: 16}
 Node  8  has no parent 
 USC nodes  []
 Node with minimum mutation sets  {1: 17, 2: 16, 3: 11, 4: 16}
 Node  9  has no parent 
 USC nodes  []
 Node with minimum mutation sets  {1: 17, 2: 16, 3: 11, 4: 16}
 Node  10  has no parent 
 USC nodes  []
 Node with minimum mutation sets  {1: 17, 2: 16, 3: 11, 4: 16}
 Node  11  has no parent 
 USC nodes  []
 Node with minimum mutation sets  {1: 10, 2: 16, 3: 11, 4: 16}
 Node  12  has no parent 
 USC nodes  []
 Node with minimum mutation sets  {1: 17, 2: 16, 3: 1, 4: 16}
0   1   [-1]   subclone   []   []
1   2   [13]   subclone   [0, 1, 2, 3, 4, 5, 6, 7, 8, 9, 11, 12, 13, 14, 15, 16, 17]   [7]
2   2   [13]   subclone   [0, 1, 2, 3, 4, 5, 6, 7, 8, 9, 18, 19, 20, 21, 22, 55]   [6]
3   2   [14]   subclone   [10, 23, 24, 25, 26, 27, 28, 29, 30, 31, 32]   [10]
4   2   [14]   subclone   [10, 33, 34, 35, 36, 37, 38, 39, 40, 41, 42, 43, 44, 45, 46, 47]   [15]
5   3   [3]   subclone   [23, 24, 25, 26, 27, 28, 29, 30, 31, 32, 101, 102, 103, 104]   [4]
6   3   [4]   subclone   [10, 33, 34, 35, 36, 37, 38, 39, 40, 41, 42, 43, 44, 45, 46, 47]   [0]
7   3   [4]   subclone   [10, 33, 34, 35, 36, 37, 38, 39, 40, 41, 42, 43, 44, 45, 46, 47, 62, 63, 64, 65, 66, 67, 68, 69, 70, 71, 72, 73, 74, 75, 76, 77, 78, 79]   [18]
8   3   [3]   subclone   [48, 49, 50, 51]   [4]
9   3   [3]   subclone   [58, 59, 60, 61]   [4]
10   3   [3]   subclone   [58, 59, 60, 61, 91, 92, 93, 94, 95, 96]   [10]
11   3   [1]   subclone   [11, 12, 13, 14, 15, 16, 17]   [0]
12   3   [3]   subclone   [23, 24, 25, 26, 27, 28, 29, 30, 31, 32, 105, 106, 107, 108]   [4]
13   1.5   [0]   unobserved subclone   [0, 1, 2, 3, 4, 5, 6, 7, 8, 9]   [10]
14   1.5   [0]   unobserved subclone   [10]   [1]
11
 Total estimated FP  480  True negatives  45044
 Total estimated FN  1365  True positives  5431
 Estimated FP rate  0.0812
 Estimated FN rate  0.03
 No. of Cells in each cluster  {'5_2': 44, '9_2': 5, '4_2': 9, '4_3': 1, '1_2': 1, '1_3': 18, '0_2': 41, '0_3': 153, '7_3': 65, '6_3': 24, '2_3': 93, '3_3': 79, '10_3': 38, '8_3': 29}
 Cells in each cluster  {'5_2': [0, 1, 2, 3, 4, 5, 6, 7, 8, 9, 10, 11, 12, 13, 14, 15, 16, 17, 18, 19, 20, 21, 22, 23, 24, 25, 26, 27, 28, 29, 30, 31, 32, 33, 34, 35, 36, 37, 38, 39, 40, 41, 42, 43], '9_2': [44, 45, 46, 47, 48], '4_2': [49, 50, 51, 52, 53, 54, 55, 56, 57], '4_3': [594], '1_2': [58], '1_3': [552, 553, 554, 555, 556, 557, 558, 559, 560, 561, 562, 563, 564, 565, 566, 567, 568, 569], '0_2': [59, 60, 61, 62, 63, 64, 65, 66, 67, 68, 69, 70, 71, 72, 73, 74, 75, 76, 77, 78, 79, 80, 81, 82, 83, 84, 85, 86, 87, 88, 89, 90, 91, 92, 93, 94, 95, 96, 97, 98, 99], '0_3': [100, 101, 102, 103, 104, 105, 106, 107, 108, 109, 110, 111, 112, 113, 114, 115, 116, 117, 118, 119, 120, 121, 122, 123, 124, 125, 126, 127, 128, 129, 130, 131, 132, 133, 134, 135, 136, 137, 138, 139, 140, 141, 142, 143, 144, 145, 146, 147, 148, 149, 150, 151, 152, 153, 154, 155, 156, 157, 158, 159, 160, 161, 162, 163, 164, 165, 166, 167, 168, 169, 170, 171, 172, 173, 174, 175, 176, 177, 178, 179, 180, 181, 182, 183, 184, 185, 186, 187, 188, 189, 190, 191, 192, 193, 194, 195, 196, 197, 198, 199, 200, 201, 202, 203, 204, 205, 206, 207, 208, 209, 210, 211, 212, 213, 214, 215, 216, 217, 218, 219, 220, 221, 222, 223, 224, 225, 226, 227, 228, 229, 230, 231, 232, 233, 234, 235, 236, 237, 238, 239, 240, 241, 242, 243, 244, 245, 246, 247, 248, 249, 250, 251, 252], '7_3': [253, 254, 255, 256, 257, 258, 259, 260, 261, 262, 263, 264, 265, 266, 267, 268, 269, 270, 271, 272, 273, 274, 275, 276, 277, 278, 279, 280, 281, 282, 283, 284, 285, 286, 287, 288, 289, 290, 291, 292, 293, 294, 295, 296, 297, 298, 299, 300, 301, 302, 303, 304, 305, 306, 307, 308, 309, 310, 311, 312, 313, 314, 315, 316, 317], '6_3': [318, 319, 320, 321, 322, 323, 324, 325, 326, 327, 328, 329, 330, 331, 332, 333, 334, 335, 336, 337, 338, 339, 340, 341], '2_3': [342, 343, 344, 345, 346, 347, 348, 349, 350, 351, 352, 353, 354, 355, 356, 357, 358, 359, 360, 361, 362, 363, 364, 365, 366, 367, 368, 369, 370, 371, 372, 373, 374, 375, 376, 377, 378, 379, 380, 381, 382, 383, 384, 385, 386, 387, 388, 389, 390, 391, 392, 393, 394, 395, 396, 397, 398, 399, 400, 401, 402, 403, 404, 405, 406, 407, 408, 409, 410, 411, 412, 413, 414, 415, 416, 417, 418, 419, 420, 421, 422, 423, 424, 425, 426, 427, 428, 429, 430, 431, 432, 433, 434], '3_3': [435, 436, 437, 438, 439, 440, 441, 442, 443, 444, 445, 446, 447, 448, 449, 450, 451, 452, 453, 454, 455, 456, 457, 458, 459, 460, 461, 462, 463, 464, 465, 466, 467, 468, 469, 470, 471, 472, 473, 474, 475, 476, 477, 478, 479, 480, 481, 482, 483, 484, 485, 486, 487, 488, 489, 490, 491, 492, 493, 494, 495, 496, 497, 498, 499, 500, 501, 502, 503, 504, 505, 506, 507, 508, 509, 510, 511, 512, 513], '10_3': [514, 515, 516, 517, 518, 519, 520, 521, 522, 523, 524, 525, 526, 527, 528, 529, 530, 531, 532, 533, 534, 535, 536, 537, 538, 539, 540, 541, 542, 543, 544, 545, 546, 547, 548, 549, 550, 551], '8_3': [570, 571, 572, 573, 574, 575, 576, 577, 578, 579, 580, 581, 582, 583, 584, 585, 586, 587, 588, 589, 590, 591, 592, 593, 595, 596, 597, 598, 599]}
FP rate  0.0812 FN rate  0.03
 Before reassigning cells 
 Timepoint  2
 Cluster  5  # of cells  44
 Cluster  9  # of cells  5
 Cluster  4  # of cells  10
 Cluster  0  # of cells  41
 Timepoint  3
 Cluster  4  # of cells  2
 Cluster  1  # of cells  15
 Cluster  0  # of cells  154
 Cluster  7  # of cells  63
 Cluster  6  # of cells  25
 Cluster  2  # of cells  101
 Cluster  3  # of cells  71
 Cluster  10  # of cells  39
 Cluster  8  # of cells  27
 Cells absent at timepoint  2   set()
 Cells absent at timepoint  3   {560, 377, 556}
 Missing cell prob  {'3': 1.9870703698670785e-24, '10': 5.708374308333619e-20, '4': 6.069069485701145e-11, '1': 6.069069485701142e-11, '2': 1.7482847714989756e-18, '6': 5.354413493510863e-17, '8': 6.470273610667984e-14, '0': 7.374194502514424e-32, '7': 3.768934685888061e-54}
 Missing cell prob  {'3': 7.357690119141239e-14, '10': 7.35769011914124e-14, '4': 8.362623907015988e-20, '1': 8.915446578587939e-23, '2': 2.113687058178795e-09, '6': 2.113687058178795e-09, '8': 8.91544657858794e-23, '0': 3.2618090915083797e-20, '7': 5.105782302267079e-41}
 Missing cell prob  {'3': 4.2288009452057547e-22, '10': 1.2148326016397811e-17, '4': 2.2078221685295434e-17, '1': 2.637423033834554e-16, '2': 1.1395041255582627e-14, '6': 1.139504125558263e-14, '8': 2.3537732675067804e-20, '0': 4.806382344153004e-28, '7': 7.52353716058747e-49}
 Timepoint  2
 Timepoint  3
SortedDict({2: {'5': ['0', '1', '2', '3', '4', '5', '6', '7', '8', '9', '10', '11', '12', '13', '14', '15', '16', '17', '18', '19', '20', '21', '22', '23', '24', '25', '26', '27', '28', '29', '30', '31', '32', '33', '34', '35', '36', '37', '38', '39', '40', '41', '42', '43'], '9': ['44', '45', '46', '47', '48'], '4': ['49', '50', '51', '52', '53', '54', '55', '56', '57', '58'], '0': ['59', '60', '61', '62', '63', '64', '65', '66', '67', '68', '69', '70', '71', '72', '73', '74', '75', '76', '77', '78', '79', '80', '81', '82', '83', '84', '85', '86', '87', '88', '89', '90', '91', '92', '93', '94', '95', '96', '97', '98', '99']}, 3: {'4': ['561', '594', '560'], '1': ['552', '553', '554', '555', '557', '558', '559', '562', '563', '564', '565', '566', '567', '568', '569'], '0': ['100', '101', '102', '103', '104', '105', '106', '107', '108', '109', '110', '111', '112', '113', '114', '115', '116', '117', '118', '119', '120', '121', '122', '123', '124', '125', '126', '127', '128', '129', '130', '131', '132', '133', '134', '135', '136', '137', '138', '139', '140', '141', '142', '143', '144', '145', '146', '147', '148', '149', '150', '152', '153', '154', '155', '156', '157', '158', '159', '160', '161', '162', '163', '164', '165', '166', '167', '168', '169', '170', '171', '172', '173', '174', '175', '176', '177', '178', '179', '180', '181', '182', '183', '184', '185', '186', '187', '188', '189', '190', '191', '192', '193', '194', '195', '196', '197', '198', '199', '200', '201', '202', '203', '204', '205', '206', '207', '208', '209', '210', '211', '212', '213', '214', '215', '216', '217', '218', '219', '220', '221', '222', '223', '224', '225', '226', '227', '228', '229', '230', '231', '232', '233', '234', '235', '236', '237', '238', '239', '240', '241', '242', '243', '244', '245', '246', '247', '248', '249', '250', '251', '252', '288', '289'], '7': ['253', '254', '255', '256', '257', '258', '259', '260', '261', '262', '263', '264', '265', '266', '267', '268', '269', '270', '271', '272', '273', '274', '275', '276', '277', '278', '279', '280', '281', '282', '283', '284', '285', '286', '287', '290', '291', '292', '293', '294', '295', '296', '297', '298', '299', '300', '301', '302', '303', '304', '305', '306', '307', '308', '309', '310', '311', '312', '313', '314', '315', '316', '317'], '6': ['318', '319', '320', '321', '322', '323', '324', '325', '326', '327', '328', '329', '330', '331', '332', '333', '334', '335', '336', '337', '338', '339', '340', '341', '596', '556'], '2': ['151', '342', '343', '344', '345', '346', '347', '348', '349', '350', '351', '352', '353', '354', '355', '356', '357', '358', '359', '360', '361', '362', '363', '364', '365', '366', '367', '368', '369', '370', '371', '372', '373', '374', '375', '376', '378', '379', '380', '382', '383', '384', '385', '386', '387', '388', '389', '390', '391', '392', '393', '394', '395', '396', '397', '398', '399', '400', '401', '402', '403', '404', '405', '406', '407', '408', '409', '410', '411', '412', '413', '414', '415', '416', '417', '418', '419', '420', '421', '422', '423', '424', '425', '426', '427', '428', '429', '430', '431', '432', '433', '434', '448', '458', '463', '472', '483', '499', '508', '510', '585', '377'], '3': ['435', '436', '437', '438', '439', '440', '441', '442', '443', '444', '445', '446', '447', '449', '450', '451', '452', '453', '454', '455', '456', '457', '459', '460', '461', '462', '464', '465', '466', '467', '468', '469', '470', '471', '473', '474', '475', '476', '477', '478', '479', '480', '481', '482', '484', '485', '486', '487', '488', '489', '490', '491', '492', '493', '494', '495', '496', '497', '498', '500', '501', '502', '503', '504', '505', '506', '507', '509', '511', '512', '513'], '10': ['381', '514', '515', '516', '517', '518', '519', '520', '521', '522', '523', '524', '525', '526', '527', '528', '529', '530', '531', '532', '533', '534', '535', '536', '537', '538', '539', '540', '541', '542', '543', '544', '545', '546', '547', '548', '549', '550', '551'], '8': ['570', '571', '572', '573', '574', '575', '576', '577', '578', '579', '580', '581', '582', '583', '584', '586', '587', '588', '589', '590', '591', '592', '593', '595', '597', '598', '599']}})
 Cluster1  4
 Cluster to drop  1
 After reassigning and merging cells 
 Timepoint  2
 Cluster  5  # of cells  44
 Cluster  9  # of cells  5
 Cluster  4  # of cells  10
 Cluster  0  # of cells  41
 Timepoint  3
 Cluster  4  # of cells  18
 Cluster  0  # of cells  154
 Cluster  7  # of cells  63
 Cluster  6  # of cells  26
 Cluster  2  # of cells  102
 Cluster  3  # of cells  71
 Cluster  10  # of cells  39
 Cluster  8  # of cells  27
 Tp cluster cell dict  {'5_2': 44, '9_2': 5, '4_2': 10, '0_2': 41, '4_3': 18, '0_3': 154, '7_3': 63, '6_3': 26, '2_3': 102, '3_3': 71, '10_3': 39, '8_3': 27}
 New Graph is here 
 ID  0  Timepoint  1  Mutations  []  Type  subclone
 ID  1  Timepoint  2  Mutations  [0, 1, 2, 3, 4, 5, 6, 7, 8, 9, 11, 12, 13, 14, 15, 16, 17]  Type  subclone
 ID  2  Timepoint  2  Mutations  [0, 1, 2, 3, 4, 5, 6, 7, 8, 9, 18, 19, 20, 21, 22, 55]  Type  subclone
 ID  3  Timepoint  2  Mutations  [10, 23, 24, 25, 26, 27, 28, 29, 30, 31, 32, 37]  Type  subclone
 ID  4  Timepoint  2  Mutations  [10, 33, 34, 35, 36, 37, 38, 39, 40, 41, 42, 43, 44, 45, 46, 47]  Type  subclone
 ID  5  Timepoint  3  Mutations  [23, 24, 25, 26, 27, 28, 29, 30, 31, 32, 101, 102, 103, 104]  Type  subclone
 ID  6  Timepoint  3  Mutations  [10, 33, 34, 35, 36, 37, 38, 39, 40, 41, 42, 43, 44, 45, 46, 47]  Type  subclone
 ID  7  Timepoint  3  Mutations  [10, 33, 34, 35, 36, 37, 38, 39, 40, 41, 42, 43, 44, 45, 46, 47, 62, 63, 64, 65, 66, 67, 68, 69, 70, 71, 72, 73, 74, 75, 76, 77, 78, 79]  Type  subclone
 ID  8  Timepoint  3  Mutations  [48, 49, 50, 51]  Type  subclone
 ID  9  Timepoint  3  Mutations  [58, 59, 60, 61]  Type  subclone
 ID  10  Timepoint  3  Mutations  [58, 59, 60, 61, 91, 92, 93, 94, 95, 96]  Type  subclone
 ID  11  Timepoint  3  Mutations  [11, 12, 13, 14, 15, 16, 17]  Type  subclone
 ID  12  Timepoint  3  Mutations  [23, 24, 25, 26, 27, 28, 29, 30, 31, 32, 105, 106, 107, 108]  Type  subclone
Timepoints  SortedDict({1: [0], 2: [1, 2, 3, 4], 3: [5, 6, 7, 8, 9, 10, 11, 12]})
 Clone to nodes  {'5_2': 1, '9_2': 2, '4_2': 3, '0_2': 4, '4_3': 5, '0_3': 6, '7_3': 7, '6_3': 8, '2_3': 9, '3_3': 10, '10_3': 11, '8_3': 12}
 Timepoint ====  1
 Hash table  {'0,1': [0, 1, 2, 3, 4, 5, 6, 7, 8, 9], '0': [11, 12, 13, 14, 15, 16, 17], '1': [18, 19, 20, 21, 22, 55], '2,3': [10, 37], '2': [23, 24, 25, 26, 27, 28, 29, 30, 31, 32], '3': [33, 34, 35, 36, 38, 39, 40, 41, 42, 43, 44, 45, 46, 47]}
 Final possible usc  [[0, 1, 2, 3, 4, 5, 6, 7, 8, 9], [11, 12, 13, 14, 15, 16, 17], [18, 19, 20, 21, 22, 55], [10, 37], [23, 24, 25, 26, 27, 28, 29, 30, 31, 32], [33, 34, 35, 36, 38, 39, 40, 41, 42, 43, 44, 45, 46, 47]]
 Time  1  USC keys  {'33,34,35,36,38,39,40,41,42,43,44,45,46,47_0', '11,12,13,14,15,16,17_0', '23,24,25,26,27,28,29,30,31,32_0', '18,19,20,21,22,55_0', '10,37_0', '0,1,2,3,4,5,6,7,8,9_0'}
 USC children  {'0,1,2,3,4,5,6,7,8,9_0': [1, 2], '11,12,13,14,15,16,17_0': [1], '18,19,20,21,22,55_0': [2], '10,37_0': [3, 4], '23,24,25,26,27,28,29,30,31,32_0': [3], '33,34,35,36,38,39,40,41,42,43,44,45,46,47_0': [4]}
 USC children  {'0,1,2,3,4,5,6,7,8,9_0': [1, 2], '11,12,13,14,15,16,17_0': [1], '18,19,20,21,22,55_0': [2], '10,37_0': [3, 4], '23,24,25,26,27,28,29,30,31,32_0': [3], '33,34,35,36,38,39,40,41,42,43,44,45,46,47_0': [4]}
 Timepoint ====  2
 Hash table  {'0,6': [23, 24, 25, 26, 27, 28, 29, 30, 31, 32], '0': [101, 102, 103, 104], '1': [10, 33, 34, 35, 36, 37, 38, 39, 40, 41, 42, 43, 44, 45, 46, 47, 62, 63, 64, 65, 66, 67, 68, 69, 70, 71, 72, 73, 74, 75, 76, 77, 78, 79], '2': [48, 49, 50, 51], '3,4': [58, 59, 60, 61], '4': [91, 92, 93, 94, 95, 96], '5': [11, 12, 13, 14, 15, 16, 17], '6': [105, 106, 107, 108]}
====== Inside find superset of t nodes ==========
 Final possible usc  [[10, 33, 34, 35, 36, 37, 38, 39, 40, 41, 42, 43, 44, 45, 46, 47, 62, 63, 64, 65, 66, 67, 68, 69, 70, 71, 72, 73, 74, 75, 76, 77, 78, 79]]
 Time  2  USC keys  {'10,33,34,35,36,37,38,39,40,41,42,43,44,45,46,47,62,63,64,65,66,67,68,69,70,71,72,73,74,75,76,77,78,79_4'}
 USC children  {'0,1,2,3,4,5,6,7,8,9_0': [1, 2], '11,12,13,14,15,16,17_0': [1], '18,19,20,21,22,55_0': [2], '10,37_0': [3, 4], '23,24,25,26,27,28,29,30,31,32_0': [3], '33,34,35,36,38,39,40,41,42,43,44,45,46,47_0': [4], '10,33,34,35,36,37,38,39,40,41,42,43,44,45,46,47,62,63,64,65,66,67,68,69,70,71,72,73,74,75,76,77,78,79_4': [7]}
 USC children  {'0,1,2,3,4,5,6,7,8,9_0': [1, 2], '11,12,13,14,15,16,17_0': [1], '18,19,20,21,22,55_0': [2], '10,37_0': [3, 4], '23,24,25,26,27,28,29,30,31,32_0': [3], '33,34,35,36,38,39,40,41,42,43,44,45,46,47_0': [4], '10,33,34,35,36,37,38,39,40,41,42,43,44,45,46,47,62,63,64,65,66,67,68,69,70,71,72,73,74,75,76,77,78,79_4': [7]}
 Node s  {'1,2': ['0', '1', '2', '3', '4', '5', '6', '7', '8', '9'], '3,4': ['10', '37'], '7': ['10', '33', '34', '35', '36', '37', '38', '39', '40', '41', '42', '43', '44', '45', '46', '47', '62', '63', '64', '65', '66', '67', '68', '69', '70', '71', '72', '73', '74', '75', '76', '77', '78', '79']}
 Enroll USC nodes  ['1', '2']  len  2
 Enroll USC nodes  ['3', '4']  len  2
 Enroll USC nodes  ['7']  len  1
 Node TP  SortedDict({1: [0], 2: [1, 2, 3, 4], 3: [5, 6, 7, 8, 9, 10, 11, 12]})
 Unobserved subclones at timepoints  {1.5: [13, 14]}
 ============== Inside finding node v ============ 
 Time  2
 Time  3
 largest_v_mut  []
 largest_v_mut  [[33, 34, 35, 36, 37, 38, 39, 40, 41, 10, 42, 43, 44, 45, 46, 47]]
 largest_v_mut  []
 largest_v_mut  []
 largest_v_mut  []
 largest_v_mut  []
 largest_v_mut  []
 Sorted all timepoints  [1, 1.5, 2, 3]
 Timepoint  2
 Inside usc_node check  2
 Timepoint  3
 Node  5  has no parent 
 USC nodes  []
 Node with minimum mutation sets  {1: 17, 2: 16, 3: 2, 4: 16}
 Node  8  has no parent 
 USC nodes  []
 Node with minimum mutation sets  {1: 17, 2: 16, 3: 12, 4: 16}
 Node  9  has no parent 
 USC nodes  []
 Node with minimum mutation sets  {1: 17, 2: 16, 3: 12, 4: 16}
 Node  10  has no parent 
 USC nodes  []
 Node with minimum mutation sets  {1: 17, 2: 16, 3: 12, 4: 16}
 Node  11  has no parent 
 USC nodes  []
 Node with minimum mutation sets  {1: 10, 2: 16, 3: 12, 4: 16}
 Node  12  has no parent 
 USC nodes  []
 Node with minimum mutation sets  {1: 17, 2: 16, 3: 2, 4: 16}
0   1   [-1]   subclone   []   []
1   2   [13]   subclone   [0, 1, 2, 3, 4, 5, 6, 7, 8, 9, 11, 12, 13, 14, 15, 16, 17]   [7]
2   2   [13]   subclone   [0, 1, 2, 3, 4, 5, 6, 7, 8, 9, 18, 19, 20, 21, 22, 55]   [6]
3   2   [14]   subclone   [10, 23, 24, 25, 26, 27, 28, 29, 30, 31, 32, 37]   [10]
4   2   [14]   subclone   [10, 33, 34, 35, 36, 37, 38, 39, 40, 41, 42, 43, 44, 45, 46, 47]   [14]
5   3   [3]   subclone   [23, 24, 25, 26, 27, 28, 29, 30, 31, 32, 101, 102, 103, 104]   [4]
6   3   [4]   subclone   [10, 33, 34, 35, 36, 37, 38, 39, 40, 41, 42, 43, 44, 45, 46, 47]   [0]
7   3   [4]   subclone   [10, 33, 34, 35, 36, 37, 38, 39, 40, 41, 42, 43, 44, 45, 46, 47, 62, 63, 64, 65, 66, 67, 68, 69, 70, 71, 72, 73, 74, 75, 76, 77, 78, 79]   [18]
8   3   [3]   subclone   [48, 49, 50, 51]   [4]
9   3   [3]   subclone   [58, 59, 60, 61]   [4]
10   3   [3]   subclone   [58, 59, 60, 61, 91, 92, 93, 94, 95, 96]   [10]
11   3   [1]   subclone   [11, 12, 13, 14, 15, 16, 17]   [0]
12   3   [3]   subclone   [23, 24, 25, 26, 27, 28, 29, 30, 31, 32, 105, 106, 107, 108]   [4]
13   1.5   [0]   unobserved subclone   [0, 1, 2, 3, 4, 5, 6, 7, 8, 9]   [10]
14   1.5   [0]   unobserved subclone   [10, 37]   [2]
11
 Total estimated FP  481  True negatives  45049
 Total estimated FN  1360  True positives  5430
 Estimated FP rate  0.08137
 Estimated FN rate  0.03
 No. of Cells in each cluster  {'5_2': 44, '9_2': 5, '4_2': 9, '4_3': 1, '6_2': 1, '6_3': 18, '1_2': 41, '1_3': 153, '7_3': 65, '2_3': 24, '0_3': 93, '3_3': 79, '8_3': 38, '10_3': 29}
 Cells in each cluster  {'5_2': [0, 1, 2, 3, 4, 5, 6, 7, 8, 9, 10, 11, 12, 13, 14, 15, 16, 17, 18, 19, 20, 21, 22, 23, 24, 25, 26, 27, 28, 29, 30, 31, 32, 33, 34, 35, 36, 37, 38, 39, 40, 41, 42, 43], '9_2': [44, 45, 46, 47, 48], '4_2': [49, 50, 51, 52, 53, 54, 55, 56, 57], '4_3': [594], '6_2': [58], '6_3': [552, 553, 554, 555, 556, 557, 558, 559, 560, 561, 562, 563, 564, 565, 566, 567, 568, 569], '1_2': [59, 60, 61, 62, 63, 64, 65, 66, 67, 68, 69, 70, 71, 72, 73, 74, 75, 76, 77, 78, 79, 80, 81, 82, 83, 84, 85, 86, 87, 88, 89, 90, 91, 92, 93, 94, 95, 96, 97, 98, 99], '1_3': [100, 101, 102, 103, 104, 105, 106, 107, 108, 109, 110, 111, 112, 113, 114, 115, 116, 117, 118, 119, 120, 121, 122, 123, 124, 125, 126, 127, 128, 129, 130, 131, 132, 133, 134, 135, 136, 137, 138, 139, 140, 141, 142, 143, 144, 145, 146, 147, 148, 149, 150, 151, 152, 153, 154, 155, 156, 157, 158, 159, 160, 161, 162, 163, 164, 165, 166, 167, 168, 169, 170, 171, 172, 173, 174, 175, 176, 177, 178, 179, 180, 181, 182, 183, 184, 185, 186, 187, 188, 189, 190, 191, 192, 193, 194, 195, 196, 197, 198, 199, 200, 201, 202, 203, 204, 205, 206, 207, 208, 209, 210, 211, 212, 213, 214, 215, 216, 217, 218, 219, 220, 221, 222, 223, 224, 225, 226, 227, 228, 229, 230, 231, 232, 233, 234, 235, 236, 237, 238, 239, 240, 241, 242, 243, 244, 245, 246, 247, 248, 249, 250, 251, 252], '7_3': [253, 254, 255, 256, 257, 258, 259, 260, 261, 262, 263, 264, 265, 266, 267, 268, 269, 270, 271, 272, 273, 274, 275, 276, 277, 278, 279, 280, 281, 282, 283, 284, 285, 286, 287, 288, 289, 290, 291, 292, 293, 294, 295, 296, 297, 298, 299, 300, 301, 302, 303, 304, 305, 306, 307, 308, 309, 310, 311, 312, 313, 314, 315, 316, 317], '2_3': [318, 319, 320, 321, 322, 323, 324, 325, 326, 327, 328, 329, 330, 331, 332, 333, 334, 335, 336, 337, 338, 339, 340, 341], '0_3': [342, 343, 344, 345, 346, 347, 348, 349, 350, 351, 352, 353, 354, 355, 356, 357, 358, 359, 360, 361, 362, 363, 364, 365, 366, 367, 368, 369, 370, 371, 372, 373, 374, 375, 376, 377, 378, 379, 380, 381, 382, 383, 384, 385, 386, 387, 388, 389, 390, 391, 392, 393, 394, 395, 396, 397, 398, 399, 400, 401, 402, 403, 404, 405, 406, 407, 408, 409, 410, 411, 412, 413, 414, 415, 416, 417, 418, 419, 420, 421, 422, 423, 424, 425, 426, 427, 428, 429, 430, 431, 432, 433, 434], '3_3': [435, 436, 437, 438, 439, 440, 441, 442, 443, 444, 445, 446, 447, 448, 449, 450, 451, 452, 453, 454, 455, 456, 457, 458, 459, 460, 461, 462, 463, 464, 465, 466, 467, 468, 469, 470, 471, 472, 473, 474, 475, 476, 477, 478, 479, 480, 481, 482, 483, 484, 485, 486, 487, 488, 489, 490, 491, 492, 493, 494, 495, 496, 497, 498, 499, 500, 501, 502, 503, 504, 505, 506, 507, 508, 509, 510, 511, 512, 513], '8_3': [514, 515, 516, 517, 518, 519, 520, 521, 522, 523, 524, 525, 526, 527, 528, 529, 530, 531, 532, 533, 534, 535, 536, 537, 538, 539, 540, 541, 542, 543, 544, 545, 546, 547, 548, 549, 550, 551], '10_3': [570, 571, 572, 573, 574, 575, 576, 577, 578, 579, 580, 581, 582, 583, 584, 585, 586, 587, 588, 589, 590, 591, 592, 593, 595, 596, 597, 598, 599]}
FP rate  0.08137 FN rate  0.03
 Before reassigning cells 
 Timepoint  2
 Cluster  5  # of cells  44
 Cluster  9  # of cells  5
 Cluster  4  # of cells  10
 Cluster  1  # of cells  41
 Timepoint  3
 Cluster  4  # of cells  5
 Cluster  6  # of cells  13
 Cluster  1  # of cells  154
 Cluster  7  # of cells  63
 Cluster  2  # of cells  25
 Cluster  0  # of cells  101
 Cluster  3  # of cells  71
 Cluster  8  # of cells  39
 Cluster  10  # of cells  27
 Cells absent at timepoint  2   set()
 Cells absent at timepoint  3   {377, 556}
 Missing cell prob  {'4': 2.530713888287124e-18, '0': 2.0862159689860266e-09, '1': 3.2174494159259474e-20, '7': 5.049409059104336e-41, '8': 7.266096425646525e-14, '10': 8.814241387939565e-23, '3': 7.266096425646522e-14, '6': 8.814241387939566e-23, '2': 2.0862159689860266e-09}
 Missing cell prob  {'4': 6.711844259829715e-16, '0': 1.1375689365487103e-14, '1': 4.806217261885602e-28, '7': 7.542793637115983e-49, '8': 1.2132183916895221e-17, '10': 2.3376730075337423e-20, '3': 4.225526959065711e-22, '6': 2.612942900859596e-16, '2': 1.1375689365487103e-14}
 Timepoint  2
 Timepoint  3
SortedDict({2: {'5': ['0', '1', '2', '3', '4', '5', '6', '7', '8', '9', '10', '11', '12', '13', '14', '15', '16', '17', '18', '19', '20', '21', '22', '23', '24', '25', '26', '27', '28', '29', '30', '31', '32', '33', '34', '35', '36', '37', '38', '39', '40', '41', '42', '43'], '9': ['44', '45', '46', '47', '48'], '4': ['49', '50', '51', '52', '53', '54', '55', '56', '57', '58'], '1': ['59', '60', '61', '62', '63', '64', '65', '66', '67', '68', '69', '70', '71', '72', '73', '74', '75', '76', '77', '78', '79', '80', '81', '82', '83', '84', '85', '86', '87', '88', '89', '90', '91', '92', '93', '94', '95', '96', '97', '98', '99']}, 3: {'4': ['554', '560', '561', '569', '594'], '6': ['552', '553', '555', '557', '558', '559', '562', '563', '564', '565', '566', '567', '568'], '1': ['100', '101', '102', '103', '104', '105', '106', '107', '108', '109', '110', '111', '112', '113', '114', '115', '116', '117', '118', '119', '120', '121', '122', '123', '124', '125', '126', '127', '128', '129', '130', '131', '132', '133', '134', '135', '136', '137', '138', '139', '140', '141', '142', '143', '144', '145', '146', '147', '148', '149', '150', '152', '153', '154', '155', '156', '157', '158', '159', '160', '161', '162', '163', '164', '165', '166', '167', '168', '169', '170', '171', '172', '173', '174', '175', '176', '177', '178', '179', '180', '181', '182', '183', '184', '185', '186', '187', '188', '189', '190', '191', '192', '193', '194', '195', '196', '197', '198', '199', '200', '201', '202', '203', '204', '205', '206', '207', '208', '209', '210', '211', '212', '213', '214', '215', '216', '217', '218', '219', '220', '221', '222', '223', '224', '225', '226', '227', '228', '229', '230', '231', '232', '233', '234', '235', '236', '237', '238', '239', '240', '241', '242', '243', '244', '245', '246', '247', '248', '249', '250', '251', '252', '288', '289'], '7': ['253', '254', '255', '256', '257', '258', '259', '260', '261', '262', '263', '264', '265', '266', '267', '268', '269', '270', '271', '272', '273', '274', '275', '276', '277', '278', '279', '280', '281', '282', '283', '284', '285', '286', '287', '290', '291', '292', '293', '294', '295', '296', '297', '298', '299', '300', '301', '302', '303', '304', '305', '306', '307', '308', '309', '310', '311', '312', '313', '314', '315', '316', '317'], '2': ['318', '319', '320', '321', '322', '323', '324', '325', '326', '327', '328', '329', '330', '331', '332', '333', '334', '335', '336', '337', '338', '339', '340', '341', '596'], '0': ['151', '342', '343', '344', '345', '346', '347', '348', '349', '350', '351', '352', '353', '354', '355', '356', '357', '358', '359', '360', '361', '362', '363', '364', '365', '366', '367', '368', '369', '370', '371', '372', '373', '374', '375', '376', '378', '379', '380', '382', '383', '384', '385', '386', '387', '388', '389', '390', '391', '392', '393', '394', '395', '396', '397', '398', '399', '400', '401', '402', '403', '404', '405', '406', '407', '408', '409', '410', '411', '412', '413', '414', '415', '416', '417', '418', '419', '420', '421', '422', '423', '424', '425', '426', '427', '428', '429', '430', '431', '432', '433', '434', '448', '458', '463', '472', '483', '499', '508', '510', '585', '377', '556'], '3': ['435', '436', '437', '438', '439', '440', '441', '442', '443', '444', '445', '446', '447', '449', '450', '451', '452', '453', '454', '455', '456', '457', '459', '460', '461', '462', '464', '465', '466', '467', '468', '469', '470', '471', '473', '474', '475', '476', '477', '478', '479', '480', '481', '482', '484', '485', '486', '487', '488', '489', '490', '491', '492', '493', '494', '495', '496', '497', '498', '500', '501', '502', '503', '504', '505', '506', '507', '509', '511', '512', '513'], '8': ['381', '514', '515', '516', '517', '518', '519', '520', '521', '522', '523', '524', '525', '526', '527', '528', '529', '530', '531', '532', '533', '534', '535', '536', '537', '538', '539', '540', '541', '542', '543', '544', '545', '546', '547', '548', '549', '550', '551'], '10': ['570', '571', '572', '573', '574', '575', '576', '577', '578', '579', '580', '581', '582', '583', '584', '586', '587', '588', '589', '590', '591', '592', '593', '595', '597', '598', '599']}})
 Cluster1  4
 Cluster to drop  6
 After reassigning and merging cells 
 Timepoint  2
 Cluster  5  # of cells  44
 Cluster  9  # of cells  5
 Cluster  4  # of cells  10
 Cluster  1  # of cells  41
 Timepoint  3
 Cluster  4  # of cells  18
 Cluster  1  # of cells  154
 Cluster  7  # of cells  63
 Cluster  2  # of cells  25
 Cluster  0  # of cells  103
 Cluster  3  # of cells  71
 Cluster  8  # of cells  39
 Cluster  10  # of cells  27
 Tp cluster cell dict  {'5_2': 44, '9_2': 5, '4_2': 10, '1_2': 41, '4_3': 18, '1_3': 154, '7_3': 63, '2_3': 25, '0_3': 103, '3_3': 71, '8_3': 39, '10_3': 27}
 New Graph is here 
 ID  0  Timepoint  1  Mutations  []  Type  subclone
 ID  1  Timepoint  2  Mutations  [0, 1, 2, 3, 4, 5, 6, 7, 8, 9, 11, 12, 13, 14, 15, 16, 17]  Type  subclone
 ID  2  Timepoint  2  Mutations  [0, 1, 2, 3, 4, 5, 6, 7, 8, 9, 18, 19, 20, 21, 22, 55]  Type  subclone
 ID  3  Timepoint  2  Mutations  [10, 23, 24, 25, 26, 27, 28, 29, 30, 31, 32]  Type  subclone
 ID  4  Timepoint  2  Mutations  [10, 33, 34, 35, 36, 37, 38, 39, 40, 41, 42, 43, 44, 45, 46, 47]  Type  subclone
 ID  5  Timepoint  3  Mutations  [23, 24, 25, 26, 27, 28, 29, 30, 31, 32, 101, 102, 103, 104]  Type  subclone
 ID  6  Timepoint  3  Mutations  [10, 33, 34, 35, 36, 37, 38, 39, 40, 41, 42, 43, 44, 45, 46, 47]  Type  subclone
 ID  7  Timepoint  3  Mutations  [10, 33, 34, 35, 36, 37, 38, 39, 40, 41, 42, 43, 44, 45, 46, 47, 62, 63, 64, 65, 66, 67, 68, 69, 70, 71, 72, 73, 74, 75, 76, 77, 78, 79]  Type  subclone
 ID  8  Timepoint  3  Mutations  [48, 49, 50, 51]  Type  subclone
 ID  9  Timepoint  3  Mutations  [58, 59, 60, 61]  Type  subclone
 ID  10  Timepoint  3  Mutations  [58, 59, 60, 61, 91, 92, 93, 94, 95, 96]  Type  subclone
 ID  11  Timepoint  3  Mutations  [11, 12, 13, 14, 15, 16, 17]  Type  subclone
 ID  12  Timepoint  3  Mutations  [23, 24, 25, 26, 27, 28, 29, 30, 31, 32, 105, 106, 107, 108]  Type  subclone
Timepoints  SortedDict({1: [0], 2: [1, 2, 3, 4], 3: [5, 6, 7, 8, 9, 10, 11, 12]})
 Clone to nodes  {'5_2': 1, '9_2': 2, '4_2': 3, '1_2': 4, '4_3': 5, '1_3': 6, '7_3': 7, '2_3': 8, '0_3': 9, '3_3': 10, '8_3': 11, '10_3': 12}
 Timepoint ====  1
 Hash table  {'0,1': [0, 1, 2, 3, 4, 5, 6, 7, 8, 9], '0': [11, 12, 13, 14, 15, 16, 17], '1': [18, 19, 20, 21, 22, 55], '2,3': [10], '2': [23, 24, 25, 26, 27, 28, 29, 30, 31, 32], '3': [33, 34, 35, 36, 37, 38, 39, 40, 41, 42, 43, 44, 45, 46, 47]}
 Final possible usc  [[0, 1, 2, 3, 4, 5, 6, 7, 8, 9], [11, 12, 13, 14, 15, 16, 17], [18, 19, 20, 21, 22, 55], [10], [23, 24, 25, 26, 27, 28, 29, 30, 31, 32], [33, 34, 35, 36, 37, 38, 39, 40, 41, 42, 43, 44, 45, 46, 47]]
 Time  1  USC keys  {'23,24,25,26,27,28,29,30,31,32_0', '18,19,20,21,22,55_0', '33,34,35,36,37,38,39,40,41,42,43,44,45,46,47_0', '0,1,2,3,4,5,6,7,8,9_0', '10_0', '11,12,13,14,15,16,17_0'}
 USC children  {'0,1,2,3,4,5,6,7,8,9_0': [1, 2], '11,12,13,14,15,16,17_0': [1], '18,19,20,21,22,55_0': [2], '10_0': [3, 4], '23,24,25,26,27,28,29,30,31,32_0': [3], '33,34,35,36,37,38,39,40,41,42,43,44,45,46,47_0': [4]}
 USC children  {'0,1,2,3,4,5,6,7,8,9_0': [1, 2], '11,12,13,14,15,16,17_0': [1], '18,19,20,21,22,55_0': [2], '10_0': [3, 4], '23,24,25,26,27,28,29,30,31,32_0': [3], '33,34,35,36,37,38,39,40,41,42,43,44,45,46,47_0': [4]}
 Timepoint ====  2
 Hash table  {'0,6': [23, 24, 25, 26, 27, 28, 29, 30, 31, 32], '0': [101, 102, 103, 104], '1': [10, 33, 34, 35, 36, 37, 38, 39, 40, 41, 42, 43, 44, 45, 46, 47, 62, 63, 64, 65, 66, 67, 68, 69, 70, 71, 72, 73, 74, 75, 76, 77, 78, 79], '2': [48, 49, 50, 51], '3,4': [58, 59, 60, 61], '4': [91, 92, 93, 94, 95, 96], '5': [11, 12, 13, 14, 15, 16, 17], '6': [105, 106, 107, 108]}
====== Inside find superset of t nodes ==========
 Final possible usc  [[10, 33, 34, 35, 36, 37, 38, 39, 40, 41, 42, 43, 44, 45, 46, 47, 62, 63, 64, 65, 66, 67, 68, 69, 70, 71, 72, 73, 74, 75, 76, 77, 78, 79]]
 Time  2  USC keys  {'10,33,34,35,36,37,38,39,40,41,42,43,44,45,46,47,62,63,64,65,66,67,68,69,70,71,72,73,74,75,76,77,78,79_4'}
 USC children  {'0,1,2,3,4,5,6,7,8,9_0': [1, 2], '11,12,13,14,15,16,17_0': [1], '18,19,20,21,22,55_0': [2], '10_0': [3, 4], '23,24,25,26,27,28,29,30,31,32_0': [3], '33,34,35,36,37,38,39,40,41,42,43,44,45,46,47_0': [4], '10,33,34,35,36,37,38,39,40,41,42,43,44,45,46,47,62,63,64,65,66,67,68,69,70,71,72,73,74,75,76,77,78,79_4': [7]}
 USC children  {'0,1,2,3,4,5,6,7,8,9_0': [1, 2], '11,12,13,14,15,16,17_0': [1], '18,19,20,21,22,55_0': [2], '10_0': [3, 4], '23,24,25,26,27,28,29,30,31,32_0': [3], '33,34,35,36,37,38,39,40,41,42,43,44,45,46,47_0': [4], '10,33,34,35,36,37,38,39,40,41,42,43,44,45,46,47,62,63,64,65,66,67,68,69,70,71,72,73,74,75,76,77,78,79_4': [7]}
 Node s  {'1,2': ['0', '1', '2', '3', '4', '5', '6', '7', '8', '9'], '3,4': ['10'], '7': ['10', '33', '34', '35', '36', '37', '38', '39', '40', '41', '42', '43', '44', '45', '46', '47', '62', '63', '64', '65', '66', '67', '68', '69', '70', '71', '72', '73', '74', '75', '76', '77', '78', '79']}
 Enroll USC nodes  ['1', '2']  len  2
 Enroll USC nodes  ['3', '4']  len  2
 Enroll USC nodes  ['7']  len  1
 Node TP  SortedDict({1: [0], 2: [1, 2, 3, 4], 3: [5, 6, 7, 8, 9, 10, 11, 12]})
 Unobserved subclones at timepoints  {1.5: [13, 14]}
 ============== Inside finding node v ============ 
 Time  2
 Time  3
 largest_v_mut  []
 largest_v_mut  [[33, 34, 35, 36, 37, 38, 39, 40, 41, 10, 42, 43, 44, 45, 46, 47]]
 largest_v_mut  []
 largest_v_mut  []
 largest_v_mut  []
 largest_v_mut  []
 largest_v_mut  []
 Sorted all timepoints  [1, 1.5, 2, 3]
 Timepoint  2
 Inside usc_node check  2
 Timepoint  3
 Node  5  has no parent 
 USC nodes  []
 Node with minimum mutation sets  {1: 17, 2: 16, 3: 1, 4: 16}
 Node  8  has no parent 
 USC nodes  []
 Node with minimum mutation sets  {1: 17, 2: 16, 3: 11, 4: 16}
 Node  9  has no parent 
 USC nodes  []
 Node with minimum mutation sets  {1: 17, 2: 16, 3: 11, 4: 16}
 Node  10  has no parent 
 USC nodes  []
 Node with minimum mutation sets  {1: 17, 2: 16, 3: 11, 4: 16}
 Node  11  has no parent 
 USC nodes  []
 Node with minimum mutation sets  {1: 10, 2: 16, 3: 11, 4: 16}
 Node  12  has no parent 
 USC nodes  []
 Node with minimum mutation sets  {1: 17, 2: 16, 3: 1, 4: 16}
0   1   [-1]   subclone   []   []
1   2   [13]   subclone   [0, 1, 2, 3, 4, 5, 6, 7, 8, 9, 11, 12, 13, 14, 15, 16, 17]   [7]
2   2   [13]   subclone   [0, 1, 2, 3, 4, 5, 6, 7, 8, 9, 18, 19, 20, 21, 22, 55]   [6]
3   2   [14]   subclone   [10, 23, 24, 25, 26, 27, 28, 29, 30, 31, 32]   [10]
4   2   [14]   subclone   [10, 33, 34, 35, 36, 37, 38, 39, 40, 41, 42, 43, 44, 45, 46, 47]   [15]
5   3   [3]   subclone   [23, 24, 25, 26, 27, 28, 29, 30, 31, 32, 101, 102, 103, 104]   [4]
6   3   [4]   subclone   [10, 33, 34, 35, 36, 37, 38, 39, 40, 41, 42, 43, 44, 45, 46, 47]   [0]
7   3   [4]   subclone   [10, 33, 34, 35, 36, 37, 38, 39, 40, 41, 42, 43, 44, 45, 46, 47, 62, 63, 64, 65, 66, 67, 68, 69, 70, 71, 72, 73, 74, 75, 76, 77, 78, 79]   [18]
8   3   [3]   subclone   [48, 49, 50, 51]   [4]
9   3   [3]   subclone   [58, 59, 60, 61]   [4]
10   3   [3]   subclone   [58, 59, 60, 61, 91, 92, 93, 94, 95, 96]   [10]
11   3   [1]   subclone   [11, 12, 13, 14, 15, 16, 17]   [0]
12   3   [3]   subclone   [23, 24, 25, 26, 27, 28, 29, 30, 31, 32, 105, 106, 107, 108]   [4]
13   1.5   [0]   unobserved subclone   [0, 1, 2, 3, 4, 5, 6, 7, 8, 9]   [10]
14   1.5   [0]   unobserved subclone   [10]   [1]
11
 Total estimated FP  481  True negatives  45049
 Total estimated FN  1360  True positives  5430
 Estimated FP rate  0.08137
 Estimated FN rate  0.03
 No. of Cells in each cluster  {'5_2': 44, '9_2': 5, '4_2': 9, '4_3': 1, '3_2': 1, '3_3': 18, '0_2': 41, '0_3': 153, '7_3': 65, '6_3': 24, '2_3': 93, '1_3': 79, '10_3': 38, '8_3': 29}
 Cells in each cluster  {'5_2': [0, 1, 2, 3, 4, 5, 6, 7, 8, 9, 10, 11, 12, 13, 14, 15, 16, 17, 18, 19, 20, 21, 22, 23, 24, 25, 26, 27, 28, 29, 30, 31, 32, 33, 34, 35, 36, 37, 38, 39, 40, 41, 42, 43], '9_2': [44, 45, 46, 47, 48], '4_2': [49, 50, 51, 52, 53, 54, 55, 56, 57], '4_3': [594], '3_2': [58], '3_3': [552, 553, 554, 555, 556, 557, 558, 559, 560, 561, 562, 563, 564, 565, 566, 567, 568, 569], '0_2': [59, 60, 61, 62, 63, 64, 65, 66, 67, 68, 69, 70, 71, 72, 73, 74, 75, 76, 77, 78, 79, 80, 81, 82, 83, 84, 85, 86, 87, 88, 89, 90, 91, 92, 93, 94, 95, 96, 97, 98, 99], '0_3': [100, 101, 102, 103, 104, 105, 106, 107, 108, 109, 110, 111, 112, 113, 114, 115, 116, 117, 118, 119, 120, 121, 122, 123, 124, 125, 126, 127, 128, 129, 130, 131, 132, 133, 134, 135, 136, 137, 138, 139, 140, 141, 142, 143, 144, 145, 146, 147, 148, 149, 150, 151, 152, 153, 154, 155, 156, 157, 158, 159, 160, 161, 162, 163, 164, 165, 166, 167, 168, 169, 170, 171, 172, 173, 174, 175, 176, 177, 178, 179, 180, 181, 182, 183, 184, 185, 186, 187, 188, 189, 190, 191, 192, 193, 194, 195, 196, 197, 198, 199, 200, 201, 202, 203, 204, 205, 206, 207, 208, 209, 210, 211, 212, 213, 214, 215, 216, 217, 218, 219, 220, 221, 222, 223, 224, 225, 226, 227, 228, 229, 230, 231, 232, 233, 234, 235, 236, 237, 238, 239, 240, 241, 242, 243, 244, 245, 246, 247, 248, 249, 250, 251, 252], '7_3': [253, 254, 255, 256, 257, 258, 259, 260, 261, 262, 263, 264, 265, 266, 267, 268, 269, 270, 271, 272, 273, 274, 275, 276, 277, 278, 279, 280, 281, 282, 283, 284, 285, 286, 287, 288, 289, 290, 291, 292, 293, 294, 295, 296, 297, 298, 299, 300, 301, 302, 303, 304, 305, 306, 307, 308, 309, 310, 311, 312, 313, 314, 315, 316, 317], '6_3': [318, 319, 320, 321, 322, 323, 324, 325, 326, 327, 328, 329, 330, 331, 332, 333, 334, 335, 336, 337, 338, 339, 340, 341], '2_3': [342, 343, 344, 345, 346, 347, 348, 349, 350, 351, 352, 353, 354, 355, 356, 357, 358, 359, 360, 361, 362, 363, 364, 365, 366, 367, 368, 369, 370, 371, 372, 373, 374, 375, 376, 377, 378, 379, 380, 381, 382, 383, 384, 385, 386, 387, 388, 389, 390, 391, 392, 393, 394, 395, 396, 397, 398, 399, 400, 401, 402, 403, 404, 405, 406, 407, 408, 409, 410, 411, 412, 413, 414, 415, 416, 417, 418, 419, 420, 421, 422, 423, 424, 425, 426, 427, 428, 429, 430, 431, 432, 433, 434], '1_3': [435, 436, 437, 438, 439, 440, 441, 442, 443, 444, 445, 446, 447, 448, 449, 450, 451, 452, 453, 454, 455, 456, 457, 458, 459, 460, 461, 462, 463, 464, 465, 466, 467, 468, 469, 470, 471, 472, 473, 474, 475, 476, 477, 478, 479, 480, 481, 482, 483, 484, 485, 486, 487, 488, 489, 490, 491, 492, 493, 494, 495, 496, 497, 498, 499, 500, 501, 502, 503, 504, 505, 506, 507, 508, 509, 510, 511, 512, 513], '10_3': [514, 515, 516, 517, 518, 519, 520, 521, 522, 523, 524, 525, 526, 527, 528, 529, 530, 531, 532, 533, 534, 535, 536, 537, 538, 539, 540, 541, 542, 543, 544, 545, 546, 547, 548, 549, 550, 551], '8_3': [570, 571, 572, 573, 574, 575, 576, 577, 578, 579, 580, 581, 582, 583, 584, 585, 586, 587, 588, 589, 590, 591, 592, 593, 595, 596, 597, 598, 599]}
FP rate  0.08137 FN rate  0.03
 Before reassigning cells 
 Timepoint  2
 Cluster  5  # of cells  44
 Cluster  9  # of cells  5
 Cluster  4  # of cells  10
 Cluster  0  # of cells  41
 Timepoint  3
 Cluster  4  # of cells  5
 Cluster  3  # of cells  13
 Cluster  0  # of cells  154
 Cluster  7  # of cells  63
 Cluster  6  # of cells  25
 Cluster  2  # of cells  101
 Cluster  1  # of cells  71
 Cluster  10  # of cells  39
 Cluster  8  # of cells  27
 Cells absent at timepoint  2   set()
 Cells absent at timepoint  3   {377, 556}
 Missing cell prob  {'2': 2.0862159689860266e-09, '1': 7.266096425646522e-14, '6': 2.0862159689860266e-09, '3': 8.814241387939566e-23, '0': 3.2174494159259474e-20, '7': 5.049409059104336e-41, '4': 2.530713888287124e-18, '10': 7.266096425646525e-14, '8': 8.814241387939565e-23}
 Missing cell prob  {'2': 1.1375689365487103e-14, '1': 4.225526959065711e-22, '6': 1.1375689365487103e-14, '3': 2.612942900859596e-16, '0': 4.806217261885602e-28, '7': 7.542793637115983e-49, '4': 6.711844259829715e-16, '10': 1.2132183916895221e-17, '8': 2.3376730075337423e-20}
 Timepoint  2
 Timepoint  3
SortedDict({2: {'5': ['0', '1', '2', '3', '4', '5', '6', '7', '8', '9', '10', '11', '12', '13', '14', '15', '16', '17', '18', '19', '20', '21', '22', '23', '24', '25', '26', '27', '28', '29', '30', '31', '32', '33', '34', '35', '36', '37', '38', '39', '40', '41', '42', '43'], '9': ['44', '45', '46', '47', '48'], '4': ['49', '50', '51', '52', '53', '54', '55', '56', '57', '58'], '0': ['59', '60', '61', '62', '63', '64', '65', '66', '67', '68', '69', '70', '71', '72', '73', '74', '75', '76', '77', '78', '79', '80', '81', '82', '83', '84', '85', '86', '87', '88', '89', '90', '91', '92', '93', '94', '95', '96', '97', '98', '99']}, 3: {'4': ['554', '560', '561', '569', '594'], '3': ['552', '553', '555', '557', '558', '559', '562', '563', '564', '565', '566', '567', '568'], '0': ['100', '101', '102', '103', '104', '105', '106', '107', '108', '109', '110', '111', '112', '113', '114', '115', '116', '117', '118', '119', '120', '121', '122', '123', '124', '125', '126', '127', '128', '129', '130', '131', '132', '133', '134', '135', '136', '137', '138', '139', '140', '141', '142', '143', '144', '145', '146', '147', '148', '149', '150', '152', '153', '154', '155', '156', '157', '158', '159', '160', '161', '162', '163', '164', '165', '166', '167', '168', '169', '170', '171', '172', '173', '174', '175', '176', '177', '178', '179', '180', '181', '182', '183', '184', '185', '186', '187', '188', '189', '190', '191', '192', '193', '194', '195', '196', '197', '198', '199', '200', '201', '202', '203', '204', '205', '206', '207', '208', '209', '210', '211', '212', '213', '214', '215', '216', '217', '218', '219', '220', '221', '222', '223', '224', '225', '226', '227', '228', '229', '230', '231', '232', '233', '234', '235', '236', '237', '238', '239', '240', '241', '242', '243', '244', '245', '246', '247', '248', '249', '250', '251', '252', '288', '289'], '7': ['253', '254', '255', '256', '257', '258', '259', '260', '261', '262', '263', '264', '265', '266', '267', '268', '269', '270', '271', '272', '273', '274', '275', '276', '277', '278', '279', '280', '281', '282', '283', '284', '285', '286', '287', '290', '291', '292', '293', '294', '295', '296', '297', '298', '299', '300', '301', '302', '303', '304', '305', '306', '307', '308', '309', '310', '311', '312', '313', '314', '315', '316', '317'], '6': ['318', '319', '320', '321', '322', '323', '324', '325', '326', '327', '328', '329', '330', '331', '332', '333', '334', '335', '336', '337', '338', '339', '340', '341', '596'], '2': ['151', '342', '343', '344', '345', '346', '347', '348', '349', '350', '351', '352', '353', '354', '355', '356', '357', '358', '359', '360', '361', '362', '363', '364', '365', '366', '367', '368', '369', '370', '371', '372', '373', '374', '375', '376', '378', '379', '380', '382', '383', '384', '385', '386', '387', '388', '389', '390', '391', '392', '393', '394', '395', '396', '397', '398', '399', '400', '401', '402', '403', '404', '405', '406', '407', '408', '409', '410', '411', '412', '413', '414', '415', '416', '417', '418', '419', '420', '421', '422', '423', '424', '425', '426', '427', '428', '429', '430', '431', '432', '433', '434', '448', '458', '463', '472', '483', '499', '508', '510', '585', '377', '556'], '1': ['435', '436', '437', '438', '439', '440', '441', '442', '443', '444', '445', '446', '447', '449', '450', '451', '452', '453', '454', '455', '456', '457', '459', '460', '461', '462', '464', '465', '466', '467', '468', '469', '470', '471', '473', '474', '475', '476', '477', '478', '479', '480', '481', '482', '484', '485', '486', '487', '488', '489', '490', '491', '492', '493', '494', '495', '496', '497', '498', '500', '501', '502', '503', '504', '505', '506', '507', '509', '511', '512', '513'], '10': ['381', '514', '515', '516', '517', '518', '519', '520', '521', '522', '523', '524', '525', '526', '527', '528', '529', '530', '531', '532', '533', '534', '535', '536', '537', '538', '539', '540', '541', '542', '543', '544', '545', '546', '547', '548', '549', '550', '551'], '8': ['570', '571', '572', '573', '574', '575', '576', '577', '578', '579', '580', '581', '582', '583', '584', '586', '587', '588', '589', '590', '591', '592', '593', '595', '597', '598', '599']}})
 Cluster1  4
 Cluster to drop  3
 After reassigning and merging cells 
 Timepoint  2
 Cluster  5  # of cells  44
 Cluster  9  # of cells  5
 Cluster  4  # of cells  10
 Cluster  0  # of cells  41
 Timepoint  3
 Cluster  4  # of cells  18
 Cluster  0  # of cells  154
 Cluster  7  # of cells  63
 Cluster  6  # of cells  25
 Cluster  2  # of cells  103
 Cluster  1  # of cells  71
 Cluster  10  # of cells  39
 Cluster  8  # of cells  27
 Tp cluster cell dict  {'5_2': 44, '9_2': 5, '4_2': 10, '0_2': 41, '4_3': 18, '0_3': 154, '7_3': 63, '6_3': 25, '2_3': 103, '1_3': 71, '10_3': 39, '8_3': 27}
 New Graph is here 
 ID  0  Timepoint  1  Mutations  []  Type  subclone
 ID  1  Timepoint  2  Mutations  [0, 1, 2, 3, 4, 5, 6, 7, 8, 9, 11, 12, 13, 14, 15, 16, 17]  Type  subclone
 ID  2  Timepoint  2  Mutations  [0, 1, 2, 3, 4, 5, 6, 7, 8, 9, 18, 19, 20, 21, 22, 55]  Type  subclone
 ID  3  Timepoint  2  Mutations  [10, 23, 24, 25, 26, 27, 28, 29, 30, 31, 32]  Type  subclone
 ID  4  Timepoint  2  Mutations  [10, 33, 34, 35, 36, 37, 38, 39, 40, 41, 42, 43, 44, 45, 46, 47]  Type  subclone
 ID  5  Timepoint  3  Mutations  [23, 24, 25, 26, 27, 28, 29, 30, 31, 32, 101, 102, 103, 104]  Type  subclone
 ID  6  Timepoint  3  Mutations  [10, 33, 34, 35, 36, 37, 38, 39, 40, 41, 42, 43, 44, 45, 46, 47]  Type  subclone
 ID  7  Timepoint  3  Mutations  [10, 33, 34, 35, 36, 37, 38, 39, 40, 41, 42, 43, 44, 45, 46, 47, 62, 63, 64, 65, 66, 67, 68, 69, 70, 71, 72, 73, 74, 75, 76, 77, 78, 79]  Type  subclone
 ID  8  Timepoint  3  Mutations  [48, 49, 50, 51]  Type  subclone
 ID  9  Timepoint  3  Mutations  [58, 59, 60, 61]  Type  subclone
 ID  10  Timepoint  3  Mutations  [58, 59, 60, 61, 91, 92, 93, 94, 95, 96]  Type  subclone
 ID  11  Timepoint  3  Mutations  [11, 12, 13, 14, 15, 16, 17]  Type  subclone
 ID  12  Timepoint  3  Mutations  [23, 24, 25, 26, 27, 28, 29, 30, 31, 32, 105, 106, 107, 108]  Type  subclone
Timepoints  SortedDict({1: [0], 2: [1, 2, 3, 4], 3: [5, 6, 7, 8, 9, 10, 11, 12]})
 Clone to nodes  {'5_2': 1, '9_2': 2, '4_2': 3, '0_2': 4, '4_3': 5, '0_3': 6, '7_3': 7, '6_3': 8, '2_3': 9, '1_3': 10, '10_3': 11, '8_3': 12}
 Timepoint ====  1
 Hash table  {'0,1': [0, 1, 2, 3, 4, 5, 6, 7, 8, 9], '0': [11, 12, 13, 14, 15, 16, 17], '1': [18, 19, 20, 21, 22, 55], '2,3': [10], '2': [23, 24, 25, 26, 27, 28, 29, 30, 31, 32], '3': [33, 34, 35, 36, 37, 38, 39, 40, 41, 42, 43, 44, 45, 46, 47]}
 Final possible usc  [[0, 1, 2, 3, 4, 5, 6, 7, 8, 9], [11, 12, 13, 14, 15, 16, 17], [18, 19, 20, 21, 22, 55], [10], [23, 24, 25, 26, 27, 28, 29, 30, 31, 32], [33, 34, 35, 36, 37, 38, 39, 40, 41, 42, 43, 44, 45, 46, 47]]
 Time  1  USC keys  {'10_0', '0,1,2,3,4,5,6,7,8,9_0', '23,24,25,26,27,28,29,30,31,32_0', '33,34,35,36,37,38,39,40,41,42,43,44,45,46,47_0', '11,12,13,14,15,16,17_0', '18,19,20,21,22,55_0'}
 USC children  {'0,1,2,3,4,5,6,7,8,9_0': [1, 2], '11,12,13,14,15,16,17_0': [1], '18,19,20,21,22,55_0': [2], '10_0': [3, 4], '23,24,25,26,27,28,29,30,31,32_0': [3], '33,34,35,36,37,38,39,40,41,42,43,44,45,46,47_0': [4]}
 USC children  {'0,1,2,3,4,5,6,7,8,9_0': [1, 2], '11,12,13,14,15,16,17_0': [1], '18,19,20,21,22,55_0': [2], '10_0': [3, 4], '23,24,25,26,27,28,29,30,31,32_0': [3], '33,34,35,36,37,38,39,40,41,42,43,44,45,46,47_0': [4]}
 Timepoint ====  2
 Hash table  {'0,6': [23, 24, 25, 26, 27, 28, 29, 30, 31, 32], '0': [101, 102, 103, 104], '1': [10, 33, 34, 35, 36, 37, 38, 39, 40, 41, 42, 43, 44, 45, 46, 47, 62, 63, 64, 65, 66, 67, 68, 69, 70, 71, 72, 73, 74, 75, 76, 77, 78, 79], '2': [48, 49, 50, 51], '3,4': [58, 59, 60, 61], '4': [91, 92, 93, 94, 95, 96], '5': [11, 12, 13, 14, 15, 16, 17], '6': [105, 106, 107, 108]}
====== Inside find superset of t nodes ==========
 Final possible usc  [[10, 33, 34, 35, 36, 37, 38, 39, 40, 41, 42, 43, 44, 45, 46, 47, 62, 63, 64, 65, 66, 67, 68, 69, 70, 71, 72, 73, 74, 75, 76, 77, 78, 79]]
 Time  2  USC keys  {'10,33,34,35,36,37,38,39,40,41,42,43,44,45,46,47,62,63,64,65,66,67,68,69,70,71,72,73,74,75,76,77,78,79_4'}
 USC children  {'0,1,2,3,4,5,6,7,8,9_0': [1, 2], '11,12,13,14,15,16,17_0': [1], '18,19,20,21,22,55_0': [2], '10_0': [3, 4], '23,24,25,26,27,28,29,30,31,32_0': [3], '33,34,35,36,37,38,39,40,41,42,43,44,45,46,47_0': [4], '10,33,34,35,36,37,38,39,40,41,42,43,44,45,46,47,62,63,64,65,66,67,68,69,70,71,72,73,74,75,76,77,78,79_4': [7]}
 USC children  {'0,1,2,3,4,5,6,7,8,9_0': [1, 2], '11,12,13,14,15,16,17_0': [1], '18,19,20,21,22,55_0': [2], '10_0': [3, 4], '23,24,25,26,27,28,29,30,31,32_0': [3], '33,34,35,36,37,38,39,40,41,42,43,44,45,46,47_0': [4], '10,33,34,35,36,37,38,39,40,41,42,43,44,45,46,47,62,63,64,65,66,67,68,69,70,71,72,73,74,75,76,77,78,79_4': [7]}
 Node s  {'1,2': ['0', '1', '2', '3', '4', '5', '6', '7', '8', '9'], '3,4': ['10'], '7': ['10', '33', '34', '35', '36', '37', '38', '39', '40', '41', '42', '43', '44', '45', '46', '47', '62', '63', '64', '65', '66', '67', '68', '69', '70', '71', '72', '73', '74', '75', '76', '77', '78', '79']}
 Enroll USC nodes  ['1', '2']  len  2
 Enroll USC nodes  ['3', '4']  len  2
 Enroll USC nodes  ['7']  len  1
 Node TP  SortedDict({1: [0], 2: [1, 2, 3, 4], 3: [5, 6, 7, 8, 9, 10, 11, 12]})
 Unobserved subclones at timepoints  {1.5: [13, 14]}
 ============== Inside finding node v ============ 
 Time  2
 Time  3
 largest_v_mut  []
 largest_v_mut  [[33, 34, 35, 36, 37, 38, 39, 40, 41, 10, 42, 43, 44, 45, 46, 47]]
 largest_v_mut  []
 largest_v_mut  []
 largest_v_mut  []
 largest_v_mut  []
 largest_v_mut  []
 Sorted all timepoints  [1, 1.5, 2, 3]
 Timepoint  2
 Inside usc_node check  2
 Timepoint  3
 Node  5  has no parent 
 USC nodes  []
 Node with minimum mutation sets  {1: 17, 2: 16, 3: 1, 4: 16}
 Node  8  has no parent 
 USC nodes  []
 Node with minimum mutation sets  {1: 17, 2: 16, 3: 11, 4: 16}
 Node  9  has no parent 
 USC nodes  []
 Node with minimum mutation sets  {1: 17, 2: 16, 3: 11, 4: 16}
 Node  10  has no parent 
 USC nodes  []
 Node with minimum mutation sets  {1: 17, 2: 16, 3: 11, 4: 16}
 Node  11  has no parent 
 USC nodes  []
 Node with minimum mutation sets  {1: 10, 2: 16, 3: 11, 4: 16}
 Node  12  has no parent 
 USC nodes  []
 Node with minimum mutation sets  {1: 17, 2: 16, 3: 1, 4: 16}
0   1   [-1]   subclone   []   []
1   2   [13]   subclone   [0, 1, 2, 3, 4, 5, 6, 7, 8, 9, 11, 12, 13, 14, 15, 16, 17]   [7]
2   2   [13]   subclone   [0, 1, 2, 3, 4, 5, 6, 7, 8, 9, 18, 19, 20, 21, 22, 55]   [6]
3   2   [14]   subclone   [10, 23, 24, 25, 26, 27, 28, 29, 30, 31, 32]   [10]
4   2   [14]   subclone   [10, 33, 34, 35, 36, 37, 38, 39, 40, 41, 42, 43, 44, 45, 46, 47]   [15]
5   3   [3]   subclone   [23, 24, 25, 26, 27, 28, 29, 30, 31, 32, 101, 102, 103, 104]   [4]
6   3   [4]   subclone   [10, 33, 34, 35, 36, 37, 38, 39, 40, 41, 42, 43, 44, 45, 46, 47]   [0]
7   3   [4]   subclone   [10, 33, 34, 35, 36, 37, 38, 39, 40, 41, 42, 43, 44, 45, 46, 47, 62, 63, 64, 65, 66, 67, 68, 69, 70, 71, 72, 73, 74, 75, 76, 77, 78, 79]   [18]
8   3   [3]   subclone   [48, 49, 50, 51]   [4]
9   3   [3]   subclone   [58, 59, 60, 61]   [4]
10   3   [3]   subclone   [58, 59, 60, 61, 91, 92, 93, 94, 95, 96]   [10]
11   3   [1]   subclone   [11, 12, 13, 14, 15, 16, 17]   [0]
12   3   [3]   subclone   [23, 24, 25, 26, 27, 28, 29, 30, 31, 32, 105, 106, 107, 108]   [4]
13   1.5   [0]   unobserved subclone   [0, 1, 2, 3, 4, 5, 6, 7, 8, 9]   [10]
14   1.5   [0]   unobserved subclone   [10]   [1]
 List of tree files  ['all_trees/theta5_rep1_m1_tree.csv', 'all_trees/theta5_rep1_m2_tree.csv', 'all_trees/theta5_rep1_m3_tree.csv', 'all_trees/theta5_rep1_m4_tree.csv', 'all_trees/theta5_rep1_m5_tree.csv']
{'1': ['0', '1', '2', '3', '4', '5', '6', '7', '8', '9', '11', '12', '13', '14', '15', '16', '17'], '2': ['0', '1', '2', '3', '4', '5', '6', '7', '8', '9', '18', '19', '20', '21', '22', '55'], '3': ['10', '23', '24', '25', '26', '27', '28', '29', '30', '31', '32'], '4': ['10', '33', '34', '35', '36', '37', '38', '39', '40', '41', '42', '43', '44', '45', '46', '47'], '5': ['23', '24', '25', '26', '27', '28', '29', '30', '31', '32', '101', '102', '103', '104'], '6': ['10', '33', '34', '35', '36', '37', '38', '39', '40', '41', '42', '43', '44', '45', '46', '47'], '7': ['10', '33', '34', '35', '36', '37', '38', '39', '40', '41', '42', '43', '44', '45', '46', '47', '62', '63', '64', '65', '66', '67', '68', '69', '70', '71', '72', '73', '74', '75', '76', '77', '78', '79'], '8': ['48', '49', '50', '51'], '9': ['58', '59', '60', '61'], '10': ['58', '59', '60', '61', '91', '92', '93', '94', '95', '96'], '11': ['11', '12', '13', '14', '15', '16', '17'], '12': ['23', '24', '25', '26', '27', '28', '29', '30', '31', '32', '105', '106', '107', '108'], '13': ['0', '1', '2', '3', '4', '5', '6', '7', '8', '9'], '14': ['10']}
 Actual mutation of  1   ['14', '17', '11', '16', '13', '15', '12']
 Actual mutation of  2   ['22', '55', '21', '18', '19', '20']
 Actual mutation of  3   ['26', '23', '31', '28', '30', '24', '27', '25', '32', '29']
 Actual mutation of  4   ['36', '46', '37', '35', '40', '33', '45', '34', '38', '43', '47', '44', '39', '42', '41']
 Actual mutation of  5   ['102', '104', '103', '101']
 Actual mutation of  6   []
 Actual mutation of  7   ['62', '63', '64', '66', '68', '71', '67', '69', '79', '65', '76', '77', '72', '78', '73', '74', '70', '75']
 Actual mutation of  8   ['48', '49', '51', '50']
 Actual mutation of  9   ['59', '60', '58', '61']
 Actual mutation of  10   ['59', '93', '94', '60', '92', '58', '95', '61', '96', '91']
 Actual mutation of  11   []
 Actual mutation of  12   ['108', '106', '105', '107']
 Updated node mutation  {'1': ['14', '17', '11', '16', '13', '15', '12'], '2': ['22', '55', '21', '18', '19', '20'], '3': ['26', '23', '31', '28', '30', '24', '27', '25', '32', '29'], '4': ['36', '46', '37', '35', '40', '33', '45', '34', '38', '43', '47', '44', '39', '42', '41'], '5': ['102', '104', '103', '101'], '6': [], '7': ['62', '63', '64', '66', '68', '71', '67', '69', '79', '65', '76', '77', '72', '78', '73', '74', '70', '75'], '8': ['48', '49', '51', '50'], '9': ['59', '60', '58', '61'], '10': ['59', '93', '94', '60', '92', '58', '95', '61', '96', '91'], '11': [], '12': ['108', '106', '105', '107'], '13': ['0', '1', '2', '3', '4', '5', '6', '7', '8', '9'], '14': ['10']}
{'1': ['0', '1', '2', '3', '4', '5', '6', '7', '8', '9', '11', '12', '13', '14', '15', '16', '17'], '2': ['0', '1', '2', '3', '4', '5', '6', '7', '8', '9', '18', '19', '20', '21', '22', '55'], '3': ['10', '23', '24', '25', '26', '27', '28', '29', '30', '31', '32'], '4': ['10', '33', '34', '35', '36', '37', '38', '39', '40', '41', '42', '43', '44', '45', '46', '47'], '5': ['23', '24', '25', '26', '27', '28', '29', '30', '31', '32', '101', '102', '103', '104'], '6': ['10', '33', '34', '35', '36', '37', '38', '39', '40', '41', '42', '43', '44', '45', '46', '47'], '7': ['10', '33', '34', '35', '36', '37', '38', '39', '40', '41', '42', '43', '44', '45', '46', '47', '62', '63', '64', '65', '66', '67', '68', '69', '70', '71', '72', '73', '74', '75', '76', '77', '78', '79'], '8': ['48', '49', '50', '51'], '9': ['58', '59', '60', '61'], '10': ['58', '59', '60', '61', '91', '92', '93', '94', '95', '96'], '11': ['11', '12', '13', '14', '15', '16', '17'], '12': ['23', '24', '25', '26', '27', '28', '29', '30', '31', '32', '105', '106', '107', '108'], '13': ['0', '1', '2', '3', '4', '5', '6', '7', '8', '9'], '14': ['10']}
 Actual mutation of  1   ['14', '17', '11', '16', '13', '15', '12']
 Actual mutation of  2   ['22', '55', '21', '18', '19', '20']
 Actual mutation of  3   ['26', '23', '31', '28', '30', '24', '27', '25', '32', '29']
 Actual mutation of  4   ['36', '46', '37', '35', '40', '33', '45', '34', '38', '43', '47', '44', '39', '42', '41']
 Actual mutation of  5   ['102', '104', '103', '101']
 Actual mutation of  6   []
 Actual mutation of  7   ['62', '63', '64', '66', '68', '71', '67', '69', '79', '65', '76', '77', '72', '78', '73', '74', '70', '75']
 Actual mutation of  8   ['48', '49', '51', '50']
 Actual mutation of  9   ['59', '60', '58', '61']
 Actual mutation of  10   ['59', '93', '94', '60', '92', '58', '95', '61', '96', '91']
 Actual mutation of  11   []
 Actual mutation of  12   ['108', '106', '105', '107']
 Updated node mutation  {'1': ['14', '17', '11', '16', '13', '15', '12'], '2': ['22', '55', '21', '18', '19', '20'], '3': ['26', '23', '31', '28', '30', '24', '27', '25', '32', '29'], '4': ['36', '46', '37', '35', '40', '33', '45', '34', '38', '43', '47', '44', '39', '42', '41'], '5': ['102', '104', '103', '101'], '6': [], '7': ['62', '63', '64', '66', '68', '71', '67', '69', '79', '65', '76', '77', '72', '78', '73', '74', '70', '75'], '8': ['48', '49', '51', '50'], '9': ['59', '60', '58', '61'], '10': ['59', '93', '94', '60', '92', '58', '95', '61', '96', '91'], '11': [], '12': ['108', '106', '105', '107'], '13': ['0', '1', '2', '3', '4', '5', '6', '7', '8', '9'], '14': ['10']}
{'1': ['0', '1', '2', '3', '4', '5', '6', '7', '8', '9', '11', '12', '13', '14', '15', '16', '17'], '2': ['0', '1', '2', '3', '4', '5', '6', '7', '8', '9', '18', '19', '20', '21', '22', '55'], '3': ['10', '23', '24', '25', '26', '27', '28', '29', '30', '31', '32', '37'], '4': ['10', '33', '34', '35', '36', '37', '38', '39', '40', '41', '42', '43', '44', '45', '46', '47'], '5': ['23', '24', '25', '26', '27', '28', '29', '30', '31', '32', '101', '102', '103', '104'], '6': ['10', '33', '34', '35', '36', '37', '38', '39', '40', '41', '42', '43', '44', '45', '46', '47'], '7': ['10', '33', '34', '35', '36', '37', '38', '39', '40', '41', '42', '43', '44', '45', '46', '47', '62', '63', '64', '65', '66', '67', '68', '69', '70', '71', '72', '73', '74', '75', '76', '77', '78', '79'], '8': ['48', '49', '50', '51'], '9': ['58', '59', '60', '61'], '10': ['58', '59', '60', '61', '91', '92', '93', '94', '95', '96'], '11': ['11', '12', '13', '14', '15', '16', '17'], '12': ['23', '24', '25', '26', '27', '28', '29', '30', '31', '32', '105', '106', '107', '108'], '13': ['0', '1', '2', '3', '4', '5', '6', '7', '8', '9'], '14': ['10', '37']}
 Actual mutation of  1   ['14', '17', '11', '16', '13', '15', '12']
 Actual mutation of  2   ['22', '55', '21', '18', '19', '20']
 Actual mutation of  3   ['26', '23', '31', '28', '30', '24', '27', '25', '32', '29']
 Actual mutation of  4   ['36', '46', '35', '40', '33', '45', '34', '38', '43', '47', '44', '39', '42', '41']
 Actual mutation of  5   ['102', '104', '103', '101']
 Actual mutation of  6   []
 Actual mutation of  7   ['62', '63', '64', '66', '68', '71', '67', '69', '79', '65', '76', '77', '72', '78', '73', '74', '70', '75']
 Actual mutation of  8   ['48', '49', '51', '50']
 Actual mutation of  9   ['59', '60', '58', '61']
 Actual mutation of  10   ['59', '93', '94', '60', '92', '58', '95', '61', '96', '91']
 Actual mutation of  11   []
 Actual mutation of  12   ['108', '106', '105', '107']
 Updated node mutation  {'1': ['14', '17', '11', '16', '13', '15', '12'], '2': ['22', '55', '21', '18', '19', '20'], '3': ['26', '23', '31', '28', '30', '24', '27', '25', '32', '29'], '4': ['36', '46', '35', '40', '33', '45', '34', '38', '43', '47', '44', '39', '42', '41'], '5': ['102', '104', '103', '101'], '6': [], '7': ['62', '63', '64', '66', '68', '71', '67', '69', '79', '65', '76', '77', '72', '78', '73', '74', '70', '75'], '8': ['48', '49', '51', '50'], '9': ['59', '60', '58', '61'], '10': ['59', '93', '94', '60', '92', '58', '95', '61', '96', '91'], '11': [], '12': ['108', '106', '105', '107'], '13': ['0', '1', '2', '3', '4', '5', '6', '7', '8', '9'], '14': ['10', '37']}
{'1': ['0', '1', '2', '3', '4', '5', '6', '7', '8', '9', '11', '12', '13', '14', '15', '16', '17'], '2': ['0', '1', '2', '3', '4', '5', '6', '7', '8', '9', '18', '19', '20', '21', '22', '55'], '3': ['10', '23', '24', '25', '26', '27', '28', '29', '30', '31', '32'], '4': ['10', '33', '34', '35', '36', '37', '38', '39', '40', '41', '42', '43', '44', '45', '46', '47'], '5': ['23', '24', '25', '26', '27', '28', '29', '30', '31', '32', '101', '102', '103', '104'], '6': ['10', '33', '34', '35', '36', '37', '38', '39', '40', '41', '42', '43', '44', '45', '46', '47'], '7': ['10', '33', '34', '35', '36', '37', '38', '39', '40', '41', '42', '43', '44', '45', '46', '47', '62', '63', '64', '65', '66', '67', '68', '69', '70', '71', '72', '73', '74', '75', '76', '77', '78', '79'], '8': ['48', '49', '50', '51'], '9': ['58', '59', '60', '61'], '10': ['58', '59', '60', '61', '91', '92', '93', '94', '95', '96'], '11': ['11', '12', '13', '14', '15', '16', '17'], '12': ['23', '24', '25', '26', '27', '28', '29', '30', '31', '32', '105', '106', '107', '108'], '13': ['0', '1', '2', '3', '4', '5', '6', '7', '8', '9'], '14': ['10']}
 Actual mutation of  1   ['14', '17', '11', '16', '13', '15', '12']
 Actual mutation of  2   ['22', '55', '21', '18', '19', '20']
 Actual mutation of  3   ['26', '23', '31', '28', '30', '24', '27', '25', '32', '29']
 Actual mutation of  4   ['36', '46', '37', '35', '40', '33', '45', '34', '38', '43', '47', '44', '39', '42', '41']
 Actual mutation of  5   ['102', '104', '103', '101']
 Actual mutation of  6   []
 Actual mutation of  7   ['62', '63', '64', '66', '68', '71', '67', '69', '79', '65', '76', '77', '72', '78', '73', '74', '70', '75']
 Actual mutation of  8   ['48', '49', '51', '50']
 Actual mutation of  9   ['59', '60', '58', '61']
 Actual mutation of  10   ['59', '93', '94', '60', '92', '58', '95', '61', '96', '91']
 Actual mutation of  11   []
 Actual mutation of  12   ['108', '106', '105', '107']
 Updated node mutation  {'1': ['14', '17', '11', '16', '13', '15', '12'], '2': ['22', '55', '21', '18', '19', '20'], '3': ['26', '23', '31', '28', '30', '24', '27', '25', '32', '29'], '4': ['36', '46', '37', '35', '40', '33', '45', '34', '38', '43', '47', '44', '39', '42', '41'], '5': ['102', '104', '103', '101'], '6': [], '7': ['62', '63', '64', '66', '68', '71', '67', '69', '79', '65', '76', '77', '72', '78', '73', '74', '70', '75'], '8': ['48', '49', '51', '50'], '9': ['59', '60', '58', '61'], '10': ['59', '93', '94', '60', '92', '58', '95', '61', '96', '91'], '11': [], '12': ['108', '106', '105', '107'], '13': ['0', '1', '2', '3', '4', '5', '6', '7', '8', '9'], '14': ['10']}
{'1': ['0', '1', '2', '3', '4', '5', '6', '7', '8', '9', '11', '12', '13', '14', '15', '16', '17'], '2': ['0', '1', '2', '3', '4', '5', '6', '7', '8', '9', '18', '19', '20', '21', '22', '55'], '3': ['10', '23', '24', '25', '26', '27', '28', '29', '30', '31', '32'], '4': ['10', '33', '34', '35', '36', '37', '38', '39', '40', '41', '42', '43', '44', '45', '46', '47'], '5': ['23', '24', '25', '26', '27', '28', '29', '30', '31', '32', '101', '102', '103', '104'], '6': ['10', '33', '34', '35', '36', '37', '38', '39', '40', '41', '42', '43', '44', '45', '46', '47'], '7': ['10', '33', '34', '35', '36', '37', '38', '39', '40', '41', '42', '43', '44', '45', '46', '47', '62', '63', '64', '65', '66', '67', '68', '69', '70', '71', '72', '73', '74', '75', '76', '77', '78', '79'], '8': ['48', '49', '50', '51'], '9': ['58', '59', '60', '61'], '10': ['58', '59', '60', '61', '91', '92', '93', '94', '95', '96'], '11': ['11', '12', '13', '14', '15', '16', '17'], '12': ['23', '24', '25', '26', '27', '28', '29', '30', '31', '32', '105', '106', '107', '108'], '13': ['0', '1', '2', '3', '4', '5', '6', '7', '8', '9'], '14': ['10']}
 Actual mutation of  1   ['14', '17', '11', '16', '13', '15', '12']
 Actual mutation of  2   ['22', '55', '21', '18', '19', '20']
 Actual mutation of  3   ['26', '23', '31', '28', '30', '24', '27', '25', '32', '29']
 Actual mutation of  4   ['36', '46', '37', '35', '40', '33', '45', '34', '38', '43', '47', '44', '39', '42', '41']
 Actual mutation of  5   ['102', '104', '103', '101']
 Actual mutation of  6   []
 Actual mutation of  7   ['62', '63', '64', '66', '68', '71', '67', '69', '79', '65', '76', '77', '72', '78', '73', '74', '70', '75']
 Actual mutation of  8   ['48', '49', '51', '50']
 Actual mutation of  9   ['59', '60', '58', '61']
 Actual mutation of  10   ['59', '93', '94', '60', '92', '58', '95', '61', '96', '91']
 Actual mutation of  11   []
 Actual mutation of  12   ['108', '106', '105', '107']
 Updated node mutation  {'1': ['14', '17', '11', '16', '13', '15', '12'], '2': ['22', '55', '21', '18', '19', '20'], '3': ['26', '23', '31', '28', '30', '24', '27', '25', '32', '29'], '4': ['36', '46', '37', '35', '40', '33', '45', '34', '38', '43', '47', '44', '39', '42', '41'], '5': ['102', '104', '103', '101'], '6': [], '7': ['62', '63', '64', '66', '68', '71', '67', '69', '79', '65', '76', '77', '72', '78', '73', '74', '70', '75'], '8': ['48', '49', '51', '50'], '9': ['59', '60', '58', '61'], '10': ['59', '93', '94', '60', '92', '58', '95', '61', '96', '91'], '11': [], '12': ['108', '106', '105', '107'], '13': ['0', '1', '2', '3', '4', '5', '6', '7', '8', '9'], '14': ['10']}
 Parallel mutation count  {'m1': 4, 'm2': 4, 'm3': 4, 'm4': 4, 'm5': 4}
 Clusters with least parallel mutations  ['m1', 'm2', 'm3', 'm4', 'm5']
 Cluster nos for each run  {'m1': 11, 'm2': 11, 'm3': 11, 'm4': 11, 'm5': 11}
 Run  m1
 Base path  ['theta5', 'rep1', 'm1', 'tree.csv']
 Best tree path  theta5_rep1_m1_tree.csv
