25
 Total estimated FP  125  True negatives  11719
 Total estimated FN  1359  True positives  5517
 Estimated FP rate  0.02216
 Estimated FN rate  0.1
 No. of Cells in each cluster  {'19_2': 30, '15_2': 38, '23_2': 3, '8_3': 4, '16_3': 2, '24_3': 494, '24_2': 29}
 Cells in each cluster  {'19_2': [0, 1, 2, 3, 4, 5, 6, 7, 8, 9, 10, 11, 12, 13, 14, 15, 16, 17, 18, 19, 20, 21, 22, 23, 24, 25, 26, 27, 28, 29], '15_2': [30, 31, 32, 33, 34, 35, 36, 37, 38, 39, 40, 41, 42, 43, 44, 45, 46, 47, 48, 49, 50, 51, 52, 53, 54, 55, 56, 57, 58, 59, 60, 61, 62, 63, 64, 65, 66, 67], '23_2': [68, 69, 70], '8_3': [142, 253, 392, 420], '16_3': [336, 462], '24_3': [199, 269, 315, 318, 413, 464, 543, 124, 131, 137, 163, 177, 212, 248, 263, 295, 297, 323, 432, 455, 459, 482, 490, 514, 538, 554, 587, 594, 198, 360, 370, 386, 444, 470, 542, 553, 562, 345, 365, 366, 451, 574, 599, 180, 283, 349, 380, 531, 568, 183, 230, 312, 347, 164, 187, 387, 541, 228, 272, 171, 293, 426, 449, 481, 546, 276, 291, 377, 441, 512, 530, 570, 141, 145, 146, 193, 217, 229, 270, 284, 311, 321, 330, 410, 515, 523, 534, 591, 288, 301, 520, 558, 109, 205, 208, 469, 101, 102, 104, 105, 107, 108, 111, 113, 114, 115, 116, 117, 118, 119, 121, 122, 125, 126, 127, 128, 129, 130, 134, 139, 140, 143, 147, 149, 150, 151, 152, 154, 157, 159, 160, 162, 165, 168, 169, 172, 173, 175, 178, 181, 182, 184, 188, 189, 192, 195, 197, 200, 201, 202, 203, 206, 207, 209, 211, 213, 214, 215, 218, 220, 222, 223, 224, 225, 226, 227, 231, 232, 233, 235, 237, 238, 239, 240, 241, 244, 245, 249, 251, 252, 254, 255, 256, 257, 261, 262, 264, 265, 267, 268, 273, 274, 275, 277, 278, 279, 280, 281, 282, 285, 286, 287, 290, 292, 294, 296, 299, 302, 304, 305, 306, 307, 309, 313, 314, 317, 319, 320, 324, 325, 326, 327, 328, 329, 331, 332, 334, 335, 338, 339, 340, 341, 342, 343, 344, 346, 351, 353, 354, 355, 356, 357, 358, 359, 361, 363, 364, 367, 369, 374, 375, 376, 381, 382, 383, 384, 388, 389, 390, 391, 393, 395, 396, 399, 401, 402, 403, 408, 409, 414, 415, 416, 417, 418, 421, 422, 423, 424, 425, 427, 429, 430, 431, 433, 434, 436, 437, 438, 443, 445, 446, 447, 450, 452, 453, 458, 460, 461, 466, 467, 471, 472, 473, 474, 475, 476, 477, 478, 479, 480, 483, 488, 489, 491, 492, 493, 496, 498, 499, 501, 503, 504, 505, 506, 507, 510, 516, 518, 519, 521, 522, 526, 527, 532, 533, 535, 537, 539, 540, 544, 545, 547, 548, 549, 550, 552, 555, 556, 563, 567, 569, 571, 572, 576, 577, 579, 580, 581, 583, 588, 590, 592, 595, 597, 598, 174, 250, 300, 373, 448, 486, 497, 593, 133, 136, 176, 191, 194, 196, 221, 372, 379, 404, 419, 435, 578, 585, 100, 144, 397, 454, 463, 551, 103, 106, 110, 112, 123, 132, 135, 138, 148, 153, 155, 156, 158, 161, 170, 179, 186, 190, 204, 210, 216, 219, 234, 236, 242, 246, 258, 259, 260, 266, 271, 289, 298, 303, 310, 316, 322, 333, 348, 350, 352, 362, 371, 378, 385, 398, 400, 405, 411, 428, 439, 440, 442, 468, 484, 485, 487, 494, 495, 500, 502, 508, 509, 511, 513, 528, 536, 561, 564, 565, 582, 584, 586, 589, 596, 120, 166, 167, 185, 243, 308, 337, 368, 394, 406, 407, 412, 456, 457, 465, 517, 524, 525, 529, 559, 560, 573, 575, 247, 557, 566], '24_2': [95, 85, 94, 71, 73, 74, 75, 76, 77, 79, 82, 83, 84, 86, 87, 89, 91, 92, 96, 98, 99, 72, 78, 80, 81, 88, 90, 93, 97]}
FP rate  0.02216 FN rate  0.1
 Before reassigning cells 
 Timepoint  2
 Cluster  19  # of cells  29
 Cluster  15  # of cells  39
 Cluster  23  # of cells  3
 Cluster  24  # of cells  29
 Timepoint  3
 Cluster  8  # of cells  16
 Cluster  16  # of cells  31
 Cluster  24  # of cells  447
 Cells absent at timepoint  2   set()
 Cells absent at timepoint  3   {172, 142, 495, 246, 440, 123}
 Missing cell prob  {'24': 0.0033418145542433346, '8': 2.0259878631706613e-06, '16': 0.0033418145542433346}
 Missing cell prob  {'24': 3.771972538699391e-08, '8': 3.526727615543527e-05, '16': 3.526727615543528e-05}
 Missing cell prob  {'24': 3.3947752848294524e-08, '8': 7.992338619860569e-08, '16': 7.992338619860566e-08}
 Missing cell prob  {'24': 0.000377197253869939, '8': 0.0003771972538699389, '16': 2.2360979025591064e-06}
 Missing cell prob  {'24': 0.0003195346383368439, '8': 0.00031953463833684384, '16': 1.8942628220362628e-06}
 Missing cell prob  {'24': 2.8758117450315944e-05, '8': 6.770539828063853e-05, '16': 6.770539828063853e-05}
 Timepoint  2
 Timepoint  3
SortedDict({2: {'19': ['1', '2', '3', '4', '5', '6', '7', '8', '9', '10', '11', '12', '13', '14', '15', '16', '17', '18', '19', '20', '21', '22', '23', '24', '25', '26', '27', '28', '29'], '15': ['0', '30', '31', '32', '33', '34', '35', '36', '37', '38', '39', '40', '41', '42', '43', '44', '45', '46', '47', '48', '49', '50', '51', '52', '53', '54', '55', '56', '57', '58', '59', '60', '61', '62', '63', '64', '65', '66', '67'], '23': ['68', '69', '70'], '24': ['71', '72', '73', '74', '75', '76', '77', '78', '79', '80', '81', '82', '83', '84', '85', '86', '87', '88', '89', '90', '91', '92', '93', '94', '95', '96', '97', '98', '99']}, 3: {'8': ['111', '186', '196', '240', '253', '269', '334', '348', '380', '392', '420', '449', '493', '507', '537', '543', '495', '123'], '16': ['112', '136', '148', '153', '191', '198', '210', '221', '234', '242', '301', '311', '316', '333', '336', '366', '367', '368', '411', '416', '436', '439', '457', '485', '487', '506', '523', '529', '539', '586', '596', '142'], '24': ['100', '101', '102', '103', '104', '105', '106', '107', '108', '109', '110', '113', '114', '115', '116', '117', '118', '119', '120', '121', '122', '124', '125', '126', '127', '128', '129', '130', '131', '132', '133', '134', '135', '137', '138', '139', '140', '141', '143', '144', '145', '146', '147', '149', '150', '151', '152', '154', '155', '156', '157', '158', '159', '160', '161', '162', '163', '164', '165', '166', '167', '168', '169', '170', '171', '173', '174', '175', '176', '177', '178', '179', '180', '181', '182', '183', '184', '185', '187', '188', '189', '190', '192', '193', '194', '195', '197', '199', '200', '201', '202', '203', '204', '205', '206', '207', '208', '209', '211', '212', '213', '214', '215', '216', '217', '218', '219', '220', '222', '223', '224', '225', '226', '227', '228', '229', '230', '231', '232', '233', '235', '236', '237', '238', '239', '241', '243', '244', '245', '247', '248', '249', '250', '251', '252', '254', '255', '256', '257', '258', '259', '260', '261', '262', '263', '264', '265', '266', '267', '268', '270', '271', '272', '273', '274', '275', '276', '277', '278', '279', '280', '281', '282', '283', '284', '285', '286', '287', '288', '289', '290', '291', '292', '293', '294', '295', '296', '297', '298', '299', '300', '302', '303', '304', '305', '306', '307', '308', '309', '310', '312', '313', '314', '315', '317', '318', '319', '320', '321', '322', '323', '324', '325', '326', '327', '328', '329', '330', '331', '332', '335', '337', '338', '339', '340', '341', '342', '343', '344', '345', '346', '347', '349', '350', '351', '352', '353', '354', '355', '356', '357', '358', '359', '360', '361', '362', '363', '364', '365', '369', '370', '371', '372', '373', '374', '375', '376', '377', '378', '379', '381', '382', '383', '384', '385', '386', '387', '388', '389', '390', '391', '393', '394', '395', '396', '397', '398', '399', '400', '401', '402', '403', '404', '405', '406', '407', '408', '409', '410', '412', '413', '414', '415', '417', '418', '419', '421', '422', '423', '424', '425', '426', '427', '428', '429', '430', '431', '432', '433', '434', '435', '437', '438', '441', '442', '443', '444', '445', '446', '447', '448', '450', '451', '452', '453', '454', '455', '456', '458', '459', '460', '461', '462', '463', '464', '465', '466', '467', '468', '469', '470', '471', '472', '473', '474', '475', '476', '477', '478', '479', '480', '481', '482', '483', '484', '486', '488', '489', '490', '491', '492', '494', '496', '497', '498', '499', '500', '501', '502', '503', '504', '505', '508', '509', '510', '511', '512', '513', '514', '515', '516', '517', '518', '519', '520', '521', '522', '524', '525', '526', '527', '528', '530', '531', '532', '533', '534', '535', '536', '538', '540', '541', '542', '544', '545', '546', '547', '548', '549', '550', '551', '552', '553', '554', '555', '556', '557', '558', '559', '560', '561', '562', '563', '564', '565', '566', '567', '568', '569', '570', '571', '572', '573', '574', '575', '576', '577', '578', '579', '580', '581', '582', '583', '584', '585', '587', '588', '589', '590', '591', '592', '593', '594', '595', '597', '598', '599', '172', '246', '440']}})
 Cluster1  8
SortedDict({2: {'19': ['1', '2', '3', '4', '5', '6', '7', '8', '9', '10', '11', '12', '13', '14', '15', '16', '17', '18', '19', '20', '21', '22', '23', '24', '25', '26', '27', '28', '29'], '15': ['0', '30', '31', '32', '33', '34', '35', '36', '37', '38', '39', '40', '41', '42', '43', '44', '45', '46', '47', '48', '49', '50', '51', '52', '53', '54', '55', '56', '57', '58', '59', '60', '61', '62', '63', '64', '65', '66', '67'], '23': ['68', '69', '70'], '24': ['71', '72', '73', '74', '75', '76', '77', '78', '79', '80', '81', '82', '83', '84', '85', '86', '87', '88', '89', '90', '91', '92', '93', '94', '95', '96', '97', '98', '99']}, 3: {'8': ['111', '186', '196', '240', '253', '269', '334', '348', '380', '392', '420', '449', '493', '507', '537', '543', '495', '123', '112', '136', '148', '153', '191', '198', '210', '221', '234', '242', '301', '311', '316', '333', '336', '366', '367', '368', '411', '416', '436', '439', '457', '485', '487', '506', '523', '529', '539', '586', '596', '142'], '16': ['112', '136', '148', '153', '191', '198', '210', '221', '234', '242', '301', '311', '316', '333', '336', '366', '367', '368', '411', '416', '436', '439', '457', '485', '487', '506', '523', '529', '539', '586', '596', '142'], '24': ['100', '101', '102', '103', '104', '105', '106', '107', '108', '109', '110', '113', '114', '115', '116', '117', '118', '119', '120', '121', '122', '124', '125', '126', '127', '128', '129', '130', '131', '132', '133', '134', '135', '137', '138', '139', '140', '141', '143', '144', '145', '146', '147', '149', '150', '151', '152', '154', '155', '156', '157', '158', '159', '160', '161', '162', '163', '164', '165', '166', '167', '168', '169', '170', '171', '173', '174', '175', '176', '177', '178', '179', '180', '181', '182', '183', '184', '185', '187', '188', '189', '190', '192', '193', '194', '195', '197', '199', '200', '201', '202', '203', '204', '205', '206', '207', '208', '209', '211', '212', '213', '214', '215', '216', '217', '218', '219', '220', '222', '223', '224', '225', '226', '227', '228', '229', '230', '231', '232', '233', '235', '236', '237', '238', '239', '241', '243', '244', '245', '247', '248', '249', '250', '251', '252', '254', '255', '256', '257', '258', '259', '260', '261', '262', '263', '264', '265', '266', '267', '268', '270', '271', '272', '273', '274', '275', '276', '277', '278', '279', '280', '281', '282', '283', '284', '285', '286', '287', '288', '289', '290', '291', '292', '293', '294', '295', '296', '297', '298', '299', '300', '302', '303', '304', '305', '306', '307', '308', '309', '310', '312', '313', '314', '315', '317', '318', '319', '320', '321', '322', '323', '324', '325', '326', '327', '328', '329', '330', '331', '332', '335', '337', '338', '339', '340', '341', '342', '343', '344', '345', '346', '347', '349', '350', '351', '352', '353', '354', '355', '356', '357', '358', '359', '360', '361', '362', '363', '364', '365', '369', '370', '371', '372', '373', '374', '375', '376', '377', '378', '379', '381', '382', '383', '384', '385', '386', '387', '388', '389', '390', '391', '393', '394', '395', '396', '397', '398', '399', '400', '401', '402', '403', '404', '405', '406', '407', '408', '409', '410', '412', '413', '414', '415', '417', '418', '419', '421', '422', '423', '424', '425', '426', '427', '428', '429', '430', '431', '432', '433', '434', '435', '437', '438', '441', '442', '443', '444', '445', '446', '447', '448', '450', '451', '452', '453', '454', '455', '456', '458', '459', '460', '461', '462', '463', '464', '465', '466', '467', '468', '469', '470', '471', '472', '473', '474', '475', '476', '477', '478', '479', '480', '481', '482', '483', '484', '486', '488', '489', '490', '491', '492', '494', '496', '497', '498', '499', '500', '501', '502', '503', '504', '505', '508', '509', '510', '511', '512', '513', '514', '515', '516', '517', '518', '519', '520', '521', '522', '524', '525', '526', '527', '528', '530', '531', '532', '533', '534', '535', '536', '538', '540', '541', '542', '544', '545', '546', '547', '548', '549', '550', '551', '552', '553', '554', '555', '556', '557', '558', '559', '560', '561', '562', '563', '564', '565', '566', '567', '568', '569', '570', '571', '572', '573', '574', '575', '576', '577', '578', '579', '580', '581', '582', '583', '584', '585', '587', '588', '589', '590', '591', '592', '593', '594', '595', '597', '598', '599', '172', '246', '440']}})
 Cluster1  8
 Cluster to drop  16
 Cluster to drop  24
 After reassigning and merging cells 
 Timepoint  2
 Cluster  19  # of cells  29
 Cluster  15  # of cells  39
 Cluster  23  # of cells  3
 Cluster  24  # of cells  29
 Timepoint  3
 Cluster  8  # of cells  500
 Tp cluster cell dict  {'19_2': 29, '15_2': 39, '23_2': 3, '24_2': 29, '8_3': 500}
 New Graph is here 
 ID  0  Timepoint  1  Mutations  []  Type  subclone
 ID  1  Timepoint  2  Mutations  [0, 1, 2, 3, 4, 5, 13, 14, 15, 16, 17]  Type  subclone
 ID  2  Timepoint  2  Mutations  [0, 1, 2, 3, 4, 5, 18, 19]  Type  subclone
 ID  3  Timepoint  2  Mutations  [6, 7, 8, 9, 10, 11, 12, 20, 22, 23, 24, 25, 26, 27, 28, 29]  Type  subclone
 ID  4  Timepoint  2  Mutations  [6, 7, 8, 9, 10, 11, 12, 31, 32, 33, 34, 35, 36, 37, 38]  Type  subclone
 ID  5  Timepoint  3  Mutations  [6, 7, 8, 9, 10, 11, 12, 31, 32, 33, 34, 35, 36, 37, 38]  Type  subclone
Timepoints  SortedDict({1: [0], 2: [1, 2, 3, 4], 3: [5]})
 Clone to nodes  {'19_2': 1, '15_2': 2, '23_2': 3, '24_2': 4, '8_3': 5}
 Timepoint ====  1
 Hash table  {'0,1': [0, 1, 2, 3, 4, 5], '0': [13, 14, 15, 16, 17], '1': [18, 19], '2,3': [6, 7, 8, 9, 10, 11, 12], '2': [20, 22, 23, 24, 25, 26, 27, 28, 29], '3': [31, 32, 33, 34, 35, 36, 37, 38]}
 Final possible usc  [[0, 1, 2, 3, 4, 5], [13, 14, 15, 16, 17], [18, 19], [6, 7, 8, 9, 10, 11, 12], [20, 22, 23, 24, 25, 26, 27, 28, 29], [31, 32, 33, 34, 35, 36, 37, 38]]
 Time  1  USC keys  {'13,14,15,16,17_0', '0,1,2,3,4,5_0', '18,19_0', '31,32,33,34,35,36,37,38_0', '6,7,8,9,10,11,12_0', '20,22,23,24,25,26,27,28,29_0'}
 USC children  {'0,1,2,3,4,5_0': [1, 2], '13,14,15,16,17_0': [1], '18,19_0': [2], '6,7,8,9,10,11,12_0': [3, 4], '20,22,23,24,25,26,27,28,29_0': [3], '31,32,33,34,35,36,37,38_0': [4]}
 USC children  {'0,1,2,3,4,5_0': [1, 2], '13,14,15,16,17_0': [1], '18,19_0': [2], '6,7,8,9,10,11,12_0': [3, 4], '20,22,23,24,25,26,27,28,29_0': [3], '31,32,33,34,35,36,37,38_0': [4]}
 Timepoint ====  2
 Hash table  {}
====== Inside find superset of t nodes ==========
 Final possible usc  []
 Time  2  USC keys  set()
 USC children  {'0,1,2,3,4,5_0': [1, 2], '13,14,15,16,17_0': [1], '18,19_0': [2], '6,7,8,9,10,11,12_0': [3, 4], '20,22,23,24,25,26,27,28,29_0': [3], '31,32,33,34,35,36,37,38_0': [4]}
 USC children  {'0,1,2,3,4,5_0': [1, 2], '13,14,15,16,17_0': [1], '18,19_0': [2], '6,7,8,9,10,11,12_0': [3, 4], '20,22,23,24,25,26,27,28,29_0': [3], '31,32,33,34,35,36,37,38_0': [4]}
 Node s  {'1,2': ['0', '1', '2', '3', '4', '5'], '3,4': ['6', '7', '8', '9', '10', '11', '12']}
 Enroll USC nodes  ['1', '2']  len  2
 Enroll USC nodes  ['3', '4']  len  2
 Node TP  SortedDict({1: [0], 2: [1, 2, 3, 4], 3: [5]})
 Unobserved subclones at timepoints  {1.5: [6, 7]}
 ============== Inside finding node v ============ 
 Time  2
 Time  3
 Sorted all timepoints  [1, 1.5, 2, 3]
 Timepoint  2
 Inside usc_node check  2
 Timepoint  3
0   1   [-1]   subclone   []   []
1   2   [6]   subclone   [0, 1, 2, 3, 4, 5, 13, 14, 15, 16, 17]   [5]
2   2   [6]   subclone   [0, 1, 2, 3, 4, 5, 18, 19]   [2]
3   2   [7]   subclone   [6, 7, 8, 9, 10, 11, 12, 20, 22, 23, 24, 25, 26, 27, 28, 29]   [9]
4   2   [7]   subclone   [6, 7, 8, 9, 10, 11, 12, 31, 32, 33, 34, 35, 36, 37, 38]   [8]
5   3   [4]   subclone   [6, 7, 8, 9, 10, 11, 12, 31, 32, 33, 34, 35, 36, 37, 38]   [0]
6   1.5   [0]   unobserved subclone   [0, 1, 2, 3, 4, 5]   [6]
7   1.5   [0]   unobserved subclone   [6, 7, 8, 9, 10, 11, 12]   [7]
7
 Total estimated FP  119  True negatives  11700
 Total estimated FN  1378  True positives  5523
 Estimated FP rate  0.02109
 Estimated FN rate  0.11
 No. of Cells in each cluster  {'3_2': 30, '4_2': 38, '5_2': 3, '0_3': 500, '0_2': 29}
 Cells in each cluster  {'3_2': [0, 1, 2, 3, 4, 5, 6, 7, 8, 9, 10, 11, 12, 13, 14, 15, 16, 17, 18, 19, 20, 21, 22, 23, 24, 25, 26, 27, 28, 29], '4_2': [30, 31, 32, 33, 34, 35, 36, 37, 38, 39, 40, 41, 42, 43, 44, 45, 46, 47, 48, 49, 50, 51, 52, 53, 54, 55, 56, 57, 58, 59, 60, 61, 62, 63, 64, 65, 66, 67], '5_2': [68, 69, 70], '0_3': [365, 366, 451, 454, 574, 101, 105, 107, 109, 120, 121, 122, 124, 131, 137, 141, 142, 145, 146, 163, 164, 166, 167, 171, 175, 177, 185, 187, 192, 198, 199, 202, 205, 208, 210, 212, 217, 222, 224, 229, 238, 243, 247, 248, 249, 251, 253, 262, 263, 267, 269, 277, 280, 293, 295, 296, 304, 307, 308, 311, 315, 317, 318, 321, 323, 326, 329, 330, 337, 343, 345, 346, 357, 360, 368, 369, 382, 387, 390, 392, 394, 402, 403, 406, 407, 410, 412, 413, 420, 421, 422, 426, 432, 446, 449, 450, 455, 456, 457, 458, 459, 464, 465, 469, 473, 474, 476, 480, 481, 482, 490, 493, 505, 514, 515, 517, 518, 521, 522, 524, 525, 529, 537, 538, 541, 543, 546, 553, 554, 557, 559, 560, 566, 571, 573, 575, 576, 583, 587, 591, 594, 595, 599, 288, 301, 520, 558, 100, 102, 103, 104, 106, 108, 110, 111, 112, 113, 114, 115, 116, 117, 118, 119, 123, 125, 126, 127, 128, 129, 130, 132, 133, 134, 135, 136, 138, 139, 140, 143, 144, 147, 148, 149, 150, 151, 152, 153, 154, 155, 156, 157, 158, 159, 160, 161, 162, 165, 168, 169, 170, 172, 173, 174, 176, 178, 179, 180, 181, 182, 183, 184, 186, 188, 189, 190, 191, 193, 194, 195, 196, 197, 200, 201, 203, 204, 206, 207, 209, 211, 213, 214, 215, 216, 218, 219, 220, 221, 223, 225, 226, 227, 228, 230, 231, 232, 233, 234, 235, 236, 237, 239, 240, 241, 242, 244, 245, 246, 250, 252, 254, 255, 256, 257, 258, 259, 260, 261, 264, 265, 266, 268, 270, 271, 272, 273, 274, 275, 276, 278, 279, 281, 282, 283, 284, 285, 286, 287, 289, 290, 291, 292, 294, 297, 298, 299, 300, 302, 303, 305, 306, 309, 310, 312, 313, 314, 316, 319, 320, 322, 324, 325, 327, 328, 331, 332, 333, 334, 335, 336, 338, 339, 340, 341, 342, 344, 347, 348, 349, 350, 351, 352, 353, 354, 355, 356, 358, 359, 361, 362, 363, 364, 367, 370, 371, 372, 373, 374, 375, 376, 377, 378, 379, 380, 381, 383, 384, 385, 386, 388, 389, 391, 393, 395, 396, 397, 398, 399, 400, 401, 404, 405, 408, 409, 411, 414, 415, 416, 417, 418, 419, 423, 424, 425, 427, 428, 429, 430, 431, 433, 434, 435, 436, 437, 438, 439, 440, 441, 442, 443, 444, 445, 447, 448, 452, 453, 460, 461, 462, 463, 466, 467, 468, 470, 471, 472, 475, 477, 478, 479, 483, 484, 485, 486, 487, 488, 489, 491, 492, 494, 495, 496, 497, 498, 499, 500, 501, 502, 503, 504, 506, 507, 508, 509, 510, 511, 512, 513, 516, 519, 523, 526, 527, 528, 530, 531, 532, 533, 534, 535, 536, 539, 540, 542, 544, 545, 547, 548, 549, 550, 551, 552, 555, 556, 561, 562, 563, 564, 565, 567, 568, 569, 570, 572, 577, 578, 579, 580, 581, 582, 584, 585, 586, 588, 589, 590, 592, 593, 596, 597, 598], '0_2': [82, 85, 71, 72, 73, 74, 75, 76, 77, 78, 79, 80, 81, 83, 84, 86, 87, 88, 89, 90, 91, 92, 93, 94, 95, 96, 97, 98, 99]}
FP rate  0.02109 FN rate  0.11
 Before reassigning cells 
 Timepoint  2
 Cluster  3  # of cells  29
 Cluster  4  # of cells  39
 Cluster  5  # of cells  3
 Cluster  0  # of cells  29
 Timepoint  3
 Cluster  0  # of cells  500
 Cells absent at timepoint  2   set()
 Cells absent at timepoint  3   set()
 Timepoint  2
 Timepoint  3
 After reassigning and merging cells 
 Timepoint  2
 Cluster  3  # of cells  29
 Cluster  4  # of cells  39
 Cluster  5  # of cells  3
 Cluster  0  # of cells  29
 Timepoint  3
 Cluster  0  # of cells  500
 Tp cluster cell dict  {'3_2': 29, '4_2': 39, '5_2': 3, '0_2': 29, '0_3': 500}
 New Graph is here 
 ID  0  Timepoint  1  Mutations  []  Type  subclone
 ID  1  Timepoint  2  Mutations  [0, 1, 2, 3, 4, 5, 13, 14, 15, 16, 17]  Type  subclone
 ID  2  Timepoint  2  Mutations  [0, 1, 2, 3, 4, 5, 18, 19]  Type  subclone
 ID  3  Timepoint  2  Mutations  [6, 7, 8, 9, 10, 11, 12, 20, 22, 23, 24, 25, 26, 27, 28, 29]  Type  subclone
 ID  4  Timepoint  2  Mutations  [6, 7, 8, 9, 10, 11, 12, 31, 32, 33, 34, 35, 36, 37, 38]  Type  subclone
 ID  5  Timepoint  3  Mutations  [6, 7, 8, 9, 10, 11, 12, 31, 32, 33, 34, 35, 36, 37, 38]  Type  subclone
Timepoints  SortedDict({1: [0], 2: [1, 2, 3, 4], 3: [5]})
 Clone to nodes  {'3_2': 1, '4_2': 2, '5_2': 3, '0_2': 4, '0_3': 5}
 Timepoint ====  1
 Hash table  {'0,1': [0, 1, 2, 3, 4, 5], '0': [13, 14, 15, 16, 17], '1': [18, 19], '2,3': [6, 7, 8, 9, 10, 11, 12], '2': [20, 22, 23, 24, 25, 26, 27, 28, 29], '3': [31, 32, 33, 34, 35, 36, 37, 38]}
 Final possible usc  [[0, 1, 2, 3, 4, 5], [13, 14, 15, 16, 17], [18, 19], [6, 7, 8, 9, 10, 11, 12], [20, 22, 23, 24, 25, 26, 27, 28, 29], [31, 32, 33, 34, 35, 36, 37, 38]]
 Time  1  USC keys  {'0,1,2,3,4,5_0', '31,32,33,34,35,36,37,38_0', '6,7,8,9,10,11,12_0', '18,19_0', '13,14,15,16,17_0', '20,22,23,24,25,26,27,28,29_0'}
 USC children  {'0,1,2,3,4,5_0': [1, 2], '13,14,15,16,17_0': [1], '18,19_0': [2], '6,7,8,9,10,11,12_0': [3, 4], '20,22,23,24,25,26,27,28,29_0': [3], '31,32,33,34,35,36,37,38_0': [4]}
 USC children  {'0,1,2,3,4,5_0': [1, 2], '13,14,15,16,17_0': [1], '18,19_0': [2], '6,7,8,9,10,11,12_0': [3, 4], '20,22,23,24,25,26,27,28,29_0': [3], '31,32,33,34,35,36,37,38_0': [4]}
 Timepoint ====  2
 Hash table  {}
====== Inside find superset of t nodes ==========
 Final possible usc  []
 Time  2  USC keys  set()
 USC children  {'0,1,2,3,4,5_0': [1, 2], '13,14,15,16,17_0': [1], '18,19_0': [2], '6,7,8,9,10,11,12_0': [3, 4], '20,22,23,24,25,26,27,28,29_0': [3], '31,32,33,34,35,36,37,38_0': [4]}
 USC children  {'0,1,2,3,4,5_0': [1, 2], '13,14,15,16,17_0': [1], '18,19_0': [2], '6,7,8,9,10,11,12_0': [3, 4], '20,22,23,24,25,26,27,28,29_0': [3], '31,32,33,34,35,36,37,38_0': [4]}
 Node s  {'1,2': ['0', '1', '2', '3', '4', '5'], '3,4': ['6', '7', '8', '9', '10', '11', '12']}
 Enroll USC nodes  ['1', '2']  len  2
 Enroll USC nodes  ['3', '4']  len  2
 Node TP  SortedDict({1: [0], 2: [1, 2, 3, 4], 3: [5]})
 Unobserved subclones at timepoints  {1.5: [6, 7]}
 ============== Inside finding node v ============ 
 Time  2
 Time  3
 Sorted all timepoints  [1, 1.5, 2, 3]
 Timepoint  2
 Inside usc_node check  2
 Timepoint  3
0   1   [-1]   subclone   []   []
1   2   [6]   subclone   [0, 1, 2, 3, 4, 5, 13, 14, 15, 16, 17]   [5]
2   2   [6]   subclone   [0, 1, 2, 3, 4, 5, 18, 19]   [2]
3   2   [7]   subclone   [6, 7, 8, 9, 10, 11, 12, 20, 22, 23, 24, 25, 26, 27, 28, 29]   [9]
4   2   [7]   subclone   [6, 7, 8, 9, 10, 11, 12, 31, 32, 33, 34, 35, 36, 37, 38]   [8]
5   3   [4]   subclone   [6, 7, 8, 9, 10, 11, 12, 31, 32, 33, 34, 35, 36, 37, 38]   [0]
6   1.5   [0]   unobserved subclone   [0, 1, 2, 3, 4, 5]   [6]
7   1.5   [0]   unobserved subclone   [6, 7, 8, 9, 10, 11, 12]   [7]
12
 Total estimated FP  121  True negatives  11705
 Total estimated FN  1373  True positives  5521
 Estimated FP rate  0.02145
 Estimated FN rate  0.1
 No. of Cells in each cluster  {'9_2': 30, '7_2': 38, '11_2': 3, '10_3': 2, '1_3': 498, '1_2': 29}
 Cells in each cluster  {'9_2': [0, 1, 2, 3, 4, 5, 6, 7, 8, 9, 10, 11, 12, 13, 14, 15, 16, 17, 18, 19, 20, 21, 22, 23, 24, 25, 26, 27, 28, 29], '7_2': [30, 31, 32, 33, 34, 35, 36, 37, 38, 39, 40, 41, 42, 43, 44, 45, 46, 47, 48, 49, 50, 51, 52, 53, 54, 55, 56, 57, 58, 59, 60, 61, 62, 63, 64, 65, 66, 67], '11_2': [68, 69, 70], '10_3': [336, 462], '1_3': [288, 301, 520, 558, 104, 111, 135, 156, 157, 158, 161, 168, 174, 238, 248, 250, 271, 273, 300, 328, 348, 350, 352, 373, 400, 448, 459, 486, 495, 497, 561, 593, 102, 103, 110, 112, 113, 114, 115, 118, 123, 125, 126, 128, 129, 130, 132, 134, 138, 143, 147, 148, 149, 150, 152, 153, 154, 159, 162, 164, 165, 169, 170, 172, 173, 178, 179, 180, 182, 184, 186, 187, 188, 190, 192, 193, 195, 200, 201, 203, 204, 206, 207, 210, 211, 213, 215, 216, 219, 220, 222, 223, 225, 226, 227, 231, 233, 234, 235, 236, 239, 240, 241, 242, 244, 245, 246, 251, 252, 254, 255, 257, 258, 259, 260, 262, 265, 266, 267, 268, 270, 277, 278, 279, 281, 282, 283, 285, 287, 289, 290, 294, 297, 298, 299, 309, 310, 313, 314, 316, 319, 320, 324, 325, 326, 327, 330, 331, 332, 333, 334, 335, 338, 340, 341, 349, 353, 355, 356, 357, 358, 359, 361, 362, 363, 364, 370, 371, 376, 378, 380, 381, 383, 384, 385, 386, 387, 388, 389, 391, 395, 396, 398, 399, 401, 405, 408, 409, 411, 414, 417, 418, 422, 423, 424, 425, 427, 428, 429, 430, 431, 433, 434, 436, 438, 439, 440, 442, 444, 445, 446, 447, 450, 452, 453, 458, 460, 461, 466, 467, 468, 470, 471, 472, 474, 475, 476, 477, 478, 479, 480, 483, 484, 485, 487, 489, 491, 492, 494, 496, 500, 501, 502, 503, 504, 505, 506, 507, 508, 509, 510, 511, 513, 514, 515, 516, 518, 519, 521, 523, 526, 527, 528, 531, 532, 533, 534, 535, 536, 540, 541, 542, 544, 547, 549, 550, 552, 553, 556, 563, 565, 568, 569, 571, 576, 579, 580, 581, 582, 583, 584, 586, 588, 589, 590, 592, 596, 597, 598, 276, 291, 377, 441, 512, 530, 570, 121, 124, 141, 145, 146, 151, 155, 163, 166, 177, 185, 198, 212, 217, 224, 229, 249, 263, 275, 284, 302, 308, 311, 321, 323, 329, 337, 343, 360, 368, 394, 406, 407, 410, 412, 456, 457, 465, 482, 524, 529, 538, 554, 562, 573, 575, 591, 594, 101, 105, 106, 107, 108, 116, 117, 119, 120, 122, 127, 131, 133, 136, 137, 139, 140, 160, 167, 175, 176, 181, 189, 191, 194, 196, 197, 202, 209, 214, 218, 221, 228, 232, 237, 243, 256, 261, 264, 272, 274, 280, 286, 292, 295, 296, 303, 305, 306, 307, 317, 322, 339, 342, 344, 346, 351, 354, 367, 369, 372, 374, 375, 379, 382, 390, 393, 402, 403, 404, 415, 416, 419, 421, 432, 435, 437, 443, 455, 473, 490, 493, 498, 499, 517, 522, 525, 537, 539, 545, 548, 555, 559, 560, 564, 567, 572, 577, 578, 585, 587, 100, 142, 144, 253, 304, 345, 365, 366, 392, 397, 420, 451, 454, 463, 488, 551, 574, 595, 599, 109, 171, 183, 199, 205, 208, 230, 247, 269, 293, 312, 315, 318, 347, 413, 426, 449, 464, 469, 481, 543, 546, 557, 566], '1_2': [84, 93, 97, 71, 72, 73, 74, 75, 77, 78, 79, 80, 81, 82, 83, 85, 86, 87, 88, 89, 90, 91, 96, 98, 94, 76, 92, 95, 99]}
FP rate  0.02145 FN rate  0.1
 Before reassigning cells 
 Timepoint  2
 Cluster  9  # of cells  29
 Cluster  7  # of cells  39
 Cluster  11  # of cells  3
 Cluster  1  # of cells  29
 Timepoint  3
 Cluster  10  # of cells  37
 Cluster  1  # of cells  463
 Cells absent at timepoint  2   set()
 Cells absent at timepoint  3   set()
 Timepoint  2
 Timepoint  3
SortedDict({2: {'9': ['1', '2', '3', '4', '5', '6', '7', '8', '9', '10', '11', '12', '13', '14', '15', '16', '17', '18', '19', '20', '21', '22', '23', '24', '25', '26', '27', '28', '29'], '7': ['0', '30', '31', '32', '33', '34', '35', '36', '37', '38', '39', '40', '41', '42', '43', '44', '45', '46', '47', '48', '49', '50', '51', '52', '53', '54', '55', '56', '57', '58', '59', '60', '61', '62', '63', '64', '65', '66', '67'], '11': ['68', '69', '70'], '1': ['71', '72', '73', '74', '75', '76', '77', '78', '79', '80', '81', '82', '83', '84', '85', '86', '87', '88', '89', '90', '91', '92', '93', '94', '95', '96', '97', '98', '99']}, 3: {'10': ['111', '112', '121', '136', '142', '172', '177', '234', '243', '246', '249', '270', '284', '299', '308', '324', '336', '344', '345', '366', '367', '368', '406', '407', '416', '423', '441', '453', '483', '494', '495', '523', '529', '545', '548', '565', '595'], '1': ['100', '101', '102', '103', '104', '105', '106', '107', '108', '109', '110', '113', '114', '115', '116', '117', '118', '119', '120', '122', '123', '124', '125', '126', '127', '128', '129', '130', '131', '132', '133', '134', '135', '137', '138', '139', '140', '141', '143', '144', '145', '146', '147', '148', '149', '150', '151', '152', '153', '154', '155', '156', '157', '158', '159', '160', '161', '162', '163', '164', '165', '166', '167', '168', '169', '170', '171', '173', '174', '175', '176', '178', '179', '180', '181', '182', '183', '184', '185', '186', '187', '188', '189', '190', '191', '192', '193', '194', '195', '196', '197', '198', '199', '200', '201', '202', '203', '204', '205', '206', '207', '208', '209', '210', '211', '212', '213', '214', '215', '216', '217', '218', '219', '220', '221', '222', '223', '224', '225', '226', '227', '228', '229', '230', '231', '232', '233', '235', '236', '237', '238', '239', '240', '241', '242', '244', '245', '247', '248', '250', '251', '252', '253', '254', '255', '256', '257', '258', '259', '260', '261', '262', '263', '264', '265', '266', '267', '268', '269', '271', '272', '273', '274', '275', '276', '277', '278', '279', '280', '281', '282', '283', '285', '286', '287', '288', '289', '290', '291', '292', '293', '294', '295', '296', '297', '298', '300', '301', '302', '303', '304', '305', '306', '307', '309', '310', '311', '312', '313', '314', '315', '316', '317', '318', '319', '320', '321', '322', '323', '325', '326', '327', '328', '329', '330', '331', '332', '333', '334', '335', '337', '338', '339', '340', '341', '342', '343', '346', '347', '348', '349', '350', '351', '352', '353', '354', '355', '356', '357', '358', '359', '360', '361', '362', '363', '364', '365', '369', '370', '371', '372', '373', '374', '375', '376', '377', '378', '379', '380', '381', '382', '383', '384', '385', '386', '387', '388', '389', '390', '391', '392', '393', '394', '395', '396', '397', '398', '399', '400', '401', '402', '403', '404', '405', '408', '409', '410', '411', '412', '413', '414', '415', '417', '418', '419', '420', '421', '422', '424', '425', '426', '427', '428', '429', '430', '431', '432', '433', '434', '435', '436', '437', '438', '439', '440', '442', '443', '444', '445', '446', '447', '448', '449', '450', '451', '452', '454', '455', '456', '457', '458', '459', '460', '461', '462', '463', '464', '465', '466', '467', '468', '469', '470', '471', '472', '473', '474', '475', '476', '477', '478', '479', '480', '481', '482', '484', '485', '486', '487', '488', '489', '490', '491', '492', '493', '496', '497', '498', '499', '500', '501', '502', '503', '504', '505', '506', '507', '508', '509', '510', '511', '512', '513', '514', '515', '516', '517', '518', '519', '520', '521', '522', '524', '525', '526', '527', '528', '530', '531', '532', '533', '534', '535', '536', '537', '538', '539', '540', '541', '542', '543', '544', '546', '547', '549', '550', '551', '552', '553', '554', '555', '556', '557', '558', '559', '560', '561', '562', '563', '564', '566', '567', '568', '569', '570', '571', '572', '573', '574', '575', '576', '577', '578', '579', '580', '581', '582', '583', '584', '585', '586', '587', '588', '589', '590', '591', '592', '593', '594', '596', '597', '598', '599']}})
 Cluster1  10
 Cluster to drop  1
 After reassigning and merging cells 
 Timepoint  2
 Cluster  9  # of cells  29
 Cluster  7  # of cells  39
 Cluster  11  # of cells  3
 Cluster  1  # of cells  29
 Timepoint  3
 Cluster  10  # of cells  500
 Tp cluster cell dict  {'9_2': 29, '7_2': 39, '11_2': 3, '1_2': 29, '10_3': 500}
 New Graph is here 
 ID  0  Timepoint  1  Mutations  []  Type  subclone
 ID  1  Timepoint  2  Mutations  [0, 1, 2, 3, 4, 5, 13, 14, 15, 16, 17]  Type  subclone
 ID  2  Timepoint  2  Mutations  [0, 1, 2, 3, 4, 5, 18, 19]  Type  subclone
 ID  3  Timepoint  2  Mutations  [6, 7, 8, 9, 10, 11, 12, 20, 22, 23, 24, 25, 26, 27, 28, 29]  Type  subclone
 ID  4  Timepoint  2  Mutations  [6, 7, 8, 9, 10, 11, 12, 31, 32, 33, 34, 35, 36, 37, 38]  Type  subclone
 ID  5  Timepoint  3  Mutations  [6, 7, 8, 9, 10, 11, 12, 31, 32, 33, 34, 35, 36, 37, 38]  Type  subclone
Timepoints  SortedDict({1: [0], 2: [1, 2, 3, 4], 3: [5]})
 Clone to nodes  {'9_2': 1, '7_2': 2, '11_2': 3, '1_2': 4, '10_3': 5}
 Timepoint ====  1
 Hash table  {'0,1': [0, 1, 2, 3, 4, 5], '0': [13, 14, 15, 16, 17], '1': [18, 19], '2,3': [6, 7, 8, 9, 10, 11, 12], '2': [20, 22, 23, 24, 25, 26, 27, 28, 29], '3': [31, 32, 33, 34, 35, 36, 37, 38]}
 Final possible usc  [[0, 1, 2, 3, 4, 5], [13, 14, 15, 16, 17], [18, 19], [6, 7, 8, 9, 10, 11, 12], [20, 22, 23, 24, 25, 26, 27, 28, 29], [31, 32, 33, 34, 35, 36, 37, 38]]
 Time  1  USC keys  {'18,19_0', '6,7,8,9,10,11,12_0', '13,14,15,16,17_0', '31,32,33,34,35,36,37,38_0', '0,1,2,3,4,5_0', '20,22,23,24,25,26,27,28,29_0'}
 USC children  {'0,1,2,3,4,5_0': [1, 2], '13,14,15,16,17_0': [1], '18,19_0': [2], '6,7,8,9,10,11,12_0': [3, 4], '20,22,23,24,25,26,27,28,29_0': [3], '31,32,33,34,35,36,37,38_0': [4]}
 USC children  {'0,1,2,3,4,5_0': [1, 2], '13,14,15,16,17_0': [1], '18,19_0': [2], '6,7,8,9,10,11,12_0': [3, 4], '20,22,23,24,25,26,27,28,29_0': [3], '31,32,33,34,35,36,37,38_0': [4]}
 Timepoint ====  2
 Hash table  {}
====== Inside find superset of t nodes ==========
 Final possible usc  []
 Time  2  USC keys  set()
 USC children  {'0,1,2,3,4,5_0': [1, 2], '13,14,15,16,17_0': [1], '18,19_0': [2], '6,7,8,9,10,11,12_0': [3, 4], '20,22,23,24,25,26,27,28,29_0': [3], '31,32,33,34,35,36,37,38_0': [4]}
 USC children  {'0,1,2,3,4,5_0': [1, 2], '13,14,15,16,17_0': [1], '18,19_0': [2], '6,7,8,9,10,11,12_0': [3, 4], '20,22,23,24,25,26,27,28,29_0': [3], '31,32,33,34,35,36,37,38_0': [4]}
 Node s  {'1,2': ['0', '1', '2', '3', '4', '5'], '3,4': ['6', '7', '8', '9', '10', '11', '12']}
 Enroll USC nodes  ['1', '2']  len  2
 Enroll USC nodes  ['3', '4']  len  2
 Node TP  SortedDict({1: [0], 2: [1, 2, 3, 4], 3: [5]})
 Unobserved subclones at timepoints  {1.5: [6, 7]}
 ============== Inside finding node v ============ 
 Time  2
 Time  3
 Sorted all timepoints  [1, 1.5, 2, 3]
 Timepoint  2
 Inside usc_node check  2
 Timepoint  3
0   1   [-1]   subclone   []   []
1   2   [6]   subclone   [0, 1, 2, 3, 4, 5, 13, 14, 15, 16, 17]   [5]
2   2   [6]   subclone   [0, 1, 2, 3, 4, 5, 18, 19]   [2]
3   2   [7]   subclone   [6, 7, 8, 9, 10, 11, 12, 20, 22, 23, 24, 25, 26, 27, 28, 29]   [9]
4   2   [7]   subclone   [6, 7, 8, 9, 10, 11, 12, 31, 32, 33, 34, 35, 36, 37, 38]   [8]
5   3   [4]   subclone   [6, 7, 8, 9, 10, 11, 12, 31, 32, 33, 34, 35, 36, 37, 38]   [0]
6   1.5   [0]   unobserved subclone   [0, 1, 2, 3, 4, 5]   [6]
7   1.5   [0]   unobserved subclone   [6, 7, 8, 9, 10, 11, 12]   [7]
11
 Total estimated FP  119  True negatives  11700
 Total estimated FN  1378  True positives  5523
 Estimated FP rate  0.02109
 Estimated FN rate  0.11
 No. of Cells in each cluster  {'9_2': 30, '7_2': 38, '5_2': 3, '2_2': 29, '2_3': 500}
 Cells in each cluster  {'9_2': [0, 1, 2, 3, 4, 5, 6, 7, 8, 9, 10, 11, 12, 13, 14, 15, 16, 17, 18, 19, 20, 21, 22, 23, 24, 25, 26, 27, 28, 29], '7_2': [30, 31, 32, 33, 34, 35, 36, 37, 38, 39, 40, 41, 42, 43, 44, 45, 46, 47, 48, 49, 50, 51, 52, 53, 54, 55, 56, 57, 58, 59, 60, 61, 62, 63, 64, 65, 66, 67], '5_2': [68, 69, 70], '2_2': [94, 76, 95, 71, 72, 73, 74, 75, 77, 78, 79, 80, 81, 82, 83, 84, 85, 86, 87, 88, 89, 90, 91, 92, 93, 96, 97, 98, 99], '2_3': [198, 249, 336, 368, 412, 457, 462, 524, 575, 100, 109, 144, 180, 205, 208, 230, 247, 283, 312, 349, 380, 397, 463, 469, 531, 551, 557, 566, 568, 365, 366, 451, 454, 574, 174, 199, 250, 269, 300, 315, 318, 337, 370, 373, 386, 407, 413, 444, 448, 456, 464, 465, 470, 486, 497, 542, 543, 553, 573, 593, 101, 122, 124, 127, 137, 142, 145, 146, 163, 171, 228, 232, 248, 253, 272, 280, 293, 295, 307, 317, 323, 344, 345, 367, 390, 392, 402, 403, 416, 420, 421, 426, 449, 459, 473, 481, 488, 490, 493, 514, 538, 546, 548, 554, 587, 594, 599, 276, 291, 377, 441, 512, 530, 570, 102, 103, 104, 105, 106, 107, 108, 110, 111, 112, 113, 114, 115, 116, 117, 118, 119, 120, 121, 123, 125, 126, 128, 129, 130, 131, 132, 134, 135, 138, 139, 140, 141, 143, 147, 148, 149, 150, 151, 152, 153, 154, 155, 156, 157, 158, 159, 160, 161, 162, 164, 165, 166, 167, 168, 169, 170, 172, 173, 175, 177, 178, 179, 181, 182, 183, 184, 185, 186, 187, 188, 189, 190, 192, 193, 195, 197, 200, 201, 202, 203, 204, 206, 207, 209, 210, 211, 212, 213, 214, 215, 216, 217, 218, 219, 220, 222, 223, 224, 225, 226, 227, 229, 231, 233, 234, 235, 236, 237, 238, 239, 240, 241, 242, 243, 244, 245, 246, 251, 252, 254, 255, 256, 257, 258, 259, 260, 261, 262, 263, 264, 265, 266, 267, 268, 270, 271, 273, 274, 275, 277, 278, 279, 281, 282, 284, 285, 286, 287, 289, 290, 292, 294, 296, 297, 298, 299, 302, 303, 304, 305, 306, 308, 309, 310, 311, 313, 314, 316, 319, 320, 321, 322, 324, 325, 326, 327, 328, 329, 330, 331, 332, 333, 334, 335, 338, 339, 340, 341, 342, 343, 346, 347, 348, 350, 351, 352, 353, 354, 355, 356, 357, 358, 359, 360, 361, 362, 363, 364, 369, 371, 374, 375, 376, 378, 381, 382, 383, 384, 385, 387, 388, 389, 391, 393, 394, 395, 396, 398, 399, 400, 401, 405, 406, 408, 409, 410, 411, 414, 415, 417, 418, 422, 423, 424, 425, 427, 428, 429, 430, 431, 432, 433, 434, 436, 437, 438, 439, 440, 442, 443, 445, 446, 447, 450, 452, 453, 455, 458, 460, 461, 466, 467, 468, 471, 472, 474, 475, 476, 477, 478, 479, 480, 482, 483, 484, 485, 487, 489, 491, 492, 494, 495, 496, 498, 499, 500, 501, 502, 503, 504, 505, 506, 507, 508, 509, 510, 511, 513, 515, 516, 517, 518, 519, 521, 522, 523, 525, 526, 527, 528, 529, 532, 533, 534, 535, 536, 537, 539, 540, 541, 544, 545, 547, 549, 550, 552, 555, 556, 559, 560, 561, 562, 563, 564, 565, 567, 569, 571, 572, 576, 577, 579, 580, 581, 582, 583, 584, 586, 588, 589, 590, 591, 592, 595, 596, 597, 598, 133, 136, 176, 191, 194, 196, 221, 288, 301, 372, 379, 404, 419, 435, 520, 558, 578, 585]}
FP rate  0.02109 FN rate  0.11
 Before reassigning cells 
 Timepoint  2
 Cluster  9  # of cells  29
 Cluster  7  # of cells  39
 Cluster  5  # of cells  3
 Cluster  2  # of cells  29
 Timepoint  3
 Cluster  2  # of cells  500
 Cells absent at timepoint  2   set()
 Cells absent at timepoint  3   set()
 Timepoint  2
 Timepoint  3
 After reassigning and merging cells 
 Timepoint  2
 Cluster  9  # of cells  29
 Cluster  7  # of cells  39
 Cluster  5  # of cells  3
 Cluster  2  # of cells  29
 Timepoint  3
 Cluster  2  # of cells  500
 Tp cluster cell dict  {'9_2': 29, '7_2': 39, '5_2': 3, '2_2': 29, '2_3': 500}
 New Graph is here 
 ID  0  Timepoint  1  Mutations  []  Type  subclone
 ID  1  Timepoint  2  Mutations  [0, 1, 2, 3, 4, 5, 13, 14, 15, 16, 17]  Type  subclone
 ID  2  Timepoint  2  Mutations  [0, 1, 2, 3, 4, 5, 18, 19]  Type  subclone
 ID  3  Timepoint  2  Mutations  [6, 7, 8, 9, 10, 11, 12, 20, 21, 22, 23, 24, 25, 26, 27, 28, 29]  Type  subclone
 ID  4  Timepoint  2  Mutations  [6, 7, 8, 9, 10, 11, 12, 31, 32, 33, 34, 35, 36, 37, 38]  Type  subclone
 ID  5  Timepoint  3  Mutations  [6, 7, 8, 9, 10, 11, 12, 31, 32, 33, 34, 35, 36, 37, 38]  Type  subclone
Timepoints  SortedDict({1: [0], 2: [1, 2, 3, 4], 3: [5]})
 Clone to nodes  {'9_2': 1, '7_2': 2, '5_2': 3, '2_2': 4, '2_3': 5}
 Timepoint ====  1
 Hash table  {'0,1': [0, 1, 2, 3, 4, 5], '0': [13, 14, 15, 16, 17], '1': [18, 19], '2,3': [6, 7, 8, 9, 10, 11, 12], '2': [20, 21, 22, 23, 24, 25, 26, 27, 28, 29], '3': [31, 32, 33, 34, 35, 36, 37, 38]}
 Final possible usc  [[0, 1, 2, 3, 4, 5], [13, 14, 15, 16, 17], [18, 19], [6, 7, 8, 9, 10, 11, 12], [20, 21, 22, 23, 24, 25, 26, 27, 28, 29], [31, 32, 33, 34, 35, 36, 37, 38]]
 Time  1  USC keys  {'6,7,8,9,10,11,12_0', '31,32,33,34,35,36,37,38_0', '13,14,15,16,17_0', '20,21,22,23,24,25,26,27,28,29_0', '0,1,2,3,4,5_0', '18,19_0'}
 USC children  {'0,1,2,3,4,5_0': [1, 2], '13,14,15,16,17_0': [1], '18,19_0': [2], '6,7,8,9,10,11,12_0': [3, 4], '20,21,22,23,24,25,26,27,28,29_0': [3], '31,32,33,34,35,36,37,38_0': [4]}
 USC children  {'0,1,2,3,4,5_0': [1, 2], '13,14,15,16,17_0': [1], '18,19_0': [2], '6,7,8,9,10,11,12_0': [3, 4], '20,21,22,23,24,25,26,27,28,29_0': [3], '31,32,33,34,35,36,37,38_0': [4]}
 Timepoint ====  2
 Hash table  {}
====== Inside find superset of t nodes ==========
 Final possible usc  []
 Time  2  USC keys  set()
 USC children  {'0,1,2,3,4,5_0': [1, 2], '13,14,15,16,17_0': [1], '18,19_0': [2], '6,7,8,9,10,11,12_0': [3, 4], '20,21,22,23,24,25,26,27,28,29_0': [3], '31,32,33,34,35,36,37,38_0': [4]}
 USC children  {'0,1,2,3,4,5_0': [1, 2], '13,14,15,16,17_0': [1], '18,19_0': [2], '6,7,8,9,10,11,12_0': [3, 4], '20,21,22,23,24,25,26,27,28,29_0': [3], '31,32,33,34,35,36,37,38_0': [4]}
 Node s  {'1,2': ['0', '1', '2', '3', '4', '5'], '3,4': ['6', '7', '8', '9', '10', '11', '12']}
 Enroll USC nodes  ['1', '2']  len  2
 Enroll USC nodes  ['3', '4']  len  2
 Node TP  SortedDict({1: [0], 2: [1, 2, 3, 4], 3: [5]})
 Unobserved subclones at timepoints  {1.5: [6, 7]}
 ============== Inside finding node v ============ 
 Time  2
 Time  3
 Sorted all timepoints  [1, 1.5, 2, 3]
 Timepoint  2
 Inside usc_node check  2
 Timepoint  3
0   1   [-1]   subclone   []   []
1   2   [6]   subclone   [0, 1, 2, 3, 4, 5, 13, 14, 15, 16, 17]   [5]
2   2   [6]   subclone   [0, 1, 2, 3, 4, 5, 18, 19]   [2]
3   2   [7]   subclone   [6, 7, 8, 9, 10, 11, 12, 20, 21, 22, 23, 24, 25, 26, 27, 28, 29]   [10]
4   2   [7]   subclone   [6, 7, 8, 9, 10, 11, 12, 31, 32, 33, 34, 35, 36, 37, 38]   [8]
5   3   [4]   subclone   [6, 7, 8, 9, 10, 11, 12, 31, 32, 33, 34, 35, 36, 37, 38]   [0]
6   1.5   [0]   unobserved subclone   [0, 1, 2, 3, 4, 5]   [6]
7   1.5   [0]   unobserved subclone   [6, 7, 8, 9, 10, 11, 12]   [7]
10
 Total estimated FP  119  True negatives  11700
 Total estimated FN  1378  True positives  5523
 Estimated FP rate  0.02109
 Estimated FN rate  0.11
 No. of Cells in each cluster  {'9_2': 30, '7_2': 38, '5_2': 3, '6_2': 29, '6_3': 500}
 Cells in each cluster  {'9_2': [0, 1, 2, 3, 4, 5, 6, 7, 8, 9, 10, 11, 12, 13, 14, 15, 16, 17, 18, 19, 20, 21, 22, 23, 24, 25, 26, 27, 28, 29], '7_2': [30, 31, 32, 33, 34, 35, 36, 37, 38, 39, 40, 41, 42, 43, 44, 45, 46, 47, 48, 49, 50, 51, 52, 53, 54, 55, 56, 57, 58, 59, 60, 61, 62, 63, 64, 65, 66, 67], '5_2': [68, 69, 70], '6_2': [94, 85, 71, 73, 72, 74, 75, 76, 77, 78, 79, 80, 81, 82, 83, 84, 86, 87, 88, 89, 90, 91, 92, 93, 95, 96, 97, 98, 99], '6_3': [198, 199, 269, 315, 318, 330, 337, 360, 407, 412, 413, 456, 457, 464, 465, 515, 524, 543, 553, 573, 575, 100, 109, 124, 141, 144, 146, 163, 171, 177, 180, 183, 205, 208, 212, 230, 232, 247, 248, 280, 293, 312, 323, 345, 347, 397, 426, 449, 454, 459, 463, 469, 481, 490, 511, 538, 546, 551, 554, 557, 566, 594, 142, 253, 365, 366, 392, 451, 574, 599, 123, 134, 145, 164, 179, 187, 193, 216, 266, 283, 289, 333, 336, 349, 378, 380, 381, 387, 458, 462, 500, 508, 523, 531, 532, 534, 541, 568, 587, 591, 101, 102, 103, 104, 105, 106, 107, 108, 110, 111, 112, 113, 114, 115, 116, 117, 118, 119, 120, 121, 122, 125, 126, 127, 128, 129, 130, 131, 132, 133, 135, 136, 137, 138, 139, 140, 143, 147, 148, 149, 150, 151, 152, 153, 154, 155, 156, 157, 158, 159, 160, 161, 162, 165, 166, 167, 168, 169, 170, 172, 173, 175, 176, 178, 181, 182, 184, 185, 186, 188, 189, 190, 191, 192, 194, 195, 196, 197, 200, 201, 202, 203, 204, 206, 207, 209, 210, 211, 213, 214, 215, 217, 218, 219, 220, 221, 222, 223, 224, 225, 226, 227, 228, 229, 231, 233, 234, 235, 236, 237, 238, 239, 240, 241, 242, 243, 244, 245, 246, 249, 251, 252, 254, 255, 256, 257, 258, 259, 260, 261, 262, 263, 264, 265, 267, 268, 270, 271, 272, 273, 274, 275, 277, 278, 279, 281, 282, 284, 285, 286, 287, 290, 292, 294, 295, 296, 297, 298, 299, 302, 303, 304, 305, 306, 307, 308, 309, 310, 311, 313, 314, 316, 317, 319, 320, 321, 322, 324, 325, 326, 327, 328, 329, 331, 332, 334, 335, 338, 339, 340, 341, 342, 343, 344, 346, 348, 350, 351, 352, 353, 354, 355, 356, 357, 358, 359, 361, 362, 363, 364, 367, 368, 369, 370, 371, 372, 374, 375, 376, 379, 382, 383, 384, 385, 386, 388, 389, 390, 391, 393, 394, 395, 396, 398, 399, 400, 401, 402, 403, 404, 405, 406, 408, 409, 410, 411, 414, 415, 416, 417, 418, 419, 420, 421, 422, 423, 424, 425, 427, 428, 429, 430, 431, 432, 433, 434, 435, 436, 437, 438, 439, 440, 442, 443, 444, 445, 446, 447, 450, 452, 453, 455, 460, 461, 466, 467, 468, 470, 471, 472, 473, 474, 475, 476, 477, 478, 479, 480, 482, 483, 484, 485, 487, 488, 489, 491, 492, 493, 494, 495, 496, 498, 499, 501, 502, 503, 504, 505, 506, 507, 509, 510, 513, 514, 516, 517, 518, 519, 521, 522, 525, 526, 527, 528, 529, 533, 535, 536, 537, 539, 540, 542, 544, 545, 547, 548, 549, 550, 552, 555, 556, 559, 560, 561, 562, 563, 564, 565, 567, 569, 571, 572, 576, 577, 578, 579, 580, 581, 582, 583, 584, 585, 586, 588, 589, 590, 592, 595, 596, 597, 598, 288, 301, 520, 558, 174, 250, 276, 291, 300, 373, 377, 441, 448, 486, 497, 512, 530, 570, 593]}
FP rate  0.02109 FN rate  0.11
 Before reassigning cells 
 Timepoint  2
 Cluster  9  # of cells  29
 Cluster  7  # of cells  39
 Cluster  5  # of cells  3
 Cluster  6  # of cells  29
 Timepoint  3
 Cluster  6  # of cells  500
 Cells absent at timepoint  2   set()
 Cells absent at timepoint  3   set()
 Timepoint  2
 Timepoint  3
 After reassigning and merging cells 
 Timepoint  2
 Cluster  9  # of cells  29
 Cluster  7  # of cells  39
 Cluster  5  # of cells  3
 Cluster  6  # of cells  29
 Timepoint  3
 Cluster  6  # of cells  500
 Tp cluster cell dict  {'9_2': 29, '7_2': 39, '5_2': 3, '6_2': 29, '6_3': 500}
 New Graph is here 
 ID  0  Timepoint  1  Mutations  []  Type  subclone
 ID  1  Timepoint  2  Mutations  [0, 1, 2, 3, 4, 5, 13, 14, 15, 16, 17]  Type  subclone
 ID  2  Timepoint  2  Mutations  [0, 1, 2, 3, 4, 5, 18, 19]  Type  subclone
 ID  3  Timepoint  2  Mutations  [6, 7, 8, 9, 10, 11, 12, 20, 22, 23, 24, 25, 26, 27, 28, 29]  Type  subclone
 ID  4  Timepoint  2  Mutations  [6, 7, 8, 9, 10, 11, 12, 31, 32, 33, 34, 35, 36, 37, 38]  Type  subclone
 ID  5  Timepoint  3  Mutations  [6, 7, 8, 9, 10, 11, 12, 31, 32, 33, 34, 35, 36, 37, 38]  Type  subclone
Timepoints  SortedDict({1: [0], 2: [1, 2, 3, 4], 3: [5]})
 Clone to nodes  {'9_2': 1, '7_2': 2, '5_2': 3, '6_2': 4, '6_3': 5}
 Timepoint ====  1
 Hash table  {'0,1': [0, 1, 2, 3, 4, 5], '0': [13, 14, 15, 16, 17], '1': [18, 19], '2,3': [6, 7, 8, 9, 10, 11, 12], '2': [20, 22, 23, 24, 25, 26, 27, 28, 29], '3': [31, 32, 33, 34, 35, 36, 37, 38]}
 Final possible usc  [[0, 1, 2, 3, 4, 5], [13, 14, 15, 16, 17], [18, 19], [6, 7, 8, 9, 10, 11, 12], [20, 22, 23, 24, 25, 26, 27, 28, 29], [31, 32, 33, 34, 35, 36, 37, 38]]
 Time  1  USC keys  {'13,14,15,16,17_0', '31,32,33,34,35,36,37,38_0', '6,7,8,9,10,11,12_0', '20,22,23,24,25,26,27,28,29_0', '0,1,2,3,4,5_0', '18,19_0'}
 USC children  {'0,1,2,3,4,5_0': [1, 2], '13,14,15,16,17_0': [1], '18,19_0': [2], '6,7,8,9,10,11,12_0': [3, 4], '20,22,23,24,25,26,27,28,29_0': [3], '31,32,33,34,35,36,37,38_0': [4]}
 USC children  {'0,1,2,3,4,5_0': [1, 2], '13,14,15,16,17_0': [1], '18,19_0': [2], '6,7,8,9,10,11,12_0': [3, 4], '20,22,23,24,25,26,27,28,29_0': [3], '31,32,33,34,35,36,37,38_0': [4]}
 Timepoint ====  2
 Hash table  {}
====== Inside find superset of t nodes ==========
 Final possible usc  []
 Time  2  USC keys  set()
 USC children  {'0,1,2,3,4,5_0': [1, 2], '13,14,15,16,17_0': [1], '18,19_0': [2], '6,7,8,9,10,11,12_0': [3, 4], '20,22,23,24,25,26,27,28,29_0': [3], '31,32,33,34,35,36,37,38_0': [4]}
 USC children  {'0,1,2,3,4,5_0': [1, 2], '13,14,15,16,17_0': [1], '18,19_0': [2], '6,7,8,9,10,11,12_0': [3, 4], '20,22,23,24,25,26,27,28,29_0': [3], '31,32,33,34,35,36,37,38_0': [4]}
 Node s  {'1,2': ['0', '1', '2', '3', '4', '5'], '3,4': ['6', '7', '8', '9', '10', '11', '12']}
 Enroll USC nodes  ['1', '2']  len  2
 Enroll USC nodes  ['3', '4']  len  2
 Node TP  SortedDict({1: [0], 2: [1, 2, 3, 4], 3: [5]})
 Unobserved subclones at timepoints  {1.5: [6, 7]}
 ============== Inside finding node v ============ 
 Time  2
 Time  3
 Sorted all timepoints  [1, 1.5, 2, 3]
 Timepoint  2
 Inside usc_node check  2
 Timepoint  3
0   1   [-1]   subclone   []   []
1   2   [6]   subclone   [0, 1, 2, 3, 4, 5, 13, 14, 15, 16, 17]   [5]
2   2   [6]   subclone   [0, 1, 2, 3, 4, 5, 18, 19]   [2]
3   2   [7]   subclone   [6, 7, 8, 9, 10, 11, 12, 20, 22, 23, 24, 25, 26, 27, 28, 29]   [9]
4   2   [7]   subclone   [6, 7, 8, 9, 10, 11, 12, 31, 32, 33, 34, 35, 36, 37, 38]   [8]
5   3   [4]   subclone   [6, 7, 8, 9, 10, 11, 12, 31, 32, 33, 34, 35, 36, 37, 38]   [0]
6   1.5   [0]   unobserved subclone   [0, 1, 2, 3, 4, 5]   [6]
7   1.5   [0]   unobserved subclone   [6, 7, 8, 9, 10, 11, 12]   [7]
 List of tree files  ['all_trees/mc2_rep1_m1_tree.csv', 'all_trees/mc2_rep1_m2_tree.csv', 'all_trees/mc2_rep1_m3_tree.csv', 'all_trees/mc2_rep1_m4_tree.csv', 'all_trees/mc2_rep1_m5_tree.csv']
{'1': ['0', '1', '2', '3', '4', '5', '13', '14', '15', '16', '17'], '2': ['0', '1', '2', '3', '4', '5', '18', '19'], '3': ['6', '7', '8', '9', '10', '11', '12', '20', '22', '23', '24', '25', '26', '27', '28', '29'], '4': ['6', '7', '8', '9', '10', '11', '12', '31', '32', '33', '34', '35', '36', '37', '38'], '5': ['6', '7', '8', '9', '10', '11', '12', '31', '32', '33', '34', '35', '36', '37', '38'], '6': ['0', '1', '2', '3', '4', '5'], '7': ['6', '7', '8', '9', '10', '11', '12']}
 Actual mutation of  1   ['17', '16', '14', '15', '13']
 Actual mutation of  2   ['19', '18']
 Actual mutation of  3   ['25', '20', '22', '29', '24', '27', '26', '28', '23']
 Actual mutation of  4   ['33', '34', '36', '32', '35', '31', '37', '38']
 Actual mutation of  5   []
 Updated node mutation  {'1': ['17', '16', '14', '15', '13'], '2': ['19', '18'], '3': ['25', '20', '22', '29', '24', '27', '26', '28', '23'], '4': ['33', '34', '36', '32', '35', '31', '37', '38'], '5': [], '6': ['0', '1', '2', '3', '4', '5'], '7': ['6', '7', '8', '9', '10', '11', '12']}
{'1': ['0', '1', '2', '3', '4', '5', '13', '14', '15', '16', '17'], '2': ['0', '1', '2', '3', '4', '5', '18', '19'], '3': ['6', '7', '8', '9', '10', '11', '12', '20', '22', '23', '24', '25', '26', '27', '28', '29'], '4': ['6', '7', '8', '9', '10', '11', '12', '31', '32', '33', '34', '35', '36', '37', '38'], '5': ['6', '7', '8', '9', '10', '11', '12', '31', '32', '33', '34', '35', '36', '37', '38'], '6': ['0', '1', '2', '3', '4', '5'], '7': ['6', '7', '8', '9', '10', '11', '12']}
 Actual mutation of  1   ['17', '16', '14', '15', '13']
 Actual mutation of  2   ['19', '18']
 Actual mutation of  3   ['25', '20', '22', '29', '24', '27', '26', '28', '23']
 Actual mutation of  4   ['33', '34', '36', '32', '35', '31', '37', '38']
 Actual mutation of  5   []
 Updated node mutation  {'1': ['17', '16', '14', '15', '13'], '2': ['19', '18'], '3': ['25', '20', '22', '29', '24', '27', '26', '28', '23'], '4': ['33', '34', '36', '32', '35', '31', '37', '38'], '5': [], '6': ['0', '1', '2', '3', '4', '5'], '7': ['6', '7', '8', '9', '10', '11', '12']}
{'1': ['0', '1', '2', '3', '4', '5', '13', '14', '15', '16', '17'], '2': ['0', '1', '2', '3', '4', '5', '18', '19'], '3': ['6', '7', '8', '9', '10', '11', '12', '20', '22', '23', '24', '25', '26', '27', '28', '29'], '4': ['6', '7', '8', '9', '10', '11', '12', '31', '32', '33', '34', '35', '36', '37', '38'], '5': ['6', '7', '8', '9', '10', '11', '12', '31', '32', '33', '34', '35', '36', '37', '38'], '6': ['0', '1', '2', '3', '4', '5'], '7': ['6', '7', '8', '9', '10', '11', '12']}
 Actual mutation of  1   ['17', '16', '14', '15', '13']
 Actual mutation of  2   ['19', '18']
 Actual mutation of  3   ['25', '20', '22', '29', '24', '27', '26', '28', '23']
 Actual mutation of  4   ['33', '34', '36', '32', '35', '31', '37', '38']
 Actual mutation of  5   []
 Updated node mutation  {'1': ['17', '16', '14', '15', '13'], '2': ['19', '18'], '3': ['25', '20', '22', '29', '24', '27', '26', '28', '23'], '4': ['33', '34', '36', '32', '35', '31', '37', '38'], '5': [], '6': ['0', '1', '2', '3', '4', '5'], '7': ['6', '7', '8', '9', '10', '11', '12']}
{'1': ['0', '1', '2', '3', '4', '5', '13', '14', '15', '16', '17'], '2': ['0', '1', '2', '3', '4', '5', '18', '19'], '3': ['6', '7', '8', '9', '10', '11', '12', '20', '21', '22', '23', '24', '25', '26', '27', '28', '29'], '4': ['6', '7', '8', '9', '10', '11', '12', '31', '32', '33', '34', '35', '36', '37', '38'], '5': ['6', '7', '8', '9', '10', '11', '12', '31', '32', '33', '34', '35', '36', '37', '38'], '6': ['0', '1', '2', '3', '4', '5'], '7': ['6', '7', '8', '9', '10', '11', '12']}
 Actual mutation of  1   ['17', '16', '14', '15', '13']
 Actual mutation of  2   ['19', '18']
 Actual mutation of  3   ['25', '21', '20', '22', '29', '24', '27', '26', '28', '23']
 Actual mutation of  4   ['33', '34', '36', '32', '35', '31', '37', '38']
 Actual mutation of  5   []
 Updated node mutation  {'1': ['17', '16', '14', '15', '13'], '2': ['19', '18'], '3': ['25', '21', '20', '22', '29', '24', '27', '26', '28', '23'], '4': ['33', '34', '36', '32', '35', '31', '37', '38'], '5': [], '6': ['0', '1', '2', '3', '4', '5'], '7': ['6', '7', '8', '9', '10', '11', '12']}
{'1': ['0', '1', '2', '3', '4', '5', '13', '14', '15', '16', '17'], '2': ['0', '1', '2', '3', '4', '5', '18', '19'], '3': ['6', '7', '8', '9', '10', '11', '12', '20', '22', '23', '24', '25', '26', '27', '28', '29'], '4': ['6', '7', '8', '9', '10', '11', '12', '31', '32', '33', '34', '35', '36', '37', '38'], '5': ['6', '7', '8', '9', '10', '11', '12', '31', '32', '33', '34', '35', '36', '37', '38'], '6': ['0', '1', '2', '3', '4', '5'], '7': ['6', '7', '8', '9', '10', '11', '12']}
 Actual mutation of  1   ['17', '16', '14', '15', '13']
 Actual mutation of  2   ['19', '18']
 Actual mutation of  3   ['25', '20', '22', '29', '24', '27', '26', '28', '23']
 Actual mutation of  4   ['33', '34', '36', '32', '35', '31', '37', '38']
 Actual mutation of  5   []
 Updated node mutation  {'1': ['17', '16', '14', '15', '13'], '2': ['19', '18'], '3': ['25', '20', '22', '29', '24', '27', '26', '28', '23'], '4': ['33', '34', '36', '32', '35', '31', '37', '38'], '5': [], '6': ['0', '1', '2', '3', '4', '5'], '7': ['6', '7', '8', '9', '10', '11', '12']}
 Parallel mutation count  {'m1': 0, 'm2': 0, 'm3': 0, 'm4': 0, 'm5': 0}
 Clusters with least parallel mutations  ['m1', 'm2', 'm3', 'm4', 'm5']
 Cluster nos for each run  {'m1': 25, 'm2': 7, 'm3': 12, 'm4': 11, 'm5': 10}
 Run  m2
 Base path  ['mc2', 'rep1', 'm1', 'tree.csv']
 Best tree path  mc2_rep1_m2_tree.csv
