
DPMM with:
	600 cells
	59 mutations
	learning errors

	Priors:
	params.:	Beta(0.25,0.25)
	CRP a_0:	Gamma(24.49,1)
	FP:		trunc norm(0.01,0.01)
	FN:		trunc norm(0.2,0.1)

Move probabilitites:
	Split/merge:	0.33
		split/merge ratio:	[0.75, 0.25]
		intermediate Gibbs:	3
	CRP a_0 update:	0.25
	Errors update:	0.25

Run MCMC with (1 chains for 5000 steps):

Clustering time:	0:13:24.988577	(0.16 secs. per MCMC step)	Lugsail PSRF:		1.00903

Chain mean - posterior clusters	(#3):
	3 clusters

	A: 423 items
	B: 94 items
	C: 83 items

Inferred latent variables	--	chain mean - posterior
	CRP a_0:	95.1 +- 18.0
	FP (model|genotypes): 2.3E-03 +- 8.3E-04	|	7.9E-03
	FN (model|genotypes): 0.130   +- 0.010	|	0.160

Writing output to: ./sim_output/sp5/rep2/m4

Too many cells to plot genotypes/clusters
