7
 Total estimated FP  73  True negatives  6893
 Total estimated FN  1467  True positives  5967
 Estimated FP rate  0.01209
 Estimated FN rate  0.18
 No. of Cells in each cluster  {'5_2': 5, '5_3': 9, '6_2': 95, '6_3': 42, '3_3': 5, '1_3': 2, '0_3': 442}
 Cells in each cluster  {'5_2': [0, 1, 10, 46, 78], '5_3': [589, 590, 591, 592, 593, 594, 595, 596, 597], '6_2': [2, 3, 4, 5, 6, 7, 8, 9, 11, 12, 13, 14, 15, 16, 17, 18, 19, 20, 21, 22, 23, 24, 25, 26, 27, 28, 29, 30, 31, 32, 33, 34, 35, 36, 37, 38, 39, 40, 41, 42, 43, 44, 45, 47, 48, 49, 50, 51, 52, 53, 54, 55, 56, 57, 58, 59, 60, 61, 62, 63, 64, 65, 66, 67, 68, 69, 70, 71, 72, 73, 74, 75, 76, 77, 79, 80, 81, 82, 83, 84, 85, 86, 87, 88, 89, 90, 91, 92, 93, 94, 95, 96, 97, 98, 99], '6_3': [100, 101, 102, 103, 104, 105, 106, 107, 108, 109, 110, 111, 112, 113, 114, 115, 116, 117, 118, 119, 120, 121, 122, 123, 124, 125, 126, 127, 128, 129, 130, 131, 132, 133, 134, 135, 136, 137, 138, 139, 140, 463], '3_3': [163, 218, 388, 458, 544], '1_3': [598, 599], '0_3': [142, 150, 154, 156, 158, 162, 164, 172, 178, 179, 185, 190, 192, 214, 216, 220, 226, 230, 241, 253, 256, 262, 265, 268, 273, 284, 287, 291, 292, 294, 297, 304, 308, 328, 330, 331, 334, 337, 343, 349, 362, 363, 367, 370, 374, 377, 379, 394, 397, 399, 402, 406, 416, 418, 420, 436, 440, 449, 453, 461, 469, 470, 483, 485, 492, 502, 504, 507, 525, 531, 533, 540, 550, 555, 566, 567, 584, 585, 587, 209, 217, 258, 264, 266, 269, 281, 301, 310, 409, 460, 480, 515, 522, 532, 539, 547, 141, 143, 144, 145, 146, 147, 148, 149, 151, 152, 153, 155, 157, 159, 160, 161, 165, 166, 167, 168, 169, 170, 171, 173, 174, 175, 176, 177, 180, 181, 182, 183, 184, 186, 187, 188, 189, 191, 193, 194, 195, 196, 197, 198, 199, 200, 201, 202, 203, 204, 205, 206, 207, 208, 210, 211, 212, 213, 215, 219, 221, 222, 223, 224, 225, 227, 228, 229, 231, 232, 233, 234, 235, 236, 237, 238, 239, 240, 242, 243, 244, 245, 246, 247, 248, 249, 250, 251, 252, 254, 255, 257, 259, 260, 261, 263, 267, 270, 271, 272, 274, 275, 276, 277, 278, 279, 280, 282, 283, 285, 286, 288, 289, 290, 293, 295, 296, 298, 299, 300, 302, 303, 305, 306, 307, 309, 311, 312, 313, 314, 315, 316, 317, 318, 319, 320, 321, 322, 323, 324, 325, 326, 327, 329, 332, 333, 335, 336, 338, 339, 340, 341, 342, 344, 345, 346, 347, 348, 350, 351, 352, 353, 354, 355, 356, 357, 358, 359, 360, 361, 364, 365, 366, 368, 369, 371, 372, 373, 375, 376, 378, 380, 381, 382, 383, 384, 385, 386, 387, 389, 390, 391, 392, 393, 395, 396, 398, 400, 401, 403, 404, 405, 407, 408, 410, 411, 412, 413, 414, 415, 417, 419, 421, 422, 423, 424, 425, 426, 427, 428, 429, 430, 431, 432, 433, 434, 435, 437, 438, 439, 441, 442, 443, 444, 445, 446, 447, 448, 450, 451, 452, 454, 455, 456, 457, 459, 462, 464, 465, 466, 467, 468, 471, 472, 473, 474, 475, 476, 477, 478, 479, 481, 482, 484, 486, 487, 488, 489, 490, 491, 493, 494, 495, 496, 497, 498, 499, 500, 501, 503, 505, 506, 508, 509, 510, 511, 512, 513, 514, 516, 517, 518, 519, 520, 521, 523, 524, 526, 527, 528, 529, 530, 534, 535, 536, 537, 538, 541, 542, 543, 545, 546, 548, 549, 551, 552, 553, 554, 556, 557, 558, 559, 560, 561, 562, 563, 564, 565, 568, 569, 570, 571, 572, 573, 574, 575, 576, 577, 578, 579, 580, 581, 582, 583, 586, 588]}
FP rate  0.01209 FN rate  0.18
 Before reassigning cells 
 Timepoint  2
 Cluster  5  # of cells  4
 Cluster  6  # of cells  96
 Timepoint  3
 Cluster  5  # of cells  10
 Cluster  6  # of cells  43
 Cluster  3  # of cells  14
 Cluster  1  # of cells  2
 Cluster  0  # of cells  426
 Cells absent at timepoint  3   {554, 334, 335, 239, 182}
 Missing cell prob  {'5': 2.6367870424591023e-11, '6': 5.937079364957375e-11, '3': 7.599559703299463e-06, '1': 4.284577457830005e-16, '0': 7.599559703299463e-06}
 Missing cell prob  {'5': 5.648959637395337e-12, '6': 3.2113397111207985e-07, '3': 1.3174652592845393e-07, '1': 9.179127753905832e-17, '0': 2.9664495763190847e-07}
 Missing cell prob  {'5': 5.857023645451642e-22, '6': 2.258303496669114e-15, '3': 0.00271675385002906, '1': 1.1761225994237607e-25, '0': 0.00271675385002906}
 Missing cell prob  {'5': 1.7075797512816842e-12, '6': 9.70730721617455e-08, '3': 3.3379661110247133e-05, '1': 5.055557595926203e-18, '0': 3.3379661110247133e-05}
 Missing cell prob  {'5': 2.717765161017495e-16, '6': 2.2779393337258304e-13, '3': 0.004040383477140183, '1': 2.42376073869367e-20, '0': 0.004040383477140183}
 Cells absent at timepoint  2   set()
 Timepoint  2
 Timepoint  3
SortedDict({2: {'5': ['0', '1', '10', '46'], '6': ['2', '3', '4', '5', '6', '7', '8', '9', '11', '12', '13', '14', '15', '16', '17', '18', '19', '20', '21', '22', '23', '24', '25', '26', '27', '28', '29', '30', '31', '32', '33', '34', '35', '36', '37', '38', '39', '40', '41', '42', '43', '44', '45', '47', '48', '49', '50', '51', '52', '53', '54', '55', '56', '57', '58', '59', '60', '61', '62', '63', '64', '65', '66', '67', '68', '69', '70', '71', '72', '73', '74', '75', '76', '77', '78', '79', '80', '81', '82', '83', '84', '85', '86', '87', '88', '89', '90', '91', '92', '93', '94', '95', '96', '97', '98', '99']}, 3: {'5': ['128', '589', '590', '591', '592', '593', '594', '595', '596', '597'], '6': ['100', '101', '102', '103', '104', '105', '106', '107', '108', '109', '110', '111', '112', '113', '114', '115', '116', '117', '118', '119', '120', '121', '122', '123', '124', '125', '126', '127', '129', '130', '131', '132', '133', '134', '135', '136', '137', '138', '139', '140', '281', '387', '463', '334'], '3': ['154', '159', '164', '218', '274', '283', '325', '388', '394', '458', '461', '504', '544', '584', '554', '335', '239', '182'], '1': ['598', '599'], '0': ['141', '142', '143', '144', '145', '146', '147', '148', '149', '150', '151', '152', '153', '155', '156', '157', '158', '160', '161', '162', '163', '165', '166', '167', '168', '169', '170', '171', '172', '173', '174', '175', '176', '177', '178', '179', '180', '181', '183', '184', '185', '186', '187', '188', '189', '190', '191', '192', '193', '194', '195', '196', '197', '198', '199', '200', '201', '202', '203', '204', '205', '206', '207', '208', '209', '210', '211', '212', '213', '214', '215', '216', '217', '219', '220', '221', '222', '223', '224', '225', '226', '227', '228', '229', '230', '231', '232', '233', '234', '235', '236', '237', '238', '240', '241', '242', '243', '244', '245', '246', '247', '248', '249', '250', '251', '252', '253', '254', '255', '256', '257', '258', '259', '260', '261', '262', '263', '264', '265', '266', '267', '268', '269', '270', '271', '272', '273', '275', '276', '277', '278', '279', '280', '282', '284', '285', '286', '287', '288', '289', '290', '291', '292', '293', '294', '295', '296', '297', '298', '299', '300', '301', '302', '303', '304', '305', '306', '307', '308', '309', '310', '311', '312', '313', '314', '315', '316', '317', '318', '319', '320', '321', '322', '323', '324', '326', '327', '328', '329', '330', '331', '332', '333', '336', '337', '338', '339', '340', '341', '342', '343', '344', '345', '346', '347', '348', '349', '350', '351', '352', '353', '354', '355', '356', '357', '358', '359', '360', '361', '362', '363', '364', '365', '366', '367', '368', '369', '370', '371', '372', '373', '374', '375', '376', '377', '378', '379', '380', '381', '382', '383', '384', '385', '386', '389', '390', '391', '392', '393', '395', '396', '397', '398', '399', '400', '401', '402', '403', '404', '405', '406', '407', '408', '409', '410', '411', '412', '413', '414', '415', '416', '417', '418', '419', '420', '421', '422', '423', '424', '425', '426', '427', '428', '429', '430', '431', '432', '433', '434', '435', '436', '437', '438', '439', '440', '441', '442', '443', '444', '445', '446', '447', '448', '449', '450', '451', '452', '453', '454', '455', '456', '457', '459', '460', '462', '464', '465', '466', '467', '468', '469', '470', '471', '472', '473', '474', '475', '476', '477', '478', '479', '480', '481', '482', '483', '484', '485', '486', '487', '488', '489', '490', '491', '492', '493', '494', '495', '496', '497', '498', '499', '500', '501', '502', '503', '505', '506', '507', '508', '509', '510', '511', '512', '513', '514', '515', '516', '517', '518', '519', '520', '521', '522', '523', '524', '525', '526', '527', '528', '529', '530', '531', '532', '533', '534', '535', '536', '537', '538', '539', '540', '541', '542', '543', '545', '546', '547', '548', '549', '550', '551', '552', '553', '555', '556', '557', '558', '559', '560', '561', '562', '563', '564', '565', '566', '567', '568', '569', '570', '571', '572', '573', '574', '575', '576', '577', '578', '579', '580', '581', '582', '583', '585', '586', '587', '588']}})
 Cluster1  3
 Cluster to drop  0
 After reassigning and merging cells 
 Timepoint  2
 Cluster  5  # of cells  4
 Cluster  6  # of cells  96
 Timepoint  3
 Cluster  5  # of cells  10
 Cluster  6  # of cells  44
 Cluster  3  # of cells  444
 Cluster  1  # of cells  2
 Tp cluster cell dict  {'5_2': 4, '6_2': 96, '5_3': 10, '6_3': 44, '3_3': 444, '1_3': 2}
 New Graph is here 
 ID  0  Timepoint  1  Mutations  []  Type  subclone
 ID  1  Timepoint  2  Mutations  [0, 1, 2, 3]  Type  subclone
 ID  2  Timepoint  2  Mutations  [0, 1, 2, 3, 11, 12, 13, 14, 15]  Type  subclone
 ID  3  Timepoint  3  Mutations  [0, 1, 2, 3]  Type  subclone
 ID  4  Timepoint  3  Mutations  [0, 1, 2, 3, 11, 12, 13, 14, 15]  Type  subclone
 ID  5  Timepoint  3  Mutations  [0, 1, 2, 3, 11, 12, 13, 14, 15, 16, 17, 18, 19, 20, 21, 22, 23, 24]  Type  subclone
 ID  6  Timepoint  3  Mutations  [0, 1, 2, 7, 25, 26, 28, 29]  Type  subclone
Timepoints  SortedDict({1: [0], 2: [1, 2], 3: [3, 4, 5, 6]})
 Clone to nodes  {'5_2': 1, '6_2': 2, '5_3': 3, '6_3': 4, '3_3': 5, '1_3': 6}
 Timepoint ====  1
 Hash table  {'0,1': [0, 1, 2, 3], '1': [11, 12, 13, 14, 15]}
 Final possible usc  [[0, 1, 2, 3], [11, 12, 13, 14, 15]]
 Time  1  USC keys  {'11,12,13,14,15_0', '0,1,2,3_0'}
 USC children  {'0,1,2,3_0': [1, 2], '11,12,13,14,15_0': [2]}
 USC children  {'0,1,2,3_0': [1, 2], '11,12,13,14,15_0': [2]}
 Timepoint ====  2
 Hash table  {'0,1': [0, 1, 2], '0': [3, 11, 12, 13, 14, 15, 16, 17, 18, 19, 20, 21, 22, 23, 24], '1': [7, 25, 26, 28, 29]}
====== Inside find superset of t nodes ==========
 Final possible usc  []
 Time  2  USC keys  set()
 USC children  {'0,1,2,3_0': [1, 2], '11,12,13,14,15_0': [2]}
 USC children  {'0,1,2,3_0': [1, 2], '11,12,13,14,15_0': [2]}
 Node s  {'1,2': ['0', '1', '2', '3']}
 Enroll USC nodes  ['1', '2']  len  2
 Node TP  SortedDict({1: [0], 2: [1, 2], 3: [3, 4, 5, 6]})
 Unobserved subclones at timepoints  {1.5: [7]}
 ============== Inside finding node v ============ 
 Time  2
 Time  3
 largest_v_mut  [[0, 1, 2, 3, 11, 12, 13, 14, 15]]
 largest_v_mut  []
 Sorted all timepoints  [1, 1.5, 2, 3]
 Timepoint  2
 Inside usc_node check  2
 Timepoint  3
 Node  6  has no parent 
 USC nodes  []
 Node with minimum mutation sets  {1: 1, 2: 6}
0   1   [-1]   subclone   []   []
1   2   [7]   subclone   [0, 1, 2, 3]   [0]
2   2   [7]   subclone   [0, 1, 2, 3, 11, 12, 13, 14, 15]   [5]
3   3   [1]   subclone   [0, 1, 2, 3]   [0]
4   3   [2]   subclone   [0, 1, 2, 3, 11, 12, 13, 14, 15]   [0]
5   3   [2]   subclone   [0, 1, 2, 3, 11, 12, 13, 14, 15, 16, 17, 18, 19, 20, 21, 22, 23, 24]   [9]
6   3   [1]   subclone   [0, 1, 2, 7, 25, 26, 28, 29]   [5]
7   1.5   [0]   unobserved subclone   [0, 1, 2, 3]   [4]
8
 Total estimated FP  81  True negatives  6897
 Total estimated FN  1463  True positives  5959
 Estimated FP rate  0.01341
 Estimated FN rate  0.17
 No. of Cells in each cluster  {'5_2': 4, '5_3': 9, '6_2': 96, '6_3': 42, '1_3': 5, '7_3': 1, '3_3': 1, '0_3': 442}
 Cells in each cluster  {'5_2': [0, 1, 10, 46], '5_3': [589, 590, 591, 592, 593, 594, 595, 596, 597], '6_2': [2, 3, 4, 5, 6, 7, 8, 9, 11, 12, 13, 14, 15, 16, 17, 18, 19, 20, 21, 22, 23, 24, 25, 26, 27, 28, 29, 30, 31, 32, 33, 34, 35, 36, 37, 38, 39, 40, 41, 42, 43, 44, 45, 47, 48, 49, 50, 51, 52, 53, 54, 55, 56, 57, 58, 59, 60, 61, 62, 63, 64, 65, 66, 67, 68, 69, 70, 71, 72, 73, 74, 75, 76, 77, 78, 79, 80, 81, 82, 83, 84, 85, 86, 87, 88, 89, 90, 91, 92, 93, 94, 95, 96, 97, 98, 99], '6_3': [100, 101, 102, 103, 104, 105, 106, 107, 108, 109, 110, 111, 112, 113, 114, 115, 116, 117, 118, 119, 120, 121, 122, 123, 124, 125, 126, 127, 128, 129, 130, 131, 132, 133, 134, 135, 136, 137, 138, 139, 140, 463], '1_3': [163, 218, 388, 458, 544], '7_3': [598], '3_3': [599], '0_3': [178, 268, 313, 334, 371, 377, 382, 394, 420, 461, 469, 502, 584, 149, 171, 194, 195, 209, 215, 217, 236, 237, 249, 258, 266, 269, 272, 281, 298, 301, 310, 327, 329, 368, 381, 389, 409, 426, 460, 480, 515, 516, 518, 522, 539, 547, 554, 568, 581, 141, 142, 143, 144, 145, 146, 147, 148, 150, 151, 152, 153, 154, 155, 156, 157, 158, 159, 160, 161, 162, 164, 165, 166, 167, 168, 169, 170, 172, 173, 174, 175, 176, 177, 179, 180, 181, 182, 183, 184, 185, 186, 187, 188, 189, 190, 191, 192, 193, 196, 197, 198, 199, 200, 201, 202, 203, 204, 205, 206, 207, 208, 210, 211, 212, 213, 214, 216, 219, 220, 221, 222, 223, 224, 225, 226, 227, 228, 229, 230, 231, 232, 233, 234, 235, 238, 239, 240, 241, 242, 243, 244, 245, 246, 247, 248, 250, 251, 252, 253, 254, 255, 256, 257, 259, 260, 261, 262, 263, 264, 265, 267, 270, 271, 273, 274, 275, 276, 277, 278, 279, 280, 282, 283, 284, 285, 286, 287, 288, 289, 290, 291, 292, 293, 294, 295, 296, 297, 299, 300, 302, 303, 304, 305, 306, 307, 308, 309, 311, 312, 314, 315, 316, 317, 318, 319, 320, 321, 322, 323, 324, 325, 326, 328, 330, 331, 332, 333, 335, 336, 337, 338, 339, 340, 341, 342, 343, 344, 345, 346, 347, 348, 349, 350, 351, 352, 353, 354, 355, 356, 357, 358, 359, 360, 361, 362, 363, 364, 365, 366, 367, 369, 370, 372, 373, 374, 375, 376, 378, 379, 380, 383, 384, 385, 386, 387, 390, 391, 392, 393, 395, 396, 397, 398, 399, 400, 401, 402, 403, 404, 405, 406, 407, 408, 410, 411, 412, 413, 414, 415, 416, 417, 418, 419, 421, 422, 423, 424, 425, 427, 428, 429, 430, 431, 432, 433, 434, 435, 436, 437, 438, 439, 440, 441, 442, 443, 444, 445, 446, 447, 448, 449, 450, 451, 452, 453, 454, 455, 456, 457, 459, 462, 464, 465, 466, 467, 468, 470, 471, 472, 473, 474, 475, 476, 477, 478, 479, 481, 482, 483, 484, 485, 486, 487, 488, 489, 490, 491, 492, 493, 494, 495, 496, 497, 498, 499, 500, 501, 503, 504, 505, 506, 507, 508, 509, 510, 511, 512, 513, 514, 517, 519, 520, 521, 523, 524, 525, 526, 527, 528, 529, 530, 531, 532, 533, 534, 535, 536, 537, 538, 540, 541, 542, 543, 545, 546, 548, 549, 550, 551, 552, 553, 555, 556, 557, 558, 559, 560, 561, 562, 563, 564, 565, 566, 567, 569, 570, 571, 572, 573, 574, 575, 576, 577, 578, 579, 580, 582, 583, 585, 586, 587, 588]}
FP rate  0.01341 FN rate  0.17
 Before reassigning cells 
 Timepoint  2
 Cluster  5  # of cells  4
 Cluster  6  # of cells  96
 Timepoint  3
 Cluster  5  # of cells  10
 Cluster  6  # of cells  44
 Cluster  1  # of cells  2
 Cluster  7  # of cells  1
 Cluster  3  # of cells  1
 Cluster  0  # of cells  442
 Cells absent at timepoint  2   set()
 Cells absent at timepoint  3   set()
 Timepoint  2
 Timepoint  3
 After reassigning and merging cells 
 Timepoint  2
 Cluster  5  # of cells  4
 Cluster  6  # of cells  96
 Timepoint  3
 Cluster  5  # of cells  10
 Cluster  6  # of cells  44
 Cluster  1  # of cells  2
 Cluster  7  # of cells  1
 Cluster  3  # of cells  1
 Cluster  0  # of cells  442
 Tp cluster cell dict  {'5_2': 4, '6_2': 96, '5_3': 10, '6_3': 44, '1_3': 2, '7_3': 1, '3_3': 1, '0_3': 442}
 New Graph is here 
 ID  0  Timepoint  1  Mutations  []  Type  subclone
 ID  1  Timepoint  2  Mutations  [0, 1, 2, 3]  Type  subclone
 ID  2  Timepoint  2  Mutations  [0, 1, 2, 3, 11, 12, 13, 14, 15]  Type  subclone
 ID  3  Timepoint  3  Mutations  [0, 1, 2, 3]  Type  subclone
 ID  4  Timepoint  3  Mutations  [0, 1, 2, 3, 11, 12, 13, 14, 15]  Type  subclone
 ID  5  Timepoint  3  Mutations  [0, 1, 2, 3, 12, 16, 17, 18, 19, 20, 21, 22, 25]  Type  subclone
 ID  6  Timepoint  3  Mutations  [0, 2, 3, 7, 14, 21, 23, 26, 28, 29]  Type  subclone
 ID  7  Timepoint  3  Mutations  [0, 1, 6, 7, 8, 25, 27, 28]  Type  subclone
 ID  8  Timepoint  3  Mutations  [0, 1, 2, 3, 11, 12, 13, 14, 15, 16, 17, 18, 19, 20, 21, 22, 23, 24]  Type  subclone
Timepoints  SortedDict({1: [0], 2: [1, 2], 3: [3, 4, 5, 6, 7, 8]})
 Clone to nodes  {'5_2': 1, '6_2': 2, '5_3': 3, '6_3': 4, '1_3': 5, '7_3': 6, '3_3': 7, '0_3': 8}
 Timepoint ====  1
 Hash table  {'0,1': [0, 1, 2, 3], '1': [11, 12, 13, 14, 15]}
 Final possible usc  [[0, 1, 2, 3], [11, 12, 13, 14, 15]]
 Time  1  USC keys  {'11,12,13,14,15_0', '0,1,2,3_0'}
 USC children  {'0,1,2,3_0': [1, 2], '11,12,13,14,15_0': [2]}
 USC children  {'0,1,2,3_0': [1, 2], '11,12,13,14,15_0': [2]}
 Timepoint ====  2
 Hash table  {'0,1,2,3': [0], '0,2,3': [1], '0,1,3': [2, 3, 21], '0,3': [12, 16, 17, 18, 19, 20, 22], '0,2': [25], '1,2': [7, 28], '1,3': [14, 23], '1': [26, 29], '2': [6, 8, 27], '3': [11, 13, 15, 24]}
====== Inside find superset of t nodes ==========
 Final possible usc  []
 Time  2  USC keys  set()
 USC children  {'0,1,2,3_0': [1, 2], '11,12,13,14,15_0': [2]}
 USC children  {'0,1,2,3_0': [1, 2], '11,12,13,14,15_0': [2]}
 Node s  {'1,2': ['0', '1', '2', '3']}
 Enroll USC nodes  ['1', '2']  len  2
 Node TP  SortedDict({1: [0], 2: [1, 2], 3: [3, 4, 5, 6, 7, 8]})
 Unobserved subclones at timepoints  {1.5: [9]}
 ============== Inside finding node v ============ 
 Time  2
 Time  3
 largest_v_mut  [[0, 1, 2, 3]]
 largest_v_mut  []
 largest_v_mut  []
 largest_v_mut  [[0, 1, 2, 3, 11, 12, 13, 14, 15]]
 Sorted all timepoints  [1, 1.5, 2, 3]
 Timepoint  2
 Inside usc_node check  2
 Timepoint  3
 Node  6  has no parent 
 USC nodes  []
 Node with minimum mutation sets  {1: 1, 2: 5}
 Node  7  has no parent 
 USC nodes  []
 Node with minimum mutation sets  {1: 2, 2: 7}
0   1   [-1]   subclone   []   []
1   2   [9]   subclone   [0, 1, 2, 3]   [0]
2   2   [9]   subclone   [0, 1, 2, 3, 11, 12, 13, 14, 15]   [5]
3   3   [1]   subclone   [0, 1, 2, 3]   [0]
4   3   [2]   subclone   [0, 1, 2, 3, 11, 12, 13, 14, 15]   [0]
5   3   [1]   subclone   [0, 1, 2, 3, 12, 16, 17, 18, 19, 20, 21, 22, 25]   [9]
6   3   [1]   subclone   [0, 2, 3, 7, 14, 21, 23, 26, 28, 29]   [7]
7   3   [1]   subclone   [0, 1, 6, 7, 8, 25, 27, 28]   [6]
8   3   [2]   subclone   [0, 1, 2, 3, 11, 12, 13, 14, 15, 16, 17, 18, 19, 20, 21, 22, 23, 24]   [9]
9   1.5   [0]   unobserved subclone   [0, 1, 2, 3]   [4]
11
 Total estimated FP  70  True negatives  6908
 Total estimated FN  1452  True positives  5970
 Estimated FP rate  0.01159
 Estimated FN rate  0.17
 No. of Cells in each cluster  {'4_2': 5, '4_3': 9, '5_2': 95, '5_3': 42, '6_3': 4, '7_3': 1, '10_3': 1, '9_3': 1, '8_3': 1, '0_3': 441}
 Cells in each cluster  {'4_2': [0, 1, 10, 46, 78], '4_3': [589, 590, 591, 592, 593, 594, 595, 596, 597], '5_2': [2, 3, 4, 5, 6, 7, 8, 9, 11, 12, 13, 14, 15, 16, 17, 18, 19, 20, 21, 22, 23, 24, 25, 26, 27, 28, 29, 30, 31, 32, 33, 34, 35, 36, 37, 38, 39, 40, 41, 42, 43, 44, 45, 47, 48, 49, 50, 51, 52, 53, 54, 55, 56, 57, 58, 59, 60, 61, 62, 63, 64, 65, 66, 67, 68, 69, 70, 71, 72, 73, 74, 75, 76, 77, 79, 80, 81, 82, 83, 84, 85, 86, 87, 88, 89, 90, 91, 92, 93, 94, 95, 96, 97, 98, 99], '5_3': [100, 101, 102, 103, 104, 105, 106, 107, 108, 109, 110, 111, 112, 113, 114, 115, 116, 117, 118, 119, 120, 121, 122, 123, 124, 125, 126, 127, 128, 129, 130, 131, 132, 133, 134, 135, 136, 137, 138, 139, 140, 463], '6_3': [163, 388, 458, 544], '7_3': [218], '10_3': [334], '9_3': [598], '8_3': [599], '0_3': [164, 178, 214, 252, 268, 271, 289, 291, 294, 328, 362, 367, 370, 377, 379, 394, 402, 404, 406, 420, 453, 461, 469, 470, 492, 497, 502, 507, 566, 574, 584, 588, 158, 169, 171, 194, 209, 237, 258, 264, 269, 272, 368, 426, 515, 516, 532, 539, 547, 554, 587, 183, 215, 217, 249, 266, 281, 301, 310, 327, 381, 409, 431, 460, 478, 480, 141, 142, 143, 144, 145, 146, 147, 148, 149, 150, 151, 152, 153, 154, 155, 156, 157, 159, 160, 161, 162, 165, 166, 167, 168, 170, 172, 173, 174, 175, 176, 177, 179, 180, 181, 182, 184, 185, 186, 187, 188, 189, 190, 191, 192, 193, 195, 196, 197, 198, 199, 200, 201, 202, 203, 204, 205, 206, 207, 208, 210, 211, 212, 213, 216, 219, 220, 221, 222, 223, 224, 225, 226, 227, 228, 229, 230, 231, 232, 233, 234, 235, 236, 238, 239, 240, 241, 242, 243, 244, 245, 246, 247, 248, 250, 251, 253, 254, 255, 256, 257, 259, 260, 261, 262, 263, 265, 267, 270, 273, 274, 275, 276, 277, 278, 279, 280, 282, 283, 284, 285, 286, 287, 288, 290, 292, 293, 295, 296, 297, 298, 299, 300, 302, 303, 304, 305, 306, 307, 308, 309, 311, 312, 313, 314, 315, 316, 317, 318, 319, 320, 321, 322, 323, 324, 325, 326, 329, 330, 331, 332, 333, 335, 336, 337, 338, 339, 340, 341, 342, 343, 344, 345, 346, 347, 348, 349, 350, 351, 352, 353, 354, 355, 356, 357, 358, 359, 360, 361, 363, 364, 365, 366, 369, 371, 372, 373, 374, 375, 376, 378, 380, 382, 383, 384, 385, 386, 387, 389, 390, 391, 392, 393, 395, 396, 397, 398, 399, 400, 401, 403, 405, 407, 408, 410, 411, 412, 413, 414, 415, 416, 417, 418, 419, 421, 422, 423, 424, 425, 427, 428, 429, 430, 432, 433, 434, 435, 436, 437, 438, 439, 440, 441, 442, 443, 444, 445, 446, 447, 448, 449, 450, 451, 452, 454, 455, 456, 457, 459, 462, 464, 465, 466, 467, 468, 471, 472, 473, 474, 475, 476, 477, 479, 481, 482, 483, 484, 485, 486, 487, 488, 489, 490, 491, 493, 494, 495, 496, 498, 499, 500, 501, 503, 504, 505, 506, 508, 509, 510, 511, 512, 513, 514, 517, 518, 519, 520, 521, 522, 523, 524, 525, 526, 527, 528, 529, 530, 531, 533, 534, 535, 536, 537, 538, 540, 541, 542, 543, 545, 546, 548, 549, 550, 551, 552, 553, 555, 556, 557, 558, 559, 560, 561, 562, 563, 564, 565, 567, 568, 569, 570, 571, 572, 573, 575, 576, 577, 578, 579, 580, 581, 582, 583, 585, 586]}
FP rate  0.01159 FN rate  0.17
 Before reassigning cells 
 Timepoint  2
 Cluster  4  # of cells  4
 Cluster  5  # of cells  96
 Timepoint  3
 Cluster  4  # of cells  10
 Cluster  5  # of cells  42
 Cluster  6  # of cells  13
 Cluster  7  # of cells  1
 Cluster  10  # of cells  1
 Cluster  9  # of cells  1
 Cluster  8  # of cells  1
 Cluster  0  # of cells  426
 Cells absent at timepoint  2   set()
 Cells absent at timepoint  3   {554, 109, 335, 239, 182}
 Missing cell prob  {'5': 4.407175576143055e-11, '10': 7.580051273705439e-12, '6': 5.897586922216075e-06, '0': 5.8975869222160754e-06, '7': 3.8566259184985085e-14, '4': 2.0803773398779707e-11, '9': 2.542111651995583e-16, '8': 1.2933914733284694e-18}
 Missing cell prob  {'5': 0.0019575645558433264, '10': 0.0019575645558433264, '6': 7.076070987027619e-10, '0': 8.715626852664982e-09, '7': 4.701465216044445e-06, '4': 2.219294768429228e-06, '9': 9.167352151071852e-10, '8': 1.1291466793110912e-08}
 Missing cell prob  {'5': 1.6937823796349249e-15, '10': 2.913193963415357e-16, '6': 0.0028140512087051167, '0': 0.002814051208705117, '7': 6.171456032531405e-16, '4': 3.7442703099049852e-22, '9': 2.346437623469112e-23, '8': 4.035717930714471e-24}
 Missing cell prob  {'5': 8.651347985288366e-08, '10': 1.0655902258550095e-06, '6': 2.7804488710895313e-05, '0': 2.780448871089531e-05, '7': 7.570611221078782e-11, '4': 1.3695819417792038e-12, '9': 2.0613273941723362e-16, '8': 1.4761878664046924e-14}
 Missing cell prob  {'5': 1.7607434531585445e-13, '10': 1.1122229244862952e-08, '6': 0.004084847160262908, '0': 0.004084847160262908, '7': 2.671215810661649e-11, '4': 1.9961582990847314e-16, '9': 1.0156179101823882e-18, '8': 1.2509409171079262e-17}
 Timepoint  2
 Timepoint  3
SortedDict({2: {'4': ['0', '1', '10', '46'], '5': ['2', '3', '4', '5', '6', '7', '8', '9', '11', '12', '13', '14', '15', '16', '17', '18', '19', '20', '21', '22', '23', '24', '25', '26', '27', '28', '29', '30', '31', '32', '33', '34', '35', '36', '37', '38', '39', '40', '41', '42', '43', '44', '45', '47', '48', '49', '50', '51', '52', '53', '54', '55', '56', '57', '58', '59', '60', '61', '62', '63', '64', '65', '66', '67', '68', '69', '70', '71', '72', '73', '74', '75', '76', '77', '78', '79', '80', '81', '82', '83', '84', '85', '86', '87', '88', '89', '90', '91', '92', '93', '94', '95', '96', '97', '98', '99']}, 3: {'4': ['128', '589', '590', '591', '592', '593', '594', '595', '596', '597'], '5': ['100', '101', '102', '103', '104', '105', '106', '107', '108', '110', '111', '112', '113', '114', '115', '116', '117', '118', '119', '120', '121', '122', '123', '124', '125', '126', '127', '129', '130', '131', '132', '133', '134', '135', '136', '137', '138', '139', '140', '281', '387', '463', '109'], '6': ['154', '159', '164', '274', '283', '325', '388', '394', '458', '461', '504', '544', '584', '239', '182'], '7': ['218'], '10': ['334'], '9': ['598'], '8': ['599'], '0': ['141', '142', '143', '144', '145', '146', '147', '148', '149', '150', '151', '152', '153', '155', '156', '157', '158', '160', '161', '162', '163', '165', '166', '167', '168', '169', '170', '171', '172', '173', '174', '175', '176', '177', '178', '179', '180', '181', '183', '184', '185', '186', '187', '188', '189', '190', '191', '192', '193', '194', '195', '196', '197', '198', '199', '200', '201', '202', '203', '204', '205', '206', '207', '208', '209', '210', '211', '212', '213', '214', '215', '216', '217', '219', '220', '221', '222', '223', '224', '225', '226', '227', '228', '229', '230', '231', '232', '233', '234', '235', '236', '237', '238', '240', '241', '242', '243', '244', '245', '246', '247', '248', '249', '250', '251', '252', '253', '254', '255', '256', '257', '258', '259', '260', '261', '262', '263', '264', '265', '266', '267', '268', '269', '270', '271', '272', '273', '275', '276', '277', '278', '279', '280', '282', '284', '285', '286', '287', '288', '289', '290', '291', '292', '293', '294', '295', '296', '297', '298', '299', '300', '301', '302', '303', '304', '305', '306', '307', '308', '309', '310', '311', '312', '313', '314', '315', '316', '317', '318', '319', '320', '321', '322', '323', '324', '326', '327', '328', '329', '330', '331', '332', '333', '336', '337', '338', '339', '340', '341', '342', '343', '344', '345', '346', '347', '348', '349', '350', '351', '352', '353', '354', '355', '356', '357', '358', '359', '360', '361', '362', '363', '364', '365', '366', '367', '368', '369', '370', '371', '372', '373', '374', '375', '376', '377', '378', '379', '380', '381', '382', '383', '384', '385', '386', '389', '390', '391', '392', '393', '395', '396', '397', '398', '399', '400', '401', '402', '403', '404', '405', '406', '407', '408', '409', '410', '411', '412', '413', '414', '415', '416', '417', '418', '419', '420', '421', '422', '423', '424', '425', '426', '427', '428', '429', '430', '431', '432', '433', '434', '435', '436', '437', '438', '439', '440', '441', '442', '443', '444', '445', '446', '447', '448', '449', '450', '451', '452', '453', '454', '455', '456', '457', '459', '460', '462', '464', '465', '466', '467', '468', '469', '470', '471', '472', '473', '474', '475', '476', '477', '478', '479', '480', '481', '482', '483', '484', '485', '486', '487', '488', '489', '490', '491', '492', '493', '494', '495', '496', '497', '498', '499', '500', '501', '502', '503', '505', '506', '507', '508', '509', '510', '511', '512', '513', '514', '515', '516', '517', '518', '519', '520', '521', '522', '523', '524', '525', '526', '527', '528', '529', '530', '531', '532', '533', '534', '535', '536', '537', '538', '539', '540', '541', '542', '543', '545', '546', '547', '548', '549', '550', '551', '552', '553', '555', '556', '557', '558', '559', '560', '561', '562', '563', '564', '565', '566', '567', '568', '569', '570', '571', '572', '573', '574', '575', '576', '577', '578', '579', '580', '581', '582', '583', '585', '586', '587', '588', '554', '335']}})
 Cluster1  6
 Cluster to drop  0
 After reassigning and merging cells 
 Timepoint  2
 Cluster  4  # of cells  4
 Cluster  5  # of cells  96
 Timepoint  3
 Cluster  4  # of cells  10
 Cluster  5  # of cells  43
 Cluster  6  # of cells  443
 Cluster  7  # of cells  1
 Cluster  10  # of cells  1
 Cluster  9  # of cells  1
 Cluster  8  # of cells  1
 Tp cluster cell dict  {'4_2': 4, '5_2': 96, '4_3': 10, '5_3': 43, '6_3': 443, '7_3': 1, '10_3': 1, '9_3': 1, '8_3': 1}
 New Graph is here 
 ID  0  Timepoint  1  Mutations  []  Type  subclone
 ID  1  Timepoint  2  Mutations  [0, 1, 2, 3]  Type  subclone
 ID  2  Timepoint  2  Mutations  [0, 1, 2, 3, 11, 12, 13, 14, 15]  Type  subclone
 ID  3  Timepoint  3  Mutations  [0, 1, 2, 3]  Type  subclone
 ID  4  Timepoint  3  Mutations  [0, 1, 2, 3, 11, 12, 13, 14, 15]  Type  subclone
 ID  5  Timepoint  3  Mutations  [0, 1, 2, 3, 11, 12, 13, 14, 15, 16, 17, 18, 19, 20, 21, 22, 23, 24]  Type  subclone
 ID  6  Timepoint  3  Mutations  [3, 8, 11, 12, 14, 15, 16, 18, 19, 20, 22, 25]  Type  subclone
 ID  7  Timepoint  3  Mutations  [1, 3, 12, 14, 15, 16, 23, 24, 25]  Type  subclone
 ID  8  Timepoint  3  Mutations  [0, 2, 3, 5, 15, 25, 26, 28, 29]  Type  subclone
 ID  9  Timepoint  3  Mutations  [0, 1, 6, 7, 12, 15, 25, 27, 28]  Type  subclone
Timepoints  SortedDict({1: [0], 2: [1, 2], 3: [3, 4, 5, 6, 7, 8, 9]})
 Clone to nodes  {'4_2': 1, '5_2': 2, '4_3': 3, '5_3': 4, '6_3': 5, '7_3': 6, '10_3': 7, '9_3': 8, '8_3': 9}
 Timepoint ====  1
 Hash table  {'0,1': [0, 1, 2, 3], '1': [11, 12, 13, 14, 15]}
 Final possible usc  [[0, 1, 2, 3], [11, 12, 13, 14, 15]]
 Time  1  USC keys  {'0,1,2,3_0', '11,12,13,14,15_0'}
 USC children  {'0,1,2,3_0': [1, 2], '11,12,13,14,15_0': [2]}
 USC children  {'0,1,2,3_0': [1, 2], '11,12,13,14,15_0': [2]}
 Timepoint ====  2
 Hash table  {'0,3,4': [0], '0,2,4': [1], '0,3': [2], '0,1,2,3': [3], '0,1': [11, 18, 19, 20, 22], '0,1,2,4': [12], '0': [13, 17, 21], '0,1,2': [14, 16], '0,1,2,3,4': [15], '0,2': [23, 24], '1': [8], '1,2,3,4': [25], '3': [5, 26, 29], '3,4': [28], '4': [6, 7, 27]}
====== Inside find superset of t nodes ==========
 Final possible usc  []
 Time  2  USC keys  set()
 USC children  {'0,1,2,3_0': [1, 2], '11,12,13,14,15_0': [2]}
 USC children  {'0,1,2,3_0': [1, 2], '11,12,13,14,15_0': [2]}
 Node s  {'1,2': ['0', '1', '2', '3']}
 Enroll USC nodes  ['1', '2']  len  2
 Node TP  SortedDict({1: [0], 2: [1, 2], 3: [3, 4, 5, 6, 7, 8, 9]})
 Unobserved subclones at timepoints  {1.5: [10]}
 ============== Inside finding node v ============ 
 Time  2
 Time  3
 largest_v_mut  [[0, 1, 2, 3, 11, 12, 13, 14, 15]]
 largest_v_mut  []
 largest_v_mut  []
 largest_v_mut  []
 largest_v_mut  []
 Sorted all timepoints  [1, 1.5, 2, 3]
 Timepoint  2
 Inside usc_node check  2
 Timepoint  3
 Node  6  has no parent 
 USC nodes  []
 Node with minimum mutation sets  {1: 3, 2: 4}
 Node  7  has no parent 
 USC nodes  []
 Node with minimum mutation sets  {1: 2, 2: 4}
 Node  8  has no parent 
 USC nodes  []
 Node with minimum mutation sets  {1: 1, 2: 5}
 Node  9  has no parent 
 USC nodes  []
 Node with minimum mutation sets  {1: 2, 2: 5}
0   1   [-1]   subclone   []   []
1   2   [10]   subclone   [0, 1, 2, 3]   [0]
2   2   [10]   subclone   [0, 1, 2, 3, 11, 12, 13, 14, 15]   [5]
3   3   [1]   subclone   [0, 1, 2, 3]   [0]
4   3   [2]   subclone   [0, 1, 2, 3, 11, 12, 13, 14, 15]   [0]
5   3   [2]   subclone   [0, 1, 2, 3, 11, 12, 13, 14, 15, 16, 17, 18, 19, 20, 21, 22, 23, 24]   [9]
6   3   [1]   subclone   [3, 8, 11, 12, 14, 15, 16, 18, 19, 20, 22, 25]   [11]
7   3   [1]   subclone   [1, 3, 12, 14, 15, 16, 23, 24, 25]   [7]
8   3   [1]   subclone   [0, 2, 3, 5, 15, 25, 26, 28, 29]   [6]
9   3   [1]   subclone   [0, 1, 6, 7, 12, 15, 25, 27, 28]   [7]
10   1.5   [0]   unobserved subclone   [0, 1, 2, 3]   [4]
7
 Total estimated FP  73  True negatives  6890
 Total estimated FN  1470  True positives  5967
 Estimated FP rate  0.01209
 Estimated FN rate  0.18
 No. of Cells in each cluster  {'4_2': 5, '4_3': 9, '5_2': 95, '5_3': 42, '1_3': 5, '6_3': 1, '3_3': 1, '2_3': 442}
 Cells in each cluster  {'4_2': [0, 1, 10, 46, 78], '4_3': [589, 590, 591, 592, 593, 594, 595, 596, 597], '5_2': [2, 3, 4, 5, 6, 7, 8, 9, 11, 12, 13, 14, 15, 16, 17, 18, 19, 20, 21, 22, 23, 24, 25, 26, 27, 28, 29, 30, 31, 32, 33, 34, 35, 36, 37, 38, 39, 40, 41, 42, 43, 44, 45, 47, 48, 49, 50, 51, 52, 53, 54, 55, 56, 57, 58, 59, 60, 61, 62, 63, 64, 65, 66, 67, 68, 69, 70, 71, 72, 73, 74, 75, 76, 77, 79, 80, 81, 82, 83, 84, 85, 86, 87, 88, 89, 90, 91, 92, 93, 94, 95, 96, 97, 98, 99], '5_3': [100, 101, 102, 103, 104, 105, 106, 107, 108, 109, 110, 111, 112, 113, 114, 115, 116, 117, 118, 119, 120, 121, 122, 123, 124, 125, 126, 127, 128, 129, 130, 131, 132, 133, 134, 135, 136, 137, 138, 139, 140, 463], '1_3': [163, 218, 388, 458, 544], '6_3': [598], '3_3': [599], '2_3': [141, 142, 143, 144, 145, 146, 147, 148, 149, 150, 151, 152, 153, 154, 155, 156, 157, 158, 159, 160, 161, 162, 164, 165, 166, 167, 168, 169, 170, 171, 172, 173, 174, 175, 176, 177, 178, 179, 180, 181, 182, 183, 184, 185, 186, 187, 188, 189, 190, 191, 192, 193, 194, 195, 196, 197, 198, 199, 200, 201, 202, 203, 204, 205, 206, 207, 208, 210, 211, 212, 213, 214, 216, 219, 220, 221, 222, 223, 224, 225, 226, 227, 228, 229, 230, 231, 232, 233, 234, 235, 236, 237, 238, 239, 240, 241, 242, 243, 244, 245, 246, 248, 250, 251, 252, 253, 254, 255, 256, 257, 259, 260, 261, 262, 263, 264, 265, 267, 268, 270, 271, 272, 273, 274, 275, 276, 277, 278, 279, 280, 281, 282, 283, 284, 285, 287, 288, 289, 290, 291, 292, 294, 295, 296, 297, 298, 299, 300, 302, 303, 304, 305, 306, 307, 308, 309, 311, 312, 313, 314, 315, 316, 317, 318, 319, 320, 322, 323, 324, 325, 326, 328, 329, 330, 331, 332, 333, 334, 335, 336, 337, 338, 339, 340, 341, 342, 343, 345, 346, 347, 348, 349, 350, 351, 352, 353, 354, 356, 357, 358, 359, 360, 361, 362, 363, 364, 365, 366, 367, 368, 369, 370, 371, 372, 373, 374, 375, 376, 377, 378, 379, 380, 382, 383, 384, 385, 386, 387, 390, 391, 392, 393, 394, 395, 396, 397, 398, 399, 400, 401, 402, 403, 404, 405, 406, 407, 410, 411, 412, 413, 414, 415, 416, 417, 418, 419, 420, 421, 422, 423, 424, 425, 426, 427, 428, 429, 430, 431, 432, 433, 434, 435, 436, 437, 438, 439, 440, 441, 442, 443, 444, 445, 446, 447, 448, 449, 450, 451, 452, 453, 454, 455, 456, 457, 459, 461, 462, 464, 465, 466, 467, 468, 469, 470, 471, 472, 473, 474, 475, 476, 477, 478, 479, 481, 482, 483, 484, 485, 486, 487, 488, 489, 490, 491, 492, 493, 494, 495, 496, 497, 498, 499, 500, 501, 502, 503, 504, 505, 506, 507, 508, 509, 510, 511, 512, 513, 514, 516, 517, 518, 519, 520, 521, 523, 524, 525, 526, 527, 528, 529, 530, 531, 532, 533, 534, 535, 536, 537, 538, 540, 541, 542, 543, 545, 546, 548, 549, 550, 551, 552, 553, 554, 555, 556, 557, 558, 559, 560, 561, 562, 563, 564, 565, 566, 567, 568, 569, 570, 571, 572, 573, 574, 575, 576, 577, 578, 579, 580, 581, 582, 583, 584, 585, 586, 587, 588, 209, 215, 217, 247, 249, 258, 266, 269, 286, 293, 301, 310, 321, 327, 344, 355, 381, 389, 408, 409, 460, 480, 515, 522, 539, 547]}
FP rate  0.01209 FN rate  0.18
 Before reassigning cells 
 Timepoint  2
 Cluster  4  # of cells  4
 Cluster  5  # of cells  96
 Timepoint  3
 Cluster  4  # of cells  10
 Cluster  5  # of cells  43
 Cluster  1  # of cells  81
 Cluster  6  # of cells  1
 Cluster  3  # of cells  1
 Cluster  2  # of cells  274
 Cells absent at timepoint  3   {516, 521, 522, 526, 528, 532, 541, 554, 558, 561, 562, 566, 570, 581, 153, 154, 158, 159, 164, 177, 178, 181, 184, 187, 194, 198, 202, 203, 204, 209, 212, 213, 214, 215, 216, 218, 221, 225, 230, 232, 239, 244, 265, 279, 286, 289, 292, 293, 300, 301, 315, 316, 318, 321, 325, 327, 329, 330, 332, 337, 347, 361, 363, 375, 383, 386, 389, 391, 400, 401, 413, 418, 420, 421, 424, 425, 427, 429, 431, 440, 441, 446, 449, 455, 461, 465, 490, 500, 501, 510}
 Missing cell prob  {'1': 2.8045359567830947e-05, '4': 2.6140579381531045e-13, '2': 2.8045359567830947e-05, '6': 4.247644400143513e-18, '5': 1.2025144731402734e-09, '3': 1.5811773325353996e-15}
 Missing cell prob  {'1': 0.0007012086037017845, '4': 4.7166817816394974e-17, '2': 0.0007012086037017845, '6': 2.853001155429725e-19, '5': 5.828801316016424e-16, '3': 5.1982489090843374e-20}
 Missing cell prob  {'1': 8.486867972323438e-05, '4': 2.535356227929752e-18, '2': 8.486867972323438e-05, '6': 2.0164832849388888e-26, '5': 3.8719018370903312e-16, '3': 1.8951650289700938e-19}
 Missing cell prob  {'1': 0.002200804802705411, '4': 3.218072045631378e-20, '2': 0.002200804802705411, '6': 3.54663305158217e-23, '5': 4.914520069451326e-18, '3': 1.9465301433269677e-22}
 Missing cell prob  {'1': 0.002651459844683784, '4': 7.064060587971318e-21, '2': 0.002651459844683784, '6': 7.785292064448666e-24, '5': 2.2040278100509857e-15, '3': 1.59056790231112e-20}
 Missing cell prob  {'1': 7.209999668821021e-06, '4': 1.8053317224604617e-16, '2': 7.209999668821021e-06, '6': 7.880568133178797e-24, '5': 1.0263010933384124e-11, '3': 2.7570355343950472e-14}
 Missing cell prob  {'1': 0.003991535240901559, '4': 4.891977289831492e-17, '2': 0.003991535240901559, '6': 8.913321174698793e-18, '5': 3.3179664000511363e-15, '3': 2.959032961382844e-19}
 Missing cell prob  {'1': 7.599559703299463e-06, '4': 2.6367870424591023e-11, '2': 7.599559703299463e-06, '6': 2.3515427313138e-15, '5': 5.937079364957375e-11, '3': 9.647300294953045e-16}
 Missing cell prob  {'1': 0.0021741970726407026, '4': 3.179165554599694e-20, '2': 0.0021741970726407026, '6': 9.412418105918435e-26, '5': 1.8073028042418083e-15, '3': 2.3764090087267202e-21}
 Missing cell prob  {'1': 0.0005891506015570701, '4': 3.2068082416426546e-18, '2': 0.0005891506015570701, '6': 1.939716954037951e-20, '5': 1.8230172126145458e-13, '3': 1.939716954037951e-20}
 Missing cell prob  {'1': 0.005936251101876202, '4': 3.346815953570917e-13, '2': 0.005936251101876202, '6': 1.6381532436714058e-16, '5': 1.5395965653115047e-09, '3': 1.3730449422026525e-13}
 Missing cell prob  {'1': 0.00010476499874116411, '4': 5.70246827400215e-19, '2': 0.00010476499874116411, '6': 6.284682931082962e-22, '5': 3.241758482125265e-14, '3': 1.1450870297850339e-22}
 Missing cell prob  {'1': 0.00010604710828027262, '4': 1.0517211793505686e-19, '2': 0.00010604710828027262, '6': 9.379473028523756e-24, '5': 3.281430982706183e-14, '3': 7.86155877180194e-21}
 Missing cell prob  {'1': 0.0001293257418052105, '4': 3.238222953342458e-15, '2': 0.0001293257418052105, '6': 1.4135372628061481e-22, '5': 1.0103443133635242e-09, '3': 3.568841340984677e-18}
 Missing cell prob  {'1': 0.001068525198337716, '4': 1.2307834280235712e-10, '2': 0.001068525198337716, '6': 1.999929022050451e-15, '5': 1.5209828428368882e-09, '3': 5.0493393847711564e-11}
 Missing cell prob  {'1': 0.0008761906626369273, '4': 2.711209417927641e-13, '2': 0.0008761906626369273, '6': 1.6399417980813696e-15, '5': 1.2472059311262481e-09, '3': 9.00063834301426e-15}
 Missing cell prob  {'1': 5.005115734054799e-05, '4': 2.2834474235647905e-16, '2': 5.005115734054799e-05, '6': 1.1176703038225536e-19, '5': 1.050427588239134e-12, '3': 7.580559546191017e-18}
 Missing cell prob  {'1': 5.840721233716483e-06, '4': 1.556094042123593e-23, '2': 5.840721233716483e-06, '6': 7.158317265695483e-20, '5': 4.855103521811658e-18, '3': 5.165901095009935e-25}
 Missing cell prob  {'1': 5.17247921824717e-06, '4': 7.10829428782491e-16, '2': 5.17247921824717e-06, '6': 1.2951513516499306e-16, '5': 4.040947216849045e-11, '3': 2.916206823136619e-16}
 Missing cell prob  {'1': 0.00022525417697559242, '4': 1.8724268873231287e-16, '2': 0.00022525417697559242, '6': 1.1325835238207873e-18, '5': 5.842080317055368e-11, '3': 5.2100914044658015e-15}
 Missing cell prob  {'1': 0.00019000921116416633, '4': 1.5794528678657697e-16, '2': 0.00019000921116416633, '6': 3.556349784312948e-16, '5': 4.927984410791517e-11, '3': 6.479770031443459e-17}
 Missing cell prob  {'1': 0.0008447938922963781, '4': 3.1187817375161104e-16, '2': 0.0008447938922963781, '6': 6.262685463138425e-20, '5': 2.614057938153105e-13, '3': 2.3312724329698756e-17}
 Missing cell prob  {'1': 0.0007272690258852327, '4': 4.891977289831491e-17, '2': 0.0007272690258852327, '6': 4.362769329648606e-21, '5': 2.7810078218191275e-12, '3': 3.6567264907680734e-18}
 Missing cell prob  {'1': 0.0798683674224399, '4': 2.6295827581469766e-18, '2': 0.0798683674224399, '6': 7.785292064448663e-24, '5': 8.20445047945283e-13, '3': 1.3331605098211651e-17}
 Missing cell prob  {'1': 0.00015580755315461637, '4': 2.6460486665314707e-13, '2': 0.00015580755315461637, '6': 7.834041968015143e-19, '5': 3.2699454115730234e-12, '3': 2.916206823136618e-16}
 Missing cell prob  {'1': 0.018183660541884875, '4': 1.5115180266899617e-14, '2': 0.018183660541884875, '6': 6.598023313756446e-22, '5': 1.025181788160272e-12, '3': 1.665842068016567e-17}
 Missing cell prob  {'1': 0.003233487615468028, '4': 3.9629232932058913e-17, '2': 0.003233487615468028, '6': 3.151891829721245e-25, '5': 1.8230172126145458e-13, '3': 6.052029221842787e-15}
 Missing cell prob  {'1': 3.378815996421448e-05, '4': 8.460310655872675e-16, '2': 3.378815996421448e-05, '6': 2.5048076242464674e-21, '5': 1.2920272114020237e-13, '3': 1.6988769659901591e-19}
 Missing cell prob  {'1': 0.0027500013665506576, '4': 5.928701648380562e-22, '2': 0.0027500013665506576, '6': 2.4322741151786413e-22, '5': 3.370368397181632e-17, '3': 4.431672325739747e-23}
 Missing cell prob  {'1': 2.7706291170655873e-05, '4': 2.5824539776808334e-13, '2': 2.7706291170655873e-05, '6': 7.645759920258323e-19, '5': 3.943827770722521e-11, '3': 2.8461191985637205e-16}
 Missing cell prob  {'1': 0.0002198404559513882, '4': 3.972505698321214e-20, '2': 0.0002198404559513882, '6': 6.455018206648486e-25, '5': 1.2394447818857689e-14, '3': 1.1053632017965692e-18}
 Missing cell prob  {'1': 0.017963820085933484, '4': 2.2016240517810507e-16, '2': 0.017963820085933484, '6': 5.2745881195451654e-23, '5': 6.869194533333001e-11, '3': 9.032252776566159e-17}
 Missing cell prob  {'1': 0.0010685251983377163, '4': 4.874854530449908e-15, '2': 0.0010685251983377163, '6': 8.882123022147596e-16, '5': 4.085939079793775e-12, '3': 7.921266107211653e-20}
 Missing cell prob  {'1': 0.00012776219358678545, '4': 1.755775581792835e-14, '2': 0.00012776219358678545, '6': 7.6642474769304385e-22, '5': 9.981292506149589e-10, '3': 1.3124327243160087e-15}
 Missing cell prob  {'1': 0.0007097899643710301, '4': 4.774404329989064e-17, '2': 0.0007097899643710301, '6': 5.261864855183505e-20, '5': 1.4896417986054884e-11, '3': 1.9587189162067622e-17}
 Missing cell prob  {'1': 4.999191368105696e-09, '4': 1.2517613284394964e-19, '2': 4.999191368105696e-09, '6': 3.48306840811768e-18, '5': 3.905567831800452e-14, '3': 4.826439427481783e-13}
 Missing cell prob  {'1': 0.0001293257418052105, '4': 4.774404329989065e-17, '2': 0.0001293257418052105, '6': 2.5755049276260667e-23, '5': 2.1963133347732138e-13, '3': 1.9587189162067616e-17}
 Missing cell prob  {'1': 0.004927296923341686, '4': 3.3143477573384084e-16, '2': 0.004927296923341686, '6': 1.3597247318182352e-16, '5': 7.013717686419075e-09, '3': 5.0615487595104e-14}
 Missing cell prob  {'1': 0.004927296923341686, '4': 1.5246606010711953e-12, '2': 0.004927296923341686, '6': 2.004764878985666e-18, '5': 7.013717686419076e-09, '3': 6.254982514478752e-13}
 Missing cell prob  {'1': 0.0003866239854058457, '4': 5.653312997480252e-21, '2': 0.0003866239854058457, '6': 1.6737519547832188e-26, '5': 1.7638663924522614e-15, '3': 8.633529576419321e-19}
 Missing cell prob  {'1': 3.3379661110247133e-05, '4': 1.7075797512816842e-12, '2': 3.3379661110247133e-05, '6': 9.211369125393164e-19, '5': 9.70730721617455e-08, '3': 8.657182911342118e-12}
 Missing cell prob  {'1': 0.0027500013665506568, '4': 2.727311217954596e-18, '2': 0.0027500013665506568, '6': 1.19051593710334e-25, '5': 1.550431120240962e-13, '3': 6.140906676647607e-18}
 Missing cell prob  {'1': 0.0007012086037017847, '4': 8.593927793980314e-18, '2': 0.0007012086037017847, '6': 1.3964475972988226e-22, '5': 2.6813552374898802e-12, '3': 1.3124327243160085e-15}
 Missing cell prob  {'1': 0.0022550011205715384, '4': 2.2363951987227676e-18, '2': 0.0022550011205715384, '6': 2.9406194052509765e-24, '5': 1.2713535185975886e-13, '3': 5.035543474851038e-18}
 Missing cell prob  {'1': 0.0003288141519767171, '4': 7.088872858563032e-23, '2': 0.0003288141519767171, '6': 1.1518876709472916e-27, '5': 4.029906456950088e-18, '3': 2.908239102297381e-23}
 Missing cell prob  {'1': 0.0048088750973647055, '4': 5.893699127313938e-17, '2': 0.0048088750973647055, '6': 6.49543820791356e-20, '5': 1.838868256989798e-11, '3': 2.417914187658995e-17}
 Missing cell prob  {'1': 0.01473033247046546, '4': 7.150510256978185e-21, '2': 0.01473033247046546, '6': 2.373817247959716e-22, '5': 2.231000607394384e-15, '3': 4.325162258027035e-23}
 Missing cell prob  {'1': 0.022446574873001012, '4': 1.8658730721372142e-14, '2': 0.022446574873001012, '6': 1.6640252662370525e-18, '5': 1.563912042043375e-11, '3': 2.0563763066406606e-17}
 Missing cell prob  {'1': 0.003991535240901559, '4': 1.3141713780744927e-19, '2': 0.003991535240901559, '6': 7.949089282796505e-22, '5': 2.781007821819128e-12, '3': 3.656726490768074e-18}
 Missing cell prob  {'1': 0.0007012086037017847, '4': 1.7557755817928357e-14, '2': 0.0007012086037017847, '6': 9.471356739330309e-21, '5': 2.1697599065558055e-13, '3': 1.9350380045098228e-17}
 Missing cell prob  {'1': 0.0008014890232435997, '4': 3.8906491031683354e-22, '2': 0.0008014890232435997, '6': 7.812637635870795e-26, '5': 8.233268330434907e-15, '3': 2.908239102297381e-23}
 Missing cell prob  {'1': 0.012078872625781679, '4': 5.8634184107221115e-21, '2': 0.012078872625781679, '6': 1.7359569567494707e-26, '5': 1.8294204980633946e-15, '3': 8.954394757632157e-19}
 Missing cell prob  {'1': 0.0031557745176671375, '4': 5.70246827400215e-19, '2': 0.0031557745176671375, '6': 1.688305145134276e-24, '5': 3.2417584821252646e-14, '3': 4.2625641054491545e-20}
 Missing cell prob  {'1': 0.0007184763433622801, '4': 4.832833284397429e-17, '2': 0.0007184763433622801, '6': 5.3262593304891194e-20, '5': 1.0881771756704233e-16, '3': 9.704595352694489e-21}
 Missing cell prob  {'1': 0.0007012086037017847, '4': 3.1990728378365478e-15, '2': 0.0007012086037017847, '6': 5.198248909084337e-20, '5': 9.981292506149589e-10, '3': 1.3124327243160087e-15}
 Missing cell prob  {'1': 0.0010685251983377163, '4': 1.8146550786347528e-12, '2': 0.0010685251983377163, '6': 1.6183479709554185e-16, '5': 1.520982842836888e-09, '3': 1.99992902205045e-15}
 Missing cell prob  {'1': 0.002174197072640702, '4': 2.1562578616805202e-18, '2': 0.002174197072640702, '6': 9.412418105918436e-26, '5': 4.563004551186173e-11, '3': 1.6117910563737888e-19}
 Missing cell prob  {'1': 0.00047149266512907996, '4': 4.676023984681763e-19, '2': 0.00047149266512907996, '6': 2.8284082854699215e-21, '5': 1.458946561168124e-13, '3': 3.495302566468308e-20}
 Missing cell prob  {'1': 0.005793580240777519, '4': 4.8159175391767684e-15, '2': 0.005793580240777519, '6': 3.599872239690812e-16, '5': 4.036540076319068e-12, '3': 7.354690343628796e-13}
 Missing cell prob  {'1': 0.00039135547307532633, '4': 5.7224979982794505e-21, '2': 0.00039135547307532633, '6': 6.3067576643793725e-24, '5': 1.2109768907672377e-13, '3': 4.277536215708095e-22}
 Missing cell prob  {'1': 0.0004890156930052305, '4': 1.805331722460462e-16, '2': 0.0004890156930052305, '6': 1.6100332037443895e-20, '5': 1.513168319324561e-13, '3': 5.9933171578674696e-18}
 Missing cell prob  {'1': 2.8735995656928725e-05, '4': 3.949052382124949e-15, '2': 2.8735995656928725e-05, '6': 1.311001358068985e-16, '5': 1.6201149017425664e-15, '3': 4.352245537786191e-18}
 Missing cell prob  {'1': 0.0048088750973647055, '4': 5.893699127313938e-17, '2': 0.0048088750973647055, '6': 2.417914187658995e-17, '5': 7.28334087816103e-16, '3': 2.417914187658995e-17}
 Missing cell prob  {'1': 0.0008977674547291793, '4': 2.2479447154817996e-14, '2': 0.0008977674547291793, '6': 2.0047648789856653e-18, '5': 4.7570293654786124e-07, '3': 1.6803264822939405e-15}
 Missing cell prob  {'1': 0.0033131144512549508, '4': 5.986780722339356e-19, '2': 0.0033131144512549508, '6': 2.930326733080647e-22, '5': 5.017918209203421e-16, '3': 2.4561012929658897e-19}
 Missing cell prob  {'1': 0.06549206128640073, '4': 4.687330677452478e-22, '2': 0.06549206128640073, '6': 9.412418105918435e-26, '5': 1.4624743147874504e-16, '3': 5.165901095009934e-25}
 Missing cell prob  {'1': 0.00012932574180521045, '4': 1.777262687686971e-14, '2': 0.00012932574180521045, '6': 7.758042207215677e-22, '5': 2.7141695473169412e-12, '3': 1.9587189162067622e-17}
 Missing cell prob  {'1': 0.00027470021582389327, '4': 2.2834474235647905e-16, '2': 0.00027470021582389327, '6': 1.3811994192936436e-18, '5': 2.8218484866499434e-15, '3': 2.036426948690262e-20}
 Missing cell prob  {'1': 0.02190709766577254, '4': 1.8210289923747317e-14, '2': 0.02190709766577254, '6': 2.959032961382843e-19, '5': 8.377066504064633e-11, '3': 1.3612092948008653e-15}
 Missing cell prob  {'1': 4.731487669480694e-06, '4': 6.918500079919853e-23, '2': 4.731487669480694e-06, '6': 2.0483304282099694e-28, '5': 2.158612088626276e-17, '3': 2.838342972587757e-23}
 Missing cell prob  {'1': 0.002683908295982208, '4': 1.805331722460462e-16, '2': 0.002683908295982208, '6': 2.933526097255724e-21, '5': 1.5131683193245613e-13, '3': 1.989653763233824e-19}
 Missing cell prob  {'1': 0.0005891506015570701, '4': 8.614708034111366e-21, '2': 0.0005891506015570701, '6': 1.9397169540379515e-20, '5': 1.823017212614546e-13, '3': 3.534219227731587e-21}
 Missing cell prob  {'1': 2.244448413053017e-05, '4': 2.225929561161592e-20, '2': 2.244448413053017e-05, '6': 9.131967123532277e-21, '5': 1.8656992790262747e-17, '3': 2.453194098878729e-23}
 Missing cell prob  {'1': 0.0001277621935867855, '4': 1.7557755817928357e-14, '2': 0.0001277621935867855, '6': 2.853001155429724e-19, '5': 8.076888877925503e-11, '3': 8.593927793980313e-18}
 Missing cell prob  {'1': 0.0004714926651290801, '4': 3.783851248875824e-20, '2': 0.0004714926651290801, '6': 1.1202684916327158e-25, '5': 5.778557048672363e-18, '3': 5.153440003488029e-22}
 Missing cell prob  {'1': 0.00010476499874116407, '4': 3.8676790609443865e-17, '2': 0.00010476499874116407, '6': 4.262564105449155e-20, '5': 5.906575768871127e-15, '3': 4.2625641054491557e-20}
 Missing cell prob  {'1': 0.003273058897539278, '4': 1.4932437737472804e-14, '2': 0.003273058897539278, '6': 6.518253211893132e-22, '5': 4.659007044940497e-09, '3': 3.3622384565793255e-14}
 Missing cell prob  {'1': 0.014910601644345598, '4': 4.909160192318272e-19, '2': 0.014910601644345598, '6': 7.977010186331544e-24, '5': 1.5316864079972478e-13, '3': 5.4103791172802865e-22}
 Missing cell prob  {'1': 2.81438679316499e-07, '4': 1.531900118516212e-21, '2': 2.81438679316499e-07, '6': 6.28468293108296e-22, '5': 3.241758482125264e-14, '3': 1.1450870297850343e-22}
 Missing cell prob  {'1': 0.0021741970726407026, '4': 1.5560940421235926e-23, '2': 0.0021741970726407026, '6': 3.503754257988542e-23, '5': 4.855103521811659e-18, '3': 1.7149692371423702e-26}
 Missing cell prob  {'1': 0.0008761906626369273, '4': 2.7112094179276405e-13, '2': 0.0008761906626369273, '6': 3.564949088877713e-19, '5': 1.2472059311262483e-09, '3': 6.104651316188328e-13}
 Missing cell prob  {'1': 0.014552242750897532, '4': 1.7835052619359145e-16, '2': 0.014552242750897532, '6': 7.785292064448663e-24, '5': 5.564639696568502e-11, '3': 1.9655988492363279e-19}
 Missing cell prob  {'1': 0.0003209114879217676, '4': 6.918500079919854e-23, '2': 0.0003209114879217676, '6': 4.184825187632437e-25, '5': 3.9330523625910225e-18, '3': 5.171541284791087e-24}
 Missing cell prob  {'1': 0.0031943947501970197, '4': 3.1680379300011956e-18, '2': 0.0031943947501970197, '6': 5.1478195553382786e-23, '5': 6.704101466630477e-11, '3': 8.815173131655858e-17}
 Missing cell prob  {'1': 1.1030507380839304e-05, '4': 1.2705517575204477e-12, '2': 1.1030507380839304e-05, '6': 5.212490584099206e-13, '5': 1.5701279202532824e-11, '3': 2.551337891418308e-16}
 Missing cell prob  {'1': 0.0004831034932767973, '4': 4.791174261485923e-19, '2': 0.0004831034932767973, '6': 4.2728710463274894e-23, '5': 2.7237029747842105e-14, '3': 5.280346975060301e-22}
 Missing cell prob  {'1': 0.010025888545657984, '4': 2.6711128315511844e-20, '2': 0.010025888545657984, '6': 7.908248358525367e-26, '5': 8.334026713399912e-15, '3': 1.0958349709970833e-20}
 Missing cell prob  {'1': 0.0022550011205715384, '4': 6.007809084342492e-21, '2': 0.0022550011205715384, '6': 5.357891841819355e-25, '5': 5.035543474851039e-18, '3': 3.633971307106593e-23}
 Missing cell prob  {'1': 0.00010604710828027262, '4': 5.772254834956778e-19, '2': 0.00010604710828027262, '6': 6.361594609916857e-22, '5': 3.281430982706181e-14, '3': 4.3147291812504727e-20}
 Missing cell prob  {'1': 0.0004831034932767974, '4': 1.783505261935915e-16, '2': 0.0004831034932767974, '6': 2.898059766739901e-21, '5': 5.564639696568503e-11, '3': 1.0787970884161445e-18}
 Cells absent at timepoint  2   set()
 Timepoint  2
 Timepoint  3
SortedDict({2: {'4': ['0', '1', '10', '46'], '5': ['2', '3', '4', '5', '6', '7', '8', '9', '11', '12', '13', '14', '15', '16', '17', '18', '19', '20', '21', '22', '23', '24', '25', '26', '27', '28', '29', '30', '31', '32', '33', '34', '35', '36', '37', '38', '39', '40', '41', '42', '43', '44', '45', '47', '48', '49', '50', '51', '52', '53', '54', '55', '56', '57', '58', '59', '60', '61', '62', '63', '64', '65', '66', '67', '68', '69', '70', '71', '72', '73', '74', '75', '76', '77', '78', '79', '80', '81', '82', '83', '84', '85', '86', '87', '88', '89', '90', '91', '92', '93', '94', '95', '96', '97', '98', '99']}, 3: {'4': ['128', '589', '590', '591', '592', '593', '594', '595', '596', '597'], '5': ['100', '101', '102', '103', '104', '105', '106', '107', '108', '109', '110', '111', '112', '113', '114', '115', '116', '117', '118', '119', '120', '121', '122', '123', '124', '125', '126', '127', '129', '130', '131', '132', '133', '134', '135', '136', '137', '138', '139', '140', '334', '387', '463'], '1': ['150', '151', '163', '173', '179', '182', '185', '186', '192', '199', '207', '229', '241', '261', '263', '268', '269', '270', '272', '274', '281', '283', '284', '287', '291', '295', '302', '303', '304', '305', '308', '310', '311', '317', '328', '331', '335', '339', '346', '351', '362', '369', '374', '388', '392', '394', '397', '406', '416', '436', '448', '453', '458', '460', '468', '469', '470', '472', '473', '477', '484', '486', '488', '489', '504', '518', '523', '531', '533', '540', '544', '545', '546', '551', '567', '568', '572', '584', '585', '586', '587', '516', '521', '522', '526', '528', '532', '541', '554', '558', '561', '562', '566', '570', '581', '153', '154', '158', '159', '164', '177', '178', '181', '184', '187', '194', '198', '202', '203', '204', '209', '212', '213', '214', '215', '216', '218', '221', '225', '230', '232', '239', '244', '265', '279', '286', '289', '292', '293', '300', '301', '315', '316', '318', '321', '325', '327', '329', '330', '332', '337', '347', '361', '363', '375', '383', '386', '389', '391', '400', '401', '413', '418', '420', '421', '424', '425', '427', '429', '431', '440', '441', '446', '449', '455', '461', '465', '490', '500', '501', '510'], '6': ['598'], '3': ['599'], '2': ['141', '142', '143', '144', '145', '146', '147', '148', '149', '152', '155', '156', '157', '160', '161', '162', '165', '166', '167', '168', '169', '170', '171', '172', '174', '175', '176', '180', '183', '188', '189', '190', '191', '193', '195', '196', '197', '200', '201', '205', '206', '208', '210', '211', '217', '219', '220', '222', '223', '224', '226', '227', '228', '231', '233', '234', '235', '236', '237', '238', '240', '242', '243', '245', '246', '247', '248', '249', '250', '251', '252', '253', '254', '255', '256', '257', '258', '259', '260', '262', '264', '266', '267', '271', '273', '275', '276', '277', '278', '280', '282', '285', '288', '290', '294', '296', '297', '298', '299', '306', '307', '309', '312', '313', '314', '319', '320', '322', '323', '324', '326', '333', '336', '338', '340', '341', '342', '343', '344', '345', '348', '349', '350', '352', '353', '354', '355', '356', '357', '358', '359', '360', '364', '365', '366', '367', '368', '370', '371', '372', '373', '376', '377', '378', '379', '380', '381', '382', '384', '385', '390', '393', '395', '396', '398', '399', '402', '403', '404', '405', '407', '408', '409', '410', '411', '412', '414', '415', '417', '419', '422', '423', '426', '428', '430', '432', '433', '434', '435', '437', '438', '439', '442', '443', '444', '445', '447', '450', '451', '452', '454', '456', '457', '459', '462', '464', '466', '467', '471', '474', '475', '476', '478', '479', '480', '481', '482', '483', '485', '487', '491', '492', '493', '494', '495', '496', '497', '498', '499', '502', '503', '505', '506', '507', '508', '509', '511', '512', '513', '514', '515', '517', '519', '520', '524', '525', '527', '529', '530', '534', '535', '536', '537', '538', '539', '542', '543', '547', '548', '549', '550', '552', '553', '555', '556', '557', '559', '560', '563', '564', '565', '569', '571', '573', '574', '575', '576', '577', '578', '579', '580', '582', '583', '588']}})
 Cluster1  1
 Cluster to drop  2
 After reassigning and merging cells 
 Timepoint  2
 Cluster  4  # of cells  4
 Cluster  5  # of cells  96
 Timepoint  3
 Cluster  4  # of cells  10
 Cluster  5  # of cells  43
 Cluster  1  # of cells  445
 Cluster  6  # of cells  1
 Cluster  3  # of cells  1
 Tp cluster cell dict  {'4_2': 4, '5_2': 96, '4_3': 10, '5_3': 43, '1_3': 445, '6_3': 1, '3_3': 1}
 New Graph is here 
 ID  0  Timepoint  1  Mutations  []  Type  subclone
 ID  1  Timepoint  2  Mutations  [0, 1, 2, 3]  Type  subclone
 ID  2  Timepoint  2  Mutations  [0, 1, 2, 3, 11, 12, 13, 14, 15]  Type  subclone
 ID  3  Timepoint  3  Mutations  [0, 1, 2, 3]  Type  subclone
 ID  4  Timepoint  3  Mutations  [0, 1, 2, 3, 11, 12, 13, 14, 15]  Type  subclone
 ID  5  Timepoint  3  Mutations  [0, 1, 2, 3, 11, 12, 13, 14, 15, 16, 17, 18, 19, 20, 21, 22, 23, 24]  Type  subclone
 ID  6  Timepoint  3  Mutations  [2, 3, 5, 14, 18, 25, 26, 28, 29]  Type  subclone
 ID  7  Timepoint  3  Mutations  [0, 1, 3, 8, 12, 15, 25, 27, 28]  Type  subclone
Timepoints  SortedDict({1: [0], 2: [1, 2], 3: [3, 4, 5, 6, 7]})
 Clone to nodes  {'4_2': 1, '5_2': 2, '4_3': 3, '5_3': 4, '1_3': 5, '6_3': 6, '3_3': 7}
 Timepoint ====  1
 Hash table  {'0,1': [0, 1, 2, 3], '1': [11, 12, 13, 14, 15]}
 Final possible usc  [[0, 1, 2, 3], [11, 12, 13, 14, 15]]
 Time  1  USC keys  {'0,1,2,3_0', '11,12,13,14,15_0'}
 USC children  {'0,1,2,3_0': [1, 2], '11,12,13,14,15_0': [2]}
 USC children  {'0,1,2,3_0': [1, 2], '11,12,13,14,15_0': [2]}
 Timepoint ====  2
 Hash table  {'0,2': [0, 1, 12, 15], '0,1': [2, 14, 18], '0,1,2': [3], '0': [11, 13, 16, 17, 19, 20, 21, 22, 23, 24], '1': [5, 26, 29], '1,2': [25, 28], '2': [8, 27]}
====== Inside find superset of t nodes ==========
 Final possible usc  []
 Time  2  USC keys  set()
 USC children  {'0,1,2,3_0': [1, 2], '11,12,13,14,15_0': [2]}
 USC children  {'0,1,2,3_0': [1, 2], '11,12,13,14,15_0': [2]}
 Node s  {'1,2': ['0', '1', '2', '3']}
 Enroll USC nodes  ['1', '2']  len  2
 Node TP  SortedDict({1: [0], 2: [1, 2], 3: [3, 4, 5, 6, 7]})
 Unobserved subclones at timepoints  {1.5: [8]}
 ============== Inside finding node v ============ 
 Time  2
 Time  3
 largest_v_mut  [[0, 1, 2, 3, 11, 12, 13, 14, 15]]
 largest_v_mut  []
 largest_v_mut  []
 Sorted all timepoints  [1, 1.5, 2, 3]
 Timepoint  2
 Inside usc_node check  2
 Timepoint  3
 Node  6  has no parent 
 USC nodes  []
 Node with minimum mutation sets  {1: 2, 2: 6}
 Node  7  has no parent 
 USC nodes  []
 Node with minimum mutation sets  {1: 1, 2: 4}
0   1   [-1]   subclone   []   []
1   2   [8]   subclone   [0, 1, 2, 3]   [0]
2   2   [8]   subclone   [0, 1, 2, 3, 11, 12, 13, 14, 15]   [5]
3   3   [1]   subclone   [0, 1, 2, 3]   [0]
4   3   [2]   subclone   [0, 1, 2, 3, 11, 12, 13, 14, 15]   [0]
5   3   [2]   subclone   [0, 1, 2, 3, 11, 12, 13, 14, 15, 16, 17, 18, 19, 20, 21, 22, 23, 24]   [9]
6   3   [1]   subclone   [2, 3, 5, 14, 18, 25, 26, 28, 29]   [7]
7   3   [1]   subclone   [0, 1, 3, 8, 12, 15, 25, 27, 28]   [6]
8   1.5   [0]   unobserved subclone   [0, 1, 2, 3]   [4]
7
 Total estimated FP  73  True negatives  6882
 Total estimated FN  1478  True positives  5967
 Estimated FP rate  0.01209
 Estimated FN rate  0.18
 No. of Cells in each cluster  {'4_2': 5, '4_3': 9, '5_2': 95, '5_3': 42, '1_3': 2, '0_3': 447}
 Cells in each cluster  {'4_2': [0, 1, 10, 46, 78], '4_3': [589, 590, 591, 592, 593, 594, 595, 596, 597], '5_2': [2, 3, 4, 5, 6, 7, 8, 9, 11, 12, 13, 14, 15, 16, 17, 18, 19, 20, 21, 22, 23, 24, 25, 26, 27, 28, 29, 30, 31, 32, 33, 34, 35, 36, 37, 38, 39, 40, 41, 42, 43, 44, 45, 47, 48, 49, 50, 51, 52, 53, 54, 55, 56, 57, 58, 59, 60, 61, 62, 63, 64, 65, 66, 67, 68, 69, 70, 71, 72, 73, 74, 75, 76, 77, 79, 80, 81, 82, 83, 84, 85, 86, 87, 88, 89, 90, 91, 92, 93, 94, 95, 96, 97, 98, 99], '5_3': [100, 101, 102, 103, 104, 105, 106, 107, 108, 109, 110, 111, 112, 113, 114, 115, 116, 117, 118, 119, 120, 121, 122, 123, 124, 125, 126, 127, 128, 129, 130, 131, 132, 133, 134, 135, 136, 137, 138, 139, 140, 463], '1_3': [598, 599], '0_3': [158, 169, 171, 194, 209, 215, 217, 237, 247, 249, 258, 264, 266, 269, 272, 301, 310, 324, 326, 327, 355, 368, 381, 408, 409, 426, 442, 452, 460, 480, 515, 516, 522, 532, 539, 547, 554, 559, 568, 587, 163, 218, 388, 458, 544, 164, 178, 199, 214, 226, 253, 256, 268, 271, 277, 292, 297, 304, 322, 328, 330, 334, 362, 363, 367, 370, 377, 394, 402, 420, 434, 440, 444, 461, 469, 492, 502, 504, 507, 525, 550, 565, 566, 570, 584, 588, 141, 142, 143, 144, 145, 146, 147, 148, 149, 150, 151, 152, 153, 154, 155, 156, 157, 159, 160, 161, 162, 165, 166, 167, 168, 170, 172, 173, 174, 175, 176, 177, 179, 180, 181, 182, 183, 184, 185, 186, 187, 188, 189, 190, 191, 192, 193, 195, 196, 197, 198, 200, 201, 202, 203, 204, 205, 206, 207, 208, 210, 211, 212, 213, 216, 219, 220, 221, 222, 223, 224, 225, 227, 228, 229, 230, 231, 232, 233, 234, 235, 236, 238, 239, 240, 241, 242, 243, 244, 245, 246, 248, 250, 251, 252, 254, 255, 257, 259, 260, 261, 262, 263, 265, 267, 270, 273, 274, 275, 276, 278, 279, 280, 281, 282, 283, 284, 285, 286, 287, 288, 289, 290, 291, 293, 294, 295, 296, 298, 299, 300, 302, 303, 305, 306, 307, 308, 309, 311, 312, 313, 314, 315, 316, 317, 318, 319, 320, 321, 323, 325, 329, 331, 332, 333, 335, 336, 337, 338, 339, 340, 341, 342, 343, 344, 345, 346, 347, 348, 349, 350, 351, 352, 353, 354, 356, 357, 358, 359, 360, 361, 364, 365, 366, 369, 371, 372, 373, 374, 375, 376, 378, 379, 380, 382, 383, 384, 385, 386, 387, 389, 390, 391, 392, 393, 395, 396, 397, 398, 399, 400, 401, 403, 404, 405, 406, 407, 410, 411, 412, 413, 414, 415, 416, 417, 418, 419, 421, 422, 423, 424, 425, 427, 428, 429, 430, 431, 432, 433, 435, 436, 437, 438, 439, 441, 443, 445, 446, 447, 448, 449, 450, 451, 453, 454, 455, 456, 457, 459, 462, 464, 465, 466, 467, 468, 470, 471, 472, 473, 474, 475, 476, 477, 478, 479, 481, 482, 483, 484, 485, 486, 487, 488, 489, 490, 491, 493, 494, 495, 496, 497, 498, 499, 500, 501, 503, 505, 506, 508, 509, 510, 511, 512, 513, 514, 517, 518, 519, 520, 521, 523, 524, 526, 527, 528, 529, 530, 531, 533, 534, 535, 536, 537, 538, 540, 541, 542, 543, 545, 546, 548, 549, 551, 552, 553, 555, 556, 557, 558, 560, 561, 562, 563, 564, 567, 569, 571, 572, 573, 574, 575, 576, 577, 578, 579, 580, 581, 582, 583, 585, 586]}
FP rate  0.01209 FN rate  0.18
 Before reassigning cells 
 Timepoint  2
 Cluster  4  # of cells  4
 Cluster  5  # of cells  96
 Timepoint  3
 Cluster  4  # of cells  10
 Cluster  5  # of cells  44
 Cluster  1  # of cells  2
 Cluster  0  # of cells  444
 Cells absent at timepoint  2   set()
 Cells absent at timepoint  3   set()
 Timepoint  2
 Timepoint  3
 After reassigning and merging cells 
 Timepoint  2
 Cluster  4  # of cells  4
 Cluster  5  # of cells  96
 Timepoint  3
 Cluster  4  # of cells  10
 Cluster  5  # of cells  44
 Cluster  1  # of cells  2
 Cluster  0  # of cells  444
 Tp cluster cell dict  {'4_2': 4, '5_2': 96, '4_3': 10, '5_3': 44, '1_3': 2, '0_3': 444}
 New Graph is here 
 ID  0  Timepoint  1  Mutations  []  Type  subclone
 ID  1  Timepoint  2  Mutations  [0, 1, 2, 3]  Type  subclone
 ID  2  Timepoint  2  Mutations  [0, 1, 2, 3, 11, 12, 13, 14, 15]  Type  subclone
 ID  3  Timepoint  3  Mutations  [0, 1, 2, 3]  Type  subclone
 ID  4  Timepoint  3  Mutations  [0, 1, 2, 3, 11, 12, 13, 14, 15]  Type  subclone
 ID  5  Timepoint  3  Mutations  [0, 1, 2, 3, 25, 26, 27, 28, 29]  Type  subclone
 ID  6  Timepoint  3  Mutations  [0, 1, 2, 3, 11, 12, 13, 14, 15, 16, 17, 18, 19, 20, 21, 22, 23, 24]  Type  subclone
Timepoints  SortedDict({1: [0], 2: [1, 2], 3: [3, 4, 5, 6]})
 Clone to nodes  {'4_2': 1, '5_2': 2, '4_3': 3, '5_3': 4, '1_3': 5, '0_3': 6}
 Timepoint ====  1
 Hash table  {'0,1': [0, 1, 2, 3], '1': [11, 12, 13, 14, 15]}
 Final possible usc  [[0, 1, 2, 3], [11, 12, 13, 14, 15]]
 Time  1  USC keys  {'0,1,2,3_0', '11,12,13,14,15_0'}
 USC children  {'0,1,2,3_0': [1, 2], '11,12,13,14,15_0': [2]}
 USC children  {'0,1,2,3_0': [1, 2], '11,12,13,14,15_0': [2]}
 Timepoint ====  2
 Hash table  {'0,1': [0, 1, 2, 3], '0': [25, 26, 27, 28, 29], '1': [11, 12, 13, 14, 15, 16, 17, 18, 19, 20, 21, 22, 23, 24]}
====== Inside find superset of t nodes ==========
 Final possible usc  []
 Time  2  USC keys  set()
 USC children  {'0,1,2,3_0': [1, 2], '11,12,13,14,15_0': [2]}
 USC children  {'0,1,2,3_0': [1, 2], '11,12,13,14,15_0': [2]}
 Node s  {'1,2': ['0', '1', '2', '3']}
 Enroll USC nodes  ['1', '2']  len  2
 Node TP  SortedDict({1: [0], 2: [1, 2], 3: [3, 4, 5, 6]})
 Unobserved subclones at timepoints  {1.5: [7]}
 ============== Inside finding node v ============ 
 Time  2
 Time  3
 largest_v_mut  [[0, 1, 2, 3]]
 largest_v_mut  [[0, 1, 2, 3, 11, 12, 13, 14, 15]]
 Sorted all timepoints  [1, 1.5, 2, 3]
 Timepoint  2
 Inside usc_node check  2
 Timepoint  3
0   1   [-1]   subclone   []   []
1   2   [7]   subclone   [0, 1, 2, 3]   [0]
2   2   [7]   subclone   [0, 1, 2, 3, 11, 12, 13, 14, 15]   [5]
3   3   [1]   subclone   [0, 1, 2, 3]   [0]
4   3   [2]   subclone   [0, 1, 2, 3, 11, 12, 13, 14, 15]   [0]
5   3   [1]   subclone   [0, 1, 2, 3, 25, 26, 27, 28, 29]   [5]
6   3   [2]   subclone   [0, 1, 2, 3, 11, 12, 13, 14, 15, 16, 17, 18, 19, 20, 21, 22, 23, 24]   [9]
7   1.5   [0]   unobserved subclone   [0, 1, 2, 3]   [4]
 List of tree files  ['all_trees/u0_rep1_m1_tree.csv', 'all_trees/u0_rep1_m2_tree.csv', 'all_trees/u0_rep1_m3_tree.csv', 'all_trees/u0_rep1_m4_tree.csv', 'all_trees/u0_rep1_m5_tree.csv']
{'1': ['0', '1', '2', '3'], '2': ['0', '1', '2', '3', '11', '12', '13', '14', '15'], '3': ['0', '1', '2', '3'], '4': ['0', '1', '2', '3', '11', '12', '13', '14', '15'], '5': ['0', '1', '2', '3', '11', '12', '13', '14', '15', '16', '17', '18', '19', '20', '21', '22', '23', '24'], '6': ['0', '1', '2', '7', '25', '26', '28', '29'], '7': ['0', '1', '2', '3']}
 Actual mutation of  1   []
 Actual mutation of  2   ['11', '15', '12', '14', '13']
 Actual mutation of  3   []
 Actual mutation of  4   []
 Actual mutation of  5   ['16', '17', '21', '20', '23', '22', '18', '24', '19']
 Actual mutation of  6   ['28', '25', '26', '29', '7']
 Updated node mutation  {'1': [], '2': ['11', '15', '12', '14', '13'], '3': [], '4': [], '5': ['16', '17', '21', '20', '23', '22', '18', '24', '19'], '6': ['28', '25', '26', '29', '7'], '7': ['0', '1', '2', '3']}
{'1': ['0', '1', '2', '3'], '2': ['0', '1', '2', '3', '11', '12', '13', '14', '15'], '3': ['0', '1', '2', '3'], '4': ['0', '1', '2', '3', '11', '12', '13', '14', '15'], '5': ['0', '1', '2', '3', '12', '16', '17', '18', '19', '20', '21', '22', '25'], '6': ['0', '2', '3', '7', '14', '21', '23', '26', '28', '29'], '7': ['0', '1', '6', '7', '8', '25', '27', '28'], '8': ['0', '1', '2', '3', '11', '12', '13', '14', '15', '16', '17', '18', '19', '20', '21', '22', '23', '24'], '9': ['0', '1', '2', '3']}
 Actual mutation of  1   []
 Actual mutation of  2   ['11', '15', '12', '14', '13']
 Actual mutation of  3   []
 Actual mutation of  4   []
 Actual mutation of  5   ['16', '17', '12', '25', '21', '20', '22', '18', '19']
 Actual mutation of  6   ['28', '26', '29', '21', '14', '7', '23']
 Actual mutation of  7   ['28', '25', '27', '7', '6', '8']
 Actual mutation of  8   ['16', '17', '21', '20', '23', '22', '18', '24', '19']
 Updated node mutation  {'1': [], '2': ['11', '15', '12', '14', '13'], '3': [], '4': [], '5': ['16', '17', '12', '25', '21', '20', '22', '18', '19'], '6': ['28', '26', '29', '21', '14', '7', '23'], '7': ['28', '25', '27', '7', '6', '8'], '8': ['16', '17', '21', '20', '23', '22', '18', '24', '19'], '9': ['0', '1', '2', '3']}
{'1': ['0', '1', '2', '3'], '2': ['0', '1', '2', '3', '11', '12', '13', '14', '15'], '3': ['0', '1', '2', '3'], '4': ['0', '1', '2', '3', '11', '12', '13', '14', '15'], '5': ['0', '1', '2', '3', '11', '12', '13', '14', '15', '16', '17', '18', '19', '20', '21', '22', '23', '24'], '6': ['3', '8', '11', '12', '14', '15', '16', '18', '19', '20', '22', '25'], '7': ['1', '3', '12', '14', '15', '16', '23', '24', '25'], '8': ['0', '2', '3', '5', '15', '25', '26', '28', '29'], '9': ['0', '1', '6', '7', '12', '15', '25', '27', '28'], '10': ['0', '1', '2', '3']}
 Actual mutation of  1   []
 Actual mutation of  2   ['11', '15', '12', '14', '13']
 Actual mutation of  3   []
 Actual mutation of  4   []
 Actual mutation of  5   ['16', '17', '21', '20', '23', '22', '18', '24', '19']
 Actual mutation of  6   ['11', '16', '15', '12', '25', '14', '20', '22', '8', '19', '18']
 Actual mutation of  7   ['16', '15', '12', '25', '14', '23', '24']
 Actual mutation of  8   ['15', '28', '25', '26', '29', '5']
 Actual mutation of  9   ['15', '27', '25', '28', '12', '7', '6']
 Updated node mutation  {'1': [], '2': ['11', '15', '12', '14', '13'], '3': [], '4': [], '5': ['16', '17', '21', '20', '23', '22', '18', '24', '19'], '6': ['11', '16', '15', '12', '25', '14', '20', '22', '8', '19', '18'], '7': ['16', '15', '12', '25', '14', '23', '24'], '8': ['15', '28', '25', '26', '29', '5'], '9': ['15', '27', '25', '28', '12', '7', '6'], '10': ['0', '1', '2', '3']}
{'1': ['0', '1', '2', '3'], '2': ['0', '1', '2', '3', '11', '12', '13', '14', '15'], '3': ['0', '1', '2', '3'], '4': ['0', '1', '2', '3', '11', '12', '13', '14', '15'], '5': ['0', '1', '2', '3', '11', '12', '13', '14', '15', '16', '17', '18', '19', '20', '21', '22', '23', '24'], '6': ['2', '3', '5', '14', '18', '25', '26', '28', '29'], '7': ['0', '1', '3', '8', '12', '15', '25', '27', '28'], '8': ['0', '1', '2', '3']}
 Actual mutation of  1   []
 Actual mutation of  2   ['11', '15', '12', '14', '13']
 Actual mutation of  3   []
 Actual mutation of  4   []
 Actual mutation of  5   ['16', '17', '21', '20', '23', '22', '18', '24', '19']
 Actual mutation of  6   ['28', '25', '26', '29', '14', '18', '5']
 Actual mutation of  7   ['15', '27', '25', '28', '12', '8']
 Updated node mutation  {'1': [], '2': ['11', '15', '12', '14', '13'], '3': [], '4': [], '5': ['16', '17', '21', '20', '23', '22', '18', '24', '19'], '6': ['28', '25', '26', '29', '14', '18', '5'], '7': ['15', '27', '25', '28', '12', '8'], '8': ['0', '1', '2', '3']}
{'1': ['0', '1', '2', '3'], '2': ['0', '1', '2', '3', '11', '12', '13', '14', '15'], '3': ['0', '1', '2', '3'], '4': ['0', '1', '2', '3', '11', '12', '13', '14', '15'], '5': ['0', '1', '2', '3', '25', '26', '27', '28', '29'], '6': ['0', '1', '2', '3', '11', '12', '13', '14', '15', '16', '17', '18', '19', '20', '21', '22', '23', '24'], '7': ['0', '1', '2', '3']}
 Actual mutation of  1   []
 Actual mutation of  2   ['11', '15', '12', '14', '13']
 Actual mutation of  3   []
 Actual mutation of  4   []
 Actual mutation of  5   ['28', '25', '27', '26', '29']
 Actual mutation of  6   ['16', '17', '21', '20', '23', '22', '18', '24', '19']
 Updated node mutation  {'1': [], '2': ['11', '15', '12', '14', '13'], '3': [], '4': [], '5': ['28', '25', '27', '26', '29'], '6': ['16', '17', '21', '20', '23', '22', '18', '24', '19'], '7': ['0', '1', '2', '3']}
 Parallel mutation count  {'m1': 0, 'm2': 13, 'm3': 13, 'm4': 6, 'm5': 0}
 Clusters with least parallel mutations  ['m1', 'm5']
 Cluster nos for each run  {'m1': 7, 'm5': 7}
 Run  m1
 Base path  ['u0', 'rep1', 'm1', 'tree.csv']
 Best tree path  u0_rep1_m1_tree.csv
