22
 Total estimated FP  255  True negatives  25109
 Total estimated FN  490  True positives  1986
 Estimated FP rate  0.11379
 Estimated FN rate  0.02
 No. of Cells in each cluster  {'15_2': 4, '11_2': 8, '20_2': 88, '20_3': 500}
 Cells in each cluster  {'15_2': [0, 1, 2, 3], '11_2': [4, 5, 6, 7, 8, 9, 10, 11], '20_2': [86, 92, 23, 36, 69, 26, 33, 81, 99, 44, 54, 75, 20, 47, 48, 70, 35, 91, 40, 62, 16, 41, 77, 78, 45, 38, 29, 59, 68, 31, 60, 84, 12, 13, 14, 15, 17, 18, 19, 21, 22, 24, 25, 27, 28, 30, 32, 34, 37, 39, 42, 43, 46, 49, 50, 51, 52, 53, 55, 56, 57, 58, 63, 64, 65, 66, 67, 71, 72, 73, 74, 76, 79, 80, 82, 83, 85, 87, 88, 89, 90, 93, 94, 95, 96, 97, 98, 61], '20_3': [181, 214, 226, 260, 320, 338, 357, 380, 399, 435, 449, 459, 490, 507, 520, 589, 200, 294, 442, 153, 194, 236, 255, 464, 129, 149, 157, 248, 258, 267, 310, 365, 395, 473, 591, 118, 136, 233, 235, 245, 284, 301, 350, 360, 471, 574, 586, 148, 155, 176, 419, 541, 177, 275, 405, 565, 107, 178, 377, 421, 120, 127, 137, 141, 188, 190, 197, 198, 201, 207, 263, 265, 273, 280, 282, 299, 305, 311, 316, 321, 335, 340, 347, 356, 362, 367, 382, 384, 394, 406, 412, 413, 415, 416, 418, 425, 465, 466, 474, 488, 498, 504, 511, 519, 522, 561, 562, 579, 592, 593, 598, 262, 293, 345, 482, 545, 138, 191, 232, 238, 455, 552, 560, 218, 344, 424, 564, 106, 231, 423, 573, 590, 131, 179, 185, 359, 467, 479, 112, 132, 180, 212, 213, 234, 297, 372, 445, 475, 476, 517, 553, 126, 173, 165, 229, 281, 431, 526, 536, 134, 187, 208, 295, 430, 492, 502, 518, 533, 587, 100, 101, 102, 103, 104, 105, 108, 109, 110, 111, 113, 114, 115, 116, 117, 119, 121, 122, 123, 124, 125, 128, 130, 133, 135, 139, 140, 142, 143, 144, 145, 147, 150, 151, 152, 154, 156, 158, 159, 160, 161, 162, 163, 164, 166, 167, 168, 169, 170, 171, 172, 174, 175, 182, 183, 184, 186, 189, 192, 193, 195, 196, 199, 202, 203, 204, 205, 206, 209, 210, 211, 215, 216, 217, 219, 220, 221, 222, 223, 224, 225, 227, 228, 230, 237, 239, 240, 241, 242, 243, 244, 246, 247, 249, 250, 251, 252, 253, 254, 256, 257, 259, 261, 264, 266, 268, 269, 270, 271, 272, 274, 276, 277, 278, 279, 283, 285, 286, 287, 288, 289, 290, 291, 292, 296, 298, 300, 302, 303, 306, 307, 308, 309, 312, 313, 314, 315, 317, 318, 319, 322, 323, 324, 325, 326, 327, 328, 329, 330, 331, 332, 333, 334, 336, 337, 339, 341, 342, 343, 346, 348, 349, 351, 352, 353, 354, 355, 358, 361, 363, 364, 366, 368, 369, 370, 371, 373, 374, 375, 376, 379, 381, 383, 385, 386, 387, 388, 389, 390, 391, 392, 393, 396, 397, 398, 400, 401, 402, 403, 404, 407, 408, 409, 410, 411, 414, 417, 420, 422, 426, 427, 428, 429, 432, 433, 434, 436, 437, 438, 439, 440, 441, 443, 444, 446, 447, 448, 450, 451, 452, 453, 454, 456, 457, 458, 460, 461, 462, 463, 468, 469, 470, 472, 477, 478, 480, 481, 483, 484, 485, 486, 487, 489, 493, 494, 495, 496, 497, 499, 500, 501, 503, 505, 506, 508, 509, 510, 512, 513, 514, 515, 516, 521, 523, 524, 525, 527, 528, 529, 530, 531, 532, 534, 535, 537, 538, 539, 540, 542, 543, 546, 547, 548, 549, 550, 551, 554, 555, 556, 557, 558, 559, 563, 566, 567, 568, 569, 570, 571, 572, 575, 576, 577, 578, 580, 581, 582, 583, 584, 585, 588, 594, 595, 596, 597, 599, 146, 304, 378, 491, 544]}
FP rate  0.11379 FN rate  0.02
 Before reassigning cells 
 Timepoint  2
 Cluster  15  # of cells  4
 Cluster  11  # of cells  8
 Cluster  20  # of cells  88
 Timepoint  3
 Cluster  20  # of cells  500
 Cells absent at timepoint  2   set()
 Cells absent at timepoint  3   set()
 Timepoint  2
 Timepoint  3
 After reassigning and merging cells 
 Timepoint  2
 Cluster  15  # of cells  4
 Cluster  11  # of cells  8
 Cluster  20  # of cells  88
 Timepoint  3
 Cluster  20  # of cells  500
 Tp cluster cell dict  {'15_2': 4, '11_2': 8, '20_2': 88, '20_3': 500}
 New Graph is here 
 ID  0  Timepoint  1  Mutations  []  Type  subclone
 ID  1  Timepoint  2  Mutations  [0, 1, 8, 9, 11, 12, 13, 14, 15, 16, 18, 19, 20, 21, 22]  Type  subclone
 ID  2  Timepoint  2  Mutations  [0, 1, 23, 24, 25, 26, 27, 28, 29, 30, 31, 32, 33, 34]  Type  subclone
 ID  3  Timepoint  2  Mutations  [2, 3, 4, 5, 6]  Type  subclone
 ID  4  Timepoint  3  Mutations  [2, 3, 4, 5, 6]  Type  subclone
Timepoints  SortedDict({1: [0], 2: [1, 2, 3], 3: [4]})
 Clone to nodes  {'15_2': 1, '11_2': 2, '20_2': 3, '20_3': 4}
 Timepoint ====  1
 Hash table  {'0,1': [0, 1], '0': [8, 9, 11, 12, 13, 14, 15, 16, 18, 19, 20, 21, 22], '1': [23, 24, 25, 26, 27, 28, 29, 30, 31, 32, 33, 34], '2': [2, 3, 4, 5, 6]}
 Final possible usc  [[0, 1], [8, 9, 11, 12, 13, 14, 15, 16, 18, 19, 20, 21, 22], [23, 24, 25, 26, 27, 28, 29, 30, 31, 32, 33, 34], [2, 3, 4, 5, 6]]
 Time  1  USC keys  {'23,24,25,26,27,28,29,30,31,32,33,34_0', '8,9,11,12,13,14,15,16,18,19,20,21,22_0', '0,1_0', '2,3,4,5,6_0'}
 USC children  {'0,1_0': [1, 2], '8,9,11,12,13,14,15,16,18,19,20,21,22_0': [1], '23,24,25,26,27,28,29,30,31,32,33,34_0': [2], '2,3,4,5,6_0': [3]}
 USC children  {'0,1_0': [1, 2], '8,9,11,12,13,14,15,16,18,19,20,21,22_0': [1], '23,24,25,26,27,28,29,30,31,32,33,34_0': [2], '2,3,4,5,6_0': [3]}
 Timepoint ====  2
 Hash table  {}
====== Inside find superset of t nodes ==========
 Final possible usc  []
 Time  2  USC keys  set()
 USC children  {'0,1_0': [1, 2], '8,9,11,12,13,14,15,16,18,19,20,21,22_0': [1], '23,24,25,26,27,28,29,30,31,32,33,34_0': [2], '2,3,4,5,6_0': [3]}
 USC children  {'0,1_0': [1, 2], '8,9,11,12,13,14,15,16,18,19,20,21,22_0': [1], '23,24,25,26,27,28,29,30,31,32,33,34_0': [2], '2,3,4,5,6_0': [3]}
 Node s  {'1,2': ['0', '1'], '3': ['2', '3', '4', '5', '6']}
 Enroll USC nodes  ['1', '2']  len  2
 Enroll USC nodes  ['3']  len  1
 Node TP  SortedDict({1: [0], 2: [1, 2, 3], 3: [4]})
 Unobserved subclones at timepoints  {1.5: [5]}
 ============== Inside finding node v ============ 
 Time  2
 largest_v_mut  [[]]
 Time  3
 Sorted all timepoints  [1, 1.5, 2, 3]
 Timepoint  2
 Inside usc_node check  2
 Timepoint  3
0   1   [-1]   subclone   []   []
1   2   [5]   subclone   [0, 1, 8, 9, 11, 12, 13, 14, 15, 16, 18, 19, 20, 21, 22]   [13]
2   2   [5]   subclone   [0, 1, 23, 24, 25, 26, 27, 28, 29, 30, 31, 32, 33, 34]   [12]
3   2   [0]   subclone   [2, 3, 4, 5, 6]   [5]
4   3   [3]   subclone   [2, 3, 4, 5, 6]   [0]
5   1.5   [0]   unobserved subclone   [0, 1]   [2]
21
 Total estimated FP  248  True negatives  25109
 Total estimated FN  490  True positives  1993
 Estimated FP rate  0.11066
 Estimated FN rate  0.02
 No. of Cells in each cluster  {'15_2': 4, '11_2': 8, '17_3': 3, '20_3': 4, '8_3': 493, '8_2': 88}
 Cells in each cluster  {'15_2': [0, 1, 2, 3], '11_2': [4, 5, 6, 7, 8, 9, 10, 11], '17_3': [173, 359, 536], '20_3': [177, 275, 405, 565], '8_3': [118, 126, 136, 233, 235, 245, 284, 301, 350, 360, 471, 574, 586, 105, 106, 113, 155, 158, 166, 175, 231, 277, 379, 393, 419, 423, 437, 441, 463, 477, 495, 539, 541, 543, 549, 554, 570, 573, 583, 585, 590, 107, 148, 176, 178, 273, 321, 377, 421, 112, 132, 234, 372, 476, 517, 131, 138, 179, 185, 191, 232, 238, 345, 455, 467, 552, 560, 526, 561, 200, 294, 338, 442, 589, 146, 304, 378, 491, 544, 101, 103, 110, 114, 115, 121, 125, 137, 141, 142, 152, 154, 159, 163, 164, 172, 186, 188, 189, 203, 219, 220, 222, 225, 227, 237, 241, 246, 251, 252, 256, 257, 261, 278, 282, 285, 287, 290, 292, 300, 305, 315, 322, 329, 330, 341, 343, 348, 353, 355, 358, 361, 369, 383, 385, 389, 392, 400, 406, 412, 414, 415, 417, 438, 444, 446, 453, 454, 456, 457, 458, 460, 483, 484, 486, 494, 501, 506, 508, 510, 523, 531, 537, 542, 550, 551, 556, 558, 559, 571, 580, 592, 599, 134, 187, 208, 295, 430, 479, 492, 502, 518, 533, 587, 157, 258, 267, 365, 395, 473, 591, 129, 149, 248, 310, 153, 194, 236, 255, 464, 165, 229, 281, 431, 143, 181, 214, 260, 262, 293, 320, 380, 399, 435, 449, 462, 482, 490, 507, 520, 545, 100, 102, 104, 108, 109, 111, 116, 117, 119, 120, 122, 123, 124, 127, 128, 130, 133, 135, 139, 140, 144, 145, 147, 150, 151, 156, 160, 161, 162, 167, 168, 169, 170, 171, 174, 182, 183, 184, 190, 192, 193, 195, 196, 197, 198, 199, 201, 202, 204, 205, 206, 207, 209, 210, 211, 215, 216, 217, 218, 221, 223, 224, 228, 230, 239, 240, 242, 243, 244, 247, 249, 250, 253, 254, 259, 263, 264, 265, 266, 268, 269, 270, 271, 272, 274, 276, 279, 280, 283, 286, 288, 289, 291, 296, 298, 299, 302, 303, 306, 307, 308, 309, 311, 312, 313, 314, 316, 317, 318, 319, 323, 324, 325, 326, 327, 328, 331, 332, 333, 334, 335, 336, 337, 339, 340, 342, 344, 346, 347, 349, 351, 352, 354, 356, 362, 363, 364, 366, 367, 368, 370, 371, 373, 374, 375, 376, 381, 382, 384, 386, 387, 388, 390, 391, 394, 396, 397, 398, 401, 402, 403, 404, 407, 408, 409, 410, 411, 413, 416, 418, 420, 422, 424, 425, 426, 427, 428, 429, 432, 433, 434, 436, 439, 440, 443, 447, 448, 450, 451, 452, 461, 465, 466, 468, 469, 470, 472, 474, 478, 480, 481, 485, 487, 488, 489, 493, 496, 497, 498, 499, 500, 503, 504, 505, 509, 511, 512, 513, 514, 515, 516, 519, 521, 522, 524, 525, 527, 528, 529, 530, 532, 534, 535, 538, 540, 546, 547, 548, 555, 557, 562, 563, 564, 566, 567, 568, 569, 572, 575, 576, 577, 578, 579, 581, 582, 584, 588, 593, 594, 595, 596, 597, 598, 180, 212, 213, 226, 297, 357, 445, 459, 475, 553], '8_2': [16, 44, 67, 47, 54, 75, 35, 41, 77, 78, 91, 59, 86, 92, 61, 19, 22, 37, 38, 39, 42, 48, 53, 58, 65, 73, 74, 83, 85, 96, 31, 60, 84, 26, 33, 81, 99, 23, 36, 69, 29, 68, 70, 12, 13, 14, 15, 17, 18, 20, 21, 24, 25, 27, 28, 30, 32, 34, 40, 43, 46, 49, 50, 51, 52, 55, 56, 57, 62, 63, 64, 66, 71, 72, 76, 79, 80, 82, 87, 88, 89, 90, 93, 94, 95, 97, 98, 45]}
FP rate  0.11066 FN rate  0.02
 Before reassigning cells 
 Timepoint  2
 Cluster  15  # of cells  4
 Cluster  11  # of cells  8
 Cluster  8  # of cells  88
 Timepoint  3
 Cluster  17  # of cells  2
 Cluster  20  # of cells  18
 Cluster  8  # of cells  383
 Cells absent at timepoint  2   set()
 Cells absent at timepoint  3   {512, 514, 526, 539, 541, 543, 549, 550, 551, 554, 559, 575, 598, 101, 105, 110, 121, 123, 125, 142, 148, 152, 154, 158, 159, 164, 169, 175, 178, 185, 186, 187, 188, 189, 191, 193, 197, 204, 208, 212, 220, 224, 225, 226, 230, 231, 240, 251, 258, 261, 271, 273, 275, 277, 278, 287, 292, 302, 307, 309, 315, 318, 319, 321, 322, 330, 332, 342, 343, 344, 353, 355, 358, 360, 361, 362, 379, 392, 403, 407, 410, 419, 421, 431, 437, 444, 452, 454, 457, 469, 473, 477, 486, 491, 493, 501, 510}
 Missing cell prob  {'17': 8.773603867435763e-09, '8': 3.9013584317326613e-07, '20': 3.9013584317326613e-07}
 Missing cell prob  {'17': 4.500910848844908e-08, '8': 2.001420027155865e-06, '20': 2.001420027155865e-06}
 Missing cell prob  {'17': 2.4169979395076817e-05, '8': 2.4169979395076817e-05, '20': 6.137663013248529e-08}
 Missing cell prob  {'17': 1.7829925379136553e-09, '8': 7.92843291834065e-08, '20': 7.92843291834065e-08}
 Missing cell prob  {'17': 5.659607303533651e-07, '8': 5.659607303533651e-07, '20': 6.390736165398305e-08}
 Missing cell prob  {'17': 4.6006351516170775e-11, '8': 9.096900703641097e-08, '20': 9.096900703641094e-08}
 Missing cell prob  {'17': 1.7643570527472038e-11, '8': 3.488688058423562e-08, '20': 3.488688058423562e-08}
 Missing cell prob  {'17': 4.322674779230648e-08, '8': 8.547285743137727e-05, '20': 8.547285743137727e-05}
 Missing cell prob  {'17': 0.0002184165858944228, '8': 0.0002184165858944228, '20': 0.0002184165858944228}
 Missing cell prob  {'17': 1.382010216193026e-09, '8': 2.7326682716204075e-06, '20': 2.7326682716204066e-06}
 Missing cell prob  {'17': 7.688655176321967e-10, '8': 1.520288620560421e-06, '20': 1.520288620560421e-06}
 Missing cell prob  {'17': 3.786439756868997e-05, '8': 0.001683716166686937, '20': 0.001683716166686937}
 Missing cell prob  {'17': 1.922163794080493e-06, '8': 8.547285743137727e-05, '20': 8.547285743137727e-05}
 Missing cell prob  {'17': 9.919474288501604e-10, '8': 1.9613916266127477e-06, '20': 1.9613916266127477e-06}
 Missing cell prob  {'17': 1.2797552745409268e-09, '8': 5.690687779301141e-08, '20': 5.690687779301138e-08}
 Missing cell prob  {'17': 3.3859250296729136e-06, '8': 0.0001505619282944655, '20': 0.0001505619282944655}
 Missing cell prob  {'17': 4.860542401365786e-08, '8': 9.610818970402463e-05, '20': 9.610818970402463e-05}
 Missing cell prob  {'17': 0.006695037265469997, '8': 0.006695037265469997, '20': 1.700120712761791e-05}
 Missing cell prob  {'17': 8.090237671776171e-08, '8': 3.5974859855087116e-06, '20': 3.5974859855087116e-06}
 Missing cell prob  {'17': 3.0112385658893097e-06, '8': 0.00013390074530939995, '20': 0.00013390074530939995}
 Missing cell prob  {'17': 7.080885934034949e-09, '8': 3.1486575482873213e-07, '20': 3.1486575482873213e-07}
 Missing cell prob  {'17': 4.322674779230648e-08, '8': 8.547285743137727e-05, '20': 8.547285743137727e-05}
 Missing cell prob  {'17': 8.73666343577691e-08, '8': 3.8849321299869186e-06, '20': 3.8849321299869186e-06}
 Missing cell prob  {'17': 1.7829925379136553e-09, '8': 7.92843291834065e-08, '20': 7.92843291834065e-08}
 Missing cell prob  {'17': 5.119021098163709e-13, '8': 1.012191253928735e-09, '20': 1.012191253928735e-09}
 Missing cell prob  {'17': 6.022477131778618e-08, '8': 0.00011908328883346176, '20': 0.00011908328883346176}
 Missing cell prob  {'17': 0.00019424660649934597, '8': 0.00863756385120641, '20': 0.00863756385120641}
 Missing cell prob  {'17': 2.1741947417254882e-10, '8': 4.299065895043523e-07, '20': 4.2990658950435225e-07}
 Missing cell prob  {'17': 8.598131790087045e-09, '8': 1.700120712761791e-05, '20': 1.7001207127617906e-05}
 Missing cell prob  {'17': 5.378676221351379e-09, '8': 1.0635332272647365e-05, '20': 1.0635332272647365e-05}
 Missing cell prob  {'17': 2.4798685721254016e-06, '8': 0.00011027231579670014, '20': 0.00011027231579670018}
 Missing cell prob  {'17': 4.932648856138126e-07, '8': 2.1934009668589392e-05, '20': 2.1934009668589402e-05}
 Missing cell prob  {'17': 5.4884451238279365e-09, '8': 5.4884451238279365e-09, '20': 5.4884451238279365e-09}
 Missing cell prob  {'17': 2.559510549081854e-11, '8': 5.060956269643677e-08, '20': 5.060956269643674e-08}
 Missing cell prob  {'17': 6.8004828510471624e-09, '8': 3.023970709375142e-07, '20': 3.023970709375142e-07}
 Missing cell prob  {'17': 3.964216459170324e-06, '8': 0.007838501056563177, '20': 0.007838501056563177}
 Missing cell prob  {'17': 3.964216459170325e-06, '8': 0.00017627681328992673, '20': 0.00017627681328992673}
 Missing cell prob  {'17': 0.0002022559417944043, '8': 0.0002022559417944043, '20': 5.136035876861854e-07}
 Missing cell prob  {'17': 1.5605433726930642e-10, '8': 3.0856843973215735e-07, '20': 3.0856843973215735e-07}
 Missing cell prob  {'17': 7.646662526196018e-09, '8': 1.5119853546875711e-05, '20': 1.5119853546875708e-05}
 Missing cell prob  {'17': 1.1153748047430236e-09, '8': 2.2054463159340047e-06, '20': 2.2054463159340047e-06}
 Missing cell prob  {'17': 0.00010590553209115085, '8': 0.004709301295497205, '20': 0.004709301295497205}
 Missing cell prob  {'17': 4.500910848844908e-08, '8': 2.001420027155865e-06, '20': 2.001420027155865e-06}
 Missing cell prob  {'17': 9.762187572850277e-11, '8': 1.9302911027257566e-07, '20': 1.9302911027257566e-07}
 Missing cell prob  {'17': 4.8605424013657804e-08, '8': 2.161337389615322e-06, '20': 2.1613373896153237e-06}
 Missing cell prob  {'17': 1.5293325052392036e-10, '8': 3.023970709375142e-07, '20': 3.023970709375142e-07}
 Missing cell prob  {'17': 5.6357780607309165e-06, '8': 0.011143703361960343, '20': 0.011143703361960343}
 Missing cell prob  {'17': 6.910051080965132e-08, '8': 0.0001366334135810204, '20': 0.0001366334135810204}
 Missing cell prob  {'17': 1.0757352442702755e-10, '8': 2.12706645452947e-07, '20': 2.1270664545294728e-07}
 Missing cell prob  {'17': 1.961391626612746e-06, '8': 8.721720146058898e-05, '20': 8.721720146058902e-05}
 Missing cell prob  {'17': 5.012122860530433e-06, '8': 0.009910541147925812, '20': 0.009910541147925812}
 Missing cell prob  {'17': 2.7177434271568597e-05, '8': 2.7177434271568597e-05, '20': 6.901368445418548e-08}
 Missing cell prob  {'17': 5.435486854313718e-07, '8': 2.4169979395076817e-05, '20': 2.4169979395076807e-05}
 Missing cell prob  {'17': 4.508622448584733e-11, '8': 8.914962689568272e-08, '20': 8.914962689568274e-08}
 Missing cell prob  {'17': 9.82376080663965e-08, '8': 0.00019424660649934597, '20': 0.00019424660649934572}
 Missing cell prob  {'17': 5.012122860530433e-06, '8': 0.00022287406723920674, '20': 0.00022287406723920674}
 Missing cell prob  {'17': 3.7674410363977636e-08, '8': 7.449414240746063e-05, '20': 7.449414240746063e-05}
 Missing cell prob  {'17': 8.645349558461293e-10, '8': 1.7094571486275433e-06, '20': 1.7094571486275448e-06}
 Missing cell prob  {'17': 4.8605424013657844e-08, '8': 2.161337389615322e-06, '20': 2.1613373896153237e-06}
 Missing cell prob  {'17': 4.9597371442508024e-08, '8': 2.2054463159340047e-06, '20': 2.2054463159340047e-06}
 Missing cell prob  {'17': 4.2362212836460335e-08, '8': 8.376340028274971e-05, '20': 8.376340028274971e-05}
 Missing cell prob  {'17': 1.5539728519947668e-09, '8': 3.072692414172762e-06, '20': 3.0726924141727647e-06}
 Missing cell prob  {'17': 4.911880403319826e-06, '8': 0.00971233032496729, '20': 0.00971233032496729}
 Missing cell prob  {'17': 0.000585975309060338, '8': 0.000585975309060338, '20': 1.4880107766368586e-06}
 Missing cell prob  {'17': 6.910051080965129e-08, '8': 0.0001366334135810204, '20': 0.00013663341358102022}
 Missing cell prob  {'17': 7.92843291834065e-08, '8': 0.00015677002113126344, '20': 0.00015677002113126352}
 Missing cell prob  {'17': 8.821785263736016e-10, '8': 1.744344029211781e-06, '20': 1.744344029211781e-06}
 Missing cell prob  {'17': 0.00013390074530939995, '8': 0.005954164441673087, '20': 0.005954164441673087}
 Missing cell prob  {'17': 4.959737144250804e-08, '8': 9.80695813306373e-05, '20': 9.806958133063734e-05}
 Missing cell prob  {'17': 3.1210867453861296e-12, '8': 6.171368794643146e-09, '20': 6.171368794643147e-09}
 Missing cell prob  {'17': 3.525536265798535e-06, '8': 0.00015677002113126344, '20': 0.00015677002113126352}
 Missing cell prob  {'17': 9.919474288501606e-10, '8': 1.9613916266127477e-06, '20': 1.9613916266127477e-06}
 Missing cell prob  {'17': 0.00016929625148364574, '8': 0.00016929625148364574, '20': 0.00016929625148364574}
 Missing cell prob  {'17': 1.360096570209433e-10, '8': 2.689338110675689e-07, '20': 2.689338110675689e-07}
 Missing cell prob  {'17': 1.2290769656691057e-09, '8': 2.430271200682893e-06, '20': 2.4302712006828923e-06}
 Missing cell prob  {'17': 0.00013390074530939995, '8': 0.00013390074530939995, '20': 3.400241425523581e-07}
 Missing cell prob  {'17': 8.598131790087045e-09, '8': 1.700120712761791e-05, '20': 1.700120712761791e-05}
 Missing cell prob  {'17': 1.6180475343552347e-09, '8': 3.199388186352318e-06, '20': 3.199388186352318e-06}
 Missing cell prob  {'17': 8.736663435776902e-08, '8': 3.884932129986914e-06, '20': 3.884932129986918e-06}
 Missing cell prob  {'17': 3.4550255404825664e-06, '8': 1.734817053838561e-05, '20': 1.7348170538385616e-05}
 Missing cell prob  {'17': 2.2504554244224526e-06, '8': 0.004449857217376992, '20': 0.004449857217376992}
 Missing cell prob  {'17': 8.598131790087052e-09, '8': 1.700120712761791e-05, '20': 1.700120712761791e-05}
 Missing cell prob  {'17': 3.5810628030350053e-12, '8': 7.080885934034948e-09, '20': 7.080885934034945e-09}
 Missing cell prob  {'17': 7.646662526196013e-09, '8': 1.5119853546875711e-05, '20': 1.5119853546875711e-05}
 Missing cell prob  {'17': 2.2092249998065203e-09, '8': 4.3683317178884545e-06, '20': 4.368331717888454e-06}
 Missing cell prob  {'17': 1.602434916304417e-07, '8': 0.0003168517136714257, '20': 0.0003168517136714258}
 Missing cell prob  {'17': 4.280965083530685e-06, '8': 0.008464812574182285, '20': 0.008464812574182285}
 Missing cell prob  {'17': 5.465336543240813e-08, '8': 0.00010806686948076623, '20': 0.00010806686948076623}
 Missing cell prob  {'17': 7.194971971017423e-08, '8': 0.00014226719448252848, '20': 0.00014226719448252848}
 Missing cell prob  {'17': 3.8849321299869186e-06, '8': 0.00017275127702412834, '20': 0.00017275127702412834}
 Missing cell prob  {'17': 1.9814020489192683e-11, '8': 3.917854187301538e-08, '20': 3.917854187301538e-08}
 Missing cell prob  {'17': 4.959737144250804e-08, '8': 2.2054463159340047e-06, '20': 2.2054463159340047e-06}
 Missing cell prob  {'17': 4.959737144250804e-08, '8': 9.80695813306373e-05, '20': 9.80695813306373e-05}
 Missing cell prob  {'17': 1.7905314015175028e-10, '8': 3.5404429670174735e-07, '20': 3.5404429670174735e-07}
 Missing cell prob  {'17': 9.919474288501606e-10, '8': 1.9613916266127477e-06, '20': 1.9613916266127477e-06}
 Missing cell prob  {'17': 1.3058727291233949e-09, '8': 2.5821205457365702e-06, '20': 2.582120545736568e-06}
 Missing cell prob  {'17': 1.2674068546857037e-07, '8': 0.0002506061430265216, '20': 0.00025060614302652173}
 Timepoint  2
 Timepoint  3
SortedDict({2: {'15': ['0', '1', '2', '3'], '11': ['4', '5', '6', '7', '8', '9', '10', '11'], '8': ['12', '13', '14', '15', '16', '17', '18', '19', '20', '21', '22', '23', '24', '25', '26', '27', '28', '29', '30', '31', '32', '33', '34', '35', '36', '37', '38', '39', '40', '41', '42', '43', '44', '45', '46', '47', '48', '49', '50', '51', '52', '53', '54', '55', '56', '57', '58', '59', '60', '61', '62', '63', '64', '65', '66', '67', '68', '69', '70', '71', '72', '73', '74', '75', '76', '77', '78', '79', '80', '81', '82', '83', '84', '85', '86', '87', '88', '89', '90', '91', '92', '93', '94', '95', '96', '97', '98', '99']}, 3: {'17': ['173', '536', '526', '541', '551', '123', '188', '204', '273', '321', '358', '362'], '20': ['111', '136', '177', '227', '229', '239', '246', '252', '282', '372', '393', '405', '463', '494', '506', '556', '565', '583', '186', '187', '230', '258', '261', '277', '302', '307', '318', '330', '343', '344', '353', '403', '407', '444', '510'], '8': ['100', '102', '103', '104', '106', '107', '108', '109', '112', '113', '114', '115', '116', '117', '118', '119', '120', '122', '124', '126', '127', '128', '129', '130', '131', '132', '133', '134', '135', '137', '138', '139', '140', '141', '143', '144', '145', '146', '147', '149', '150', '151', '153', '155', '156', '157', '160', '161', '162', '163', '165', '166', '167', '168', '170', '171', '172', '174', '176', '179', '180', '181', '182', '183', '184', '190', '192', '194', '195', '196', '198', '199', '200', '201', '202', '203', '205', '206', '207', '209', '210', '211', '213', '214', '215', '216', '217', '218', '219', '221', '222', '223', '228', '232', '233', '234', '235', '236', '237', '238', '241', '242', '243', '244', '245', '247', '248', '249', '250', '253', '254', '255', '256', '257', '259', '260', '262', '263', '264', '265', '266', '267', '268', '269', '270', '272', '274', '276', '279', '280', '281', '283', '284', '285', '286', '288', '289', '290', '291', '293', '294', '295', '296', '297', '298', '299', '300', '301', '303', '304', '305', '306', '308', '310', '311', '312', '313', '314', '316', '317', '320', '323', '324', '325', '326', '327', '328', '329', '331', '333', '334', '335', '336', '337', '338', '339', '340', '341', '345', '346', '347', '348', '349', '350', '351', '352', '354', '356', '357', '359', '363', '364', '365', '366', '367', '368', '369', '370', '371', '373', '374', '375', '376', '377', '378', '380', '381', '382', '383', '384', '385', '386', '387', '388', '389', '390', '391', '394', '395', '396', '397', '398', '399', '400', '401', '402', '404', '406', '408', '409', '411', '412', '413', '414', '415', '416', '417', '418', '420', '422', '423', '424', '425', '426', '427', '428', '429', '430', '432', '433', '434', '435', '436', '438', '439', '440', '441', '442', '443', '445', '446', '447', '448', '449', '450', '451', '453', '455', '456', '458', '459', '460', '461', '462', '464', '465', '466', '467', '468', '470', '471', '472', '474', '475', '476', '478', '479', '480', '481', '482', '483', '484', '485', '487', '488', '489', '490', '492', '495', '496', '497', '498', '499', '500', '502', '503', '504', '505', '507', '508', '509', '511', '513', '515', '516', '517', '518', '519', '520', '521', '522', '523', '524', '525', '527', '528', '529', '530', '531', '532', '533', '534', '535', '537', '538', '540', '542', '544', '545', '546', '547', '548', '552', '553', '555', '557', '558', '560', '561', '562', '563', '564', '566', '567', '568', '569', '570', '571', '572', '573', '574', '576', '577', '578', '579', '580', '581', '582', '584', '585', '586', '587', '588', '589', '590', '591', '592', '593', '594', '595', '596', '597', '599', '512', '514', '539', '543', '549', '550', '554', '559', '575', '598', '101', '105', '110', '121', '125', '142', '148', '152', '154', '158', '159', '164', '169', '175', '178', '185', '189', '191', '193', '197', '208', '212', '220', '224', '225', '226', '231', '240', '251', '271', '275', '278', '287', '292', '309', '315', '319', '322', '332', '342', '355', '360', '361', '379', '392', '410', '419', '421', '431', '437', '452', '454', '457', '469', '473', '477', '486', '491', '493', '501']}})
 Cluster1  17
SortedDict({2: {'15': ['0', '1', '2', '3'], '11': ['4', '5', '6', '7', '8', '9', '10', '11'], '8': ['12', '13', '14', '15', '16', '17', '18', '19', '20', '21', '22', '23', '24', '25', '26', '27', '28', '29', '30', '31', '32', '33', '34', '35', '36', '37', '38', '39', '40', '41', '42', '43', '44', '45', '46', '47', '48', '49', '50', '51', '52', '53', '54', '55', '56', '57', '58', '59', '60', '61', '62', '63', '64', '65', '66', '67', '68', '69', '70', '71', '72', '73', '74', '75', '76', '77', '78', '79', '80', '81', '82', '83', '84', '85', '86', '87', '88', '89', '90', '91', '92', '93', '94', '95', '96', '97', '98', '99']}, 3: {'17': ['173', '536', '526', '541', '551', '123', '188', '204', '273', '321', '358', '362', '111', '136', '177', '227', '229', '239', '246', '252', '282', '372', '393', '405', '463', '494', '506', '556', '565', '583', '186', '187', '230', '258', '261', '277', '302', '307', '318', '330', '343', '344', '353', '403', '407', '444', '510'], '20': ['111', '136', '177', '227', '229', '239', '246', '252', '282', '372', '393', '405', '463', '494', '506', '556', '565', '583', '186', '187', '230', '258', '261', '277', '302', '307', '318', '330', '343', '344', '353', '403', '407', '444', '510'], '8': ['100', '102', '103', '104', '106', '107', '108', '109', '112', '113', '114', '115', '116', '117', '118', '119', '120', '122', '124', '126', '127', '128', '129', '130', '131', '132', '133', '134', '135', '137', '138', '139', '140', '141', '143', '144', '145', '146', '147', '149', '150', '151', '153', '155', '156', '157', '160', '161', '162', '163', '165', '166', '167', '168', '170', '171', '172', '174', '176', '179', '180', '181', '182', '183', '184', '190', '192', '194', '195', '196', '198', '199', '200', '201', '202', '203', '205', '206', '207', '209', '210', '211', '213', '214', '215', '216', '217', '218', '219', '221', '222', '223', '228', '232', '233', '234', '235', '236', '237', '238', '241', '242', '243', '244', '245', '247', '248', '249', '250', '253', '254', '255', '256', '257', '259', '260', '262', '263', '264', '265', '266', '267', '268', '269', '270', '272', '274', '276', '279', '280', '281', '283', '284', '285', '286', '288', '289', '290', '291', '293', '294', '295', '296', '297', '298', '299', '300', '301', '303', '304', '305', '306', '308', '310', '311', '312', '313', '314', '316', '317', '320', '323', '324', '325', '326', '327', '328', '329', '331', '333', '334', '335', '336', '337', '338', '339', '340', '341', '345', '346', '347', '348', '349', '350', '351', '352', '354', '356', '357', '359', '363', '364', '365', '366', '367', '368', '369', '370', '371', '373', '374', '375', '376', '377', '378', '380', '381', '382', '383', '384', '385', '386', '387', '388', '389', '390', '391', '394', '395', '396', '397', '398', '399', '400', '401', '402', '404', '406', '408', '409', '411', '412', '413', '414', '415', '416', '417', '418', '420', '422', '423', '424', '425', '426', '427', '428', '429', '430', '432', '433', '434', '435', '436', '438', '439', '440', '441', '442', '443', '445', '446', '447', '448', '449', '450', '451', '453', '455', '456', '458', '459', '460', '461', '462', '464', '465', '466', '467', '468', '470', '471', '472', '474', '475', '476', '478', '479', '480', '481', '482', '483', '484', '485', '487', '488', '489', '490', '492', '495', '496', '497', '498', '499', '500', '502', '503', '504', '505', '507', '508', '509', '511', '513', '515', '516', '517', '518', '519', '520', '521', '522', '523', '524', '525', '527', '528', '529', '530', '531', '532', '533', '534', '535', '537', '538', '540', '542', '544', '545', '546', '547', '548', '552', '553', '555', '557', '558', '560', '561', '562', '563', '564', '566', '567', '568', '569', '570', '571', '572', '573', '574', '576', '577', '578', '579', '580', '581', '582', '584', '585', '586', '587', '588', '589', '590', '591', '592', '593', '594', '595', '596', '597', '599', '512', '514', '539', '543', '549', '550', '554', '559', '575', '598', '101', '105', '110', '121', '125', '142', '148', '152', '154', '158', '159', '164', '169', '175', '178', '185', '189', '191', '193', '197', '208', '212', '220', '224', '225', '226', '231', '240', '251', '271', '275', '278', '287', '292', '309', '315', '319', '322', '332', '342', '355', '360', '361', '379', '392', '410', '419', '421', '431', '437', '452', '454', '457', '469', '473', '477', '486', '491', '493', '501']}})
 Cluster1  17
 Cluster to drop  20
 Cluster to drop  8
 After reassigning and merging cells 
 Timepoint  2
 Cluster  15  # of cells  4
 Cluster  11  # of cells  8
 Cluster  8  # of cells  88
 Timepoint  3
 Cluster  17  # of cells  500
 Tp cluster cell dict  {'15_2': 4, '11_2': 8, '8_2': 88, '17_3': 500}
 New Graph is here 
 ID  0  Timepoint  1  Mutations  []  Type  subclone
 ID  1  Timepoint  2  Mutations  [0, 1, 8, 9, 11, 12, 13, 14, 15, 16, 18, 19, 20, 21, 22]  Type  subclone
 ID  2  Timepoint  2  Mutations  [0, 1, 23, 24, 25, 26, 27, 28, 29, 30, 31, 32, 33, 34]  Type  subclone
 ID  3  Timepoint  2  Mutations  [2, 3, 4, 5, 6]  Type  subclone
 ID  4  Timepoint  3  Mutations  [2, 3, 4, 5, 6]  Type  subclone
Timepoints  SortedDict({1: [0], 2: [1, 2, 3], 3: [4]})
 Clone to nodes  {'15_2': 1, '11_2': 2, '8_2': 3, '17_3': 4}
 Timepoint ====  1
 Hash table  {'0,1': [0, 1], '0': [8, 9, 11, 12, 13, 14, 15, 16, 18, 19, 20, 21, 22], '1': [23, 24, 25, 26, 27, 28, 29, 30, 31, 32, 33, 34], '2': [2, 3, 4, 5, 6]}
 Final possible usc  [[0, 1], [8, 9, 11, 12, 13, 14, 15, 16, 18, 19, 20, 21, 22], [23, 24, 25, 26, 27, 28, 29, 30, 31, 32, 33, 34], [2, 3, 4, 5, 6]]
 Time  1  USC keys  {'8,9,11,12,13,14,15,16,18,19,20,21,22_0', '0,1_0', '23,24,25,26,27,28,29,30,31,32,33,34_0', '2,3,4,5,6_0'}
 USC children  {'0,1_0': [1, 2], '8,9,11,12,13,14,15,16,18,19,20,21,22_0': [1], '23,24,25,26,27,28,29,30,31,32,33,34_0': [2], '2,3,4,5,6_0': [3]}
 USC children  {'0,1_0': [1, 2], '8,9,11,12,13,14,15,16,18,19,20,21,22_0': [1], '23,24,25,26,27,28,29,30,31,32,33,34_0': [2], '2,3,4,5,6_0': [3]}
 Timepoint ====  2
 Hash table  {}
====== Inside find superset of t nodes ==========
 Final possible usc  []
 Time  2  USC keys  set()
 USC children  {'0,1_0': [1, 2], '8,9,11,12,13,14,15,16,18,19,20,21,22_0': [1], '23,24,25,26,27,28,29,30,31,32,33,34_0': [2], '2,3,4,5,6_0': [3]}
 USC children  {'0,1_0': [1, 2], '8,9,11,12,13,14,15,16,18,19,20,21,22_0': [1], '23,24,25,26,27,28,29,30,31,32,33,34_0': [2], '2,3,4,5,6_0': [3]}
 Node s  {'1,2': ['0', '1'], '3': ['2', '3', '4', '5', '6']}
 Enroll USC nodes  ['1', '2']  len  2
 Enroll USC nodes  ['3']  len  1
 Node TP  SortedDict({1: [0], 2: [1, 2, 3], 3: [4]})
 Unobserved subclones at timepoints  {1.5: [5]}
 ============== Inside finding node v ============ 
 Time  2
 largest_v_mut  [[]]
 Time  3
 Sorted all timepoints  [1, 1.5, 2, 3]
 Timepoint  2
 Inside usc_node check  2
 Timepoint  3
0   1   [-1]   subclone   []   []
1   2   [5]   subclone   [0, 1, 8, 9, 11, 12, 13, 14, 15, 16, 18, 19, 20, 21, 22]   [13]
2   2   [5]   subclone   [0, 1, 23, 24, 25, 26, 27, 28, 29, 30, 31, 32, 33, 34]   [12]
3   2   [0]   subclone   [2, 3, 4, 5, 6]   [5]
4   3   [3]   subclone   [2, 3, 4, 5, 6]   [0]
5   1.5   [0]   unobserved subclone   [0, 1]   [2]
19
 Total estimated FP  255  True negatives  25109
 Total estimated FN  490  True positives  1986
 Estimated FP rate  0.11379
 Estimated FN rate  0.02
 No. of Cells in each cluster  {'15_2': 4, '11_2': 8, '18_2': 88, '18_3': 500}
 Cells in each cluster  {'15_2': [0, 1, 2, 3], '11_2': [4, 5, 6, 7, 8, 9, 10, 11], '18_2': [31, 60, 61, 70, 59, 23, 36, 69, 44, 67, 54, 75, 40, 62, 41, 77, 78, 86, 92, 91, 38, 12, 13, 14, 15, 17, 18, 19, 20, 21, 22, 24, 25, 27, 28, 29, 30, 32, 34, 35, 37, 39, 42, 43, 45, 46, 47, 49, 50, 51, 52, 53, 55, 56, 57, 58, 63, 64, 65, 66, 68, 71, 72, 73, 74, 76, 79, 80, 82, 83, 85, 87, 88, 89, 90, 93, 94, 95, 96, 97, 98, 16, 26, 33, 81, 99, 84, 48], '18_3': [134, 295, 430, 492, 502, 533, 587, 143, 146, 262, 293, 304, 378, 462, 491, 544, 545, 157, 229, 258, 267, 365, 395, 473, 561, 591, 153, 194, 236, 255, 464, 113, 155, 175, 288, 379, 419, 441, 495, 541, 107, 148, 176, 178, 377, 421, 218, 344, 350, 424, 564, 131, 179, 185, 359, 467, 479, 536, 200, 294, 338, 442, 589, 138, 238, 345, 455, 560, 136, 173, 245, 284, 301, 471, 574, 112, 132, 177, 198, 234, 265, 275, 372, 405, 476, 517, 519, 565, 100, 101, 102, 103, 104, 105, 108, 109, 110, 111, 114, 115, 116, 117, 119, 120, 121, 122, 123, 124, 125, 127, 128, 130, 133, 135, 137, 139, 140, 141, 142, 144, 145, 147, 150, 151, 152, 154, 156, 158, 159, 160, 161, 162, 163, 164, 165, 166, 167, 168, 169, 170, 171, 172, 174, 180, 181, 182, 183, 184, 186, 189, 190, 191, 192, 193, 195, 196, 197, 199, 201, 202, 203, 204, 205, 206, 207, 209, 210, 211, 212, 213, 214, 215, 216, 217, 219, 220, 221, 222, 223, 224, 225, 226, 227, 228, 230, 232, 237, 239, 240, 241, 242, 243, 244, 246, 247, 249, 250, 251, 252, 253, 254, 256, 257, 259, 260, 261, 263, 264, 266, 268, 269, 270, 271, 272, 273, 274, 276, 277, 278, 279, 280, 281, 283, 285, 286, 287, 289, 290, 291, 292, 296, 297, 298, 299, 300, 302, 303, 306, 307, 308, 309, 311, 312, 313, 314, 315, 316, 317, 318, 319, 320, 321, 322, 323, 324, 325, 326, 327, 328, 329, 330, 331, 332, 333, 334, 335, 336, 337, 339, 340, 341, 342, 343, 346, 347, 348, 349, 351, 352, 353, 354, 355, 356, 357, 358, 361, 362, 363, 364, 366, 367, 368, 369, 370, 371, 373, 374, 375, 376, 380, 381, 382, 383, 384, 385, 386, 387, 388, 389, 390, 391, 392, 393, 394, 396, 397, 398, 399, 400, 401, 402, 403, 404, 407, 408, 409, 410, 411, 413, 414, 415, 416, 417, 418, 420, 422, 425, 426, 427, 428, 429, 431, 432, 433, 434, 435, 436, 437, 438, 439, 440, 443, 444, 445, 446, 447, 448, 449, 450, 451, 452, 453, 454, 456, 457, 458, 459, 460, 461, 463, 465, 466, 468, 469, 470, 472, 474, 475, 477, 478, 480, 481, 483, 484, 485, 486, 487, 488, 489, 490, 493, 494, 496, 497, 498, 499, 500, 501, 503, 504, 505, 506, 507, 508, 509, 510, 511, 512, 513, 514, 515, 516, 520, 521, 522, 523, 524, 525, 526, 527, 528, 529, 530, 531, 532, 534, 535, 537, 538, 539, 540, 542, 543, 546, 547, 548, 549, 550, 551, 552, 553, 554, 555, 556, 557, 558, 559, 562, 563, 566, 567, 568, 569, 570, 571, 572, 575, 576, 577, 578, 579, 580, 581, 582, 583, 584, 585, 588, 592, 593, 594, 595, 596, 597, 598, 599, 106, 231, 423, 573, 590, 129, 149, 248, 310, 118, 126, 187, 208, 233, 235, 360, 518, 586, 188, 282, 305, 406, 412, 482]}
FP rate  0.11379 FN rate  0.02
 Before reassigning cells 
 Timepoint  2
 Cluster  15  # of cells  4
 Cluster  11  # of cells  8
 Cluster  18  # of cells  88
 Timepoint  3
 Cluster  18  # of cells  500
 Cells absent at timepoint  2   set()
 Cells absent at timepoint  3   set()
 Timepoint  2
 Timepoint  3
 After reassigning and merging cells 
 Timepoint  2
 Cluster  15  # of cells  4
 Cluster  11  # of cells  8
 Cluster  18  # of cells  88
 Timepoint  3
 Cluster  18  # of cells  500
 Tp cluster cell dict  {'15_2': 4, '11_2': 8, '18_2': 88, '18_3': 500}
 New Graph is here 
 ID  0  Timepoint  1  Mutations  []  Type  subclone
 ID  1  Timepoint  2  Mutations  [0, 1, 8, 9, 11, 12, 13, 14, 15, 16, 18, 19, 20, 21, 22]  Type  subclone
 ID  2  Timepoint  2  Mutations  [0, 1, 23, 24, 25, 26, 27, 28, 29, 30, 31, 32, 33, 34]  Type  subclone
 ID  3  Timepoint  2  Mutations  [2, 3, 4, 5, 6]  Type  subclone
 ID  4  Timepoint  3  Mutations  [2, 3, 4, 5, 6]  Type  subclone
Timepoints  SortedDict({1: [0], 2: [1, 2, 3], 3: [4]})
 Clone to nodes  {'15_2': 1, '11_2': 2, '18_2': 3, '18_3': 4}
 Timepoint ====  1
 Hash table  {'0,1': [0, 1], '0': [8, 9, 11, 12, 13, 14, 15, 16, 18, 19, 20, 21, 22], '1': [23, 24, 25, 26, 27, 28, 29, 30, 31, 32, 33, 34], '2': [2, 3, 4, 5, 6]}
 Final possible usc  [[0, 1], [8, 9, 11, 12, 13, 14, 15, 16, 18, 19, 20, 21, 22], [23, 24, 25, 26, 27, 28, 29, 30, 31, 32, 33, 34], [2, 3, 4, 5, 6]]
 Time  1  USC keys  {'2,3,4,5,6_0', '23,24,25,26,27,28,29,30,31,32,33,34_0', '0,1_0', '8,9,11,12,13,14,15,16,18,19,20,21,22_0'}
 USC children  {'0,1_0': [1, 2], '8,9,11,12,13,14,15,16,18,19,20,21,22_0': [1], '23,24,25,26,27,28,29,30,31,32,33,34_0': [2], '2,3,4,5,6_0': [3]}
 USC children  {'0,1_0': [1, 2], '8,9,11,12,13,14,15,16,18,19,20,21,22_0': [1], '23,24,25,26,27,28,29,30,31,32,33,34_0': [2], '2,3,4,5,6_0': [3]}
 Timepoint ====  2
 Hash table  {}
====== Inside find superset of t nodes ==========
 Final possible usc  []
 Time  2  USC keys  set()
 USC children  {'0,1_0': [1, 2], '8,9,11,12,13,14,15,16,18,19,20,21,22_0': [1], '23,24,25,26,27,28,29,30,31,32,33,34_0': [2], '2,3,4,5,6_0': [3]}
 USC children  {'0,1_0': [1, 2], '8,9,11,12,13,14,15,16,18,19,20,21,22_0': [1], '23,24,25,26,27,28,29,30,31,32,33,34_0': [2], '2,3,4,5,6_0': [3]}
 Node s  {'1,2': ['0', '1'], '3': ['2', '3', '4', '5', '6']}
 Enroll USC nodes  ['1', '2']  len  2
 Enroll USC nodes  ['3']  len  1
 Node TP  SortedDict({1: [0], 2: [1, 2, 3], 3: [4]})
 Unobserved subclones at timepoints  {1.5: [5]}
 ============== Inside finding node v ============ 
 Time  2
 largest_v_mut  [[]]
 Time  3
 Sorted all timepoints  [1, 1.5, 2, 3]
 Timepoint  2
 Inside usc_node check  2
 Timepoint  3
0   1   [-1]   subclone   []   []
1   2   [5]   subclone   [0, 1, 8, 9, 11, 12, 13, 14, 15, 16, 18, 19, 20, 21, 22]   [13]
2   2   [5]   subclone   [0, 1, 23, 24, 25, 26, 27, 28, 29, 30, 31, 32, 33, 34]   [12]
3   2   [0]   subclone   [2, 3, 4, 5, 6]   [5]
4   3   [3]   subclone   [2, 3, 4, 5, 6]   [0]
5   1.5   [0]   unobserved subclone   [0, 1]   [2]
20
 Total estimated FP  255  True negatives  25109
 Total estimated FN  490  True positives  1986
 Estimated FP rate  0.11379
 Estimated FN rate  0.02
 No. of Cells in each cluster  {'15_2': 4, '11_2': 8, '10_2': 88, '10_3': 500}
 Cells in each cluster  {'15_2': [0, 1, 2, 3], '11_2': [4, 5, 6, 7, 8, 9, 10, 11], '10_2': [29, 59, 68, 19, 40, 42, 53, 58, 62, 65, 67, 73, 74, 83, 85, 88, 96, 16, 45, 41, 77, 78, 86, 61, 26, 33, 99, 81, 23, 36, 69, 92, 31, 60, 84, 44, 54, 75, 12, 13, 14, 15, 17, 18, 20, 21, 22, 24, 25, 27, 28, 30, 32, 34, 35, 37, 38, 39, 43, 46, 47, 49, 50, 51, 52, 55, 56, 57, 63, 64, 66, 71, 72, 76, 79, 80, 82, 87, 89, 90, 91, 93, 94, 95, 97, 98, 48, 70], '10_3': [165, 229, 232, 281, 431, 526, 561, 101, 105, 110, 111, 113, 121, 125, 133, 135, 139, 142, 151, 152, 154, 158, 159, 164, 166, 175, 186, 189, 209, 218, 220, 225, 227, 230, 239, 246, 251, 252, 261, 263, 269, 277, 278, 288, 292, 302, 307, 308, 309, 315, 318, 322, 326, 330, 332, 343, 344, 353, 355, 358, 361, 379, 392, 393, 403, 416, 424, 434, 437, 441, 444, 457, 463, 477, 485, 493, 494, 495, 501, 506, 510, 512, 514, 529, 539, 540, 543, 549, 550, 551, 554, 556, 559, 564, 570, 583, 585, 106, 118, 180, 212, 213, 231, 235, 297, 350, 423, 445, 475, 553, 573, 590, 131, 179, 185, 226, 338, 357, 459, 467, 589, 126, 233, 284, 360, 574, 586, 173, 359, 536, 146, 304, 378, 491, 544, 129, 141, 149, 248, 310, 136, 170, 181, 234, 245, 301, 325, 372, 374, 380, 399, 407, 435, 449, 471, 505, 507, 595, 112, 132, 476, 517, 107, 153, 178, 194, 236, 255, 377, 421, 464, 200, 294, 442, 177, 275, 405, 565, 134, 187, 208, 295, 430, 479, 492, 502, 518, 533, 587, 148, 155, 176, 419, 541, 157, 258, 267, 365, 395, 473, 591, 100, 102, 103, 104, 108, 109, 114, 115, 116, 117, 119, 120, 122, 123, 124, 127, 128, 130, 138, 140, 144, 145, 147, 150, 156, 160, 161, 162, 163, 167, 168, 169, 171, 172, 174, 182, 183, 184, 190, 191, 192, 193, 195, 196, 197, 198, 199, 201, 202, 203, 204, 205, 206, 207, 210, 211, 214, 215, 216, 217, 219, 221, 222, 223, 224, 228, 237, 238, 240, 241, 242, 243, 244, 247, 249, 250, 253, 254, 256, 257, 259, 260, 264, 265, 266, 268, 270, 271, 272, 273, 274, 276, 279, 280, 283, 285, 286, 287, 289, 290, 291, 296, 298, 299, 300, 303, 306, 311, 312, 313, 314, 316, 317, 319, 320, 321, 323, 324, 327, 328, 329, 331, 333, 334, 335, 336, 337, 339, 340, 341, 342, 345, 346, 347, 348, 349, 351, 352, 354, 356, 362, 363, 364, 366, 367, 368, 369, 370, 371, 373, 375, 376, 381, 382, 383, 384, 385, 386, 387, 388, 389, 390, 391, 394, 396, 397, 398, 400, 401, 402, 404, 408, 409, 410, 411, 413, 414, 417, 418, 420, 422, 425, 426, 427, 428, 429, 432, 433, 436, 438, 439, 440, 443, 446, 447, 448, 450, 451, 452, 453, 454, 455, 456, 458, 460, 461, 465, 466, 468, 469, 470, 472, 474, 478, 480, 481, 483, 484, 486, 487, 488, 489, 490, 496, 497, 498, 499, 500, 503, 504, 508, 509, 511, 513, 515, 516, 519, 520, 521, 522, 523, 524, 525, 527, 528, 530, 531, 532, 534, 535, 537, 538, 542, 546, 547, 548, 552, 555, 557, 558, 560, 562, 563, 566, 567, 568, 569, 571, 572, 575, 576, 577, 578, 579, 580, 581, 582, 584, 588, 593, 594, 596, 597, 598, 599, 137, 143, 188, 262, 282, 293, 305, 406, 412, 415, 462, 482, 545, 592]}
FP rate  0.11379 FN rate  0.02
 Before reassigning cells 
 Timepoint  2
 Cluster  15  # of cells  4
 Cluster  11  # of cells  8
 Cluster  10  # of cells  88
 Timepoint  3
 Cluster  10  # of cells  500
 Cells absent at timepoint  2   set()
 Cells absent at timepoint  3   set()
 Timepoint  2
 Timepoint  3
 After reassigning and merging cells 
 Timepoint  2
 Cluster  15  # of cells  4
 Cluster  11  # of cells  8
 Cluster  10  # of cells  88
 Timepoint  3
 Cluster  10  # of cells  500
 Tp cluster cell dict  {'15_2': 4, '11_2': 8, '10_2': 88, '10_3': 500}
 New Graph is here 
 ID  0  Timepoint  1  Mutations  []  Type  subclone
 ID  1  Timepoint  2  Mutations  [0, 1, 8, 9, 11, 12, 13, 14, 15, 16, 18, 19, 20, 21, 22]  Type  subclone
 ID  2  Timepoint  2  Mutations  [0, 1, 23, 24, 25, 26, 27, 28, 29, 30, 31, 32, 33, 34]  Type  subclone
 ID  3  Timepoint  2  Mutations  [2, 3, 4, 5, 6]  Type  subclone
 ID  4  Timepoint  3  Mutations  [2, 3, 4, 5, 6]  Type  subclone
Timepoints  SortedDict({1: [0], 2: [1, 2, 3], 3: [4]})
 Clone to nodes  {'15_2': 1, '11_2': 2, '10_2': 3, '10_3': 4}
 Timepoint ====  1
 Hash table  {'0,1': [0, 1], '0': [8, 9, 11, 12, 13, 14, 15, 16, 18, 19, 20, 21, 22], '1': [23, 24, 25, 26, 27, 28, 29, 30, 31, 32, 33, 34], '2': [2, 3, 4, 5, 6]}
 Final possible usc  [[0, 1], [8, 9, 11, 12, 13, 14, 15, 16, 18, 19, 20, 21, 22], [23, 24, 25, 26, 27, 28, 29, 30, 31, 32, 33, 34], [2, 3, 4, 5, 6]]
 Time  1  USC keys  {'2,3,4,5,6_0', '23,24,25,26,27,28,29,30,31,32,33,34_0', '0,1_0', '8,9,11,12,13,14,15,16,18,19,20,21,22_0'}
 USC children  {'0,1_0': [1, 2], '8,9,11,12,13,14,15,16,18,19,20,21,22_0': [1], '23,24,25,26,27,28,29,30,31,32,33,34_0': [2], '2,3,4,5,6_0': [3]}
 USC children  {'0,1_0': [1, 2], '8,9,11,12,13,14,15,16,18,19,20,21,22_0': [1], '23,24,25,26,27,28,29,30,31,32,33,34_0': [2], '2,3,4,5,6_0': [3]}
 Timepoint ====  2
 Hash table  {}
====== Inside find superset of t nodes ==========
 Final possible usc  []
 Time  2  USC keys  set()
 USC children  {'0,1_0': [1, 2], '8,9,11,12,13,14,15,16,18,19,20,21,22_0': [1], '23,24,25,26,27,28,29,30,31,32,33,34_0': [2], '2,3,4,5,6_0': [3]}
 USC children  {'0,1_0': [1, 2], '8,9,11,12,13,14,15,16,18,19,20,21,22_0': [1], '23,24,25,26,27,28,29,30,31,32,33,34_0': [2], '2,3,4,5,6_0': [3]}
 Node s  {'1,2': ['0', '1'], '3': ['2', '3', '4', '5', '6']}
 Enroll USC nodes  ['1', '2']  len  2
 Enroll USC nodes  ['3']  len  1
 Node TP  SortedDict({1: [0], 2: [1, 2, 3], 3: [4]})
 Unobserved subclones at timepoints  {1.5: [5]}
 ============== Inside finding node v ============ 
 Time  2
 largest_v_mut  [[]]
 Time  3
 Sorted all timepoints  [1, 1.5, 2, 3]
 Timepoint  2
 Inside usc_node check  2
 Timepoint  3
0   1   [-1]   subclone   []   []
1   2   [5]   subclone   [0, 1, 8, 9, 11, 12, 13, 14, 15, 16, 18, 19, 20, 21, 22]   [13]
2   2   [5]   subclone   [0, 1, 23, 24, 25, 26, 27, 28, 29, 30, 31, 32, 33, 34]   [12]
3   2   [0]   subclone   [2, 3, 4, 5, 6]   [5]
4   3   [3]   subclone   [2, 3, 4, 5, 6]   [0]
5   1.5   [0]   unobserved subclone   [0, 1]   [2]
21
 Total estimated FP  255  True negatives  25109
 Total estimated FN  490  True positives  1986
 Estimated FP rate  0.11379
 Estimated FN rate  0.02
 No. of Cells in each cluster  {'11_2': 4, '15_2': 8, '19_2': 88, '19_3': 500}
 Cells in each cluster  {'11_2': [0, 1, 2, 3], '15_2': [4, 5, 6, 7, 8, 9, 10, 11], '19_2': [48, 86, 92, 59, 26, 33, 81, 99, 44, 54, 75, 16, 67, 29, 68, 12, 13, 14, 15, 17, 18, 19, 20, 21, 22, 24, 25, 27, 28, 30, 32, 34, 37, 39, 42, 43, 45, 46, 49, 50, 51, 52, 53, 55, 56, 57, 58, 63, 64, 65, 66, 71, 72, 73, 74, 76, 79, 80, 82, 83, 85, 87, 88, 89, 90, 93, 94, 95, 96, 97, 98, 23, 36, 69, 35, 41, 77, 78, 38, 40, 62, 31, 60, 61, 70, 47, 91, 84], '19_3': [137, 188, 200, 282, 294, 305, 338, 357, 406, 412, 415, 442, 589, 592, 258, 267, 526, 561, 591, 129, 149, 157, 248, 310, 365, 395, 473, 105, 148, 155, 158, 166, 176, 187, 208, 393, 419, 518, 539, 541, 543, 549, 570, 583, 585, 106, 112, 132, 231, 423, 476, 517, 573, 590, 113, 135, 139, 175, 269, 288, 379, 441, 495, 512, 165, 170, 229, 281, 325, 407, 431, 505, 536, 181, 214, 260, 320, 380, 399, 435, 449, 490, 507, 520, 100, 101, 102, 103, 104, 107, 108, 109, 110, 111, 114, 115, 116, 117, 119, 120, 121, 122, 123, 124, 125, 127, 128, 130, 133, 140, 141, 142, 144, 145, 147, 150, 151, 152, 154, 156, 159, 160, 161, 162, 163, 164, 167, 168, 169, 171, 172, 174, 178, 180, 182, 183, 184, 186, 189, 190, 192, 193, 195, 196, 197, 198, 199, 201, 202, 203, 204, 205, 206, 207, 209, 210, 211, 212, 213, 215, 216, 217, 219, 220, 221, 222, 223, 224, 225, 226, 227, 228, 230, 237, 239, 240, 241, 242, 243, 244, 246, 247, 249, 250, 251, 252, 253, 254, 256, 257, 259, 261, 263, 264, 265, 266, 268, 270, 271, 272, 274, 276, 277, 278, 279, 280, 283, 285, 286, 287, 289, 290, 291, 292, 296, 297, 298, 299, 300, 302, 303, 306, 307, 308, 309, 311, 312, 313, 314, 315, 316, 317, 318, 319, 322, 323, 324, 326, 327, 328, 329, 330, 331, 332, 333, 334, 335, 336, 337, 339, 340, 341, 342, 343, 346, 347, 348, 349, 351, 352, 353, 354, 355, 356, 358, 361, 362, 363, 364, 366, 367, 368, 369, 370, 371, 373, 374, 375, 376, 381, 382, 383, 384, 385, 386, 387, 388, 389, 390, 391, 392, 394, 396, 397, 398, 400, 401, 402, 403, 404, 408, 409, 410, 411, 413, 414, 416, 417, 418, 420, 421, 422, 425, 426, 427, 428, 429, 432, 433, 434, 436, 437, 438, 439, 440, 443, 444, 445, 446, 447, 448, 450, 451, 452, 453, 454, 456, 457, 458, 459, 460, 461, 463, 465, 466, 468, 469, 470, 472, 474, 475, 477, 478, 480, 481, 483, 484, 485, 486, 487, 488, 489, 493, 494, 496, 497, 498, 499, 500, 501, 503, 504, 506, 508, 509, 510, 511, 513, 514, 515, 516, 519, 521, 522, 523, 524, 525, 527, 528, 529, 530, 531, 532, 534, 535, 537, 538, 540, 542, 546, 547, 548, 550, 551, 553, 554, 555, 556, 557, 558, 559, 562, 563, 566, 567, 568, 569, 571, 572, 575, 576, 577, 578, 579, 580, 581, 582, 584, 588, 593, 594, 595, 596, 597, 598, 599, 153, 194, 236, 255, 464, 177, 275, 405, 565, 131, 179, 185, 191, 232, 234, 238, 372, 467, 552, 118, 136, 233, 235, 245, 284, 301, 350, 471, 574, 173, 359, 218, 344, 424, 564, 134, 295, 430, 479, 492, 502, 533, 587, 143, 146, 262, 293, 304, 345, 378, 462, 482, 491, 544, 545, 138, 273, 321, 377, 455, 560, 126, 360, 586]}
FP rate  0.11379 FN rate  0.02
 Before reassigning cells 
 Timepoint  2
 Cluster  11  # of cells  4
 Cluster  15  # of cells  8
 Cluster  19  # of cells  88
 Timepoint  3
 Cluster  19  # of cells  500
 Cells absent at timepoint  2   set()
 Cells absent at timepoint  3   set()
 Timepoint  2
 Timepoint  3
 After reassigning and merging cells 
 Timepoint  2
 Cluster  11  # of cells  4
 Cluster  15  # of cells  8
 Cluster  19  # of cells  88
 Timepoint  3
 Cluster  19  # of cells  500
 Tp cluster cell dict  {'11_2': 4, '15_2': 8, '19_2': 88, '19_3': 500}
 New Graph is here 
 ID  0  Timepoint  1  Mutations  []  Type  subclone
 ID  1  Timepoint  2  Mutations  [0, 1, 8, 9, 11, 12, 13, 14, 15, 16, 18, 19, 20, 21, 22]  Type  subclone
 ID  2  Timepoint  2  Mutations  [0, 1, 23, 24, 25, 26, 27, 28, 29, 30, 31, 32, 33, 34]  Type  subclone
 ID  3  Timepoint  2  Mutations  [2, 3, 4, 5, 6]  Type  subclone
 ID  4  Timepoint  3  Mutations  [2, 3, 4, 5, 6]  Type  subclone
Timepoints  SortedDict({1: [0], 2: [1, 2, 3], 3: [4]})
 Clone to nodes  {'11_2': 1, '15_2': 2, '19_2': 3, '19_3': 4}
 Timepoint ====  1
 Hash table  {'0,1': [0, 1], '0': [8, 9, 11, 12, 13, 14, 15, 16, 18, 19, 20, 21, 22], '1': [23, 24, 25, 26, 27, 28, 29, 30, 31, 32, 33, 34], '2': [2, 3, 4, 5, 6]}
 Final possible usc  [[0, 1], [8, 9, 11, 12, 13, 14, 15, 16, 18, 19, 20, 21, 22], [23, 24, 25, 26, 27, 28, 29, 30, 31, 32, 33, 34], [2, 3, 4, 5, 6]]
 Time  1  USC keys  {'2,3,4,5,6_0', '0,1_0', '8,9,11,12,13,14,15,16,18,19,20,21,22_0', '23,24,25,26,27,28,29,30,31,32,33,34_0'}
 USC children  {'0,1_0': [1, 2], '8,9,11,12,13,14,15,16,18,19,20,21,22_0': [1], '23,24,25,26,27,28,29,30,31,32,33,34_0': [2], '2,3,4,5,6_0': [3]}
 USC children  {'0,1_0': [1, 2], '8,9,11,12,13,14,15,16,18,19,20,21,22_0': [1], '23,24,25,26,27,28,29,30,31,32,33,34_0': [2], '2,3,4,5,6_0': [3]}
 Timepoint ====  2
 Hash table  {}
====== Inside find superset of t nodes ==========
 Final possible usc  []
 Time  2  USC keys  set()
 USC children  {'0,1_0': [1, 2], '8,9,11,12,13,14,15,16,18,19,20,21,22_0': [1], '23,24,25,26,27,28,29,30,31,32,33,34_0': [2], '2,3,4,5,6_0': [3]}
 USC children  {'0,1_0': [1, 2], '8,9,11,12,13,14,15,16,18,19,20,21,22_0': [1], '23,24,25,26,27,28,29,30,31,32,33,34_0': [2], '2,3,4,5,6_0': [3]}
 Node s  {'1,2': ['0', '1'], '3': ['2', '3', '4', '5', '6']}
 Enroll USC nodes  ['1', '2']  len  2
 Enroll USC nodes  ['3']  len  1
 Node TP  SortedDict({1: [0], 2: [1, 2, 3], 3: [4]})
 Unobserved subclones at timepoints  {1.5: [5]}
 ============== Inside finding node v ============ 
 Time  2
 largest_v_mut  [[]]
 Time  3
 Sorted all timepoints  [1, 1.5, 2, 3]
 Timepoint  2
 Inside usc_node check  2
 Timepoint  3
0   1   [-1]   subclone   []   []
1   2   [5]   subclone   [0, 1, 8, 9, 11, 12, 13, 14, 15, 16, 18, 19, 20, 21, 22]   [13]
2   2   [5]   subclone   [0, 1, 23, 24, 25, 26, 27, 28, 29, 30, 31, 32, 33, 34]   [12]
3   2   [0]   subclone   [2, 3, 4, 5, 6]   [5]
4   3   [3]   subclone   [2, 3, 4, 5, 6]   [0]
5   1.5   [0]   unobserved subclone   [0, 1]   [2]
 List of tree files  ['all_trees/theta5_rep5_m1_tree.csv', 'all_trees/theta5_rep5_m2_tree.csv', 'all_trees/theta5_rep5_m3_tree.csv', 'all_trees/theta5_rep5_m4_tree.csv', 'all_trees/theta5_rep5_m5_tree.csv']
{'1': ['0', '1', '8', '9', '11', '12', '13', '14', '15', '16', '18', '19', '20', '21', '22'], '2': ['0', '1', '23', '24', '25', '26', '27', '28', '29', '30', '31', '32', '33', '34'], '3': ['2', '3', '4', '5', '6'], '4': ['2', '3', '4', '5', '6'], '5': ['0', '1']}
 Actual mutation of  1   ['16', '13', '20', '12', '19', '22', '21', '15', '18', '9', '8', '14', '11']
 Actual mutation of  2   ['28', '27', '24', '26', '31', '32', '34', '23', '30', '25', '33', '29']
 Actual mutation of  4   []
 Updated node mutation  {'1': ['16', '13', '20', '12', '19', '22', '21', '15', '18', '9', '8', '14', '11'], '2': ['28', '27', '24', '26', '31', '32', '34', '23', '30', '25', '33', '29'], '3': ['2', '3', '4', '5', '6'], '4': [], '5': ['0', '1']}
{'1': ['0', '1', '8', '9', '11', '12', '13', '14', '15', '16', '18', '19', '20', '21', '22'], '2': ['0', '1', '23', '24', '25', '26', '27', '28', '29', '30', '31', '32', '33', '34'], '3': ['2', '3', '4', '5', '6'], '4': ['2', '3', '4', '5', '6'], '5': ['0', '1']}
 Actual mutation of  1   ['16', '13', '20', '12', '19', '22', '21', '15', '18', '9', '8', '14', '11']
 Actual mutation of  2   ['28', '27', '24', '26', '31', '32', '34', '23', '30', '25', '33', '29']
 Actual mutation of  4   []
 Updated node mutation  {'1': ['16', '13', '20', '12', '19', '22', '21', '15', '18', '9', '8', '14', '11'], '2': ['28', '27', '24', '26', '31', '32', '34', '23', '30', '25', '33', '29'], '3': ['2', '3', '4', '5', '6'], '4': [], '5': ['0', '1']}
{'1': ['0', '1', '8', '9', '11', '12', '13', '14', '15', '16', '18', '19', '20', '21', '22'], '2': ['0', '1', '23', '24', '25', '26', '27', '28', '29', '30', '31', '32', '33', '34'], '3': ['2', '3', '4', '5', '6'], '4': ['2', '3', '4', '5', '6'], '5': ['0', '1']}
 Actual mutation of  1   ['16', '13', '20', '12', '19', '22', '21', '15', '18', '9', '8', '14', '11']
 Actual mutation of  2   ['28', '27', '24', '26', '31', '32', '34', '23', '30', '25', '33', '29']
 Actual mutation of  4   []
 Updated node mutation  {'1': ['16', '13', '20', '12', '19', '22', '21', '15', '18', '9', '8', '14', '11'], '2': ['28', '27', '24', '26', '31', '32', '34', '23', '30', '25', '33', '29'], '3': ['2', '3', '4', '5', '6'], '4': [], '5': ['0', '1']}
{'1': ['0', '1', '8', '9', '11', '12', '13', '14', '15', '16', '18', '19', '20', '21', '22'], '2': ['0', '1', '23', '24', '25', '26', '27', '28', '29', '30', '31', '32', '33', '34'], '3': ['2', '3', '4', '5', '6'], '4': ['2', '3', '4', '5', '6'], '5': ['0', '1']}
 Actual mutation of  1   ['16', '13', '20', '12', '19', '22', '21', '15', '18', '9', '8', '14', '11']
 Actual mutation of  2   ['28', '27', '24', '26', '31', '32', '34', '23', '30', '25', '33', '29']
 Actual mutation of  4   []
 Updated node mutation  {'1': ['16', '13', '20', '12', '19', '22', '21', '15', '18', '9', '8', '14', '11'], '2': ['28', '27', '24', '26', '31', '32', '34', '23', '30', '25', '33', '29'], '3': ['2', '3', '4', '5', '6'], '4': [], '5': ['0', '1']}
{'1': ['0', '1', '8', '9', '11', '12', '13', '14', '15', '16', '18', '19', '20', '21', '22'], '2': ['0', '1', '23', '24', '25', '26', '27', '28', '29', '30', '31', '32', '33', '34'], '3': ['2', '3', '4', '5', '6'], '4': ['2', '3', '4', '5', '6'], '5': ['0', '1']}
 Actual mutation of  1   ['16', '13', '20', '12', '19', '22', '21', '15', '18', '9', '8', '14', '11']
 Actual mutation of  2   ['28', '27', '24', '26', '31', '32', '34', '23', '30', '25', '33', '29']
 Actual mutation of  4   []
 Updated node mutation  {'1': ['16', '13', '20', '12', '19', '22', '21', '15', '18', '9', '8', '14', '11'], '2': ['28', '27', '24', '26', '31', '32', '34', '23', '30', '25', '33', '29'], '3': ['2', '3', '4', '5', '6'], '4': [], '5': ['0', '1']}
 Parallel mutation count  {'m1': 0, 'm2': 0, 'm3': 0, 'm4': 0, 'm5': 0}
 Clusters with least parallel mutations  ['m1', 'm2', 'm3', 'm4', 'm5']
 Cluster nos for each run  {'m1': 22, 'm2': 21, 'm3': 19, 'm4': 20, 'm5': 21}
 Run  m3
 Base path  ['theta5', 'rep5', 'm1', 'tree.csv']
 Best tree path  theta5_rep5_m3_tree.csv
