
DPMM with:
	600 cells
	28 mutations
	learning errors

	Priors:
	params.:	Beta(0.25,0.25)
	CRP a_0:	Gamma(24.49,1)
	FP:		trunc norm(0.01,0.01)
	FN:		trunc norm(0.2,0.1)

Move probabilitites:
	Split/merge:	0.33
		split/merge ratio:	[0.75, 0.25]
		intermediate Gibbs:	3
	CRP a_0 update:	0.25
	Errors update:	0.25

Run MCMC with (1 chains for 5000 steps):

Clustering time:	0:15:58.850191	(0.19 secs. per MCMC step)	Lugsail PSRF:		1.00758

Chain mean - posterior clusters	(#7):
	7 clusters

	A: 458 items
	B: 7 items
	C: 6 items
	D: 69 items
	E: 1 items
	F: 50 items
	G: 9 items

Inferred latent variables	--	chain mean - posterior
	CRP a_0:	98.4 +- 19.5
	FP (model|genotypes): 2.1E-03 +- 1.2E-03	|	7.8E-03
	FN (model|genotypes): 0.138   +- 0.018	|	0.160

Writing output to: ./sim_output/sp05/rep4/m1

Too many cells to plot genotypes/clusters
