8
 Total estimated FP  388  True negatives  12625
 Total estimated FN  459  True positives  1888
 Estimated FP rate  0.17047
 Estimated FN rate  0.04
 No. of Cells in each cluster  {'6_2': 1, '6_3': 1, '0_2': 25, '0_3': 73, '3_3': 3, '5_3': 49, '1_2': 74, '1_3': 374}
 Cells in each cluster  {'6_2': [44], '6_3': [417], '0_2': [75, 76, 77, 78, 79, 80, 81, 82, 83, 84, 85, 86, 87, 88, 89, 90, 91, 92, 93, 94, 95, 96, 97, 98, 99], '0_3': [100, 101, 102, 103, 104, 105, 106, 107, 108, 109, 110, 111, 112, 113, 114, 115, 116, 117, 118, 119, 120, 122, 123, 124, 125, 126, 127, 128, 129, 130, 131, 132, 133, 134, 135, 138, 139, 140, 141, 142, 143, 144, 145, 146, 147, 148, 149, 150, 151, 152, 153, 154, 155, 156, 157, 158, 159, 160, 161, 162, 163, 164, 165, 166, 167, 168, 169, 170, 171, 172, 173, 174, 186], '3_3': [136, 345, 394], '5_3': [175, 176, 177, 178, 179, 180, 181, 182, 183, 184, 185, 187, 188, 189, 190, 191, 192, 193, 194, 195, 196, 197, 198, 199, 200, 201, 202, 203, 204, 205, 206, 207, 208, 209, 210, 211, 212, 213, 214, 215, 216, 217, 218, 219, 220, 221, 222, 223, 224], '1_2': [34, 62, 70, 1, 2, 3, 4, 5, 6, 7, 8, 9, 10, 11, 12, 13, 14, 15, 16, 17, 18, 19, 20, 21, 22, 23, 25, 26, 27, 28, 29, 30, 31, 32, 33, 36, 37, 39, 40, 41, 42, 43, 46, 47, 48, 49, 50, 51, 52, 53, 54, 55, 56, 57, 58, 59, 60, 61, 63, 64, 65, 66, 67, 68, 69, 71, 72, 73, 74, 24, 35, 0, 38, 45], '1_3': [292, 312, 354, 371, 466, 593, 594, 225, 226, 227, 228, 229, 230, 231, 232, 233, 234, 235, 236, 237, 238, 239, 240, 241, 242, 243, 244, 245, 247, 248, 249, 250, 251, 252, 253, 254, 255, 256, 258, 260, 261, 262, 263, 264, 265, 266, 267, 268, 269, 270, 271, 272, 273, 274, 275, 276, 277, 278, 279, 280, 281, 282, 283, 285, 286, 287, 288, 289, 290, 291, 293, 295, 296, 297, 298, 299, 300, 301, 302, 303, 304, 305, 306, 307, 308, 309, 310, 311, 313, 314, 315, 316, 317, 318, 320, 321, 322, 323, 324, 325, 326, 327, 328, 329, 330, 331, 332, 333, 334, 335, 336, 337, 338, 339, 340, 341, 342, 343, 344, 346, 347, 348, 350, 351, 352, 353, 355, 356, 357, 358, 359, 360, 361, 362, 363, 364, 365, 366, 367, 368, 369, 370, 372, 373, 374, 375, 376, 378, 379, 380, 381, 382, 383, 384, 385, 386, 387, 388, 389, 391, 392, 393, 395, 396, 397, 398, 399, 400, 401, 402, 403, 404, 405, 406, 407, 408, 409, 410, 411, 412, 413, 414, 415, 416, 418, 419, 420, 421, 422, 423, 424, 425, 426, 428, 429, 430, 431, 432, 433, 434, 435, 436, 437, 438, 439, 440, 441, 443, 444, 445, 446, 447, 448, 449, 450, 451, 452, 453, 454, 455, 456, 457, 458, 459, 460, 463, 464, 465, 467, 468, 469, 470, 471, 472, 473, 474, 475, 476, 477, 478, 479, 480, 481, 482, 483, 485, 486, 487, 488, 489, 490, 493, 494, 495, 497, 498, 499, 500, 501, 502, 503, 504, 505, 506, 507, 508, 509, 510, 511, 512, 513, 514, 515, 516, 517, 518, 520, 521, 522, 523, 524, 525, 526, 527, 528, 529, 530, 531, 532, 534, 535, 536, 537, 538, 539, 540, 541, 542, 543, 544, 545, 546, 547, 548, 549, 550, 551, 552, 553, 554, 555, 556, 557, 558, 559, 560, 561, 562, 563, 564, 565, 566, 567, 568, 569, 570, 571, 572, 573, 574, 575, 576, 577, 578, 579, 580, 581, 582, 584, 585, 586, 587, 588, 589, 591, 592, 595, 596, 597, 598, 599, 121, 137, 246, 319, 349, 427, 461, 491, 492, 496, 590, 257, 259, 284, 294, 377, 390, 442, 462, 484, 519, 533, 583]}
FP rate  0.17047 FN rate  0.04
 Before reassigning cells 
 Timepoint  2
 Cluster  6  # of cells  2
 Cluster  0  # of cells  23
 Cluster  1  # of cells  69
 Timepoint  3
 Cluster  6  # of cells  6
 Cluster  0  # of cells  62
 Cluster  3  # of cells  5
 Cluster  5  # of cells  43
 Cluster  1  # of cells  366
 Cells absent at timepoint  3   {439, 546, 515, 485, 167, 552, 234, 331, 429, 495, 244, 570, 279, 248, 409, 314, 316, 318}
 Missing cell prob  {'3': 2.6562508432152192e-05, '6': 0.0031021619221760837, '0': 8.087307096558305e-10, '1': 0.0031021619221760837, '5': 4.902292220555276e-19}
 Missing cell prob  {'3': 1.8112443249715943e-07, '6': 0.0004386766525797359, '0': 5.514572963001178e-12, '1': 0.0004386766525797359, '5': 8.096077020639375e-18}
 Missing cell prob  {'3': 9.180999008218008e-07, '6': 0.002223603882003116, '0': 1.5741570612560598e-10, '1': 0.002223603882003116, '5': 9.542085917093262e-20}
 Missing cell prob  {'3': 1.2808461867395848e-06, '6': 0.0031021619221760837, '0': 3.899705662993891e-11, '1': 0.0031021619221760837, '5': 5.725251550255955e-17}
 Missing cell prob  {'3': 5.482791451945932e-09, '6': 1.1370349982831772e-07, '0': 7.220609779638468e-08, '1': 1.1370349982831772e-07, '5': 2.1105567314863564e-18}
 Missing cell prob  {'3': 1.2808461867395846e-06, '6': 0.0031021619221760837, '0': 4.554358428284141e-09, '1': 0.0031021619221760837, '5': 5.725251550255955e-17}
 Missing cell prob  {'3': 5.60971370748004e-05, '6': 0.0065514295466875105, '0': 1.7079515510383552e-09, '1': 0.0065514295466875105, '5': 2.5074846950980572e-15}
 Missing cell prob  {'3': 3.706006470005194e-06, '6': 0.008975810111792722, '0': 5.440877112598916e-12, '1': 0.008975810111792722, '5': 3.2981027211693227e-21}
 Missing cell prob  {'3': 2.596987586491483e-07, '6': 0.00011168994701834748, '0': 1.404046370930261e-12, '1': 0.00011168994701834748, '5': 1.765016695189765e-20}
 Missing cell prob  {'3': 8.152231496103006e-05, '6': 0.009520765778793678, '0': 5.147347145487067e-08, '1': 0.009520765778793678, '5': 5.771213514443134e-12}
 Missing cell prob  {'3': 2.5612802213922673e-08, '6': 6.203325627295841e-05, '0': 1.8132084491272138e-15, '1': 6.203325627295841e-05, '5': 1.4991108584019957e-20}
 Missing cell prob  {'3': 4.407588663295094e-05, '6': 0.018955937519407638, '0': 1.1490542392568587e-11, '1': 0.018955937519407638, '5': 1.4444679021699247e-19}
 Missing cell prob  {'3': 0.0001346424445388926, '6': 0.01572451885047422, '0': 1.9767180678316576e-10, '1': 0.01572451885047422, '5': 1.1982294588870178e-19}
 Missing cell prob  {'3': 8.538638906891962e-05, '6': 0.0017707642831085227, '0': 2.2260151713233684e-11, '1': 0.0017707642831085227, '5': 7.598828669574119e-20}
 Missing cell prob  {'3': 0.000155819255189489, '6': 0.018197700018631333, '0': 2.287619911417781e-10, '1': 0.018197700018631333, '5': 5.963803698183286e-17}
 Missing cell prob  {'3': 0.000155819255189489, '6': 0.0032314186689334197, '0': 4.062193398951969e-11, '1': 0.0032314186689334197, '5': 5.106554396411748e-19}
 Missing cell prob  {'3': 1.7870391522935608e-07, '6': 0.0004328142496012307, '0': 5.440877112598912e-12, '1': 0.0004328142496012307, '5': 1.5903476528488767e-22}
 Missing cell prob  {'3': 6.232770207579561e-06, '6': 0.01509553809645525, '0': 4.412368278746337e-13, '1': 0.01509553809645525, '5': 1.1503002805315371e-19}
 Cells absent at timepoint  2   {2, 5, 9, 13, 47, 22}
 Missing cell prob  {'6': 0.00045084817666794856, '0': 1.3178120452211054e-14, '1': 0.00045084817666794856}
 Missing cell prob  {'6': 0.015724518850474222, '0': 1.976718067831658e-10, '1': 0.015724518850474222}
 Missing cell prob  {'6': 0.002134659726722991, '0': 7.286973485254623e-12, '1': 0.002134659726722991}
 Missing cell prob  {'6': 0.013043960122033878, '0': 7.906872271326631e-12, '1': 0.013043960122033878}
 Missing cell prob  {'6': 0.007445703762035416, '0': 2.1763508450395658e-13, '1': 0.007445703762035416}
 Missing cell prob  {'6': 0.003739662124547736, '0': 2.647420967247802e-10, '1': 0.003739662124547736}
 Timepoint  2
SortedDict({2: {'6': ['67', '75', '2', '5', '9', '13', '47', '22'], '0': ['76', '77', '78', '79', '80', '81', '82', '84', '85', '86', '87', '88', '89', '90', '91', '92', '93', '94', '95', '96', '97', '98', '99'], '1': ['0', '1', '3', '4', '6', '7', '8', '10', '11', '12', '14', '15', '16', '17', '18', '19', '20', '21', '23', '24', '25', '26', '27', '28', '29', '30', '31', '32', '33', '34', '35', '36', '37', '38', '39', '40', '41', '42', '43', '44', '45', '46', '48', '49', '50', '51', '52', '53', '54', '55', '56', '57', '58', '59', '60', '61', '62', '63', '64', '65', '66', '68', '69', '70', '71', '72', '73', '74', '83']}, 3: {'6': ['113', '172', '173', '353', '477', '550', '439', '546', '515', '485', '167', '552', '234', '331', '429', '495', '244', '570', '279', '248', '409', '314', '316', '318'], '0': ['101', '102', '103', '104', '105', '106', '107', '108', '109', '110', '111', '112', '115', '117', '118', '119', '122', '124', '125', '126', '127', '128', '130', '131', '132', '135', '138', '139', '140', '141', '142', '143', '144', '146', '147', '148', '149', '150', '151', '152', '153', '154', '155', '156', '157', '158', '159', '160', '161', '163', '164', '165', '166', '169', '170', '171', '176', '178', '186', '187', '200', '217'], '3': ['136', '345', '394', '417', '436'], '5': ['175', '177', '179', '180', '181', '182', '183', '184', '185', '188', '189', '190', '191', '192', '193', '194', '195', '196', '197', '198', '199', '201', '202', '203', '204', '205', '206', '207', '208', '209', '210', '211', '212', '213', '214', '215', '218', '219', '220', '221', '222', '223', '224'], '1': ['100', '114', '116', '120', '121', '123', '129', '133', '134', '137', '145', '162', '168', '174', '216', '225', '226', '227', '228', '229', '230', '231', '232', '233', '235', '236', '237', '238', '239', '240', '241', '242', '243', '245', '246', '247', '249', '250', '251', '252', '253', '254', '255', '256', '257', '258', '259', '260', '261', '262', '263', '264', '265', '266', '267', '268', '269', '270', '271', '272', '273', '274', '275', '276', '277', '278', '280', '281', '282', '283', '284', '285', '286', '287', '288', '289', '290', '291', '292', '293', '294', '295', '296', '297', '298', '299', '300', '301', '302', '303', '304', '305', '306', '307', '308', '309', '310', '311', '312', '313', '315', '317', '319', '320', '321', '322', '323', '324', '325', '326', '327', '328', '329', '330', '332', '333', '334', '335', '336', '337', '338', '339', '340', '341', '342', '343', '344', '346', '347', '348', '349', '350', '351', '352', '354', '355', '356', '357', '358', '359', '360', '361', '362', '363', '364', '365', '366', '367', '368', '369', '370', '371', '372', '373', '374', '375', '376', '377', '378', '379', '380', '381', '382', '383', '384', '385', '386', '387', '388', '389', '390', '391', '392', '393', '395', '396', '397', '398', '399', '400', '401', '402', '403', '404', '405', '406', '407', '408', '410', '411', '412', '413', '414', '415', '416', '418', '419', '420', '421', '422', '423', '424', '425', '426', '427', '428', '430', '431', '432', '433', '434', '435', '437', '438', '440', '441', '442', '443', '444', '445', '446', '447', '448', '449', '450', '451', '452', '453', '454', '455', '456', '457', '458', '459', '460', '461', '462', '463', '464', '465', '466', '467', '468', '469', '470', '471', '472', '473', '474', '475', '476', '478', '479', '480', '481', '482', '483', '484', '486', '487', '488', '489', '490', '491', '492', '493', '494', '496', '497', '498', '499', '500', '501', '502', '503', '504', '505', '506', '507', '508', '509', '510', '511', '512', '513', '514', '516', '517', '518', '519', '520', '521', '522', '523', '524', '525', '526', '527', '528', '529', '530', '531', '532', '533', '534', '535', '536', '537', '538', '539', '540', '541', '542', '543', '544', '545', '547', '548', '549', '551', '553', '554', '555', '556', '557', '558', '559', '560', '561', '562', '563', '564', '565', '566', '567', '568', '569', '571', '572', '573', '574', '575', '576', '577', '578', '579', '580', '581', '582', '583', '584', '585', '586', '587', '588', '589', '590', '591', '592', '593', '594', '595', '596', '597', '598', '599']}})
 Cluster1  6
 Cluster to drop  1
 Timepoint  3
SortedDict({2: {'6': ['67', '75', '2', '5', '9', '13', '47', '22', '0', '1', '3', '4', '6', '7', '8', '10', '11', '12', '14', '15', '16', '17', '18', '19', '20', '21', '23', '24', '25', '26', '27', '28', '29', '30', '31', '32', '33', '34', '35', '36', '37', '38', '39', '40', '41', '42', '43', '44', '45', '46', '48', '49', '50', '51', '52', '53', '54', '55', '56', '57', '58', '59', '60', '61', '62', '63', '64', '65', '66', '68', '69', '70', '71', '72', '73', '74', '83'], '0': ['76', '77', '78', '79', '80', '81', '82', '84', '85', '86', '87', '88', '89', '90', '91', '92', '93', '94', '95', '96', '97', '98', '99']}, 3: {'6': ['113', '172', '173', '353', '477', '550', '439', '546', '515', '485', '167', '552', '234', '331', '429', '495', '244', '570', '279', '248', '409', '314', '316', '318'], '0': ['101', '102', '103', '104', '105', '106', '107', '108', '109', '110', '111', '112', '115', '117', '118', '119', '122', '124', '125', '126', '127', '128', '130', '131', '132', '135', '138', '139', '140', '141', '142', '143', '144', '146', '147', '148', '149', '150', '151', '152', '153', '154', '155', '156', '157', '158', '159', '160', '161', '163', '164', '165', '166', '169', '170', '171', '176', '178', '186', '187', '200', '217'], '3': ['136', '345', '394', '417', '436'], '5': ['175', '177', '179', '180', '181', '182', '183', '184', '185', '188', '189', '190', '191', '192', '193', '194', '195', '196', '197', '198', '199', '201', '202', '203', '204', '205', '206', '207', '208', '209', '210', '211', '212', '213', '214', '215', '218', '219', '220', '221', '222', '223', '224'], '1': ['100', '114', '116', '120', '121', '123', '129', '133', '134', '137', '145', '162', '168', '174', '216', '225', '226', '227', '228', '229', '230', '231', '232', '233', '235', '236', '237', '238', '239', '240', '241', '242', '243', '245', '246', '247', '249', '250', '251', '252', '253', '254', '255', '256', '257', '258', '259', '260', '261', '262', '263', '264', '265', '266', '267', '268', '269', '270', '271', '272', '273', '274', '275', '276', '277', '278', '280', '281', '282', '283', '284', '285', '286', '287', '288', '289', '290', '291', '292', '293', '294', '295', '296', '297', '298', '299', '300', '301', '302', '303', '304', '305', '306', '307', '308', '309', '310', '311', '312', '313', '315', '317', '319', '320', '321', '322', '323', '324', '325', '326', '327', '328', '329', '330', '332', '333', '334', '335', '336', '337', '338', '339', '340', '341', '342', '343', '344', '346', '347', '348', '349', '350', '351', '352', '354', '355', '356', '357', '358', '359', '360', '361', '362', '363', '364', '365', '366', '367', '368', '369', '370', '371', '372', '373', '374', '375', '376', '377', '378', '379', '380', '381', '382', '383', '384', '385', '386', '387', '388', '389', '390', '391', '392', '393', '395', '396', '397', '398', '399', '400', '401', '402', '403', '404', '405', '406', '407', '408', '410', '411', '412', '413', '414', '415', '416', '418', '419', '420', '421', '422', '423', '424', '425', '426', '427', '428', '430', '431', '432', '433', '434', '435', '437', '438', '440', '441', '442', '443', '444', '445', '446', '447', '448', '449', '450', '451', '452', '453', '454', '455', '456', '457', '458', '459', '460', '461', '462', '463', '464', '465', '466', '467', '468', '469', '470', '471', '472', '473', '474', '475', '476', '478', '479', '480', '481', '482', '483', '484', '486', '487', '488', '489', '490', '491', '492', '493', '494', '496', '497', '498', '499', '500', '501', '502', '503', '504', '505', '506', '507', '508', '509', '510', '511', '512', '513', '514', '516', '517', '518', '519', '520', '521', '522', '523', '524', '525', '526', '527', '528', '529', '530', '531', '532', '533', '534', '535', '536', '537', '538', '539', '540', '541', '542', '543', '544', '545', '547', '548', '549', '551', '553', '554', '555', '556', '557', '558', '559', '560', '561', '562', '563', '564', '565', '566', '567', '568', '569', '571', '572', '573', '574', '575', '576', '577', '578', '579', '580', '581', '582', '583', '584', '585', '586', '587', '588', '589', '590', '591', '592', '593', '594', '595', '596', '597', '598', '599']}})
 Cluster1  6
 Cluster to drop  1
 After reassigning and merging cells 
 Timepoint  2
 Cluster  6  # of cells  77
 Cluster  0  # of cells  23
 Timepoint  3
 Cluster  6  # of cells  390
 Cluster  0  # of cells  62
 Cluster  3  # of cells  5
 Cluster  5  # of cells  43
 Tp cluster cell dict  {'6_2': 77, '0_2': 23, '6_3': 390, '0_3': 62, '3_3': 5, '5_3': 43}
 New Graph is here 
 ID  0  Timepoint  1  Mutations  []  Type  subclone
 ID  1  Timepoint  2  Mutations  [13, 14]  Type  subclone
 ID  2  Timepoint  2  Mutations  [13, 14, 15, 16, 17, 18, 19, 20, 21, 22, 23]  Type  subclone
 ID  3  Timepoint  3  Mutations  [13, 14]  Type  subclone
 ID  4  Timepoint  3  Mutations  [13, 14, 15, 16, 17, 18, 19, 20, 21, 22, 23]  Type  subclone
 ID  5  Timepoint  3  Mutations  [0, 14, 15, 23, 26]  Type  subclone
 ID  6  Timepoint  3  Mutations  [13, 14, 15, 16, 17, 18, 19, 20, 21, 22, 23, 24, 25, 26, 27, 28, 29, 30, 31]  Type  subclone
Timepoints  SortedDict({1: [0], 2: [1, 2], 3: [3, 4, 5, 6]})
 Clone to nodes  {'6_2': 1, '0_2': 2, '6_3': 3, '0_3': 4, '3_3': 5, '5_3': 6}
 Timepoint ====  1
 Hash table  {'0,1': [13, 14], '1': [15, 16, 17, 18, 19, 20, 21, 22, 23]}
 Final possible usc  [[13, 14], [15, 16, 17, 18, 19, 20, 21, 22, 23]]
 Time  1  USC keys  {'15,16,17,18,19,20,21,22,23_0', '13,14_0'}
 USC children  {'13,14_0': [1, 2], '15,16,17,18,19,20,21,22,23_0': [2]}
 USC children  {'13,14_0': [1, 2], '15,16,17,18,19,20,21,22,23_0': [2]}
 Timepoint ====  2
 Hash table  {'0': [0], '0,1': [14, 15, 23, 26], '1': [13, 16, 17, 18, 19, 20, 21, 22, 24, 25, 27, 28, 29, 30, 31]}
====== Inside find superset of t nodes ==========
 Final possible usc  []
 Time  2  USC keys  set()
 USC children  {'13,14_0': [1, 2], '15,16,17,18,19,20,21,22,23_0': [2]}
 USC children  {'13,14_0': [1, 2], '15,16,17,18,19,20,21,22,23_0': [2]}
 Node s  {'1,2': ['13', '14']}
 Enroll USC nodes  ['1', '2']  len  2
 Node TP  SortedDict({1: [0], 2: [1, 2], 3: [3, 4, 5, 6]})
 Unobserved subclones at timepoints  {1.5: [7]}
 ============== Inside finding node v ============ 
 Time  2
 Time  3
 largest_v_mut  []
 largest_v_mut  [[13, 14, 15, 16, 17, 18, 19, 20, 21, 22, 23]]
 Sorted all timepoints  [1, 1.5, 2, 3]
 Timepoint  2
 Inside usc_node check  2
 Timepoint  3
 Node  5  has no parent 
 USC nodes  []
 Node with minimum mutation sets  {1: 1, 2: 8}
0   1   [-1]   subclone   []   []
1   2   [7]   subclone   [13, 14]   [0]
2   2   [7]   subclone   [13, 14, 15, 16, 17, 18, 19, 20, 21, 22, 23]   [9]
3   3   [1]   subclone   [13, 14]   [0]
4   3   [2]   subclone   [13, 14, 15, 16, 17, 18, 19, 20, 21, 22, 23]   [0]
5   3   [1]   subclone   [0, 14, 15, 23, 26]   [4]
6   3   [2]   subclone   [13, 14, 15, 16, 17, 18, 19, 20, 21, 22, 23, 24, 25, 26, 27, 28, 29, 30, 31]   [8]
7   1.5   [0]   unobserved subclone   [13, 14]   [2]
9
 Total estimated FP  385  True negatives  12629
 Total estimated FN  455  True positives  1891
 Estimated FP rate  0.16916
 Estimated FN rate  0.03
 No. of Cells in each cluster  {'8_2': 1, '0_2': 25, '0_3': 73, '7_3': 4, '5_3': 49, '3_2': 74, '3_3': 374}
 Cells in each cluster  {'8_2': [44], '0_2': [75, 76, 77, 78, 79, 80, 81, 82, 83, 84, 85, 86, 87, 88, 89, 90, 91, 92, 93, 94, 95, 96, 97, 98, 99], '0_3': [100, 101, 102, 103, 104, 105, 106, 107, 108, 109, 110, 111, 112, 113, 114, 115, 116, 117, 118, 119, 120, 122, 123, 124, 125, 126, 127, 128, 129, 130, 131, 132, 133, 134, 135, 138, 139, 140, 141, 142, 143, 144, 145, 146, 147, 148, 149, 150, 151, 152, 153, 154, 155, 156, 157, 158, 159, 160, 161, 162, 163, 164, 165, 166, 167, 168, 169, 170, 171, 172, 173, 174, 186], '7_3': [136, 345, 394, 417], '5_3': [175, 176, 177, 178, 179, 180, 181, 182, 183, 184, 185, 187, 188, 189, 190, 191, 192, 193, 194, 195, 196, 197, 198, 199, 200, 201, 202, 203, 204, 205, 206, 207, 208, 209, 210, 211, 212, 213, 214, 215, 216, 217, 218, 219, 220, 221, 222, 223, 224], '3_2': [9, 17, 64, 24, 35, 0, 41, 45, 4, 16, 38, 49, 53, 60, 67, 70, 1, 2, 3, 5, 6, 7, 8, 10, 11, 12, 13, 14, 15, 18, 19, 20, 21, 22, 23, 25, 26, 27, 28, 29, 30, 31, 32, 33, 34, 36, 37, 39, 40, 42, 43, 46, 47, 48, 50, 51, 52, 54, 55, 56, 57, 58, 59, 61, 62, 63, 65, 66, 68, 69, 71, 72, 73, 74], '3_3': [237, 264, 282, 315, 323, 330, 332, 363, 386, 415, 436, 453, 494, 502, 513, 530, 552, 564, 574, 593, 121, 137, 246, 319, 349, 353, 427, 491, 492, 496, 590, 381, 429, 439, 478, 487, 533, 583, 227, 235, 243, 244, 253, 257, 258, 259, 270, 272, 284, 294, 306, 308, 320, 335, 350, 360, 377, 390, 391, 408, 410, 420, 438, 442, 454, 460, 461, 462, 477, 484, 486, 488, 505, 519, 522, 536, 543, 550, 555, 560, 572, 580, 594, 225, 226, 228, 229, 230, 231, 232, 233, 234, 236, 238, 239, 240, 241, 242, 245, 247, 248, 249, 250, 251, 252, 254, 255, 256, 260, 261, 262, 263, 265, 266, 267, 268, 269, 271, 273, 274, 275, 276, 277, 278, 279, 280, 281, 283, 285, 286, 287, 288, 289, 290, 291, 292, 293, 295, 296, 297, 298, 299, 300, 301, 302, 303, 304, 305, 307, 309, 310, 311, 312, 313, 314, 316, 317, 318, 321, 322, 324, 325, 326, 327, 328, 329, 331, 333, 334, 336, 337, 338, 339, 340, 341, 342, 343, 344, 346, 347, 348, 351, 352, 354, 355, 356, 357, 358, 359, 361, 362, 364, 365, 366, 367, 368, 369, 370, 371, 372, 373, 374, 375, 376, 378, 379, 380, 382, 383, 384, 385, 387, 388, 389, 392, 393, 395, 396, 397, 398, 399, 400, 401, 402, 403, 404, 405, 406, 407, 409, 411, 412, 413, 414, 416, 418, 419, 421, 422, 423, 424, 425, 426, 428, 430, 431, 432, 433, 434, 435, 437, 440, 441, 443, 444, 445, 446, 447, 448, 449, 450, 451, 452, 455, 456, 457, 458, 459, 463, 464, 465, 466, 467, 468, 469, 470, 471, 472, 473, 474, 475, 476, 479, 480, 481, 482, 483, 485, 489, 490, 493, 495, 497, 498, 499, 500, 501, 503, 504, 506, 507, 508, 509, 510, 511, 512, 514, 515, 516, 517, 518, 520, 521, 523, 524, 525, 526, 527, 528, 529, 531, 532, 534, 535, 537, 538, 539, 540, 541, 542, 544, 545, 546, 547, 548, 549, 551, 553, 554, 556, 557, 558, 559, 561, 562, 563, 565, 566, 567, 568, 569, 570, 571, 573, 575, 576, 577, 578, 579, 581, 582, 584, 585, 586, 587, 588, 589, 591, 592, 595, 596, 597, 598, 599]}
FP rate  0.16916 FN rate  0.03
 Before reassigning cells 
 Timepoint  2
 Cluster  8  # of cells  1
 Cluster  0  # of cells  24
 Cluster  3  # of cells  74
 Timepoint  3
 Cluster  0  # of cells  62
 Cluster  7  # of cells  8
 Cluster  5  # of cells  42
 Cluster  3  # of cells  380
 Cells absent at timepoint  2   {7}
 Missing cell prob  {'3': 0.0002830270309493113, '8': 0.00028302703094931135, '0': 2.264930703387226e-14}
 Cells absent at timepoint  3   {486, 359, 496, 113, 466, 468, 310, 505}
 Missing cell prob  {'5': 9.433114342198173e-20, '7': 0.00012093126801815843, '3': 0.00012093126801815845, '0': 1.5368653190884647e-12}
 Missing cell prob  {'5': 5.605720539268248e-26, '7': 8.753413328329217e-06, '3': 8.753413328329215e-06, '0': 2.529346319298891e-17}
 Missing cell prob  {'5': 1.6450573423981895e-20, '7': 7.614973678837395e-07, '3': 7.614973678837398e-07, '0': 2.6801663647113896e-13}
 Missing cell prob  {'5': 1.9710060318981546e-12, '7': 2.2780576927983162e-05, '3': 2.2780576927983162e-05, '0': 3.211209685636617e-05}
 Missing cell prob  {'5': 3.512087727491176e-22, '7': 7.150214387092371e-05, '3': 7.150214387092371e-05, '0': 1.5846823087874102e-13}
 Missing cell prob  {'5': 5.019703496955848e-23, '7': 0.00028302703094931135, '3': 0.0002830270309493113, '0': 2.2649307033872244e-14}
 Missing cell prob  {'5': 3.007688705132801e-21, '7': 2.2110086958145847e-05, '3': 2.211008695814585e-05, '0': 4.9001976376505416e-14}
 Missing cell prob  {'5': 6.713023361839756e-20, '7': 8.606006435766659e-05, '3': 8.606006435766656e-05, '0': 8.388632234767501e-10}
 Timepoint  2
 Timepoint  3
 After reassigning and merging cells 
 Timepoint  2
 Cluster  8  # of cells  2
 Cluster  0  # of cells  24
 Cluster  3  # of cells  74
 Timepoint  3
 Cluster  0  # of cells  63
 Cluster  7  # of cells  12
 Cluster  5  # of cells  42
 Cluster  3  # of cells  383
 Tp cluster cell dict  {'8_2': 2, '0_2': 24, '3_2': 74, '0_3': 63, '7_3': 12, '5_3': 42, '3_3': 383}
 New Graph is here 
 ID  0  Timepoint  1  Mutations  []  Type  subclone
 ID  1  Timepoint  2  Mutations  [10, 11, 13, 14, 19, 23]  Type  subclone
 ID  2  Timepoint  2  Mutations  [13, 14, 15, 16, 17, 18, 19, 20, 21, 22, 23]  Type  subclone
 ID  3  Timepoint  2  Mutations  [13, 14]  Type  subclone
 ID  4  Timepoint  3  Mutations  [13, 14, 15, 16, 17, 18, 19, 20, 21, 22, 23]  Type  subclone
 ID  5  Timepoint  3  Mutations  [13, 14, 15, 23]  Type  subclone
 ID  6  Timepoint  3  Mutations  [13, 14, 15, 16, 17, 18, 19, 20, 21, 22, 23, 24, 25, 26, 27, 28, 29, 30, 31]  Type  subclone
 ID  7  Timepoint  3  Mutations  [13, 14]  Type  subclone
Timepoints  SortedDict({1: [0], 2: [1, 2, 3], 3: [4, 5, 6, 7]})
 Clone to nodes  {'8_2': 1, '0_2': 2, '3_2': 3, '0_3': 4, '7_3': 5, '5_3': 6, '3_3': 7}
 Timepoint ====  1
 Hash table  {'0': [10, 11], '0,1,2': [13, 14], '0,1': [19, 23], '1': [15, 16, 17, 18, 20, 21, 22]}
 Final possible usc  [[10, 11], [13, 14], [19, 23], [15, 16, 17, 18, 20, 21, 22]]
 Time  1  USC keys  {'13,14_0', '19,23_0', '15,16,17,18,20,21,22_0', '10,11_0'}
 USC children  {'10,11_0': [1], '13,14_0': [1, 2, 3], '19,23_0': [1, 2], '15,16,17,18,20,21,22_0': [2]}
 USC children  {'10,11_0': [1], '13,14_0': [1, 2, 3], '19,23_0': [1, 2], '15,16,17,18,20,21,22_0': [2]}
 Timepoint ====  2
 Hash table  {'0,1': [13, 14, 15, 23], '1': [16, 17, 18, 19, 20, 21, 22, 24, 25, 26, 27, 28, 29, 30, 31]}
====== Inside find superset of t nodes ==========
 Final possible usc  [[13, 14, 15, 23]]
 Time  2  USC keys  {'13,14,15,23_3'}
 USC children  {'10,11_0': [1], '13,14_0': [1, 2, 3], '19,23_0': [1, 2], '15,16,17,18,20,21,22_0': [2], '13,14,15,23_3': [4, 5, 6]}
 USC children  {'10,11_0': [1], '13,14_0': [1, 2, 3], '19,23_0': [1, 2], '15,16,17,18,20,21,22_0': [2], '13,14,15,23_3': [4, 5, 6]}
 Node s  {'1,2,3': ['13', '14'], '4,5,6': ['13', '14', '15', '23']}
 Enroll USC nodes  ['1', '2', '3']  len  3
 Enroll USC nodes  ['4', '5', '6']  len  3
 Node TP  SortedDict({1: [0], 2: [1, 2, 3], 3: [4, 5, 6, 7]})
 Unobserved subclones at timepoints  {1.5: [8], 2.5: [9]}
 ============== Inside finding node v ============ 
 Time  2
 Time  3
 Sorted all timepoints  [1, 1.5, 2, 2.5, 3]
 Timepoint  2
 Inside usc_node check  2
 Timepoint  3
 Inside usc_node check  3
0   1   [-1]   subclone   []   []
1   2   [8]   subclone   [10, 11, 13, 14, 19, 23]   [4]
2   2   [8]   subclone   [13, 14, 15, 16, 17, 18, 19, 20, 21, 22, 23]   [9]
3   2   [8]   subclone   [13, 14]   [0]
4   3   [2]   subclone   [13, 14, 15, 16, 17, 18, 19, 20, 21, 22, 23]   [0, 7]
5   3   [9]   subclone   [13, 14, 15, 23]   [0]
6   3   [9]   subclone   [13, 14, 15, 16, 17, 18, 19, 20, 21, 22, 23, 24, 25, 26, 27, 28, 29, 30, 31]   [15]
7   3   [3]   subclone   [13, 14]   [0]
8   1.5   [0]   unobserved subclone   [13, 14]   [2]
9   2.5   [3]   unobserved subclone   [13, 14, 15, 23]   [2]
13
 Total estimated FP  384  True negatives  12630
 Total estimated FN  454  True positives  1892
 Estimated FP rate  0.16872
 Estimated FN rate  0.03
 No. of Cells in each cluster  {'9_2': 1, '10_2': 23, '10_3': 72, '8_2': 2, '8_3': 1, '6_3': 1, '11_3': 49, '4_2': 74, '4_3': 377}
 Cells in each cluster  {'9_2': [44], '10_2': [75, 76, 77, 78, 79, 80, 82, 83, 84, 85, 86, 87, 88, 89, 90, 91, 92, 93, 94, 95, 96, 97, 99], '10_3': [100, 101, 102, 103, 104, 105, 106, 107, 108, 109, 110, 111, 112, 113, 114, 115, 116, 117, 118, 119, 120, 122, 123, 124, 125, 126, 127, 128, 129, 131, 132, 133, 134, 135, 138, 139, 140, 141, 142, 143, 144, 145, 146, 147, 148, 149, 150, 151, 152, 153, 154, 155, 156, 157, 158, 159, 160, 161, 162, 163, 164, 165, 166, 167, 168, 169, 170, 171, 172, 173, 174, 186], '8_2': [81, 98], '8_3': [130], '6_3': [136], '11_3': [175, 176, 177, 178, 179, 180, 181, 182, 183, 184, 185, 187, 188, 189, 190, 191, 192, 193, 194, 195, 196, 197, 198, 199, 200, 201, 202, 203, 204, 205, 206, 207, 208, 209, 210, 211, 212, 213, 214, 215, 216, 217, 218, 219, 220, 221, 222, 223, 224], '4_2': [16, 60, 70, 34, 62, 1, 2, 3, 4, 5, 6, 7, 8, 10, 11, 12, 13, 14, 15, 18, 19, 20, 21, 22, 23, 25, 26, 27, 28, 29, 30, 31, 32, 33, 36, 37, 39, 40, 42, 43, 46, 47, 48, 49, 50, 51, 52, 54, 55, 56, 57, 58, 59, 61, 63, 65, 66, 67, 68, 69, 71, 72, 73, 74, 9, 17, 64, 0, 41, 45, 24, 35, 38, 53], '4_3': [243, 257, 258, 259, 294, 320, 350, 360, 377, 390, 408, 420, 442, 462, 477, 484, 519, 536, 594, 292, 312, 354, 371, 466, 593, 225, 226, 227, 228, 229, 230, 231, 232, 233, 234, 236, 238, 239, 240, 241, 242, 245, 247, 249, 250, 251, 252, 254, 255, 256, 260, 261, 262, 263, 265, 266, 267, 268, 269, 271, 273, 274, 275, 276, 277, 278, 279, 280, 281, 283, 285, 286, 287, 288, 289, 290, 291, 293, 295, 296, 297, 298, 299, 300, 301, 302, 303, 304, 305, 306, 307, 308, 309, 310, 311, 313, 314, 316, 317, 318, 321, 322, 324, 326, 327, 328, 329, 331, 333, 334, 335, 336, 337, 338, 340, 341, 342, 343, 344, 346, 348, 351, 352, 355, 356, 357, 358, 359, 361, 362, 364, 365, 366, 367, 368, 369, 370, 372, 373, 374, 375, 376, 378, 379, 380, 382, 383, 384, 385, 386, 387, 388, 392, 393, 395, 396, 397, 398, 399, 400, 401, 402, 403, 404, 405, 406, 407, 409, 410, 411, 412, 413, 414, 416, 418, 419, 421, 422, 423, 424, 425, 428, 430, 431, 432, 433, 434, 435, 437, 440, 441, 444, 445, 446, 447, 448, 449, 450, 451, 452, 454, 455, 456, 457, 458, 459, 463, 464, 465, 467, 468, 469, 470, 471, 472, 473, 474, 475, 476, 479, 480, 481, 482, 483, 485, 486, 488, 489, 490, 493, 495, 497, 498, 499, 500, 501, 503, 504, 505, 506, 507, 508, 509, 510, 511, 512, 514, 515, 516, 517, 518, 520, 521, 523, 524, 525, 526, 527, 528, 529, 531, 532, 534, 535, 537, 538, 539, 540, 541, 542, 543, 544, 545, 546, 547, 548, 549, 550, 551, 553, 555, 556, 557, 558, 559, 560, 561, 562, 563, 565, 566, 567, 568, 569, 570, 571, 573, 575, 576, 577, 578, 579, 581, 582, 584, 585, 587, 588, 591, 592, 595, 596, 597, 598, 599, 235, 237, 253, 264, 282, 315, 323, 330, 332, 347, 363, 415, 426, 436, 443, 453, 494, 502, 522, 530, 552, 564, 574, 580, 381, 429, 439, 478, 487, 533, 583, 121, 137, 427, 491, 492, 496, 244, 246, 270, 272, 284, 319, 325, 349, 353, 391, 438, 460, 461, 572, 590, 248, 339, 345, 389, 394, 417, 513, 554, 586, 589]}
FP rate  0.16872 FN rate  0.03
 Before reassigning cells 
 Timepoint  2
 Cluster  9  # of cells  1
 Cluster  10  # of cells  22
 Cluster  8  # of cells  2
 Cluster  4  # of cells  75
 Timepoint  3
 Cluster  10  # of cells  62
 Cluster  8  # of cells  2
 Cluster  6  # of cells  2
 Cluster  11  # of cells  40
 Cluster  4  # of cells  393
 Cells absent at timepoint  2   set()
 Cells absent at timepoint  3   {149}
 Missing cell prob  {'8': 8.95458773019077e-06, '10': 8.954587730190771e-06, '11': 7.139422046960757e-16, '4': 1.9039991259394354e-07, '6': 3.8525358989119407e-13}
 Timepoint  2
 Timepoint  3
 After reassigning and merging cells 
 Timepoint  2
 Cluster  9  # of cells  1
 Cluster  10  # of cells  22
 Cluster  8  # of cells  2
 Cluster  4  # of cells  75
 Timepoint  3
 Cluster  10  # of cells  63
 Cluster  8  # of cells  2
 Cluster  6  # of cells  2
 Cluster  11  # of cells  40
 Cluster  4  # of cells  393
 Tp cluster cell dict  {'9_2': 1, '10_2': 22, '8_2': 2, '4_2': 75, '10_3': 63, '8_3': 2, '6_3': 2, '11_3': 40, '4_3': 393}
 New Graph is here 
 ID  0  Timepoint  1  Mutations  []  Type  subclone
 ID  1  Timepoint  2  Mutations  [9, 10, 11, 14, 19, 23, 27]  Type  subclone
 ID  2  Timepoint  2  Mutations  [13, 14, 15, 16, 17, 18, 19, 20, 21, 22, 23]  Type  subclone
 ID  3  Timepoint  2  Mutations  [5, 7, 13, 14, 15, 16, 17, 18, 19, 20, 23, 27, 29]  Type  subclone
 ID  4  Timepoint  2  Mutations  [13, 14]  Type  subclone
 ID  5  Timepoint  3  Mutations  [13, 14, 15, 16, 17, 18, 19, 20, 21, 22, 23]  Type  subclone
 ID  6  Timepoint  3  Mutations  [5, 7, 13, 14, 15, 16, 17, 18, 19, 20, 21, 22, 23, 24, 25, 26, 27, 28, 29, 30, 31]  Type  subclone
 ID  7  Timepoint  3  Mutations  [0, 10, 13, 14, 15, 16, 17, 18, 19, 20, 21, 22, 23, 24, 25, 26, 27, 28, 29, 30, 31]  Type  subclone
 ID  8  Timepoint  3  Mutations  [13, 14, 15, 16, 17, 18, 19, 20, 21, 22, 23, 24, 25, 26, 27, 28, 29, 30, 31]  Type  subclone
 ID  9  Timepoint  3  Mutations  [13, 14]  Type  subclone
Timepoints  SortedDict({1: [0], 2: [1, 2, 3, 4], 3: [5, 6, 7, 8, 9]})
 Clone to nodes  {'9_2': 1, '10_2': 2, '8_2': 3, '4_2': 4, '10_3': 5, '8_3': 6, '6_3': 7, '11_3': 8, '4_3': 9}
 Timepoint ====  1
 Hash table  {'0': [9, 10, 11], '0,1,2,3': [14], '0,1,2': [19, 23], '0,2': [27], '1,2,3': [13], '1,2': [15, 16, 17, 18, 20], '1': [21, 22], '2': [5, 7, 29]}
 Final possible usc  [[9, 10, 11], [14], [19, 23], [27], [13], [15, 16, 17, 18, 20], [21, 22], [5, 7, 29]]
 Time  1  USC keys  {'15,16,17,18,20_0', '19,23_0', '27_0', '9,10,11_0', '21,22_0', '13_0', '5,7,29_0', '14_0'}
 USC children  {'9,10,11_0': [1], '14_0': [1, 2, 3, 4], '19,23_0': [1, 2, 3], '27_0': [1, 3], '13_0': [2, 3, 4], '15,16,17,18,20_0': [2, 3], '21,22_0': [2], '5,7,29_0': [3]}
 USC children  {'9,10,11_0': [1], '14_0': [1, 2, 3, 4], '19,23_0': [1, 2, 3], '27_0': [1, 3], '13_0': [2, 3, 4], '15,16,17,18,20_0': [2, 3], '21,22_0': [2], '5,7,29_0': [3]}
 Timepoint ====  2
 Hash table  {'0': [5, 7], '0,1,2': [13, 14, 15, 16, 17, 18, 19, 20, 21, 22, 23, 24, 25, 26, 27, 28, 29, 30, 31], '1': [0, 10]}
====== Inside find superset of t nodes ==========
 Final possible usc  [[13, 14, 15, 16, 17, 18, 19, 20, 21, 22, 23, 24, 25, 26, 27, 28, 29, 30, 31]]
 Time  2  USC keys  {'13,14,15,16,17,18,19,20,21,22,23,24,25,26,27,28,29,30,31_2', '13,14,15,16,17,18,19,20,21,22,23,24,25,26,27,28,29,30,31_4'}
 USC children  {'9,10,11_0': [1], '14_0': [1, 2, 3, 4], '19,23_0': [1, 2, 3], '27_0': [1, 3], '13_0': [2, 3, 4], '15,16,17,18,20_0': [2, 3], '21,22_0': [2], '5,7,29_0': [3], '13,14,15,16,17,18,19,20,21,22,23,24,25,26,27,28,29,30,31_2': [6, 7, 8], '13,14,15,16,17,18,19,20,21,22,23,24,25,26,27,28,29,30,31_4': [6, 7, 8]}
 USC children  {'9,10,11_0': [1], '14_0': [1, 2, 3, 4], '19,23_0': [1, 2, 3], '27_0': [1, 3], '13_0': [2, 3, 4], '15,16,17,18,20_0': [2, 3], '21,22_0': [2], '5,7,29_0': [3], '13,14,15,16,17,18,19,20,21,22,23,24,25,26,27,28,29,30,31_2': [6, 7, 8], '13,14,15,16,17,18,19,20,21,22,23,24,25,26,27,28,29,30,31_4': [6, 7, 8]}
 Node s  {'1,2,3,4': ['14'], '6,7,8': ['13', '14', '15', '16', '17', '18', '19', '20', '21', '22', '23', '24', '25', '26', '27', '28', '29', '30', '31']}
 Enroll USC nodes  ['1', '2', '3', '4']  len  4
 Enroll USC nodes  ['6', '7', '8']  len  3
 Node TP  SortedDict({1: [0], 2: [1, 2, 3, 4], 3: [5, 6, 7, 8, 9]})
 Unobserved subclones at timepoints  {1.5: [10], 2.5: [11]}
 ============== Inside finding node v ============ 
 Time  2
 Time  3
 Sorted all timepoints  [1, 1.5, 2, 2.5, 3]
 Timepoint  2
 Inside usc_node check  2
 Timepoint  3
 Inside usc_node check  3
0   1   [-1]   subclone   []   []
1   2   [10]   subclone   [9, 10, 11, 14, 19, 23, 27]   [6]
2   2   [10]   subclone   [13, 14, 15, 16, 17, 18, 19, 20, 21, 22, 23]   [10]
3   2   [10]   subclone   [5, 7, 13, 14, 15, 16, 17, 18, 19, 20, 23, 27, 29]   [12]
4   2   [10]   subclone   [13, 14]   [1]
5   3   [2]   subclone   [13, 14, 15, 16, 17, 18, 19, 20, 21, 22, 23]   [0]
6   3   [11]   subclone   [5, 7, 13, 14, 15, 16, 17, 18, 19, 20, 21, 22, 23, 24, 25, 26, 27, 28, 29, 30, 31]   [2]
7   3   [11]   subclone   [0, 10, 13, 14, 15, 16, 17, 18, 19, 20, 21, 22, 23, 24, 25, 26, 27, 28, 29, 30, 31]   [2]
8   3   [11]   subclone   [13, 14, 15, 16, 17, 18, 19, 20, 21, 22, 23, 24, 25, 26, 27, 28, 29, 30, 31]   [0]
9   3   [4]   subclone   [13, 14]   [0]
10   1.5   [0]   unobserved subclone   [14]   [1]
11   2.5   [2]   unobserved subclone   [13, 14, 15, 16, 17, 18, 19, 20, 21, 22, 23, 24, 25, 26, 27, 28, 29, 30, 31]   [8]
10
 Total estimated FP  393  True negatives  12627
 Total estimated FN  457  True positives  1883
 Estimated FP rate  0.17267
 Estimated FN rate  0.03
 No. of Cells in each cluster  {'0_2': 25, '0_3': 73, '5_3': 1, '6_3': 49, '4_3': 377, '4_2': 75}
 Cells in each cluster  {'0_2': [75, 76, 77, 78, 79, 80, 81, 82, 83, 84, 85, 86, 87, 88, 89, 90, 91, 92, 93, 94, 95, 96, 97, 98, 99], '0_3': [100, 101, 102, 103, 104, 105, 106, 107, 108, 109, 110, 111, 112, 113, 114, 115, 116, 117, 118, 119, 120, 122, 123, 124, 125, 126, 127, 128, 129, 130, 131, 132, 133, 134, 135, 138, 139, 140, 141, 142, 143, 144, 145, 146, 147, 148, 149, 150, 151, 152, 153, 154, 155, 156, 157, 158, 159, 160, 161, 162, 163, 164, 165, 166, 167, 168, 169, 170, 171, 172, 173, 174, 186], '5_3': [136], '6_3': [175, 176, 177, 178, 179, 180, 181, 182, 183, 184, 185, 187, 188, 189, 190, 191, 192, 193, 194, 195, 196, 197, 198, 199, 200, 201, 202, 203, 204, 205, 206, 207, 208, 209, 210, 211, 212, 213, 214, 215, 216, 217, 218, 219, 220, 221, 222, 223, 224], '4_3': [121, 137, 427, 491, 492, 496, 235, 253, 264, 282, 292, 312, 315, 332, 354, 371, 436, 466, 502, 522, 564, 580, 593, 237, 323, 330, 345, 363, 394, 415, 453, 494, 513, 530, 552, 574, 243, 257, 258, 259, 284, 294, 320, 350, 360, 377, 390, 408, 420, 442, 462, 477, 484, 519, 536, 594, 225, 226, 227, 228, 229, 230, 231, 232, 233, 234, 236, 238, 239, 240, 241, 242, 244, 245, 246, 247, 248, 249, 250, 251, 252, 254, 255, 256, 260, 261, 262, 263, 265, 266, 267, 268, 269, 270, 271, 272, 273, 274, 275, 276, 277, 278, 279, 280, 281, 283, 285, 286, 287, 288, 289, 290, 291, 293, 295, 296, 297, 298, 299, 300, 301, 302, 303, 304, 305, 306, 307, 308, 309, 310, 311, 313, 314, 316, 317, 318, 319, 321, 322, 324, 325, 326, 327, 328, 329, 331, 333, 334, 335, 336, 337, 338, 339, 340, 341, 342, 343, 344, 346, 347, 348, 349, 351, 352, 353, 355, 356, 357, 358, 359, 361, 362, 364, 365, 366, 367, 368, 369, 370, 372, 373, 374, 375, 376, 378, 379, 380, 381, 382, 383, 384, 385, 386, 387, 388, 389, 391, 392, 393, 395, 396, 397, 398, 399, 400, 401, 402, 403, 404, 405, 406, 407, 409, 410, 411, 412, 413, 414, 416, 418, 419, 421, 422, 423, 424, 425, 426, 428, 429, 430, 431, 432, 433, 434, 435, 437, 438, 439, 440, 441, 443, 444, 445, 446, 447, 448, 449, 450, 451, 452, 454, 455, 456, 457, 458, 459, 460, 461, 463, 464, 465, 467, 468, 469, 470, 471, 472, 473, 474, 475, 476, 478, 479, 480, 481, 482, 483, 485, 486, 487, 488, 489, 490, 493, 495, 497, 498, 499, 500, 501, 503, 504, 505, 506, 507, 508, 509, 510, 511, 512, 514, 515, 516, 517, 518, 520, 521, 523, 524, 525, 526, 527, 528, 529, 531, 532, 534, 535, 537, 538, 539, 540, 541, 542, 543, 544, 545, 546, 547, 548, 549, 550, 551, 553, 554, 555, 556, 557, 558, 559, 560, 561, 562, 563, 565, 566, 567, 568, 569, 570, 571, 572, 573, 575, 576, 577, 578, 579, 581, 582, 584, 585, 586, 587, 588, 589, 590, 591, 592, 595, 596, 597, 598, 599, 417, 533, 583], '4_2': [34, 62, 9, 17, 64, 16, 38, 60, 70, 1, 2, 3, 4, 5, 6, 7, 8, 10, 11, 12, 13, 14, 15, 18, 19, 20, 21, 22, 23, 24, 25, 26, 27, 28, 29, 30, 31, 32, 33, 35, 36, 37, 39, 40, 41, 42, 43, 46, 47, 48, 49, 50, 51, 52, 53, 54, 55, 56, 57, 58, 59, 61, 63, 65, 66, 67, 68, 69, 71, 72, 73, 74, 44, 0, 45]}
FP rate  0.17267 FN rate  0.03
 Before reassigning cells 
 Timepoint  2
 Cluster  0  # of cells  24
 Cluster  4  # of cells  76
 Timepoint  3
 Cluster  0  # of cells  64
 Cluster  5  # of cells  1
 Cluster  6  # of cells  42
 Cluster  4  # of cells  393
 Cells absent at timepoint  2   set()
 Cells absent at timepoint  3   set()
 Timepoint  2
 Timepoint  3
 After reassigning and merging cells 
 Timepoint  2
 Cluster  0  # of cells  24
 Cluster  4  # of cells  76
 Timepoint  3
 Cluster  0  # of cells  64
 Cluster  5  # of cells  1
 Cluster  6  # of cells  42
 Cluster  4  # of cells  393
 Tp cluster cell dict  {'0_2': 24, '4_2': 76, '0_3': 64, '5_3': 1, '6_3': 42, '4_3': 393}
 New Graph is here 
 ID  0  Timepoint  1  Mutations  []  Type  subclone
 ID  1  Timepoint  2  Mutations  [13, 14, 15, 16, 17, 18, 19, 20, 21, 22, 23]  Type  subclone
 ID  2  Timepoint  2  Mutations  [13, 14]  Type  subclone
 ID  3  Timepoint  3  Mutations  [13, 14, 15, 16, 17, 18, 19, 20, 21, 22, 23]  Type  subclone
 ID  4  Timepoint  3  Mutations  [0, 3, 10, 13, 14, 15, 21, 23, 26, 28, 30]  Type  subclone
 ID  5  Timepoint  3  Mutations  [13, 14, 15, 16, 17, 18, 19, 20, 21, 22, 23, 24, 25, 26, 27, 28, 29, 30, 31]  Type  subclone
 ID  6  Timepoint  3  Mutations  [13, 14]  Type  subclone
Timepoints  SortedDict({1: [0], 2: [1, 2], 3: [3, 4, 5, 6]})
 Clone to nodes  {'0_2': 1, '4_2': 2, '0_3': 3, '5_3': 4, '6_3': 5, '4_3': 6}
 Timepoint ====  1
 Hash table  {'0,1': [13, 14], '0': [15, 16, 17, 18, 19, 20, 21, 22, 23]}
 Final possible usc  [[13, 14], [15, 16, 17, 18, 19, 20, 21, 22, 23]]
 Time  1  USC keys  {'13,14_0', '15,16,17,18,19,20,21,22,23_0'}
 USC children  {'13,14_0': [1, 2], '15,16,17,18,19,20,21,22,23_0': [1]}
 USC children  {'13,14_0': [1, 2], '15,16,17,18,19,20,21,22,23_0': [1]}
 Timepoint ====  2
 Hash table  {'0': [0, 3, 10], '0,1': [13, 14, 15, 21, 23, 26, 28, 30], '1': [16, 17, 18, 19, 20, 22, 24, 25, 27, 29, 31]}
====== Inside find superset of t nodes ==========
 Final possible usc  [[13, 14, 15, 21, 23, 26, 28, 30]]
 Time  2  USC keys  {'13,14,15,21,23,26,28,30_2'}
 USC children  {'13,14_0': [1, 2], '15,16,17,18,19,20,21,22,23_0': [1], '13,14,15,21,23,26,28,30_2': [4, 5]}
 USC children  {'13,14_0': [1, 2], '15,16,17,18,19,20,21,22,23_0': [1], '13,14,15,21,23,26,28,30_2': [4, 5]}
 Node s  {'1,2': ['13', '14'], '4,5': ['13', '14', '15', '21', '23', '26', '28', '30']}
 Enroll USC nodes  ['1', '2']  len  2
 Enroll USC nodes  ['4', '5']  len  2
 Node TP  SortedDict({1: [0], 2: [1, 2], 3: [3, 4, 5, 6]})
 Unobserved subclones at timepoints  {1.5: [7], 2.5: [8]}
 ============== Inside finding node v ============ 
 Time  2
 Time  3
 Sorted all timepoints  [1, 1.5, 2, 2.5, 3]
 Timepoint  2
 Inside usc_node check  2
 Timepoint  3
 Inside usc_node check  3
0   1   [-1]   subclone   []   []
1   2   [7]   subclone   [13, 14, 15, 16, 17, 18, 19, 20, 21, 22, 23]   [9]
2   2   [7]   subclone   [13, 14]   [0]
3   3   [1]   subclone   [13, 14, 15, 16, 17, 18, 19, 20, 21, 22, 23]   [0]
4   3   [8]   subclone   [0, 3, 10, 13, 14, 15, 21, 23, 26, 28, 30]   [3]
5   3   [8]   subclone   [13, 14, 15, 16, 17, 18, 19, 20, 21, 22, 23, 24, 25, 26, 27, 28, 29, 30, 31]   [11]
6   3   [2]   subclone   [13, 14]   [0]
7   1.5   [0]   unobserved subclone   [13, 14]   [2]
8   2.5   [2]   unobserved subclone   [13, 14, 15, 21, 23, 26, 28, 30]   [6]
9
 Total estimated FP  387  True negatives  12632
 Total estimated FN  452  True positives  1889
 Estimated FP rate  0.17004
 Estimated FN rate  0.03
 No. of Cells in each cluster  {'0_2': 25, '0_3': 73, '4_3': 4, '6_3': 1, '5_3': 49, '8_2': 75, '8_3': 373}
 Cells in each cluster  {'0_2': [75, 76, 77, 78, 79, 80, 81, 82, 83, 84, 85, 86, 87, 88, 89, 90, 91, 92, 93, 94, 95, 96, 97, 98, 99], '0_3': [100, 101, 102, 103, 104, 105, 106, 107, 108, 109, 110, 111, 112, 113, 114, 115, 116, 117, 118, 119, 120, 122, 123, 124, 125, 126, 127, 128, 129, 130, 131, 132, 133, 134, 135, 138, 139, 140, 141, 142, 143, 144, 145, 146, 147, 148, 149, 150, 151, 152, 153, 154, 155, 156, 157, 158, 159, 160, 161, 162, 163, 164, 165, 166, 167, 168, 169, 170, 171, 172, 173, 174, 186], '4_3': [121, 137, 491, 496], '6_3': [136], '5_3': [175, 176, 177, 178, 179, 180, 181, 182, 183, 184, 185, 187, 188, 189, 190, 191, 192, 193, 194, 195, 196, 197, 198, 199, 200, 201, 202, 203, 204, 205, 206, 207, 208, 209, 210, 211, 212, 213, 214, 215, 216, 217, 218, 219, 220, 221, 222, 223, 224], '8_2': [0, 1, 2, 3, 4, 5, 6, 7, 8, 10, 11, 12, 13, 14, 15, 18, 19, 20, 21, 22, 23, 24, 25, 26, 27, 28, 29, 30, 31, 32, 33, 35, 36, 37, 39, 40, 41, 42, 43, 44, 45, 46, 47, 48, 49, 50, 51, 52, 54, 55, 56, 57, 58, 59, 61, 63, 65, 66, 67, 68, 69, 71, 72, 73, 74, 38, 53, 9, 17, 64, 34, 62, 16, 60, 70], '8_3': [225, 226, 227, 228, 229, 230, 231, 232, 233, 234, 235, 236, 238, 239, 240, 241, 242, 245, 246, 247, 248, 249, 250, 251, 252, 253, 254, 255, 256, 257, 260, 261, 262, 263, 264, 265, 266, 267, 268, 269, 271, 273, 274, 275, 276, 277, 278, 279, 280, 281, 282, 283, 285, 286, 287, 288, 289, 290, 291, 293, 295, 296, 297, 298, 299, 300, 301, 302, 303, 304, 305, 306, 307, 308, 309, 310, 311, 313, 314, 315, 316, 317, 318, 319, 321, 322, 323, 324, 325, 326, 327, 328, 329, 331, 332, 333, 334, 335, 336, 337, 338, 339, 340, 341, 342, 343, 344, 346, 347, 348, 349, 351, 352, 353, 355, 356, 357, 358, 359, 361, 362, 363, 364, 365, 366, 367, 368, 369, 370, 372, 373, 374, 375, 376, 377, 378, 379, 380, 381, 382, 383, 384, 385, 386, 387, 388, 389, 390, 392, 393, 395, 396, 397, 398, 399, 400, 401, 402, 403, 404, 405, 406, 407, 409, 410, 411, 412, 413, 414, 416, 417, 418, 419, 421, 422, 423, 424, 425, 426, 427, 428, 429, 430, 431, 432, 433, 434, 435, 436, 437, 439, 440, 441, 442, 443, 444, 445, 446, 447, 448, 449, 450, 451, 452, 454, 455, 456, 457, 458, 459, 461, 462, 463, 464, 465, 467, 468, 469, 470, 471, 472, 473, 474, 475, 476, 478, 479, 480, 481, 482, 483, 484, 485, 486, 487, 488, 489, 490, 493, 495, 497, 498, 499, 500, 501, 502, 503, 504, 505, 506, 507, 508, 509, 510, 511, 512, 514, 515, 516, 517, 518, 519, 520, 521, 522, 523, 524, 525, 526, 527, 528, 529, 531, 532, 534, 535, 537, 538, 539, 540, 541, 542, 543, 544, 545, 546, 547, 548, 549, 550, 551, 553, 554, 555, 556, 557, 558, 559, 560, 561, 562, 563, 564, 565, 566, 567, 568, 569, 570, 571, 573, 575, 576, 577, 578, 579, 580, 581, 582, 583, 584, 585, 586, 587, 588, 589, 590, 591, 592, 595, 596, 597, 598, 599, 244, 270, 272, 284, 391, 438, 460, 533, 572, 237, 330, 345, 394, 415, 453, 494, 513, 530, 552, 574, 292, 312, 354, 371, 466, 593, 243, 258, 259, 294, 320, 350, 360, 408, 420, 477, 492, 536, 594]}
FP rate  0.17004 FN rate  0.03
 Before reassigning cells 
 Timepoint  2
 Cluster  0  # of cells  24
 Cluster  8  # of cells  76
 Timepoint  3
 Cluster  0  # of cells  62
 Cluster  4  # of cells  18
 Cluster  6  # of cells  1
 Cluster  5  # of cells  42
 Cluster  8  # of cells  355
 Cells absent at timepoint  3   {145, 417, 167, 174, 430, 306, 436, 567, 574, 325, 328, 587, 461, 337, 344, 348, 359, 114, 116, 246, 504, 505}
 Missing cell prob  {'0': 1.0260092388714787e-09, '4': 9.949281317971159e-08, '5': 6.330991566265047e-17, '6': 1.9978066309084307e-13, '8': 9.949281317971159e-08}
 Missing cell prob  {'0': 1.3874469162394055e-09, '4': 0.00014247523015639837, '5': 4.883795579948269e-16, '6': 2.189641024315838e-07, '8': 0.00014247523015639837}
 Missing cell prob  {'0': 2.4286929185110496e-08, '4': 8.51289229140551e-08, '5': 7.077589144326597e-20, '6': 1.8987233653211368e-16, '8': 8.512892291405509e-08}
 Missing cell prob  {'0': 7.286078755533145e-10, '4': 4.0304629990529687e-07, '5': 5.8741158862253e-20, '6': 2.925369780149543e-14, '8': 4.0304629990529703e-07}
 Missing cell prob  {'0': 6.872586406682837e-16, '4': 8.524551912692231e-06, '5': 2.002778637622304e-27, '6': 8.97942224602208e-19, '8': 8.524551912692231e-06}
 Missing cell prob  {'0': 9.677821754046023e-16, '4': 5.821625167615257e-05, '5': 2.158550309437372e-24, '6': 4.693457486273832e-15, '8': 5.821625167615255e-05}
 Missing cell prob  {'0': 3.5754304376808654e-16, '4': 4.434857646401218e-06, '5': 2.206219894435119e-23, '6': 7.570700311967009e-12, '8': 4.434857646401218e-06}
 Missing cell prob  {'0': 6.872586406682836e-16, '4': 8.524551912692231e-06, '5': 5.540753860270023e-26, '6': 2.4841870957694946e-17, '8': 8.524551912692231e-06}
 Missing cell prob  {'0': 1.166058816575018e-15, '4': 2.53542734591909e-06, '5': 7.195167698124573e-23, '6': 5.655040587828127e-15, '8': 2.5354273459190908e-06}
 Missing cell prob  {'0': 6.813630280770311e-15, '4': 8.451424486396969e-05, '5': 8.669294542055726e-23, '6': 2.462876625657975e-16, '8': 8.451424486396969e-05}
 Missing cell prob  {'0': 4.2241117376464496e-18, '4': 1.4495148072341863e-06, '5': 3.4055247954129636e-28, '6': 4.224111737646447e-18, '8': 1.4495148072341867e-06}
 Missing cell prob  {'0': 1.5306821311392882e-14, '4': 3.32824835079885e-05, '5': 4.4606459516536184e-26, '6': 1.5306821311392872e-14, '8': 3.3282483507988514e-05}
 Missing cell prob  {'0': 1.4278639747899993e-13, '4': 0.00031046850437345706, '5': 4.161017842364473e-25, '6': 5.161202858414858e-15, '8': 0.00031046850437345706}
 Missing cell prob  {'0': 5.703971814090487e-16, '4': 0.00019573325986819862, '5': 1.2722191457163013e-24, '6': 4.3656527201387044e-13, '8': 0.00019573325986819862}
 Missing cell prob  {'0': 8.280623652564986e-16, '4': 0.00028415173042307436, '5': 1.8469179534233412e-24, '6': 6.337746460100542e-13, '8': 0.00028415173042307436}
 Missing cell prob  {'0': 2.828224858717217e-08, '4': 0.016567522321016565, '5': 8.241887397622651e-20, '6': 1.335691657016057e-12, '8': 0.016567522321016565}
 Missing cell prob  {'0': 2.4841870957694956e-17, '4': 8.524551912692231e-06, '5': 5.540753860270023e-26, '6': 6.872586406682831e-16, '8': 8.524551912692231e-06}
 Missing cell prob  {'0': 2.355832130955718e-08, '4': 8.257505522663343e-08, '5': 5.2544697603373366e-17, '6': 1.6580995913887611e-13, '8': 8.257505522663343e-08}
 Missing cell prob  {'0': 2.1239517935863635e-07, '4': 8.756984000118311e-07, '5': 7.476283423985366e-14, '6': 4.864656762080905e-11, '8': 8.756984000118311e-07}
 Missing cell prob  {'0': 4.416074148835052e-15, '4': 0.0002656458143193758, '5': 5.618773831015805e-23, '6': 4.416074148835049e-15, '8': 0.0002656458143193758}
 Missing cell prob  {'0': 9.977135828913426e-16, '4': 0.0003423679820992269, '5': 2.2253095973581156e-24, '6': 3.6063674739433547e-17, '8': 0.0003423679820992269}
 Missing cell prob  {'0': 8.230134338867104e-10, '4': 8.451424486396971e-05, '5': 6.635223758594968e-20, '6': 6.813630280770309e-15, '8': 8.451424486396969e-05}
 Cells absent at timepoint  2   set()
 Timepoint  2
 Timepoint  3
SortedDict({2: {'0': ['75', '76', '77', '78', '79', '80', '81', '82', '84', '85', '86', '87', '88', '89', '90', '91', '92', '93', '94', '95', '96', '97', '98', '99'], '8': ['0', '1', '2', '3', '4', '5', '6', '7', '8', '9', '10', '11', '12', '13', '14', '15', '16', '17', '18', '19', '20', '21', '22', '23', '24', '25', '26', '27', '28', '29', '30', '31', '32', '33', '34', '35', '36', '37', '38', '39', '40', '41', '42', '43', '44', '45', '46', '47', '48', '49', '50', '51', '52', '53', '54', '55', '56', '57', '58', '59', '60', '61', '62', '63', '64', '65', '66', '67', '68', '69', '70', '71', '72', '73', '74', '83']}, 3: {'0': ['101', '102', '103', '105', '106', '107', '108', '109', '110', '111', '112', '113', '115', '117', '118', '119', '122', '124', '125', '126', '127', '128', '130', '131', '132', '135', '138', '139', '140', '141', '142', '143', '144', '146', '147', '148', '149', '150', '151', '152', '154', '155', '156', '157', '158', '159', '160', '161', '163', '164', '165', '166', '169', '170', '171', '173', '176', '178', '186', '187', '200', '217'], '4': ['104', '121', '129', '137', '153', '284', '301', '310', '356', '422', '437', '491', '492', '496', '556', '558', '575', '580', '145', '417', '167', '430', '306', '436', '567', '325', '461', '337', '344', '348', '359', '114', '116', '246', '504', '505'], '6': ['136'], '5': ['175', '177', '179', '180', '181', '182', '183', '184', '185', '188', '189', '190', '191', '192', '193', '194', '195', '196', '197', '198', '199', '201', '202', '203', '204', '205', '206', '207', '208', '209', '210', '211', '212', '214', '215', '218', '219', '220', '221', '222', '223', '224'], '8': ['100', '120', '123', '133', '134', '162', '168', '172', '213', '216', '225', '226', '227', '228', '229', '230', '231', '232', '233', '234', '235', '236', '237', '238', '239', '240', '241', '242', '243', '244', '245', '247', '248', '249', '250', '251', '252', '253', '254', '255', '256', '257', '258', '259', '260', '261', '262', '263', '264', '265', '266', '267', '268', '269', '270', '271', '272', '273', '274', '275', '276', '277', '278', '279', '280', '281', '282', '283', '285', '286', '287', '288', '289', '290', '291', '292', '293', '294', '295', '296', '297', '298', '299', '300', '302', '303', '304', '305', '307', '308', '309', '311', '312', '313', '314', '315', '316', '317', '318', '319', '320', '321', '322', '323', '324', '326', '327', '329', '330', '331', '332', '333', '334', '335', '336', '338', '339', '340', '341', '342', '343', '345', '346', '347', '349', '350', '351', '352', '353', '354', '355', '357', '358', '360', '361', '362', '363', '364', '365', '366', '367', '368', '369', '370', '371', '372', '373', '374', '375', '376', '377', '378', '379', '380', '381', '382', '383', '384', '385', '386', '387', '388', '389', '390', '391', '392', '393', '394', '395', '396', '397', '398', '399', '400', '401', '402', '403', '404', '405', '406', '407', '408', '409', '410', '411', '412', '413', '414', '415', '416', '418', '419', '420', '421', '423', '424', '425', '426', '427', '428', '429', '431', '432', '433', '434', '435', '438', '439', '440', '441', '442', '443', '444', '445', '446', '447', '448', '449', '450', '451', '452', '453', '454', '455', '456', '457', '458', '459', '460', '462', '463', '464', '465', '466', '467', '468', '469', '470', '471', '472', '473', '474', '475', '476', '477', '478', '479', '480', '481', '482', '483', '484', '485', '486', '487', '488', '489', '490', '493', '494', '495', '497', '498', '499', '500', '501', '502', '503', '506', '507', '508', '509', '510', '511', '512', '513', '514', '515', '516', '517', '518', '519', '520', '521', '522', '523', '524', '525', '526', '527', '528', '529', '530', '531', '532', '533', '534', '535', '536', '537', '538', '539', '540', '541', '542', '543', '544', '545', '546', '547', '548', '549', '550', '551', '552', '553', '554', '555', '557', '559', '560', '561', '562', '563', '564', '565', '566', '568', '569', '570', '571', '572', '573', '576', '577', '578', '579', '581', '582', '583', '584', '585', '586', '588', '589', '590', '591', '592', '593', '594', '595', '596', '597', '598', '599', '174', '574', '328', '587']}})
 Cluster1  4
 Cluster to drop  8
 After reassigning and merging cells 
 Timepoint  2
 Cluster  0  # of cells  24
 Cluster  8  # of cells  76
 Timepoint  3
 Cluster  0  # of cells  62
 Cluster  4  # of cells  395
 Cluster  6  # of cells  1
 Cluster  5  # of cells  42
 Tp cluster cell dict  {'0_2': 24, '8_2': 76, '0_3': 62, '4_3': 395, '6_3': 1, '5_3': 42}
 New Graph is here 
 ID  0  Timepoint  1  Mutations  []  Type  subclone
 ID  1  Timepoint  2  Mutations  [13, 14, 15, 16, 17, 18, 19, 20, 21, 22, 23]  Type  subclone
 ID  2  Timepoint  2  Mutations  [13, 14]  Type  subclone
 ID  3  Timepoint  3  Mutations  [13, 14, 15, 16, 17, 18, 19, 20, 21, 22, 23]  Type  subclone
 ID  4  Timepoint  3  Mutations  [13, 14]  Type  subclone
 ID  5  Timepoint  3  Mutations  [0, 3, 6, 13, 14, 15, 16, 23, 26, 28, 31]  Type  subclone
 ID  6  Timepoint  3  Mutations  [13, 14, 15, 16, 17, 18, 19, 20, 21, 22, 23, 24, 25, 26, 27, 28, 29, 30, 31]  Type  subclone
Timepoints  SortedDict({1: [0], 2: [1, 2], 3: [3, 4, 5, 6]})
 Clone to nodes  {'0_2': 1, '8_2': 2, '0_3': 3, '4_3': 4, '6_3': 5, '5_3': 6}
 Timepoint ====  1
 Hash table  {'0,1': [13, 14], '0': [15, 16, 17, 18, 19, 20, 21, 22, 23]}
 Final possible usc  [[13, 14], [15, 16, 17, 18, 19, 20, 21, 22, 23]]
 Time  1  USC keys  {'15,16,17,18,19,20,21,22,23_0', '13,14_0'}
 USC children  {'13,14_0': [1, 2], '15,16,17,18,19,20,21,22,23_0': [1]}
 USC children  {'13,14_0': [1, 2], '15,16,17,18,19,20,21,22,23_0': [1]}
 Timepoint ====  2
 Hash table  {'0': [0, 3, 6], '0,1': [13, 14, 15, 16, 23, 26, 28, 31], '1': [17, 18, 19, 20, 21, 22, 24, 25, 27, 29, 30]}
====== Inside find superset of t nodes ==========
 Final possible usc  [[13, 14, 15, 16, 23, 26, 28, 31]]
 Time  2  USC keys  {'13,14,15,16,23,26,28,31_2'}
 USC children  {'13,14_0': [1, 2], '15,16,17,18,19,20,21,22,23_0': [1], '13,14,15,16,23,26,28,31_2': [5, 6]}
 USC children  {'13,14_0': [1, 2], '15,16,17,18,19,20,21,22,23_0': [1], '13,14,15,16,23,26,28,31_2': [5, 6]}
 Node s  {'1,2': ['13', '14'], '5,6': ['13', '14', '15', '16', '23', '26', '28', '31']}
 Enroll USC nodes  ['1', '2']  len  2
 Enroll USC nodes  ['5', '6']  len  2
 Node TP  SortedDict({1: [0], 2: [1, 2], 3: [3, 4, 5, 6]})
 Unobserved subclones at timepoints  {1.5: [7], 2.5: [8]}
 ============== Inside finding node v ============ 
 Time  2
 Time  3
 Sorted all timepoints  [1, 1.5, 2, 2.5, 3]
 Timepoint  2
 Inside usc_node check  2
 Timepoint  3
 Inside usc_node check  3
0   1   [-1]   subclone   []   []
1   2   [7]   subclone   [13, 14, 15, 16, 17, 18, 19, 20, 21, 22, 23]   [9]
2   2   [7]   subclone   [13, 14]   [0]
3   3   [1]   subclone   [13, 14, 15, 16, 17, 18, 19, 20, 21, 22, 23]   [0]
4   3   [2]   subclone   [13, 14]   [0]
5   3   [8]   subclone   [0, 3, 6, 13, 14, 15, 16, 23, 26, 28, 31]   [3]
6   3   [8]   subclone   [13, 14, 15, 16, 17, 18, 19, 20, 21, 22, 23, 24, 25, 26, 27, 28, 29, 30, 31]   [11]
7   1.5   [0]   unobserved subclone   [13, 14]   [2]
8   2.5   [2]   unobserved subclone   [13, 14, 15, 16, 23, 26, 28, 31]   [6]
 List of tree files  ['all_trees/ap03_rep5_m1_tree.csv', 'all_trees/ap03_rep5_m2_tree.csv', 'all_trees/ap03_rep5_m3_tree.csv', 'all_trees/ap03_rep5_m4_tree.csv', 'all_trees/ap03_rep5_m5_tree.csv']
{'1': ['13', '14'], '2': ['13', '14', '15', '16', '17', '18', '19', '20', '21', '22', '23'], '3': ['13', '14'], '4': ['13', '14', '15', '16', '17', '18', '19', '20', '21', '22', '23'], '5': ['0', '14', '15', '23', '26'], '6': ['13', '14', '15', '16', '17', '18', '19', '20', '21', '22', '23', '24', '25', '26', '27', '28', '29', '30', '31'], '7': ['13', '14']}
 Actual mutation of  1   []
 Actual mutation of  2   ['18', '15', '23', '17', '20', '16', '19', '21', '22']
 Actual mutation of  3   []
 Actual mutation of  4   []
 Actual mutation of  5   ['0', '26', '15', '23']
 Actual mutation of  6   ['24', '25', '26', '30', '31', '28', '27', '29']
 Updated node mutation  {'1': [], '2': ['18', '15', '23', '17', '20', '16', '19', '21', '22'], '3': [], '4': [], '5': ['0', '26', '15', '23'], '6': ['24', '25', '26', '30', '31', '28', '27', '29'], '7': ['13', '14']}
{'1': ['10', '11', '13', '14', '19', '23'], '2': ['13', '14', '15', '16', '17', '18', '19', '20', '21', '22', '23'], '3': ['13', '14'], '4': ['13', '14', '15', '16', '17', '18', '19', '20', '21', '22', '23'], '5': ['13', '14', '15', '23'], '6': ['13', '14', '15', '16', '17', '18', '19', '20', '21', '22', '23', '24', '25', '26', '27', '28', '29', '30', '31'], '7': ['13', '14'], '8': ['13', '14'], '9': ['13', '14', '15', '23']}
 Actual mutation of  1   ['11', '19', '10', '23']
 Actual mutation of  2   ['18', '15', '23', '17', '20', '16', '19', '21', '22']
 Actual mutation of  3   []
 Actual mutation of  4   []
 Actual mutation of  5   []
 Actual mutation of  6   ['18', '24', '25', '17', '20', '26', '30', '31', '28', '16', '19', '22', '21', '27', '29']
 Actual mutation of  7   []
 Actual mutation of  9   ['15', '23']
 Updated node mutation  {'1': ['11', '19', '10', '23'], '2': ['18', '15', '23', '17', '20', '16', '19', '21', '22'], '3': [], '4': [], '5': [], '6': ['18', '24', '25', '17', '20', '26', '30', '31', '28', '16', '19', '22', '21', '27', '29'], '7': [], '8': ['13', '14'], '9': ['15', '23']}
{'1': ['9', '10', '11', '14', '19', '23', '27'], '2': ['13', '14', '15', '16', '17', '18', '19', '20', '21', '22', '23'], '3': ['5', '7', '13', '14', '15', '16', '17', '18', '19', '20', '23', '27', '29'], '4': ['13', '14'], '5': ['13', '14', '15', '16', '17', '18', '19', '20', '21', '22', '23'], '6': ['5', '7', '13', '14', '15', '16', '17', '18', '19', '20', '21', '22', '23', '24', '25', '26', '27', '28', '29', '30', '31'], '7': ['0', '10', '13', '14', '15', '16', '17', '18', '19', '20', '21', '22', '23', '24', '25', '26', '27', '28', '29', '30', '31'], '8': ['13', '14', '15', '16', '17', '18', '19', '20', '21', '22', '23', '24', '25', '26', '27', '28', '29', '30', '31'], '9': ['13', '14'], '10': ['14'], '11': ['13', '14', '15', '16', '17', '18', '19', '20', '21', '22', '23', '24', '25', '26', '27', '28', '29', '30', '31']}
 Actual mutation of  1   ['23', '11', '9', '10', '19', '27']
 Actual mutation of  2   ['18', '15', '23', '17', '13', '20', '16', '19', '22', '21']
 Actual mutation of  3   ['18', '15', '23', '7', '17', '27', '13', '20', '16', '19', '5', '29']
 Actual mutation of  4   ['13']
 Actual mutation of  5   []
 Actual mutation of  6   ['7', '5']
 Actual mutation of  7   ['0', '10']
 Actual mutation of  8   []
 Actual mutation of  9   []
 Actual mutation of  11   ['24', '25', '26', '30', '31', '28', '27', '29']
 Updated node mutation  {'1': ['23', '11', '9', '10', '19', '27'], '2': ['18', '15', '23', '17', '13', '20', '16', '19', '22', '21'], '3': ['18', '15', '23', '7', '17', '27', '13', '20', '16', '19', '5', '29'], '4': ['13'], '5': [], '6': ['7', '5'], '7': ['0', '10'], '8': [], '9': [], '10': ['14'], '11': ['24', '25', '26', '30', '31', '28', '27', '29']}
{'1': ['13', '14', '15', '16', '17', '18', '19', '20', '21', '22', '23'], '2': ['13', '14'], '3': ['13', '14', '15', '16', '17', '18', '19', '20', '21', '22', '23'], '4': ['0', '3', '10', '13', '14', '15', '21', '23', '26', '28', '30'], '5': ['13', '14', '15', '16', '17', '18', '19', '20', '21', '22', '23', '24', '25', '26', '27', '28', '29', '30', '31'], '6': ['13', '14'], '7': ['13', '14'], '8': ['13', '14', '15', '21', '23', '26', '28', '30']}
 Actual mutation of  1   ['18', '15', '23', '17', '20', '16', '19', '21', '22']
 Actual mutation of  2   []
 Actual mutation of  3   []
 Actual mutation of  4   ['3', '0', '10']
 Actual mutation of  5   ['18', '24', '25', '17', '20', '31', '16', '19', '22', '27', '29']
 Actual mutation of  6   []
 Actual mutation of  8   ['15', '23', '26', '30', '28', '21']
 Updated node mutation  {'1': ['18', '15', '23', '17', '20', '16', '19', '21', '22'], '2': [], '3': [], '4': ['3', '0', '10'], '5': ['18', '24', '25', '17', '20', '31', '16', '19', '22', '27', '29'], '6': [], '7': ['13', '14'], '8': ['15', '23', '26', '30', '28', '21']}
{'1': ['13', '14', '15', '16', '17', '18', '19', '20', '21', '22', '23'], '2': ['13', '14'], '3': ['13', '14', '15', '16', '17', '18', '19', '20', '21', '22', '23'], '4': ['13', '14'], '5': ['0', '3', '6', '13', '14', '15', '16', '23', '26', '28', '31'], '6': ['13', '14', '15', '16', '17', '18', '19', '20', '21', '22', '23', '24', '25', '26', '27', '28', '29', '30', '31'], '7': ['13', '14'], '8': ['13', '14', '15', '16', '23', '26', '28', '31']}
 Actual mutation of  1   ['18', '15', '23', '17', '20', '16', '19', '21', '22']
 Actual mutation of  2   []
 Actual mutation of  3   []
 Actual mutation of  4   []
 Actual mutation of  5   ['3', '0', '6']
 Actual mutation of  6   ['18', '24', '25', '17', '20', '30', '19', '22', '21', '27', '29']
 Actual mutation of  8   ['15', '23', '26', '31', '28', '16']
 Updated node mutation  {'1': ['18', '15', '23', '17', '20', '16', '19', '21', '22'], '2': [], '3': [], '4': [], '5': ['3', '0', '6'], '6': ['18', '24', '25', '17', '20', '30', '19', '22', '21', '27', '29'], '7': ['13', '14'], '8': ['15', '23', '26', '31', '28', '16']}
 Parallel mutation count  {'m1': 3, 'm2': 9, 'm3': 13, 'm4': 9, 'm5': 9}
 Clusters with least parallel mutations  ['m1']
 Best tree path  ap03_rep5_m1_tree.csv
