7
 Total estimated FP  59  True negatives  5984
 Total estimated FN  1188  True positives  4769
 Estimated FP rate  0.01222
 Estimated FN rate  0.17
 No. of Cells in each cluster  {'4_2': 14, '4_3': 86, '3_2': 10, '3_3': 1, '6_2': 63, '6_3': 2, '5_2': 1, '5_3': 2, '2_2': 12, '2_3': 409}
 Cells in each cluster  {'4_2': [0, 1, 2, 3, 4, 5, 6, 7, 8, 9, 10, 11, 12, 13], '4_3': [100, 102, 103, 104, 105, 106, 107, 108, 109, 110, 111, 112, 113, 114, 115, 116, 117, 118, 119, 120, 121, 122, 123, 124, 125, 126, 127, 128, 129, 130, 131, 132, 133, 134, 135, 136, 137, 138, 139, 140, 141, 142, 143, 144, 145, 146, 147, 148, 149, 150, 151, 152, 153, 154, 155, 156, 157, 158, 159, 160, 161, 162, 163, 164, 165, 166, 167, 168, 169, 170, 171, 172, 173, 174, 175, 176, 177, 178, 179, 180, 181, 182, 183, 184, 185, 186], '3_2': [14, 15, 16, 17, 18, 19, 20, 21, 22, 23], '3_3': [101], '6_2': [24, 25, 26, 27, 28, 29, 30, 31, 32, 33, 34, 35, 36, 37, 38, 39, 40, 41, 42, 43, 44, 45, 46, 47, 48, 49, 50, 52, 53, 54, 55, 56, 57, 59, 60, 61, 62, 63, 64, 65, 66, 67, 68, 69, 70, 71, 72, 73, 74, 75, 76, 77, 78, 79, 80, 81, 82, 84, 85, 86, 87, 88, 89], '6_3': [523, 577], '5_2': [83], '5_3': [251, 320], '2_2': [93, 95, 51, 58, 90, 91, 92, 94, 96, 97, 98, 99], '2_3': [197, 200, 201, 208, 210, 213, 239, 253, 255, 259, 279, 290, 298, 307, 311, 313, 314, 321, 333, 355, 367, 385, 388, 394, 399, 425, 426, 432, 443, 444, 448, 455, 457, 484, 497, 500, 508, 510, 532, 535, 543, 548, 571, 572, 585, 590, 187, 188, 189, 190, 191, 192, 193, 194, 195, 196, 198, 199, 202, 203, 204, 205, 206, 207, 209, 211, 212, 214, 215, 216, 217, 218, 219, 220, 221, 222, 223, 224, 225, 226, 227, 228, 229, 231, 232, 233, 234, 235, 236, 237, 238, 240, 241, 242, 243, 244, 245, 246, 247, 248, 249, 250, 252, 254, 256, 257, 258, 260, 261, 262, 263, 264, 265, 266, 268, 269, 270, 271, 272, 273, 274, 275, 276, 277, 278, 280, 281, 282, 283, 284, 285, 286, 287, 288, 289, 291, 293, 294, 295, 296, 297, 299, 300, 301, 302, 303, 304, 305, 306, 308, 309, 310, 312, 315, 316, 317, 318, 319, 322, 323, 324, 326, 327, 328, 329, 330, 331, 332, 334, 335, 336, 337, 338, 339, 340, 341, 342, 343, 344, 345, 346, 347, 348, 349, 350, 351, 352, 353, 356, 357, 358, 359, 360, 361, 363, 364, 365, 366, 368, 369, 370, 371, 372, 373, 374, 375, 376, 377, 378, 379, 380, 381, 382, 383, 384, 386, 387, 389, 390, 391, 392, 393, 395, 396, 397, 398, 400, 401, 402, 403, 404, 405, 406, 407, 408, 409, 410, 411, 412, 413, 414, 415, 416, 418, 419, 420, 421, 422, 423, 424, 427, 428, 429, 430, 431, 433, 434, 435, 436, 437, 438, 439, 440, 441, 442, 445, 447, 449, 450, 451, 452, 453, 454, 456, 458, 459, 461, 462, 463, 464, 465, 466, 467, 468, 469, 470, 471, 472, 473, 474, 475, 476, 477, 478, 479, 480, 481, 482, 483, 485, 486, 487, 488, 489, 490, 491, 492, 493, 494, 495, 496, 498, 499, 501, 502, 503, 504, 505, 506, 507, 509, 511, 512, 513, 514, 515, 516, 517, 518, 519, 520, 521, 522, 524, 525, 526, 527, 528, 529, 530, 531, 533, 534, 536, 538, 539, 540, 541, 542, 544, 545, 546, 547, 549, 550, 551, 552, 553, 554, 555, 556, 557, 558, 559, 560, 561, 562, 563, 564, 565, 566, 567, 568, 569, 570, 573, 574, 575, 576, 578, 579, 580, 581, 582, 583, 584, 586, 587, 588, 589, 591, 592, 593, 594, 595, 596, 597, 598, 599, 230, 267, 292, 325, 354, 362, 417, 446, 460, 537]}
FP rate  0.01222 FN rate  0.17
 Before reassigning cells 
 Timepoint  2
 Cluster  4  # of cells  13
 Cluster  3  # of cells  10
 Cluster  6  # of cells  62
 Cluster  5  # of cells  3
 Cluster  2  # of cells  6
 Timepoint  3
 Cluster  4  # of cells  86
 Cluster  3  # of cells  1
 Cluster  6  # of cells  2
 Cluster  5  # of cells  65
 Cluster  2  # of cells  274
 Cells absent at timepoint  2   {96, 2, 98, 83, 87, 92}
 Missing cell prob  {'4': 2.8072995764610495e-20, '3': 4.8314495940227414e-21, '6': 2.188429420789127e-06, '2': 0.02915904880253045, '5': 0.02915904880253045}
 Missing cell prob  {'4': 0.38983069002031173, '3': 0.38983069002031173, '6': 2.1286364140937822e-18, '2': 2.1286364140937822e-18, '5': 1.2368379277138565e-17}
 Missing cell prob  {'4': 3.0801789986674174e-17, '3': 1.5701532188492163e-19, '6': 0.00020541121938763454, '2': 0.001193535848745398, '5': 0.001193535848745398}
 Missing cell prob  {'4': 3.235452595770623e-17, '3': 5.5683142124866474e-18, '6': 0.042326968794499126, '2': 0.00728460253808019, '5': 0.04232696879449912}
 Missing cell prob  {'4': 1.6911100268817401e-13, '3': 8.620608910343574e-16, '6': 2.091272938457392e-05, '2': 3.5991455540480334e-06, '5': 2.091272938457392e-05}
 Missing cell prob  {'4': 5.172316659216295e-18, '3': 2.6366421090752957e-20, '6': 1.2867916394100868e-09, '2': 0.000200421642914534, '5': 0.000200421642914534}
 Cells absent at timepoint  3   {388, 261, 389, 393, 397, 527, 273, 275, 283, 413, 289, 546, 291, 507, 296, 424, 557, 563, 564, 566, 596, 312, 440, 314, 188, 192, 193, 320, 449, 578, 453, 326, 579, 583, 584, 458, 332, 334, 207, 591, 338, 339, 212, 213, 214, 342, 466, 217, 468, 347, 469, 472, 222, 478, 479, 225, 226, 227, 355, 362, 235, 236, 492, 240, 368, 496, 243, 374, 375, 251, 381, 382}
 Missing cell prob  {'4': 3.0425392113037015e-17, '3': 9.011842015579216e-19, '6': 2.2420056089699954e-10, '2': 0.00020290109428671766, '5': 0.00020290109428671766}
 Missing cell prob  {'4': 8.213464309838662e-22, '3': 1.4135626684814155e-22, '6': 7.298193732816478e-05, '2': 0.004957038296430178, '5': 0.004957038296430178}
 Missing cell prob  {'4': 5.831884140140183e-23, '3': 1.727373580884289e-24, '6': 1.0425146649055505e-05, '2': 0.13890663186374605, '5': 0.13890663186374605}
 Missing cell prob  {'4': 4.772409279983784e-21, '3': 9.601121234366403e-21, '6': 1.2560417649464471e-05, '2': 0.000424059400317733, '5': 0.000424059400317733}
 Missing cell prob  {'4': 9.793051477111043e-24, '3': 1.6854145165005136e-24, '6': 4.435811976249573e-09, '2': 0.004014401660862263, '5': 0.004014401660862263}
 Missing cell prob  {'4': 5.760618515947669e-23, '3': 2.9365350875032914e-25, '6': 1.5161267660552947e-07, '2': 5.98347813848321e-05, '5': 5.98347813848321e-05}
 Missing cell prob  {'4': 5.760618515947669e-23, '3': 9.91420303823831e-24, '6': 4.49068818588104e-09, '2': 0.0040640645294116725, '5': 0.0040640645294116725}
 Missing cell prob  {'4': 2.739108384366415e-20, '3': 8.113095775972433e-22, '6': 2.1352710004089606e-06, '2': 0.004896463288447801, '5': 0.004896463288447801}
 Missing cell prob  {'4': 7.819289426938332e-22, '3': 2.3160326324755247e-23, '6': 2.4056324136144047e-05, '2': 0.000812179234140132, '5': 0.000812179234140132}
 Missing cell prob  {'4': 4.543375123612436e-21, '3': 2.3160326324755235e-23, '6': 3.541786517393737e-07, '2': 0.0008121792341401318, '5': 0.0008121792341401318}
 Missing cell prob  {'4': 7.819289426938333e-22, '3': 2.3160326324755255e-23, '6': 8.974374459794782e-10, '2': 0.0008121792341401322, '5': 0.0008121792341401322}
 Missing cell prob  {'4': 9.914203038238314e-24, '3': 5.0538679146729004e-26, '6': 5.983478138483212e-05, '2': 0.13720919282237115, '5': 0.13720919282237115}
 Missing cell prob  {'4': 2.9409714053184888e-12, '3': 1.4991907030734654e-14, '6': 3.111244026121232e-05, '2': 0.07134500563341806, '5': 0.07134500563341806}
 Missing cell prob  {'4': 3.3471904456957586e-22, '3': 1.7062650757258833e-24, '6': 1.0297751357004047e-05, '2': 0.023614127416836838, '5': 0.023614127416836838}
 Missing cell prob  {'4': 8.0139537455900515e-22, '3': 2.3736911855433743e-23, '6': 3.10531988228193e-08, '2': 0.028103087686509747, '5': 0.028103087686509747}
 Missing cell prob  {'4': 5.06014085880494e-26, '3': 1.4987872572589703e-27, '6': 1.819785347796146e-08, '2': 0.016469023848892365, '5': 0.016469023848892365}
 Missing cell prob  {'4': 3.3885991270280417e-22, '3': 1.0036853386622846e-23, '6': 1.7942000550116793e-06, '2': 0.004114341786037047, '5': 0.004114341786037047}
 Missing cell prob  {'4': 1.0176371644700653e-10, '3': 1.7513851055894135e-11, '6': 9.444761688237086e-07, '2': 0.012584379664219115, '5': 0.012584379664219115}
 Missing cell prob  {'4': 8.92546481092462e-27, '3': 2.6436759957876967e-28, '6': 3.6587575225851324e-06, '2': 0.0014439488927010145, '5': 0.0014439488927010145}
 Missing cell prob  {'4': 4.71409043858238e-21, '3': 1.3962889326725722e-22, '6': 1.2406929345788006e-05, '2': 0.0284507559238998, '5': 0.0284507559238998}
 Missing cell prob  {'4': 2.140192599030263e-13, '3': 6.339138543791606e-15, '6': 2.6466207368491753e-05, '2': 0.010445035121301863, '5': 0.010445035121301863}
 Missing cell prob  {'4': 3.857684483291637e-19, '3': 1.96649471065336e-21, '6': 1.4948107645527728e-05, '2': 0.03427801918542146, '5': 0.03427801918542146}
 Missing cell prob  {'4': 4.7140904385823815e-21, '3': 1.3962889326725722e-22, '6': 2.135271000408959e-06, '2': 0.0284507559238998, '5': 0.0284507559238998}
 Missing cell prob  {'4': 2.705636479909457e-20, '3': 1.3792262819153134e-22, '6': 5.3443517786139444e-09, '2': 0.004836628507062969, '5': 0.004836628507062969}
 Missing cell prob  {'4': 1.8091368780637753e-29, '3': 5.35856881288408e-31, '6': 8.66901575182459e-08, '2': 0.07845443273632513, '5': 0.07845443273632513}
 Missing cell prob  {'4': 3.118284434456476e-17, '3': 1.589577860302108e-19, '6': 4.507649705736579e-08, '2': 0.00010336646400899189, '5': 0.00010336646400899189}
 Missing cell prob  {'4': 5.76061851594767e-23, '3': 2.9365350875032924e-25, '6': 1.0297751357004054e-05, '2': 0.02361412741683685, '5': 0.02361412741683685}
 Missing cell prob  {'4': 4.543375123612438e-21, '3': 2.3160326324755238e-23, '6': 0.0008121792341401317, '2': 0.00013977856385411974, '5': 0.0008121792341401318}
 Missing cell prob  {'4': 5.433056120585524e-18, '3': 1.6092428074086416e-19, '6': 0.0012232493981610252, '2': 0.0412988182956885, '5': 0.0412988182956885}
 Missing cell prob  {'4': 3.857684483291636e-19, '3': 1.9664947106533594e-21, '6': 1.4948107645527723e-05, '2': 0.19917142229985643, '5': 0.19917142229985643}
 Missing cell prob  {'4': 3.347190445695759e-22, '3': 1.7062650757258833e-24, '6': 2.6093011624997492e-08, '2': 0.02361412741683684, '5': 0.02361412741683684}
 Missing cell prob  {'4': 2.489802955240345e-15, '3': 7.374666133861879e-17, '6': 1.8347018076677536e-08, '2': 0.0002444591497430332, '5': 0.0002444591497430332}
 Missing cell prob  {'4': 3.7639787363715834e-19, '3': 1.1148708156712831e-20, '6': 7.434859266484209e-08, '2': 0.0009906347544586802, '5': 0.0009906347544586802}
 Missing cell prob  {'4': 6.639194579355511e-20, '3': 1.96649471065336e-21, '6': 1.4948107645527728e-05, '2': 0.005899353359575663, '5': 0.005899353359575663}
 Missing cell prob  {'4': 2.0626880075507524e-13, '3': 1.0514766239035684e-15, '6': 4.3899653208570575e-06, '2': 0.0017325240945643746, '5': 0.0017325240945643746}
 Missing cell prob  {'4': 8.113095775972434e-22, '3': 2.403056536418406e-23, '6': 1.8266587542834885e-07, '2': 0.16531228050888092, '5': 0.16531228050888092}
 Missing cell prob  {'4': 2.8473316684213835e-22, '3': 8.433647483140944e-24, '6': 1.2897132160142777e-07, '2': 0.00029574856838454535, '5': 0.00029574856838454535}
 Missing cell prob  {'4': 4.714090438582381e-21, '3': 1.3962889326725722e-22, '6': 1.2406929345788006e-05, '2': 0.004896463288447799, '5': 0.004896463288447799}
 Missing cell prob  {'4': 3.0425392113037015e-17, '3': 1.5509659465148787e-19, '6': 1.3027107649578718e-09, '2': 0.00020290109428671766, '5': 0.00020290109428671766}
 Missing cell prob  {'4': 3.118284434456476e-17, '3': 9.23619540499539e-19, '6': 7.757804875328704e-09, '2': 0.0012083012905154972, '5': 0.0012083012905154972}
 Missing cell prob  {'4': 3.1182844344564755e-17, '3': 9.236195404995387e-19, '6': 0.00020795239768737426, '2': 0.0012083012905154972, '5': 0.0012083012905154972}
 Missing cell prob  {'4': 4.656484253422903e-21, '3': 2.373691185543373e-23, '6': 3.1053198822819297e-08, '2': 0.028103087686509747, '5': 0.028103087686509747}
 Missing cell prob  {'4': 1.1967108905029694e-25, '3': 6.1003579907793415e-28, '6': 1.2430077484885025e-07, '2': 0.01936021710723657, '5': 0.01936021710723657}
 Missing cell prob  {'4': 1.1820870834210223e-25, '3': 3.5012801165781655e-27, '6': 3.6367332737368364e-09, '2': 0.0032912369082302158, '5': 0.0032912369082302158}
 Missing cell prob  {'4': 7.0394758264880535e-25, '3': 2.0850559225370297e-26, '6': 2.1657199648747905e-08, '2': 0.019599725755974573, '5': 0.019599725755974573}
 Missing cell prob  {'4': 3.5065696128362804e-14, '3': 1.787510260636067e-16, '6': 1.0987607177769221e-08, '2': 0.00029452909607594383, '5': 0.00029452909607594383}
 Missing cell prob  {'4': 9.914203038238313e-24, '3': 1.7062650757258833e-24, '6': 0.0006994381036262981, '2': 0.023614127416836845, '5': 0.023614127416836845}
 Missing cell prob  {'4': 1.286499278966479e-17, '3': 3.810543578905816e-19, '6': 1.907191620783829e-10, '2': 0.0001726004900805207, '5': 0.0001726004900805207}
 Missing cell prob  {'4': 2.705636479909457e-20, '3': 1.3792262819153132e-22, '6': 2.1091779887839627e-06, '2': 0.004836628507062969, '5': 0.004836628507062969}
 Missing cell prob  {'4': 1.2768892620543733e-14, '3': 6.509075562803534e-17, '6': 2.324797882591226e-08, '2': 0.0036209421696799925, '5': 0.0036209421696799925}
 Missing cell prob  {'4': 3.857684483291637e-19, '3': 1.1426259678171621e-20, '6': 1.4948107645527725e-05, '2': 0.005899353359575661, '5': 0.005899353359575661}
 Missing cell prob  {'4': 2.2692261666421402e-18, '3': 1.1567615945019764e-20, '6': 0.0010278574181231152, '2': 0.2016354069730674, '5': 0.2016354069730674}
 Missing cell prob  {'4': 4.8314495940227414e-21, '3': 1.4310501007121173e-22, '6': 7.388480970273214e-05, '2': 0.02915904880253044, '5': 0.02915904880253044}
 Missing cell prob  {'4': 3.763978736371584e-19, '3': 1.918727233433742e-21, '6': 2.5101251009168936e-06, '2': 1.458500807166876e-05, '5': 1.458500807166876e-05}
 Missing cell prob  {'4': 6.398763851831697e-20, '3': 3.2618362968373635e-22, '6': 0.00016840790825797567, '2': 0.005685715123309282, '5': 0.005685715123309282}
 Missing cell prob  {'4': 1.6469590266334526e-11, '3': 8.395544603414486e-14, '6': 1.5285541900333616e-07, '2': 0.0003505180126769828, '5': 0.0003505180126769828}
 Missing cell prob  {'4': 2.0374819600984828e-13, '3': 1.038627579559467e-15, '6': 5.0689370439683406e-05, '2': 0.00029452909607594394, '5': 0.00029452909607594394}
 Missing cell prob  {'4': 8.497120093767587e-27, '3': 4.331495173478426e-29, '6': 1.775581539530337e-08, '2': 0.016068980199006346, '5': 0.016068980199006346}
 Missing cell prob  {'4': 2.7998303452768698e-12, '3': 8.292951048360761e-14, '6': 4.4721715454822095e-09, '2': 1.0255290212764796e-05, '5': 1.0255290212764796e-05}
 Missing cell prob  {'4': 7.303981023669901e-25, '3': 8.537981618519247e-24, '6': 1.1169592841739523e-08, '2': 0.00173969746108556, '5': 0.00173969746108556}
 Missing cell prob  {'4': 6.477924084139885e-20, '3': 3.3021890469916e-22, '6': 1.4585008071668762e-05, '2': 0.005756054104465853, '5': 0.005756054104465853}
 Missing cell prob  {'4': 8.113095775972434e-22, '3': 2.403056536418407e-23, '6': 1.8266587542834885e-07, '2': 0.028450755923899812, '5': 0.028450755923899812}
 Missing cell prob  {'4': 3.672549164977e-19, '3': 1.8721200603164277e-21, '6': 7.254261541649825e-08, '2': 0.0001663499636190632, '5': 0.0001663499636190632}
 Missing cell prob  {'4': 8.602239459968402e-27, '3': 4.385080861607266e-29, '6': 1.0444597291354923e-07, '2': 0.016267772377458894, '5': 0.016267772377458894}
 Missing cell prob  {'4': 4.714090438582379e-21, '3': 8.113095775972431e-22, '6': 5.4104676938325764e-09, '2': 0.004896463288447799, '5': 0.004896463288447799}
 Missing cell prob  {'4': 2.26922616664214e-18, '3': 1.1567615945019764e-20, '6': 2.2280200853020148e-07, '2': 0.005972335296903826, '5': 0.005972335296903826}
 Missing cell prob  {'4': 7.214726375560655e-25, '3': 2.1369642185917935e-26, '6': 7.49384070890931e-07, '2': 0.02008766872006322, '5': 0.02008766872006322}
 Missing cell prob  {'4': 7.723737710141147e-22, '3': 3.937255475208393e-24, '6': 8.864707603896089e-10, '2': 0.0008022544038989397, '5': 0.0008022544038989397}
 Missing cell prob  {'4': 1.7870292254138362e-29, '3': 9.109566981902936e-32, '6': 8.563080379337295e-08, '2': 0.07749571956828724, '5': 0.07749571956828724}
 Missing cell prob  {'4': 6.639194579355511e-20, '3': 1.9664947106533606e-21, '6': 0.005899353359575664, '2': 0.005899353359575664, '5': 0.005899353359575664}
 Missing cell prob  {'4': 5.366664174791969e-18, '3': 1.5895778603021088e-19, '6': 1.7789688879637804e-05, '2': 0.007020799110267046, '5': 0.007020799110267046}
 Missing cell prob  {'4': 9.914203038238314e-24, '3': 5.0538679146729004e-26, '6': 5.983478138483212e-05, '2': 0.13720919282237115, '5': 0.13720919282237115}
 Timepoint  2
SortedDict({2: {'4': ['0', '1', '3', '4', '5', '6', '7', '8', '9', '10', '11', '12', '13', '2'], '3': ['14', '15', '16', '17', '18', '19', '20', '21', '22', '23'], '6': ['24', '25', '26', '27', '28', '29', '30', '31', '32', '33', '34', '35', '36', '37', '38', '39', '40', '41', '42', '43', '44', '45', '46', '47', '48', '49', '50', '52', '53', '54', '55', '56', '57', '59', '60', '61', '62', '63', '64', '65', '66', '67', '68', '69', '70', '71', '72', '73', '74', '75', '76', '77', '78', '79', '80', '81', '82', '84', '85', '86', '88', '89', '83', '87'], '5': ['51', '58', '94'], '2': ['90', '91', '93', '95', '97', '99', '96', '98', '92']}, 3: {'4': ['100', '102', '103', '104', '105', '106', '107', '108', '109', '110', '111', '112', '113', '114', '115', '116', '117', '118', '119', '120', '121', '122', '123', '124', '125', '126', '127', '128', '129', '130', '131', '132', '133', '134', '135', '136', '137', '138', '139', '140', '141', '142', '143', '144', '145', '146', '147', '148', '149', '150', '151', '152', '153', '154', '155', '156', '157', '158', '159', '160', '161', '162', '163', '164', '165', '166', '167', '168', '169', '170', '171', '172', '173', '174', '175', '176', '177', '178', '179', '180', '181', '182', '183', '184', '185', '186'], '3': ['101'], '6': ['523', '577', '251'], '5': ['191', '194', '205', '208', '209', '210', '215', '218', '221', '232', '233', '239', '247', '259', '269', '272', '274', '277', '278', '279', '280', '281', '284', '286', '328', '329', '341', '356', '363', '364', '369', '372', '373', '391', '396', '399', '407', '417', '425', '426', '427', '436', '439', '443', '445', '459', '460', '461', '462', '464', '467', '487', '489', '497', '529', '532', '534', '535', '537', '538', '553', '561', '585', '595', '597', '320'], '2': ['187', '189', '190', '195', '196', '197', '198', '199', '200', '201', '202', '203', '204', '206', '211', '216', '219', '220', '223', '224', '228', '229', '230', '231', '234', '237', '238', '241', '242', '244', '245', '246', '248', '249', '250', '252', '253', '254', '255', '256', '257', '258', '260', '262', '263', '264', '265', '266', '267', '268', '270', '271', '276', '282', '285', '287', '288', '290', '292', '293', '294', '295', '297', '298', '299', '300', '301', '302', '303', '304', '305', '306', '307', '308', '309', '310', '311', '313', '315', '316', '317', '318', '319', '321', '322', '323', '324', '325', '327', '330', '331', '333', '335', '336', '337', '340', '343', '344', '345', '346', '348', '349', '350', '351', '352', '353', '354', '357', '358', '359', '360', '361', '365', '366', '367', '370', '371', '376', '377', '378', '379', '380', '383', '384', '385', '386', '387', '390', '392', '394', '395', '398', '400', '401', '402', '403', '404', '405', '406', '408', '409', '410', '411', '412', '414', '415', '416', '418', '419', '420', '421', '422', '423', '428', '429', '430', '431', '432', '433', '434', '435', '437', '438', '441', '442', '444', '446', '447', '448', '450', '451', '452', '454', '455', '456', '457', '463', '465', '470', '471', '473', '474', '475', '476', '477', '480', '481', '482', '483', '484', '485', '486', '488', '490', '491', '493', '494', '495', '498', '499', '500', '501', '502', '503', '504', '505', '506', '508', '509', '510', '511', '512', '513', '514', '515', '516', '517', '518', '519', '520', '521', '522', '524', '525', '526', '528', '530', '531', '533', '536', '539', '540', '541', '542', '543', '544', '545', '547', '548', '549', '550', '551', '552', '554', '555', '556', '558', '559', '560', '562', '565', '567', '568', '569', '570', '571', '572', '573', '574', '575', '576', '580', '581', '582', '586', '587', '588', '589', '590', '592', '593', '594', '598', '599', '388', '261', '389', '393', '397', '527', '273', '275', '283', '413', '289', '546', '291', '507', '296', '424', '557', '563', '564', '566', '596', '312', '440', '314', '188', '192', '193', '449', '578', '453', '326', '579', '583', '584', '458', '332', '334', '207', '591', '338', '339', '212', '213', '214', '342', '466', '217', '468', '347', '469', '472', '222', '478', '479', '225', '226', '227', '355', '362', '235', '236', '492', '240', '368', '496', '243', '374', '375', '381', '382']}})
 Cluster1  5
 Cluster to drop  2
 Timepoint  3
SortedDict({2: {'4': ['0', '1', '3', '4', '5', '6', '7', '8', '9', '10', '11', '12', '13', '2'], '3': ['14', '15', '16', '17', '18', '19', '20', '21', '22', '23'], '6': ['24', '25', '26', '27', '28', '29', '30', '31', '32', '33', '34', '35', '36', '37', '38', '39', '40', '41', '42', '43', '44', '45', '46', '47', '48', '49', '50', '52', '53', '54', '55', '56', '57', '59', '60', '61', '62', '63', '64', '65', '66', '67', '68', '69', '70', '71', '72', '73', '74', '75', '76', '77', '78', '79', '80', '81', '82', '84', '85', '86', '88', '89', '83', '87'], '5': ['51', '58', '94', '90', '91', '93', '95', '97', '99', '96', '98', '92']}, 3: {'4': ['100', '102', '103', '104', '105', '106', '107', '108', '109', '110', '111', '112', '113', '114', '115', '116', '117', '118', '119', '120', '121', '122', '123', '124', '125', '126', '127', '128', '129', '130', '131', '132', '133', '134', '135', '136', '137', '138', '139', '140', '141', '142', '143', '144', '145', '146', '147', '148', '149', '150', '151', '152', '153', '154', '155', '156', '157', '158', '159', '160', '161', '162', '163', '164', '165', '166', '167', '168', '169', '170', '171', '172', '173', '174', '175', '176', '177', '178', '179', '180', '181', '182', '183', '184', '185', '186'], '3': ['101'], '6': ['523', '577', '251'], '5': ['191', '194', '205', '208', '209', '210', '215', '218', '221', '232', '233', '239', '247', '259', '269', '272', '274', '277', '278', '279', '280', '281', '284', '286', '328', '329', '341', '356', '363', '364', '369', '372', '373', '391', '396', '399', '407', '417', '425', '426', '427', '436', '439', '443', '445', '459', '460', '461', '462', '464', '467', '487', '489', '497', '529', '532', '534', '535', '537', '538', '553', '561', '585', '595', '597', '320'], '2': ['187', '189', '190', '195', '196', '197', '198', '199', '200', '201', '202', '203', '204', '206', '211', '216', '219', '220', '223', '224', '228', '229', '230', '231', '234', '237', '238', '241', '242', '244', '245', '246', '248', '249', '250', '252', '253', '254', '255', '256', '257', '258', '260', '262', '263', '264', '265', '266', '267', '268', '270', '271', '276', '282', '285', '287', '288', '290', '292', '293', '294', '295', '297', '298', '299', '300', '301', '302', '303', '304', '305', '306', '307', '308', '309', '310', '311', '313', '315', '316', '317', '318', '319', '321', '322', '323', '324', '325', '327', '330', '331', '333', '335', '336', '337', '340', '343', '344', '345', '346', '348', '349', '350', '351', '352', '353', '354', '357', '358', '359', '360', '361', '365', '366', '367', '370', '371', '376', '377', '378', '379', '380', '383', '384', '385', '386', '387', '390', '392', '394', '395', '398', '400', '401', '402', '403', '404', '405', '406', '408', '409', '410', '411', '412', '414', '415', '416', '418', '419', '420', '421', '422', '423', '428', '429', '430', '431', '432', '433', '434', '435', '437', '438', '441', '442', '444', '446', '447', '448', '450', '451', '452', '454', '455', '456', '457', '463', '465', '470', '471', '473', '474', '475', '476', '477', '480', '481', '482', '483', '484', '485', '486', '488', '490', '491', '493', '494', '495', '498', '499', '500', '501', '502', '503', '504', '505', '506', '508', '509', '510', '511', '512', '513', '514', '515', '516', '517', '518', '519', '520', '521', '522', '524', '525', '526', '528', '530', '531', '533', '536', '539', '540', '541', '542', '543', '544', '545', '547', '548', '549', '550', '551', '552', '554', '555', '556', '558', '559', '560', '562', '565', '567', '568', '569', '570', '571', '572', '573', '574', '575', '576', '580', '581', '582', '586', '587', '588', '589', '590', '592', '593', '594', '598', '599', '388', '261', '389', '393', '397', '527', '273', '275', '283', '413', '289', '546', '291', '507', '296', '424', '557', '563', '564', '566', '596', '312', '440', '314', '188', '192', '193', '449', '578', '453', '326', '579', '583', '584', '458', '332', '334', '207', '591', '338', '339', '212', '213', '214', '342', '466', '217', '468', '347', '469', '472', '222', '478', '479', '225', '226', '227', '355', '362', '235', '236', '492', '240', '368', '496', '243', '374', '375', '381', '382']}})
 Cluster1  5
 Cluster to drop  2
 After reassigning and merging cells 
 Timepoint  2
 Cluster  4  # of cells  14
 Cluster  3  # of cells  10
 Cluster  6  # of cells  64
 Cluster  5  # of cells  12
 Timepoint  3
 Cluster  4  # of cells  86
 Cluster  3  # of cells  1
 Cluster  6  # of cells  3
 Cluster  5  # of cells  410
 Tp cluster cell dict  {'4_2': 14, '3_2': 10, '6_2': 64, '5_2': 12, '4_3': 86, '3_3': 1, '6_3': 3, '5_3': 410}
 New Graph is here 
 ID  0  Timepoint  1  Mutations  []  Type  subclone
 ID  1  Timepoint  2  Mutations  [0, 1, 2, 3, 4]  Type  subclone
 ID  2  Timepoint  2  Mutations  [0, 1, 2, 3, 4, 16, 17, 18]  Type  subclone
 ID  3  Timepoint  2  Mutations  [5, 6, 7, 8, 9, 10, 11, 12, 13, 14, 15, 19, 20, 21]  Type  subclone
 ID  4  Timepoint  2  Mutations  [5, 6, 7, 8, 9, 10, 11, 12, 13, 14, 15, 22, 23, 24]  Type  subclone
 ID  5  Timepoint  3  Mutations  [0, 1, 2, 3, 4]  Type  subclone
 ID  6  Timepoint  3  Mutations  [0, 1, 2, 3, 4, 16, 17, 18]  Type  subclone
 ID  7  Timepoint  3  Mutations  [5, 6, 7, 8, 9, 10, 11, 12, 13, 14, 15, 19, 20, 21]  Type  subclone
 ID  8  Timepoint  3  Mutations  [5, 6, 7, 8, 9, 10, 11, 12, 13, 14, 15, 22, 23, 24]  Type  subclone
Timepoints  SortedDict({1: [0], 2: [1, 2, 3, 4], 3: [5, 6, 7, 8]})
 Clone to nodes  {'4_2': 1, '3_2': 2, '6_2': 3, '5_2': 4, '4_3': 5, '3_3': 6, '6_3': 7, '5_3': 8}
 Timepoint ====  1
 Hash table  {'0,1': [0, 1, 2, 3, 4], '1': [16, 17, 18], '2,3': [5, 6, 7, 8, 9, 10, 11, 12, 13, 14, 15], '2': [19, 20, 21], '3': [22, 23, 24]}
 Final possible usc  [[0, 1, 2, 3, 4], [16, 17, 18], [5, 6, 7, 8, 9, 10, 11, 12, 13, 14, 15], [19, 20, 21], [22, 23, 24]]
 Time  1  USC keys  {'19,20,21_0', '5,6,7,8,9,10,11,12,13,14,15_0', '16,17,18_0', '0,1,2,3,4_0', '22,23,24_0'}
 USC children  {'0,1,2,3,4_0': [1, 2], '16,17,18_0': [2], '5,6,7,8,9,10,11,12,13,14,15_0': [3, 4], '19,20,21_0': [3], '22,23,24_0': [4]}
 USC children  {'0,1,2,3,4_0': [1, 2], '16,17,18_0': [2], '5,6,7,8,9,10,11,12,13,14,15_0': [3, 4], '19,20,21_0': [3], '22,23,24_0': [4]}
 Timepoint ====  2
 Hash table  {}
====== Inside find superset of t nodes ==========
 Final possible usc  []
 Time  2  USC keys  set()
 USC children  {'0,1,2,3,4_0': [1, 2], '16,17,18_0': [2], '5,6,7,8,9,10,11,12,13,14,15_0': [3, 4], '19,20,21_0': [3], '22,23,24_0': [4]}
 USC children  {'0,1,2,3,4_0': [1, 2], '16,17,18_0': [2], '5,6,7,8,9,10,11,12,13,14,15_0': [3, 4], '19,20,21_0': [3], '22,23,24_0': [4]}
 Node s  {'1,2': ['0', '1', '2', '3', '4'], '3,4': ['5', '6', '7', '8', '9', '10', '11', '12', '13', '14', '15']}
 Enroll USC nodes  ['1', '2']  len  2
 Enroll USC nodes  ['3', '4']  len  2
 Node TP  SortedDict({1: [0], 2: [1, 2, 3, 4], 3: [5, 6, 7, 8]})
 Unobserved subclones at timepoints  {1.5: [9, 10]}
 ============== Inside finding node v ============ 
 Time  2
 Time  3
 Sorted all timepoints  [1, 1.5, 2, 3]
 Timepoint  2
 Inside usc_node check  2
 Timepoint  3
0   1   [-1]   subclone   []   []
1   2   [9]   subclone   [0, 1, 2, 3, 4]   [0]
2   2   [9]   subclone   [0, 1, 2, 3, 4, 16, 17, 18]   [3]
3   2   [10]   subclone   [5, 6, 7, 8, 9, 10, 11, 12, 13, 14, 15, 19, 20, 21]   [3]
4   2   [10]   subclone   [5, 6, 7, 8, 9, 10, 11, 12, 13, 14, 15, 22, 23, 24]   [3]
5   3   [1]   subclone   [0, 1, 2, 3, 4]   [0]
6   3   [2]   subclone   [0, 1, 2, 3, 4, 16, 17, 18]   [0]
7   3   [3]   subclone   [5, 6, 7, 8, 9, 10, 11, 12, 13, 14, 15, 19, 20, 21]   [0]
8   3   [4]   subclone   [5, 6, 7, 8, 9, 10, 11, 12, 13, 14, 15, 22, 23, 24]   [0]
9   1.5   [0]   unobserved subclone   [0, 1, 2, 3, 4]   [5]
10   1.5   [0]   unobserved subclone   [5, 6, 7, 8, 9, 10, 11, 12, 13, 14, 15]   [11]
6
 Total estimated FP  59  True negatives  5984
 Total estimated FN  1188  True positives  4769
 Estimated FP rate  0.01222
 Estimated FN rate  0.17
 No. of Cells in each cluster  {'4_2': 14, '4_3': 86, '3_2': 10, '3_3': 1, '0_2': 64, '0_3': 3, '5_2': 12, '5_3': 410}
 Cells in each cluster  {'4_2': [0, 1, 2, 3, 4, 5, 6, 7, 8, 9, 10, 11, 12, 13], '4_3': [100, 102, 103, 104, 105, 106, 107, 108, 109, 110, 111, 112, 113, 114, 115, 116, 117, 118, 119, 120, 121, 122, 123, 124, 125, 126, 127, 128, 129, 130, 131, 132, 133, 134, 135, 136, 137, 138, 139, 140, 141, 142, 143, 144, 145, 146, 147, 148, 149, 150, 151, 152, 153, 154, 155, 156, 157, 158, 159, 160, 161, 162, 163, 164, 165, 166, 167, 168, 169, 170, 171, 172, 173, 174, 175, 176, 177, 178, 179, 180, 181, 182, 183, 184, 185, 186], '3_2': [14, 15, 16, 17, 18, 19, 20, 21, 22, 23], '3_3': [101], '0_2': [24, 25, 26, 27, 28, 29, 30, 31, 32, 33, 34, 35, 36, 37, 38, 39, 40, 41, 42, 43, 44, 45, 46, 47, 48, 49, 50, 52, 53, 54, 55, 56, 57, 59, 60, 61, 62, 63, 64, 65, 66, 67, 68, 69, 70, 71, 72, 73, 74, 75, 76, 77, 78, 79, 80, 81, 82, 83, 84, 85, 86, 87, 88, 89], '0_3': [320, 523, 577], '5_2': [51, 58, 90, 91, 92, 94, 96, 97, 98, 99, 93, 95], '5_3': [187, 188, 189, 190, 191, 192, 193, 194, 195, 196, 198, 199, 200, 202, 203, 204, 205, 206, 207, 209, 211, 212, 213, 214, 215, 216, 217, 218, 219, 220, 221, 222, 223, 224, 225, 226, 227, 228, 229, 231, 232, 233, 234, 235, 236, 237, 240, 241, 242, 243, 244, 245, 246, 247, 248, 249, 250, 251, 252, 254, 255, 256, 257, 258, 259, 260, 261, 262, 263, 264, 265, 266, 267, 268, 269, 270, 271, 272, 273, 274, 275, 276, 277, 278, 280, 281, 282, 283, 284, 285, 286, 287, 288, 289, 291, 293, 294, 295, 296, 297, 298, 299, 300, 301, 302, 303, 304, 305, 306, 308, 309, 310, 312, 315, 316, 317, 318, 319, 322, 323, 324, 326, 327, 328, 329, 330, 331, 332, 334, 335, 336, 337, 338, 339, 340, 341, 342, 343, 344, 345, 346, 347, 348, 349, 350, 351, 352, 353, 356, 357, 358, 359, 361, 362, 363, 364, 365, 366, 368, 369, 370, 371, 372, 373, 374, 375, 376, 377, 378, 379, 380, 381, 382, 383, 384, 385, 386, 387, 389, 390, 391, 392, 393, 394, 395, 396, 397, 398, 399, 400, 401, 402, 403, 404, 405, 406, 407, 408, 409, 410, 411, 412, 413, 414, 415, 416, 418, 419, 420, 421, 422, 423, 424, 425, 427, 428, 429, 430, 431, 432, 433, 434, 435, 436, 437, 438, 439, 440, 441, 442, 445, 447, 449, 450, 451, 452, 453, 454, 458, 459, 460, 461, 462, 463, 464, 465, 466, 467, 468, 469, 470, 471, 472, 473, 474, 475, 476, 477, 478, 479, 480, 481, 482, 483, 485, 486, 487, 488, 489, 490, 491, 492, 493, 494, 495, 496, 497, 499, 502, 503, 504, 505, 506, 507, 509, 511, 512, 513, 514, 515, 516, 517, 518, 519, 520, 521, 522, 524, 525, 526, 527, 528, 529, 530, 531, 533, 534, 536, 538, 539, 540, 541, 542, 544, 545, 546, 547, 549, 550, 551, 552, 553, 554, 555, 556, 557, 558, 559, 560, 561, 562, 563, 564, 565, 566, 567, 568, 569, 570, 573, 574, 575, 576, 578, 579, 580, 581, 582, 583, 584, 586, 587, 588, 589, 591, 592, 593, 594, 595, 596, 597, 598, 599, 197, 201, 208, 210, 238, 239, 253, 279, 290, 307, 311, 313, 314, 321, 333, 355, 360, 367, 388, 426, 443, 444, 446, 448, 455, 456, 457, 484, 498, 500, 501, 508, 510, 532, 535, 543, 548, 571, 572, 585, 590, 230, 292, 325, 354, 417, 537]}
FP rate  0.01222 FN rate  0.17
 Before reassigning cells 
 Timepoint  2
 Cluster  4  # of cells  13
 Cluster  3  # of cells  10
 Cluster  0  # of cells  64
 Cluster  5  # of cells  10
 Timepoint  3
 Cluster  4  # of cells  86
 Cluster  3  # of cells  1
 Cluster  0  # of cells  3
 Cluster  5  # of cells  409
 Cells absent at timepoint  2   {2, 51, 58}
 Missing cell prob  {'5': 2.1286364140937822e-18, '3': 0.38983069002031173, '0': 2.1286364140937822e-18, '4': 0.38983069002031173}
 Missing cell prob  {'5': 0.00020795239768737431, '3': 5.366664174791969e-18, '0': 0.00020795239768737431, '4': 5.366664174791969e-18}
 Missing cell prob  {'5': 0.008355427644746486, '3': 2.2113603621224096e-18, '0': 0.008355427644746487, '4': 4.338038902271695e-16}
 Cells absent at timepoint  3   {251}
 Missing cell prob  {'5': 0.005899353359575664, '3': 1.9664947106533606e-21, '0': 0.005899353359575664, '4': 6.639194579355511e-20}
 Timepoint  2
 Timepoint  3
 After reassigning and merging cells 
 Timepoint  2
 Cluster  4  # of cells  13
 Cluster  3  # of cells  11
 Cluster  0  # of cells  65
 Cluster  5  # of cells  11
 Timepoint  3
 Cluster  4  # of cells  86
 Cluster  3  # of cells  1
 Cluster  0  # of cells  3
 Cluster  5  # of cells  410
 Tp cluster cell dict  {'4_2': 13, '3_2': 11, '0_2': 65, '5_2': 11, '4_3': 86, '3_3': 1, '0_3': 3, '5_3': 410}
 New Graph is here 
 ID  0  Timepoint  1  Mutations  []  Type  subclone
 ID  1  Timepoint  2  Mutations  [0, 1, 2, 3, 4]  Type  subclone
 ID  2  Timepoint  2  Mutations  [0, 1, 2, 3, 4, 16, 17, 18]  Type  subclone
 ID  3  Timepoint  2  Mutations  [5, 6, 7, 8, 9, 10, 11, 12, 13, 14, 15, 19, 20, 21]  Type  subclone
 ID  4  Timepoint  2  Mutations  [5, 6, 7, 8, 9, 10, 11, 12, 13, 14, 15, 22, 23, 24]  Type  subclone
 ID  5  Timepoint  3  Mutations  [0, 1, 2, 3, 4]  Type  subclone
 ID  6  Timepoint  3  Mutations  [0, 1, 2, 3, 4, 16, 17, 18]  Type  subclone
 ID  7  Timepoint  3  Mutations  [5, 6, 7, 8, 9, 10, 11, 12, 13, 14, 15, 19, 20, 21]  Type  subclone
 ID  8  Timepoint  3  Mutations  [5, 6, 7, 8, 9, 10, 11, 12, 13, 14, 15, 22, 23, 24]  Type  subclone
Timepoints  SortedDict({1: [0], 2: [1, 2, 3, 4], 3: [5, 6, 7, 8]})
 Clone to nodes  {'4_2': 1, '3_2': 2, '0_2': 3, '5_2': 4, '4_3': 5, '3_3': 6, '0_3': 7, '5_3': 8}
 Timepoint ====  1
 Hash table  {'0,1': [0, 1, 2, 3, 4], '1': [16, 17, 18], '2,3': [5, 6, 7, 8, 9, 10, 11, 12, 13, 14, 15], '2': [19, 20, 21], '3': [22, 23, 24]}
 Final possible usc  [[0, 1, 2, 3, 4], [16, 17, 18], [5, 6, 7, 8, 9, 10, 11, 12, 13, 14, 15], [19, 20, 21], [22, 23, 24]]
 Time  1  USC keys  {'16,17,18_0', '22,23,24_0', '0,1,2,3,4_0', '19,20,21_0', '5,6,7,8,9,10,11,12,13,14,15_0'}
 USC children  {'0,1,2,3,4_0': [1, 2], '16,17,18_0': [2], '5,6,7,8,9,10,11,12,13,14,15_0': [3, 4], '19,20,21_0': [3], '22,23,24_0': [4]}
 USC children  {'0,1,2,3,4_0': [1, 2], '16,17,18_0': [2], '5,6,7,8,9,10,11,12,13,14,15_0': [3, 4], '19,20,21_0': [3], '22,23,24_0': [4]}
 Timepoint ====  2
 Hash table  {}
====== Inside find superset of t nodes ==========
 Final possible usc  []
 Time  2  USC keys  set()
 USC children  {'0,1,2,3,4_0': [1, 2], '16,17,18_0': [2], '5,6,7,8,9,10,11,12,13,14,15_0': [3, 4], '19,20,21_0': [3], '22,23,24_0': [4]}
 USC children  {'0,1,2,3,4_0': [1, 2], '16,17,18_0': [2], '5,6,7,8,9,10,11,12,13,14,15_0': [3, 4], '19,20,21_0': [3], '22,23,24_0': [4]}
 Node s  {'1,2': ['0', '1', '2', '3', '4'], '3,4': ['5', '6', '7', '8', '9', '10', '11', '12', '13', '14', '15']}
 Enroll USC nodes  ['1', '2']  len  2
 Enroll USC nodes  ['3', '4']  len  2
 Node TP  SortedDict({1: [0], 2: [1, 2, 3, 4], 3: [5, 6, 7, 8]})
 Unobserved subclones at timepoints  {1.5: [9, 10]}
 ============== Inside finding node v ============ 
 Time  2
 Time  3
 Sorted all timepoints  [1, 1.5, 2, 3]
 Timepoint  2
 Inside usc_node check  2
 Timepoint  3
0   1   [-1]   subclone   []   []
1   2   [9]   subclone   [0, 1, 2, 3, 4]   [0]
2   2   [9]   subclone   [0, 1, 2, 3, 4, 16, 17, 18]   [3]
3   2   [10]   subclone   [5, 6, 7, 8, 9, 10, 11, 12, 13, 14, 15, 19, 20, 21]   [3]
4   2   [10]   subclone   [5, 6, 7, 8, 9, 10, 11, 12, 13, 14, 15, 22, 23, 24]   [3]
5   3   [1]   subclone   [0, 1, 2, 3, 4]   [0]
6   3   [2]   subclone   [0, 1, 2, 3, 4, 16, 17, 18]   [0]
7   3   [3]   subclone   [5, 6, 7, 8, 9, 10, 11, 12, 13, 14, 15, 19, 20, 21]   [0]
8   3   [4]   subclone   [5, 6, 7, 8, 9, 10, 11, 12, 13, 14, 15, 22, 23, 24]   [0]
9   1.5   [0]   unobserved subclone   [0, 1, 2, 3, 4]   [5]
10   1.5   [0]   unobserved subclone   [5, 6, 7, 8, 9, 10, 11, 12, 13, 14, 15]   [11]
10
 Total estimated FP  59  True negatives  5988
 Total estimated FN  1184  True positives  4769
 Estimated FP rate  0.01222
 Estimated FN rate  0.17
 No. of Cells in each cluster  {'9_2': 14, '9_3': 86, '7_2': 10, '7_3': 1, '5_2': 63, '5_3': 2, '8_2': 1, '8_3': 2, '6_2': 12, '6_3': 409}
 Cells in each cluster  {'9_2': [0, 1, 2, 3, 4, 5, 6, 7, 8, 9, 10, 11, 12, 13], '9_3': [100, 102, 103, 104, 105, 106, 107, 108, 109, 110, 111, 112, 113, 114, 115, 116, 117, 118, 119, 120, 121, 122, 123, 124, 125, 126, 127, 128, 129, 130, 131, 132, 133, 134, 135, 136, 137, 138, 139, 140, 141, 142, 143, 144, 145, 146, 147, 148, 149, 150, 151, 152, 153, 154, 155, 156, 157, 158, 159, 160, 161, 162, 163, 164, 165, 166, 167, 168, 169, 170, 171, 172, 173, 174, 175, 176, 177, 178, 179, 180, 181, 182, 183, 184, 185, 186], '7_2': [14, 15, 16, 17, 18, 19, 20, 21, 22, 23], '7_3': [101], '5_2': [24, 25, 26, 27, 28, 29, 30, 31, 32, 33, 34, 35, 36, 37, 38, 39, 40, 41, 42, 43, 44, 45, 46, 47, 48, 49, 50, 52, 53, 54, 55, 56, 57, 59, 60, 61, 62, 63, 64, 65, 66, 67, 68, 69, 70, 71, 72, 73, 74, 75, 76, 77, 78, 79, 80, 81, 82, 84, 85, 86, 87, 88, 89], '5_3': [523, 577], '8_2': [83], '8_3': [251, 320], '6_2': [58, 90, 91, 96, 97, 98, 99, 92, 93, 95, 51, 94], '6_3': [187, 188, 189, 190, 192, 193, 195, 196, 199, 202, 203, 204, 205, 206, 212, 214, 215, 216, 217, 218, 219, 222, 223, 224, 225, 226, 227, 228, 229, 231, 232, 233, 234, 235, 236, 237, 238, 240, 241, 242, 243, 244, 245, 247, 248, 249, 250, 252, 254, 256, 257, 258, 261, 263, 264, 265, 266, 267, 268, 269, 270, 272, 273, 274, 275, 276, 277, 278, 280, 281, 282, 283, 284, 285, 286, 287, 288, 289, 291, 293, 294, 295, 296, 297, 299, 300, 301, 302, 304, 305, 306, 308, 309, 312, 315, 316, 318, 319, 322, 323, 324, 326, 327, 328, 329, 330, 331, 332, 334, 335, 336, 337, 338, 339, 340, 341, 343, 344, 345, 346, 348, 349, 350, 351, 352, 353, 356, 357, 358, 359, 360, 361, 362, 363, 364, 365, 366, 368, 369, 371, 372, 373, 374, 375, 376, 377, 378, 379, 380, 381, 382, 383, 387, 389, 390, 391, 393, 395, 396, 397, 398, 399, 400, 401, 402, 404, 406, 407, 408, 409, 410, 411, 412, 413, 414, 415, 416, 418, 419, 420, 421, 422, 423, 424, 425, 427, 428, 431, 432, 433, 434, 435, 436, 437, 440, 441, 442, 445, 447, 449, 451, 452, 453, 454, 458, 459, 462, 463, 464, 465, 466, 467, 468, 469, 470, 471, 472, 473, 474, 475, 476, 477, 479, 480, 481, 482, 483, 485, 486, 488, 489, 490, 491, 492, 493, 494, 495, 498, 499, 502, 504, 505, 506, 507, 511, 512, 513, 514, 516, 517, 518, 519, 520, 521, 522, 524, 525, 526, 528, 529, 530, 531, 533, 536, 538, 539, 540, 541, 542, 544, 545, 546, 547, 549, 550, 551, 552, 554, 555, 556, 557, 559, 560, 561, 563, 564, 565, 566, 568, 569, 570, 573, 574, 575, 576, 578, 579, 580, 581, 582, 583, 584, 587, 588, 589, 591, 592, 593, 596, 597, 598, 599, 198, 220, 303, 307, 370, 405, 509, 534, 567, 594, 207, 211, 221, 246, 271, 310, 342, 384, 403, 429, 446, 586, 197, 200, 201, 208, 210, 213, 239, 253, 255, 259, 279, 290, 298, 311, 313, 314, 321, 333, 355, 367, 385, 388, 394, 426, 443, 444, 448, 455, 456, 457, 484, 496, 497, 500, 501, 503, 508, 510, 515, 532, 535, 543, 548, 562, 571, 572, 585, 590, 230, 292, 325, 354, 417, 537, 191, 194, 209, 260, 262, 317, 347, 386, 392, 430, 438, 439, 450, 460, 461, 478, 487, 527, 553, 558, 595]}
FP rate  0.01222 FN rate  0.17
 Before reassigning cells 
 Timepoint  2
 Cluster  9  # of cells  13
 Cluster  7  # of cells  10
 Cluster  5  # of cells  61
 Cluster  8  # of cells  5
 Cluster  6  # of cells  9
 Timepoint  3
 Cluster  9  # of cells  86
 Cluster  7  # of cells  1
 Cluster  8  # of cells  12
 Cluster  6  # of cells  397
 Cells absent at timepoint  2   {2, 69}
 Missing cell prob  {'8': 4.175758836641296e-16, '7': 0.38983069002031173, '5': 2.1286364140937822e-18, '6': 2.1286364140937822e-18, '9': 0.38983069002031173}
 Missing cell prob  {'8': 0.007107654650091162, '7': 9.350458001777104e-19, '5': 0.007107654650091162, '6': 0.00021052501335051767, '9': 1.8342849614449858e-16}
 Cells absent at timepoint  3   {472, 393, 449, 577}
 Missing cell prob  {'8': 0.2016354069730674, '9': 2.2692261666421402e-18, '7': 1.1567615945019764e-20, '6': 0.2016354069730674}
 Missing cell prob  {'8': 0.000424059400317733, '9': 4.772409279983784e-21, '7': 9.601121234366403e-21, '6': 0.000424059400317733}
 Missing cell prob  {'8': 0.0412988182956885, '9': 5.433056120585524e-18, '7': 1.6092428074086416e-19, '6': 0.0412988182956885}
 Missing cell prob  {'8': 0.20163540697306734, '9': 3.9054085760914745e-19, '7': 1.9908225623654656e-21, '6': 0.005972335296903826}
 Timepoint  2
SortedDict({2: {'9': ['0', '1', '3', '4', '5', '6', '7', '8', '9', '10', '11', '12', '13'], '7': ['14', '15', '16', '17', '18', '19', '20', '21', '22', '23', '2'], '5': ['24', '25', '26', '27', '28', '29', '30', '31', '32', '33', '34', '35', '36', '37', '38', '39', '40', '41', '42', '43', '44', '45', '46', '47', '48', '49', '50', '52', '53', '54', '55', '56', '57', '59', '60', '61', '62', '63', '64', '65', '66', '67', '68', '70', '71', '72', '73', '74', '75', '76', '77', '78', '79', '80', '81', '82', '84', '85', '86', '88', '89'], '8': ['51', '58', '83', '87', '98', '69'], '6': ['90', '91', '92', '93', '94', '95', '96', '97', '99']}, 3: {'9': ['100', '102', '103', '104', '105', '106', '107', '108', '109', '110', '111', '112', '113', '114', '115', '116', '117', '118', '119', '120', '121', '122', '123', '124', '125', '126', '127', '128', '129', '130', '131', '132', '133', '134', '135', '136', '137', '138', '139', '140', '141', '142', '143', '144', '145', '146', '147', '148', '149', '150', '151', '152', '153', '154', '155', '156', '157', '158', '159', '160', '161', '162', '163', '164', '165', '166', '167', '168', '169', '170', '171', '172', '173', '174', '175', '176', '177', '178', '179', '180', '181', '182', '183', '184', '185', '186'], '7': ['101'], '8': ['191', '226', '251', '259', '277', '283', '320', '338', '439', '466', '479', '523', '472', '393', '449', '577'], '6': ['187', '188', '189', '190', '192', '193', '194', '195', '196', '197', '198', '199', '200', '201', '202', '203', '204', '205', '206', '207', '208', '209', '210', '211', '212', '213', '214', '215', '216', '217', '218', '219', '220', '221', '222', '223', '224', '225', '227', '228', '229', '230', '231', '232', '233', '234', '235', '236', '237', '238', '239', '240', '241', '242', '243', '244', '245', '246', '247', '248', '249', '250', '252', '253', '254', '255', '256', '257', '258', '260', '261', '262', '263', '264', '265', '266', '267', '268', '269', '270', '271', '272', '273', '274', '275', '276', '278', '279', '280', '281', '282', '284', '285', '286', '287', '288', '289', '290', '291', '292', '293', '294', '295', '296', '297', '298', '299', '300', '301', '302', '303', '304', '305', '306', '307', '308', '309', '310', '311', '312', '313', '314', '315', '316', '317', '318', '319', '321', '322', '323', '324', '325', '326', '327', '328', '329', '330', '331', '332', '333', '334', '335', '336', '337', '339', '340', '341', '342', '343', '344', '345', '346', '347', '348', '349', '350', '351', '352', '353', '354', '355', '356', '357', '358', '359', '360', '361', '362', '363', '364', '365', '366', '367', '368', '369', '370', '371', '372', '373', '374', '375', '376', '377', '378', '379', '380', '381', '382', '383', '384', '385', '386', '387', '388', '389', '390', '391', '392', '394', '395', '396', '397', '398', '399', '400', '401', '402', '403', '404', '405', '406', '407', '408', '409', '410', '411', '412', '413', '414', '415', '416', '417', '418', '419', '420', '421', '422', '423', '424', '425', '426', '427', '428', '429', '430', '431', '432', '433', '434', '435', '436', '437', '438', '440', '441', '442', '443', '444', '445', '446', '447', '448', '450', '451', '452', '453', '454', '455', '456', '457', '458', '459', '460', '461', '462', '463', '464', '465', '467', '468', '469', '470', '471', '473', '474', '475', '476', '477', '478', '480', '481', '482', '483', '484', '485', '486', '487', '488', '489', '490', '491', '492', '493', '494', '495', '496', '497', '498', '499', '500', '501', '502', '503', '504', '505', '506', '507', '508', '509', '510', '511', '512', '513', '514', '515', '516', '517', '518', '519', '520', '521', '522', '524', '525', '526', '527', '528', '529', '530', '531', '532', '533', '534', '535', '536', '537', '538', '539', '540', '541', '542', '543', '544', '545', '546', '547', '548', '549', '550', '551', '552', '553', '554', '555', '556', '557', '558', '559', '560', '561', '562', '563', '564', '565', '566', '567', '568', '569', '570', '571', '572', '573', '574', '575', '576', '578', '579', '580', '581', '582', '583', '584', '585', '586', '587', '588', '589', '590', '591', '592', '593', '594', '595', '596', '597', '598', '599']}})
 Cluster1  8
 Cluster to drop  6
 Timepoint  3
SortedDict({2: {'9': ['0', '1', '3', '4', '5', '6', '7', '8', '9', '10', '11', '12', '13'], '7': ['14', '15', '16', '17', '18', '19', '20', '21', '22', '23', '2'], '5': ['24', '25', '26', '27', '28', '29', '30', '31', '32', '33', '34', '35', '36', '37', '38', '39', '40', '41', '42', '43', '44', '45', '46', '47', '48', '49', '50', '52', '53', '54', '55', '56', '57', '59', '60', '61', '62', '63', '64', '65', '66', '67', '68', '70', '71', '72', '73', '74', '75', '76', '77', '78', '79', '80', '81', '82', '84', '85', '86', '88', '89'], '8': ['51', '58', '83', '87', '98', '69', '90', '91', '92', '93', '94', '95', '96', '97', '99']}, 3: {'9': ['100', '102', '103', '104', '105', '106', '107', '108', '109', '110', '111', '112', '113', '114', '115', '116', '117', '118', '119', '120', '121', '122', '123', '124', '125', '126', '127', '128', '129', '130', '131', '132', '133', '134', '135', '136', '137', '138', '139', '140', '141', '142', '143', '144', '145', '146', '147', '148', '149', '150', '151', '152', '153', '154', '155', '156', '157', '158', '159', '160', '161', '162', '163', '164', '165', '166', '167', '168', '169', '170', '171', '172', '173', '174', '175', '176', '177', '178', '179', '180', '181', '182', '183', '184', '185', '186'], '7': ['101'], '8': ['191', '226', '251', '259', '277', '283', '320', '338', '439', '466', '479', '523', '472', '393', '449', '577'], '6': ['187', '188', '189', '190', '192', '193', '194', '195', '196', '197', '198', '199', '200', '201', '202', '203', '204', '205', '206', '207', '208', '209', '210', '211', '212', '213', '214', '215', '216', '217', '218', '219', '220', '221', '222', '223', '224', '225', '227', '228', '229', '230', '231', '232', '233', '234', '235', '236', '237', '238', '239', '240', '241', '242', '243', '244', '245', '246', '247', '248', '249', '250', '252', '253', '254', '255', '256', '257', '258', '260', '261', '262', '263', '264', '265', '266', '267', '268', '269', '270', '271', '272', '273', '274', '275', '276', '278', '279', '280', '281', '282', '284', '285', '286', '287', '288', '289', '290', '291', '292', '293', '294', '295', '296', '297', '298', '299', '300', '301', '302', '303', '304', '305', '306', '307', '308', '309', '310', '311', '312', '313', '314', '315', '316', '317', '318', '319', '321', '322', '323', '324', '325', '326', '327', '328', '329', '330', '331', '332', '333', '334', '335', '336', '337', '339', '340', '341', '342', '343', '344', '345', '346', '347', '348', '349', '350', '351', '352', '353', '354', '355', '356', '357', '358', '359', '360', '361', '362', '363', '364', '365', '366', '367', '368', '369', '370', '371', '372', '373', '374', '375', '376', '377', '378', '379', '380', '381', '382', '383', '384', '385', '386', '387', '388', '389', '390', '391', '392', '394', '395', '396', '397', '398', '399', '400', '401', '402', '403', '404', '405', '406', '407', '408', '409', '410', '411', '412', '413', '414', '415', '416', '417', '418', '419', '420', '421', '422', '423', '424', '425', '426', '427', '428', '429', '430', '431', '432', '433', '434', '435', '436', '437', '438', '440', '441', '442', '443', '444', '445', '446', '447', '448', '450', '451', '452', '453', '454', '455', '456', '457', '458', '459', '460', '461', '462', '463', '464', '465', '467', '468', '469', '470', '471', '473', '474', '475', '476', '477', '478', '480', '481', '482', '483', '484', '485', '486', '487', '488', '489', '490', '491', '492', '493', '494', '495', '496', '497', '498', '499', '500', '501', '502', '503', '504', '505', '506', '507', '508', '509', '510', '511', '512', '513', '514', '515', '516', '517', '518', '519', '520', '521', '522', '524', '525', '526', '527', '528', '529', '530', '531', '532', '533', '534', '535', '536', '537', '538', '539', '540', '541', '542', '543', '544', '545', '546', '547', '548', '549', '550', '551', '552', '553', '554', '555', '556', '557', '558', '559', '560', '561', '562', '563', '564', '565', '566', '567', '568', '569', '570', '571', '572', '573', '574', '575', '576', '578', '579', '580', '581', '582', '583', '584', '585', '586', '587', '588', '589', '590', '591', '592', '593', '594', '595', '596', '597', '598', '599']}})
 Cluster1  8
 Cluster to drop  6
 After reassigning and merging cells 
 Timepoint  2
 Cluster  9  # of cells  13
 Cluster  7  # of cells  11
 Cluster  5  # of cells  61
 Cluster  8  # of cells  15
 Timepoint  3
 Cluster  9  # of cells  86
 Cluster  7  # of cells  1
 Cluster  8  # of cells  413
 Tp cluster cell dict  {'9_2': 13, '7_2': 11, '5_2': 61, '8_2': 15, '9_3': 86, '7_3': 1, '8_3': 413}
 New Graph is here 
 ID  0  Timepoint  1  Mutations  []  Type  subclone
 ID  1  Timepoint  2  Mutations  [0, 1, 2, 3, 4]  Type  subclone
 ID  2  Timepoint  2  Mutations  [0, 1, 2, 3, 4, 16, 17, 18]  Type  subclone
 ID  3  Timepoint  2  Mutations  [5, 6, 7, 8, 9, 10, 11, 12, 13, 14, 15, 19, 20, 21]  Type  subclone
 ID  4  Timepoint  2  Mutations  [5, 6, 7, 8, 9, 10, 11, 12, 13, 14, 15, 22, 23, 24]  Type  subclone
 ID  5  Timepoint  3  Mutations  [0, 1, 2, 3, 4]  Type  subclone
 ID  6  Timepoint  3  Mutations  [0, 1, 2, 3, 4, 16, 17, 18]  Type  subclone
 ID  7  Timepoint  3  Mutations  [5, 6, 7, 8, 9, 10, 11, 12, 13, 14, 15, 22, 23, 24]  Type  subclone
Timepoints  SortedDict({1: [0], 2: [1, 2, 3, 4], 3: [5, 6, 7]})
 Clone to nodes  {'9_2': 1, '7_2': 2, '5_2': 3, '8_2': 4, '9_3': 5, '7_3': 6, '8_3': 7}
 Timepoint ====  1
 Hash table  {'0,1': [0, 1, 2, 3, 4], '1': [16, 17, 18], '2,3': [5, 6, 7, 8, 9, 10, 11, 12, 13, 14, 15], '2': [19, 20, 21], '3': [22, 23, 24]}
 Final possible usc  [[0, 1, 2, 3, 4], [16, 17, 18], [5, 6, 7, 8, 9, 10, 11, 12, 13, 14, 15], [19, 20, 21], [22, 23, 24]]
 Time  1  USC keys  {'0,1,2,3,4_0', '22,23,24_0', '5,6,7,8,9,10,11,12,13,14,15_0', '19,20,21_0', '16,17,18_0'}
 USC children  {'0,1,2,3,4_0': [1, 2], '16,17,18_0': [2], '5,6,7,8,9,10,11,12,13,14,15_0': [3, 4], '19,20,21_0': [3], '22,23,24_0': [4]}
 USC children  {'0,1,2,3,4_0': [1, 2], '16,17,18_0': [2], '5,6,7,8,9,10,11,12,13,14,15_0': [3, 4], '19,20,21_0': [3], '22,23,24_0': [4]}
 Timepoint ====  2
 Hash table  {}
====== Inside find superset of t nodes ==========
 Final possible usc  []
 Time  2  USC keys  set()
 USC children  {'0,1,2,3,4_0': [1, 2], '16,17,18_0': [2], '5,6,7,8,9,10,11,12,13,14,15_0': [3, 4], '19,20,21_0': [3], '22,23,24_0': [4]}
 USC children  {'0,1,2,3,4_0': [1, 2], '16,17,18_0': [2], '5,6,7,8,9,10,11,12,13,14,15_0': [3, 4], '19,20,21_0': [3], '22,23,24_0': [4]}
 Node s  {'1,2': ['0', '1', '2', '3', '4'], '3,4': ['5', '6', '7', '8', '9', '10', '11', '12', '13', '14', '15']}
 Enroll USC nodes  ['1', '2']  len  2
 Enroll USC nodes  ['3', '4']  len  2
 Node TP  SortedDict({1: [0], 2: [1, 2, 3, 4], 3: [5, 6, 7]})
 Unobserved subclones at timepoints  {1.5: [8, 9]}
 ============== Inside finding node v ============ 
 Time  2
 Time  3
 Sorted all timepoints  [1, 1.5, 2, 3]
 Timepoint  2
 Inside usc_node check  2
 Timepoint  3
0   1   [-1]   subclone   []   []
1   2   [8]   subclone   [0, 1, 2, 3, 4]   [0]
2   2   [8]   subclone   [0, 1, 2, 3, 4, 16, 17, 18]   [3]
3   2   [9]   subclone   [5, 6, 7, 8, 9, 10, 11, 12, 13, 14, 15, 19, 20, 21]   [3]
4   2   [9]   subclone   [5, 6, 7, 8, 9, 10, 11, 12, 13, 14, 15, 22, 23, 24]   [3]
5   3   [1]   subclone   [0, 1, 2, 3, 4]   [0]
6   3   [2]   subclone   [0, 1, 2, 3, 4, 16, 17, 18]   [0]
7   3   [4]   subclone   [5, 6, 7, 8, 9, 10, 11, 12, 13, 14, 15, 22, 23, 24]   [0]
8   1.5   [0]   unobserved subclone   [0, 1, 2, 3, 4]   [5]
9   1.5   [0]   unobserved subclone   [5, 6, 7, 8, 9, 10, 11, 12, 13, 14, 15]   [11]
10
 Total estimated FP  60  True negatives  5985
 Total estimated FN  1187  True positives  4768
 Estimated FP rate  0.01243
 Estimated FN rate  0.17
 No. of Cells in each cluster  {'9_2': 14, '9_3': 86, '7_2': 10, '7_3': 1, '5_2': 63, '5_3': 2, '6_3': 3, '4_2': 13, '4_3': 408}
 Cells in each cluster  {'9_2': [0, 1, 2, 3, 4, 5, 6, 7, 8, 9, 10, 11, 12, 13], '9_3': [100, 102, 103, 104, 105, 106, 107, 108, 109, 110, 111, 112, 113, 114, 115, 116, 117, 118, 119, 120, 121, 122, 123, 124, 125, 126, 127, 128, 129, 130, 131, 132, 133, 134, 135, 136, 137, 138, 139, 140, 141, 142, 143, 144, 145, 146, 147, 148, 149, 150, 151, 152, 153, 154, 155, 156, 157, 158, 159, 160, 161, 162, 163, 164, 165, 166, 167, 168, 169, 170, 171, 172, 173, 174, 175, 176, 177, 178, 179, 180, 181, 182, 183, 184, 185, 186], '7_2': [14, 15, 16, 17, 18, 19, 20, 21, 22, 23], '7_3': [101], '5_2': [24, 25, 26, 27, 28, 29, 30, 31, 32, 33, 34, 35, 36, 37, 38, 39, 40, 41, 42, 43, 44, 45, 46, 47, 48, 49, 50, 52, 53, 54, 55, 56, 57, 59, 60, 61, 62, 63, 64, 65, 66, 67, 68, 69, 70, 71, 72, 73, 74, 75, 76, 77, 78, 79, 80, 81, 82, 84, 85, 86, 87, 88, 89], '5_3': [523, 577], '6_3': [267, 325, 362], '4_2': [58, 83, 51, 90, 91, 94, 97, 98, 99, 93, 95, 96, 92], '4_3': [251, 320, 188, 189, 190, 191, 192, 193, 194, 195, 198, 199, 202, 203, 204, 205, 212, 214, 215, 216, 217, 218, 219, 220, 223, 224, 225, 226, 227, 228, 229, 231, 232, 233, 234, 235, 236, 237, 240, 241, 243, 244, 248, 249, 250, 252, 254, 256, 257, 258, 260, 261, 262, 263, 265, 266, 268, 269, 270, 272, 273, 274, 276, 277, 278, 280, 281, 282, 283, 284, 285, 287, 288, 289, 291, 293, 295, 299, 300, 301, 303, 304, 305, 306, 309, 312, 315, 316, 318, 319, 322, 323, 324, 326, 327, 328, 329, 330, 332, 334, 336, 337, 340, 341, 342, 343, 344, 345, 346, 347, 348, 349, 352, 353, 356, 358, 361, 364, 365, 368, 369, 370, 371, 372, 373, 375, 376, 377, 378, 379, 381, 382, 383, 386, 387, 389, 390, 391, 392, 393, 395, 396, 397, 398, 399, 400, 401, 402, 404, 405, 406, 407, 408, 410, 411, 412, 413, 415, 416, 418, 419, 420, 422, 423, 424, 425, 427, 428, 430, 433, 434, 435, 436, 437, 438, 439, 440, 441, 442, 445, 447, 449, 450, 451, 452, 453, 454, 458, 459, 461, 462, 463, 464, 465, 466, 467, 469, 470, 471, 472, 476, 477, 480, 481, 482, 483, 486, 487, 488, 489, 490, 491, 492, 493, 494, 495, 499, 501, 502, 504, 506, 507, 509, 511, 512, 513, 514, 517, 518, 519, 520, 522, 524, 526, 528, 529, 531, 533, 534, 536, 539, 541, 542, 544, 545, 546, 547, 549, 550, 551, 552, 553, 554, 557, 558, 559, 560, 561, 563, 564, 566, 567, 568, 569, 570, 573, 574, 575, 576, 578, 579, 580, 581, 582, 584, 587, 588, 589, 591, 592, 593, 594, 595, 597, 599, 187, 196, 197, 200, 201, 206, 208, 210, 213, 222, 238, 239, 242, 245, 247, 253, 255, 259, 264, 275, 279, 286, 290, 294, 296, 297, 298, 302, 307, 308, 311, 313, 314, 321, 333, 335, 338, 339, 350, 351, 355, 357, 359, 360, 367, 380, 385, 388, 394, 409, 414, 421, 426, 431, 432, 443, 444, 448, 455, 456, 457, 460, 468, 473, 474, 475, 479, 484, 485, 496, 497, 498, 500, 503, 505, 508, 510, 515, 516, 525, 530, 532, 535, 538, 540, 543, 548, 555, 556, 562, 565, 571, 572, 583, 585, 590, 596, 598, 207, 211, 221, 246, 271, 310, 317, 363, 374, 384, 403, 429, 446, 521, 586, 209, 331, 366, 478, 527, 230, 292, 354, 417, 537]}
FP rate  0.01243 FN rate  0.17
 Before reassigning cells 
 Timepoint  2
 Cluster  9  # of cells  13
 Cluster  7  # of cells  10
 Cluster  5  # of cells  64
 Cluster  4  # of cells  10
 Timepoint  3
 Cluster  9  # of cells  86
 Cluster  7  # of cells  1
 Cluster  5  # of cells  3
 Cluster  6  # of cells  31
 Cluster  4  # of cells  359
 Cells absent at timepoint  3   {384, 393, 394, 403, 533, 538, 540, 318, 319, 324, 580, 328, 458, 347, 475, 234, 362, 370, 251, 511}
 Missing cell prob  {'7': 2.4168939026593145e-18, '4': 0.0014174057974775402, '6': 0.0014174057974775402, '5': 9.419814332387039e-09, '9': 4.738211995209696e-16}
 Missing cell prob  {'7': 1.0996242675418998e-20, '4': 0.0004306137548604095, '6': 0.0004306137548604095, '5': 1.2759979117017414e-05, '9': 5.557446447852001e-21}
 Missing cell prob  {'7': 2.7303734398296886e-23, '4': 0.004767377698366415, '6': 0.004767377698366415, '5': 8.167737422483191e-11, '9': 5.352774554881485e-21}
 Missing cell prob  {'7': 4.858237149296274e-16, '4': 0.0002501724376229097, '6': 0.0002501724376229097, '5': 1.6625993188981775e-09, '9': 9.524355831689883e-14}
 Missing cell prob  {'7': 1.4040305361466235e-17, '4': 0.0002439918036910618, '6': 0.0002439918036910618, '5': 9.419814332387039e-09, '9': 4.738211995209697e-16}
 Missing cell prob  {'7': 1.6061020234292289e-22, '4': 0.0048273820573391385, '6': 0.0048273820573391385, '5': 3.2081879989877636e-08, '9': 9.330224560458843e-22}
 Missing cell prob  {'7': 5.043999613911817e-16, '4': 0.050920504299391336, '6': 0.050920504299391336, '5': 5.0679680743501616e-09, '9': 1.702209379296165e-14}
 Missing cell prob  {'7': 4.700056550634862e-24, '4': 0.004767377698366414, '6': 0.004767377698366414, '5': 3.168310222160345e-08, '9': 9.21424986917234e-22}
 Missing cell prob  {'7': 1.4780821643602369e-25, '4': 0.019808475225291156, '6': 0.019808475225291156, '5': 3.3936984777895956e-10, '9': 4.9881156148485725e-24}
 Missing cell prob  {'7': 1.1891248305392084e-23, '4': 0.023865632801555597, '6': 0.023865632801555597, '5': 4.088793346734452e-10, '9': 6.907905934680034e-23}
 Missing cell prob  {'7': 2.0215122119166554e-24, '4': 0.023568982985832265, '6': 0.023568982985832265, '5': 4.037969645434542e-10, '9': 6.822040663911963e-23}
 Missing cell prob  {'7': 2.224247101715424e-21, '4': 0.03378722677793348, '6': 0.03378722677793348, '5': 2.2454360185402868e-07, '9': 7.50621444928306e-20}
 Missing cell prob  {'7': 2.7995373972804683e-23, '4': 0.16496116603343988, '6': 0.16496116603343988, '5': 1.8871694111692724e-07, '9': 9.447658961348405e-22}
 Missing cell prob  {'7': 7.206662267211007e-17, '4': 0.0036769082412747484, '6': 0.0036769082412747484, '5': 2.443604577579042e-08, '9': 1.4128337848158164e-14}
 Missing cell prob  {'7': 1.811940849306701e-19, '4': 0.007095575059007032, '6': 0.007095575059007032, '5': 4.1024919735555484e-09, '9': 3.552228692103099e-17}
 Missing cell prob  {'7': 1.723516996671825e-19, '4': 0.00019999595802408098, '6': 0.00019999595802408098, '5': 1.3291358022998112e-09, '9': 5.816389812995785e-18}
 Missing cell prob  {'7': 1.0119749515544955e-23, '4': 0.00176696225687255, '6': 0.00176696225687255, '5': 1.1742901307230428e-08, '9': 8.80403512340889e-25}
 Missing cell prob  {'7': 4.759213575376797e-24, '4': 0.004827382057339139, '6': 0.004827382057339139, '5': 1.0826740920757411e-06, '9': 9.330224560458844e-22}
 Missing cell prob  {'7': 2.2522424756882296e-21, '4': 0.005889327298975834, '6': 1.3208447167884042e-06, '5': 0.005889327298975834, '9': 7.600691038896543e-20}
 Missing cell prob  {'7': 9.566571444402321e-22, '4': 0.028753774459705547, '6': 0.028753774459705547, '5': 4.926257044258374e-10, '9': 5.557446447852e-21}
 Cells absent at timepoint  2   {2, 51, 58}
 Missing cell prob  {'9': 0.388506766997428, '5': 2.2773205146986598e-18, '7': 0.388506766997428, '4': 2.27732051469866e-18}
 Missing cell prob  {'9': 6.03878877657527e-18, '5': 0.00020764312322701505, '7': 6.03878877657527e-18, '4': 0.000207643123227015}
 Missing cell prob  {'9': 4.797849261530521e-16, '5': 0.008337681161632589, '7': 2.447314015876663e-18, '4': 0.00833768116163259}
 Timepoint  2
 Timepoint  3
SortedDict({2: {'9': ['0', '1', '3', '4', '5', '6', '7', '8', '9', '10', '11', '12', '13', '2'], '7': ['14', '15', '16', '17', '18', '19', '20', '21', '22', '23'], '5': ['24', '25', '26', '27', '28', '29', '30', '31', '32', '33', '34', '35', '36', '37', '38', '39', '40', '41', '42', '43', '44', '45', '46', '47', '48', '49', '50', '52', '53', '54', '55', '56', '57', '59', '60', '61', '62', '63', '64', '65', '66', '67', '68', '69', '70', '71', '72', '73', '74', '75', '76', '77', '78', '79', '80', '81', '82', '83', '84', '85', '86', '87', '88', '89', '51'], '4': ['90', '91', '92', '93', '94', '95', '96', '97', '98', '99', '58']}, 3: {'9': ['100', '102', '103', '104', '105', '106', '107', '108', '109', '110', '111', '112', '113', '114', '115', '116', '117', '118', '119', '120', '121', '122', '123', '124', '125', '126', '127', '128', '129', '130', '131', '132', '133', '134', '135', '136', '137', '138', '139', '140', '141', '142', '143', '144', '145', '146', '147', '148', '149', '150', '151', '152', '153', '154', '155', '156', '157', '158', '159', '160', '161', '162', '163', '164', '165', '166', '167', '168', '169', '170', '171', '172', '173', '174', '175', '176', '177', '178', '179', '180', '181', '182', '183', '184', '185', '186'], '7': ['101'], '5': ['320', '523', '577'], '6': ['215', '217', '241', '254', '286', '293', '303', '310', '315', '321', '325', '326', '335', '355', '358', '366', '376', '421', '422', '446', '450', '460', '488', '492', '497', '522', '536', '551', '555', '556', '590'], '4': ['187', '188', '189', '190', '191', '192', '193', '194', '195', '196', '197', '198', '199', '200', '201', '202', '203', '204', '205', '206', '207', '208', '209', '210', '211', '212', '213', '214', '216', '218', '219', '220', '221', '222', '223', '224', '225', '226', '227', '228', '229', '230', '231', '232', '233', '235', '236', '237', '238', '239', '240', '242', '243', '244', '245', '246', '247', '248', '249', '250', '252', '253', '255', '256', '257', '258', '259', '260', '261', '262', '263', '264', '265', '266', '267', '268', '269', '270', '271', '272', '273', '274', '275', '276', '277', '278', '279', '280', '281', '282', '283', '284', '285', '287', '288', '289', '290', '291', '292', '294', '295', '296', '297', '298', '299', '300', '301', '302', '304', '305', '306', '307', '308', '309', '311', '312', '313', '314', '316', '317', '322', '323', '327', '329', '330', '331', '332', '333', '334', '336', '337', '338', '339', '340', '341', '342', '343', '344', '345', '346', '348', '349', '350', '351', '352', '353', '354', '356', '357', '359', '360', '361', '363', '364', '365', '367', '368', '369', '371', '372', '373', '374', '375', '377', '378', '379', '380', '381', '382', '383', '385', '386', '387', '388', '389', '390', '391', '392', '395', '396', '397', '398', '399', '400', '401', '402', '404', '405', '406', '407', '408', '409', '410', '411', '412', '413', '414', '415', '416', '417', '418', '419', '420', '423', '424', '425', '426', '427', '428', '429', '430', '431', '432', '433', '434', '435', '436', '437', '438', '439', '440', '441', '442', '443', '444', '445', '447', '448', '449', '451', '452', '453', '454', '455', '456', '457', '459', '461', '462', '463', '464', '465', '466', '467', '468', '469', '470', '471', '472', '473', '474', '476', '477', '478', '479', '480', '481', '482', '483', '484', '485', '486', '487', '489', '490', '491', '493', '494', '495', '496', '498', '499', '500', '501', '502', '503', '504', '505', '506', '507', '508', '509', '510', '512', '513', '514', '515', '516', '517', '518', '519', '520', '521', '524', '525', '526', '527', '528', '529', '530', '531', '532', '534', '535', '537', '539', '541', '542', '543', '544', '545', '546', '547', '548', '549', '550', '552', '553', '554', '557', '558', '559', '560', '561', '562', '563', '564', '565', '566', '567', '568', '569', '570', '571', '572', '573', '574', '575', '576', '578', '579', '581', '582', '583', '584', '585', '586', '587', '588', '589', '591', '592', '593', '594', '595', '596', '597', '598', '599', '384', '393', '394', '403', '533', '538', '540', '318', '319', '324', '580', '328', '458', '347', '475', '234', '362', '370', '251', '511']}})
 Cluster1  6
 Cluster to drop  4
 After reassigning and merging cells 
 Timepoint  2
 Cluster  9  # of cells  14
 Cluster  7  # of cells  10
 Cluster  5  # of cells  65
 Cluster  4  # of cells  11
 Timepoint  3
 Cluster  9  # of cells  86
 Cluster  7  # of cells  1
 Cluster  5  # of cells  3
 Cluster  6  # of cells  410
 Tp cluster cell dict  {'9_2': 14, '7_2': 10, '5_2': 65, '4_2': 11, '9_3': 86, '7_3': 1, '5_3': 3, '6_3': 410}
 New Graph is here 
 ID  0  Timepoint  1  Mutations  []  Type  subclone
 ID  1  Timepoint  2  Mutations  [0, 1, 2, 3, 4]  Type  subclone
 ID  2  Timepoint  2  Mutations  [0, 1, 2, 3, 4, 16, 17, 18]  Type  subclone
 ID  3  Timepoint  2  Mutations  [5, 6, 7, 8, 9, 10, 11, 12, 13, 14, 15, 19, 20, 21]  Type  subclone
 ID  4  Timepoint  2  Mutations  [5, 6, 7, 8, 9, 10, 11, 12, 13, 14, 15, 22, 23, 24]  Type  subclone
 ID  5  Timepoint  3  Mutations  [0, 1, 2, 3, 4]  Type  subclone
 ID  6  Timepoint  3  Mutations  [0, 1, 2, 3, 4, 16, 17, 18]  Type  subclone
 ID  7  Timepoint  3  Mutations  [5, 6, 7, 8, 9, 10, 11, 12, 13, 14, 15, 19, 20, 21]  Type  subclone
 ID  8  Timepoint  3  Mutations  [5, 6, 7, 8, 9, 10, 11, 12, 13, 14, 15, 22, 23, 24]  Type  subclone
Timepoints  SortedDict({1: [0], 2: [1, 2, 3, 4], 3: [5, 6, 7, 8]})
 Clone to nodes  {'9_2': 1, '7_2': 2, '5_2': 3, '4_2': 4, '9_3': 5, '7_3': 6, '5_3': 7, '6_3': 8}
 Timepoint ====  1
 Hash table  {'0,1': [0, 1, 2, 3, 4], '1': [16, 17, 18], '2,3': [5, 6, 7, 8, 9, 10, 11, 12, 13, 14, 15], '2': [19, 20, 21], '3': [22, 23, 24]}
 Final possible usc  [[0, 1, 2, 3, 4], [16, 17, 18], [5, 6, 7, 8, 9, 10, 11, 12, 13, 14, 15], [19, 20, 21], [22, 23, 24]]
 Time  1  USC keys  {'19,20,21_0', '5,6,7,8,9,10,11,12,13,14,15_0', '22,23,24_0', '0,1,2,3,4_0', '16,17,18_0'}
 USC children  {'0,1,2,3,4_0': [1, 2], '16,17,18_0': [2], '5,6,7,8,9,10,11,12,13,14,15_0': [3, 4], '19,20,21_0': [3], '22,23,24_0': [4]}
 USC children  {'0,1,2,3,4_0': [1, 2], '16,17,18_0': [2], '5,6,7,8,9,10,11,12,13,14,15_0': [3, 4], '19,20,21_0': [3], '22,23,24_0': [4]}
 Timepoint ====  2
 Hash table  {}
====== Inside find superset of t nodes ==========
 Final possible usc  []
 Time  2  USC keys  set()
 USC children  {'0,1,2,3,4_0': [1, 2], '16,17,18_0': [2], '5,6,7,8,9,10,11,12,13,14,15_0': [3, 4], '19,20,21_0': [3], '22,23,24_0': [4]}
 USC children  {'0,1,2,3,4_0': [1, 2], '16,17,18_0': [2], '5,6,7,8,9,10,11,12,13,14,15_0': [3, 4], '19,20,21_0': [3], '22,23,24_0': [4]}
 Node s  {'1,2': ['0', '1', '2', '3', '4'], '3,4': ['5', '6', '7', '8', '9', '10', '11', '12', '13', '14', '15']}
 Enroll USC nodes  ['1', '2']  len  2
 Enroll USC nodes  ['3', '4']  len  2
 Node TP  SortedDict({1: [0], 2: [1, 2, 3, 4], 3: [5, 6, 7, 8]})
 Unobserved subclones at timepoints  {1.5: [9, 10]}
 ============== Inside finding node v ============ 
 Time  2
 Time  3
 Sorted all timepoints  [1, 1.5, 2, 3]
 Timepoint  2
 Inside usc_node check  2
 Timepoint  3
0   1   [-1]   subclone   []   []
1   2   [9]   subclone   [0, 1, 2, 3, 4]   [0]
2   2   [9]   subclone   [0, 1, 2, 3, 4, 16, 17, 18]   [3]
3   2   [10]   subclone   [5, 6, 7, 8, 9, 10, 11, 12, 13, 14, 15, 19, 20, 21]   [3]
4   2   [10]   subclone   [5, 6, 7, 8, 9, 10, 11, 12, 13, 14, 15, 22, 23, 24]   [3]
5   3   [1]   subclone   [0, 1, 2, 3, 4]   [0]
6   3   [2]   subclone   [0, 1, 2, 3, 4, 16, 17, 18]   [0]
7   3   [3]   subclone   [5, 6, 7, 8, 9, 10, 11, 12, 13, 14, 15, 19, 20, 21]   [0]
8   3   [4]   subclone   [5, 6, 7, 8, 9, 10, 11, 12, 13, 14, 15, 22, 23, 24]   [0]
9   1.5   [0]   unobserved subclone   [0, 1, 2, 3, 4]   [5]
10   1.5   [0]   unobserved subclone   [5, 6, 7, 8, 9, 10, 11, 12, 13, 14, 15]   [11]
9
 Total estimated FP  56  True negatives  5984
 Total estimated FN  1188  True positives  4772
 Estimated FP rate  0.0116
 Estimated FN rate  0.17
 No. of Cells in each cluster  {'4_2': 14, '4_3': 86, '7_2': 10, '7_3': 1, '3_2': 63, '3_3': 2, '5_3': 3, '6_2': 13, '6_3': 408}
 Cells in each cluster  {'4_2': [0, 1, 2, 3, 4, 5, 6, 7, 8, 9, 10, 11, 12, 13], '4_3': [100, 102, 103, 104, 105, 106, 107, 108, 109, 110, 111, 112, 113, 114, 115, 116, 117, 118, 119, 120, 121, 122, 123, 124, 125, 126, 127, 128, 129, 130, 131, 132, 133, 134, 135, 136, 137, 138, 139, 140, 141, 142, 143, 144, 145, 146, 147, 148, 149, 150, 151, 152, 153, 154, 155, 156, 157, 158, 159, 160, 161, 162, 163, 164, 165, 166, 167, 168, 169, 170, 171, 172, 173, 174, 175, 176, 177, 178, 179, 180, 181, 182, 183, 184, 185, 186], '7_2': [14, 15, 16, 17, 18, 19, 20, 21, 22, 23], '7_3': [101], '3_2': [24, 25, 26, 27, 28, 29, 30, 31, 32, 33, 34, 35, 36, 37, 38, 39, 40, 41, 42, 43, 44, 45, 46, 47, 48, 49, 50, 52, 53, 54, 55, 56, 57, 59, 60, 61, 62, 63, 64, 65, 66, 67, 68, 69, 70, 71, 72, 73, 74, 75, 76, 77, 78, 79, 80, 81, 82, 84, 85, 86, 87, 88, 89], '3_3': [523, 577], '5_3': [267, 325, 362], '6_2': [92, 51, 58, 90, 91, 94, 96, 97, 98, 99, 93, 95, 83], '6_3': [198, 207, 211, 221, 246, 271, 342, 384, 403, 429, 446, 534, 586, 230, 292, 354, 417, 537, 187, 188, 189, 190, 191, 192, 193, 194, 195, 196, 199, 202, 203, 204, 205, 206, 209, 212, 213, 214, 215, 216, 217, 218, 219, 220, 222, 223, 224, 225, 226, 227, 228, 229, 231, 232, 233, 235, 236, 237, 238, 240, 241, 243, 244, 247, 248, 249, 250, 252, 254, 256, 257, 258, 260, 261, 262, 263, 264, 265, 266, 268, 269, 270, 272, 273, 274, 276, 277, 278, 280, 281, 282, 283, 284, 285, 286, 287, 288, 289, 291, 293, 294, 295, 297, 299, 301, 302, 303, 304, 305, 306, 308, 309, 310, 312, 315, 316, 317, 318, 319, 322, 323, 324, 326, 327, 328, 329, 330, 332, 334, 335, 336, 337, 339, 340, 341, 343, 344, 345, 346, 347, 348, 349, 350, 351, 352, 353, 356, 357, 358, 361, 363, 364, 365, 368, 369, 370, 371, 372, 373, 374, 375, 376, 377, 378, 379, 380, 381, 382, 383, 386, 387, 389, 390, 391, 392, 393, 395, 396, 397, 398, 400, 401, 402, 404, 405, 406, 407, 408, 409, 410, 411, 412, 413, 414, 415, 416, 418, 419, 420, 421, 422, 423, 424, 427, 428, 430, 431, 433, 434, 435, 436, 437, 438, 439, 440, 441, 442, 445, 447, 449, 450, 451, 452, 453, 454, 458, 459, 460, 461, 462, 463, 464, 465, 466, 467, 470, 471, 472, 473, 474, 475, 476, 477, 478, 479, 480, 481, 482, 483, 485, 486, 487, 488, 489, 490, 491, 492, 493, 494, 495, 498, 499, 502, 504, 505, 506, 507, 509, 511, 512, 513, 514, 516, 517, 518, 519, 520, 521, 522, 524, 525, 526, 527, 528, 529, 530, 531, 533, 536, 538, 539, 540, 541, 542, 544, 545, 546, 549, 550, 551, 552, 553, 554, 555, 556, 557, 558, 559, 560, 561, 563, 564, 565, 566, 567, 568, 569, 570, 573, 574, 575, 578, 579, 580, 581, 582, 584, 587, 588, 589, 591, 592, 593, 594, 595, 596, 597, 197, 200, 201, 208, 210, 234, 239, 242, 245, 253, 255, 259, 275, 279, 290, 296, 298, 300, 307, 311, 313, 314, 321, 331, 333, 338, 355, 359, 360, 366, 367, 385, 388, 394, 399, 425, 426, 432, 443, 444, 448, 455, 456, 457, 468, 469, 484, 496, 497, 500, 501, 503, 508, 510, 515, 532, 535, 543, 547, 548, 562, 571, 572, 576, 583, 585, 590, 598, 599, 251, 320]}
FP rate  0.0116 FN rate  0.17
 Before reassigning cells 
 Timepoint  2
 Cluster  4  # of cells  13
 Cluster  7  # of cells  10
 Cluster  3  # of cells  64
 Cluster  6  # of cells  10
 Timepoint  3
 Cluster  4  # of cells  86
 Cluster  7  # of cells  1
 Cluster  3  # of cells  3
 Cluster  5  # of cells  13
 Cluster  6  # of cells  331
 Cells absent at timepoint  2   {2, 51, 58}
 Missing cell prob  {'6': 1.7316740346002636e-18, '7': 0.3937641351673659, '3': 1.7316740346002632e-18, '4': 0.3937641351673659}
 Missing cell prob  {'6': 0.00020886779851246923, '7': 3.7415103579842485e-18, '3': 0.0002088677985124692, '4': 3.7415103579842485e-18}
 Missing cell prob  {'6': 0.008408020546805667, '7': 1.6220724694240332e-18, '3': 0.008408020546805667, '4': 3.1880248601996833e-16}
 Cells absent at timepoint  3   {258, 259, 386, 510, 522, 511, 525, 398, 272, 400, 274, 533, 278, 535, 540, 292, 420, 294, 421, 422, 548, 549, 554, 555, 556, 303, 431, 559, 309, 438, 566, 187, 315, 444, 446, 191, 571, 194, 450, 324, 200, 328, 584, 203, 460, 589, 469, 342, 215, 217, 346, 221, 230, 358, 234, 366, 368, 369, 497, 500, 376, 251, 508, 381, 254, 255}
 Missing cell prob  {'7': 3.557736570418104e-23, '6': 0.14299145353629533, '5': 0.14299145353629533, '3': 1.9860872590257313e-09, '4': 2.0685098977654434e-22}
 Missing cell prob  {'7': 9.430920169286556e-18, '6': 0.0014461387018989923, '5': 0.0014461387018989923, '3': 0.00024872883379484895, '4': 1.853555159894921e-15}
 Missing cell prob  {'7': 2.8692453314679865e-26, '6': 0.0006704830325332937, '5': 0.0006704830325332937, '3': 9.312709084178251e-12, '4': 5.639221193353849e-24}
 Missing cell prob  {'7': 7.378258425944938e-21, '6': 0.0009962449517382157, '5': 0.0009962449517382157, '3': 9.900895605536443e-10, '4': 2.494143823154605e-19}
 Missing cell prob  {'7': 8.55877977409613e-23, '6': 0.00014221991368905528, '5': 0.00014221991368905528, '3': 4.777892664532437e-09, '4': 1.6821444915146907e-20}
 Missing cell prob  {'7': 5.153442762536321e-22, '6': 0.028947672234694743, '5': 0.028947672234694743, '3': 4.020702047705731e-10, '4': 2.996272250876999e-21}
 Missing cell prob  {'7': 1.6877913714517565e-25, '6': 0.0006783519147443281, '5': 0.0006783519147443281, '3': 6.741606549655269e-10, '4': 3.3171889372669694e-23}
 Missing cell prob  {'7': 2.4075263943100302e-29, '6': 0.0973641333179964, '5': 0.0973641333179964, '3': 4.571459510364838e-08, '4': 8.13839355956282e-28}
 Missing cell prob  {'7': 5.772363292536042e-24, '6': 0.00011804252836191588, '5': 0.00011804252836191586, '3': 6.820726982654057e-10, '4': 1.951287610157041e-22}
 Missing cell prob  {'7': 2.132316685098088e-22, '6': 0.0009732661235785948, '5': 0.0009732661235785946, '3': 9.672527092000678e-10, '4': 4.1908599831702217e-20}
 Missing cell prob  {'7': 1.2253728603158583e-21, '6': 2.8457497947613714e-05, '5': 2.8457497947613714e-05, '3': 1.6443296056401155e-10, '4': 2.408350560988239e-19}
 Missing cell prob  {'7': 9.321521495322829e-18, '6': 0.0002458435793228287, '5': 0.0002458435793228287, '3': 8.259140396028348e-09, '4': 3.151043771821365e-16}
 Missing cell prob  {'7': 1.7276401517126764e-25, '6': 0.02347238459322934, '5': 0.02347238459322934, '3': 1.3562800557051218e-07, '4': 5.8401085517361805e-24}
 Missing cell prob  {'7': 1.5481078050958374e-18, '6': 1.2078295052130573e-06, '5': 1.2078295052130573e-06, '3': 9.814526380049604e-08, '4': 3.042654543460172e-16}
 Missing cell prob  {'7': 3.340340601957741e-16, '6': 0.051220832488301074, '5': 0.051220832488301074, '3': 4.136363456307342e-09, '4': 1.1291675350255087e-14}
 Missing cell prob  {'7': 3.105453597126926e-18, '6': 1.408683065751062e-05, '5': 1.408683065751062e-05, '3': 1.9565976984654803e-13, '4': 6.103465447109501e-16}
 Missing cell prob  {'7': 2.7833869184331804e-26, '6': 0.016942693340748837, '5': 0.016942693340748837, '3': 2.353264236809798e-10, '4': 2.7833869184331804e-26}
 Missing cell prob  {'7': 1.7276401517126762e-25, '6': 0.004037136160308568, '5': 0.004037136160308568, '3': 3.260209112269191e-10, '4': 5.8401085517361805e-24}
 Missing cell prob  {'7': 3.698108837831631e-18, '6': 3.550752574711976e-05, '5': 3.5507525747119773e-05, '3': 2.8674276615442375e-12, '4': 2.150123985478108e-17}
 Missing cell prob  {'7': 2.0040625759867043e-27, '6': 0.003350823013056112, '5': 0.003350823013056112, '3': 2.7059735631834286e-10, '4': 3.9387890702010625e-25}
 Missing cell prob  {'7': 4.617908975945106e-15, '6': 5.035350419865166e-05, '5': 5.035350419865166e-05, '3': 6.993876253650102e-13, '4': 9.076048632204306e-13}
 Missing cell prob  {'7': 3.785421244419515e-18, '6': 0.001228634108896878, '5': 0.001228634108896878, '3': 4.127608957158646e-08, '4': 2.2008884458730873e-17}
 Missing cell prob  {'7': 8.659226805034529e-23, '6': 0.004864019470251288, '5': 0.004864019470251288, '3': 4.8339666779972064e-09, '4': 1.7018863734466718e-20}
 Missing cell prob  {'7': 5.5476000995803245e-17, '6': 0.008506698246464661, '5': 0.00850669824646466, '3': 8.454138827915301e-09, '4': 1.8753087412939302e-15}
 Missing cell prob  {'7': 9.928184537951505e-25, '6': 0.0006863131472524568, '5': 0.0006863131472524568, '3': 9.532582289010487e-12, '4': 3.3561199284368355e-23}
 Missing cell prob  {'7': 4.28980625188469e-20, '6': 0.00017134929360127144, '5': 0.00017134929360127144, '3': 9.900895605536445e-10, '4': 8.431194804326163e-18}
 Missing cell prob  {'7': 5.41964226233946e-17, '6': 0.0002458435793228287, '5': 0.0002458435793228287, '3': 2.4432461212675213e-10, '4': 1.0651777026868671e-14}
 Missing cell prob  {'7': 8.659226805034529e-23, '6': 0.004864019470251288, '5': 0.004864019470251288, '3': 4.8339666779972064e-09, '4': 1.7018863734466718e-20}
 Missing cell prob  {'7': 7.552459220958402e-21, '6': 0.03447214365876178, '5': 0.03447214365876178, '3': 4.788026390304028e-10, '4': 4.391088643526638e-20}
 Missing cell prob  {'7': 7.208075648916813e-21, '6': 2.879147910523444e-05, '5': 2.879147910523444e-05, '3': 6.920859902034971e-08, '4': 1.4166768005813172e-18}
 Missing cell prob  {'7': 8.760852696311748e-23, '6': 0.028611879236772286, '5': 0.028611879236772286, '3': 1.1829289200459141e-05, '4': 2.9615154927668263e-21}
 Missing cell prob  {'7': 4.3910886435266396e-20, '6': 0.00017539485306085543, '5': 0.00017539485306085543, '3': 3.425915434441676e-08, '4': 1.4843620248735962e-18}
 Missing cell prob  {'7': 1.0939867396372403e-19, '6': 0.00020644493204972464, '5': 0.00020644493204972464, '3': 9.693042148313318e-11, '4': 3.698108837831631e-18}
 Missing cell prob  {'7': 3.395507819138846e-23, '6': 0.0001194278919080492, '5': 0.00011942789190804923, '3': 1.6587999396108812e-12, '4': 1.1478162412688469e-21}
 Missing cell prob  {'7': 2.150123985478109e-17, '6': 6.107121992118941e-06, '5': 6.107121992118941e-06, '3': 4.931836326006884e-13, '4': 1.250107380733272e-16}
 Missing cell prob  {'7': 4.240044499362829e-20, '6': 2.9129379912216146e-05, '5': 2.9129379912216146e-05, '3': 5.0101118829186015e-06, '4': 2.465211754806012e-19}
 Missing cell prob  {'7': 2.8692453314679854e-26, '6': 0.0006704830325332937, '5': 0.0006704830325332937, '3': 6.663403913679264e-10, '4': 5.6392211933538456e-24}
 Missing cell prob  {'7': 1.6682129915429158e-25, '6': 0.00011531982550653583, '5': 0.00011531982550653583, '3': 2.7720436082519724e-07, '4': 3.2787095455946714e-23}
 Missing cell prob  {'7': 1.2397540067946763e-21, '6': 0.00016739704675066888, '5': 0.00016739704675066888, '3': 2.325070020115916e-12, '4': 2.436615298450262e-19}
 Missing cell prob  {'7': 5.977993604542132e-24, '6': 0.024026567954796636, '5': 0.024026567954796636, '3': 3.3371826995957564e-10, '4': 3.4756758110173187e-23}
 Missing cell prob  {'7': 5.5476000995803245e-17, '6': 0.00850669824646466, '5': 0.00850669824646466, '3': 8.4541388279153e-09, '4': 3.225439963779525e-16}
 Missing cell prob  {'7': 1.2839180675629288e-21, '6': 0.03407226679232014, '5': 0.03407226679232014, '3': 1.9687618750255803e-07, '4': 4.3401520152617287e-20}
 Missing cell prob  {'7': 8.130103594212548e-16, '6': 0.0017423357854204728, '5': 0.0017423357854204726, '3': 4.188205068979893e-06, '4': 1.5978923792197597e-13}
 Missing cell prob  {'7': 6.934472581268873e-26, '6': 0.0199420514024812, '5': 0.0199420514024812, '3': 1.9818837601306176e-08, '4': 1.3629027924571151e-23}
 Missing cell prob  {'7': 1.774973715285801e-20, '6': 5.7610318857128146e-06, '5': 5.761031885712815e-06, '3': 3.3288363250180396e-11, '4': 3.488537310876998e-18}
 Missing cell prob  {'7': 1.1651855588854466e-26, '6': 0.003350823013056112, '5': 0.003350823013056112, '3': 4.6541431175757075e-11, '4': 2.2900583041098417e-24}
 Missing cell prob  {'7': 7.552459220958404e-21, '6': 0.0059290413010820555, '5': 0.0059290413010820555, '3': 1.4252155663203785e-05, '4': 2.5530305972127815e-19}
 Missing cell prob  {'7': 1.3821176110161328e-16, '6': 0.0002961970835214803, '5': 0.00029619708352148026, '3': 9.950771561479935e-09, '4': 2.7164170446735914e-14}
 Missing cell prob  {'7': 1.2253728603158577e-21, '6': 2.8457497947613714e-05, '5': 2.845749794761372e-05, '3': 6.840577927171363e-08, '4': 2.4083505609882384e-19}
 Missing cell prob  {'7': 2.523415442285112e-19, '6': 0.00017336027276534949, '5': 0.00017336027276534949, '3': 1.7228915035426692e-10, '4': 8.530144480297616e-18}
 Missing cell prob  {'7': 2.5025165466549786e-24, '6': 0.004751828721001374, '5': 0.004751828721001374, '3': 4.722469109623859e-09, '4': 4.918451619260881e-22}
 Missing cell prob  {'7': 1.0687534541333416e-19, '6': 3.468852904245112e-05, '5': 3.468852904245112e-05, '3': 1.1653647098795998e-09, '4': 3.6128103303191555e-18}
 Missing cell prob  {'7': 1.6828935027002877e-27, '6': 0.00022864439383206406, '5': 0.00022864439383206404, '3': 1.8464290195839865e-11, '4': 3.307562655065643e-25}
 Missing cell prob  {'7': 3.0314369191390116e-21, '6': 0.029287406145988203, '5': 0.029287406145988203, '3': 2.9106451209859858e-08, '4': 1.0247458452480364e-19}
 Missing cell prob  {'7': 1.0687534541333416e-19, '6': 0.00020168318885622759, '5': 0.00020168318885622759, '3': 1.1653647098795998e-09, '4': 3.6128103303191555e-18}
 Missing cell prob  {'7': 2.884810923144375e-23, '6': 8.244837444553117e-06, '5': 8.244837444553117e-06, '3': 4.764027508225022e-11, '4': 1.6772630096681765e-22}
 Missing cell prob  {'7': 5.093662826490899e-22, '6': 0.0049211042798981055, '5': 0.0049211042798981055, '3': 4.890698783890333e-09, '4': 2.961515492766826e-21}
 Missing cell prob  {'7': 6.360567608573225e-19, '6': 0.0002064449320497246, '5': 0.0002064449320497246, '3': 2.885254472020248e-06, '4': 2.1501239854781082e-17}
 Missing cell prob  {'7': 2.4734873547137805e-24, '6': 0.00013893954880305517, '5': 0.00013893954880305517, '3': 4.667688467952222e-09, '4': 4.861397580477455e-22}
 Missing cell prob  {'7': 1.8753087412939306e-15, '6': 4.3282225316222125e-05, '5': 4.3282225316222125e-05, '3': 1.4540708222840966e-09, '4': 1.090326564644071e-14}
 Missing cell prob  {'7': 1.4720685568558702e-23, '6': 0.00480759684439637, '5': 0.004807596844396371, '3': 6.677536735973043e-11, '4': 4.9761752521862435e-22}
 Missing cell prob  {'7': 1.2989863087443633e-21, '6': 0.005929041301082055, '5': 1.425215566320378e-05, '3': 0.005929041301082054, '4': 4.391088643526638e-20}
 Missing cell prob  {'7': 1.438114647881824e-23, '6': 2.3896927657344573e-05, '5': 2.389692765734458e-05, '3': 8.02819748636056e-10, '4': 4.861397580477454e-22}
 Missing cell prob  {'7': 1.1068259203128696e-19, '6': 0.007060559544565666, '5': 0.007060559544565666, '3': 1.6972085129530865e-05, '4': 3.741510357984249e-18}
 Missing cell prob  {'7': 2.502516546654979e-24, '6': 2.417738532713939e-05, '5': 2.417738532713939e-05, '3': 2.7456990987954245e-08, '4': 4.918451619260881e-22}
 Missing cell prob  {'7': 1.7075995259528087e-25, '6': 0.003990305380848988, '5': 0.003990305380848988, '3': 5.5423554908576255e-11, '4': 5.77236329253604e-24}
 Timepoint  2
 Timepoint  3
SortedDict({2: {'4': ['0', '1', '3', '4', '5', '6', '7', '8', '9', '10', '11', '12', '13'], '7': ['14', '15', '16', '17', '18', '19', '20', '21', '22', '23', '2'], '3': ['24', '25', '26', '27', '28', '29', '30', '31', '32', '33', '34', '35', '36', '37', '38', '39', '40', '41', '42', '43', '44', '45', '46', '47', '48', '49', '50', '52', '53', '54', '55', '56', '57', '59', '60', '61', '62', '63', '64', '65', '66', '67', '68', '69', '70', '71', '72', '73', '74', '75', '76', '77', '78', '79', '80', '81', '82', '83', '84', '85', '86', '87', '88', '89'], '6': ['90', '91', '92', '93', '94', '95', '96', '97', '98', '99', '51', '58']}, 3: {'4': ['100', '102', '103', '104', '105', '106', '107', '108', '109', '110', '111', '112', '113', '114', '115', '116', '117', '118', '119', '120', '121', '122', '123', '124', '125', '126', '127', '128', '129', '130', '131', '132', '133', '134', '135', '136', '137', '138', '139', '140', '141', '142', '143', '144', '145', '146', '147', '148', '149', '150', '151', '152', '153', '154', '155', '156', '157', '158', '159', '160', '161', '162', '163', '164', '165', '166', '167', '168', '169', '170', '171', '172', '173', '174', '175', '176', '177', '178', '179', '180', '181', '182', '183', '184', '185', '186'], '7': ['101'], '3': ['320', '523', '577'], '5': ['241', '242', '267', '269', '317', '325', '326', '357', '362', '441', '529', '552', '590', '421', '444', '460', '215', '376', '508'], '6': ['188', '189', '190', '192', '193', '195', '196', '197', '198', '199', '201', '202', '204', '205', '206', '207', '208', '209', '210', '211', '212', '213', '214', '216', '218', '219', '220', '222', '223', '224', '225', '226', '227', '228', '229', '231', '232', '233', '235', '236', '237', '238', '239', '240', '243', '244', '245', '246', '247', '248', '249', '250', '252', '253', '256', '257', '260', '261', '262', '263', '264', '265', '266', '268', '270', '271', '273', '275', '276', '277', '279', '280', '281', '282', '283', '284', '285', '286', '287', '288', '289', '290', '291', '293', '295', '296', '297', '298', '299', '300', '301', '302', '304', '305', '306', '307', '308', '310', '311', '312', '313', '314', '316', '318', '319', '321', '322', '323', '327', '329', '330', '331', '332', '333', '334', '335', '336', '337', '338', '339', '340', '341', '343', '344', '345', '347', '348', '349', '350', '351', '352', '353', '354', '355', '356', '359', '360', '361', '363', '364', '365', '367', '370', '371', '372', '373', '374', '375', '377', '378', '379', '380', '382', '383', '384', '385', '387', '388', '389', '390', '391', '392', '393', '394', '395', '396', '397', '399', '401', '402', '403', '404', '405', '406', '407', '408', '409', '410', '411', '412', '413', '414', '415', '416', '417', '418', '419', '423', '424', '425', '426', '427', '428', '429', '430', '432', '433', '434', '435', '436', '437', '439', '440', '442', '443', '445', '447', '448', '449', '451', '452', '453', '454', '455', '456', '457', '458', '459', '461', '462', '463', '464', '465', '466', '467', '468', '470', '471', '472', '473', '474', '475', '476', '477', '478', '479', '480', '481', '482', '483', '484', '485', '486', '487', '488', '489', '490', '491', '492', '493', '494', '495', '496', '498', '499', '501', '502', '503', '504', '505', '506', '507', '509', '512', '513', '514', '515', '516', '517', '518', '519', '520', '521', '524', '526', '527', '528', '530', '531', '532', '534', '536', '537', '538', '539', '541', '542', '543', '544', '545', '546', '547', '550', '551', '553', '557', '558', '560', '561', '562', '563', '564', '565', '567', '568', '569', '570', '572', '573', '574', '575', '576', '578', '579', '580', '581', '582', '583', '585', '586', '587', '588', '591', '592', '593', '594', '595', '596', '597', '598', '599', '258', '259', '386', '510', '522', '511', '525', '398', '272', '400', '274', '533', '278', '535', '540', '292', '420', '294', '422', '548', '549', '554', '555', '556', '303', '431', '559', '309', '438', '566', '187', '315', '446', '191', '571', '194', '450', '324', '200', '328', '584', '203', '589', '469', '342', '217', '346', '221', '230', '358', '234', '366', '368', '369', '497', '500', '251', '381', '254', '255']}})
 Cluster1  5
 Cluster to drop  6
 After reassigning and merging cells 
 Timepoint  2
 Cluster  4  # of cells  13
 Cluster  7  # of cells  11
 Cluster  3  # of cells  64
 Cluster  6  # of cells  12
 Timepoint  3
 Cluster  4  # of cells  86
 Cluster  7  # of cells  1
 Cluster  3  # of cells  3
 Cluster  5  # of cells  410
 Tp cluster cell dict  {'4_2': 13, '7_2': 11, '3_2': 64, '6_2': 12, '4_3': 86, '7_3': 1, '3_3': 3, '5_3': 410}
 New Graph is here 
 ID  0  Timepoint  1  Mutations  []  Type  subclone
 ID  1  Timepoint  2  Mutations  [0, 1, 2, 3, 4]  Type  subclone
 ID  2  Timepoint  2  Mutations  [0, 1, 2, 3, 4, 16, 17, 18]  Type  subclone
 ID  3  Timepoint  2  Mutations  [5, 6, 7, 8, 9, 10, 11, 12, 13, 14, 15, 19, 20, 21]  Type  subclone
 ID  4  Timepoint  2  Mutations  [5, 6, 7, 8, 9, 10, 11, 12, 13, 14, 15, 22, 23, 24]  Type  subclone
 ID  5  Timepoint  3  Mutations  [0, 1, 2, 3, 4]  Type  subclone
 ID  6  Timepoint  3  Mutations  [0, 1, 2, 3, 4, 16, 17, 18]  Type  subclone
 ID  7  Timepoint  3  Mutations  [5, 6, 7, 8, 9, 10, 11, 12, 13, 14, 15, 19, 20, 21]  Type  subclone
 ID  8  Timepoint  3  Mutations  [5, 6, 7, 8, 9, 10, 11, 12, 13, 14, 15, 22, 23, 24]  Type  subclone
Timepoints  SortedDict({1: [0], 2: [1, 2, 3, 4], 3: [5, 6, 7, 8]})
 Clone to nodes  {'4_2': 1, '7_2': 2, '3_2': 3, '6_2': 4, '4_3': 5, '7_3': 6, '3_3': 7, '5_3': 8}
 Timepoint ====  1
 Hash table  {'0,1': [0, 1, 2, 3, 4], '1': [16, 17, 18], '2,3': [5, 6, 7, 8, 9, 10, 11, 12, 13, 14, 15], '2': [19, 20, 21], '3': [22, 23, 24]}
 Final possible usc  [[0, 1, 2, 3, 4], [16, 17, 18], [5, 6, 7, 8, 9, 10, 11, 12, 13, 14, 15], [19, 20, 21], [22, 23, 24]]
 Time  1  USC keys  {'16,17,18_0', '0,1,2,3,4_0', '5,6,7,8,9,10,11,12,13,14,15_0', '22,23,24_0', '19,20,21_0'}
 USC children  {'0,1,2,3,4_0': [1, 2], '16,17,18_0': [2], '5,6,7,8,9,10,11,12,13,14,15_0': [3, 4], '19,20,21_0': [3], '22,23,24_0': [4]}
 USC children  {'0,1,2,3,4_0': [1, 2], '16,17,18_0': [2], '5,6,7,8,9,10,11,12,13,14,15_0': [3, 4], '19,20,21_0': [3], '22,23,24_0': [4]}
 Timepoint ====  2
 Hash table  {}
====== Inside find superset of t nodes ==========
 Final possible usc  []
 Time  2  USC keys  set()
 USC children  {'0,1,2,3,4_0': [1, 2], '16,17,18_0': [2], '5,6,7,8,9,10,11,12,13,14,15_0': [3, 4], '19,20,21_0': [3], '22,23,24_0': [4]}
 USC children  {'0,1,2,3,4_0': [1, 2], '16,17,18_0': [2], '5,6,7,8,9,10,11,12,13,14,15_0': [3, 4], '19,20,21_0': [3], '22,23,24_0': [4]}
 Node s  {'1,2': ['0', '1', '2', '3', '4'], '3,4': ['5', '6', '7', '8', '9', '10', '11', '12', '13', '14', '15']}
 Enroll USC nodes  ['1', '2']  len  2
 Enroll USC nodes  ['3', '4']  len  2
 Node TP  SortedDict({1: [0], 2: [1, 2, 3, 4], 3: [5, 6, 7, 8]})
 Unobserved subclones at timepoints  {1.5: [9, 10]}
 ============== Inside finding node v ============ 
 Time  2
 Time  3
 Sorted all timepoints  [1, 1.5, 2, 3]
 Timepoint  2
 Inside usc_node check  2
 Timepoint  3
0   1   [-1]   subclone   []   []
1   2   [9]   subclone   [0, 1, 2, 3, 4]   [0]
2   2   [9]   subclone   [0, 1, 2, 3, 4, 16, 17, 18]   [3]
3   2   [10]   subclone   [5, 6, 7, 8, 9, 10, 11, 12, 13, 14, 15, 19, 20, 21]   [3]
4   2   [10]   subclone   [5, 6, 7, 8, 9, 10, 11, 12, 13, 14, 15, 22, 23, 24]   [3]
5   3   [1]   subclone   [0, 1, 2, 3, 4]   [0]
6   3   [2]   subclone   [0, 1, 2, 3, 4, 16, 17, 18]   [0]
7   3   [3]   subclone   [5, 6, 7, 8, 9, 10, 11, 12, 13, 14, 15, 19, 20, 21]   [0]
8   3   [4]   subclone   [5, 6, 7, 8, 9, 10, 11, 12, 13, 14, 15, 22, 23, 24]   [0]
9   1.5   [0]   unobserved subclone   [0, 1, 2, 3, 4]   [5]
10   1.5   [0]   unobserved subclone   [5, 6, 7, 8, 9, 10, 11, 12, 13, 14, 15]   [11]
 List of tree files  ['all_trees/mc12_rep3_m1_tree.csv', 'all_trees/mc12_rep3_m2_tree.csv', 'all_trees/mc12_rep3_m3_tree.csv', 'all_trees/mc12_rep3_m4_tree.csv', 'all_trees/mc12_rep3_m5_tree.csv']
{'1': ['0', '1', '2', '3', '4'], '2': ['0', '1', '2', '3', '4', '16', '17', '18'], '3': ['5', '6', '7', '8', '9', '10', '11', '12', '13', '14', '15', '19', '20', '21'], '4': ['5', '6', '7', '8', '9', '10', '11', '12', '13', '14', '15', '22', '23', '24'], '5': ['0', '1', '2', '3', '4'], '6': ['0', '1', '2', '3', '4', '16', '17', '18'], '7': ['5', '6', '7', '8', '9', '10', '11', '12', '13', '14', '15', '19', '20', '21'], '8': ['5', '6', '7', '8', '9', '10', '11', '12', '13', '14', '15', '22', '23', '24'], '9': ['0', '1', '2', '3', '4'], '10': ['5', '6', '7', '8', '9', '10', '11', '12', '13', '14', '15']}
 Actual mutation of  1   []
 Actual mutation of  2   ['18', '16', '17']
 Actual mutation of  3   ['19', '21', '20']
 Actual mutation of  4   ['22', '24', '23']
 Actual mutation of  5   []
 Actual mutation of  6   []
 Actual mutation of  7   []
 Actual mutation of  8   []
 Updated node mutation  {'1': [], '2': ['18', '16', '17'], '3': ['19', '21', '20'], '4': ['22', '24', '23'], '5': [], '6': [], '7': [], '8': [], '9': ['0', '1', '2', '3', '4'], '10': ['5', '6', '7', '8', '9', '10', '11', '12', '13', '14', '15']}
{'1': ['0', '1', '2', '3', '4'], '2': ['0', '1', '2', '3', '4', '16', '17', '18'], '3': ['5', '6', '7', '8', '9', '10', '11', '12', '13', '14', '15', '19', '20', '21'], '4': ['5', '6', '7', '8', '9', '10', '11', '12', '13', '14', '15', '22', '23', '24'], '5': ['0', '1', '2', '3', '4'], '6': ['0', '1', '2', '3', '4', '16', '17', '18'], '7': ['5', '6', '7', '8', '9', '10', '11', '12', '13', '14', '15', '19', '20', '21'], '8': ['5', '6', '7', '8', '9', '10', '11', '12', '13', '14', '15', '22', '23', '24'], '9': ['0', '1', '2', '3', '4'], '10': ['5', '6', '7', '8', '9', '10', '11', '12', '13', '14', '15']}
 Actual mutation of  1   []
 Actual mutation of  2   ['18', '16', '17']
 Actual mutation of  3   ['19', '21', '20']
 Actual mutation of  4   ['22', '24', '23']
 Actual mutation of  5   []
 Actual mutation of  6   []
 Actual mutation of  7   []
 Actual mutation of  8   []
 Updated node mutation  {'1': [], '2': ['18', '16', '17'], '3': ['19', '21', '20'], '4': ['22', '24', '23'], '5': [], '6': [], '7': [], '8': [], '9': ['0', '1', '2', '3', '4'], '10': ['5', '6', '7', '8', '9', '10', '11', '12', '13', '14', '15']}
{'1': ['0', '1', '2', '3', '4'], '2': ['0', '1', '2', '3', '4', '16', '17', '18'], '3': ['5', '6', '7', '8', '9', '10', '11', '12', '13', '14', '15', '19', '20', '21'], '4': ['5', '6', '7', '8', '9', '10', '11', '12', '13', '14', '15', '22', '23', '24'], '5': ['0', '1', '2', '3', '4'], '6': ['0', '1', '2', '3', '4', '16', '17', '18'], '7': ['5', '6', '7', '8', '9', '10', '11', '12', '13', '14', '15', '22', '23', '24'], '8': ['0', '1', '2', '3', '4'], '9': ['5', '6', '7', '8', '9', '10', '11', '12', '13', '14', '15']}
 Actual mutation of  1   []
 Actual mutation of  2   ['18', '16', '17']
 Actual mutation of  3   ['19', '21', '20']
 Actual mutation of  4   ['22', '24', '23']
 Actual mutation of  5   []
 Actual mutation of  6   []
 Actual mutation of  7   []
 Updated node mutation  {'1': [], '2': ['18', '16', '17'], '3': ['19', '21', '20'], '4': ['22', '24', '23'], '5': [], '6': [], '7': [], '8': ['0', '1', '2', '3', '4'], '9': ['5', '6', '7', '8', '9', '10', '11', '12', '13', '14', '15']}
{'1': ['0', '1', '2', '3', '4'], '2': ['0', '1', '2', '3', '4', '16', '17', '18'], '3': ['5', '6', '7', '8', '9', '10', '11', '12', '13', '14', '15', '19', '20', '21'], '4': ['5', '6', '7', '8', '9', '10', '11', '12', '13', '14', '15', '22', '23', '24'], '5': ['0', '1', '2', '3', '4'], '6': ['0', '1', '2', '3', '4', '16', '17', '18'], '7': ['5', '6', '7', '8', '9', '10', '11', '12', '13', '14', '15', '19', '20', '21'], '8': ['5', '6', '7', '8', '9', '10', '11', '12', '13', '14', '15', '22', '23', '24'], '9': ['0', '1', '2', '3', '4'], '10': ['5', '6', '7', '8', '9', '10', '11', '12', '13', '14', '15']}
 Actual mutation of  1   []
 Actual mutation of  2   ['18', '16', '17']
 Actual mutation of  3   ['19', '21', '20']
 Actual mutation of  4   ['22', '24', '23']
 Actual mutation of  5   []
 Actual mutation of  6   []
 Actual mutation of  7   []
 Actual mutation of  8   []
 Updated node mutation  {'1': [], '2': ['18', '16', '17'], '3': ['19', '21', '20'], '4': ['22', '24', '23'], '5': [], '6': [], '7': [], '8': [], '9': ['0', '1', '2', '3', '4'], '10': ['5', '6', '7', '8', '9', '10', '11', '12', '13', '14', '15']}
{'1': ['0', '1', '2', '3', '4'], '2': ['0', '1', '2', '3', '4', '16', '17', '18'], '3': ['5', '6', '7', '8', '9', '10', '11', '12', '13', '14', '15', '19', '20', '21'], '4': ['5', '6', '7', '8', '9', '10', '11', '12', '13', '14', '15', '22', '23', '24'], '5': ['0', '1', '2', '3', '4'], '6': ['0', '1', '2', '3', '4', '16', '17', '18'], '7': ['5', '6', '7', '8', '9', '10', '11', '12', '13', '14', '15', '19', '20', '21'], '8': ['5', '6', '7', '8', '9', '10', '11', '12', '13', '14', '15', '22', '23', '24'], '9': ['0', '1', '2', '3', '4'], '10': ['5', '6', '7', '8', '9', '10', '11', '12', '13', '14', '15']}
 Actual mutation of  1   []
 Actual mutation of  2   ['18', '16', '17']
 Actual mutation of  3   ['19', '21', '20']
 Actual mutation of  4   ['22', '24', '23']
 Actual mutation of  5   []
 Actual mutation of  6   []
 Actual mutation of  7   []
 Actual mutation of  8   []
 Updated node mutation  {'1': [], '2': ['18', '16', '17'], '3': ['19', '21', '20'], '4': ['22', '24', '23'], '5': [], '6': [], '7': [], '8': [], '9': ['0', '1', '2', '3', '4'], '10': ['5', '6', '7', '8', '9', '10', '11', '12', '13', '14', '15']}
 Parallel mutation count  {'m1': 0, 'm2': 0, 'm3': 0, 'm4': 0, 'm5': 0}
 Clusters with least parallel mutations  ['m1', 'm2', 'm3', 'm4', 'm5']
 Cluster nos for each run  {'m1': 7, 'm2': 6, 'm3': 10, 'm4': 10, 'm5': 9}
 Run  m2
 Base path  ['mc12', 'rep3', 'm1', 'tree.csv']
 Best tree path  mc12_rep3_m2_tree.csv
