
DPMM with:
	4000 cells
	75 mutations
	learning errors

	Priors:
	params.:	Beta(0.25,0.25)
	CRP a_0:	Gamma(63.25,1)
	FP:		trunc norm(0.01,0.01)
	FN:		trunc norm(0.2,0.1)

Move probabilitites:
	Split/merge:	0.33
		split/merge ratio:	[0.75, 0.25]
		intermediate Gibbs:	3
	CRP a_0 update:	0.25
	Errors update:	0.25

Run MCMC with (1 chains for 5000 steps):

Clustering time:	1:21:30.133976	(0.98 secs. per MCMC step)	Lugsail PSRF:		1.01142

Chain mean - posterior clusters	(#9):
	9 clusters

	A: 1306 items
	B: 4 items
	C: 375 items
	D: 922 items
	E: 314 items
	F: 488 items
	G: 67 items
	H: 489 items
	I: 35 items

Inferred latent variables	--	chain mean - posterior
	CRP a_0:	298.5 +- 35.9
	FP (model|genotypes): 3.3E-03 +- 4.6E-04	|	8.0E-03
	FN (model|genotypes): 0.150   +- 0.008	|	0.160

Writing output to: ./sim_output/t5/rep3/m4

Too many cells to plot genotypes/clusters
