
DPMM with:
	3000 cells
	79 mutations
	learning errors

	Priors:
	params.:	Beta(0.25,0.25)
	CRP a_0:	Gamma(54.77,1)
	FP:		trunc norm(0.01,0.01)
	FN:		trunc norm(0.2,0.1)

Move probabilitites:
	Split/merge:	0.33
		split/merge ratio:	[0.75, 0.25]
		intermediate Gibbs:	3
	CRP a_0 update:	0.25
	Errors update:	0.25

Run MCMC with (1 chains for 5000 steps):

Clustering time:	0:40:54.331838	(0.49 secs. per MCMC step)	Lugsail PSRF:		1.01049

Chain mean - posterior clusters	(#7):
	7 clusters

	A: 874 items
	B: 772 items
	C: 314 items
	D: 258 items
	E: 574 items
	F: 141 items
	G: 67 items

Inferred latent variables	--	chain mean - posterior
	CRP a_0:	247.5 +- 33.4
	FP (model|genotypes): 3.2E-03 +- 6.1E-04	|	8.0E-03
	FN (model|genotypes): 0.162   +- 0.006	|	0.160

Writing output to: ./sim_output/t4/rep4/m5

Too many cells to plot genotypes/clusters
