4
 Total estimated FP  75  True negatives  7044
 Total estimated FN  760  True positives  7001
 Estimated FP rate  0.0106
 Estimated FN rate  0.1
 No. of Cells in each cluster  {'2_2': 69, '3_2': 31, '3_3': 66, '0_3': 427, '1_3': 7}
 Cells in each cluster  {'2_2': [0, 1, 2, 3, 4, 5, 6, 7, 8, 9, 10, 11, 12, 13, 14, 15, 16, 17, 18, 19, 20, 21, 22, 23, 24, 25, 26, 27, 28, 29, 30, 31, 32, 33, 34, 35, 36, 37, 38, 39, 40, 41, 42, 43, 44, 45, 46, 47, 48, 49, 50, 51, 52, 53, 54, 55, 56, 57, 58, 59, 60, 61, 62, 63, 64, 65, 66, 67, 68], '3_2': [69, 70, 71, 72, 73, 74, 75, 76, 77, 78, 79, 80, 81, 82, 83, 84, 85, 86, 87, 88, 89, 90, 91, 92, 93, 94, 95, 96, 97, 98, 99], '3_3': [100, 101, 102, 103, 104, 105, 106, 107, 108, 109, 110, 111, 112, 113, 114, 115, 116, 117, 118, 119, 120, 121, 122, 123, 124, 125, 126, 127, 128, 129, 130, 131, 132, 133, 134, 135, 136, 137, 138, 139, 140, 141, 142, 143, 144, 145, 146, 147, 148, 149, 150, 151, 152, 153, 154, 155, 156, 157, 158, 159, 160, 161, 162, 163, 164, 165], '0_3': [166, 167, 168, 169, 170, 171, 172, 173, 174, 175, 176, 177, 178, 179, 180, 181, 182, 183, 184, 185, 186, 187, 188, 189, 190, 191, 192, 193, 194, 195, 196, 197, 198, 199, 200, 201, 202, 203, 204, 205, 206, 207, 208, 209, 210, 211, 212, 213, 214, 215, 216, 217, 218, 219, 220, 221, 222, 223, 224, 225, 227, 228, 229, 230, 231, 232, 233, 234, 235, 236, 237, 238, 239, 240, 241, 242, 243, 244, 245, 246, 247, 248, 249, 250, 251, 252, 253, 254, 255, 256, 257, 258, 259, 260, 261, 262, 263, 264, 265, 266, 267, 268, 269, 270, 271, 272, 273, 274, 275, 276, 277, 278, 279, 280, 281, 282, 283, 284, 285, 286, 287, 288, 289, 290, 291, 292, 293, 294, 295, 296, 297, 298, 299, 300, 301, 302, 303, 304, 305, 307, 308, 309, 310, 311, 312, 313, 314, 315, 316, 317, 318, 319, 320, 321, 322, 323, 324, 325, 326, 327, 328, 329, 330, 331, 332, 333, 334, 335, 336, 337, 338, 339, 340, 341, 342, 343, 344, 345, 346, 347, 348, 349, 350, 351, 352, 353, 354, 355, 356, 357, 358, 359, 360, 361, 362, 363, 364, 365, 366, 367, 368, 369, 370, 371, 372, 373, 374, 375, 376, 377, 378, 379, 380, 381, 382, 383, 384, 385, 386, 387, 388, 389, 390, 391, 392, 393, 394, 395, 396, 397, 398, 399, 400, 401, 402, 403, 404, 405, 406, 407, 408, 409, 410, 411, 412, 413, 414, 415, 416, 417, 418, 419, 420, 421, 422, 423, 424, 425, 426, 427, 428, 429, 430, 431, 432, 433, 434, 435, 436, 437, 438, 439, 440, 441, 442, 443, 444, 445, 446, 447, 448, 449, 450, 451, 452, 453, 454, 455, 456, 457, 458, 459, 460, 461, 462, 463, 464, 465, 466, 467, 468, 469, 470, 471, 472, 473, 474, 475, 476, 477, 478, 479, 480, 481, 482, 483, 484, 485, 486, 487, 488, 489, 490, 491, 492, 493, 494, 495, 496, 497, 498, 499, 500, 501, 502, 503, 504, 505, 506, 507, 508, 509, 510, 511, 512, 513, 514, 515, 516, 517, 518, 519, 520, 521, 522, 523, 525, 526, 527, 528, 529, 530, 531, 532, 533, 534, 535, 536, 537, 538, 539, 541, 542, 543, 544, 545, 546, 547, 548, 549, 550, 551, 553, 554, 555, 556, 557, 558, 559, 560, 561, 562, 563, 564, 565, 566, 567, 568, 570, 571, 572, 573, 574, 575, 576, 577, 578, 579, 580, 581, 582, 583, 584, 585, 586, 587, 588, 589, 590, 591, 592, 594, 595, 596, 597, 598, 599], '1_3': [226, 306, 524, 540, 552, 569, 593]}
FP rate  0.0106 FN rate  0.1
 Before reassigning cells 
 Timepoint  2
 Cluster  2  # of cells  69
 Cluster  3  # of cells  31
 Timepoint  3
 Cluster  3  # of cells  66
 Cluster  0  # of cells  422
 Cluster  1  # of cells  12
 Cells absent at timepoint  2   set()
 Cells absent at timepoint  3   set()
 Timepoint  2
 Timepoint  3
 After reassigning and merging cells 
 Timepoint  2
 Cluster  2  # of cells  69
 Cluster  3  # of cells  31
 Timepoint  3
 Cluster  3  # of cells  66
 Cluster  0  # of cells  422
 Cluster  1  # of cells  12
 Tp cluster cell dict  {'2_2': 69, '3_2': 31, '3_3': 66, '0_3': 422, '1_3': 12}
 New Graph is here 
 ID  0  Timepoint  1  Mutations  []  Type  subclone
 ID  1  Timepoint  2  Mutations  [4, 5, 6, 7, 8, 9, 10, 11, 12, 13]  Type  subclone
 ID  2  Timepoint  2  Mutations  [4, 5, 14, 15, 16, 17, 18, 19]  Type  subclone
 ID  3  Timepoint  3  Mutations  [4, 5, 14, 15, 16, 17, 18, 19]  Type  subclone
 ID  4  Timepoint  3  Mutations  [4, 5, 14, 15, 16, 17, 18, 19, 20, 21, 22, 23, 24, 25, 26, 27, 28, 29, 30]  Type  subclone
 ID  5  Timepoint  3  Mutations  [5, 14, 15, 17, 18, 19, 20, 21, 22, 23, 25, 26, 27, 29, 30]  Type  subclone
Timepoints  SortedDict({1: [0], 2: [1, 2], 3: [3, 4, 5]})
 Clone to nodes  {'2_2': 1, '3_2': 2, '3_3': 3, '0_3': 4, '1_3': 5}
 Timepoint ====  1
 Hash table  {'0,1': [4, 5], '0': [6, 7, 8, 9, 10, 11, 12, 13], '1': [14, 15, 16, 17, 18, 19]}
 Final possible usc  [[4, 5], [6, 7, 8, 9, 10, 11, 12, 13], [14, 15, 16, 17, 18, 19]]
 Time  1  USC keys  {'6,7,8,9,10,11,12,13_0', '4,5_0', '14,15,16,17,18,19_0'}
 USC children  {'4,5_0': [1, 2], '6,7,8,9,10,11,12,13_0': [1], '14,15,16,17,18,19_0': [2]}
 USC children  {'4,5_0': [1, 2], '6,7,8,9,10,11,12,13_0': [1], '14,15,16,17,18,19_0': [2]}
 Timepoint ====  2
 Hash table  {'0': [4, 16, 24, 28], '0,1': [5, 14, 15, 17, 18, 19, 20, 21, 22, 23, 25, 26, 27, 29, 30]}
====== Inside find superset of t nodes ==========
 Final possible usc  []
 Time  2  USC keys  set()
 USC children  {'4,5_0': [1, 2], '6,7,8,9,10,11,12,13_0': [1], '14,15,16,17,18,19_0': [2]}
 USC children  {'4,5_0': [1, 2], '6,7,8,9,10,11,12,13_0': [1], '14,15,16,17,18,19_0': [2]}
 Node s  {'1,2': ['4', '5']}
 Enroll USC nodes  ['1', '2']  len  2
 Node TP  SortedDict({1: [0], 2: [1, 2], 3: [3, 4, 5]})
 Unobserved subclones at timepoints  {1.5: [6]}
 ============== Inside finding node v ============ 
 Time  2
 Time  3
 largest_v_mut  [[4, 5, 14, 15, 16, 17, 18, 19]]
 largest_v_mut  []
 Sorted all timepoints  [1, 1.5, 2, 3]
 Timepoint  2
 Inside usc_node check  2
 Timepoint  3
 Node  5  has no parent 
 USC nodes  []
 Node with minimum mutation sets  {1: 9, 2: 2}
0   1   [-1]   subclone   []   []
1   2   [6]   subclone   [4, 5, 6, 7, 8, 9, 10, 11, 12, 13]   [8]
2   2   [6]   subclone   [4, 5, 14, 15, 16, 17, 18, 19]   [6]
3   3   [2]   subclone   [4, 5, 14, 15, 16, 17, 18, 19]   [0]
4   3   [2]   subclone   [4, 5, 14, 15, 16, 17, 18, 19, 20, 21, 22, 23, 24, 25, 26, 27, 28, 29, 30]   [11]
5   3   [2]   subclone   [5, 14, 15, 17, 18, 19, 20, 21, 22, 23, 25, 26, 27, 29, 30]   [9]
6   1.5   [0]   unobserved subclone   [4, 5]   [2]
5
 Total estimated FP  70  True negatives  7037
 Total estimated FN  767  True positives  7006
 Estimated FP rate  0.00989
 Estimated FN rate  0.1
 No. of Cells in each cluster  {'2_2': 69, '3_2': 31, '3_3': 66, '4_3': 6, '0_3': 428}
 Cells in each cluster  {'2_2': [0, 1, 2, 3, 4, 5, 6, 7, 8, 9, 10, 11, 12, 13, 14, 15, 16, 17, 18, 19, 20, 21, 22, 23, 24, 25, 26, 27, 28, 29, 30, 31, 32, 33, 34, 35, 36, 37, 38, 39, 40, 41, 42, 43, 44, 45, 46, 47, 48, 49, 50, 51, 52, 53, 54, 55, 56, 57, 58, 59, 60, 61, 62, 63, 64, 65, 66, 67, 68], '3_2': [69, 70, 71, 72, 73, 74, 75, 76, 77, 78, 79, 80, 81, 82, 83, 84, 85, 86, 87, 88, 89, 90, 91, 92, 93, 94, 95, 96, 97, 98, 99], '3_3': [100, 101, 102, 103, 104, 105, 106, 107, 108, 109, 110, 111, 112, 113, 114, 115, 116, 117, 118, 119, 120, 121, 122, 123, 124, 125, 126, 127, 128, 129, 130, 131, 132, 133, 134, 135, 136, 137, 138, 139, 140, 141, 142, 143, 144, 145, 146, 147, 148, 149, 150, 151, 152, 153, 154, 155, 156, 157, 158, 159, 160, 161, 162, 163, 164, 165], '4_3': [226, 306, 524, 540, 569, 593], '0_3': [169, 173, 174, 252, 259, 329, 352, 357, 391, 393, 402, 487, 515, 516, 558, 573, 166, 167, 168, 170, 171, 172, 175, 176, 177, 178, 179, 180, 181, 182, 183, 184, 185, 186, 187, 188, 189, 190, 191, 192, 193, 194, 195, 196, 197, 198, 199, 200, 201, 202, 203, 204, 205, 206, 207, 208, 209, 210, 211, 212, 213, 214, 215, 216, 217, 218, 219, 220, 221, 222, 223, 224, 225, 227, 228, 229, 230, 231, 232, 233, 234, 235, 236, 237, 238, 239, 240, 241, 242, 243, 244, 245, 246, 247, 248, 249, 250, 251, 253, 254, 255, 256, 257, 258, 260, 261, 262, 263, 264, 265, 266, 267, 268, 269, 270, 271, 272, 273, 274, 275, 276, 277, 278, 279, 280, 281, 282, 283, 284, 285, 286, 287, 288, 289, 290, 291, 292, 293, 294, 295, 296, 297, 298, 299, 300, 301, 302, 303, 304, 305, 307, 308, 309, 310, 311, 312, 313, 314, 315, 316, 317, 318, 319, 320, 321, 322, 323, 324, 325, 326, 327, 328, 330, 331, 332, 333, 334, 335, 336, 337, 338, 339, 340, 341, 342, 343, 344, 345, 346, 347, 348, 349, 350, 351, 353, 354, 355, 356, 358, 359, 360, 361, 362, 363, 364, 365, 366, 367, 368, 369, 370, 371, 372, 373, 374, 375, 376, 377, 378, 379, 380, 381, 382, 383, 384, 385, 386, 387, 388, 389, 390, 392, 394, 395, 396, 397, 398, 399, 400, 401, 403, 404, 405, 406, 407, 408, 409, 410, 411, 412, 413, 414, 415, 416, 417, 418, 419, 420, 421, 422, 423, 424, 425, 426, 427, 428, 429, 430, 431, 432, 433, 434, 435, 436, 437, 438, 439, 440, 441, 442, 443, 444, 445, 446, 447, 448, 449, 450, 451, 452, 453, 454, 455, 456, 457, 458, 459, 460, 461, 462, 463, 464, 465, 466, 467, 468, 469, 470, 471, 472, 473, 474, 475, 476, 477, 478, 479, 480, 481, 482, 483, 484, 485, 486, 488, 489, 490, 491, 492, 493, 494, 495, 496, 497, 498, 499, 500, 501, 502, 503, 504, 505, 506, 507, 508, 509, 510, 511, 512, 513, 514, 517, 518, 519, 520, 521, 522, 523, 525, 526, 527, 528, 529, 530, 531, 532, 533, 534, 535, 536, 537, 538, 539, 541, 542, 543, 544, 545, 546, 547, 548, 549, 550, 551, 552, 553, 554, 555, 556, 557, 559, 560, 561, 562, 563, 564, 565, 566, 567, 568, 570, 571, 572, 574, 575, 576, 577, 578, 579, 580, 581, 582, 583, 584, 585, 586, 587, 588, 589, 590, 591, 592, 594, 595, 596, 597, 598, 599]}
FP rate  0.00989 FN rate  0.1
 Before reassigning cells 
 Timepoint  2
 Cluster  2  # of cells  69
 Cluster  3  # of cells  31
 Timepoint  3
 Cluster  3  # of cells  66
 Cluster  4  # of cells  21
 Cluster  0  # of cells  394
 Cells absent at timepoint  2   set()
 Cells absent at timepoint  3   {259, 515, 262, 396, 397, 547, 297, 440, 442, 314, 188, 574, 200, 469, 473, 222, 228, 374, 510}
 Missing cell prob  {'4': 0.00020895799796527196, '0': 0.00020895799796527196, '3': 4.003307227109816e-17}
 Missing cell prob  {'4': 2.869581908058542e-06, '0': 2.869581908058542e-06, '3': 5.389462336311214e-17}
 Missing cell prob  {'4': 0.23013734118201523, '0': 0.23013734118201523, '3': 5.377384991671783e-19}
 Missing cell prob  {'4': 0.02841201742987843, '0': 0.02841201742987843, '3': 5.4432965390827415e-15}
 Missing cell prob  {'4': 0.020712360706381376, '0': 0.020712360706381376, '3': 5.318233756763392e-22}
 Missing cell prob  {'4': 0.020919252109746767, '0': 0.020919252109746767, '3': 4.404127242926334e-17}
 Missing cell prob  {'4': 0.0022786128287772506, '0': 0.0022786128287772506, '3': 4.3654644924120817e-16}
 Missing cell prob  {'4': 0.18641124635743236, '0': 0.18641124635743236, '3': 3.963714518633701e-17}
 Missing cell prob  {'4': 0.025317920319747226, '0': 0.025317920319747226, '3': 5.857273655394509e-19}
 Missing cell prob  {'4': 0.17631829815320382, '0': 0.17631829815320382, '3': 4.5272576046077646e-21}
 Missing cell prob  {'4': 3.8545247240260315e-06, '0': 3.8545247240260315e-06, '3': 6.054895333458277e-14}
 Missing cell prob  {'4': 0.2050751545899526, '0': 0.2050751545899526, '3': 3.968163176991317e-15}
 Missing cell prob  {'4': 0.18456763913095733, '0': 0.18456763913095733, '3': 3.924513382044414e-17}
 Missing cell prob  {'4': 0.22560773479006443, '0': 0.22560773479006443, '3': 4.7971604255506093e-17}
 Missing cell prob  {'4': 0.025317920319747236, '0': 0.025317920319747236, '3': 4.850516102680091e-15}
 Missing cell prob  {'4': 3.897396080916109e-05, '0': 3.897396080916109e-05, '3': 6.122239973163072e-13}
 Missing cell prob  {'4': 0.016611087521786156, '0': 0.016611087521786156, '3': 3.842957245304338e-19}
 Missing cell prob  {'4': 0.0026084210009521026, '0': 0.0026084210009521026, '3': 4.997325178331792e-16}
 Missing cell prob  {'4': 0.1901538909694083, '0': 0.1901538909694083, '3': 4.443132410216606e-19}
 Timepoint  2
 Timepoint  3
SortedDict({2: {'2': ['0', '1', '2', '3', '4', '5', '6', '7', '8', '9', '10', '11', '12', '13', '14', '15', '16', '17', '18', '19', '20', '21', '22', '23', '24', '25', '26', '27', '28', '29', '30', '31', '32', '33', '34', '35', '36', '37', '38', '39', '40', '41', '42', '43', '44', '45', '46', '47', '48', '49', '50', '51', '52', '53', '54', '55', '56', '57', '58', '59', '60', '61', '62', '63', '64', '65', '66', '67', '68'], '3': ['69', '70', '71', '72', '73', '74', '75', '76', '77', '78', '79', '80', '81', '82', '83', '84', '85', '86', '87', '88', '89', '90', '91', '92', '93', '94', '95', '96', '97', '98', '99']}, 3: {'3': ['100', '101', '102', '103', '104', '105', '106', '107', '108', '109', '110', '111', '112', '113', '114', '115', '116', '117', '118', '119', '120', '121', '122', '123', '124', '125', '126', '127', '128', '129', '130', '131', '132', '133', '134', '135', '136', '137', '138', '139', '140', '141', '142', '143', '144', '145', '146', '147', '148', '149', '150', '151', '152', '153', '154', '155', '156', '157', '158', '159', '160', '161', '162', '163', '164', '165'], '4': ['202', '226', '248', '282', '306', '320', '326', '362', '368', '390', '453', '511', '524', '531', '540', '541', '569', '571', '581', '592', '593', '259', '515', '262', '396', '397', '547', '297', '440', '442', '314', '188', '574', '200', '469', '473', '222', '228', '374', '510'], '0': ['166', '167', '168', '169', '170', '171', '172', '173', '174', '175', '176', '177', '178', '179', '180', '181', '182', '183', '184', '185', '186', '187', '189', '190', '191', '192', '193', '194', '195', '196', '197', '198', '199', '201', '203', '204', '205', '206', '207', '208', '209', '210', '211', '212', '213', '214', '215', '216', '217', '218', '219', '220', '221', '223', '224', '225', '227', '229', '230', '231', '232', '233', '234', '235', '236', '237', '238', '239', '240', '241', '242', '243', '244', '245', '246', '247', '249', '250', '251', '252', '253', '254', '255', '256', '257', '258', '260', '261', '263', '264', '265', '266', '267', '268', '269', '270', '271', '272', '273', '274', '275', '276', '277', '278', '279', '280', '281', '283', '284', '285', '286', '287', '288', '289', '290', '291', '292', '293', '294', '295', '296', '298', '299', '300', '301', '302', '303', '304', '305', '307', '308', '309', '310', '311', '312', '313', '315', '316', '317', '318', '319', '321', '322', '323', '324', '325', '327', '328', '329', '330', '331', '332', '333', '334', '335', '336', '337', '338', '339', '340', '341', '342', '343', '344', '345', '346', '347', '348', '349', '350', '351', '352', '353', '354', '355', '356', '357', '358', '359', '360', '361', '363', '364', '365', '366', '367', '369', '370', '371', '372', '373', '375', '376', '377', '378', '379', '380', '381', '382', '383', '384', '385', '386', '387', '388', '389', '391', '392', '393', '394', '395', '398', '399', '400', '401', '402', '403', '404', '405', '406', '407', '408', '409', '410', '411', '412', '413', '414', '415', '416', '417', '418', '419', '420', '421', '422', '423', '424', '425', '426', '427', '428', '429', '430', '431', '432', '433', '434', '435', '436', '437', '438', '439', '441', '443', '444', '445', '446', '447', '448', '449', '450', '451', '452', '454', '455', '456', '457', '458', '459', '460', '461', '462', '463', '464', '465', '466', '467', '468', '470', '471', '472', '474', '475', '476', '477', '478', '479', '480', '481', '482', '483', '484', '485', '486', '487', '488', '489', '490', '491', '492', '493', '494', '495', '496', '497', '498', '499', '500', '501', '502', '503', '504', '505', '506', '507', '508', '509', '512', '513', '514', '516', '517', '518', '519', '520', '521', '522', '523', '525', '526', '527', '528', '529', '530', '532', '533', '534', '535', '536', '537', '538', '539', '542', '543', '544', '545', '546', '548', '549', '550', '551', '552', '553', '554', '555', '556', '557', '558', '559', '560', '561', '562', '563', '564', '565', '566', '567', '568', '570', '572', '573', '575', '576', '577', '578', '579', '580', '582', '583', '584', '585', '586', '587', '588', '589', '590', '591', '594', '595', '596', '597', '598', '599']}})
 Cluster1  4
 Cluster to drop  0
 After reassigning and merging cells 
 Timepoint  2
 Cluster  2  # of cells  69
 Cluster  3  # of cells  31
 Timepoint  3
 Cluster  3  # of cells  66
 Cluster  4  # of cells  434
 Tp cluster cell dict  {'2_2': 69, '3_2': 31, '3_3': 66, '4_3': 434}
 New Graph is here 
 ID  0  Timepoint  1  Mutations  []  Type  subclone
 ID  1  Timepoint  2  Mutations  [4, 5, 6, 7, 8, 9, 10, 11, 12, 13]  Type  subclone
 ID  2  Timepoint  2  Mutations  [4, 5, 14, 15, 16, 17, 18, 19]  Type  subclone
 ID  3  Timepoint  3  Mutations  [4, 5, 14, 15, 16, 17, 18, 19]  Type  subclone
 ID  4  Timepoint  3  Mutations  [4, 5, 14, 15, 16, 17, 18, 19, 20, 21, 22, 23, 24, 25, 26, 27, 28, 29, 30]  Type  subclone
Timepoints  SortedDict({1: [0], 2: [1, 2], 3: [3, 4]})
 Clone to nodes  {'2_2': 1, '3_2': 2, '3_3': 3, '4_3': 4}
 Timepoint ====  1
 Hash table  {'0,1': [4, 5], '0': [6, 7, 8, 9, 10, 11, 12, 13], '1': [14, 15, 16, 17, 18, 19]}
 Final possible usc  [[4, 5], [6, 7, 8, 9, 10, 11, 12, 13], [14, 15, 16, 17, 18, 19]]
 Time  1  USC keys  {'14,15,16,17,18,19_0', '6,7,8,9,10,11,12,13_0', '4,5_0'}
 USC children  {'4,5_0': [1, 2], '6,7,8,9,10,11,12,13_0': [1], '14,15,16,17,18,19_0': [2]}
 USC children  {'4,5_0': [1, 2], '6,7,8,9,10,11,12,13_0': [1], '14,15,16,17,18,19_0': [2]}
 Timepoint ====  2
 Hash table  {'0': [4, 5, 14, 15, 16, 17, 18, 19, 20, 21, 22, 23, 24, 25, 26, 27, 28, 29, 30]}
====== Inside find superset of t nodes ==========
 Final possible usc  [[4, 5, 14, 15, 16, 17, 18, 19, 20, 21, 22, 23, 24, 25, 26, 27, 28, 29, 30]]
 Time  2  USC keys  {'4,5,14,15,16,17,18,19,20,21,22,23,24,25,26,27,28,29,30_2'}
 USC children  {'4,5_0': [1, 2], '6,7,8,9,10,11,12,13_0': [1], '14,15,16,17,18,19_0': [2], '4,5,14,15,16,17,18,19,20,21,22,23,24,25,26,27,28,29,30_2': [4]}
 USC children  {'4,5_0': [1, 2], '6,7,8,9,10,11,12,13_0': [1], '14,15,16,17,18,19_0': [2], '4,5,14,15,16,17,18,19,20,21,22,23,24,25,26,27,28,29,30_2': [4]}
 Node s  {'1,2': ['4', '5'], '4': ['4', '5', '14', '15', '16', '17', '18', '19', '20', '21', '22', '23', '24', '25', '26', '27', '28', '29', '30']}
 Enroll USC nodes  ['1', '2']  len  2
 Enroll USC nodes  ['4']  len  1
 Node TP  SortedDict({1: [0], 2: [1, 2], 3: [3, 4]})
 Unobserved subclones at timepoints  {1.5: [5]}
 ============== Inside finding node v ============ 
 Time  2
 Time  3
 largest_v_mut  [[4, 5, 14, 15, 16, 17, 18, 19]]
 Sorted all timepoints  [1, 1.5, 2, 3]
 Timepoint  2
 Inside usc_node check  2
 Timepoint  3
0   1   [-1]   subclone   []   []
1   2   [5]   subclone   [4, 5, 6, 7, 8, 9, 10, 11, 12, 13]   [8]
2   2   [5]   subclone   [4, 5, 14, 15, 16, 17, 18, 19]   [6]
3   3   [2]   subclone   [4, 5, 14, 15, 16, 17, 18, 19]   [0]
4   3   [2]   subclone   [4, 5, 14, 15, 16, 17, 18, 19, 20, 21, 22, 23, 24, 25, 26, 27, 28, 29, 30]   [11]
5   1.5   [0]   unobserved subclone   [4, 5]   [2]
4
 Total estimated FP  67  True negatives  7032
 Total estimated FN  772  True positives  7009
 Estimated FP rate  0.00947
 Estimated FN rate  0.1
 No. of Cells in each cluster  {'2_2': 69, '3_2': 31, '3_3': 66, '0_3': 430, '1_3': 4}
 Cells in each cluster  {'2_2': [0, 1, 2, 3, 4, 5, 6, 7, 8, 9, 10, 11, 12, 13, 14, 15, 16, 17, 18, 19, 20, 21, 22, 23, 24, 25, 26, 27, 28, 29, 30, 31, 32, 33, 34, 35, 36, 37, 38, 39, 40, 41, 42, 43, 44, 45, 46, 47, 48, 49, 50, 51, 52, 53, 54, 55, 56, 57, 58, 59, 60, 61, 62, 63, 64, 65, 66, 67, 68], '3_2': [69, 70, 71, 72, 73, 74, 75, 76, 77, 78, 79, 80, 81, 82, 83, 84, 85, 86, 87, 88, 89, 90, 91, 92, 93, 94, 95, 96, 97, 98, 99], '3_3': [100, 101, 102, 103, 104, 105, 106, 107, 108, 109, 110, 111, 112, 113, 114, 115, 116, 117, 118, 119, 120, 121, 122, 123, 124, 125, 126, 127, 128, 129, 130, 131, 132, 133, 134, 135, 136, 137, 138, 139, 140, 141, 142, 143, 144, 145, 146, 147, 148, 149, 150, 151, 152, 153, 154, 155, 156, 157, 158, 159, 160, 161, 162, 163, 164, 165], '0_3': [166, 167, 168, 169, 170, 171, 172, 173, 174, 175, 176, 177, 178, 179, 180, 181, 182, 183, 184, 185, 186, 187, 188, 189, 190, 191, 192, 193, 194, 195, 196, 197, 198, 199, 200, 201, 202, 203, 204, 205, 206, 207, 208, 209, 210, 211, 212, 213, 214, 215, 216, 217, 218, 219, 220, 221, 222, 223, 224, 225, 227, 228, 229, 230, 231, 232, 233, 234, 235, 236, 237, 238, 239, 240, 241, 242, 243, 244, 245, 246, 247, 248, 249, 250, 251, 252, 253, 254, 255, 256, 257, 258, 259, 260, 261, 262, 263, 264, 265, 266, 267, 268, 269, 270, 271, 272, 273, 274, 275, 276, 277, 278, 279, 280, 281, 282, 283, 284, 285, 286, 287, 288, 289, 290, 291, 292, 293, 294, 295, 296, 297, 298, 299, 300, 301, 302, 303, 304, 305, 306, 307, 308, 309, 310, 311, 312, 313, 314, 315, 316, 317, 318, 319, 320, 321, 322, 323, 324, 325, 326, 327, 328, 329, 330, 331, 332, 333, 334, 335, 336, 337, 338, 339, 340, 341, 342, 343, 344, 345, 346, 347, 348, 349, 350, 351, 352, 353, 354, 355, 356, 357, 358, 359, 360, 361, 362, 363, 364, 365, 366, 367, 368, 369, 370, 371, 372, 373, 374, 375, 376, 377, 378, 379, 380, 381, 382, 383, 384, 385, 386, 387, 388, 389, 390, 391, 392, 393, 394, 395, 396, 397, 398, 399, 400, 401, 402, 403, 404, 405, 406, 407, 408, 409, 410, 411, 412, 413, 414, 415, 416, 417, 418, 419, 420, 421, 422, 423, 424, 425, 426, 427, 428, 429, 430, 431, 432, 433, 434, 435, 436, 437, 438, 439, 440, 441, 442, 443, 444, 445, 446, 447, 448, 449, 450, 451, 452, 453, 454, 455, 456, 457, 458, 459, 460, 461, 462, 463, 464, 465, 466, 467, 468, 469, 470, 471, 472, 473, 474, 475, 476, 477, 478, 479, 480, 481, 482, 483, 484, 485, 486, 487, 488, 489, 490, 491, 492, 493, 494, 495, 496, 497, 498, 499, 500, 501, 502, 503, 504, 505, 506, 507, 508, 509, 510, 511, 512, 513, 514, 515, 516, 517, 518, 519, 520, 521, 522, 523, 524, 525, 526, 527, 528, 529, 530, 531, 532, 533, 534, 535, 536, 537, 538, 539, 541, 542, 543, 544, 545, 546, 547, 548, 549, 550, 551, 552, 553, 554, 555, 556, 557, 558, 559, 560, 561, 562, 563, 564, 565, 566, 567, 568, 570, 571, 572, 573, 574, 575, 576, 577, 578, 579, 580, 581, 582, 583, 584, 585, 586, 587, 588, 589, 590, 591, 592, 594, 595, 596, 597, 598, 599], '1_3': [226, 540, 569, 593]}
FP rate  0.00947 FN rate  0.1
 Before reassigning cells 
 Timepoint  2
 Cluster  2  # of cells  69
 Cluster  3  # of cells  31
 Timepoint  3
 Cluster  3  # of cells  66
 Cluster  0  # of cells  411
 Cluster  1  # of cells  14
 Cells absent at timepoint  2   set()
 Cells absent at timepoint  3   {581, 200, 202, 314, 368, 592, 531, 442, 541}
 Missing cell prob  {'0': 0.0022892677536160205, '1': 0.0022892677536160205, '3': 3.23829576075205e-16}
 Missing cell prob  {'0': 0.18543068804289764, '1': 0.18543068804289764, '3': 2.7863865575893426e-17}
 Missing cell prob  {'0': 2.267588387989277e-05, '1': 2.2675883879892775e-05, '3': 3.1471642678102095e-16}
 Missing cell prob  {'0': 0.1766925825172132, '1': 0.1766925825172132, '3': 2.9396323227561055e-21}
 Missing cell prob  {'0': 2.8532770193186528e-05, '1': 2.8532770193186528e-05, '3': 3.9600359257996645e-16}
 Missing cell prob  {'0': 0.018543068804289763, '1': 0.018543068804289763, '3': 2.904132782904284e-19}
 Missing cell prob  {'0': 0.0032006176483730386, '1': 0.0032006176483730386, '3': 4.527450555376605e-16}
 Missing cell prob  {'0': 0.02543630837351134, '1': 0.02543630837351134, '3': 3.9837212385518296e-19}
 Missing cell prob  {'0': 0.00023332502656639464, '1': 0.00023332502656639464, '3': 3.6542325646050645e-21}
 Timepoint  2
 Timepoint  3
SortedDict({2: {'2': ['0', '1', '2', '3', '4', '5', '6', '7', '8', '9', '10', '11', '12', '13', '14', '15', '16', '17', '18', '19', '20', '21', '22', '23', '24', '25', '26', '27', '28', '29', '30', '31', '32', '33', '34', '35', '36', '37', '38', '39', '40', '41', '42', '43', '44', '45', '46', '47', '48', '49', '50', '51', '52', '53', '54', '55', '56', '57', '58', '59', '60', '61', '62', '63', '64', '65', '66', '67', '68'], '3': ['69', '70', '71', '72', '73', '74', '75', '76', '77', '78', '79', '80', '81', '82', '83', '84', '85', '86', '87', '88', '89', '90', '91', '92', '93', '94', '95', '96', '97', '98', '99']}, 3: {'3': ['100', '101', '102', '103', '104', '105', '106', '107', '108', '109', '110', '111', '112', '113', '114', '115', '116', '117', '118', '119', '120', '121', '122', '123', '124', '125', '126', '127', '128', '129', '130', '131', '132', '133', '134', '135', '136', '137', '138', '139', '140', '141', '142', '143', '144', '145', '146', '147', '148', '149', '150', '151', '152', '153', '154', '155', '156', '157', '158', '159', '160', '161', '162', '163', '164', '165'], '0': ['166', '167', '168', '169', '170', '171', '172', '173', '174', '175', '176', '177', '178', '179', '180', '181', '182', '183', '184', '185', '186', '187', '188', '189', '190', '191', '192', '193', '194', '195', '196', '197', '198', '199', '201', '203', '204', '205', '206', '207', '208', '209', '210', '211', '212', '213', '214', '215', '216', '217', '218', '219', '220', '221', '222', '223', '224', '225', '227', '228', '229', '230', '231', '232', '233', '234', '235', '236', '237', '238', '239', '240', '241', '242', '243', '244', '245', '246', '247', '249', '250', '251', '252', '253', '254', '255', '256', '257', '258', '259', '260', '261', '262', '263', '264', '265', '266', '267', '268', '269', '270', '271', '272', '273', '274', '275', '276', '277', '278', '279', '280', '281', '283', '284', '285', '286', '287', '288', '289', '290', '291', '292', '293', '294', '295', '296', '297', '298', '299', '300', '301', '302', '303', '304', '305', '307', '308', '309', '310', '311', '312', '313', '315', '316', '317', '318', '319', '321', '322', '323', '324', '325', '327', '328', '329', '330', '331', '332', '333', '334', '335', '336', '337', '338', '339', '340', '341', '342', '343', '344', '345', '346', '347', '348', '349', '350', '351', '352', '353', '354', '355', '356', '357', '358', '359', '360', '361', '363', '364', '365', '366', '367', '369', '370', '371', '372', '373', '374', '375', '376', '377', '378', '379', '380', '381', '382', '383', '384', '385', '386', '387', '388', '389', '391', '392', '393', '394', '395', '396', '397', '398', '399', '400', '401', '402', '403', '404', '405', '406', '407', '408', '409', '410', '411', '412', '413', '414', '415', '416', '417', '418', '419', '420', '421', '422', '423', '424', '425', '426', '427', '428', '429', '430', '431', '432', '433', '434', '435', '436', '437', '438', '439', '440', '441', '443', '444', '445', '446', '447', '448', '449', '450', '451', '452', '453', '454', '455', '456', '457', '458', '459', '460', '461', '462', '463', '464', '465', '466', '467', '468', '469', '470', '471', '472', '473', '474', '475', '476', '477', '478', '479', '480', '481', '482', '483', '484', '485', '486', '487', '488', '489', '490', '491', '492', '493', '494', '495', '496', '497', '498', '499', '500', '501', '502', '503', '504', '505', '506', '507', '508', '509', '510', '512', '513', '514', '515', '516', '517', '518', '519', '520', '521', '522', '523', '525', '526', '527', '528', '529', '530', '532', '533', '534', '535', '536', '537', '538', '539', '542', '543', '544', '545', '546', '547', '548', '549', '550', '551', '552', '553', '554', '555', '556', '557', '558', '559', '560', '561', '562', '563', '564', '565', '566', '567', '568', '570', '572', '573', '574', '575', '576', '577', '578', '579', '580', '582', '583', '584', '585', '586', '587', '588', '589', '590', '591', '594', '595', '596', '597', '598', '599', '581', '200', '314', '368', '592', '531', '442', '541'], '1': ['226', '248', '282', '306', '320', '326', '362', '390', '511', '524', '540', '569', '571', '593', '202']}})
 Cluster1  0
 Cluster to drop  1
 After reassigning and merging cells 
 Timepoint  2
 Cluster  2  # of cells  69
 Cluster  3  # of cells  31
 Timepoint  3
 Cluster  3  # of cells  66
 Cluster  0  # of cells  434
 Tp cluster cell dict  {'2_2': 69, '3_2': 31, '3_3': 66, '0_3': 434}
 New Graph is here 
 ID  0  Timepoint  1  Mutations  []  Type  subclone
 ID  1  Timepoint  2  Mutations  [4, 5, 6, 7, 8, 9, 10, 11, 12, 13]  Type  subclone
 ID  2  Timepoint  2  Mutations  [4, 5, 14, 15, 16, 17, 18, 19]  Type  subclone
 ID  3  Timepoint  3  Mutations  [4, 5, 14, 15, 16, 17, 18, 19]  Type  subclone
 ID  4  Timepoint  3  Mutations  [4, 5, 14, 15, 16, 17, 18, 19, 20, 21, 22, 23, 24, 25, 26, 27, 28, 29, 30]  Type  subclone
Timepoints  SortedDict({1: [0], 2: [1, 2], 3: [3, 4]})
 Clone to nodes  {'2_2': 1, '3_2': 2, '3_3': 3, '0_3': 4}
 Timepoint ====  1
 Hash table  {'0,1': [4, 5], '0': [6, 7, 8, 9, 10, 11, 12, 13], '1': [14, 15, 16, 17, 18, 19]}
 Final possible usc  [[4, 5], [6, 7, 8, 9, 10, 11, 12, 13], [14, 15, 16, 17, 18, 19]]
 Time  1  USC keys  {'4,5_0', '14,15,16,17,18,19_0', '6,7,8,9,10,11,12,13_0'}
 USC children  {'4,5_0': [1, 2], '6,7,8,9,10,11,12,13_0': [1], '14,15,16,17,18,19_0': [2]}
 USC children  {'4,5_0': [1, 2], '6,7,8,9,10,11,12,13_0': [1], '14,15,16,17,18,19_0': [2]}
 Timepoint ====  2
 Hash table  {'0': [4, 5, 14, 15, 16, 17, 18, 19, 20, 21, 22, 23, 24, 25, 26, 27, 28, 29, 30]}
====== Inside find superset of t nodes ==========
 Final possible usc  [[4, 5, 14, 15, 16, 17, 18, 19, 20, 21, 22, 23, 24, 25, 26, 27, 28, 29, 30]]
 Time  2  USC keys  {'4,5,14,15,16,17,18,19,20,21,22,23,24,25,26,27,28,29,30_2'}
 USC children  {'4,5_0': [1, 2], '6,7,8,9,10,11,12,13_0': [1], '14,15,16,17,18,19_0': [2], '4,5,14,15,16,17,18,19,20,21,22,23,24,25,26,27,28,29,30_2': [4]}
 USC children  {'4,5_0': [1, 2], '6,7,8,9,10,11,12,13_0': [1], '14,15,16,17,18,19_0': [2], '4,5,14,15,16,17,18,19,20,21,22,23,24,25,26,27,28,29,30_2': [4]}
 Node s  {'1,2': ['4', '5'], '4': ['4', '5', '14', '15', '16', '17', '18', '19', '20', '21', '22', '23', '24', '25', '26', '27', '28', '29', '30']}
 Enroll USC nodes  ['1', '2']  len  2
 Enroll USC nodes  ['4']  len  1
 Node TP  SortedDict({1: [0], 2: [1, 2], 3: [3, 4]})
 Unobserved subclones at timepoints  {1.5: [5]}
 ============== Inside finding node v ============ 
 Time  2
 Time  3
 largest_v_mut  [[4, 5, 14, 15, 16, 17, 18, 19]]
 Sorted all timepoints  [1, 1.5, 2, 3]
 Timepoint  2
 Inside usc_node check  2
 Timepoint  3
0   1   [-1]   subclone   []   []
1   2   [5]   subclone   [4, 5, 6, 7, 8, 9, 10, 11, 12, 13]   [8]
2   2   [5]   subclone   [4, 5, 14, 15, 16, 17, 18, 19]   [6]
3   3   [2]   subclone   [4, 5, 14, 15, 16, 17, 18, 19]   [0]
4   3   [2]   subclone   [4, 5, 14, 15, 16, 17, 18, 19, 20, 21, 22, 23, 24, 25, 26, 27, 28, 29, 30]   [11]
5   1.5   [0]   unobserved subclone   [4, 5]   [2]
5
 Total estimated FP  68  True negatives  7033
 Total estimated FN  771  True positives  7008
 Estimated FP rate  0.00961
 Estimated FN rate  0.1
 No. of Cells in each cluster  {'2_2': 69, '3_2': 31, '3_3': 66, '1_3': 4, '4_3': 430}
 Cells in each cluster  {'2_2': [0, 1, 2, 3, 4, 5, 6, 7, 8, 9, 10, 11, 12, 13, 14, 15, 16, 17, 18, 19, 20, 21, 22, 23, 24, 25, 26, 27, 28, 29, 30, 31, 32, 33, 34, 35, 36, 37, 38, 39, 40, 41, 42, 43, 44, 45, 46, 47, 48, 49, 50, 51, 52, 53, 54, 55, 56, 57, 58, 59, 60, 61, 62, 63, 64, 65, 66, 67, 68], '3_2': [69, 70, 71, 72, 73, 74, 75, 76, 77, 78, 79, 80, 81, 82, 83, 84, 85, 86, 87, 88, 89, 90, 91, 92, 93, 94, 95, 96, 97, 98, 99], '3_3': [100, 101, 102, 103, 104, 105, 106, 107, 108, 109, 110, 111, 112, 113, 114, 115, 116, 117, 118, 119, 120, 121, 122, 123, 124, 125, 126, 127, 128, 129, 130, 131, 132, 133, 134, 135, 136, 137, 138, 139, 140, 141, 142, 143, 144, 145, 146, 147, 148, 149, 150, 151, 152, 153, 154, 155, 156, 157, 158, 159, 160, 161, 162, 163, 164, 165], '1_3': [226, 540, 569, 593], '4_3': [166, 167, 168, 170, 171, 172, 173, 174, 175, 176, 177, 178, 179, 180, 181, 182, 183, 184, 185, 186, 187, 188, 189, 190, 191, 192, 193, 194, 195, 196, 197, 198, 199, 200, 201, 202, 203, 204, 205, 206, 207, 208, 209, 210, 211, 212, 213, 214, 215, 216, 217, 218, 219, 220, 221, 222, 223, 224, 225, 227, 228, 229, 230, 231, 232, 233, 234, 235, 236, 237, 238, 239, 240, 241, 242, 243, 244, 245, 246, 247, 248, 249, 250, 252, 253, 254, 255, 256, 257, 258, 260, 261, 262, 263, 264, 265, 266, 267, 268, 269, 270, 271, 272, 273, 274, 275, 276, 277, 278, 279, 280, 281, 282, 283, 284, 285, 286, 287, 288, 289, 290, 291, 292, 293, 294, 295, 296, 297, 298, 299, 300, 301, 302, 303, 304, 305, 306, 307, 308, 309, 310, 311, 312, 313, 314, 315, 316, 317, 318, 319, 320, 321, 322, 323, 324, 325, 326, 327, 328, 329, 330, 331, 332, 333, 334, 335, 336, 337, 338, 339, 340, 341, 342, 343, 344, 345, 346, 347, 348, 349, 350, 351, 352, 353, 354, 355, 356, 358, 359, 360, 361, 362, 363, 364, 365, 366, 367, 368, 369, 370, 371, 372, 373, 374, 375, 376, 377, 378, 379, 380, 381, 382, 383, 384, 385, 386, 387, 388, 389, 390, 392, 393, 394, 395, 396, 397, 398, 399, 400, 401, 402, 403, 404, 405, 406, 407, 408, 409, 410, 411, 412, 413, 414, 415, 416, 417, 418, 419, 420, 421, 422, 423, 424, 425, 426, 427, 428, 429, 430, 431, 432, 433, 434, 435, 436, 437, 438, 439, 440, 441, 442, 443, 444, 445, 446, 447, 448, 449, 450, 451, 452, 453, 454, 455, 456, 457, 458, 459, 460, 461, 462, 463, 464, 465, 466, 467, 468, 469, 470, 471, 472, 473, 474, 475, 476, 477, 478, 479, 480, 481, 482, 483, 484, 485, 486, 487, 488, 489, 490, 491, 492, 493, 494, 495, 496, 497, 498, 499, 500, 501, 502, 503, 504, 505, 506, 507, 508, 509, 510, 511, 512, 513, 514, 517, 518, 519, 520, 521, 522, 523, 524, 525, 526, 527, 528, 529, 530, 531, 532, 533, 534, 535, 536, 537, 538, 539, 541, 542, 543, 544, 545, 546, 547, 548, 549, 550, 551, 552, 553, 554, 555, 556, 557, 559, 560, 561, 562, 563, 564, 565, 566, 567, 568, 570, 571, 572, 573, 574, 575, 576, 577, 578, 579, 580, 581, 582, 583, 584, 585, 586, 587, 588, 589, 590, 591, 592, 594, 595, 596, 597, 598, 599, 169, 251, 259, 357, 391, 515, 516, 558]}
FP rate  0.00961 FN rate  0.1
 Before reassigning cells 
 Timepoint  2
 Cluster  2  # of cells  69
 Cluster  3  # of cells  31
 Timepoint  3
 Cluster  3  # of cells  66
 Cluster  1  # of cells  15
 Cluster  4  # of cells  417
 Cells absent at timepoint  2   set()
 Cells absent at timepoint  3   {396, 188}
 Missing cell prob  {'1': 0.028492468050554814, '4': 0.028492468050554814, '3': 4.46583285189254e-15}
 Missing cell prob  {'1': 3.7560029899291048e-06, '4': 3.7560029899291056e-06, '3': 5.1137891064699404e-14}
 Timepoint  2
 Timepoint  3
SortedDict({2: {'2': ['0', '1', '2', '3', '4', '5', '6', '7', '8', '9', '10', '11', '12', '13', '14', '15', '16', '17', '18', '19', '20', '21', '22', '23', '24', '25', '26', '27', '28', '29', '30', '31', '32', '33', '34', '35', '36', '37', '38', '39', '40', '41', '42', '43', '44', '45', '46', '47', '48', '49', '50', '51', '52', '53', '54', '55', '56', '57', '58', '59', '60', '61', '62', '63', '64', '65', '66', '67', '68'], '3': ['69', '70', '71', '72', '73', '74', '75', '76', '77', '78', '79', '80', '81', '82', '83', '84', '85', '86', '87', '88', '89', '90', '91', '92', '93', '94', '95', '96', '97', '98', '99']}, 3: {'3': ['100', '101', '102', '103', '104', '105', '106', '107', '108', '109', '110', '111', '112', '113', '114', '115', '116', '117', '118', '119', '120', '121', '122', '123', '124', '125', '126', '127', '128', '129', '130', '131', '132', '133', '134', '135', '136', '137', '138', '139', '140', '141', '142', '143', '144', '145', '146', '147', '148', '149', '150', '151', '152', '153', '154', '155', '156', '157', '158', '159', '160', '161', '162', '163', '164', '165'], '1': ['226', '248', '306', '320', '362', '368', '373', '376', '390', '511', '540', '569', '571', '581', '593', '396'], '4': ['166', '167', '168', '169', '170', '171', '172', '173', '174', '175', '176', '177', '178', '179', '180', '181', '182', '183', '184', '185', '186', '187', '189', '190', '191', '192', '193', '194', '195', '196', '197', '198', '199', '200', '201', '202', '203', '204', '205', '206', '207', '208', '209', '210', '211', '212', '213', '214', '215', '216', '217', '218', '219', '220', '221', '222', '223', '224', '225', '227', '228', '229', '230', '231', '232', '233', '234', '235', '236', '237', '238', '239', '240', '241', '242', '243', '244', '245', '246', '247', '249', '250', '251', '252', '253', '254', '255', '256', '257', '258', '259', '260', '261', '262', '263', '264', '265', '266', '267', '268', '269', '270', '271', '272', '273', '274', '275', '276', '277', '278', '279', '280', '281', '282', '283', '284', '285', '286', '287', '288', '289', '290', '291', '292', '293', '294', '295', '296', '297', '298', '299', '300', '301', '302', '303', '304', '305', '307', '308', '309', '310', '311', '312', '313', '314', '315', '316', '317', '318', '319', '321', '322', '323', '324', '325', '326', '327', '328', '329', '330', '331', '332', '333', '334', '335', '336', '337', '338', '339', '340', '341', '342', '343', '344', '345', '346', '347', '348', '349', '350', '351', '352', '353', '354', '355', '356', '357', '358', '359', '360', '361', '363', '364', '365', '366', '367', '369', '370', '371', '372', '374', '375', '377', '378', '379', '380', '381', '382', '383', '384', '385', '386', '387', '388', '389', '391', '392', '393', '394', '395', '397', '398', '399', '400', '401', '402', '403', '404', '405', '406', '407', '408', '409', '410', '411', '412', '413', '414', '415', '416', '417', '418', '419', '420', '421', '422', '423', '424', '425', '426', '427', '428', '429', '430', '431', '432', '433', '434', '435', '436', '437', '438', '439', '440', '441', '442', '443', '444', '445', '446', '447', '448', '449', '450', '451', '452', '453', '454', '455', '456', '457', '458', '459', '460', '461', '462', '463', '464', '465', '466', '467', '468', '469', '470', '471', '472', '473', '474', '475', '476', '477', '478', '479', '480', '481', '482', '483', '484', '485', '486', '487', '488', '489', '490', '491', '492', '493', '494', '495', '496', '497', '498', '499', '500', '501', '502', '503', '504', '505', '506', '507', '508', '509', '510', '512', '513', '514', '515', '516', '517', '518', '519', '520', '521', '522', '523', '524', '525', '526', '527', '528', '529', '530', '531', '532', '533', '534', '535', '536', '537', '538', '539', '541', '542', '543', '544', '545', '546', '547', '548', '549', '550', '551', '552', '553', '554', '555', '556', '557', '558', '559', '560', '561', '562', '563', '564', '565', '566', '567', '568', '570', '572', '573', '574', '575', '576', '577', '578', '579', '580', '582', '583', '584', '585', '586', '587', '588', '589', '590', '591', '592', '594', '595', '596', '597', '598', '599', '188']}})
 Cluster1  1
 Cluster to drop  4
 After reassigning and merging cells 
 Timepoint  2
 Cluster  2  # of cells  69
 Cluster  3  # of cells  31
 Timepoint  3
 Cluster  3  # of cells  66
 Cluster  1  # of cells  434
 Tp cluster cell dict  {'2_2': 69, '3_2': 31, '3_3': 66, '1_3': 434}
 New Graph is here 
 ID  0  Timepoint  1  Mutations  []  Type  subclone
 ID  1  Timepoint  2  Mutations  [4, 5, 6, 7, 8, 9, 10, 11, 12, 13]  Type  subclone
 ID  2  Timepoint  2  Mutations  [4, 5, 14, 15, 16, 17, 18, 19]  Type  subclone
 ID  3  Timepoint  3  Mutations  [4, 5, 14, 15, 16, 17, 18, 19]  Type  subclone
 ID  4  Timepoint  3  Mutations  [4, 5, 14, 15, 16, 17, 18, 19, 20, 21, 22, 23, 24, 25, 26, 27, 28, 29, 30]  Type  subclone
Timepoints  SortedDict({1: [0], 2: [1, 2], 3: [3, 4]})
 Clone to nodes  {'2_2': 1, '3_2': 2, '3_3': 3, '1_3': 4}
 Timepoint ====  1
 Hash table  {'0,1': [4, 5], '0': [6, 7, 8, 9, 10, 11, 12, 13], '1': [14, 15, 16, 17, 18, 19]}
 Final possible usc  [[4, 5], [6, 7, 8, 9, 10, 11, 12, 13], [14, 15, 16, 17, 18, 19]]
 Time  1  USC keys  {'4,5_0', '6,7,8,9,10,11,12,13_0', '14,15,16,17,18,19_0'}
 USC children  {'4,5_0': [1, 2], '6,7,8,9,10,11,12,13_0': [1], '14,15,16,17,18,19_0': [2]}
 USC children  {'4,5_0': [1, 2], '6,7,8,9,10,11,12,13_0': [1], '14,15,16,17,18,19_0': [2]}
 Timepoint ====  2
 Hash table  {'0': [4, 5, 14, 15, 16, 17, 18, 19, 20, 21, 22, 23, 24, 25, 26, 27, 28, 29, 30]}
====== Inside find superset of t nodes ==========
 Final possible usc  [[4, 5, 14, 15, 16, 17, 18, 19, 20, 21, 22, 23, 24, 25, 26, 27, 28, 29, 30]]
 Time  2  USC keys  {'4,5,14,15,16,17,18,19,20,21,22,23,24,25,26,27,28,29,30_2'}
 USC children  {'4,5_0': [1, 2], '6,7,8,9,10,11,12,13_0': [1], '14,15,16,17,18,19_0': [2], '4,5,14,15,16,17,18,19,20,21,22,23,24,25,26,27,28,29,30_2': [4]}
 USC children  {'4,5_0': [1, 2], '6,7,8,9,10,11,12,13_0': [1], '14,15,16,17,18,19_0': [2], '4,5,14,15,16,17,18,19,20,21,22,23,24,25,26,27,28,29,30_2': [4]}
 Node s  {'1,2': ['4', '5'], '4': ['4', '5', '14', '15', '16', '17', '18', '19', '20', '21', '22', '23', '24', '25', '26', '27', '28', '29', '30']}
 Enroll USC nodes  ['1', '2']  len  2
 Enroll USC nodes  ['4']  len  1
 Node TP  SortedDict({1: [0], 2: [1, 2], 3: [3, 4]})
 Unobserved subclones at timepoints  {1.5: [5]}
 ============== Inside finding node v ============ 
 Time  2
 Time  3
 largest_v_mut  [[4, 5, 14, 15, 16, 17, 18, 19]]
 Sorted all timepoints  [1, 1.5, 2, 3]
 Timepoint  2
 Inside usc_node check  2
 Timepoint  3
0   1   [-1]   subclone   []   []
1   2   [5]   subclone   [4, 5, 6, 7, 8, 9, 10, 11, 12, 13]   [8]
2   2   [5]   subclone   [4, 5, 14, 15, 16, 17, 18, 19]   [6]
3   3   [2]   subclone   [4, 5, 14, 15, 16, 17, 18, 19]   [0]
4   3   [2]   subclone   [4, 5, 14, 15, 16, 17, 18, 19, 20, 21, 22, 23, 24, 25, 26, 27, 28, 29, 30]   [11]
5   1.5   [0]   unobserved subclone   [4, 5]   [2]
5
 Total estimated FP  71  True negatives  7039
 Total estimated FN  765  True positives  7005
 Estimated FP rate  0.01003
 Estimated FN rate  0.1
 No. of Cells in each cluster  {'2_2': 69, '3_2': 31, '3_3': 66, '1_3': 6, '0_3': 428}
 Cells in each cluster  {'2_2': [0, 1, 2, 3, 4, 5, 6, 7, 8, 9, 10, 11, 12, 13, 14, 15, 16, 17, 18, 19, 20, 21, 22, 23, 24, 25, 26, 27, 28, 29, 30, 31, 32, 33, 34, 35, 36, 37, 38, 39, 40, 41, 42, 43, 44, 45, 46, 47, 48, 49, 50, 51, 52, 53, 54, 55, 56, 57, 58, 59, 60, 61, 62, 63, 64, 65, 66, 67, 68], '3_2': [69, 70, 71, 72, 73, 74, 75, 76, 77, 78, 79, 80, 81, 82, 83, 84, 85, 86, 87, 88, 89, 90, 91, 92, 93, 94, 95, 96, 97, 98, 99], '3_3': [100, 101, 102, 103, 104, 105, 106, 107, 108, 109, 110, 111, 112, 113, 114, 115, 116, 117, 118, 119, 120, 121, 122, 123, 124, 125, 126, 127, 128, 129, 130, 131, 132, 133, 134, 135, 136, 137, 138, 139, 140, 141, 142, 143, 144, 145, 146, 147, 148, 149, 150, 151, 152, 153, 154, 155, 156, 157, 158, 159, 160, 161, 162, 163, 164, 165], '1_3': [226, 306, 524, 540, 569, 593], '0_3': [169, 174, 251, 252, 259, 352, 357, 391, 393, 402, 515, 516, 558, 573, 166, 167, 168, 170, 171, 172, 173, 175, 176, 177, 178, 179, 180, 181, 182, 183, 184, 185, 186, 187, 188, 189, 190, 191, 192, 193, 194, 195, 196, 197, 198, 199, 200, 201, 202, 203, 204, 205, 206, 207, 208, 209, 210, 211, 212, 213, 214, 215, 216, 217, 218, 219, 220, 221, 222, 223, 224, 225, 227, 228, 229, 230, 231, 232, 233, 234, 235, 236, 237, 238, 239, 240, 241, 242, 243, 244, 245, 246, 247, 248, 249, 250, 253, 254, 255, 256, 257, 258, 260, 261, 262, 263, 264, 265, 266, 267, 268, 269, 270, 271, 272, 273, 274, 275, 276, 277, 278, 279, 280, 281, 282, 283, 284, 285, 286, 287, 288, 289, 290, 291, 292, 293, 294, 295, 296, 297, 298, 299, 300, 301, 302, 303, 304, 305, 307, 308, 309, 310, 311, 312, 313, 314, 315, 316, 317, 318, 319, 320, 321, 322, 323, 324, 325, 326, 327, 328, 329, 330, 331, 332, 333, 334, 335, 336, 337, 338, 339, 340, 341, 342, 343, 344, 345, 346, 347, 348, 349, 350, 351, 353, 354, 355, 356, 358, 359, 360, 361, 362, 363, 364, 365, 366, 367, 368, 369, 370, 371, 372, 373, 374, 375, 376, 377, 378, 379, 380, 381, 382, 383, 384, 385, 386, 387, 388, 389, 390, 392, 394, 395, 396, 397, 398, 399, 400, 401, 403, 404, 405, 406, 407, 408, 409, 410, 411, 412, 413, 414, 415, 416, 417, 418, 419, 420, 421, 422, 423, 424, 425, 426, 427, 428, 429, 430, 431, 432, 433, 434, 435, 436, 437, 438, 439, 440, 441, 442, 443, 444, 445, 446, 447, 448, 449, 450, 451, 452, 453, 454, 455, 456, 457, 458, 459, 460, 461, 462, 463, 464, 465, 466, 467, 468, 469, 470, 471, 472, 473, 474, 475, 476, 477, 478, 479, 480, 481, 482, 483, 484, 485, 486, 487, 488, 489, 490, 491, 492, 493, 494, 495, 496, 497, 498, 499, 500, 501, 502, 503, 504, 505, 506, 507, 508, 509, 510, 511, 512, 513, 514, 517, 518, 519, 520, 521, 522, 523, 525, 526, 527, 528, 529, 530, 531, 532, 533, 534, 535, 536, 537, 538, 539, 541, 542, 543, 544, 545, 546, 547, 548, 549, 550, 551, 552, 553, 554, 555, 556, 557, 559, 560, 561, 562, 563, 564, 565, 566, 567, 568, 570, 571, 572, 574, 575, 576, 577, 578, 579, 580, 581, 582, 583, 584, 585, 586, 587, 588, 589, 590, 591, 592, 594, 595, 596, 597, 598, 599]}
FP rate  0.01003 FN rate  0.1
 Before reassigning cells 
 Timepoint  2
 Cluster  2  # of cells  69
 Cluster  3  # of cells  31
 Timepoint  3
 Cluster  3  # of cells  66
 Cluster  1  # of cells  16
 Cluster  0  # of cells  417
 Cells absent at timepoint  2   set()
 Cells absent at timepoint  3   {469}
 Missing cell prob  {'3': 5.3590081666676863e-17, '1': 0.22522522540022183, '0': 0.22522522540022183}
 Timepoint  2
 Timepoint  3
SortedDict({2: {'2': ['0', '1', '2', '3', '4', '5', '6', '7', '8', '9', '10', '11', '12', '13', '14', '15', '16', '17', '18', '19', '20', '21', '22', '23', '24', '25', '26', '27', '28', '29', '30', '31', '32', '33', '34', '35', '36', '37', '38', '39', '40', '41', '42', '43', '44', '45', '46', '47', '48', '49', '50', '51', '52', '53', '54', '55', '56', '57', '58', '59', '60', '61', '62', '63', '64', '65', '66', '67', '68'], '3': ['69', '70', '71', '72', '73', '74', '75', '76', '77', '78', '79', '80', '81', '82', '83', '84', '85', '86', '87', '88', '89', '90', '91', '92', '93', '94', '95', '96', '97', '98', '99']}, 3: {'3': ['100', '101', '102', '103', '104', '105', '106', '107', '108', '109', '110', '111', '112', '113', '114', '115', '116', '117', '118', '119', '120', '121', '122', '123', '124', '125', '126', '127', '128', '129', '130', '131', '132', '133', '134', '135', '136', '137', '138', '139', '140', '141', '142', '143', '144', '145', '146', '147', '148', '149', '150', '151', '152', '153', '154', '155', '156', '157', '158', '159', '160', '161', '162', '163', '164', '165'], '1': ['225', '226', '306', '320', '362', '380', '407', '424', '524', '531', '540', '546', '552', '569', '582', '593', '469'], '0': ['166', '167', '168', '169', '170', '171', '172', '173', '174', '175', '176', '177', '178', '179', '180', '181', '182', '183', '184', '185', '186', '187', '188', '189', '190', '191', '192', '193', '194', '195', '196', '197', '198', '199', '200', '201', '202', '203', '204', '205', '206', '207', '208', '209', '210', '211', '212', '213', '214', '215', '216', '217', '218', '219', '220', '221', '222', '223', '224', '227', '228', '229', '230', '231', '232', '233', '234', '235', '236', '237', '238', '239', '240', '241', '242', '243', '244', '245', '246', '247', '248', '249', '250', '251', '252', '253', '254', '255', '256', '257', '258', '259', '260', '261', '262', '263', '264', '265', '266', '267', '268', '269', '270', '271', '272', '273', '274', '275', '276', '277', '278', '279', '280', '281', '282', '283', '284', '285', '286', '287', '288', '289', '290', '291', '292', '293', '294', '295', '296', '297', '298', '299', '300', '301', '302', '303', '304', '305', '307', '308', '309', '310', '311', '312', '313', '314', '315', '316', '317', '318', '319', '321', '322', '323', '324', '325', '326', '327', '328', '329', '330', '331', '332', '333', '334', '335', '336', '337', '338', '339', '340', '341', '342', '343', '344', '345', '346', '347', '348', '349', '350', '351', '352', '353', '354', '355', '356', '357', '358', '359', '360', '361', '363', '364', '365', '366', '367', '368', '369', '370', '371', '372', '373', '374', '375', '376', '377', '378', '379', '381', '382', '383', '384', '385', '386', '387', '388', '389', '390', '391', '392', '393', '394', '395', '396', '397', '398', '399', '400', '401', '402', '403', '404', '405', '406', '408', '409', '410', '411', '412', '413', '414', '415', '416', '417', '418', '419', '420', '421', '422', '423', '425', '426', '427', '428', '429', '430', '431', '432', '433', '434', '435', '436', '437', '438', '439', '440', '441', '442', '443', '444', '445', '446', '447', '448', '449', '450', '451', '452', '453', '454', '455', '456', '457', '458', '459', '460', '461', '462', '463', '464', '465', '466', '467', '468', '470', '471', '472', '473', '474', '475', '476', '477', '478', '479', '480', '481', '482', '483', '484', '485', '486', '487', '488', '489', '490', '491', '492', '493', '494', '495', '496', '497', '498', '499', '500', '501', '502', '503', '504', '505', '506', '507', '508', '509', '510', '511', '512', '513', '514', '515', '516', '517', '518', '519', '520', '521', '522', '523', '525', '526', '527', '528', '529', '530', '532', '533', '534', '535', '536', '537', '538', '539', '541', '542', '543', '544', '545', '547', '548', '549', '550', '551', '553', '554', '555', '556', '557', '558', '559', '560', '561', '562', '563', '564', '565', '566', '567', '568', '570', '571', '572', '573', '574', '575', '576', '577', '578', '579', '580', '581', '583', '584', '585', '586', '587', '588', '589', '590', '591', '592', '594', '595', '596', '597', '598', '599']}})
 Cluster1  1
 Cluster to drop  0
 After reassigning and merging cells 
 Timepoint  2
 Cluster  2  # of cells  69
 Cluster  3  # of cells  31
 Timepoint  3
 Cluster  3  # of cells  66
 Cluster  1  # of cells  434
 Tp cluster cell dict  {'2_2': 69, '3_2': 31, '3_3': 66, '1_3': 434}
 New Graph is here 
 ID  0  Timepoint  1  Mutations  []  Type  subclone
 ID  1  Timepoint  2  Mutations  [4, 5, 6, 7, 8, 9, 10, 11, 12, 13]  Type  subclone
 ID  2  Timepoint  2  Mutations  [4, 5, 14, 15, 16, 17, 18, 19]  Type  subclone
 ID  3  Timepoint  3  Mutations  [4, 5, 14, 15, 16, 17, 18, 19]  Type  subclone
 ID  4  Timepoint  3  Mutations  [4, 5, 14, 15, 16, 17, 18, 19, 20, 21, 22, 23, 24, 25, 26, 27, 28, 29, 30]  Type  subclone
Timepoints  SortedDict({1: [0], 2: [1, 2], 3: [3, 4]})
 Clone to nodes  {'2_2': 1, '3_2': 2, '3_3': 3, '1_3': 4}
 Timepoint ====  1
 Hash table  {'0,1': [4, 5], '0': [6, 7, 8, 9, 10, 11, 12, 13], '1': [14, 15, 16, 17, 18, 19]}
 Final possible usc  [[4, 5], [6, 7, 8, 9, 10, 11, 12, 13], [14, 15, 16, 17, 18, 19]]
 Time  1  USC keys  {'4,5_0', '14,15,16,17,18,19_0', '6,7,8,9,10,11,12,13_0'}
 USC children  {'4,5_0': [1, 2], '6,7,8,9,10,11,12,13_0': [1], '14,15,16,17,18,19_0': [2]}
 USC children  {'4,5_0': [1, 2], '6,7,8,9,10,11,12,13_0': [1], '14,15,16,17,18,19_0': [2]}
 Timepoint ====  2
 Hash table  {'0': [4, 5, 14, 15, 16, 17, 18, 19, 20, 21, 22, 23, 24, 25, 26, 27, 28, 29, 30]}
====== Inside find superset of t nodes ==========
 Final possible usc  [[4, 5, 14, 15, 16, 17, 18, 19, 20, 21, 22, 23, 24, 25, 26, 27, 28, 29, 30]]
 Time  2  USC keys  {'4,5,14,15,16,17,18,19,20,21,22,23,24,25,26,27,28,29,30_2'}
 USC children  {'4,5_0': [1, 2], '6,7,8,9,10,11,12,13_0': [1], '14,15,16,17,18,19_0': [2], '4,5,14,15,16,17,18,19,20,21,22,23,24,25,26,27,28,29,30_2': [4]}
 USC children  {'4,5_0': [1, 2], '6,7,8,9,10,11,12,13_0': [1], '14,15,16,17,18,19_0': [2], '4,5,14,15,16,17,18,19,20,21,22,23,24,25,26,27,28,29,30_2': [4]}
 Node s  {'1,2': ['4', '5'], '4': ['4', '5', '14', '15', '16', '17', '18', '19', '20', '21', '22', '23', '24', '25', '26', '27', '28', '29', '30']}
 Enroll USC nodes  ['1', '2']  len  2
 Enroll USC nodes  ['4']  len  1
 Node TP  SortedDict({1: [0], 2: [1, 2], 3: [3, 4]})
 Unobserved subclones at timepoints  {1.5: [5]}
 ============== Inside finding node v ============ 
 Time  2
 Time  3
 largest_v_mut  [[4, 5, 14, 15, 16, 17, 18, 19]]
 Sorted all timepoints  [1, 1.5, 2, 3]
 Timepoint  2
 Inside usc_node check  2
 Timepoint  3
0   1   [-1]   subclone   []   []
1   2   [5]   subclone   [4, 5, 6, 7, 8, 9, 10, 11, 12, 13]   [8]
2   2   [5]   subclone   [4, 5, 14, 15, 16, 17, 18, 19]   [6]
3   3   [2]   subclone   [4, 5, 14, 15, 16, 17, 18, 19]   [0]
4   3   [2]   subclone   [4, 5, 14, 15, 16, 17, 18, 19, 20, 21, 22, 23, 24, 25, 26, 27, 28, 29, 30]   [11]
5   1.5   [0]   unobserved subclone   [4, 5]   [2]
 List of tree files  ['all_trees/bp1_rep4_m1_tree.csv', 'all_trees/bp1_rep4_m2_tree.csv', 'all_trees/bp1_rep4_m3_tree.csv', 'all_trees/bp1_rep4_m4_tree.csv', 'all_trees/bp1_rep4_m5_tree.csv']
{'1': ['4', '5', '6', '7', '8', '9', '10', '11', '12', '13'], '2': ['4', '5', '14', '15', '16', '17', '18', '19'], '3': ['4', '5', '14', '15', '16', '17', '18', '19'], '4': ['4', '5', '14', '15', '16', '17', '18', '19', '20', '21', '22', '23', '24', '25', '26', '27', '28', '29', '30'], '5': ['5', '14', '15', '17', '18', '19', '20', '21', '22', '23', '25', '26', '27', '29', '30'], '6': ['4', '5']}
 Actual mutation of  1   ['11', '13', '10', '7', '6', '9', '12', '8']
 Actual mutation of  2   ['14', '16', '15', '17', '18', '19']
 Actual mutation of  3   []
 Actual mutation of  4   ['30', '24', '28', '25', '29', '22', '21', '27', '23', '20', '26']
 Actual mutation of  5   ['30', '25', '21', '22', '23', '27', '29', '20', '26']
 Updated node mutation  {'1': ['11', '13', '10', '7', '6', '9', '12', '8'], '2': ['14', '16', '15', '17', '18', '19'], '3': [], '4': ['30', '24', '28', '25', '29', '22', '21', '27', '23', '20', '26'], '5': ['30', '25', '21', '22', '23', '27', '29', '20', '26'], '6': ['4', '5']}
{'1': ['4', '5', '6', '7', '8', '9', '10', '11', '12', '13'], '2': ['4', '5', '14', '15', '16', '17', '18', '19'], '3': ['4', '5', '14', '15', '16', '17', '18', '19'], '4': ['4', '5', '14', '15', '16', '17', '18', '19', '20', '21', '22', '23', '24', '25', '26', '27', '28', '29', '30'], '5': ['4', '5']}
 Actual mutation of  1   ['11', '13', '10', '7', '6', '9', '12', '8']
 Actual mutation of  2   ['14', '16', '15', '17', '18', '19']
 Actual mutation of  3   []
 Actual mutation of  4   ['30', '24', '28', '25', '29', '22', '21', '27', '23', '20', '26']
 Updated node mutation  {'1': ['11', '13', '10', '7', '6', '9', '12', '8'], '2': ['14', '16', '15', '17', '18', '19'], '3': [], '4': ['30', '24', '28', '25', '29', '22', '21', '27', '23', '20', '26'], '5': ['4', '5']}
{'1': ['4', '5', '6', '7', '8', '9', '10', '11', '12', '13'], '2': ['4', '5', '14', '15', '16', '17', '18', '19'], '3': ['4', '5', '14', '15', '16', '17', '18', '19'], '4': ['4', '5', '14', '15', '16', '17', '18', '19', '20', '21', '22', '23', '24', '25', '26', '27', '28', '29', '30'], '5': ['4', '5']}
 Actual mutation of  1   ['11', '13', '10', '7', '6', '9', '12', '8']
 Actual mutation of  2   ['14', '16', '15', '17', '18', '19']
 Actual mutation of  3   []
 Actual mutation of  4   ['30', '24', '28', '25', '29', '22', '21', '27', '23', '20', '26']
 Updated node mutation  {'1': ['11', '13', '10', '7', '6', '9', '12', '8'], '2': ['14', '16', '15', '17', '18', '19'], '3': [], '4': ['30', '24', '28', '25', '29', '22', '21', '27', '23', '20', '26'], '5': ['4', '5']}
{'1': ['4', '5', '6', '7', '8', '9', '10', '11', '12', '13'], '2': ['4', '5', '14', '15', '16', '17', '18', '19'], '3': ['4', '5', '14', '15', '16', '17', '18', '19'], '4': ['4', '5', '14', '15', '16', '17', '18', '19', '20', '21', '22', '23', '24', '25', '26', '27', '28', '29', '30'], '5': ['4', '5']}
 Actual mutation of  1   ['11', '13', '10', '7', '6', '9', '12', '8']
 Actual mutation of  2   ['14', '16', '15', '17', '18', '19']
 Actual mutation of  3   []
 Actual mutation of  4   ['30', '24', '28', '25', '29', '22', '21', '27', '23', '20', '26']
 Updated node mutation  {'1': ['11', '13', '10', '7', '6', '9', '12', '8'], '2': ['14', '16', '15', '17', '18', '19'], '3': [], '4': ['30', '24', '28', '25', '29', '22', '21', '27', '23', '20', '26'], '5': ['4', '5']}
{'1': ['4', '5', '6', '7', '8', '9', '10', '11', '12', '13'], '2': ['4', '5', '14', '15', '16', '17', '18', '19'], '3': ['4', '5', '14', '15', '16', '17', '18', '19'], '4': ['4', '5', '14', '15', '16', '17', '18', '19', '20', '21', '22', '23', '24', '25', '26', '27', '28', '29', '30'], '5': ['4', '5']}
 Actual mutation of  1   ['11', '13', '10', '7', '6', '9', '12', '8']
 Actual mutation of  2   ['14', '16', '15', '17', '18', '19']
 Actual mutation of  3   []
 Actual mutation of  4   ['30', '24', '28', '25', '29', '22', '21', '27', '23', '20', '26']
 Updated node mutation  {'1': ['11', '13', '10', '7', '6', '9', '12', '8'], '2': ['14', '16', '15', '17', '18', '19'], '3': [], '4': ['30', '24', '28', '25', '29', '22', '21', '27', '23', '20', '26'], '5': ['4', '5']}
 Parallel mutation count  {'m1': 9, 'm2': 0, 'm3': 0, 'm4': 0, 'm5': 0}
 Clusters with least parallel mutations  ['m2', 'm3', 'm4', 'm5']
 Cluster nos for each run  {'m2': 5, 'm3': 4, 'm4': 5, 'm5': 5}
 Run  m3
 Base path  ['bp1', 'rep4', 'm1', 'tree.csv']
 Best tree path  bp1_rep4_m3_tree.csv
