
DPMM with:
	600 cells
	41 mutations
	learning errors

	Priors:
	params.:	Beta(0.25,0.25)
	CRP a_0:	Gamma(24.49,1)
	FP:		trunc norm(0.01,0.01)
	FN:		trunc norm(0.2,0.1)

Move probabilitites:
	Split/merge:	0.33
		split/merge ratio:	[0.75, 0.25]
		intermediate Gibbs:	3
	CRP a_0 update:	0.25
	Errors update:	0.25

Run MCMC with (1 chains for 5000 steps):

Clustering time:	0:15:34.306158	(0.19 secs. per MCMC step)	Lugsail PSRF:		1.00781

Chain mean - posterior clusters	(#5):
	5 clusters

	A: 521 items
	B: 8 items
	C: 3 items
	D: 24 items
	E: 44 items

Inferred latent variables	--	chain mean - posterior
	CRP a_0:	103.1 +- 19.3
	FP (model|genotypes): 1.4E-03 +- 9.3E-04	|	8.0E-03
	FN (model|genotypes): 0.189   +- 0.017	|	0.240

Writing output to: ./sim_output/bp3/rep1/m3

Too many cells to plot genotypes/clusters
