
DPMM with:
	600 cells
	45 mutations
	learning errors

	Priors:
	params.:	Beta(0.25,0.25)
	CRP a_0:	Gamma(24.49,1)
	FP:		trunc norm(0.01,0.01)
	FN:		trunc norm(0.2,0.1)

Move probabilitites:
	Split/merge:	0.33
		split/merge ratio:	[0.75, 0.25]
		intermediate Gibbs:	3
	CRP a_0 update:	0.25
	Errors update:	0.25

Run MCMC with (1 chains for 5000 steps):

Clustering time:	0:27:41.868801	(0.33 secs. per MCMC step)	Lugsail PSRF:		1.00885

Chain mean - posterior clusters	(#10):
	10 clusters

	A: 301 items
	B: 69 items
	C: 64 items
	D: 14 items
	E: 55 items
	F: 3 items
	G: 2 items
	H: 28 items
	I: 24 items
	J: 40 items

Inferred latent variables	--	chain mean - posterior
	CRP a_0:	105.0 +- 19.1
	FP (model|genotypes): 1.3E-02 +- 4.3E-03	|	3.9E-02
	FN (model|genotypes): 0.117   +- 0.013	|	0.160

Writing output to: ./sim_output/ap05/rep1/m4

Too many cells to plot genotypes/clusters
