
DPMM with:
	600 cells
	45 mutations
	learning errors

	Priors:
	params.:	Beta(0.25,0.25)
	CRP a_0:	Gamma(24.49,1)
	FP:		trunc norm(0.01,0.01)
	FN:		trunc norm(0.2,0.1)

Move probabilitites:
	Split/merge:	0.33
		split/merge ratio:	[0.75, 0.25]
		intermediate Gibbs:	3
	CRP a_0 update:	0.25
	Errors update:	0.25

Run MCMC with (1 chains for 5000 steps):

Clustering time:	0:16:12.677439	(0.19 secs. per MCMC step)	Lugsail PSRF:		1.00918

Chain mean - posterior clusters	(#12):
	12 clusters

	A: 335 items
	B: 12 items
	C: 34 items
	D: 101 items
	E: 2 items
	F: 6 items
	G: 16 items
	H: 1 items
	I: 16 items
	J: 1 items
	K: 7 items
	L: 69 items

Inferred latent variables	--	chain mean - posterior
	CRP a_0:	100.0 +- 18.4
	FP (model|genotypes): 1.1E-02 +- 2.7E-03	|	2.4E-02
	FN (model|genotypes): 0.121   +- 0.013	|	0.159

Writing output to: ./sim_output/ap03/rep4/m3

Too many cells to plot genotypes/clusters
