9
 Total estimated FP  77  True negatives  8278
 Total estimated FN  1734  True positives  7191
 Estimated FP rate  0.01059
 Estimated FN rate  0.17
 No. of Cells in each cluster  {'5_2': 69, '4_2': 31, '4_3': 66, '1_3': 6, '8_3': 6, '2_3': 7, '7_3': 1, '0_3': 414}
 Cells in each cluster  {'5_2': [0, 1, 2, 3, 4, 5, 6, 7, 8, 9, 10, 11, 12, 13, 14, 15, 16, 17, 18, 19, 20, 21, 22, 23, 24, 25, 26, 27, 28, 29, 30, 31, 32, 33, 34, 35, 36, 37, 38, 39, 40, 41, 42, 43, 44, 45, 46, 47, 48, 49, 50, 51, 52, 53, 54, 55, 56, 57, 58, 59, 60, 61, 62, 63, 64, 65, 66, 67, 68], '4_2': [69, 70, 71, 72, 73, 74, 75, 76, 77, 78, 79, 80, 81, 82, 83, 84, 85, 86, 87, 88, 89, 90, 91, 92, 93, 94, 95, 96, 97, 98, 99], '4_3': [100, 101, 102, 103, 104, 105, 106, 107, 108, 109, 110, 111, 112, 113, 114, 115, 116, 117, 118, 119, 120, 121, 122, 123, 124, 125, 126, 127, 128, 129, 130, 131, 132, 133, 134, 135, 136, 137, 138, 139, 140, 141, 142, 143, 144, 145, 146, 147, 148, 149, 150, 151, 152, 153, 154, 155, 156, 157, 158, 159, 160, 161, 162, 163, 164, 165], '1_3': [185, 188, 190, 249, 352, 425], '8_3': [194, 340, 473, 481, 517, 538], '2_3': [203, 233, 247, 390, 439, 492, 541], '7_3': [524], '0_3': [221, 244, 343, 366, 427, 434, 540, 560, 589, 246, 268, 283, 331, 487, 551, 556, 584, 166, 167, 168, 169, 170, 171, 172, 173, 174, 175, 176, 177, 178, 179, 180, 181, 182, 183, 184, 186, 187, 189, 191, 192, 193, 195, 196, 197, 198, 199, 200, 201, 202, 204, 205, 206, 207, 208, 209, 210, 211, 212, 213, 214, 215, 216, 217, 218, 219, 220, 222, 223, 224, 225, 226, 227, 228, 229, 230, 231, 232, 234, 235, 236, 237, 238, 239, 240, 241, 242, 243, 245, 248, 250, 251, 252, 253, 254, 255, 256, 257, 258, 259, 260, 261, 262, 263, 264, 265, 266, 267, 269, 270, 271, 272, 273, 274, 275, 276, 277, 278, 279, 280, 281, 282, 284, 285, 286, 287, 288, 289, 290, 291, 292, 293, 294, 295, 296, 297, 298, 299, 300, 301, 302, 303, 304, 305, 306, 307, 308, 309, 310, 311, 312, 313, 314, 315, 316, 317, 318, 319, 320, 321, 322, 323, 324, 325, 326, 327, 328, 329, 330, 332, 333, 334, 335, 336, 337, 338, 339, 341, 342, 344, 345, 346, 347, 348, 349, 350, 351, 353, 354, 355, 356, 357, 358, 359, 360, 361, 362, 363, 364, 365, 367, 368, 369, 370, 371, 372, 373, 374, 375, 376, 377, 378, 379, 380, 381, 382, 383, 384, 385, 386, 387, 388, 389, 391, 392, 393, 394, 395, 396, 397, 398, 399, 400, 401, 402, 403, 404, 405, 406, 407, 408, 409, 410, 411, 412, 413, 414, 415, 416, 417, 418, 419, 420, 421, 422, 423, 424, 426, 428, 429, 430, 431, 432, 433, 435, 436, 437, 438, 440, 441, 442, 443, 444, 445, 446, 447, 448, 449, 450, 451, 452, 453, 454, 455, 456, 457, 458, 459, 460, 461, 462, 463, 464, 465, 466, 467, 468, 469, 470, 471, 472, 474, 475, 476, 477, 478, 479, 480, 482, 483, 484, 485, 486, 488, 489, 490, 491, 493, 494, 495, 496, 497, 498, 499, 500, 501, 502, 503, 504, 505, 506, 507, 508, 509, 510, 511, 512, 513, 514, 515, 516, 518, 519, 520, 521, 522, 523, 525, 526, 527, 528, 529, 530, 531, 532, 533, 534, 535, 536, 537, 539, 542, 543, 544, 545, 546, 547, 548, 549, 550, 552, 553, 554, 555, 557, 558, 559, 561, 562, 563, 564, 565, 566, 567, 568, 569, 570, 571, 572, 573, 574, 575, 576, 577, 578, 579, 580, 581, 582, 583, 585, 586, 587, 588, 590, 591, 592, 593, 594, 595, 596, 597, 598, 599]}
FP rate  0.01059 FN rate  0.17
 Before reassigning cells 
 Timepoint  2
 Cluster  5  # of cells  69
 Cluster  4  # of cells  31
 Timepoint  3
 Cluster  4  # of cells  67
 Cluster  1  # of cells  7
 Cluster  8  # of cells  19
 Cluster  2  # of cells  7
 Cluster  7  # of cells  1
 Cluster  0  # of cells  386
 Cells absent at timepoint  2   set()
 Cells absent at timepoint  3   {230, 486, 584, 585, 426, 402, 531, 532, 373, 563, 247, 186, 444}
 Missing cell prob  {'0': 0.00031838720257352544, '8': 3.0166068487618963e-07, '7': 1.2635435163104618e-15, '4': 7.994479323908437e-15, '1': 2.2400821971547034e-08, '2': 0.00031838720257352534}
 Missing cell prob  {'0': 2.2949323453587025e-06, '8': 2.774283662396294e-11, '7': 1.1620434182417938e-19, '4': 5.469315626894495e-09, '1': 3.539718552382743e-13, '2': 2.2949323453587025e-06}
 Missing cell prob  {'0': 5.764421384827419e-06, '8': 4.2805636824531963e-07, '7': 4.760026097568943e-12, '4': 3.1786755714573515e-08, '1': 1.850007880679775e-07, '2': 5.764421384827419e-06}
 Missing cell prob  {'0': 1.5809788927176108e-06, '8': 6.83279966772914e-07, '7': 4.659141647112448e-19, '4': 1.3446690239376022e-15, '1': 1.8107986359073812e-14, '2': 1.5809788927176091e-06}
 Missing cell prob  {'0': 0.0004671142571460822, '8': 0.0004671142571460822, '7': 6.279317916043547e-14, '4': 1.4964960371887386e-16, '1': 5.3501654168136865e-12, '2': 1.024032208485563e-06}
 Missing cell prob  {'0': 0.00046216751716290515, '8': 4.378874798609226e-07, '7': 6.557309121613364e-11, '4': 5.29350716504963e-12, '1': 7.128501797095477e-11, '2': 0.00046216751716290515}
 Missing cell prob  {'0': 0.00032523929589142633, '8': 3.931732744913777e-09, '7': 2.6856945962920554e-10, '4': 1.041970588552089e-16, '1': 5.016512020317697e-11, '2': 0.0003252392958914264}
 Missing cell prob  {'0': 1.2709634183982366e-06, '8': 1.5364344200806724e-11, '7': 2.9355874687425466e-17, '4': 2.3698064268770062e-18, '1': 1.455717615791591e-14, '2': 1.270963418398237e-06}
 Missing cell prob  {'0': 1.3356641246007959e-05, '8': 2.774283662396295e-11, '7': 1.4072418497100327e-13, '4': 1.1360216021911335e-14, '1': 2.0601370193605924e-12, '2': 1.3356641246007966e-05}
 Missing cell prob  {'0': 5.470515199714911e-05, '8': 3.016606848761897e-07, '7': 2.629112780288743e-10, '4': 1.020018506508317e-16, '1': 4.9108248880190756e-11, '2': 5.4705151997149126e-05}
 Missing cell prob  {'0': 2.0045936320062603e-05, '8': 2.4233007889168833e-10, '7': 2.1120190313298775e-13, '4': 6.778220381997486e-15, '1': 6.778220381997489e-15, '2': 2.00459363200626e-05}
 Missing cell prob  {'0': 3.4078091744106427e-06, '8': 3.228779426970466e-09, '7': 1.3524146549688999e-17, '4': 1.8758596505703254e-19, '1': 5.256227000345864e-13, '2': 3.4078091744106427e-06}
 Missing cell prob  {'0': 0.00021701416561749947, '8': 2.6234274635537865e-09, '7': 5.012450050916702e-15, '4': 4.0463915558784333e-16, '1': 5.449073474062437e-15, '2': 0.0002170141656174994}
 Timepoint  2
 Timepoint  3
SortedDict({2: {'5': ['0', '1', '2', '3', '4', '5', '6', '7', '8', '9', '10', '11', '12', '13', '14', '15', '16', '17', '18', '19', '20', '21', '22', '23', '24', '25', '26', '27', '28', '29', '30', '31', '32', '33', '34', '35', '36', '37', '38', '39', '40', '41', '42', '43', '44', '45', '46', '47', '48', '49', '50', '51', '52', '53', '54', '55', '56', '57', '58', '59', '60', '61', '62', '63', '64', '65', '66', '67', '68'], '4': ['69', '70', '71', '72', '73', '74', '75', '76', '77', '78', '79', '80', '81', '82', '83', '84', '85', '86', '87', '88', '89', '90', '91', '92', '93', '94', '95', '96', '97', '98', '99']}, 3: {'4': ['100', '101', '102', '103', '104', '105', '106', '107', '108', '109', '110', '111', '112', '113', '114', '115', '116', '117', '118', '119', '120', '121', '122', '123', '124', '125', '126', '127', '128', '129', '130', '131', '132', '133', '134', '135', '136', '137', '138', '139', '140', '141', '142', '143', '144', '145', '146', '147', '148', '149', '150', '151', '152', '153', '154', '155', '156', '157', '158', '159', '160', '161', '162', '163', '164', '165', '487'], '1': ['185', '188', '190', '249', '331', '352', '425'], '8': ['194', '203', '236', '295', '338', '340', '341', '386', '437', '439', '440', '473', '481', '499', '508', '517', '530', '538', '588'], '2': ['233', '266', '390', '452', '492', '541', '579', '531', '532', '373', '563'], '7': ['524'], '0': ['166', '167', '168', '169', '170', '171', '172', '173', '174', '175', '176', '177', '178', '179', '180', '181', '182', '183', '184', '187', '189', '191', '192', '193', '195', '196', '197', '198', '199', '200', '201', '202', '204', '205', '206', '207', '208', '209', '210', '211', '212', '213', '214', '215', '216', '217', '218', '219', '220', '221', '222', '223', '224', '225', '226', '227', '228', '229', '231', '232', '234', '235', '237', '238', '239', '240', '241', '242', '243', '244', '245', '246', '248', '250', '251', '252', '253', '254', '255', '256', '257', '258', '259', '260', '261', '262', '263', '264', '265', '267', '268', '269', '270', '271', '272', '273', '274', '275', '276', '277', '278', '279', '280', '281', '282', '283', '284', '285', '286', '287', '288', '289', '290', '291', '292', '293', '294', '296', '297', '298', '299', '300', '301', '302', '303', '304', '305', '306', '307', '308', '309', '310', '311', '312', '313', '314', '315', '316', '317', '318', '319', '320', '321', '322', '323', '324', '325', '326', '327', '328', '329', '330', '332', '333', '334', '335', '336', '337', '339', '342', '343', '344', '345', '346', '347', '348', '349', '350', '351', '353', '354', '355', '356', '357', '358', '359', '360', '361', '362', '363', '364', '365', '366', '367', '368', '369', '370', '371', '372', '374', '375', '376', '377', '378', '379', '380', '381', '382', '383', '384', '385', '387', '388', '389', '391', '392', '393', '394', '395', '396', '397', '398', '399', '400', '401', '403', '404', '405', '406', '407', '408', '409', '410', '411', '412', '413', '414', '415', '416', '417', '418', '419', '420', '421', '422', '423', '424', '427', '428', '429', '430', '431', '432', '433', '434', '435', '436', '438', '441', '442', '443', '445', '446', '447', '448', '449', '450', '451', '453', '454', '455', '456', '457', '458', '459', '460', '461', '462', '463', '464', '465', '466', '467', '468', '469', '470', '471', '472', '474', '475', '476', '477', '478', '479', '480', '482', '483', '484', '485', '488', '489', '490', '491', '493', '494', '495', '496', '497', '498', '500', '501', '502', '503', '504', '505', '506', '507', '509', '510', '511', '512', '513', '514', '515', '516', '518', '519', '520', '521', '522', '523', '525', '526', '527', '528', '529', '533', '534', '535', '536', '537', '539', '540', '542', '543', '544', '545', '546', '547', '548', '549', '550', '551', '552', '553', '554', '555', '556', '557', '558', '559', '560', '561', '562', '564', '565', '566', '567', '568', '569', '570', '571', '572', '573', '574', '575', '576', '577', '578', '580', '581', '582', '583', '586', '587', '589', '590', '591', '592', '593', '594', '595', '596', '597', '598', '599', '230', '486', '584', '585', '426', '402', '247', '186', '444']}})
 Cluster1  8
SortedDict({2: {'5': ['0', '1', '2', '3', '4', '5', '6', '7', '8', '9', '10', '11', '12', '13', '14', '15', '16', '17', '18', '19', '20', '21', '22', '23', '24', '25', '26', '27', '28', '29', '30', '31', '32', '33', '34', '35', '36', '37', '38', '39', '40', '41', '42', '43', '44', '45', '46', '47', '48', '49', '50', '51', '52', '53', '54', '55', '56', '57', '58', '59', '60', '61', '62', '63', '64', '65', '66', '67', '68'], '4': ['69', '70', '71', '72', '73', '74', '75', '76', '77', '78', '79', '80', '81', '82', '83', '84', '85', '86', '87', '88', '89', '90', '91', '92', '93', '94', '95', '96', '97', '98', '99']}, 3: {'4': ['100', '101', '102', '103', '104', '105', '106', '107', '108', '109', '110', '111', '112', '113', '114', '115', '116', '117', '118', '119', '120', '121', '122', '123', '124', '125', '126', '127', '128', '129', '130', '131', '132', '133', '134', '135', '136', '137', '138', '139', '140', '141', '142', '143', '144', '145', '146', '147', '148', '149', '150', '151', '152', '153', '154', '155', '156', '157', '158', '159', '160', '161', '162', '163', '164', '165', '487'], '1': ['185', '188', '190', '249', '331', '352', '425'], '8': ['194', '203', '236', '295', '338', '340', '341', '386', '437', '439', '440', '473', '481', '499', '508', '517', '530', '538', '588', '233', '266', '390', '452', '492', '541', '579', '531', '532', '373', '563'], '2': ['233', '266', '390', '452', '492', '541', '579', '531', '532', '373', '563'], '7': ['524'], '0': ['166', '167', '168', '169', '170', '171', '172', '173', '174', '175', '176', '177', '178', '179', '180', '181', '182', '183', '184', '187', '189', '191', '192', '193', '195', '196', '197', '198', '199', '200', '201', '202', '204', '205', '206', '207', '208', '209', '210', '211', '212', '213', '214', '215', '216', '217', '218', '219', '220', '221', '222', '223', '224', '225', '226', '227', '228', '229', '231', '232', '234', '235', '237', '238', '239', '240', '241', '242', '243', '244', '245', '246', '248', '250', '251', '252', '253', '254', '255', '256', '257', '258', '259', '260', '261', '262', '263', '264', '265', '267', '268', '269', '270', '271', '272', '273', '274', '275', '276', '277', '278', '279', '280', '281', '282', '283', '284', '285', '286', '287', '288', '289', '290', '291', '292', '293', '294', '296', '297', '298', '299', '300', '301', '302', '303', '304', '305', '306', '307', '308', '309', '310', '311', '312', '313', '314', '315', '316', '317', '318', '319', '320', '321', '322', '323', '324', '325', '326', '327', '328', '329', '330', '332', '333', '334', '335', '336', '337', '339', '342', '343', '344', '345', '346', '347', '348', '349', '350', '351', '353', '354', '355', '356', '357', '358', '359', '360', '361', '362', '363', '364', '365', '366', '367', '368', '369', '370', '371', '372', '374', '375', '376', '377', '378', '379', '380', '381', '382', '383', '384', '385', '387', '388', '389', '391', '392', '393', '394', '395', '396', '397', '398', '399', '400', '401', '403', '404', '405', '406', '407', '408', '409', '410', '411', '412', '413', '414', '415', '416', '417', '418', '419', '420', '421', '422', '423', '424', '427', '428', '429', '430', '431', '432', '433', '434', '435', '436', '438', '441', '442', '443', '445', '446', '447', '448', '449', '450', '451', '453', '454', '455', '456', '457', '458', '459', '460', '461', '462', '463', '464', '465', '466', '467', '468', '469', '470', '471', '472', '474', '475', '476', '477', '478', '479', '480', '482', '483', '484', '485', '488', '489', '490', '491', '493', '494', '495', '496', '497', '498', '500', '501', '502', '503', '504', '505', '506', '507', '509', '510', '511', '512', '513', '514', '515', '516', '518', '519', '520', '521', '522', '523', '525', '526', '527', '528', '529', '533', '534', '535', '536', '537', '539', '540', '542', '543', '544', '545', '546', '547', '548', '549', '550', '551', '552', '553', '554', '555', '556', '557', '558', '559', '560', '561', '562', '564', '565', '566', '567', '568', '569', '570', '571', '572', '573', '574', '575', '576', '577', '578', '580', '581', '582', '583', '586', '587', '589', '590', '591', '592', '593', '594', '595', '596', '597', '598', '599', '230', '486', '584', '585', '426', '402', '247', '186', '444']}})
 Cluster1  8
 Cluster to drop  2
 Cluster to drop  0
 After reassigning and merging cells 
 Timepoint  2
 Cluster  5  # of cells  69
 Cluster  4  # of cells  31
 Timepoint  3
 Cluster  4  # of cells  67
 Cluster  1  # of cells  7
 Cluster  8  # of cells  425
 Cluster  7  # of cells  1
 Tp cluster cell dict  {'5_2': 69, '4_2': 31, '4_3': 67, '1_3': 7, '8_3': 425, '7_3': 1}
 New Graph is here 
 ID  0  Timepoint  1  Mutations  []  Type  subclone
 ID  1  Timepoint  2  Mutations  [6, 7, 8, 9, 10, 11, 12, 13, 14, 15, 16, 17, 18]  Type  subclone
 ID  2  Timepoint  2  Mutations  [6, 7, 8, 9, 19, 20, 21, 22, 23, 24, 25, 26]  Type  subclone
 ID  3  Timepoint  3  Mutations  [6, 7, 8, 9, 19, 20, 21, 22, 23, 24, 25, 26]  Type  subclone
 ID  4  Timepoint  3  Mutations  [6, 8, 19, 20, 21, 22, 24, 25, 27, 28, 30, 31, 33, 34]  Type  subclone
 ID  5  Timepoint  3  Mutations  [6, 7, 8, 9, 19, 20, 21, 22, 23, 24, 25, 26, 27, 28, 29, 30, 31, 32, 33, 34, 35]  Type  subclone
 ID  6  Timepoint  3  Mutations  [0, 1, 4, 5, 7, 8, 14, 15, 18, 19, 20, 22, 24, 26, 27, 28, 29, 30, 31, 32, 33, 34]  Type  subclone
Timepoints  SortedDict({1: [0], 2: [1, 2], 3: [3, 4, 5, 6]})
 Clone to nodes  {'5_2': 1, '4_2': 2, '4_3': 3, '1_3': 4, '8_3': 5, '7_3': 6}
 Timepoint ====  1
 Hash table  {'0,1': [6, 7, 8, 9], '0': [10, 11, 12, 13, 14, 15, 16, 17, 18], '1': [19, 20, 21, 22, 23, 24, 25, 26]}
 Final possible usc  [[6, 7, 8, 9], [10, 11, 12, 13, 14, 15, 16, 17, 18], [19, 20, 21, 22, 23, 24, 25, 26]]
 Time  1  USC keys  {'10,11,12,13,14,15,16,17,18_0', '19,20,21,22,23,24,25,26_0', '6,7,8,9_0'}
 USC children  {'6,7,8,9_0': [1, 2], '10,11,12,13,14,15,16,17,18_0': [1], '19,20,21,22,23,24,25,26_0': [2]}
 USC children  {'6,7,8,9_0': [1, 2], '10,11,12,13,14,15,16,17,18_0': [1], '19,20,21,22,23,24,25,26_0': [2]}
 Timepoint ====  2
 Hash table  {'0,1': [6, 21, 25], '0,1,2': [8, 19, 20, 22, 24, 27, 28, 30, 31, 33, 34], '1,2': [7, 26, 29, 32], '1': [9, 23, 35], '2': [0, 1, 4, 5, 14, 15, 18]}
====== Inside find superset of t nodes ==========
 Final possible usc  []
 Time  2  USC keys  set()
 USC children  {'6,7,8,9_0': [1, 2], '10,11,12,13,14,15,16,17,18_0': [1], '19,20,21,22,23,24,25,26_0': [2]}
 USC children  {'6,7,8,9_0': [1, 2], '10,11,12,13,14,15,16,17,18_0': [1], '19,20,21,22,23,24,25,26_0': [2]}
 Node s  {'1,2': ['6', '7', '8', '9']}
 Enroll USC nodes  ['1', '2']  len  2
 Node TP  SortedDict({1: [0], 2: [1, 2], 3: [3, 4, 5, 6]})
 Unobserved subclones at timepoints  {1.5: [7]}
 ============== Inside finding node v ============ 
 Time  2
 Time  3
 largest_v_mut  []
 largest_v_mut  [[6, 7, 8, 9, 19, 20, 21, 22, 23, 24, 25, 26]]
 largest_v_mut  []
 Sorted all timepoints  [1, 1.5, 2, 3]
 Timepoint  2
 Inside usc_node check  2
 Timepoint  3
 Node  4  has no parent 
 USC nodes  []
 Node with minimum mutation sets  {1: 11, 2: 4}
 Node  6  has no parent 
 USC nodes  []
 Node with minimum mutation sets  {1: 8, 2: 5}
0   1   [-1]   subclone   []   []
1   2   [7]   subclone   [6, 7, 8, 9, 10, 11, 12, 13, 14, 15, 16, 17, 18]   [9]
2   2   [7]   subclone   [6, 7, 8, 9, 19, 20, 21, 22, 23, 24, 25, 26]   [8]
3   3   [2]   subclone   [6, 7, 8, 9, 19, 20, 21, 22, 23, 24, 25, 26]   [0]
4   3   [2]   subclone   [6, 8, 19, 20, 21, 22, 24, 25, 27, 28, 30, 31, 33, 34]   [6]
5   3   [2]   subclone   [6, 7, 8, 9, 19, 20, 21, 22, 23, 24, 25, 26, 27, 28, 29, 30, 31, 32, 33, 34, 35]   [9]
6   3   [2]   subclone   [0, 1, 4, 5, 7, 8, 14, 15, 18, 19, 20, 22, 24, 26, 27, 28, 29, 30, 31, 32, 33, 34]   [15]
7   1.5   [0]   unobserved subclone   [6, 7, 8, 9]   [4]
9
 Total estimated FP  79  True negatives  8227
 Total estimated FN  1785  True positives  7189
 Estimated FP rate  0.01087
 Estimated FN rate  0.18
 No. of Cells in each cluster  {'6_2': 69, '4_2': 31, '4_3': 66, '5_3': 1, '7_3': 1, '3_3': 432}
 Cells in each cluster  {'6_2': [0, 1, 2, 3, 4, 5, 6, 7, 8, 9, 10, 11, 12, 13, 14, 15, 16, 17, 18, 19, 20, 21, 22, 23, 24, 25, 26, 27, 28, 29, 30, 31, 32, 33, 34, 35, 36, 37, 38, 39, 40, 41, 42, 43, 44, 45, 46, 47, 48, 49, 50, 51, 52, 53, 54, 55, 56, 57, 58, 59, 60, 61, 62, 63, 64, 65, 66, 67, 68], '4_2': [69, 70, 71, 72, 73, 74, 75, 76, 77, 78, 79, 80, 81, 82, 83, 84, 85, 86, 87, 88, 89, 90, 91, 92, 93, 94, 95, 96, 97, 98, 99], '4_3': [100, 101, 102, 103, 104, 105, 106, 107, 108, 109, 110, 111, 112, 113, 114, 115, 116, 117, 118, 119, 120, 121, 122, 123, 124, 125, 126, 127, 128, 129, 130, 131, 132, 133, 134, 135, 136, 137, 138, 139, 140, 141, 142, 143, 144, 145, 146, 147, 148, 149, 150, 151, 152, 153, 154, 155, 156, 157, 158, 159, 160, 161, 162, 163, 164, 165], '5_3': [352], '7_3': [524], '3_3': [166, 167, 168, 169, 170, 171, 172, 173, 174, 175, 176, 177, 178, 179, 180, 181, 182, 183, 184, 187, 191, 192, 193, 195, 196, 197, 198, 199, 200, 201, 202, 204, 205, 206, 207, 208, 209, 210, 211, 212, 213, 214, 215, 216, 217, 218, 220, 222, 223, 225, 226, 227, 228, 229, 230, 231, 232, 234, 235, 237, 238, 239, 240, 241, 242, 243, 245, 247, 248, 251, 252, 253, 254, 255, 256, 257, 258, 259, 260, 261, 262, 263, 264, 265, 266, 267, 269, 270, 271, 272, 273, 274, 275, 276, 277, 278, 279, 280, 282, 284, 285, 286, 287, 288, 289, 290, 291, 293, 296, 297, 298, 299, 300, 301, 302, 303, 304, 305, 306, 307, 308, 309, 310, 311, 312, 313, 314, 315, 316, 317, 318, 319, 320, 321, 322, 323, 324, 325, 326, 327, 328, 329, 330, 332, 333, 334, 335, 336, 337, 339, 341, 342, 344, 345, 346, 347, 348, 349, 350, 351, 353, 354, 355, 356, 357, 358, 359, 360, 362, 363, 364, 365, 367, 370, 371, 372, 373, 374, 375, 376, 377, 378, 380, 381, 382, 383, 384, 385, 386, 387, 388, 389, 391, 392, 393, 394, 395, 396, 397, 398, 399, 400, 401, 402, 403, 404, 405, 406, 407, 408, 409, 410, 411, 412, 413, 414, 415, 416, 417, 418, 419, 420, 421, 422, 423, 424, 426, 429, 430, 431, 432, 433, 435, 436, 437, 438, 440, 441, 442, 443, 444, 445, 446, 447, 448, 449, 450, 451, 452, 453, 454, 455, 456, 457, 458, 459, 460, 461, 462, 463, 464, 465, 466, 468, 469, 470, 471, 472, 474, 475, 476, 477, 478, 479, 480, 482, 484, 485, 486, 488, 489, 490, 491, 493, 494, 495, 496, 497, 498, 499, 500, 501, 502, 503, 504, 505, 506, 507, 508, 509, 510, 511, 512, 513, 514, 515, 516, 518, 519, 520, 521, 522, 523, 525, 526, 527, 528, 529, 530, 531, 532, 533, 534, 536, 537, 539, 542, 543, 545, 546, 547, 548, 549, 550, 552, 553, 554, 555, 557, 559, 561, 562, 563, 564, 565, 566, 567, 568, 569, 570, 571, 572, 573, 574, 575, 576, 577, 578, 579, 580, 581, 582, 583, 584, 585, 586, 587, 590, 591, 592, 593, 594, 595, 597, 598, 599, 194, 221, 244, 343, 366, 427, 434, 540, 560, 589, 185, 186, 188, 189, 190, 219, 224, 246, 249, 250, 268, 281, 283, 292, 294, 331, 338, 361, 368, 369, 425, 428, 467, 483, 487, 535, 544, 551, 556, 558, 236, 295, 340, 379, 473, 481, 517, 538, 588, 596, 203, 233, 390, 439, 492, 541]}
FP rate  0.01087 FN rate  0.18
 Before reassigning cells 
 Timepoint  2
 Cluster  6  # of cells  69
 Cluster  4  # of cells  31
 Timepoint  3
 Cluster  4  # of cells  66
 Cluster  5  # of cells  1
 Cluster  7  # of cells  1
 Cluster  3  # of cells  432
 Cells absent at timepoint  2   set()
 Cells absent at timepoint  3   set()
 Timepoint  2
 Timepoint  3
 After reassigning and merging cells 
 Timepoint  2
 Cluster  6  # of cells  69
 Cluster  4  # of cells  31
 Timepoint  3
 Cluster  4  # of cells  66
 Cluster  5  # of cells  1
 Cluster  7  # of cells  1
 Cluster  3  # of cells  432
 Tp cluster cell dict  {'6_2': 69, '4_2': 31, '4_3': 66, '5_3': 1, '7_3': 1, '3_3': 432}
 New Graph is here 
 ID  0  Timepoint  1  Mutations  []  Type  subclone
 ID  1  Timepoint  2  Mutations  [6, 7, 8, 9, 10, 11, 12, 13, 14, 15, 16, 17, 18]  Type  subclone
 ID  2  Timepoint  2  Mutations  [6, 7, 8, 9, 19, 20, 21, 22, 23, 24, 25, 26]  Type  subclone
 ID  3  Timepoint  3  Mutations  [6, 7, 8, 9, 19, 20, 21, 22, 23, 24, 25, 26]  Type  subclone
 ID  4  Timepoint  3  Mutations  [1, 2, 8, 12, 15, 19, 22, 26, 27, 28, 30, 31, 33]  Type  subclone
 ID  5  Timepoint  3  Mutations  [0, 1, 7, 15, 18, 19, 22, 24, 26, 27, 28, 29, 31, 32, 33]  Type  subclone
 ID  6  Timepoint  3  Mutations  [6, 7, 8, 9, 19, 20, 21, 22, 23, 24, 25, 26, 27, 28, 29, 30, 31, 32, 33, 34, 35]  Type  subclone
Timepoints  SortedDict({1: [0], 2: [1, 2], 3: [3, 4, 5, 6]})
 Clone to nodes  {'6_2': 1, '4_2': 2, '4_3': 3, '5_3': 4, '7_3': 5, '3_3': 6}
 Timepoint ====  1
 Hash table  {'0,1': [6, 7, 8, 9], '0': [10, 11, 12, 13, 14, 15, 16, 17, 18], '1': [19, 20, 21, 22, 23, 24, 25, 26]}
 Final possible usc  [[6, 7, 8, 9], [10, 11, 12, 13, 14, 15, 16, 17, 18], [19, 20, 21, 22, 23, 24, 25, 26]]
 Time  1  USC keys  {'19,20,21,22,23,24,25,26_0', '6,7,8,9_0', '10,11,12,13,14,15,16,17,18_0'}
 USC children  {'6,7,8,9_0': [1, 2], '10,11,12,13,14,15,16,17,18_0': [1], '19,20,21,22,23,24,25,26_0': [2]}
 USC children  {'6,7,8,9_0': [1, 2], '10,11,12,13,14,15,16,17,18_0': [1], '19,20,21,22,23,24,25,26_0': [2]}
 Timepoint ====  2
 Hash table  {'0,1': [1, 15], '0': [2, 12], '0,2': [8, 30], '0,1,2': [19, 22, 26, 27, 28, 31, 33], '1': [0, 18], '1,2': [7, 24, 29, 32], '2': [6, 9, 20, 21, 23, 25, 34, 35]}
====== Inside find superset of t nodes ==========
 Final possible usc  []
 Time  2  USC keys  set()
 USC children  {'6,7,8,9_0': [1, 2], '10,11,12,13,14,15,16,17,18_0': [1], '19,20,21,22,23,24,25,26_0': [2]}
 USC children  {'6,7,8,9_0': [1, 2], '10,11,12,13,14,15,16,17,18_0': [1], '19,20,21,22,23,24,25,26_0': [2]}
 Node s  {'1,2': ['6', '7', '8', '9']}
 Enroll USC nodes  ['1', '2']  len  2
 Node TP  SortedDict({1: [0], 2: [1, 2], 3: [3, 4, 5, 6]})
 Unobserved subclones at timepoints  {1.5: [7]}
 ============== Inside finding node v ============ 
 Time  2
 Time  3
 largest_v_mut  []
 largest_v_mut  []
 largest_v_mut  [[6, 7, 8, 9, 19, 20, 21, 22, 23, 24, 25, 26]]
 Sorted all timepoints  [1, 1.5, 2, 3]
 Timepoint  2
 Inside usc_node check  2
 Timepoint  3
 Node  4  has no parent 
 USC nodes  []
 Node with minimum mutation sets  {1: 10, 2: 8}
 Node  5  has no parent 
 USC nodes  []
 Node with minimum mutation sets  {1: 10, 2: 7}
0   1   [-1]   subclone   []   []
1   2   [7]   subclone   [6, 7, 8, 9, 10, 11, 12, 13, 14, 15, 16, 17, 18]   [9]
2   2   [7]   subclone   [6, 7, 8, 9, 19, 20, 21, 22, 23, 24, 25, 26]   [8]
3   3   [2]   subclone   [6, 7, 8, 9, 19, 20, 21, 22, 23, 24, 25, 26]   [0]
4   3   [2]   subclone   [1, 2, 8, 12, 15, 19, 22, 26, 27, 28, 30, 31, 33]   [9]
5   3   [2]   subclone   [0, 1, 7, 15, 18, 19, 22, 24, 26, 27, 28, 29, 31, 32, 33]   [10]
6   3   [2]   subclone   [6, 7, 8, 9, 19, 20, 21, 22, 23, 24, 25, 26, 27, 28, 29, 30, 31, 32, 33, 34, 35]   [9]
7   1.5   [0]   unobserved subclone   [6, 7, 8, 9]   [4]
7
 Total estimated FP  79  True negatives  8257
 Total estimated FN  1755  True positives  7189
 Estimated FP rate  0.01087
 Estimated FN rate  0.18
 No. of Cells in each cluster  {'5_2': 69, '4_2': 31, '4_3': 66, '1_3': 5, '6_3': 2, '3_3': 1, '2_3': 426}
 Cells in each cluster  {'5_2': [0, 1, 2, 3, 4, 5, 6, 7, 8, 9, 10, 11, 12, 13, 14, 15, 16, 17, 18, 19, 20, 21, 22, 23, 24, 25, 26, 27, 28, 29, 30, 31, 32, 33, 34, 35, 36, 37, 38, 39, 40, 41, 42, 43, 44, 45, 46, 47, 48, 49, 50, 51, 52, 53, 54, 55, 56, 57, 58, 59, 60, 61, 62, 63, 64, 65, 66, 67, 68], '4_2': [69, 70, 71, 72, 73, 74, 75, 76, 77, 78, 79, 80, 81, 82, 83, 84, 85, 86, 87, 88, 89, 90, 91, 92, 93, 94, 95, 96, 97, 98, 99], '4_3': [100, 101, 102, 103, 104, 105, 106, 107, 108, 109, 110, 111, 112, 113, 114, 115, 116, 117, 118, 119, 120, 121, 122, 123, 124, 125, 126, 127, 128, 129, 130, 131, 132, 133, 134, 135, 136, 137, 138, 139, 140, 141, 142, 143, 144, 145, 146, 147, 148, 149, 150, 151, 152, 153, 154, 155, 156, 157, 158, 159, 160, 161, 162, 163, 164, 165], '1_3': [185, 190, 249, 352, 425], '6_3': [194, 434], '3_3': [524], '2_3': [166, 167, 168, 169, 170, 171, 172, 173, 174, 175, 176, 177, 178, 179, 180, 181, 182, 183, 184, 186, 187, 188, 189, 191, 192, 193, 195, 196, 197, 198, 199, 200, 201, 202, 204, 205, 206, 207, 208, 209, 210, 211, 212, 213, 214, 215, 216, 217, 218, 219, 220, 221, 222, 223, 224, 225, 226, 227, 228, 229, 230, 231, 232, 234, 235, 236, 237, 238, 239, 240, 241, 242, 243, 244, 245, 246, 248, 250, 251, 252, 253, 254, 255, 256, 257, 258, 259, 260, 261, 262, 263, 264, 265, 266, 267, 268, 269, 270, 271, 272, 273, 274, 275, 276, 277, 278, 279, 280, 281, 282, 283, 284, 285, 286, 287, 288, 289, 290, 291, 292, 293, 294, 295, 296, 297, 298, 299, 300, 301, 302, 303, 304, 305, 306, 307, 308, 309, 310, 311, 312, 313, 314, 315, 316, 317, 318, 319, 320, 321, 322, 323, 324, 325, 326, 327, 328, 329, 330, 331, 332, 333, 334, 335, 336, 337, 338, 339, 341, 342, 343, 344, 345, 346, 347, 348, 349, 350, 351, 353, 354, 355, 356, 357, 358, 359, 360, 361, 362, 363, 364, 365, 366, 367, 368, 369, 370, 371, 372, 373, 374, 375, 376, 377, 378, 379, 380, 381, 382, 383, 384, 385, 386, 387, 388, 389, 391, 392, 393, 394, 395, 396, 397, 398, 399, 400, 401, 402, 403, 404, 405, 406, 407, 408, 409, 410, 411, 412, 413, 414, 415, 416, 417, 418, 419, 420, 421, 422, 423, 424, 426, 427, 428, 429, 430, 431, 432, 433, 435, 436, 437, 438, 440, 441, 442, 443, 444, 445, 446, 447, 448, 449, 450, 451, 452, 453, 454, 455, 456, 457, 458, 459, 460, 461, 462, 463, 464, 465, 466, 467, 468, 469, 470, 471, 472, 474, 475, 476, 477, 478, 479, 480, 482, 483, 484, 485, 486, 487, 488, 489, 490, 491, 493, 494, 495, 496, 497, 498, 499, 500, 501, 502, 503, 504, 505, 506, 507, 508, 509, 510, 511, 512, 513, 514, 515, 516, 518, 519, 520, 521, 522, 523, 525, 526, 527, 528, 529, 530, 531, 532, 533, 534, 535, 536, 537, 539, 540, 542, 543, 544, 545, 546, 547, 548, 549, 550, 551, 552, 553, 554, 555, 556, 557, 558, 559, 560, 561, 562, 563, 564, 565, 566, 567, 568, 569, 570, 571, 572, 573, 574, 575, 576, 577, 578, 579, 580, 581, 582, 583, 584, 585, 586, 587, 588, 589, 590, 591, 592, 593, 594, 595, 596, 597, 598, 599, 203, 233, 247, 340, 390, 439, 473, 481, 492, 517, 538, 541]}
FP rate  0.01087 FN rate  0.18
 Before reassigning cells 
 Timepoint  2
 Cluster  5  # of cells  69
 Cluster  4  # of cells  31
 Timepoint  3
 Cluster  4  # of cells  66
 Cluster  1  # of cells  5
 Cluster  6  # of cells  4
 Cluster  3  # of cells  1
 Cluster  2  # of cells  424
 Cells absent at timepoint  2   set()
 Cells absent at timepoint  3   set()
 Timepoint  2
 Timepoint  3
 After reassigning and merging cells 
 Timepoint  2
 Cluster  5  # of cells  69
 Cluster  4  # of cells  31
 Timepoint  3
 Cluster  4  # of cells  66
 Cluster  1  # of cells  5
 Cluster  6  # of cells  4
 Cluster  3  # of cells  1
 Cluster  2  # of cells  424
 Tp cluster cell dict  {'5_2': 69, '4_2': 31, '4_3': 66, '1_3': 5, '6_3': 4, '3_3': 1, '2_3': 424}
 New Graph is here 
 ID  0  Timepoint  1  Mutations  []  Type  subclone
 ID  1  Timepoint  2  Mutations  [6, 7, 8, 9, 10, 11, 12, 13, 14, 15, 16, 17, 18]  Type  subclone
 ID  2  Timepoint  2  Mutations  [6, 7, 8, 9, 19, 20, 21, 22, 23, 24, 25, 26]  Type  subclone
 ID  3  Timepoint  3  Mutations  [6, 7, 8, 9, 19, 20, 21, 22, 23, 24, 25, 26]  Type  subclone
 ID  4  Timepoint  3  Mutations  [6, 8, 19, 20, 21, 22, 25, 27, 28, 30, 31, 33, 34]  Type  subclone
 ID  5  Timepoint  3  Mutations  [6, 7, 8, 9, 12, 13, 19, 20, 21, 22, 23, 24, 25, 26, 27, 28, 29, 30, 31, 32, 33, 34, 35]  Type  subclone
 ID  6  Timepoint  3  Mutations  [0, 1, 4, 7, 9, 12, 13, 14, 18, 19, 24, 26, 28, 29, 31, 32, 33]  Type  subclone
 ID  7  Timepoint  3  Mutations  [6, 7, 8, 9, 19, 20, 21, 22, 23, 24, 25, 26, 27, 28, 29, 30, 31, 32, 33, 34, 35]  Type  subclone
Timepoints  SortedDict({1: [0], 2: [1, 2], 3: [3, 4, 5, 6, 7]})
 Clone to nodes  {'5_2': 1, '4_2': 2, '4_3': 3, '1_3': 4, '6_3': 5, '3_3': 6, '2_3': 7}
 Timepoint ====  1
 Hash table  {'0,1': [6, 7, 8, 9], '0': [10, 11, 12, 13, 14, 15, 16, 17, 18], '1': [19, 20, 21, 22, 23, 24, 25, 26]}
 Final possible usc  [[6, 7, 8, 9], [10, 11, 12, 13, 14, 15, 16, 17, 18], [19, 20, 21, 22, 23, 24, 25, 26]]
 Time  1  USC keys  {'10,11,12,13,14,15,16,17,18_0', '6,7,8,9_0', '19,20,21,22,23,24,25,26_0'}
 USC children  {'6,7,8,9_0': [1, 2], '10,11,12,13,14,15,16,17,18_0': [1], '19,20,21,22,23,24,25,26_0': [2]}
 USC children  {'6,7,8,9_0': [1, 2], '10,11,12,13,14,15,16,17,18_0': [1], '19,20,21,22,23,24,25,26_0': [2]}
 Timepoint ====  2
 Hash table  {'0,1,3': [6, 8, 20, 21, 22, 25, 27, 30, 34], '0,1,2,3': [19, 28, 31, 33], '1,2,3': [7, 9, 24, 26, 29, 32], '1,2': [12, 13], '1,3': [23, 35], '2': [0, 1, 4, 14, 18]}
====== Inside find superset of t nodes ==========
 Final possible usc  []
 Time  2  USC keys  set()
 USC children  {'6,7,8,9_0': [1, 2], '10,11,12,13,14,15,16,17,18_0': [1], '19,20,21,22,23,24,25,26_0': [2]}
 USC children  {'6,7,8,9_0': [1, 2], '10,11,12,13,14,15,16,17,18_0': [1], '19,20,21,22,23,24,25,26_0': [2]}
 Node s  {'1,2': ['6', '7', '8', '9']}
 Enroll USC nodes  ['1', '2']  len  2
 Node TP  SortedDict({1: [0], 2: [1, 2], 3: [3, 4, 5, 6, 7]})
 Unobserved subclones at timepoints  {1.5: [8]}
 ============== Inside finding node v ============ 
 Time  2
 Time  3
 largest_v_mut  []
 largest_v_mut  [[6, 7, 8, 9, 19, 20, 21, 22, 23, 24, 25, 26]]
 largest_v_mut  []
 largest_v_mut  [[6, 7, 8, 9, 19, 20, 21, 22, 23, 24, 25, 26]]
 Sorted all timepoints  [1, 1.5, 2, 3]
 Timepoint  2
 Inside usc_node check  2
 Timepoint  3
 Node  4  has no parent 
 USC nodes  []
 Node with minimum mutation sets  {1: 11, 2: 5}
 Node  6  has no parent 
 USC nodes  []
 Node with minimum mutation sets  {1: 7, 2: 7}
0   1   [-1]   subclone   []   []
1   2   [8]   subclone   [6, 7, 8, 9, 10, 11, 12, 13, 14, 15, 16, 17, 18]   [9]
2   2   [8]   subclone   [6, 7, 8, 9, 19, 20, 21, 22, 23, 24, 25, 26]   [8]
3   3   [2]   subclone   [6, 7, 8, 9, 19, 20, 21, 22, 23, 24, 25, 26]   [0]
4   3   [2]   subclone   [6, 8, 19, 20, 21, 22, 25, 27, 28, 30, 31, 33, 34]   [6]
5   3   [2]   subclone   [6, 7, 8, 9, 12, 13, 19, 20, 21, 22, 23, 24, 25, 26, 27, 28, 29, 30, 31, 32, 33, 34, 35]   [11]
6   3   [1]   subclone   [0, 1, 4, 7, 9, 12, 13, 14, 18, 19, 24, 26, 28, 29, 31, 32, 33]   [11]
7   3   [2]   subclone   [6, 7, 8, 9, 19, 20, 21, 22, 23, 24, 25, 26, 27, 28, 29, 30, 31, 32, 33, 34, 35]   [9]
8   1.5   [0]   unobserved subclone   [6, 7, 8, 9]   [4]
10
 Total estimated FP  76  True negatives  8235
 Total estimated FN  1777  True positives  7192
 Estimated FP rate  0.01046
 Estimated FN rate  0.18
 No. of Cells in each cluster  {'5_2': 69, '4_2': 31, '4_3': 66, '8_3': 2, '9_3': 1, '7_3': 1, '1_3': 430}
 Cells in each cluster  {'5_2': [0, 1, 2, 3, 4, 5, 6, 7, 8, 9, 10, 11, 12, 13, 14, 15, 16, 17, 18, 19, 20, 21, 22, 23, 24, 25, 26, 27, 28, 29, 30, 31, 32, 33, 34, 35, 36, 37, 38, 39, 40, 41, 42, 43, 44, 45, 46, 47, 48, 49, 50, 51, 52, 53, 54, 55, 56, 57, 58, 59, 60, 61, 62, 63, 64, 65, 66, 67, 68], '4_2': [69, 70, 71, 72, 73, 74, 75, 76, 77, 78, 79, 80, 81, 82, 83, 84, 85, 86, 87, 88, 89, 90, 91, 92, 93, 94, 95, 96, 97, 98, 99], '4_3': [100, 101, 102, 103, 104, 105, 106, 107, 108, 109, 110, 111, 112, 113, 114, 115, 116, 117, 118, 119, 120, 121, 122, 123, 124, 125, 126, 127, 128, 129, 130, 131, 132, 133, 134, 135, 136, 137, 138, 139, 140, 141, 142, 143, 144, 145, 146, 147, 148, 149, 150, 151, 152, 153, 154, 155, 156, 157, 158, 159, 160, 161, 162, 163, 164, 165], '8_3': [194, 434], '9_3': [352], '7_3': [524], '1_3': [221, 244, 246, 263, 268, 283, 343, 349, 361, 366, 401, 427, 483, 487, 540, 551, 560, 589, 203, 233, 247, 390, 439, 492, 541, 166, 167, 168, 169, 170, 171, 172, 173, 174, 175, 176, 177, 178, 179, 180, 181, 182, 183, 184, 187, 189, 190, 191, 192, 193, 195, 196, 197, 198, 199, 200, 201, 202, 204, 205, 206, 207, 208, 209, 210, 211, 212, 213, 214, 215, 216, 217, 218, 219, 220, 222, 223, 224, 225, 226, 227, 228, 229, 230, 231, 232, 234, 235, 236, 237, 238, 239, 240, 241, 242, 243, 245, 248, 251, 252, 253, 254, 255, 256, 257, 258, 259, 260, 261, 262, 264, 265, 266, 267, 269, 270, 271, 272, 273, 274, 276, 277, 278, 279, 280, 281, 282, 284, 285, 286, 287, 288, 289, 290, 291, 292, 293, 294, 295, 296, 297, 298, 299, 300, 301, 302, 303, 304, 305, 306, 307, 308, 309, 310, 311, 312, 313, 314, 315, 316, 317, 318, 319, 320, 321, 322, 323, 324, 325, 326, 327, 328, 329, 330, 332, 333, 334, 335, 336, 337, 339, 341, 342, 344, 345, 346, 347, 348, 350, 351, 353, 354, 355, 356, 357, 358, 359, 360, 362, 363, 364, 365, 367, 368, 370, 371, 372, 373, 374, 375, 376, 377, 378, 379, 380, 381, 382, 383, 384, 385, 386, 387, 388, 389, 391, 392, 393, 394, 395, 396, 397, 398, 399, 400, 402, 403, 404, 405, 406, 407, 408, 409, 410, 411, 412, 413, 414, 415, 416, 417, 418, 419, 420, 421, 422, 423, 424, 426, 428, 429, 430, 431, 432, 433, 435, 436, 438, 440, 441, 442, 443, 444, 445, 446, 447, 448, 449, 450, 451, 452, 453, 454, 455, 456, 457, 458, 459, 460, 461, 462, 463, 464, 465, 466, 468, 469, 470, 471, 472, 474, 475, 476, 477, 478, 479, 480, 482, 484, 485, 486, 488, 489, 490, 491, 493, 494, 495, 496, 497, 498, 499, 500, 501, 502, 503, 504, 505, 506, 507, 508, 509, 510, 511, 512, 513, 514, 515, 516, 518, 519, 520, 521, 522, 523, 525, 526, 527, 528, 529, 530, 531, 532, 533, 534, 535, 536, 537, 539, 542, 543, 544, 545, 546, 547, 548, 549, 550, 552, 553, 554, 555, 557, 558, 559, 561, 562, 563, 564, 565, 566, 567, 568, 569, 570, 571, 572, 573, 574, 575, 576, 577, 578, 579, 580, 581, 582, 583, 586, 587, 588, 590, 591, 592, 593, 594, 595, 596, 597, 598, 599, 340, 437, 473, 481, 517, 538, 585, 185, 186, 188, 249, 250, 275, 331, 338, 369, 425, 467, 556, 584]}
FP rate  0.01046 FN rate  0.18
 Before reassigning cells 
 Timepoint  2
 Cluster  5  # of cells  69
 Cluster  4  # of cells  31
 Timepoint  3
 Cluster  4  # of cells  66
 Cluster  8  # of cells  4
 Cluster  9  # of cells  1
 Cluster  7  # of cells  1
 Cluster  1  # of cells  427
 Cells absent at timepoint  2   set()
 Cells absent at timepoint  3   {483}
 Missing cell prob  {'7': 1.4030441485244553e-06, '9': 7.873050646185354e-14, '8': 2.0422246535481577e-13, '1': 1.4030441485244561e-06, '4': 6.171989990317391e-12}
 Timepoint  2
 Timepoint  3
 After reassigning and merging cells 
 Timepoint  2
 Cluster  5  # of cells  69
 Cluster  4  # of cells  31
 Timepoint  3
 Cluster  4  # of cells  66
 Cluster  8  # of cells  4
 Cluster  9  # of cells  1
 Cluster  7  # of cells  1
 Cluster  1  # of cells  428
 Tp cluster cell dict  {'5_2': 69, '4_2': 31, '4_3': 66, '8_3': 4, '9_3': 1, '7_3': 1, '1_3': 428}
 New Graph is here 
 ID  0  Timepoint  1  Mutations  []  Type  subclone
 ID  1  Timepoint  2  Mutations  [6, 7, 8, 9, 10, 11, 12, 13, 14, 15, 16, 17, 18]  Type  subclone
 ID  2  Timepoint  2  Mutations  [6, 7, 8, 9, 19, 20, 21, 22, 23, 24, 25, 26]  Type  subclone
 ID  3  Timepoint  3  Mutations  [6, 7, 8, 9, 19, 20, 21, 22, 23, 24, 25, 26]  Type  subclone
 ID  4  Timepoint  3  Mutations  [6, 7, 8, 9, 12, 13, 19, 20, 21, 22, 23, 24, 25, 26, 27, 28, 29, 30, 31, 32, 33, 34, 35]  Type  subclone
 ID  5  Timepoint  3  Mutations  [2, 12, 19, 21, 22, 26, 27, 28, 30, 31, 33]  Type  subclone
 ID  6  Timepoint  3  Mutations  [0, 6, 7, 8, 9, 15, 18, 19, 20, 22, 24, 26, 27, 28, 29, 31, 32, 33, 34]  Type  subclone
 ID  7  Timepoint  3  Mutations  [6, 7, 8, 9, 19, 20, 21, 22, 23, 24, 25, 26, 27, 28, 29, 30, 31, 32, 33, 34, 35]  Type  subclone
Timepoints  SortedDict({1: [0], 2: [1, 2], 3: [3, 4, 5, 6, 7]})
 Clone to nodes  {'5_2': 1, '4_2': 2, '4_3': 3, '8_3': 4, '9_3': 5, '7_3': 6, '1_3': 7}
 Timepoint ====  1
 Hash table  {'0,1': [6, 7, 8, 9], '0': [10, 11, 12, 13, 14, 15, 16, 17, 18], '1': [19, 20, 21, 22, 23, 24, 25, 26]}
 Final possible usc  [[6, 7, 8, 9], [10, 11, 12, 13, 14, 15, 16, 17, 18], [19, 20, 21, 22, 23, 24, 25, 26]]
 Time  1  USC keys  {'10,11,12,13,14,15,16,17,18_0', '6,7,8,9_0', '19,20,21,22,23,24,25,26_0'}
 USC children  {'6,7,8,9_0': [1, 2], '10,11,12,13,14,15,16,17,18_0': [1], '19,20,21,22,23,24,25,26_0': [2]}
 USC children  {'6,7,8,9_0': [1, 2], '10,11,12,13,14,15,16,17,18_0': [1], '19,20,21,22,23,24,25,26_0': [2]}
 Timepoint ====  2
 Hash table  {'0,2,3': [6, 7, 8, 9, 20, 24, 29, 32, 34], '0,1': [12], '0': [13], '0,1,2,3': [19, 22, 26, 27, 28, 31, 33], '0,1,3': [21, 30], '0,3': [23, 25, 35], '1': [2], '2': [0, 15, 18]}
====== Inside find superset of t nodes ==========
 Final possible usc  []
 Time  2  USC keys  set()
 USC children  {'6,7,8,9_0': [1, 2], '10,11,12,13,14,15,16,17,18_0': [1], '19,20,21,22,23,24,25,26_0': [2]}
 USC children  {'6,7,8,9_0': [1, 2], '10,11,12,13,14,15,16,17,18_0': [1], '19,20,21,22,23,24,25,26_0': [2]}
 Node s  {'1,2': ['6', '7', '8', '9']}
 Enroll USC nodes  ['1', '2']  len  2
 Node TP  SortedDict({1: [0], 2: [1, 2], 3: [3, 4, 5, 6, 7]})
 Unobserved subclones at timepoints  {1.5: [8]}
 ============== Inside finding node v ============ 
 Time  2
 Time  3
 largest_v_mut  [[6, 7, 8, 9, 19, 20, 21, 22, 23, 24, 25, 26]]
 largest_v_mut  []
 largest_v_mut  []
 largest_v_mut  [[6, 7, 8, 9, 19, 20, 21, 22, 23, 24, 25, 26]]
 Sorted all timepoints  [1, 1.5, 2, 3]
 Timepoint  2
 Inside usc_node check  2
 Timepoint  3
 Node  5  has no parent 
 USC nodes  []
 Node with minimum mutation sets  {1: 12, 2: 8}
 Node  6  has no parent 
 USC nodes  []
 Node with minimum mutation sets  {1: 7, 2: 3}
0   1   [-1]   subclone   []   []
1   2   [8]   subclone   [6, 7, 8, 9, 10, 11, 12, 13, 14, 15, 16, 17, 18]   [9]
2   2   [8]   subclone   [6, 7, 8, 9, 19, 20, 21, 22, 23, 24, 25, 26]   [8]
3   3   [2]   subclone   [6, 7, 8, 9, 19, 20, 21, 22, 23, 24, 25, 26]   [0]
4   3   [2]   subclone   [6, 7, 8, 9, 12, 13, 19, 20, 21, 22, 23, 24, 25, 26, 27, 28, 29, 30, 31, 32, 33, 34, 35]   [11]
5   3   [2]   subclone   [2, 12, 19, 21, 22, 26, 27, 28, 30, 31, 33]   [7]
6   3   [2]   subclone   [0, 6, 7, 8, 9, 15, 18, 19, 20, 22, 24, 26, 27, 28, 29, 31, 32, 33, 34]   [10]
7   3   [2]   subclone   [6, 7, 8, 9, 19, 20, 21, 22, 23, 24, 25, 26, 27, 28, 29, 30, 31, 32, 33, 34, 35]   [9]
8   1.5   [0]   unobserved subclone   [6, 7, 8, 9]   [4]
8
 Total estimated FP  82  True negatives  8251
 Total estimated FN  1761  True positives  7186
 Estimated FP rate  0.01128
 Estimated FN rate  0.18
 No. of Cells in each cluster  {'6_2': 69, '7_2': 31, '7_3': 66, '1_3': 6, '5_3': 1, '2_3': 427}
 Cells in each cluster  {'6_2': [0, 1, 2, 3, 4, 5, 6, 7, 8, 9, 10, 11, 12, 13, 14, 15, 16, 17, 18, 19, 20, 21, 22, 23, 24, 25, 26, 27, 28, 29, 30, 31, 32, 33, 34, 35, 36, 37, 38, 39, 40, 41, 42, 43, 44, 45, 46, 47, 48, 49, 50, 51, 52, 53, 54, 55, 56, 57, 58, 59, 60, 61, 62, 63, 64, 65, 66, 67, 68], '7_2': [69, 70, 71, 72, 73, 74, 75, 76, 77, 78, 79, 80, 81, 82, 83, 84, 85, 86, 87, 88, 89, 90, 91, 92, 93, 94, 95, 96, 97, 98, 99], '7_3': [100, 101, 102, 103, 104, 105, 106, 107, 108, 109, 110, 111, 112, 113, 114, 115, 116, 117, 118, 119, 120, 121, 122, 123, 124, 125, 126, 127, 128, 129, 130, 131, 132, 133, 134, 135, 136, 137, 138, 139, 140, 141, 142, 143, 144, 145, 146, 147, 148, 149, 150, 151, 152, 153, 154, 155, 156, 157, 158, 159, 160, 161, 162, 163, 164, 165], '1_3': [185, 188, 190, 249, 352, 425], '5_3': [524], '2_3': [203, 233, 247, 390, 439, 492, 541, 173, 181, 306, 338, 340, 351, 364, 473, 481, 517, 529, 538, 562, 166, 167, 168, 169, 170, 171, 172, 174, 175, 176, 177, 178, 179, 180, 182, 183, 184, 186, 187, 189, 191, 192, 193, 195, 196, 197, 198, 199, 200, 201, 202, 204, 205, 206, 207, 208, 209, 210, 211, 212, 213, 214, 215, 216, 217, 218, 219, 220, 222, 223, 224, 225, 226, 227, 228, 229, 230, 231, 232, 234, 235, 236, 237, 238, 239, 240, 241, 242, 243, 245, 246, 248, 250, 251, 252, 253, 254, 255, 256, 257, 258, 259, 260, 261, 262, 263, 264, 265, 266, 267, 268, 269, 270, 271, 272, 273, 274, 275, 276, 277, 278, 279, 280, 281, 282, 283, 284, 285, 286, 287, 288, 289, 290, 291, 292, 293, 294, 295, 296, 297, 298, 299, 300, 301, 302, 303, 304, 305, 307, 308, 309, 310, 311, 312, 313, 314, 315, 316, 317, 318, 319, 320, 321, 322, 323, 324, 325, 326, 327, 328, 329, 330, 331, 332, 333, 334, 335, 336, 337, 339, 341, 342, 344, 345, 346, 347, 348, 349, 350, 353, 354, 355, 356, 357, 358, 359, 360, 361, 362, 363, 365, 367, 368, 369, 370, 371, 372, 373, 374, 375, 376, 377, 378, 379, 380, 381, 382, 383, 384, 385, 386, 387, 388, 389, 391, 392, 393, 394, 395, 396, 397, 398, 399, 400, 401, 402, 403, 404, 405, 406, 407, 408, 409, 410, 411, 412, 413, 414, 415, 416, 417, 418, 419, 420, 421, 422, 423, 424, 426, 428, 429, 430, 431, 432, 433, 435, 436, 437, 438, 440, 441, 442, 443, 444, 445, 446, 447, 448, 449, 450, 451, 452, 453, 454, 455, 456, 457, 458, 459, 460, 461, 462, 463, 464, 465, 466, 467, 468, 469, 470, 471, 472, 474, 475, 476, 477, 478, 479, 480, 482, 483, 484, 485, 486, 487, 488, 489, 490, 491, 493, 494, 495, 496, 497, 498, 499, 500, 501, 502, 503, 504, 505, 506, 507, 508, 509, 510, 511, 512, 513, 514, 515, 516, 518, 519, 520, 521, 522, 523, 525, 526, 527, 528, 530, 531, 532, 533, 534, 535, 536, 537, 539, 542, 543, 544, 545, 546, 547, 548, 549, 550, 551, 552, 553, 554, 555, 556, 557, 558, 559, 561, 563, 564, 565, 566, 567, 568, 569, 570, 571, 572, 573, 574, 575, 576, 577, 578, 579, 580, 581, 582, 583, 584, 585, 586, 587, 588, 590, 591, 592, 593, 594, 595, 596, 597, 598, 599, 194, 221, 244, 343, 366, 427, 434, 540, 560, 589]}
FP rate  0.01128 FN rate  0.18
 Before reassigning cells 
 Timepoint  2
 Cluster  6  # of cells  69
 Cluster  7  # of cells  31
 Timepoint  3
 Cluster  7  # of cells  66
 Cluster  1  # of cells  8
 Cluster  5  # of cells  1
 Cluster  2  # of cells  422
 Cells absent at timepoint  2   set()
 Cells absent at timepoint  3   {456, 589, 278}
 Missing cell prob  {'1': 9.88998755359315e-09, '7': 1.8005074840670435e-09, '2': 2.292490585676665e-05, '5': 2.2924905856766645e-05}
 Missing cell prob  {'1': 4.805792992829632e-14, '7': 1.9189807876545616e-11, '2': 8.098071900300244e-09, '5': 8.098071900300244e-09}
 Missing cell prob  {'1': 5.900198487314123e-11, '7': 2.796092596384882e-17, '2': 7.512409476487166e-07, '5': 7.512409476487166e-07}
 Timepoint  2
 Timepoint  3
 After reassigning and merging cells 
 Timepoint  2
 Cluster  6  # of cells  69
 Cluster  7  # of cells  31
 Timepoint  3
 Cluster  7  # of cells  66
 Cluster  1  # of cells  8
 Cluster  5  # of cells  1
 Cluster  2  # of cells  425
 Tp cluster cell dict  {'6_2': 69, '7_2': 31, '7_3': 66, '1_3': 8, '5_3': 1, '2_3': 425}
 New Graph is here 
 ID  0  Timepoint  1  Mutations  []  Type  subclone
 ID  1  Timepoint  2  Mutations  [6, 7, 8, 9, 10, 11, 12, 13, 14, 15, 16, 17, 18]  Type  subclone
 ID  2  Timepoint  2  Mutations  [6, 7, 8, 9, 19, 20, 21, 22, 23, 24, 25, 26]  Type  subclone
 ID  3  Timepoint  3  Mutations  [6, 7, 8, 9, 19, 20, 21, 22, 23, 24, 25, 26]  Type  subclone
 ID  4  Timepoint  3  Mutations  [6, 8, 19, 20, 21, 22, 24, 25, 27, 28, 30, 31, 33, 34]  Type  subclone
 ID  5  Timepoint  3  Mutations  [0, 6, 7, 8, 13, 14, 18, 19, 20, 22, 24, 26, 27, 28, 29, 30, 31, 32, 33, 34]  Type  subclone
 ID  6  Timepoint  3  Mutations  [6, 7, 8, 9, 19, 20, 21, 22, 23, 24, 25, 26, 27, 28, 29, 30, 31, 32, 33, 34, 35]  Type  subclone
Timepoints  SortedDict({1: [0], 2: [1, 2], 3: [3, 4, 5, 6]})
 Clone to nodes  {'6_2': 1, '7_2': 2, '7_3': 3, '1_3': 4, '5_3': 5, '2_3': 6}
 Timepoint ====  1
 Hash table  {'0,1': [6, 7, 8, 9], '0': [10, 11, 12, 13, 14, 15, 16, 17, 18], '1': [19, 20, 21, 22, 23, 24, 25, 26]}
 Final possible usc  [[6, 7, 8, 9], [10, 11, 12, 13, 14, 15, 16, 17, 18], [19, 20, 21, 22, 23, 24, 25, 26]]
 Time  1  USC keys  {'6,7,8,9_0', '19,20,21,22,23,24,25,26_0', '10,11,12,13,14,15,16,17,18_0'}
 USC children  {'6,7,8,9_0': [1, 2], '10,11,12,13,14,15,16,17,18_0': [1], '19,20,21,22,23,24,25,26_0': [2]}
 USC children  {'6,7,8,9_0': [1, 2], '10,11,12,13,14,15,16,17,18_0': [1], '19,20,21,22,23,24,25,26_0': [2]}
 Timepoint ====  2
 Hash table  {'0,1,2': [6, 8, 19, 20, 22, 24, 27, 28, 30, 31, 33, 34], '0,2': [21, 25], '1': [0, 13, 14, 18], '1,2': [7, 26, 29, 32], '2': [9, 23, 35]}
====== Inside find superset of t nodes ==========
 Final possible usc  []
 Time  2  USC keys  set()
 USC children  {'6,7,8,9_0': [1, 2], '10,11,12,13,14,15,16,17,18_0': [1], '19,20,21,22,23,24,25,26_0': [2]}
 USC children  {'6,7,8,9_0': [1, 2], '10,11,12,13,14,15,16,17,18_0': [1], '19,20,21,22,23,24,25,26_0': [2]}
 Node s  {'1,2': ['6', '7', '8', '9']}
 Enroll USC nodes  ['1', '2']  len  2
 Node TP  SortedDict({1: [0], 2: [1, 2], 3: [3, 4, 5, 6]})
 Unobserved subclones at timepoints  {1.5: [7]}
 ============== Inside finding node v ============ 
 Time  2
 Time  3
 largest_v_mut  []
 largest_v_mut  []
 largest_v_mut  [[6, 7, 8, 9, 19, 20, 21, 22, 23, 24, 25, 26]]
 Sorted all timepoints  [1, 1.5, 2, 3]
 Timepoint  2
 Inside usc_node check  2
 Timepoint  3
 Node  4  has no parent 
 USC nodes  []
 Node with minimum mutation sets  {1: 11, 2: 4}
 Node  5  has no parent 
 USC nodes  []
 Node with minimum mutation sets  {1: 7, 2: 4}
0   1   [-1]   subclone   []   []
1   2   [7]   subclone   [6, 7, 8, 9, 10, 11, 12, 13, 14, 15, 16, 17, 18]   [9]
2   2   [7]   subclone   [6, 7, 8, 9, 19, 20, 21, 22, 23, 24, 25, 26]   [8]
3   3   [2]   subclone   [6, 7, 8, 9, 19, 20, 21, 22, 23, 24, 25, 26]   [0]
4   3   [2]   subclone   [6, 8, 19, 20, 21, 22, 24, 25, 27, 28, 30, 31, 33, 34]   [6]
5   3   [2]   subclone   [0, 6, 7, 8, 13, 14, 18, 19, 20, 22, 24, 26, 27, 28, 29, 30, 31, 32, 33, 34]   [12]
6   3   [2]   subclone   [6, 7, 8, 9, 19, 20, 21, 22, 23, 24, 25, 26, 27, 28, 29, 30, 31, 32, 33, 34, 35]   [9]
7   1.5   [0]   unobserved subclone   [6, 7, 8, 9]   [4]
 List of tree files  ['all_trees/mc12_rep4_m1_tree.csv', 'all_trees/mc12_rep4_m2_tree.csv', 'all_trees/mc12_rep4_m3_tree.csv', 'all_trees/mc12_rep4_m4_tree.csv', 'all_trees/mc12_rep4_m5_tree.csv']
{'1': ['6', '7', '8', '9', '10', '11', '12', '13', '14', '15', '16', '17', '18'], '2': ['6', '7', '8', '9', '19', '20', '21', '22', '23', '24', '25', '26'], '3': ['6', '7', '8', '9', '19', '20', '21', '22', '23', '24', '25', '26'], '4': ['6', '8', '19', '20', '21', '22', '24', '25', '27', '28', '30', '31', '33', '34'], '5': ['6', '7', '8', '9', '19', '20', '21', '22', '23', '24', '25', '26', '27', '28', '29', '30', '31', '32', '33', '34', '35'], '6': ['0', '1', '4', '5', '7', '8', '14', '15', '18', '19', '20', '22', '24', '26', '27', '28', '29', '30', '31', '32', '33', '34'], '7': ['6', '7', '8', '9']}
 Actual mutation of  1   ['10', '12', '18', '13', '17', '14', '11', '15', '16']
 Actual mutation of  2   ['19', '26', '21', '23', '20', '22', '25', '24']
 Actual mutation of  3   []
 Actual mutation of  4   ['28', '31', '34', '30', '27', '33']
 Actual mutation of  5   ['32', '28', '31', '34', '30', '35', '27', '29', '33']
 Actual mutation of  6   ['32', '28', '31', '34', '18', '30', '14', '33', '27', '29', '0', '5', '15', '4', '1']
 Updated node mutation  {'1': ['10', '12', '18', '13', '17', '14', '11', '15', '16'], '2': ['19', '26', '21', '23', '20', '22', '25', '24'], '3': [], '4': ['28', '31', '34', '30', '27', '33'], '5': ['32', '28', '31', '34', '30', '35', '27', '29', '33'], '6': ['32', '28', '31', '34', '18', '30', '14', '33', '27', '29', '0', '5', '15', '4', '1'], '7': ['6', '7', '8', '9']}
{'1': ['6', '7', '8', '9', '10', '11', '12', '13', '14', '15', '16', '17', '18'], '2': ['6', '7', '8', '9', '19', '20', '21', '22', '23', '24', '25', '26'], '3': ['6', '7', '8', '9', '19', '20', '21', '22', '23', '24', '25', '26'], '4': ['1', '2', '8', '12', '15', '19', '22', '26', '27', '28', '30', '31', '33'], '5': ['0', '1', '7', '15', '18', '19', '22', '24', '26', '27', '28', '29', '31', '32', '33'], '6': ['6', '7', '8', '9', '19', '20', '21', '22', '23', '24', '25', '26', '27', '28', '29', '30', '31', '32', '33', '34', '35'], '7': ['6', '7', '8', '9']}
 Actual mutation of  1   ['10', '12', '18', '13', '17', '14', '11', '15', '16']
 Actual mutation of  2   ['19', '26', '21', '23', '20', '22', '25', '24']
 Actual mutation of  3   []
 Actual mutation of  4   ['28', '31', '12', '2', '30', '27', '15', '33', '1']
 Actual mutation of  5   ['32', '28', '31', '18', '15', '27', '29', '0', '33', '1']
 Actual mutation of  6   ['32', '28', '31', '34', '30', '35', '27', '29', '33']
 Updated node mutation  {'1': ['10', '12', '18', '13', '17', '14', '11', '15', '16'], '2': ['19', '26', '21', '23', '20', '22', '25', '24'], '3': [], '4': ['28', '31', '12', '2', '30', '27', '15', '33', '1'], '5': ['32', '28', '31', '18', '15', '27', '29', '0', '33', '1'], '6': ['32', '28', '31', '34', '30', '35', '27', '29', '33'], '7': ['6', '7', '8', '9']}
{'1': ['6', '7', '8', '9', '10', '11', '12', '13', '14', '15', '16', '17', '18'], '2': ['6', '7', '8', '9', '19', '20', '21', '22', '23', '24', '25', '26'], '3': ['6', '7', '8', '9', '19', '20', '21', '22', '23', '24', '25', '26'], '4': ['6', '8', '19', '20', '21', '22', '25', '27', '28', '30', '31', '33', '34'], '5': ['6', '7', '8', '9', '12', '13', '19', '20', '21', '22', '23', '24', '25', '26', '27', '28', '29', '30', '31', '32', '33', '34', '35'], '6': ['0', '1', '4', '7', '9', '12', '13', '14', '18', '19', '24', '26', '28', '29', '31', '32', '33'], '7': ['6', '7', '8', '9', '19', '20', '21', '22', '23', '24', '25', '26', '27', '28', '29', '30', '31', '32', '33', '34', '35'], '8': ['6', '7', '8', '9']}
 Actual mutation of  1   ['10', '12', '18', '13', '17', '14', '11', '15', '16']
 Actual mutation of  2   ['19', '26', '21', '23', '20', '22', '25', '24']
 Actual mutation of  3   []
 Actual mutation of  4   ['28', '31', '34', '30', '27', '33']
 Actual mutation of  5   ['32', '28', '31', '12', '34', '13', '30', '35', '27', '29', '33']
 Actual mutation of  6   ['19', '32', '26', '28', '31', '4', '29', '0', '33', '24', '1']
 Actual mutation of  7   ['32', '28', '31', '34', '30', '35', '27', '29', '33']
 Updated node mutation  {'1': ['10', '12', '18', '13', '17', '14', '11', '15', '16'], '2': ['19', '26', '21', '23', '20', '22', '25', '24'], '3': [], '4': ['28', '31', '34', '30', '27', '33'], '5': ['32', '28', '31', '12', '34', '13', '30', '35', '27', '29', '33'], '6': ['19', '32', '26', '28', '31', '4', '29', '0', '33', '24', '1'], '7': ['32', '28', '31', '34', '30', '35', '27', '29', '33'], '8': ['6', '7', '8', '9']}
{'1': ['6', '7', '8', '9', '10', '11', '12', '13', '14', '15', '16', '17', '18'], '2': ['6', '7', '8', '9', '19', '20', '21', '22', '23', '24', '25', '26'], '3': ['6', '7', '8', '9', '19', '20', '21', '22', '23', '24', '25', '26'], '4': ['6', '7', '8', '9', '12', '13', '19', '20', '21', '22', '23', '24', '25', '26', '27', '28', '29', '30', '31', '32', '33', '34', '35'], '5': ['2', '12', '19', '21', '22', '26', '27', '28', '30', '31', '33'], '6': ['0', '6', '7', '8', '9', '15', '18', '19', '20', '22', '24', '26', '27', '28', '29', '31', '32', '33', '34'], '7': ['6', '7', '8', '9', '19', '20', '21', '22', '23', '24', '25', '26', '27', '28', '29', '30', '31', '32', '33', '34', '35'], '8': ['6', '7', '8', '9']}
 Actual mutation of  1   ['10', '12', '18', '13', '17', '14', '11', '15', '16']
 Actual mutation of  2   ['19', '26', '21', '23', '20', '22', '25', '24']
 Actual mutation of  3   []
 Actual mutation of  4   ['32', '28', '31', '12', '34', '13', '30', '35', '27', '29', '33']
 Actual mutation of  5   ['28', '31', '12', '2', '30', '27', '33']
 Actual mutation of  6   ['32', '28', '31', '34', '18', '33', '27', '29', '0', '15']
 Actual mutation of  7   ['32', '28', '31', '34', '30', '35', '27', '29', '33']
 Updated node mutation  {'1': ['10', '12', '18', '13', '17', '14', '11', '15', '16'], '2': ['19', '26', '21', '23', '20', '22', '25', '24'], '3': [], '4': ['32', '28', '31', '12', '34', '13', '30', '35', '27', '29', '33'], '5': ['28', '31', '12', '2', '30', '27', '33'], '6': ['32', '28', '31', '34', '18', '33', '27', '29', '0', '15'], '7': ['32', '28', '31', '34', '30', '35', '27', '29', '33'], '8': ['6', '7', '8', '9']}
{'1': ['6', '7', '8', '9', '10', '11', '12', '13', '14', '15', '16', '17', '18'], '2': ['6', '7', '8', '9', '19', '20', '21', '22', '23', '24', '25', '26'], '3': ['6', '7', '8', '9', '19', '20', '21', '22', '23', '24', '25', '26'], '4': ['6', '8', '19', '20', '21', '22', '24', '25', '27', '28', '30', '31', '33', '34'], '5': ['0', '6', '7', '8', '13', '14', '18', '19', '20', '22', '24', '26', '27', '28', '29', '30', '31', '32', '33', '34'], '6': ['6', '7', '8', '9', '19', '20', '21', '22', '23', '24', '25', '26', '27', '28', '29', '30', '31', '32', '33', '34', '35'], '7': ['6', '7', '8', '9']}
 Actual mutation of  1   ['10', '12', '18', '13', '17', '14', '11', '15', '16']
 Actual mutation of  2   ['19', '26', '21', '23', '20', '22', '25', '24']
 Actual mutation of  3   []
 Actual mutation of  4   ['28', '31', '34', '30', '27', '33']
 Actual mutation of  5   ['32', '28', '31', '34', '18', '13', '30', '14', '27', '29', '0', '33']
 Actual mutation of  6   ['32', '28', '31', '34', '30', '35', '27', '29', '33']
 Updated node mutation  {'1': ['10', '12', '18', '13', '17', '14', '11', '15', '16'], '2': ['19', '26', '21', '23', '20', '22', '25', '24'], '3': [], '4': ['28', '31', '34', '30', '27', '33'], '5': ['32', '28', '31', '34', '18', '13', '30', '14', '27', '29', '0', '33'], '6': ['32', '28', '31', '34', '30', '35', '27', '29', '33'], '7': ['6', '7', '8', '9']}
 Parallel mutation count  {'m1': 11, 'm2': 11, 'm3': 14, 'm4': 13, 'm5': 11}
 Clusters with least parallel mutations  ['m1', 'm2', 'm5']
 Cluster nos for each run  {'m1': 9, 'm2': 9, 'm5': 8}
 Run  m5
 Base path  ['mc12', 'rep4', 'm1', 'tree.csv']
 Best tree path  mc12_rep4_m5_tree.csv
