
DPMM with:
	600 cells
	33 mutations
	learning errors

	Priors:
	params.:	Beta(0.25,0.25)
	CRP a_0:	Gamma(24.49,1)
	FP:		trunc norm(0.01,0.01)
	FN:		trunc norm(0.2,0.1)

Move probabilitites:
	Split/merge:	0.33
		split/merge ratio:	[0.75, 0.25]
		intermediate Gibbs:	3
	CRP a_0 update:	0.25
	Errors update:	0.25

Run MCMC with (1 chains for 5000 steps):

Clustering time:	0:14:11.028630	(0.17 secs. per MCMC step)	Lugsail PSRF:		1.00732

Chain mean - posterior clusters	(#9):
	9 clusters

	A: 309 items
	B: 91 items
	C: 10 items
	D: 10 items
	E: 1 items
	F: 174 items
	G: 1 items
	H: 1 items
	I: 3 items

Inferred latent variables	--	chain mean - posterior
	CRP a_0:	101.7 +- 19.7
	FP (model|genotypes): 1.6E-03 +- 1.1E-03	|	7.0E-03
	FN (model|genotypes): 0.126   +- 0.012	|	0.156

Writing output to: ./sim_output/default_mr/rep2/m1

Too many cells to plot genotypes/clusters
