4
 Total estimated FP  167  True negatives  16620
 Total estimated FN  962  True positives  3851
 Estimated FP rate  0.04156
 Estimated FN rate  0.05
 No. of Cells in each cluster  {'1_2': 28, '1_3': 146, '3_2': 36, '0_2': 36, '0_3': 278, '2_3': 76}
 Cells in each cluster  {'1_2': [0, 1, 2, 3, 4, 5, 6, 7, 8, 9, 10, 11, 12, 13, 14, 15, 16, 17, 18, 19, 20, 21, 22, 23, 24, 25, 26, 27], '1_3': [100, 101, 102, 103, 104, 105, 106, 107, 108, 109, 110, 111, 112, 113, 114, 115, 116, 117, 118, 119, 120, 121, 122, 123, 124, 125, 126, 127, 128, 129, 130, 131, 132, 133, 134, 135, 136, 137, 138, 139, 140, 141, 142, 143, 144, 145, 146, 147, 148, 149, 150, 151, 152, 153, 154, 155, 156, 157, 158, 159, 160, 161, 162, 163, 164, 165, 166, 167, 168, 169, 170, 171, 172, 173, 174, 175, 176, 177, 178, 179, 180, 181, 182, 183, 184, 185, 186, 187, 188, 189, 190, 191, 192, 193, 194, 195, 196, 197, 198, 199, 200, 201, 202, 203, 204, 205, 206, 207, 208, 209, 210, 211, 212, 213, 214, 215, 216, 217, 218, 219, 220, 221, 222, 223, 224, 225, 226, 227, 228, 229, 230, 231, 232, 233, 234, 235, 236, 237, 238, 239, 240, 241, 242, 243, 244, 245], '3_2': [28, 29, 30, 31, 32, 33, 34, 35, 36, 37, 38, 39, 40, 41, 42, 43, 44, 45, 46, 47, 48, 49, 50, 51, 52, 53, 54, 55, 56, 57, 58, 59, 60, 61, 62, 63], '0_2': [64, 65, 66, 67, 68, 69, 70, 71, 72, 73, 74, 75, 76, 77, 78, 79, 80, 81, 82, 83, 84, 85, 86, 87, 88, 89, 90, 91, 92, 93, 94, 95, 96, 97, 98, 99], '0_3': [322, 323, 324, 325, 326, 327, 328, 329, 330, 331, 332, 333, 334, 335, 336, 337, 338, 339, 340, 341, 342, 343, 344, 345, 346, 347, 348, 349, 350, 351, 352, 353, 354, 355, 356, 357, 358, 359, 360, 361, 362, 363, 364, 365, 366, 367, 368, 369, 370, 371, 372, 373, 374, 375, 376, 377, 378, 379, 380, 381, 382, 383, 384, 385, 386, 387, 388, 389, 390, 391, 392, 393, 394, 395, 396, 397, 398, 399, 400, 401, 402, 403, 404, 405, 406, 407, 408, 409, 410, 411, 412, 413, 414, 415, 416, 417, 418, 419, 420, 421, 422, 423, 424, 425, 426, 427, 428, 429, 430, 431, 432, 433, 434, 435, 436, 437, 438, 439, 440, 441, 442, 443, 444, 445, 446, 447, 448, 449, 450, 451, 452, 453, 454, 455, 456, 457, 458, 459, 460, 461, 462, 463, 464, 465, 466, 467, 468, 469, 470, 471, 472, 473, 474, 475, 476, 477, 478, 479, 480, 481, 482, 483, 484, 485, 486, 487, 488, 489, 490, 491, 492, 493, 494, 495, 496, 497, 498, 499, 500, 501, 502, 503, 504, 505, 506, 507, 508, 509, 510, 511, 512, 513, 514, 515, 516, 517, 518, 519, 520, 521, 522, 523, 524, 525, 526, 527, 528, 529, 530, 531, 532, 533, 534, 535, 536, 537, 538, 539, 540, 541, 542, 543, 544, 545, 546, 547, 548, 549, 550, 551, 552, 553, 554, 555, 556, 557, 558, 559, 560, 561, 562, 563, 564, 565, 566, 567, 568, 569, 570, 571, 572, 573, 574, 575, 576, 577, 578, 579, 580, 581, 582, 583, 584, 585, 586, 587, 588, 589, 590, 591, 592, 593, 594, 595, 596, 597, 598, 599], '2_3': [246, 247, 248, 249, 250, 251, 252, 253, 254, 255, 256, 257, 258, 259, 260, 261, 262, 263, 264, 265, 266, 267, 268, 269, 270, 271, 272, 273, 274, 275, 276, 277, 278, 279, 280, 281, 282, 283, 284, 285, 286, 287, 288, 289, 290, 291, 292, 293, 294, 295, 296, 297, 298, 299, 300, 301, 302, 303, 304, 305, 306, 307, 308, 309, 310, 311, 312, 313, 314, 315, 316, 317, 318, 319, 320, 321]}
FP rate  0.04156 FN rate  0.05
 Before reassigning cells 
 Timepoint  2
 Cluster  1  # of cells  29
 Cluster  3  # of cells  35
 Cluster  0  # of cells  36
 Timepoint  3
 Cluster  1  # of cells  147
 Cluster  0  # of cells  278
 Cluster  2  # of cells  75
 Cells absent at timepoint  3   set()
 Cells absent at timepoint  2   set()
 Timepoint  2
 Timepoint  3
 After reassigning and merging cells 
 Timepoint  2
 Cluster  1  # of cells  29
 Cluster  3  # of cells  35
 Cluster  0  # of cells  36
 Timepoint  3
 Cluster  1  # of cells  147
 Cluster  0  # of cells  278
 Cluster  2  # of cells  75
 Tp cluster cell dict  {'1_2': 29, '3_2': 35, '0_2': 36, '1_3': 147, '0_3': 278, '2_3': 75}
 New Graph is here 
 ID  0  Timepoint  1  Mutations  []  Type  subclone
 ID  1  Timepoint  2  Mutations  [0, 1, 2, 3, 4, 5, 6, 7]  Type  subclone
 ID  2  Timepoint  2  Mutations  [0, 1, 2, 3, 4, 5, 6, 7, 14, 15, 16, 17, 18, 19, 20, 21, 22, 23, 24, 25, 26, 27]  Type  subclone
 ID  3  Timepoint  2  Mutations  [8, 9, 10, 11, 12, 13]  Type  subclone
 ID  4  Timepoint  3  Mutations  [0, 1, 2, 3, 4, 5, 6, 7]  Type  subclone
 ID  5  Timepoint  3  Mutations  [8, 9, 10, 11, 12, 13]  Type  subclone
 ID  6  Timepoint  3  Mutations  [0, 1, 2, 3, 4, 5, 6, 7, 28, 29, 30, 31, 32, 33, 34, 35, 36, 37, 38, 39, 40, 41, 42, 43, 44]  Type  subclone
Timepoints  SortedDict({1: [0], 2: [1, 2, 3], 3: [4, 5, 6]})
 Clone to nodes  {'1_2': 1, '3_2': 2, '0_2': 3, '1_3': 4, '0_3': 5, '2_3': 6}
 Timepoint ====  1
 Hash table  {'0,1': [0, 1, 2, 3, 4, 5, 6, 7], '1': [14, 15, 16, 17, 18, 19, 20, 21, 22, 23, 24, 25, 26, 27], '2': [8, 9, 10, 11, 12, 13]}
 Final possible usc  [[0, 1, 2, 3, 4, 5, 6, 7], [14, 15, 16, 17, 18, 19, 20, 21, 22, 23, 24, 25, 26, 27], [8, 9, 10, 11, 12, 13]]
 Time  1  USC keys  {'14,15,16,17,18,19,20,21,22,23,24,25,26,27_0', '8,9,10,11,12,13_0', '0,1,2,3,4,5,6,7_0'}
 USC children  {'0,1,2,3,4,5,6,7_0': [1, 2], '14,15,16,17,18,19,20,21,22,23,24,25,26,27_0': [2], '8,9,10,11,12,13_0': [3]}
 USC children  {'0,1,2,3,4,5,6,7_0': [1, 2], '14,15,16,17,18,19,20,21,22,23,24,25,26,27_0': [2], '8,9,10,11,12,13_0': [3]}
 Timepoint ====  2
 Hash table  {'0': [0, 1, 2, 3, 4, 5, 6, 7, 28, 29, 30, 31, 32, 33, 34, 35, 36, 37, 38, 39, 40, 41, 42, 43, 44]}
====== Inside find superset of t nodes ==========
 Final possible usc  [[0, 1, 2, 3, 4, 5, 6, 7, 28, 29, 30, 31, 32, 33, 34, 35, 36, 37, 38, 39, 40, 41, 42, 43, 44]]
 Time  2  USC keys  {'0,1,2,3,4,5,6,7,28,29,30,31,32,33,34,35,36,37,38,39,40,41,42,43,44_1'}
 USC children  {'0,1,2,3,4,5,6,7_0': [1, 2], '14,15,16,17,18,19,20,21,22,23,24,25,26,27_0': [2], '8,9,10,11,12,13_0': [3], '0,1,2,3,4,5,6,7,28,29,30,31,32,33,34,35,36,37,38,39,40,41,42,43,44_1': [6]}
 USC children  {'0,1,2,3,4,5,6,7_0': [1, 2], '14,15,16,17,18,19,20,21,22,23,24,25,26,27_0': [2], '8,9,10,11,12,13_0': [3], '0,1,2,3,4,5,6,7,28,29,30,31,32,33,34,35,36,37,38,39,40,41,42,43,44_1': [6]}
 Node s  {'1,2': ['0', '1', '2', '3', '4', '5', '6', '7'], '3': ['8', '9', '10', '11', '12', '13'], '6': ['0', '1', '2', '3', '4', '5', '6', '7', '28', '29', '30', '31', '32', '33', '34', '35', '36', '37', '38', '39', '40', '41', '42', '43', '44']}
 Enroll USC nodes  ['1', '2']  len  2
 Enroll USC nodes  ['3']  len  1
 Enroll USC nodes  ['6']  len  1
 Node TP  SortedDict({1: [0], 2: [1, 2, 3], 3: [4, 5, 6]})
 Unobserved subclones at timepoints  {1.5: [7]}
 ============== Inside finding node v ============ 
 Time  2
 largest_v_mut  [[]]
 Time  3
 largest_v_mut  [[0, 1, 2, 3, 4, 5, 6, 7]]
 Sorted all timepoints  [1, 1.5, 2, 3]
 Timepoint  2
 Inside usc_node check  2
 Timepoint  3
0   1   [-1]   subclone   []   []
1   2   [7]   subclone   [0, 1, 2, 3, 4, 5, 6, 7]   [0]
2   2   [7]   subclone   [0, 1, 2, 3, 4, 5, 6, 7, 14, 15, 16, 17, 18, 19, 20, 21, 22, 23, 24, 25, 26, 27]   [14]
3   2   [0]   subclone   [8, 9, 10, 11, 12, 13]   [6]
4   3   [1]   subclone   [0, 1, 2, 3, 4, 5, 6, 7]   [0]
5   3   [3]   subclone   [8, 9, 10, 11, 12, 13]   [0]
6   3   [1]   subclone   [0, 1, 2, 3, 4, 5, 6, 7, 28, 29, 30, 31, 32, 33, 34, 35, 36, 37, 38, 39, 40, 41, 42, 43, 44]   [17]
7   1.5   [0]   unobserved subclone   [0, 1, 2, 3, 4, 5, 6, 7]   [8]
5
 Total estimated FP  161  True negatives  16617
 Total estimated FN  965  True positives  3857
 Estimated FP rate  0.04007
 Estimated FN rate  0.05
 No. of Cells in each cluster  {'1_2': 28, '1_3': 146, '3_2': 36, '0_2': 36, '0_3': 275, '2_3': 76, '4_3': 3}
 Cells in each cluster  {'1_2': [0, 1, 2, 3, 4, 5, 6, 7, 8, 9, 10, 11, 12, 13, 14, 15, 16, 17, 18, 19, 20, 21, 22, 23, 24, 25, 26, 27], '1_3': [100, 101, 102, 103, 104, 105, 106, 107, 108, 109, 110, 111, 112, 113, 114, 115, 116, 117, 118, 119, 120, 121, 122, 123, 124, 125, 126, 127, 128, 129, 130, 131, 132, 133, 134, 135, 136, 137, 138, 139, 140, 141, 142, 143, 144, 145, 146, 147, 148, 149, 150, 151, 152, 153, 154, 155, 156, 157, 158, 159, 160, 161, 162, 163, 164, 165, 166, 167, 168, 169, 170, 171, 172, 173, 174, 175, 176, 177, 178, 179, 180, 181, 182, 183, 184, 185, 186, 187, 188, 189, 190, 191, 192, 193, 194, 195, 196, 197, 198, 199, 200, 201, 202, 203, 204, 205, 206, 207, 208, 209, 210, 211, 212, 213, 214, 215, 216, 217, 218, 219, 220, 221, 222, 223, 224, 225, 226, 227, 228, 229, 230, 231, 232, 233, 234, 235, 236, 237, 238, 239, 240, 241, 242, 243, 244, 245], '3_2': [28, 29, 30, 31, 32, 33, 34, 35, 36, 37, 38, 39, 40, 41, 42, 43, 44, 45, 46, 47, 48, 49, 50, 51, 52, 53, 54, 55, 56, 57, 58, 59, 60, 61, 62, 63], '0_2': [64, 65, 66, 67, 68, 69, 70, 71, 72, 73, 74, 75, 76, 77, 78, 79, 80, 81, 82, 83, 84, 85, 86, 87, 88, 89, 90, 91, 92, 93, 94, 95, 96, 97, 98, 99], '0_3': [322, 323, 324, 325, 326, 327, 328, 329, 330, 331, 332, 333, 334, 335, 336, 337, 338, 339, 340, 341, 342, 343, 344, 345, 346, 347, 348, 349, 350, 351, 352, 353, 354, 355, 356, 357, 358, 359, 360, 361, 362, 363, 364, 365, 366, 367, 368, 369, 370, 371, 372, 373, 374, 375, 376, 377, 378, 379, 380, 381, 382, 383, 384, 385, 386, 387, 388, 389, 390, 391, 392, 393, 394, 395, 396, 397, 398, 399, 400, 401, 402, 403, 404, 405, 406, 407, 408, 409, 410, 411, 412, 413, 414, 415, 416, 417, 418, 419, 420, 421, 422, 423, 424, 425, 426, 427, 428, 429, 430, 431, 432, 433, 434, 435, 436, 437, 438, 439, 440, 441, 442, 443, 444, 445, 446, 447, 448, 449, 450, 451, 452, 453, 454, 455, 456, 457, 458, 460, 461, 462, 463, 464, 465, 466, 467, 468, 469, 470, 471, 472, 473, 474, 475, 476, 477, 478, 479, 480, 481, 482, 483, 484, 485, 486, 487, 488, 489, 490, 491, 492, 493, 494, 495, 496, 497, 498, 499, 500, 501, 502, 503, 504, 505, 506, 507, 508, 509, 510, 511, 512, 513, 514, 515, 516, 517, 518, 519, 520, 521, 522, 523, 524, 525, 526, 527, 528, 529, 530, 531, 532, 533, 534, 535, 536, 537, 538, 539, 540, 541, 542, 543, 544, 545, 546, 547, 548, 549, 550, 551, 552, 553, 554, 555, 556, 557, 558, 559, 560, 561, 562, 563, 564, 565, 566, 567, 568, 569, 570, 571, 572, 573, 574, 576, 577, 578, 579, 580, 581, 582, 583, 584, 585, 586, 587, 588, 589, 590, 591, 592, 593, 595, 596, 597, 598, 599], '2_3': [246, 247, 248, 249, 250, 251, 252, 253, 254, 255, 256, 257, 258, 259, 260, 261, 262, 263, 264, 265, 266, 267, 268, 269, 270, 271, 272, 273, 274, 275, 276, 277, 278, 279, 280, 281, 282, 283, 284, 285, 286, 287, 288, 289, 290, 291, 292, 293, 294, 295, 296, 297, 298, 299, 300, 301, 302, 303, 304, 305, 306, 307, 308, 309, 310, 311, 312, 313, 314, 315, 316, 317, 318, 319, 320, 321], '4_3': [459, 575, 594]}
FP rate  0.04007 FN rate  0.05
 Before reassigning cells 
 Timepoint  2
 Cluster  1  # of cells  29
 Cluster  3  # of cells  35
 Cluster  0  # of cells  36
 Timepoint  3
 Cluster  1  # of cells  147
 Cluster  0  # of cells  271
 Cluster  2  # of cells  75
 Cluster  4  # of cells  5
 Cells absent at timepoint  2   set()
 Cells absent at timepoint  3   {509, 341}
 Missing cell prob  {'0': 0.01480367354222874, '2': 6.260561801156537e-26, '1': 8.176707639667305e-12, '4': 0.01480367354222874}
 Missing cell prob  {'0': 0.012959022195565337, '2': 6.2715177843085614e-30, '1': 1.5725605663467585e-14, '4': 0.012959022195565337}
 Timepoint  2
 Timepoint  3
 After reassigning and merging cells 
 Timepoint  2
 Cluster  1  # of cells  29
 Cluster  3  # of cells  35
 Cluster  0  # of cells  36
 Timepoint  3
 Cluster  1  # of cells  147
 Cluster  0  # of cells  273
 Cluster  2  # of cells  75
 Cluster  4  # of cells  5
 Tp cluster cell dict  {'1_2': 29, '3_2': 35, '0_2': 36, '1_3': 147, '0_3': 273, '2_3': 75, '4_3': 5}
 New Graph is here 
 ID  0  Timepoint  1  Mutations  []  Type  subclone
 ID  1  Timepoint  2  Mutations  [0, 1, 2, 3, 4, 5, 6, 7]  Type  subclone
 ID  2  Timepoint  2  Mutations  [0, 1, 2, 3, 4, 5, 6, 7, 14, 15, 16, 17, 18, 19, 20, 21, 22, 23, 24, 25, 26, 27]  Type  subclone
 ID  3  Timepoint  2  Mutations  [8, 9, 10, 11, 12, 13]  Type  subclone
 ID  4  Timepoint  3  Mutations  [0, 1, 2, 3, 4, 5, 6, 7]  Type  subclone
 ID  5  Timepoint  3  Mutations  [8, 9, 10, 11, 12, 13]  Type  subclone
 ID  6  Timepoint  3  Mutations  [0, 1, 2, 3, 4, 5, 6, 7, 28, 29, 30, 31, 32, 33, 34, 35, 36, 37, 38, 39, 40, 41, 42, 43, 44]  Type  subclone
 ID  7  Timepoint  3  Mutations  [1, 8, 9, 10, 11, 12, 13, 30, 42]  Type  subclone
Timepoints  SortedDict({1: [0], 2: [1, 2, 3], 3: [4, 5, 6, 7]})
 Clone to nodes  {'1_2': 1, '3_2': 2, '0_2': 3, '1_3': 4, '0_3': 5, '2_3': 6, '4_3': 7}
 Timepoint ====  1
 Hash table  {'0,1': [0, 1, 2, 3, 4, 5, 6, 7], '1': [14, 15, 16, 17, 18, 19, 20, 21, 22, 23, 24, 25, 26, 27], '2': [8, 9, 10, 11, 12, 13]}
 Final possible usc  [[0, 1, 2, 3, 4, 5, 6, 7], [14, 15, 16, 17, 18, 19, 20, 21, 22, 23, 24, 25, 26, 27], [8, 9, 10, 11, 12, 13]]
 Time  1  USC keys  {'8,9,10,11,12,13_0', '0,1,2,3,4,5,6,7_0', '14,15,16,17,18,19,20,21,22,23,24,25,26,27_0'}
 USC children  {'0,1,2,3,4,5,6,7_0': [1, 2], '14,15,16,17,18,19,20,21,22,23,24,25,26,27_0': [2], '8,9,10,11,12,13_0': [3]}
 USC children  {'0,1,2,3,4,5,6,7_0': [1, 2], '14,15,16,17,18,19,20,21,22,23,24,25,26,27_0': [2], '8,9,10,11,12,13_0': [3]}
 Timepoint ====  2
 Hash table  {'0': [0, 2, 3, 4, 5, 6, 7, 28, 29, 31, 32, 33, 34, 35, 36, 37, 38, 39, 40, 41, 43, 44], '0,1': [1, 30, 42], '1': [8, 9, 10, 11, 12, 13]}
====== Inside find superset of t nodes ==========
 Final possible usc  []
 Time  2  USC keys  set()
 USC children  {'0,1,2,3,4,5,6,7_0': [1, 2], '14,15,16,17,18,19,20,21,22,23,24,25,26,27_0': [2], '8,9,10,11,12,13_0': [3]}
 USC children  {'0,1,2,3,4,5,6,7_0': [1, 2], '14,15,16,17,18,19,20,21,22,23,24,25,26,27_0': [2], '8,9,10,11,12,13_0': [3]}
 Node s  {'1,2': ['0', '1', '2', '3', '4', '5', '6', '7'], '3': ['8', '9', '10', '11', '12', '13']}
 Enroll USC nodes  ['1', '2']  len  2
 Enroll USC nodes  ['3']  len  1
 Node TP  SortedDict({1: [0], 2: [1, 2, 3], 3: [4, 5, 6, 7]})
 Unobserved subclones at timepoints  {1.5: [8]}
 ============== Inside finding node v ============ 
 Time  2
 largest_v_mut  [[]]
 Time  3
 largest_v_mut  [[0, 1, 2, 3, 4, 5, 6, 7]]
 largest_v_mut  [[8, 9, 10, 11, 12, 13]]
 Sorted all timepoints  [1, 1.5, 2, 3]
 Timepoint  2
 Inside usc_node check  2
 Timepoint  3
0   1   [-1]   subclone   []   []
1   2   [8]   subclone   [0, 1, 2, 3, 4, 5, 6, 7]   [0]
2   2   [8]   subclone   [0, 1, 2, 3, 4, 5, 6, 7, 14, 15, 16, 17, 18, 19, 20, 21, 22, 23, 24, 25, 26, 27]   [14]
3   2   [0]   subclone   [8, 9, 10, 11, 12, 13]   [6]
4   3   [1]   subclone   [0, 1, 2, 3, 4, 5, 6, 7]   [0]
5   3   [3]   subclone   [8, 9, 10, 11, 12, 13]   [0]
6   3   [1]   subclone   [0, 1, 2, 3, 4, 5, 6, 7, 28, 29, 30, 31, 32, 33, 34, 35, 36, 37, 38, 39, 40, 41, 42, 43, 44]   [17]
7   3   [3]   subclone   [1, 8, 9, 10, 11, 12, 13, 30, 42]   [3]
8   1.5   [0]   unobserved subclone   [0, 1, 2, 3, 4, 5, 6, 7]   [8]
4
 Total estimated FP  167  True negatives  16620
 Total estimated FN  962  True positives  3851
 Estimated FP rate  0.04156
 Estimated FN rate  0.05
 No. of Cells in each cluster  {'1_2': 28, '1_3': 146, '3_2': 36, '0_2': 36, '0_3': 278, '2_3': 76}
 Cells in each cluster  {'1_2': [0, 1, 2, 3, 4, 5, 6, 7, 8, 9, 10, 11, 12, 13, 14, 15, 16, 17, 18, 19, 20, 21, 22, 23, 24, 25, 26, 27], '1_3': [100, 101, 102, 103, 104, 105, 106, 107, 108, 109, 110, 111, 112, 113, 114, 115, 116, 117, 118, 119, 120, 121, 122, 123, 124, 125, 126, 127, 128, 129, 130, 131, 132, 133, 134, 135, 136, 137, 138, 139, 140, 141, 142, 143, 144, 145, 146, 147, 148, 149, 150, 151, 152, 153, 154, 155, 156, 157, 158, 159, 160, 161, 162, 163, 164, 165, 166, 167, 168, 169, 170, 171, 172, 173, 174, 175, 176, 177, 178, 179, 180, 181, 182, 183, 184, 185, 186, 187, 188, 189, 190, 191, 192, 193, 194, 195, 196, 197, 198, 199, 200, 201, 202, 203, 204, 205, 206, 207, 208, 209, 210, 211, 212, 213, 214, 215, 216, 217, 218, 219, 220, 221, 222, 223, 224, 225, 226, 227, 228, 229, 230, 231, 232, 233, 234, 235, 236, 237, 238, 239, 240, 241, 242, 243, 244, 245], '3_2': [28, 29, 30, 31, 32, 33, 34, 35, 36, 37, 38, 39, 40, 41, 42, 43, 44, 45, 46, 47, 48, 49, 50, 51, 52, 53, 54, 55, 56, 57, 58, 59, 60, 61, 62, 63], '0_2': [64, 65, 66, 67, 68, 69, 70, 71, 72, 73, 74, 75, 76, 77, 78, 79, 80, 81, 82, 83, 84, 85, 86, 87, 88, 89, 90, 91, 92, 93, 94, 95, 96, 97, 98, 99], '0_3': [322, 323, 324, 325, 326, 327, 328, 329, 330, 331, 332, 333, 334, 335, 336, 337, 338, 339, 340, 341, 342, 343, 344, 345, 346, 347, 348, 349, 350, 351, 352, 353, 354, 355, 356, 357, 358, 359, 360, 361, 362, 363, 364, 365, 366, 367, 368, 369, 370, 371, 372, 373, 374, 375, 376, 377, 378, 379, 380, 381, 382, 383, 384, 385, 386, 387, 388, 389, 390, 391, 392, 393, 394, 395, 396, 397, 398, 399, 400, 401, 402, 403, 404, 405, 406, 407, 408, 409, 410, 411, 412, 413, 414, 415, 416, 417, 418, 419, 420, 421, 422, 423, 424, 425, 426, 427, 428, 429, 430, 431, 432, 433, 434, 435, 436, 437, 438, 439, 440, 441, 442, 443, 444, 445, 446, 447, 448, 449, 450, 451, 452, 453, 454, 455, 456, 457, 458, 459, 460, 461, 462, 463, 464, 465, 466, 467, 468, 469, 470, 471, 472, 473, 474, 475, 476, 477, 478, 479, 480, 481, 482, 483, 484, 485, 486, 487, 488, 489, 490, 491, 492, 493, 494, 495, 496, 497, 498, 499, 500, 501, 502, 503, 504, 505, 506, 507, 508, 509, 510, 511, 512, 513, 514, 515, 516, 517, 518, 519, 520, 521, 522, 523, 524, 525, 526, 527, 528, 529, 530, 531, 532, 533, 534, 535, 536, 537, 538, 539, 540, 541, 542, 543, 544, 545, 546, 547, 548, 549, 550, 551, 552, 553, 554, 555, 556, 557, 558, 559, 560, 561, 562, 563, 564, 565, 566, 567, 568, 569, 570, 571, 572, 573, 574, 575, 576, 577, 578, 579, 580, 581, 582, 583, 584, 585, 586, 587, 588, 589, 590, 591, 592, 593, 594, 595, 596, 597, 598, 599], '2_3': [246, 247, 248, 249, 250, 251, 252, 253, 254, 255, 256, 257, 258, 259, 260, 261, 262, 263, 264, 265, 266, 267, 268, 269, 270, 271, 272, 273, 274, 275, 276, 277, 278, 279, 280, 281, 282, 283, 284, 285, 286, 287, 288, 289, 290, 291, 292, 293, 294, 295, 296, 297, 298, 299, 300, 301, 302, 303, 304, 305, 306, 307, 308, 309, 310, 311, 312, 313, 314, 315, 316, 317, 318, 319, 320, 321]}
FP rate  0.04156 FN rate  0.05
 Before reassigning cells 
 Timepoint  2
 Cluster  1  # of cells  29
 Cluster  3  # of cells  35
 Cluster  0  # of cells  36
 Timepoint  3
 Cluster  1  # of cells  147
 Cluster  0  # of cells  278
 Cluster  2  # of cells  75
 Cells absent at timepoint  2   set()
 Cells absent at timepoint  3   set()
 Timepoint  2
 Timepoint  3
 After reassigning and merging cells 
 Timepoint  2
 Cluster  1  # of cells  29
 Cluster  3  # of cells  35
 Cluster  0  # of cells  36
 Timepoint  3
 Cluster  1  # of cells  147
 Cluster  0  # of cells  278
 Cluster  2  # of cells  75
 Tp cluster cell dict  {'1_2': 29, '3_2': 35, '0_2': 36, '1_3': 147, '0_3': 278, '2_3': 75}
 New Graph is here 
 ID  0  Timepoint  1  Mutations  []  Type  subclone
 ID  1  Timepoint  2  Mutations  [0, 1, 2, 3, 4, 5, 6, 7]  Type  subclone
 ID  2  Timepoint  2  Mutations  [0, 1, 2, 3, 4, 5, 6, 7, 14, 15, 16, 17, 18, 19, 20, 21, 22, 23, 24, 25, 26, 27]  Type  subclone
 ID  3  Timepoint  2  Mutations  [8, 9, 10, 11, 12, 13]  Type  subclone
 ID  4  Timepoint  3  Mutations  [0, 1, 2, 3, 4, 5, 6, 7]  Type  subclone
 ID  5  Timepoint  3  Mutations  [8, 9, 10, 11, 12, 13]  Type  subclone
 ID  6  Timepoint  3  Mutations  [0, 1, 2, 3, 4, 5, 6, 7, 28, 29, 30, 31, 32, 33, 34, 35, 36, 37, 38, 39, 40, 41, 42, 43, 44]  Type  subclone
Timepoints  SortedDict({1: [0], 2: [1, 2, 3], 3: [4, 5, 6]})
 Clone to nodes  {'1_2': 1, '3_2': 2, '0_2': 3, '1_3': 4, '0_3': 5, '2_3': 6}
 Timepoint ====  1
 Hash table  {'0,1': [0, 1, 2, 3, 4, 5, 6, 7], '1': [14, 15, 16, 17, 18, 19, 20, 21, 22, 23, 24, 25, 26, 27], '2': [8, 9, 10, 11, 12, 13]}
 Final possible usc  [[0, 1, 2, 3, 4, 5, 6, 7], [14, 15, 16, 17, 18, 19, 20, 21, 22, 23, 24, 25, 26, 27], [8, 9, 10, 11, 12, 13]]
 Time  1  USC keys  {'0,1,2,3,4,5,6,7_0', '8,9,10,11,12,13_0', '14,15,16,17,18,19,20,21,22,23,24,25,26,27_0'}
 USC children  {'0,1,2,3,4,5,6,7_0': [1, 2], '14,15,16,17,18,19,20,21,22,23,24,25,26,27_0': [2], '8,9,10,11,12,13_0': [3]}
 USC children  {'0,1,2,3,4,5,6,7_0': [1, 2], '14,15,16,17,18,19,20,21,22,23,24,25,26,27_0': [2], '8,9,10,11,12,13_0': [3]}
 Timepoint ====  2
 Hash table  {'0': [0, 1, 2, 3, 4, 5, 6, 7, 28, 29, 30, 31, 32, 33, 34, 35, 36, 37, 38, 39, 40, 41, 42, 43, 44]}
====== Inside find superset of t nodes ==========
 Final possible usc  [[0, 1, 2, 3, 4, 5, 6, 7, 28, 29, 30, 31, 32, 33, 34, 35, 36, 37, 38, 39, 40, 41, 42, 43, 44]]
 Time  2  USC keys  {'0,1,2,3,4,5,6,7,28,29,30,31,32,33,34,35,36,37,38,39,40,41,42,43,44_1'}
 USC children  {'0,1,2,3,4,5,6,7_0': [1, 2], '14,15,16,17,18,19,20,21,22,23,24,25,26,27_0': [2], '8,9,10,11,12,13_0': [3], '0,1,2,3,4,5,6,7,28,29,30,31,32,33,34,35,36,37,38,39,40,41,42,43,44_1': [6]}
 USC children  {'0,1,2,3,4,5,6,7_0': [1, 2], '14,15,16,17,18,19,20,21,22,23,24,25,26,27_0': [2], '8,9,10,11,12,13_0': [3], '0,1,2,3,4,5,6,7,28,29,30,31,32,33,34,35,36,37,38,39,40,41,42,43,44_1': [6]}
 Node s  {'1,2': ['0', '1', '2', '3', '4', '5', '6', '7'], '3': ['8', '9', '10', '11', '12', '13'], '6': ['0', '1', '2', '3', '4', '5', '6', '7', '28', '29', '30', '31', '32', '33', '34', '35', '36', '37', '38', '39', '40', '41', '42', '43', '44']}
 Enroll USC nodes  ['1', '2']  len  2
 Enroll USC nodes  ['3']  len  1
 Enroll USC nodes  ['6']  len  1
 Node TP  SortedDict({1: [0], 2: [1, 2, 3], 3: [4, 5, 6]})
 Unobserved subclones at timepoints  {1.5: [7]}
 ============== Inside finding node v ============ 
 Time  2
 largest_v_mut  [[]]
 Time  3
 largest_v_mut  [[0, 1, 2, 3, 4, 5, 6, 7]]
 Sorted all timepoints  [1, 1.5, 2, 3]
 Timepoint  2
 Inside usc_node check  2
 Timepoint  3
0   1   [-1]   subclone   []   []
1   2   [7]   subclone   [0, 1, 2, 3, 4, 5, 6, 7]   [0]
2   2   [7]   subclone   [0, 1, 2, 3, 4, 5, 6, 7, 14, 15, 16, 17, 18, 19, 20, 21, 22, 23, 24, 25, 26, 27]   [14]
3   2   [0]   subclone   [8, 9, 10, 11, 12, 13]   [6]
4   3   [1]   subclone   [0, 1, 2, 3, 4, 5, 6, 7]   [0]
5   3   [3]   subclone   [8, 9, 10, 11, 12, 13]   [0]
6   3   [1]   subclone   [0, 1, 2, 3, 4, 5, 6, 7, 28, 29, 30, 31, 32, 33, 34, 35, 36, 37, 38, 39, 40, 41, 42, 43, 44]   [17]
7   1.5   [0]   unobserved subclone   [0, 1, 2, 3, 4, 5, 6, 7]   [8]
5
 Total estimated FP  161  True negatives  16619
 Total estimated FN  963  True positives  3857
 Estimated FP rate  0.04007
 Estimated FN rate  0.05
 No. of Cells in each cluster  {'4_2': 28, '4_3': 146, '3_2': 36, '0_2': 36, '0_3': 274, '2_3': 76, '1_3': 4}
 Cells in each cluster  {'4_2': [0, 1, 2, 3, 4, 5, 6, 7, 8, 9, 10, 11, 12, 13, 14, 15, 16, 17, 18, 19, 20, 21, 22, 23, 24, 25, 26, 27], '4_3': [100, 101, 102, 103, 104, 105, 106, 107, 108, 109, 110, 111, 112, 113, 114, 115, 116, 117, 118, 119, 120, 121, 122, 123, 124, 125, 126, 127, 128, 129, 130, 131, 132, 133, 134, 135, 136, 137, 138, 139, 140, 141, 142, 143, 144, 145, 146, 147, 148, 149, 150, 151, 152, 153, 154, 155, 156, 157, 158, 159, 160, 161, 162, 163, 164, 165, 166, 167, 168, 169, 170, 171, 172, 173, 174, 175, 176, 177, 178, 179, 180, 181, 182, 183, 184, 185, 186, 187, 188, 189, 190, 191, 192, 193, 194, 195, 196, 197, 198, 199, 200, 201, 202, 203, 204, 205, 206, 207, 208, 209, 210, 211, 212, 213, 214, 215, 216, 217, 218, 219, 220, 221, 222, 223, 224, 225, 226, 227, 228, 229, 230, 231, 232, 233, 234, 235, 236, 237, 238, 239, 240, 241, 242, 243, 244, 245], '3_2': [28, 29, 30, 31, 32, 33, 34, 35, 36, 37, 38, 39, 40, 41, 42, 43, 44, 45, 46, 47, 48, 49, 50, 51, 52, 53, 54, 55, 56, 57, 58, 59, 60, 61, 62, 63], '0_2': [64, 65, 66, 67, 68, 69, 70, 71, 72, 73, 74, 75, 76, 77, 78, 79, 80, 81, 82, 83, 84, 85, 86, 87, 88, 89, 90, 91, 92, 93, 94, 95, 96, 97, 98, 99], '0_3': [322, 323, 324, 325, 326, 327, 328, 329, 330, 331, 332, 333, 334, 335, 336, 337, 338, 339, 340, 341, 342, 343, 344, 345, 346, 347, 348, 349, 350, 351, 352, 353, 354, 355, 356, 357, 358, 359, 360, 361, 362, 363, 364, 365, 366, 367, 368, 369, 370, 371, 372, 373, 374, 375, 376, 377, 378, 379, 380, 381, 382, 383, 384, 385, 386, 387, 388, 389, 390, 391, 392, 393, 394, 395, 396, 397, 398, 399, 400, 401, 402, 403, 404, 405, 406, 407, 408, 409, 410, 411, 412, 413, 414, 415, 416, 417, 418, 419, 420, 421, 422, 423, 424, 425, 426, 427, 428, 429, 430, 431, 432, 433, 434, 435, 436, 437, 438, 439, 440, 441, 442, 443, 444, 445, 446, 447, 448, 449, 450, 451, 452, 453, 454, 455, 456, 457, 458, 460, 461, 462, 463, 464, 465, 466, 467, 468, 469, 470, 471, 472, 473, 474, 475, 476, 477, 478, 479, 480, 481, 482, 483, 484, 485, 486, 487, 488, 489, 490, 491, 492, 493, 494, 495, 496, 497, 498, 499, 500, 501, 502, 503, 504, 505, 506, 507, 508, 509, 510, 511, 512, 513, 514, 515, 516, 517, 518, 519, 520, 521, 522, 523, 524, 525, 526, 527, 528, 529, 530, 531, 532, 533, 534, 535, 536, 537, 538, 539, 540, 541, 542, 543, 544, 545, 546, 547, 548, 549, 550, 551, 552, 553, 554, 555, 556, 557, 558, 559, 560, 561, 562, 563, 564, 565, 566, 567, 568, 569, 570, 571, 573, 574, 576, 577, 578, 579, 580, 581, 582, 583, 584, 585, 586, 587, 588, 589, 590, 591, 592, 593, 595, 596, 597, 598, 599], '2_3': [246, 247, 248, 249, 250, 251, 252, 253, 254, 255, 256, 257, 258, 259, 260, 261, 262, 263, 264, 265, 266, 267, 268, 269, 270, 271, 272, 273, 274, 275, 276, 277, 278, 279, 280, 281, 282, 283, 284, 285, 286, 287, 288, 289, 290, 291, 292, 293, 294, 295, 296, 297, 298, 299, 300, 301, 302, 303, 304, 305, 306, 307, 308, 309, 310, 311, 312, 313, 314, 315, 316, 317, 318, 319, 320, 321], '1_3': [459, 572, 575, 594]}
FP rate  0.04007 FN rate  0.05
 Before reassigning cells 
 Timepoint  2
 Cluster  4  # of cells  29
 Cluster  3  # of cells  35
 Cluster  0  # of cells  36
 Timepoint  3
 Cluster  4  # of cells  147
 Cluster  0  # of cells  268
 Cluster  2  # of cells  75
 Cluster  1  # of cells  5
 Cells absent at timepoint  3   {547, 519, 341, 377, 509}
 Missing cell prob  {'1': 0.2487950835237806, '0': 0.2487950835237806, '4': 3.019096128906487e-13, '2': 6.2715177843085614e-30}
 Missing cell prob  {'1': 0.17568164608436831, '0': 0.17568164608436831, '4': 1.0289964895573367e-18, '2': 5.799232084660183e-38}
 Missing cell prob  {'1': 0.012959022195565337, '0': 0.012959022195565337, '4': 1.5725605663467585e-14, '2': 6.2715177843085614e-30}
 Missing cell prob  {'1': 0.25402339294779674, '0': 0.25402339294779674, '4': 4.700870259094388e-13, '2': 1.874750776698339e-28}
 Missing cell prob  {'1': 0.01480367354222874, '0': 0.01480367354222874, '4': 8.176707639667305e-12, '2': 6.260561801156537e-26}
 Cells absent at timepoint  2   set()
 Timepoint  2
 Timepoint  3
SortedDict({2: {'4': ['0', '1', '2', '3', '4', '5', '6', '7', '8', '9', '10', '11', '12', '13', '14', '15', '16', '17', '18', '19', '20', '21', '22', '23', '24', '25', '26', '27', '32'], '3': ['28', '29', '30', '31', '33', '34', '35', '36', '37', '38', '39', '40', '41', '42', '43', '44', '45', '46', '47', '48', '49', '50', '51', '52', '53', '54', '55', '56', '57', '58', '59', '60', '61', '62', '63'], '0': ['64', '65', '66', '67', '68', '69', '70', '71', '72', '73', '74', '75', '76', '77', '78', '79', '80', '81', '82', '83', '84', '85', '86', '87', '88', '89', '90', '91', '92', '93', '94', '95', '96', '97', '98', '99']}, 3: {'4': ['100', '101', '102', '103', '104', '105', '106', '107', '108', '109', '110', '111', '112', '113', '114', '115', '116', '117', '118', '119', '120', '121', '122', '123', '124', '125', '126', '127', '128', '129', '130', '131', '132', '133', '134', '135', '136', '137', '138', '139', '140', '141', '142', '143', '144', '145', '146', '147', '148', '149', '150', '151', '152', '153', '154', '155', '156', '157', '158', '159', '160', '161', '162', '163', '164', '165', '166', '167', '168', '169', '170', '171', '172', '173', '174', '175', '176', '177', '178', '179', '180', '181', '182', '183', '184', '185', '186', '187', '188', '189', '190', '191', '192', '193', '194', '195', '196', '197', '198', '199', '200', '201', '202', '203', '204', '205', '206', '207', '208', '209', '210', '211', '212', '213', '214', '215', '216', '217', '218', '219', '220', '221', '222', '223', '224', '225', '226', '227', '228', '229', '230', '231', '232', '233', '234', '235', '236', '237', '238', '239', '240', '241', '242', '243', '244', '245', '280'], '0': ['322', '323', '324', '325', '326', '327', '328', '329', '330', '331', '332', '333', '334', '335', '336', '337', '338', '339', '340', '342', '343', '344', '345', '346', '347', '348', '349', '350', '351', '352', '353', '354', '355', '356', '357', '358', '359', '360', '361', '362', '363', '364', '365', '366', '367', '368', '369', '370', '371', '372', '373', '374', '375', '376', '378', '379', '380', '381', '382', '383', '384', '385', '386', '387', '388', '389', '390', '391', '392', '393', '394', '395', '396', '397', '398', '399', '400', '401', '402', '403', '404', '405', '406', '407', '408', '409', '410', '411', '412', '413', '414', '415', '416', '417', '418', '419', '420', '421', '422', '423', '424', '425', '426', '427', '428', '429', '430', '431', '432', '433', '434', '435', '436', '437', '438', '439', '440', '441', '442', '443', '444', '445', '446', '447', '448', '449', '450', '451', '452', '453', '454', '455', '456', '457', '458', '460', '461', '462', '463', '464', '465', '466', '467', '468', '469', '470', '471', '472', '473', '474', '475', '476', '477', '478', '479', '480', '481', '482', '483', '484', '485', '487', '488', '489', '490', '491', '492', '493', '494', '495', '496', '497', '498', '499', '500', '501', '502', '503', '504', '505', '506', '507', '508', '510', '511', '512', '513', '514', '515', '516', '517', '518', '520', '521', '522', '523', '524', '525', '526', '527', '528', '529', '530', '531', '532', '533', '534', '535', '536', '537', '538', '539', '540', '541', '542', '543', '544', '545', '546', '548', '549', '550', '551', '552', '553', '554', '555', '556', '557', '558', '559', '560', '561', '562', '563', '564', '565', '566', '567', '568', '569', '570', '571', '573', '574', '576', '577', '578', '579', '580', '581', '582', '583', '584', '585', '586', '587', '588', '589', '590', '591', '592', '593', '595', '596', '597', '598', '599'], '2': ['246', '247', '248', '249', '250', '251', '252', '253', '254', '255', '256', '257', '258', '259', '260', '261', '262', '263', '264', '265', '266', '267', '268', '269', '270', '271', '272', '273', '274', '275', '276', '277', '278', '279', '281', '282', '283', '284', '285', '286', '287', '288', '289', '290', '291', '292', '293', '294', '295', '296', '297', '298', '299', '300', '301', '302', '303', '304', '305', '306', '307', '308', '309', '310', '311', '312', '313', '314', '315', '316', '317', '318', '319', '320', '321'], '1': ['459', '486', '572', '575', '594', '547', '519', '341', '377', '509']}})
 Cluster1  0
 Cluster to drop  1
 After reassigning and merging cells 
 Timepoint  2
 Cluster  4  # of cells  29
 Cluster  3  # of cells  35
 Cluster  0  # of cells  36
 Timepoint  3
 Cluster  4  # of cells  147
 Cluster  0  # of cells  278
 Cluster  2  # of cells  75
 Tp cluster cell dict  {'4_2': 29, '3_2': 35, '0_2': 36, '4_3': 147, '0_3': 278, '2_3': 75}
 New Graph is here 
 ID  0  Timepoint  1  Mutations  []  Type  subclone
 ID  1  Timepoint  2  Mutations  [0, 1, 2, 3, 4, 5, 6, 7]  Type  subclone
 ID  2  Timepoint  2  Mutations  [0, 1, 2, 3, 4, 5, 6, 7, 14, 15, 16, 17, 18, 19, 20, 21, 22, 23, 24, 25, 26, 27]  Type  subclone
 ID  3  Timepoint  2  Mutations  [8, 9, 10, 11, 12, 13]  Type  subclone
 ID  4  Timepoint  3  Mutations  [0, 1, 2, 3, 4, 5, 6, 7]  Type  subclone
 ID  5  Timepoint  3  Mutations  [8, 9, 10, 11, 12, 13]  Type  subclone
 ID  6  Timepoint  3  Mutations  [0, 1, 2, 3, 4, 5, 6, 7, 28, 29, 30, 31, 32, 33, 34, 35, 36, 37, 38, 39, 40, 41, 42, 43, 44]  Type  subclone
Timepoints  SortedDict({1: [0], 2: [1, 2, 3], 3: [4, 5, 6]})
 Clone to nodes  {'4_2': 1, '3_2': 2, '0_2': 3, '4_3': 4, '0_3': 5, '2_3': 6}
 Timepoint ====  1
 Hash table  {'0,1': [0, 1, 2, 3, 4, 5, 6, 7], '1': [14, 15, 16, 17, 18, 19, 20, 21, 22, 23, 24, 25, 26, 27], '2': [8, 9, 10, 11, 12, 13]}
 Final possible usc  [[0, 1, 2, 3, 4, 5, 6, 7], [14, 15, 16, 17, 18, 19, 20, 21, 22, 23, 24, 25, 26, 27], [8, 9, 10, 11, 12, 13]]
 Time  1  USC keys  {'8,9,10,11,12,13_0', '0,1,2,3,4,5,6,7_0', '14,15,16,17,18,19,20,21,22,23,24,25,26,27_0'}
 USC children  {'0,1,2,3,4,5,6,7_0': [1, 2], '14,15,16,17,18,19,20,21,22,23,24,25,26,27_0': [2], '8,9,10,11,12,13_0': [3]}
 USC children  {'0,1,2,3,4,5,6,7_0': [1, 2], '14,15,16,17,18,19,20,21,22,23,24,25,26,27_0': [2], '8,9,10,11,12,13_0': [3]}
 Timepoint ====  2
 Hash table  {'0': [0, 1, 2, 3, 4, 5, 6, 7, 28, 29, 30, 31, 32, 33, 34, 35, 36, 37, 38, 39, 40, 41, 42, 43, 44]}
====== Inside find superset of t nodes ==========
 Final possible usc  [[0, 1, 2, 3, 4, 5, 6, 7, 28, 29, 30, 31, 32, 33, 34, 35, 36, 37, 38, 39, 40, 41, 42, 43, 44]]
 Time  2  USC keys  {'0,1,2,3,4,5,6,7,28,29,30,31,32,33,34,35,36,37,38,39,40,41,42,43,44_1'}
 USC children  {'0,1,2,3,4,5,6,7_0': [1, 2], '14,15,16,17,18,19,20,21,22,23,24,25,26,27_0': [2], '8,9,10,11,12,13_0': [3], '0,1,2,3,4,5,6,7,28,29,30,31,32,33,34,35,36,37,38,39,40,41,42,43,44_1': [6]}
 USC children  {'0,1,2,3,4,5,6,7_0': [1, 2], '14,15,16,17,18,19,20,21,22,23,24,25,26,27_0': [2], '8,9,10,11,12,13_0': [3], '0,1,2,3,4,5,6,7,28,29,30,31,32,33,34,35,36,37,38,39,40,41,42,43,44_1': [6]}
 Node s  {'1,2': ['0', '1', '2', '3', '4', '5', '6', '7'], '3': ['8', '9', '10', '11', '12', '13'], '6': ['0', '1', '2', '3', '4', '5', '6', '7', '28', '29', '30', '31', '32', '33', '34', '35', '36', '37', '38', '39', '40', '41', '42', '43', '44']}
 Enroll USC nodes  ['1', '2']  len  2
 Enroll USC nodes  ['3']  len  1
 Enroll USC nodes  ['6']  len  1
 Node TP  SortedDict({1: [0], 2: [1, 2, 3], 3: [4, 5, 6]})
 Unobserved subclones at timepoints  {1.5: [7]}
 ============== Inside finding node v ============ 
 Time  2
 largest_v_mut  [[]]
 Time  3
 largest_v_mut  [[0, 1, 2, 3, 4, 5, 6, 7]]
 Sorted all timepoints  [1, 1.5, 2, 3]
 Timepoint  2
 Inside usc_node check  2
 Timepoint  3
0   1   [-1]   subclone   []   []
1   2   [7]   subclone   [0, 1, 2, 3, 4, 5, 6, 7]   [0]
2   2   [7]   subclone   [0, 1, 2, 3, 4, 5, 6, 7, 14, 15, 16, 17, 18, 19, 20, 21, 22, 23, 24, 25, 26, 27]   [14]
3   2   [0]   subclone   [8, 9, 10, 11, 12, 13]   [6]
4   3   [1]   subclone   [0, 1, 2, 3, 4, 5, 6, 7]   [0]
5   3   [3]   subclone   [8, 9, 10, 11, 12, 13]   [0]
6   3   [1]   subclone   [0, 1, 2, 3, 4, 5, 6, 7, 28, 29, 30, 31, 32, 33, 34, 35, 36, 37, 38, 39, 40, 41, 42, 43, 44]   [17]
7   1.5   [0]   unobserved subclone   [0, 1, 2, 3, 4, 5, 6, 7]   [8]
4
 Total estimated FP  167  True negatives  16620
 Total estimated FN  962  True positives  3851
 Estimated FP rate  0.04156
 Estimated FN rate  0.05
 No. of Cells in each cluster  {'1_2': 28, '1_3': 146, '3_2': 36, '0_2': 36, '0_3': 278, '2_3': 76}
 Cells in each cluster  {'1_2': [0, 1, 2, 3, 4, 5, 6, 7, 8, 9, 10, 11, 12, 13, 14, 15, 16, 17, 18, 19, 20, 21, 22, 23, 24, 25, 26, 27], '1_3': [100, 101, 102, 103, 104, 105, 106, 107, 108, 109, 110, 111, 112, 113, 114, 115, 116, 117, 118, 119, 120, 121, 122, 123, 124, 125, 126, 127, 128, 129, 130, 131, 132, 133, 134, 135, 136, 137, 138, 139, 140, 141, 142, 143, 144, 145, 146, 147, 148, 149, 150, 151, 152, 153, 154, 155, 156, 157, 158, 159, 160, 161, 162, 163, 164, 165, 166, 167, 168, 169, 170, 171, 172, 173, 174, 175, 176, 177, 178, 179, 180, 181, 182, 183, 184, 185, 186, 187, 188, 189, 190, 191, 192, 193, 194, 195, 196, 197, 198, 199, 200, 201, 202, 203, 204, 205, 206, 207, 208, 209, 210, 211, 212, 213, 214, 215, 216, 217, 218, 219, 220, 221, 222, 223, 224, 225, 226, 227, 228, 229, 230, 231, 232, 233, 234, 235, 236, 237, 238, 239, 240, 241, 242, 243, 244, 245], '3_2': [28, 29, 30, 31, 32, 33, 34, 35, 36, 37, 38, 39, 40, 41, 42, 43, 44, 45, 46, 47, 48, 49, 50, 51, 52, 53, 54, 55, 56, 57, 58, 59, 60, 61, 62, 63], '0_2': [64, 65, 66, 67, 68, 69, 70, 71, 72, 73, 74, 75, 76, 77, 78, 79, 80, 81, 82, 83, 84, 85, 86, 87, 88, 89, 90, 91, 92, 93, 94, 95, 96, 97, 98, 99], '0_3': [322, 323, 324, 325, 326, 327, 328, 329, 330, 331, 332, 333, 334, 335, 336, 337, 338, 339, 340, 341, 342, 343, 344, 345, 346, 347, 348, 349, 350, 351, 352, 353, 354, 355, 356, 357, 358, 359, 360, 361, 362, 363, 364, 365, 366, 367, 368, 369, 370, 371, 372, 373, 374, 375, 376, 377, 378, 379, 380, 381, 382, 383, 384, 385, 386, 387, 388, 389, 390, 391, 392, 393, 394, 395, 396, 397, 398, 399, 400, 401, 402, 403, 404, 405, 406, 407, 408, 409, 410, 411, 412, 413, 414, 415, 416, 417, 418, 419, 420, 421, 422, 423, 424, 425, 426, 427, 428, 429, 430, 431, 432, 433, 434, 435, 436, 437, 438, 439, 440, 441, 442, 443, 444, 445, 446, 447, 448, 449, 450, 451, 452, 453, 454, 455, 456, 457, 458, 459, 460, 461, 462, 463, 464, 465, 466, 467, 468, 469, 470, 471, 472, 473, 474, 475, 476, 477, 478, 479, 480, 481, 482, 483, 484, 485, 486, 487, 488, 489, 490, 491, 492, 493, 494, 495, 496, 497, 498, 499, 500, 501, 502, 503, 504, 505, 506, 507, 508, 509, 510, 511, 512, 513, 514, 515, 516, 517, 518, 519, 520, 521, 522, 523, 524, 525, 526, 527, 528, 529, 530, 531, 532, 533, 534, 535, 536, 537, 538, 539, 540, 541, 542, 543, 544, 545, 546, 547, 548, 549, 550, 551, 552, 553, 554, 555, 556, 557, 558, 559, 560, 561, 562, 563, 564, 565, 566, 567, 568, 569, 570, 571, 572, 573, 574, 575, 576, 577, 578, 579, 580, 581, 582, 583, 584, 585, 586, 587, 588, 589, 590, 591, 592, 593, 594, 595, 596, 597, 598, 599], '2_3': [246, 247, 248, 249, 250, 251, 252, 253, 254, 255, 256, 257, 258, 259, 260, 261, 262, 263, 264, 265, 266, 267, 268, 269, 270, 271, 272, 273, 274, 275, 276, 277, 278, 279, 280, 281, 282, 283, 284, 285, 286, 287, 288, 289, 290, 291, 292, 293, 294, 295, 296, 297, 298, 299, 300, 301, 302, 303, 304, 305, 306, 307, 308, 309, 310, 311, 312, 313, 314, 315, 316, 317, 318, 319, 320, 321]}
FP rate  0.04156 FN rate  0.05
 Before reassigning cells 
 Timepoint  2
 Cluster  1  # of cells  29
 Cluster  3  # of cells  35
 Cluster  0  # of cells  36
 Timepoint  3
 Cluster  1  # of cells  147
 Cluster  0  # of cells  278
 Cluster  2  # of cells  75
 Cells absent at timepoint  3   set()
 Cells absent at timepoint  2   set()
 Timepoint  2
 Timepoint  3
 After reassigning and merging cells 
 Timepoint  2
 Cluster  1  # of cells  29
 Cluster  3  # of cells  35
 Cluster  0  # of cells  36
 Timepoint  3
 Cluster  1  # of cells  147
 Cluster  0  # of cells  278
 Cluster  2  # of cells  75
 Tp cluster cell dict  {'1_2': 29, '3_2': 35, '0_2': 36, '1_3': 147, '0_3': 278, '2_3': 75}
 New Graph is here 
 ID  0  Timepoint  1  Mutations  []  Type  subclone
 ID  1  Timepoint  2  Mutations  [0, 1, 2, 3, 4, 5, 6, 7]  Type  subclone
 ID  2  Timepoint  2  Mutations  [0, 1, 2, 3, 4, 5, 6, 7, 14, 15, 16, 17, 18, 19, 20, 21, 22, 23, 24, 25, 26, 27]  Type  subclone
 ID  3  Timepoint  2  Mutations  [8, 9, 10, 11, 12, 13]  Type  subclone
 ID  4  Timepoint  3  Mutations  [0, 1, 2, 3, 4, 5, 6, 7]  Type  subclone
 ID  5  Timepoint  3  Mutations  [8, 9, 10, 11, 12, 13]  Type  subclone
 ID  6  Timepoint  3  Mutations  [0, 1, 2, 3, 4, 5, 6, 7, 28, 29, 30, 31, 32, 33, 34, 35, 36, 37, 38, 39, 40, 41, 42, 43, 44]  Type  subclone
Timepoints  SortedDict({1: [0], 2: [1, 2, 3], 3: [4, 5, 6]})
 Clone to nodes  {'1_2': 1, '3_2': 2, '0_2': 3, '1_3': 4, '0_3': 5, '2_3': 6}
 Timepoint ====  1
 Hash table  {'0,1': [0, 1, 2, 3, 4, 5, 6, 7], '1': [14, 15, 16, 17, 18, 19, 20, 21, 22, 23, 24, 25, 26, 27], '2': [8, 9, 10, 11, 12, 13]}
 Final possible usc  [[0, 1, 2, 3, 4, 5, 6, 7], [14, 15, 16, 17, 18, 19, 20, 21, 22, 23, 24, 25, 26, 27], [8, 9, 10, 11, 12, 13]]
 Time  1  USC keys  {'14,15,16,17,18,19,20,21,22,23,24,25,26,27_0', '8,9,10,11,12,13_0', '0,1,2,3,4,5,6,7_0'}
 USC children  {'0,1,2,3,4,5,6,7_0': [1, 2], '14,15,16,17,18,19,20,21,22,23,24,25,26,27_0': [2], '8,9,10,11,12,13_0': [3]}
 USC children  {'0,1,2,3,4,5,6,7_0': [1, 2], '14,15,16,17,18,19,20,21,22,23,24,25,26,27_0': [2], '8,9,10,11,12,13_0': [3]}
 Timepoint ====  2
 Hash table  {'0': [0, 1, 2, 3, 4, 5, 6, 7, 28, 29, 30, 31, 32, 33, 34, 35, 36, 37, 38, 39, 40, 41, 42, 43, 44]}
====== Inside find superset of t nodes ==========
 Final possible usc  [[0, 1, 2, 3, 4, 5, 6, 7, 28, 29, 30, 31, 32, 33, 34, 35, 36, 37, 38, 39, 40, 41, 42, 43, 44]]
 Time  2  USC keys  {'0,1,2,3,4,5,6,7,28,29,30,31,32,33,34,35,36,37,38,39,40,41,42,43,44_1'}
 USC children  {'0,1,2,3,4,5,6,7_0': [1, 2], '14,15,16,17,18,19,20,21,22,23,24,25,26,27_0': [2], '8,9,10,11,12,13_0': [3], '0,1,2,3,4,5,6,7,28,29,30,31,32,33,34,35,36,37,38,39,40,41,42,43,44_1': [6]}
 USC children  {'0,1,2,3,4,5,6,7_0': [1, 2], '14,15,16,17,18,19,20,21,22,23,24,25,26,27_0': [2], '8,9,10,11,12,13_0': [3], '0,1,2,3,4,5,6,7,28,29,30,31,32,33,34,35,36,37,38,39,40,41,42,43,44_1': [6]}
 Node s  {'1,2': ['0', '1', '2', '3', '4', '5', '6', '7'], '3': ['8', '9', '10', '11', '12', '13'], '6': ['0', '1', '2', '3', '4', '5', '6', '7', '28', '29', '30', '31', '32', '33', '34', '35', '36', '37', '38', '39', '40', '41', '42', '43', '44']}
 Enroll USC nodes  ['1', '2']  len  2
 Enroll USC nodes  ['3']  len  1
 Enroll USC nodes  ['6']  len  1
 Node TP  SortedDict({1: [0], 2: [1, 2, 3], 3: [4, 5, 6]})
 Unobserved subclones at timepoints  {1.5: [7]}
 ============== Inside finding node v ============ 
 Time  2
 largest_v_mut  [[]]
 Time  3
 largest_v_mut  [[0, 1, 2, 3, 4, 5, 6, 7]]
 Sorted all timepoints  [1, 1.5, 2, 3]
 Timepoint  2
 Inside usc_node check  2
 Timepoint  3
0   1   [-1]   subclone   []   []
1   2   [7]   subclone   [0, 1, 2, 3, 4, 5, 6, 7]   [0]
2   2   [7]   subclone   [0, 1, 2, 3, 4, 5, 6, 7, 14, 15, 16, 17, 18, 19, 20, 21, 22, 23, 24, 25, 26, 27]   [14]
3   2   [0]   subclone   [8, 9, 10, 11, 12, 13]   [6]
4   3   [1]   subclone   [0, 1, 2, 3, 4, 5, 6, 7]   [0]
5   3   [3]   subclone   [8, 9, 10, 11, 12, 13]   [0]
6   3   [1]   subclone   [0, 1, 2, 3, 4, 5, 6, 7, 28, 29, 30, 31, 32, 33, 34, 35, 36, 37, 38, 39, 40, 41, 42, 43, 44]   [17]
7   1.5   [0]   unobserved subclone   [0, 1, 2, 3, 4, 5, 6, 7]   [8]
 List of tree files  ['all_trees/theta5_rep4_m1_tree.csv', 'all_trees/theta5_rep4_m2_tree.csv', 'all_trees/theta5_rep4_m3_tree.csv', 'all_trees/theta5_rep4_m4_tree.csv', 'all_trees/theta5_rep4_m5_tree.csv']
{'1': ['0', '1', '2', '3', '4', '5', '6', '7'], '2': ['0', '1', '2', '3', '4', '5', '6', '7', '14', '15', '16', '17', '18', '19', '20', '21', '22', '23', '24', '25', '26', '27'], '3': ['8', '9', '10', '11', '12', '13'], '4': ['0', '1', '2', '3', '4', '5', '6', '7'], '5': ['8', '9', '10', '11', '12', '13'], '6': ['0', '1', '2', '3', '4', '5', '6', '7', '28', '29', '30', '31', '32', '33', '34', '35', '36', '37', '38', '39', '40', '41', '42', '43', '44'], '7': ['0', '1', '2', '3', '4', '5', '6', '7']}
 Actual mutation of  1   []
 Actual mutation of  2   ['20', '14', '17', '21', '24', '22', '16', '25', '19', '18', '26', '27', '15', '23']
 Actual mutation of  4   []
 Actual mutation of  5   []
 Actual mutation of  6   ['32', '30', '33', '43', '31', '39', '28', '34', '38', '35', '37', '40', '44', '36', '29', '41', '42']
 Updated node mutation  {'1': [], '2': ['20', '14', '17', '21', '24', '22', '16', '25', '19', '18', '26', '27', '15', '23'], '3': ['8', '9', '10', '11', '12', '13'], '4': [], '5': [], '6': ['32', '30', '33', '43', '31', '39', '28', '34', '38', '35', '37', '40', '44', '36', '29', '41', '42'], '7': ['0', '1', '2', '3', '4', '5', '6', '7']}
{'1': ['0', '1', '2', '3', '4', '5', '6', '7'], '2': ['0', '1', '2', '3', '4', '5', '6', '7', '14', '15', '16', '17', '18', '19', '20', '21', '22', '23', '24', '25', '26', '27'], '3': ['8', '9', '10', '11', '12', '13'], '4': ['0', '1', '2', '3', '4', '5', '6', '7'], '5': ['8', '9', '10', '11', '12', '13'], '6': ['0', '1', '2', '3', '4', '5', '6', '7', '28', '29', '30', '31', '32', '33', '34', '35', '36', '37', '38', '39', '40', '41', '42', '43', '44'], '7': ['1', '8', '9', '10', '11', '12', '13', '30', '42'], '8': ['0', '1', '2', '3', '4', '5', '6', '7']}
 Actual mutation of  1   []
 Actual mutation of  2   ['20', '14', '17', '21', '24', '22', '16', '25', '19', '18', '26', '27', '15', '23']
 Actual mutation of  4   []
 Actual mutation of  5   []
 Actual mutation of  6   ['32', '30', '33', '43', '31', '39', '28', '34', '38', '35', '37', '40', '44', '36', '29', '41', '42']
 Actual mutation of  7   ['30', '1', '42']
 Updated node mutation  {'1': [], '2': ['20', '14', '17', '21', '24', '22', '16', '25', '19', '18', '26', '27', '15', '23'], '3': ['8', '9', '10', '11', '12', '13'], '4': [], '5': [], '6': ['32', '30', '33', '43', '31', '39', '28', '34', '38', '35', '37', '40', '44', '36', '29', '41', '42'], '7': ['30', '1', '42'], '8': ['0', '1', '2', '3', '4', '5', '6', '7']}
{'1': ['0', '1', '2', '3', '4', '5', '6', '7'], '2': ['0', '1', '2', '3', '4', '5', '6', '7', '14', '15', '16', '17', '18', '19', '20', '21', '22', '23', '24', '25', '26', '27'], '3': ['8', '9', '10', '11', '12', '13'], '4': ['0', '1', '2', '3', '4', '5', '6', '7'], '5': ['8', '9', '10', '11', '12', '13'], '6': ['0', '1', '2', '3', '4', '5', '6', '7', '28', '29', '30', '31', '32', '33', '34', '35', '36', '37', '38', '39', '40', '41', '42', '43', '44'], '7': ['0', '1', '2', '3', '4', '5', '6', '7']}
 Actual mutation of  1   []
 Actual mutation of  2   ['20', '14', '17', '21', '24', '22', '16', '25', '19', '18', '26', '27', '15', '23']
 Actual mutation of  4   []
 Actual mutation of  5   []
 Actual mutation of  6   ['32', '30', '33', '43', '31', '39', '28', '34', '38', '35', '37', '40', '44', '36', '29', '41', '42']
 Updated node mutation  {'1': [], '2': ['20', '14', '17', '21', '24', '22', '16', '25', '19', '18', '26', '27', '15', '23'], '3': ['8', '9', '10', '11', '12', '13'], '4': [], '5': [], '6': ['32', '30', '33', '43', '31', '39', '28', '34', '38', '35', '37', '40', '44', '36', '29', '41', '42'], '7': ['0', '1', '2', '3', '4', '5', '6', '7']}
{'1': ['0', '1', '2', '3', '4', '5', '6', '7'], '2': ['0', '1', '2', '3', '4', '5', '6', '7', '14', '15', '16', '17', '18', '19', '20', '21', '22', '23', '24', '25', '26', '27'], '3': ['8', '9', '10', '11', '12', '13'], '4': ['0', '1', '2', '3', '4', '5', '6', '7'], '5': ['8', '9', '10', '11', '12', '13'], '6': ['0', '1', '2', '3', '4', '5', '6', '7', '28', '29', '30', '31', '32', '33', '34', '35', '36', '37', '38', '39', '40', '41', '42', '43', '44'], '7': ['0', '1', '2', '3', '4', '5', '6', '7']}
 Actual mutation of  1   []
 Actual mutation of  2   ['20', '14', '17', '21', '24', '22', '16', '25', '19', '18', '26', '27', '15', '23']
 Actual mutation of  4   []
 Actual mutation of  5   []
 Actual mutation of  6   ['32', '30', '33', '43', '31', '39', '28', '34', '38', '35', '37', '40', '44', '36', '29', '41', '42']
 Updated node mutation  {'1': [], '2': ['20', '14', '17', '21', '24', '22', '16', '25', '19', '18', '26', '27', '15', '23'], '3': ['8', '9', '10', '11', '12', '13'], '4': [], '5': [], '6': ['32', '30', '33', '43', '31', '39', '28', '34', '38', '35', '37', '40', '44', '36', '29', '41', '42'], '7': ['0', '1', '2', '3', '4', '5', '6', '7']}
{'1': ['0', '1', '2', '3', '4', '5', '6', '7'], '2': ['0', '1', '2', '3', '4', '5', '6', '7', '14', '15', '16', '17', '18', '19', '20', '21', '22', '23', '24', '25', '26', '27'], '3': ['8', '9', '10', '11', '12', '13'], '4': ['0', '1', '2', '3', '4', '5', '6', '7'], '5': ['8', '9', '10', '11', '12', '13'], '6': ['0', '1', '2', '3', '4', '5', '6', '7', '28', '29', '30', '31', '32', '33', '34', '35', '36', '37', '38', '39', '40', '41', '42', '43', '44'], '7': ['0', '1', '2', '3', '4', '5', '6', '7']}
 Actual mutation of  1   []
 Actual mutation of  2   ['20', '14', '17', '21', '24', '22', '16', '25', '19', '18', '26', '27', '15', '23']
 Actual mutation of  4   []
 Actual mutation of  5   []
 Actual mutation of  6   ['32', '30', '33', '43', '31', '39', '28', '34', '38', '35', '37', '40', '44', '36', '29', '41', '42']
 Updated node mutation  {'1': [], '2': ['20', '14', '17', '21', '24', '22', '16', '25', '19', '18', '26', '27', '15', '23'], '3': ['8', '9', '10', '11', '12', '13'], '4': [], '5': [], '6': ['32', '30', '33', '43', '31', '39', '28', '34', '38', '35', '37', '40', '44', '36', '29', '41', '42'], '7': ['0', '1', '2', '3', '4', '5', '6', '7']}
 Parallel mutation count  {'m1': 0, 'm2': 3, 'm3': 0, 'm4': 0, 'm5': 0}
 Clusters with least parallel mutations  ['m1', 'm3', 'm4', 'm5']
 Cluster nos for each run  {'m1': 4, 'm3': 4, 'm4': 5, 'm5': 4}
 Run  m1
 Base path  ['theta5', 'rep4', 'm1', 'tree.csv']
 Best tree path  theta5_rep4_m1_tree.csv
