
DPMM with:
	600 cells
	60 mutations
	learning errors

	Priors:
	params.:	Beta(0.25,0.25)
	CRP a_0:	Gamma(24.49,1)
	FP:		trunc norm(0.01,0.01)
	FN:		trunc norm(0.2,0.1)

Move probabilitites:
	Split/merge:	0.33
		split/merge ratio:	[0.75, 0.25]
		intermediate Gibbs:	3
	CRP a_0 update:	0.25
	Errors update:	0.25

Run MCMC with (1 chains for 5000 steps):

Clustering time:	0:25:14.235616	(0.30 secs. per MCMC step)	Lugsail PSRF:		1.00809

Chain mean - posterior clusters	(#6):
	6 clusters

	A: 287 items
	B: 240 items
	C: 27 items
	D: 3 items
	E: 7 items
	F: 36 items

Inferred latent variables	--	chain mean - posterior
	CRP a_0:	102.5 +- 19.4
	FP (model|genotypes): 1.4E-03 +- 8.7E-04	|	1.1E-02
	FN (model|genotypes): 0.134   +- 0.012	|	0.158

Writing output to: ./sim_output/v1v2/rep2/m1

Too many cells to plot genotypes/clusters
