
DPMM with:
	600 cells
	39 mutations
	learning errors

	Priors:
	params.:	Beta(0.25,0.25)
	CRP a_0:	Gamma(24.49,1)
	FP:		trunc norm(0.01,0.01)
	FN:		trunc norm(0.2,0.1)

Move probabilitites:
	Split/merge:	0.33
		split/merge ratio:	[0.75, 0.25]
		intermediate Gibbs:	3
	CRP a_0 update:	0.25
	Errors update:	0.25

Run MCMC with (1 chains for 5000 steps):

Clustering time:	0:13:47.335909	(0.17 secs. per MCMC step)	Lugsail PSRF:		1.00776

Chain mean - posterior clusters	(#6):
	6 clusters

	A: 330 items
	B: 11 items
	C: 172 items
	D: 1 items
	E: 1 items
	F: 85 items

Inferred latent variables	--	chain mean - posterior
	CRP a_0:	98.6 +- 20.5
	FP (model|genotypes): 2.3E-03 +- 9.4E-04	|	7.9E-03
	FN (model|genotypes): 0.216   +- 0.016	|	0.238

Writing output to: ./sim_output/bp3/rep2/m3

Too many cells to plot genotypes/clusters
