
DPMM with:
	3000 cells
	26 mutations
	learning errors

	Priors:
	params.:	Beta(0.25,0.25)
	CRP a_0:	Gamma(54.77,1)
	FP:		trunc norm(0.01,0.01)
	FN:		trunc norm(0.2,0.1)

Move probabilitites:
	Split/merge:	0.33
		split/merge ratio:	[0.75, 0.25]
		intermediate Gibbs:	3
	CRP a_0 update:	0.25
	Errors update:	0.25

Run MCMC with (1 chains for 5000 steps):

Clustering time:	0:57:58.274376	(0.70 secs. per MCMC step)	Lugsail PSRF:		1.00901

Chain mean - posterior clusters	(#16):
	16 clusters

	A: 940 items
	B: 1235 items
	C: 708 items
	D: 14 items
	E: 1 items
	F: 1 items
	G: 36 items
	H: 57 items
	I: 1 items
	J: 1 items
	K: 1 items
	L: 1 items
	M: 1 items
	N: 1 items
	O: 1 items
	P: 1 items

Inferred latent variables	--	chain mean - posterior
	CRP a_0:	283.2 +- 34.7
	FP (model|genotypes): 1.5E-03 +- 6.6E-04	|	7.6E-03
	FN (model|genotypes): 0.119   +- 0.005	|	0.159

Writing output to: ./sim_output/t4/rep3/m1

Too many cells to plot genotypes/clusters
