14
 Total estimated FP  93  True negatives  9403
 Total estimated FN  1170  True positives  4694
 Estimated FP rate  0.01943
 Estimated FN rate  0.11
 No. of Cells in each cluster  {'9_2': 30, '7_2': 38, '12_2': 2, '5_3': 2, '10_3': 498, '10_2': 30}
 Cells in each cluster  {'9_2': [0, 1, 2, 3, 4, 5, 6, 7, 8, 9, 10, 11, 12, 13, 14, 15, 16, 17, 18, 19, 20, 21, 22, 23, 24, 25, 26, 27, 28, 29], '7_2': [30, 31, 32, 33, 34, 35, 36, 37, 38, 39, 40, 41, 42, 43, 44, 45, 46, 47, 48, 49, 50, 51, 52, 53, 54, 55, 56, 57, 58, 59, 60, 61, 62, 63, 64, 65, 66, 67], '12_2': [69, 70], '5_3': [341, 554], '10_3': [292, 294, 403, 543, 568, 112, 236, 262, 325, 328, 351, 394, 580, 100, 101, 102, 104, 105, 106, 107, 108, 109, 110, 111, 113, 114, 115, 116, 117, 118, 119, 120, 121, 122, 123, 126, 127, 131, 132, 133, 134, 135, 136, 137, 138, 139, 140, 141, 142, 144, 145, 146, 147, 148, 149, 150, 151, 152, 153, 154, 156, 157, 158, 159, 160, 161, 163, 164, 165, 166, 167, 168, 169, 171, 172, 173, 174, 175, 176, 177, 178, 179, 180, 182, 183, 184, 185, 186, 187, 188, 189, 190, 191, 192, 193, 194, 196, 197, 198, 199, 200, 201, 203, 204, 206, 207, 208, 209, 210, 212, 213, 216, 217, 218, 219, 221, 223, 224, 225, 226, 227, 228, 229, 230, 231, 232, 233, 235, 237, 238, 239, 240, 241, 242, 245, 246, 247, 248, 249, 250, 251, 252, 253, 255, 256, 257, 258, 259, 260, 261, 263, 264, 266, 267, 268, 269, 270, 271, 272, 273, 274, 275, 276, 277, 278, 280, 281, 282, 283, 284, 285, 287, 288, 289, 290, 291, 293, 295, 296, 297, 298, 299, 300, 301, 302, 303, 304, 305, 306, 307, 308, 310, 311, 313, 314, 315, 316, 317, 318, 319, 320, 323, 324, 326, 327, 329, 331, 332, 333, 334, 335, 337, 338, 339, 340, 342, 343, 344, 346, 347, 348, 349, 350, 352, 353, 354, 355, 356, 357, 358, 359, 360, 361, 362, 363, 364, 365, 366, 367, 369, 370, 371, 372, 373, 374, 376, 377, 378, 379, 380, 381, 382, 383, 384, 385, 386, 387, 388, 389, 390, 391, 392, 393, 395, 396, 397, 398, 399, 400, 402, 404, 405, 406, 407, 408, 409, 410, 411, 412, 413, 414, 415, 417, 418, 419, 420, 421, 422, 423, 424, 425, 426, 427, 428, 429, 431, 432, 433, 434, 435, 436, 438, 440, 441, 442, 443, 444, 445, 446, 448, 449, 450, 451, 452, 453, 454, 455, 456, 457, 458, 459, 460, 461, 462, 463, 464, 465, 466, 467, 468, 469, 470, 471, 472, 473, 474, 475, 476, 477, 478, 479, 480, 481, 482, 483, 484, 485, 486, 487, 488, 489, 490, 491, 492, 493, 494, 495, 496, 497, 498, 499, 500, 501, 502, 503, 504, 505, 506, 507, 508, 509, 510, 511, 513, 514, 515, 517, 518, 519, 520, 521, 522, 523, 524, 525, 526, 527, 528, 529, 530, 531, 532, 534, 536, 537, 538, 539, 541, 542, 544, 545, 546, 547, 548, 549, 550, 551, 552, 553, 555, 556, 557, 558, 559, 561, 562, 563, 564, 565, 566, 567, 569, 570, 572, 573, 574, 575, 579, 581, 582, 583, 585, 586, 587, 588, 589, 590, 592, 593, 594, 595, 596, 599, 124, 125, 129, 155, 162, 181, 202, 205, 279, 312, 330, 336, 368, 375, 439, 560, 576, 577, 597, 598, 222, 286, 103, 128, 130, 143, 220, 244, 345, 533, 571, 591, 195, 254, 321, 437, 512, 535, 170, 234, 243, 401, 578, 214, 322, 416, 540, 584, 211, 215, 265, 309, 430, 447, 516], '10_2': [68, 71, 72, 73, 74, 75, 77, 78, 79, 80, 81, 82, 83, 84, 85, 87, 88, 90, 92, 93, 94, 95, 96, 97, 98, 99, 86, 76, 89, 91]}
FP rate  0.01943 FN rate  0.11
 Before reassigning cells 
 Timepoint  2
 Cluster  9  # of cells  30
 Cluster  7  # of cells  38
 Cluster  12  # of cells  5
 Cluster  10  # of cells  27
 Timepoint  3
 Cluster  5  # of cells  23
 Cluster  10  # of cells  475
 Cells absent at timepoint  2   set()
 Cells absent at timepoint  3   {434, 387}
 Missing cell prob  {'10': 0.03840144468179131, '5': 0.03840144468179131}
 Missing cell prob  {'10': 0.003987442638201509, '5': 0.003987442638201509}
 Timepoint  2
SortedDict({2: {'9': ['0', '1', '2', '3', '4', '5', '6', '7', '8', '9', '10', '11', '12', '13', '14', '15', '16', '17', '18', '19', '20', '21', '22', '23', '24', '25', '26', '27', '28', '29'], '7': ['30', '31', '32', '33', '34', '35', '36', '37', '38', '39', '40', '41', '42', '43', '44', '45', '46', '47', '48', '49', '50', '51', '52', '53', '54', '55', '56', '57', '58', '59', '60', '61', '62', '63', '64', '65', '66', '67'], '12': ['68', '69', '70', '82', '84'], '10': ['71', '72', '73', '74', '75', '76', '77', '78', '79', '80', '81', '83', '85', '86', '87', '88', '89', '90', '91', '92', '93', '94', '95', '96', '97', '98', '99']}, 3: {'5': ['112', '125', '129', '155', '162', '181', '194', '253', '309', '323', '336', '341', '347', '350', '367', '368', '439', '483', '514', '554', '560', '576', '577'], '10': ['100', '101', '102', '103', '104', '105', '106', '107', '108', '109', '110', '111', '113', '114', '115', '116', '117', '118', '119', '120', '121', '122', '123', '124', '126', '127', '128', '130', '131', '132', '133', '134', '135', '136', '137', '138', '139', '140', '141', '142', '143', '144', '145', '146', '147', '148', '149', '150', '151', '152', '153', '154', '156', '157', '158', '159', '160', '161', '163', '164', '165', '166', '167', '168', '169', '170', '171', '172', '173', '174', '175', '176', '177', '178', '179', '180', '182', '183', '184', '185', '186', '187', '188', '189', '190', '191', '192', '193', '195', '196', '197', '198', '199', '200', '201', '202', '203', '204', '205', '206', '207', '208', '209', '210', '211', '212', '213', '214', '215', '216', '217', '218', '219', '220', '221', '222', '223', '224', '225', '226', '227', '228', '229', '230', '231', '232', '233', '234', '235', '236', '237', '238', '239', '240', '241', '242', '243', '244', '245', '246', '247', '248', '249', '250', '251', '252', '254', '255', '256', '257', '258', '259', '260', '261', '262', '263', '264', '265', '266', '267', '268', '269', '270', '271', '272', '273', '274', '275', '276', '277', '278', '279', '280', '281', '282', '283', '284', '285', '286', '287', '288', '289', '290', '291', '292', '293', '294', '295', '296', '297', '298', '299', '300', '301', '302', '303', '304', '305', '306', '307', '308', '310', '311', '312', '313', '314', '315', '316', '317', '318', '319', '320', '321', '322', '324', '325', '326', '327', '328', '329', '330', '331', '332', '333', '334', '335', '337', '338', '339', '340', '342', '343', '344', '345', '346', '348', '349', '351', '352', '353', '354', '355', '356', '357', '358', '359', '360', '361', '362', '363', '364', '365', '366', '369', '370', '371', '372', '373', '374', '375', '376', '377', '378', '379', '380', '381', '382', '383', '384', '385', '386', '388', '389', '390', '391', '392', '393', '394', '395', '396', '397', '398', '399', '400', '401', '402', '403', '404', '405', '406', '407', '408', '409', '410', '411', '412', '413', '414', '415', '416', '417', '418', '419', '420', '421', '422', '423', '424', '425', '426', '427', '428', '429', '430', '431', '432', '433', '435', '436', '437', '438', '440', '441', '442', '443', '444', '445', '446', '447', '448', '449', '450', '451', '452', '453', '454', '455', '456', '457', '458', '459', '460', '461', '462', '463', '464', '465', '466', '467', '468', '469', '470', '471', '472', '473', '474', '475', '476', '477', '478', '479', '480', '481', '482', '484', '485', '486', '487', '488', '489', '490', '491', '492', '493', '494', '495', '496', '497', '498', '499', '500', '501', '502', '503', '504', '505', '506', '507', '508', '509', '510', '511', '512', '513', '515', '516', '517', '518', '519', '520', '521', '522', '523', '524', '525', '526', '527', '528', '529', '530', '531', '532', '533', '534', '535', '536', '537', '538', '539', '540', '541', '542', '543', '544', '545', '546', '547', '548', '549', '550', '551', '552', '553', '555', '556', '557', '558', '559', '561', '562', '563', '564', '565', '566', '567', '568', '569', '570', '571', '572', '573', '574', '575', '578', '579', '580', '581', '582', '583', '584', '585', '586', '587', '588', '589', '590', '591', '592', '593', '594', '595', '596', '597', '598', '599', '434', '387']}})
 Cluster1  12
 Cluster to drop  10
 Timepoint  3
SortedDict({2: {'9': ['0', '1', '2', '3', '4', '5', '6', '7', '8', '9', '10', '11', '12', '13', '14', '15', '16', '17', '18', '19', '20', '21', '22', '23', '24', '25', '26', '27', '28', '29'], '7': ['30', '31', '32', '33', '34', '35', '36', '37', '38', '39', '40', '41', '42', '43', '44', '45', '46', '47', '48', '49', '50', '51', '52', '53', '54', '55', '56', '57', '58', '59', '60', '61', '62', '63', '64', '65', '66', '67'], '12': ['68', '69', '70', '82', '84', '71', '72', '73', '74', '75', '76', '77', '78', '79', '80', '81', '83', '85', '86', '87', '88', '89', '90', '91', '92', '93', '94', '95', '96', '97', '98', '99']}, 3: {'5': ['112', '125', '129', '155', '162', '181', '194', '253', '309', '323', '336', '341', '347', '350', '367', '368', '439', '483', '514', '554', '560', '576', '577'], '10': ['100', '101', '102', '103', '104', '105', '106', '107', '108', '109', '110', '111', '113', '114', '115', '116', '117', '118', '119', '120', '121', '122', '123', '124', '126', '127', '128', '130', '131', '132', '133', '134', '135', '136', '137', '138', '139', '140', '141', '142', '143', '144', '145', '146', '147', '148', '149', '150', '151', '152', '153', '154', '156', '157', '158', '159', '160', '161', '163', '164', '165', '166', '167', '168', '169', '170', '171', '172', '173', '174', '175', '176', '177', '178', '179', '180', '182', '183', '184', '185', '186', '187', '188', '189', '190', '191', '192', '193', '195', '196', '197', '198', '199', '200', '201', '202', '203', '204', '205', '206', '207', '208', '209', '210', '211', '212', '213', '214', '215', '216', '217', '218', '219', '220', '221', '222', '223', '224', '225', '226', '227', '228', '229', '230', '231', '232', '233', '234', '235', '236', '237', '238', '239', '240', '241', '242', '243', '244', '245', '246', '247', '248', '249', '250', '251', '252', '254', '255', '256', '257', '258', '259', '260', '261', '262', '263', '264', '265', '266', '267', '268', '269', '270', '271', '272', '273', '274', '275', '276', '277', '278', '279', '280', '281', '282', '283', '284', '285', '286', '287', '288', '289', '290', '291', '292', '293', '294', '295', '296', '297', '298', '299', '300', '301', '302', '303', '304', '305', '306', '307', '308', '310', '311', '312', '313', '314', '315', '316', '317', '318', '319', '320', '321', '322', '324', '325', '326', '327', '328', '329', '330', '331', '332', '333', '334', '335', '337', '338', '339', '340', '342', '343', '344', '345', '346', '348', '349', '351', '352', '353', '354', '355', '356', '357', '358', '359', '360', '361', '362', '363', '364', '365', '366', '369', '370', '371', '372', '373', '374', '375', '376', '377', '378', '379', '380', '381', '382', '383', '384', '385', '386', '388', '389', '390', '391', '392', '393', '394', '395', '396', '397', '398', '399', '400', '401', '402', '403', '404', '405', '406', '407', '408', '409', '410', '411', '412', '413', '414', '415', '416', '417', '418', '419', '420', '421', '422', '423', '424', '425', '426', '427', '428', '429', '430', '431', '432', '433', '435', '436', '437', '438', '440', '441', '442', '443', '444', '445', '446', '447', '448', '449', '450', '451', '452', '453', '454', '455', '456', '457', '458', '459', '460', '461', '462', '463', '464', '465', '466', '467', '468', '469', '470', '471', '472', '473', '474', '475', '476', '477', '478', '479', '480', '481', '482', '484', '485', '486', '487', '488', '489', '490', '491', '492', '493', '494', '495', '496', '497', '498', '499', '500', '501', '502', '503', '504', '505', '506', '507', '508', '509', '510', '511', '512', '513', '515', '516', '517', '518', '519', '520', '521', '522', '523', '524', '525', '526', '527', '528', '529', '530', '531', '532', '533', '534', '535', '536', '537', '538', '539', '540', '541', '542', '543', '544', '545', '546', '547', '548', '549', '550', '551', '552', '553', '555', '556', '557', '558', '559', '561', '562', '563', '564', '565', '566', '567', '568', '569', '570', '571', '572', '573', '574', '575', '578', '579', '580', '581', '582', '583', '584', '585', '586', '587', '588', '589', '590', '591', '592', '593', '594', '595', '596', '597', '598', '599', '434', '387']}})
 Cluster1  5
 Cluster to drop  10
 After reassigning and merging cells 
 Timepoint  2
 Cluster  9  # of cells  30
 Cluster  7  # of cells  38
 Cluster  12  # of cells  32
 Timepoint  3
 Cluster  5  # of cells  500
 Tp cluster cell dict  {'9_2': 30, '7_2': 38, '12_2': 32, '5_3': 500}
 New Graph is here 
 ID  0  Timepoint  1  Mutations  []  Type  subclone
 ID  1  Timepoint  2  Mutations  [0, 1, 2, 3, 4, 5, 6, 7, 8, 9, 18]  Type  subclone
 ID  2  Timepoint  2  Mutations  [0, 1, 2, 3, 4, 5, 6, 7, 8, 9, 19, 20, 21, 22, 23, 24]  Type  subclone
 ID  3  Timepoint  2  Mutations  [10, 11, 12, 13, 14, 15, 16, 17, 28, 29, 30, 31]  Type  subclone
 ID  4  Timepoint  3  Mutations  [10, 11, 12, 13, 14, 15, 16, 17, 28, 29, 30, 31]  Type  subclone
Timepoints  SortedDict({1: [0], 2: [1, 2, 3], 3: [4]})
 Clone to nodes  {'9_2': 1, '7_2': 2, '12_2': 3, '5_3': 4}
 Timepoint ====  1
 Hash table  {'0,1': [0, 1, 2, 3, 4, 5, 6, 7, 8, 9], '0': [18], '1': [19, 20, 21, 22, 23, 24], '2': [10, 11, 12, 13, 14, 15, 16, 17, 28, 29, 30, 31]}
 Final possible usc  [[0, 1, 2, 3, 4, 5, 6, 7, 8, 9], [18], [19, 20, 21, 22, 23, 24], [10, 11, 12, 13, 14, 15, 16, 17, 28, 29, 30, 31]]
 Time  1  USC keys  {'10,11,12,13,14,15,16,17,28,29,30,31_0', '0,1,2,3,4,5,6,7,8,9_0', '18_0', '19,20,21,22,23,24_0'}
 USC children  {'0,1,2,3,4,5,6,7,8,9_0': [1, 2], '18_0': [1], '19,20,21,22,23,24_0': [2], '10,11,12,13,14,15,16,17,28,29,30,31_0': [3]}
 USC children  {'0,1,2,3,4,5,6,7,8,9_0': [1, 2], '18_0': [1], '19,20,21,22,23,24_0': [2], '10,11,12,13,14,15,16,17,28,29,30,31_0': [3]}
 Timepoint ====  2
 Hash table  {}
====== Inside find superset of t nodes ==========
 Final possible usc  []
 Time  2  USC keys  set()
 USC children  {'0,1,2,3,4,5,6,7,8,9_0': [1, 2], '18_0': [1], '19,20,21,22,23,24_0': [2], '10,11,12,13,14,15,16,17,28,29,30,31_0': [3]}
 USC children  {'0,1,2,3,4,5,6,7,8,9_0': [1, 2], '18_0': [1], '19,20,21,22,23,24_0': [2], '10,11,12,13,14,15,16,17,28,29,30,31_0': [3]}
 Node s  {'1,2': ['0', '1', '2', '3', '4', '5', '6', '7', '8', '9'], '3': ['10', '11', '12', '13', '14', '15', '16', '17', '28', '29', '30', '31']}
 Enroll USC nodes  ['1', '2']  len  2
 Enroll USC nodes  ['3']  len  1
 Node TP  SortedDict({1: [0], 2: [1, 2, 3], 3: [4]})
 Unobserved subclones at timepoints  {1.5: [5]}
 ============== Inside finding node v ============ 
 Time  2
 largest_v_mut  [[]]
 Time  3
 Sorted all timepoints  [1, 1.5, 2, 3]
 Timepoint  2
 Inside usc_node check  2
 Timepoint  3
0   1   [-1]   subclone   []   []
1   2   [5]   subclone   [0, 1, 2, 3, 4, 5, 6, 7, 8, 9, 18]   [1]
2   2   [5]   subclone   [0, 1, 2, 3, 4, 5, 6, 7, 8, 9, 19, 20, 21, 22, 23, 24]   [6]
3   2   [0]   subclone   [10, 11, 12, 13, 14, 15, 16, 17, 28, 29, 30, 31]   [12]
4   3   [3]   subclone   [10, 11, 12, 13, 14, 15, 16, 17, 28, 29, 30, 31]   [0]
5   1.5   [0]   unobserved subclone   [0, 1, 2, 3, 4, 5, 6, 7, 8, 9]   [10]
9
 Total estimated FP  92  True negatives  9403
 Total estimated FN  1170  True positives  4695
 Estimated FP rate  0.01922
 Estimated FN rate  0.11
 No. of Cells in each cluster  {'4_2': 30, '7_2': 38, '5_2': 2, '6_3': 1, '2_3': 499, '2_2': 30}
 Cells in each cluster  {'4_2': [0, 1, 2, 3, 4, 5, 6, 7, 8, 9, 10, 11, 12, 13, 14, 15, 16, 17, 18, 19, 20, 21, 22, 23, 24, 25, 26, 27, 28, 29], '7_2': [30, 31, 32, 33, 34, 35, 36, 37, 38, 39, 40, 41, 42, 43, 44, 45, 46, 47, 48, 49, 50, 51, 52, 53, 54, 55, 56, 57, 58, 59, 60, 61, 62, 63, 64, 65, 66, 67], '5_2': [69, 70], '6_3': [584], '2_3': [148, 341, 408, 443, 551, 554, 129, 155, 162, 181, 195, 205, 254, 312, 321, 336, 368, 437, 439, 512, 535, 560, 576, 577, 598, 100, 101, 102, 104, 105, 106, 107, 108, 109, 110, 111, 112, 113, 114, 115, 116, 117, 118, 119, 120, 121, 122, 123, 124, 125, 126, 127, 131, 132, 133, 134, 135, 136, 137, 138, 139, 140, 141, 142, 144, 145, 146, 147, 149, 150, 151, 152, 153, 154, 156, 157, 158, 159, 160, 161, 163, 164, 165, 166, 167, 168, 169, 171, 172, 173, 174, 175, 176, 177, 178, 179, 180, 182, 183, 184, 185, 186, 187, 188, 189, 190, 191, 192, 193, 194, 196, 197, 198, 199, 200, 201, 202, 203, 204, 206, 207, 208, 209, 210, 211, 212, 213, 214, 215, 216, 217, 218, 219, 221, 222, 223, 224, 225, 226, 227, 228, 229, 230, 231, 232, 233, 235, 236, 237, 238, 239, 240, 241, 242, 245, 246, 247, 248, 249, 250, 251, 252, 253, 255, 256, 257, 258, 259, 260, 261, 262, 263, 264, 265, 266, 267, 268, 269, 270, 271, 272, 273, 274, 275, 276, 277, 278, 279, 280, 281, 282, 283, 284, 285, 286, 287, 288, 289, 290, 291, 292, 293, 294, 295, 296, 297, 298, 299, 300, 301, 302, 303, 304, 305, 306, 307, 308, 309, 310, 311, 313, 314, 315, 316, 317, 318, 319, 320, 322, 323, 324, 325, 326, 327, 328, 329, 330, 331, 332, 333, 334, 335, 337, 338, 339, 340, 342, 343, 344, 346, 347, 348, 349, 350, 351, 352, 353, 354, 355, 356, 357, 358, 359, 360, 361, 362, 363, 364, 365, 366, 367, 369, 370, 371, 372, 373, 374, 375, 376, 377, 378, 379, 380, 381, 382, 383, 384, 385, 386, 387, 388, 389, 390, 391, 392, 393, 394, 395, 396, 397, 398, 399, 400, 402, 403, 404, 405, 406, 407, 409, 410, 411, 412, 413, 414, 415, 416, 417, 418, 419, 420, 421, 422, 423, 424, 425, 426, 427, 428, 429, 430, 431, 432, 433, 434, 435, 436, 438, 440, 441, 442, 444, 445, 446, 447, 448, 449, 450, 451, 452, 453, 454, 455, 456, 457, 458, 459, 460, 461, 462, 463, 464, 465, 466, 467, 468, 469, 470, 471, 472, 473, 474, 475, 476, 477, 478, 479, 480, 481, 482, 483, 484, 485, 486, 487, 488, 489, 490, 491, 492, 493, 494, 495, 496, 497, 498, 499, 500, 501, 502, 503, 504, 505, 506, 507, 508, 509, 510, 511, 513, 514, 515, 516, 517, 518, 519, 520, 521, 522, 523, 524, 525, 526, 527, 528, 529, 530, 531, 532, 533, 534, 536, 537, 538, 539, 540, 541, 542, 543, 544, 545, 546, 547, 548, 549, 550, 552, 553, 555, 556, 557, 558, 559, 561, 562, 563, 564, 565, 566, 567, 568, 569, 570, 572, 573, 574, 575, 579, 580, 581, 582, 583, 585, 586, 587, 588, 589, 590, 592, 593, 594, 595, 596, 597, 599, 170, 234, 243, 401, 578, 103, 128, 130, 143, 220, 244, 345, 571, 591], '2_2': [86, 68, 71, 72, 73, 74, 75, 77, 78, 79, 80, 81, 82, 83, 84, 85, 87, 88, 89, 90, 92, 93, 94, 95, 96, 97, 98, 99, 76, 91]}
FP rate  0.01922 FN rate  0.11
 Before reassigning cells 
 Timepoint  2
 Cluster  4  # of cells  30
 Cluster  7  # of cells  38
 Cluster  5  # of cells  3
 Cluster  2  # of cells  29
 Timepoint  3
 Cluster  6  # of cells  1
 Cluster  2  # of cells  499
 Cells absent at timepoint  2   set()
 Cells absent at timepoint  3   set()
 Timepoint  2
 Timepoint  3
 After reassigning and merging cells 
 Timepoint  2
 Cluster  4  # of cells  30
 Cluster  7  # of cells  38
 Cluster  5  # of cells  3
 Cluster  2  # of cells  29
 Timepoint  3
 Cluster  6  # of cells  1
 Cluster  2  # of cells  499
 Tp cluster cell dict  {'4_2': 30, '7_2': 38, '5_2': 3, '2_2': 29, '6_3': 1, '2_3': 499}
 New Graph is here 
 ID  0  Timepoint  1  Mutations  []  Type  subclone
 ID  1  Timepoint  2  Mutations  [0, 1, 2, 3, 4, 5, 6, 7, 8, 9, 18]  Type  subclone
 ID  2  Timepoint  2  Mutations  [0, 1, 2, 3, 4, 5, 6, 7, 8, 9, 19, 20, 21, 22, 23, 24]  Type  subclone
 ID  3  Timepoint  2  Mutations  [7, 10, 11, 12, 13, 14, 15, 16, 17, 25, 26, 27]  Type  subclone
 ID  4  Timepoint  2  Mutations  [10, 11, 12, 13, 14, 15, 16, 17, 28, 29, 30, 31]  Type  subclone
 ID  5  Timepoint  3  Mutations  [1, 7, 10, 13, 14, 16, 21, 22, 23, 27, 28, 30, 31]  Type  subclone
 ID  6  Timepoint  3  Mutations  [10, 11, 12, 13, 14, 15, 16, 17, 28, 29, 30, 31]  Type  subclone
Timepoints  SortedDict({1: [0], 2: [1, 2, 3, 4], 3: [5, 6]})
 Clone to nodes  {'4_2': 1, '7_2': 2, '5_2': 3, '2_2': 4, '6_3': 5, '2_3': 6}
 Timepoint ====  1
 Hash table  {'0,1': [0, 1, 2, 3, 4, 5, 6, 8, 9], '0,1,2': [7], '0': [18], '1': [19, 20, 21, 22, 23, 24], '2,3': [10, 11, 12, 13, 14, 15, 16, 17], '2': [25, 26, 27], '3': [28, 29, 30, 31]}
 Final possible usc  [[0, 1, 2, 3, 4, 5, 6, 8, 9], [7], [18], [19, 20, 21, 22, 23, 24], [10, 11, 12, 13, 14, 15, 16, 17], [25, 26, 27], [28, 29, 30, 31]]
 Time  1  USC keys  {'7_0', '18_0', '28,29,30,31_0', '19,20,21,22,23,24_0', '25,26,27_0', '0,1,2,3,4,5,6,8,9_0', '10,11,12,13,14,15,16,17_0'}
 USC children  {'0,1,2,3,4,5,6,8,9_0': [1, 2], '7_0': [1, 2, 3], '18_0': [1], '19,20,21,22,23,24_0': [2], '10,11,12,13,14,15,16,17_0': [3, 4], '25,26,27_0': [3], '28,29,30,31_0': [4]}
 USC children  {'0,1,2,3,4,5,6,8,9_0': [1, 2], '7_0': [1, 2, 3], '18_0': [1], '19,20,21,22,23,24_0': [2], '10,11,12,13,14,15,16,17_0': [3, 4], '25,26,27_0': [3], '28,29,30,31_0': [4]}
 Timepoint ====  2
 Hash table  {'0': [1, 7, 10, 13, 14, 16, 21, 22, 23, 27, 28, 30, 31]}
====== Inside find superset of t nodes ==========
 Final possible usc  []
 Time  2  USC keys  set()
 USC children  {'0,1,2,3,4,5,6,8,9_0': [1, 2], '7_0': [1, 2, 3], '18_0': [1], '19,20,21,22,23,24_0': [2], '10,11,12,13,14,15,16,17_0': [3, 4], '25,26,27_0': [3], '28,29,30,31_0': [4]}
 USC children  {'0,1,2,3,4,5,6,8,9_0': [1, 2], '7_0': [1, 2, 3], '18_0': [1], '19,20,21,22,23,24_0': [2], '10,11,12,13,14,15,16,17_0': [3, 4], '25,26,27_0': [3], '28,29,30,31_0': [4]}
 Node s  {'1,2,3': ['7'], '3,4': ['10', '11', '12', '13', '14', '15', '16', '17']}
 Enroll USC nodes  ['1', '2', '3']  len  3
 Enroll USC nodes  ['3', '4']  len  2
 Node TP  SortedDict({1: [0], 2: [1, 2, 3, 4], 3: [5, 6]})
 Unobserved subclones at timepoints  {1.5: [7, 8]}
 ============== Inside finding node v ============ 
 Time  2
 Time  3
 largest_v_mut  []
 Sorted all timepoints  [1, 1.5, 2, 3]
 Timepoint  2
 Inside usc_node check  2
 Timepoint  3
 Node  5  has no parent 
 USC nodes  []
 Node with minimum mutation sets  {1: 9, 2: 11, 3: 6, 4: 5}
0   1   [-1]   subclone   []   []
1   2   [7]   subclone   [0, 1, 2, 3, 4, 5, 6, 7, 8, 9, 18]   [10]
2   2   [7]   subclone   [0, 1, 2, 3, 4, 5, 6, 7, 8, 9, 19, 20, 21, 22, 23, 24]   [15]
3   2   [7]   subclone   [7, 10, 11, 12, 13, 14, 15, 16, 17, 25, 26, 27]   [11, 4]
4   2   [8]   subclone   [10, 11, 12, 13, 14, 15, 16, 17, 28, 29, 30, 31]   [4]
5   3   [4]   subclone   [1, 7, 10, 13, 14, 16, 21, 22, 23, 27, 28, 30, 31]   [6]
6   3   [4]   subclone   [10, 11, 12, 13, 14, 15, 16, 17, 28, 29, 30, 31]   [0]
7   1.5   [0]   unobserved subclone   [7]   [1]
8   1.5   [0]   unobserved subclone   [10, 11, 12, 13, 14, 15, 16, 17]   [8]
9
 Total estimated FP  95  True negatives  9412
 Total estimated FN  1161  True positives  4692
 Estimated FP rate  0.01985
 Estimated FN rate  0.11
 No. of Cells in each cluster  {'4_2': 30, '7_2': 38, '5_2': 2, '8_3': 5, '6_3': 1, '0_2': 30, '0_3': 494}
 Cells in each cluster  {'4_2': [0, 1, 2, 3, 4, 5, 6, 7, 8, 9, 10, 11, 12, 13, 14, 15, 16, 17, 18, 19, 20, 21, 22, 23, 24, 25, 26, 27, 28, 29], '7_2': [30, 31, 32, 33, 34, 35, 36, 37, 38, 39, 40, 41, 42, 43, 44, 45, 46, 47, 48, 49, 50, 51, 52, 53, 54, 55, 56, 57, 58, 59, 60, 61, 62, 63, 64, 65, 66, 67], '5_2': [69, 70], '8_3': [170, 234, 243, 401, 578], '6_3': [584], '0_2': [76, 91, 86, 75, 96, 68, 71, 72, 73, 74, 77, 78, 79, 80, 81, 82, 83, 84, 85, 87, 88, 89, 90, 92, 93, 94, 95, 97, 98, 99], '0_3': [103, 128, 130, 143, 220, 244, 345, 571, 591, 127, 162, 226, 253, 341, 368, 378, 554, 595, 116, 124, 125, 131, 155, 179, 181, 195, 211, 215, 221, 254, 279, 309, 321, 330, 336, 340, 357, 367, 375, 414, 437, 439, 480, 492, 512, 535, 576, 577, 598, 100, 101, 102, 104, 105, 106, 107, 108, 109, 110, 111, 112, 113, 114, 115, 117, 118, 119, 120, 121, 122, 123, 126, 129, 132, 133, 134, 135, 136, 137, 138, 139, 140, 141, 142, 144, 145, 146, 147, 148, 149, 150, 151, 152, 153, 154, 156, 157, 158, 159, 160, 161, 163, 164, 165, 166, 167, 168, 169, 171, 172, 173, 174, 175, 176, 177, 178, 180, 182, 183, 184, 185, 186, 187, 188, 189, 190, 191, 192, 193, 194, 196, 197, 198, 199, 200, 201, 202, 203, 204, 205, 206, 207, 208, 209, 210, 212, 213, 214, 216, 217, 218, 219, 222, 223, 224, 225, 227, 228, 229, 230, 231, 232, 233, 235, 236, 237, 238, 239, 240, 241, 242, 245, 246, 247, 248, 249, 250, 251, 252, 255, 256, 257, 258, 259, 260, 261, 262, 263, 264, 265, 266, 267, 268, 269, 270, 271, 272, 273, 274, 275, 276, 277, 278, 280, 281, 282, 283, 284, 285, 286, 287, 288, 289, 290, 291, 292, 293, 294, 295, 296, 297, 298, 299, 300, 301, 302, 303, 304, 305, 306, 307, 308, 310, 311, 312, 313, 314, 315, 316, 317, 318, 319, 320, 322, 323, 324, 325, 326, 327, 328, 329, 331, 332, 333, 334, 335, 337, 338, 339, 342, 343, 344, 346, 347, 348, 349, 350, 351, 352, 353, 354, 355, 356, 358, 359, 360, 361, 362, 363, 364, 365, 366, 369, 370, 371, 372, 373, 374, 376, 377, 379, 380, 381, 382, 383, 384, 385, 386, 387, 388, 389, 390, 391, 392, 393, 394, 395, 396, 397, 398, 399, 400, 402, 403, 404, 405, 406, 407, 408, 409, 410, 411, 412, 413, 415, 416, 417, 418, 419, 420, 421, 422, 423, 424, 425, 426, 427, 428, 429, 430, 431, 432, 433, 434, 435, 436, 438, 440, 441, 442, 443, 444, 445, 446, 447, 448, 449, 450, 451, 452, 453, 454, 455, 456, 457, 458, 459, 460, 461, 462, 463, 464, 465, 466, 467, 468, 469, 470, 471, 472, 473, 474, 475, 476, 477, 478, 479, 481, 482, 483, 484, 485, 486, 487, 488, 489, 490, 491, 493, 494, 495, 496, 497, 498, 499, 500, 501, 502, 503, 504, 505, 506, 507, 508, 509, 510, 511, 513, 514, 515, 516, 517, 518, 519, 520, 521, 522, 523, 524, 525, 526, 527, 528, 529, 530, 531, 532, 533, 534, 536, 537, 538, 539, 540, 541, 542, 543, 544, 545, 546, 547, 548, 549, 550, 551, 552, 553, 555, 556, 557, 558, 559, 560, 561, 562, 563, 564, 565, 566, 567, 568, 569, 570, 572, 573, 574, 575, 579, 580, 581, 582, 583, 585, 586, 587, 588, 589, 590, 592, 593, 594, 596, 597, 599]}
FP rate  0.01985 FN rate  0.11
 Before reassigning cells 
 Timepoint  2
 Cluster  4  # of cells  30
 Cluster  7  # of cells  38
 Cluster  5  # of cells  4
 Cluster  0  # of cells  28
 Timepoint  3
 Cluster  8  # of cells  19
 Cluster  6  # of cells  2
 Cluster  0  # of cells  475
 Cells absent at timepoint  2   set()
 Cells absent at timepoint  3   {344, 249, 402, 554}
 Missing cell prob  {'8': 0.0006059248863564522, '6': 1.9102478398476566e-08, '0': 0.0006059248863564522}
 Missing cell prob  {'8': 8.836373917059518e-05, '6': 6.21320261958023e-11, '0': 8.836373917059517e-05}
 Missing cell prob  {'8': 0.04368335345887821, '6': 1.734551423215237e-08, '0': 0.043683353458878194}
 Missing cell prob  {'8': 1.5166641993679175e-06, '6': 1.5166641993679181e-06, '0': 1.7021176547515275e-07}
 Timepoint  2
 Timepoint  3
SortedDict({2: {'4': ['0', '1', '2', '3', '4', '5', '6', '7', '8', '9', '10', '11', '12', '13', '14', '15', '16', '17', '18', '19', '20', '21', '22', '23', '24', '25', '26', '27', '28', '29'], '7': ['30', '31', '32', '33', '34', '35', '36', '37', '38', '39', '40', '41', '42', '43', '44', '45', '46', '47', '48', '49', '50', '51', '52', '53', '54', '55', '56', '57', '58', '59', '60', '61', '62', '63', '64', '65', '66', '67'], '5': ['68', '69', '70', '84'], '0': ['71', '72', '73', '74', '75', '76', '77', '78', '79', '80', '81', '82', '83', '85', '86', '87', '88', '89', '90', '91', '92', '93', '94', '95', '96', '97', '98', '99']}, 3: {'8': ['125', '181', '234', '243', '298', '321', '322', '340', '357', '387', '401', '413', '439', '458', '535', '537', '577', '578', '592', '344', '249', '402'], '6': ['130', '584', '554'], '0': ['100', '101', '102', '103', '104', '105', '106', '107', '108', '109', '110', '111', '112', '113', '114', '115', '116', '117', '118', '119', '120', '121', '122', '123', '124', '126', '127', '128', '129', '131', '132', '133', '134', '135', '136', '137', '138', '139', '140', '141', '142', '143', '144', '145', '146', '147', '148', '149', '150', '151', '152', '153', '154', '155', '156', '157', '158', '159', '160', '161', '162', '163', '164', '165', '166', '167', '168', '169', '170', '171', '172', '173', '174', '175', '176', '177', '178', '179', '180', '182', '183', '184', '185', '186', '187', '188', '189', '190', '191', '192', '193', '194', '195', '196', '197', '198', '199', '200', '201', '202', '203', '204', '205', '206', '207', '208', '209', '210', '211', '212', '213', '214', '215', '216', '217', '218', '219', '220', '221', '222', '223', '224', '225', '226', '227', '228', '229', '230', '231', '232', '233', '235', '236', '237', '238', '239', '240', '241', '242', '244', '245', '246', '247', '248', '250', '251', '252', '253', '254', '255', '256', '257', '258', '259', '260', '261', '262', '263', '264', '265', '266', '267', '268', '269', '270', '271', '272', '273', '274', '275', '276', '277', '278', '279', '280', '281', '282', '283', '284', '285', '286', '287', '288', '289', '290', '291', '292', '293', '294', '295', '296', '297', '299', '300', '301', '302', '303', '304', '305', '306', '307', '308', '309', '310', '311', '312', '313', '314', '315', '316', '317', '318', '319', '320', '323', '324', '325', '326', '327', '328', '329', '330', '331', '332', '333', '334', '335', '336', '337', '338', '339', '341', '342', '343', '345', '346', '347', '348', '349', '350', '351', '352', '353', '354', '355', '356', '358', '359', '360', '361', '362', '363', '364', '365', '366', '367', '368', '369', '370', '371', '372', '373', '374', '375', '376', '377', '378', '379', '380', '381', '382', '383', '384', '385', '386', '388', '389', '390', '391', '392', '393', '394', '395', '396', '397', '398', '399', '400', '403', '404', '405', '406', '407', '408', '409', '410', '411', '412', '414', '415', '416', '417', '418', '419', '420', '421', '422', '423', '424', '425', '426', '427', '428', '429', '430', '431', '432', '433', '434', '435', '436', '437', '438', '440', '441', '442', '443', '444', '445', '446', '447', '448', '449', '450', '451', '452', '453', '454', '455', '456', '457', '459', '460', '461', '462', '463', '464', '465', '466', '467', '468', '469', '470', '471', '472', '473', '474', '475', '476', '477', '478', '479', '480', '481', '482', '483', '484', '485', '486', '487', '488', '489', '490', '491', '492', '493', '494', '495', '496', '497', '498', '499', '500', '501', '502', '503', '504', '505', '506', '507', '508', '509', '510', '511', '512', '513', '514', '515', '516', '517', '518', '519', '520', '521', '522', '523', '524', '525', '526', '527', '528', '529', '530', '531', '532', '533', '534', '536', '538', '539', '540', '541', '542', '543', '544', '545', '546', '547', '548', '549', '550', '551', '552', '553', '555', '556', '557', '558', '559', '560', '561', '562', '563', '564', '565', '566', '567', '568', '569', '570', '571', '572', '573', '574', '575', '576', '579', '580', '581', '582', '583', '585', '586', '587', '588', '589', '590', '591', '593', '594', '595', '596', '597', '598', '599']}})
 Cluster1  8
SortedDict({2: {'4': ['0', '1', '2', '3', '4', '5', '6', '7', '8', '9', '10', '11', '12', '13', '14', '15', '16', '17', '18', '19', '20', '21', '22', '23', '24', '25', '26', '27', '28', '29'], '7': ['30', '31', '32', '33', '34', '35', '36', '37', '38', '39', '40', '41', '42', '43', '44', '45', '46', '47', '48', '49', '50', '51', '52', '53', '54', '55', '56', '57', '58', '59', '60', '61', '62', '63', '64', '65', '66', '67'], '5': ['68', '69', '70', '84'], '0': ['71', '72', '73', '74', '75', '76', '77', '78', '79', '80', '81', '82', '83', '85', '86', '87', '88', '89', '90', '91', '92', '93', '94', '95', '96', '97', '98', '99']}, 3: {'8': ['125', '181', '234', '243', '298', '321', '322', '340', '357', '387', '401', '413', '439', '458', '535', '537', '577', '578', '592', '344', '249', '402', '130', '584', '554'], '6': ['130', '584', '554'], '0': ['100', '101', '102', '103', '104', '105', '106', '107', '108', '109', '110', '111', '112', '113', '114', '115', '116', '117', '118', '119', '120', '121', '122', '123', '124', '126', '127', '128', '129', '131', '132', '133', '134', '135', '136', '137', '138', '139', '140', '141', '142', '143', '144', '145', '146', '147', '148', '149', '150', '151', '152', '153', '154', '155', '156', '157', '158', '159', '160', '161', '162', '163', '164', '165', '166', '167', '168', '169', '170', '171', '172', '173', '174', '175', '176', '177', '178', '179', '180', '182', '183', '184', '185', '186', '187', '188', '189', '190', '191', '192', '193', '194', '195', '196', '197', '198', '199', '200', '201', '202', '203', '204', '205', '206', '207', '208', '209', '210', '211', '212', '213', '214', '215', '216', '217', '218', '219', '220', '221', '222', '223', '224', '225', '226', '227', '228', '229', '230', '231', '232', '233', '235', '236', '237', '238', '239', '240', '241', '242', '244', '245', '246', '247', '248', '250', '251', '252', '253', '254', '255', '256', '257', '258', '259', '260', '261', '262', '263', '264', '265', '266', '267', '268', '269', '270', '271', '272', '273', '274', '275', '276', '277', '278', '279', '280', '281', '282', '283', '284', '285', '286', '287', '288', '289', '290', '291', '292', '293', '294', '295', '296', '297', '299', '300', '301', '302', '303', '304', '305', '306', '307', '308', '309', '310', '311', '312', '313', '314', '315', '316', '317', '318', '319', '320', '323', '324', '325', '326', '327', '328', '329', '330', '331', '332', '333', '334', '335', '336', '337', '338', '339', '341', '342', '343', '345', '346', '347', '348', '349', '350', '351', '352', '353', '354', '355', '356', '358', '359', '360', '361', '362', '363', '364', '365', '366', '367', '368', '369', '370', '371', '372', '373', '374', '375', '376', '377', '378', '379', '380', '381', '382', '383', '384', '385', '386', '388', '389', '390', '391', '392', '393', '394', '395', '396', '397', '398', '399', '400', '403', '404', '405', '406', '407', '408', '409', '410', '411', '412', '414', '415', '416', '417', '418', '419', '420', '421', '422', '423', '424', '425', '426', '427', '428', '429', '430', '431', '432', '433', '434', '435', '436', '437', '438', '440', '441', '442', '443', '444', '445', '446', '447', '448', '449', '450', '451', '452', '453', '454', '455', '456', '457', '459', '460', '461', '462', '463', '464', '465', '466', '467', '468', '469', '470', '471', '472', '473', '474', '475', '476', '477', '478', '479', '480', '481', '482', '483', '484', '485', '486', '487', '488', '489', '490', '491', '492', '493', '494', '495', '496', '497', '498', '499', '500', '501', '502', '503', '504', '505', '506', '507', '508', '509', '510', '511', '512', '513', '514', '515', '516', '517', '518', '519', '520', '521', '522', '523', '524', '525', '526', '527', '528', '529', '530', '531', '532', '533', '534', '536', '538', '539', '540', '541', '542', '543', '544', '545', '546', '547', '548', '549', '550', '551', '552', '553', '555', '556', '557', '558', '559', '560', '561', '562', '563', '564', '565', '566', '567', '568', '569', '570', '571', '572', '573', '574', '575', '576', '579', '580', '581', '582', '583', '585', '586', '587', '588', '589', '590', '591', '593', '594', '595', '596', '597', '598', '599']}})
 Cluster1  8
 Cluster to drop  6
 Cluster to drop  0
 After reassigning and merging cells 
 Timepoint  2
 Cluster  4  # of cells  30
 Cluster  7  # of cells  38
 Cluster  5  # of cells  4
 Cluster  0  # of cells  28
 Timepoint  3
 Cluster  8  # of cells  500
 Tp cluster cell dict  {'4_2': 30, '7_2': 38, '5_2': 4, '0_2': 28, '8_3': 500}
 New Graph is here 
 ID  0  Timepoint  1  Mutations  []  Type  subclone
 ID  1  Timepoint  2  Mutations  [0, 1, 2, 3, 4, 5, 6, 7, 8, 9, 18]  Type  subclone
 ID  2  Timepoint  2  Mutations  [0, 1, 2, 3, 4, 5, 6, 7, 8, 9, 19, 20, 21, 22, 23, 24]  Type  subclone
 ID  3  Timepoint  2  Mutations  [10, 11, 12, 13, 14, 15, 16, 17, 25, 26, 27, 28, 29, 30, 31]  Type  subclone
 ID  4  Timepoint  2  Mutations  [10, 11, 12, 13, 14, 15, 16, 17, 28, 29, 30, 31]  Type  subclone
 ID  5  Timepoint  3  Mutations  [10, 11, 12, 13, 14, 15, 16, 17, 28, 29, 30, 31]  Type  subclone
Timepoints  SortedDict({1: [0], 2: [1, 2, 3, 4], 3: [5]})
 Clone to nodes  {'4_2': 1, '7_2': 2, '5_2': 3, '0_2': 4, '8_3': 5}
 Timepoint ====  1
 Hash table  {'0,1': [0, 1, 2, 3, 4, 5, 6, 7, 8, 9], '0': [18], '1': [19, 20, 21, 22, 23, 24], '2,3': [10, 11, 12, 13, 14, 15, 16, 17, 28, 29, 30, 31], '2': [25, 26, 27]}
 Final possible usc  [[0, 1, 2, 3, 4, 5, 6, 7, 8, 9], [18], [19, 20, 21, 22, 23, 24], [10, 11, 12, 13, 14, 15, 16, 17, 28, 29, 30, 31], [25, 26, 27]]
 Time  1  USC keys  {'25,26,27_0', '10,11,12,13,14,15,16,17,28,29,30,31_0', '0,1,2,3,4,5,6,7,8,9_0', '19,20,21,22,23,24_0', '18_0'}
 USC children  {'0,1,2,3,4,5,6,7,8,9_0': [1, 2], '18_0': [1], '19,20,21,22,23,24_0': [2], '10,11,12,13,14,15,16,17,28,29,30,31_0': [3, 4], '25,26,27_0': [3]}
 USC children  {'0,1,2,3,4,5,6,7,8,9_0': [1, 2], '18_0': [1], '19,20,21,22,23,24_0': [2], '10,11,12,13,14,15,16,17,28,29,30,31_0': [3, 4], '25,26,27_0': [3]}
 Timepoint ====  2
 Hash table  {}
====== Inside find superset of t nodes ==========
 Final possible usc  []
 Time  2  USC keys  set()
 USC children  {'0,1,2,3,4,5,6,7,8,9_0': [1, 2], '18_0': [1], '19,20,21,22,23,24_0': [2], '10,11,12,13,14,15,16,17,28,29,30,31_0': [3, 4], '25,26,27_0': [3]}
 USC children  {'0,1,2,3,4,5,6,7,8,9_0': [1, 2], '18_0': [1], '19,20,21,22,23,24_0': [2], '10,11,12,13,14,15,16,17,28,29,30,31_0': [3, 4], '25,26,27_0': [3]}
 Node s  {'1,2': ['0', '1', '2', '3', '4', '5', '6', '7', '8', '9'], '3,4': ['10', '11', '12', '13', '14', '15', '16', '17', '28', '29', '30', '31']}
 Enroll USC nodes  ['1', '2']  len  2
 Enroll USC nodes  ['3', '4']  len  2
 Node TP  SortedDict({1: [0], 2: [1, 2, 3, 4], 3: [5]})
 Unobserved subclones at timepoints  {1.5: [6, 7]}
 ============== Inside finding node v ============ 
 Time  2
 Time  3
 Sorted all timepoints  [1, 1.5, 2, 3]
 Timepoint  2
 Inside usc_node check  2
 Timepoint  3
0   1   [-1]   subclone   []   []
1   2   [6]   subclone   [0, 1, 2, 3, 4, 5, 6, 7, 8, 9, 18]   [1]
2   2   [6]   subclone   [0, 1, 2, 3, 4, 5, 6, 7, 8, 9, 19, 20, 21, 22, 23, 24]   [6]
3   2   [7]   subclone   [10, 11, 12, 13, 14, 15, 16, 17, 25, 26, 27, 28, 29, 30, 31]   [3]
4   2   [7]   subclone   [10, 11, 12, 13, 14, 15, 16, 17, 28, 29, 30, 31]   [0]
5   3   [4]   subclone   [10, 11, 12, 13, 14, 15, 16, 17, 28, 29, 30, 31]   [0]
6   1.5   [0]   unobserved subclone   [0, 1, 2, 3, 4, 5, 6, 7, 8, 9]   [10]
7   1.5   [0]   unobserved subclone   [10, 11, 12, 13, 14, 15, 16, 17, 28, 29, 30, 31]   [12]
10
 Total estimated FP  88  True negatives  9403
 Total estimated FN  1170  True positives  4699
 Estimated FP rate  0.01838
 Estimated FN rate  0.11
 No. of Cells in each cluster  {'9_2': 30, '7_2': 38, '5_2': 2, '4_3': 5, '8_3': 2, '6_3': 493, '6_2': 30}
 Cells in each cluster  {'9_2': [0, 1, 2, 3, 4, 5, 6, 7, 8, 9, 10, 11, 12, 13, 14, 15, 16, 17, 18, 19, 20, 21, 22, 23, 24, 25, 26, 27, 28, 29], '7_2': [30, 31, 32, 33, 34, 35, 36, 37, 38, 39, 40, 41, 42, 43, 44, 45, 46, 47, 48, 49, 50, 51, 52, 53, 54, 55, 56, 57, 58, 59, 60, 61, 62, 63, 64, 65, 66, 67], '5_2': [69, 70], '4_3': [170, 234, 243, 401, 578], '8_3': [341, 554], '6_3': [211, 214, 215, 309, 322, 416, 430, 447, 516, 540, 584, 195, 254, 321, 437, 512, 535, 124, 125, 129, 145, 152, 155, 162, 181, 191, 202, 205, 275, 279, 312, 336, 340, 347, 362, 368, 375, 378, 400, 439, 514, 558, 576, 577, 581, 597, 598, 100, 101, 102, 104, 105, 106, 107, 108, 109, 110, 111, 112, 113, 114, 115, 116, 117, 118, 119, 120, 121, 122, 123, 126, 127, 131, 132, 133, 134, 135, 136, 137, 138, 139, 140, 141, 142, 144, 146, 147, 148, 149, 150, 151, 153, 154, 156, 157, 158, 159, 160, 161, 163, 164, 165, 166, 167, 168, 169, 171, 172, 173, 174, 175, 176, 177, 178, 179, 180, 182, 183, 184, 185, 186, 187, 188, 189, 190, 192, 193, 194, 196, 197, 198, 199, 200, 201, 203, 204, 206, 207, 208, 209, 210, 212, 213, 216, 217, 218, 219, 221, 222, 223, 224, 225, 226, 227, 228, 229, 230, 231, 232, 233, 235, 236, 237, 238, 239, 240, 241, 242, 245, 246, 247, 248, 249, 250, 251, 252, 253, 255, 256, 257, 258, 259, 260, 261, 262, 263, 264, 265, 266, 267, 268, 269, 270, 271, 272, 273, 274, 276, 277, 278, 280, 281, 282, 283, 284, 285, 286, 287, 288, 289, 290, 291, 292, 293, 294, 295, 296, 297, 298, 299, 300, 301, 302, 303, 304, 305, 306, 307, 308, 310, 311, 313, 314, 315, 316, 317, 318, 319, 320, 323, 324, 325, 326, 327, 328, 329, 330, 331, 332, 333, 334, 335, 337, 338, 339, 342, 343, 344, 346, 348, 349, 350, 351, 352, 353, 354, 355, 356, 357, 358, 359, 360, 361, 363, 364, 365, 366, 367, 369, 370, 371, 372, 373, 374, 376, 377, 379, 380, 381, 382, 383, 384, 385, 386, 387, 388, 389, 390, 391, 392, 393, 394, 395, 396, 397, 398, 399, 402, 403, 404, 405, 406, 407, 408, 409, 410, 411, 412, 413, 414, 415, 417, 418, 419, 420, 421, 422, 423, 424, 425, 426, 427, 428, 429, 431, 432, 433, 434, 435, 436, 438, 440, 441, 442, 443, 444, 445, 446, 448, 449, 450, 451, 452, 453, 454, 455, 456, 457, 458, 459, 460, 461, 462, 463, 464, 465, 466, 467, 468, 469, 470, 471, 472, 473, 474, 475, 476, 477, 478, 479, 480, 481, 482, 483, 484, 485, 486, 487, 488, 489, 490, 491, 492, 493, 494, 495, 496, 498, 499, 500, 501, 502, 503, 504, 505, 506, 507, 508, 509, 510, 511, 513, 515, 517, 518, 519, 520, 521, 523, 524, 525, 526, 527, 528, 529, 530, 531, 534, 536, 537, 538, 539, 541, 542, 543, 544, 545, 546, 547, 548, 549, 550, 551, 552, 553, 555, 556, 557, 559, 560, 561, 562, 563, 564, 565, 566, 567, 568, 569, 570, 572, 573, 574, 579, 580, 582, 583, 585, 586, 587, 589, 590, 592, 593, 594, 595, 596, 599, 103, 128, 130, 143, 220, 244, 345, 497, 522, 532, 533, 571, 575, 588, 591], '6_2': [72, 86, 94, 96, 68, 71, 73, 74, 75, 77, 78, 79, 80, 81, 82, 83, 84, 85, 87, 88, 90, 92, 93, 95, 97, 98, 99, 76, 89, 91]}
FP rate  0.01838 FN rate  0.11
 Before reassigning cells 
 Timepoint  2
 Cluster  9  # of cells  30
 Cluster  7  # of cells  38
 Cluster  5  # of cells  3
 Cluster  6  # of cells  29
 Timepoint  3
 Cluster  4  # of cells  7
 Cluster  8  # of cells  10
 Cluster  6  # of cells  455
 Cells absent at timepoint  2   set()
 Cells absent at timepoint  3   {130, 514, 149, 535, 157, 414, 170, 308, 181, 439, 317, 577, 194, 322, 327, 591, 592, 215, 218, 348, 350, 367, 368, 500, 121, 378, 253, 510}
 Missing cell prob  {'8': 1.4943768214186727e-07, '4': 7.2361010395136985e-06, '6': 7.2361010395136985e-06}
 Missing cell prob  {'8': 3.8433352576986614e-10, '4': 0.0034749070739234387, '6': 0.00347490707392344}
 Missing cell prob  {'8': 0.0042271725770525416, '4': 2.2639120600390565e-08, '6': 0.0042271725770525416}
 Missing cell prob  {'8': 8.803642177468555e-14, '4': 1.8420528859605488e-09, '6': 1.842052885960548e-09}
 Missing cell prob  {'8': 2.349485430975695e-08, '4': 0.004386955023258982, '6': 0.004386955023258981}
 Missing cell prob  {'8': 4.7501896443466596e-11, '4': 0.0004294828967770544, '6': 0.0004294828967770544}
 Missing cell prob  {'8': 6.287004681248625e-12, '4': 6.369832255487854e-06, '6': 6.369832255487853e-06}
 Missing cell prob  {'8': 8.107390255649698e-11, '4': 0.003977496353681154, '6': 0.0039774963536811534}
 Missing cell prob  {'8': 2.7980935573516427e-09, '4': 7.351915681636885e-07, '6': 7.351915681636887e-07}
 Missing cell prob  {'8': 2.0319195840831715e-07, '4': 8.780145824976123e-05, '6': 8.780145824976128e-05}
 Missing cell prob  {'8': 3.693902174637993e-09, '4': 0.0037425671545631414, '6': 0.0037425671545631405}
 Missing cell prob  {'8': 2.3494854309756947e-08, '4': 5.5088602536579575e-05, '6': 5.5088602536579595e-05}
 Missing cell prob  {'8': 3.6939021746379944e-09, '4': 0.03339798882056609, '6': 0.03339798882056609}
 Missing cell prob  {'8': 1.6391521618872562e-13, '4': 7.176268766147508e-05, '6': 7.176268766147511e-05}
 Missing cell prob  {'8': 1.0592599018681392e-13, '4': 4.6374790124772115e-05, '6': 4.637479012477214e-05}
 Missing cell prob  {'8': 5.996957005866254e-11, '4': 6.075963373253622e-05, '6': 6.0759633732536235e-05}
 Missing cell prob  {'8': 1.793455461800449e-06, '4': 0.004205131634340608, '6': 0.004205131634340609}
 Missing cell prob  {'8': 1.6006349142163518e-13, '4': 7.007638831815828e-05, '6': 7.00763883181583e-05}
 Missing cell prob  {'8': 0.005747730171870733, '4': 1.3301516550018837e-05, '6': 0.005747730171870734}
 Missing cell prob  {'8': 0.0005322421425758011, '4': 2.8504854804829183e-09, '6': 0.0005322421425758011}
 Missing cell prob  {'8': 3.925776565575752e-09, '4': 0.0039774963536811534, '6': 0.003977496353681153}
 Missing cell prob  {'8': 1.7235214236538928e-07, '4': 7.44752378523865e-05, '6': 7.447523785238649e-05}
 Missing cell prob  {'8': 1.4943768214186727e-07, '4': 7.2361010395137e-06, '6': 7.2361010395137e-06}
 Missing cell prob  {'8': 2.6893006160828094e-08, '4': 0.005021457333267456, '6': 0.005021457333267456}
 Missing cell prob  {'8': 3.287572935427815e-09, '4': 0.029724210050303835, '6': 0.029724210050303835}
 Missing cell prob  {'8': 3.366684205502809e-09, '4': 0.0003822397781315784, '6': 0.0003822397781315784}
 Missing cell prob  {'8': 1.4865849763235058e-07, '4': 6.423695590900309e-05, '6': 6.42369559090031e-05}
 Missing cell prob  {'8': 0.0406281547873458, '4': 1.0536131259269923e-05, '6': 0.0406281547873458}
 Timepoint  2
 Timepoint  3
SortedDict({2: {'9': ['0', '1', '2', '3', '4', '5', '6', '7', '8', '9', '10', '11', '12', '13', '14', '15', '16', '17', '18', '19', '20', '21', '22', '23', '24', '25', '26', '27', '28', '29'], '7': ['30', '31', '32', '33', '34', '35', '36', '37', '38', '39', '40', '41', '42', '43', '44', '45', '46', '47', '48', '49', '50', '51', '52', '53', '54', '55', '56', '57', '58', '59', '60', '61', '62', '63', '64', '65', '66', '67'], '5': ['68', '69', '70'], '6': ['71', '72', '73', '74', '75', '76', '77', '78', '79', '80', '81', '82', '83', '84', '85', '86', '87', '88', '89', '90', '91', '92', '93', '94', '95', '96', '97', '98', '99']}, 3: {'4': ['112', '125', '234', '243', '401', '413', '578', '130', '535', '157', '414', '170', '308', '317', '194', '350', '367', '368', '500', '121', '378'], '8': ['162', '188', '250', '341', '344', '398', '515', '531', '537', '554', '149', '348', '510'], '6': ['100', '101', '102', '103', '104', '105', '106', '107', '108', '109', '110', '111', '113', '114', '115', '116', '117', '118', '119', '120', '122', '123', '124', '126', '127', '128', '129', '131', '132', '133', '134', '135', '136', '137', '138', '139', '140', '141', '142', '143', '144', '145', '146', '147', '148', '150', '151', '152', '153', '154', '155', '156', '158', '159', '160', '161', '163', '164', '165', '166', '167', '168', '169', '171', '172', '173', '174', '175', '176', '177', '178', '179', '180', '182', '183', '184', '185', '186', '187', '189', '190', '191', '192', '193', '195', '196', '197', '198', '199', '200', '201', '202', '203', '204', '205', '206', '207', '208', '209', '210', '211', '212', '213', '214', '216', '217', '219', '220', '221', '222', '223', '224', '225', '226', '227', '228', '229', '230', '231', '232', '233', '235', '236', '237', '238', '239', '240', '241', '242', '244', '245', '246', '247', '248', '249', '251', '252', '254', '255', '256', '257', '258', '259', '260', '261', '262', '263', '264', '265', '266', '267', '268', '269', '270', '271', '272', '273', '274', '275', '276', '277', '278', '279', '280', '281', '282', '283', '284', '285', '286', '287', '288', '289', '290', '291', '292', '293', '294', '295', '296', '297', '298', '299', '300', '301', '302', '303', '304', '305', '306', '307', '309', '310', '311', '312', '313', '314', '315', '316', '318', '319', '320', '321', '323', '324', '325', '326', '328', '329', '330', '331', '332', '333', '334', '335', '336', '337', '338', '339', '340', '342', '343', '345', '346', '347', '349', '351', '352', '353', '354', '355', '356', '357', '358', '359', '360', '361', '362', '363', '364', '365', '366', '369', '370', '371', '372', '373', '374', '375', '376', '377', '379', '380', '381', '382', '383', '384', '385', '386', '387', '388', '389', '390', '391', '392', '393', '394', '395', '396', '397', '399', '400', '402', '403', '404', '405', '406', '407', '408', '409', '410', '411', '412', '415', '416', '417', '418', '419', '420', '421', '422', '423', '424', '425', '426', '427', '428', '429', '430', '431', '432', '433', '434', '435', '436', '437', '438', '440', '441', '442', '443', '444', '445', '446', '447', '448', '449', '450', '451', '452', '453', '454', '455', '456', '457', '458', '459', '460', '461', '462', '463', '464', '465', '466', '467', '468', '469', '470', '471', '472', '473', '474', '475', '476', '477', '478', '479', '480', '481', '482', '483', '484', '485', '486', '487', '488', '489', '490', '491', '492', '493', '494', '495', '496', '497', '498', '499', '501', '502', '503', '504', '505', '506', '507', '508', '509', '511', '512', '513', '516', '517', '518', '519', '520', '521', '522', '523', '524', '525', '526', '527', '528', '529', '530', '532', '533', '534', '536', '538', '539', '540', '541', '542', '543', '544', '545', '546', '547', '548', '549', '550', '551', '552', '553', '555', '556', '557', '558', '559', '560', '561', '562', '563', '564', '565', '566', '567', '568', '569', '570', '571', '572', '573', '574', '575', '576', '579', '580', '581', '582', '583', '584', '585', '586', '587', '588', '589', '590', '593', '594', '595', '596', '597', '598', '599', '514', '181', '439', '577', '322', '327', '591', '592', '215', '218', '253']}})
 Cluster1  4
SortedDict({2: {'9': ['0', '1', '2', '3', '4', '5', '6', '7', '8', '9', '10', '11', '12', '13', '14', '15', '16', '17', '18', '19', '20', '21', '22', '23', '24', '25', '26', '27', '28', '29'], '7': ['30', '31', '32', '33', '34', '35', '36', '37', '38', '39', '40', '41', '42', '43', '44', '45', '46', '47', '48', '49', '50', '51', '52', '53', '54', '55', '56', '57', '58', '59', '60', '61', '62', '63', '64', '65', '66', '67'], '5': ['68', '69', '70'], '6': ['71', '72', '73', '74', '75', '76', '77', '78', '79', '80', '81', '82', '83', '84', '85', '86', '87', '88', '89', '90', '91', '92', '93', '94', '95', '96', '97', '98', '99']}, 3: {'4': ['112', '125', '234', '243', '401', '413', '578', '130', '535', '157', '414', '170', '308', '317', '194', '350', '367', '368', '500', '121', '378', '162', '188', '250', '341', '344', '398', '515', '531', '537', '554', '149', '348', '510'], '8': ['162', '188', '250', '341', '344', '398', '515', '531', '537', '554', '149', '348', '510'], '6': ['100', '101', '102', '103', '104', '105', '106', '107', '108', '109', '110', '111', '113', '114', '115', '116', '117', '118', '119', '120', '122', '123', '124', '126', '127', '128', '129', '131', '132', '133', '134', '135', '136', '137', '138', '139', '140', '141', '142', '143', '144', '145', '146', '147', '148', '150', '151', '152', '153', '154', '155', '156', '158', '159', '160', '161', '163', '164', '165', '166', '167', '168', '169', '171', '172', '173', '174', '175', '176', '177', '178', '179', '180', '182', '183', '184', '185', '186', '187', '189', '190', '191', '192', '193', '195', '196', '197', '198', '199', '200', '201', '202', '203', '204', '205', '206', '207', '208', '209', '210', '211', '212', '213', '214', '216', '217', '219', '220', '221', '222', '223', '224', '225', '226', '227', '228', '229', '230', '231', '232', '233', '235', '236', '237', '238', '239', '240', '241', '242', '244', '245', '246', '247', '248', '249', '251', '252', '254', '255', '256', '257', '258', '259', '260', '261', '262', '263', '264', '265', '266', '267', '268', '269', '270', '271', '272', '273', '274', '275', '276', '277', '278', '279', '280', '281', '282', '283', '284', '285', '286', '287', '288', '289', '290', '291', '292', '293', '294', '295', '296', '297', '298', '299', '300', '301', '302', '303', '304', '305', '306', '307', '309', '310', '311', '312', '313', '314', '315', '316', '318', '319', '320', '321', '323', '324', '325', '326', '328', '329', '330', '331', '332', '333', '334', '335', '336', '337', '338', '339', '340', '342', '343', '345', '346', '347', '349', '351', '352', '353', '354', '355', '356', '357', '358', '359', '360', '361', '362', '363', '364', '365', '366', '369', '370', '371', '372', '373', '374', '375', '376', '377', '379', '380', '381', '382', '383', '384', '385', '386', '387', '388', '389', '390', '391', '392', '393', '394', '395', '396', '397', '399', '400', '402', '403', '404', '405', '406', '407', '408', '409', '410', '411', '412', '415', '416', '417', '418', '419', '420', '421', '422', '423', '424', '425', '426', '427', '428', '429', '430', '431', '432', '433', '434', '435', '436', '437', '438', '440', '441', '442', '443', '444', '445', '446', '447', '448', '449', '450', '451', '452', '453', '454', '455', '456', '457', '458', '459', '460', '461', '462', '463', '464', '465', '466', '467', '468', '469', '470', '471', '472', '473', '474', '475', '476', '477', '478', '479', '480', '481', '482', '483', '484', '485', '486', '487', '488', '489', '490', '491', '492', '493', '494', '495', '496', '497', '498', '499', '501', '502', '503', '504', '505', '506', '507', '508', '509', '511', '512', '513', '516', '517', '518', '519', '520', '521', '522', '523', '524', '525', '526', '527', '528', '529', '530', '532', '533', '534', '536', '538', '539', '540', '541', '542', '543', '544', '545', '546', '547', '548', '549', '550', '551', '552', '553', '555', '556', '557', '558', '559', '560', '561', '562', '563', '564', '565', '566', '567', '568', '569', '570', '571', '572', '573', '574', '575', '576', '579', '580', '581', '582', '583', '584', '585', '586', '587', '588', '589', '590', '593', '594', '595', '596', '597', '598', '599', '514', '181', '439', '577', '322', '327', '591', '592', '215', '218', '253']}})
 Cluster1  4
 Cluster to drop  8
 Cluster to drop  6
 After reassigning and merging cells 
 Timepoint  2
 Cluster  9  # of cells  30
 Cluster  7  # of cells  38
 Cluster  5  # of cells  3
 Cluster  6  # of cells  29
 Timepoint  3
 Cluster  4  # of cells  500
 Tp cluster cell dict  {'9_2': 30, '7_2': 38, '5_2': 3, '6_2': 29, '4_3': 500}
 New Graph is here 
 ID  0  Timepoint  1  Mutations  []  Type  subclone
 ID  1  Timepoint  2  Mutations  [0, 1, 2, 3, 4, 5, 6, 7, 8, 9, 18]  Type  subclone
 ID  2  Timepoint  2  Mutations  [0, 1, 2, 3, 4, 5, 6, 7, 8, 9, 19, 20, 21, 22, 23, 24]  Type  subclone
 ID  3  Timepoint  2  Mutations  [7, 10, 11, 12, 13, 14, 15, 16, 17, 25, 26, 27]  Type  subclone
 ID  4  Timepoint  2  Mutations  [10, 11, 12, 13, 14, 15, 16, 17, 28, 29, 30, 31]  Type  subclone
 ID  5  Timepoint  3  Mutations  [10, 11, 12, 13, 14, 15, 16, 17, 28, 29, 30, 31]  Type  subclone
Timepoints  SortedDict({1: [0], 2: [1, 2, 3, 4], 3: [5]})
 Clone to nodes  {'9_2': 1, '7_2': 2, '5_2': 3, '6_2': 4, '4_3': 5}
 Timepoint ====  1
 Hash table  {'0,1': [0, 1, 2, 3, 4, 5, 6, 8, 9], '0,1,2': [7], '0': [18], '1': [19, 20, 21, 22, 23, 24], '2,3': [10, 11, 12, 13, 14, 15, 16, 17], '2': [25, 26, 27], '3': [28, 29, 30, 31]}
 Final possible usc  [[0, 1, 2, 3, 4, 5, 6, 8, 9], [7], [18], [19, 20, 21, 22, 23, 24], [10, 11, 12, 13, 14, 15, 16, 17], [25, 26, 27], [28, 29, 30, 31]]
 Time  1  USC keys  {'18_0', '19,20,21,22,23,24_0', '28,29,30,31_0', '25,26,27_0', '0,1,2,3,4,5,6,8,9_0', '7_0', '10,11,12,13,14,15,16,17_0'}
 USC children  {'0,1,2,3,4,5,6,8,9_0': [1, 2], '7_0': [1, 2, 3], '18_0': [1], '19,20,21,22,23,24_0': [2], '10,11,12,13,14,15,16,17_0': [3, 4], '25,26,27_0': [3], '28,29,30,31_0': [4]}
 USC children  {'0,1,2,3,4,5,6,8,9_0': [1, 2], '7_0': [1, 2, 3], '18_0': [1], '19,20,21,22,23,24_0': [2], '10,11,12,13,14,15,16,17_0': [3, 4], '25,26,27_0': [3], '28,29,30,31_0': [4]}
 Timepoint ====  2
 Hash table  {}
====== Inside find superset of t nodes ==========
 Final possible usc  []
 Time  2  USC keys  set()
 USC children  {'0,1,2,3,4,5,6,8,9_0': [1, 2], '7_0': [1, 2, 3], '18_0': [1], '19,20,21,22,23,24_0': [2], '10,11,12,13,14,15,16,17_0': [3, 4], '25,26,27_0': [3], '28,29,30,31_0': [4]}
 USC children  {'0,1,2,3,4,5,6,8,9_0': [1, 2], '7_0': [1, 2, 3], '18_0': [1], '19,20,21,22,23,24_0': [2], '10,11,12,13,14,15,16,17_0': [3, 4], '25,26,27_0': [3], '28,29,30,31_0': [4]}
 Node s  {'1,2,3': ['7'], '3,4': ['10', '11', '12', '13', '14', '15', '16', '17']}
 Enroll USC nodes  ['1', '2', '3']  len  3
 Enroll USC nodes  ['3', '4']  len  2
 Node TP  SortedDict({1: [0], 2: [1, 2, 3, 4], 3: [5]})
 Unobserved subclones at timepoints  {1.5: [6, 7]}
 ============== Inside finding node v ============ 
 Time  2
 Time  3
 Sorted all timepoints  [1, 1.5, 2, 3]
 Timepoint  2
 Inside usc_node check  2
 Timepoint  3
0   1   [-1]   subclone   []   []
1   2   [6]   subclone   [0, 1, 2, 3, 4, 5, 6, 7, 8, 9, 18]   [10]
2   2   [6]   subclone   [0, 1, 2, 3, 4, 5, 6, 7, 8, 9, 19, 20, 21, 22, 23, 24]   [15]
3   2   [6]   subclone   [7, 10, 11, 12, 13, 14, 15, 16, 17, 25, 26, 27]   [11, 4]
4   2   [7]   subclone   [10, 11, 12, 13, 14, 15, 16, 17, 28, 29, 30, 31]   [4]
5   3   [4]   subclone   [10, 11, 12, 13, 14, 15, 16, 17, 28, 29, 30, 31]   [0]
6   1.5   [0]   unobserved subclone   [7]   [1]
7   1.5   [0]   unobserved subclone   [10, 11, 12, 13, 14, 15, 16, 17]   [8]
13
 Total estimated FP  89  True negatives  9399
 Total estimated FN  1174  True positives  4698
 Estimated FP rate  0.01859
 Estimated FN rate  0.11
 No. of Cells in each cluster  {'9_2': 30, '7_2': 38, '11_2': 2, '6_3': 5, '3_3': 495, '3_2': 30}
 Cells in each cluster  {'9_2': [0, 1, 2, 3, 4, 5, 6, 7, 8, 9, 10, 11, 12, 13, 14, 15, 16, 17, 18, 19, 20, 21, 22, 23, 24, 25, 26, 27, 28, 29], '7_2': [30, 31, 32, 33, 34, 35, 36, 37, 38, 39, 40, 41, 42, 43, 44, 45, 46, 47, 48, 49, 50, 51, 52, 53, 54, 55, 56, 57, 58, 59, 60, 61, 62, 63, 64, 65, 66, 67], '11_2': [69, 70], '6_3': [214, 322, 416, 540, 584], '3_3': [148, 341, 408, 443, 551, 554, 104, 110, 118, 120, 124, 137, 149, 157, 165, 168, 188, 207, 218, 222, 249, 258, 280, 281, 286, 304, 306, 330, 348, 354, 360, 363, 372, 375, 376, 377, 384, 398, 419, 432, 435, 446, 449, 479, 482, 498, 503, 515, 517, 527, 529, 531, 539, 549, 564, 585, 586, 594, 170, 234, 243, 401, 578, 125, 155, 162, 181, 368, 439, 116, 129, 131, 179, 205, 211, 215, 221, 265, 279, 309, 312, 328, 336, 351, 357, 367, 394, 400, 430, 447, 480, 492, 516, 576, 577, 598, 292, 294, 403, 543, 568, 195, 254, 321, 437, 512, 535, 100, 101, 102, 105, 106, 107, 108, 109, 111, 112, 113, 114, 115, 117, 119, 121, 122, 123, 126, 127, 132, 133, 134, 135, 136, 138, 139, 140, 141, 142, 144, 145, 146, 147, 150, 151, 152, 153, 154, 156, 158, 159, 160, 161, 163, 164, 166, 167, 169, 171, 172, 173, 174, 175, 176, 177, 178, 180, 182, 183, 184, 185, 186, 187, 189, 190, 191, 192, 193, 194, 196, 197, 198, 199, 200, 201, 202, 203, 204, 206, 208, 209, 210, 212, 213, 216, 217, 219, 223, 224, 225, 226, 227, 228, 229, 230, 231, 232, 233, 235, 236, 237, 238, 239, 240, 241, 242, 245, 246, 247, 248, 250, 251, 252, 253, 255, 256, 257, 259, 260, 261, 262, 263, 264, 266, 267, 268, 269, 270, 271, 272, 273, 274, 275, 276, 277, 278, 282, 283, 284, 285, 287, 288, 289, 290, 291, 293, 295, 296, 297, 298, 299, 300, 301, 302, 303, 305, 307, 308, 310, 311, 313, 314, 315, 316, 317, 318, 319, 320, 323, 324, 325, 326, 327, 329, 331, 332, 333, 334, 335, 337, 338, 339, 340, 342, 343, 344, 346, 347, 349, 350, 352, 353, 355, 356, 358, 359, 361, 362, 364, 365, 366, 369, 370, 371, 373, 374, 378, 379, 380, 381, 382, 383, 385, 386, 387, 388, 389, 390, 391, 392, 393, 395, 396, 397, 399, 402, 404, 405, 406, 407, 409, 410, 411, 412, 413, 414, 415, 417, 418, 420, 421, 422, 423, 424, 425, 426, 427, 428, 429, 431, 433, 434, 436, 438, 440, 441, 442, 444, 445, 448, 450, 451, 452, 453, 454, 455, 456, 457, 458, 459, 460, 461, 462, 463, 464, 465, 466, 467, 468, 469, 470, 471, 472, 473, 474, 475, 476, 477, 478, 481, 483, 484, 485, 486, 487, 488, 489, 490, 491, 493, 494, 495, 496, 497, 499, 500, 501, 502, 504, 505, 506, 507, 508, 509, 510, 511, 513, 514, 518, 519, 520, 521, 522, 523, 524, 525, 526, 528, 530, 532, 534, 536, 537, 538, 541, 542, 544, 545, 546, 547, 548, 550, 552, 553, 555, 556, 557, 558, 559, 560, 561, 562, 563, 565, 566, 567, 569, 570, 572, 573, 574, 575, 579, 580, 581, 582, 583, 587, 588, 589, 590, 592, 593, 595, 596, 597, 599, 103, 128, 130, 143, 220, 244, 345, 533, 571, 591], '3_2': [73, 81, 97, 86, 68, 71, 72, 74, 75, 77, 78, 79, 80, 82, 83, 84, 85, 87, 88, 90, 92, 93, 94, 95, 96, 98, 99, 76, 89, 91]}
FP rate  0.01859 FN rate  0.11
 Before reassigning cells 
 Timepoint  2
 Cluster  9  # of cells  30
 Cluster  7  # of cells  38
 Cluster  11  # of cells  4
 Cluster  3  # of cells  27
 Timepoint  3
 Cluster  6  # of cells  5
 Cluster  3  # of cells  403
 Cells absent at timepoint  2   {82}
 Missing cell prob  {'3': 0.00445382421559158, '11': 0.00445382421559158, '9': 8.219867461253593e-20, '7': 1.4540383005869283e-24}
 Cells absent at timepoint  3   {520, 523, 527, 543, 549, 550, 553, 554, 557, 567, 570, 573, 574, 575, 581, 583, 594, 599, 106, 115, 117, 125, 135, 136, 137, 155, 157, 158, 159, 163, 176, 180, 185, 187, 201, 204, 207, 213, 220, 234, 251, 258, 270, 274, 275, 279, 285, 286, 288, 289, 291, 296, 300, 304, 312, 313, 314, 317, 325, 326, 340, 341, 349, 366, 367, 376, 379, 387, 401, 403, 406, 419, 429, 437, 442, 444, 445, 447, 457, 458, 463, 465, 477, 479, 480, 483, 493, 497, 500, 508, 509, 511}
 Missing cell prob  {'3': 0.0028473615747371937, '6': 0.0028473615747371937}
 Missing cell prob  {'3': 0.03207158328336446, '6': 0.03207158328336446}
 Missing cell prob  {'3': 5.389127300865812e-05, '6': 5.389127300865812e-05}
 Missing cell prob  {'3': 0.0006799021867441528, '6': 0.0006799021867441528}
 Missing cell prob  {'3': 0.0035946996272404916, '6': 0.0035946996272404916}
 Missing cell prob  {'3': 0.0029012966800187417, '6': 0.0029012966800187417}
 Missing cell prob  {'3': 0.025403901118752983, '6': 0.025403901118752983}
 Missing cell prob  {'3': 1.6230038116484103e-07, '6': 1.6230038116484103e-07}
 Missing cell prob  {'3': 0.038844405418175146, '6': 0.038844405418175146}
 Missing cell prob  {'3': 0.029084387893127617, '6': 0.029084387893127617}
 Missing cell prob  {'3': 0.026375424363806743, '6': 0.026375424363806743}
 Missing cell prob  {'3': 0.02801308156961278, '6': 0.02801308156961278}
 Missing cell prob  {'3': 0.02963530827394016, '6': 0.02963530827394016}
 Missing cell prob  {'3': 0.0005187133303593137, '6': 0.0005187133303593137}
 Missing cell prob  {'3': 0.0043710276234237315, '6': 0.0043710276234237315}
 Missing cell prob  {'3': 0.03147537255012671, '6': 0.03147537255012671}
 Missing cell prob  {'3': 0.005099088934748182, '6': 0.005099088934748182}
 Missing cell prob  {'3': 0.004115495404789064, '6': 0.004115495404789064}
 Missing cell prob  {'3': 0.003527874161170089, '6': 0.003527874161170089}
 Missing cell prob  {'3': 0.00043602939070641557, '6': 0.00043602939070641557}
 Missing cell prob  {'3': 0.003890214584847121, '6': 0.003890214584847121}
 Missing cell prob  {'3': 0.00047892043647397055, '6': 0.00047892043647397055}
 Missing cell prob  {'3': 8.105786373232266e-06, '6': 8.105786373232266e-06}
 Missing cell prob  {'3': 0.026875031193697572, '6': 0.026875031193697572}
 Missing cell prob  {'3': 0.033928836250091625, '6': 0.033928836250091625}
 Missing cell prob  {'3': 5.3891273008658096e-05, '6': 5.3891273008658096e-05}
 Missing cell prob  {'3': 0.004371027623423732, '6': 0.004371027623423732}
 Missing cell prob  {'3': 0.0003453788803785518, '6': 0.0003453788803785518}
 Missing cell prob  {'3': 0.00044428871797354394, '6': 0.00044428871797354394}
 Missing cell prob  {'3': 0.02698123618448936, '6': 0.02698123618448936}
 Missing cell prob  {'3': 0.00044428871797354383, '6': 0.00044428871797354383}
 Missing cell prob  {'3': 0.004453824215591579, '6': 0.004453824215591579}
 Missing cell prob  {'3': 0.0035946996272404916, '6': 0.0035946996272404916}
 Missing cell prob  {'3': 0.026375424363806736, '6': 0.026375424363806736}
 Missing cell prob  {'3': 0.000528109332089797, '6': 0.000528109332089797}
 Missing cell prob  {'3': 0.030890245374419856, '6': 0.030890245374419856}
 Missing cell prob  {'3': 0.03207158328336446, '6': 0.03207158328336446}
 Missing cell prob  {'3': 5.3891273008658096e-05, '6': 5.3891273008658096e-05}
 Missing cell prob  {'3': 8.737621710358899e-06, '6': 8.737621710358899e-06}
 Missing cell prob  {'3': 7.65070595750287e-05, '6': 7.65070595750287e-05}
 Missing cell prob  {'3': 0.00352787416117009, '6': 0.00352787416117009}
 Missing cell prob  {'3': 7.368896702938425e-05, '6': 7.368896702938425e-05}
 Missing cell prob  {'3': 0.02801308156961278, '6': 0.02801308156961278}
 Missing cell prob  {'3': 5.5952240896570414e-05, '6': 5.5952240896570414e-05}
 Missing cell prob  {'3': 0.00313980800344138, '6': 0.00313980800344138}
 Missing cell prob  {'3': 1.261682362482654e-07, '6': 1.261682362482654e-07}
 Missing cell prob  {'3': 0.0004899206637150737, '6': 0.0004899206637150737}
 Missing cell prob  {'3': 1.0018387652309543e-06, '6': 1.0018387652309543e-06}
 Missing cell prob  {'3': 0.031475372550126716, '6': 0.031475372550126716}
 Missing cell prob  {'3': 0.030890245374419853, '6': 0.030890245374419853}
 Missing cell prob  {'3': 0.03603548683524096, '6': 0.03603548683524096}
 Missing cell prob  {'3': 0.3155285533648606, '6': 0.3155285533648606}
 Missing cell prob  {'3': 0.027384101643245517, '6': 0.027384101643245517}
 Missing cell prob  {'3': 0.0036627909102622666, '6': 0.0036627909102622666}
 Missing cell prob  {'3': 0.00036537963757723676, '6': 0.00036537963757723676}
 Missing cell prob  {'3': 0.03207158328336446, '6': 0.03207158328336446}
 Missing cell prob  {'3': 0.004038988345214035, '6': 0.004038988345214035}
 Missing cell prob  {'3': 0.0037321719875100796, '6': 0.0037321719875100796}
 Missing cell prob  {'3': 0.0004548631568824394, '6': 0.0004548631568824394}
 Missing cell prob  {'3': 0.23094455562502722, '6': 0.23094455562502722}
 Missing cell prob  {'3': 0.000452704494526797, '6': 0.000452704494526797}
 Missing cell prob  {'3': 1.506865686783879e-07, '6': 1.506865686783879e-07}
 Missing cell prob  {'3': 0.03671807586558214, '6': 0.03671807586558214}
 Missing cell prob  {'3': 0.2094340331831489, '6': 0.2094340331831489}
 Missing cell prob  {'3': 7.508479333752892e-05, '6': 7.508479333752892e-05}
 Missing cell prob  {'3': 0.0004527044945267972, '6': 0.0004527044945267972}
 Missing cell prob  {'3': 0.2224378487370724, '6': 0.2224378487370724}
 Missing cell prob  {'3': 0.004038988345214035, '6': 0.004038988345214035}
 Missing cell prob  {'3': 1.0018387652309545e-06, '6': 1.0018387652309545e-06}
 Missing cell prob  {'3': 8.93831438713919e-06, '6': 8.93831438713919e-06}
 Missing cell prob  {'3': 0.0004808130385766105, '6': 0.0004808130385766105}
 Missing cell prob  {'3': 0.0032598839101334173, '6': 0.0032598839101334173}
 Missing cell prob  {'3': 0.0036627909102622674, '6': 0.0036627909102622674}
 Missing cell prob  {'3': 0.005627378762130212, '6': 0.005627378762130212}
 Missing cell prob  {'3': 0.03147537255012671, '6': 0.03147537255012671}
 Missing cell prob  {'3': 0.025403901118752983, '6': 0.025403901118752983}
 Missing cell prob  {'3': 0.00046127968384956057, '6': 0.00046127968384956057}
 Missing cell prob  {'3': 0.0005090704495479342, '6': 0.0005090704495479342}
 Missing cell prob  {'3': 0.03329809918420243, '6': 0.03329809918420243}
 Missing cell prob  {'3': 0.004193451671359641, '6': 0.004193451671359641}
 Missing cell prob  {'3': 0.02493164259695536, '6': 0.02493164259695536}
 Missing cell prob  {'3': 0.2546643779055706, '6': 0.2546643779055706}
 Missing cell prob  {'3': 0.34012358717264995, '6': 0.34012358717264995}
 Missing cell prob  {'3': 0.0005719892691549821, '6': 0.0005719892691549821}
 Missing cell prob  {'3': 0.0006307370658892035, '6': 0.0006307370658892035}
 Missing cell prob  {'3': 0.0004360293907064157, '6': 0.0004360293907064157}
 Missing cell prob  {'3': 5.491208873830317e-05, '6': 5.491208873830317e-05}
 Missing cell prob  {'3': 8.415776553253155e-06, '6': 8.415776553253155e-06}
 Missing cell prob  {'3': 0.005004296871451214, '6': 0.005004296871451214}
 Missing cell prob  {'3': 0.003259883910133417, '6': 0.003259883910133417}
 Missing cell prob  {'3': 0.004436292833538854, '6': 0.004436292833538854}
 Missing cell prob  {'3': 0.0035946996272404916, '6': 0.0035946996272404916}
 Timepoint  2
 Timepoint  3
 After reassigning and merging cells 
 Timepoint  2
 Cluster  9  # of cells  30
 Cluster  7  # of cells  38
 Cluster  11  # of cells  4
 Cluster  3  # of cells  28
 Timepoint  3
 Cluster  6  # of cells  5
 Cluster  3  # of cells  495
 Tp cluster cell dict  {'9_2': 30, '7_2': 38, '11_2': 4, '3_2': 28, '6_3': 5, '3_3': 495}
 New Graph is here 
 ID  0  Timepoint  1  Mutations  []  Type  subclone
 ID  1  Timepoint  2  Mutations  [0, 1, 2, 3, 4, 5, 6, 7, 8, 9, 18]  Type  subclone
 ID  2  Timepoint  2  Mutations  [0, 1, 2, 3, 4, 5, 6, 7, 8, 9, 19, 20, 21, 22, 23, 24]  Type  subclone
 ID  3  Timepoint  2  Mutations  [10, 11, 12, 13, 14, 15, 16, 17, 25, 26, 27, 28, 29, 30, 31]  Type  subclone
 ID  4  Timepoint  2  Mutations  [10, 11, 12, 13, 14, 15, 16, 17, 28, 29, 30, 31]  Type  subclone
 ID  5  Timepoint  3  Mutations  [10, 11, 12, 13, 14, 15, 16, 17, 23, 28, 29, 30, 31]  Type  subclone
 ID  6  Timepoint  3  Mutations  [10, 11, 12, 13, 14, 15, 16, 17, 28, 29, 30, 31]  Type  subclone
Timepoints  SortedDict({1: [0], 2: [1, 2, 3, 4], 3: [5, 6]})
 Clone to nodes  {'9_2': 1, '7_2': 2, '11_2': 3, '3_2': 4, '6_3': 5, '3_3': 6}
 Timepoint ====  1
 Hash table  {'0,1': [0, 1, 2, 3, 4, 5, 6, 7, 8, 9], '0': [18], '1': [19, 20, 21, 22, 23, 24], '2,3': [10, 11, 12, 13, 14, 15, 16, 17, 28, 29, 30, 31], '2': [25, 26, 27]}
 Final possible usc  [[0, 1, 2, 3, 4, 5, 6, 7, 8, 9], [18], [19, 20, 21, 22, 23, 24], [10, 11, 12, 13, 14, 15, 16, 17, 28, 29, 30, 31], [25, 26, 27]]
 Time  1  USC keys  {'10,11,12,13,14,15,16,17,28,29,30,31_0', '0,1,2,3,4,5,6,7,8,9_0', '18_0', '25,26,27_0', '19,20,21,22,23,24_0'}
 USC children  {'0,1,2,3,4,5,6,7,8,9_0': [1, 2], '18_0': [1], '19,20,21,22,23,24_0': [2], '10,11,12,13,14,15,16,17,28,29,30,31_0': [3, 4], '25,26,27_0': [3]}
 USC children  {'0,1,2,3,4,5,6,7,8,9_0': [1, 2], '18_0': [1], '19,20,21,22,23,24_0': [2], '10,11,12,13,14,15,16,17,28,29,30,31_0': [3, 4], '25,26,27_0': [3]}
 Timepoint ====  2
 Hash table  {'0': [10, 11, 12, 13, 14, 15, 16, 17, 23, 28, 29, 30, 31]}
====== Inside find superset of t nodes ==========
 Final possible usc  [[10, 11, 12, 13, 14, 15, 16, 17, 23, 28, 29, 30, 31]]
 Time  2  USC keys  {'10,11,12,13,14,15,16,17,23,28,29,30,31_4'}
 USC children  {'0,1,2,3,4,5,6,7,8,9_0': [1, 2], '18_0': [1], '19,20,21,22,23,24_0': [2], '10,11,12,13,14,15,16,17,28,29,30,31_0': [3, 4], '25,26,27_0': [3], '10,11,12,13,14,15,16,17,23,28,29,30,31_4': [5]}
 USC children  {'0,1,2,3,4,5,6,7,8,9_0': [1, 2], '18_0': [1], '19,20,21,22,23,24_0': [2], '10,11,12,13,14,15,16,17,28,29,30,31_0': [3, 4], '25,26,27_0': [3], '10,11,12,13,14,15,16,17,23,28,29,30,31_4': [5]}
 Node s  {'1,2': ['0', '1', '2', '3', '4', '5', '6', '7', '8', '9'], '3,4': ['10', '11', '12', '13', '14', '15', '16', '17', '28', '29', '30', '31'], '5': ['10', '11', '12', '13', '14', '15', '16', '17', '23', '28', '29', '30', '31']}
 Enroll USC nodes  ['1', '2']  len  2
 Enroll USC nodes  ['3', '4']  len  2
 Enroll USC nodes  ['5']  len  1
 Node TP  SortedDict({1: [0], 2: [1, 2, 3, 4], 3: [5, 6]})
 Unobserved subclones at timepoints  {1.5: [7, 8]}
 ============== Inside finding node v ============ 
 Time  2
 Time  3
 largest_v_mut  [[10, 11, 12, 13, 14, 15, 16, 17, 28, 29, 30, 31]]
 Sorted all timepoints  [1, 1.5, 2, 3]
 Timepoint  2
 Inside usc_node check  2
 Timepoint  3
0   1   [-1]   subclone   []   []
1   2   [7]   subclone   [0, 1, 2, 3, 4, 5, 6, 7, 8, 9, 18]   [1]
2   2   [7]   subclone   [0, 1, 2, 3, 4, 5, 6, 7, 8, 9, 19, 20, 21, 22, 23, 24]   [6]
3   2   [8]   subclone   [10, 11, 12, 13, 14, 15, 16, 17, 25, 26, 27, 28, 29, 30, 31]   [3]
4   2   [8]   subclone   [10, 11, 12, 13, 14, 15, 16, 17, 28, 29, 30, 31]   [0]
5   3   [4]   subclone   [10, 11, 12, 13, 14, 15, 16, 17, 23, 28, 29, 30, 31]   [1]
6   3   [4]   subclone   [10, 11, 12, 13, 14, 15, 16, 17, 28, 29, 30, 31]   [0]
7   1.5   [0]   unobserved subclone   [0, 1, 2, 3, 4, 5, 6, 7, 8, 9]   [10]
8   1.5   [0]   unobserved subclone   [10, 11, 12, 13, 14, 15, 16, 17, 28, 29, 30, 31]   [12]
 List of tree files  ['all_trees/mc12_rep1_m1_tree.csv', 'all_trees/mc12_rep1_m2_tree.csv', 'all_trees/mc12_rep1_m3_tree.csv', 'all_trees/mc12_rep1_m4_tree.csv', 'all_trees/mc12_rep1_m5_tree.csv']
{'1': ['0', '1', '2', '3', '4', '5', '6', '7', '8', '9', '18'], '2': ['0', '1', '2', '3', '4', '5', '6', '7', '8', '9', '19', '20', '21', '22', '23', '24'], '3': ['10', '11', '12', '13', '14', '15', '16', '17', '28', '29', '30', '31'], '4': ['10', '11', '12', '13', '14', '15', '16', '17', '28', '29', '30', '31'], '5': ['0', '1', '2', '3', '4', '5', '6', '7', '8', '9']}
 Actual mutation of  1   ['18']
 Actual mutation of  2   ['24', '22', '21', '23', '19', '20']
 Actual mutation of  4   []
 Updated node mutation  {'1': ['18'], '2': ['24', '22', '21', '23', '19', '20'], '3': ['10', '11', '12', '13', '14', '15', '16', '17', '28', '29', '30', '31'], '4': [], '5': ['0', '1', '2', '3', '4', '5', '6', '7', '8', '9']}
{'1': ['0', '1', '2', '3', '4', '5', '6', '7', '8', '9', '18'], '2': ['0', '1', '2', '3', '4', '5', '6', '7', '8', '9', '19', '20', '21', '22', '23', '24'], '3': ['7', '10', '11', '12', '13', '14', '15', '16', '17', '25', '26', '27'], '4': ['10', '11', '12', '13', '14', '15', '16', '17', '28', '29', '30', '31'], '5': ['1', '7', '10', '13', '14', '16', '21', '22', '23', '27', '28', '30', '31'], '6': ['10', '11', '12', '13', '14', '15', '16', '17', '28', '29', '30', '31'], '7': ['7'], '8': ['10', '11', '12', '13', '14', '15', '16', '17']}
 Actual mutation of  1   ['0', '4', '6', '1', '5', '2', '8', '18', '9', '3']
 Actual mutation of  2   ['0', '4', '22', '24', '3', '2', '9', '21', '6', '1', '5', '8', '23', '19', '20']
 Actual mutation of  3   ['15', '14', '12', '25', '17', '13', '10', '26', '11', '27', '16']
 Actual mutation of  4   ['29', '31', '28', '30']
 Actual mutation of  5   ['1', '22', '27', '23', '7', '21']
 Actual mutation of  6   []
 Updated node mutation  {'1': ['0', '4', '6', '1', '5', '2', '8', '18', '9', '3'], '2': ['0', '4', '22', '24', '3', '2', '9', '21', '6', '1', '5', '8', '23', '19', '20'], '3': ['15', '14', '12', '25', '17', '13', '10', '26', '11', '27', '16'], '4': ['29', '31', '28', '30'], '5': ['1', '22', '27', '23', '7', '21'], '6': [], '7': ['7'], '8': ['10', '11', '12', '13', '14', '15', '16', '17']}
{'1': ['0', '1', '2', '3', '4', '5', '6', '7', '8', '9', '18'], '2': ['0', '1', '2', '3', '4', '5', '6', '7', '8', '9', '19', '20', '21', '22', '23', '24'], '3': ['10', '11', '12', '13', '14', '15', '16', '17', '25', '26', '27', '28', '29', '30', '31'], '4': ['10', '11', '12', '13', '14', '15', '16', '17', '28', '29', '30', '31'], '5': ['10', '11', '12', '13', '14', '15', '16', '17', '28', '29', '30', '31'], '6': ['0', '1', '2', '3', '4', '5', '6', '7', '8', '9'], '7': ['10', '11', '12', '13', '14', '15', '16', '17', '28', '29', '30', '31']}
 Actual mutation of  1   ['18']
 Actual mutation of  2   ['24', '22', '21', '23', '19', '20']
 Actual mutation of  3   ['27', '26', '25']
 Actual mutation of  4   []
 Actual mutation of  5   []
 Updated node mutation  {'1': ['18'], '2': ['24', '22', '21', '23', '19', '20'], '3': ['27', '26', '25'], '4': [], '5': [], '6': ['0', '1', '2', '3', '4', '5', '6', '7', '8', '9'], '7': ['10', '11', '12', '13', '14', '15', '16', '17', '28', '29', '30', '31']}
{'1': ['0', '1', '2', '3', '4', '5', '6', '7', '8', '9', '18'], '2': ['0', '1', '2', '3', '4', '5', '6', '7', '8', '9', '19', '20', '21', '22', '23', '24'], '3': ['7', '10', '11', '12', '13', '14', '15', '16', '17', '25', '26', '27'], '4': ['10', '11', '12', '13', '14', '15', '16', '17', '28', '29', '30', '31'], '5': ['10', '11', '12', '13', '14', '15', '16', '17', '28', '29', '30', '31'], '6': ['7'], '7': ['10', '11', '12', '13', '14', '15', '16', '17']}
 Actual mutation of  1   ['0', '4', '6', '1', '5', '2', '8', '18', '9', '3']
 Actual mutation of  2   ['0', '4', '22', '24', '3', '2', '9', '21', '6', '1', '5', '8', '23', '19', '20']
 Actual mutation of  3   ['15', '14', '12', '25', '17', '13', '10', '26', '11', '27', '16']
 Actual mutation of  4   ['29', '31', '28', '30']
 Actual mutation of  5   []
 Updated node mutation  {'1': ['0', '4', '6', '1', '5', '2', '8', '18', '9', '3'], '2': ['0', '4', '22', '24', '3', '2', '9', '21', '6', '1', '5', '8', '23', '19', '20'], '3': ['15', '14', '12', '25', '17', '13', '10', '26', '11', '27', '16'], '4': ['29', '31', '28', '30'], '5': [], '6': ['7'], '7': ['10', '11', '12', '13', '14', '15', '16', '17']}
{'1': ['0', '1', '2', '3', '4', '5', '6', '7', '8', '9', '18'], '2': ['0', '1', '2', '3', '4', '5', '6', '7', '8', '9', '19', '20', '21', '22', '23', '24'], '3': ['10', '11', '12', '13', '14', '15', '16', '17', '25', '26', '27', '28', '29', '30', '31'], '4': ['10', '11', '12', '13', '14', '15', '16', '17', '28', '29', '30', '31'], '5': ['10', '11', '12', '13', '14', '15', '16', '17', '23', '28', '29', '30', '31'], '6': ['10', '11', '12', '13', '14', '15', '16', '17', '28', '29', '30', '31'], '7': ['0', '1', '2', '3', '4', '5', '6', '7', '8', '9'], '8': ['10', '11', '12', '13', '14', '15', '16', '17', '28', '29', '30', '31']}
 Actual mutation of  1   ['18']
 Actual mutation of  2   ['24', '22', '21', '23', '19', '20']
 Actual mutation of  3   ['27', '26', '25']
 Actual mutation of  4   []
 Actual mutation of  5   ['23']
 Actual mutation of  6   []
 Updated node mutation  {'1': ['18'], '2': ['24', '22', '21', '23', '19', '20'], '3': ['27', '26', '25'], '4': [], '5': ['23'], '6': [], '7': ['0', '1', '2', '3', '4', '5', '6', '7', '8', '9'], '8': ['10', '11', '12', '13', '14', '15', '16', '17', '28', '29', '30', '31']}
 Parallel mutation count  {'m1': 0, 'm2': 22, 'm3': 0, 'm4': 17, 'm5': 1}
 Clusters with least parallel mutations  ['m1', 'm3']
 Cluster nos for each run  {'m1': 14, 'm3': 9}
 Run  m3
 Base path  ['mc12', 'rep1', 'm1', 'tree.csv']
 Best tree path  mc12_rep1_m3_tree.csv
