18
 Total estimated FP  120  True negatives  12276
 Total estimated FN  712  True positives  2852
 Estimated FP rate  0.04038
 Estimated FN rate  0.05
 No. of Cells in each cluster  {'15_2': 29, '9_2': 39, '11_2': 3, '17_3': 2, '10_3': 498, '10_2': 29}
 Cells in each cluster  {'15_2': [0, 1, 2, 3, 4, 5, 6, 7, 8, 9, 10, 11, 12, 13, 15, 16, 17, 18, 19, 20, 21, 22, 23, 24, 25, 26, 27, 28, 29], '9_2': [14, 30, 31, 32, 33, 34, 35, 36, 37, 38, 39, 40, 41, 42, 43, 44, 45, 46, 47, 48, 49, 50, 51, 52, 53, 54, 55, 56, 57, 58, 59, 60, 61, 62, 63, 64, 65, 66, 67], '11_2': [68, 69, 70], '17_3': [224, 567], '10_3': [380, 413, 345, 539, 565, 134, 199, 317, 356, 375, 469, 478, 481, 505, 563, 267, 366, 521, 557, 111, 113, 265, 311, 343, 547, 146, 180, 185, 237, 312, 439, 553, 128, 183, 310, 357, 381, 385, 387, 461, 535, 270, 275, 393, 465, 502, 541, 544, 100, 101, 103, 104, 105, 106, 107, 108, 109, 110, 112, 114, 115, 116, 117, 118, 119, 120, 121, 122, 123, 124, 125, 126, 127, 129, 131, 132, 133, 135, 136, 137, 138, 139, 140, 141, 142, 143, 145, 147, 148, 149, 150, 151, 152, 153, 154, 155, 156, 157, 158, 159, 160, 161, 162, 163, 164, 165, 166, 167, 168, 169, 170, 171, 172, 173, 174, 175, 176, 177, 178, 179, 181, 182, 184, 186, 187, 188, 189, 190, 191, 192, 195, 196, 197, 198, 200, 201, 202, 203, 204, 205, 206, 207, 208, 209, 210, 211, 212, 213, 214, 215, 217, 218, 219, 221, 222, 223, 225, 226, 227, 228, 229, 230, 231, 232, 233, 234, 235, 236, 238, 239, 240, 241, 242, 243, 244, 245, 246, 247, 248, 249, 250, 251, 252, 253, 254, 255, 256, 257, 258, 259, 260, 261, 262, 263, 264, 266, 268, 272, 273, 274, 276, 277, 278, 279, 280, 281, 282, 283, 285, 286, 287, 288, 289, 290, 292, 293, 295, 296, 297, 298, 299, 300, 301, 302, 303, 304, 305, 306, 307, 308, 309, 313, 314, 315, 316, 318, 319, 320, 321, 322, 323, 324, 325, 326, 327, 328, 329, 330, 331, 332, 333, 334, 335, 336, 337, 338, 339, 341, 342, 344, 346, 347, 348, 349, 350, 351, 352, 353, 354, 358, 359, 360, 361, 362, 363, 364, 365, 367, 368, 369, 370, 371, 372, 373, 376, 377, 378, 379, 382, 383, 384, 386, 388, 389, 390, 392, 394, 395, 396, 397, 398, 400, 401, 402, 403, 404, 405, 407, 408, 411, 414, 415, 416, 418, 419, 420, 421, 422, 423, 424, 425, 426, 427, 428, 429, 431, 433, 434, 435, 437, 438, 440, 441, 442, 443, 444, 445, 446, 447, 449, 450, 451, 452, 453, 454, 455, 456, 457, 458, 459, 460, 462, 464, 466, 467, 470, 471, 472, 473, 474, 475, 476, 477, 479, 480, 482, 483, 484, 485, 486, 487, 488, 489, 490, 491, 492, 493, 494, 495, 496, 497, 498, 499, 500, 501, 503, 504, 506, 507, 508, 509, 510, 511, 512, 513, 514, 515, 516, 517, 518, 519, 520, 522, 523, 524, 525, 526, 527, 528, 529, 530, 531, 532, 533, 534, 536, 537, 538, 540, 542, 543, 545, 546, 548, 549, 550, 551, 552, 554, 555, 556, 558, 559, 560, 561, 562, 566, 568, 570, 572, 573, 574, 575, 576, 577, 578, 579, 580, 581, 582, 583, 584, 585, 586, 588, 589, 590, 591, 592, 593, 594, 595, 596, 597, 598, 599, 130, 374, 463, 564, 144, 194, 216, 391, 409, 587, 220, 355, 417, 430, 432, 448, 569, 102, 193, 271, 284, 294, 340, 399, 436, 468, 269, 291, 406, 410, 412, 571], '10_2': [74, 93, 71, 72, 73, 75, 76, 77, 78, 79, 80, 81, 82, 83, 84, 85, 87, 88, 90, 91, 92, 94, 95, 96, 97, 98, 86, 89, 99]}
FP rate  0.04038 FN rate  0.05
 Before reassigning cells 
 Timepoint  2
 Cluster  15  # of cells  29
 Cluster  9  # of cells  38
 Cluster  11  # of cells  3
 Cluster  10  # of cells  29
 Timepoint  3
 Cluster  17  # of cells  6
 Cluster  10  # of cells  493
 Cells absent at timepoint  2   {14}
 Missing cell prob  {'11': 1.36233693386705e-26, '10': 5.0181438157855066e-24, '15': 1.8429089102184097e-06, '9': 1.8429089102184097e-06}
 Cells absent at timepoint  3   {101}
 Missing cell prob  {'10': 0.018039559416067445, '17': 0.018039559416067445}
 Timepoint  2
 Timepoint  3
SortedDict({2: {'15': ['0', '1', '2', '3', '4', '5', '6', '7', '8', '9', '10', '11', '12', '13', '15', '16', '17', '18', '19', '20', '21', '22', '23', '24', '25', '26', '27', '28', '29', '14'], '9': ['30', '31', '32', '33', '34', '35', '36', '37', '38', '39', '40', '41', '42', '43', '44', '45', '46', '47', '48', '49', '50', '51', '52', '53', '54', '55', '56', '57', '58', '59', '60', '61', '62', '63', '64', '65', '66', '67'], '11': ['68', '69', '70'], '10': ['71', '72', '73', '74', '75', '76', '77', '78', '79', '80', '81', '82', '83', '84', '85', '86', '87', '88', '89', '90', '91', '92', '93', '94', '95', '96', '97', '98', '99']}, 3: {'17': ['224', '364', '391', '521', '542', '567'], '10': ['100', '102', '103', '104', '105', '106', '107', '108', '109', '110', '111', '112', '113', '114', '115', '116', '117', '118', '119', '120', '121', '122', '123', '124', '125', '126', '127', '128', '129', '130', '131', '132', '133', '134', '135', '136', '137', '138', '139', '140', '141', '142', '143', '144', '145', '146', '147', '148', '149', '150', '151', '152', '153', '154', '155', '156', '157', '158', '159', '160', '161', '162', '163', '164', '165', '166', '167', '168', '169', '170', '171', '172', '173', '174', '175', '176', '177', '178', '179', '180', '181', '182', '183', '184', '185', '186', '187', '188', '189', '190', '191', '192', '193', '194', '195', '196', '197', '198', '199', '200', '201', '202', '203', '204', '205', '206', '207', '208', '209', '210', '211', '212', '213', '214', '215', '216', '217', '218', '219', '220', '221', '222', '223', '225', '226', '227', '228', '229', '230', '231', '232', '233', '234', '235', '236', '237', '238', '239', '240', '241', '242', '243', '244', '245', '246', '247', '248', '249', '250', '251', '252', '253', '254', '255', '256', '257', '258', '259', '260', '261', '262', '263', '264', '265', '266', '267', '268', '269', '270', '271', '272', '273', '274', '275', '276', '277', '278', '279', '280', '281', '282', '283', '284', '285', '286', '287', '288', '289', '290', '291', '292', '293', '294', '295', '296', '297', '298', '299', '300', '301', '302', '303', '304', '305', '306', '307', '308', '309', '310', '311', '312', '313', '314', '315', '316', '317', '318', '319', '320', '321', '322', '323', '324', '325', '326', '327', '328', '329', '330', '331', '332', '333', '334', '335', '336', '337', '338', '339', '340', '341', '342', '343', '344', '345', '346', '347', '348', '349', '350', '351', '352', '353', '354', '355', '356', '357', '358', '359', '360', '361', '362', '363', '365', '366', '367', '368', '369', '370', '371', '372', '373', '374', '375', '376', '377', '378', '379', '380', '381', '382', '383', '384', '385', '386', '387', '388', '389', '390', '392', '393', '394', '395', '396', '397', '398', '399', '400', '401', '402', '403', '404', '405', '406', '407', '408', '409', '410', '411', '412', '413', '414', '415', '416', '417', '418', '419', '420', '421', '422', '423', '424', '425', '426', '427', '428', '429', '430', '431', '432', '433', '434', '435', '436', '437', '438', '439', '440', '441', '442', '443', '444', '445', '446', '447', '448', '449', '450', '451', '452', '453', '454', '455', '456', '457', '458', '459', '460', '461', '462', '463', '464', '465', '466', '467', '468', '469', '470', '471', '472', '473', '474', '475', '476', '477', '478', '479', '480', '481', '482', '483', '484', '485', '486', '487', '488', '489', '490', '491', '492', '493', '494', '495', '496', '497', '498', '499', '500', '501', '502', '503', '504', '505', '506', '507', '508', '509', '510', '511', '512', '513', '514', '515', '516', '517', '518', '519', '520', '522', '523', '524', '525', '526', '527', '528', '529', '530', '531', '532', '533', '534', '535', '536', '537', '538', '539', '540', '541', '543', '544', '545', '546', '547', '548', '549', '550', '551', '552', '553', '554', '555', '556', '557', '558', '559', '560', '561', '562', '563', '564', '565', '566', '568', '569', '570', '571', '572', '573', '574', '575', '576', '577', '578', '579', '580', '581', '582', '583', '584', '585', '586', '587', '588', '589', '590', '591', '592', '593', '594', '595', '596', '597', '598', '599', '101']}})
 Cluster1  17
 Cluster to drop  10
 After reassigning and merging cells 
 Timepoint  2
 Cluster  15  # of cells  30
 Cluster  9  # of cells  38
 Cluster  11  # of cells  3
 Cluster  10  # of cells  29
 Timepoint  3
 Cluster  17  # of cells  500
 Tp cluster cell dict  {'15_2': 30, '9_2': 38, '11_2': 3, '10_2': 29, '17_3': 500}
 New Graph is here 
 ID  0  Timepoint  1  Mutations  []  Type  subclone
 ID  1  Timepoint  2  Mutations  [0, 1, 2, 3, 4, 5, 6, 7, 8, 9, 10, 11, 12, 13, 14, 15, 18, 19, 20, 21]  Type  subclone
 ID  2  Timepoint  2  Mutations  [0, 1, 2, 3, 4, 5, 6, 7, 8, 9, 10, 11, 12, 13, 14, 15, 22, 23, 24, 25, 26]  Type  subclone
 ID  3  Timepoint  2  Mutations  [6, 16, 17, 27, 28, 29, 30, 31, 32]  Type  subclone
 ID  4  Timepoint  2  Mutations  [16, 17, 33, 34, 35, 36, 37]  Type  subclone
 ID  5  Timepoint  3  Mutations  [16, 17, 33, 34, 35, 36, 37]  Type  subclone
Timepoints  SortedDict({1: [0], 2: [1, 2, 3, 4], 3: [5]})
 Clone to nodes  {'15_2': 1, '9_2': 2, '11_2': 3, '10_2': 4, '17_3': 5}
 Timepoint ====  1
 Hash table  {'0,1': [0, 1, 2, 3, 4, 5, 7, 8, 9, 10, 11, 12, 13, 14, 15], '0,1,2': [6], '0': [18, 19, 20, 21], '1': [22, 23, 24, 25, 26], '2,3': [16, 17], '2': [27, 28, 29, 30, 31, 32], '3': [33, 34, 35, 36, 37]}
 Final possible usc  [[0, 1, 2, 3, 4, 5, 7, 8, 9, 10, 11, 12, 13, 14, 15], [6], [18, 19, 20, 21], [22, 23, 24, 25, 26], [16, 17], [27, 28, 29, 30, 31, 32], [33, 34, 35, 36, 37]]
 Time  1  USC keys  {'33,34,35,36,37_0', '16,17_0', '6_0', '18,19,20,21_0', '0,1,2,3,4,5,7,8,9,10,11,12,13,14,15_0', '27,28,29,30,31,32_0', '22,23,24,25,26_0'}
 USC children  {'0,1,2,3,4,5,7,8,9,10,11,12,13,14,15_0': [1, 2], '6_0': [1, 2, 3], '18,19,20,21_0': [1], '22,23,24,25,26_0': [2], '16,17_0': [3, 4], '27,28,29,30,31,32_0': [3], '33,34,35,36,37_0': [4]}
 USC children  {'0,1,2,3,4,5,7,8,9,10,11,12,13,14,15_0': [1, 2], '6_0': [1, 2, 3], '18,19,20,21_0': [1], '22,23,24,25,26_0': [2], '16,17_0': [3, 4], '27,28,29,30,31,32_0': [3], '33,34,35,36,37_0': [4]}
 Timepoint ====  2
 Hash table  {}
====== Inside find superset of t nodes ==========
 Final possible usc  []
 Time  2  USC keys  set()
 USC children  {'0,1,2,3,4,5,7,8,9,10,11,12,13,14,15_0': [1, 2], '6_0': [1, 2, 3], '18,19,20,21_0': [1], '22,23,24,25,26_0': [2], '16,17_0': [3, 4], '27,28,29,30,31,32_0': [3], '33,34,35,36,37_0': [4]}
 USC children  {'0,1,2,3,4,5,7,8,9,10,11,12,13,14,15_0': [1, 2], '6_0': [1, 2, 3], '18,19,20,21_0': [1], '22,23,24,25,26_0': [2], '16,17_0': [3, 4], '27,28,29,30,31,32_0': [3], '33,34,35,36,37_0': [4]}
 Node s  {'1,2,3': ['6'], '3,4': ['16', '17']}
 Enroll USC nodes  ['1', '2', '3']  len  3
 Enroll USC nodes  ['3', '4']  len  2
 Node TP  SortedDict({1: [0], 2: [1, 2, 3, 4], 3: [5]})
 Unobserved subclones at timepoints  {1.5: [6, 7]}
 ============== Inside finding node v ============ 
 Time  2
 Time  3
 Sorted all timepoints  [1, 1.5, 2, 3]
 Timepoint  2
 Inside usc_node check  2
 Timepoint  3
0   1   [-1]   subclone   []   []
1   2   [6]   subclone   [0, 1, 2, 3, 4, 5, 6, 7, 8, 9, 10, 11, 12, 13, 14, 15, 18, 19, 20, 21]   [19]
2   2   [6]   subclone   [0, 1, 2, 3, 4, 5, 6, 7, 8, 9, 10, 11, 12, 13, 14, 15, 22, 23, 24, 25, 26]   [20]
3   2   [6]   subclone   [6, 16, 17, 27, 28, 29, 30, 31, 32]   [8, 7]
4   2   [7]   subclone   [16, 17, 33, 34, 35, 36, 37]   [5]
5   3   [4]   subclone   [16, 17, 33, 34, 35, 36, 37]   [0]
6   1.5   [0]   unobserved subclone   [6]   [1]
7   1.5   [0]   unobserved subclone   [16, 17]   [2]
6
 Total estimated FP  123  True negatives  12276
 Total estimated FN  712  True positives  2849
 Estimated FP rate  0.04139
 Estimated FN rate  0.05
 No. of Cells in each cluster  {'3_2': 29, '4_2': 39, '5_2': 3, '1_2': 29, '1_3': 500}
 Cells in each cluster  {'3_2': [0, 1, 2, 3, 4, 5, 6, 7, 8, 9, 10, 11, 12, 13, 15, 16, 17, 18, 19, 20, 21, 22, 23, 24, 25, 26, 27, 28, 29], '4_2': [14, 30, 31, 32, 33, 34, 35, 36, 37, 38, 39, 40, 41, 42, 43, 44, 45, 46, 47, 48, 49, 50, 51, 52, 53, 54, 55, 56, 57, 58, 59, 60, 61, 62, 63, 64, 65, 66, 67], '5_2': [68, 69, 70], '1_2': [71, 72, 73, 74, 75, 76, 77, 78, 79, 80, 81, 82, 83, 84, 85, 86, 87, 88, 89, 90, 91, 92, 94, 95, 96, 97, 98, 99, 93], '1_3': [100, 101, 102, 103, 104, 105, 106, 107, 108, 109, 110, 111, 112, 114, 115, 116, 117, 118, 119, 120, 121, 122, 123, 124, 125, 126, 127, 128, 129, 130, 131, 132, 133, 134, 135, 136, 137, 138, 139, 140, 141, 142, 143, 144, 145, 147, 148, 149, 150, 151, 152, 153, 154, 155, 156, 157, 158, 159, 160, 161, 162, 163, 164, 165, 166, 167, 168, 169, 170, 171, 172, 173, 174, 175, 176, 177, 178, 179, 181, 182, 183, 184, 186, 187, 188, 189, 190, 191, 192, 193, 194, 195, 196, 197, 198, 199, 200, 201, 202, 203, 204, 205, 206, 207, 208, 209, 210, 211, 212, 213, 214, 215, 216, 217, 218, 219, 220, 221, 222, 223, 224, 225, 226, 227, 228, 229, 230, 231, 232, 233, 234, 235, 236, 238, 239, 240, 241, 242, 243, 244, 245, 246, 247, 248, 249, 250, 251, 252, 253, 254, 255, 256, 257, 258, 259, 260, 261, 262, 263, 264, 266, 267, 268, 269, 271, 272, 273, 274, 276, 277, 278, 279, 280, 281, 282, 283, 284, 285, 286, 287, 288, 289, 290, 291, 292, 293, 294, 295, 296, 297, 298, 299, 300, 301, 302, 303, 304, 305, 306, 307, 308, 309, 310, 313, 314, 315, 316, 317, 318, 319, 320, 321, 322, 323, 324, 325, 326, 327, 328, 329, 330, 331, 332, 333, 334, 335, 336, 337, 338, 339, 340, 341, 342, 344, 345, 346, 347, 348, 349, 350, 351, 352, 353, 354, 355, 356, 357, 358, 359, 360, 361, 362, 363, 364, 365, 366, 367, 368, 369, 370, 371, 372, 373, 374, 375, 376, 377, 378, 379, 381, 382, 383, 384, 385, 386, 387, 388, 389, 390, 391, 392, 394, 395, 396, 397, 398, 399, 400, 401, 402, 403, 404, 405, 406, 407, 408, 409, 410, 411, 412, 414, 415, 416, 417, 418, 419, 420, 421, 422, 423, 424, 425, 426, 427, 428, 429, 430, 431, 432, 433, 434, 435, 436, 437, 438, 440, 441, 442, 443, 444, 445, 446, 447, 448, 449, 450, 451, 452, 453, 454, 455, 456, 457, 458, 459, 460, 461, 462, 463, 464, 466, 467, 468, 469, 470, 471, 472, 473, 474, 475, 476, 477, 478, 479, 480, 481, 482, 483, 484, 485, 486, 487, 488, 489, 490, 491, 492, 493, 494, 495, 496, 497, 498, 499, 500, 501, 503, 504, 505, 506, 507, 508, 509, 510, 511, 512, 513, 514, 515, 516, 517, 518, 519, 520, 521, 522, 523, 524, 525, 526, 527, 528, 529, 530, 531, 532, 533, 534, 535, 536, 537, 538, 539, 540, 542, 543, 545, 546, 547, 548, 549, 550, 551, 552, 554, 555, 556, 557, 558, 559, 560, 561, 562, 563, 564, 565, 566, 568, 569, 570, 571, 572, 573, 574, 575, 576, 577, 578, 579, 580, 581, 582, 583, 584, 585, 586, 587, 588, 589, 590, 591, 592, 593, 594, 595, 596, 597, 598, 599, 113, 146, 180, 185, 237, 265, 311, 312, 343, 439, 553, 567, 270, 275, 380, 393, 413, 465, 502, 541, 544]}
FP rate  0.04139 FN rate  0.05
 Before reassigning cells 
 Timepoint  2
 Cluster  3  # of cells  29
 Cluster  4  # of cells  38
 Cluster  5  # of cells  3
 Cluster  1  # of cells  29
 Timepoint  3
 Cluster  1  # of cells  500
 Cells absent at timepoint  2   {14}
 Missing cell prob  {'5': 4.0731611234588e-25, '4': 1.8652839528233687e-06, '1': 6.522999011126311e-24, '3': 1.8652839528233687e-06}
 Cells absent at timepoint  3   set()
 Timepoint  2
 Timepoint  3
 After reassigning and merging cells 
 Timepoint  2
 Cluster  3  # of cells  29
 Cluster  4  # of cells  39
 Cluster  5  # of cells  3
 Cluster  1  # of cells  29
 Timepoint  3
 Cluster  1  # of cells  500
 Tp cluster cell dict  {'3_2': 29, '4_2': 39, '5_2': 3, '1_2': 29, '1_3': 500}
 New Graph is here 
 ID  0  Timepoint  1  Mutations  []  Type  subclone
 ID  1  Timepoint  2  Mutations  [0, 1, 2, 3, 4, 5, 6, 7, 8, 9, 10, 11, 12, 13, 14, 15, 18, 19, 20, 21]  Type  subclone
 ID  2  Timepoint  2  Mutations  [0, 1, 2, 3, 4, 5, 6, 7, 8, 9, 10, 11, 12, 13, 14, 15, 22, 23, 24, 25, 26]  Type  subclone
 ID  3  Timepoint  2  Mutations  [6, 16, 17, 23, 27, 28, 29, 30, 31, 32]  Type  subclone
 ID  4  Timepoint  2  Mutations  [16, 17, 33, 34, 35, 36, 37]  Type  subclone
 ID  5  Timepoint  3  Mutations  [16, 17, 33, 34, 35, 36, 37]  Type  subclone
Timepoints  SortedDict({1: [0], 2: [1, 2, 3, 4], 3: [5]})
 Clone to nodes  {'3_2': 1, '4_2': 2, '5_2': 3, '1_2': 4, '1_3': 5}
 Timepoint ====  1
 Hash table  {'0,1': [0, 1, 2, 3, 4, 5, 7, 8, 9, 10, 11, 12, 13, 14, 15], '0,1,2': [6], '0': [18, 19, 20, 21], '1': [22, 24, 25, 26], '1,2': [23], '2,3': [16, 17], '2': [27, 28, 29, 30, 31, 32], '3': [33, 34, 35, 36, 37]}
 Final possible usc  [[0, 1, 2, 3, 4, 5, 7, 8, 9, 10, 11, 12, 13, 14, 15], [6], [18, 19, 20, 21], [22, 24, 25, 26], [23], [16, 17], [27, 28, 29, 30, 31, 32], [33, 34, 35, 36, 37]]
 Time  1  USC keys  {'0,1,2,3,4,5,7,8,9,10,11,12,13,14,15_0', '6_0', '16,17_0', '18,19,20,21_0', '33,34,35,36,37_0', '27,28,29,30,31,32_0', '23_0', '22,24,25,26_0'}
 USC children  {'0,1,2,3,4,5,7,8,9,10,11,12,13,14,15_0': [1, 2], '6_0': [1, 2, 3], '18,19,20,21_0': [1], '22,24,25,26_0': [2], '23_0': [2, 3], '16,17_0': [3, 4], '27,28,29,30,31,32_0': [3], '33,34,35,36,37_0': [4]}
 USC children  {'0,1,2,3,4,5,7,8,9,10,11,12,13,14,15_0': [1, 2], '6_0': [1, 2, 3], '18,19,20,21_0': [1], '22,24,25,26_0': [2], '23_0': [2, 3], '16,17_0': [3, 4], '27,28,29,30,31,32_0': [3], '33,34,35,36,37_0': [4]}
 Timepoint ====  2
 Hash table  {}
====== Inside find superset of t nodes ==========
 Final possible usc  []
 Time  2  USC keys  set()
 USC children  {'0,1,2,3,4,5,7,8,9,10,11,12,13,14,15_0': [1, 2], '6_0': [1, 2, 3], '18,19,20,21_0': [1], '22,24,25,26_0': [2], '23_0': [2, 3], '16,17_0': [3, 4], '27,28,29,30,31,32_0': [3], '33,34,35,36,37_0': [4]}
 USC children  {'0,1,2,3,4,5,7,8,9,10,11,12,13,14,15_0': [1, 2], '6_0': [1, 2, 3], '18,19,20,21_0': [1], '22,24,25,26_0': [2], '23_0': [2, 3], '16,17_0': [3, 4], '27,28,29,30,31,32_0': [3], '33,34,35,36,37_0': [4]}
 Node s  {'1,2,3': ['6'], '3,4': ['16', '17']}
 Enroll USC nodes  ['1', '2', '3']  len  3
 Enroll USC nodes  ['3', '4']  len  2
 Node TP  SortedDict({1: [0], 2: [1, 2, 3, 4], 3: [5]})
 Unobserved subclones at timepoints  {1.5: [6, 7]}
 ============== Inside finding node v ============ 
 Time  2
 Time  3
 Sorted all timepoints  [1, 1.5, 2, 3]
 Timepoint  2
 Inside usc_node check  2
 Timepoint  3
0   1   [-1]   subclone   []   []
1   2   [6]   subclone   [0, 1, 2, 3, 4, 5, 6, 7, 8, 9, 10, 11, 12, 13, 14, 15, 18, 19, 20, 21]   [19]
2   2   [6]   subclone   [0, 1, 2, 3, 4, 5, 6, 7, 8, 9, 10, 11, 12, 13, 14, 15, 22, 23, 24, 25, 26]   [20]
3   2   [6]   subclone   [6, 16, 17, 23, 27, 28, 29, 30, 31, 32]   [9, 8]
4   2   [7]   subclone   [16, 17, 33, 34, 35, 36, 37]   [5]
5   3   [4]   subclone   [16, 17, 33, 34, 35, 36, 37]   [0]
6   1.5   [0]   unobserved subclone   [6]   [1]
7   1.5   [0]   unobserved subclone   [16, 17]   [2]
7
 Total estimated FP  123  True negatives  12276
 Total estimated FN  712  True positives  2849
 Estimated FP rate  0.04139
 Estimated FN rate  0.05
 No. of Cells in each cluster  {'3_2': 29, '4_2': 39, '5_2': 3, '6_2': 29, '6_3': 500}
 Cells in each cluster  {'3_2': [0, 1, 2, 3, 4, 5, 6, 7, 8, 9, 10, 11, 12, 13, 15, 16, 17, 18, 19, 20, 21, 22, 23, 24, 25, 26, 27, 28, 29], '4_2': [14, 30, 31, 32, 33, 34, 35, 36, 37, 38, 39, 40, 41, 42, 43, 44, 45, 46, 47, 48, 49, 50, 51, 52, 53, 54, 55, 56, 57, 58, 59, 60, 61, 62, 63, 64, 65, 66, 67], '5_2': [68, 69, 70], '6_2': [93, 71, 72, 73, 74, 75, 76, 77, 78, 79, 80, 81, 82, 83, 84, 85, 86, 87, 88, 89, 90, 91, 92, 94, 95, 96, 97, 98, 99], '6_3': [128, 146, 180, 183, 185, 237, 310, 312, 357, 385, 439, 461, 535, 553, 100, 101, 102, 103, 104, 105, 106, 107, 108, 109, 110, 111, 112, 114, 115, 116, 117, 118, 119, 120, 121, 122, 123, 124, 125, 126, 127, 129, 130, 131, 132, 133, 134, 135, 136, 137, 138, 139, 140, 141, 142, 143, 144, 145, 147, 148, 149, 150, 151, 152, 153, 154, 155, 156, 157, 158, 159, 160, 161, 162, 163, 164, 165, 166, 167, 168, 169, 170, 171, 172, 173, 174, 175, 176, 177, 178, 179, 181, 182, 184, 186, 187, 188, 189, 190, 191, 192, 193, 194, 195, 196, 197, 198, 199, 200, 201, 202, 203, 204, 205, 206, 207, 208, 209, 210, 211, 212, 213, 214, 215, 216, 217, 218, 219, 220, 221, 222, 223, 225, 226, 227, 228, 229, 230, 231, 232, 233, 234, 235, 236, 238, 239, 240, 241, 242, 243, 244, 245, 246, 247, 248, 249, 250, 251, 252, 253, 254, 255, 256, 257, 258, 259, 260, 261, 262, 263, 264, 266, 267, 268, 269, 271, 272, 273, 274, 275, 276, 277, 278, 279, 280, 281, 282, 283, 284, 285, 286, 287, 288, 289, 290, 291, 292, 293, 294, 295, 296, 297, 298, 299, 300, 301, 302, 303, 304, 305, 306, 307, 308, 309, 313, 314, 315, 316, 317, 318, 319, 320, 321, 322, 323, 324, 325, 326, 327, 328, 329, 330, 331, 332, 333, 334, 335, 336, 337, 338, 339, 340, 341, 342, 344, 345, 346, 347, 348, 349, 350, 351, 352, 353, 354, 355, 356, 358, 359, 360, 361, 362, 363, 364, 365, 366, 367, 368, 369, 370, 371, 372, 373, 374, 375, 376, 377, 378, 379, 381, 382, 383, 384, 386, 387, 388, 389, 390, 391, 392, 393, 394, 395, 396, 397, 398, 399, 400, 401, 402, 403, 404, 405, 406, 407, 408, 409, 410, 411, 412, 414, 415, 416, 417, 418, 419, 420, 421, 422, 423, 424, 425, 426, 427, 428, 429, 430, 431, 432, 433, 434, 435, 436, 437, 438, 440, 441, 442, 443, 444, 445, 446, 447, 448, 449, 450, 451, 452, 453, 454, 455, 456, 457, 458, 459, 460, 462, 463, 464, 465, 466, 467, 468, 469, 470, 471, 472, 473, 474, 475, 476, 477, 478, 479, 480, 481, 482, 483, 484, 485, 486, 487, 488, 489, 490, 491, 492, 493, 494, 495, 496, 497, 498, 499, 500, 501, 502, 503, 504, 505, 506, 507, 508, 509, 510, 511, 512, 513, 514, 515, 516, 517, 518, 519, 520, 521, 522, 523, 524, 525, 526, 527, 528, 529, 530, 531, 532, 533, 534, 536, 537, 538, 539, 540, 541, 542, 543, 544, 545, 546, 547, 548, 549, 550, 551, 552, 554, 555, 556, 557, 558, 559, 560, 561, 562, 563, 564, 565, 566, 568, 569, 570, 571, 572, 573, 574, 575, 576, 577, 578, 579, 580, 581, 582, 583, 584, 585, 586, 587, 588, 589, 590, 591, 592, 593, 594, 595, 596, 597, 598, 599, 113, 224, 265, 311, 343, 567, 270, 380, 413]}
FP rate  0.04139 FN rate  0.05
 Before reassigning cells 
 Timepoint  2
 Cluster  3  # of cells  29
 Cluster  4  # of cells  38
 Cluster  5  # of cells  3
 Cluster  6  # of cells  29
 Timepoint  3
 Cluster  6  # of cells  500
 Cells absent at timepoint  2   {14}
 Missing cell prob  {'3': 1.8652839528233687e-06, '5': 1.7746119884206294e-26, '4': 1.8652839528233687e-06, '6': 6.522999011126311e-24}
 Cells absent at timepoint  3   set()
 Timepoint  2
 Timepoint  3
 After reassigning and merging cells 
 Timepoint  2
 Cluster  3  # of cells  30
 Cluster  4  # of cells  38
 Cluster  5  # of cells  3
 Cluster  6  # of cells  29
 Timepoint  3
 Cluster  6  # of cells  500
 Tp cluster cell dict  {'3_2': 30, '4_2': 38, '5_2': 3, '6_2': 29, '6_3': 500}
 New Graph is here 
 ID  0  Timepoint  1  Mutations  []  Type  subclone
 ID  1  Timepoint  2  Mutations  [0, 1, 2, 3, 4, 5, 6, 7, 8, 9, 10, 11, 12, 13, 14, 15, 18, 19, 20, 21]  Type  subclone
 ID  2  Timepoint  2  Mutations  [0, 1, 2, 3, 4, 5, 6, 7, 8, 9, 10, 11, 12, 13, 14, 15, 22, 23, 24, 25, 26]  Type  subclone
 ID  3  Timepoint  2  Mutations  [6, 16, 17, 27, 28, 29, 30, 31, 32]  Type  subclone
 ID  4  Timepoint  2  Mutations  [16, 17, 33, 34, 35, 36, 37]  Type  subclone
 ID  5  Timepoint  3  Mutations  [16, 17, 33, 34, 35, 36, 37]  Type  subclone
Timepoints  SortedDict({1: [0], 2: [1, 2, 3, 4], 3: [5]})
 Clone to nodes  {'3_2': 1, '4_2': 2, '5_2': 3, '6_2': 4, '6_3': 5}
 Timepoint ====  1
 Hash table  {'0,1': [0, 1, 2, 3, 4, 5, 7, 8, 9, 10, 11, 12, 13, 14, 15], '0,1,2': [6], '0': [18, 19, 20, 21], '1': [22, 23, 24, 25, 26], '2,3': [16, 17], '2': [27, 28, 29, 30, 31, 32], '3': [33, 34, 35, 36, 37]}
 Final possible usc  [[0, 1, 2, 3, 4, 5, 7, 8, 9, 10, 11, 12, 13, 14, 15], [6], [18, 19, 20, 21], [22, 23, 24, 25, 26], [16, 17], [27, 28, 29, 30, 31, 32], [33, 34, 35, 36, 37]]
 Time  1  USC keys  {'18,19,20,21_0', '6_0', '27,28,29,30,31,32_0', '0,1,2,3,4,5,7,8,9,10,11,12,13,14,15_0', '22,23,24,25,26_0', '16,17_0', '33,34,35,36,37_0'}
 USC children  {'0,1,2,3,4,5,7,8,9,10,11,12,13,14,15_0': [1, 2], '6_0': [1, 2, 3], '18,19,20,21_0': [1], '22,23,24,25,26_0': [2], '16,17_0': [3, 4], '27,28,29,30,31,32_0': [3], '33,34,35,36,37_0': [4]}
 USC children  {'0,1,2,3,4,5,7,8,9,10,11,12,13,14,15_0': [1, 2], '6_0': [1, 2, 3], '18,19,20,21_0': [1], '22,23,24,25,26_0': [2], '16,17_0': [3, 4], '27,28,29,30,31,32_0': [3], '33,34,35,36,37_0': [4]}
 Timepoint ====  2
 Hash table  {}
====== Inside find superset of t nodes ==========
 Final possible usc  []
 Time  2  USC keys  set()
 USC children  {'0,1,2,3,4,5,7,8,9,10,11,12,13,14,15_0': [1, 2], '6_0': [1, 2, 3], '18,19,20,21_0': [1], '22,23,24,25,26_0': [2], '16,17_0': [3, 4], '27,28,29,30,31,32_0': [3], '33,34,35,36,37_0': [4]}
 USC children  {'0,1,2,3,4,5,7,8,9,10,11,12,13,14,15_0': [1, 2], '6_0': [1, 2, 3], '18,19,20,21_0': [1], '22,23,24,25,26_0': [2], '16,17_0': [3, 4], '27,28,29,30,31,32_0': [3], '33,34,35,36,37_0': [4]}
 Node s  {'1,2,3': ['6'], '3,4': ['16', '17']}
 Enroll USC nodes  ['1', '2', '3']  len  3
 Enroll USC nodes  ['3', '4']  len  2
 Node TP  SortedDict({1: [0], 2: [1, 2, 3, 4], 3: [5]})
 Unobserved subclones at timepoints  {1.5: [6, 7]}
 ============== Inside finding node v ============ 
 Time  2
 Time  3
 Sorted all timepoints  [1, 1.5, 2, 3]
 Timepoint  2
 Inside usc_node check  2
 Timepoint  3
0   1   [-1]   subclone   []   []
1   2   [6]   subclone   [0, 1, 2, 3, 4, 5, 6, 7, 8, 9, 10, 11, 12, 13, 14, 15, 18, 19, 20, 21]   [19]
2   2   [6]   subclone   [0, 1, 2, 3, 4, 5, 6, 7, 8, 9, 10, 11, 12, 13, 14, 15, 22, 23, 24, 25, 26]   [20]
3   2   [6]   subclone   [6, 16, 17, 27, 28, 29, 30, 31, 32]   [8, 7]
4   2   [7]   subclone   [16, 17, 33, 34, 35, 36, 37]   [5]
5   3   [4]   subclone   [16, 17, 33, 34, 35, 36, 37]   [0]
6   1.5   [0]   unobserved subclone   [6]   [1]
7   1.5   [0]   unobserved subclone   [16, 17]   [2]
23
 Total estimated FP  119  True negatives  12281
 Total estimated FN  707  True positives  2853
 Estimated FP rate  0.04004
 Estimated FN rate  0.05
 No. of Cells in each cluster  {'15_2': 29, '19_2': 39, '2_2': 3, '12_3': 5, '11_2': 29, '11_3': 495}
 Cells in each cluster  {'15_2': [0, 1, 2, 3, 4, 5, 6, 7, 8, 9, 10, 11, 12, 13, 15, 16, 17, 18, 19, 20, 21, 22, 23, 24, 25, 26, 27, 28, 29], '19_2': [14, 30, 31, 32, 33, 34, 35, 36, 37, 38, 39, 40, 41, 42, 43, 44, 45, 46, 47, 48, 49, 50, 51, 52, 53, 54, 55, 56, 57, 58, 59, 60, 61, 62, 63, 64, 65, 66, 67], '2_2': [68, 69, 70], '12_3': [113, 265, 311, 343, 567], '11_2': [99, 71, 72, 73, 75, 76, 77, 78, 79, 80, 81, 82, 83, 84, 85, 87, 88, 90, 91, 92, 94, 95, 97, 98, 86, 89, 74, 93, 96], '11_3': [271, 284, 436, 468, 101, 103, 104, 105, 106, 107, 108, 109, 110, 112, 115, 116, 117, 118, 119, 120, 121, 122, 123, 124, 125, 126, 127, 129, 131, 132, 133, 135, 136, 137, 138, 139, 140, 141, 142, 143, 145, 147, 148, 149, 150, 151, 152, 153, 154, 155, 156, 157, 158, 159, 160, 161, 162, 163, 164, 165, 166, 167, 168, 169, 170, 171, 172, 173, 174, 175, 176, 177, 178, 179, 181, 182, 184, 186, 187, 188, 189, 190, 191, 192, 195, 196, 197, 198, 200, 201, 202, 203, 204, 205, 206, 207, 208, 209, 210, 211, 212, 213, 214, 215, 217, 218, 219, 221, 222, 223, 224, 225, 226, 227, 228, 229, 230, 231, 232, 233, 234, 235, 236, 238, 239, 240, 241, 242, 243, 244, 245, 246, 247, 248, 249, 250, 251, 252, 253, 254, 255, 256, 257, 258, 259, 261, 262, 263, 264, 266, 268, 272, 273, 274, 276, 277, 278, 279, 280, 281, 282, 283, 285, 286, 287, 288, 289, 290, 292, 293, 295, 296, 297, 298, 299, 300, 301, 302, 303, 304, 305, 306, 307, 308, 309, 313, 314, 315, 316, 318, 319, 320, 321, 322, 323, 324, 325, 326, 327, 328, 329, 330, 331, 332, 334, 335, 336, 337, 338, 339, 341, 342, 344, 346, 347, 348, 349, 350, 351, 352, 353, 354, 358, 359, 360, 361, 362, 363, 364, 365, 367, 368, 369, 370, 371, 372, 373, 376, 377, 378, 379, 382, 383, 384, 386, 388, 389, 390, 392, 394, 395, 396, 397, 398, 400, 401, 402, 403, 404, 405, 407, 408, 411, 414, 415, 416, 418, 419, 420, 421, 422, 423, 424, 426, 427, 428, 429, 431, 433, 434, 435, 437, 438, 440, 441, 442, 443, 444, 445, 446, 447, 449, 450, 451, 452, 453, 454, 455, 456, 457, 458, 459, 460, 462, 464, 466, 467, 470, 471, 472, 473, 474, 475, 476, 477, 479, 480, 482, 483, 484, 485, 486, 487, 488, 489, 490, 491, 492, 493, 494, 495, 496, 497, 498, 499, 500, 501, 503, 504, 506, 507, 508, 509, 511, 512, 513, 514, 515, 516, 517, 518, 519, 520, 522, 523, 524, 525, 526, 527, 528, 529, 530, 531, 532, 533, 534, 536, 537, 538, 540, 543, 545, 546, 548, 549, 550, 551, 552, 554, 555, 556, 558, 559, 560, 561, 562, 566, 568, 570, 572, 573, 574, 575, 576, 577, 578, 579, 580, 581, 582, 583, 584, 585, 586, 588, 589, 590, 591, 592, 593, 594, 595, 596, 597, 598, 599, 130, 374, 463, 564, 111, 547, 144, 391, 409, 587, 317, 375, 469, 481, 102, 193, 294, 340, 399, 146, 180, 185, 237, 312, 439, 553, 220, 267, 355, 366, 417, 430, 448, 521, 557, 345, 539, 565, 134, 199, 356, 478, 505, 563, 270, 275, 393, 465, 502, 541, 544, 100, 381, 387, 510, 542, 380, 413, 194, 216, 114, 425, 432, 569, 128, 183, 310, 357, 385, 461, 535, 260, 333, 269, 291, 406, 410, 412, 571]}
FP rate  0.04004 FN rate  0.05
 Before reassigning cells 
 Timepoint  2
 Cluster  15  # of cells  30
 Cluster  19  # of cells  38
 Cluster  2  # of cells  3
 Cluster  11  # of cells  29
 Timepoint  3
 Cluster  12  # of cells  45
 Cluster  11  # of cells  432
 Cells absent at timepoint  2   set()
 Cells absent at timepoint  3   {256, 512, 146, 402, 149, 278, 544, 552, 169, 553, 306, 435, 440, 321, 324, 453, 462, 335, 225, 498, 248, 123, 127}
 Missing cell prob  {'11': 5.244406650834647e-05, '12': 5.244406650834647e-05}
 Missing cell prob  {'11': 0.2702272376464595, '12': 0.2702272376464595}
 Missing cell prob  {'11': 0.01341179902825646, '12': 0.01341179902825646}
 Missing cell prob  {'11': 0.017814305632269493, '12': 0.017814305632269493}
 Missing cell prob  {'11': 0.016077410833123213, '12': 0.016077410833123213}
 Missing cell prob  {'11': 0.3866273925895582, '12': 0.3866273925895582}
 Missing cell prob  {'11': 9.675350499553698e-08, '12': 9.675350499553698e-08}
 Missing cell prob  {'11': 0.017446561090603812, '12': 0.017446561090603812}
 Missing cell prob  {'11': 0.4742713990432428, '12': 0.4742713990432428}
 Missing cell prob  {'11': 0.01766792495245862, '12': 0.01766792495245862}
 Missing cell prob  {'11': 0.0008992846304518715, '12': 0.0008992846304518715}
 Missing cell prob  {'11': 0.37471754258588735, '12': 0.37471754258588735}
 Missing cell prob  {'11': 0.016077410833123217, '12': 0.016077410833123217}
 Missing cell prob  {'11': 0.02013768243414091, '12': 0.02013768243414091}
 Missing cell prob  {'11': 0.3453109095394312, '12': 0.3453109095394312}
 Missing cell prob  {'11': 0.0009665684814738955, '12': 0.0009665684814738955}
 Missing cell prob  {'11': 0.01798569260903742, '12': 0.01798569260903742}
 Missing cell prob  {'11': 0.018932308009513076, '12': 0.018932308009513076}
 Missing cell prob  {'11': 0.0012223181909820529, '12': 0.0012223181909820529}
 Missing cell prob  {'11': 0.4280299376365265, '12': 0.4280299376365265}
 Missing cell prob  {'11': 0.4325174936142737, '12': 0.4325174936142737}
 Missing cell prob  {'11': 0.019928745273171657, '12': 0.019928745273171657}
 Missing cell prob  {'11': 0.37114683179027225, '12': 0.37114683179027225}
 Timepoint  2
 Timepoint  3
SortedDict({2: {'15': ['0', '1', '2', '3', '4', '5', '6', '7', '8', '9', '10', '11', '12', '13', '14', '15', '16', '17', '18', '19', '20', '21', '22', '23', '24', '25', '26', '27', '28', '29'], '19': ['30', '31', '32', '33', '34', '35', '36', '37', '38', '39', '40', '41', '42', '43', '44', '45', '46', '47', '48', '49', '50', '51', '52', '53', '54', '55', '56', '57', '58', '59', '60', '61', '62', '63', '64', '65', '66', '67'], '2': ['68', '69', '70'], '11': ['71', '72', '73', '74', '75', '76', '77', '78', '79', '80', '81', '82', '83', '84', '85', '86', '87', '88', '89', '90', '91', '92', '93', '94', '95', '96', '97', '98', '99']}, 3: {'12': ['106', '107', '113', '119', '137', '171', '181', '208', '234', '240', '243', '250', '251', '260', '265', '271', '297', '299', '311', '312', '325', '327', '343', '345', '354', '380', '400', '405', '411', '423', '451', '463', '464', '473', '490', '519', '520', '522', '529', '532', '533', '543', '550', '565', '585'], '11': ['100', '101', '102', '103', '104', '105', '108', '109', '110', '111', '112', '114', '115', '116', '117', '118', '120', '121', '122', '124', '125', '126', '128', '129', '130', '131', '132', '133', '134', '135', '136', '138', '139', '140', '141', '142', '143', '144', '145', '147', '148', '150', '151', '152', '153', '154', '155', '156', '157', '158', '159', '160', '161', '162', '163', '164', '165', '166', '167', '168', '170', '172', '173', '174', '175', '176', '177', '178', '179', '180', '182', '183', '184', '185', '186', '187', '188', '189', '190', '191', '192', '193', '194', '195', '196', '197', '198', '199', '200', '201', '202', '203', '204', '205', '206', '207', '209', '210', '211', '212', '213', '214', '215', '216', '217', '218', '219', '220', '221', '222', '223', '224', '226', '227', '228', '229', '230', '231', '232', '233', '235', '236', '237', '238', '239', '241', '242', '244', '245', '246', '247', '249', '252', '253', '254', '255', '257', '258', '259', '261', '262', '263', '264', '266', '267', '268', '269', '270', '272', '273', '274', '275', '276', '277', '279', '280', '281', '282', '283', '284', '285', '286', '287', '288', '289', '290', '291', '292', '293', '294', '295', '296', '298', '300', '301', '302', '303', '304', '305', '307', '308', '309', '310', '313', '314', '315', '316', '317', '318', '319', '320', '322', '323', '326', '328', '329', '330', '331', '332', '333', '334', '336', '337', '338', '339', '340', '341', '342', '344', '346', '347', '348', '349', '350', '351', '352', '353', '355', '356', '357', '358', '359', '360', '361', '362', '363', '364', '365', '366', '367', '368', '369', '370', '371', '372', '373', '374', '375', '376', '377', '378', '379', '381', '382', '383', '384', '385', '386', '387', '388', '389', '390', '391', '392', '393', '394', '395', '396', '397', '398', '399', '401', '403', '404', '406', '407', '408', '409', '410', '412', '413', '414', '415', '416', '417', '418', '419', '420', '421', '422', '424', '425', '426', '427', '428', '429', '430', '431', '432', '433', '434', '436', '437', '438', '439', '441', '442', '443', '444', '445', '446', '447', '448', '449', '450', '452', '454', '455', '456', '457', '458', '459', '460', '461', '465', '466', '467', '468', '469', '470', '471', '472', '474', '475', '476', '477', '478', '479', '480', '481', '482', '483', '484', '485', '486', '487', '488', '489', '491', '492', '493', '494', '495', '496', '497', '499', '500', '501', '502', '503', '504', '505', '506', '507', '508', '509', '510', '511', '513', '514', '515', '516', '517', '518', '521', '523', '524', '525', '526', '527', '528', '530', '531', '534', '535', '536', '537', '538', '539', '540', '541', '542', '545', '546', '547', '548', '549', '551', '554', '555', '556', '557', '558', '559', '560', '561', '562', '563', '564', '566', '567', '568', '569', '570', '571', '572', '573', '574', '575', '576', '577', '578', '579', '580', '581', '582', '583', '584', '586', '587', '588', '589', '590', '591', '592', '593', '594', '595', '596', '597', '598', '599', '256', '512', '146', '402', '149', '278', '544', '552', '169', '553', '306', '435', '440', '321', '324', '453', '462', '335', '225', '498', '248', '123', '127']}})
 Cluster1  12
 Cluster to drop  11
 After reassigning and merging cells 
 Timepoint  2
 Cluster  15  # of cells  30
 Cluster  19  # of cells  38
 Cluster  2  # of cells  3
 Cluster  11  # of cells  29
 Timepoint  3
 Cluster  12  # of cells  500
 Tp cluster cell dict  {'15_2': 30, '19_2': 38, '2_2': 3, '11_2': 29, '12_3': 500}
 New Graph is here 
 ID  0  Timepoint  1  Mutations  []  Type  subclone
 ID  1  Timepoint  2  Mutations  [0, 1, 2, 3, 4, 5, 6, 7, 8, 9, 10, 11, 12, 13, 14, 15, 18, 19, 20, 21]  Type  subclone
 ID  2  Timepoint  2  Mutations  [0, 1, 2, 3, 4, 5, 6, 7, 8, 9, 10, 11, 12, 13, 14, 15, 22, 23, 24, 25, 26]  Type  subclone
 ID  3  Timepoint  2  Mutations  [6, 16, 17, 23, 27, 28, 29, 30, 31, 32]  Type  subclone
 ID  4  Timepoint  2  Mutations  [16, 17, 33, 34, 35, 36, 37]  Type  subclone
 ID  5  Timepoint  3  Mutations  [16, 17, 33, 34, 35, 36, 37]  Type  subclone
Timepoints  SortedDict({1: [0], 2: [1, 2, 3, 4], 3: [5]})
 Clone to nodes  {'15_2': 1, '19_2': 2, '2_2': 3, '11_2': 4, '12_3': 5}
 Timepoint ====  1
 Hash table  {'0,1': [0, 1, 2, 3, 4, 5, 7, 8, 9, 10, 11, 12, 13, 14, 15], '0,1,2': [6], '0': [18, 19, 20, 21], '1': [22, 24, 25, 26], '1,2': [23], '2,3': [16, 17], '2': [27, 28, 29, 30, 31, 32], '3': [33, 34, 35, 36, 37]}
 Final possible usc  [[0, 1, 2, 3, 4, 5, 7, 8, 9, 10, 11, 12, 13, 14, 15], [6], [18, 19, 20, 21], [22, 24, 25, 26], [23], [16, 17], [27, 28, 29, 30, 31, 32], [33, 34, 35, 36, 37]]
 Time  1  USC keys  {'33,34,35,36,37_0', '18,19,20,21_0', '23_0', '16,17_0', '6_0', '0,1,2,3,4,5,7,8,9,10,11,12,13,14,15_0', '22,24,25,26_0', '27,28,29,30,31,32_0'}
 USC children  {'0,1,2,3,4,5,7,8,9,10,11,12,13,14,15_0': [1, 2], '6_0': [1, 2, 3], '18,19,20,21_0': [1], '22,24,25,26_0': [2], '23_0': [2, 3], '16,17_0': [3, 4], '27,28,29,30,31,32_0': [3], '33,34,35,36,37_0': [4]}
 USC children  {'0,1,2,3,4,5,7,8,9,10,11,12,13,14,15_0': [1, 2], '6_0': [1, 2, 3], '18,19,20,21_0': [1], '22,24,25,26_0': [2], '23_0': [2, 3], '16,17_0': [3, 4], '27,28,29,30,31,32_0': [3], '33,34,35,36,37_0': [4]}
 Timepoint ====  2
 Hash table  {}
====== Inside find superset of t nodes ==========
 Final possible usc  []
 Time  2  USC keys  set()
 USC children  {'0,1,2,3,4,5,7,8,9,10,11,12,13,14,15_0': [1, 2], '6_0': [1, 2, 3], '18,19,20,21_0': [1], '22,24,25,26_0': [2], '23_0': [2, 3], '16,17_0': [3, 4], '27,28,29,30,31,32_0': [3], '33,34,35,36,37_0': [4]}
 USC children  {'0,1,2,3,4,5,7,8,9,10,11,12,13,14,15_0': [1, 2], '6_0': [1, 2, 3], '18,19,20,21_0': [1], '22,24,25,26_0': [2], '23_0': [2, 3], '16,17_0': [3, 4], '27,28,29,30,31,32_0': [3], '33,34,35,36,37_0': [4]}
 Node s  {'1,2,3': ['6'], '3,4': ['16', '17']}
 Enroll USC nodes  ['1', '2', '3']  len  3
 Enroll USC nodes  ['3', '4']  len  2
 Node TP  SortedDict({1: [0], 2: [1, 2, 3, 4], 3: [5]})
 Unobserved subclones at timepoints  {1.5: [6, 7]}
 ============== Inside finding node v ============ 
 Time  2
 Time  3
 Sorted all timepoints  [1, 1.5, 2, 3]
 Timepoint  2
 Inside usc_node check  2
 Timepoint  3
0   1   [-1]   subclone   []   []
1   2   [6]   subclone   [0, 1, 2, 3, 4, 5, 6, 7, 8, 9, 10, 11, 12, 13, 14, 15, 18, 19, 20, 21]   [19]
2   2   [6]   subclone   [0, 1, 2, 3, 4, 5, 6, 7, 8, 9, 10, 11, 12, 13, 14, 15, 22, 23, 24, 25, 26]   [20]
3   2   [6]   subclone   [6, 16, 17, 23, 27, 28, 29, 30, 31, 32]   [9, 8]
4   2   [7]   subclone   [16, 17, 33, 34, 35, 36, 37]   [5]
5   3   [4]   subclone   [16, 17, 33, 34, 35, 36, 37]   [0]
6   1.5   [0]   unobserved subclone   [6]   [1]
7   1.5   [0]   unobserved subclone   [16, 17]   [2]
23
 Total estimated FP  119  True negatives  12279
 Total estimated FN  709  True positives  2853
 Estimated FP rate  0.04004
 Estimated FN rate  0.05
 No. of Cells in each cluster  {'15_2': 29, '19_2': 39, '11_2': 3, '13_3': 5, '3_3': 495, '3_2': 29}
 Cells in each cluster  {'15_2': [0, 1, 2, 3, 4, 5, 6, 7, 8, 9, 10, 11, 12, 13, 15, 16, 17, 18, 19, 20, 21, 22, 23, 24, 25, 26, 27, 28, 29], '19_2': [14, 30, 31, 32, 33, 34, 35, 36, 37, 38, 39, 40, 41, 42, 43, 44, 45, 46, 47, 48, 49, 50, 51, 52, 53, 54, 55, 56, 57, 58, 59, 60, 61, 62, 63, 64, 65, 66, 67], '11_2': [68, 69, 70], '13_3': [113, 265, 311, 343, 567], '3_3': [144, 391, 409, 587, 102, 193, 294, 340, 399, 269, 291, 406, 410, 412, 571, 111, 547, 134, 199, 356, 478, 505, 563, 194, 216, 107, 136, 175, 204, 208, 210, 233, 240, 242, 256, 260, 297, 299, 304, 325, 333, 359, 407, 451, 477, 533, 317, 375, 469, 481, 270, 381, 387, 271, 284, 436, 468, 130, 374, 463, 564, 146, 180, 185, 237, 439, 275, 393, 465, 502, 541, 544, 312, 432, 553, 569, 380, 413, 128, 183, 310, 357, 385, 461, 535, 345, 539, 565, 100, 101, 103, 104, 105, 106, 108, 109, 110, 112, 114, 115, 116, 117, 118, 119, 120, 121, 122, 123, 124, 125, 126, 127, 129, 131, 132, 133, 135, 137, 138, 139, 140, 141, 142, 143, 145, 147, 148, 149, 150, 151, 152, 153, 154, 155, 156, 157, 158, 159, 160, 161, 162, 163, 164, 165, 166, 167, 168, 169, 170, 171, 172, 173, 174, 176, 177, 178, 179, 181, 182, 184, 186, 187, 188, 189, 190, 191, 192, 195, 196, 197, 198, 200, 201, 202, 203, 205, 206, 207, 209, 211, 212, 213, 214, 215, 217, 218, 219, 221, 222, 223, 224, 225, 226, 227, 228, 229, 230, 231, 232, 234, 235, 236, 238, 239, 241, 243, 244, 245, 246, 247, 248, 249, 250, 251, 252, 253, 254, 255, 257, 258, 259, 261, 262, 263, 264, 266, 268, 272, 273, 274, 276, 277, 278, 279, 280, 281, 282, 283, 285, 286, 287, 288, 289, 290, 292, 293, 295, 296, 298, 300, 301, 302, 303, 305, 306, 307, 308, 309, 313, 314, 315, 316, 318, 319, 320, 321, 322, 323, 324, 326, 327, 328, 329, 330, 331, 332, 334, 335, 336, 337, 338, 339, 341, 342, 344, 346, 347, 348, 349, 350, 351, 352, 353, 354, 358, 360, 361, 362, 363, 364, 365, 367, 368, 369, 370, 371, 372, 373, 376, 377, 378, 379, 382, 383, 384, 386, 388, 389, 390, 392, 394, 395, 396, 397, 398, 400, 401, 402, 403, 404, 405, 408, 411, 414, 415, 416, 418, 419, 420, 421, 422, 423, 424, 425, 426, 427, 428, 429, 431, 433, 434, 435, 437, 438, 440, 441, 442, 443, 444, 445, 446, 447, 449, 450, 452, 453, 454, 455, 456, 457, 458, 459, 460, 462, 464, 466, 467, 470, 471, 472, 473, 474, 475, 476, 479, 480, 482, 483, 484, 485, 486, 487, 488, 489, 490, 491, 492, 493, 494, 495, 496, 497, 498, 499, 500, 501, 503, 504, 506, 507, 508, 509, 510, 511, 512, 513, 514, 515, 516, 517, 518, 519, 520, 522, 523, 524, 525, 526, 527, 528, 529, 530, 531, 532, 534, 536, 537, 538, 540, 542, 543, 545, 546, 548, 549, 550, 551, 552, 554, 555, 556, 558, 559, 560, 561, 562, 566, 568, 570, 572, 573, 574, 575, 576, 577, 578, 579, 580, 581, 582, 583, 584, 585, 586, 588, 589, 590, 591, 592, 593, 594, 595, 596, 597, 598, 599, 220, 267, 355, 366, 417, 430, 448, 521, 557], '3_2': [74, 85, 90, 99, 86, 89, 93, 71, 72, 73, 75, 76, 77, 78, 79, 80, 81, 82, 83, 84, 87, 88, 91, 92, 94, 95, 96, 97, 98]}
FP rate  0.04004 FN rate  0.05
 Before reassigning cells 
 Timepoint  2
 Cluster  15  # of cells  30
 Cluster  19  # of cells  38
 Cluster  11  # of cells  3
 Cluster  3  # of cells  29
 Timepoint  3
 Cluster  13  # of cells  28
 Cluster  3  # of cells  456
 Cells absent at timepoint  2   set()
 Cells absent at timepoint  3   {321, 324, 550, 519, 520, 169, 552, 299, 585, 529, 402, 149, 248, 345, 410, 127}
 Missing cell prob  {'13': 0.02013768243414091, '3': 0.02013768243414091}
 Missing cell prob  {'13': 0.3453109095394312, '3': 0.3453109095394312}
 Missing cell prob  {'13': 0.0007330993869098357, '3': 0.0007330993869098357}
 Missing cell prob  {'13': 5.520428053510156e-05, '3': 5.520428053510156e-05}
 Missing cell prob  {'13': 0.019721975925573017, '3': 0.019721975925573017}
 Missing cell prob  {'13': 0.4742713990432428, '3': 0.4742713990432428}
 Missing cell prob  {'13': 0.017446561090603812, '3': 0.017446561090603812}
 Missing cell prob  {'13': 3.665496934549179e-05, '3': 3.665496934549179e-05}
 Missing cell prob  {'13': 4.591200287001004e-05, '3': 4.591200287001004e-05}
 Missing cell prob  {'13': 0.021625874680713697, '3': 0.021625874680713697}
 Missing cell prob  {'13': 0.017814305632269493, '3': 0.017814305632269493}
 Missing cell prob  {'13': 0.016077410833123213, '3': 0.016077410833123213}
 Missing cell prob  {'13': 0.4325174936142737, '3': 0.4325174936142737}
 Missing cell prob  {'13': 3.122215328733181e-05, '3': 3.122215328733181e-05}
 Missing cell prob  {'13': 0.0007896679160599437, '3': 0.0007896679160599437}
 Missing cell prob  {'13': 0.37114683179027225, '3': 0.37114683179027225}
 Timepoint  2
 Timepoint  3
SortedDict({2: {'15': ['0', '1', '2', '3', '4', '5', '6', '7', '8', '9', '10', '11', '12', '13', '14', '15', '16', '17', '18', '19', '20', '21', '22', '23', '24', '25', '26', '27', '28', '29'], '19': ['30', '31', '32', '33', '34', '35', '36', '37', '38', '39', '40', '41', '42', '43', '44', '45', '46', '47', '48', '49', '50', '51', '52', '53', '54', '55', '56', '57', '58', '59', '60', '61', '62', '63', '64', '65', '66', '67'], '11': ['68', '69', '70'], '3': ['71', '72', '73', '74', '75', '76', '77', '78', '79', '80', '81', '82', '83', '84', '85', '86', '87', '88', '89', '90', '91', '92', '93', '94', '95', '96', '97', '98', '99']}, 3: {'13': ['107', '113', '137', '171', '181', '208', '234', '240', '250', '251', '265', '271', '311', '312', '325', '327', '343', '400', '405', '406', '411', '423', '451', '464', '533', '543', '565', '571', '321', '324', '550', '519', '520', '169', '552', '299', '585', '529', '402', '149', '248', '345', '410', '127'], '3': ['100', '101', '102', '103', '104', '105', '106', '108', '109', '110', '111', '112', '114', '115', '116', '117', '118', '119', '120', '121', '122', '123', '124', '125', '126', '128', '129', '130', '131', '132', '133', '134', '135', '136', '138', '139', '140', '141', '142', '143', '144', '145', '146', '147', '148', '150', '151', '152', '153', '154', '155', '156', '157', '158', '159', '160', '161', '162', '163', '164', '165', '166', '167', '168', '170', '172', '173', '174', '175', '176', '177', '178', '179', '180', '182', '183', '184', '185', '186', '187', '188', '189', '190', '191', '192', '193', '194', '195', '196', '197', '198', '199', '200', '201', '202', '203', '204', '205', '206', '207', '209', '210', '211', '212', '213', '214', '215', '216', '217', '218', '219', '220', '221', '222', '223', '224', '225', '226', '227', '228', '229', '230', '231', '232', '233', '235', '236', '237', '238', '239', '241', '242', '243', '244', '245', '246', '247', '249', '252', '253', '254', '255', '256', '257', '258', '259', '260', '261', '262', '263', '264', '266', '267', '268', '269', '270', '272', '273', '274', '275', '276', '277', '278', '279', '280', '281', '282', '283', '284', '285', '286', '287', '288', '289', '290', '291', '292', '293', '294', '295', '296', '297', '298', '300', '301', '302', '303', '304', '305', '306', '307', '308', '309', '310', '313', '314', '315', '316', '317', '318', '319', '320', '322', '323', '326', '328', '329', '330', '331', '332', '333', '334', '335', '336', '337', '338', '339', '340', '341', '342', '344', '346', '347', '348', '349', '350', '351', '352', '353', '354', '355', '356', '357', '358', '359', '360', '361', '362', '363', '364', '365', '366', '367', '368', '369', '370', '371', '372', '373', '374', '375', '376', '377', '378', '379', '380', '381', '382', '383', '384', '385', '386', '387', '388', '389', '390', '391', '392', '393', '394', '395', '396', '397', '398', '399', '401', '403', '404', '407', '408', '409', '412', '413', '414', '415', '416', '417', '418', '419', '420', '421', '422', '424', '425', '426', '427', '428', '429', '430', '431', '432', '433', '434', '435', '436', '437', '438', '439', '440', '441', '442', '443', '444', '445', '446', '447', '448', '449', '450', '452', '453', '454', '455', '456', '457', '458', '459', '460', '461', '462', '463', '465', '466', '467', '468', '469', '470', '471', '472', '473', '474', '475', '476', '477', '478', '479', '480', '481', '482', '483', '484', '485', '486', '487', '488', '489', '490', '491', '492', '493', '494', '495', '496', '497', '498', '499', '500', '501', '502', '503', '504', '505', '506', '507', '508', '509', '510', '511', '512', '513', '514', '515', '516', '517', '518', '521', '522', '523', '524', '525', '526', '527', '528', '530', '531', '532', '534', '535', '536', '537', '538', '539', '540', '541', '542', '544', '545', '546', '547', '548', '549', '551', '553', '554', '555', '556', '557', '558', '559', '560', '561', '562', '563', '564', '566', '567', '568', '569', '570', '572', '573', '574', '575', '576', '577', '578', '579', '580', '581', '582', '583', '584', '586', '587', '588', '589', '590', '591', '592', '593', '594', '595', '596', '597', '598', '599']}})
 Cluster1  13
 Cluster to drop  3
 After reassigning and merging cells 
 Timepoint  2
 Cluster  15  # of cells  30
 Cluster  19  # of cells  38
 Cluster  11  # of cells  3
 Cluster  3  # of cells  29
 Timepoint  3
 Cluster  13  # of cells  500
 Tp cluster cell dict  {'15_2': 30, '19_2': 38, '11_2': 3, '3_2': 29, '13_3': 500}
 New Graph is here 
 ID  0  Timepoint  1  Mutations  []  Type  subclone
 ID  1  Timepoint  2  Mutations  [0, 1, 2, 3, 4, 5, 6, 7, 8, 9, 10, 11, 12, 13, 14, 15, 18, 19, 20, 21]  Type  subclone
 ID  2  Timepoint  2  Mutations  [0, 1, 2, 3, 4, 5, 6, 7, 8, 9, 10, 11, 12, 13, 14, 15, 22, 23, 24, 25, 26]  Type  subclone
 ID  3  Timepoint  2  Mutations  [16, 17, 23, 27, 28, 29, 30, 31, 32]  Type  subclone
 ID  4  Timepoint  2  Mutations  [16, 17, 33, 34, 35, 36, 37]  Type  subclone
 ID  5  Timepoint  3  Mutations  [16, 17, 33, 34, 35, 36, 37]  Type  subclone
Timepoints  SortedDict({1: [0], 2: [1, 2, 3, 4], 3: [5]})
 Clone to nodes  {'15_2': 1, '19_2': 2, '11_2': 3, '3_2': 4, '13_3': 5}
 Timepoint ====  1
 Hash table  {'0,1': [0, 1, 2, 3, 4, 5, 6, 7, 8, 9, 10, 11, 12, 13, 14, 15], '0': [18, 19, 20, 21], '1': [22, 24, 25, 26], '1,2': [23], '2,3': [16, 17], '2': [27, 28, 29, 30, 31, 32], '3': [33, 34, 35, 36, 37]}
 Final possible usc  [[0, 1, 2, 3, 4, 5, 6, 7, 8, 9, 10, 11, 12, 13, 14, 15], [18, 19, 20, 21], [22, 24, 25, 26], [23], [16, 17], [27, 28, 29, 30, 31, 32], [33, 34, 35, 36, 37]]
 Time  1  USC keys  {'18,19,20,21_0', '0,1,2,3,4,5,6,7,8,9,10,11,12,13,14,15_0', '23_0', '22,24,25,26_0', '16,17_0', '27,28,29,30,31,32_0', '33,34,35,36,37_0'}
 USC children  {'0,1,2,3,4,5,6,7,8,9,10,11,12,13,14,15_0': [1, 2], '18,19,20,21_0': [1], '22,24,25,26_0': [2], '23_0': [2, 3], '16,17_0': [3, 4], '27,28,29,30,31,32_0': [3], '33,34,35,36,37_0': [4]}
 USC children  {'0,1,2,3,4,5,6,7,8,9,10,11,12,13,14,15_0': [1, 2], '18,19,20,21_0': [1], '22,24,25,26_0': [2], '23_0': [2, 3], '16,17_0': [3, 4], '27,28,29,30,31,32_0': [3], '33,34,35,36,37_0': [4]}
 Timepoint ====  2
 Hash table  {}
====== Inside find superset of t nodes ==========
 Final possible usc  []
 Time  2  USC keys  set()
 USC children  {'0,1,2,3,4,5,6,7,8,9,10,11,12,13,14,15_0': [1, 2], '18,19,20,21_0': [1], '22,24,25,26_0': [2], '23_0': [2, 3], '16,17_0': [3, 4], '27,28,29,30,31,32_0': [3], '33,34,35,36,37_0': [4]}
 USC children  {'0,1,2,3,4,5,6,7,8,9,10,11,12,13,14,15_0': [1, 2], '18,19,20,21_0': [1], '22,24,25,26_0': [2], '23_0': [2, 3], '16,17_0': [3, 4], '27,28,29,30,31,32_0': [3], '33,34,35,36,37_0': [4]}
 Node s  {'1,2': ['0', '1', '2', '3', '4', '5', '6', '7', '8', '9', '10', '11', '12', '13', '14', '15'], '2,3': ['23'], '3,4': ['16', '17']}
 Enroll USC nodes  ['1', '2']  len  2
 Enroll USC nodes  ['2', '3']  len  2
 Enroll USC nodes  ['3', '4']  len  2
 Node TP  SortedDict({1: [0], 2: [1, 2, 3, 4], 3: [5]})
 Unobserved subclones at timepoints  {1.5: [6, 7, 8]}
 ============== Inside finding node v ============ 
 Time  2
 Time  3
 Sorted all timepoints  [1, 1.5, 2, 3]
 Timepoint  2
 Inside usc_node check  2
 Timepoint  3
0   1   [-1]   subclone   []   []
1   2   [6]   subclone   [0, 1, 2, 3, 4, 5, 6, 7, 8, 9, 10, 11, 12, 13, 14, 15, 18, 19, 20, 21]   [4]
2   2   [6]   subclone   [0, 1, 2, 3, 4, 5, 6, 7, 8, 9, 10, 11, 12, 13, 14, 15, 22, 23, 24, 25, 26]   [5, 20]
3   2   [7]   subclone   [16, 17, 23, 27, 28, 29, 30, 31, 32]   [8, 7]
4   2   [8]   subclone   [16, 17, 33, 34, 35, 36, 37]   [5]
5   3   [4]   subclone   [16, 17, 33, 34, 35, 36, 37]   [0]
6   1.5   [0]   unobserved subclone   [0, 1, 2, 3, 4, 5, 6, 7, 8, 9, 10, 11, 12, 13, 14, 15]   [16]
7   1.5   [0]   unobserved subclone   [23]   [1]
8   1.5   [0]   unobserved subclone   [16, 17]   [2]
 List of tree files  ['all_trees/mp3_rep1_m1_tree.csv', 'all_trees/mp3_rep1_m2_tree.csv', 'all_trees/mp3_rep1_m3_tree.csv', 'all_trees/mp3_rep1_m4_tree.csv', 'all_trees/mp3_rep1_m5_tree.csv']
{'1': ['0', '1', '2', '3', '4', '5', '6', '7', '8', '9', '10', '11', '12', '13', '14', '15', '18', '19', '20', '21'], '2': ['0', '1', '2', '3', '4', '5', '6', '7', '8', '9', '10', '11', '12', '13', '14', '15', '22', '23', '24', '25', '26'], '3': ['6', '16', '17', '27', '28', '29', '30', '31', '32'], '4': ['16', '17', '33', '34', '35', '36', '37'], '5': ['16', '17', '33', '34', '35', '36', '37'], '6': ['6'], '7': ['16', '17']}
 Actual mutation of  1   ['18', '10', '12', '19', '15', '0', '5', '8', '11', '2', '1', '7', '14', '4', '21', '9', '20', '3', '13']
 Actual mutation of  2   ['23', '10', '12', '15', '0', '5', '8', '11', '2', '1', '25', '7', '14', '4', '26', '9', '22', '3', '13', '24']
 Actual mutation of  3   ['29', '30', '16', '27', '31', '32', '28', '17']
 Actual mutation of  4   ['37', '34', '33', '35', '36']
 Actual mutation of  5   []
 Updated node mutation  {'1': ['18', '10', '12', '19', '15', '0', '5', '8', '11', '2', '1', '7', '14', '4', '21', '9', '20', '3', '13'], '2': ['23', '10', '12', '15', '0', '5', '8', '11', '2', '1', '25', '7', '14', '4', '26', '9', '22', '3', '13', '24'], '3': ['29', '30', '16', '27', '31', '32', '28', '17'], '4': ['37', '34', '33', '35', '36'], '5': [], '6': ['6'], '7': ['16', '17']}
{'1': ['0', '1', '2', '3', '4', '5', '6', '7', '8', '9', '10', '11', '12', '13', '14', '15', '18', '19', '20', '21'], '2': ['0', '1', '2', '3', '4', '5', '6', '7', '8', '9', '10', '11', '12', '13', '14', '15', '22', '23', '24', '25', '26'], '3': ['6', '16', '17', '23', '27', '28', '29', '30', '31', '32'], '4': ['16', '17', '33', '34', '35', '36', '37'], '5': ['16', '17', '33', '34', '35', '36', '37'], '6': ['6'], '7': ['16', '17']}
 Actual mutation of  1   ['18', '10', '12', '19', '15', '0', '5', '8', '11', '2', '1', '7', '14', '4', '21', '9', '20', '3', '13']
 Actual mutation of  2   ['23', '10', '12', '15', '0', '5', '8', '11', '2', '1', '25', '7', '14', '4', '26', '9', '22', '3', '13', '24']
 Actual mutation of  3   ['29', '30', '23', '16', '27', '31', '32', '28', '17']
 Actual mutation of  4   ['37', '34', '33', '35', '36']
 Actual mutation of  5   []
 Updated node mutation  {'1': ['18', '10', '12', '19', '15', '0', '5', '8', '11', '2', '1', '7', '14', '4', '21', '9', '20', '3', '13'], '2': ['23', '10', '12', '15', '0', '5', '8', '11', '2', '1', '25', '7', '14', '4', '26', '9', '22', '3', '13', '24'], '3': ['29', '30', '23', '16', '27', '31', '32', '28', '17'], '4': ['37', '34', '33', '35', '36'], '5': [], '6': ['6'], '7': ['16', '17']}
{'1': ['0', '1', '2', '3', '4', '5', '6', '7', '8', '9', '10', '11', '12', '13', '14', '15', '18', '19', '20', '21'], '2': ['0', '1', '2', '3', '4', '5', '6', '7', '8', '9', '10', '11', '12', '13', '14', '15', '22', '23', '24', '25', '26'], '3': ['6', '16', '17', '27', '28', '29', '30', '31', '32'], '4': ['16', '17', '33', '34', '35', '36', '37'], '5': ['16', '17', '33', '34', '35', '36', '37'], '6': ['6'], '7': ['16', '17']}
 Actual mutation of  1   ['18', '10', '12', '19', '15', '0', '5', '8', '11', '2', '1', '7', '14', '4', '21', '9', '20', '3', '13']
 Actual mutation of  2   ['23', '10', '12', '15', '0', '5', '8', '11', '2', '1', '25', '7', '14', '4', '26', '9', '22', '3', '13', '24']
 Actual mutation of  3   ['29', '30', '16', '27', '31', '32', '28', '17']
 Actual mutation of  4   ['37', '34', '33', '35', '36']
 Actual mutation of  5   []
 Updated node mutation  {'1': ['18', '10', '12', '19', '15', '0', '5', '8', '11', '2', '1', '7', '14', '4', '21', '9', '20', '3', '13'], '2': ['23', '10', '12', '15', '0', '5', '8', '11', '2', '1', '25', '7', '14', '4', '26', '9', '22', '3', '13', '24'], '3': ['29', '30', '16', '27', '31', '32', '28', '17'], '4': ['37', '34', '33', '35', '36'], '5': [], '6': ['6'], '7': ['16', '17']}
{'1': ['0', '1', '2', '3', '4', '5', '6', '7', '8', '9', '10', '11', '12', '13', '14', '15', '18', '19', '20', '21'], '2': ['0', '1', '2', '3', '4', '5', '6', '7', '8', '9', '10', '11', '12', '13', '14', '15', '22', '23', '24', '25', '26'], '3': ['6', '16', '17', '23', '27', '28', '29', '30', '31', '32'], '4': ['16', '17', '33', '34', '35', '36', '37'], '5': ['16', '17', '33', '34', '35', '36', '37'], '6': ['6'], '7': ['16', '17']}
 Actual mutation of  1   ['18', '10', '12', '19', '15', '0', '5', '8', '11', '2', '1', '7', '14', '4', '21', '9', '20', '3', '13']
 Actual mutation of  2   ['23', '10', '12', '15', '0', '5', '8', '11', '2', '1', '25', '7', '14', '4', '26', '9', '22', '3', '13', '24']
 Actual mutation of  3   ['29', '30', '23', '16', '27', '31', '32', '28', '17']
 Actual mutation of  4   ['37', '34', '33', '35', '36']
 Actual mutation of  5   []
 Updated node mutation  {'1': ['18', '10', '12', '19', '15', '0', '5', '8', '11', '2', '1', '7', '14', '4', '21', '9', '20', '3', '13'], '2': ['23', '10', '12', '15', '0', '5', '8', '11', '2', '1', '25', '7', '14', '4', '26', '9', '22', '3', '13', '24'], '3': ['29', '30', '23', '16', '27', '31', '32', '28', '17'], '4': ['37', '34', '33', '35', '36'], '5': [], '6': ['6'], '7': ['16', '17']}
{'1': ['0', '1', '2', '3', '4', '5', '6', '7', '8', '9', '10', '11', '12', '13', '14', '15', '18', '19', '20', '21'], '2': ['0', '1', '2', '3', '4', '5', '6', '7', '8', '9', '10', '11', '12', '13', '14', '15', '22', '23', '24', '25', '26'], '3': ['16', '17', '23', '27', '28', '29', '30', '31', '32'], '4': ['16', '17', '33', '34', '35', '36', '37'], '5': ['16', '17', '33', '34', '35', '36', '37'], '6': ['0', '1', '2', '3', '4', '5', '6', '7', '8', '9', '10', '11', '12', '13', '14', '15'], '7': ['23'], '8': ['16', '17']}
 Actual mutation of  1   ['20', '21', '18', '19']
 Actual mutation of  2   ['23', '25', '26', '22', '24']
 Actual mutation of  3   ['29', '30', '16', '27', '31', '32', '28', '17']
 Actual mutation of  4   ['37', '34', '33', '35', '36']
 Actual mutation of  5   []
 Updated node mutation  {'1': ['20', '21', '18', '19'], '2': ['23', '25', '26', '22', '24'], '3': ['29', '30', '16', '27', '31', '32', '28', '17'], '4': ['37', '34', '33', '35', '36'], '5': [], '6': ['0', '1', '2', '3', '4', '5', '6', '7', '8', '9', '10', '11', '12', '13', '14', '15'], '7': ['23'], '8': ['16', '17']}
 Parallel mutation count  {'m1': 17, 'm2': 18, 'm3': 17, 'm4': 18, 'm5': 3}
 Clusters with least parallel mutations  ['m5']
 Best tree path  mp3_rep1_m5_tree.csv
