
DPMM with:
	600 cells
	31 mutations
	learning errors

	Priors:
	params.:	Beta(0.25,0.25)
	CRP a_0:	Gamma(24.49,1)
	FP:		trunc norm(0.01,0.01)
	FN:		trunc norm(0.2,0.1)

Move probabilitites:
	Split/merge:	0.33
		split/merge ratio:	[0.75, 0.25]
		intermediate Gibbs:	3
	CRP a_0 update:	0.25
	Errors update:	0.25

Run MCMC with (1 chains for 5000 steps):

Clustering time:	0:24:40.776672	(0.30 secs. per MCMC step)	Lugsail PSRF:		1.00809

Chain mean - posterior clusters	(#18):
	18 clusters

	A: 364 items
	B: 11 items
	C: 21 items
	D: 5 items
	E: 98 items
	F: 59 items
	G: 2 items
	H: 8 items
	I: 2 items
	J: 10 items
	K: 1 items
	L: 1 items
	M: 5 items
	N: 1 items
	O: 1 items
	P: 1 items
	Q: 9 items
	R: 1 items

Inferred latent variables	--	chain mean - posterior
	CRP a_0:	113.9 +- 19.4
	FP (model|genotypes): 1.4E-03 +- 1.1E-03	|	7.2E-03
	FN (model|genotypes): 0.299   +- 0.021	|	0.314

Writing output to: ./sim_output/bp4/rep3/m4

Too many cells to plot genotypes/clusters
