
DPMM with:
	600 cells
	32 mutations
	learning errors

	Priors:
	params.:	Beta(0.25,0.25)
	CRP a_0:	Gamma(24.49,1)
	FP:		trunc norm(0.01,0.01)
	FN:		trunc norm(0.2,0.1)

Move probabilitites:
	Split/merge:	0.33
		split/merge ratio:	[0.75, 0.25]
		intermediate Gibbs:	3
	CRP a_0 update:	0.25
	Errors update:	0.25

Run MCMC with (1 chains for 5000 steps):

Clustering time:	0:17:20.741887	(0.21 secs. per MCMC step)	Lugsail PSRF:		1.00707

Chain mean - posterior clusters	(#13):
	13 clusters

	A: 401 items
	B: 27 items
	C: 55 items
	D: 13 items
	E: 7 items
	F: 6 items
	G: 5 items
	H: 38 items
	I: 5 items
	J: 30 items
	K: 5 items
	L: 2 items
	M: 6 items

Inferred latent variables	--	chain mean - posterior
	CRP a_0:	101.9 +- 19.0
	FP (model|genotypes): 1.2E-03 +- 8.7E-04	|	7.5E-03
	FN (model|genotypes): 0.119   +- 0.014	|	0.160

Writing output to: ./sim_output/mc12/rep1/m5

Too many cells to plot genotypes/clusters
