
DPMM with:
	600 cells
	43 mutations
	learning errors

	Priors:
	params.:	Beta(0.25,0.25)
	CRP a_0:	Gamma(24.49,1)
	FP:		trunc norm(0.01,0.01)
	FN:		trunc norm(0.2,0.1)

Move probabilitites:
	Split/merge:	0.33
		split/merge ratio:	[0.75, 0.25]
		intermediate Gibbs:	3
	CRP a_0 update:	0.25
	Errors update:	0.25

Run MCMC with (1 chains for 5000 steps):

Clustering time:	0:18:37.769257	(0.22 secs. per MCMC step)	Lugsail PSRF:		1.01001

Chain mean - posterior clusters	(#14):
	14 clusters

	A: 215 items
	B: 9 items
	C: 19 items
	D: 39 items
	E: 72 items
	F: 2 items
	G: 71 items
	H: 1 items
	I: 99 items
	J: 1 items
	K: 1 items
	L: 1 items
	M: 69 items
	N: 1 items

Inferred latent variables	--	chain mean - posterior
	CRP a_0:	111.1 +- 19.6
	FP (model|genotypes): 1.8E-03 +- 9.9E-04	|	7.6E-03
	FN (model|genotypes): 0.279   +- 0.020	|	0.316

Writing output to: ./sim_output/bp4/rep4/m2

Too many cells to plot genotypes/clusters
