6
 Total estimated FP  153  True negatives  15729
 Total estimated FN  1230  True positives  4968
 Estimated FP rate  0.02988
 Estimated FN rate  0.07
 No. of Cells in each cluster  {'5_2': 41, '5_3': 47, '1_2': 21, '1_3': 54, '0_2': 32, '0_3': 279, '2_2': 1, '2_3': 6, '4_2': 5, '3_3': 114}
 Cells in each cluster  {'5_2': [0, 1, 2, 3, 4, 5, 6, 7, 8, 9, 10, 11, 12, 13, 14, 15, 16, 17, 18, 19, 20, 21, 22, 23, 25, 26, 27, 28, 29, 30, 31, 32, 33, 34, 35, 36, 37, 38, 39, 40, 41], '5_3': [115, 136, 150, 271, 272, 273, 274, 275, 276, 277, 278, 279, 280, 281, 282, 283, 284, 285, 286, 287, 288, 289, 290, 291, 292, 293, 294, 295, 296, 297, 298, 299, 300, 301, 302, 303, 304, 305, 306, 307, 308, 309, 310, 311, 312, 313, 314], '1_2': [24, 42, 43, 44, 45, 46, 47, 48, 49, 50, 51, 52, 53, 54, 55, 56, 57, 58, 59, 60, 61], '1_3': [100, 101, 102, 103, 104, 105, 106, 107, 108, 109, 110, 111, 112, 113, 114, 116, 117, 118, 119, 120, 121, 122, 123, 124, 125, 126, 127, 128, 129, 130, 131, 132, 133, 134, 135, 137, 138, 139, 140, 141, 142, 143, 144, 145, 146, 147, 148, 149, 151, 152, 153, 154, 155, 156], '0_2': [62, 63, 64, 65, 66, 67, 68, 69, 70, 71, 72, 73, 74, 75, 76, 77, 78, 79, 80, 81, 82, 83, 84, 85, 86, 87, 88, 89, 90, 91, 93, 94], '0_3': [315, 316, 317, 318, 319, 320, 321, 322, 323, 324, 325, 326, 327, 328, 329, 330, 331, 332, 333, 334, 335, 336, 337, 338, 339, 340, 341, 342, 343, 344, 345, 346, 347, 348, 349, 350, 351, 352, 353, 354, 355, 356, 357, 358, 359, 360, 361, 362, 363, 364, 365, 366, 367, 368, 369, 370, 371, 372, 373, 374, 375, 376, 377, 378, 379, 380, 381, 382, 383, 384, 385, 386, 387, 388, 389, 390, 391, 392, 393, 394, 395, 396, 397, 398, 399, 400, 401, 402, 403, 404, 405, 406, 407, 408, 409, 411, 412, 414, 415, 416, 417, 418, 419, 420, 421, 422, 423, 424, 425, 426, 427, 428, 429, 430, 431, 432, 433, 434, 435, 436, 437, 438, 439, 440, 441, 442, 443, 444, 445, 446, 447, 448, 449, 450, 451, 452, 453, 454, 455, 456, 457, 458, 460, 461, 462, 463, 464, 465, 466, 467, 468, 469, 470, 471, 472, 473, 474, 475, 476, 477, 478, 479, 480, 481, 482, 483, 484, 485, 486, 487, 488, 489, 490, 491, 492, 493, 494, 495, 496, 497, 499, 500, 501, 502, 503, 504, 505, 506, 507, 508, 509, 510, 511, 512, 513, 514, 515, 516, 517, 518, 519, 520, 521, 522, 523, 524, 525, 526, 527, 529, 530, 531, 532, 533, 534, 535, 536, 537, 538, 539, 540, 541, 542, 543, 544, 545, 546, 547, 548, 549, 550, 551, 552, 553, 554, 555, 556, 557, 558, 559, 560, 561, 562, 563, 564, 565, 566, 567, 568, 569, 570, 571, 572, 573, 574, 575, 576, 577, 578, 579, 580, 581, 582, 583, 584, 585, 586, 587, 588, 589, 590, 591, 592, 593, 594, 596, 597, 598, 599], '2_2': [92], '2_3': [410, 413, 459, 498, 528, 595], '4_2': [95, 96, 97, 98, 99], '3_3': [157, 158, 159, 160, 161, 162, 163, 164, 165, 166, 167, 168, 169, 170, 171, 172, 173, 174, 175, 176, 177, 178, 179, 180, 181, 182, 183, 184, 185, 186, 187, 188, 189, 190, 191, 192, 193, 194, 195, 196, 197, 198, 199, 200, 201, 202, 203, 204, 205, 206, 207, 208, 209, 210, 211, 212, 213, 214, 215, 216, 217, 218, 219, 220, 221, 222, 223, 224, 225, 226, 227, 228, 229, 230, 231, 232, 233, 234, 235, 236, 237, 238, 239, 240, 241, 242, 243, 244, 245, 246, 247, 248, 249, 250, 251, 252, 253, 254, 255, 256, 257, 258, 259, 260, 261, 262, 263, 264, 265, 266, 267, 268, 269, 270]}
FP rate  0.02988 FN rate  0.07
 Before reassigning cells 
 Timepoint  2
 Cluster  5  # of cells  43
 Cluster  1  # of cells  19
 Cluster  0  # of cells  30
 Cluster  2  # of cells  1
 Cluster  4  # of cells  5
 Timepoint  3
 Cluster  5  # of cells  50
 Cluster  1  # of cells  51
 Cluster  0  # of cells  258
 Cluster  2  # of cells  10
 Cluster  3  # of cells  114
 Cells absent at timepoint  3   {577, 482, 483, 457, 330, 395, 332, 492, 511, 589, 591, 403, 505, 411, 317, 478, 319}
 Missing cell prob  {'5': 1.3946869652409626e-15, '3': 4.501893784717369e-30, '2': 4.8283176702424514e-05, '1': 7.261425831844547e-18, '0': 4.828317670242451e-05}
 Missing cell prob  {'5': 7.10515454699604e-23, '3': 8.616081075003212e-41, '2': 3.199112130310528e-05, '1': 8.30794533041404e-25, '0': 3.199112130310528e-05}
 Missing cell prob  {'5': 3.580837604219952e-17, '3': 1.0066792112289173e-37, '2': 0.0012009043844305614, '1': 1.3452480505867471e-20, '0': 0.0012009043844305614}
 Missing cell prob  {'5': 3.8048164397528106e-17, '3': 1.4824074948444038e-36, '2': 0.0012760200962668308, '1': 1.03139266171073e-21, '0': 0.0012760200962668303}
 Missing cell prob  {'5': 1.2353174446228239e-15, '3': 4.812962379178223e-35, '2': 9.604452337492275e-05, '1': 4.640837055208102e-19, '0': 9.604452337492275e-05}
 Missing cell prob  {'5': 1.2733656090203521e-15, '3': 6.875660541683174e-34, '2': 9.900272479169872e-05, '1': 4.783776290776503e-19, '0': 9.900272479169872e-05}
 Missing cell prob  {'5': 3.804816439752812e-17, '3': 1.0696462771523963e-37, '2': 0.017684180225576825, '1': 1.03139266171073e-21, '0': 0.017684180225576825}
 Missing cell prob  {'5': 9.241139515337291e-12, '3': 9.583886764165051e-28, '2': 0.00012018834823524288, '1': 4.811391435120775e-14, '0': 0.00012018834823524294}
 Missing cell prob  {'5': 5.273040749332851e-16, '3': 2.054447369854933e-35, '2': 9.207253405627981e-05, '1': 1.980974445851686e-19, '0': 9.20725340562798e-05}
 Missing cell prob  {'5': 1.1278593615692357e-15, '3': 3.170745780662125e-36, '2': 6.327345681408336e-06, '1': 3.0573508272578674e-20, '0': 6.327345681408334e-06}
 Missing cell prob  {'5': 7.307831845346839e-15, '3': 2.054447369854933e-35, '2': 0.0012760200962668303, '1': 1.9809744458516864e-19, '0': 0.0012760200962668303}
 Missing cell prob  {'5': 1.3530137187195628e-15, '3': 5.271522842209659e-35, '2': 0.020204637712591563, '1': 5.082998082291182e-19, '0': 0.02020463771259157}
 Missing cell prob  {'5': 7.549576891042511e-23, '3': 2.941416371432787e-42, '2': 0.2032056307672042, '1': 2.046505614065321e-27, '0': 0.2032056307672042}
 Missing cell prob  {'5': 7.958154065386987e-20, '3': 3.1006035162165555e-39, '2': 8.30689082669707e-05, '1': 2.9897170511486945e-23, '0': 8.30689082669707e-05}
 Missing cell prob  {'5': 5.435452056789729e-16, '3': 2.9349248140784745e-34, '2': 6.848212372712254e-06, '1': 2.041989079548598e-19, '0': 6.848212372712256e-06}
 Missing cell prob  {'5': 1.932876741027946e-14, '3': 1.446414906315645e-31, '2': 0.0015027896363204421, '1': 5.239556016050782e-19, '0': 0.0015027896363204421}
 Missing cell prob  {'5': 1.1984061593774935e-15, '3': 1.4532498289351376e-33, '2': 2.160072312806326e-07, '1': 4.502168843998485e-19, '0': 2.160072312806326e-07}
 Cells absent at timepoint  2   {74, 91}
 Missing cell prob  {'5': 1.1459710764864006e-21, '2': 0.0160594972579525, '1': 5.966488670744375e-24, '4': 7.282241573704126e-11, '0': 0.0160594972579525}
 Missing cell prob  {'5': 1.5755845759006568e-17, '2': 0.0011866986895281524, '1': 4.271024358783849e-22, '4': 7.457633165059077e-11, '0': 0.0011866986895281522}
 Timepoint  2
SortedDict({2: {'5': ['0', '1', '2', '3', '4', '5', '6', '7', '8', '9', '10', '11', '12', '13', '14', '15', '16', '17', '18', '19', '20', '21', '22', '23', '24', '25', '26', '27', '28', '29', '30', '31', '32', '33', '34', '35', '36', '37', '38', '39', '40', '41', '51'], '1': ['42', '43', '44', '45', '46', '47', '48', '49', '50', '52', '53', '54', '55', '56', '57', '58', '59', '60', '61'], '0': ['62', '63', '64', '65', '66', '67', '68', '69', '70', '71', '72', '73', '75', '76', '77', '78', '79', '80', '81', '82', '83', '84', '85', '86', '87', '88', '89', '90', '93', '94'], '2': ['92', '74', '91'], '4': ['95', '96', '97', '98', '99']}, 3: {'5': ['111', '113', '115', '136', '144', '150', '271', '272', '273', '274', '275', '276', '277', '278', '279', '280', '281', '282', '283', '284', '285', '286', '287', '288', '289', '290', '291', '292', '293', '294', '295', '296', '297', '298', '299', '300', '301', '302', '303', '304', '305', '306', '307', '308', '309', '310', '311', '312', '313', '314'], '1': ['100', '101', '102', '103', '104', '105', '106', '107', '108', '109', '110', '112', '114', '116', '117', '118', '119', '120', '121', '122', '123', '124', '125', '126', '127', '128', '129', '130', '131', '132', '133', '134', '135', '137', '138', '139', '140', '141', '142', '143', '145', '146', '147', '148', '149', '151', '152', '153', '154', '155', '156'], '0': ['315', '316', '318', '320', '321', '322', '323', '324', '325', '326', '327', '328', '329', '331', '333', '334', '335', '336', '337', '338', '339', '340', '341', '342', '343', '344', '345', '346', '347', '348', '349', '350', '351', '352', '353', '354', '355', '356', '357', '358', '359', '360', '361', '362', '363', '364', '365', '366', '367', '368', '369', '370', '371', '372', '373', '374', '375', '376', '377', '378', '379', '380', '381', '382', '383', '384', '385', '386', '387', '388', '389', '390', '391', '392', '393', '394', '396', '397', '398', '399', '400', '401', '402', '404', '405', '406', '407', '408', '409', '412', '414', '415', '416', '417', '418', '419', '420', '421', '422', '423', '424', '425', '426', '427', '428', '429', '430', '431', '432', '433', '434', '435', '437', '438', '439', '440', '441', '443', '444', '445', '446', '447', '448', '449', '450', '451', '452', '453', '454', '455', '456', '458', '460', '461', '462', '463', '464', '465', '466', '467', '468', '469', '470', '471', '472', '473', '474', '475', '476', '477', '479', '480', '481', '485', '486', '487', '488', '489', '490', '491', '493', '494', '495', '496', '497', '499', '500', '501', '502', '503', '504', '506', '507', '508', '509', '510', '512', '513', '514', '515', '516', '517', '518', '519', '520', '521', '522', '523', '524', '525', '526', '527', '529', '530', '531', '532', '533', '534', '535', '536', '537', '538', '539', '540', '541', '542', '543', '545', '546', '547', '548', '549', '550', '551', '552', '553', '554', '555', '556', '557', '558', '559', '560', '561', '562', '563', '564', '565', '566', '567', '568', '569', '570', '571', '572', '573', '574', '575', '576', '578', '579', '580', '581', '582', '583', '584', '585', '586', '587', '588', '590', '592', '593', '594', '595', '596', '597', '599', '492', '403', '317'], '2': ['410', '413', '436', '442', '459', '484', '498', '528', '544', '598', '577', '482', '483', '457', '330', '395', '332', '511', '589', '591', '505', '411', '478', '319'], '3': ['157', '158', '159', '160', '161', '162', '163', '164', '165', '166', '167', '168', '169', '170', '171', '172', '173', '174', '175', '176', '177', '178', '179', '180', '181', '182', '183', '184', '185', '186', '187', '188', '189', '190', '191', '192', '193', '194', '195', '196', '197', '198', '199', '200', '201', '202', '203', '204', '205', '206', '207', '208', '209', '210', '211', '212', '213', '214', '215', '216', '217', '218', '219', '220', '221', '222', '223', '224', '225', '226', '227', '228', '229', '230', '231', '232', '233', '234', '235', '236', '237', '238', '239', '240', '241', '242', '243', '244', '245', '246', '247', '248', '249', '250', '251', '252', '253', '254', '255', '256', '257', '258', '259', '260', '261', '262', '263', '264', '265', '266', '267', '268', '269', '270']}})
 Cluster1  0
 Cluster to drop  2
 Timepoint  3
SortedDict({2: {'5': ['0', '1', '2', '3', '4', '5', '6', '7', '8', '9', '10', '11', '12', '13', '14', '15', '16', '17', '18', '19', '20', '21', '22', '23', '24', '25', '26', '27', '28', '29', '30', '31', '32', '33', '34', '35', '36', '37', '38', '39', '40', '41', '51'], '1': ['42', '43', '44', '45', '46', '47', '48', '49', '50', '52', '53', '54', '55', '56', '57', '58', '59', '60', '61'], '0': ['62', '63', '64', '65', '66', '67', '68', '69', '70', '71', '72', '73', '75', '76', '77', '78', '79', '80', '81', '82', '83', '84', '85', '86', '87', '88', '89', '90', '93', '94', '92', '74', '91'], '4': ['95', '96', '97', '98', '99']}, 3: {'5': ['111', '113', '115', '136', '144', '150', '271', '272', '273', '274', '275', '276', '277', '278', '279', '280', '281', '282', '283', '284', '285', '286', '287', '288', '289', '290', '291', '292', '293', '294', '295', '296', '297', '298', '299', '300', '301', '302', '303', '304', '305', '306', '307', '308', '309', '310', '311', '312', '313', '314'], '1': ['100', '101', '102', '103', '104', '105', '106', '107', '108', '109', '110', '112', '114', '116', '117', '118', '119', '120', '121', '122', '123', '124', '125', '126', '127', '128', '129', '130', '131', '132', '133', '134', '135', '137', '138', '139', '140', '141', '142', '143', '145', '146', '147', '148', '149', '151', '152', '153', '154', '155', '156'], '0': ['315', '316', '318', '320', '321', '322', '323', '324', '325', '326', '327', '328', '329', '331', '333', '334', '335', '336', '337', '338', '339', '340', '341', '342', '343', '344', '345', '346', '347', '348', '349', '350', '351', '352', '353', '354', '355', '356', '357', '358', '359', '360', '361', '362', '363', '364', '365', '366', '367', '368', '369', '370', '371', '372', '373', '374', '375', '376', '377', '378', '379', '380', '381', '382', '383', '384', '385', '386', '387', '388', '389', '390', '391', '392', '393', '394', '396', '397', '398', '399', '400', '401', '402', '404', '405', '406', '407', '408', '409', '412', '414', '415', '416', '417', '418', '419', '420', '421', '422', '423', '424', '425', '426', '427', '428', '429', '430', '431', '432', '433', '434', '435', '437', '438', '439', '440', '441', '443', '444', '445', '446', '447', '448', '449', '450', '451', '452', '453', '454', '455', '456', '458', '460', '461', '462', '463', '464', '465', '466', '467', '468', '469', '470', '471', '472', '473', '474', '475', '476', '477', '479', '480', '481', '485', '486', '487', '488', '489', '490', '491', '493', '494', '495', '496', '497', '499', '500', '501', '502', '503', '504', '506', '507', '508', '509', '510', '512', '513', '514', '515', '516', '517', '518', '519', '520', '521', '522', '523', '524', '525', '526', '527', '529', '530', '531', '532', '533', '534', '535', '536', '537', '538', '539', '540', '541', '542', '543', '545', '546', '547', '548', '549', '550', '551', '552', '553', '554', '555', '556', '557', '558', '559', '560', '561', '562', '563', '564', '565', '566', '567', '568', '569', '570', '571', '572', '573', '574', '575', '576', '578', '579', '580', '581', '582', '583', '584', '585', '586', '587', '588', '590', '592', '593', '594', '595', '596', '597', '599', '492', '403', '317'], '2': ['410', '413', '436', '442', '459', '484', '498', '528', '544', '598', '577', '482', '483', '457', '330', '395', '332', '511', '589', '591', '505', '411', '478', '319'], '3': ['157', '158', '159', '160', '161', '162', '163', '164', '165', '166', '167', '168', '169', '170', '171', '172', '173', '174', '175', '176', '177', '178', '179', '180', '181', '182', '183', '184', '185', '186', '187', '188', '189', '190', '191', '192', '193', '194', '195', '196', '197', '198', '199', '200', '201', '202', '203', '204', '205', '206', '207', '208', '209', '210', '211', '212', '213', '214', '215', '216', '217', '218', '219', '220', '221', '222', '223', '224', '225', '226', '227', '228', '229', '230', '231', '232', '233', '234', '235', '236', '237', '238', '239', '240', '241', '242', '243', '244', '245', '246', '247', '248', '249', '250', '251', '252', '253', '254', '255', '256', '257', '258', '259', '260', '261', '262', '263', '264', '265', '266', '267', '268', '269', '270']}})
 Cluster1  0
 Cluster to drop  2
 After reassigning and merging cells 
 Timepoint  2
 Cluster  5  # of cells  43
 Cluster  1  # of cells  19
 Cluster  0  # of cells  33
 Cluster  4  # of cells  5
 Timepoint  3
 Cluster  5  # of cells  50
 Cluster  1  # of cells  51
 Cluster  0  # of cells  285
 Cluster  3  # of cells  114
 Tp cluster cell dict  {'5_2': 43, '1_2': 19, '0_2': 33, '4_2': 5, '5_3': 50, '1_3': 51, '0_3': 285, '3_3': 114}
 New Graph is here 
 ID  0  Timepoint  1  Mutations  []  Type  subclone
 ID  1  Timepoint  2  Mutations  [0, 1, 2, 3, 4, 5, 6]  Type  subclone
 ID  2  Timepoint  2  Mutations  [0, 1, 2, 3, 4, 5, 6, 17, 18, 19, 20]  Type  subclone
 ID  3  Timepoint  2  Mutations  [7, 8, 9, 10, 11, 12, 13, 14, 15, 16]  Type  subclone
 ID  4  Timepoint  2  Mutations  [8, 9, 10, 11, 12, 13, 14, 15, 16, 21, 22, 23, 24, 25, 26, 28, 29]  Type  subclone
 ID  5  Timepoint  3  Mutations  [0, 1, 2, 3, 4, 5, 6]  Type  subclone
 ID  6  Timepoint  3  Mutations  [0, 1, 2, 3, 4, 5, 6, 17, 18, 19, 20]  Type  subclone
 ID  7  Timepoint  3  Mutations  [7, 8, 9, 10, 11, 12, 13, 14, 15, 16]  Type  subclone
 ID  8  Timepoint  3  Mutations  [0, 1, 2, 3, 4, 5, 6, 17, 18, 19, 20, 30, 31, 32, 33, 34, 35, 36, 37, 38, 39, 40, 41, 42, 43, 44, 45]  Type  subclone
Timepoints  SortedDict({1: [0], 2: [1, 2, 3, 4], 3: [5, 6, 7, 8]})
 Clone to nodes  {'5_2': 1, '1_2': 2, '0_2': 3, '4_2': 4, '5_3': 5, '1_3': 6, '0_3': 7, '3_3': 8}
 Timepoint ====  1
 Hash table  {'0,1': [0, 1, 2, 3, 4, 5, 6], '1': [17, 18, 19, 20], '2': [7], '2,3': [8, 9, 10, 11, 12, 13, 14, 15, 16], '3': [21, 22, 23, 24, 25, 26, 28, 29]}
 Final possible usc  [[0, 1, 2, 3, 4, 5, 6], [17, 18, 19, 20], [7], [8, 9, 10, 11, 12, 13, 14, 15, 16], [21, 22, 23, 24, 25, 26, 28, 29]]
 Time  1  USC keys  {'17,18,19,20_0', '8,9,10,11,12,13,14,15,16_0', '7_0', '0,1,2,3,4,5,6_0', '21,22,23,24,25,26,28,29_0'}
 USC children  {'0,1,2,3,4,5,6_0': [1, 2], '17,18,19,20_0': [2], '7_0': [3], '8,9,10,11,12,13,14,15,16_0': [3, 4], '21,22,23,24,25,26,28,29_0': [4]}
 USC children  {'0,1,2,3,4,5,6_0': [1, 2], '17,18,19,20_0': [2], '7_0': [3], '8,9,10,11,12,13,14,15,16_0': [3, 4], '21,22,23,24,25,26,28,29_0': [4]}
 Timepoint ====  2
 Hash table  {'0': [0, 1, 2, 3, 4, 5, 6, 17, 18, 19, 20, 30, 31, 32, 33, 34, 35, 36, 37, 38, 39, 40, 41, 42, 43, 44, 45]}
====== Inside find superset of t nodes ==========
 Final possible usc  [[0, 1, 2, 3, 4, 5, 6, 17, 18, 19, 20, 30, 31, 32, 33, 34, 35, 36, 37, 38, 39, 40, 41, 42, 43, 44, 45]]
 Time  2  USC keys  {'0,1,2,3,4,5,6,17,18,19,20,30,31,32,33,34,35,36,37,38,39,40,41,42,43,44,45_1', '0,1,2,3,4,5,6,17,18,19,20,30,31,32,33,34,35,36,37,38,39,40,41,42,43,44,45_2'}
 USC children  {'0,1,2,3,4,5,6_0': [1, 2], '17,18,19,20_0': [2], '7_0': [3], '8,9,10,11,12,13,14,15,16_0': [3, 4], '21,22,23,24,25,26,28,29_0': [4], '0,1,2,3,4,5,6,17,18,19,20,30,31,32,33,34,35,36,37,38,39,40,41,42,43,44,45_1': [8], '0,1,2,3,4,5,6,17,18,19,20,30,31,32,33,34,35,36,37,38,39,40,41,42,43,44,45_2': [8]}
 USC children  {'0,1,2,3,4,5,6_0': [1, 2], '17,18,19,20_0': [2], '7_0': [3], '8,9,10,11,12,13,14,15,16_0': [3, 4], '21,22,23,24,25,26,28,29_0': [4], '0,1,2,3,4,5,6,17,18,19,20,30,31,32,33,34,35,36,37,38,39,40,41,42,43,44,45_1': [8], '0,1,2,3,4,5,6,17,18,19,20,30,31,32,33,34,35,36,37,38,39,40,41,42,43,44,45_2': [8]}
 Node s  {'1,2': ['0', '1', '2', '3', '4', '5', '6'], '3,4': ['8', '9', '10', '11', '12', '13', '14', '15', '16'], '8': ['0', '1', '2', '3', '4', '5', '6', '17', '18', '19', '20', '30', '31', '32', '33', '34', '35', '36', '37', '38', '39', '40', '41', '42', '43', '44', '45']}
 Enroll USC nodes  ['1', '2']  len  2
 Enroll USC nodes  ['3', '4']  len  2
 Enroll USC nodes  ['8']  len  1
 Node TP  SortedDict({1: [0], 2: [1, 2, 3, 4], 3: [5, 6, 7, 8]})
 Unobserved subclones at timepoints  {1.5: [9, 10]}
 ============== Inside finding node v ============ 
 Time  2
 Time  3
 largest_v_mut  [[0, 1, 2, 3, 4, 5, 6, 17, 18, 19, 20]]
 Sorted all timepoints  [1, 1.5, 2, 3]
 Timepoint  2
 Inside usc_node check  2
 Timepoint  3
0   1   [-1]   subclone   []   []
1   2   [9]   subclone   [0, 1, 2, 3, 4, 5, 6]   [0]
2   2   [9]   subclone   [0, 1, 2, 3, 4, 5, 6, 17, 18, 19, 20]   [4]
3   2   [10]   subclone   [7, 8, 9, 10, 11, 12, 13, 14, 15, 16]   [1]
4   2   [10]   subclone   [8, 9, 10, 11, 12, 13, 14, 15, 16, 21, 22, 23, 24, 25, 26, 28, 29]   [8]
5   3   [1]   subclone   [0, 1, 2, 3, 4, 5, 6]   [0]
6   3   [2]   subclone   [0, 1, 2, 3, 4, 5, 6, 17, 18, 19, 20]   [0]
7   3   [3]   subclone   [7, 8, 9, 10, 11, 12, 13, 14, 15, 16]   [0]
8   3   [2]   subclone   [0, 1, 2, 3, 4, 5, 6, 17, 18, 19, 20, 30, 31, 32, 33, 34, 35, 36, 37, 38, 39, 40, 41, 42, 43, 44, 45]   [16]
9   1.5   [0]   unobserved subclone   [0, 1, 2, 3, 4, 5, 6]   [7]
10   1.5   [0]   unobserved subclone   [8, 9, 10, 11, 12, 13, 14, 15, 16]   [9]
7
 Total estimated FP  156  True negatives  15731
 Total estimated FN  1228  True positives  4965
 Estimated FP rate  0.03046
 Estimated FN rate  0.07
 No. of Cells in each cluster  {'5_2': 41, '5_3': 46, '1_2': 21, '1_3': 55, '4_2': 5, '3_3': 114, '6_3': 4, '0_2': 33, '0_3': 281}
 Cells in each cluster  {'5_2': [0, 1, 2, 3, 4, 5, 6, 7, 8, 9, 10, 11, 12, 13, 14, 15, 16, 17, 18, 19, 20, 21, 22, 23, 25, 26, 27, 28, 29, 30, 31, 32, 33, 34, 35, 36, 37, 38, 39, 40, 41], '5_3': [115, 136, 271, 272, 273, 274, 275, 276, 277, 278, 279, 280, 281, 282, 283, 284, 285, 286, 287, 288, 289, 290, 291, 292, 293, 294, 295, 296, 297, 298, 299, 300, 301, 302, 303, 304, 305, 306, 307, 308, 309, 310, 311, 312, 313, 314], '1_2': [24, 42, 43, 44, 45, 46, 47, 48, 49, 50, 51, 52, 53, 54, 55, 56, 57, 58, 59, 60, 61], '1_3': [100, 101, 102, 103, 104, 105, 106, 107, 108, 109, 110, 111, 112, 113, 114, 116, 117, 118, 119, 120, 121, 122, 123, 124, 125, 126, 127, 128, 129, 130, 131, 132, 133, 134, 135, 137, 138, 139, 140, 141, 142, 143, 144, 145, 146, 147, 148, 149, 150, 151, 152, 153, 154, 155, 156], '4_2': [95, 96, 97, 98, 99], '3_3': [157, 158, 159, 160, 161, 162, 163, 164, 165, 166, 167, 168, 169, 170, 171, 172, 173, 174, 175, 176, 177, 178, 179, 180, 181, 182, 183, 184, 185, 186, 187, 188, 189, 190, 191, 192, 193, 194, 195, 196, 197, 198, 199, 200, 201, 202, 203, 204, 205, 206, 207, 208, 209, 210, 211, 212, 213, 214, 215, 216, 217, 218, 219, 220, 221, 222, 223, 224, 225, 226, 227, 228, 229, 230, 231, 232, 233, 234, 235, 236, 237, 238, 239, 240, 241, 242, 243, 244, 245, 246, 247, 248, 249, 250, 251, 252, 253, 254, 255, 256, 257, 258, 259, 260, 261, 262, 263, 264, 265, 266, 267, 268, 269, 270], '6_3': [459, 498, 528, 595], '0_2': [92, 62, 63, 64, 65, 66, 67, 68, 69, 70, 71, 72, 73, 74, 75, 76, 77, 78, 79, 80, 81, 82, 83, 84, 85, 86, 87, 88, 89, 90, 91, 93, 94], '0_3': [410, 413, 415, 524, 315, 316, 317, 318, 319, 320, 321, 322, 323, 324, 325, 326, 327, 328, 329, 330, 331, 332, 333, 334, 335, 336, 337, 338, 339, 340, 341, 342, 343, 344, 345, 346, 347, 348, 349, 350, 351, 352, 353, 354, 355, 356, 357, 358, 359, 360, 361, 362, 363, 364, 365, 366, 367, 368, 369, 370, 371, 372, 373, 374, 375, 376, 377, 378, 379, 380, 381, 382, 383, 384, 385, 386, 387, 388, 389, 390, 391, 392, 393, 394, 395, 396, 397, 398, 399, 400, 401, 402, 403, 404, 405, 406, 407, 408, 409, 411, 412, 414, 416, 417, 418, 419, 420, 421, 422, 423, 424, 425, 426, 427, 428, 429, 430, 431, 432, 433, 434, 435, 436, 437, 438, 439, 440, 441, 442, 443, 444, 445, 446, 447, 448, 449, 450, 451, 452, 453, 454, 455, 456, 457, 458, 460, 461, 462, 463, 464, 465, 466, 467, 468, 469, 470, 471, 472, 473, 474, 475, 476, 477, 478, 479, 480, 481, 482, 483, 484, 485, 486, 487, 488, 489, 490, 491, 492, 493, 494, 495, 496, 497, 499, 500, 501, 502, 503, 504, 505, 506, 507, 508, 509, 510, 511, 512, 513, 514, 515, 516, 517, 518, 519, 520, 521, 522, 523, 525, 526, 527, 529, 530, 531, 532, 533, 534, 535, 536, 537, 538, 539, 540, 541, 542, 543, 544, 545, 546, 547, 548, 549, 550, 551, 552, 553, 554, 555, 556, 557, 558, 559, 560, 561, 562, 563, 564, 565, 566, 567, 568, 569, 570, 571, 572, 573, 574, 575, 576, 577, 578, 579, 580, 581, 582, 583, 584, 585, 586, 587, 588, 589, 590, 591, 592, 593, 594, 596, 597, 598, 599]}
FP rate  0.03046 FN rate  0.07
 Before reassigning cells 
 Timepoint  2
 Cluster  5  # of cells  43
 Cluster  1  # of cells  19
 Cluster  4  # of cells  5
 Cluster  0  # of cells  33
 Timepoint  3
 Cluster  5  # of cells  50
 Cluster  1  # of cells  51
 Cluster  3  # of cells  114
 Cluster  6  # of cells  14
 Cluster  0  # of cells  261
 Cells absent at timepoint  2   set()
 Cells absent at timepoint  3   {387, 325, 326, 392, 520, 554, 589, 431, 591, 570}
 Missing cell prob  {'0': 0.001165597641149816, '6': 0.001165597641149816, '3': 6.9810940135171425e-37, '1': 4.819516525698535e-22, '5': 1.2805795074516916e-18}
 Missing cell prob  {'0': 0.001062296752619043, '6': 0.001062296752619043, '3': 2.3945152466363783e-40, '1': 2.2896298856396213e-24, '5': 8.426283182656295e-20}
 Missing cell prob  {'0': 0.0006172124033760076, '6': 0.0006172124033760076, '3': 4.7729101863930776e-33, '1': 1.0792205335311703e-19, '5': 2.0703586366498354e-17}
 Missing cell prob  {'0': 0.019857244872919556, '6': 0.019857244872919563, '3': 1.1086639278349514e-32, '1': 7.653849255289475e-18, '5': 2.8167653500214284e-13}
 Missing cell prob  {'0': 0.0014946313345208264, '6': 0.0014946313345208261, '3': 1.8395024347031667e-33, '1': 1.2699316705875553e-18, '5': 4.673595477639914e-14}
 Missing cell prob  {'0': 0.0012789438146209211, '6': 0.0012789438146209211, '3': 1.4694732182097582e-34, '1': 5.288180614302733e-22, '5': 1.9461532912643714e-17}
 Missing cell prob  {'0': 6.20740819809281e-06, '6': 6.207408198092809e-06, '3': 3.465702114575688e-36, '1': 3.313896266646712e-20, '5': 1.2195782626637047e-15}
 Missing cell prob  {'0': 3.588616692937417e-05, '6': 3.588616692937417e-05, '3': 2.4697436378451415e-40, '1': 2.3615630975922823e-24, '5': 8.691011389582994e-20}
 Missing cell prob  {'0': 0.0012533307969352862, '6': 0.0012533307969352866, '3': 2.291889039237405e-35, '1': 2.191498945842677e-19, '5': 8.065142243286411e-15}
 Missing cell prob  {'0': 0.00011479816045070655, '6': 0.00011479816045070655, '3': 9.974872677295968e-28, '1': 3.589648839362853e-15, '5': 9.537949954367172e-12}
 Timepoint  2
 Timepoint  3
SortedDict({2: {'5': ['0', '1', '2', '3', '4', '5', '6', '7', '8', '9', '10', '11', '12', '13', '14', '15', '16', '17', '18', '19', '20', '21', '22', '23', '24', '25', '26', '27', '28', '29', '30', '31', '32', '33', '34', '35', '36', '37', '38', '39', '40', '41', '51'], '1': ['42', '43', '44', '45', '46', '47', '48', '49', '50', '52', '53', '54', '55', '56', '57', '58', '59', '60', '61'], '4': ['95', '96', '97', '98', '99'], '0': ['62', '63', '64', '65', '66', '67', '68', '69', '70', '71', '72', '73', '74', '75', '76', '77', '78', '79', '80', '81', '82', '83', '84', '85', '86', '87', '88', '89', '90', '91', '92', '93', '94']}, 3: {'5': ['111', '113', '115', '136', '144', '150', '271', '272', '273', '274', '275', '276', '277', '278', '279', '280', '281', '282', '283', '284', '285', '286', '287', '288', '289', '290', '291', '292', '293', '294', '295', '296', '297', '298', '299', '300', '301', '302', '303', '304', '305', '306', '307', '308', '309', '310', '311', '312', '313', '314'], '1': ['100', '101', '102', '103', '104', '105', '106', '107', '108', '109', '110', '112', '114', '116', '117', '118', '119', '120', '121', '122', '123', '124', '125', '126', '127', '128', '129', '130', '131', '132', '133', '134', '135', '137', '138', '139', '140', '141', '142', '143', '145', '146', '147', '148', '149', '151', '152', '153', '154', '155', '156'], '3': ['157', '158', '159', '160', '161', '162', '163', '164', '165', '166', '167', '168', '169', '170', '171', '172', '173', '174', '175', '176', '177', '178', '179', '180', '181', '182', '183', '184', '185', '186', '187', '188', '189', '190', '191', '192', '193', '194', '195', '196', '197', '198', '199', '200', '201', '202', '203', '204', '205', '206', '207', '208', '209', '210', '211', '212', '213', '214', '215', '216', '217', '218', '219', '220', '221', '222', '223', '224', '225', '226', '227', '228', '229', '230', '231', '232', '233', '234', '235', '236', '237', '238', '239', '240', '241', '242', '243', '244', '245', '246', '247', '248', '249', '250', '251', '252', '253', '254', '255', '256', '257', '258', '259', '260', '261', '262', '263', '264', '265', '266', '267', '268', '269', '270'], '6': ['329', '330', '395', '400', '425', '436', '442', '459', '460', '498', '528', '539', '544', '595', '392', '591'], '0': ['315', '316', '317', '318', '319', '320', '321', '322', '323', '324', '327', '328', '331', '332', '333', '334', '335', '336', '337', '338', '339', '340', '341', '342', '343', '344', '345', '346', '347', '348', '349', '350', '351', '352', '353', '354', '355', '356', '357', '358', '359', '360', '361', '362', '363', '364', '365', '366', '367', '368', '369', '370', '371', '372', '373', '374', '375', '376', '377', '378', '379', '380', '381', '382', '383', '384', '385', '386', '388', '389', '390', '391', '393', '394', '396', '397', '398', '399', '401', '402', '403', '404', '405', '406', '407', '408', '409', '410', '411', '412', '413', '414', '415', '416', '417', '418', '419', '420', '421', '422', '423', '424', '426', '427', '428', '429', '430', '432', '433', '434', '435', '437', '438', '439', '440', '441', '443', '444', '445', '446', '447', '448', '449', '450', '451', '452', '453', '454', '455', '456', '457', '458', '461', '462', '463', '464', '465', '466', '467', '468', '469', '470', '471', '472', '473', '474', '475', '476', '477', '478', '479', '480', '481', '482', '483', '484', '485', '486', '487', '488', '489', '490', '491', '492', '493', '494', '495', '496', '497', '499', '500', '501', '502', '503', '504', '505', '506', '507', '508', '509', '510', '511', '512', '513', '514', '515', '516', '517', '518', '519', '521', '522', '523', '524', '525', '526', '527', '529', '530', '531', '532', '533', '534', '535', '536', '537', '538', '540', '541', '542', '543', '545', '546', '547', '548', '549', '550', '551', '552', '553', '555', '556', '557', '558', '559', '560', '561', '562', '563', '564', '565', '566', '567', '568', '569', '571', '572', '573', '574', '575', '576', '577', '578', '579', '580', '581', '582', '583', '584', '585', '586', '587', '588', '590', '592', '593', '594', '596', '597', '598', '599', '387', '325', '326', '520', '554', '589', '431', '570']}})
 Cluster1  6
 Cluster to drop  0
 After reassigning and merging cells 
 Timepoint  2
 Cluster  5  # of cells  43
 Cluster  1  # of cells  19
 Cluster  4  # of cells  5
 Cluster  0  # of cells  33
 Timepoint  3
 Cluster  5  # of cells  50
 Cluster  1  # of cells  51
 Cluster  3  # of cells  114
 Cluster  6  # of cells  285
 Tp cluster cell dict  {'5_2': 43, '1_2': 19, '4_2': 5, '0_2': 33, '5_3': 50, '1_3': 51, '3_3': 114, '6_3': 285}
 New Graph is here 
 ID  0  Timepoint  1  Mutations  []  Type  subclone
 ID  1  Timepoint  2  Mutations  [0, 1, 2, 3, 4, 5, 6]  Type  subclone
 ID  2  Timepoint  2  Mutations  [0, 1, 2, 3, 4, 5, 6, 17, 18, 19, 20]  Type  subclone
 ID  3  Timepoint  2  Mutations  [8, 9, 10, 11, 12, 13, 14, 15, 16, 21, 22, 23, 24, 25, 26, 28, 29]  Type  subclone
 ID  4  Timepoint  2  Mutations  [7, 8, 9, 10, 11, 12, 13, 14, 15, 16]  Type  subclone
 ID  5  Timepoint  3  Mutations  [0, 1, 2, 3, 4, 5, 6]  Type  subclone
 ID  6  Timepoint  3  Mutations  [0, 1, 2, 3, 4, 5, 6, 17, 18, 19, 20]  Type  subclone
 ID  7  Timepoint  3  Mutations  [0, 1, 2, 3, 4, 5, 6, 17, 18, 19, 20, 30, 31, 32, 33, 34, 35, 36, 37, 38, 39, 40, 41, 42, 43, 44, 45]  Type  subclone
 ID  8  Timepoint  3  Mutations  [7, 8, 9, 10, 11, 12, 13, 14, 15, 16]  Type  subclone
Timepoints  SortedDict({1: [0], 2: [1, 2, 3, 4], 3: [5, 6, 7, 8]})
 Clone to nodes  {'5_2': 1, '1_2': 2, '4_2': 3, '0_2': 4, '5_3': 5, '1_3': 6, '3_3': 7, '6_3': 8}
 Timepoint ====  1
 Hash table  {'0,1': [0, 1, 2, 3, 4, 5, 6], '1': [17, 18, 19, 20], '2,3': [8, 9, 10, 11, 12, 13, 14, 15, 16], '2': [21, 22, 23, 24, 25, 26, 28, 29], '3': [7]}
 Final possible usc  [[0, 1, 2, 3, 4, 5, 6], [17, 18, 19, 20], [8, 9, 10, 11, 12, 13, 14, 15, 16], [21, 22, 23, 24, 25, 26, 28, 29], [7]]
 Time  1  USC keys  {'8,9,10,11,12,13,14,15,16_0', '0,1,2,3,4,5,6_0', '7_0', '17,18,19,20_0', '21,22,23,24,25,26,28,29_0'}
 USC children  {'0,1,2,3,4,5,6_0': [1, 2], '17,18,19,20_0': [2], '8,9,10,11,12,13,14,15,16_0': [3, 4], '21,22,23,24,25,26,28,29_0': [3], '7_0': [4]}
 USC children  {'0,1,2,3,4,5,6_0': [1, 2], '17,18,19,20_0': [2], '8,9,10,11,12,13,14,15,16_0': [3, 4], '21,22,23,24,25,26,28,29_0': [3], '7_0': [4]}
 Timepoint ====  2
 Hash table  {'0': [0, 1, 2, 3, 4, 5, 6, 17, 18, 19, 20, 30, 31, 32, 33, 34, 35, 36, 37, 38, 39, 40, 41, 42, 43, 44, 45]}
====== Inside find superset of t nodes ==========
 Final possible usc  [[0, 1, 2, 3, 4, 5, 6, 17, 18, 19, 20, 30, 31, 32, 33, 34, 35, 36, 37, 38, 39, 40, 41, 42, 43, 44, 45]]
 Time  2  USC keys  {'0,1,2,3,4,5,6,17,18,19,20,30,31,32,33,34,35,36,37,38,39,40,41,42,43,44,45_2', '0,1,2,3,4,5,6,17,18,19,20,30,31,32,33,34,35,36,37,38,39,40,41,42,43,44,45_1'}
 USC children  {'0,1,2,3,4,5,6_0': [1, 2], '17,18,19,20_0': [2], '8,9,10,11,12,13,14,15,16_0': [3, 4], '21,22,23,24,25,26,28,29_0': [3], '7_0': [4], '0,1,2,3,4,5,6,17,18,19,20,30,31,32,33,34,35,36,37,38,39,40,41,42,43,44,45_2': [7], '0,1,2,3,4,5,6,17,18,19,20,30,31,32,33,34,35,36,37,38,39,40,41,42,43,44,45_1': [7]}
 USC children  {'0,1,2,3,4,5,6_0': [1, 2], '17,18,19,20_0': [2], '8,9,10,11,12,13,14,15,16_0': [3, 4], '21,22,23,24,25,26,28,29_0': [3], '7_0': [4], '0,1,2,3,4,5,6,17,18,19,20,30,31,32,33,34,35,36,37,38,39,40,41,42,43,44,45_2': [7], '0,1,2,3,4,5,6,17,18,19,20,30,31,32,33,34,35,36,37,38,39,40,41,42,43,44,45_1': [7]}
 Node s  {'1,2': ['0', '1', '2', '3', '4', '5', '6'], '3,4': ['8', '9', '10', '11', '12', '13', '14', '15', '16'], '7': ['0', '1', '2', '3', '4', '5', '6', '17', '18', '19', '20', '30', '31', '32', '33', '34', '35', '36', '37', '38', '39', '40', '41', '42', '43', '44', '45']}
 Enroll USC nodes  ['1', '2']  len  2
 Enroll USC nodes  ['3', '4']  len  2
 Enroll USC nodes  ['7']  len  1
 Node TP  SortedDict({1: [0], 2: [1, 2, 3, 4], 3: [5, 6, 7, 8]})
 Unobserved subclones at timepoints  {1.5: [9, 10]}
 ============== Inside finding node v ============ 
 Time  2
 Time  3
 largest_v_mut  [[0, 1, 2, 3, 4, 5, 6, 17, 18, 19, 20]]
 Sorted all timepoints  [1, 1.5, 2, 3]
 Timepoint  2
 Inside usc_node check  2
 Timepoint  3
0   1   [-1]   subclone   []   []
1   2   [9]   subclone   [0, 1, 2, 3, 4, 5, 6]   [0]
2   2   [9]   subclone   [0, 1, 2, 3, 4, 5, 6, 17, 18, 19, 20]   [4]
3   2   [10]   subclone   [8, 9, 10, 11, 12, 13, 14, 15, 16, 21, 22, 23, 24, 25, 26, 28, 29]   [8]
4   2   [10]   subclone   [7, 8, 9, 10, 11, 12, 13, 14, 15, 16]   [1]
5   3   [1]   subclone   [0, 1, 2, 3, 4, 5, 6]   [0]
6   3   [2]   subclone   [0, 1, 2, 3, 4, 5, 6, 17, 18, 19, 20]   [0]
7   3   [2]   subclone   [0, 1, 2, 3, 4, 5, 6, 17, 18, 19, 20, 30, 31, 32, 33, 34, 35, 36, 37, 38, 39, 40, 41, 42, 43, 44, 45]   [16]
8   3   [4]   subclone   [7, 8, 9, 10, 11, 12, 13, 14, 15, 16]   [0]
9   1.5   [0]   unobserved subclone   [0, 1, 2, 3, 4, 5, 6]   [7]
10   1.5   [0]   unobserved subclone   [8, 9, 10, 11, 12, 13, 14, 15, 16]   [9]
7
 Total estimated FP  155  True negatives  15729
 Total estimated FN  1230  True positives  4966
 Estimated FP rate  0.03027
 Estimated FN rate  0.07
 No. of Cells in each cluster  {'5_2': 41, '5_3': 46, '1_2': 21, '1_3': 55, '4_2': 5, '3_3': 114, '6_3': 4, '0_2': 33, '0_3': 281}
 Cells in each cluster  {'5_2': [0, 1, 2, 3, 4, 5, 6, 7, 8, 9, 10, 11, 12, 13, 14, 15, 16, 17, 18, 19, 20, 21, 22, 23, 25, 26, 27, 28, 29, 30, 31, 32, 33, 34, 35, 36, 37, 38, 39, 40, 41], '5_3': [115, 136, 271, 272, 273, 274, 275, 276, 277, 278, 279, 280, 281, 282, 283, 284, 285, 286, 287, 288, 289, 290, 291, 292, 293, 294, 295, 296, 297, 298, 299, 300, 301, 302, 303, 304, 305, 306, 307, 308, 309, 310, 311, 312, 313, 314], '1_2': [24, 42, 43, 44, 45, 46, 47, 48, 49, 50, 51, 52, 53, 54, 55, 56, 57, 58, 59, 60, 61], '1_3': [100, 101, 102, 103, 104, 105, 106, 107, 108, 109, 110, 111, 112, 113, 114, 116, 117, 118, 119, 120, 121, 122, 123, 124, 125, 126, 127, 128, 129, 130, 131, 132, 133, 134, 135, 137, 138, 139, 140, 141, 142, 143, 144, 145, 146, 147, 148, 149, 150, 151, 152, 153, 154, 155, 156], '4_2': [95, 96, 97, 98, 99], '3_3': [157, 158, 159, 160, 161, 162, 163, 164, 165, 166, 167, 168, 169, 170, 171, 172, 173, 174, 175, 176, 177, 178, 179, 180, 181, 182, 183, 184, 185, 186, 187, 188, 189, 190, 191, 192, 193, 194, 195, 196, 197, 198, 199, 200, 201, 202, 203, 204, 205, 206, 207, 208, 209, 210, 211, 212, 213, 214, 215, 216, 217, 218, 219, 220, 221, 222, 223, 224, 225, 226, 227, 228, 229, 230, 231, 232, 233, 234, 235, 236, 237, 238, 239, 240, 241, 242, 243, 244, 245, 246, 247, 248, 249, 250, 251, 252, 253, 254, 255, 256, 257, 258, 259, 260, 261, 262, 263, 264, 265, 266, 267, 268, 269, 270], '6_3': [459, 498, 528, 595], '0_2': [92, 62, 63, 64, 65, 66, 67, 68, 69, 70, 71, 72, 73, 74, 75, 76, 77, 78, 79, 80, 81, 82, 83, 84, 85, 86, 87, 88, 89, 90, 91, 93, 94], '0_3': [410, 413, 415, 524, 315, 316, 317, 318, 319, 320, 321, 322, 323, 324, 325, 326, 327, 328, 329, 330, 331, 332, 333, 334, 335, 336, 337, 338, 339, 340, 341, 342, 343, 344, 345, 346, 347, 348, 349, 350, 351, 352, 353, 354, 355, 356, 357, 358, 359, 360, 361, 362, 363, 364, 365, 366, 367, 368, 369, 370, 371, 372, 373, 374, 375, 376, 377, 378, 379, 380, 381, 382, 383, 384, 385, 386, 387, 388, 389, 390, 391, 392, 393, 394, 395, 396, 397, 398, 399, 400, 401, 402, 403, 404, 405, 406, 407, 408, 409, 411, 412, 414, 416, 417, 418, 419, 420, 421, 422, 423, 424, 425, 426, 427, 428, 429, 430, 431, 432, 433, 434, 435, 436, 437, 438, 439, 440, 441, 442, 443, 444, 445, 446, 447, 448, 449, 450, 451, 452, 453, 454, 455, 456, 457, 458, 460, 461, 462, 463, 464, 465, 466, 467, 468, 469, 470, 471, 472, 473, 474, 475, 476, 477, 478, 479, 480, 481, 482, 483, 484, 485, 486, 487, 488, 489, 490, 491, 492, 493, 494, 495, 496, 497, 499, 500, 501, 502, 503, 504, 505, 506, 507, 508, 509, 510, 511, 512, 513, 514, 515, 516, 517, 518, 519, 520, 521, 522, 523, 525, 526, 527, 529, 530, 531, 532, 533, 534, 535, 536, 537, 538, 539, 540, 541, 542, 543, 544, 545, 546, 547, 548, 549, 550, 551, 552, 553, 554, 555, 556, 557, 558, 559, 560, 561, 562, 563, 564, 565, 566, 567, 568, 569, 570, 571, 572, 573, 574, 575, 576, 577, 578, 579, 580, 581, 582, 583, 584, 585, 586, 587, 588, 589, 590, 591, 592, 593, 594, 596, 597, 598, 599]}
FP rate  0.03027 FN rate  0.07
 Before reassigning cells 
 Timepoint  2
 Cluster  5  # of cells  43
 Cluster  1  # of cells  19
 Cluster  4  # of cells  5
 Cluster  0  # of cells  33
 Timepoint  3
 Cluster  5  # of cells  50
 Cluster  1  # of cells  51
 Cluster  3  # of cells  114
 Cluster  6  # of cells  8
 Cluster  0  # of cells  270
 Cells absent at timepoint  2   set()
 Cells absent at timepoint  3   {326, 329, 395, 460, 400, 436, 539}
 Missing cell prob  {'6': 0.0006164952961543985, '5': 1.990194108947676e-17, '1': 1.0370264983153863e-19, '0': 0.0006164952961543985, '3': 4.6033510361342707e-33}
 Missing cell prob  {'6': 9.785498886172115e-05, '5': 1.3445345291208105e-15, '1': 3.650570958617636e-20, '0': 9.785498886172117e-05, '3': 1.4022739983799875e-31}
 Missing cell prob  {'6': 9.785498886172115e-05, '5': 1.3445345291208105e-15, '1': 5.057240251000397e-19, '0': 9.785498886172112e-05, '3': 7.306801319935704e-34}
 Missing cell prob  {'6': 8.825041406445543e-05, '5': 3.946709964433926e-17, '1': 1.0715786367844746e-21, '0': 8.825041406445543e-05, '3': 2.9712783751673556e-34}
 Missing cell prob  {'6': 2.7547255769451965e-06, '5': 1.2319605521476595e-18, '1': 4.633812190780864e-22, '0': 2.7547255769451974e-06, '3': 2.849544604070866e-34}
 Missing cell prob  {'6': 6.067022928816239e-05, '5': 5.6800595400558427e-14, '1': 2.959697362465603e-16, '0': 6.067022928816239e-05, '3': 8.20666301870541e-29}
 Missing cell prob  {'6': 9.202050971045634e-05, '5': 1.7515656267741124e-14, '1': 6.5882191926919696e-18, '0': 9.202050971045631e-05, '3': 6.871142592061942e-34}
 Timepoint  2
 Timepoint  3
SortedDict({2: {'5': ['0', '1', '2', '3', '4', '5', '6', '7', '8', '9', '10', '11', '12', '13', '14', '15', '16', '17', '18', '19', '20', '21', '22', '23', '24', '25', '26', '27', '28', '29', '30', '31', '32', '33', '34', '35', '36', '37', '38', '39', '40', '41', '51'], '1': ['42', '43', '44', '45', '46', '47', '48', '49', '50', '52', '53', '54', '55', '56', '57', '58', '59', '60', '61'], '4': ['95', '96', '97', '98', '99'], '0': ['62', '63', '64', '65', '66', '67', '68', '69', '70', '71', '72', '73', '74', '75', '76', '77', '78', '79', '80', '81', '82', '83', '84', '85', '86', '87', '88', '89', '90', '91', '92', '93', '94']}, 3: {'5': ['111', '113', '115', '136', '144', '150', '271', '272', '273', '274', '275', '276', '277', '278', '279', '280', '281', '282', '283', '284', '285', '286', '287', '288', '289', '290', '291', '292', '293', '294', '295', '296', '297', '298', '299', '300', '301', '302', '303', '304', '305', '306', '307', '308', '309', '310', '311', '312', '313', '314'], '1': ['100', '101', '102', '103', '104', '105', '106', '107', '108', '109', '110', '112', '114', '116', '117', '118', '119', '120', '121', '122', '123', '124', '125', '126', '127', '128', '129', '130', '131', '132', '133', '134', '135', '137', '138', '139', '140', '141', '142', '143', '145', '146', '147', '148', '149', '151', '152', '153', '154', '155', '156'], '3': ['157', '158', '159', '160', '161', '162', '163', '164', '165', '166', '167', '168', '169', '170', '171', '172', '173', '174', '175', '176', '177', '178', '179', '180', '181', '182', '183', '184', '185', '186', '187', '188', '189', '190', '191', '192', '193', '194', '195', '196', '197', '198', '199', '200', '201', '202', '203', '204', '205', '206', '207', '208', '209', '210', '211', '212', '213', '214', '215', '216', '217', '218', '219', '220', '221', '222', '223', '224', '225', '226', '227', '228', '229', '230', '231', '232', '233', '234', '235', '236', '237', '238', '239', '240', '241', '242', '243', '244', '245', '246', '247', '248', '249', '250', '251', '252', '253', '254', '255', '256', '257', '258', '259', '260', '261', '262', '263', '264', '265', '266', '267', '268', '269', '270'], '6': ['330', '425', '442', '459', '498', '528', '544', '595', '326', '395', '460', '436', '539'], '0': ['315', '316', '317', '318', '319', '320', '321', '322', '323', '324', '325', '327', '328', '331', '332', '333', '334', '335', '336', '337', '338', '339', '340', '341', '342', '343', '344', '345', '346', '347', '348', '349', '350', '351', '352', '353', '354', '355', '356', '357', '358', '359', '360', '361', '362', '363', '364', '365', '366', '367', '368', '369', '370', '371', '372', '373', '374', '375', '376', '377', '378', '379', '380', '381', '382', '383', '384', '385', '386', '387', '388', '389', '390', '391', '392', '393', '394', '396', '397', '398', '399', '401', '402', '403', '404', '405', '406', '407', '408', '409', '410', '411', '412', '413', '414', '415', '416', '417', '418', '419', '420', '421', '422', '423', '424', '426', '427', '428', '429', '430', '431', '432', '433', '434', '435', '437', '438', '439', '440', '441', '443', '444', '445', '446', '447', '448', '449', '450', '451', '452', '453', '454', '455', '456', '457', '458', '461', '462', '463', '464', '465', '466', '467', '468', '469', '470', '471', '472', '473', '474', '475', '476', '477', '478', '479', '480', '481', '482', '483', '484', '485', '486', '487', '488', '489', '490', '491', '492', '493', '494', '495', '496', '497', '499', '500', '501', '502', '503', '504', '505', '506', '507', '508', '509', '510', '511', '512', '513', '514', '515', '516', '517', '518', '519', '520', '521', '522', '523', '524', '525', '526', '527', '529', '530', '531', '532', '533', '534', '535', '536', '537', '538', '540', '541', '542', '543', '545', '546', '547', '548', '549', '550', '551', '552', '553', '554', '555', '556', '557', '558', '559', '560', '561', '562', '563', '564', '565', '566', '567', '568', '569', '570', '571', '572', '573', '574', '575', '576', '577', '578', '579', '580', '581', '582', '583', '584', '585', '586', '587', '588', '589', '590', '591', '592', '593', '594', '596', '597', '598', '599', '329', '400']}})
 Cluster1  6
 Cluster to drop  0
 After reassigning and merging cells 
 Timepoint  2
 Cluster  5  # of cells  43
 Cluster  1  # of cells  19
 Cluster  4  # of cells  5
 Cluster  0  # of cells  33
 Timepoint  3
 Cluster  5  # of cells  50
 Cluster  1  # of cells  51
 Cluster  3  # of cells  114
 Cluster  6  # of cells  285
 Tp cluster cell dict  {'5_2': 43, '1_2': 19, '4_2': 5, '0_2': 33, '5_3': 50, '1_3': 51, '3_3': 114, '6_3': 285}
 New Graph is here 
 ID  0  Timepoint  1  Mutations  []  Type  subclone
 ID  1  Timepoint  2  Mutations  [0, 1, 2, 3, 4, 5, 6]  Type  subclone
 ID  2  Timepoint  2  Mutations  [0, 1, 2, 3, 4, 5, 6, 17, 18, 19, 20]  Type  subclone
 ID  3  Timepoint  2  Mutations  [8, 9, 10, 11, 12, 13, 14, 15, 16, 21, 22, 23, 24, 25, 26, 28, 29]  Type  subclone
 ID  4  Timepoint  2  Mutations  [7, 8, 9, 10, 11, 12, 13, 14, 15, 16]  Type  subclone
 ID  5  Timepoint  3  Mutations  [0, 1, 2, 3, 4, 5, 6]  Type  subclone
 ID  6  Timepoint  3  Mutations  [0, 1, 2, 3, 4, 5, 6, 17, 18, 19, 20]  Type  subclone
 ID  7  Timepoint  3  Mutations  [0, 1, 2, 3, 4, 5, 6, 17, 18, 19, 20, 30, 31, 32, 33, 34, 35, 36, 37, 38, 39, 40, 41, 42, 43, 44, 45]  Type  subclone
 ID  8  Timepoint  3  Mutations  [7, 8, 9, 10, 11, 12, 13, 14, 15, 16]  Type  subclone
Timepoints  SortedDict({1: [0], 2: [1, 2, 3, 4], 3: [5, 6, 7, 8]})
 Clone to nodes  {'5_2': 1, '1_2': 2, '4_2': 3, '0_2': 4, '5_3': 5, '1_3': 6, '3_3': 7, '6_3': 8}
 Timepoint ====  1
 Hash table  {'0,1': [0, 1, 2, 3, 4, 5, 6], '1': [17, 18, 19, 20], '2,3': [8, 9, 10, 11, 12, 13, 14, 15, 16], '2': [21, 22, 23, 24, 25, 26, 28, 29], '3': [7]}
 Final possible usc  [[0, 1, 2, 3, 4, 5, 6], [17, 18, 19, 20], [8, 9, 10, 11, 12, 13, 14, 15, 16], [21, 22, 23, 24, 25, 26, 28, 29], [7]]
 Time  1  USC keys  {'21,22,23,24,25,26,28,29_0', '8,9,10,11,12,13,14,15,16_0', '7_0', '0,1,2,3,4,5,6_0', '17,18,19,20_0'}
 USC children  {'0,1,2,3,4,5,6_0': [1, 2], '17,18,19,20_0': [2], '8,9,10,11,12,13,14,15,16_0': [3, 4], '21,22,23,24,25,26,28,29_0': [3], '7_0': [4]}
 USC children  {'0,1,2,3,4,5,6_0': [1, 2], '17,18,19,20_0': [2], '8,9,10,11,12,13,14,15,16_0': [3, 4], '21,22,23,24,25,26,28,29_0': [3], '7_0': [4]}
 Timepoint ====  2
 Hash table  {'0': [0, 1, 2, 3, 4, 5, 6, 17, 18, 19, 20, 30, 31, 32, 33, 34, 35, 36, 37, 38, 39, 40, 41, 42, 43, 44, 45]}
====== Inside find superset of t nodes ==========
 Final possible usc  [[0, 1, 2, 3, 4, 5, 6, 17, 18, 19, 20, 30, 31, 32, 33, 34, 35, 36, 37, 38, 39, 40, 41, 42, 43, 44, 45]]
 Time  2  USC keys  {'0,1,2,3,4,5,6,17,18,19,20,30,31,32,33,34,35,36,37,38,39,40,41,42,43,44,45_1', '0,1,2,3,4,5,6,17,18,19,20,30,31,32,33,34,35,36,37,38,39,40,41,42,43,44,45_2'}
 USC children  {'0,1,2,3,4,5,6_0': [1, 2], '17,18,19,20_0': [2], '8,9,10,11,12,13,14,15,16_0': [3, 4], '21,22,23,24,25,26,28,29_0': [3], '7_0': [4], '0,1,2,3,4,5,6,17,18,19,20,30,31,32,33,34,35,36,37,38,39,40,41,42,43,44,45_1': [7], '0,1,2,3,4,5,6,17,18,19,20,30,31,32,33,34,35,36,37,38,39,40,41,42,43,44,45_2': [7]}
 USC children  {'0,1,2,3,4,5,6_0': [1, 2], '17,18,19,20_0': [2], '8,9,10,11,12,13,14,15,16_0': [3, 4], '21,22,23,24,25,26,28,29_0': [3], '7_0': [4], '0,1,2,3,4,5,6,17,18,19,20,30,31,32,33,34,35,36,37,38,39,40,41,42,43,44,45_1': [7], '0,1,2,3,4,5,6,17,18,19,20,30,31,32,33,34,35,36,37,38,39,40,41,42,43,44,45_2': [7]}
 Node s  {'1,2': ['0', '1', '2', '3', '4', '5', '6'], '3,4': ['8', '9', '10', '11', '12', '13', '14', '15', '16'], '7': ['0', '1', '2', '3', '4', '5', '6', '17', '18', '19', '20', '30', '31', '32', '33', '34', '35', '36', '37', '38', '39', '40', '41', '42', '43', '44', '45']}
 Enroll USC nodes  ['1', '2']  len  2
 Enroll USC nodes  ['3', '4']  len  2
 Enroll USC nodes  ['7']  len  1
 Node TP  SortedDict({1: [0], 2: [1, 2, 3, 4], 3: [5, 6, 7, 8]})
 Unobserved subclones at timepoints  {1.5: [9, 10]}
 ============== Inside finding node v ============ 
 Time  2
 Time  3
 largest_v_mut  [[0, 1, 2, 3, 4, 5, 6, 17, 18, 19, 20]]
 Sorted all timepoints  [1, 1.5, 2, 3]
 Timepoint  2
 Inside usc_node check  2
 Timepoint  3
0   1   [-1]   subclone   []   []
1   2   [9]   subclone   [0, 1, 2, 3, 4, 5, 6]   [0]
2   2   [9]   subclone   [0, 1, 2, 3, 4, 5, 6, 17, 18, 19, 20]   [4]
3   2   [10]   subclone   [8, 9, 10, 11, 12, 13, 14, 15, 16, 21, 22, 23, 24, 25, 26, 28, 29]   [8]
4   2   [10]   subclone   [7, 8, 9, 10, 11, 12, 13, 14, 15, 16]   [1]
5   3   [1]   subclone   [0, 1, 2, 3, 4, 5, 6]   [0]
6   3   [2]   subclone   [0, 1, 2, 3, 4, 5, 6, 17, 18, 19, 20]   [0]
7   3   [2]   subclone   [0, 1, 2, 3, 4, 5, 6, 17, 18, 19, 20, 30, 31, 32, 33, 34, 35, 36, 37, 38, 39, 40, 41, 42, 43, 44, 45]   [16]
8   3   [4]   subclone   [7, 8, 9, 10, 11, 12, 13, 14, 15, 16]   [0]
9   1.5   [0]   unobserved subclone   [0, 1, 2, 3, 4, 5, 6]   [7]
10   1.5   [0]   unobserved subclone   [8, 9, 10, 11, 12, 13, 14, 15, 16]   [9]
8
 Total estimated FP  151  True negatives  15737
 Total estimated FN  1222  True positives  4970
 Estimated FP rate  0.02949
 Estimated FN rate  0.07
 No. of Cells in each cluster  {'5_2': 41, '5_3': 46, '1_2': 21, '1_3': 55, '4_2': 5, '3_3': 114, '7_3': 4, '2_3': 4, '0_2': 33, '0_3': 277}
 Cells in each cluster  {'5_2': [0, 1, 2, 3, 4, 5, 6, 7, 8, 9, 10, 11, 12, 13, 14, 15, 16, 17, 18, 19, 20, 21, 22, 23, 25, 26, 27, 28, 29, 30, 31, 32, 33, 34, 35, 36, 37, 38, 39, 40, 41], '5_3': [115, 136, 271, 272, 273, 274, 275, 276, 277, 278, 279, 280, 281, 282, 283, 284, 285, 286, 287, 288, 289, 290, 291, 292, 293, 294, 295, 296, 297, 298, 299, 300, 301, 302, 303, 304, 305, 306, 307, 308, 309, 310, 311, 312, 313, 314], '1_2': [24, 42, 43, 44, 45, 46, 47, 48, 49, 50, 51, 52, 53, 54, 55, 56, 57, 58, 59, 60, 61], '1_3': [100, 101, 102, 103, 104, 105, 106, 107, 108, 109, 110, 111, 112, 113, 114, 116, 117, 118, 119, 120, 121, 122, 123, 124, 125, 126, 127, 128, 129, 130, 131, 132, 133, 134, 135, 137, 138, 139, 140, 141, 142, 143, 144, 145, 146, 147, 148, 149, 150, 151, 152, 153, 154, 155, 156], '4_2': [95, 96, 97, 98, 99], '3_3': [157, 158, 159, 160, 161, 162, 163, 164, 165, 166, 167, 168, 169, 170, 171, 172, 173, 174, 175, 176, 177, 178, 179, 180, 181, 182, 183, 184, 185, 186, 187, 188, 189, 190, 191, 192, 193, 194, 195, 196, 197, 198, 199, 200, 201, 202, 203, 204, 205, 206, 207, 208, 209, 210, 211, 212, 213, 214, 215, 216, 217, 218, 219, 220, 221, 222, 223, 224, 225, 226, 227, 228, 229, 230, 231, 232, 233, 234, 235, 236, 237, 238, 239, 240, 241, 242, 243, 244, 245, 246, 247, 248, 249, 250, 251, 252, 253, 254, 255, 256, 257, 258, 259, 260, 261, 262, 263, 264, 265, 266, 267, 268, 269, 270], '7_3': [342, 418, 436, 516], '2_3': [459, 498, 528, 595], '0_2': [92, 62, 63, 64, 65, 66, 67, 68, 69, 70, 71, 72, 73, 74, 75, 76, 77, 78, 79, 80, 81, 82, 83, 84, 85, 86, 87, 88, 89, 90, 91, 93, 94], '0_3': [410, 413, 415, 524, 315, 316, 317, 318, 319, 320, 321, 322, 323, 324, 325, 326, 327, 328, 329, 330, 331, 332, 333, 334, 335, 336, 337, 338, 339, 340, 341, 343, 344, 345, 346, 347, 348, 349, 350, 351, 352, 353, 354, 355, 356, 357, 358, 359, 360, 361, 362, 363, 364, 365, 366, 367, 368, 369, 370, 371, 372, 373, 374, 375, 376, 377, 378, 379, 380, 381, 382, 383, 384, 385, 386, 387, 388, 389, 390, 391, 392, 393, 394, 395, 396, 397, 398, 399, 400, 401, 402, 403, 404, 405, 406, 407, 408, 409, 411, 412, 414, 416, 417, 419, 420, 421, 422, 423, 424, 425, 426, 427, 428, 429, 430, 431, 432, 433, 434, 435, 437, 438, 439, 440, 441, 442, 443, 444, 445, 446, 447, 448, 449, 450, 451, 452, 453, 454, 455, 456, 457, 458, 460, 461, 462, 463, 464, 465, 466, 467, 468, 469, 470, 471, 472, 473, 474, 475, 476, 477, 478, 479, 480, 481, 482, 483, 484, 485, 486, 487, 488, 489, 490, 491, 492, 493, 494, 495, 496, 497, 499, 500, 501, 502, 503, 504, 505, 506, 507, 508, 509, 510, 511, 512, 513, 514, 515, 517, 518, 519, 520, 521, 522, 523, 525, 526, 527, 529, 530, 531, 532, 533, 534, 535, 536, 537, 538, 539, 540, 541, 542, 543, 544, 545, 546, 547, 548, 549, 550, 551, 552, 553, 554, 555, 556, 557, 558, 559, 560, 561, 562, 563, 564, 565, 566, 567, 568, 569, 570, 571, 572, 573, 574, 575, 576, 577, 578, 579, 580, 581, 582, 583, 584, 585, 586, 587, 588, 589, 590, 591, 592, 593, 594, 596, 597, 598, 599]}
FP rate  0.02949 FN rate  0.07
 Before reassigning cells 
 Timepoint  2
 Cluster  5  # of cells  43
 Cluster  1  # of cells  19
 Cluster  4  # of cells  5
 Cluster  0  # of cells  33
 Timepoint  3
 Cluster  5  # of cells  50
 Cluster  1  # of cells  51
 Cluster  3  # of cells  114
 Cluster  7  # of cells  12
 Cluster  2  # of cells  7
 Cluster  0  # of cells  245
 Cells absent at timepoint  3   {392, 393, 395, 397, 400, 402, 410, 425, 554, 442, 571, 445, 319, 330, 460, 462, 335, 345, 346, 359, 492}
 Missing cell prob  {'0': 0.020441521022026777, '1': 6.655160066040968e-18, '5': 2.459044590054417e-13, '3': 9.515526760795063e-33, '7': 4.675230819863791e-05, '2': 0.020441521022026784}
 Missing cell prob  {'0': 4.043607136100194e-05, '1': 4.1745154794741263e-22, '5': 1.1125306888849663e-18, '3': 2.6096998228353705e-34, '7': 4.043607136100194e-05, '2': 9.248233869556922e-08}
 Missing cell prob  {'0': 0.00010016345300793125, '1': 4.521229576985394e-19, '5': 1.2049318491266644e-15, '3': 6.4644397136334515e-34, '7': 2.290863101733258e-07, '2': 0.00010016345300793121}
 Missing cell prob  {'0': 0.001388709039696104, '1': 6.268426452514419e-18, '5': 1.670569155565599e-14, '3': 6.4644397136334515e-34, '7': 0.001388709039696104, '2': 0.00010016345300793119}
 Missing cell prob  {'0': 2.7470528131596214e-06, '1': 3.9319329660440756e-22, '5': 1.04788115240468e-18, '3': 2.458049279093438e-34, '7': 2.74705281315962e-06, '2': 2.7470528131596197e-06}
 Missing cell prob  {'0': 0.0015853614173834494, '1': 3.1288569470006383e-15, '5': 6.014363278187663e-13, '3': 4.473629742101058e-30, '7': 0.0015853614173834494, '2': 2.615267756008885e-07}
 Missing cell prob  {'0': 9.131491578084409e-08, '1': 1.8121026424941825e-22, '5': 4.829350402692201e-19, '3': 2.590938612573213e-37, '7': 9.131491578084412e-08, '2': 2.8955665229861216e-09}
 Missing cell prob  {'0': 0.00010819125614061375, '1': 4.127025793666408e-17, '5': 5.721885432873125e-16, '3': 1.1342674311599358e-29, '7': 0.00010819125614061375, '2': 0.0001081912561406137}
 Missing cell prob  {'0': 0.0013139447853214284, '1': 4.301362664448721e-22, '5': 1.5893295555499523e-17, '3': 1.1821819934779585e-34, '7': 3.005155609171482e-06, '2': 0.0013139447853214282}
 Missing cell prob  {'0': 8.143427881551565e-06, '1': 2.6512614193233395e-21, '5': 9.796263328472318e-17, '3': 1.9419442368969508e-30, '7': 0.00011290397419035158, '2': 0.00011290397419035161}
 Missing cell prob  {'0': 0.0013080106853771611, '1': 4.2584993895008395e-19, '5': 1.1349128498175785e-15, '3': 4.3916623705348804e-35, '7': 0.001308010685377162, '2': 2.1577402682271722e-07}
 Missing cell prob  {'0': 0.019253657287363807, '1': 3.261028432360076e-20, '5': 8.69081508061396e-17, '3': 3.3630005656332337e-36, '7': 0.019253657287363817, '2': 0.00010016345300793121}
 Missing cell prob  {'0': 2.1577402682271699e-07, '1': 4.2584993895008404e-19, '5': 1.1349128498175785e-15, '3': 1.3849596488970633e-33, '7': 2.1577402682271704e-07, '2': 6.84212478602358e-09}
 Missing cell prob  {'0': 9.720963277872731e-05, '1': 4.387898516760096e-19, '5': 1.1693984088959195e-15, '3': 4.525107799543419e-35, '7': 0.0013477560101154667, '2': 0.0013477560101154663}
 Missing cell prob  {'0': 9.040495848421647e-05, '1': 9.333174215770947e-22, '5': 3.4485559078340646e-17, '3': 2.5651197912397553e-34, '7': 2.866712070644671e-06, '2': 9.040495848421643e-05}
 Missing cell prob  {'0': 0.0013307430185339434, '1': 2.6407985154950033e-18, '5': 7.037869199661357e-15, '3': 2.7233761022150065e-34, '7': 0.0013307430185339434, '2': 2.1952403216988295e-07}
 Missing cell prob  {'0': 1.1774070884350618e-06, '1': 1.2155246419549647e-23, '5': 3.23943814298938e-20, '3': 1.053538043048589e-34, '7': 3.7335198965537615e-08, '2': 1.1774070884350618e-06}
 Missing cell prob  {'0': 0.001430906471541874, '1': 4.658612046228678e-19, '5': 1.7213312130380924e-14, '3': 6.660868732556545e-34, '7': 0.001430906471541874, '2': 2.360473464192289e-07}
 Missing cell prob  {'0': 2.7001264578240757e-06, '1': 3.8436121055291476e-19, '5': 1.0243431709851055e-15, '3': 2.858972203218209e-36, '7': 2.7001264578240757e-06, '2': 6.175525989257878e-09}
 Missing cell prob  {'0': 0.00011097529921684148, '1': 3.0365869556335895e-15, '5': 8.09266654830014e-12, '3': 4.341702401006497e-30, '7': 0.00011097529921684148, '2': 2.538143509884183e-07}
 Missing cell prob  {'0': 0.00012140212278532433, '1': 4.6056152317568503e-14, '5': 8.853023194267022e-12, '3': 9.129856616532773e-28, '7': 0.00012140212278532433, '2': 2.776617970019146e-07}
 Cells absent at timepoint  2   set()
 Timepoint  2
 Timepoint  3
SortedDict({2: {'5': ['0', '1', '2', '3', '4', '5', '6', '7', '8', '9', '10', '11', '12', '13', '14', '15', '16', '17', '18', '19', '20', '21', '22', '23', '24', '25', '26', '27', '28', '29', '30', '31', '32', '33', '34', '35', '36', '37', '38', '39', '40', '41', '51'], '1': ['42', '43', '44', '45', '46', '47', '48', '49', '50', '52', '53', '54', '55', '56', '57', '58', '59', '60', '61'], '4': ['95', '96', '97', '98', '99'], '0': ['62', '63', '64', '65', '66', '67', '68', '69', '70', '71', '72', '73', '74', '75', '76', '77', '78', '79', '80', '81', '82', '83', '84', '85', '86', '87', '88', '89', '90', '91', '92', '93', '94']}, 3: {'5': ['111', '113', '115', '136', '144', '150', '271', '272', '273', '274', '275', '276', '277', '278', '279', '280', '281', '282', '283', '284', '285', '286', '287', '288', '289', '290', '291', '292', '293', '294', '295', '296', '297', '298', '299', '300', '301', '302', '303', '304', '305', '306', '307', '308', '309', '310', '311', '312', '313', '314'], '1': ['100', '101', '102', '103', '104', '105', '106', '107', '108', '109', '110', '112', '114', '116', '117', '118', '119', '120', '121', '122', '123', '124', '125', '126', '127', '128', '129', '130', '131', '132', '133', '134', '135', '137', '138', '139', '140', '141', '142', '143', '145', '146', '147', '148', '149', '151', '152', '153', '154', '155', '156'], '3': ['157', '158', '159', '160', '161', '162', '163', '164', '165', '166', '167', '168', '169', '170', '171', '172', '173', '174', '175', '176', '177', '178', '179', '180', '181', '182', '183', '184', '185', '186', '187', '188', '189', '190', '191', '192', '193', '194', '195', '196', '197', '198', '199', '200', '201', '202', '203', '204', '205', '206', '207', '208', '209', '210', '211', '212', '213', '214', '215', '216', '217', '218', '219', '220', '221', '222', '223', '224', '225', '226', '227', '228', '229', '230', '231', '232', '233', '234', '235', '236', '237', '238', '239', '240', '241', '242', '243', '244', '245', '246', '247', '248', '249', '250', '251', '252', '253', '254', '255', '256', '257', '258', '259', '260', '261', '262', '263', '264', '265', '266', '267', '268', '269', '270'], '7': ['317', '342', '353', '371', '418', '436', '516', '532', '549', '564', '590', '598', '410', '571', '445', '319', '330'], '2': ['329', '459', '498', '528', '539', '544', '595', '392', '442'], '0': ['315', '316', '318', '320', '321', '322', '323', '324', '325', '326', '327', '328', '331', '332', '333', '334', '336', '337', '338', '339', '340', '341', '343', '344', '347', '348', '349', '350', '351', '352', '354', '355', '356', '357', '358', '360', '361', '362', '363', '364', '365', '366', '367', '368', '369', '370', '372', '373', '374', '375', '376', '377', '378', '379', '380', '381', '382', '383', '384', '385', '386', '387', '388', '389', '390', '391', '394', '396', '398', '399', '401', '403', '404', '405', '406', '407', '408', '409', '411', '412', '413', '414', '415', '416', '417', '419', '420', '421', '422', '423', '424', '426', '427', '428', '429', '430', '431', '432', '433', '434', '435', '437', '438', '439', '440', '441', '443', '444', '446', '447', '448', '449', '450', '451', '452', '453', '454', '455', '456', '457', '458', '461', '463', '464', '465', '466', '467', '468', '469', '470', '471', '472', '473', '474', '475', '476', '477', '478', '479', '480', '481', '482', '483', '484', '485', '486', '487', '488', '489', '490', '491', '493', '494', '495', '496', '497', '499', '500', '501', '502', '503', '504', '505', '506', '507', '508', '509', '510', '511', '512', '513', '514', '515', '517', '518', '519', '520', '521', '522', '523', '524', '525', '526', '527', '529', '530', '531', '533', '534', '535', '536', '537', '538', '540', '541', '542', '543', '545', '546', '547', '548', '550', '551', '552', '553', '555', '556', '557', '558', '559', '560', '561', '562', '563', '565', '566', '567', '568', '569', '570', '572', '573', '574', '575', '576', '577', '578', '579', '580', '581', '582', '583', '584', '585', '586', '587', '588', '589', '591', '592', '593', '594', '596', '597', '599', '393', '395', '397', '400', '402', '425', '554', '460', '462', '335', '345', '346', '359', '492']}})
 Cluster1  7
SortedDict({2: {'5': ['0', '1', '2', '3', '4', '5', '6', '7', '8', '9', '10', '11', '12', '13', '14', '15', '16', '17', '18', '19', '20', '21', '22', '23', '24', '25', '26', '27', '28', '29', '30', '31', '32', '33', '34', '35', '36', '37', '38', '39', '40', '41', '51'], '1': ['42', '43', '44', '45', '46', '47', '48', '49', '50', '52', '53', '54', '55', '56', '57', '58', '59', '60', '61'], '4': ['95', '96', '97', '98', '99'], '0': ['62', '63', '64', '65', '66', '67', '68', '69', '70', '71', '72', '73', '74', '75', '76', '77', '78', '79', '80', '81', '82', '83', '84', '85', '86', '87', '88', '89', '90', '91', '92', '93', '94']}, 3: {'5': ['111', '113', '115', '136', '144', '150', '271', '272', '273', '274', '275', '276', '277', '278', '279', '280', '281', '282', '283', '284', '285', '286', '287', '288', '289', '290', '291', '292', '293', '294', '295', '296', '297', '298', '299', '300', '301', '302', '303', '304', '305', '306', '307', '308', '309', '310', '311', '312', '313', '314'], '1': ['100', '101', '102', '103', '104', '105', '106', '107', '108', '109', '110', '112', '114', '116', '117', '118', '119', '120', '121', '122', '123', '124', '125', '126', '127', '128', '129', '130', '131', '132', '133', '134', '135', '137', '138', '139', '140', '141', '142', '143', '145', '146', '147', '148', '149', '151', '152', '153', '154', '155', '156'], '3': ['157', '158', '159', '160', '161', '162', '163', '164', '165', '166', '167', '168', '169', '170', '171', '172', '173', '174', '175', '176', '177', '178', '179', '180', '181', '182', '183', '184', '185', '186', '187', '188', '189', '190', '191', '192', '193', '194', '195', '196', '197', '198', '199', '200', '201', '202', '203', '204', '205', '206', '207', '208', '209', '210', '211', '212', '213', '214', '215', '216', '217', '218', '219', '220', '221', '222', '223', '224', '225', '226', '227', '228', '229', '230', '231', '232', '233', '234', '235', '236', '237', '238', '239', '240', '241', '242', '243', '244', '245', '246', '247', '248', '249', '250', '251', '252', '253', '254', '255', '256', '257', '258', '259', '260', '261', '262', '263', '264', '265', '266', '267', '268', '269', '270'], '7': ['317', '342', '353', '371', '418', '436', '516', '532', '549', '564', '590', '598', '410', '571', '445', '319', '330', '329', '459', '498', '528', '539', '544', '595', '392', '442'], '2': ['329', '459', '498', '528', '539', '544', '595', '392', '442'], '0': ['315', '316', '318', '320', '321', '322', '323', '324', '325', '326', '327', '328', '331', '332', '333', '334', '336', '337', '338', '339', '340', '341', '343', '344', '347', '348', '349', '350', '351', '352', '354', '355', '356', '357', '358', '360', '361', '362', '363', '364', '365', '366', '367', '368', '369', '370', '372', '373', '374', '375', '376', '377', '378', '379', '380', '381', '382', '383', '384', '385', '386', '387', '388', '389', '390', '391', '394', '396', '398', '399', '401', '403', '404', '405', '406', '407', '408', '409', '411', '412', '413', '414', '415', '416', '417', '419', '420', '421', '422', '423', '424', '426', '427', '428', '429', '430', '431', '432', '433', '434', '435', '437', '438', '439', '440', '441', '443', '444', '446', '447', '448', '449', '450', '451', '452', '453', '454', '455', '456', '457', '458', '461', '463', '464', '465', '466', '467', '468', '469', '470', '471', '472', '473', '474', '475', '476', '477', '478', '479', '480', '481', '482', '483', '484', '485', '486', '487', '488', '489', '490', '491', '493', '494', '495', '496', '497', '499', '500', '501', '502', '503', '504', '505', '506', '507', '508', '509', '510', '511', '512', '513', '514', '515', '517', '518', '519', '520', '521', '522', '523', '524', '525', '526', '527', '529', '530', '531', '533', '534', '535', '536', '537', '538', '540', '541', '542', '543', '545', '546', '547', '548', '550', '551', '552', '553', '555', '556', '557', '558', '559', '560', '561', '562', '563', '565', '566', '567', '568', '569', '570', '572', '573', '574', '575', '576', '577', '578', '579', '580', '581', '582', '583', '584', '585', '586', '587', '588', '589', '591', '592', '593', '594', '596', '597', '599', '393', '395', '397', '400', '402', '425', '554', '460', '462', '335', '345', '346', '359', '492']}})
 Cluster1  7
 Cluster to drop  2
 Cluster to drop  0
 After reassigning and merging cells 
 Timepoint  2
 Cluster  5  # of cells  43
 Cluster  1  # of cells  19
 Cluster  4  # of cells  5
 Cluster  0  # of cells  33
 Timepoint  3
 Cluster  5  # of cells  50
 Cluster  1  # of cells  51
 Cluster  3  # of cells  114
 Cluster  7  # of cells  285
 Tp cluster cell dict  {'5_2': 43, '1_2': 19, '4_2': 5, '0_2': 33, '5_3': 50, '1_3': 51, '3_3': 114, '7_3': 285}
 New Graph is here 
 ID  0  Timepoint  1  Mutations  []  Type  subclone
 ID  1  Timepoint  2  Mutations  [0, 1, 2, 3, 4, 5, 6]  Type  subclone
 ID  2  Timepoint  2  Mutations  [0, 1, 2, 3, 4, 5, 6, 17, 18, 19, 20]  Type  subclone
 ID  3  Timepoint  2  Mutations  [8, 9, 10, 11, 12, 13, 14, 15, 16, 21, 22, 23, 24, 25, 26, 28, 29]  Type  subclone
 ID  4  Timepoint  2  Mutations  [7, 8, 9, 10, 11, 12, 13, 14, 15, 16]  Type  subclone
 ID  5  Timepoint  3  Mutations  [0, 1, 2, 3, 4, 5, 6]  Type  subclone
 ID  6  Timepoint  3  Mutations  [0, 1, 2, 3, 4, 5, 6, 17, 18, 19, 20]  Type  subclone
 ID  7  Timepoint  3  Mutations  [0, 1, 2, 3, 4, 5, 6, 17, 18, 19, 20, 30, 31, 32, 33, 34, 35, 36, 37, 38, 39, 40, 41, 42, 43, 44, 45]  Type  subclone
 ID  8  Timepoint  3  Mutations  [7, 8, 9, 10, 11, 12, 13, 14, 15, 16]  Type  subclone
Timepoints  SortedDict({1: [0], 2: [1, 2, 3, 4], 3: [5, 6, 7, 8]})
 Clone to nodes  {'5_2': 1, '1_2': 2, '4_2': 3, '0_2': 4, '5_3': 5, '1_3': 6, '3_3': 7, '7_3': 8}
 Timepoint ====  1
 Hash table  {'0,1': [0, 1, 2, 3, 4, 5, 6], '1': [17, 18, 19, 20], '2,3': [8, 9, 10, 11, 12, 13, 14, 15, 16], '2': [21, 22, 23, 24, 25, 26, 28, 29], '3': [7]}
 Final possible usc  [[0, 1, 2, 3, 4, 5, 6], [17, 18, 19, 20], [8, 9, 10, 11, 12, 13, 14, 15, 16], [21, 22, 23, 24, 25, 26, 28, 29], [7]]
 Time  1  USC keys  {'7_0', '17,18,19,20_0', '8,9,10,11,12,13,14,15,16_0', '0,1,2,3,4,5,6_0', '21,22,23,24,25,26,28,29_0'}
 USC children  {'0,1,2,3,4,5,6_0': [1, 2], '17,18,19,20_0': [2], '8,9,10,11,12,13,14,15,16_0': [3, 4], '21,22,23,24,25,26,28,29_0': [3], '7_0': [4]}
 USC children  {'0,1,2,3,4,5,6_0': [1, 2], '17,18,19,20_0': [2], '8,9,10,11,12,13,14,15,16_0': [3, 4], '21,22,23,24,25,26,28,29_0': [3], '7_0': [4]}
 Timepoint ====  2
 Hash table  {'0': [0, 1, 2, 3, 4, 5, 6, 17, 18, 19, 20, 30, 31, 32, 33, 34, 35, 36, 37, 38, 39, 40, 41, 42, 43, 44, 45]}
====== Inside find superset of t nodes ==========
 Final possible usc  [[0, 1, 2, 3, 4, 5, 6, 17, 18, 19, 20, 30, 31, 32, 33, 34, 35, 36, 37, 38, 39, 40, 41, 42, 43, 44, 45]]
 Time  2  USC keys  {'0,1,2,3,4,5,6,17,18,19,20,30,31,32,33,34,35,36,37,38,39,40,41,42,43,44,45_1', '0,1,2,3,4,5,6,17,18,19,20,30,31,32,33,34,35,36,37,38,39,40,41,42,43,44,45_2'}
 USC children  {'0,1,2,3,4,5,6_0': [1, 2], '17,18,19,20_0': [2], '8,9,10,11,12,13,14,15,16_0': [3, 4], '21,22,23,24,25,26,28,29_0': [3], '7_0': [4], '0,1,2,3,4,5,6,17,18,19,20,30,31,32,33,34,35,36,37,38,39,40,41,42,43,44,45_1': [7], '0,1,2,3,4,5,6,17,18,19,20,30,31,32,33,34,35,36,37,38,39,40,41,42,43,44,45_2': [7]}
 USC children  {'0,1,2,3,4,5,6_0': [1, 2], '17,18,19,20_0': [2], '8,9,10,11,12,13,14,15,16_0': [3, 4], '21,22,23,24,25,26,28,29_0': [3], '7_0': [4], '0,1,2,3,4,5,6,17,18,19,20,30,31,32,33,34,35,36,37,38,39,40,41,42,43,44,45_1': [7], '0,1,2,3,4,5,6,17,18,19,20,30,31,32,33,34,35,36,37,38,39,40,41,42,43,44,45_2': [7]}
 Node s  {'1,2': ['0', '1', '2', '3', '4', '5', '6'], '3,4': ['8', '9', '10', '11', '12', '13', '14', '15', '16'], '7': ['0', '1', '2', '3', '4', '5', '6', '17', '18', '19', '20', '30', '31', '32', '33', '34', '35', '36', '37', '38', '39', '40', '41', '42', '43', '44', '45']}
 Enroll USC nodes  ['1', '2']  len  2
 Enroll USC nodes  ['3', '4']  len  2
 Enroll USC nodes  ['7']  len  1
 Node TP  SortedDict({1: [0], 2: [1, 2, 3, 4], 3: [5, 6, 7, 8]})
 Unobserved subclones at timepoints  {1.5: [9, 10]}
 ============== Inside finding node v ============ 
 Time  2
 Time  3
 largest_v_mut  [[0, 1, 2, 3, 4, 5, 6, 17, 18, 19, 20]]
 Sorted all timepoints  [1, 1.5, 2, 3]
 Timepoint  2
 Inside usc_node check  2
 Timepoint  3
0   1   [-1]   subclone   []   []
1   2   [9]   subclone   [0, 1, 2, 3, 4, 5, 6]   [0]
2   2   [9]   subclone   [0, 1, 2, 3, 4, 5, 6, 17, 18, 19, 20]   [4]
3   2   [10]   subclone   [8, 9, 10, 11, 12, 13, 14, 15, 16, 21, 22, 23, 24, 25, 26, 28, 29]   [8]
4   2   [10]   subclone   [7, 8, 9, 10, 11, 12, 13, 14, 15, 16]   [1]
5   3   [1]   subclone   [0, 1, 2, 3, 4, 5, 6]   [0]
6   3   [2]   subclone   [0, 1, 2, 3, 4, 5, 6, 17, 18, 19, 20]   [0]
7   3   [2]   subclone   [0, 1, 2, 3, 4, 5, 6, 17, 18, 19, 20, 30, 31, 32, 33, 34, 35, 36, 37, 38, 39, 40, 41, 42, 43, 44, 45]   [16]
8   3   [4]   subclone   [7, 8, 9, 10, 11, 12, 13, 14, 15, 16]   [0]
9   1.5   [0]   unobserved subclone   [0, 1, 2, 3, 4, 5, 6]   [7]
10   1.5   [0]   unobserved subclone   [8, 9, 10, 11, 12, 13, 14, 15, 16]   [9]
7
 Total estimated FP  155  True negatives  15730
 Total estimated FN  1229  True positives  4966
 Estimated FP rate  0.03027
 Estimated FN rate  0.07
 No. of Cells in each cluster  {'5_2': 41, '5_3': 46, '1_2': 21, '1_3': 55, '4_2': 5, '3_3': 114, '2_3': 4, '6_2': 33, '6_3': 281}
 Cells in each cluster  {'5_2': [0, 1, 2, 3, 4, 5, 6, 7, 8, 9, 10, 11, 12, 13, 14, 15, 16, 17, 18, 19, 20, 21, 22, 23, 25, 26, 27, 28, 29, 30, 31, 32, 33, 34, 35, 36, 37, 38, 39, 40, 41], '5_3': [115, 136, 271, 272, 273, 274, 275, 276, 277, 278, 279, 280, 281, 282, 283, 284, 285, 286, 287, 288, 289, 290, 291, 292, 293, 294, 295, 296, 297, 298, 299, 300, 301, 302, 303, 304, 305, 306, 307, 308, 309, 310, 311, 312, 313, 314], '1_2': [24, 42, 43, 44, 45, 46, 47, 48, 49, 50, 51, 52, 53, 54, 55, 56, 57, 58, 59, 60, 61], '1_3': [100, 101, 102, 103, 104, 105, 106, 107, 108, 109, 110, 111, 112, 113, 114, 116, 117, 118, 119, 120, 121, 122, 123, 124, 125, 126, 127, 128, 129, 130, 131, 132, 133, 134, 135, 137, 138, 139, 140, 141, 142, 143, 144, 145, 146, 147, 148, 149, 150, 151, 152, 153, 154, 155, 156], '4_2': [95, 96, 97, 98, 99], '3_3': [157, 158, 159, 160, 161, 162, 163, 164, 165, 166, 167, 168, 169, 170, 171, 172, 173, 174, 175, 176, 177, 178, 179, 180, 181, 182, 183, 184, 185, 186, 187, 188, 189, 190, 191, 192, 193, 194, 195, 196, 197, 198, 199, 200, 201, 202, 203, 204, 205, 206, 207, 208, 209, 210, 211, 212, 213, 214, 215, 216, 217, 218, 219, 220, 221, 222, 223, 224, 225, 226, 227, 228, 229, 230, 231, 232, 233, 234, 235, 236, 237, 238, 239, 240, 241, 242, 243, 244, 245, 246, 247, 248, 249, 250, 251, 252, 253, 254, 255, 256, 257, 258, 259, 260, 261, 262, 263, 264, 265, 266, 267, 268, 269, 270], '2_3': [459, 498, 528, 595], '6_2': [62, 63, 64, 65, 66, 67, 68, 69, 70, 71, 72, 73, 74, 75, 76, 77, 78, 79, 80, 81, 82, 83, 84, 85, 86, 87, 88, 89, 90, 91, 93, 94, 92], '6_3': [315, 316, 317, 318, 319, 320, 321, 322, 323, 324, 325, 326, 327, 328, 329, 330, 331, 332, 333, 334, 335, 336, 337, 338, 339, 340, 341, 342, 343, 344, 345, 346, 347, 348, 349, 350, 351, 352, 353, 354, 355, 356, 357, 358, 359, 360, 361, 362, 363, 364, 365, 366, 367, 368, 369, 370, 371, 372, 373, 374, 375, 376, 377, 378, 379, 380, 381, 382, 383, 384, 385, 386, 387, 388, 389, 390, 391, 392, 393, 394, 395, 396, 397, 398, 399, 400, 401, 402, 403, 404, 405, 406, 407, 408, 409, 411, 412, 414, 416, 417, 418, 419, 420, 421, 422, 423, 424, 425, 426, 427, 428, 429, 430, 431, 432, 433, 434, 435, 436, 437, 438, 439, 440, 441, 442, 443, 444, 445, 446, 447, 448, 449, 450, 451, 452, 453, 454, 455, 456, 457, 458, 460, 461, 462, 463, 464, 465, 466, 467, 468, 469, 470, 471, 472, 473, 474, 475, 476, 477, 478, 479, 480, 481, 482, 483, 484, 485, 486, 487, 488, 489, 490, 491, 492, 493, 494, 495, 496, 497, 499, 500, 501, 502, 503, 504, 505, 506, 507, 508, 509, 510, 511, 512, 513, 514, 515, 516, 517, 518, 519, 520, 521, 522, 523, 525, 526, 527, 529, 530, 531, 532, 533, 534, 535, 536, 537, 538, 539, 540, 541, 542, 543, 544, 545, 546, 547, 548, 549, 550, 551, 552, 553, 554, 555, 556, 557, 558, 559, 560, 561, 562, 563, 564, 565, 566, 567, 568, 569, 570, 571, 572, 573, 574, 575, 576, 577, 578, 579, 580, 581, 582, 583, 584, 585, 586, 587, 588, 589, 590, 591, 592, 593, 594, 596, 597, 598, 599, 410, 413, 415, 524]}
FP rate  0.03027 FN rate  0.07
 Before reassigning cells 
 Timepoint  2
 Cluster  5  # of cells  43
 Cluster  1  # of cells  19
 Cluster  4  # of cells  5
 Cluster  6  # of cells  33
 Timepoint  3
 Cluster  5  # of cells  50
 Cluster  1  # of cells  51
 Cluster  3  # of cells  114
 Cluster  2  # of cells  9
 Cluster  6  # of cells  268
 Cells absent at timepoint  3   {392, 425, 554, 395, 460, 335, 400, 436}
 Missing cell prob  {'1': 7.450144813505375e-18, '5': 2.7439480186138983e-13, '6': 0.019970405890147164, '2': 0.019970405890147168, '3': 1.0764117434655162e-32}
 Missing cell prob  {'1': 4.7460272132303555e-17, '5': 6.57480709926553e-16, '6': 0.00010612354860203824, '2': 0.00010612354860203824, '3': 1.3159806982474787e-29}
 Missing cell prob  {'1': 5.081429841745394e-22, '5': 1.8715313185197515e-17, '6': 0.0012857281905662805, '2': 0.0012857281905662799, '3': 1.4089812996845774e-34}
 Missing cell prob  {'1': 5.057240251000397e-19, '5': 1.3445345291208105e-15, '6': 9.785498886172112e-05, '2': 9.78549888617211e-05, '3': 7.306801319935704e-34}
 Missing cell prob  {'1': 1.0715786367844746e-21, '5': 3.946709964433926e-17, '6': 8.825041406445543e-05, '2': 8.825041406445542e-05, '3': 2.9712783751673556e-34}
 Missing cell prob  {'1': 1.4751305994241576e-23, '5': 3.921830736627784e-20, '6': 1.2148514512100466e-06, '2': 1.2148514512100472e-06, '3': 1.2566672435597447e-34}
 Missing cell prob  {'1': 4.633812190780864e-22, '5': 1.2319605521476595e-18, '6': 2.7547255769451974e-06, '2': 2.7547255769451965e-06, '3': 2.849544604070866e-34}
 Missing cell prob  {'1': 2.959697362465603e-16, '5': 5.6800595400558427e-14, '6': 6.067022928816239e-05, '2': 6.067022928816239e-05, '3': 8.20666301870541e-29}
 Cells absent at timepoint  2   set()
 Timepoint  2
 Timepoint  3
SortedDict({2: {'5': ['0', '1', '2', '3', '4', '5', '6', '7', '8', '9', '10', '11', '12', '13', '14', '15', '16', '17', '18', '19', '20', '21', '22', '23', '24', '25', '26', '27', '28', '29', '30', '31', '32', '33', '34', '35', '36', '37', '38', '39', '40', '41', '51'], '1': ['42', '43', '44', '45', '46', '47', '48', '49', '50', '52', '53', '54', '55', '56', '57', '58', '59', '60', '61'], '4': ['95', '96', '97', '98', '99'], '6': ['62', '63', '64', '65', '66', '67', '68', '69', '70', '71', '72', '73', '74', '75', '76', '77', '78', '79', '80', '81', '82', '83', '84', '85', '86', '87', '88', '89', '90', '91', '92', '93', '94']}, 3: {'5': ['111', '113', '115', '136', '144', '150', '271', '272', '273', '274', '275', '276', '277', '278', '279', '280', '281', '282', '283', '284', '285', '286', '287', '288', '289', '290', '291', '292', '293', '294', '295', '296', '297', '298', '299', '300', '301', '302', '303', '304', '305', '306', '307', '308', '309', '310', '311', '312', '313', '314'], '1': ['100', '101', '102', '103', '104', '105', '106', '107', '108', '109', '110', '112', '114', '116', '117', '118', '119', '120', '121', '122', '123', '124', '125', '126', '127', '128', '129', '130', '131', '132', '133', '134', '135', '137', '138', '139', '140', '141', '142', '143', '145', '146', '147', '148', '149', '151', '152', '153', '154', '155', '156'], '3': ['157', '158', '159', '160', '161', '162', '163', '164', '165', '166', '167', '168', '169', '170', '171', '172', '173', '174', '175', '176', '177', '178', '179', '180', '181', '182', '183', '184', '185', '186', '187', '188', '189', '190', '191', '192', '193', '194', '195', '196', '197', '198', '199', '200', '201', '202', '203', '204', '205', '206', '207', '208', '209', '210', '211', '212', '213', '214', '215', '216', '217', '218', '219', '220', '221', '222', '223', '224', '225', '226', '227', '228', '229', '230', '231', '232', '233', '234', '235', '236', '237', '238', '239', '240', '241', '242', '243', '244', '245', '246', '247', '248', '249', '250', '251', '252', '253', '254', '255', '256', '257', '258', '259', '260', '261', '262', '263', '264', '265', '266', '267', '268', '269', '270'], '2': ['329', '330', '442', '459', '498', '528', '539', '544', '595', '392', '335'], '6': ['315', '316', '317', '318', '319', '320', '321', '322', '323', '324', '325', '326', '327', '328', '331', '332', '333', '334', '336', '337', '338', '339', '340', '341', '342', '343', '344', '345', '346', '347', '348', '349', '350', '351', '352', '353', '354', '355', '356', '357', '358', '359', '360', '361', '362', '363', '364', '365', '366', '367', '368', '369', '370', '371', '372', '373', '374', '375', '376', '377', '378', '379', '380', '381', '382', '383', '384', '385', '386', '387', '388', '389', '390', '391', '393', '394', '396', '397', '398', '399', '401', '402', '403', '404', '405', '406', '407', '408', '409', '410', '411', '412', '413', '414', '415', '416', '417', '418', '419', '420', '421', '422', '423', '424', '426', '427', '428', '429', '430', '431', '432', '433', '434', '435', '437', '438', '439', '440', '441', '443', '444', '445', '446', '447', '448', '449', '450', '451', '452', '453', '454', '455', '456', '457', '458', '461', '462', '463', '464', '465', '466', '467', '468', '469', '470', '471', '472', '473', '474', '475', '476', '477', '478', '479', '480', '481', '482', '483', '484', '485', '486', '487', '488', '489', '490', '491', '492', '493', '494', '495', '496', '497', '499', '500', '501', '502', '503', '504', '505', '506', '507', '508', '509', '510', '511', '512', '513', '514', '515', '516', '517', '518', '519', '520', '521', '522', '523', '524', '525', '526', '527', '529', '530', '531', '532', '533', '534', '535', '536', '537', '538', '540', '541', '542', '543', '545', '546', '547', '548', '549', '550', '551', '552', '553', '555', '556', '557', '558', '559', '560', '561', '562', '563', '564', '565', '566', '567', '568', '569', '570', '571', '572', '573', '574', '575', '576', '577', '578', '579', '580', '581', '582', '583', '584', '585', '586', '587', '588', '589', '590', '591', '592', '593', '594', '596', '597', '598', '599', '425', '554', '395', '460', '400', '436']}})
 Cluster1  2
 Cluster to drop  6
 After reassigning and merging cells 
 Timepoint  2
 Cluster  5  # of cells  43
 Cluster  1  # of cells  19
 Cluster  4  # of cells  5
 Cluster  6  # of cells  33
 Timepoint  3
 Cluster  5  # of cells  50
 Cluster  1  # of cells  51
 Cluster  3  # of cells  114
 Cluster  2  # of cells  285
 Tp cluster cell dict  {'5_2': 43, '1_2': 19, '4_2': 5, '6_2': 33, '5_3': 50, '1_3': 51, '3_3': 114, '2_3': 285}
 New Graph is here 
 ID  0  Timepoint  1  Mutations  []  Type  subclone
 ID  1  Timepoint  2  Mutations  [0, 1, 2, 3, 4, 5, 6]  Type  subclone
 ID  2  Timepoint  2  Mutations  [0, 1, 2, 3, 4, 5, 6, 17, 18, 19, 20]  Type  subclone
 ID  3  Timepoint  2  Mutations  [8, 9, 10, 11, 12, 13, 14, 15, 16, 21, 22, 23, 24, 25, 26, 28, 29]  Type  subclone
 ID  4  Timepoint  2  Mutations  [7, 8, 9, 10, 11, 12, 13, 14, 15, 16]  Type  subclone
 ID  5  Timepoint  3  Mutations  [0, 1, 2, 3, 4, 5, 6]  Type  subclone
 ID  6  Timepoint  3  Mutations  [0, 1, 2, 3, 4, 5, 6, 17, 18, 19, 20]  Type  subclone
 ID  7  Timepoint  3  Mutations  [0, 1, 2, 3, 4, 5, 6, 17, 18, 19, 20, 30, 31, 32, 33, 34, 35, 36, 37, 38, 39, 40, 41, 42, 43, 44, 45]  Type  subclone
 ID  8  Timepoint  3  Mutations  [7, 8, 9, 10, 11, 12, 13, 14, 15, 16]  Type  subclone
Timepoints  SortedDict({1: [0], 2: [1, 2, 3, 4], 3: [5, 6, 7, 8]})
 Clone to nodes  {'5_2': 1, '1_2': 2, '4_2': 3, '6_2': 4, '5_3': 5, '1_3': 6, '3_3': 7, '2_3': 8}
 Timepoint ====  1
 Hash table  {'0,1': [0, 1, 2, 3, 4, 5, 6], '1': [17, 18, 19, 20], '2,3': [8, 9, 10, 11, 12, 13, 14, 15, 16], '2': [21, 22, 23, 24, 25, 26, 28, 29], '3': [7]}
 Final possible usc  [[0, 1, 2, 3, 4, 5, 6], [17, 18, 19, 20], [8, 9, 10, 11, 12, 13, 14, 15, 16], [21, 22, 23, 24, 25, 26, 28, 29], [7]]
 Time  1  USC keys  {'21,22,23,24,25,26,28,29_0', '17,18,19,20_0', '7_0', '0,1,2,3,4,5,6_0', '8,9,10,11,12,13,14,15,16_0'}
 USC children  {'0,1,2,3,4,5,6_0': [1, 2], '17,18,19,20_0': [2], '8,9,10,11,12,13,14,15,16_0': [3, 4], '21,22,23,24,25,26,28,29_0': [3], '7_0': [4]}
 USC children  {'0,1,2,3,4,5,6_0': [1, 2], '17,18,19,20_0': [2], '8,9,10,11,12,13,14,15,16_0': [3, 4], '21,22,23,24,25,26,28,29_0': [3], '7_0': [4]}
 Timepoint ====  2
 Hash table  {'0': [0, 1, 2, 3, 4, 5, 6, 17, 18, 19, 20, 30, 31, 32, 33, 34, 35, 36, 37, 38, 39, 40, 41, 42, 43, 44, 45]}
====== Inside find superset of t nodes ==========
 Final possible usc  [[0, 1, 2, 3, 4, 5, 6, 17, 18, 19, 20, 30, 31, 32, 33, 34, 35, 36, 37, 38, 39, 40, 41, 42, 43, 44, 45]]
 Time  2  USC keys  {'0,1,2,3,4,5,6,17,18,19,20,30,31,32,33,34,35,36,37,38,39,40,41,42,43,44,45_2', '0,1,2,3,4,5,6,17,18,19,20,30,31,32,33,34,35,36,37,38,39,40,41,42,43,44,45_1'}
 USC children  {'0,1,2,3,4,5,6_0': [1, 2], '17,18,19,20_0': [2], '8,9,10,11,12,13,14,15,16_0': [3, 4], '21,22,23,24,25,26,28,29_0': [3], '7_0': [4], '0,1,2,3,4,5,6,17,18,19,20,30,31,32,33,34,35,36,37,38,39,40,41,42,43,44,45_2': [7], '0,1,2,3,4,5,6,17,18,19,20,30,31,32,33,34,35,36,37,38,39,40,41,42,43,44,45_1': [7]}
 USC children  {'0,1,2,3,4,5,6_0': [1, 2], '17,18,19,20_0': [2], '8,9,10,11,12,13,14,15,16_0': [3, 4], '21,22,23,24,25,26,28,29_0': [3], '7_0': [4], '0,1,2,3,4,5,6,17,18,19,20,30,31,32,33,34,35,36,37,38,39,40,41,42,43,44,45_2': [7], '0,1,2,3,4,5,6,17,18,19,20,30,31,32,33,34,35,36,37,38,39,40,41,42,43,44,45_1': [7]}
 Node s  {'1,2': ['0', '1', '2', '3', '4', '5', '6'], '3,4': ['8', '9', '10', '11', '12', '13', '14', '15', '16'], '7': ['0', '1', '2', '3', '4', '5', '6', '17', '18', '19', '20', '30', '31', '32', '33', '34', '35', '36', '37', '38', '39', '40', '41', '42', '43', '44', '45']}
 Enroll USC nodes  ['1', '2']  len  2
 Enroll USC nodes  ['3', '4']  len  2
 Enroll USC nodes  ['7']  len  1
 Node TP  SortedDict({1: [0], 2: [1, 2, 3, 4], 3: [5, 6, 7, 8]})
 Unobserved subclones at timepoints  {1.5: [9, 10]}
 ============== Inside finding node v ============ 
 Time  2
 Time  3
 largest_v_mut  [[0, 1, 2, 3, 4, 5, 6, 17, 18, 19, 20]]
 Sorted all timepoints  [1, 1.5, 2, 3]
 Timepoint  2
 Inside usc_node check  2
 Timepoint  3
0   1   [-1]   subclone   []   []
1   2   [9]   subclone   [0, 1, 2, 3, 4, 5, 6]   [0]
2   2   [9]   subclone   [0, 1, 2, 3, 4, 5, 6, 17, 18, 19, 20]   [4]
3   2   [10]   subclone   [8, 9, 10, 11, 12, 13, 14, 15, 16, 21, 22, 23, 24, 25, 26, 28, 29]   [8]
4   2   [10]   subclone   [7, 8, 9, 10, 11, 12, 13, 14, 15, 16]   [1]
5   3   [1]   subclone   [0, 1, 2, 3, 4, 5, 6]   [0]
6   3   [2]   subclone   [0, 1, 2, 3, 4, 5, 6, 17, 18, 19, 20]   [0]
7   3   [2]   subclone   [0, 1, 2, 3, 4, 5, 6, 17, 18, 19, 20, 30, 31, 32, 33, 34, 35, 36, 37, 38, 39, 40, 41, 42, 43, 44, 45]   [16]
8   3   [4]   subclone   [7, 8, 9, 10, 11, 12, 13, 14, 15, 16]   [0]
9   1.5   [0]   unobserved subclone   [0, 1, 2, 3, 4, 5, 6]   [7]
10   1.5   [0]   unobserved subclone   [8, 9, 10, 11, 12, 13, 14, 15, 16]   [9]
 List of tree files  ['all_trees/u0_rep5_m1_tree.csv', 'all_trees/u0_rep5_m2_tree.csv', 'all_trees/u0_rep5_m3_tree.csv', 'all_trees/u0_rep5_m4_tree.csv', 'all_trees/u0_rep5_m5_tree.csv']
{'1': ['0', '1', '2', '3', '4', '5', '6'], '2': ['0', '1', '2', '3', '4', '5', '6', '17', '18', '19', '20'], '3': ['7', '8', '9', '10', '11', '12', '13', '14', '15', '16'], '4': ['8', '9', '10', '11', '12', '13', '14', '15', '16', '21', '22', '23', '24', '25', '26', '28', '29'], '5': ['0', '1', '2', '3', '4', '5', '6'], '6': ['0', '1', '2', '3', '4', '5', '6', '17', '18', '19', '20'], '7': ['7', '8', '9', '10', '11', '12', '13', '14', '15', '16'], '8': ['0', '1', '2', '3', '4', '5', '6', '17', '18', '19', '20', '30', '31', '32', '33', '34', '35', '36', '37', '38', '39', '40', '41', '42', '43', '44', '45'], '9': ['0', '1', '2', '3', '4', '5', '6'], '10': ['8', '9', '10', '11', '12', '13', '14', '15', '16']}
 Actual mutation of  1   []
 Actual mutation of  2   ['20', '19', '18', '17']
 Actual mutation of  3   ['7']
 Actual mutation of  4   ['21', '22', '28', '26', '23', '24', '25', '29']
 Actual mutation of  5   []
 Actual mutation of  6   []
 Actual mutation of  7   []
 Actual mutation of  8   ['41', '30', '37', '44', '45', '31', '40', '33', '39', '43', '34', '35', '42', '36', '32', '38']
 Updated node mutation  {'1': [], '2': ['20', '19', '18', '17'], '3': ['7'], '4': ['21', '22', '28', '26', '23', '24', '25', '29'], '5': [], '6': [], '7': [], '8': ['41', '30', '37', '44', '45', '31', '40', '33', '39', '43', '34', '35', '42', '36', '32', '38'], '9': ['0', '1', '2', '3', '4', '5', '6'], '10': ['8', '9', '10', '11', '12', '13', '14', '15', '16']}
{'1': ['0', '1', '2', '3', '4', '5', '6'], '2': ['0', '1', '2', '3', '4', '5', '6', '17', '18', '19', '20'], '3': ['8', '9', '10', '11', '12', '13', '14', '15', '16', '21', '22', '23', '24', '25', '26', '28', '29'], '4': ['7', '8', '9', '10', '11', '12', '13', '14', '15', '16'], '5': ['0', '1', '2', '3', '4', '5', '6'], '6': ['0', '1', '2', '3', '4', '5', '6', '17', '18', '19', '20'], '7': ['0', '1', '2', '3', '4', '5', '6', '17', '18', '19', '20', '30', '31', '32', '33', '34', '35', '36', '37', '38', '39', '40', '41', '42', '43', '44', '45'], '8': ['7', '8', '9', '10', '11', '12', '13', '14', '15', '16'], '9': ['0', '1', '2', '3', '4', '5', '6'], '10': ['8', '9', '10', '11', '12', '13', '14', '15', '16']}
 Actual mutation of  1   []
 Actual mutation of  2   ['20', '19', '18', '17']
 Actual mutation of  3   ['21', '22', '28', '26', '23', '24', '25', '29']
 Actual mutation of  4   ['7']
 Actual mutation of  5   []
 Actual mutation of  6   []
 Actual mutation of  7   ['41', '30', '37', '44', '45', '31', '40', '33', '39', '43', '34', '35', '42', '36', '32', '38']
 Actual mutation of  8   []
 Updated node mutation  {'1': [], '2': ['20', '19', '18', '17'], '3': ['21', '22', '28', '26', '23', '24', '25', '29'], '4': ['7'], '5': [], '6': [], '7': ['41', '30', '37', '44', '45', '31', '40', '33', '39', '43', '34', '35', '42', '36', '32', '38'], '8': [], '9': ['0', '1', '2', '3', '4', '5', '6'], '10': ['8', '9', '10', '11', '12', '13', '14', '15', '16']}
{'1': ['0', '1', '2', '3', '4', '5', '6'], '2': ['0', '1', '2', '3', '4', '5', '6', '17', '18', '19', '20'], '3': ['8', '9', '10', '11', '12', '13', '14', '15', '16', '21', '22', '23', '24', '25', '26', '28', '29'], '4': ['7', '8', '9', '10', '11', '12', '13', '14', '15', '16'], '5': ['0', '1', '2', '3', '4', '5', '6'], '6': ['0', '1', '2', '3', '4', '5', '6', '17', '18', '19', '20'], '7': ['0', '1', '2', '3', '4', '5', '6', '17', '18', '19', '20', '30', '31', '32', '33', '34', '35', '36', '37', '38', '39', '40', '41', '42', '43', '44', '45'], '8': ['7', '8', '9', '10', '11', '12', '13', '14', '15', '16'], '9': ['0', '1', '2', '3', '4', '5', '6'], '10': ['8', '9', '10', '11', '12', '13', '14', '15', '16']}
 Actual mutation of  1   []
 Actual mutation of  2   ['20', '19', '18', '17']
 Actual mutation of  3   ['21', '22', '28', '26', '23', '24', '25', '29']
 Actual mutation of  4   ['7']
 Actual mutation of  5   []
 Actual mutation of  6   []
 Actual mutation of  7   ['41', '30', '37', '44', '45', '31', '40', '33', '39', '43', '34', '35', '42', '36', '32', '38']
 Actual mutation of  8   []
 Updated node mutation  {'1': [], '2': ['20', '19', '18', '17'], '3': ['21', '22', '28', '26', '23', '24', '25', '29'], '4': ['7'], '5': [], '6': [], '7': ['41', '30', '37', '44', '45', '31', '40', '33', '39', '43', '34', '35', '42', '36', '32', '38'], '8': [], '9': ['0', '1', '2', '3', '4', '5', '6'], '10': ['8', '9', '10', '11', '12', '13', '14', '15', '16']}
{'1': ['0', '1', '2', '3', '4', '5', '6'], '2': ['0', '1', '2', '3', '4', '5', '6', '17', '18', '19', '20'], '3': ['8', '9', '10', '11', '12', '13', '14', '15', '16', '21', '22', '23', '24', '25', '26', '28', '29'], '4': ['7', '8', '9', '10', '11', '12', '13', '14', '15', '16'], '5': ['0', '1', '2', '3', '4', '5', '6'], '6': ['0', '1', '2', '3', '4', '5', '6', '17', '18', '19', '20'], '7': ['0', '1', '2', '3', '4', '5', '6', '17', '18', '19', '20', '30', '31', '32', '33', '34', '35', '36', '37', '38', '39', '40', '41', '42', '43', '44', '45'], '8': ['7', '8', '9', '10', '11', '12', '13', '14', '15', '16'], '9': ['0', '1', '2', '3', '4', '5', '6'], '10': ['8', '9', '10', '11', '12', '13', '14', '15', '16']}
 Actual mutation of  1   []
 Actual mutation of  2   ['20', '19', '18', '17']
 Actual mutation of  3   ['21', '22', '28', '26', '23', '24', '25', '29']
 Actual mutation of  4   ['7']
 Actual mutation of  5   []
 Actual mutation of  6   []
 Actual mutation of  7   ['41', '30', '37', '44', '45', '31', '40', '33', '39', '43', '34', '35', '42', '36', '32', '38']
 Actual mutation of  8   []
 Updated node mutation  {'1': [], '2': ['20', '19', '18', '17'], '3': ['21', '22', '28', '26', '23', '24', '25', '29'], '4': ['7'], '5': [], '6': [], '7': ['41', '30', '37', '44', '45', '31', '40', '33', '39', '43', '34', '35', '42', '36', '32', '38'], '8': [], '9': ['0', '1', '2', '3', '4', '5', '6'], '10': ['8', '9', '10', '11', '12', '13', '14', '15', '16']}
{'1': ['0', '1', '2', '3', '4', '5', '6'], '2': ['0', '1', '2', '3', '4', '5', '6', '17', '18', '19', '20'], '3': ['8', '9', '10', '11', '12', '13', '14', '15', '16', '21', '22', '23', '24', '25', '26', '28', '29'], '4': ['7', '8', '9', '10', '11', '12', '13', '14', '15', '16'], '5': ['0', '1', '2', '3', '4', '5', '6'], '6': ['0', '1', '2', '3', '4', '5', '6', '17', '18', '19', '20'], '7': ['0', '1', '2', '3', '4', '5', '6', '17', '18', '19', '20', '30', '31', '32', '33', '34', '35', '36', '37', '38', '39', '40', '41', '42', '43', '44', '45'], '8': ['7', '8', '9', '10', '11', '12', '13', '14', '15', '16'], '9': ['0', '1', '2', '3', '4', '5', '6'], '10': ['8', '9', '10', '11', '12', '13', '14', '15', '16']}
 Actual mutation of  1   []
 Actual mutation of  2   ['20', '19', '18', '17']
 Actual mutation of  3   ['21', '22', '28', '26', '23', '24', '25', '29']
 Actual mutation of  4   ['7']
 Actual mutation of  5   []
 Actual mutation of  6   []
 Actual mutation of  7   ['41', '30', '37', '44', '45', '31', '40', '33', '39', '43', '34', '35', '42', '36', '32', '38']
 Actual mutation of  8   []
 Updated node mutation  {'1': [], '2': ['20', '19', '18', '17'], '3': ['21', '22', '28', '26', '23', '24', '25', '29'], '4': ['7'], '5': [], '6': [], '7': ['41', '30', '37', '44', '45', '31', '40', '33', '39', '43', '34', '35', '42', '36', '32', '38'], '8': [], '9': ['0', '1', '2', '3', '4', '5', '6'], '10': ['8', '9', '10', '11', '12', '13', '14', '15', '16']}
 Parallel mutation count  {'m1': 0, 'm2': 0, 'm3': 0, 'm4': 0, 'm5': 0}
 Clusters with least parallel mutations  ['m1', 'm2', 'm3', 'm4', 'm5']
 Cluster nos for each run  {'m1': 6, 'm2': 7, 'm3': 7, 'm4': 8, 'm5': 7}
 Run  m1
 Base path  ['u0', 'rep5', 'm1', 'tree.csv']
 Best tree path  u0_rep5_m1_tree.csv
