7
 Total estimated FP  448  True negatives  8714
 Total estimated FN  2080  True positives  8438
 Estimated FP rate  0.05042
 Estimated FN rate  0.19
 No. of Cells in each cluster  {'6_2': 69, '1_2': 31, '1_3': 66, '4_3': 1, '5_3': 1, '3_3': 1, '0_3': 431}
 Cells in each cluster  {'6_2': [0, 1, 2, 3, 4, 5, 6, 7, 8, 9, 10, 11, 12, 13, 14, 15, 16, 17, 18, 19, 20, 21, 22, 23, 24, 25, 26, 27, 28, 29, 30, 31, 32, 33, 34, 35, 36, 37, 38, 39, 40, 41, 42, 43, 44, 45, 46, 47, 48, 49, 50, 51, 52, 53, 54, 55, 56, 57, 58, 59, 60, 61, 62, 63, 64, 65, 66, 67, 68], '1_2': [69, 70, 71, 72, 73, 74, 75, 76, 77, 78, 79, 80, 81, 82, 83, 84, 85, 86, 87, 88, 89, 90, 91, 92, 93, 94, 95, 96, 97, 98, 99], '1_3': [100, 101, 102, 103, 104, 105, 106, 107, 108, 109, 110, 111, 112, 113, 114, 115, 116, 117, 118, 119, 120, 121, 122, 123, 124, 125, 126, 127, 128, 129, 130, 131, 132, 133, 134, 135, 136, 137, 138, 139, 140, 141, 142, 143, 144, 145, 146, 147, 148, 149, 150, 151, 152, 153, 154, 155, 156, 157, 158, 159, 160, 161, 162, 163, 164, 165], '4_3': [308], '5_3': [503], '3_3': [514], '0_3': [166, 169, 171, 172, 180, 193, 230, 238, 242, 255, 276, 286, 336, 338, 343, 359, 361, 382, 389, 396, 426, 433, 442, 448, 453, 454, 467, 469, 471, 475, 484, 499, 508, 523, 528, 539, 546, 558, 574, 588, 589, 599, 167, 168, 170, 173, 174, 175, 176, 177, 178, 179, 181, 182, 183, 184, 185, 186, 187, 188, 189, 190, 191, 192, 194, 195, 196, 197, 198, 199, 200, 201, 202, 203, 204, 205, 206, 207, 208, 209, 210, 211, 212, 213, 214, 215, 216, 217, 218, 219, 220, 221, 222, 223, 224, 225, 226, 227, 228, 229, 231, 232, 233, 234, 235, 236, 237, 239, 240, 241, 243, 244, 245, 246, 247, 248, 249, 250, 251, 252, 253, 254, 256, 257, 258, 259, 260, 261, 262, 263, 264, 265, 266, 267, 268, 269, 270, 271, 272, 273, 274, 275, 277, 278, 279, 280, 281, 282, 283, 284, 285, 287, 288, 289, 290, 291, 292, 293, 294, 295, 296, 297, 298, 299, 300, 301, 302, 303, 304, 305, 306, 307, 309, 310, 311, 312, 313, 314, 315, 316, 317, 318, 319, 320, 321, 322, 323, 324, 325, 326, 327, 328, 329, 330, 331, 332, 333, 334, 335, 337, 339, 340, 341, 342, 344, 345, 346, 347, 348, 349, 350, 351, 352, 353, 354, 355, 356, 357, 358, 360, 362, 363, 364, 365, 366, 367, 368, 369, 370, 371, 372, 373, 374, 375, 376, 377, 378, 379, 380, 381, 383, 384, 385, 386, 387, 388, 390, 391, 392, 393, 394, 395, 397, 398, 399, 400, 401, 402, 403, 404, 405, 406, 407, 408, 409, 410, 411, 412, 413, 414, 415, 416, 417, 418, 419, 420, 421, 422, 423, 424, 425, 427, 428, 429, 430, 431, 432, 434, 435, 436, 437, 438, 439, 440, 441, 443, 444, 445, 446, 447, 449, 450, 451, 452, 455, 456, 457, 458, 459, 460, 461, 462, 463, 464, 465, 466, 468, 470, 472, 473, 474, 476, 477, 478, 479, 480, 481, 482, 483, 485, 486, 487, 488, 489, 490, 491, 492, 493, 494, 495, 496, 497, 498, 500, 501, 502, 504, 505, 506, 507, 509, 510, 511, 512, 513, 515, 516, 517, 518, 519, 520, 521, 522, 524, 525, 526, 527, 529, 530, 531, 532, 533, 534, 535, 536, 537, 538, 540, 541, 542, 543, 544, 545, 547, 548, 549, 550, 551, 552, 553, 554, 555, 556, 557, 559, 560, 561, 562, 563, 564, 565, 566, 567, 568, 569, 570, 571, 572, 573, 575, 576, 577, 578, 579, 580, 581, 582, 583, 584, 585, 586, 587, 590, 591, 592, 593, 594, 595, 596, 597, 598]}
FP rate  0.05042 FN rate  0.19
 Before reassigning cells 
 Timepoint  2
 Cluster  6  # of cells  69
 Cluster  1  # of cells  31
 Timepoint  3
 Cluster  1  # of cells  66
 Cluster  4  # of cells  1
 Cluster  5  # of cells  1
 Cluster  3  # of cells  1
 Cluster  0  # of cells  431
 Cells absent at timepoint  2   set()
 Cells absent at timepoint  3   set()
 Timepoint  2
 Timepoint  3
 After reassigning and merging cells 
 Timepoint  2
 Cluster  6  # of cells  69
 Cluster  1  # of cells  31
 Timepoint  3
 Cluster  1  # of cells  66
 Cluster  4  # of cells  1
 Cluster  5  # of cells  1
 Cluster  3  # of cells  1
 Cluster  0  # of cells  431
 Tp cluster cell dict  {'6_2': 69, '1_2': 31, '1_3': 66, '4_3': 1, '5_3': 1, '3_3': 1, '0_3': 431}
 New Graph is here 
 ID  0  Timepoint  1  Mutations  []  Type  subclone
 ID  1  Timepoint  2  Mutations  [10, 11, 12, 13, 14, 15, 16, 17, 18, 19, 20, 21, 22]  Type  subclone
 ID  2  Timepoint  2  Mutations  [10, 11, 12, 13, 14, 15, 16, 23, 24, 25, 26, 27, 28, 29, 30]  Type  subclone
 ID  3  Timepoint  3  Mutations  [10, 11, 12, 13, 14, 15, 16, 23, 24, 25, 26, 27, 28, 29, 30]  Type  subclone
 ID  4  Timepoint  3  Mutations  [3, 12, 13, 14, 15, 17, 20, 26, 27, 28, 29, 31, 32, 34, 35, 36, 40]  Type  subclone
 ID  5  Timepoint  3  Mutations  [4, 9, 11, 13, 14, 22, 26, 27, 28, 29, 34, 35, 36, 37, 38, 39]  Type  subclone
 ID  6  Timepoint  3  Mutations  [0, 6, 10, 13, 14, 15, 16, 17, 20, 23, 24, 27, 34, 35, 38, 40]  Type  subclone
 ID  7  Timepoint  3  Mutations  [10, 11, 12, 13, 14, 15, 16, 23, 24, 25, 26, 27, 28, 29, 30, 31, 32, 33, 34, 35, 36, 37, 38, 39, 40]  Type  subclone
Timepoints  SortedDict({1: [0], 2: [1, 2], 3: [3, 4, 5, 6, 7]})
 Clone to nodes  {'6_2': 1, '1_2': 2, '1_3': 3, '4_3': 4, '5_3': 5, '3_3': 6, '0_3': 7}
 Timepoint ====  1
 Hash table  {'0,1': [10, 11, 12, 13, 14, 15, 16], '0': [17, 18, 19, 20, 21, 22], '1': [23, 24, 25, 26, 27, 28, 29, 30]}
 Final possible usc  [[10, 11, 12, 13, 14, 15, 16], [17, 18, 19, 20, 21, 22], [23, 24, 25, 26, 27, 28, 29, 30]]
 Time  1  USC keys  {'23,24,25,26,27,28,29,30_0', '10,11,12,13,14,15,16_0', '17,18,19,20,21,22_0'}
 USC children  {'10,11,12,13,14,15,16_0': [1, 2], '17,18,19,20,21,22_0': [1], '23,24,25,26,27,28,29,30_0': [2]}
 USC children  {'10,11,12,13,14,15,16_0': [1, 2], '17,18,19,20,21,22_0': [1], '23,24,25,26,27,28,29,30_0': [2]}
 Timepoint ====  2
 Hash table  {'0': [3], '0,3': [12, 31, 32], '0,1,2,3': [13, 14, 27, 34, 35], '0,2,3': [15, 40], '0,2': [17, 20], '0,1,3': [26, 28, 29, 36], '1': [4, 9, 22], '1,3': [11, 37, 39], '1,2,3': [38], '2': [0, 6], '2,3': [10, 16, 23, 24], '3': [25, 30, 33]}
====== Inside find superset of t nodes ==========
 Final possible usc  []
 Time  2  USC keys  set()
 USC children  {'10,11,12,13,14,15,16_0': [1, 2], '17,18,19,20,21,22_0': [1], '23,24,25,26,27,28,29,30_0': [2]}
 USC children  {'10,11,12,13,14,15,16_0': [1, 2], '17,18,19,20,21,22_0': [1], '23,24,25,26,27,28,29,30_0': [2]}
 Node s  {'1,2': ['10', '11', '12', '13', '14', '15', '16']}
 Enroll USC nodes  ['1', '2']  len  2
 Node TP  SortedDict({1: [0], 2: [1, 2], 3: [3, 4, 5, 6, 7]})
 Unobserved subclones at timepoints  {1.5: [8]}
 ============== Inside finding node v ============ 
 Time  2
 Time  3
 largest_v_mut  []
 largest_v_mut  []
 largest_v_mut  []
 largest_v_mut  [[10, 11, 12, 13, 14, 15, 16, 23, 24, 25, 26, 27, 28, 29, 30]]
 Sorted all timepoints  [1, 1.5, 2, 3]
 Timepoint  2
 Inside usc_node check  2
 Timepoint  3
 Node  4  has no parent 
 USC nodes  []
 Node with minimum mutation sets  {1: 7, 2: 7}
 Node  5  has no parent 
 USC nodes  []
 Node with minimum mutation sets  {1: 9, 2: 8}
 Node  6  has no parent 
 USC nodes  []
 Node with minimum mutation sets  {1: 6, 2: 7}
0   1   [-1]   subclone   []   []
1   2   [8]   subclone   [10, 11, 12, 13, 14, 15, 16, 17, 18, 19, 20, 21, 22]   [6]
2   2   [8]   subclone   [10, 11, 12, 13, 14, 15, 16, 23, 24, 25, 26, 27, 28, 29, 30]   [8]
3   3   [2]   subclone   [10, 11, 12, 13, 14, 15, 16, 23, 24, 25, 26, 27, 28, 29, 30]   [0]
4   3   [1]   subclone   [3, 12, 13, 14, 15, 17, 20, 26, 27, 28, 29, 31, 32, 34, 35, 36, 40]   [11]
5   3   [2]   subclone   [4, 9, 11, 13, 14, 22, 26, 27, 28, 29, 34, 35, 36, 37, 38, 39]   [9]
6   3   [1]   subclone   [0, 6, 10, 13, 14, 15, 16, 17, 20, 23, 24, 27, 34, 35, 38, 40]   [9]
7   3   [2]   subclone   [10, 11, 12, 13, 14, 15, 16, 23, 24, 25, 26, 27, 28, 29, 30, 31, 32, 33, 34, 35, 36, 37, 38, 39, 40]   [10]
8   1.5   [0]   unobserved subclone   [10, 11, 12, 13, 14, 15, 16]   [7]
10
 Total estimated FP  444  True negatives  8718
 Total estimated FN  2076  True positives  8442
 Estimated FP rate  0.04997
 Estimated FN rate  0.19
 No. of Cells in each cluster  {'5_2': 69, '3_2': 31, '3_3': 66, '8_3': 1, '9_3': 1, '6_3': 1, '7_3': 1, '4_3': 430}
 Cells in each cluster  {'5_2': [0, 1, 2, 3, 4, 5, 6, 7, 8, 9, 10, 11, 12, 13, 14, 15, 16, 17, 18, 19, 20, 21, 22, 23, 24, 25, 26, 27, 28, 29, 30, 31, 32, 33, 34, 35, 36, 37, 38, 39, 40, 41, 42, 43, 44, 45, 46, 47, 48, 49, 50, 51, 52, 53, 54, 55, 56, 57, 58, 59, 60, 61, 62, 63, 64, 65, 66, 67, 68], '3_2': [69, 70, 71, 72, 73, 74, 75, 76, 77, 78, 79, 80, 81, 82, 83, 84, 85, 86, 87, 88, 89, 90, 91, 92, 93, 94, 95, 96, 97, 98, 99], '3_3': [100, 101, 102, 103, 104, 105, 106, 107, 108, 109, 110, 111, 112, 113, 114, 115, 116, 117, 118, 119, 120, 121, 122, 123, 124, 125, 126, 127, 128, 129, 130, 131, 132, 133, 134, 135, 136, 137, 138, 139, 140, 141, 142, 143, 144, 145, 146, 147, 148, 149, 150, 151, 152, 153, 154, 155, 156, 157, 158, 159, 160, 161, 162, 163, 164, 165], '8_3': [200], '9_3': [308], '6_3': [503], '7_3': [514], '4_3': [166, 169, 171, 172, 180, 186, 193, 225, 242, 251, 286, 336, 359, 361, 389, 420, 426, 433, 442, 448, 471, 484, 508, 558, 574, 588, 167, 170, 173, 174, 175, 178, 179, 181, 182, 183, 184, 185, 187, 188, 189, 190, 191, 192, 194, 195, 196, 198, 199, 201, 202, 205, 206, 207, 208, 209, 212, 213, 214, 215, 218, 220, 221, 222, 223, 224, 227, 228, 229, 231, 232, 234, 235, 236, 239, 240, 241, 243, 244, 245, 246, 247, 248, 250, 252, 257, 258, 259, 260, 261, 263, 264, 265, 266, 267, 268, 269, 270, 271, 272, 273, 274, 275, 277, 278, 279, 280, 281, 282, 283, 285, 287, 288, 289, 290, 291, 292, 293, 294, 295, 296, 297, 299, 300, 301, 302, 303, 304, 305, 306, 309, 310, 311, 312, 315, 316, 317, 318, 319, 320, 321, 322, 323, 324, 325, 326, 328, 330, 331, 332, 333, 334, 335, 337, 339, 340, 341, 342, 343, 345, 346, 348, 349, 350, 352, 353, 354, 355, 357, 358, 360, 362, 363, 364, 366, 367, 368, 369, 370, 371, 372, 373, 374, 375, 376, 377, 379, 380, 381, 384, 385, 386, 387, 388, 390, 392, 393, 394, 395, 397, 399, 400, 401, 402, 403, 404, 405, 406, 407, 408, 409, 410, 411, 412, 413, 414, 415, 416, 419, 421, 422, 423, 424, 425, 427, 428, 429, 430, 431, 432, 434, 435, 436, 437, 438, 439, 440, 441, 444, 445, 446, 447, 449, 450, 451, 452, 455, 456, 457, 458, 459, 460, 461, 462, 464, 465, 466, 468, 470, 473, 474, 476, 477, 478, 479, 480, 481, 482, 483, 485, 486, 487, 488, 489, 490, 491, 492, 494, 495, 497, 498, 499, 500, 501, 502, 504, 505, 506, 507, 509, 510, 511, 513, 515, 516, 517, 518, 519, 520, 521, 522, 523, 524, 526, 527, 529, 530, 531, 532, 533, 534, 535, 536, 537, 538, 541, 542, 543, 544, 545, 547, 548, 549, 550, 551, 552, 553, 554, 555, 556, 557, 559, 560, 561, 562, 563, 564, 565, 566, 567, 568, 569, 571, 572, 575, 576, 578, 579, 580, 581, 583, 584, 585, 586, 587, 590, 591, 592, 593, 595, 596, 597, 197, 210, 217, 233, 307, 314, 365, 378, 398, 417, 418, 168, 176, 177, 203, 204, 211, 216, 219, 226, 230, 237, 238, 249, 253, 254, 255, 256, 262, 276, 284, 298, 313, 327, 329, 338, 344, 347, 351, 356, 382, 383, 391, 396, 443, 453, 454, 463, 467, 469, 472, 475, 493, 496, 512, 525, 528, 539, 540, 546, 570, 573, 577, 582, 589, 594, 598, 599]}
FP rate  0.04997 FN rate  0.19
 Before reassigning cells 
 Timepoint  2
 Cluster  5  # of cells  69
 Cluster  3  # of cells  31
 Timepoint  3
 Cluster  3  # of cells  66
 Cluster  8  # of cells  1
 Cluster  9  # of cells  2
 Cluster  6  # of cells  1
 Cluster  7  # of cells  1
 Cluster  4  # of cells  429
 Cells absent at timepoint  2   set()
 Cells absent at timepoint  3   set()
 Timepoint  2
 Timepoint  3
 After reassigning and merging cells 
 Timepoint  2
 Cluster  5  # of cells  69
 Cluster  3  # of cells  31
 Timepoint  3
 Cluster  3  # of cells  66
 Cluster  8  # of cells  1
 Cluster  9  # of cells  2
 Cluster  6  # of cells  1
 Cluster  7  # of cells  1
 Cluster  4  # of cells  429
 Tp cluster cell dict  {'5_2': 69, '3_2': 31, '3_3': 66, '8_3': 1, '9_3': 2, '6_3': 1, '7_3': 1, '4_3': 429}
 New Graph is here 
 ID  0  Timepoint  1  Mutations  []  Type  subclone
 ID  1  Timepoint  2  Mutations  [10, 11, 12, 13, 14, 15, 16, 17, 18, 19, 20, 21, 22]  Type  subclone
 ID  2  Timepoint  2  Mutations  [10, 11, 12, 13, 14, 15, 16, 23, 24, 25, 26, 27, 28, 29, 30]  Type  subclone
 ID  3  Timepoint  3  Mutations  [10, 11, 12, 13, 14, 15, 16, 23, 24, 25, 26, 27, 28, 29, 30]  Type  subclone
 ID  4  Timepoint  3  Mutations  [0, 3, 4, 5, 6, 11, 12, 14, 15, 18, 19, 20, 23, 24, 26, 28, 30, 32, 33, 34, 36, 38, 39, 40]  Type  subclone
 ID  5  Timepoint  3  Mutations  [3, 10, 11, 12, 13, 14, 15, 16, 17, 20, 23, 24, 25, 26, 27, 28, 29, 30, 31, 32, 33, 34, 35, 36, 37, 38, 39, 40]  Type  subclone
 ID  6  Timepoint  3  Mutations  [4, 6, 9, 11, 13, 14, 26, 27, 28, 29, 34, 35, 37, 38, 39]  Type  subclone
 ID  7  Timepoint  3  Mutations  [0, 6, 13, 14, 15, 16, 17, 20, 23, 24, 25, 27, 30, 34, 35, 38, 40]  Type  subclone
 ID  8  Timepoint  3  Mutations  [10, 11, 12, 13, 14, 15, 16, 23, 24, 25, 26, 27, 28, 29, 30, 31, 32, 33, 34, 35, 36, 37, 38, 39, 40]  Type  subclone
Timepoints  SortedDict({1: [0], 2: [1, 2], 3: [3, 4, 5, 6, 7, 8]})
 Clone to nodes  {'5_2': 1, '3_2': 2, '3_3': 3, '8_3': 4, '9_3': 5, '6_3': 6, '7_3': 7, '4_3': 8}
 Timepoint ====  1
 Hash table  {'0,1': [10, 11, 12, 13, 14, 15, 16], '0': [17, 18, 19, 20, 21, 22], '1': [23, 24, 25, 26, 27, 28, 29, 30]}
 Final possible usc  [[10, 11, 12, 13, 14, 15, 16], [17, 18, 19, 20, 21, 22], [23, 24, 25, 26, 27, 28, 29, 30]]
 Time  1  USC keys  {'10,11,12,13,14,15,16_0', '17,18,19,20,21,22_0', '23,24,25,26,27,28,29,30_0'}
 USC children  {'10,11,12,13,14,15,16_0': [1, 2], '17,18,19,20,21,22_0': [1], '23,24,25,26,27,28,29,30_0': [2]}
 USC children  {'10,11,12,13,14,15,16_0': [1, 2], '17,18,19,20,21,22_0': [1], '23,24,25,26,27,28,29,30_0': [2]}
 Timepoint ====  2
 Hash table  {'0,3': [0], '0,1': [3], '0,2': [4], '0': [5, 18, 19], '0,2,3': [6], '0,1,2,4': [11, 26, 28, 39], '0,1,4': [12, 32, 33, 36], '0,1,2,3,4': [14, 34, 38], '0,1,3,4': [15, 23, 24, 30, 40], '0,1,3': [20], '1,4': [10, 31], '1,2,3,4': [13, 27, 35], '1,3,4': [16, 25], '1,3': [17], '1,2,4': [29, 37], '2': [9]}
====== Inside find superset of t nodes ==========
 Final possible usc  []
 Time  2  USC keys  set()
 USC children  {'10,11,12,13,14,15,16_0': [1, 2], '17,18,19,20,21,22_0': [1], '23,24,25,26,27,28,29,30_0': [2]}
 USC children  {'10,11,12,13,14,15,16_0': [1, 2], '17,18,19,20,21,22_0': [1], '23,24,25,26,27,28,29,30_0': [2]}
 Node s  {'1,2': ['10', '11', '12', '13', '14', '15', '16']}
 Enroll USC nodes  ['1', '2']  len  2
 Node TP  SortedDict({1: [0], 2: [1, 2], 3: [3, 4, 5, 6, 7, 8]})
 Unobserved subclones at timepoints  {1.5: [9]}
 ============== Inside finding node v ============ 
 Time  2
 Time  3
 largest_v_mut  []
 largest_v_mut  [[10, 11, 12, 13, 14, 15, 16, 23, 24, 25, 26, 27, 28, 29, 30]]
 largest_v_mut  []
 largest_v_mut  []
 largest_v_mut  [[10, 11, 12, 13, 14, 15, 16, 23, 24, 25, 26, 27, 28, 29, 30]]
 Sorted all timepoints  [1, 1.5, 2, 3]
 Timepoint  2
 Inside usc_node check  2
 Timepoint  3
 Node  4  has no parent 
 USC nodes  []
 Node with minimum mutation sets  {1: 6, 2: 6}
 Node  6  has no parent 
 USC nodes  []
 Node with minimum mutation sets  {1: 10, 2: 8}
 Node  7  has no parent 
 USC nodes  []
 Node with minimum mutation sets  {1: 7, 2: 6}
0   1   [-1]   subclone   []   []
1   2   [9]   subclone   [10, 11, 12, 13, 14, 15, 16, 17, 18, 19, 20, 21, 22]   [6]
2   2   [9]   subclone   [10, 11, 12, 13, 14, 15, 16, 23, 24, 25, 26, 27, 28, 29, 30]   [8]
3   3   [2]   subclone   [10, 11, 12, 13, 14, 15, 16, 23, 24, 25, 26, 27, 28, 29, 30]   [0]
4   3   [1]   subclone   [0, 3, 4, 5, 6, 11, 12, 14, 15, 18, 19, 20, 23, 24, 26, 28, 30, 32, 33, 34, 36, 38, 39, 40]   [17]
5   3   [2]   subclone   [3, 10, 11, 12, 13, 14, 15, 16, 17, 20, 23, 24, 25, 26, 27, 28, 29, 30, 31, 32, 33, 34, 35, 36, 37, 38, 39, 40]   [13]
6   3   [2]   subclone   [4, 6, 9, 11, 13, 14, 26, 27, 28, 29, 34, 35, 37, 38, 39]   [8]
7   3   [2]   subclone   [0, 6, 13, 14, 15, 16, 17, 20, 23, 24, 25, 27, 30, 34, 35, 38, 40]   [8]
8   3   [2]   subclone   [10, 11, 12, 13, 14, 15, 16, 23, 24, 25, 26, 27, 28, 29, 30, 31, 32, 33, 34, 35, 36, 37, 38, 39, 40]   [10]
9   1.5   [0]   unobserved subclone   [10, 11, 12, 13, 14, 15, 16]   [7]
9
 Total estimated FP  443  True negatives  8716
 Total estimated FN  2078  True positives  8443
 Estimated FP rate  0.04985
 Estimated FN rate  0.19
 No. of Cells in each cluster  {'6_2': 69, '3_2': 31, '3_3': 66, '8_3': 3, '4_3': 1, '5_3': 1, '7_3': 1, '1_3': 428}
 Cells in each cluster  {'6_2': [0, 1, 2, 3, 4, 5, 6, 7, 8, 9, 10, 11, 12, 13, 14, 15, 16, 17, 18, 19, 20, 21, 22, 23, 24, 25, 26, 27, 28, 29, 30, 31, 32, 33, 34, 35, 36, 37, 38, 39, 40, 41, 42, 43, 44, 45, 46, 47, 48, 49, 50, 51, 52, 53, 54, 55, 56, 57, 58, 59, 60, 61, 62, 63, 64, 65, 66, 67, 68], '3_2': [69, 70, 71, 72, 73, 74, 75, 76, 77, 78, 79, 80, 81, 82, 83, 84, 85, 86, 87, 88, 89, 90, 91, 92, 93, 94, 95, 96, 97, 98, 99], '3_3': [100, 101, 102, 103, 104, 105, 106, 107, 108, 109, 110, 111, 112, 113, 114, 115, 116, 117, 118, 119, 120, 121, 122, 123, 124, 125, 126, 127, 128, 129, 130, 131, 132, 133, 134, 135, 136, 137, 138, 139, 140, 141, 142, 143, 144, 145, 146, 147, 148, 149, 150, 151, 152, 153, 154, 155, 156, 157, 158, 159, 160, 161, 162, 163, 164, 165], '8_3': [200, 561, 593], '4_3': [308], '5_3': [503], '7_3': [514], '1_3': [167, 168, 169, 170, 173, 174, 175, 177, 178, 179, 181, 182, 183, 184, 185, 186, 187, 188, 189, 190, 191, 192, 194, 195, 196, 197, 198, 199, 201, 202, 203, 205, 206, 207, 208, 209, 212, 213, 214, 215, 218, 220, 221, 222, 223, 224, 227, 228, 229, 231, 232, 233, 234, 235, 236, 239, 240, 241, 243, 244, 245, 246, 247, 248, 250, 252, 254, 256, 257, 258, 259, 260, 261, 262, 263, 264, 265, 266, 267, 268, 269, 270, 271, 272, 273, 274, 275, 277, 278, 279, 280, 281, 282, 283, 284, 285, 287, 288, 289, 290, 291, 292, 293, 294, 295, 296, 297, 299, 300, 301, 302, 303, 304, 305, 306, 309, 310, 311, 312, 313, 314, 315, 316, 317, 318, 319, 320, 321, 322, 323, 324, 325, 326, 327, 328, 329, 330, 331, 332, 333, 334, 335, 337, 339, 340, 341, 342, 345, 346, 348, 349, 350, 351, 352, 353, 354, 355, 356, 357, 358, 360, 362, 363, 364, 366, 367, 368, 369, 371, 372, 373, 374, 376, 377, 379, 380, 381, 383, 384, 385, 386, 387, 388, 390, 392, 393, 394, 395, 397, 399, 400, 401, 402, 403, 404, 405, 406, 408, 409, 410, 411, 412, 413, 414, 415, 416, 418, 419, 421, 422, 423, 424, 425, 427, 428, 429, 430, 431, 434, 435, 436, 437, 438, 439, 440, 441, 443, 444, 445, 446, 447, 449, 450, 451, 452, 454, 455, 456, 457, 458, 459, 460, 461, 462, 463, 464, 465, 466, 468, 470, 473, 474, 475, 476, 477, 478, 479, 480, 482, 483, 485, 486, 487, 488, 489, 490, 491, 492, 494, 495, 496, 497, 498, 500, 501, 502, 504, 505, 506, 507, 510, 511, 513, 515, 516, 517, 518, 519, 520, 521, 522, 524, 526, 527, 529, 530, 531, 532, 533, 534, 535, 536, 537, 538, 539, 541, 542, 543, 544, 545, 547, 548, 549, 550, 551, 552, 553, 554, 555, 556, 557, 559, 560, 562, 563, 564, 565, 566, 567, 568, 569, 571, 572, 573, 575, 576, 577, 578, 579, 580, 581, 583, 584, 585, 586, 587, 590, 591, 592, 595, 596, 597, 598, 599, 166, 171, 172, 176, 180, 193, 204, 211, 216, 219, 225, 226, 230, 237, 238, 242, 249, 251, 253, 255, 276, 286, 298, 336, 338, 343, 344, 347, 359, 361, 370, 375, 378, 382, 389, 391, 396, 407, 426, 432, 433, 442, 448, 453, 467, 469, 471, 472, 481, 484, 493, 499, 508, 509, 512, 523, 525, 528, 540, 546, 558, 570, 574, 582, 588, 589, 594, 210, 217, 307, 365, 398, 417, 420]}
FP rate  0.04985 FN rate  0.19
 Before reassigning cells 
 Timepoint  2
 Cluster  6  # of cells  69
 Cluster  3  # of cells  31
 Timepoint  3
 Cluster  3  # of cells  66
 Cluster  8  # of cells  7
 Cluster  4  # of cells  2
 Cluster  5  # of cells  1
 Cluster  7  # of cells  1
 Cluster  1  # of cells  417
 Cells absent at timepoint  2   set()
 Cells absent at timepoint  3   {358, 584, 332, 594, 565, 250}
 Missing cell prob  {'3': 4.2496349800332882e-19, '4': 2.243637906765822e-17, '1': 8.257210089359147e-11, '7': 1.4813907373931476e-13, '5': 6.905124039773245e-18, '8': 8.257210089359148e-11}
 Missing cell prob  {'3': 7.645693692409197e-16, '4': 3.2800197873828294e-12, '1': 1.8282693281406244e-09, '7': 1.2225386782019027e-18, '5': 7.645693692409197e-16, '8': 1.8282693281406242e-09}
 Missing cell prob  {'3': 1.06248222682023e-11, '4': 5.228608233780257e-15, '1': 3.1267022370046646e-07, '7': 6.903421434770224e-12, '5': 5.228608233780258e-15, '8': 3.126702237004663e-07}
 Missing cell prob  {'3': 3.8492181855492773e-13, '4': 1.5392011723181737e-14, '1': 9.204406858396298e-07, '7': 2.5010089259332395e-13, '5': 9.47273807901987e-16, '8': 9.204406858396298e-07}
 Missing cell prob  {'3': 1.115132147887143e-15, '4': 8.916832753268985e-18, '1': 1.3334851581905585e-08, '7': 3.623327754348267e-15, '5': 4.459120337115013e-17, '8': 1.3334851581905577e-08}
 Missing cell prob  {'3': 9.355428987376667e-19, '4': 1.520139915702127e-17, '1': 7.386563108819706e-08, '7': 3.740990136378761e-20, '5': 1.8707904095159363e-19, '8': 7.386563108819706e-08}
 Timepoint  2
 Timepoint  3
SortedDict({2: {'6': ['0', '1', '2', '3', '4', '5', '6', '7', '8', '9', '10', '11', '12', '13', '14', '15', '16', '17', '18', '19', '20', '21', '22', '23', '24', '25', '26', '27', '28', '29', '30', '31', '32', '33', '34', '35', '36', '37', '38', '39', '40', '41', '42', '43', '44', '45', '46', '47', '48', '49', '50', '51', '52', '53', '54', '55', '56', '57', '58', '59', '60', '61', '62', '63', '64', '65', '66', '67', '68'], '3': ['69', '70', '71', '72', '73', '74', '75', '76', '77', '78', '79', '80', '81', '82', '83', '84', '85', '86', '87', '88', '89', '90', '91', '92', '93', '94', '95', '96', '97', '98', '99']}, 3: {'3': ['100', '101', '102', '103', '104', '105', '106', '107', '108', '109', '110', '111', '112', '113', '114', '115', '116', '117', '118', '119', '120', '121', '122', '123', '124', '125', '126', '127', '128', '129', '130', '131', '132', '133', '134', '135', '136', '137', '138', '139', '140', '141', '142', '143', '144', '145', '146', '147', '148', '149', '150', '151', '152', '153', '154', '155', '156', '157', '158', '159', '160', '161', '162', '163', '164', '165'], '8': ['200', '220', '411', '417', '556', '561', '593', '358'], '4': ['193', '308'], '5': ['503'], '7': ['514'], '1': ['166', '167', '168', '169', '170', '171', '172', '173', '174', '175', '176', '177', '178', '179', '180', '181', '182', '183', '184', '185', '186', '187', '188', '189', '190', '191', '192', '194', '195', '196', '197', '198', '199', '201', '202', '203', '204', '205', '206', '207', '208', '209', '210', '211', '212', '213', '214', '215', '216', '217', '218', '219', '221', '222', '223', '224', '225', '226', '227', '228', '229', '230', '231', '232', '233', '234', '235', '236', '237', '238', '239', '240', '241', '242', '243', '244', '245', '246', '247', '248', '249', '251', '252', '253', '254', '255', '256', '257', '258', '259', '260', '261', '262', '263', '264', '265', '266', '267', '268', '269', '270', '271', '272', '273', '274', '275', '276', '277', '278', '279', '280', '281', '282', '283', '284', '285', '286', '287', '288', '289', '290', '291', '292', '293', '294', '295', '296', '297', '298', '299', '300', '301', '302', '303', '304', '305', '306', '307', '309', '310', '311', '312', '313', '314', '315', '316', '317', '318', '319', '320', '321', '322', '323', '324', '325', '326', '327', '328', '329', '330', '331', '333', '334', '335', '336', '337', '338', '339', '340', '341', '342', '343', '344', '345', '346', '347', '348', '349', '350', '351', '352', '353', '354', '355', '356', '357', '359', '360', '361', '362', '363', '364', '365', '366', '367', '368', '369', '370', '371', '372', '373', '374', '375', '376', '377', '378', '379', '380', '381', '382', '383', '384', '385', '386', '387', '388', '389', '390', '391', '392', '393', '394', '395', '396', '397', '398', '399', '400', '401', '402', '403', '404', '405', '406', '407', '408', '409', '410', '412', '413', '414', '415', '416', '418', '419', '420', '421', '422', '423', '424', '425', '426', '427', '428', '429', '430', '431', '432', '433', '434', '435', '436', '437', '438', '439', '440', '441', '442', '443', '444', '445', '446', '447', '448', '449', '450', '451', '452', '453', '454', '455', '456', '457', '458', '459', '460', '461', '462', '463', '464', '465', '466', '467', '468', '469', '470', '471', '472', '473', '474', '475', '476', '477', '478', '479', '480', '481', '482', '483', '484', '485', '486', '487', '488', '489', '490', '491', '492', '493', '494', '495', '496', '497', '498', '499', '500', '501', '502', '504', '505', '506', '507', '508', '509', '510', '511', '512', '513', '515', '516', '517', '518', '519', '520', '521', '522', '523', '524', '525', '526', '527', '528', '529', '530', '531', '532', '533', '534', '535', '536', '537', '538', '539', '540', '541', '542', '543', '544', '545', '546', '547', '548', '549', '550', '551', '552', '553', '554', '555', '557', '558', '559', '560', '562', '563', '564', '566', '567', '568', '569', '570', '571', '572', '573', '574', '575', '576', '577', '578', '579', '580', '581', '582', '583', '585', '586', '587', '588', '589', '590', '591', '592', '595', '596', '597', '598', '599', '584', '332', '594', '565', '250']}})
 Cluster1  8
 Cluster to drop  1
 After reassigning and merging cells 
 Timepoint  2
 Cluster  6  # of cells  69
 Cluster  3  # of cells  31
 Timepoint  3
 Cluster  3  # of cells  66
 Cluster  8  # of cells  430
 Cluster  4  # of cells  2
 Cluster  5  # of cells  1
 Cluster  7  # of cells  1
 Tp cluster cell dict  {'6_2': 69, '3_2': 31, '3_3': 66, '8_3': 430, '4_3': 2, '5_3': 1, '7_3': 1}
 New Graph is here 
 ID  0  Timepoint  1  Mutations  []  Type  subclone
 ID  1  Timepoint  2  Mutations  [10, 11, 12, 13, 14, 15, 16, 17, 18, 19, 20, 21, 22]  Type  subclone
 ID  2  Timepoint  2  Mutations  [10, 11, 12, 13, 14, 15, 16, 23, 24, 25, 26, 27, 28, 29, 30]  Type  subclone
 ID  3  Timepoint  3  Mutations  [10, 11, 12, 13, 14, 15, 16, 23, 24, 25, 26, 27, 28, 29, 30]  Type  subclone
 ID  4  Timepoint  3  Mutations  [10, 11, 12, 13, 14, 15, 16, 23, 24, 25, 26, 27, 28, 29, 30, 31, 32, 33, 34, 35, 36, 37, 38, 39, 40]  Type  subclone
 ID  5  Timepoint  3  Mutations  [3, 9, 10, 11, 12, 13, 14, 15, 16, 17, 20, 23, 24, 25, 26, 27, 28, 29, 30, 31, 32, 33, 34, 35, 36, 37, 38, 39, 40]  Type  subclone
 ID  6  Timepoint  3  Mutations  [4, 6, 9, 11, 13, 14, 26, 28, 29, 34, 35, 36, 37, 38, 39]  Type  subclone
 ID  7  Timepoint  3  Mutations  [0, 6, 11, 13, 14, 15, 16, 17, 20, 23, 24, 27, 30, 34, 35, 37, 38, 40]  Type  subclone
Timepoints  SortedDict({1: [0], 2: [1, 2], 3: [3, 4, 5, 6, 7]})
 Clone to nodes  {'6_2': 1, '3_2': 2, '3_3': 3, '8_3': 4, '4_3': 5, '5_3': 6, '7_3': 7}
 Timepoint ====  1
 Hash table  {'0,1': [10, 11, 12, 13, 14, 15, 16], '0': [17, 18, 19, 20, 21, 22], '1': [23, 24, 25, 26, 27, 28, 29, 30]}
 Final possible usc  [[10, 11, 12, 13, 14, 15, 16], [17, 18, 19, 20, 21, 22], [23, 24, 25, 26, 27, 28, 29, 30]]
 Time  1  USC keys  {'23,24,25,26,27,28,29,30_0', '10,11,12,13,14,15,16_0', '17,18,19,20,21,22_0'}
 USC children  {'10,11,12,13,14,15,16_0': [1, 2], '17,18,19,20,21,22_0': [1], '23,24,25,26,27,28,29,30_0': [2]}
 USC children  {'10,11,12,13,14,15,16_0': [1, 2], '17,18,19,20,21,22_0': [1], '23,24,25,26,27,28,29,30_0': [2]}
 Timepoint ====  2
 Hash table  {'0,1': [10, 12, 25, 31, 32, 33], '0,1,2,3': [11, 13, 14, 34, 35, 37, 38], '0,1,3': [15, 16, 23, 24, 27, 30, 40], '0,1,2': [26, 28, 29, 36, 39], '1': [3], '1,2': [9], '1,3': [17, 20], '2': [4], '2,3': [6], '3': [0]}
====== Inside find superset of t nodes ==========
 Final possible usc  []
 Time  2  USC keys  set()
 USC children  {'10,11,12,13,14,15,16_0': [1, 2], '17,18,19,20,21,22_0': [1], '23,24,25,26,27,28,29,30_0': [2]}
 USC children  {'10,11,12,13,14,15,16_0': [1, 2], '17,18,19,20,21,22_0': [1], '23,24,25,26,27,28,29,30_0': [2]}
 Node s  {'1,2': ['10', '11', '12', '13', '14', '15', '16']}
 Enroll USC nodes  ['1', '2']  len  2
 Node TP  SortedDict({1: [0], 2: [1, 2], 3: [3, 4, 5, 6, 7]})
 Unobserved subclones at timepoints  {1.5: [8]}
 ============== Inside finding node v ============ 
 Time  2
 Time  3
 largest_v_mut  [[10, 11, 12, 13, 14, 15, 16, 23, 24, 25, 26, 27, 28, 29, 30]]
 largest_v_mut  [[10, 11, 12, 13, 14, 15, 16, 23, 24, 25, 26, 27, 28, 29, 30]]
 largest_v_mut  []
 largest_v_mut  []
 Sorted all timepoints  [1, 1.5, 2, 3]
 Timepoint  2
 Inside usc_node check  2
 Timepoint  3
 Node  6  has no parent 
 USC nodes  []
 Node with minimum mutation sets  {1: 10, 2: 9}
 Node  7  has no parent 
 USC nodes  []
 Node with minimum mutation sets  {1: 6, 2: 6}
0   1   [-1]   subclone   []   []
1   2   [8]   subclone   [10, 11, 12, 13, 14, 15, 16, 17, 18, 19, 20, 21, 22]   [6]
2   2   [8]   subclone   [10, 11, 12, 13, 14, 15, 16, 23, 24, 25, 26, 27, 28, 29, 30]   [8]
3   3   [2]   subclone   [10, 11, 12, 13, 14, 15, 16, 23, 24, 25, 26, 27, 28, 29, 30]   [0]
4   3   [2]   subclone   [10, 11, 12, 13, 14, 15, 16, 23, 24, 25, 26, 27, 28, 29, 30, 31, 32, 33, 34, 35, 36, 37, 38, 39, 40]   [10]
5   3   [2]   subclone   [3, 9, 10, 11, 12, 13, 14, 15, 16, 17, 20, 23, 24, 25, 26, 27, 28, 29, 30, 31, 32, 33, 34, 35, 36, 37, 38, 39, 40]   [14]
6   3   [2]   subclone   [4, 6, 9, 11, 13, 14, 26, 28, 29, 34, 35, 36, 37, 38, 39]   [9]
7   3   [1]   subclone   [0, 6, 11, 13, 14, 15, 16, 17, 20, 23, 24, 27, 30, 34, 35, 37, 38, 40]   [11]
8   1.5   [0]   unobserved subclone   [10, 11, 12, 13, 14, 15, 16]   [7]
6
 Total estimated FP  450  True negatives  8708
 Total estimated FN  2086  True positives  8436
 Estimated FP rate  0.05064
 Estimated FN rate  0.19
 No. of Cells in each cluster  {'5_2': 69, '1_2': 31, '1_3': 66, '0_3': 427, '2_3': 5, '4_3': 1, '3_3': 1}
 Cells in each cluster  {'5_2': [0, 1, 2, 3, 4, 5, 6, 7, 8, 9, 10, 11, 12, 13, 14, 15, 16, 17, 18, 19, 20, 21, 22, 23, 24, 25, 26, 27, 28, 29, 30, 31, 32, 33, 34, 35, 36, 37, 38, 39, 40, 41, 42, 43, 44, 45, 46, 47, 48, 49, 50, 51, 52, 53, 54, 55, 56, 57, 58, 59, 60, 61, 62, 63, 64, 65, 66, 67, 68], '1_2': [69, 70, 71, 72, 73, 74, 75, 76, 77, 78, 79, 80, 81, 82, 83, 84, 85, 86, 87, 88, 89, 90, 91, 92, 93, 94, 95, 96, 97, 98, 99], '1_3': [100, 101, 102, 103, 104, 105, 106, 107, 108, 109, 110, 111, 112, 113, 114, 115, 116, 117, 118, 119, 120, 121, 122, 123, 124, 125, 126, 127, 128, 129, 130, 131, 132, 133, 134, 135, 136, 137, 138, 139, 140, 141, 142, 143, 144, 145, 146, 147, 148, 149, 150, 151, 152, 153, 154, 155, 156, 157, 158, 159, 160, 161, 162, 163, 164, 165], '0_3': [166, 167, 168, 170, 171, 172, 173, 174, 175, 176, 177, 178, 179, 180, 181, 182, 183, 184, 185, 186, 187, 188, 189, 190, 191, 192, 194, 195, 196, 197, 198, 199, 200, 201, 202, 203, 204, 205, 206, 207, 208, 209, 210, 211, 212, 213, 214, 215, 216, 217, 218, 219, 220, 221, 222, 223, 224, 225, 226, 227, 228, 229, 230, 231, 232, 233, 234, 235, 236, 237, 238, 239, 240, 241, 242, 243, 244, 245, 246, 247, 248, 249, 250, 251, 252, 253, 254, 255, 256, 257, 258, 259, 260, 261, 262, 263, 264, 265, 266, 267, 268, 269, 270, 271, 272, 273, 274, 275, 276, 277, 278, 279, 280, 281, 282, 283, 284, 285, 286, 287, 288, 289, 290, 291, 292, 293, 294, 295, 296, 297, 298, 299, 300, 301, 302, 303, 304, 305, 306, 307, 309, 310, 311, 312, 313, 314, 315, 316, 317, 318, 319, 320, 321, 322, 323, 324, 325, 326, 327, 328, 329, 330, 331, 332, 333, 334, 335, 336, 337, 338, 339, 340, 341, 342, 343, 344, 345, 346, 347, 348, 349, 350, 351, 352, 353, 354, 355, 356, 357, 358, 359, 360, 361, 362, 363, 364, 365, 366, 367, 368, 369, 370, 371, 372, 373, 374, 375, 376, 377, 378, 379, 380, 381, 382, 383, 384, 385, 386, 387, 388, 389, 390, 391, 392, 393, 394, 395, 396, 397, 398, 399, 400, 401, 402, 403, 404, 405, 406, 407, 408, 409, 410, 411, 412, 413, 414, 415, 416, 417, 418, 419, 420, 421, 422, 423, 424, 425, 426, 427, 428, 429, 430, 431, 432, 433, 434, 435, 436, 437, 438, 439, 440, 441, 442, 443, 444, 445, 446, 447, 448, 449, 450, 451, 452, 453, 454, 455, 456, 457, 458, 459, 460, 461, 462, 463, 464, 465, 466, 467, 468, 469, 470, 471, 472, 473, 474, 475, 476, 477, 478, 479, 480, 481, 482, 483, 485, 486, 487, 488, 489, 490, 491, 492, 493, 494, 495, 496, 497, 498, 499, 500, 501, 502, 504, 505, 506, 507, 509, 510, 511, 512, 513, 515, 516, 517, 518, 519, 520, 521, 522, 523, 524, 525, 526, 527, 528, 529, 530, 531, 532, 533, 534, 535, 536, 537, 538, 539, 540, 541, 542, 543, 544, 545, 546, 547, 548, 549, 550, 551, 552, 553, 554, 555, 556, 557, 558, 559, 560, 561, 562, 563, 564, 565, 566, 567, 568, 569, 570, 571, 572, 573, 574, 575, 576, 577, 578, 579, 580, 581, 582, 583, 584, 585, 586, 587, 588, 589, 590, 591, 592, 593, 594, 595, 596, 597, 598, 599], '2_3': [169, 193, 484, 503, 508], '4_3': [308], '3_3': [514]}
FP rate  0.05064 FN rate  0.19
 Before reassigning cells 
 Timepoint  2
 Cluster  5  # of cells  69
 Cluster  1  # of cells  31
 Timepoint  3
 Cluster  1  # of cells  66
 Cluster  0  # of cells  272
 Cluster  2  # of cells  69
 Cluster  4  # of cells  3
 Cluster  3  # of cells  2
 Cells absent at timepoint  2   set()
 Cells absent at timepoint  3   {515, 518, 521, 525, 531, 533, 542, 543, 544, 545, 546, 553, 557, 570, 571, 577, 580, 595, 180, 184, 188, 194, 195, 196, 199, 200, 205, 207, 208, 210, 211, 214, 219, 225, 227, 236, 237, 243, 249, 250, 253, 261, 264, 277, 278, 284, 288, 293, 296, 298, 299, 300, 301, 305, 323, 327, 328, 332, 335, 337, 342, 348, 351, 354, 361, 369, 372, 374, 399, 406, 412, 413, 416, 437, 440, 448, 449, 450, 454, 456, 465, 466, 482, 487, 494, 496, 500, 503}
 Missing cell prob  {'2': 3.564835441832641e-09, '3': 2.1285877366966427e-16, '1': 2.6553608079753902e-14, '4': 1.3596554138569816e-12, '0': 3.564835441832641e-09}
 Missing cell prob  {'2': 6.260244279802577e-06, '3': 9.360463845614696e-16, '1': 9.332500151657047e-12, '4': 5.979084218371758e-12, '0': 6.260244279802577e-06}
 Missing cell prob  {'2': 3.483489138701502e-06, '3': 1.7035824867028117e-10, '1': 2.0800153001575986e-13, '4': 5.321685110028448e-11, '0': 3.483489138701502e-06}
 Missing cell prob  {'2': 0.00022551120725073333, '3': 8.626941712663036e-12, '1': 2.101761990062609e-11, '4': 1.7213935480267956e-08, '0': 0.00022551120725073333}
 Missing cell prob  {'2': 1.3947254934071959e-08, '3': 3.255053749040285e-18, '1': 1.2998826374758942e-15, '4': 4.161195655488822e-15, '0': 1.3947254934071959e-08}
 Missing cell prob  {'2': 0.0011575535175843788, '3': 8.464394087118114e-18, '1': 8.43910733534032e-14, '4': 6.764948977449306e-16, '0': 0.0011575535175843788}
 Missing cell prob  {'2': 3.1306723741071767e-06, '3': 1.869345985775337e-13, '1': 1.869345985775338e-13, '4': 1.4940266349620617e-11, '0': 3.1306723741071767e-06}
 Missing cell prob  {'2': 1.133400817071857e-07, '3': 3.465300534077227e-13, '1': 2.159982433243894e-10, '4': 2.166454556119393e-14, '0': 1.133400817071857e-07}
 Missing cell prob  {'2': 0.00028600836267217834, '3': 8.351788861048528e-16, '1': 3.335227670370242e-13, '4': 4.173081196381594e-15, '0': 0.00028600836267217834}
 Missing cell prob  {'2': 8.575202854292863e-06, '3': 3.201143546942545e-14, '1': 1.278353980472817e-11, '4': 2.0508873882920155e-14, '0': 8.575202854292863e-06}
 Missing cell prob  {'2': 2.0310548039652597e-07, '3': 2.4271486898483993e-15, '1': 2.368472767346216e-16, '4': 3.0278082481834583e-13, '0': 2.0310548039652597e-07}
 Missing cell prob  {'2': 0.0015053071719588332, '3': 1.7606427745748726e-16, '1': 1.3731308108171798e-15, '4': 2.8161940114645485e-15, '0': 0.0015053071719588332}
 Missing cell prob  {'2': 2.207508533107622e-05, '3': 1.0310850445738925e-15, '1': 8.240681667420212e-14, '4': 1.649247405420326e-14, '0': 2.207508533107622e-05}
 Missing cell prob  {'2': 1.3197237192756713e-06, '3': 4.926559918744577e-15, '1': 9.830306892703557e-12, '4': 3.146886430721978e-11, '0': 1.3197237192756713e-06}
 Missing cell prob  {'2': 2.9696108261440236e-05, '3': 5.555676861676307e-17, '1': 1.1085627587553512e-13, '4': 2.836239678791509e-11, '0': 2.9696108261440236e-05}
 Missing cell prob  {'2': 0.000510922001099763, '3': 1.91299888066352e-16, '1': 5.958011785207941e-13, '4': 3.8171394223320284e-13, '0': 0.000510922001099763}
 Missing cell prob  {'2': 6.15082331871388e-08, '3': 2.2961169210391036e-16, '1': 2.864349341840297e-14, '4': 4.595329643100927e-17, '0': 6.15082331871388e-08}
 Missing cell prob  {'2': 3.628252597546026e-07, '3': 6.914554635947549e-10, '1': 5.408841317277829e-13, '4': 5.5428385319955656e-12, '0': 3.628252597546026e-07}
 Missing cell prob  {'2': 8.867198543290621e-07, '3': 1.037128457021158e-19, '1': 5.166667513222058e-15, '4': 1.0596469029272729e-14, '0': 8.867198543290621e-07}
 Missing cell prob  {'2': 1.1994777574462478e-05, '3': 2.292758231193814e-12, '1': 1.3987463056154642e-14, '4': 4.4776788936578496e-14, '0': 1.1994777574462478e-05}
 Missing cell prob  {'2': 8.137748563101468e-07, '3': 3.800986820243263e-17, '1': 1.1873598796998921e-17, '4': 6.079777496834602e-16, '0': 8.137748563101468e-07}
 Missing cell prob  {'2': 1.0833889701778117e-08, '3': 6.468989981785417e-16, '1': 6.31260320728486e-17, '4': 3.2323159626883184e-15, '0': 1.0833889701778117e-08}
 Missing cell prob  {'2': 0.002689063163682962, '3': 1.2560100087517467e-13, '1': 8.022881926906664e-10, '4': 8.221638697378128e-09, '0': 0.002689063163682962}
 Missing cell prob  {'2': 8.690820319253413e-08, '3': 5.1893485282132995e-15, '1': 8.099835051284892e-15, '4': 1.3276863295788418e-12, '0': 8.690820319253413e-08}
 Missing cell prob  {'2': 3.2372754309020417e-07, '3': 1.2384212204219493e-14, '1': 9.658485861459321e-14, '4': 1.9329994034689378e-14, '0': 3.2372754309020417e-07}
 Missing cell prob  {'2': 3.2837117901156183e-10, '3': 7.830023757084645e-15, '1': 4.895214852577361e-16, '4': 4.009298532980224e-13, '0': 3.2837117901156183e-10}
 Missing cell prob  {'2': 7.998661240677121e-08, '3': 7.477080771776836e-19, '1': 2.3864190166283187e-14, '4': 5.97586423797517e-17, '0': 7.998661240677121e-08}
 Missing cell prob  {'2': 1.091597959867854e-06, '3': 1.020416526047028e-17, '1': 1.6273068063626008e-12, '4': 4.074961052772418e-15, '0': 1.091597959867854e-06}
 Missing cell prob  {'2': 0.000701853428003125, '3': 3.3594370610795697e-13, '1': 5.357454191985131e-08, '4': 4.1017564699706694e-16, '0': 0.000701853428003125}
 Missing cell prob  {'2': 5.90354552104652e-09, '3': 1.407702765509676e-13, '1': 4.492888002565008e-09, '4': 1.1250701805791721e-11, '0': 5.90354552104652e-09}
 Missing cell prob  {'2': 6.9261313399458376e-06, '3': 1.291899702185893e-13, '1': 4.0356621780487955e-14, '4': 2.6416792940659867e-09, '0': 6.9261313399458376e-06}
 Missing cell prob  {'2': 0.00037299368763140896, '3': 2.1798415601576823e-16, '1': 3.476297097400386e-11, '4': 2.786665883000099e-13, '0': 0.00037299368763140896}
 Missing cell prob  {'2': 5.626190592701549e-06, '3': 5.24360349126262e-13, '1': 3.349400991137371e-09, '4': 5.373507147461395e-12, '0': 5.626190592701549e-06}
 Missing cell prob  {'2': 8.140954581751474e-06, '3': 2.436150382122278e-16, '1': 7.752099850179855e-08, '4': 2.4890448140777436e-11, '0': 8.140954581751474e-06}
 Missing cell prob  {'2': 0.00013297234504003674, '3': 1.9882336416640893e-14, '1': 1.550629640434255e-13, '4': 6.210884092017097e-15, '0': 0.00013297234504003674}
 Missing cell prob  {'2': 0.00011585374886454397, '3': 2.7038308352753883e-14, '1': 2.7038308352753867e-14, '4': 1.3844740881517507e-12, '0': 0.00011585374886454397}
 Missing cell prob  {'2': 8.756671879831011e-06, '3': 4.090074072250178e-16, '1': 1.0211412729718195e-14, '4': 4.1788789942677525e-11, '0': 8.756671879831011e-06}
 Missing cell prob  {'2': 1.8512689513606652e-06, '3': 8.83466805625069e-12, '1': 1.725380641959318e-13, '4': 8.83466805625069e-12, '0': 1.8512689513606652e-06}
 Missing cell prob  {'2': 6.683080914412006e-08, '3': 4.992983579905709e-17, '1': 1.5935832885176097e-12, '4': 1.2465646143927454e-15, '0': 6.683080914412006e-08}
 Missing cell prob  {'2': 7.571981334844503e-08, '3': 4.4252007885836374e-20, '1': 1.1048101052908743e-18, '4': 4.521282082956401e-15, '0': 7.571981334844503e-08}
 Missing cell prob  {'2': 9.250108903493478e-06, '3': 2.768060687923669e-16, '1': 2.7597913111908524e-12, '4': 8.834668056250692e-12, '0': 9.250108903493478e-06}
 Missing cell prob  {'2': 0.002067840094109987, '3': 1.5120694810047493e-17, '1': 6.16944858076377e-10, '4': 6.18793457799885e-14, '0': 0.002067840094109987}
 Missing cell prob  {'2': 1.7575206916637618e-06, '3': 3.359437061079569e-13, '1': 1.6380073662504982e-13, '4': 6.560866391540764e-15, '0': 1.7575206916637618e-06}
 Missing cell prob  {'2': 1.7161967455081784e-06, '3': 8.19007338433378e-12, '1': 1.0216914954585058e-09, '4': 5.120312545464973e-13, '0': 1.7161967455081784e-06}
 Missing cell prob  {'2': 5.289769058967817e-05, '3': 8.081117556488652e-10, '1': 1.6124814663076613e-06, '4': 1.2651269986672565e-13, '0': 5.289769058967817e-05}
 Missing cell prob  {'2': 1.0947158695420517e-06, '3': 1.2804055024952562e-19, '1': 2.0419236026942094e-14, '4': 2.610354322682513e-11, '0': 1.0947158695420517e-06}
 Missing cell prob  {'2': 9.066114175893365e-07, '3': 1.110258000665237e-13, '1': 5.5309772907088735e-09, '4': 7.091877282564903e-10, '0': 9.066114175893365e-07}
 Missing cell prob  {'2': 0.00021993516834103194, '3': 3.2186380987714235e-19, '1': 1.6034303937146605e-14, '4': 1.2853403057153685e-16, '0': 0.00021993516834103194}
 Missing cell prob  {'2': 0.005059946755487369, '3': 1.240141799436841e-10, '1': 3.021328975154984e-10, '4': 1.2101615743192699e-11, '0': 0.005059946755487369}
 Missing cell prob  {'2': 9.743520796635084e-06, '3': 5.962054918764451e-12, '1': 9.080950747154307e-13, '4': 1.164369060347028e-13, '0': 9.743520796635084e-06}
 Missing cell prob  {'2': 1.1292128467999419e-06, '3': 8.619614663625855e-11, '1': 1.345399265465105e-10, '4': 3.3690325547481945e-13, '0': 1.1292128467999419e-06}
 Missing cell prob  {'2': 0.0009101055832534101, '3': 5.4343029719667587e-11, '1': 4.343226692304555e-09, '4': 5.4343029719667574e-11, '0': 0.0009101055832534101}
 Missing cell prob  {'2': 0.00029325956206329687, '3': 7.013738888177613e-13, '1': 6.99278586159659e-09, '4': 1.4341708387682695e-08, '0': 0.00029325956206329687}
 Missing cell prob  {'2': 0.00038088700539618534, '3': 8.915895010447157e-18, '1': 1.4218602173683667e-12, '4': 7.125799462215924e-16, '0': 0.00038088700539618534}
 Missing cell prob  {'2': 0.0036834444609428474, '3': 1.3791586808950159e-15, '1': 1.3750385462619819e-11, '4': 6.891147817339427e-15, '0': 0.0036834444609428474}
 Missing cell prob  {'2': 3.7694601129963134e-06, '3': 1.4071483930126227e-14, '1': 2.748112981959049e-16, '4': 2.8161940114645485e-15, '0': 3.7694601129963134e-06}
 Missing cell prob  {'2': 0.000485048910964071, '3': 2.9049386651872887e-15, '1': 1.1566010475185413e-08, '4': 3.623839481985135e-13, '0': 0.000485048910964071}
 Missing cell prob  {'2': 3.095648230399724e-07, '3': 1.1807038345915794e-10, '1': 1.1521605125502531e-11, '4': 4.61485786950687e-13, '0': 3.095648230399724e-07}
 Missing cell prob  {'2': 7.863089596925354e-05, '3': 1.175707569819782e-14, '1': 7.328390921565026e-12, '4': 1.1472850316619385e-15, '0': 7.863089596925354e-05}
 Missing cell prob  {'2': 0.0018584039159985593, '3': 1.0860843563810273e-15, '1': 4.3372008775895847e-13, '4': 3.4767827302031462e-15, '0': 0.0018584039159985593}
 Missing cell prob  {'2': 6.392723994672279e-06, '3': 3.817139422332025e-13, '1': 9.529995154064839e-12, '4': 9.558550617614314e-16, '0': 6.392723994672279e-06}
 Missing cell prob  {'2': 0.000318240590483527, '3': 2.9748860819386967e-15, '1': 4.744192440753454e-10, '4': 2.9748860819386963e-15, '0': 0.000318240590483527}
 Missing cell prob  {'2': 1.4939870234158173e-05, '3': 5.577088962775118e-14, '1': 1.7421822261126544e-14, '4': 4.457344718068881e-12, '0': 1.4939870234158173e-05}
 Missing cell prob  {'2': 1.6559723101311253e-08, '3': 4.9406315544528616e-15, '1': 3.155874820226788e-11, '4': 2.529809290213311e-13, '0': 1.6559723101311253e-08}
 Missing cell prob  {'2': 2.118761414207627e-06, '3': 6.187038663160052e-18, '1': 1.5782147907071818e-11, '4': 6.458625081459148e-08, '0': 2.118761414207627e-06}
 Missing cell prob  {'2': 0.00012623862548720932, '3': 1.88754949005022e-14, '1': 3.766358487138452e-11, '4': 3.7776439191617695e-15, '0': 0.00012623862548720932}
 Missing cell prob  {'2': 2.3252596834789985e-05, '3': 2.1736330550307074e-16, '1': 5.426763392494169e-15, '4': 1.0860843563810277e-15, '0': 2.3252596834789985e-05}
 Missing cell prob  {'2': 0.0028325010150869667, '3': 1.6553640548407672e-15, '1': 6.610578993430243e-13, '4': 1.655364054840767e-15, '0': 0.0028325010150869667}
 Missing cell prob  {'2': 1.7829891950253323e-05, '3': 2.601517876468567e-16, '1': 1.6264304353625703e-17, '4': 5.206543318962538e-17, '0': 1.7829891950253323e-05}
 Missing cell prob  {'2': 1.989593024948865e-05, '3': 1.1915593614411824e-16, '1': 4.643374101597096e-15, '4': 1.859854706041674e-16, '0': 1.989593024948865e-05}
 Missing cell prob  {'2': 0.0009817348815902404, '3': 2.298068720734577e-17, '1': 5.862006434064235e-11, '4': 4.699095870703834e-13, '0': 0.0009817348815902404}
 Missing cell prob  {'2': 6.344649696906179e-08, '3': 9.486668801820846e-18, '1': 1.480734085659412e-17, '4': 1.2127567790497243e-14, '0': 6.344649696906179e-08}
 Missing cell prob  {'2': 4.0677350745955667e-05, '3': 3.1143259582713574e-13, '1': 9.493406671960275e-15, '4': 1.5561139430234183e-12, '0': 4.0677350745955667e-05}
 Missing cell prob  {'2': 3.7050339255764563e-07, '3': 2.2123012146593547e-14, '1': 5.523303584796727e-13, '4': 3.463434328588144e-18, '0': 3.7050339255764563e-07}
 Missing cell prob  {'2': 9.707518020895496e-05, '3': 1.1600666609338448e-12, '1': 5.796425711706078e-12, '4': 1.4514908269380023e-14, '0': 9.707518020895496e-05}
 Missing cell prob  {'2': 7.909176865666272e-09, '3': 7.393431536031553e-20, '1': 5.891357010757026e-14, '4': 1.1790657201102166e-14, '0': 7.909176865666272e-09}
 Missing cell prob  {'2': 7.464902739737054e-05, '3': 4.362622149974297e-17, '1': 1.1128352638804399e-10, '4': 8.920699170315655e-13, '0': 7.464902739737054e-05}
 Missing cell prob  {'2': 1.977713158856982e-05, '3': 4.629478726061378e-19, '1': 3.021328975154984e-10, '4': 4.7299953646325976e-14, '0': 1.977713158856982e-05}
 Missing cell prob  {'2': 1.499527850602139e-06, '3': 2.242129157218172e-16, '1': 1.3975583199870475e-13, '4': 1.1203093351034962e-15, '0': 1.499527850602139e-06}
 Missing cell prob  {'2': 3.6557443747248516e-05, '3': 6.9878227872570605e-12, '1': 1.0906997600309488e-11, '4': 8.743256760613329e-14, '0': 3.6557443747248516e-05}
 Missing cell prob  {'2': 2.811200158466917e-05, '3': 3.359437061079568e-13, '1': 4.190815043731517e-11, '4': 2.6849435502705e-11, '0': 2.811200158466917e-05}
 Missing cell prob  {'2': 0.0004359219062218843, '3': 5.098645437726348e-17, '1': 1.0394575103166401e-08, '4': 8.15541628072343e-16, '0': 0.0004359219062218843}
 Missing cell prob  {'2': 3.2854811555448116e-05, '3': 7.857717165261832e-14, '1': 3.062064850778545e-12, '4': 3.0712399531599206e-16, '0': 3.2854811555448116e-05}
 Missing cell prob  {'2': 0.000182664077873094, '3': 2.731236067480683e-14, '1': 3.4071497669022867e-12, '4': 5.334011203871029e-16, '0': 0.000182664077873094}
 Missing cell prob  {'2': 2.811200158466917e-05, '3': 5.3735071474613966e-12, '1': 8.387280465882154e-12, '4': 3.359437061079568e-13, '0': 2.811200158466917e-05}
 Missing cell prob  {'2': 6.199870560273688e-05, '3': 7.408961923735139e-13, '1': 1.1815424249626361e-07, '4': 1.1850827721614264e-11, '0': 6.199870560273688e-05}
 Missing cell prob  {'2': 2.704824344470529e-07, '3': 2.583345286328264e-13, '1': 4.0322346024767166e-13, '4': 1.2633717550603815e-17, '0': 2.704824344470529e-07}
 Missing cell prob  {'2': 8.299076416117023e-12, '3': 3.1653310126947638e-15, '1': 9.88792444748087e-16, '4': 3.9605042398600864e-17, '0': 8.299076416117023e-12}
 Timepoint  2
 Timepoint  3
SortedDict({2: {'5': ['0', '1', '2', '3', '4', '5', '6', '7', '8', '9', '10', '11', '12', '13', '14', '15', '16', '17', '18', '19', '20', '21', '22', '23', '24', '25', '26', '27', '28', '29', '30', '31', '32', '33', '34', '35', '36', '37', '38', '39', '40', '41', '42', '43', '44', '45', '46', '47', '48', '49', '50', '51', '52', '53', '54', '55', '56', '57', '58', '59', '60', '61', '62', '63', '64', '65', '66', '67', '68'], '1': ['69', '70', '71', '72', '73', '74', '75', '76', '77', '78', '79', '80', '81', '82', '83', '84', '85', '86', '87', '88', '89', '90', '91', '92', '93', '94', '95', '96', '97', '98', '99']}, 3: {'1': ['100', '101', '102', '103', '104', '105', '106', '107', '108', '109', '110', '111', '112', '113', '114', '115', '116', '117', '118', '119', '120', '121', '122', '123', '124', '125', '126', '127', '128', '129', '130', '131', '132', '133', '134', '135', '136', '137', '138', '139', '140', '141', '142', '143', '144', '145', '146', '147', '148', '149', '150', '151', '152', '153', '154', '155', '156', '157', '158', '159', '160', '161', '162', '163', '164', '165'], '0': ['166', '170', '173', '174', '175', '176', '177', '178', '179', '181', '182', '183', '185', '187', '189', '190', '191', '192', '197', '198', '201', '202', '203', '204', '206', '209', '213', '215', '216', '217', '218', '221', '222', '223', '224', '226', '228', '229', '230', '231', '232', '233', '234', '239', '241', '245', '246', '247', '248', '251', '254', '255', '256', '257', '258', '260', '263', '265', '266', '267', '268', '269', '270', '271', '272', '273', '274', '275', '279', '280', '281', '283', '287', '289', '291', '292', '294', '297', '302', '303', '306', '307', '309', '310', '313', '314', '315', '316', '318', '319', '320', '322', '324', '325', '326', '329', '330', '331', '333', '336', '339', '340', '341', '345', '346', '347', '349', '350', '352', '353', '355', '356', '359', '360', '362', '363', '364', '365', '366', '367', '370', '371', '373', '375', '376', '377', '378', '379', '380', '381', '382', '383', '384', '385', '386', '387', '388', '389', '390', '391', '392', '393', '394', '395', '396', '397', '398', '401', '402', '403', '404', '405', '407', '408', '409', '410', '414', '415', '417', '418', '421', '422', '423', '424', '425', '428', '429', '430', '431', '432', '434', '436', '439', '441', '443', '445', '446', '451', '452', '455', '458', '459', '460', '461', '462', '463', '464', '467', '468', '470', '472', '473', '474', '476', '477', '478', '479', '480', '481', '483', '485', '488', '489', '490', '491', '493', '495', '497', '498', '501', '502', '504', '505', '506', '507', '509', '510', '511', '512', '513', '516', '517', '519', '524', '527', '528', '529', '530', '532', '534', '535', '536', '537', '539', '540', '541', '547', '548', '550', '551', '552', '554', '555', '556', '559', '560', '561', '562', '563', '566', '567', '568', '569', '572', '573', '575', '576', '578', '579', '582', '584', '585', '586', '587', '589', '590', '592', '593', '594', '596', '597', '598'], '2': ['167', '168', '169', '171', '172', '186', '212', '220', '235', '238', '240', '242', '244', '252', '259', '262', '276', '282', '285', '286', '290', '295', '304', '311', '312', '317', '321', '334', '338', '343', '357', '358', '368', '400', '411', '419', '420', '426', '427', '433', '435', '438', '442', '444', '447', '453', '457', '469', '471', '475', '484', '486', '492', '499', '508', '520', '522', '523', '526', '538', '558', '564', '565', '574', '581', '583', '588', '591', '599', '515', '518', '521', '525', '531', '533', '542', '543', '544', '545', '546', '553', '557', '570', '571', '577', '580', '595', '180', '184', '188', '194', '195', '196', '199', '200', '205', '207', '208', '210', '211', '214', '219', '225', '227', '236', '237', '243', '249', '250', '253', '261', '264', '277', '278', '284', '288', '293', '296', '298', '299', '300', '301', '305', '323', '327', '328', '332', '335', '337', '342', '348', '351', '354', '361', '369', '372', '374', '399', '406', '412', '413', '416', '437', '440', '448', '449', '450', '454', '456', '465', '466', '482', '487', '494', '496', '500', '503'], '4': ['193', '308', '344'], '3': ['514', '549']}})
 Cluster1  0
SortedDict({2: {'5': ['0', '1', '2', '3', '4', '5', '6', '7', '8', '9', '10', '11', '12', '13', '14', '15', '16', '17', '18', '19', '20', '21', '22', '23', '24', '25', '26', '27', '28', '29', '30', '31', '32', '33', '34', '35', '36', '37', '38', '39', '40', '41', '42', '43', '44', '45', '46', '47', '48', '49', '50', '51', '52', '53', '54', '55', '56', '57', '58', '59', '60', '61', '62', '63', '64', '65', '66', '67', '68'], '1': ['69', '70', '71', '72', '73', '74', '75', '76', '77', '78', '79', '80', '81', '82', '83', '84', '85', '86', '87', '88', '89', '90', '91', '92', '93', '94', '95', '96', '97', '98', '99']}, 3: {'1': ['100', '101', '102', '103', '104', '105', '106', '107', '108', '109', '110', '111', '112', '113', '114', '115', '116', '117', '118', '119', '120', '121', '122', '123', '124', '125', '126', '127', '128', '129', '130', '131', '132', '133', '134', '135', '136', '137', '138', '139', '140', '141', '142', '143', '144', '145', '146', '147', '148', '149', '150', '151', '152', '153', '154', '155', '156', '157', '158', '159', '160', '161', '162', '163', '164', '165'], '0': ['166', '170', '173', '174', '175', '176', '177', '178', '179', '181', '182', '183', '185', '187', '189', '190', '191', '192', '197', '198', '201', '202', '203', '204', '206', '209', '213', '215', '216', '217', '218', '221', '222', '223', '224', '226', '228', '229', '230', '231', '232', '233', '234', '239', '241', '245', '246', '247', '248', '251', '254', '255', '256', '257', '258', '260', '263', '265', '266', '267', '268', '269', '270', '271', '272', '273', '274', '275', '279', '280', '281', '283', '287', '289', '291', '292', '294', '297', '302', '303', '306', '307', '309', '310', '313', '314', '315', '316', '318', '319', '320', '322', '324', '325', '326', '329', '330', '331', '333', '336', '339', '340', '341', '345', '346', '347', '349', '350', '352', '353', '355', '356', '359', '360', '362', '363', '364', '365', '366', '367', '370', '371', '373', '375', '376', '377', '378', '379', '380', '381', '382', '383', '384', '385', '386', '387', '388', '389', '390', '391', '392', '393', '394', '395', '396', '397', '398', '401', '402', '403', '404', '405', '407', '408', '409', '410', '414', '415', '417', '418', '421', '422', '423', '424', '425', '428', '429', '430', '431', '432', '434', '436', '439', '441', '443', '445', '446', '451', '452', '455', '458', '459', '460', '461', '462', '463', '464', '467', '468', '470', '472', '473', '474', '476', '477', '478', '479', '480', '481', '483', '485', '488', '489', '490', '491', '493', '495', '497', '498', '501', '502', '504', '505', '506', '507', '509', '510', '511', '512', '513', '516', '517', '519', '524', '527', '528', '529', '530', '532', '534', '535', '536', '537', '539', '540', '541', '547', '548', '550', '551', '552', '554', '555', '556', '559', '560', '561', '562', '563', '566', '567', '568', '569', '572', '573', '575', '576', '578', '579', '582', '584', '585', '586', '587', '589', '590', '592', '593', '594', '596', '597', '598', '167', '168', '169', '171', '172', '186', '212', '220', '235', '238', '240', '242', '244', '252', '259', '262', '276', '282', '285', '286', '290', '295', '304', '311', '312', '317', '321', '334', '338', '343', '357', '358', '368', '400', '411', '419', '420', '426', '427', '433', '435', '438', '442', '444', '447', '453', '457', '469', '471', '475', '484', '486', '492', '499', '508', '520', '522', '523', '526', '538', '558', '564', '565', '574', '581', '583', '588', '591', '599', '515', '518', '521', '525', '531', '533', '542', '543', '544', '545', '546', '553', '557', '570', '571', '577', '580', '595', '180', '184', '188', '194', '195', '196', '199', '200', '205', '207', '208', '210', '211', '214', '219', '225', '227', '236', '237', '243', '249', '250', '253', '261', '264', '277', '278', '284', '288', '293', '296', '298', '299', '300', '301', '305', '323', '327', '328', '332', '335', '337', '342', '348', '351', '354', '361', '369', '372', '374', '399', '406', '412', '413', '416', '437', '440', '448', '449', '450', '454', '456', '465', '466', '482', '487', '494', '496', '500', '503'], '2': ['167', '168', '169', '171', '172', '186', '212', '220', '235', '238', '240', '242', '244', '252', '259', '262', '276', '282', '285', '286', '290', '295', '304', '311', '312', '317', '321', '334', '338', '343', '357', '358', '368', '400', '411', '419', '420', '426', '427', '433', '435', '438', '442', '444', '447', '453', '457', '469', '471', '475', '484', '486', '492', '499', '508', '520', '522', '523', '526', '538', '558', '564', '565', '574', '581', '583', '588', '591', '599', '515', '518', '521', '525', '531', '533', '542', '543', '544', '545', '546', '553', '557', '570', '571', '577', '580', '595', '180', '184', '188', '194', '195', '196', '199', '200', '205', '207', '208', '210', '211', '214', '219', '225', '227', '236', '237', '243', '249', '250', '253', '261', '264', '277', '278', '284', '288', '293', '296', '298', '299', '300', '301', '305', '323', '327', '328', '332', '335', '337', '342', '348', '351', '354', '361', '369', '372', '374', '399', '406', '412', '413', '416', '437', '440', '448', '449', '450', '454', '456', '465', '466', '482', '487', '494', '496', '500', '503'], '4': ['193', '308', '344'], '3': ['514', '549']}})
 Cluster1  0
 Cluster to drop  2
 Cluster to drop  4
 After reassigning and merging cells 
 Timepoint  2
 Cluster  5  # of cells  69
 Cluster  1  # of cells  31
 Timepoint  3
 Cluster  1  # of cells  66
 Cluster  0  # of cells  432
 Cluster  3  # of cells  2
 Tp cluster cell dict  {'5_2': 69, '1_2': 31, '1_3': 66, '0_3': 432, '3_3': 2}
 New Graph is here 
 ID  0  Timepoint  1  Mutations  []  Type  subclone
 ID  1  Timepoint  2  Mutations  [10, 11, 12, 13, 14, 15, 16, 17, 18, 19, 20, 21, 22]  Type  subclone
 ID  2  Timepoint  2  Mutations  [10, 11, 12, 13, 14, 15, 16, 23, 24, 25, 26, 27, 28, 29, 30]  Type  subclone
 ID  3  Timepoint  3  Mutations  [10, 11, 12, 13, 14, 15, 16, 23, 24, 25, 26, 27, 28, 29, 30]  Type  subclone
 ID  4  Timepoint  3  Mutations  [10, 11, 12, 13, 14, 15, 16, 23, 24, 25, 26, 27, 28, 29, 30, 31, 32, 33, 34, 35, 36, 37, 38, 39, 40]  Type  subclone
 ID  5  Timepoint  3  Mutations  [0, 6, 10, 11, 12, 13, 14, 15, 16, 17, 20, 23, 24, 25, 26, 27, 28, 29, 30, 31, 32, 33, 34, 35, 36, 37, 38, 39, 40]  Type  subclone
Timepoints  SortedDict({1: [0], 2: [1, 2], 3: [3, 4, 5]})
 Clone to nodes  {'5_2': 1, '1_2': 2, '1_3': 3, '0_3': 4, '3_3': 5}
 Timepoint ====  1
 Hash table  {'0,1': [10, 11, 12, 13, 14, 15, 16], '0': [17, 18, 19, 20, 21, 22], '1': [23, 24, 25, 26, 27, 28, 29, 30]}
 Final possible usc  [[10, 11, 12, 13, 14, 15, 16], [17, 18, 19, 20, 21, 22], [23, 24, 25, 26, 27, 28, 29, 30]]
 Time  1  USC keys  {'10,11,12,13,14,15,16_0', '23,24,25,26,27,28,29,30_0', '17,18,19,20,21,22_0'}
 USC children  {'10,11,12,13,14,15,16_0': [1, 2], '17,18,19,20,21,22_0': [1], '23,24,25,26,27,28,29,30_0': [2]}
 USC children  {'10,11,12,13,14,15,16_0': [1, 2], '17,18,19,20,21,22_0': [1], '23,24,25,26,27,28,29,30_0': [2]}
 Timepoint ====  2
 Hash table  {'0,1': [10, 11, 12, 13, 14, 15, 16, 23, 24, 25, 26, 27, 28, 29, 30, 31, 32, 33, 34, 35, 36, 37, 38, 39, 40], '1': [0, 6, 17, 20]}
====== Inside find superset of t nodes ==========
 Final possible usc  [[10, 11, 12, 13, 14, 15, 16, 23, 24, 25, 26, 27, 28, 29, 30, 31, 32, 33, 34, 35, 36, 37, 38, 39, 40]]
 Time  2  USC keys  {'10,11,12,13,14,15,16,23,24,25,26,27,28,29,30,31,32,33,34,35,36,37,38,39,40_2'}
 USC children  {'10,11,12,13,14,15,16_0': [1, 2], '17,18,19,20,21,22_0': [1], '23,24,25,26,27,28,29,30_0': [2], '10,11,12,13,14,15,16,23,24,25,26,27,28,29,30,31,32,33,34,35,36,37,38,39,40_2': [4, 5]}
 USC children  {'10,11,12,13,14,15,16_0': [1, 2], '17,18,19,20,21,22_0': [1], '23,24,25,26,27,28,29,30_0': [2], '10,11,12,13,14,15,16,23,24,25,26,27,28,29,30,31,32,33,34,35,36,37,38,39,40_2': [4, 5]}
 Node s  {'1,2': ['10', '11', '12', '13', '14', '15', '16'], '4,5': ['10', '11', '12', '13', '14', '15', '16', '23', '24', '25', '26', '27', '28', '29', '30', '31', '32', '33', '34', '35', '36', '37', '38', '39', '40']}
 Enroll USC nodes  ['1', '2']  len  2
 Enroll USC nodes  ['4', '5']  len  2
 Node TP  SortedDict({1: [0], 2: [1, 2], 3: [3, 4, 5]})
 Unobserved subclones at timepoints  {1.5: [6], 2.5: [7]}
 ============== Inside finding node v ============ 
 Time  2
 Time  3
 Sorted all timepoints  [1, 1.5, 2, 2.5, 3]
 Timepoint  2
 Inside usc_node check  2
 Timepoint  3
 Inside usc_node check  3
0   1   [-1]   subclone   []   []
1   2   [6]   subclone   [10, 11, 12, 13, 14, 15, 16, 17, 18, 19, 20, 21, 22]   [6]
2   2   [6]   subclone   [10, 11, 12, 13, 14, 15, 16, 23, 24, 25, 26, 27, 28, 29, 30]   [8]
3   3   [2]   subclone   [10, 11, 12, 13, 14, 15, 16, 23, 24, 25, 26, 27, 28, 29, 30]   [0]
4   3   [7]   subclone   [10, 11, 12, 13, 14, 15, 16, 23, 24, 25, 26, 27, 28, 29, 30, 31, 32, 33, 34, 35, 36, 37, 38, 39, 40]   [0]
5   3   [7]   subclone   [0, 6, 10, 11, 12, 13, 14, 15, 16, 17, 20, 23, 24, 25, 26, 27, 28, 29, 30, 31, 32, 33, 34, 35, 36, 37, 38, 39, 40]   [4]
6   1.5   [0]   unobserved subclone   [10, 11, 12, 13, 14, 15, 16]   [7]
7   2.5   [2]   unobserved subclone   [10, 11, 12, 13, 14, 15, 16, 23, 24, 25, 26, 27, 28, 29, 30, 31, 32, 33, 34, 35, 36, 37, 38, 39, 40]   [10]
8
 Total estimated FP  448  True negatives  8714
 Total estimated FN  2080  True positives  8438
 Estimated FP rate  0.05042
 Estimated FN rate  0.19
 No. of Cells in each cluster  {'6_2': 69, '3_2': 31, '3_3': 66, '4_3': 1, '5_3': 1, '7_3': 1, '1_3': 431}
 Cells in each cluster  {'6_2': [0, 1, 2, 3, 4, 5, 6, 7, 8, 9, 10, 11, 12, 13, 14, 15, 16, 17, 18, 19, 20, 21, 22, 23, 24, 25, 26, 27, 28, 29, 30, 31, 32, 33, 34, 35, 36, 37, 38, 39, 40, 41, 42, 43, 44, 45, 46, 47, 48, 49, 50, 51, 52, 53, 54, 55, 56, 57, 58, 59, 60, 61, 62, 63, 64, 65, 66, 67, 68], '3_2': [69, 70, 71, 72, 73, 74, 75, 76, 77, 78, 79, 80, 81, 82, 83, 84, 85, 86, 87, 88, 89, 90, 91, 92, 93, 94, 95, 96, 97, 98, 99], '3_3': [100, 101, 102, 103, 104, 105, 106, 107, 108, 109, 110, 111, 112, 113, 114, 115, 116, 117, 118, 119, 120, 121, 122, 123, 124, 125, 126, 127, 128, 129, 130, 131, 132, 133, 134, 135, 136, 137, 138, 139, 140, 141, 142, 143, 144, 145, 146, 147, 148, 149, 150, 151, 152, 153, 154, 155, 156, 157, 158, 159, 160, 161, 162, 163, 164, 165], '4_3': [308], '5_3': [503], '7_3': [514], '1_3': [166, 167, 168, 170, 173, 174, 175, 176, 177, 178, 179, 180, 181, 182, 183, 184, 185, 187, 188, 189, 190, 191, 192, 194, 195, 196, 197, 198, 199, 201, 202, 203, 204, 205, 206, 207, 208, 209, 211, 212, 213, 214, 215, 216, 218, 219, 220, 221, 222, 224, 225, 226, 227, 228, 229, 230, 231, 232, 233, 234, 235, 236, 237, 238, 239, 240, 241, 242, 243, 244, 245, 246, 247, 248, 249, 250, 251, 252, 253, 254, 255, 256, 257, 258, 259, 260, 261, 262, 263, 264, 265, 266, 267, 268, 269, 270, 271, 272, 273, 274, 275, 277, 278, 279, 280, 281, 282, 283, 284, 285, 287, 288, 289, 290, 291, 292, 293, 294, 295, 296, 297, 298, 299, 300, 301, 302, 303, 304, 305, 306, 309, 310, 311, 312, 313, 314, 315, 316, 317, 318, 319, 320, 321, 322, 323, 324, 325, 326, 327, 328, 329, 330, 331, 332, 333, 334, 335, 336, 337, 339, 340, 341, 342, 343, 344, 345, 346, 347, 348, 349, 350, 351, 352, 353, 354, 355, 356, 357, 358, 360, 361, 362, 364, 367, 368, 369, 370, 371, 372, 373, 374, 375, 376, 377, 378, 379, 380, 381, 382, 383, 384, 385, 386, 387, 388, 389, 390, 391, 392, 393, 394, 395, 396, 397, 399, 400, 401, 402, 403, 404, 405, 406, 407, 408, 409, 410, 411, 412, 413, 414, 415, 416, 419, 420, 421, 422, 423, 424, 425, 427, 428, 429, 430, 431, 432, 434, 435, 436, 437, 438, 439, 440, 441, 442, 443, 444, 445, 446, 447, 449, 450, 451, 452, 453, 454, 455, 456, 457, 458, 459, 460, 461, 462, 463, 464, 465, 466, 467, 468, 470, 472, 473, 474, 475, 476, 477, 478, 479, 480, 481, 482, 483, 485, 486, 487, 488, 489, 490, 491, 492, 493, 494, 495, 496, 497, 498, 499, 500, 501, 502, 504, 505, 506, 507, 508, 509, 510, 511, 512, 513, 515, 516, 517, 518, 519, 520, 521, 522, 523, 524, 525, 526, 527, 528, 529, 530, 531, 532, 533, 534, 535, 536, 537, 538, 539, 540, 541, 542, 543, 544, 545, 546, 547, 548, 550, 551, 552, 553, 554, 555, 556, 557, 558, 559, 560, 561, 562, 563, 564, 565, 566, 567, 568, 569, 570, 571, 572, 573, 575, 576, 577, 578, 579, 580, 581, 582, 583, 584, 585, 586, 587, 588, 589, 590, 591, 592, 593, 594, 595, 596, 597, 598, 599, 186, 200, 210, 223, 307, 363, 365, 366, 398, 417, 418, 549, 169, 171, 172, 193, 217, 276, 286, 338, 359, 426, 433, 448, 469, 471, 484, 574]}
FP rate  0.05042 FN rate  0.19
 Before reassigning cells 
 Timepoint  2
 Cluster  6  # of cells  69
 Cluster  3  # of cells  31
 Timepoint  3
 Cluster  3  # of cells  66
 Cluster  4  # of cells  2
 Cluster  5  # of cells  1
 Cluster  7  # of cells  2
 Cluster  1  # of cells  429
 Cells absent at timepoint  2   set()
 Cells absent at timepoint  3   set()
 Timepoint  2
 Timepoint  3
 After reassigning and merging cells 
 Timepoint  2
 Cluster  6  # of cells  69
 Cluster  3  # of cells  31
 Timepoint  3
 Cluster  3  # of cells  66
 Cluster  4  # of cells  2
 Cluster  5  # of cells  1
 Cluster  7  # of cells  2
 Cluster  1  # of cells  429
 Tp cluster cell dict  {'6_2': 69, '3_2': 31, '3_3': 66, '4_3': 2, '5_3': 1, '7_3': 2, '1_3': 429}
 New Graph is here 
 ID  0  Timepoint  1  Mutations  []  Type  subclone
 ID  1  Timepoint  2  Mutations  [10, 11, 12, 13, 14, 15, 16, 17, 18, 19, 20, 21, 22]  Type  subclone
 ID  2  Timepoint  2  Mutations  [10, 11, 12, 13, 14, 15, 16, 23, 24, 25, 26, 27, 28, 29, 30]  Type  subclone
 ID  3  Timepoint  3  Mutations  [10, 11, 12, 13, 14, 15, 16, 23, 24, 25, 26, 27, 28, 29, 30]  Type  subclone
 ID  4  Timepoint  3  Mutations  [3, 10, 11, 12, 13, 14, 15, 16, 17, 20, 23, 24, 25, 26, 27, 28, 29, 30, 31, 32, 33, 34, 35, 36, 37, 38, 39, 40]  Type  subclone
 ID  5  Timepoint  3  Mutations  [4, 6, 9, 10, 11, 13, 14, 26, 27, 28, 29, 34, 35, 36, 37, 38, 39]  Type  subclone
 ID  6  Timepoint  3  Mutations  [0, 6, 10, 11, 12, 13, 14, 15, 16, 17, 20, 23, 24, 25, 26, 27, 28, 29, 30, 31, 32, 33, 34, 35, 36, 37, 38, 39, 40]  Type  subclone
 ID  7  Timepoint  3  Mutations  [10, 11, 12, 13, 14, 15, 16, 23, 24, 25, 26, 27, 28, 29, 30, 31, 32, 33, 34, 35, 36, 37, 38, 39, 40]  Type  subclone
Timepoints  SortedDict({1: [0], 2: [1, 2], 3: [3, 4, 5, 6, 7]})
 Clone to nodes  {'6_2': 1, '3_2': 2, '3_3': 3, '4_3': 4, '5_3': 5, '7_3': 6, '1_3': 7}
 Timepoint ====  1
 Hash table  {'0,1': [10, 11, 12, 13, 14, 15, 16], '0': [17, 18, 19, 20, 21, 22], '1': [23, 24, 25, 26, 27, 28, 29, 30]}
 Final possible usc  [[10, 11, 12, 13, 14, 15, 16], [17, 18, 19, 20, 21, 22], [23, 24, 25, 26, 27, 28, 29, 30]]
 Time  1  USC keys  {'17,18,19,20,21,22_0', '10,11,12,13,14,15,16_0', '23,24,25,26,27,28,29,30_0'}
 USC children  {'10,11,12,13,14,15,16_0': [1, 2], '17,18,19,20,21,22_0': [1], '23,24,25,26,27,28,29,30_0': [2]}
 USC children  {'10,11,12,13,14,15,16_0': [1, 2], '17,18,19,20,21,22_0': [1], '23,24,25,26,27,28,29,30_0': [2]}
 Timepoint ====  2
 Hash table  {'0': [3], '0,1,2,3': [10, 11, 13, 14, 26, 27, 28, 29, 34, 35, 36, 37, 38, 39], '0,2,3': [12, 15, 16, 23, 24, 25, 30, 31, 32, 33, 40], '0,2': [17, 20], '1': [4, 9], '1,2': [6], '2': [0]}
====== Inside find superset of t nodes ==========
 Final possible usc  []
 Time  2  USC keys  set()
 USC children  {'10,11,12,13,14,15,16_0': [1, 2], '17,18,19,20,21,22_0': [1], '23,24,25,26,27,28,29,30_0': [2]}
 USC children  {'10,11,12,13,14,15,16_0': [1, 2], '17,18,19,20,21,22_0': [1], '23,24,25,26,27,28,29,30_0': [2]}
 Node s  {'1,2': ['10', '11', '12', '13', '14', '15', '16']}
 Enroll USC nodes  ['1', '2']  len  2
 Node TP  SortedDict({1: [0], 2: [1, 2], 3: [3, 4, 5, 6, 7]})
 Unobserved subclones at timepoints  {1.5: [8]}
 ============== Inside finding node v ============ 
 Time  2
 Time  3
 largest_v_mut  [[10, 11, 12, 13, 14, 15, 16, 23, 24, 25, 26, 27, 28, 29, 30]]
 largest_v_mut  []
 largest_v_mut  [[10, 11, 12, 13, 14, 15, 16, 23, 24, 25, 26, 27, 28, 29, 30]]
 largest_v_mut  [[10, 11, 12, 13, 14, 15, 16, 23, 24, 25, 26, 27, 28, 29, 30]]
 Sorted all timepoints  [1, 1.5, 2, 3]
 Timepoint  2
 Inside usc_node check  2
 Timepoint  3
 Node  5  has no parent 
 USC nodes  []
 Node with minimum mutation sets  {1: 9, 2: 7}
0   1   [-1]   subclone   []   []
1   2   [8]   subclone   [10, 11, 12, 13, 14, 15, 16, 17, 18, 19, 20, 21, 22]   [6]
2   2   [8]   subclone   [10, 11, 12, 13, 14, 15, 16, 23, 24, 25, 26, 27, 28, 29, 30]   [8]
3   3   [2]   subclone   [10, 11, 12, 13, 14, 15, 16, 23, 24, 25, 26, 27, 28, 29, 30]   [0]
4   3   [2]   subclone   [3, 10, 11, 12, 13, 14, 15, 16, 17, 20, 23, 24, 25, 26, 27, 28, 29, 30, 31, 32, 33, 34, 35, 36, 37, 38, 39, 40]   [13]
5   3   [2]   subclone   [4, 6, 9, 10, 11, 13, 14, 26, 27, 28, 29, 34, 35, 36, 37, 38, 39]   [9]
6   3   [2]   subclone   [0, 6, 10, 11, 12, 13, 14, 15, 16, 17, 20, 23, 24, 25, 26, 27, 28, 29, 30, 31, 32, 33, 34, 35, 36, 37, 38, 39, 40]   [14]
7   3   [2]   subclone   [10, 11, 12, 13, 14, 15, 16, 23, 24, 25, 26, 27, 28, 29, 30, 31, 32, 33, 34, 35, 36, 37, 38, 39, 40]   [10]
8   1.5   [0]   unobserved subclone   [10, 11, 12, 13, 14, 15, 16]   [7]
 List of tree files  ['all_trees/ap05_rep4_m1_tree.csv', 'all_trees/ap05_rep4_m2_tree.csv', 'all_trees/ap05_rep4_m3_tree.csv', 'all_trees/ap05_rep4_m4_tree.csv', 'all_trees/ap05_rep4_m5_tree.csv']
{'1': ['10', '11', '12', '13', '14', '15', '16', '17', '18', '19', '20', '21', '22'], '2': ['10', '11', '12', '13', '14', '15', '16', '23', '24', '25', '26', '27', '28', '29', '30'], '3': ['10', '11', '12', '13', '14', '15', '16', '23', '24', '25', '26', '27', '28', '29', '30'], '4': ['3', '12', '13', '14', '15', '17', '20', '26', '27', '28', '29', '31', '32', '34', '35', '36', '40'], '5': ['4', '9', '11', '13', '14', '22', '26', '27', '28', '29', '34', '35', '36', '37', '38', '39'], '6': ['0', '6', '10', '13', '14', '15', '16', '17', '20', '23', '24', '27', '34', '35', '38', '40'], '7': ['10', '11', '12', '13', '14', '15', '16', '23', '24', '25', '26', '27', '28', '29', '30', '31', '32', '33', '34', '35', '36', '37', '38', '39', '40'], '8': ['10', '11', '12', '13', '14', '15', '16']}
 Actual mutation of  1   ['19', '17', '22', '21', '20', '18']
 Actual mutation of  2   ['26', '30', '28', '24', '25', '23', '27', '29']
 Actual mutation of  3   []
 Actual mutation of  4   ['26', '28', '36', '32', '34', '40', '3', '31', '29', '27', '35']
 Actual mutation of  5   ['39', '22', '36', '34', '38', '4', '37', '9', '35']
 Actual mutation of  6   ['24', '34', '38', '0', '40', '23', '6', '27', '35']
 Actual mutation of  7   ['39', '36', '32', '33', '34', '38', '40', '37', '31', '35']
 Updated node mutation  {'1': ['19', '17', '22', '21', '20', '18'], '2': ['26', '30', '28', '24', '25', '23', '27', '29'], '3': [], '4': ['26', '28', '36', '32', '34', '40', '3', '31', '29', '27', '35'], '5': ['39', '22', '36', '34', '38', '4', '37', '9', '35'], '6': ['24', '34', '38', '0', '40', '23', '6', '27', '35'], '7': ['39', '36', '32', '33', '34', '38', '40', '37', '31', '35'], '8': ['10', '11', '12', '13', '14', '15', '16']}
{'1': ['10', '11', '12', '13', '14', '15', '16', '17', '18', '19', '20', '21', '22'], '2': ['10', '11', '12', '13', '14', '15', '16', '23', '24', '25', '26', '27', '28', '29', '30'], '3': ['10', '11', '12', '13', '14', '15', '16', '23', '24', '25', '26', '27', '28', '29', '30'], '4': ['0', '3', '4', '5', '6', '11', '12', '14', '15', '18', '19', '20', '23', '24', '26', '28', '30', '32', '33', '34', '36', '38', '39', '40'], '5': ['3', '10', '11', '12', '13', '14', '15', '16', '17', '20', '23', '24', '25', '26', '27', '28', '29', '30', '31', '32', '33', '34', '35', '36', '37', '38', '39', '40'], '6': ['4', '6', '9', '11', '13', '14', '26', '27', '28', '29', '34', '35', '37', '38', '39'], '7': ['0', '6', '13', '14', '15', '16', '17', '20', '23', '24', '25', '27', '30', '34', '35', '38', '40'], '8': ['10', '11', '12', '13', '14', '15', '16', '23', '24', '25', '26', '27', '28', '29', '30', '31', '32', '33', '34', '35', '36', '37', '38', '39', '40'], '9': ['10', '11', '12', '13', '14', '15', '16']}
 Actual mutation of  1   ['19', '17', '22', '21', '20', '18']
 Actual mutation of  2   ['26', '30', '28', '24', '25', '23', '27', '29']
 Actual mutation of  3   []
 Actual mutation of  4   ['26', '30', '39', '24', '28', '36', '32', '33', '34', '0', '5', '38', '4', '40', '3', '23', '6']
 Actual mutation of  5   ['39', '17', '36', '32', '20', '33', '34', '38', '40', '3', '37', '31', '35']
 Actual mutation of  6   ['39', '6', '34', '38', '4', '37', '9', '35']
 Actual mutation of  7   ['17', '20', '34', '38', '0', '40', '6', '35']
 Actual mutation of  8   ['39', '36', '32', '33', '34', '38', '40', '37', '31', '35']
 Updated node mutation  {'1': ['19', '17', '22', '21', '20', '18'], '2': ['26', '30', '28', '24', '25', '23', '27', '29'], '3': [], '4': ['26', '30', '39', '24', '28', '36', '32', '33', '34', '0', '5', '38', '4', '40', '3', '23', '6'], '5': ['39', '17', '36', '32', '20', '33', '34', '38', '40', '3', '37', '31', '35'], '6': ['39', '6', '34', '38', '4', '37', '9', '35'], '7': ['17', '20', '34', '38', '0', '40', '6', '35'], '8': ['39', '36', '32', '33', '34', '38', '40', '37', '31', '35'], '9': ['10', '11', '12', '13', '14', '15', '16']}
{'1': ['10', '11', '12', '13', '14', '15', '16', '17', '18', '19', '20', '21', '22'], '2': ['10', '11', '12', '13', '14', '15', '16', '23', '24', '25', '26', '27', '28', '29', '30'], '3': ['10', '11', '12', '13', '14', '15', '16', '23', '24', '25', '26', '27', '28', '29', '30'], '4': ['10', '11', '12', '13', '14', '15', '16', '23', '24', '25', '26', '27', '28', '29', '30', '31', '32', '33', '34', '35', '36', '37', '38', '39', '40'], '5': ['3', '9', '10', '11', '12', '13', '14', '15', '16', '17', '20', '23', '24', '25', '26', '27', '28', '29', '30', '31', '32', '33', '34', '35', '36', '37', '38', '39', '40'], '6': ['4', '6', '9', '11', '13', '14', '26', '28', '29', '34', '35', '36', '37', '38', '39'], '7': ['0', '6', '11', '13', '14', '15', '16', '17', '20', '23', '24', '27', '30', '34', '35', '37', '38', '40'], '8': ['10', '11', '12', '13', '14', '15', '16']}
 Actual mutation of  1   ['19', '17', '22', '21', '20', '18']
 Actual mutation of  2   ['26', '30', '28', '24', '25', '23', '27', '29']
 Actual mutation of  3   []
 Actual mutation of  4   ['39', '36', '32', '33', '34', '38', '40', '37', '31', '35']
 Actual mutation of  5   ['39', '17', '36', '32', '20', '33', '34', '38', '40', '3', '37', '31', '9', '35']
 Actual mutation of  6   ['39', '6', '36', '34', '38', '4', '37', '9', '35']
 Actual mutation of  7   ['30', '24', '6', '34', '0', '38', '40', '23', '37', '27', '35']
 Updated node mutation  {'1': ['19', '17', '22', '21', '20', '18'], '2': ['26', '30', '28', '24', '25', '23', '27', '29'], '3': [], '4': ['39', '36', '32', '33', '34', '38', '40', '37', '31', '35'], '5': ['39', '17', '36', '32', '20', '33', '34', '38', '40', '3', '37', '31', '9', '35'], '6': ['39', '6', '36', '34', '38', '4', '37', '9', '35'], '7': ['30', '24', '6', '34', '0', '38', '40', '23', '37', '27', '35'], '8': ['10', '11', '12', '13', '14', '15', '16']}
{'1': ['10', '11', '12', '13', '14', '15', '16', '17', '18', '19', '20', '21', '22'], '2': ['10', '11', '12', '13', '14', '15', '16', '23', '24', '25', '26', '27', '28', '29', '30'], '3': ['10', '11', '12', '13', '14', '15', '16', '23', '24', '25', '26', '27', '28', '29', '30'], '4': ['10', '11', '12', '13', '14', '15', '16', '23', '24', '25', '26', '27', '28', '29', '30', '31', '32', '33', '34', '35', '36', '37', '38', '39', '40'], '5': ['0', '6', '10', '11', '12', '13', '14', '15', '16', '17', '20', '23', '24', '25', '26', '27', '28', '29', '30', '31', '32', '33', '34', '35', '36', '37', '38', '39', '40'], '6': ['10', '11', '12', '13', '14', '15', '16'], '7': ['10', '11', '12', '13', '14', '15', '16', '23', '24', '25', '26', '27', '28', '29', '30', '31', '32', '33', '34', '35', '36', '37', '38', '39', '40']}
 Actual mutation of  1   ['19', '17', '22', '21', '20', '18']
 Actual mutation of  2   ['26', '30', '28', '24', '25', '23', '27', '29']
 Actual mutation of  3   []
 Actual mutation of  4   []
 Actual mutation of  5   ['6', '0', '17', '20']
 Actual mutation of  7   ['39', '36', '32', '33', '34', '38', '40', '37', '31', '35']
 Updated node mutation  {'1': ['19', '17', '22', '21', '20', '18'], '2': ['26', '30', '28', '24', '25', '23', '27', '29'], '3': [], '4': [], '5': ['6', '0', '17', '20'], '6': ['10', '11', '12', '13', '14', '15', '16'], '7': ['39', '36', '32', '33', '34', '38', '40', '37', '31', '35']}
{'1': ['10', '11', '12', '13', '14', '15', '16', '17', '18', '19', '20', '21', '22'], '2': ['10', '11', '12', '13', '14', '15', '16', '23', '24', '25', '26', '27', '28', '29', '30'], '3': ['10', '11', '12', '13', '14', '15', '16', '23', '24', '25', '26', '27', '28', '29', '30'], '4': ['3', '10', '11', '12', '13', '14', '15', '16', '17', '20', '23', '24', '25', '26', '27', '28', '29', '30', '31', '32', '33', '34', '35', '36', '37', '38', '39', '40'], '5': ['4', '6', '9', '10', '11', '13', '14', '26', '27', '28', '29', '34', '35', '36', '37', '38', '39'], '6': ['0', '6', '10', '11', '12', '13', '14', '15', '16', '17', '20', '23', '24', '25', '26', '27', '28', '29', '30', '31', '32', '33', '34', '35', '36', '37', '38', '39', '40'], '7': ['10', '11', '12', '13', '14', '15', '16', '23', '24', '25', '26', '27', '28', '29', '30', '31', '32', '33', '34', '35', '36', '37', '38', '39', '40'], '8': ['10', '11', '12', '13', '14', '15', '16']}
 Actual mutation of  1   ['19', '17', '22', '21', '20', '18']
 Actual mutation of  2   ['26', '30', '28', '24', '25', '23', '27', '29']
 Actual mutation of  3   []
 Actual mutation of  4   ['39', '17', '36', '32', '20', '33', '34', '38', '40', '3', '37', '31', '35']
 Actual mutation of  5   ['39', '6', '36', '34', '38', '4', '37', '9', '35']
 Actual mutation of  6   ['39', '17', '36', '32', '20', '33', '34', '0', '38', '40', '37', '6', '31', '35']
 Actual mutation of  7   ['39', '36', '32', '33', '34', '38', '40', '37', '31', '35']
 Updated node mutation  {'1': ['19', '17', '22', '21', '20', '18'], '2': ['26', '30', '28', '24', '25', '23', '27', '29'], '3': [], '4': ['39', '17', '36', '32', '20', '33', '34', '38', '40', '3', '37', '31', '35'], '5': ['39', '6', '36', '34', '38', '4', '37', '9', '35'], '6': ['39', '17', '36', '32', '20', '33', '34', '0', '38', '40', '37', '6', '31', '35'], '7': ['39', '36', '32', '33', '34', '38', '40', '37', '31', '35'], '8': ['10', '11', '12', '13', '14', '15', '16']}
 Parallel mutation count  {'m1': 16, 'm2': 21, 'm3': 18, 'm4': 2, 'm5': 13}
 Clusters with least parallel mutations  ['m4']
 Best tree path  ap05_rep4_m4_tree.csv
