
DPMM with:
	600 cells
	51 mutations
	learning errors

	Priors:
	params.:	Beta(0.25,0.25)
	CRP a_0:	Gamma(24.49,1)
	FP:		trunc norm(0.01,0.01)
	FN:		trunc norm(0.2,0.1)

Move probabilitites:
	Split/merge:	0.33
		split/merge ratio:	[0.75, 0.25]
		intermediate Gibbs:	3
	CRP a_0 update:	0.25
	Errors update:	0.25

Run MCMC with (1 chains for 5000 steps):

Clustering time:	0:19:48.136505	(0.24 secs. per MCMC step)	Lugsail PSRF:		1.00770

Chain mean - posterior clusters	(#4):
	4 clusters

	A: 404 items
	B: 8 items
	C: 49 items
	D: 139 items

Inferred latent variables	--	chain mean - posterior
	CRP a_0:	96.5 +- 19.7
	FP (model|genotypes): 1.8E-03 +- 7.8E-04	|	8.0E-03
	FN (model|genotypes): 0.125   +- 0.010	|	0.160

Writing output to: ./sim_output/u3/rep5/m4

Too many cells to plot genotypes/clusters
