4
 Total estimated FP  93  True negatives  9261
 Total estimated FN  792  True positives  7134
 Estimated FP rate  0.01287
 Estimated FN rate  0.08
 No. of Cells in each cluster  {'2_2': 14, '2_3': 87, '3_2': 10, '1_2': 66, '0_2': 10, '0_3': 413}
 Cells in each cluster  {'2_2': [0, 1, 2, 3, 4, 5, 6, 7, 8, 9, 10, 11, 12, 13], '2_3': [100, 101, 102, 103, 104, 105, 106, 107, 108, 109, 110, 111, 112, 113, 114, 115, 116, 117, 118, 119, 120, 121, 122, 123, 124, 125, 126, 127, 128, 129, 130, 131, 132, 133, 134, 135, 136, 137, 138, 139, 140, 141, 142, 143, 144, 145, 146, 147, 148, 149, 150, 151, 152, 153, 154, 155, 156, 157, 158, 159, 160, 161, 162, 163, 164, 165, 166, 167, 168, 169, 170, 171, 172, 173, 174, 175, 176, 177, 178, 179, 180, 181, 182, 183, 184, 185, 186], '3_2': [14, 15, 16, 17, 18, 19, 20, 21, 22, 23], '1_2': [24, 25, 26, 27, 28, 29, 30, 31, 32, 33, 34, 35, 36, 37, 38, 39, 40, 41, 42, 43, 44, 45, 46, 47, 48, 49, 50, 51, 52, 53, 54, 55, 56, 57, 58, 59, 60, 61, 62, 63, 64, 65, 66, 67, 68, 69, 70, 71, 72, 73, 74, 75, 76, 77, 78, 79, 80, 81, 82, 83, 84, 85, 86, 87, 88, 89], '0_2': [90, 91, 92, 93, 94, 95, 96, 97, 98, 99], '0_3': [187, 188, 189, 190, 191, 192, 193, 194, 195, 196, 197, 198, 199, 200, 201, 202, 203, 204, 205, 206, 207, 208, 209, 210, 211, 212, 213, 214, 215, 216, 217, 218, 219, 220, 221, 222, 223, 224, 225, 226, 227, 228, 229, 230, 231, 232, 233, 234, 235, 236, 237, 238, 239, 240, 241, 242, 243, 244, 245, 246, 247, 248, 249, 250, 251, 252, 253, 254, 255, 256, 257, 258, 259, 260, 261, 262, 263, 264, 265, 266, 267, 268, 269, 270, 271, 272, 273, 274, 275, 276, 277, 278, 279, 280, 281, 282, 283, 284, 285, 286, 287, 288, 289, 290, 291, 292, 293, 294, 295, 296, 297, 298, 299, 300, 301, 302, 303, 304, 305, 306, 307, 308, 309, 310, 311, 312, 313, 314, 315, 316, 317, 318, 319, 320, 321, 322, 323, 324, 325, 326, 327, 328, 329, 330, 331, 332, 333, 334, 335, 336, 337, 338, 339, 340, 341, 342, 343, 344, 345, 346, 347, 348, 349, 350, 351, 352, 353, 354, 355, 356, 357, 358, 359, 360, 361, 362, 363, 364, 365, 366, 367, 368, 369, 370, 371, 372, 373, 374, 375, 376, 377, 378, 379, 380, 381, 382, 383, 384, 385, 386, 387, 388, 389, 390, 391, 392, 393, 394, 395, 396, 397, 398, 399, 400, 401, 402, 403, 404, 405, 406, 407, 408, 409, 410, 411, 412, 413, 414, 415, 416, 417, 418, 419, 420, 421, 422, 423, 424, 425, 426, 427, 428, 429, 430, 431, 432, 433, 434, 435, 436, 437, 438, 439, 440, 441, 442, 443, 444, 445, 446, 447, 448, 449, 450, 451, 452, 453, 454, 455, 456, 457, 458, 459, 460, 461, 462, 463, 464, 465, 466, 467, 468, 469, 470, 471, 472, 473, 474, 475, 476, 477, 478, 479, 480, 481, 482, 483, 484, 485, 486, 487, 488, 489, 490, 491, 492, 493, 494, 495, 496, 497, 498, 499, 500, 501, 502, 503, 504, 505, 506, 507, 508, 509, 510, 511, 512, 513, 514, 515, 516, 517, 518, 519, 520, 521, 522, 523, 524, 525, 526, 527, 528, 529, 530, 531, 532, 533, 534, 535, 536, 537, 538, 539, 540, 541, 542, 543, 544, 545, 546, 547, 548, 549, 550, 551, 552, 553, 554, 555, 556, 557, 558, 559, 560, 561, 562, 563, 564, 565, 566, 567, 568, 569, 570, 571, 572, 573, 574, 575, 576, 577, 578, 579, 580, 581, 582, 583, 584, 585, 586, 587, 588, 589, 590, 591, 592, 593, 594, 595, 596, 597, 598, 599]}
FP rate  0.01287 FN rate  0.08
 Before reassigning cells 
 Timepoint  2
 Cluster  2  # of cells  14
 Cluster  3  # of cells  10
 Cluster  1  # of cells  66
 Cluster  0  # of cells  10
 Timepoint  3
 Cluster  2  # of cells  87
 Cluster  0  # of cells  413
 Cells absent at timepoint  3   set()
 Cells absent at timepoint  2   set()
 Timepoint  2
 Timepoint  3
 After reassigning and merging cells 
 Timepoint  2
 Cluster  2  # of cells  14
 Cluster  3  # of cells  10
 Cluster  1  # of cells  66
 Cluster  0  # of cells  10
 Timepoint  3
 Cluster  2  # of cells  87
 Cluster  0  # of cells  413
 Tp cluster cell dict  {'2_2': 14, '3_2': 10, '1_2': 66, '0_2': 10, '2_3': 87, '0_3': 413}
 New Graph is here 
 ID  0  Timepoint  1  Mutations  []  Type  subclone
 ID  1  Timepoint  2  Mutations  [0, 1, 2, 3]  Type  subclone
 ID  2  Timepoint  2  Mutations  [0, 1, 2, 3, 21, 22, 23, 24, 25, 26, 27, 28, 29]  Type  subclone
 ID  3  Timepoint  2  Mutations  [4, 5, 6, 7, 8, 9, 10, 11, 12, 13, 14, 15, 16, 17, 18, 19, 20, 30, 31, 32, 33]  Type  subclone
 ID  4  Timepoint  2  Mutations  [4, 5, 6, 7, 8, 9, 10, 11, 12, 13, 14, 15, 16, 17, 18, 19, 20, 34, 35]  Type  subclone
 ID  5  Timepoint  3  Mutations  [0, 1, 2, 3]  Type  subclone
 ID  6  Timepoint  3  Mutations  [4, 5, 6, 7, 8, 9, 10, 11, 12, 13, 14, 15, 16, 17, 18, 19, 20, 34, 35]  Type  subclone
Timepoints  SortedDict({1: [0], 2: [1, 2, 3, 4], 3: [5, 6]})
 Clone to nodes  {'2_2': 1, '3_2': 2, '1_2': 3, '0_2': 4, '2_3': 5, '0_3': 6}
 Timepoint ====  1
 Hash table  {'0,1': [0, 1, 2, 3], '1': [21, 22, 23, 24, 25, 26, 27, 28, 29], '2,3': [4, 5, 6, 7, 8, 9, 10, 11, 12, 13, 14, 15, 16, 17, 18, 19, 20], '2': [30, 31, 32, 33], '3': [34, 35]}
 Final possible usc  [[0, 1, 2, 3], [21, 22, 23, 24, 25, 26, 27, 28, 29], [4, 5, 6, 7, 8, 9, 10, 11, 12, 13, 14, 15, 16, 17, 18, 19, 20], [30, 31, 32, 33], [34, 35]]
 Time  1  USC keys  {'0,1,2,3_0', '30,31,32,33_0', '21,22,23,24,25,26,27,28,29_0', '4,5,6,7,8,9,10,11,12,13,14,15,16,17,18,19,20_0', '34,35_0'}
 USC children  {'0,1,2,3_0': [1, 2], '21,22,23,24,25,26,27,28,29_0': [2], '4,5,6,7,8,9,10,11,12,13,14,15,16,17,18,19,20_0': [3, 4], '30,31,32,33_0': [3], '34,35_0': [4]}
 USC children  {'0,1,2,3_0': [1, 2], '21,22,23,24,25,26,27,28,29_0': [2], '4,5,6,7,8,9,10,11,12,13,14,15,16,17,18,19,20_0': [3, 4], '30,31,32,33_0': [3], '34,35_0': [4]}
 Timepoint ====  2
 Hash table  {}
====== Inside find superset of t nodes ==========
 Final possible usc  []
 Time  2  USC keys  set()
 USC children  {'0,1,2,3_0': [1, 2], '21,22,23,24,25,26,27,28,29_0': [2], '4,5,6,7,8,9,10,11,12,13,14,15,16,17,18,19,20_0': [3, 4], '30,31,32,33_0': [3], '34,35_0': [4]}
 USC children  {'0,1,2,3_0': [1, 2], '21,22,23,24,25,26,27,28,29_0': [2], '4,5,6,7,8,9,10,11,12,13,14,15,16,17,18,19,20_0': [3, 4], '30,31,32,33_0': [3], '34,35_0': [4]}
 Node s  {'1,2': ['0', '1', '2', '3'], '3,4': ['4', '5', '6', '7', '8', '9', '10', '11', '12', '13', '14', '15', '16', '17', '18', '19', '20']}
 Enroll USC nodes  ['1', '2']  len  2
 Enroll USC nodes  ['3', '4']  len  2
 Node TP  SortedDict({1: [0], 2: [1, 2, 3, 4], 3: [5, 6]})
 Unobserved subclones at timepoints  {1.5: [7, 8]}
 ============== Inside finding node v ============ 
 Time  2
 Time  3
 Sorted all timepoints  [1, 1.5, 2, 3]
 Timepoint  2
 Inside usc_node check  2
 Timepoint  3
0   1   [-1]   subclone   []   []
1   2   [7]   subclone   [0, 1, 2, 3]   [0]
2   2   [7]   subclone   [0, 1, 2, 3, 21, 22, 23, 24, 25, 26, 27, 28, 29]   [9]
3   2   [8]   subclone   [4, 5, 6, 7, 8, 9, 10, 11, 12, 13, 14, 15, 16, 17, 18, 19, 20, 30, 31, 32, 33]   [4]
4   2   [8]   subclone   [4, 5, 6, 7, 8, 9, 10, 11, 12, 13, 14, 15, 16, 17, 18, 19, 20, 34, 35]   [2]
5   3   [1]   subclone   [0, 1, 2, 3]   [0]
6   3   [4]   subclone   [4, 5, 6, 7, 8, 9, 10, 11, 12, 13, 14, 15, 16, 17, 18, 19, 20, 34, 35]   [0]
7   1.5   [0]   unobserved subclone   [0, 1, 2, 3]   [4]
8   1.5   [0]   unobserved subclone   [4, 5, 6, 7, 8, 9, 10, 11, 12, 13, 14, 15, 16, 17, 18, 19, 20]   [17]
4
 Total estimated FP  93  True negatives  9261
 Total estimated FN  792  True positives  7134
 Estimated FP rate  0.01287
 Estimated FN rate  0.08
 No. of Cells in each cluster  {'2_2': 14, '2_3': 87, '3_2': 10, '1_2': 66, '0_2': 10, '0_3': 413}
 Cells in each cluster  {'2_2': [0, 1, 2, 3, 4, 5, 6, 7, 8, 9, 10, 11, 12, 13], '2_3': [100, 101, 102, 103, 104, 105, 106, 107, 108, 109, 110, 111, 112, 113, 114, 115, 116, 117, 118, 119, 120, 121, 122, 123, 124, 125, 126, 127, 128, 129, 130, 131, 132, 133, 134, 135, 136, 137, 138, 139, 140, 141, 142, 143, 144, 145, 146, 147, 148, 149, 150, 151, 152, 153, 154, 155, 156, 157, 158, 159, 160, 161, 162, 163, 164, 165, 166, 167, 168, 169, 170, 171, 172, 173, 174, 175, 176, 177, 178, 179, 180, 181, 182, 183, 184, 185, 186], '3_2': [14, 15, 16, 17, 18, 19, 20, 21, 22, 23], '1_2': [24, 25, 26, 27, 28, 29, 30, 31, 32, 33, 34, 35, 36, 37, 38, 39, 40, 41, 42, 43, 44, 45, 46, 47, 48, 49, 50, 51, 52, 53, 54, 55, 56, 57, 58, 59, 60, 61, 62, 63, 64, 65, 66, 67, 68, 69, 70, 71, 72, 73, 74, 75, 76, 77, 78, 79, 80, 81, 82, 83, 84, 85, 86, 87, 88, 89], '0_2': [90, 91, 92, 93, 94, 95, 96, 97, 98, 99], '0_3': [187, 188, 189, 190, 191, 192, 193, 194, 195, 196, 197, 198, 199, 200, 201, 202, 203, 204, 205, 206, 207, 208, 209, 210, 211, 212, 213, 214, 215, 216, 217, 218, 219, 220, 221, 222, 223, 224, 225, 226, 227, 228, 229, 230, 231, 232, 233, 234, 235, 236, 237, 238, 239, 240, 241, 242, 243, 244, 245, 246, 247, 248, 249, 250, 251, 252, 253, 254, 255, 256, 257, 258, 259, 260, 261, 262, 263, 264, 265, 266, 267, 268, 269, 270, 271, 272, 273, 274, 275, 276, 277, 278, 279, 280, 281, 282, 283, 284, 285, 286, 287, 288, 289, 290, 291, 292, 293, 294, 295, 296, 297, 298, 299, 300, 301, 302, 303, 304, 305, 306, 307, 308, 309, 310, 311, 312, 313, 314, 315, 316, 317, 318, 319, 320, 321, 322, 323, 324, 325, 326, 327, 328, 329, 330, 331, 332, 333, 334, 335, 336, 337, 338, 339, 340, 341, 342, 343, 344, 345, 346, 347, 348, 349, 350, 351, 352, 353, 354, 355, 356, 357, 358, 359, 360, 361, 362, 363, 364, 365, 366, 367, 368, 369, 370, 371, 372, 373, 374, 375, 376, 377, 378, 379, 380, 381, 382, 383, 384, 385, 386, 387, 388, 389, 390, 391, 392, 393, 394, 395, 396, 397, 398, 399, 400, 401, 402, 403, 404, 405, 406, 407, 408, 409, 410, 411, 412, 413, 414, 415, 416, 417, 418, 419, 420, 421, 422, 423, 424, 425, 426, 427, 428, 429, 430, 431, 432, 433, 434, 435, 436, 437, 438, 439, 440, 441, 442, 443, 444, 445, 446, 447, 448, 449, 450, 451, 452, 453, 454, 455, 456, 457, 458, 459, 460, 461, 462, 463, 464, 465, 466, 467, 468, 469, 470, 471, 472, 473, 474, 475, 476, 477, 478, 479, 480, 481, 482, 483, 484, 485, 486, 487, 488, 489, 490, 491, 492, 493, 494, 495, 496, 497, 498, 499, 500, 501, 502, 503, 504, 505, 506, 507, 508, 509, 510, 511, 512, 513, 514, 515, 516, 517, 518, 519, 520, 521, 522, 523, 524, 525, 526, 527, 528, 529, 530, 531, 532, 533, 534, 535, 536, 537, 538, 539, 540, 541, 542, 543, 544, 545, 546, 547, 548, 549, 550, 551, 552, 553, 554, 555, 556, 557, 558, 559, 560, 561, 562, 563, 564, 565, 566, 567, 568, 569, 570, 571, 572, 573, 574, 575, 576, 577, 578, 579, 580, 581, 582, 583, 584, 585, 586, 587, 588, 589, 590, 591, 592, 593, 594, 595, 596, 597, 598, 599]}
FP rate  0.01287 FN rate  0.08
 Before reassigning cells 
 Timepoint  2
 Cluster  2  # of cells  14
 Cluster  3  # of cells  10
 Cluster  1  # of cells  66
 Cluster  0  # of cells  10
 Timepoint  3
 Cluster  2  # of cells  87
 Cluster  0  # of cells  413
 Cells absent at timepoint  3   set()
 Cells absent at timepoint  2   set()
 Timepoint  2
 Timepoint  3
 After reassigning and merging cells 
 Timepoint  2
 Cluster  2  # of cells  14
 Cluster  3  # of cells  10
 Cluster  1  # of cells  66
 Cluster  0  # of cells  10
 Timepoint  3
 Cluster  2  # of cells  87
 Cluster  0  # of cells  413
 Tp cluster cell dict  {'2_2': 14, '3_2': 10, '1_2': 66, '0_2': 10, '2_3': 87, '0_3': 413}
 New Graph is here 
 ID  0  Timepoint  1  Mutations  []  Type  subclone
 ID  1  Timepoint  2  Mutations  [0, 1, 2, 3]  Type  subclone
 ID  2  Timepoint  2  Mutations  [0, 1, 2, 3, 21, 22, 23, 24, 25, 26, 27, 28, 29]  Type  subclone
 ID  3  Timepoint  2  Mutations  [4, 5, 6, 7, 8, 9, 10, 11, 12, 13, 14, 15, 16, 17, 18, 19, 20, 30, 31, 32, 33]  Type  subclone
 ID  4  Timepoint  2  Mutations  [4, 5, 6, 7, 8, 9, 10, 11, 12, 13, 14, 15, 16, 17, 18, 19, 20, 34, 35]  Type  subclone
 ID  5  Timepoint  3  Mutations  [0, 1, 2, 3]  Type  subclone
 ID  6  Timepoint  3  Mutations  [4, 5, 6, 7, 8, 9, 10, 11, 12, 13, 14, 15, 16, 17, 18, 19, 20, 34, 35]  Type  subclone
Timepoints  SortedDict({1: [0], 2: [1, 2, 3, 4], 3: [5, 6]})
 Clone to nodes  {'2_2': 1, '3_2': 2, '1_2': 3, '0_2': 4, '2_3': 5, '0_3': 6}
 Timepoint ====  1
 Hash table  {'0,1': [0, 1, 2, 3], '1': [21, 22, 23, 24, 25, 26, 27, 28, 29], '2,3': [4, 5, 6, 7, 8, 9, 10, 11, 12, 13, 14, 15, 16, 17, 18, 19, 20], '2': [30, 31, 32, 33], '3': [34, 35]}
 Final possible usc  [[0, 1, 2, 3], [21, 22, 23, 24, 25, 26, 27, 28, 29], [4, 5, 6, 7, 8, 9, 10, 11, 12, 13, 14, 15, 16, 17, 18, 19, 20], [30, 31, 32, 33], [34, 35]]
 Time  1  USC keys  {'34,35_0', '30,31,32,33_0', '4,5,6,7,8,9,10,11,12,13,14,15,16,17,18,19,20_0', '21,22,23,24,25,26,27,28,29_0', '0,1,2,3_0'}
 USC children  {'0,1,2,3_0': [1, 2], '21,22,23,24,25,26,27,28,29_0': [2], '4,5,6,7,8,9,10,11,12,13,14,15,16,17,18,19,20_0': [3, 4], '30,31,32,33_0': [3], '34,35_0': [4]}
 USC children  {'0,1,2,3_0': [1, 2], '21,22,23,24,25,26,27,28,29_0': [2], '4,5,6,7,8,9,10,11,12,13,14,15,16,17,18,19,20_0': [3, 4], '30,31,32,33_0': [3], '34,35_0': [4]}
 Timepoint ====  2
 Hash table  {}
====== Inside find superset of t nodes ==========
 Final possible usc  []
 Time  2  USC keys  set()
 USC children  {'0,1,2,3_0': [1, 2], '21,22,23,24,25,26,27,28,29_0': [2], '4,5,6,7,8,9,10,11,12,13,14,15,16,17,18,19,20_0': [3, 4], '30,31,32,33_0': [3], '34,35_0': [4]}
 USC children  {'0,1,2,3_0': [1, 2], '21,22,23,24,25,26,27,28,29_0': [2], '4,5,6,7,8,9,10,11,12,13,14,15,16,17,18,19,20_0': [3, 4], '30,31,32,33_0': [3], '34,35_0': [4]}
 Node s  {'1,2': ['0', '1', '2', '3'], '3,4': ['4', '5', '6', '7', '8', '9', '10', '11', '12', '13', '14', '15', '16', '17', '18', '19', '20']}
 Enroll USC nodes  ['1', '2']  len  2
 Enroll USC nodes  ['3', '4']  len  2
 Node TP  SortedDict({1: [0], 2: [1, 2, 3, 4], 3: [5, 6]})
 Unobserved subclones at timepoints  {1.5: [7, 8]}
 ============== Inside finding node v ============ 
 Time  2
 Time  3
 Sorted all timepoints  [1, 1.5, 2, 3]
 Timepoint  2
 Inside usc_node check  2
 Timepoint  3
0   1   [-1]   subclone   []   []
1   2   [7]   subclone   [0, 1, 2, 3]   [0]
2   2   [7]   subclone   [0, 1, 2, 3, 21, 22, 23, 24, 25, 26, 27, 28, 29]   [9]
3   2   [8]   subclone   [4, 5, 6, 7, 8, 9, 10, 11, 12, 13, 14, 15, 16, 17, 18, 19, 20, 30, 31, 32, 33]   [4]
4   2   [8]   subclone   [4, 5, 6, 7, 8, 9, 10, 11, 12, 13, 14, 15, 16, 17, 18, 19, 20, 34, 35]   [2]
5   3   [1]   subclone   [0, 1, 2, 3]   [0]
6   3   [4]   subclone   [4, 5, 6, 7, 8, 9, 10, 11, 12, 13, 14, 15, 16, 17, 18, 19, 20, 34, 35]   [0]
7   1.5   [0]   unobserved subclone   [0, 1, 2, 3]   [4]
8   1.5   [0]   unobserved subclone   [4, 5, 6, 7, 8, 9, 10, 11, 12, 13, 14, 15, 16, 17, 18, 19, 20]   [17]
4
 Total estimated FP  93  True negatives  9261
 Total estimated FN  792  True positives  7134
 Estimated FP rate  0.01287
 Estimated FN rate  0.08
 No. of Cells in each cluster  {'2_2': 14, '2_3': 87, '3_2': 10, '1_2': 66, '0_2': 10, '0_3': 413}
 Cells in each cluster  {'2_2': [0, 1, 2, 3, 4, 5, 6, 7, 8, 9, 10, 11, 12, 13], '2_3': [100, 101, 102, 103, 104, 105, 106, 107, 108, 109, 110, 111, 112, 113, 114, 115, 116, 117, 118, 119, 120, 121, 122, 123, 124, 125, 126, 127, 128, 129, 130, 131, 132, 133, 134, 135, 136, 137, 138, 139, 140, 141, 142, 143, 144, 145, 146, 147, 148, 149, 150, 151, 152, 153, 154, 155, 156, 157, 158, 159, 160, 161, 162, 163, 164, 165, 166, 167, 168, 169, 170, 171, 172, 173, 174, 175, 176, 177, 178, 179, 180, 181, 182, 183, 184, 185, 186], '3_2': [14, 15, 16, 17, 18, 19, 20, 21, 22, 23], '1_2': [24, 25, 26, 27, 28, 29, 30, 31, 32, 33, 34, 35, 36, 37, 38, 39, 40, 41, 42, 43, 44, 45, 46, 47, 48, 49, 50, 51, 52, 53, 54, 55, 56, 57, 58, 59, 60, 61, 62, 63, 64, 65, 66, 67, 68, 69, 70, 71, 72, 73, 74, 75, 76, 77, 78, 79, 80, 81, 82, 83, 84, 85, 86, 87, 88, 89], '0_2': [90, 91, 92, 93, 94, 95, 96, 97, 98, 99], '0_3': [187, 188, 189, 190, 191, 192, 193, 194, 195, 196, 197, 198, 199, 200, 201, 202, 203, 204, 205, 206, 207, 208, 209, 210, 211, 212, 213, 214, 215, 216, 217, 218, 219, 220, 221, 222, 223, 224, 225, 226, 227, 228, 229, 230, 231, 232, 233, 234, 235, 236, 237, 238, 239, 240, 241, 242, 243, 244, 245, 246, 247, 248, 249, 250, 251, 252, 253, 254, 255, 256, 257, 258, 259, 260, 261, 262, 263, 264, 265, 266, 267, 268, 269, 270, 271, 272, 273, 274, 275, 276, 277, 278, 279, 280, 281, 282, 283, 284, 285, 286, 287, 288, 289, 290, 291, 292, 293, 294, 295, 296, 297, 298, 299, 300, 301, 302, 303, 304, 305, 306, 307, 308, 309, 310, 311, 312, 313, 314, 315, 316, 317, 318, 319, 320, 321, 322, 323, 324, 325, 326, 327, 328, 329, 330, 331, 332, 333, 334, 335, 336, 337, 338, 339, 340, 341, 342, 343, 344, 345, 346, 347, 348, 349, 350, 351, 352, 353, 354, 355, 356, 357, 358, 359, 360, 361, 362, 363, 364, 365, 366, 367, 368, 369, 370, 371, 372, 373, 374, 375, 376, 377, 378, 379, 380, 381, 382, 383, 384, 385, 386, 387, 388, 389, 390, 391, 392, 393, 394, 395, 396, 397, 398, 399, 400, 401, 402, 403, 404, 405, 406, 407, 408, 409, 410, 411, 412, 413, 414, 415, 416, 417, 418, 419, 420, 421, 422, 423, 424, 425, 426, 427, 428, 429, 430, 431, 432, 433, 434, 435, 436, 437, 438, 439, 440, 441, 442, 443, 444, 445, 446, 447, 448, 449, 450, 451, 452, 453, 454, 455, 456, 457, 458, 459, 460, 461, 462, 463, 464, 465, 466, 467, 468, 469, 470, 471, 472, 473, 474, 475, 476, 477, 478, 479, 480, 481, 482, 483, 484, 485, 486, 487, 488, 489, 490, 491, 492, 493, 494, 495, 496, 497, 498, 499, 500, 501, 502, 503, 504, 505, 506, 507, 508, 509, 510, 511, 512, 513, 514, 515, 516, 517, 518, 519, 520, 521, 522, 523, 524, 525, 526, 527, 528, 529, 530, 531, 532, 533, 534, 535, 536, 537, 538, 539, 540, 541, 542, 543, 544, 545, 546, 547, 548, 549, 550, 551, 552, 553, 554, 555, 556, 557, 558, 559, 560, 561, 562, 563, 564, 565, 566, 567, 568, 569, 570, 571, 572, 573, 574, 575, 576, 577, 578, 579, 580, 581, 582, 583, 584, 585, 586, 587, 588, 589, 590, 591, 592, 593, 594, 595, 596, 597, 598, 599]}
FP rate  0.01287 FN rate  0.08
 Before reassigning cells 
 Timepoint  2
 Cluster  2  # of cells  14
 Cluster  3  # of cells  10
 Cluster  1  # of cells  66
 Cluster  0  # of cells  10
 Timepoint  3
 Cluster  2  # of cells  87
 Cluster  0  # of cells  413
 Cells absent at timepoint  2   set()
 Cells absent at timepoint  3   set()
 Timepoint  2
 Timepoint  3
 After reassigning and merging cells 
 Timepoint  2
 Cluster  2  # of cells  14
 Cluster  3  # of cells  10
 Cluster  1  # of cells  66
 Cluster  0  # of cells  10
 Timepoint  3
 Cluster  2  # of cells  87
 Cluster  0  # of cells  413
 Tp cluster cell dict  {'2_2': 14, '3_2': 10, '1_2': 66, '0_2': 10, '2_3': 87, '0_3': 413}
 New Graph is here 
 ID  0  Timepoint  1  Mutations  []  Type  subclone
 ID  1  Timepoint  2  Mutations  [0, 1, 2, 3]  Type  subclone
 ID  2  Timepoint  2  Mutations  [0, 1, 2, 3, 21, 22, 23, 24, 25, 26, 27, 28, 29]  Type  subclone
 ID  3  Timepoint  2  Mutations  [4, 5, 6, 7, 8, 9, 10, 11, 12, 13, 14, 15, 16, 17, 18, 19, 20, 30, 31, 32, 33]  Type  subclone
 ID  4  Timepoint  2  Mutations  [4, 5, 6, 7, 8, 9, 10, 11, 12, 13, 14, 15, 16, 17, 18, 19, 20, 34, 35]  Type  subclone
 ID  5  Timepoint  3  Mutations  [0, 1, 2, 3]  Type  subclone
 ID  6  Timepoint  3  Mutations  [4, 5, 6, 7, 8, 9, 10, 11, 12, 13, 14, 15, 16, 17, 18, 19, 20, 34, 35]  Type  subclone
Timepoints  SortedDict({1: [0], 2: [1, 2, 3, 4], 3: [5, 6]})
 Clone to nodes  {'2_2': 1, '3_2': 2, '1_2': 3, '0_2': 4, '2_3': 5, '0_3': 6}
 Timepoint ====  1
 Hash table  {'0,1': [0, 1, 2, 3], '1': [21, 22, 23, 24, 25, 26, 27, 28, 29], '2,3': [4, 5, 6, 7, 8, 9, 10, 11, 12, 13, 14, 15, 16, 17, 18, 19, 20], '2': [30, 31, 32, 33], '3': [34, 35]}
 Final possible usc  [[0, 1, 2, 3], [21, 22, 23, 24, 25, 26, 27, 28, 29], [4, 5, 6, 7, 8, 9, 10, 11, 12, 13, 14, 15, 16, 17, 18, 19, 20], [30, 31, 32, 33], [34, 35]]
 Time  1  USC keys  {'0,1,2,3_0', '34,35_0', '30,31,32,33_0', '4,5,6,7,8,9,10,11,12,13,14,15,16,17,18,19,20_0', '21,22,23,24,25,26,27,28,29_0'}
 USC children  {'0,1,2,3_0': [1, 2], '21,22,23,24,25,26,27,28,29_0': [2], '4,5,6,7,8,9,10,11,12,13,14,15,16,17,18,19,20_0': [3, 4], '30,31,32,33_0': [3], '34,35_0': [4]}
 USC children  {'0,1,2,3_0': [1, 2], '21,22,23,24,25,26,27,28,29_0': [2], '4,5,6,7,8,9,10,11,12,13,14,15,16,17,18,19,20_0': [3, 4], '30,31,32,33_0': [3], '34,35_0': [4]}
 Timepoint ====  2
 Hash table  {}
====== Inside find superset of t nodes ==========
 Final possible usc  []
 Time  2  USC keys  set()
 USC children  {'0,1,2,3_0': [1, 2], '21,22,23,24,25,26,27,28,29_0': [2], '4,5,6,7,8,9,10,11,12,13,14,15,16,17,18,19,20_0': [3, 4], '30,31,32,33_0': [3], '34,35_0': [4]}
 USC children  {'0,1,2,3_0': [1, 2], '21,22,23,24,25,26,27,28,29_0': [2], '4,5,6,7,8,9,10,11,12,13,14,15,16,17,18,19,20_0': [3, 4], '30,31,32,33_0': [3], '34,35_0': [4]}
 Node s  {'1,2': ['0', '1', '2', '3'], '3,4': ['4', '5', '6', '7', '8', '9', '10', '11', '12', '13', '14', '15', '16', '17', '18', '19', '20']}
 Enroll USC nodes  ['1', '2']  len  2
 Enroll USC nodes  ['3', '4']  len  2
 Node TP  SortedDict({1: [0], 2: [1, 2, 3, 4], 3: [5, 6]})
 Unobserved subclones at timepoints  {1.5: [7, 8]}
 ============== Inside finding node v ============ 
 Time  2
 Time  3
 Sorted all timepoints  [1, 1.5, 2, 3]
 Timepoint  2
 Inside usc_node check  2
 Timepoint  3
0   1   [-1]   subclone   []   []
1   2   [7]   subclone   [0, 1, 2, 3]   [0]
2   2   [7]   subclone   [0, 1, 2, 3, 21, 22, 23, 24, 25, 26, 27, 28, 29]   [9]
3   2   [8]   subclone   [4, 5, 6, 7, 8, 9, 10, 11, 12, 13, 14, 15, 16, 17, 18, 19, 20, 30, 31, 32, 33]   [4]
4   2   [8]   subclone   [4, 5, 6, 7, 8, 9, 10, 11, 12, 13, 14, 15, 16, 17, 18, 19, 20, 34, 35]   [2]
5   3   [1]   subclone   [0, 1, 2, 3]   [0]
6   3   [4]   subclone   [4, 5, 6, 7, 8, 9, 10, 11, 12, 13, 14, 15, 16, 17, 18, 19, 20, 34, 35]   [0]
7   1.5   [0]   unobserved subclone   [0, 1, 2, 3]   [4]
8   1.5   [0]   unobserved subclone   [4, 5, 6, 7, 8, 9, 10, 11, 12, 13, 14, 15, 16, 17, 18, 19, 20]   [17]
4
 Total estimated FP  93  True negatives  9261
 Total estimated FN  792  True positives  7134
 Estimated FP rate  0.01287
 Estimated FN rate  0.08
 No. of Cells in each cluster  {'2_2': 14, '2_3': 87, '3_2': 10, '1_2': 66, '0_2': 10, '0_3': 413}
 Cells in each cluster  {'2_2': [0, 1, 2, 3, 4, 5, 6, 7, 8, 9, 10, 11, 12, 13], '2_3': [100, 101, 102, 103, 104, 105, 106, 107, 108, 109, 110, 111, 112, 113, 114, 115, 116, 117, 118, 119, 120, 121, 122, 123, 124, 125, 126, 127, 128, 129, 130, 131, 132, 133, 134, 135, 136, 137, 138, 139, 140, 141, 142, 143, 144, 145, 146, 147, 148, 149, 150, 151, 152, 153, 154, 155, 156, 157, 158, 159, 160, 161, 162, 163, 164, 165, 166, 167, 168, 169, 170, 171, 172, 173, 174, 175, 176, 177, 178, 179, 180, 181, 182, 183, 184, 185, 186], '3_2': [14, 15, 16, 17, 18, 19, 20, 21, 22, 23], '1_2': [24, 25, 26, 27, 28, 29, 30, 31, 32, 33, 34, 35, 36, 37, 38, 39, 40, 41, 42, 43, 44, 45, 46, 47, 48, 49, 50, 51, 52, 53, 54, 55, 56, 57, 58, 59, 60, 61, 62, 63, 64, 65, 66, 67, 68, 69, 70, 71, 72, 73, 74, 75, 76, 77, 78, 79, 80, 81, 82, 83, 84, 85, 86, 87, 88, 89], '0_2': [90, 91, 92, 93, 94, 95, 96, 97, 98, 99], '0_3': [187, 188, 189, 190, 191, 192, 193, 194, 195, 196, 197, 198, 199, 200, 201, 202, 203, 204, 205, 206, 207, 208, 209, 210, 211, 212, 213, 214, 215, 216, 217, 218, 219, 220, 221, 222, 223, 224, 225, 226, 227, 228, 229, 230, 231, 232, 233, 234, 235, 236, 237, 238, 239, 240, 241, 242, 243, 244, 245, 246, 247, 248, 249, 250, 251, 252, 253, 254, 255, 256, 257, 258, 259, 260, 261, 262, 263, 264, 265, 266, 267, 268, 269, 270, 271, 272, 273, 274, 275, 276, 277, 278, 279, 280, 281, 282, 283, 284, 285, 286, 287, 288, 289, 290, 291, 292, 293, 294, 295, 296, 297, 298, 299, 300, 301, 302, 303, 304, 305, 306, 307, 308, 309, 310, 311, 312, 313, 314, 315, 316, 317, 318, 319, 320, 321, 322, 323, 324, 325, 326, 327, 328, 329, 330, 331, 332, 333, 334, 335, 336, 337, 338, 339, 340, 341, 342, 343, 344, 345, 346, 347, 348, 349, 350, 351, 352, 353, 354, 355, 356, 357, 358, 359, 360, 361, 362, 363, 364, 365, 366, 367, 368, 369, 370, 371, 372, 373, 374, 375, 376, 377, 378, 379, 380, 381, 382, 383, 384, 385, 386, 387, 388, 389, 390, 391, 392, 393, 394, 395, 396, 397, 398, 399, 400, 401, 402, 403, 404, 405, 406, 407, 408, 409, 410, 411, 412, 413, 414, 415, 416, 417, 418, 419, 420, 421, 422, 423, 424, 425, 426, 427, 428, 429, 430, 431, 432, 433, 434, 435, 436, 437, 438, 439, 440, 441, 442, 443, 444, 445, 446, 447, 448, 449, 450, 451, 452, 453, 454, 455, 456, 457, 458, 459, 460, 461, 462, 463, 464, 465, 466, 467, 468, 469, 470, 471, 472, 473, 474, 475, 476, 477, 478, 479, 480, 481, 482, 483, 484, 485, 486, 487, 488, 489, 490, 491, 492, 493, 494, 495, 496, 497, 498, 499, 500, 501, 502, 503, 504, 505, 506, 507, 508, 509, 510, 511, 512, 513, 514, 515, 516, 517, 518, 519, 520, 521, 522, 523, 524, 525, 526, 527, 528, 529, 530, 531, 532, 533, 534, 535, 536, 537, 538, 539, 540, 541, 542, 543, 544, 545, 546, 547, 548, 549, 550, 551, 552, 553, 554, 555, 556, 557, 558, 559, 560, 561, 562, 563, 564, 565, 566, 567, 568, 569, 570, 571, 572, 573, 574, 575, 576, 577, 578, 579, 580, 581, 582, 583, 584, 585, 586, 587, 588, 589, 590, 591, 592, 593, 594, 595, 596, 597, 598, 599]}
FP rate  0.01287 FN rate  0.08
 Before reassigning cells 
 Timepoint  2
 Cluster  2  # of cells  14
 Cluster  3  # of cells  10
 Cluster  1  # of cells  66
 Cluster  0  # of cells  10
 Timepoint  3
 Cluster  2  # of cells  87
 Cluster  0  # of cells  413
 Cells absent at timepoint  3   set()
 Cells absent at timepoint  2   set()
 Timepoint  2
 Timepoint  3
 After reassigning and merging cells 
 Timepoint  2
 Cluster  2  # of cells  14
 Cluster  3  # of cells  10
 Cluster  1  # of cells  66
 Cluster  0  # of cells  10
 Timepoint  3
 Cluster  2  # of cells  87
 Cluster  0  # of cells  413
 Tp cluster cell dict  {'2_2': 14, '3_2': 10, '1_2': 66, '0_2': 10, '2_3': 87, '0_3': 413}
 New Graph is here 
 ID  0  Timepoint  1  Mutations  []  Type  subclone
 ID  1  Timepoint  2  Mutations  [0, 1, 2, 3]  Type  subclone
 ID  2  Timepoint  2  Mutations  [0, 1, 2, 3, 21, 22, 23, 24, 25, 26, 27, 28, 29]  Type  subclone
 ID  3  Timepoint  2  Mutations  [4, 5, 6, 7, 8, 9, 10, 11, 12, 13, 14, 15, 16, 17, 18, 19, 20, 30, 31, 32, 33]  Type  subclone
 ID  4  Timepoint  2  Mutations  [4, 5, 6, 7, 8, 9, 10, 11, 12, 13, 14, 15, 16, 17, 18, 19, 20, 34, 35]  Type  subclone
 ID  5  Timepoint  3  Mutations  [0, 1, 2, 3]  Type  subclone
 ID  6  Timepoint  3  Mutations  [4, 5, 6, 7, 8, 9, 10, 11, 12, 13, 14, 15, 16, 17, 18, 19, 20, 34, 35]  Type  subclone
Timepoints  SortedDict({1: [0], 2: [1, 2, 3, 4], 3: [5, 6]})
 Clone to nodes  {'2_2': 1, '3_2': 2, '1_2': 3, '0_2': 4, '2_3': 5, '0_3': 6}
 Timepoint ====  1
 Hash table  {'0,1': [0, 1, 2, 3], '1': [21, 22, 23, 24, 25, 26, 27, 28, 29], '2,3': [4, 5, 6, 7, 8, 9, 10, 11, 12, 13, 14, 15, 16, 17, 18, 19, 20], '2': [30, 31, 32, 33], '3': [34, 35]}
 Final possible usc  [[0, 1, 2, 3], [21, 22, 23, 24, 25, 26, 27, 28, 29], [4, 5, 6, 7, 8, 9, 10, 11, 12, 13, 14, 15, 16, 17, 18, 19, 20], [30, 31, 32, 33], [34, 35]]
 Time  1  USC keys  {'30,31,32,33_0', '21,22,23,24,25,26,27,28,29_0', '34,35_0', '4,5,6,7,8,9,10,11,12,13,14,15,16,17,18,19,20_0', '0,1,2,3_0'}
 USC children  {'0,1,2,3_0': [1, 2], '21,22,23,24,25,26,27,28,29_0': [2], '4,5,6,7,8,9,10,11,12,13,14,15,16,17,18,19,20_0': [3, 4], '30,31,32,33_0': [3], '34,35_0': [4]}
 USC children  {'0,1,2,3_0': [1, 2], '21,22,23,24,25,26,27,28,29_0': [2], '4,5,6,7,8,9,10,11,12,13,14,15,16,17,18,19,20_0': [3, 4], '30,31,32,33_0': [3], '34,35_0': [4]}
 Timepoint ====  2
 Hash table  {}
====== Inside find superset of t nodes ==========
 Final possible usc  []
 Time  2  USC keys  set()
 USC children  {'0,1,2,3_0': [1, 2], '21,22,23,24,25,26,27,28,29_0': [2], '4,5,6,7,8,9,10,11,12,13,14,15,16,17,18,19,20_0': [3, 4], '30,31,32,33_0': [3], '34,35_0': [4]}
 USC children  {'0,1,2,3_0': [1, 2], '21,22,23,24,25,26,27,28,29_0': [2], '4,5,6,7,8,9,10,11,12,13,14,15,16,17,18,19,20_0': [3, 4], '30,31,32,33_0': [3], '34,35_0': [4]}
 Node s  {'1,2': ['0', '1', '2', '3'], '3,4': ['4', '5', '6', '7', '8', '9', '10', '11', '12', '13', '14', '15', '16', '17', '18', '19', '20']}
 Enroll USC nodes  ['1', '2']  len  2
 Enroll USC nodes  ['3', '4']  len  2
 Node TP  SortedDict({1: [0], 2: [1, 2, 3, 4], 3: [5, 6]})
 Unobserved subclones at timepoints  {1.5: [7, 8]}
 ============== Inside finding node v ============ 
 Time  2
 Time  3
 Sorted all timepoints  [1, 1.5, 2, 3]
 Timepoint  2
 Inside usc_node check  2
 Timepoint  3
0   1   [-1]   subclone   []   []
1   2   [7]   subclone   [0, 1, 2, 3]   [0]
2   2   [7]   subclone   [0, 1, 2, 3, 21, 22, 23, 24, 25, 26, 27, 28, 29]   [9]
3   2   [8]   subclone   [4, 5, 6, 7, 8, 9, 10, 11, 12, 13, 14, 15, 16, 17, 18, 19, 20, 30, 31, 32, 33]   [4]
4   2   [8]   subclone   [4, 5, 6, 7, 8, 9, 10, 11, 12, 13, 14, 15, 16, 17, 18, 19, 20, 34, 35]   [2]
5   3   [1]   subclone   [0, 1, 2, 3]   [0]
6   3   [4]   subclone   [4, 5, 6, 7, 8, 9, 10, 11, 12, 13, 14, 15, 16, 17, 18, 19, 20, 34, 35]   [0]
7   1.5   [0]   unobserved subclone   [0, 1, 2, 3]   [4]
8   1.5   [0]   unobserved subclone   [4, 5, 6, 7, 8, 9, 10, 11, 12, 13, 14, 15, 16, 17, 18, 19, 20]   [17]
4
 Total estimated FP  93  True negatives  9261
 Total estimated FN  792  True positives  7134
 Estimated FP rate  0.01287
 Estimated FN rate  0.08
 No. of Cells in each cluster  {'2_2': 14, '2_3': 87, '3_2': 10, '1_2': 66, '0_2': 10, '0_3': 413}
 Cells in each cluster  {'2_2': [0, 1, 2, 3, 4, 5, 6, 7, 8, 9, 10, 11, 12, 13], '2_3': [100, 101, 102, 103, 104, 105, 106, 107, 108, 109, 110, 111, 112, 113, 114, 115, 116, 117, 118, 119, 120, 121, 122, 123, 124, 125, 126, 127, 128, 129, 130, 131, 132, 133, 134, 135, 136, 137, 138, 139, 140, 141, 142, 143, 144, 145, 146, 147, 148, 149, 150, 151, 152, 153, 154, 155, 156, 157, 158, 159, 160, 161, 162, 163, 164, 165, 166, 167, 168, 169, 170, 171, 172, 173, 174, 175, 176, 177, 178, 179, 180, 181, 182, 183, 184, 185, 186], '3_2': [14, 15, 16, 17, 18, 19, 20, 21, 22, 23], '1_2': [24, 25, 26, 27, 28, 29, 30, 31, 32, 33, 34, 35, 36, 37, 38, 39, 40, 41, 42, 43, 44, 45, 46, 47, 48, 49, 50, 51, 52, 53, 54, 55, 56, 57, 58, 59, 60, 61, 62, 63, 64, 65, 66, 67, 68, 69, 70, 71, 72, 73, 74, 75, 76, 77, 78, 79, 80, 81, 82, 83, 84, 85, 86, 87, 88, 89], '0_2': [90, 91, 92, 93, 94, 95, 96, 97, 98, 99], '0_3': [187, 188, 189, 190, 191, 192, 193, 194, 195, 196, 197, 198, 199, 200, 201, 202, 203, 204, 205, 206, 207, 208, 209, 210, 211, 212, 213, 214, 215, 216, 217, 218, 219, 220, 221, 222, 223, 224, 225, 226, 227, 228, 229, 230, 231, 232, 233, 234, 235, 236, 237, 238, 239, 240, 241, 242, 243, 244, 245, 246, 247, 248, 249, 250, 251, 252, 253, 254, 255, 256, 257, 258, 259, 260, 261, 262, 263, 264, 265, 266, 267, 268, 269, 270, 271, 272, 273, 274, 275, 276, 277, 278, 279, 280, 281, 282, 283, 284, 285, 286, 287, 288, 289, 290, 291, 292, 293, 294, 295, 296, 297, 298, 299, 300, 301, 302, 303, 304, 305, 306, 307, 308, 309, 310, 311, 312, 313, 314, 315, 316, 317, 318, 319, 320, 321, 322, 323, 324, 325, 326, 327, 328, 329, 330, 331, 332, 333, 334, 335, 336, 337, 338, 339, 340, 341, 342, 343, 344, 345, 346, 347, 348, 349, 350, 351, 352, 353, 354, 355, 356, 357, 358, 359, 360, 361, 362, 363, 364, 365, 366, 367, 368, 369, 370, 371, 372, 373, 374, 375, 376, 377, 378, 379, 380, 381, 382, 383, 384, 385, 386, 387, 388, 389, 390, 391, 392, 393, 394, 395, 396, 397, 398, 399, 400, 401, 402, 403, 404, 405, 406, 407, 408, 409, 410, 411, 412, 413, 414, 415, 416, 417, 418, 419, 420, 421, 422, 423, 424, 425, 426, 427, 428, 429, 430, 431, 432, 433, 434, 435, 436, 437, 438, 439, 440, 441, 442, 443, 444, 445, 446, 447, 448, 449, 450, 451, 452, 453, 454, 455, 456, 457, 458, 459, 460, 461, 462, 463, 464, 465, 466, 467, 468, 469, 470, 471, 472, 473, 474, 475, 476, 477, 478, 479, 480, 481, 482, 483, 484, 485, 486, 487, 488, 489, 490, 491, 492, 493, 494, 495, 496, 497, 498, 499, 500, 501, 502, 503, 504, 505, 506, 507, 508, 509, 510, 511, 512, 513, 514, 515, 516, 517, 518, 519, 520, 521, 522, 523, 524, 525, 526, 527, 528, 529, 530, 531, 532, 533, 534, 535, 536, 537, 538, 539, 540, 541, 542, 543, 544, 545, 546, 547, 548, 549, 550, 551, 552, 553, 554, 555, 556, 557, 558, 559, 560, 561, 562, 563, 564, 565, 566, 567, 568, 569, 570, 571, 572, 573, 574, 575, 576, 577, 578, 579, 580, 581, 582, 583, 584, 585, 586, 587, 588, 589, 590, 591, 592, 593, 594, 595, 596, 597, 598, 599]}
FP rate  0.01287 FN rate  0.08
 Before reassigning cells 
 Timepoint  2
 Cluster  2  # of cells  14
 Cluster  3  # of cells  10
 Cluster  1  # of cells  66
 Cluster  0  # of cells  10
 Timepoint  3
 Cluster  2  # of cells  87
 Cluster  0  # of cells  413
 Cells absent at timepoint  3   set()
 Cells absent at timepoint  2   set()
 Timepoint  2
 Timepoint  3
 After reassigning and merging cells 
 Timepoint  2
 Cluster  2  # of cells  14
 Cluster  3  # of cells  10
 Cluster  1  # of cells  66
 Cluster  0  # of cells  10
 Timepoint  3
 Cluster  2  # of cells  87
 Cluster  0  # of cells  413
 Tp cluster cell dict  {'2_2': 14, '3_2': 10, '1_2': 66, '0_2': 10, '2_3': 87, '0_3': 413}
 New Graph is here 
 ID  0  Timepoint  1  Mutations  []  Type  subclone
 ID  1  Timepoint  2  Mutations  [0, 1, 2, 3]  Type  subclone
 ID  2  Timepoint  2  Mutations  [0, 1, 2, 3, 21, 22, 23, 24, 25, 26, 27, 28, 29]  Type  subclone
 ID  3  Timepoint  2  Mutations  [4, 5, 6, 7, 8, 9, 10, 11, 12, 13, 14, 15, 16, 17, 18, 19, 20, 30, 31, 32, 33]  Type  subclone
 ID  4  Timepoint  2  Mutations  [4, 5, 6, 7, 8, 9, 10, 11, 12, 13, 14, 15, 16, 17, 18, 19, 20, 34, 35]  Type  subclone
 ID  5  Timepoint  3  Mutations  [0, 1, 2, 3]  Type  subclone
 ID  6  Timepoint  3  Mutations  [4, 5, 6, 7, 8, 9, 10, 11, 12, 13, 14, 15, 16, 17, 18, 19, 20, 34, 35]  Type  subclone
Timepoints  SortedDict({1: [0], 2: [1, 2, 3, 4], 3: [5, 6]})
 Clone to nodes  {'2_2': 1, '3_2': 2, '1_2': 3, '0_2': 4, '2_3': 5, '0_3': 6}
 Timepoint ====  1
 Hash table  {'0,1': [0, 1, 2, 3], '1': [21, 22, 23, 24, 25, 26, 27, 28, 29], '2,3': [4, 5, 6, 7, 8, 9, 10, 11, 12, 13, 14, 15, 16, 17, 18, 19, 20], '2': [30, 31, 32, 33], '3': [34, 35]}
 Final possible usc  [[0, 1, 2, 3], [21, 22, 23, 24, 25, 26, 27, 28, 29], [4, 5, 6, 7, 8, 9, 10, 11, 12, 13, 14, 15, 16, 17, 18, 19, 20], [30, 31, 32, 33], [34, 35]]
 Time  1  USC keys  {'0,1,2,3_0', '30,31,32,33_0', '34,35_0', '21,22,23,24,25,26,27,28,29_0', '4,5,6,7,8,9,10,11,12,13,14,15,16,17,18,19,20_0'}
 USC children  {'0,1,2,3_0': [1, 2], '21,22,23,24,25,26,27,28,29_0': [2], '4,5,6,7,8,9,10,11,12,13,14,15,16,17,18,19,20_0': [3, 4], '30,31,32,33_0': [3], '34,35_0': [4]}
 USC children  {'0,1,2,3_0': [1, 2], '21,22,23,24,25,26,27,28,29_0': [2], '4,5,6,7,8,9,10,11,12,13,14,15,16,17,18,19,20_0': [3, 4], '30,31,32,33_0': [3], '34,35_0': [4]}
 Timepoint ====  2
 Hash table  {}
====== Inside find superset of t nodes ==========
 Final possible usc  []
 Time  2  USC keys  set()
 USC children  {'0,1,2,3_0': [1, 2], '21,22,23,24,25,26,27,28,29_0': [2], '4,5,6,7,8,9,10,11,12,13,14,15,16,17,18,19,20_0': [3, 4], '30,31,32,33_0': [3], '34,35_0': [4]}
 USC children  {'0,1,2,3_0': [1, 2], '21,22,23,24,25,26,27,28,29_0': [2], '4,5,6,7,8,9,10,11,12,13,14,15,16,17,18,19,20_0': [3, 4], '30,31,32,33_0': [3], '34,35_0': [4]}
 Node s  {'1,2': ['0', '1', '2', '3'], '3,4': ['4', '5', '6', '7', '8', '9', '10', '11', '12', '13', '14', '15', '16', '17', '18', '19', '20']}
 Enroll USC nodes  ['1', '2']  len  2
 Enroll USC nodes  ['3', '4']  len  2
 Node TP  SortedDict({1: [0], 2: [1, 2, 3, 4], 3: [5, 6]})
 Unobserved subclones at timepoints  {1.5: [7, 8]}
 ============== Inside finding node v ============ 
 Time  2
 Time  3
 Sorted all timepoints  [1, 1.5, 2, 3]
 Timepoint  2
 Inside usc_node check  2
 Timepoint  3
0   1   [-1]   subclone   []   []
1   2   [7]   subclone   [0, 1, 2, 3]   [0]
2   2   [7]   subclone   [0, 1, 2, 3, 21, 22, 23, 24, 25, 26, 27, 28, 29]   [9]
3   2   [8]   subclone   [4, 5, 6, 7, 8, 9, 10, 11, 12, 13, 14, 15, 16, 17, 18, 19, 20, 30, 31, 32, 33]   [4]
4   2   [8]   subclone   [4, 5, 6, 7, 8, 9, 10, 11, 12, 13, 14, 15, 16, 17, 18, 19, 20, 34, 35]   [2]
5   3   [1]   subclone   [0, 1, 2, 3]   [0]
6   3   [4]   subclone   [4, 5, 6, 7, 8, 9, 10, 11, 12, 13, 14, 15, 16, 17, 18, 19, 20, 34, 35]   [0]
7   1.5   [0]   unobserved subclone   [0, 1, 2, 3]   [4]
8   1.5   [0]   unobserved subclone   [4, 5, 6, 7, 8, 9, 10, 11, 12, 13, 14, 15, 16, 17, 18, 19, 20]   [17]
 List of tree files  ['all_trees/bp1_rep3_m1_tree.csv', 'all_trees/bp1_rep3_m2_tree.csv', 'all_trees/bp1_rep3_m3_tree.csv', 'all_trees/bp1_rep3_m4_tree.csv', 'all_trees/bp1_rep3_m5_tree.csv']
{'1': ['0', '1', '2', '3'], '2': ['0', '1', '2', '3', '21', '22', '23', '24', '25', '26', '27', '28', '29'], '3': ['4', '5', '6', '7', '8', '9', '10', '11', '12', '13', '14', '15', '16', '17', '18', '19', '20', '30', '31', '32', '33'], '4': ['4', '5', '6', '7', '8', '9', '10', '11', '12', '13', '14', '15', '16', '17', '18', '19', '20', '34', '35'], '5': ['0', '1', '2', '3'], '6': ['4', '5', '6', '7', '8', '9', '10', '11', '12', '13', '14', '15', '16', '17', '18', '19', '20', '34', '35'], '7': ['0', '1', '2', '3'], '8': ['4', '5', '6', '7', '8', '9', '10', '11', '12', '13', '14', '15', '16', '17', '18', '19', '20']}
 Actual mutation of  1   []
 Actual mutation of  2   ['23', '25', '24', '26', '22', '28', '29', '21', '27']
 Actual mutation of  3   ['33', '32', '30', '31']
 Actual mutation of  4   ['35', '34']
 Actual mutation of  5   []
 Actual mutation of  6   []
 Updated node mutation  {'1': [], '2': ['23', '25', '24', '26', '22', '28', '29', '21', '27'], '3': ['33', '32', '30', '31'], '4': ['35', '34'], '5': [], '6': [], '7': ['0', '1', '2', '3'], '8': ['4', '5', '6', '7', '8', '9', '10', '11', '12', '13', '14', '15', '16', '17', '18', '19', '20']}
{'1': ['0', '1', '2', '3'], '2': ['0', '1', '2', '3', '21', '22', '23', '24', '25', '26', '27', '28', '29'], '3': ['4', '5', '6', '7', '8', '9', '10', '11', '12', '13', '14', '15', '16', '17', '18', '19', '20', '30', '31', '32', '33'], '4': ['4', '5', '6', '7', '8', '9', '10', '11', '12', '13', '14', '15', '16', '17', '18', '19', '20', '34', '35'], '5': ['0', '1', '2', '3'], '6': ['4', '5', '6', '7', '8', '9', '10', '11', '12', '13', '14', '15', '16', '17', '18', '19', '20', '34', '35'], '7': ['0', '1', '2', '3'], '8': ['4', '5', '6', '7', '8', '9', '10', '11', '12', '13', '14', '15', '16', '17', '18', '19', '20']}
 Actual mutation of  1   []
 Actual mutation of  2   ['23', '25', '24', '26', '22', '28', '29', '21', '27']
 Actual mutation of  3   ['33', '32', '30', '31']
 Actual mutation of  4   ['35', '34']
 Actual mutation of  5   []
 Actual mutation of  6   []
 Updated node mutation  {'1': [], '2': ['23', '25', '24', '26', '22', '28', '29', '21', '27'], '3': ['33', '32', '30', '31'], '4': ['35', '34'], '5': [], '6': [], '7': ['0', '1', '2', '3'], '8': ['4', '5', '6', '7', '8', '9', '10', '11', '12', '13', '14', '15', '16', '17', '18', '19', '20']}
{'1': ['0', '1', '2', '3'], '2': ['0', '1', '2', '3', '21', '22', '23', '24', '25', '26', '27', '28', '29'], '3': ['4', '5', '6', '7', '8', '9', '10', '11', '12', '13', '14', '15', '16', '17', '18', '19', '20', '30', '31', '32', '33'], '4': ['4', '5', '6', '7', '8', '9', '10', '11', '12', '13', '14', '15', '16', '17', '18', '19', '20', '34', '35'], '5': ['0', '1', '2', '3'], '6': ['4', '5', '6', '7', '8', '9', '10', '11', '12', '13', '14', '15', '16', '17', '18', '19', '20', '34', '35'], '7': ['0', '1', '2', '3'], '8': ['4', '5', '6', '7', '8', '9', '10', '11', '12', '13', '14', '15', '16', '17', '18', '19', '20']}
 Actual mutation of  1   []
 Actual mutation of  2   ['23', '25', '24', '26', '22', '28', '29', '21', '27']
 Actual mutation of  3   ['33', '32', '30', '31']
 Actual mutation of  4   ['35', '34']
 Actual mutation of  5   []
 Actual mutation of  6   []
 Updated node mutation  {'1': [], '2': ['23', '25', '24', '26', '22', '28', '29', '21', '27'], '3': ['33', '32', '30', '31'], '4': ['35', '34'], '5': [], '6': [], '7': ['0', '1', '2', '3'], '8': ['4', '5', '6', '7', '8', '9', '10', '11', '12', '13', '14', '15', '16', '17', '18', '19', '20']}
{'1': ['0', '1', '2', '3'], '2': ['0', '1', '2', '3', '21', '22', '23', '24', '25', '26', '27', '28', '29'], '3': ['4', '5', '6', '7', '8', '9', '10', '11', '12', '13', '14', '15', '16', '17', '18', '19', '20', '30', '31', '32', '33'], '4': ['4', '5', '6', '7', '8', '9', '10', '11', '12', '13', '14', '15', '16', '17', '18', '19', '20', '34', '35'], '5': ['0', '1', '2', '3'], '6': ['4', '5', '6', '7', '8', '9', '10', '11', '12', '13', '14', '15', '16', '17', '18', '19', '20', '34', '35'], '7': ['0', '1', '2', '3'], '8': ['4', '5', '6', '7', '8', '9', '10', '11', '12', '13', '14', '15', '16', '17', '18', '19', '20']}
 Actual mutation of  1   []
 Actual mutation of  2   ['23', '25', '24', '26', '22', '28', '29', '21', '27']
 Actual mutation of  3   ['33', '32', '30', '31']
 Actual mutation of  4   ['35', '34']
 Actual mutation of  5   []
 Actual mutation of  6   []
 Updated node mutation  {'1': [], '2': ['23', '25', '24', '26', '22', '28', '29', '21', '27'], '3': ['33', '32', '30', '31'], '4': ['35', '34'], '5': [], '6': [], '7': ['0', '1', '2', '3'], '8': ['4', '5', '6', '7', '8', '9', '10', '11', '12', '13', '14', '15', '16', '17', '18', '19', '20']}
{'1': ['0', '1', '2', '3'], '2': ['0', '1', '2', '3', '21', '22', '23', '24', '25', '26', '27', '28', '29'], '3': ['4', '5', '6', '7', '8', '9', '10', '11', '12', '13', '14', '15', '16', '17', '18', '19', '20', '30', '31', '32', '33'], '4': ['4', '5', '6', '7', '8', '9', '10', '11', '12', '13', '14', '15', '16', '17', '18', '19', '20', '34', '35'], '5': ['0', '1', '2', '3'], '6': ['4', '5', '6', '7', '8', '9', '10', '11', '12', '13', '14', '15', '16', '17', '18', '19', '20', '34', '35'], '7': ['0', '1', '2', '3'], '8': ['4', '5', '6', '7', '8', '9', '10', '11', '12', '13', '14', '15', '16', '17', '18', '19', '20']}
 Actual mutation of  1   []
 Actual mutation of  2   ['23', '25', '24', '26', '22', '28', '29', '21', '27']
 Actual mutation of  3   ['33', '32', '30', '31']
 Actual mutation of  4   ['35', '34']
 Actual mutation of  5   []
 Actual mutation of  6   []
 Updated node mutation  {'1': [], '2': ['23', '25', '24', '26', '22', '28', '29', '21', '27'], '3': ['33', '32', '30', '31'], '4': ['35', '34'], '5': [], '6': [], '7': ['0', '1', '2', '3'], '8': ['4', '5', '6', '7', '8', '9', '10', '11', '12', '13', '14', '15', '16', '17', '18', '19', '20']}
 Parallel mutation count  {'m1': 0, 'm2': 0, 'm3': 0, 'm4': 0, 'm5': 0}
 Clusters with least parallel mutations  ['m1', 'm2', 'm3', 'm4', 'm5']
 Cluster nos for each run  {'m1': 4, 'm2': 4, 'm3': 4, 'm4': 4, 'm5': 4}
 Run  m1
 Base path  ['bp1', 'rep3', 'm1', 'tree.csv']
 Best tree path  bp1_rep3_m1_tree.csv
