8
 Total estimated FP  71  True negatives  8075
 Total estimated FN  1500  True positives  6194
 Estimated FP rate  0.01133
 Estimated FN rate  0.16
 No. of Cells in each cluster  {'0_2': 40, '0_3': 54, '6_2': 1, '5_2': 1, '5_3': 173, '4_3': 1, '7_3': 1, '1_2': 58, '1_3': 271}
 Cells in each cluster  {'0_2': [0, 2, 3, 5, 6, 7, 8, 9, 10, 11, 12, 13, 14, 15, 16, 17, 18, 19, 20, 21, 22, 23, 24, 25, 27, 30, 31, 32, 33, 34, 35, 36, 37, 38, 39, 40, 42, 57, 80, 99], '0_3': [125, 129, 137, 142, 206, 233, 238, 244, 249, 257, 269, 273, 290, 312, 316, 326, 332, 340, 356, 371, 377, 379, 383, 389, 390, 396, 397, 398, 399, 400, 401, 402, 403, 404, 405, 406, 407, 408, 409, 410, 411, 412, 414, 415, 416, 417, 418, 419, 420, 422, 423, 424, 425, 426], '6_2': [26], '5_2': [83], '5_3': [395, 427, 428, 429, 430, 431, 432, 433, 434, 435, 436, 437, 438, 439, 440, 441, 442, 443, 444, 445, 446, 447, 448, 449, 450, 451, 452, 453, 454, 455, 456, 457, 458, 459, 460, 461, 462, 463, 464, 465, 466, 467, 468, 469, 470, 471, 472, 473, 474, 475, 476, 477, 478, 479, 480, 481, 482, 483, 484, 485, 486, 487, 488, 489, 490, 491, 492, 493, 494, 495, 496, 497, 498, 499, 500, 501, 502, 503, 504, 505, 506, 507, 508, 509, 510, 511, 512, 513, 514, 515, 516, 517, 518, 519, 521, 522, 523, 524, 525, 526, 527, 528, 529, 530, 531, 532, 533, 534, 535, 536, 537, 538, 539, 540, 541, 542, 543, 544, 545, 546, 547, 548, 549, 550, 551, 552, 553, 554, 555, 556, 557, 558, 559, 560, 561, 562, 563, 564, 565, 566, 567, 568, 569, 570, 571, 572, 573, 574, 575, 576, 577, 578, 579, 580, 581, 582, 583, 584, 585, 586, 587, 588, 589, 590, 591, 592, 593, 594, 595, 596, 597, 598, 599], '4_3': [146], '7_3': [520], '1_2': [1, 28, 29, 41, 43, 44, 45, 46, 47, 48, 49, 50, 51, 52, 53, 54, 55, 56, 58, 60, 61, 62, 63, 64, 65, 66, 67, 68, 70, 71, 72, 73, 74, 75, 77, 78, 79, 81, 82, 84, 85, 86, 87, 88, 89, 90, 91, 93, 94, 95, 96, 97, 98, 59, 92, 4, 69, 76], '1_3': [100, 101, 102, 103, 104, 105, 106, 107, 108, 109, 110, 111, 112, 113, 114, 115, 116, 118, 119, 120, 121, 122, 123, 124, 126, 127, 128, 130, 131, 132, 133, 134, 136, 138, 139, 140, 141, 143, 144, 145, 147, 148, 149, 150, 151, 152, 153, 157, 158, 159, 160, 161, 163, 164, 166, 167, 168, 169, 170, 171, 172, 174, 175, 176, 177, 178, 179, 180, 181, 182, 184, 185, 186, 187, 188, 189, 190, 191, 192, 193, 194, 195, 196, 197, 198, 199, 200, 201, 202, 203, 204, 205, 207, 208, 209, 210, 211, 212, 213, 214, 215, 216, 217, 218, 219, 220, 221, 222, 223, 224, 225, 226, 227, 228, 229, 230, 231, 232, 234, 235, 236, 237, 239, 240, 241, 242, 245, 246, 247, 248, 250, 251, 252, 253, 254, 256, 258, 260, 261, 262, 263, 264, 265, 266, 267, 268, 270, 271, 272, 274, 275, 276, 277, 278, 279, 280, 281, 284, 285, 286, 287, 288, 289, 291, 292, 293, 294, 295, 296, 297, 298, 299, 300, 301, 302, 303, 304, 305, 306, 307, 308, 309, 310, 311, 313, 314, 315, 317, 318, 319, 320, 321, 322, 323, 324, 325, 327, 329, 330, 331, 333, 334, 335, 337, 338, 339, 341, 342, 343, 344, 345, 346, 347, 348, 349, 350, 351, 352, 353, 354, 355, 357, 358, 359, 360, 361, 362, 363, 364, 365, 367, 368, 369, 370, 372, 373, 374, 375, 378, 380, 381, 382, 385, 386, 388, 391, 392, 393, 394, 413, 117, 154, 155, 243, 283, 384, 387, 421, 135, 156, 162, 165, 173, 183, 255, 259, 282, 328, 336, 366, 376]}
FP rate  0.01133 FN rate  0.16
 Before reassigning cells 
 Timepoint  2
 Cluster  0  # of cells  42
 Cluster  6  # of cells  1
 Cluster  1  # of cells  53
 Timepoint  3
 Cluster  0  # of cells  55
 Cluster  5  # of cells  173
 Cluster  4  # of cells  1
 Cluster  7  # of cells  1
 Cluster  1  # of cells  260
 Cells absent at timepoint  2   {1, 28, 29, 47}
 Missing cell prob  {'6': 3.6401712397855603e-07, '0': 0.006367446592132027, '1': 0.006367446592132027}
 Missing cell prob  {'6': 5.713416231232679e-09, '0': 0.0011991054137606041, '1': 0.0011991054137606041}
 Missing cell prob  {'6': 1.4626345551955657e-10, '0': 3.069709859227147e-05, '1': 3.069709859227147e-05}
 Missing cell prob  {'6': 2.0142943552659014e-10, '0': 0.11967310480114465, '1': 0.11967310480114465}
 Cells absent at timepoint  3   {194, 259, 101, 136, 105, 264, 265, 336, 220, 350}
 Missing cell prob  {'0': 0.004441966094734781, '1': 0.004441966094734781, '5': 2.089893960003693e-09, '4': 2.8547255601841014e-10, '7': 1.8346511094779117e-17}
 Missing cell prob  {'0': 8.14467530777227e-06, '1': 8.14467530777227e-06, '5': 2.841006081144328e-10, '4': 3.2344040596885883e-12, '7': 1.142568246114399e-15}
 Missing cell prob  {'0': 0.001226746002134089, '1': 0.001226746002134089, '5': 2.2037707270447106e-08, '4': 2.3212058138655696e-15, '7': 7.883948444129087e-11}
 Missing cell prob  {'0': 0.15429710545365896, '1': 0.15429710545365896, '5': 2.7718488071285106e-06, '4': 1.5035924911833374e-13, '7': 3.9379246427800624e-15}
 Missing cell prob  {'0': 0.15082053999377934, '1': 0.15082053999377934, '5': 4.384710016229991e-07, '4': 2.115772002528763e-11, '7': 7.47406279950066e-15}
 Missing cell prob  {'0': 0.12243169048612744, '1': 0.12243169048612744, '5': 3.5593789784908255e-07, '4': 3.749052057562871e-14, '7': 8.183530796724476e-17}
 Missing cell prob  {'0': 0.14742230722433672, '1': 0.14742230722433672, '5': 4.285915347663823e-07, '4': 2.7894732571152316e-13, '7': 9.853943750219118e-17}
 Missing cell prob  {'0': 3.824834236735134e-05, '1': 3.824834236735134e-05, '5': 1.1119698277783419e-10, '4': 1.1261143487046758e-09, '7': 1.1261143487046758e-09}
 Missing cell prob  {'0': 0.005288054874684261, '1': 0.005288054874684261, '5': 2.4879690000043954e-09, '4': 1.0005872199953257e-14, '7': 1.0005872199953254e-14}
 Missing cell prob  {'0': 0.029726728684309214, '1': 0.029726728684309214, '5': 3.2998200084863213e-06, '4': 2.576836523437726e-11, '7': 1.6560597111700453e-18}
 Timepoint  2
 Timepoint  3
 After reassigning and merging cells 
 Timepoint  2
 Cluster  0  # of cells  46
 Cluster  6  # of cells  1
 Cluster  1  # of cells  53
 Timepoint  3
 Cluster  0  # of cells  65
 Cluster  5  # of cells  173
 Cluster  4  # of cells  1
 Cluster  7  # of cells  1
 Cluster  1  # of cells  260
 Tp cluster cell dict  {'0_2': 46, '6_2': 1, '1_2': 53, '0_3': 65, '5_3': 173, '4_3': 1, '7_3': 1, '1_3': 260}
 New Graph is here 
 ID  0  Timepoint  1  Mutations  []  Type  subclone
 ID  1  Timepoint  2  Mutations  [0, 1, 2, 3, 4, 5, 6, 7, 8, 9, 10, 11]  Type  subclone
 ID  2  Timepoint  2  Mutations  [0, 4, 5, 6, 7, 9, 10, 11, 23, 24, 29, 32]  Type  subclone
 ID  3  Timepoint  2  Mutations  [0, 1, 2, 3, 4, 5, 6, 7, 8, 9, 10, 11, 21, 22]  Type  subclone
 ID  4  Timepoint  3  Mutations  [0, 1, 2, 3, 4, 5, 6, 7, 8, 9, 10, 11]  Type  subclone
 ID  5  Timepoint  3  Mutations  [0, 1, 2, 3, 4, 5, 6, 7, 8, 9, 10, 11, 23, 24, 25, 26, 27, 28, 29, 30, 31, 32]  Type  subclone
 ID  6  Timepoint  3  Mutations  [0, 1, 5, 9, 10, 11, 17, 23, 26, 30]  Type  subclone
 ID  7  Timepoint  3  Mutations  [0, 3, 4, 9, 10, 17, 21, 24, 25, 26, 27, 30]  Type  subclone
 ID  8  Timepoint  3  Mutations  [0, 1, 2, 3, 4, 5, 6, 7, 8, 9, 10, 11, 21, 22]  Type  subclone
Timepoints  SortedDict({1: [0], 2: [1, 2, 3], 3: [4, 5, 6, 7, 8]})
 Clone to nodes  {'0_2': 1, '6_2': 2, '1_2': 3, '0_3': 4, '5_3': 5, '4_3': 6, '7_3': 7, '1_3': 8}
 Timepoint ====  1
 Hash table  {'0,1,2': [0, 4, 5, 6, 7, 9, 10, 11], '0,2': [1, 2, 3, 8], '1': [23, 24, 29, 32], '2': [21, 22]}
 Final possible usc  [[0, 4, 5, 6, 7, 9, 10, 11], [1, 2, 3, 8], [23, 24, 29, 32], [21, 22]]
 Time  1  USC keys  {'0,4,5,6,7,9,10,11_0', '23,24,29,32_0', '21,22_0', '1,2,3,8_0'}
 USC children  {'0,4,5,6,7,9,10,11_0': [1, 2, 3], '1,2,3,8_0': [1, 3], '23,24,29,32_0': [2], '21,22_0': [3]}
 USC children  {'0,4,5,6,7,9,10,11_0': [1, 2, 3], '1,2,3,8_0': [1, 3], '23,24,29,32_0': [2], '21,22_0': [3]}
 Timepoint ====  2
 Hash table  {'0,1,2': [0, 9, 10, 26, 30], '0,1': [1, 5, 11, 23], '0': [2, 6, 7, 8, 28, 29, 31, 32], '0,2': [3, 4, 24, 25, 27], '1,2': [17], '2': [21]}
====== Inside find superset of t nodes ==========
 Final possible usc  []
 Time  2  USC keys  set()
 USC children  {'0,4,5,6,7,9,10,11_0': [1, 2, 3], '1,2,3,8_0': [1, 3], '23,24,29,32_0': [2], '21,22_0': [3]}
 USC children  {'0,4,5,6,7,9,10,11_0': [1, 2, 3], '1,2,3,8_0': [1, 3], '23,24,29,32_0': [2], '21,22_0': [3]}
 Node s  {'1,2,3': ['0', '4', '5', '6', '7', '9', '10', '11']}
 Enroll USC nodes  ['1', '2', '3']  len  3
 Node TP  SortedDict({1: [0], 2: [1, 2, 3], 3: [4, 5, 6, 7, 8]})
 Unobserved subclones at timepoints  {1.5: [9]}
 ============== Inside finding node v ============ 
 Time  2
 Time  3
 largest_v_mut  [[0, 1, 2, 3, 4, 5, 6, 7, 8, 9, 10, 11], [0, 32, 4, 5, 6, 7, 9, 10, 11, 23, 24, 29]]
 largest_v_mut  []
 largest_v_mut  []
 Sorted all timepoints  [1, 1.5, 2, 3]
 Timepoint  2
 Inside usc_node check  2
 Timepoint  3
 Node  6  has no parent 
 USC nodes  []
 Node with minimum mutation sets  {1: 6, 2: 6, 3: 8}
 Node  7  has no parent 
 USC nodes  []
 Node with minimum mutation sets  {1: 7, 2: 7, 3: 8}
0   1   [-1]   subclone   []   []
1   2   [9]   subclone   [0, 1, 2, 3, 4, 5, 6, 7, 8, 9, 10, 11]   [4]
2   2   [9]   subclone   [0, 4, 5, 6, 7, 9, 10, 11, 23, 24, 29, 32]   [4]
3   2   [9]   subclone   [0, 1, 2, 3, 4, 5, 6, 7, 8, 9, 10, 11, 21, 22]   [6]
4   3   [1]   subclone   [0, 1, 2, 3, 4, 5, 6, 7, 8, 9, 10, 11]   [0]
5   3   [2]   subclone   [0, 1, 2, 3, 4, 5, 6, 7, 8, 9, 10, 11, 23, 24, 25, 26, 27, 28, 29, 30, 31, 32]   [10]
6   3   [1]   subclone   [0, 1, 5, 9, 10, 11, 17, 23, 26, 30]   [4]
7   3   [1]   subclone   [0, 3, 4, 9, 10, 17, 21, 24, 25, 26, 27, 30]   [7]
8   3   [3]   subclone   [0, 1, 2, 3, 4, 5, 6, 7, 8, 9, 10, 11, 21, 22]   [0]
9   1.5   [0]   unobserved subclone   [0, 4, 5, 6, 7, 9, 10, 11]   [8]
8
 Total estimated FP  68  True negatives  8080
 Total estimated FN  1495  True positives  6197
 Estimated FP rate  0.01085
 Estimated FN rate  0.16
 No. of Cells in each cluster  {'3_2': 40, '3_3': 52, '6_2': 1, '2_2': 1, '2_3': 173, '7_2': 1, '7_3': 4, '5_3': 1, '4_3': 1, '1_2': 57, '1_3': 269}
 Cells in each cluster  {'3_2': [0, 2, 3, 5, 6, 7, 8, 9, 10, 11, 12, 13, 14, 15, 16, 17, 18, 19, 20, 21, 22, 23, 24, 25, 27, 30, 31, 32, 33, 34, 35, 36, 37, 38, 39, 40, 42, 57, 80, 99], '3_3': [125, 129, 137, 142, 206, 233, 238, 244, 249, 257, 269, 273, 290, 312, 316, 326, 332, 340, 356, 371, 377, 379, 383, 389, 390, 396, 397, 399, 400, 401, 402, 403, 404, 405, 407, 408, 409, 410, 411, 412, 414, 415, 416, 417, 418, 419, 420, 422, 423, 424, 425, 426], '6_2': [26], '2_2': [83], '2_3': [395, 427, 428, 429, 430, 431, 432, 433, 434, 435, 436, 437, 438, 439, 440, 441, 442, 443, 444, 445, 446, 447, 448, 449, 450, 451, 452, 453, 454, 455, 456, 457, 458, 459, 460, 461, 462, 463, 464, 465, 466, 467, 468, 469, 470, 471, 472, 473, 474, 475, 476, 477, 478, 479, 480, 481, 482, 483, 484, 485, 486, 487, 488, 489, 490, 491, 492, 493, 494, 495, 496, 497, 498, 499, 500, 501, 502, 503, 504, 505, 506, 507, 508, 509, 510, 511, 512, 513, 514, 515, 516, 517, 518, 519, 521, 522, 523, 524, 525, 526, 527, 528, 529, 530, 531, 532, 533, 534, 535, 536, 537, 538, 539, 540, 541, 542, 543, 544, 545, 546, 547, 548, 549, 550, 551, 552, 553, 554, 555, 556, 557, 558, 559, 560, 561, 562, 563, 564, 565, 566, 567, 568, 569, 570, 571, 572, 573, 574, 575, 576, 577, 578, 579, 580, 581, 582, 583, 584, 585, 586, 587, 588, 589, 590, 591, 592, 593, 594, 595, 596, 597, 598, 599], '7_2': [92], '7_3': [117, 384, 387, 406], '5_3': [146], '4_3': [520], '1_2': [1, 28, 29, 41, 43, 44, 45, 46, 47, 48, 49, 50, 51, 52, 53, 54, 55, 56, 58, 59, 60, 61, 62, 63, 64, 65, 66, 67, 68, 70, 71, 72, 73, 74, 75, 76, 77, 78, 79, 81, 82, 84, 85, 86, 87, 88, 89, 90, 91, 93, 94, 95, 96, 97, 98, 4, 69], '1_3': [100, 101, 102, 103, 104, 105, 106, 107, 108, 109, 110, 111, 112, 113, 114, 115, 116, 118, 119, 120, 121, 122, 123, 124, 126, 127, 128, 130, 131, 132, 133, 136, 138, 139, 140, 141, 143, 144, 145, 147, 148, 149, 150, 151, 152, 153, 154, 155, 157, 158, 159, 160, 161, 162, 163, 164, 166, 167, 168, 169, 170, 171, 172, 174, 175, 176, 177, 178, 179, 180, 182, 184, 185, 186, 187, 188, 189, 190, 191, 192, 193, 194, 195, 196, 197, 198, 199, 200, 201, 202, 203, 204, 205, 207, 210, 211, 212, 213, 214, 215, 216, 217, 218, 219, 220, 221, 222, 223, 224, 225, 226, 227, 228, 229, 230, 231, 232, 234, 235, 236, 237, 239, 240, 241, 242, 243, 245, 246, 247, 248, 250, 251, 252, 254, 255, 256, 258, 259, 260, 261, 262, 263, 264, 265, 266, 267, 268, 270, 271, 272, 274, 275, 276, 277, 278, 279, 280, 281, 283, 284, 285, 286, 287, 288, 289, 291, 292, 293, 294, 295, 296, 297, 298, 299, 300, 301, 302, 303, 304, 305, 307, 308, 309, 310, 311, 313, 314, 315, 318, 319, 320, 321, 322, 323, 324, 325, 327, 329, 330, 331, 333, 334, 335, 337, 338, 339, 341, 342, 343, 344, 345, 346, 347, 348, 349, 350, 351, 353, 354, 355, 357, 358, 359, 360, 361, 362, 363, 364, 365, 366, 367, 368, 369, 370, 372, 373, 374, 375, 378, 380, 381, 382, 385, 386, 388, 391, 392, 393, 394, 421, 134, 135, 156, 165, 173, 181, 183, 208, 209, 253, 282, 306, 317, 328, 336, 352, 376, 398, 413]}
FP rate  0.01085 FN rate  0.16
 Before reassigning cells 
 Timepoint  2
 Cluster  3  # of cells  42
 Cluster  6  # of cells  1
 Cluster  7  # of cells  3
 Cluster  1  # of cells  48
 Timepoint  3
 Cluster  3  # of cells  53
 Cluster  2  # of cells  173
 Cluster  7  # of cells  15
 Cluster  5  # of cells  1
 Cluster  4  # of cells  1
 Cluster  1  # of cells  239
 Cells absent at timepoint  3   {194, 259, 101, 357, 136, 105, 264, 203, 265, 297, 334, 336, 278, 247, 406, 220, 381, 350}
 Missing cell prob  {'1': 0.00447659726627799, '5': 5.113052343334948e-10, '3': 0.00447659726627799, '2': 2.0980249267418584e-09, '4': 3.723897356790898e-19, '7': 1.20811077212566e-07}
 Missing cell prob  {'1': 7.856617150339776e-06, '5': 5.547661792518418e-12, '3': 7.856617150339776e-06, '2': 2.8506753288591806e-10, '4': 8.18450922534587e-21, '7': 1.310800187756342e-09}
 Missing cell prob  {'1': 0.0012351105716295139, '5': 1.822168373972737e-12, '3': 0.0012351105716295139, '2': 2.2123447441111614e-08, '4': 8.721279905395804e-10, '7': 1.5953511550214553e-05}
 Missing cell prob  {'1': 0.004625530608648202, '5': 1.2483037947595082e-07, '3': 0.00036936367616634237, '2': 1.0701852852307828e-09, '4': 7.0386164757892465e-15, '7': 0.004625530608648202}
 Missing cell prob  {'1': 0.15512313361256508, '5': 1.1297803903571554e-10, '3': 0.15512313361256508, '2': 2.7785840168547634e-06, '4': 6.1761518678309895e-15, '7': 2.5880786701679708e-05}
 Missing cell prob  {'1': 0.15177522309626912, '5': 2.2391518446304394e-10, '3': 0.15177522309626912, '2': 4.3974982084350234e-07, '4': 4.678340473035342e-13, '7': 0.00031710943173326214}
 Missing cell prob  {'1': 0.12338621215178705, '5': 3.803273672397061e-13, '3': 0.12338621215178705, '2': 3.574961945790776e-07, '4': 7.946316456507029e-16, '7': 3.3298553156713506e-06}
 Missing cell prob  {'1': 0.003263774397462172, '5': 2.3770460452481624e-12, '3': 5.445290270765881e-07, '2': 1.577705090567595e-12, '4': 1.0376577960526624e-17, '7': 0.003263774397462172}
 Missing cell prob  {'1': 0.148499568113781, '5': 2.1908258481549883e-10, '3': 0.148499568113781, '2': 4.302590181794825e-07, '4': 9.563666323066015e-16, '7': 0.00031026548797972764}
 Missing cell prob  {'1': 0.0007084841897502199, '5': 6.461822162185881e-12, '3': 5.6574768815193567e-05, '2': 4.2888734696592014e-12, '4': 2.1838414675310596e-15, '7': 0.0007084841897502198}
 Missing cell prob  {'1': 0.027978732914237435, '5': 3.2961224176152757e-12, '3': 4.667979571281628e-06, '2': 3.5387460098297886e-13, '4': 1.8018858178020476e-16, '7': 0.027978732914237435}
 Missing cell prob  {'1': 3.847177353243166e-05, '5': 1.3001944693130874e-08, '3': 3.847177353243166e-05, '2': 1.1146717608636145e-10, '4': 1.300194469313087e-08, '7': 6.223003351553421e-06}
 Missing cell prob  {'1': 0.0031244152767984697, '5': 2.8496635735239728e-11, '3': 0.0002494947304750035, '2': 1.891393200119707e-11, '4': 1.2439706959423802e-16, '7': 0.003124415276798469}
 Missing cell prob  {'1': 0.005329282459854749, '5': 1.0155512776837146e-13, '3': 8.891389659584051e-07, '2': 1.0903047813014372e-14, '4': 2.6571588096620044e-15, '7': 0.005329282459854749}
 Missing cell prob  {'1': 5.44529027076588e-07, '5': 1.469534434785763e-11, '3': 3.3663805445800437e-06, '2': 7.551227372588402e-10, '4': 3.965870224797717e-16, '7': 3.366380544580044e-06}
 Missing cell prob  {'1': 0.005329282459854748, '5': 4.860641353165386e-11, '3': 0.005329282459854748, '2': 2.4976487223117358e-09, '4': 3.43216346248009e-17, '7': 1.438227109673406e-07}
 Missing cell prob  {'1': 0.00102623608241896, '5': 4.479853781719248e-09, '3': 8.194829179340138e-05, '2': 3.8406304757769753e-11, '4': 2.4489942946193604e-13, '7': 0.00102623608241896}
 Missing cell prob  {'1': 0.02987136788682252, '5': 1.684310366156157e-09, '3': 0.02987136788682252, '2': 3.3078381153032914e-06, '4': 7.352561747417846e-15, '7': 4.983747315839661e-06}
 Cells absent at timepoint  2   {1, 47, 51, 28, 29, 95}
 Missing cell prob  {'6': 2.1676711847028617e-06, '1': 0.0064139755151185005, '7': 0.006413975515118499, '3': 0.0064139755151185005}
 Missing cell prob  {'6': 1.1010721577153273e-09, '1': 0.1207232566814533, '7': 0.00025223144161654304, '3': 0.1207232566814533}
 Missing cell prob  {'6': 1.3251783731045256e-09, '1': 0.023502135647959443, '7': 0.023502135647959443, '3': 3.9211028398765676e-06}
 Missing cell prob  {'6': 2.5248665519831563e-06, '1': 0.001208454072529422, '7': 9.649899146124166e-05, '3': 0.001208454072529422}
 Missing cell prob  {'6': 6.46365837307688e-08, '1': 3.0936424256753206e-05, '7': 8.348892065224304e-10, '3': 3.0936424256753206e-05}
 Missing cell prob  {'6': 6.813922044336086e-11, '1': 0.00019547353950837338, '7': 0.00019547353950837338, '3': 2.5248665519831554e-06}
 Timepoint  2
SortedDict({2: {'3': ['0', '2', '3', '4', '5', '6', '7', '8', '9', '10', '11', '12', '13', '14', '15', '16', '17', '18', '19', '20', '21', '22', '23', '24', '25', '27', '30', '31', '32', '33', '34', '35', '36', '37', '38', '39', '40', '42', '57', '80', '83', '99'], '6': ['26'], '7': ['43', '45', '92'], '1': ['41', '44', '46', '48', '49', '50', '52', '53', '54', '55', '56', '58', '59', '60', '61', '62', '63', '64', '65', '66', '67', '68', '69', '70', '71', '72', '73', '74', '75', '76', '77', '78', '79', '81', '82', '84', '85', '86', '87', '88', '89', '90', '91', '93', '94', '96', '97', '98', '1', '47', '51', '28', '29', '95']}, 3: {'3': ['125', '129', '137', '142', '206', '233', '238', '244', '249', '257', '269', '273', '290', '316', '326', '332', '340', '356', '371', '377', '379', '383', '389', '390', '396', '397', '398', '399', '400', '401', '402', '403', '404', '405', '407', '408', '409', '410', '411', '412', '414', '415', '416', '417', '418', '419', '420', '421', '422', '423', '424', '425', '426'], '2': ['395', '427', '428', '429', '430', '431', '432', '433', '434', '435', '436', '437', '438', '439', '440', '441', '442', '443', '444', '445', '446', '447', '448', '449', '450', '451', '452', '453', '454', '455', '456', '457', '458', '459', '460', '461', '462', '463', '464', '465', '466', '467', '468', '469', '470', '471', '472', '473', '474', '475', '476', '477', '478', '479', '480', '481', '482', '483', '484', '485', '486', '487', '488', '489', '490', '491', '492', '493', '494', '495', '496', '497', '498', '499', '500', '501', '502', '503', '504', '505', '506', '507', '508', '509', '510', '511', '512', '513', '514', '515', '516', '517', '518', '519', '521', '522', '523', '524', '525', '526', '527', '528', '529', '530', '531', '532', '533', '534', '535', '536', '537', '538', '539', '540', '541', '542', '543', '544', '545', '546', '547', '548', '549', '550', '551', '552', '553', '554', '555', '556', '557', '558', '559', '560', '561', '562', '563', '564', '565', '566', '567', '568', '569', '570', '571', '572', '573', '574', '575', '576', '577', '578', '579', '580', '581', '582', '583', '584', '585', '586', '587', '588', '589', '590', '591', '592', '593', '594', '595', '596', '597', '598', '599'], '7': ['117', '140', '160', '171', '192', '245', '296', '302', '312', '330', '342', '345', '366', '384', '387', '406'], '5': ['146'], '4': ['520'], '1': ['100', '102', '103', '104', '106', '107', '108', '109', '110', '111', '112', '113', '114', '115', '116', '118', '119', '120', '121', '122', '123', '124', '126', '127', '128', '130', '131', '132', '133', '134', '135', '138', '139', '141', '143', '144', '145', '147', '148', '149', '150', '151', '152', '153', '154', '155', '156', '157', '158', '159', '161', '162', '163', '164', '165', '166', '167', '168', '169', '170', '172', '173', '174', '175', '176', '177', '178', '179', '180', '181', '182', '183', '184', '185', '186', '187', '188', '189', '190', '191', '193', '195', '196', '197', '198', '199', '200', '201', '202', '204', '205', '207', '208', '209', '210', '211', '212', '213', '214', '215', '216', '217', '218', '219', '221', '222', '223', '224', '225', '226', '227', '228', '229', '230', '231', '232', '234', '235', '236', '237', '239', '240', '241', '242', '243', '246', '248', '250', '251', '252', '253', '254', '255', '256', '258', '260', '261', '262', '263', '266', '267', '268', '270', '271', '272', '274', '275', '276', '277', '279', '280', '281', '282', '283', '284', '285', '286', '287', '288', '289', '291', '292', '293', '294', '295', '298', '299', '300', '301', '303', '304', '305', '306', '307', '308', '309', '310', '311', '313', '314', '315', '317', '318', '319', '320', '321', '322', '323', '324', '325', '327', '328', '329', '331', '333', '335', '337', '338', '339', '341', '343', '344', '346', '347', '348', '349', '351', '352', '353', '354', '355', '358', '359', '360', '361', '362', '363', '364', '365', '367', '368', '369', '370', '372', '373', '374', '375', '376', '378', '380', '382', '385', '386', '388', '391', '392', '393', '394', '413', '194', '259', '101', '357', '136', '105', '264', '203', '265', '297', '334', '336', '278', '247', '220', '381', '350']}})
 Cluster1  7
 Cluster to drop  1
 Timepoint  3
SortedDict({2: {'3': ['0', '2', '3', '4', '5', '6', '7', '8', '9', '10', '11', '12', '13', '14', '15', '16', '17', '18', '19', '20', '21', '22', '23', '24', '25', '27', '30', '31', '32', '33', '34', '35', '36', '37', '38', '39', '40', '42', '57', '80', '83', '99'], '6': ['26'], '7': ['43', '45', '92', '41', '44', '46', '48', '49', '50', '52', '53', '54', '55', '56', '58', '59', '60', '61', '62', '63', '64', '65', '66', '67', '68', '69', '70', '71', '72', '73', '74', '75', '76', '77', '78', '79', '81', '82', '84', '85', '86', '87', '88', '89', '90', '91', '93', '94', '96', '97', '98', '1', '47', '51', '28', '29', '95']}, 3: {'3': ['125', '129', '137', '142', '206', '233', '238', '244', '249', '257', '269', '273', '290', '316', '326', '332', '340', '356', '371', '377', '379', '383', '389', '390', '396', '397', '398', '399', '400', '401', '402', '403', '404', '405', '407', '408', '409', '410', '411', '412', '414', '415', '416', '417', '418', '419', '420', '421', '422', '423', '424', '425', '426'], '2': ['395', '427', '428', '429', '430', '431', '432', '433', '434', '435', '436', '437', '438', '439', '440', '441', '442', '443', '444', '445', '446', '447', '448', '449', '450', '451', '452', '453', '454', '455', '456', '457', '458', '459', '460', '461', '462', '463', '464', '465', '466', '467', '468', '469', '470', '471', '472', '473', '474', '475', '476', '477', '478', '479', '480', '481', '482', '483', '484', '485', '486', '487', '488', '489', '490', '491', '492', '493', '494', '495', '496', '497', '498', '499', '500', '501', '502', '503', '504', '505', '506', '507', '508', '509', '510', '511', '512', '513', '514', '515', '516', '517', '518', '519', '521', '522', '523', '524', '525', '526', '527', '528', '529', '530', '531', '532', '533', '534', '535', '536', '537', '538', '539', '540', '541', '542', '543', '544', '545', '546', '547', '548', '549', '550', '551', '552', '553', '554', '555', '556', '557', '558', '559', '560', '561', '562', '563', '564', '565', '566', '567', '568', '569', '570', '571', '572', '573', '574', '575', '576', '577', '578', '579', '580', '581', '582', '583', '584', '585', '586', '587', '588', '589', '590', '591', '592', '593', '594', '595', '596', '597', '598', '599'], '7': ['117', '140', '160', '171', '192', '245', '296', '302', '312', '330', '342', '345', '366', '384', '387', '406'], '5': ['146'], '4': ['520'], '1': ['100', '102', '103', '104', '106', '107', '108', '109', '110', '111', '112', '113', '114', '115', '116', '118', '119', '120', '121', '122', '123', '124', '126', '127', '128', '130', '131', '132', '133', '134', '135', '138', '139', '141', '143', '144', '145', '147', '148', '149', '150', '151', '152', '153', '154', '155', '156', '157', '158', '159', '161', '162', '163', '164', '165', '166', '167', '168', '169', '170', '172', '173', '174', '175', '176', '177', '178', '179', '180', '181', '182', '183', '184', '185', '186', '187', '188', '189', '190', '191', '193', '195', '196', '197', '198', '199', '200', '201', '202', '204', '205', '207', '208', '209', '210', '211', '212', '213', '214', '215', '216', '217', '218', '219', '221', '222', '223', '224', '225', '226', '227', '228', '229', '230', '231', '232', '234', '235', '236', '237', '239', '240', '241', '242', '243', '246', '248', '250', '251', '252', '253', '254', '255', '256', '258', '260', '261', '262', '263', '266', '267', '268', '270', '271', '272', '274', '275', '276', '277', '279', '280', '281', '282', '283', '284', '285', '286', '287', '288', '289', '291', '292', '293', '294', '295', '298', '299', '300', '301', '303', '304', '305', '306', '307', '308', '309', '310', '311', '313', '314', '315', '317', '318', '319', '320', '321', '322', '323', '324', '325', '327', '328', '329', '331', '333', '335', '337', '338', '339', '341', '343', '344', '346', '347', '348', '349', '351', '352', '353', '354', '355', '358', '359', '360', '361', '362', '363', '364', '365', '367', '368', '369', '370', '372', '373', '374', '375', '376', '378', '380', '382', '385', '386', '388', '391', '392', '393', '394', '413', '194', '259', '101', '357', '136', '105', '264', '203', '265', '297', '334', '336', '278', '247', '220', '381', '350']}})
 Cluster1  7
 Cluster to drop  1
 After reassigning and merging cells 
 Timepoint  2
 Cluster  3  # of cells  42
 Cluster  6  # of cells  1
 Cluster  7  # of cells  57
 Timepoint  3
 Cluster  3  # of cells  53
 Cluster  2  # of cells  173
 Cluster  7  # of cells  272
 Cluster  5  # of cells  1
 Cluster  4  # of cells  1
 Tp cluster cell dict  {'3_2': 42, '6_2': 1, '7_2': 57, '3_3': 53, '2_3': 173, '7_3': 272, '5_3': 1, '4_3': 1}
 New Graph is here 
 ID  0  Timepoint  1  Mutations  []  Type  subclone
 ID  1  Timepoint  2  Mutations  [0, 1, 2, 3, 4, 5, 6, 7, 8, 9, 10, 11]  Type  subclone
 ID  2  Timepoint  2  Mutations  [0, 4, 5, 6, 7, 8, 9, 10, 11, 23, 24, 29]  Type  subclone
 ID  3  Timepoint  2  Mutations  [0, 1, 2, 3, 4, 5, 6, 7, 8, 9, 10, 11, 21, 22]  Type  subclone
 ID  4  Timepoint  3  Mutations  [0, 1, 2, 3, 4, 5, 6, 7, 8, 9, 10, 11]  Type  subclone
 ID  5  Timepoint  3  Mutations  [0, 1, 2, 3, 4, 5, 6, 7, 8, 9, 10, 11, 23, 24, 25, 26, 27, 28, 29, 30, 31, 32]  Type  subclone
 ID  6  Timepoint  3  Mutations  [0, 1, 2, 3, 4, 5, 6, 7, 8, 9, 10, 11, 21, 22]  Type  subclone
 ID  7  Timepoint  3  Mutations  [0, 1, 3, 5, 6, 9, 10, 11, 17, 23, 26, 27, 30]  Type  subclone
 ID  8  Timepoint  3  Mutations  [3, 4, 7, 9, 10, 11, 14, 17, 24, 25, 26, 27, 30, 31]  Type  subclone
Timepoints  SortedDict({1: [0], 2: [1, 2, 3], 3: [4, 5, 6, 7, 8]})
 Clone to nodes  {'3_2': 1, '6_2': 2, '7_2': 3, '3_3': 4, '2_3': 5, '7_3': 6, '5_3': 7, '4_3': 8}
 Timepoint ====  1
 Hash table  {'0,1,2': [0, 4, 5, 6, 7, 8, 9, 10, 11], '0,2': [1, 2, 3], '1': [23, 24, 29], '2': [21, 22]}
 Final possible usc  [[0, 4, 5, 6, 7, 8, 9, 10, 11], [1, 2, 3], [23, 24, 29], [21, 22]]
 Time  1  USC keys  {'23,24,29_0', '21,22_0', '1,2,3_0', '0,4,5,6,7,8,9,10,11_0'}
 USC children  {'0,4,5,6,7,8,9,10,11_0': [1, 2, 3], '1,2,3_0': [1, 3], '23,24,29_0': [2], '21,22_0': [3]}
 USC children  {'0,4,5,6,7,8,9,10,11_0': [1, 2, 3], '1,2,3_0': [1, 3], '23,24,29_0': [2], '21,22_0': [3]}
 Timepoint ====  2
 Hash table  {'0,1': [0, 1, 5, 6, 23], '0': [2, 8, 28, 29, 32], '0,1,2': [3, 9, 10, 11, 26, 27, 30], '0,2': [4, 7, 24, 25, 31], '1,2': [17], '2': [14]}
====== Inside find superset of t nodes ==========
 Final possible usc  []
 Time  2  USC keys  set()
 USC children  {'0,4,5,6,7,8,9,10,11_0': [1, 2, 3], '1,2,3_0': [1, 3], '23,24,29_0': [2], '21,22_0': [3]}
 USC children  {'0,4,5,6,7,8,9,10,11_0': [1, 2, 3], '1,2,3_0': [1, 3], '23,24,29_0': [2], '21,22_0': [3]}
 Node s  {'1,2,3': ['0', '4', '5', '6', '7', '8', '9', '10', '11']}
 Enroll USC nodes  ['1', '2', '3']  len  3
 Node TP  SortedDict({1: [0], 2: [1, 2, 3], 3: [4, 5, 6, 7, 8]})
 Unobserved subclones at timepoints  {1.5: [9]}
 ============== Inside finding node v ============ 
 Time  2
 Time  3
 largest_v_mut  [[0, 1, 2, 3, 4, 5, 6, 7, 8, 9, 10, 11], [0, 4, 5, 6, 7, 8, 9, 10, 11, 23, 24, 29]]
 largest_v_mut  []
 largest_v_mut  []
 Sorted all timepoints  [1, 1.5, 2, 3]
 Timepoint  2
 Inside usc_node check  2
 Timepoint  3
 Node  7  has no parent 
 USC nodes  []
 Node with minimum mutation sets  {1: 4, 2: 5, 3: 6}
 Node  8  has no parent 
 USC nodes  []
 Node with minimum mutation sets  {1: 6, 2: 6, 3: 8}
0   1   [-1]   subclone   []   []
1   2   [9]   subclone   [0, 1, 2, 3, 4, 5, 6, 7, 8, 9, 10, 11]   [3]
2   2   [9]   subclone   [0, 4, 5, 6, 7, 8, 9, 10, 11, 23, 24, 29]   [3]
3   2   [9]   subclone   [0, 1, 2, 3, 4, 5, 6, 7, 8, 9, 10, 11, 21, 22]   [5]
4   3   [1]   subclone   [0, 1, 2, 3, 4, 5, 6, 7, 8, 9, 10, 11]   [0]
5   3   [1]   subclone   [0, 1, 2, 3, 4, 5, 6, 7, 8, 9, 10, 11, 23, 24, 25, 26, 27, 28, 29, 30, 31, 32]   [10]
6   3   [3]   subclone   [0, 1, 2, 3, 4, 5, 6, 7, 8, 9, 10, 11, 21, 22]   [0]
7   3   [1]   subclone   [0, 1, 3, 5, 6, 9, 10, 11, 17, 23, 26, 27, 30]   [5]
8   3   [1]   subclone   [3, 4, 7, 9, 10, 11, 14, 17, 24, 25, 26, 27, 30, 31]   [8]
9   1.5   [0]   unobserved subclone   [0, 4, 5, 6, 7, 8, 9, 10, 11]   [9]
7
 Total estimated FP  71  True negatives  8076
 Total estimated FN  1499  True positives  6194
 Estimated FP rate  0.01133
 Estimated FN rate  0.16
 No. of Cells in each cluster  {'0_2': 41, '0_3': 55, '5_2': 1, '3_2': 1, '3_3': 173, '4_3': 1, '6_3': 1, '2_2': 57, '2_3': 270}
 Cells in each cluster  {'0_2': [0, 2, 3, 4, 5, 6, 7, 8, 9, 10, 11, 12, 13, 14, 15, 16, 17, 18, 19, 20, 21, 22, 23, 24, 25, 27, 30, 31, 32, 33, 34, 35, 36, 37, 38, 39, 40, 42, 57, 80, 99], '0_3': [125, 129, 137, 142, 206, 233, 238, 244, 249, 257, 269, 273, 290, 312, 316, 326, 332, 336, 340, 356, 371, 377, 379, 383, 389, 390, 396, 397, 398, 399, 400, 401, 402, 403, 404, 405, 406, 407, 408, 409, 410, 411, 412, 414, 415, 416, 417, 418, 419, 420, 422, 423, 424, 425, 426], '5_2': [26], '3_2': [83], '3_3': [395, 427, 428, 429, 430, 431, 432, 433, 434, 435, 436, 437, 438, 439, 440, 441, 442, 443, 444, 445, 446, 447, 448, 449, 450, 451, 452, 453, 454, 455, 456, 457, 458, 459, 460, 461, 462, 463, 464, 465, 466, 467, 468, 469, 470, 471, 472, 473, 474, 475, 476, 477, 478, 479, 480, 481, 482, 483, 484, 485, 486, 487, 488, 489, 490, 491, 492, 493, 494, 495, 496, 497, 498, 499, 500, 501, 502, 503, 504, 505, 506, 507, 508, 509, 510, 511, 512, 513, 514, 515, 516, 517, 518, 519, 521, 522, 523, 524, 525, 526, 527, 528, 529, 530, 531, 532, 533, 534, 535, 536, 537, 538, 539, 540, 541, 542, 543, 544, 545, 546, 547, 548, 549, 550, 551, 552, 553, 554, 555, 556, 557, 558, 559, 560, 561, 562, 563, 564, 565, 566, 567, 568, 569, 570, 571, 572, 573, 574, 575, 576, 577, 578, 579, 580, 581, 582, 583, 584, 585, 586, 587, 588, 589, 590, 591, 592, 593, 594, 595, 596, 597, 598, 599], '4_3': [146], '6_3': [520], '2_2': [1, 28, 29, 41, 43, 44, 45, 46, 47, 48, 49, 50, 51, 52, 53, 54, 55, 56, 58, 59, 60, 61, 62, 63, 64, 65, 66, 67, 68, 69, 70, 71, 72, 73, 74, 75, 76, 77, 78, 79, 81, 82, 84, 85, 86, 87, 88, 89, 90, 91, 93, 94, 95, 96, 97, 98, 92], '2_3': [100, 101, 102, 103, 104, 105, 106, 107, 108, 109, 110, 111, 112, 113, 114, 115, 116, 118, 119, 120, 121, 122, 123, 124, 126, 127, 128, 130, 131, 132, 133, 134, 135, 136, 138, 139, 140, 141, 143, 144, 145, 147, 148, 149, 150, 151, 152, 153, 154, 155, 156, 157, 158, 159, 160, 161, 162, 163, 164, 165, 166, 167, 168, 169, 170, 171, 172, 173, 174, 175, 176, 177, 178, 179, 180, 181, 182, 183, 184, 185, 186, 187, 188, 189, 190, 191, 192, 193, 194, 195, 196, 197, 198, 199, 200, 201, 202, 203, 204, 205, 207, 208, 209, 210, 211, 212, 213, 214, 215, 216, 217, 218, 219, 220, 221, 222, 223, 224, 225, 226, 227, 228, 229, 230, 231, 232, 234, 235, 236, 237, 239, 240, 241, 242, 243, 245, 246, 247, 248, 250, 251, 252, 253, 254, 255, 256, 258, 259, 260, 261, 262, 263, 264, 265, 266, 267, 268, 270, 271, 272, 274, 275, 276, 277, 278, 279, 280, 281, 282, 283, 284, 285, 286, 287, 288, 289, 291, 292, 293, 294, 295, 296, 297, 298, 299, 300, 301, 302, 303, 304, 305, 306, 307, 308, 309, 310, 311, 313, 314, 315, 317, 318, 320, 321, 322, 323, 324, 325, 327, 328, 329, 330, 331, 333, 334, 335, 337, 338, 339, 341, 342, 343, 344, 345, 346, 347, 348, 349, 350, 351, 352, 353, 354, 355, 357, 358, 359, 360, 361, 362, 363, 364, 365, 366, 367, 368, 369, 370, 372, 373, 374, 375, 376, 378, 380, 381, 382, 385, 386, 388, 391, 392, 393, 394, 413, 421, 117, 319, 384, 387]}
FP rate  0.01133 FN rate  0.16
 Before reassigning cells 
 Timepoint  2
 Cluster  0  # of cells  42
 Cluster  5  # of cells  1
 Cluster  2  # of cells  53
 Timepoint  3
 Cluster  0  # of cells  55
 Cluster  3  # of cells  173
 Cluster  4  # of cells  1
 Cluster  6  # of cells  1
 Cluster  2  # of cells  260
 Cells absent at timepoint  3   {194, 259, 101, 136, 105, 264, 265, 336, 220, 350}
 Missing cell prob  {'3': 2.089893960003693e-09, '2': 0.004441966094734781, '6': 4.804970666773516e-19, '0': 0.004441966094734781, '4': 4.619904413297221e-11}
 Missing cell prob  {'3': 2.841006081144328e-10, '2': 8.14467530777227e-06, '6': 2.4940284332874588e-18, '0': 8.14467530777227e-06, '4': 1.4817502977832888e-09}
 Missing cell prob  {'3': 2.2037707270447106e-08, '2': 0.001226746002134089, '6': 5.845116233952721e-09, '0': 0.001226746002134089, '4': 1.063394474666459e-12}
 Missing cell prob  {'3': 2.7718488071285106e-06, '2': 0.15429710545365896, '6': 3.9379246427800624e-15, '0': 0.15429710545365896, '4': 6.88828167551254e-11}
 Missing cell prob  {'3': 4.384710016229991e-07, '2': 0.15082053999377934, '6': 1.2095542981177796e-15, '0': 0.15082053999377934, '4': 1.5686217847521265e-09}
 Missing cell prob  {'3': 3.5593789784908255e-07, '2': 0.12243169048612744, '6': 1.3243700400294496e-17, '0': 0.12243169048612744, '4': 1.7175216516496987e-11}
 Missing cell prob  {'3': 4.285915347663823e-07, '2': 0.14742230722433672, '6': 2.1509451165511457e-19, '0': 0.14742230722433672, '4': 2.0681002082760768e-11}
 Missing cell prob  {'3': 1.1119698277783419e-10, '2': 3.824834236735134e-05, '6': 2.458112427291494e-12, '0': 3.824834236735134e-05, '4': 5.158972845501079e-07}
 Missing cell prob  {'3': 2.4879690000043954e-09, '2': 0.005288054874684261, '6': 1.6192860630872999e-15, '0': 0.005288054874684261, '4': 4.5839059802842774e-12}
 Missing cell prob  {'3': 3.2998200084863213e-06, '2': 0.029726728684309214, '6': 5.624787472645925e-14, '0': 0.029726728684309214, '4': 2.576836523437726e-11}
 Cells absent at timepoint  2   {1, 28, 29, 47}
 Missing cell prob  {'0': 0.006367446592132027, '5': 4.909897636520284e-09, '2': 0.006367446592132027}
 Missing cell prob  {'0': 0.0011991054137606041, '5': 3.5304270158330075e-08, '2': 0.0011991054137606041}
 Missing cell prob  {'0': 3.069709859227147e-05, '5': 6.700644532080584e-08, '2': 3.069709859227147e-05}
 Missing cell prob  {'0': 0.11967310480114465, '5': 2.7168994101384122e-12, '2': 0.11967310480114465}
 Timepoint  2
 Timepoint  3
 After reassigning and merging cells 
 Timepoint  2
 Cluster  0  # of cells  46
 Cluster  5  # of cells  1
 Cluster  2  # of cells  53
 Timepoint  3
 Cluster  0  # of cells  55
 Cluster  3  # of cells  173
 Cluster  4  # of cells  1
 Cluster  6  # of cells  1
 Cluster  2  # of cells  270
 Tp cluster cell dict  {'0_2': 46, '5_2': 1, '2_2': 53, '0_3': 55, '3_3': 173, '4_3': 1, '6_3': 1, '2_3': 270}
 New Graph is here 
 ID  0  Timepoint  1  Mutations  []  Type  subclone
 ID  1  Timepoint  2  Mutations  [0, 1, 2, 3, 4, 5, 6, 7, 8, 9, 10, 11]  Type  subclone
 ID  2  Timepoint  2  Mutations  [0, 4, 5, 6, 7, 8, 9, 10, 19, 21, 24, 29, 32]  Type  subclone
 ID  3  Timepoint  2  Mutations  [0, 1, 2, 3, 4, 5, 6, 7, 8, 9, 10, 11, 21, 22]  Type  subclone
 ID  4  Timepoint  3  Mutations  [0, 1, 2, 3, 4, 5, 6, 7, 8, 9, 10, 11]  Type  subclone
 ID  5  Timepoint  3  Mutations  [0, 1, 2, 3, 4, 5, 6, 7, 8, 9, 10, 11, 23, 24, 25, 26, 27, 28, 29, 30, 31, 32]  Type  subclone
 ID  6  Timepoint  3  Mutations  [0, 1, 3, 5, 9, 10, 11, 15, 17, 23, 32]  Type  subclone
 ID  7  Timepoint  3  Mutations  [3, 7, 8, 9, 10, 13, 17, 21, 24, 25, 26, 27, 30]  Type  subclone
 ID  8  Timepoint  3  Mutations  [0, 1, 2, 3, 4, 5, 6, 7, 8, 9, 10, 11, 21, 22]  Type  subclone
Timepoints  SortedDict({1: [0], 2: [1, 2, 3], 3: [4, 5, 6, 7, 8]})
 Clone to nodes  {'0_2': 1, '5_2': 2, '2_2': 3, '0_3': 4, '3_3': 5, '4_3': 6, '6_3': 7, '2_3': 8}
 Timepoint ====  1
 Hash table  {'0,1,2': [0, 4, 5, 6, 7, 8, 9, 10], '0,2': [1, 2, 3, 11], '1': [19, 24, 29, 32], '1,2': [21], '2': [22]}
 Final possible usc  [[0, 4, 5, 6, 7, 8, 9, 10], [1, 2, 3, 11], [19, 24, 29, 32], [21], [22]]
 Time  1  USC keys  {'0,4,5,6,7,8,9,10_0', '21_0', '22_0', '1,2,3,11_0', '19,24,29,32_0'}
 USC children  {'0,4,5,6,7,8,9,10_0': [1, 2, 3], '1,2,3,11_0': [1, 3], '19,24,29,32_0': [2], '21_0': [2, 3], '22_0': [3]}
 USC children  {'0,4,5,6,7,8,9,10_0': [1, 2, 3], '1,2,3,11_0': [1, 3], '19,24,29,32_0': [2], '21_0': [2, 3], '22_0': [3]}
 Timepoint ====  2
 Hash table  {'0,1': [0, 1, 5, 11, 23, 32], '0': [2, 4, 6, 28, 29, 31], '0,1,2': [3, 9, 10], '0,2': [7, 8, 24, 25, 26, 27, 30], '1': [15], '1,2': [17], '2': [13, 21]}
====== Inside find superset of t nodes ==========
 Final possible usc  []
 Time  2  USC keys  set()
 USC children  {'0,4,5,6,7,8,9,10_0': [1, 2, 3], '1,2,3,11_0': [1, 3], '19,24,29,32_0': [2], '21_0': [2, 3], '22_0': [3]}
 USC children  {'0,4,5,6,7,8,9,10_0': [1, 2, 3], '1,2,3,11_0': [1, 3], '19,24,29,32_0': [2], '21_0': [2, 3], '22_0': [3]}
 Node s  {'1,2,3': ['0', '4', '5', '6', '7', '8', '9', '10']}
 Enroll USC nodes  ['1', '2', '3']  len  3
 Node TP  SortedDict({1: [0], 2: [1, 2, 3], 3: [4, 5, 6, 7, 8]})
 Unobserved subclones at timepoints  {1.5: [9]}
 ============== Inside finding node v ============ 
 Time  2
 Time  3
 largest_v_mut  [[0, 1, 2, 3, 4, 5, 6, 7, 8, 9, 10, 11]]
 largest_v_mut  []
 largest_v_mut  []
 Sorted all timepoints  [1, 1.5, 2, 3]
 Timepoint  2
 Inside usc_node check  2
 Timepoint  3
 Node  6  has no parent 
 USC nodes  []
 Node with minimum mutation sets  {1: 5, 2: 8, 3: 7}
 Node  7  has no parent 
 USC nodes  []
 Node with minimum mutation sets  {1: 7, 2: 7, 3: 8}
0   1   [-1]   subclone   []   []
1   2   [9]   subclone   [0, 1, 2, 3, 4, 5, 6, 7, 8, 9, 10, 11]   [4]
2   2   [9]   subclone   [0, 4, 5, 6, 7, 8, 9, 10, 19, 21, 24, 29, 32]   [5]
3   2   [9]   subclone   [0, 1, 2, 3, 4, 5, 6, 7, 8, 9, 10, 11, 21, 22]   [6]
4   3   [1]   subclone   [0, 1, 2, 3, 4, 5, 6, 7, 8, 9, 10, 11]   [0]
5   3   [1]   subclone   [0, 1, 2, 3, 4, 5, 6, 7, 8, 9, 10, 11, 23, 24, 25, 26, 27, 28, 29, 30, 31, 32]   [10]
6   3   [1]   subclone   [0, 1, 3, 5, 9, 10, 11, 15, 17, 23, 32]   [4]
7   3   [1]   subclone   [3, 7, 8, 9, 10, 13, 17, 21, 24, 25, 26, 27, 30]   [8]
8   3   [3]   subclone   [0, 1, 2, 3, 4, 5, 6, 7, 8, 9, 10, 11, 21, 22]   [0]
9   1.5   [0]   unobserved subclone   [0, 4, 5, 6, 7, 8, 9, 10]   [8]
8
 Total estimated FP  71  True negatives  8076
 Total estimated FN  1499  True positives  6194
 Estimated FP rate  0.01133
 Estimated FN rate  0.16
 No. of Cells in each cluster  {'0_2': 41, '0_3': 54, '6_2': 1, '5_2': 1, '5_3': 173, '4_3': 1, '7_3': 1, '1_2': 57, '1_3': 271}
 Cells in each cluster  {'0_2': [0, 2, 3, 4, 5, 6, 7, 8, 9, 10, 11, 12, 13, 14, 15, 16, 17, 18, 19, 20, 21, 22, 23, 24, 25, 27, 30, 31, 32, 33, 34, 35, 36, 37, 38, 39, 40, 42, 57, 80, 99], '0_3': [125, 129, 137, 142, 206, 233, 238, 244, 249, 257, 269, 273, 290, 312, 316, 326, 332, 340, 356, 371, 377, 379, 383, 389, 390, 396, 397, 398, 399, 400, 401, 402, 403, 404, 405, 406, 407, 408, 409, 410, 411, 412, 414, 415, 416, 417, 418, 419, 420, 422, 423, 424, 425, 426], '6_2': [26], '5_2': [83], '5_3': [395, 427, 428, 429, 430, 431, 432, 433, 434, 435, 436, 437, 438, 439, 440, 441, 442, 443, 444, 445, 446, 447, 448, 449, 450, 451, 452, 453, 454, 455, 456, 457, 458, 459, 460, 461, 462, 463, 464, 465, 466, 467, 468, 469, 470, 471, 472, 473, 474, 475, 476, 477, 478, 479, 480, 481, 482, 483, 484, 485, 486, 487, 488, 489, 490, 491, 492, 493, 494, 495, 496, 497, 498, 499, 500, 501, 502, 503, 504, 505, 506, 507, 508, 509, 510, 511, 512, 513, 514, 515, 516, 517, 518, 519, 521, 522, 523, 524, 525, 526, 527, 528, 529, 530, 531, 532, 533, 534, 535, 536, 537, 538, 539, 540, 541, 542, 543, 544, 545, 546, 547, 548, 549, 550, 551, 552, 553, 554, 555, 556, 557, 558, 559, 560, 561, 562, 563, 564, 565, 566, 567, 568, 569, 570, 571, 572, 573, 574, 575, 576, 577, 578, 579, 580, 581, 582, 583, 584, 585, 586, 587, 588, 589, 590, 591, 592, 593, 594, 595, 596, 597, 598, 599], '4_3': [146], '7_3': [520], '1_2': [59, 92, 69, 95, 1, 28, 29, 41, 43, 44, 45, 46, 47, 48, 49, 50, 51, 52, 53, 54, 55, 56, 58, 60, 61, 62, 63, 64, 65, 66, 67, 68, 70, 71, 72, 73, 74, 75, 76, 77, 78, 79, 81, 82, 84, 85, 86, 87, 88, 89, 90, 91, 93, 94, 96, 97, 98], '1_3': [117, 154, 155, 243, 283, 384, 387, 421, 101, 135, 138, 156, 165, 183, 197, 282, 299, 325, 328, 336, 376, 100, 102, 103, 104, 105, 106, 107, 108, 109, 110, 111, 112, 113, 114, 115, 116, 118, 119, 120, 121, 122, 123, 124, 126, 127, 128, 130, 131, 132, 133, 134, 136, 139, 140, 141, 143, 144, 145, 147, 148, 149, 150, 151, 152, 153, 157, 158, 159, 160, 161, 162, 163, 164, 166, 167, 168, 169, 170, 171, 172, 173, 174, 175, 176, 177, 178, 179, 180, 181, 182, 184, 185, 186, 187, 188, 189, 190, 191, 192, 193, 194, 195, 196, 198, 199, 200, 201, 202, 203, 204, 205, 207, 208, 209, 210, 211, 212, 213, 214, 215, 216, 217, 218, 219, 220, 221, 222, 223, 224, 225, 226, 227, 228, 229, 230, 231, 232, 234, 235, 236, 237, 239, 240, 241, 242, 245, 246, 247, 248, 250, 251, 252, 253, 254, 255, 256, 258, 259, 260, 261, 262, 263, 264, 265, 266, 267, 268, 270, 271, 272, 274, 275, 276, 277, 278, 279, 280, 281, 284, 285, 286, 287, 288, 289, 291, 292, 293, 294, 295, 296, 297, 298, 300, 301, 302, 303, 304, 305, 306, 307, 308, 309, 310, 311, 313, 314, 315, 317, 318, 319, 320, 321, 322, 323, 324, 327, 329, 330, 331, 333, 334, 335, 337, 338, 339, 341, 342, 343, 344, 345, 346, 347, 348, 349, 350, 351, 352, 353, 354, 355, 357, 358, 359, 360, 361, 362, 363, 364, 365, 366, 367, 368, 369, 370, 372, 373, 374, 375, 378, 380, 381, 382, 385, 386, 388, 391, 392, 393, 394, 413]}
FP rate  0.01133 FN rate  0.16
 Before reassigning cells 
 Timepoint  2
 Cluster  0  # of cells  42
 Cluster  6  # of cells  2
 Cluster  1  # of cells  52
 Timepoint  3
 Cluster  0  # of cells  55
 Cluster  5  # of cells  173
 Cluster  4  # of cells  1
 Cluster  7  # of cells  1
 Cluster  1  # of cells  260
 Cells absent at timepoint  2   {1, 28, 29, 47}
 Missing cell prob  {'1': 0.006367446592132027, '0': 0.006367446592132027, '6': 3.033917810186568e-08}
 Missing cell prob  {'1': 0.0011991054137606041, '0': 0.0011991054137606041, '6': 4.76187358207e-10}
 Missing cell prob  {'1': 3.069709859227147e-05, '0': 3.069709859227147e-05, '6': 5.584683644389792e-09}
 Missing cell prob  {'1': 0.11967310480114465, '0': 0.11967310480114465, '6': 1.6788230873884655e-11}
 Cells absent at timepoint  3   {194, 259, 101, 136, 105, 264, 265, 336, 220, 350}
 Missing cell prob  {'7': 5.765125202296303e-18, '5': 2.089893960003693e-09, '1': 0.004441966094734781, '0': 0.004441966094734781, '4': 7.476556445806539e-12}
 Missing cell prob  {'7': 6.531886854201707e-20, '5': 2.841006081144328e-10, '1': 8.14467530777227e-06, '0': 8.14467530777227e-06, '4': 5.23435170026575e-13}
 Missing cell prob  {'7': 9.459360529119278e-10, '5': 2.2037707270447106e-08, '1': 0.001226746002134089, '0': 0.001226746002134089, '4': 2.785041380121263e-14}
 Missing cell prob  {'7': 4.724821477022577e-14, '5': 2.7718488071285106e-06, '1': 0.15429710545365896, '0': 0.15429710545365896, '4': 1.5035924911833374e-13}
 Missing cell prob  {'7': 8.96756937704267e-14, '5': 4.384710016229991e-07, '1': 0.15082053999377934, '0': 0.15082053999377934, '4': 7.47406279950066e-15}
 Missing cell prob  {'7': 1.5890126338829164e-16, '5': 3.5593789784908255e-07, '1': 0.12243169048612744, '0': 0.12243169048612744, '4': 8.183530796724474e-17}
 Missing cell prob  {'7': 2.580758293892341e-18, '5': 4.285915347663823e-07, '1': 0.14742230722433672, '0': 0.14742230722433672, '4': 7.305659973684076e-15}
 Missing cell prob  {'7': 1.8224311023167298e-10, '5': 1.1119698277783419e-10, '1': 3.824834236735134e-05, '0': 3.824834236735134e-05, '4': 2.458112427291493e-12}
 Missing cell prob  {'7': 4.240927331662411e-17, '5': 2.4879690000043954e-09, '1': 0.005288054874684261, '0': 0.005288054874684261, '4': 4.5839059802842774e-12}
 Missing cell prob  {'7': 6.748762118434807e-13, '5': 3.2998200084863213e-06, '1': 0.029726728684309214, '0': 0.029726728684309214, '4': 4.170186652270587e-12}
 Timepoint  2
 Timepoint  3
 After reassigning and merging cells 
 Timepoint  2
 Cluster  0  # of cells  42
 Cluster  6  # of cells  2
 Cluster  1  # of cells  56
 Timepoint  3
 Cluster  0  # of cells  55
 Cluster  5  # of cells  173
 Cluster  4  # of cells  1
 Cluster  7  # of cells  1
 Cluster  1  # of cells  270
 Tp cluster cell dict  {'0_2': 42, '6_2': 2, '1_2': 56, '0_3': 55, '5_3': 173, '4_3': 1, '7_3': 1, '1_3': 270}
 New Graph is here 
 ID  0  Timepoint  1  Mutations  []  Type  subclone
 ID  1  Timepoint  2  Mutations  [0, 1, 2, 3, 4, 5, 6, 7, 8, 9, 10, 11]  Type  subclone
 ID  2  Timepoint  2  Mutations  [0, 1, 2, 3, 4, 5, 6, 7, 8, 9, 10, 11, 21, 22, 23, 24, 29]  Type  subclone
 ID  3  Timepoint  2  Mutations  [0, 1, 2, 3, 4, 5, 6, 7, 8, 9, 10, 11, 21, 22]  Type  subclone
 ID  4  Timepoint  3  Mutations  [0, 1, 2, 3, 4, 5, 6, 7, 8, 9, 10, 11]  Type  subclone
 ID  5  Timepoint  3  Mutations  [0, 1, 2, 3, 4, 5, 6, 7, 8, 9, 10, 11, 23, 24, 25, 26, 27, 28, 29, 30, 31, 32]  Type  subclone
 ID  6  Timepoint  3  Mutations  [0, 1, 5, 6, 9, 10, 15, 17, 23, 27, 30, 32]  Type  subclone
 ID  7  Timepoint  3  Mutations  [3, 7, 8, 9, 10, 11, 13, 14, 17, 21, 24, 25, 26, 27, 30]  Type  subclone
 ID  8  Timepoint  3  Mutations  [0, 1, 2, 3, 4, 5, 6, 7, 8, 9, 10, 11, 21, 22]  Type  subclone
Timepoints  SortedDict({1: [0], 2: [1, 2, 3], 3: [4, 5, 6, 7, 8]})
 Clone to nodes  {'0_2': 1, '6_2': 2, '1_2': 3, '0_3': 4, '5_3': 5, '4_3': 6, '7_3': 7, '1_3': 8}
 Timepoint ====  1
 Hash table  {'0,1,2': [0, 1, 2, 3, 4, 5, 6, 7, 8, 9, 10, 11], '1,2': [21, 22], '1': [23, 24, 29]}
 Final possible usc  [[0, 1, 2, 3, 4, 5, 6, 7, 8, 9, 10, 11], [21, 22], [23, 24, 29]]
 Time  1  USC keys  {'0,1,2,3,4,5,6,7,8,9,10,11_0', '23,24,29_0', '21,22_0'}
 USC children  {'0,1,2,3,4,5,6,7,8,9,10,11_0': [1, 2, 3], '21,22_0': [2, 3], '23,24,29_0': [2]}
 USC children  {'0,1,2,3,4,5,6,7,8,9,10,11_0': [1, 2, 3], '21,22_0': [2, 3], '23,24,29_0': [2]}
 Timepoint ====  2
 Hash table  {'0,1': [0, 1, 5, 6, 23, 32], '0': [2, 4, 28, 29, 31], '0,2': [3, 7, 8, 11, 24, 25, 26], '0,1,2': [9, 10, 27, 30], '1': [15], '1,2': [17], '2': [13, 14, 21]}
====== Inside find superset of t nodes ==========
 Final possible usc  []
 Time  2  USC keys  set()
 USC children  {'0,1,2,3,4,5,6,7,8,9,10,11_0': [1, 2, 3], '21,22_0': [2, 3], '23,24,29_0': [2]}
 USC children  {'0,1,2,3,4,5,6,7,8,9,10,11_0': [1, 2, 3], '21,22_0': [2, 3], '23,24,29_0': [2]}
 Node s  {'1,2,3': ['0', '1', '2', '3', '4', '5', '6', '7', '8', '9', '10', '11']}
 Enroll USC nodes  ['1', '2', '3']  len  3
 Node TP  SortedDict({1: [0], 2: [1, 2, 3], 3: [4, 5, 6, 7, 8]})
 Unobserved subclones at timepoints  {1.5: [9]}
 ============== Inside finding node v ============ 
 Time  2
 Time  3
 largest_v_mut  [[0, 1, 2, 3, 4, 5, 6, 7, 8, 9, 10, 11]]
 largest_v_mut  []
 largest_v_mut  []
 Sorted all timepoints  [1, 1.5, 2, 3]
 Timepoint  2
 Inside usc_node check  2
 Timepoint  3
 Node  6  has no parent 
 USC nodes  []
 Node with minimum mutation sets  {1: 6, 2: 10, 3: 8}
 Node  7  has no parent 
 USC nodes  []
 Node with minimum mutation sets  {1: 6, 2: 9, 3: 7}
0   1   [-1]   subclone   []   []
1   2   [9]   subclone   [0, 1, 2, 3, 4, 5, 6, 7, 8, 9, 10, 11]   [0]
2   2   [9]   subclone   [0, 1, 2, 3, 4, 5, 6, 7, 8, 9, 10, 11, 21, 22, 23, 24, 29]   [5]
3   2   [9]   subclone   [0, 1, 2, 3, 4, 5, 6, 7, 8, 9, 10, 11, 21, 22]   [2]
4   3   [1]   subclone   [0, 1, 2, 3, 4, 5, 6, 7, 8, 9, 10, 11]   [0]
5   3   [1]   subclone   [0, 1, 2, 3, 4, 5, 6, 7, 8, 9, 10, 11, 23, 24, 25, 26, 27, 28, 29, 30, 31, 32]   [10]
6   3   [1]   subclone   [0, 1, 5, 6, 9, 10, 15, 17, 23, 27, 30, 32]   [6]
7   3   [1]   subclone   [3, 7, 8, 9, 10, 11, 13, 14, 17, 21, 24, 25, 26, 27, 30]   [9]
8   3   [3]   subclone   [0, 1, 2, 3, 4, 5, 6, 7, 8, 9, 10, 11, 21, 22]   [0]
9   1.5   [0]   unobserved subclone   [0, 1, 2, 3, 4, 5, 6, 7, 8, 9, 10, 11]   [12]
7
 Total estimated FP  71  True negatives  8076
 Total estimated FN  1499  True positives  6194
 Estimated FP rate  0.01133
 Estimated FN rate  0.16
 No. of Cells in each cluster  {'0_2': 41, '0_3': 55, '6_2': 1, '1_2': 1, '1_3': 173, '4_3': 1, '3_3': 1, '2_2': 57, '2_3': 270}
 Cells in each cluster  {'0_2': [0, 2, 3, 4, 5, 6, 7, 8, 9, 10, 11, 12, 13, 14, 15, 16, 17, 18, 19, 20, 21, 22, 23, 24, 25, 27, 30, 31, 32, 33, 34, 35, 36, 37, 38, 39, 40, 42, 57, 80, 99], '0_3': [125, 129, 137, 142, 206, 233, 238, 244, 249, 257, 269, 273, 290, 312, 316, 326, 332, 336, 340, 356, 371, 377, 379, 383, 389, 390, 396, 397, 398, 399, 400, 401, 402, 403, 404, 405, 406, 407, 408, 409, 410, 411, 412, 414, 415, 416, 417, 418, 419, 420, 422, 423, 424, 425, 426], '6_2': [26], '1_2': [83], '1_3': [395, 427, 428, 429, 430, 431, 432, 433, 434, 435, 436, 437, 438, 439, 440, 441, 442, 443, 444, 445, 446, 447, 448, 449, 450, 451, 452, 453, 454, 455, 456, 457, 458, 459, 460, 461, 462, 463, 464, 465, 466, 467, 468, 469, 470, 471, 472, 473, 474, 475, 476, 477, 478, 479, 480, 481, 482, 483, 484, 485, 486, 487, 488, 489, 490, 491, 492, 493, 494, 495, 496, 497, 498, 499, 500, 501, 502, 503, 504, 505, 506, 507, 508, 509, 510, 511, 512, 513, 514, 515, 516, 517, 518, 519, 521, 522, 523, 524, 525, 526, 527, 528, 529, 530, 531, 532, 533, 534, 535, 536, 537, 538, 539, 540, 541, 542, 543, 544, 545, 546, 547, 548, 549, 550, 551, 552, 553, 554, 555, 556, 557, 558, 559, 560, 561, 562, 563, 564, 565, 566, 567, 568, 569, 570, 571, 572, 573, 574, 575, 576, 577, 578, 579, 580, 581, 582, 583, 584, 585, 586, 587, 588, 589, 590, 591, 592, 593, 594, 595, 596, 597, 598, 599], '4_3': [146], '3_3': [520], '2_2': [59, 92, 1, 28, 29, 41, 43, 44, 45, 46, 47, 48, 49, 50, 51, 52, 53, 54, 55, 56, 58, 60, 61, 62, 63, 64, 65, 66, 67, 68, 69, 70, 71, 72, 73, 74, 75, 76, 77, 78, 79, 81, 82, 84, 85, 86, 87, 88, 89, 90, 91, 93, 94, 95, 96, 97, 98], '2_3': [117, 154, 155, 243, 283, 384, 387, 421, 100, 101, 102, 103, 104, 105, 106, 107, 108, 109, 110, 111, 112, 113, 114, 115, 116, 118, 119, 120, 121, 122, 123, 124, 126, 127, 128, 130, 131, 132, 133, 134, 135, 136, 138, 139, 140, 141, 143, 144, 145, 147, 148, 149, 150, 151, 152, 153, 156, 157, 158, 159, 160, 161, 162, 163, 164, 165, 166, 167, 168, 169, 170, 171, 172, 173, 174, 175, 176, 177, 178, 179, 180, 181, 182, 183, 184, 185, 186, 187, 188, 189, 190, 191, 192, 193, 194, 195, 196, 197, 198, 199, 200, 201, 202, 203, 204, 205, 207, 208, 209, 210, 211, 212, 213, 214, 215, 216, 217, 218, 219, 220, 221, 222, 223, 224, 225, 226, 227, 228, 229, 230, 231, 232, 234, 235, 236, 237, 239, 240, 241, 242, 245, 246, 247, 248, 250, 251, 252, 253, 254, 255, 256, 258, 259, 260, 261, 262, 263, 264, 265, 266, 267, 268, 270, 271, 272, 274, 275, 276, 277, 278, 279, 280, 281, 282, 284, 285, 286, 287, 288, 289, 291, 292, 293, 294, 295, 296, 297, 298, 299, 300, 301, 302, 303, 304, 305, 306, 307, 308, 309, 310, 311, 313, 314, 315, 317, 318, 319, 320, 321, 322, 323, 324, 325, 327, 328, 329, 330, 331, 333, 334, 335, 337, 338, 339, 341, 342, 343, 344, 345, 346, 347, 348, 349, 350, 351, 352, 353, 354, 355, 357, 358, 359, 360, 361, 362, 363, 364, 365, 366, 367, 368, 369, 370, 372, 373, 374, 375, 376, 378, 380, 381, 382, 385, 386, 388, 391, 392, 393, 394, 413]}
FP rate  0.01133 FN rate  0.16
 Before reassigning cells 
 Timepoint  2
 Cluster  0  # of cells  42
 Cluster  6  # of cells  1
 Cluster  2  # of cells  53
 Timepoint  3
 Cluster  0  # of cells  55
 Cluster  1  # of cells  173
 Cluster  4  # of cells  1
 Cluster  3  # of cells  1
 Cluster  2  # of cells  260
 Cells absent at timepoint  2   {1, 28, 29, 47}
 Missing cell prob  {'2': 0.006367446592132027, '0': 0.006367446592132027, '6': 1.8747147008732217e-07}
 Missing cell prob  {'2': 0.0011991054137606041, '0': 0.0011991054137606041, '6': 2.181517048589762e-07}
 Missing cell prob  {'2': 3.069709859227147e-05, '0': 3.069709859227147e-05, '6': 4.140453893457569e-07}
 Missing cell prob  {'2': 0.11967310480114465, '0': 0.11967310480114465, '6': 1.0373762636302214e-10}
 Cells absent at timepoint  3   {194, 259, 101, 136, 105, 264, 265, 336, 220, 350}
 Missing cell prob  {'1': 2.089893960003693e-09, '2': 0.004441966094734781, '3': 2.9690814681993568e-18, '4': 1.3078113837451793e-07, '0': 0.004441966094734781}
 Missing cell prob  {'1': 2.841006081144328e-10, '2': 8.14467530777227e-06, '3': 1.8490590326226528e-16, '4': 3.2344040596885863e-12, '0': 8.14467530777227e-06}
 Missing cell prob  {'1': 2.2037707270447106e-08, '2': 0.001226746002134089, '3': 9.459360529119276e-10, '4': 1.7209292883028058e-13, '0': 0.001226746002134089}
 Missing cell prob  {'1': 2.7718488071285106e-06, '2': 0.15429710545365896, '3': 6.372884206507833e-16, '4': 1.1147552450079463e-11, '0': 0.15429710545365896}
 Missing cell prob  {'1': 4.384710016229991e-07, '2': 0.15082053999377934, '3': 1.2095542981177798e-15, '4': 1.3073751910875698e-10, '0': 0.15082053999377934}
 Missing cell prob  {'1': 3.5593789784908255e-07, '2': 0.12243169048612744, '3': 1.3243700400294496e-17, '4': 2.316609561094177e-13, '0': 0.12243169048612744}
 Missing cell prob  {'1': 4.285915347663823e-07, '2': 0.14742230722433672, '3': 2.1509451165511462e-19, '4': 1.2779178955726928e-10, '0': 0.14742230722433672}
 Missing cell prob  {'1': 1.1119698277783419e-10, '2': 3.824834236735134e-05, '3': 1.82243110231673e-10, '4': 6.958471707086574e-09, '0': 3.824834236735134e-05}
 Missing cell prob  {'1': 2.4879690000043954e-09, '2': 0.005288054874684261, '3': 1.942860329322335e-14, '4': 2.8324814534547873e-11, '0': 0.005288054874684261}
 Missing cell prob  {'1': 3.2998200084863213e-06, '2': 0.029726728684309214, '3': 7.586766912509326e-16, '4': 1.1805044192005896e-08, '0': 0.029726728684309214}
 Timepoint  2
 Timepoint  3
 After reassigning and merging cells 
 Timepoint  2
 Cluster  0  # of cells  42
 Cluster  6  # of cells  1
 Cluster  2  # of cells  57
 Timepoint  3
 Cluster  0  # of cells  55
 Cluster  1  # of cells  173
 Cluster  4  # of cells  1
 Cluster  3  # of cells  1
 Cluster  2  # of cells  270
 Tp cluster cell dict  {'0_2': 42, '6_2': 1, '2_2': 57, '0_3': 55, '1_3': 173, '4_3': 1, '3_3': 1, '2_3': 270}
 New Graph is here 
 ID  0  Timepoint  1  Mutations  []  Type  subclone
 ID  1  Timepoint  2  Mutations  [0, 1, 2, 3, 4, 5, 6, 7, 8, 9, 10, 11]  Type  subclone
 ID  2  Timepoint  2  Mutations  [0, 4, 5, 6, 7, 8, 9, 10, 21, 24, 29]  Type  subclone
 ID  3  Timepoint  2  Mutations  [0, 1, 2, 3, 4, 5, 6, 7, 8, 9, 10, 11, 21, 22]  Type  subclone
 ID  4  Timepoint  3  Mutations  [0, 1, 2, 3, 4, 5, 6, 7, 8, 9, 10, 11]  Type  subclone
 ID  5  Timepoint  3  Mutations  [0, 1, 2, 3, 4, 5, 6, 7, 8, 9, 10, 11, 23, 24, 25, 26, 27, 28, 29, 30, 31, 32]  Type  subclone
 ID  6  Timepoint  3  Mutations  [0, 1, 5, 6, 9, 10, 11, 17, 23, 27]  Type  subclone
 ID  7  Timepoint  3  Mutations  [3, 4, 8, 9, 10, 13, 17, 21, 24, 25, 26, 27, 30, 31]  Type  subclone
 ID  8  Timepoint  3  Mutations  [0, 1, 2, 3, 4, 5, 6, 7, 8, 9, 10, 11, 21, 22]  Type  subclone
Timepoints  SortedDict({1: [0], 2: [1, 2, 3], 3: [4, 5, 6, 7, 8]})
 Clone to nodes  {'0_2': 1, '6_2': 2, '2_2': 3, '0_3': 4, '1_3': 5, '4_3': 6, '3_3': 7, '2_3': 8}
 Timepoint ====  1
 Hash table  {'0,1,2': [0, 4, 5, 6, 7, 8, 9, 10], '0,2': [1, 2, 3, 11], '1,2': [21], '1': [24, 29], '2': [22]}
 Final possible usc  [[0, 4, 5, 6, 7, 8, 9, 10], [1, 2, 3, 11], [21], [24, 29], [22]]
 Time  1  USC keys  {'0,4,5,6,7,8,9,10_0', '24,29_0', '22_0', '1,2,3,11_0', '21_0'}
 USC children  {'0,4,5,6,7,8,9,10_0': [1, 2, 3], '1,2,3,11_0': [1, 3], '21_0': [2, 3], '24,29_0': [2], '22_0': [3]}
 USC children  {'0,4,5,6,7,8,9,10_0': [1, 2, 3], '1,2,3,11_0': [1, 3], '21_0': [2, 3], '24,29_0': [2], '22_0': [3]}
 Timepoint ====  2
 Hash table  {'0,1': [0, 1, 5, 6, 11, 23], '0': [2, 7, 28, 29, 32], '0,2': [3, 4, 8, 24, 25, 26, 30, 31], '0,1,2': [9, 10, 27], '1,2': [17], '2': [13, 21]}
====== Inside find superset of t nodes ==========
 Final possible usc  []
 Time  2  USC keys  set()
 USC children  {'0,4,5,6,7,8,9,10_0': [1, 2, 3], '1,2,3,11_0': [1, 3], '21_0': [2, 3], '24,29_0': [2], '22_0': [3]}
 USC children  {'0,4,5,6,7,8,9,10_0': [1, 2, 3], '1,2,3,11_0': [1, 3], '21_0': [2, 3], '24,29_0': [2], '22_0': [3]}
 Node s  {'1,2,3': ['0', '4', '5', '6', '7', '8', '9', '10']}
 Enroll USC nodes  ['1', '2', '3']  len  3
 Node TP  SortedDict({1: [0], 2: [1, 2, 3], 3: [4, 5, 6, 7, 8]})
 Unobserved subclones at timepoints  {1.5: [9]}
 ============== Inside finding node v ============ 
 Time  2
 Time  3
 largest_v_mut  [[0, 1, 2, 3, 4, 5, 6, 7, 8, 9, 10, 11]]
 largest_v_mut  []
 largest_v_mut  []
 Sorted all timepoints  [1, 1.5, 2, 3]
 Timepoint  2
 Inside usc_node check  2
 Timepoint  3
 Node  6  has no parent 
 USC nodes  []
 Node with minimum mutation sets  {1: 5, 2: 6, 3: 7}
 Node  7  has no parent 
 USC nodes  []
 Node with minimum mutation sets  {1: 7, 2: 5, 3: 8}
0   1   [-1]   subclone   []   []
1   2   [9]   subclone   [0, 1, 2, 3, 4, 5, 6, 7, 8, 9, 10, 11]   [4]
2   2   [9]   subclone   [0, 4, 5, 6, 7, 8, 9, 10, 21, 24, 29]   [3]
3   2   [9]   subclone   [0, 1, 2, 3, 4, 5, 6, 7, 8, 9, 10, 11, 21, 22]   [6]
4   3   [1]   subclone   [0, 1, 2, 3, 4, 5, 6, 7, 8, 9, 10, 11]   [0]
5   3   [1]   subclone   [0, 1, 2, 3, 4, 5, 6, 7, 8, 9, 10, 11, 23, 24, 25, 26, 27, 28, 29, 30, 31, 32]   [10]
6   3   [1]   subclone   [0, 1, 5, 6, 9, 10, 11, 17, 23, 27]   [3]
7   3   [2]   subclone   [3, 4, 8, 9, 10, 13, 17, 21, 24, 25, 26, 27, 30, 31]   [8]
8   3   [3]   subclone   [0, 1, 2, 3, 4, 5, 6, 7, 8, 9, 10, 11, 21, 22]   [0]
9   1.5   [0]   unobserved subclone   [0, 4, 5, 6, 7, 8, 9, 10]   [8]
 List of tree files  ['all_trees/default_rep2_m1_tree.csv', 'all_trees/default_rep2_m2_tree.csv', 'all_trees/default_rep2_m3_tree.csv', 'all_trees/default_rep2_m4_tree.csv', 'all_trees/default_rep2_m5_tree.csv']
{'1': ['0', '1', '2', '3', '4', '5', '6', '7', '8', '9', '10', '11'], '2': ['0', '4', '5', '6', '7', '9', '10', '11', '23', '24', '29', '32'], '3': ['0', '1', '2', '3', '4', '5', '6', '7', '8', '9', '10', '11', '21', '22'], '4': ['0', '1', '2', '3', '4', '5', '6', '7', '8', '9', '10', '11'], '5': ['0', '1', '2', '3', '4', '5', '6', '7', '8', '9', '10', '11', '23', '24', '25', '26', '27', '28', '29', '30', '31', '32'], '6': ['0', '1', '5', '9', '10', '11', '17', '23', '26', '30'], '7': ['0', '3', '4', '9', '10', '17', '21', '24', '25', '26', '27', '30'], '8': ['0', '1', '2', '3', '4', '5', '6', '7', '8', '9', '10', '11', '21', '22'], '9': ['0', '4', '5', '6', '7', '9', '10', '11']}
 Actual mutation of  1   ['1', '8', '3', '2']
 Actual mutation of  2   ['24', '32', '29', '23']
 Actual mutation of  3   ['3', '1', '22', '21', '8', '2']
 Actual mutation of  4   []
 Actual mutation of  5   ['3', '1', '8', '25', '30', '26', '28', '31', '2', '27']
 Actual mutation of  6   ['30', '26', '17', '23']
 Actual mutation of  7   ['17', '21', '25', '30', '26', '27', '24']
 Actual mutation of  8   []
 Updated node mutation  {'1': ['1', '8', '3', '2'], '2': ['24', '32', '29', '23'], '3': ['3', '1', '22', '21', '8', '2'], '4': [], '5': ['3', '1', '8', '25', '30', '26', '28', '31', '2', '27'], '6': ['30', '26', '17', '23'], '7': ['17', '21', '25', '30', '26', '27', '24'], '8': [], '9': ['0', '4', '5', '6', '7', '9', '10', '11']}
{'1': ['0', '1', '2', '3', '4', '5', '6', '7', '8', '9', '10', '11'], '2': ['0', '4', '5', '6', '7', '8', '9', '10', '11', '23', '24', '29'], '3': ['0', '1', '2', '3', '4', '5', '6', '7', '8', '9', '10', '11', '21', '22'], '4': ['0', '1', '2', '3', '4', '5', '6', '7', '8', '9', '10', '11'], '5': ['0', '1', '2', '3', '4', '5', '6', '7', '8', '9', '10', '11', '23', '24', '25', '26', '27', '28', '29', '30', '31', '32'], '6': ['0', '1', '2', '3', '4', '5', '6', '7', '8', '9', '10', '11', '21', '22'], '7': ['0', '1', '3', '5', '6', '9', '10', '11', '17', '23', '26', '27', '30'], '8': ['3', '4', '7', '9', '10', '11', '14', '17', '24', '25', '26', '27', '30', '31'], '9': ['0', '4', '5', '6', '7', '8', '9', '10', '11']}
 Actual mutation of  1   ['1', '3', '2']
 Actual mutation of  2   ['24', '29', '23']
 Actual mutation of  3   ['3', '1', '22', '21', '2']
 Actual mutation of  4   []
 Actual mutation of  5   ['32', '29', '23', '30', '26', '28', '31', '25', '27', '24']
 Actual mutation of  6   []
 Actual mutation of  7   ['17', '23', '30', '26', '27']
 Actual mutation of  8   ['17', '25', '30', '26', '31', '14', '27', '24']
 Updated node mutation  {'1': ['1', '3', '2'], '2': ['24', '29', '23'], '3': ['3', '1', '22', '21', '2'], '4': [], '5': ['32', '29', '23', '30', '26', '28', '31', '25', '27', '24'], '6': [], '7': ['17', '23', '30', '26', '27'], '8': ['17', '25', '30', '26', '31', '14', '27', '24'], '9': ['0', '4', '5', '6', '7', '8', '9', '10', '11']}
{'1': ['0', '1', '2', '3', '4', '5', '6', '7', '8', '9', '10', '11'], '2': ['0', '4', '5', '6', '7', '8', '9', '10', '19', '21', '24', '29', '32'], '3': ['0', '1', '2', '3', '4', '5', '6', '7', '8', '9', '10', '11', '21', '22'], '4': ['0', '1', '2', '3', '4', '5', '6', '7', '8', '9', '10', '11'], '5': ['0', '1', '2', '3', '4', '5', '6', '7', '8', '9', '10', '11', '23', '24', '25', '26', '27', '28', '29', '30', '31', '32'], '6': ['0', '1', '3', '5', '9', '10', '11', '15', '17', '23', '32'], '7': ['3', '7', '8', '9', '10', '13', '17', '21', '24', '25', '26', '27', '30'], '8': ['0', '1', '2', '3', '4', '5', '6', '7', '8', '9', '10', '11', '21', '22'], '9': ['0', '4', '5', '6', '7', '8', '9', '10']}
 Actual mutation of  1   ['1', '3', '11', '2']
 Actual mutation of  2   ['32', '19', '21', '29', '24']
 Actual mutation of  3   ['3', '1', '22', '21', '11', '2']
 Actual mutation of  4   []
 Actual mutation of  5   ['32', '29', '23', '30', '26', '28', '31', '25', '27', '24']
 Actual mutation of  6   ['15', '32', '17', '23']
 Actual mutation of  7   ['17', '21', '25', '30', '26', '27', '24', '13']
 Actual mutation of  8   []
 Updated node mutation  {'1': ['1', '3', '11', '2'], '2': ['32', '19', '21', '29', '24'], '3': ['3', '1', '22', '21', '11', '2'], '4': [], '5': ['32', '29', '23', '30', '26', '28', '31', '25', '27', '24'], '6': ['15', '32', '17', '23'], '7': ['17', '21', '25', '30', '26', '27', '24', '13'], '8': [], '9': ['0', '4', '5', '6', '7', '8', '9', '10']}
{'1': ['0', '1', '2', '3', '4', '5', '6', '7', '8', '9', '10', '11'], '2': ['0', '1', '2', '3', '4', '5', '6', '7', '8', '9', '10', '11', '21', '22', '23', '24', '29'], '3': ['0', '1', '2', '3', '4', '5', '6', '7', '8', '9', '10', '11', '21', '22'], '4': ['0', '1', '2', '3', '4', '5', '6', '7', '8', '9', '10', '11'], '5': ['0', '1', '2', '3', '4', '5', '6', '7', '8', '9', '10', '11', '23', '24', '25', '26', '27', '28', '29', '30', '31', '32'], '6': ['0', '1', '5', '6', '9', '10', '15', '17', '23', '27', '30', '32'], '7': ['3', '7', '8', '9', '10', '11', '13', '14', '17', '21', '24', '25', '26', '27', '30'], '8': ['0', '1', '2', '3', '4', '5', '6', '7', '8', '9', '10', '11', '21', '22'], '9': ['0', '1', '2', '3', '4', '5', '6', '7', '8', '9', '10', '11']}
 Actual mutation of  1   []
 Actual mutation of  2   ['22', '21', '29', '23', '24']
 Actual mutation of  3   ['22', '21']
 Actual mutation of  4   []
 Actual mutation of  5   ['32', '29', '23', '30', '26', '28', '31', '25', '27', '24']
 Actual mutation of  6   ['32', '17', '23', '30', '27', '15']
 Actual mutation of  7   ['17', '21', '25', '30', '26', '14', '27', '24', '13']
 Actual mutation of  8   []
 Updated node mutation  {'1': [], '2': ['22', '21', '29', '23', '24'], '3': ['22', '21'], '4': [], '5': ['32', '29', '23', '30', '26', '28', '31', '25', '27', '24'], '6': ['32', '17', '23', '30', '27', '15'], '7': ['17', '21', '25', '30', '26', '14', '27', '24', '13'], '8': [], '9': ['0', '1', '2', '3', '4', '5', '6', '7', '8', '9', '10', '11']}
{'1': ['0', '1', '2', '3', '4', '5', '6', '7', '8', '9', '10', '11'], '2': ['0', '4', '5', '6', '7', '8', '9', '10', '21', '24', '29'], '3': ['0', '1', '2', '3', '4', '5', '6', '7', '8', '9', '10', '11', '21', '22'], '4': ['0', '1', '2', '3', '4', '5', '6', '7', '8', '9', '10', '11'], '5': ['0', '1', '2', '3', '4', '5', '6', '7', '8', '9', '10', '11', '23', '24', '25', '26', '27', '28', '29', '30', '31', '32'], '6': ['0', '1', '5', '6', '9', '10', '11', '17', '23', '27'], '7': ['3', '4', '8', '9', '10', '13', '17', '21', '24', '25', '26', '27', '30', '31'], '8': ['0', '1', '2', '3', '4', '5', '6', '7', '8', '9', '10', '11', '21', '22'], '9': ['0', '4', '5', '6', '7', '8', '9', '10']}
 Actual mutation of  1   ['1', '3', '11', '2']
 Actual mutation of  2   ['24', '21', '29']
 Actual mutation of  3   ['3', '1', '22', '21', '11', '2']
 Actual mutation of  4   []
 Actual mutation of  5   ['32', '29', '23', '30', '26', '28', '31', '25', '27', '24']
 Actual mutation of  6   ['17', '27', '23']
 Actual mutation of  7   ['17', '3', '25', '30', '26', '31', '27', '13']
 Actual mutation of  8   []
 Updated node mutation  {'1': ['1', '3', '11', '2'], '2': ['24', '21', '29'], '3': ['3', '1', '22', '21', '11', '2'], '4': [], '5': ['32', '29', '23', '30', '26', '28', '31', '25', '27', '24'], '6': ['17', '27', '23'], '7': ['17', '3', '25', '30', '26', '31', '27', '13'], '8': [], '9': ['0', '4', '5', '6', '7', '8', '9', '10']}
 Parallel mutation count  {'m1': 12, 'm2': 12, 'm3': 14, 'm4': 11, 'm5': 14}
 Clusters with least parallel mutations  ['m4']
 Best tree path  default_rep2_m4_tree.csv
