3
 Total estimated FP  837  True negatives  16101
 Total estimated FN  1482  True positives  6060
 Estimated FP rate  0.12136
 Estimated FN rate  0.08
 No. of Cells in each cluster  {'2_2': 42, '2_3': 49, '0_2': 58, '0_3': 278, '1_3': 173}
 Cells in each cluster  {'2_2': [0, 2, 3, 5, 6, 7, 8, 9, 11, 12, 13, 14, 15, 16, 17, 18, 19, 20, 21, 22, 23, 24, 26, 27, 28, 30, 31, 32, 35, 36, 37, 38, 39, 44, 47, 56, 63, 65, 73, 74, 76, 97], '2_3': [122, 147, 157, 162, 166, 169, 175, 176, 186, 197, 200, 220, 239, 249, 258, 265, 325, 362, 368, 386, 392, 395, 396, 397, 398, 399, 400, 401, 403, 404, 405, 406, 407, 408, 409, 410, 412, 413, 414, 415, 416, 417, 418, 419, 422, 423, 424, 425, 426], '0_2': [1, 4, 10, 25, 29, 33, 34, 40, 41, 42, 43, 45, 46, 48, 49, 50, 51, 52, 53, 54, 55, 57, 58, 59, 60, 61, 62, 64, 66, 67, 68, 69, 70, 71, 72, 75, 77, 78, 79, 80, 81, 82, 83, 84, 85, 86, 87, 88, 89, 90, 91, 92, 93, 94, 95, 96, 98, 99], '0_3': [100, 101, 102, 103, 104, 105, 106, 107, 108, 109, 110, 111, 112, 113, 114, 115, 116, 117, 118, 119, 120, 121, 123, 124, 125, 126, 127, 128, 129, 130, 131, 132, 133, 134, 135, 136, 137, 138, 139, 140, 141, 142, 143, 144, 145, 146, 148, 149, 150, 151, 152, 153, 154, 155, 156, 158, 159, 160, 161, 163, 164, 165, 167, 168, 170, 171, 172, 173, 174, 177, 178, 179, 180, 181, 182, 183, 184, 185, 187, 188, 189, 190, 191, 192, 193, 194, 195, 196, 198, 199, 201, 202, 203, 204, 205, 206, 207, 208, 209, 210, 211, 212, 213, 214, 215, 216, 217, 218, 219, 221, 222, 223, 224, 225, 226, 227, 228, 229, 230, 231, 232, 233, 234, 235, 236, 237, 238, 240, 241, 242, 243, 244, 245, 246, 247, 248, 250, 251, 252, 253, 254, 255, 256, 257, 259, 260, 261, 262, 263, 264, 266, 267, 268, 269, 270, 271, 272, 273, 274, 275, 276, 277, 278, 279, 280, 281, 282, 283, 284, 285, 286, 287, 288, 289, 290, 291, 292, 293, 294, 295, 296, 297, 298, 299, 300, 301, 302, 303, 304, 305, 306, 307, 308, 309, 310, 311, 312, 313, 314, 315, 316, 317, 318, 319, 320, 321, 322, 323, 324, 326, 327, 328, 329, 330, 331, 332, 333, 334, 335, 336, 337, 338, 339, 340, 341, 342, 343, 344, 345, 346, 347, 348, 349, 350, 351, 352, 353, 354, 355, 356, 357, 358, 359, 360, 361, 363, 364, 365, 366, 367, 369, 370, 371, 372, 373, 374, 375, 376, 377, 378, 379, 380, 381, 382, 383, 384, 385, 387, 388, 389, 390, 391, 393, 394, 402, 411, 420, 421], '1_3': [427, 428, 429, 430, 431, 432, 433, 434, 435, 436, 437, 438, 439, 440, 441, 442, 443, 444, 445, 446, 447, 448, 449, 450, 451, 452, 453, 454, 455, 456, 457, 458, 459, 460, 461, 462, 463, 464, 465, 466, 467, 468, 469, 470, 471, 472, 473, 474, 475, 476, 477, 478, 479, 480, 481, 482, 483, 484, 485, 486, 487, 488, 489, 490, 491, 492, 493, 494, 495, 496, 497, 498, 499, 500, 501, 502, 503, 504, 505, 506, 507, 508, 509, 510, 511, 512, 513, 514, 515, 516, 517, 518, 519, 520, 521, 522, 523, 524, 525, 526, 527, 528, 529, 530, 531, 532, 533, 534, 535, 536, 537, 538, 539, 540, 541, 542, 543, 544, 545, 546, 547, 548, 549, 550, 551, 552, 553, 554, 555, 556, 557, 558, 559, 560, 561, 562, 563, 564, 565, 566, 567, 568, 569, 570, 571, 572, 573, 574, 575, 576, 577, 578, 579, 580, 581, 582, 583, 584, 585, 586, 587, 588, 589, 590, 591, 592, 593, 594, 595, 596, 597, 598, 599]}
FP rate  0.12136 FN rate  0.08
 Before reassigning cells 
 Timepoint  2
 Cluster  2  # of cells  57
 Cluster  0  # of cells  41
 Timepoint  3
 Cluster  2  # of cells  115
 Cluster  0  # of cells  204
 Cluster  1  # of cells  170
 Cells absent at timepoint  2   {49, 50}
 Missing cell prob  {'0': 8.842817051757628e-07, '2': 8.842817051757628e-07}
 Missing cell prob  {'0': 7.783391588963261e-06, '2': 7.783391588963261e-06}
 Cells absent at timepoint  3   {193, 421, 294, 231, 303, 115, 284, 121, 123, 156, 255}
 Missing cell prob  {'1': 1.2204896494965071e-23, '0': 7.217014514606862e-08, '2': 7.217014514606862e-08}
 Missing cell prob  {'1': 4.32039591654243e-17, '0': 0.0001330991708885261, '2': 0.0001330991708885261}
 Missing cell prob  {'1': 2.278389408855599e-18, '0': 0.0008466847226504807, '2': 0.0008466847226504807}
 Missing cell prob  {'1': 1.704700855072288e-21, '0': 0.00011071147596148495, '2': 0.00011071147596148495}
 Missing cell prob  {'1': 1.1112534366716817e-24, '0': 4.981370616936487e-08, '2': 4.981370616936487e-08}
 Missing cell prob  {'1': 8.157252963270596e-20, '0': 3.3149995516300884e-08, '2': 3.3149995516300884e-08}
 Missing cell prob  {'1': 9.6375862042422e-20, '0': 5.1664896028425726e-09, '2': 5.1664896028425726e-09}
 Missing cell prob  {'1': 3.5080353240678815e-21, '0': 2.0743757935182672e-05, '2': 2.0743757935182672e-05}
 Missing cell prob  {'1': 2.423296478681976e-22, '0': 8.199348353877238e-09, '2': 8.199348353877238e-09}
 Missing cell prob  {'1': 2.2588449024998323e-18, '0': 0.0008394216819784803, '2': 0.0008394216819784803}
 Missing cell prob  {'1': 1.733268614443913e-23, '0': 8.53340964207555e-06, '2': 8.53340964207555e-06}
 Timepoint  2
 Timepoint  3
SortedDict({2: {'2': ['0', '1', '2', '3', '4', '5', '6', '7', '8', '9', '10', '11', '12', '13', '14', '15', '16', '17', '18', '19', '20', '21', '22', '23', '24', '25', '26', '27', '28', '29', '30', '31', '32', '33', '34', '35', '36', '37', '38', '39', '40', '44', '47', '52', '53', '56', '63', '65', '67', '71', '72', '73', '74', '76', '80', '85', '97'], '0': ['41', '42', '43', '45', '46', '48', '51', '54', '55', '57', '58', '59', '60', '61', '62', '64', '66', '68', '69', '70', '75', '77', '78', '79', '81', '82', '83', '84', '86', '87', '88', '89', '90', '91', '92', '93', '94', '95', '96', '98', '99', '49', '50']}, 3: {'2': ['106', '111', '112', '122', '124', '127', '131', '133', '135', '138', '140', '147', '148', '157', '159', '162', '166', '167', '168', '169', '171', '173', '175', '176', '178', '183', '184', '186', '187', '191', '192', '197', '200', '206', '207', '209', '212', '220', '222', '227', '228', '239', '246', '247', '248', '249', '252', '256', '258', '260', '263', '265', '274', '276', '277', '282', '286', '292', '296', '297', '307', '309', '315', '316', '322', '324', '325', '329', '333', '353', '355', '357', '361', '362', '364', '367', '368', '379', '382', '386', '392', '395', '396', '397', '398', '399', '400', '401', '402', '403', '404', '405', '406', '407', '408', '409', '410', '411', '412', '413', '414', '415', '416', '417', '418', '419', '420', '422', '423', '424', '425', '426', '477', '483', '599'], '0': ['100', '101', '102', '103', '104', '105', '107', '108', '109', '110', '113', '114', '116', '117', '118', '119', '120', '125', '126', '128', '129', '130', '132', '134', '136', '137', '139', '141', '142', '143', '144', '145', '146', '149', '150', '151', '152', '153', '154', '155', '158', '160', '161', '163', '164', '165', '170', '172', '174', '177', '179', '180', '181', '182', '185', '188', '189', '190', '194', '195', '196', '198', '199', '201', '202', '203', '204', '205', '208', '210', '211', '213', '214', '215', '216', '217', '218', '219', '221', '223', '224', '225', '226', '229', '230', '232', '233', '234', '235', '236', '237', '238', '240', '241', '242', '243', '244', '245', '250', '251', '253', '254', '257', '259', '261', '262', '264', '266', '267', '268', '269', '270', '271', '272', '273', '275', '278', '279', '280', '281', '283', '285', '287', '288', '289', '290', '291', '293', '295', '298', '299', '300', '301', '302', '304', '305', '306', '308', '310', '311', '312', '313', '314', '317', '318', '319', '320', '321', '323', '326', '327', '328', '330', '331', '332', '334', '335', '336', '337', '338', '339', '340', '341', '342', '343', '344', '345', '346', '347', '348', '349', '350', '351', '352', '354', '356', '358', '359', '360', '363', '365', '366', '369', '370', '371', '372', '373', '374', '375', '376', '377', '378', '380', '381', '383', '384', '385', '387', '388', '389', '390', '391', '393', '394', '193', '421', '294', '231', '303', '115', '284', '121', '123', '156', '255'], '1': ['427', '428', '429', '430', '431', '432', '433', '434', '435', '436', '437', '438', '439', '440', '441', '442', '443', '444', '445', '446', '447', '448', '449', '450', '451', '452', '453', '454', '455', '456', '457', '458', '459', '460', '461', '462', '463', '464', '465', '466', '467', '468', '469', '470', '471', '472', '473', '474', '475', '476', '478', '479', '480', '481', '482', '484', '485', '486', '487', '488', '489', '490', '491', '492', '493', '494', '495', '496', '497', '498', '499', '500', '501', '502', '503', '504', '505', '506', '507', '508', '509', '510', '511', '512', '513', '514', '515', '516', '517', '518', '519', '520', '521', '522', '523', '524', '525', '526', '527', '528', '529', '530', '531', '532', '533', '534', '535', '536', '537', '538', '539', '540', '541', '542', '543', '544', '545', '546', '547', '548', '549', '550', '551', '552', '553', '554', '555', '556', '557', '558', '559', '560', '561', '562', '563', '564', '565', '566', '567', '568', '569', '570', '571', '572', '573', '574', '575', '576', '577', '578', '579', '580', '581', '582', '583', '584', '585', '586', '587', '588', '589', '590', '591', '592', '593', '594', '595', '596', '597', '598']}})
 Cluster1  2
 Cluster to drop  0
 After reassigning and merging cells 
 Timepoint  2
 Cluster  2  # of cells  57
 Cluster  0  # of cells  43
 Timepoint  3
 Cluster  2  # of cells  330
 Cluster  1  # of cells  170
 Tp cluster cell dict  {'2_2': 57, '0_2': 43, '2_3': 330, '1_3': 170}
 New Graph is here 
 ID  0  Timepoint  1  Mutations  []  Type  subclone
 ID  1  Timepoint  2  Mutations  [0, 1, 2, 3, 4, 5, 6, 7, 8]  Type  subclone
 ID  2  Timepoint  2  Mutations  [0, 1, 2, 3, 4, 5, 6, 7, 8, 30, 31]  Type  subclone
 ID  3  Timepoint  3  Mutations  [0, 1, 2, 3, 4, 5, 6, 7, 8, 30, 31]  Type  subclone
 ID  4  Timepoint  3  Mutations  [0, 1, 2, 3, 4, 5, 6, 7, 8, 32, 33, 34, 35, 36, 37, 38, 39, 40, 41, 42, 43, 44, 45, 46, 47, 48, 49, 50]  Type  subclone
Timepoints  SortedDict({1: [0], 2: [1, 2], 3: [3, 4]})
 Clone to nodes  {'2_2': 1, '0_2': 2, '2_3': 3, '1_3': 4}
 Timepoint ====  1
 Hash table  {'0,1': [0, 1, 2, 3, 4, 5, 6, 7, 8], '1': [30, 31]}
 Final possible usc  [[0, 1, 2, 3, 4, 5, 6, 7, 8], [30, 31]]
 Time  1  USC keys  {'30,31_0', '0,1,2,3,4,5,6,7,8_0'}
 USC children  {'0,1,2,3,4,5,6,7,8_0': [1, 2], '30,31_0': [2]}
 USC children  {'0,1,2,3,4,5,6,7,8_0': [1, 2], '30,31_0': [2]}
 Timepoint ====  2
 Hash table  {'0': [0, 1, 2, 3, 4, 5, 6, 7, 8, 32, 33, 34, 35, 36, 37, 38, 39, 40, 41, 42, 43, 44, 45, 46, 47, 48, 49, 50]}
====== Inside find superset of t nodes ==========
 Final possible usc  [[0, 1, 2, 3, 4, 5, 6, 7, 8, 32, 33, 34, 35, 36, 37, 38, 39, 40, 41, 42, 43, 44, 45, 46, 47, 48, 49, 50]]
 Time  2  USC keys  {'0,1,2,3,4,5,6,7,8,32,33,34,35,36,37,38,39,40,41,42,43,44,45,46,47,48,49,50_1'}
 USC children  {'0,1,2,3,4,5,6,7,8_0': [1, 2], '30,31_0': [2], '0,1,2,3,4,5,6,7,8,32,33,34,35,36,37,38,39,40,41,42,43,44,45,46,47,48,49,50_1': [4]}
 USC children  {'0,1,2,3,4,5,6,7,8_0': [1, 2], '30,31_0': [2], '0,1,2,3,4,5,6,7,8,32,33,34,35,36,37,38,39,40,41,42,43,44,45,46,47,48,49,50_1': [4]}
 Node s  {'1,2': ['0', '1', '2', '3', '4', '5', '6', '7', '8'], '4': ['0', '1', '2', '3', '4', '5', '6', '7', '8', '32', '33', '34', '35', '36', '37', '38', '39', '40', '41', '42', '43', '44', '45', '46', '47', '48', '49', '50']}
 Enroll USC nodes  ['1', '2']  len  2
 Enroll USC nodes  ['4']  len  1
 Node TP  SortedDict({1: [0], 2: [1, 2], 3: [3, 4]})
 Unobserved subclones at timepoints  {1.5: [5]}
 ============== Inside finding node v ============ 
 Time  2
 Time  3
 largest_v_mut  [[0, 1, 2, 3, 4, 5, 6, 7, 8]]
 Sorted all timepoints  [1, 1.5, 2, 3]
 Timepoint  2
 Inside usc_node check  2
 Timepoint  3
0   1   [-1]   subclone   []   []
1   2   [5]   subclone   [0, 1, 2, 3, 4, 5, 6, 7, 8]   [0]
2   2   [5]   subclone   [0, 1, 2, 3, 4, 5, 6, 7, 8, 30, 31]   [2]
3   3   [2]   subclone   [0, 1, 2, 3, 4, 5, 6, 7, 8, 30, 31]   [0]
4   3   [1]   subclone   [0, 1, 2, 3, 4, 5, 6, 7, 8, 32, 33, 34, 35, 36, 37, 38, 39, 40, 41, 42, 43, 44, 45, 46, 47, 48, 49, 50]   [19]
5   1.5   [0]   unobserved subclone   [0, 1, 2, 3, 4, 5, 6, 7, 8]   [9]
7
 Total estimated FP  836  True negatives  16101
 Total estimated FN  1482  True positives  6061
 Estimated FP rate  0.12121
 Estimated FN rate  0.08
 No. of Cells in each cluster  {'2_2': 43, '2_3': 49, '3_3': 173, '0_2': 57, '0_3': 278}
 Cells in each cluster  {'2_2': [0, 2, 3, 5, 6, 7, 8, 9, 11, 12, 13, 14, 15, 16, 17, 18, 19, 20, 21, 22, 23, 24, 26, 27, 28, 30, 31, 32, 35, 36, 37, 38, 39, 40, 44, 47, 56, 63, 65, 73, 74, 76, 97], '2_3': [122, 124, 147, 157, 162, 166, 169, 175, 176, 186, 197, 200, 239, 249, 255, 258, 265, 325, 362, 386, 392, 395, 396, 397, 398, 399, 400, 401, 403, 404, 405, 406, 407, 408, 409, 410, 412, 413, 414, 415, 416, 417, 418, 419, 422, 423, 424, 425, 426], '3_3': [427, 428, 429, 430, 431, 432, 433, 434, 435, 436, 437, 438, 439, 440, 441, 442, 443, 444, 445, 446, 447, 448, 449, 450, 451, 452, 453, 454, 455, 456, 457, 458, 459, 460, 461, 462, 463, 464, 465, 466, 467, 468, 469, 470, 471, 472, 473, 474, 475, 476, 477, 478, 479, 480, 481, 482, 483, 484, 485, 486, 487, 488, 489, 490, 491, 492, 493, 494, 495, 496, 497, 498, 499, 500, 501, 502, 503, 504, 505, 506, 507, 508, 509, 510, 511, 512, 513, 514, 515, 516, 517, 518, 519, 520, 521, 522, 523, 524, 525, 526, 527, 528, 529, 530, 531, 532, 533, 534, 535, 536, 537, 538, 539, 540, 541, 542, 543, 544, 545, 546, 547, 548, 549, 550, 551, 552, 553, 554, 555, 556, 557, 558, 559, 560, 561, 562, 563, 564, 565, 566, 567, 568, 569, 570, 571, 572, 573, 574, 575, 576, 577, 578, 579, 580, 581, 582, 583, 584, 585, 586, 587, 588, 589, 590, 591, 592, 593, 594, 595, 596, 597, 598, 599], '0_2': [25, 33, 68, 75, 78, 85, 93, 99, 42, 54, 81, 46, 91, 98, 29, 80, 1, 4, 10, 34, 41, 43, 45, 48, 49, 50, 51, 52, 53, 55, 57, 58, 59, 60, 61, 62, 64, 66, 67, 69, 70, 71, 72, 77, 79, 82, 83, 84, 86, 87, 88, 89, 90, 92, 94, 95, 96], '0_3': [168, 209, 218, 244, 256, 257, 262, 268, 301, 306, 319, 334, 348, 356, 366, 115, 342, 368, 378, 149, 150, 164, 274, 288, 300, 389, 144, 201, 220, 284, 303, 322, 327, 375, 100, 101, 102, 103, 104, 105, 106, 107, 108, 109, 110, 111, 112, 113, 114, 116, 117, 118, 119, 120, 121, 123, 125, 126, 127, 128, 129, 130, 131, 132, 133, 134, 135, 136, 137, 138, 139, 140, 141, 142, 143, 145, 146, 148, 151, 152, 153, 154, 155, 156, 158, 159, 160, 161, 163, 165, 167, 170, 171, 172, 173, 174, 177, 178, 179, 180, 181, 182, 183, 184, 185, 187, 188, 189, 190, 191, 192, 193, 194, 195, 196, 198, 199, 202, 203, 204, 205, 206, 207, 208, 210, 211, 212, 213, 214, 215, 216, 217, 219, 221, 222, 223, 224, 225, 226, 227, 228, 229, 230, 231, 232, 233, 234, 235, 236, 237, 238, 240, 241, 242, 243, 245, 246, 247, 248, 250, 251, 252, 253, 254, 259, 260, 261, 263, 264, 266, 267, 269, 270, 271, 272, 273, 275, 276, 277, 278, 279, 280, 281, 282, 283, 285, 286, 287, 289, 290, 291, 292, 293, 294, 295, 296, 297, 298, 299, 302, 304, 305, 307, 308, 309, 310, 311, 312, 313, 314, 315, 316, 317, 318, 320, 321, 323, 324, 326, 328, 329, 330, 331, 332, 333, 335, 336, 337, 338, 339, 340, 341, 343, 344, 345, 346, 347, 349, 350, 351, 352, 353, 354, 355, 357, 358, 359, 360, 361, 363, 364, 365, 367, 369, 370, 371, 372, 373, 374, 376, 377, 379, 380, 381, 382, 383, 384, 385, 387, 388, 390, 391, 393, 394, 402, 411, 420, 421]}
FP rate  0.12121 FN rate  0.08
 Before reassigning cells 
 Timepoint  2
 Cluster  2  # of cells  57
 Cluster  0  # of cells  41
 Timepoint  3
 Cluster  2  # of cells  115
 Cluster  3  # of cells  170
 Cluster  0  # of cells  204
 Cells absent at timepoint  2   {49, 50}
 Missing cell prob  {'0': 8.875717266841571e-07, '2': 8.875717266841571e-07}
 Missing cell prob  {'0': 7.817686363432293e-06, '2': 7.817686363432293e-06}
 Cells absent at timepoint  3   {193, 421, 294, 231, 303, 115, 284, 121, 123, 156, 255}
 Missing cell prob  {'3': 1.2227324193000402e-23, '0': 7.24109024768398e-08, '2': 7.24109024768398e-08}
 Missing cell prob  {'3': 4.326857594713549e-17, '0': 0.0001335715709714265, '2': 0.0001335715709714265}
 Missing cell prob  {'3': 2.284620790872594e-18, '0': 0.0008510318134219039, '2': 0.0008510318134219039}
 Missing cell prob  {'3': 1.7069590334899227e-21, '0': 0.00011104288859668466, '2': 0.00011104288859668466}
 Missing cell prob  {'3': 1.113105446625511e-24, '0': 5.003319272596672e-08, '2': 5.003319272596672e-08}
 Missing cell prob  {'3': 8.145098583369644e-20, '0': 3.312748003388533e-08, '2': 3.312748003388533e-08}
 Missing cell prob  {'3': 9.623226114567159e-20, '0': 5.156599119168709e-09, '2': 5.156599119168709e-09}
 Missing cell prob  {'3': 3.510883914343313e-21, '0': 2.0791652263097153e-05, '2': 2.0791652263097153e-05}
 Missing cell prob  {'3': 2.424334966614061e-22, '0': 8.221085722081804e-09, '2': 8.221085722081804e-09}
 Missing cell prob  {'3': 2.2657962584870878e-18, '0': 0.0008440195880246473, '2': 0.0008440195880246473}
 Missing cell prob  {'3': 1.7352683937079137e-23, '0': 8.56808339861037e-06, '2': 8.56808339861037e-06}
 Timepoint  2
 Timepoint  3
SortedDict({2: {'2': ['0', '1', '2', '3', '4', '5', '6', '7', '8', '9', '10', '11', '12', '13', '14', '15', '16', '17', '18', '19', '20', '21', '22', '23', '24', '25', '26', '27', '28', '29', '30', '31', '32', '33', '34', '35', '36', '37', '38', '39', '40', '44', '47', '52', '53', '56', '63', '65', '67', '71', '72', '73', '74', '76', '80', '85', '97'], '0': ['41', '42', '43', '45', '46', '48', '51', '54', '55', '57', '58', '59', '60', '61', '62', '64', '66', '68', '69', '70', '75', '77', '78', '79', '81', '82', '83', '84', '86', '87', '88', '89', '90', '91', '92', '93', '94', '95', '96', '98', '99', '49', '50']}, 3: {'2': ['106', '111', '112', '122', '124', '127', '131', '133', '135', '138', '140', '147', '148', '157', '159', '162', '166', '167', '168', '169', '171', '173', '175', '176', '178', '183', '184', '186', '187', '191', '192', '197', '200', '206', '207', '209', '212', '220', '222', '227', '228', '239', '246', '247', '248', '249', '252', '256', '258', '260', '263', '265', '274', '276', '277', '282', '286', '292', '296', '297', '307', '309', '315', '316', '322', '324', '325', '329', '333', '353', '355', '357', '361', '362', '364', '367', '368', '379', '382', '386', '392', '395', '396', '397', '398', '399', '400', '401', '402', '403', '404', '405', '406', '407', '408', '409', '410', '411', '412', '413', '414', '415', '416', '417', '418', '419', '420', '422', '423', '424', '425', '426', '477', '483', '599'], '3': ['427', '428', '429', '430', '431', '432', '433', '434', '435', '436', '437', '438', '439', '440', '441', '442', '443', '444', '445', '446', '447', '448', '449', '450', '451', '452', '453', '454', '455', '456', '457', '458', '459', '460', '461', '462', '463', '464', '465', '466', '467', '468', '469', '470', '471', '472', '473', '474', '475', '476', '478', '479', '480', '481', '482', '484', '485', '486', '487', '488', '489', '490', '491', '492', '493', '494', '495', '496', '497', '498', '499', '500', '501', '502', '503', '504', '505', '506', '507', '508', '509', '510', '511', '512', '513', '514', '515', '516', '517', '518', '519', '520', '521', '522', '523', '524', '525', '526', '527', '528', '529', '530', '531', '532', '533', '534', '535', '536', '537', '538', '539', '540', '541', '542', '543', '544', '545', '546', '547', '548', '549', '550', '551', '552', '553', '554', '555', '556', '557', '558', '559', '560', '561', '562', '563', '564', '565', '566', '567', '568', '569', '570', '571', '572', '573', '574', '575', '576', '577', '578', '579', '580', '581', '582', '583', '584', '585', '586', '587', '588', '589', '590', '591', '592', '593', '594', '595', '596', '597', '598'], '0': ['100', '101', '102', '103', '104', '105', '107', '108', '109', '110', '113', '114', '116', '117', '118', '119', '120', '125', '126', '128', '129', '130', '132', '134', '136', '137', '139', '141', '142', '143', '144', '145', '146', '149', '150', '151', '152', '153', '154', '155', '158', '160', '161', '163', '164', '165', '170', '172', '174', '177', '179', '180', '181', '182', '185', '188', '189', '190', '194', '195', '196', '198', '199', '201', '202', '203', '204', '205', '208', '210', '211', '213', '214', '215', '216', '217', '218', '219', '221', '223', '224', '225', '226', '229', '230', '232', '233', '234', '235', '236', '237', '238', '240', '241', '242', '243', '244', '245', '250', '251', '253', '254', '257', '259', '261', '262', '264', '266', '267', '268', '269', '270', '271', '272', '273', '275', '278', '279', '280', '281', '283', '285', '287', '288', '289', '290', '291', '293', '295', '298', '299', '300', '301', '302', '304', '305', '306', '308', '310', '311', '312', '313', '314', '317', '318', '319', '320', '321', '323', '326', '327', '328', '330', '331', '332', '334', '335', '336', '337', '338', '339', '340', '341', '342', '343', '344', '345', '346', '347', '348', '349', '350', '351', '352', '354', '356', '358', '359', '360', '363', '365', '366', '369', '370', '371', '372', '373', '374', '375', '376', '377', '378', '380', '381', '383', '384', '385', '387', '388', '389', '390', '391', '393', '394', '193', '421', '294', '231', '303', '115', '284', '121', '123', '156', '255']}})
 Cluster1  2
 Cluster to drop  0
 After reassigning and merging cells 
 Timepoint  2
 Cluster  2  # of cells  57
 Cluster  0  # of cells  43
 Timepoint  3
 Cluster  2  # of cells  330
 Cluster  3  # of cells  170
 Tp cluster cell dict  {'2_2': 57, '0_2': 43, '2_3': 330, '3_3': 170}
 New Graph is here 
 ID  0  Timepoint  1  Mutations  []  Type  subclone
 ID  1  Timepoint  2  Mutations  [0, 1, 2, 3, 4, 5, 6, 7, 8]  Type  subclone
 ID  2  Timepoint  2  Mutations  [0, 1, 2, 3, 4, 5, 6, 7, 8, 30, 31]  Type  subclone
 ID  3  Timepoint  3  Mutations  [0, 1, 2, 3, 4, 5, 6, 7, 8, 30, 31]  Type  subclone
 ID  4  Timepoint  3  Mutations  [0, 1, 2, 3, 4, 5, 6, 7, 8, 32, 33, 34, 35, 36, 37, 38, 39, 40, 41, 42, 43, 44, 45, 46, 47, 48, 49, 50]  Type  subclone
Timepoints  SortedDict({1: [0], 2: [1, 2], 3: [3, 4]})
 Clone to nodes  {'2_2': 1, '0_2': 2, '2_3': 3, '3_3': 4}
 Timepoint ====  1
 Hash table  {'0,1': [0, 1, 2, 3, 4, 5, 6, 7, 8], '1': [30, 31]}
 Final possible usc  [[0, 1, 2, 3, 4, 5, 6, 7, 8], [30, 31]]
 Time  1  USC keys  {'30,31_0', '0,1,2,3,4,5,6,7,8_0'}
 USC children  {'0,1,2,3,4,5,6,7,8_0': [1, 2], '30,31_0': [2]}
 USC children  {'0,1,2,3,4,5,6,7,8_0': [1, 2], '30,31_0': [2]}
 Timepoint ====  2
 Hash table  {'0': [0, 1, 2, 3, 4, 5, 6, 7, 8, 32, 33, 34, 35, 36, 37, 38, 39, 40, 41, 42, 43, 44, 45, 46, 47, 48, 49, 50]}
====== Inside find superset of t nodes ==========
 Final possible usc  [[0, 1, 2, 3, 4, 5, 6, 7, 8, 32, 33, 34, 35, 36, 37, 38, 39, 40, 41, 42, 43, 44, 45, 46, 47, 48, 49, 50]]
 Time  2  USC keys  {'0,1,2,3,4,5,6,7,8,32,33,34,35,36,37,38,39,40,41,42,43,44,45,46,47,48,49,50_1'}
 USC children  {'0,1,2,3,4,5,6,7,8_0': [1, 2], '30,31_0': [2], '0,1,2,3,4,5,6,7,8,32,33,34,35,36,37,38,39,40,41,42,43,44,45,46,47,48,49,50_1': [4]}
 USC children  {'0,1,2,3,4,5,6,7,8_0': [1, 2], '30,31_0': [2], '0,1,2,3,4,5,6,7,8,32,33,34,35,36,37,38,39,40,41,42,43,44,45,46,47,48,49,50_1': [4]}
 Node s  {'1,2': ['0', '1', '2', '3', '4', '5', '6', '7', '8'], '4': ['0', '1', '2', '3', '4', '5', '6', '7', '8', '32', '33', '34', '35', '36', '37', '38', '39', '40', '41', '42', '43', '44', '45', '46', '47', '48', '49', '50']}
 Enroll USC nodes  ['1', '2']  len  2
 Enroll USC nodes  ['4']  len  1
 Node TP  SortedDict({1: [0], 2: [1, 2], 3: [3, 4]})
 Unobserved subclones at timepoints  {1.5: [5]}
 ============== Inside finding node v ============ 
 Time  2
 Time  3
 largest_v_mut  [[0, 1, 2, 3, 4, 5, 6, 7, 8]]
 Sorted all timepoints  [1, 1.5, 2, 3]
 Timepoint  2
 Inside usc_node check  2
 Timepoint  3
0   1   [-1]   subclone   []   []
1   2   [5]   subclone   [0, 1, 2, 3, 4, 5, 6, 7, 8]   [0]
2   2   [5]   subclone   [0, 1, 2, 3, 4, 5, 6, 7, 8, 30, 31]   [2]
3   3   [2]   subclone   [0, 1, 2, 3, 4, 5, 6, 7, 8, 30, 31]   [0]
4   3   [1]   subclone   [0, 1, 2, 3, 4, 5, 6, 7, 8, 32, 33, 34, 35, 36, 37, 38, 39, 40, 41, 42, 43, 44, 45, 46, 47, 48, 49, 50]   [19]
5   1.5   [0]   unobserved subclone   [0, 1, 2, 3, 4, 5, 6, 7, 8]   [9]
6
 Total estimated FP  837  True negatives  16090
 Total estimated FN  1493  True positives  6060
 Estimated FP rate  0.12136
 Estimated FN rate  0.08
 No. of Cells in each cluster  {'5_2': 39, '5_3': 41, '4_3': 6, '3_3': 173, '1_2': 61, '1_3': 280}
 Cells in each cluster  {'5_2': [0, 2, 3, 5, 6, 7, 8, 9, 11, 12, 13, 14, 16, 17, 18, 19, 21, 22, 23, 24, 26, 27, 28, 30, 31, 32, 35, 36, 37, 38, 39, 44, 56, 63, 65, 73, 74, 76, 97], '5_3': [122, 147, 157, 166, 169, 175, 176, 186, 200, 239, 258, 362, 368, 386, 392, 396, 397, 398, 399, 400, 401, 403, 405, 406, 407, 408, 409, 410, 412, 413, 414, 415, 416, 417, 418, 419, 422, 423, 424, 425, 426], '4_3': [124, 162, 197, 220, 284, 395], '3_3': [427, 428, 429, 430, 431, 432, 433, 434, 435, 436, 437, 438, 439, 440, 441, 442, 443, 444, 445, 446, 447, 448, 449, 450, 451, 452, 453, 454, 455, 456, 457, 458, 459, 460, 461, 462, 463, 464, 465, 466, 467, 468, 469, 470, 471, 472, 473, 474, 475, 476, 477, 478, 479, 480, 481, 482, 483, 484, 485, 486, 487, 488, 489, 490, 491, 492, 493, 494, 495, 496, 497, 498, 499, 500, 501, 502, 503, 504, 505, 506, 507, 508, 509, 510, 511, 512, 513, 514, 515, 516, 517, 518, 519, 520, 521, 522, 523, 524, 525, 526, 527, 528, 529, 530, 531, 532, 533, 534, 535, 536, 537, 538, 539, 540, 541, 542, 543, 544, 545, 546, 547, 548, 549, 550, 551, 552, 553, 554, 555, 556, 557, 558, 559, 560, 561, 562, 563, 564, 565, 566, 567, 568, 569, 570, 571, 572, 573, 574, 575, 576, 577, 578, 579, 580, 581, 582, 583, 584, 585, 586, 587, 588, 589, 590, 591, 592, 593, 594, 595, 596, 597, 598, 599], '1_2': [1, 4, 10, 29, 34, 41, 42, 43, 48, 49, 50, 51, 52, 53, 54, 55, 57, 58, 59, 60, 61, 62, 66, 68, 69, 70, 71, 72, 75, 77, 78, 79, 81, 82, 83, 84, 86, 87, 88, 89, 90, 92, 93, 94, 95, 96, 99, 15, 20, 40, 47, 67, 80, 25, 33, 45, 46, 64, 85, 91, 98], '1_3': [100, 101, 102, 103, 104, 105, 106, 107, 108, 109, 110, 111, 112, 113, 114, 115, 116, 117, 118, 119, 120, 121, 125, 126, 128, 129, 130, 131, 132, 134, 136, 137, 138, 139, 140, 141, 142, 143, 144, 145, 146, 148, 151, 152, 153, 154, 155, 156, 158, 159, 160, 161, 163, 165, 167, 170, 172, 174, 177, 179, 180, 181, 182, 185, 188, 189, 190, 191, 192, 194, 195, 196, 198, 199, 202, 203, 204, 205, 206, 208, 210, 211, 212, 213, 214, 215, 216, 218, 219, 221, 223, 224, 225, 226, 229, 230, 231, 232, 233, 234, 235, 236, 237, 238, 240, 241, 242, 243, 244, 245, 246, 247, 248, 250, 251, 252, 253, 254, 255, 257, 259, 260, 261, 263, 264, 266, 267, 268, 269, 270, 271, 272, 273, 275, 276, 277, 278, 279, 280, 281, 282, 283, 285, 287, 289, 290, 291, 292, 293, 294, 295, 298, 299, 301, 302, 303, 304, 305, 307, 308, 310, 311, 312, 313, 314, 315, 316, 317, 318, 319, 320, 321, 322, 323, 324, 326, 328, 329, 330, 331, 332, 334, 335, 336, 337, 338, 339, 340, 341, 342, 343, 344, 345, 346, 347, 348, 349, 350, 351, 352, 353, 354, 355, 356, 358, 359, 360, 361, 363, 364, 365, 367, 369, 370, 371, 372, 373, 374, 375, 376, 377, 378, 379, 380, 381, 383, 384, 385, 387, 388, 390, 391, 393, 394, 402, 420, 123, 127, 133, 135, 171, 173, 178, 183, 184, 187, 193, 207, 222, 227, 228, 249, 265, 286, 296, 297, 309, 325, 333, 357, 382, 404, 411, 421, 149, 150, 164, 168, 201, 209, 217, 256, 262, 274, 288, 300, 306, 327, 366, 389]}
FP rate  0.12136 FN rate  0.08
 Before reassigning cells 
 Timepoint  2
 Cluster  5  # of cells  57
 Cluster  1  # of cells  41
 Timepoint  3
 Cluster  5  # of cells  73
 Cluster  4  # of cells  35
 Cluster  3  # of cells  170
 Cluster  1  # of cells  164
 Cells absent at timepoint  3   {128, 387, 262, 265, 266, 139, 271, 145, 273, 404, 149, 151, 407, 156, 157, 284, 290, 163, 164, 293, 294, 421, 298, 303, 305, 306, 185, 186, 193, 198, 327, 328, 340, 345, 220, 221, 351, 375, 225, 228, 102, 103, 104, 105, 231, 234, 358, 109, 366, 242, 115, 245, 374, 119, 121, 378, 123, 255}
 Missing cell prob  {'1': 0.0006479281389769757, '4': 0.0006479281389769757, '3': 1.7360325373205587e-22, '5': 8.547017276765846e-05}
 Missing cell prob  {'1': 0.00011694625550949453, '4': 0.00011694625550949453, '3': 3.456316733233943e-18, '5': 1.5426736487643764e-05}
 Missing cell prob  {'1': 1.7834659899759745e-09, '4': 1.7834659899759745e-09, '3': 3.016069562544439e-25, '5': 2.352624266777002e-10}
 Missing cell prob  {'1': 8.935100690509763e-06, '4': 9.813421088386874e-05, '3': 2.900331555746876e-18, '5': 9.813421088386874e-05}
 Missing cell prob  {'1': 0.0002132821996019445, '4': 0.0002132821996019445, '3': 7.603679300729749e-16, '5': 2.8134704069230416e-05}
 Missing cell prob  {'1': 1.2470183927703047e-05, '4': 1.2470183927703047e-05, '3': 3.6855310320154496e-19, '5': 1.6449799146370015e-06}
 Missing cell prob  {'1': 5.8843421543318946e-08, '4': 5.8843421543318946e-08, '3': 1.4355157213896803e-27, '5': 7.762214824453468e-09}
 Missing cell prob  {'1': 7.024753247937743e-07, '4': 7.024753247937743e-07, '3': 1.7211404829475876e-22, '5': 9.266565806192652e-08}
 Missing cell prob  {'1': 1.5548014316039715e-07, '4': 1.5548014316039715e-07, '3': 2.8878354104927676e-22, '5': 2.050985888472369e-08}
 Missing cell prob  {'1': 6.587862640898502e-06, '4': 7.235449538498823e-05, '3': 1.2183353083159995e-24, '5': 7.235449538498823e-05}
 Missing cell prob  {'1': 1.2812288398531561e-05, '4': 1.2812288398531561e-05, '3': 6.617662436976183e-17, '5': 1.6901079565715113e-06}
 Missing cell prob  {'1': 3.569237494580612e-08, '4': 3.569237494580612e-08, '3': 1.1535818993350733e-24, '5': 4.708289808068512e-09}
 Missing cell prob  {'1': 8.67491055840212e-08, '4': 9.527654266293048e-07, '3': 2.1346440250297007e-19, '5': 9.527654266293048e-07}
 Missing cell prob  {'1': 0.0008394216819784803, '4': 0.0008394216819784803, '3': 2.2588449024998323e-18, '5': 0.0008394216819784803}
 Missing cell prob  {'1': 0.0013567536056817322, '4': 0.014901224851202455, '3': 4.83693403714249e-15, '5': 0.014901224851202455}
 Missing cell prob  {'1': 5.1664896028425726e-09, '4': 5.1664896028425726e-09, '3': 9.6375862042422e-20, '5': 5.1664896028425726e-09}
 Missing cell prob  {'1': 1.4991861748660197e-05, '4': 1.4991861748660197e-05, '3': 5.344717424634548e-17, '5': 1.9776221106710884e-06}
 Missing cell prob  {'1': 5.6251876348553396e-06, '4': 5.6251876348553396e-06, '3': 1.9967835190194286e-21, '5': 7.420356210500475e-07}
 Missing cell prob  {'1': 1.0637740320167387e-07, '4': 1.0637740320167387e-07, '3': 2.3833556696739613e-20, '5': 1.4032567013646887e-08}
 Missing cell prob  {'1': 6.27457703868917e-09, '4': 6.27457703868917e-09, '3': 1.1654186438134708e-23, '5': 8.276985537123019e-10}
 Missing cell prob  {'1': 0.0008466847226504807, '4': 0.0008466847226504807, '3': 2.278389408855599e-18, '5': 0.0008466847226504807}
 Missing cell prob  {'1': 0.0001330991708885261, '4': 0.0001330991708885261, '3': 4.32039591654243e-17, '5': 0.0001330991708885261}
 Missing cell prob  {'1': 4.6790135615248665e-06, '4': 4.6790135615248665e-06, '3': 1.2536760323755535e-24, '5': 6.172229193768018e-07}
 Missing cell prob  {'1': 4.981370616936487e-08, '4': 4.981370616936487e-08, '3': 1.1112534366716817e-24, '5': 4.981370616936487e-08}
 Missing cell prob  {'1': 0.0001018545578845662, '4': 0.0001018545578845662, '3': 1.891811989622972e-19, '5': 1.3435944722685812e-05}
 Missing cell prob  {'1': 9.33186328175048e-09, '4': 9.33186328175048e-09, '3': 3.9958051719136507e-22, '5': 1.2309944868187372e-09}
 Missing cell prob  {'1': 1.1374155087684407e-05, '4': 1.1374155087684407e-05, '3': 3.347118963999417e-23, '5': 1.5003994146101952e-06}
 Missing cell prob  {'1': 5.9003957332285735e-05, '4': 0.0006480404633804944, '3': 1.5877691881059615e-19, '5': 0.0006480404633804944}
 Missing cell prob  {'1': 7.217014514606862e-08, '4': 7.217014514606862e-08, '3': 1.2204896494965071e-23, '5': 7.217014514606862e-08}
 Missing cell prob  {'1': 0.00044338048745497645, '4': 0.00044338048745497645, '3': 1.3047538268884147e-21, '5': 5.848766951906079e-05}
 Missing cell prob  {'1': 5.998236038330607e-07, '4': 5.998236038330607e-07, '3': 1.938637182945583e-23, '5': 7.912455713171766e-08}
 Missing cell prob  {'1': 0.0002096023979299424, '4': 0.0002096023979299424, '3': 5.135485328342608e-20, '5': 2.764929023128022e-05}
 Missing cell prob  {'1': 5.7883596307990644e-06, '4': 5.7883596307990644e-06, '3': 1.7033641744233062e-23, '5': 7.635601356454067e-07}
 Missing cell prob  {'1': 6.65661357541892e-05, '4': 6.65661357541892e-05, '3': 1.4849697565424007e-21, '5': 8.780941559922171e-06}
 Missing cell prob  {'1': 7.2042754376507035e-09, '4': 7.912455713171766e-08, '3': 1.338097669123463e-23, '5': 7.912455713171766e-08}
 Missing cell prob  {'1': 0.006604690569529671, '4': 0.006604690569529671, '3': 2.1346440250297017e-19, '5': 0.0008712448342588271}
 Missing cell prob  {'1': 1.1573840946828353e-05, '4': 1.1573840946828353e-05, '3': 3.4206191517661105e-19, '5': 1.5267405840294443e-06}
 Missing cell prob  {'1': 9.611757664953935e-07, '4': 9.611757664953935e-07, '3': 3.4119038403742533e-22, '5': 1.2679162067595758e-07}
 Missing cell prob  {'1': 0.00013816901643371281, '4': 0.00013816901643371281, '3': 4.465639415950093e-21, '5': 1.8226295472168896e-05}
 Missing cell prob  {'1': 7.2226779210527415e-06, '4': 7.932667160692225e-05, '3': 2.1346440250297017e-19, '5': 7.932667160692225e-05}
 Missing cell prob  {'1': 9.628753811428005e-06, '4': 9.628753811428005e-06, '3': 2.1480003369826256e-22, '5': 1.2701582201683726e-06}
 Missing cell prob  {'1': 6.70351984806939e-06, '4': 6.70351984806939e-06, '3': 2.3795611490546862e-21, '5': 8.842817051757626e-07}
 Missing cell prob  {'1': 1.8194123418174017e-06, '4': 1.8194123418174017e-06, '3': 6.48634906653649e-18, '5': 2.400042193510434e-07}
 Missing cell prob  {'1': 1.1374155087684406e-05, '4': 1.1374155087684406e-05, '3': 3.0607325009168764e-20, '5': 1.5003994146101943e-06}
 Missing cell prob  {'1': 0.00011071147596148495, '4': 0.00011071147596148495, '3': 1.704700855072288e-21, '5': 0.00011071147596148495}
 Missing cell prob  {'1': 0.0008789355679461462, '4': 0.0008789355679461462, '3': 3.119974248467855e-19, '5': 0.00011594306578906985}
 Missing cell prob  {'1': 1.908425730036806e-05, '4': 1.908425730036806e-05, '3': 5.640303536118684e-19, '5': 2.517462463013768e-06}
 Missing cell prob  {'1': 9.712065967945404e-06, '4': 9.712065967945404e-06, '3': 3.1389515331443123e-22, '5': 1.2811481802933192e-06}
 Missing cell prob  {'1': 1.6595006348146144e-06, '4': 1.6595006348146144e-06, '3': 3.718064295397947e-19, '5': 2.1890977939250163e-07}
 Missing cell prob  {'1': 1.104293969153104e-07, '4': 1.104293969153104e-07, '3': 2.4741394442371565e-20, '5': 1.4567077836567465e-08}
 Missing cell prob  {'1': 3.3149995516300884e-08, '4': 3.3149995516300884e-08, '3': 8.157252963270596e-20, '5': 3.3149995516300884e-08}
 Missing cell prob  {'1': 1.9084257300368056e-05, '4': 1.9084257300368056e-05, '3': 3.8930838019736335e-19, '5': 2.5174624630137693e-06}
 Missing cell prob  {'1': 1.1909567832866313e-05, '4': 1.1909567832866313e-05, '3': 2.4294865075909366e-19, '5': 1.5710273393441906e-06}
 Missing cell prob  {'1': 9.028347401315925e-05, '4': 9.028347401315925e-05, '3': 2.91797286083667e-21, '5': 1.1909567832866306e-05}
 Missing cell prob  {'1': 2.0743757935182672e-05, '4': 2.0743757935182672e-05, '3': 3.5080353240678815e-21, '5': 2.0743757935182672e-05}
 Missing cell prob  {'1': 2.1699430700037666e-07, '4': 2.1699430700037666e-07, '3': 7.013282394193985e-24, '5': 2.8624379453875776e-08}
 Missing cell prob  {'1': 8.199348353877238e-09, '4': 8.199348353877238e-09, '3': 2.423296478681976e-22, '5': 8.199348353877238e-09}
 Missing cell prob  {'1': 8.53340964207555e-06, '4': 8.53340964207555e-06, '3': 1.733268614443913e-23, '5': 8.53340964207555e-06}
 Cells absent at timepoint  2   {49, 50}
 Missing cell prob  {'1': 8.842817051757628e-07, '5': 8.842817051757628e-07}
 Missing cell prob  {'1': 7.783391588963261e-06, '5': 7.783391588963261e-06}
 Timepoint  2
 Timepoint  3
SortedDict({2: {'5': ['0', '1', '2', '3', '4', '5', '6', '7', '8', '9', '10', '11', '12', '13', '14', '15', '16', '17', '18', '19', '20', '21', '22', '23', '24', '25', '26', '27', '28', '29', '30', '31', '32', '33', '34', '35', '36', '37', '38', '39', '40', '44', '47', '52', '53', '56', '63', '65', '67', '71', '72', '73', '74', '76', '80', '85', '97'], '1': ['41', '42', '43', '45', '46', '48', '51', '54', '55', '57', '58', '59', '60', '61', '62', '64', '66', '68', '69', '70', '75', '77', '78', '79', '81', '82', '83', '84', '86', '87', '88', '89', '90', '91', '92', '93', '94', '95', '96', '98', '99', '49', '50']}, 3: {'5': ['106', '111', '122', '124', '131', '138', '147', '159', '162', '166', '167', '168', '169', '175', '176', '184', '191', '192', '197', '200', '206', '207', '209', '212', '239', '246', '248', '249', '258', '263', '277', '292', '307', '324', '325', '329', '353', '355', '362', '367', '386', '392', '395', '396', '397', '398', '399', '400', '401', '402', '403', '405', '406', '408', '409', '410', '412', '413', '414', '415', '416', '417', '418', '419', '420', '422', '423', '424', '425', '426', '477', '483', '599'], '4': ['112', '127', '133', '135', '140', '148', '171', '173', '178', '183', '187', '222', '227', '247', '252', '256', '260', '274', '276', '282', '286', '296', '297', '309', '315', '316', '322', '333', '357', '361', '364', '368', '379', '382', '411', '265', '404', '407', '157', '186', '220', '228'], '3': ['427', '428', '429', '430', '431', '432', '433', '434', '435', '436', '437', '438', '439', '440', '441', '442', '443', '444', '445', '446', '447', '448', '449', '450', '451', '452', '453', '454', '455', '456', '457', '458', '459', '460', '461', '462', '463', '464', '465', '466', '467', '468', '469', '470', '471', '472', '473', '474', '475', '476', '478', '479', '480', '481', '482', '484', '485', '486', '487', '488', '489', '490', '491', '492', '493', '494', '495', '496', '497', '498', '499', '500', '501', '502', '503', '504', '505', '506', '507', '508', '509', '510', '511', '512', '513', '514', '515', '516', '517', '518', '519', '520', '521', '522', '523', '524', '525', '526', '527', '528', '529', '530', '531', '532', '533', '534', '535', '536', '537', '538', '539', '540', '541', '542', '543', '544', '545', '546', '547', '548', '549', '550', '551', '552', '553', '554', '555', '556', '557', '558', '559', '560', '561', '562', '563', '564', '565', '566', '567', '568', '569', '570', '571', '572', '573', '574', '575', '576', '577', '578', '579', '580', '581', '582', '583', '584', '585', '586', '587', '588', '589', '590', '591', '592', '593', '594', '595', '596', '597', '598'], '1': ['100', '101', '107', '108', '110', '113', '114', '116', '117', '118', '120', '125', '126', '129', '130', '132', '134', '136', '137', '141', '142', '143', '144', '146', '150', '152', '153', '154', '155', '158', '160', '161', '165', '170', '172', '174', '177', '179', '180', '181', '182', '188', '189', '190', '194', '195', '196', '199', '201', '202', '203', '204', '205', '208', '210', '211', '213', '214', '215', '216', '217', '218', '219', '223', '224', '226', '229', '230', '232', '233', '235', '236', '237', '238', '240', '241', '243', '244', '250', '251', '253', '254', '257', '259', '261', '264', '267', '268', '269', '270', '272', '275', '278', '279', '280', '281', '283', '285', '287', '288', '289', '291', '295', '299', '300', '301', '302', '304', '308', '310', '311', '312', '313', '314', '317', '318', '319', '320', '321', '323', '326', '330', '331', '332', '334', '335', '336', '337', '338', '339', '341', '342', '343', '344', '346', '347', '348', '349', '350', '352', '354', '356', '359', '360', '363', '365', '369', '370', '371', '372', '373', '376', '377', '380', '381', '383', '384', '385', '388', '389', '390', '391', '393', '394', '128', '387', '262', '266', '139', '271', '145', '273', '149', '151', '156', '284', '290', '163', '164', '293', '294', '421', '298', '303', '305', '306', '185', '193', '198', '327', '328', '340', '345', '221', '351', '375', '225', '102', '103', '104', '105', '231', '234', '358', '109', '366', '242', '115', '245', '374', '119', '121', '378', '123', '255']}})
 Cluster1  4
 Cluster to drop  1
 After reassigning and merging cells 
 Timepoint  2
 Cluster  5  # of cells  57
 Cluster  1  # of cells  43
 Timepoint  3
 Cluster  5  # of cells  73
 Cluster  4  # of cells  257
 Cluster  3  # of cells  170
 Tp cluster cell dict  {'5_2': 57, '1_2': 43, '5_3': 73, '4_3': 257, '3_3': 170}
 New Graph is here 
 ID  0  Timepoint  1  Mutations  []  Type  subclone
 ID  1  Timepoint  2  Mutations  [0, 1, 2, 3, 4, 5, 6, 7, 8]  Type  subclone
 ID  2  Timepoint  2  Mutations  [0, 1, 2, 3, 4, 5, 6, 7, 8, 30, 31]  Type  subclone
 ID  3  Timepoint  3  Mutations  [0, 1, 2, 3, 4, 5, 6, 7, 8]  Type  subclone
 ID  4  Timepoint  3  Mutations  [0, 1, 2, 3, 4, 5, 6, 7, 8, 30, 31]  Type  subclone
 ID  5  Timepoint  3  Mutations  [0, 1, 2, 3, 4, 5, 6, 7, 8, 32, 33, 34, 35, 36, 37, 38, 39, 40, 41, 42, 43, 44, 45, 46, 47, 48, 49, 50]  Type  subclone
Timepoints  SortedDict({1: [0], 2: [1, 2], 3: [3, 4, 5]})
 Clone to nodes  {'5_2': 1, '1_2': 2, '5_3': 3, '4_3': 4, '3_3': 5}
 Timepoint ====  1
 Hash table  {'0,1': [0, 1, 2, 3, 4, 5, 6, 7, 8], '1': [30, 31]}
 Final possible usc  [[0, 1, 2, 3, 4, 5, 6, 7, 8], [30, 31]]
 Time  1  USC keys  {'30,31_0', '0,1,2,3,4,5,6,7,8_0'}
 USC children  {'0,1,2,3,4,5,6,7,8_0': [1, 2], '30,31_0': [2]}
 USC children  {'0,1,2,3,4,5,6,7,8_0': [1, 2], '30,31_0': [2]}
 Timepoint ====  2
 Hash table  {'0': [0, 1, 2, 3, 4, 5, 6, 7, 8, 32, 33, 34, 35, 36, 37, 38, 39, 40, 41, 42, 43, 44, 45, 46, 47, 48, 49, 50]}
====== Inside find superset of t nodes ==========
 Final possible usc  [[0, 1, 2, 3, 4, 5, 6, 7, 8, 32, 33, 34, 35, 36, 37, 38, 39, 40, 41, 42, 43, 44, 45, 46, 47, 48, 49, 50]]
 Time  2  USC keys  {'0,1,2,3,4,5,6,7,8,32,33,34,35,36,37,38,39,40,41,42,43,44,45,46,47,48,49,50_1'}
 USC children  {'0,1,2,3,4,5,6,7,8_0': [1, 2], '30,31_0': [2], '0,1,2,3,4,5,6,7,8,32,33,34,35,36,37,38,39,40,41,42,43,44,45,46,47,48,49,50_1': [5]}
 USC children  {'0,1,2,3,4,5,6,7,8_0': [1, 2], '30,31_0': [2], '0,1,2,3,4,5,6,7,8,32,33,34,35,36,37,38,39,40,41,42,43,44,45,46,47,48,49,50_1': [5]}
 Node s  {'1,2': ['0', '1', '2', '3', '4', '5', '6', '7', '8'], '5': ['0', '1', '2', '3', '4', '5', '6', '7', '8', '32', '33', '34', '35', '36', '37', '38', '39', '40', '41', '42', '43', '44', '45', '46', '47', '48', '49', '50']}
 Enroll USC nodes  ['1', '2']  len  2
 Enroll USC nodes  ['5']  len  1
 Node TP  SortedDict({1: [0], 2: [1, 2], 3: [3, 4, 5]})
 Unobserved subclones at timepoints  {1.5: [6]}
 ============== Inside finding node v ============ 
 Time  2
 Time  3
 largest_v_mut  [[0, 1, 2, 3, 4, 5, 6, 7, 8]]
 Sorted all timepoints  [1, 1.5, 2, 3]
 Timepoint  2
 Inside usc_node check  2
 Timepoint  3
0   1   [-1]   subclone   []   []
1   2   [6]   subclone   [0, 1, 2, 3, 4, 5, 6, 7, 8]   [0]
2   2   [6]   subclone   [0, 1, 2, 3, 4, 5, 6, 7, 8, 30, 31]   [2]
3   3   [1]   subclone   [0, 1, 2, 3, 4, 5, 6, 7, 8]   [0]
4   3   [2]   subclone   [0, 1, 2, 3, 4, 5, 6, 7, 8, 30, 31]   [0]
5   3   [1]   subclone   [0, 1, 2, 3, 4, 5, 6, 7, 8, 32, 33, 34, 35, 36, 37, 38, 39, 40, 41, 42, 43, 44, 45, 46, 47, 48, 49, 50]   [19]
6   1.5   [0]   unobserved subclone   [0, 1, 2, 3, 4, 5, 6, 7, 8]   [9]
3
 Total estimated FP  838  True negatives  16102
 Total estimated FN  1481  True positives  6059
 Estimated FP rate  0.1215
 Estimated FN rate  0.08
 No. of Cells in each cluster  {'2_2': 42, '2_3': 51, '0_2': 58, '0_3': 276, '1_3': 173}
 Cells in each cluster  {'2_2': [0, 2, 3, 5, 6, 7, 8, 9, 11, 12, 13, 14, 15, 16, 17, 18, 19, 20, 21, 22, 23, 24, 26, 27, 28, 30, 31, 32, 35, 36, 37, 38, 39, 44, 47, 56, 63, 65, 73, 74, 76, 97], '2_3': [122, 147, 157, 162, 166, 169, 175, 176, 178, 186, 197, 200, 228, 239, 249, 258, 265, 284, 325, 362, 368, 386, 392, 395, 396, 397, 398, 399, 400, 401, 403, 404, 405, 406, 407, 408, 409, 410, 412, 413, 414, 415, 416, 417, 418, 419, 422, 423, 424, 425, 426], '0_2': [1, 4, 10, 25, 29, 33, 34, 40, 41, 42, 43, 45, 46, 48, 49, 50, 51, 52, 53, 54, 55, 57, 58, 59, 60, 61, 62, 64, 66, 67, 68, 69, 70, 71, 72, 75, 77, 78, 79, 80, 81, 82, 83, 84, 85, 86, 87, 88, 89, 90, 91, 92, 93, 94, 95, 96, 98, 99], '0_3': [100, 101, 102, 103, 104, 105, 106, 107, 108, 109, 110, 111, 112, 113, 114, 115, 116, 117, 118, 119, 120, 121, 123, 124, 125, 126, 127, 128, 129, 130, 131, 132, 133, 134, 135, 136, 137, 138, 139, 140, 141, 142, 143, 144, 145, 146, 148, 149, 150, 151, 152, 153, 154, 155, 156, 158, 159, 160, 161, 163, 164, 165, 167, 168, 170, 171, 172, 173, 174, 177, 179, 180, 181, 182, 183, 184, 185, 187, 188, 189, 190, 191, 192, 193, 194, 195, 196, 198, 199, 201, 202, 203, 204, 205, 206, 207, 208, 209, 210, 211, 212, 213, 214, 215, 216, 217, 218, 219, 220, 221, 222, 223, 224, 225, 226, 227, 229, 230, 231, 232, 233, 234, 235, 236, 237, 238, 240, 241, 242, 243, 244, 245, 246, 247, 248, 250, 251, 252, 253, 254, 255, 256, 257, 259, 260, 261, 262, 263, 264, 266, 267, 268, 269, 270, 271, 272, 273, 274, 275, 276, 277, 278, 279, 280, 281, 282, 283, 285, 286, 287, 288, 289, 290, 291, 292, 293, 294, 295, 296, 297, 298, 299, 300, 301, 302, 303, 304, 305, 306, 307, 308, 309, 310, 311, 312, 313, 314, 315, 316, 317, 318, 319, 320, 321, 322, 323, 324, 326, 327, 328, 329, 330, 331, 332, 333, 334, 335, 336, 337, 338, 339, 340, 341, 342, 343, 344, 345, 346, 347, 348, 349, 350, 351, 352, 353, 354, 355, 356, 357, 358, 359, 360, 361, 363, 364, 365, 366, 367, 369, 370, 371, 372, 373, 374, 375, 376, 377, 378, 379, 380, 381, 382, 383, 384, 385, 387, 388, 389, 390, 391, 393, 394, 402, 411, 420, 421], '1_3': [427, 428, 429, 430, 431, 432, 433, 434, 435, 436, 437, 438, 439, 440, 441, 442, 443, 444, 445, 446, 447, 448, 449, 450, 451, 452, 453, 454, 455, 456, 457, 458, 459, 460, 461, 462, 463, 464, 465, 466, 467, 468, 469, 470, 471, 472, 473, 474, 475, 476, 477, 478, 479, 480, 481, 482, 483, 484, 485, 486, 487, 488, 489, 490, 491, 492, 493, 494, 495, 496, 497, 498, 499, 500, 501, 502, 503, 504, 505, 506, 507, 508, 509, 510, 511, 512, 513, 514, 515, 516, 517, 518, 519, 520, 521, 522, 523, 524, 525, 526, 527, 528, 529, 530, 531, 532, 533, 534, 535, 536, 537, 538, 539, 540, 541, 542, 543, 544, 545, 546, 547, 548, 549, 550, 551, 552, 553, 554, 555, 556, 557, 558, 559, 560, 561, 562, 563, 564, 565, 566, 567, 568, 569, 570, 571, 572, 573, 574, 575, 576, 577, 578, 579, 580, 581, 582, 583, 584, 585, 586, 587, 588, 589, 590, 591, 592, 593, 594, 595, 596, 597, 598, 599]}
FP rate  0.1215 FN rate  0.08
 Before reassigning cells 
 Timepoint  2
 Cluster  2  # of cells  57
 Cluster  0  # of cells  41
 Timepoint  3
 Cluster  2  # of cells  115
 Cluster  0  # of cells  204
 Cluster  1  # of cells  170
 Cells absent at timepoint  3   {193, 421, 294, 231, 303, 115, 284, 121, 123, 156, 255}
 Missing cell prob  {'0': 7.194589791636636e-08, '1': 1.2183978532540891e-23, '2': 7.194589791636636e-08}
 Missing cell prob  {'0': 0.0001326594911046245, '1': 4.314365961489404e-17, '2': 0.0001326594911046245}
 Missing cell prob  {'0': 0.0008426468093725105, '1': 2.2725878315664353e-18, '2': 0.0008426468093725105}
 Missing cell prob  {'0': 0.0001104026527128275, '1': 1.7025928988958202e-21, '2': 0.0001104026527128275}
 Missing cell prob  {'0': 4.9609609408522895e-08, '1': 1.1095256489507927e-24, '2': 4.9609609408522895e-08}
 Missing cell prob  {'0': 3.3170819078775955e-08, '1': 8.168576843794671e-20, '2': 3.3170819078775955e-08}
 Missing cell prob  {'0': 5.175698762625435e-09, '1': 9.650965080097671e-20, '2': 5.175698762625435e-09}
 Missing cell prob  {'0': 2.0699083804054855e-05, '1': 3.505372787271852e-21, '2': 2.0699083804054855e-05}
 Missing cell prob  {'0': 8.179083002652644e-09, '1': 2.4223198640570237e-22, '2': 8.179083002652644e-09}
 Missing cell prob  {'0': 0.0008351522015963385, '1': 2.2523751466727786e-18, '2': 0.0008351522015963385}
 Missing cell prob  {'0': 8.501155432618213e-06, '1': 1.7314012092119658e-23, '2': 8.501155432618213e-06}
 Cells absent at timepoint  2   {49, 50}
 Missing cell prob  {'0': 8.812201356174868e-07, '2': 8.812201356174868e-07}
 Missing cell prob  {'0': 7.751501470081703e-06, '2': 7.751501470081703e-06}
 Timepoint  2
 Timepoint  3
SortedDict({2: {'2': ['0', '1', '2', '3', '4', '5', '6', '7', '8', '9', '10', '11', '12', '13', '14', '15', '16', '17', '18', '19', '20', '21', '22', '23', '24', '25', '26', '27', '28', '29', '30', '31', '32', '33', '34', '35', '36', '37', '38', '39', '40', '44', '47', '52', '53', '56', '63', '65', '67', '71', '72', '73', '74', '76', '80', '85', '97'], '0': ['41', '42', '43', '45', '46', '48', '51', '54', '55', '57', '58', '59', '60', '61', '62', '64', '66', '68', '69', '70', '75', '77', '78', '79', '81', '82', '83', '84', '86', '87', '88', '89', '90', '91', '92', '93', '94', '95', '96', '98', '99', '49', '50']}, 3: {'2': ['106', '111', '112', '122', '124', '127', '131', '133', '135', '138', '140', '147', '148', '157', '159', '162', '166', '167', '168', '169', '171', '173', '175', '176', '178', '183', '184', '186', '187', '191', '192', '197', '200', '206', '207', '209', '212', '220', '222', '227', '228', '239', '246', '247', '248', '249', '252', '256', '258', '260', '263', '265', '274', '276', '277', '282', '286', '292', '296', '297', '307', '309', '315', '316', '322', '324', '325', '329', '333', '353', '355', '357', '361', '362', '364', '367', '368', '379', '382', '386', '392', '395', '396', '397', '398', '399', '400', '401', '402', '403', '404', '405', '406', '407', '408', '409', '410', '411', '412', '413', '414', '415', '416', '417', '418', '419', '420', '422', '423', '424', '425', '426', '477', '483', '599'], '0': ['100', '101', '102', '103', '104', '105', '107', '108', '109', '110', '113', '114', '116', '117', '118', '119', '120', '125', '126', '128', '129', '130', '132', '134', '136', '137', '139', '141', '142', '143', '144', '145', '146', '149', '150', '151', '152', '153', '154', '155', '158', '160', '161', '163', '164', '165', '170', '172', '174', '177', '179', '180', '181', '182', '185', '188', '189', '190', '194', '195', '196', '198', '199', '201', '202', '203', '204', '205', '208', '210', '211', '213', '214', '215', '216', '217', '218', '219', '221', '223', '224', '225', '226', '229', '230', '232', '233', '234', '235', '236', '237', '238', '240', '241', '242', '243', '244', '245', '250', '251', '253', '254', '257', '259', '261', '262', '264', '266', '267', '268', '269', '270', '271', '272', '273', '275', '278', '279', '280', '281', '283', '285', '287', '288', '289', '290', '291', '293', '295', '298', '299', '300', '301', '302', '304', '305', '306', '308', '310', '311', '312', '313', '314', '317', '318', '319', '320', '321', '323', '326', '327', '328', '330', '331', '332', '334', '335', '336', '337', '338', '339', '340', '341', '342', '343', '344', '345', '346', '347', '348', '349', '350', '351', '352', '354', '356', '358', '359', '360', '363', '365', '366', '369', '370', '371', '372', '373', '374', '375', '376', '377', '378', '380', '381', '383', '384', '385', '387', '388', '389', '390', '391', '393', '394', '193', '421', '294', '231', '303', '115', '284', '121', '123', '156', '255'], '1': ['427', '428', '429', '430', '431', '432', '433', '434', '435', '436', '437', '438', '439', '440', '441', '442', '443', '444', '445', '446', '447', '448', '449', '450', '451', '452', '453', '454', '455', '456', '457', '458', '459', '460', '461', '462', '463', '464', '465', '466', '467', '468', '469', '470', '471', '472', '473', '474', '475', '476', '478', '479', '480', '481', '482', '484', '485', '486', '487', '488', '489', '490', '491', '492', '493', '494', '495', '496', '497', '498', '499', '500', '501', '502', '503', '504', '505', '506', '507', '508', '509', '510', '511', '512', '513', '514', '515', '516', '517', '518', '519', '520', '521', '522', '523', '524', '525', '526', '527', '528', '529', '530', '531', '532', '533', '534', '535', '536', '537', '538', '539', '540', '541', '542', '543', '544', '545', '546', '547', '548', '549', '550', '551', '552', '553', '554', '555', '556', '557', '558', '559', '560', '561', '562', '563', '564', '565', '566', '567', '568', '569', '570', '571', '572', '573', '574', '575', '576', '577', '578', '579', '580', '581', '582', '583', '584', '585', '586', '587', '588', '589', '590', '591', '592', '593', '594', '595', '596', '597', '598']}})
 Cluster1  2
 Cluster to drop  0
 After reassigning and merging cells 
 Timepoint  2
 Cluster  2  # of cells  57
 Cluster  0  # of cells  43
 Timepoint  3
 Cluster  2  # of cells  330
 Cluster  1  # of cells  170
 Tp cluster cell dict  {'2_2': 57, '0_2': 43, '2_3': 330, '1_3': 170}
 New Graph is here 
 ID  0  Timepoint  1  Mutations  []  Type  subclone
 ID  1  Timepoint  2  Mutations  [0, 1, 2, 3, 4, 5, 6, 7, 8]  Type  subclone
 ID  2  Timepoint  2  Mutations  [0, 1, 2, 3, 4, 5, 6, 7, 8, 30, 31]  Type  subclone
 ID  3  Timepoint  3  Mutations  [0, 1, 2, 3, 4, 5, 6, 7, 8, 30, 31]  Type  subclone
 ID  4  Timepoint  3  Mutations  [0, 1, 2, 3, 4, 5, 6, 7, 8, 32, 33, 34, 35, 36, 37, 38, 39, 40, 41, 42, 43, 44, 45, 46, 47, 48, 49, 50]  Type  subclone
Timepoints  SortedDict({1: [0], 2: [1, 2], 3: [3, 4]})
 Clone to nodes  {'2_2': 1, '0_2': 2, '2_3': 3, '1_3': 4}
 Timepoint ====  1
 Hash table  {'0,1': [0, 1, 2, 3, 4, 5, 6, 7, 8], '1': [30, 31]}
 Final possible usc  [[0, 1, 2, 3, 4, 5, 6, 7, 8], [30, 31]]
 Time  1  USC keys  {'0,1,2,3,4,5,6,7,8_0', '30,31_0'}
 USC children  {'0,1,2,3,4,5,6,7,8_0': [1, 2], '30,31_0': [2]}
 USC children  {'0,1,2,3,4,5,6,7,8_0': [1, 2], '30,31_0': [2]}
 Timepoint ====  2
 Hash table  {'0': [0, 1, 2, 3, 4, 5, 6, 7, 8, 32, 33, 34, 35, 36, 37, 38, 39, 40, 41, 42, 43, 44, 45, 46, 47, 48, 49, 50]}
====== Inside find superset of t nodes ==========
 Final possible usc  [[0, 1, 2, 3, 4, 5, 6, 7, 8, 32, 33, 34, 35, 36, 37, 38, 39, 40, 41, 42, 43, 44, 45, 46, 47, 48, 49, 50]]
 Time  2  USC keys  {'0,1,2,3,4,5,6,7,8,32,33,34,35,36,37,38,39,40,41,42,43,44,45,46,47,48,49,50_1'}
 USC children  {'0,1,2,3,4,5,6,7,8_0': [1, 2], '30,31_0': [2], '0,1,2,3,4,5,6,7,8,32,33,34,35,36,37,38,39,40,41,42,43,44,45,46,47,48,49,50_1': [4]}
 USC children  {'0,1,2,3,4,5,6,7,8_0': [1, 2], '30,31_0': [2], '0,1,2,3,4,5,6,7,8,32,33,34,35,36,37,38,39,40,41,42,43,44,45,46,47,48,49,50_1': [4]}
 Node s  {'1,2': ['0', '1', '2', '3', '4', '5', '6', '7', '8'], '4': ['0', '1', '2', '3', '4', '5', '6', '7', '8', '32', '33', '34', '35', '36', '37', '38', '39', '40', '41', '42', '43', '44', '45', '46', '47', '48', '49', '50']}
 Enroll USC nodes  ['1', '2']  len  2
 Enroll USC nodes  ['4']  len  1
 Node TP  SortedDict({1: [0], 2: [1, 2], 3: [3, 4]})
 Unobserved subclones at timepoints  {1.5: [5]}
 ============== Inside finding node v ============ 
 Time  2
 Time  3
 largest_v_mut  [[0, 1, 2, 3, 4, 5, 6, 7, 8]]
 Sorted all timepoints  [1, 1.5, 2, 3]
 Timepoint  2
 Inside usc_node check  2
 Timepoint  3
0   1   [-1]   subclone   []   []
1   2   [5]   subclone   [0, 1, 2, 3, 4, 5, 6, 7, 8]   [0]
2   2   [5]   subclone   [0, 1, 2, 3, 4, 5, 6, 7, 8, 30, 31]   [2]
3   3   [2]   subclone   [0, 1, 2, 3, 4, 5, 6, 7, 8, 30, 31]   [0]
4   3   [1]   subclone   [0, 1, 2, 3, 4, 5, 6, 7, 8, 32, 33, 34, 35, 36, 37, 38, 39, 40, 41, 42, 43, 44, 45, 46, 47, 48, 49, 50]   [19]
5   1.5   [0]   unobserved subclone   [0, 1, 2, 3, 4, 5, 6, 7, 8]   [9]
7
 Total estimated FP  837  True negatives  16091
 Total estimated FN  1492  True positives  6060
 Estimated FP rate  0.12136
 Estimated FN rate  0.08
 No. of Cells in each cluster  {'2_2': 38, '2_3': 44, '3_3': 173, '1_2': 62, '1_3': 283}
 Cells in each cluster  {'2_2': [0, 2, 3, 5, 6, 7, 8, 9, 11, 12, 13, 14, 15, 16, 17, 18, 19, 21, 22, 23, 24, 26, 27, 30, 31, 32, 35, 36, 37, 38, 39, 44, 56, 63, 65, 73, 74, 97], '2_3': [122, 147, 157, 162, 166, 169, 175, 176, 197, 200, 239, 249, 258, 325, 362, 368, 386, 392, 395, 396, 397, 398, 399, 400, 401, 403, 405, 406, 408, 409, 410, 412, 413, 414, 415, 416, 417, 418, 419, 422, 423, 424, 425, 426], '3_3': [427, 428, 429, 430, 431, 432, 433, 434, 435, 436, 437, 438, 439, 440, 441, 442, 443, 444, 445, 446, 447, 448, 449, 450, 451, 452, 453, 454, 455, 456, 457, 458, 459, 460, 461, 462, 463, 464, 465, 466, 467, 468, 469, 470, 471, 472, 473, 474, 475, 476, 477, 478, 479, 480, 481, 482, 483, 484, 485, 486, 487, 488, 489, 490, 491, 492, 493, 494, 495, 496, 497, 498, 499, 500, 501, 502, 503, 504, 505, 506, 507, 508, 509, 510, 511, 512, 513, 514, 515, 516, 517, 518, 519, 520, 521, 522, 523, 524, 525, 526, 527, 528, 529, 530, 531, 532, 533, 534, 535, 536, 537, 538, 539, 540, 541, 542, 543, 544, 545, 546, 547, 548, 549, 550, 551, 552, 553, 554, 555, 556, 557, 558, 559, 560, 561, 562, 563, 564, 565, 566, 567, 568, 569, 570, 571, 572, 573, 574, 575, 576, 577, 578, 579, 580, 581, 582, 583, 584, 585, 586, 587, 588, 589, 590, 591, 592, 593, 594, 595, 596, 597, 598, 599], '1_2': [1, 4, 10, 34, 42, 43, 48, 49, 50, 51, 52, 53, 55, 57, 58, 59, 60, 61, 62, 66, 67, 68, 70, 71, 72, 75, 77, 78, 79, 80, 81, 82, 83, 84, 87, 88, 89, 90, 92, 94, 95, 96, 99, 25, 33, 85, 54, 93, 20, 28, 40, 47, 76, 29, 41, 45, 46, 64, 69, 86, 91, 98], '1_3': [100, 101, 102, 103, 104, 105, 106, 107, 108, 109, 110, 111, 112, 113, 114, 115, 116, 117, 118, 119, 120, 121, 125, 126, 127, 128, 129, 130, 131, 132, 133, 134, 135, 136, 137, 139, 140, 141, 142, 143, 145, 146, 148, 151, 153, 154, 155, 156, 159, 160, 161, 163, 165, 167, 168, 170, 172, 173, 174, 177, 179, 180, 181, 182, 184, 185, 187, 188, 189, 191, 192, 194, 195, 196, 198, 199, 202, 203, 204, 206, 207, 208, 209, 210, 211, 212, 213, 214, 215, 216, 218, 219, 221, 222, 223, 224, 225, 226, 227, 229, 230, 231, 232, 233, 234, 235, 236, 237, 238, 242, 244, 245, 246, 247, 248, 250, 251, 252, 253, 254, 257, 259, 260, 261, 263, 264, 266, 267, 268, 269, 270, 271, 272, 273, 275, 276, 277, 278, 279, 280, 281, 282, 283, 285, 287, 289, 290, 291, 292, 293, 294, 295, 297, 299, 301, 302, 304, 305, 307, 308, 309, 310, 311, 312, 313, 314, 315, 316, 317, 318, 319, 320, 321, 323, 324, 326, 327, 328, 330, 331, 332, 333, 334, 335, 336, 337, 338, 339, 340, 341, 342, 343, 345, 346, 347, 348, 349, 350, 351, 352, 353, 355, 356, 357, 358, 359, 360, 361, 363, 364, 365, 367, 369, 370, 371, 374, 375, 376, 377, 379, 380, 381, 383, 384, 385, 387, 388, 390, 391, 393, 402, 411, 420, 256, 366, 138, 149, 158, 164, 205, 240, 262, 288, 306, 329, 372, 373, 378, 394, 123, 171, 178, 183, 186, 193, 228, 265, 286, 296, 382, 404, 407, 421, 124, 144, 150, 152, 190, 201, 217, 220, 241, 243, 255, 274, 284, 298, 300, 303, 322, 344, 354, 389]}
FP rate  0.12136 FN rate  0.08
 Before reassigning cells 
 Timepoint  2
 Cluster  2  # of cells  57
 Cluster  1  # of cells  41
 Timepoint  3
 Cluster  2  # of cells  115
 Cluster  3  # of cells  170
 Cluster  1  # of cells  204
 Cells absent at timepoint  2   {49, 50}
 Missing cell prob  {'1': 8.842817051757628e-07, '2': 8.842817051757628e-07}
 Missing cell prob  {'1': 7.783391588963261e-06, '2': 7.783391588963261e-06}
 Cells absent at timepoint  3   {193, 421, 294, 231, 303, 115, 284, 121, 123, 156, 255}
 Missing cell prob  {'3': 1.2204896494965071e-23, '2': 7.217014514606862e-08, '1': 7.217014514606862e-08}
 Missing cell prob  {'3': 4.32039591654243e-17, '2': 0.0001330991708885261, '1': 0.0001330991708885261}
 Missing cell prob  {'3': 2.278389408855599e-18, '2': 0.0008466847226504807, '1': 0.0008466847226504807}
 Missing cell prob  {'3': 1.704700855072288e-21, '2': 0.00011071147596148495, '1': 0.00011071147596148495}
 Missing cell prob  {'3': 1.1112534366716817e-24, '2': 4.981370616936487e-08, '1': 4.981370616936487e-08}
 Missing cell prob  {'3': 8.157252963270596e-20, '2': 3.3149995516300884e-08, '1': 3.3149995516300884e-08}
 Missing cell prob  {'3': 9.6375862042422e-20, '2': 5.1664896028425726e-09, '1': 5.1664896028425726e-09}
 Missing cell prob  {'3': 3.5080353240678815e-21, '2': 2.0743757935182672e-05, '1': 2.0743757935182672e-05}
 Missing cell prob  {'3': 2.423296478681976e-22, '2': 8.199348353877238e-09, '1': 8.199348353877238e-09}
 Missing cell prob  {'3': 2.2588449024998323e-18, '2': 0.0008394216819784803, '1': 0.0008394216819784803}
 Missing cell prob  {'3': 1.733268614443913e-23, '2': 8.53340964207555e-06, '1': 8.53340964207555e-06}
 Timepoint  2
 Timepoint  3
SortedDict({2: {'2': ['0', '1', '2', '3', '4', '5', '6', '7', '8', '9', '10', '11', '12', '13', '14', '15', '16', '17', '18', '19', '20', '21', '22', '23', '24', '25', '26', '27', '28', '29', '30', '31', '32', '33', '34', '35', '36', '37', '38', '39', '40', '44', '47', '52', '53', '56', '63', '65', '67', '71', '72', '73', '74', '76', '80', '85', '97'], '1': ['41', '42', '43', '45', '46', '48', '51', '54', '55', '57', '58', '59', '60', '61', '62', '64', '66', '68', '69', '70', '75', '77', '78', '79', '81', '82', '83', '84', '86', '87', '88', '89', '90', '91', '92', '93', '94', '95', '96', '98', '99', '49', '50']}, 3: {'2': ['106', '111', '112', '122', '124', '127', '131', '133', '135', '138', '140', '147', '148', '157', '159', '162', '166', '167', '168', '169', '171', '173', '175', '176', '178', '183', '184', '186', '187', '191', '192', '197', '200', '206', '207', '209', '212', '220', '222', '227', '228', '239', '246', '247', '248', '249', '252', '256', '258', '260', '263', '265', '274', '276', '277', '282', '286', '292', '296', '297', '307', '309', '315', '316', '322', '324', '325', '329', '333', '353', '355', '357', '361', '362', '364', '367', '368', '379', '382', '386', '392', '395', '396', '397', '398', '399', '400', '401', '402', '403', '404', '405', '406', '407', '408', '409', '410', '411', '412', '413', '414', '415', '416', '417', '418', '419', '420', '422', '423', '424', '425', '426', '477', '483', '599', '193', '421', '294', '231', '303', '115', '284', '121', '123', '156', '255'], '3': ['427', '428', '429', '430', '431', '432', '433', '434', '435', '436', '437', '438', '439', '440', '441', '442', '443', '444', '445', '446', '447', '448', '449', '450', '451', '452', '453', '454', '455', '456', '457', '458', '459', '460', '461', '462', '463', '464', '465', '466', '467', '468', '469', '470', '471', '472', '473', '474', '475', '476', '478', '479', '480', '481', '482', '484', '485', '486', '487', '488', '489', '490', '491', '492', '493', '494', '495', '496', '497', '498', '499', '500', '501', '502', '503', '504', '505', '506', '507', '508', '509', '510', '511', '512', '513', '514', '515', '516', '517', '518', '519', '520', '521', '522', '523', '524', '525', '526', '527', '528', '529', '530', '531', '532', '533', '534', '535', '536', '537', '538', '539', '540', '541', '542', '543', '544', '545', '546', '547', '548', '549', '550', '551', '552', '553', '554', '555', '556', '557', '558', '559', '560', '561', '562', '563', '564', '565', '566', '567', '568', '569', '570', '571', '572', '573', '574', '575', '576', '577', '578', '579', '580', '581', '582', '583', '584', '585', '586', '587', '588', '589', '590', '591', '592', '593', '594', '595', '596', '597', '598'], '1': ['100', '101', '102', '103', '104', '105', '107', '108', '109', '110', '113', '114', '116', '117', '118', '119', '120', '125', '126', '128', '129', '130', '132', '134', '136', '137', '139', '141', '142', '143', '144', '145', '146', '149', '150', '151', '152', '153', '154', '155', '158', '160', '161', '163', '164', '165', '170', '172', '174', '177', '179', '180', '181', '182', '185', '188', '189', '190', '194', '195', '196', '198', '199', '201', '202', '203', '204', '205', '208', '210', '211', '213', '214', '215', '216', '217', '218', '219', '221', '223', '224', '225', '226', '229', '230', '232', '233', '234', '235', '236', '237', '238', '240', '241', '242', '243', '244', '245', '250', '251', '253', '254', '257', '259', '261', '262', '264', '266', '267', '268', '269', '270', '271', '272', '273', '275', '278', '279', '280', '281', '283', '285', '287', '288', '289', '290', '291', '293', '295', '298', '299', '300', '301', '302', '304', '305', '306', '308', '310', '311', '312', '313', '314', '317', '318', '319', '320', '321', '323', '326', '327', '328', '330', '331', '332', '334', '335', '336', '337', '338', '339', '340', '341', '342', '343', '344', '345', '346', '347', '348', '349', '350', '351', '352', '354', '356', '358', '359', '360', '363', '365', '366', '369', '370', '371', '372', '373', '374', '375', '376', '377', '378', '380', '381', '383', '384', '385', '387', '388', '389', '390', '391', '393', '394']}})
 Cluster1  2
 Cluster to drop  1
 After reassigning and merging cells 
 Timepoint  2
 Cluster  2  # of cells  57
 Cluster  1  # of cells  43
 Timepoint  3
 Cluster  2  # of cells  330
 Cluster  3  # of cells  170
 Tp cluster cell dict  {'2_2': 57, '1_2': 43, '2_3': 330, '3_3': 170}
 New Graph is here 
 ID  0  Timepoint  1  Mutations  []  Type  subclone
 ID  1  Timepoint  2  Mutations  [0, 1, 2, 3, 4, 5, 6, 7, 8]  Type  subclone
 ID  2  Timepoint  2  Mutations  [0, 1, 2, 3, 4, 5, 6, 7, 8, 30, 31]  Type  subclone
 ID  3  Timepoint  3  Mutations  [0, 1, 2, 3, 4, 5, 6, 7, 8, 30, 31]  Type  subclone
 ID  4  Timepoint  3  Mutations  [0, 1, 2, 3, 4, 5, 6, 7, 8, 32, 33, 34, 35, 36, 37, 38, 39, 40, 41, 42, 43, 44, 45, 46, 47, 48, 49, 50]  Type  subclone
Timepoints  SortedDict({1: [0], 2: [1, 2], 3: [3, 4]})
 Clone to nodes  {'2_2': 1, '1_2': 2, '2_3': 3, '3_3': 4}
 Timepoint ====  1
 Hash table  {'0,1': [0, 1, 2, 3, 4, 5, 6, 7, 8], '1': [30, 31]}
 Final possible usc  [[0, 1, 2, 3, 4, 5, 6, 7, 8], [30, 31]]
 Time  1  USC keys  {'30,31_0', '0,1,2,3,4,5,6,7,8_0'}
 USC children  {'0,1,2,3,4,5,6,7,8_0': [1, 2], '30,31_0': [2]}
 USC children  {'0,1,2,3,4,5,6,7,8_0': [1, 2], '30,31_0': [2]}
 Timepoint ====  2
 Hash table  {'0': [0, 1, 2, 3, 4, 5, 6, 7, 8, 32, 33, 34, 35, 36, 37, 38, 39, 40, 41, 42, 43, 44, 45, 46, 47, 48, 49, 50]}
====== Inside find superset of t nodes ==========
 Final possible usc  [[0, 1, 2, 3, 4, 5, 6, 7, 8, 32, 33, 34, 35, 36, 37, 38, 39, 40, 41, 42, 43, 44, 45, 46, 47, 48, 49, 50]]
 Time  2  USC keys  {'0,1,2,3,4,5,6,7,8,32,33,34,35,36,37,38,39,40,41,42,43,44,45,46,47,48,49,50_1'}
 USC children  {'0,1,2,3,4,5,6,7,8_0': [1, 2], '30,31_0': [2], '0,1,2,3,4,5,6,7,8,32,33,34,35,36,37,38,39,40,41,42,43,44,45,46,47,48,49,50_1': [4]}
 USC children  {'0,1,2,3,4,5,6,7,8_0': [1, 2], '30,31_0': [2], '0,1,2,3,4,5,6,7,8,32,33,34,35,36,37,38,39,40,41,42,43,44,45,46,47,48,49,50_1': [4]}
 Node s  {'1,2': ['0', '1', '2', '3', '4', '5', '6', '7', '8'], '4': ['0', '1', '2', '3', '4', '5', '6', '7', '8', '32', '33', '34', '35', '36', '37', '38', '39', '40', '41', '42', '43', '44', '45', '46', '47', '48', '49', '50']}
 Enroll USC nodes  ['1', '2']  len  2
 Enroll USC nodes  ['4']  len  1
 Node TP  SortedDict({1: [0], 2: [1, 2], 3: [3, 4]})
 Unobserved subclones at timepoints  {1.5: [5]}
 ============== Inside finding node v ============ 
 Time  2
 Time  3
 largest_v_mut  [[0, 1, 2, 3, 4, 5, 6, 7, 8]]
 Sorted all timepoints  [1, 1.5, 2, 3]
 Timepoint  2
 Inside usc_node check  2
 Timepoint  3
0   1   [-1]   subclone   []   []
1   2   [5]   subclone   [0, 1, 2, 3, 4, 5, 6, 7, 8]   [0]
2   2   [5]   subclone   [0, 1, 2, 3, 4, 5, 6, 7, 8, 30, 31]   [2]
3   3   [2]   subclone   [0, 1, 2, 3, 4, 5, 6, 7, 8, 30, 31]   [0]
4   3   [1]   subclone   [0, 1, 2, 3, 4, 5, 6, 7, 8, 32, 33, 34, 35, 36, 37, 38, 39, 40, 41, 42, 43, 44, 45, 46, 47, 48, 49, 50]   [19]
5   1.5   [0]   unobserved subclone   [0, 1, 2, 3, 4, 5, 6, 7, 8]   [9]
 List of tree files  ['all_trees/ap05_rep2_m1_tree.csv', 'all_trees/ap05_rep2_m2_tree.csv', 'all_trees/ap05_rep2_m3_tree.csv', 'all_trees/ap05_rep2_m4_tree.csv', 'all_trees/ap05_rep2_m5_tree.csv']
{'1': ['0', '1', '2', '3', '4', '5', '6', '7', '8'], '2': ['0', '1', '2', '3', '4', '5', '6', '7', '8', '30', '31'], '3': ['0', '1', '2', '3', '4', '5', '6', '7', '8', '30', '31'], '4': ['0', '1', '2', '3', '4', '5', '6', '7', '8', '32', '33', '34', '35', '36', '37', '38', '39', '40', '41', '42', '43', '44', '45', '46', '47', '48', '49', '50'], '5': ['0', '1', '2', '3', '4', '5', '6', '7', '8']}
 Actual mutation of  1   []
 Actual mutation of  2   ['31', '30']
 Actual mutation of  3   []
 Actual mutation of  4   ['41', '34', '33', '38', '42', '49', '35', '37', '32', '44', '48', '45', '39', '47', '46', '36', '50', '40', '43']
 Updated node mutation  {'1': [], '2': ['31', '30'], '3': [], '4': ['41', '34', '33', '38', '42', '49', '35', '37', '32', '44', '48', '45', '39', '47', '46', '36', '50', '40', '43'], '5': ['0', '1', '2', '3', '4', '5', '6', '7', '8']}
{'1': ['0', '1', '2', '3', '4', '5', '6', '7', '8'], '2': ['0', '1', '2', '3', '4', '5', '6', '7', '8', '30', '31'], '3': ['0', '1', '2', '3', '4', '5', '6', '7', '8', '30', '31'], '4': ['0', '1', '2', '3', '4', '5', '6', '7', '8', '32', '33', '34', '35', '36', '37', '38', '39', '40', '41', '42', '43', '44', '45', '46', '47', '48', '49', '50'], '5': ['0', '1', '2', '3', '4', '5', '6', '7', '8']}
 Actual mutation of  1   []
 Actual mutation of  2   ['31', '30']
 Actual mutation of  3   []
 Actual mutation of  4   ['41', '34', '33', '38', '42', '49', '35', '37', '32', '44', '48', '45', '39', '47', '46', '36', '50', '40', '43']
 Updated node mutation  {'1': [], '2': ['31', '30'], '3': [], '4': ['41', '34', '33', '38', '42', '49', '35', '37', '32', '44', '48', '45', '39', '47', '46', '36', '50', '40', '43'], '5': ['0', '1', '2', '3', '4', '5', '6', '7', '8']}
{'1': ['0', '1', '2', '3', '4', '5', '6', '7', '8'], '2': ['0', '1', '2', '3', '4', '5', '6', '7', '8', '30', '31'], '3': ['0', '1', '2', '3', '4', '5', '6', '7', '8'], '4': ['0', '1', '2', '3', '4', '5', '6', '7', '8', '30', '31'], '5': ['0', '1', '2', '3', '4', '5', '6', '7', '8', '32', '33', '34', '35', '36', '37', '38', '39', '40', '41', '42', '43', '44', '45', '46', '47', '48', '49', '50'], '6': ['0', '1', '2', '3', '4', '5', '6', '7', '8']}
 Actual mutation of  1   []
 Actual mutation of  2   ['31', '30']
 Actual mutation of  3   []
 Actual mutation of  4   []
 Actual mutation of  5   ['41', '34', '33', '38', '42', '49', '35', '37', '32', '44', '48', '45', '39', '47', '46', '36', '50', '40', '43']
 Updated node mutation  {'1': [], '2': ['31', '30'], '3': [], '4': [], '5': ['41', '34', '33', '38', '42', '49', '35', '37', '32', '44', '48', '45', '39', '47', '46', '36', '50', '40', '43'], '6': ['0', '1', '2', '3', '4', '5', '6', '7', '8']}
{'1': ['0', '1', '2', '3', '4', '5', '6', '7', '8'], '2': ['0', '1', '2', '3', '4', '5', '6', '7', '8', '30', '31'], '3': ['0', '1', '2', '3', '4', '5', '6', '7', '8', '30', '31'], '4': ['0', '1', '2', '3', '4', '5', '6', '7', '8', '32', '33', '34', '35', '36', '37', '38', '39', '40', '41', '42', '43', '44', '45', '46', '47', '48', '49', '50'], '5': ['0', '1', '2', '3', '4', '5', '6', '7', '8']}
 Actual mutation of  1   []
 Actual mutation of  2   ['31', '30']
 Actual mutation of  3   []
 Actual mutation of  4   ['41', '34', '33', '38', '42', '49', '35', '37', '32', '44', '48', '45', '39', '47', '46', '36', '50', '40', '43']
 Updated node mutation  {'1': [], '2': ['31', '30'], '3': [], '4': ['41', '34', '33', '38', '42', '49', '35', '37', '32', '44', '48', '45', '39', '47', '46', '36', '50', '40', '43'], '5': ['0', '1', '2', '3', '4', '5', '6', '7', '8']}
{'1': ['0', '1', '2', '3', '4', '5', '6', '7', '8'], '2': ['0', '1', '2', '3', '4', '5', '6', '7', '8', '30', '31'], '3': ['0', '1', '2', '3', '4', '5', '6', '7', '8', '30', '31'], '4': ['0', '1', '2', '3', '4', '5', '6', '7', '8', '32', '33', '34', '35', '36', '37', '38', '39', '40', '41', '42', '43', '44', '45', '46', '47', '48', '49', '50'], '5': ['0', '1', '2', '3', '4', '5', '6', '7', '8']}
 Actual mutation of  1   []
 Actual mutation of  2   ['31', '30']
 Actual mutation of  3   []
 Actual mutation of  4   ['41', '34', '33', '38', '42', '49', '35', '37', '32', '44', '48', '45', '39', '47', '46', '36', '50', '40', '43']
 Updated node mutation  {'1': [], '2': ['31', '30'], '3': [], '4': ['41', '34', '33', '38', '42', '49', '35', '37', '32', '44', '48', '45', '39', '47', '46', '36', '50', '40', '43'], '5': ['0', '1', '2', '3', '4', '5', '6', '7', '8']}
 Parallel mutation count  {'m1': 0, 'm2': 0, 'm3': 0, 'm4': 0, 'm5': 0}
 Clusters with least parallel mutations  ['m1', 'm2', 'm3', 'm4', 'm5']
 Cluster nos for each run  {'m1': 3, 'm2': 7, 'm3': 6, 'm4': 3, 'm5': 7}
 Run  m1
 Base path  ['ap05', 'rep2', 'm1', 'tree.csv']
 Best tree path  ap05_rep2_m1_tree.csv
