5
 Total estimated FP  84  True negatives  9111
 Total estimated FN  610  True positives  5555
 Estimated FP rate  0.0149
 Estimated FN rate  0.06
 No. of Cells in each cluster  {'3_2': 40, '3_3': 35, '4_2': 1, '4_3': 1, '1_3': 173, '0_2': 59, '0_3': 291}
 Cells in each cluster  {'3_2': [0, 2, 3, 4, 5, 6, 7, 8, 9, 10, 11, 12, 13, 14, 15, 16, 17, 18, 19, 21, 22, 23, 25, 26, 27, 28, 29, 30, 31, 32, 33, 34, 35, 36, 37, 38, 40, 57, 69, 78], '3_3': [170, 330, 375, 395, 396, 397, 398, 399, 400, 401, 402, 403, 404, 405, 406, 407, 408, 409, 410, 411, 412, 413, 414, 415, 416, 417, 418, 419, 420, 421, 422, 423, 424, 425, 426], '4_2': [20], '4_3': [121], '1_3': [427, 428, 429, 430, 431, 432, 433, 434, 435, 436, 437, 438, 439, 440, 441, 442, 443, 444, 445, 446, 447, 448, 449, 450, 451, 452, 453, 454, 455, 456, 457, 458, 459, 460, 461, 462, 463, 464, 465, 466, 467, 468, 469, 470, 471, 472, 473, 474, 475, 476, 477, 478, 479, 480, 481, 482, 483, 484, 485, 486, 487, 488, 489, 490, 491, 492, 493, 494, 495, 496, 497, 498, 499, 500, 501, 502, 503, 504, 505, 506, 507, 508, 509, 510, 511, 512, 513, 514, 515, 516, 517, 518, 519, 520, 521, 522, 523, 524, 525, 526, 527, 528, 529, 530, 531, 532, 533, 534, 535, 536, 537, 538, 539, 540, 541, 542, 543, 544, 545, 546, 547, 548, 549, 550, 551, 552, 553, 554, 555, 556, 557, 558, 559, 560, 561, 562, 563, 564, 565, 566, 567, 568, 569, 570, 571, 572, 573, 574, 575, 576, 577, 578, 579, 580, 581, 582, 583, 584, 585, 586, 587, 588, 589, 590, 591, 592, 593, 594, 595, 596, 597, 598, 599], '0_2': [43, 79, 1, 24, 39, 41, 42, 44, 45, 46, 47, 48, 49, 50, 51, 52, 53, 54, 55, 56, 58, 59, 60, 61, 62, 63, 64, 65, 66, 67, 68, 70, 71, 72, 73, 74, 75, 76, 77, 80, 81, 82, 83, 84, 85, 86, 87, 88, 89, 90, 91, 92, 93, 94, 95, 96, 97, 98, 99], '0_3': [183, 100, 101, 102, 103, 104, 105, 106, 107, 108, 109, 110, 111, 112, 113, 114, 115, 116, 117, 118, 119, 120, 122, 123, 124, 125, 126, 127, 128, 129, 130, 131, 132, 133, 134, 135, 136, 137, 138, 139, 140, 141, 142, 143, 144, 145, 146, 147, 148, 149, 150, 151, 152, 153, 154, 155, 156, 157, 158, 159, 160, 161, 162, 163, 164, 165, 166, 167, 168, 169, 171, 172, 173, 174, 175, 176, 177, 178, 179, 180, 181, 182, 184, 185, 186, 187, 188, 189, 190, 191, 192, 193, 194, 195, 196, 197, 198, 199, 200, 201, 202, 203, 204, 205, 206, 207, 208, 209, 210, 211, 212, 213, 214, 215, 216, 217, 218, 219, 220, 221, 222, 223, 224, 225, 226, 227, 228, 229, 230, 231, 232, 233, 234, 235, 236, 237, 238, 239, 240, 241, 242, 243, 244, 245, 246, 247, 248, 249, 250, 251, 252, 253, 254, 255, 256, 257, 258, 259, 260, 261, 262, 263, 264, 265, 266, 267, 268, 269, 270, 271, 272, 273, 274, 275, 276, 277, 278, 279, 280, 281, 282, 283, 284, 285, 286, 287, 288, 289, 290, 291, 292, 293, 294, 295, 296, 297, 298, 299, 300, 301, 302, 303, 304, 305, 306, 307, 308, 309, 310, 311, 312, 313, 314, 315, 316, 317, 318, 319, 320, 321, 322, 323, 324, 325, 326, 327, 328, 329, 331, 332, 333, 334, 335, 336, 337, 338, 339, 340, 341, 342, 343, 344, 345, 346, 347, 348, 349, 350, 351, 352, 353, 354, 355, 356, 357, 358, 359, 360, 361, 362, 363, 364, 365, 366, 367, 368, 369, 370, 371, 372, 373, 374, 376, 377, 378, 379, 380, 381, 382, 383, 384, 385, 386, 387, 388, 389, 390, 391, 392, 393, 394]}
FP rate  0.0149 FN rate  0.06
 Before reassigning cells 
 Timepoint  2
 Cluster  3  # of cells  41
 Cluster  4  # of cells  1
 Cluster  0  # of cells  55
 Timepoint  3
 Cluster  3  # of cells  36
 Cluster  4  # of cells  3
 Cluster  1  # of cells  173
 Cluster  0  # of cells  283
 Cells absent at timepoint  3   {259, 294, 104, 343, 311}
 Missing cell prob  {'4': 0.030544843760575043, '0': 0.030544843760575036, '1': 2.3864440501180683e-14, '3': 7.674582122323748e-06}
 Missing cell prob  {'4': 0.00047695416092476887, '0': 0.0004769541609247688, '1': 1.0044958066661314e-13, '3': 1.9675353332433796e-06}
 Missing cell prob  {'4': 2.1341668337040365e-06, '0': 0.595877734128497, '1': 4.1866482165442153e-13, '3': 0.595877734128497}
 Missing cell prob  {'4': 1.746193013506695e-06, '0': 0.48755210689572503, '1': 5.624182689317487e-12, '3': 0.48755210689572503}
 Missing cell prob  {'4': 1.6414214326962932e-06, '0': 1.6414214326962936e-06, '1': 4.9277193483742866e-18, '3': 4.124173520517249e-10}
 Cells absent at timepoint  2   {81, 1, 39}
 Missing cell prob  {'4': 2.819085263561939e-05, '0': 2.8190852635619395e-05, '3': 1.1629314340668323e-07}
 Missing cell prob  {'4': 0.00012259281588813137, '0': 0.03304632411270011, '3': 0.03304632411270011}
 Missing cell prob  {'4': 1.769369368826629e-06, '0': 0.4940231446212196, '3': 0.4940231446212196}
 Timepoint  2
 Timepoint  3
SortedDict({2: {'3': ['0', '2', '3', '4', '5', '6', '7', '8', '9', '10', '11', '12', '13', '14', '15', '16', '17', '18', '19', '21', '22', '23', '25', '26', '27', '28', '29', '30', '31', '32', '33', '34', '35', '36', '37', '38', '40', '43', '57', '69', '78'], '4': ['20'], '0': ['24', '41', '42', '44', '45', '46', '47', '48', '49', '50', '51', '52', '53', '54', '55', '56', '58', '59', '60', '61', '62', '63', '64', '65', '66', '67', '68', '70', '71', '72', '73', '74', '75', '76', '77', '79', '80', '82', '83', '84', '85', '86', '87', '88', '89', '90', '91', '92', '93', '94', '95', '96', '97', '98', '99', '81', '1', '39']}, 3: {'3': ['170', '183', '330', '375', '395', '396', '397', '398', '399', '400', '401', '402', '403', '404', '405', '406', '407', '408', '409', '410', '411', '412', '413', '414', '415', '416', '417', '418', '419', '420', '421', '422', '423', '424', '425', '426'], '4': ['121', '122', '154', '259', '294'], '1': ['427', '428', '429', '430', '431', '432', '433', '434', '435', '436', '437', '438', '439', '440', '441', '442', '443', '444', '445', '446', '447', '448', '449', '450', '451', '452', '453', '454', '455', '456', '457', '458', '459', '460', '461', '462', '463', '464', '465', '466', '467', '468', '469', '470', '471', '472', '473', '474', '475', '476', '477', '478', '479', '480', '481', '482', '483', '484', '485', '486', '487', '488', '489', '490', '491', '492', '493', '494', '495', '496', '497', '498', '499', '500', '501', '502', '503', '504', '505', '506', '507', '508', '509', '510', '511', '512', '513', '514', '515', '516', '517', '518', '519', '520', '521', '522', '523', '524', '525', '526', '527', '528', '529', '530', '531', '532', '533', '534', '535', '536', '537', '538', '539', '540', '541', '542', '543', '544', '545', '546', '547', '548', '549', '550', '551', '552', '553', '554', '555', '556', '557', '558', '559', '560', '561', '562', '563', '564', '565', '566', '567', '568', '569', '570', '571', '572', '573', '574', '575', '576', '577', '578', '579', '580', '581', '582', '583', '584', '585', '586', '587', '588', '589', '590', '591', '592', '593', '594', '595', '596', '597', '598', '599'], '0': ['100', '101', '102', '103', '105', '106', '107', '108', '109', '110', '111', '112', '113', '114', '115', '116', '117', '118', '119', '120', '123', '124', '125', '126', '127', '128', '129', '130', '131', '132', '133', '134', '135', '136', '137', '138', '139', '140', '141', '142', '143', '144', '145', '146', '147', '148', '149', '150', '151', '152', '153', '155', '156', '157', '158', '159', '160', '161', '162', '163', '164', '165', '166', '167', '168', '169', '171', '172', '173', '174', '175', '176', '177', '178', '179', '180', '181', '182', '184', '185', '186', '187', '188', '189', '190', '191', '192', '193', '194', '195', '196', '197', '198', '199', '200', '201', '202', '203', '204', '205', '206', '207', '208', '209', '210', '211', '212', '213', '214', '215', '216', '217', '218', '219', '220', '221', '222', '223', '224', '225', '226', '227', '228', '229', '230', '231', '232', '233', '234', '235', '236', '237', '238', '239', '240', '241', '242', '243', '244', '245', '246', '247', '248', '249', '250', '251', '252', '253', '254', '255', '256', '257', '258', '260', '261', '262', '263', '264', '265', '266', '267', '268', '269', '270', '271', '272', '273', '274', '275', '276', '277', '278', '279', '280', '281', '282', '283', '284', '285', '286', '287', '288', '289', '290', '291', '292', '293', '295', '296', '297', '298', '299', '300', '301', '302', '303', '304', '305', '306', '307', '308', '309', '310', '312', '313', '314', '315', '316', '317', '318', '319', '320', '321', '322', '323', '324', '325', '326', '327', '328', '329', '331', '332', '333', '334', '335', '336', '337', '338', '339', '340', '341', '342', '344', '345', '346', '347', '348', '349', '350', '351', '352', '353', '354', '355', '356', '357', '358', '359', '360', '361', '362', '363', '364', '365', '366', '367', '368', '369', '370', '371', '372', '373', '374', '376', '377', '378', '379', '380', '381', '382', '383', '384', '385', '386', '387', '388', '389', '390', '391', '392', '393', '394', '104', '343', '311']}})
 Cluster1  4
 Cluster to drop  0
 After reassigning and merging cells 
 Timepoint  2
 Cluster  3  # of cells  41
 Cluster  4  # of cells  1
 Cluster  0  # of cells  58
 Timepoint  3
 Cluster  3  # of cells  36
 Cluster  4  # of cells  291
 Cluster  1  # of cells  173
 Tp cluster cell dict  {'3_2': 41, '4_2': 1, '0_2': 58, '3_3': 36, '4_3': 291, '1_3': 173}
 New Graph is here 
 ID  0  Timepoint  1  Mutations  []  Type  subclone
 ID  1  Timepoint  2  Mutations  [0, 1, 2, 3, 4, 5, 6, 7]  Type  subclone
 ID  2  Timepoint  2  Mutations  [0, 1, 2, 3, 4, 5, 7, 18, 19, 22, 30, 31]  Type  subclone
 ID  3  Timepoint  2  Mutations  [0, 1, 2, 3, 4, 5, 6, 7, 18, 19, 20]  Type  subclone
 ID  4  Timepoint  3  Mutations  [0, 1, 2, 3, 4, 5, 6, 7]  Type  subclone
 ID  5  Timepoint  3  Mutations  [0, 1, 2, 3, 4, 5, 6, 7, 18, 19, 20]  Type  subclone
 ID  6  Timepoint  3  Mutations  [0, 1, 2, 3, 4, 5, 6, 7, 21, 22, 23, 24, 25, 26, 27, 28, 29, 30, 31]  Type  subclone
Timepoints  SortedDict({1: [0], 2: [1, 2, 3], 3: [4, 5, 6]})
 Clone to nodes  {'3_2': 1, '4_2': 2, '0_2': 3, '3_3': 4, '4_3': 5, '1_3': 6}
 Timepoint ====  1
 Hash table  {'0,1,2': [0, 1, 2, 3, 4, 5, 7], '0,2': [6], '1,2': [18, 19], '1': [22, 30, 31], '2': [20]}
 Final possible usc  [[0, 1, 2, 3, 4, 5, 7], [6], [18, 19], [22, 30, 31], [20]]
 Time  1  USC keys  {'22,30,31_0', '0,1,2,3,4,5,7_0', '6_0', '20_0', '18,19_0'}
 USC children  {'0,1,2,3,4,5,7_0': [1, 2, 3], '6_0': [1, 3], '18,19_0': [2, 3], '22,30,31_0': [2], '20_0': [3]}
 USC children  {'0,1,2,3,4,5,7_0': [1, 2, 3], '6_0': [1, 3], '18,19_0': [2, 3], '22,30,31_0': [2], '20_0': [3]}
 Timepoint ====  2
 Hash table  {'0': [0, 1, 2, 3, 4, 5, 6, 7, 21, 22, 23, 24, 25, 26, 27, 28, 29, 30, 31]}
====== Inside find superset of t nodes ==========
 Final possible usc  [[0, 1, 2, 3, 4, 5, 6, 7, 21, 22, 23, 24, 25, 26, 27, 28, 29, 30, 31]]
 Time  2  USC keys  {'0,1,2,3,4,5,6,7,21,22,23,24,25,26,27,28,29,30,31_1'}
 USC children  {'0,1,2,3,4,5,7_0': [1, 2, 3], '6_0': [1, 3], '18,19_0': [2, 3], '22,30,31_0': [2], '20_0': [3], '0,1,2,3,4,5,6,7,21,22,23,24,25,26,27,28,29,30,31_1': [6]}
 USC children  {'0,1,2,3,4,5,7_0': [1, 2, 3], '6_0': [1, 3], '18,19_0': [2, 3], '22,30,31_0': [2], '20_0': [3], '0,1,2,3,4,5,6,7,21,22,23,24,25,26,27,28,29,30,31_1': [6]}
 Node s  {'1,2,3': ['0', '1', '2', '3', '4', '5', '7'], '6': ['0', '1', '2', '3', '4', '5', '6', '7', '21', '22', '23', '24', '25', '26', '27', '28', '29', '30', '31']}
 Enroll USC nodes  ['1', '2', '3']  len  3
 Enroll USC nodes  ['6']  len  1
 Node TP  SortedDict({1: [0], 2: [1, 2, 3], 3: [4, 5, 6]})
 Unobserved subclones at timepoints  {1.5: [7]}
 ============== Inside finding node v ============ 
 Time  2
 Time  3
 largest_v_mut  [[0, 1, 2, 3, 4, 5, 6, 7]]
 Sorted all timepoints  [1, 1.5, 2, 3]
 Timepoint  2
 Inside usc_node check  2
 Timepoint  3
0   1   [-1]   subclone   []   []
1   2   [7]   subclone   [0, 1, 2, 3, 4, 5, 6, 7]   [1]
2   2   [7]   subclone   [0, 1, 2, 3, 4, 5, 7, 18, 19, 22, 30, 31]   [5]
3   2   [7]   subclone   [0, 1, 2, 3, 4, 5, 6, 7, 18, 19, 20]   [4]
4   3   [1]   subclone   [0, 1, 2, 3, 4, 5, 6, 7]   [0]
5   3   [3]   subclone   [0, 1, 2, 3, 4, 5, 6, 7, 18, 19, 20]   [0]
6   3   [1]   subclone   [0, 1, 2, 3, 4, 5, 6, 7, 21, 22, 23, 24, 25, 26, 27, 28, 29, 30, 31]   [11]
7   1.5   [0]   unobserved subclone   [0, 1, 2, 3, 4, 5, 7]   [7]
5
 Total estimated FP  86  True negatives  9112
 Total estimated FN  609  True positives  5553
 Estimated FP rate  0.01525
 Estimated FN rate  0.06
 No. of Cells in each cluster  {'2_2': 40, '2_3': 35, '3_2': 1, '3_3': 1, '1_3': 173, '4_2': 59, '4_3': 291}
 Cells in each cluster  {'2_2': [0, 2, 3, 4, 5, 6, 7, 8, 9, 10, 11, 12, 13, 14, 15, 16, 17, 18, 19, 21, 22, 23, 25, 26, 27, 28, 29, 30, 31, 32, 33, 34, 35, 36, 37, 38, 40, 57, 69, 78], '2_3': [170, 330, 375, 395, 396, 397, 398, 399, 400, 401, 402, 403, 404, 405, 406, 407, 408, 409, 410, 411, 412, 413, 414, 415, 416, 417, 418, 419, 420, 421, 422, 423, 424, 425, 426], '3_2': [20], '3_3': [121], '1_3': [427, 428, 429, 430, 431, 432, 433, 434, 435, 436, 437, 438, 439, 440, 441, 442, 443, 444, 445, 446, 447, 448, 449, 450, 451, 452, 453, 454, 455, 456, 457, 458, 459, 460, 461, 462, 463, 464, 465, 466, 467, 468, 469, 470, 471, 472, 473, 474, 475, 476, 477, 478, 479, 480, 481, 482, 483, 484, 485, 486, 487, 488, 489, 490, 491, 492, 493, 494, 495, 496, 497, 498, 499, 500, 501, 502, 503, 504, 505, 506, 507, 508, 509, 510, 511, 512, 513, 514, 515, 516, 517, 518, 519, 520, 521, 522, 523, 524, 525, 526, 527, 528, 529, 530, 531, 532, 533, 534, 535, 536, 537, 538, 539, 540, 541, 542, 543, 544, 545, 546, 547, 548, 549, 550, 551, 552, 553, 554, 555, 556, 557, 558, 559, 560, 561, 562, 563, 564, 565, 566, 567, 568, 569, 570, 571, 572, 573, 574, 575, 576, 577, 578, 579, 580, 581, 582, 583, 584, 585, 586, 587, 588, 589, 590, 591, 592, 593, 594, 595, 596, 597, 598, 599], '4_2': [1, 24, 39, 41, 42, 44, 45, 46, 47, 48, 49, 50, 51, 52, 53, 54, 55, 56, 58, 59, 60, 61, 62, 63, 64, 65, 66, 67, 68, 70, 71, 72, 73, 74, 75, 76, 77, 80, 81, 82, 83, 84, 85, 86, 87, 88, 89, 90, 91, 92, 93, 94, 95, 96, 97, 98, 99, 43, 79], '4_3': [100, 101, 102, 103, 104, 105, 106, 107, 108, 109, 110, 111, 112, 113, 114, 115, 116, 117, 118, 119, 120, 122, 123, 124, 125, 126, 127, 128, 129, 130, 131, 132, 133, 134, 135, 136, 137, 138, 139, 140, 141, 142, 143, 144, 145, 146, 147, 148, 149, 150, 151, 152, 153, 154, 155, 156, 157, 158, 159, 160, 161, 162, 163, 164, 165, 166, 167, 168, 169, 171, 172, 173, 174, 175, 176, 177, 178, 179, 180, 181, 182, 184, 185, 186, 187, 188, 189, 190, 191, 192, 193, 194, 195, 196, 197, 198, 199, 200, 201, 202, 203, 204, 205, 206, 207, 208, 209, 210, 211, 212, 213, 214, 215, 216, 217, 218, 219, 220, 221, 222, 223, 224, 225, 226, 227, 228, 229, 230, 231, 232, 233, 234, 235, 236, 237, 238, 239, 240, 241, 242, 243, 244, 245, 246, 247, 248, 249, 250, 251, 252, 253, 254, 255, 256, 257, 258, 259, 260, 261, 262, 263, 264, 265, 266, 267, 268, 269, 270, 271, 272, 273, 274, 275, 276, 277, 278, 279, 280, 281, 282, 283, 284, 285, 286, 287, 288, 289, 290, 291, 292, 293, 294, 295, 296, 297, 298, 299, 300, 301, 302, 303, 304, 305, 306, 307, 308, 309, 310, 311, 312, 313, 314, 315, 316, 317, 318, 319, 320, 321, 322, 323, 324, 325, 326, 327, 328, 329, 331, 332, 333, 334, 335, 336, 337, 338, 339, 340, 341, 342, 343, 344, 345, 346, 347, 348, 349, 350, 351, 352, 353, 354, 355, 356, 357, 358, 359, 360, 361, 362, 363, 364, 365, 366, 367, 368, 369, 370, 371, 372, 373, 374, 376, 377, 378, 379, 380, 381, 382, 383, 384, 385, 386, 387, 388, 389, 390, 391, 392, 393, 394, 183]}
FP rate  0.01525 FN rate  0.06
 Before reassigning cells 
 Timepoint  2
 Cluster  2  # of cells  41
 Cluster  3  # of cells  2
 Cluster  4  # of cells  52
 Timepoint  3
 Cluster  2  # of cells  35
 Cluster  3  # of cells  6
 Cluster  1  # of cells  173
 Cluster  4  # of cells  251
 Cells absent at timepoint  2   {65, 1, 71, 39, 73}
 Missing cell prob  {'2': 7.300050592998635e-06, '4': 0.0016899239103980554, '3': 0.0016899239103980552}
 Missing cell prob  {'2': 0.03287064410285597, '4': 0.03287064410285597, '3': 0.0020027810572951087}
 Missing cell prob  {'2': 0.0073821440370262295, '4': 0.027724631694873336, '3': 0.027724631694873336}
 Missing cell prob  {'2': 0.4915714839516549, '4': 0.4915714839516549, '3': 0.029951042434221156}
 Missing cell prob  {'2': 0.00012161818429415612, '4': 0.46207719491455557, '3': 0.46207719491455557}
 Cells absent at timepoint  3   {130, 131, 132, 258, 259, 392, 145, 281, 154, 413, 286, 287, 177, 185, 317, 191, 195, 324, 199, 329, 331, 343, 353, 356, 229, 103, 104, 106, 236, 237, 364, 239, 243, 374, 250}
 Missing cell prob  {'2': 7.644479169170442e-06, '1': 8.846576750574732e-17, '4': 0.02904450112928352, '3': 0.02904450112928352}
 Missing cell prob  {'2': 7.188724821455408e-06, '1': 8.319154838990572e-17, '4': 0.0016641525707644855, '3': 0.0016641525707644853}
 Missing cell prob  {'2': 0.00011436745929031196, '1': 1.323517906177733e-15, '4': 0.0264754745962362, '3': 0.0264754745962362}
 Missing cell prob  {'2': 0.0004786918421638449, '1': 5.539663367329192e-15, '4': 0.02950625125468945, '3': 0.02950625125468945}
 Missing cell prob  {'2': 8.005158460672566e-06, '1': 2.495437858050474e-14, '4': 0.03041486918935888, '3': 0.03041486918935888}
 Missing cell prob  {'2': 0.0004712006832144404, '1': 8.949690128765859e-14, '4': 0.02904450112928353, '3': 0.02904450112928353}
 Missing cell prob  {'2': 1.6648464370922789e-06, '1': 3.1621048641763e-16, '4': 0.006325432138950764, '3': 0.006325432138950764}
 Missing cell prob  {'2': 4.3132839201987255e-10, '1': 8.384470317694065e-14, '4': 0.00010101411798377735, '3': 0.00010101411798377735}
 Missing cell prob  {'2': 0.0005171329175931302, '1': 2.64578011849267e-11, '4': 0.0019421620068172448, '3': 0.0019421620068172448}
 Missing cell prob  {'2': 0.008101749042292373, '1': 5.779152363476838e-12, '4': 0.0004936328433993831, '3': 0.008101749042292373}
 Missing cell prob  {'2': 0.00013347341953618073, '1': 2.5351103846595032e-14, '4': 0.5071200795578361, '3': 0.5071200795578361}
 Missing cell prob  {'2': 0.00012745965995488313, '1': 1.4750274537217328e-15, '4': 0.02950625125468945, '3': 0.029506251254689458}
 Missing cell prob  {'2': 0.00013977091833594518, '1': 1.6174995433880342e-15, '4': 0.5310468516705881, '3': 0.5310468516705881}
 Missing cell prob  {'2': 0.008351234970493698, '1': 2.6033198479738907e-11, '4': 0.5147646473615788, '3': 0.5147646473615788}
 Missing cell prob  {'2': 0.0076156440997548315, '1': 2.374015042092027e-11, '4': 0.02860157248706195, '3': 0.02860157248706195}
 Missing cell prob  {'2': 3.055479843599011e-05, '1': 5.803386703167473e-15, '4': 0.00011475264217279693, '3': 0.00011475264217279693}
 Missing cell prob  {'2': 0.000493632843399383, '1': 9.375752504576785e-14, '4': 0.0018539043274010765, '3': 0.0018539043274010765}
 Missing cell prob  {'2': 1.184316718544991e-07, '1': 1.3705510232601022e-18, '4': 2.7416318759117388e-05, '3': 2.7416318759117388e-05}
 Missing cell prob  {'2': 1.2599114027074374e-07, '1': 8.987219824656405e-17, '4': 2.9166296552252537e-05, '3': 2.9166296552252544e-05}
 Missing cell prob  {'2': 0.008227214056656384, '1': 9.520946945495592e-14, '4': 0.507120079557836, '3': 0.507120079557836}
 Missing cell prob  {'2': 1.665521661211418e-06, '1': 7.238705436192153e-17, '4': 0.0003855596399929761, '3': 0.0003855596399929761}
 Missing cell prob  {'2': 0.4842713487175906, '1': 5.604232230512327e-12, '4': 0.4842713487175906, '3': 0.02950625125468945}
 Missing cell prob  {'2': 3.1040559301593227e-05, '1': 1.333544178600185e-18, '4': 0.00011657698223214558, '3': 0.00011657698223214557}
 Missing cell prob  {'2': 4.881433785506163e-07, '1': 9.271489053526446e-17, '4': 0.00011300266437966172, '3': 0.00011300266437966175}
 Missing cell prob  {'2': 1.7703951986359254e-06, '1': 5.583156459079029e-12, '4': 0.006726455028281444, '3': 0.006726455028281444}
 Missing cell prob  {'2': 0.00945520828747083, '1': 4.837518798770389e-10, '4': 0.035510302434310435, '3': 0.035510302434310435}
 Missing cell prob  {'2': 0.5920784101846706, '1': 4.174763080057049e-13, '4': 0.5920784101846706, '3': 0.036074846012775046}
 Missing cell prob  {'2': 0.008227214056656383, '1': 1.5626254174294643e-12, '4': 0.0308984054566846, '3': 0.0308984054566846}
 Missing cell prob  {'2': 0.00011432109323650674, '1': 2.1713431157799536e-14, '4': 0.43435256321968224, '3': 0.43435256321968224}
 Missing cell prob  {'2': 0.0068361638296626955, '1': 7.911153482177216e-14, '4': 0.025674129823611783, '3': 0.025674129823611783}
 Missing cell prob  {'2': 7.079096767928211e-06, '1': 8.192287727695964e-17, '4': 0.0016387742440603268, '3': 0.0016387742440603268}
 Missing cell prob  {'2': 0.0005171329175931303, '1': 9.822098169023395e-14, '4': 0.0019421620068172452, '3': 0.0019421620068172452}
 Missing cell prob  {'2': 0.007272514712407124, '1': 8.416120725720446e-14, '4': 0.027312904067672117, '3': 0.027312904067672117}
 Missing cell prob  {'2': 0.0005092466405998351, '1': 3.590713725157068e-16, '4': 0.0019125440362132823, '3': 0.001912544036213282}
 Missing cell prob  {'2': 5.109675613195255e-07, '1': 2.61423662842043e-14, '4': 0.0019413746291080146, '3': 0.0019413746291080146}
 Timepoint  2
 Timepoint  3
SortedDict({2: {'2': ['0', '2', '3', '4', '5', '6', '7', '8', '9', '10', '11', '12', '13', '14', '15', '16', '17', '18', '19', '21', '22', '23', '25', '26', '27', '28', '29', '30', '31', '32', '33', '34', '35', '36', '37', '38', '40', '43', '57', '69', '78', '1', '39'], '3': ['20', '81'], '4': ['24', '41', '42', '44', '45', '46', '47', '48', '49', '50', '51', '52', '53', '54', '55', '56', '58', '59', '60', '61', '62', '63', '64', '66', '67', '68', '70', '72', '74', '75', '76', '77', '79', '80', '82', '83', '84', '85', '86', '87', '88', '89', '90', '91', '92', '93', '94', '95', '96', '97', '98', '99', '65', '71', '73']}, 3: {'2': ['170', '183', '330', '375', '395', '396', '397', '398', '399', '400', '401', '402', '403', '404', '405', '406', '407', '408', '409', '410', '411', '412', '414', '415', '416', '417', '418', '419', '420', '421', '422', '423', '424', '425', '426', '413', '343', '104'], '3': ['121', '122', '155', '181', '270', '294', '287', '199', '356'], '1': ['427', '428', '429', '430', '431', '432', '433', '434', '435', '436', '437', '438', '439', '440', '441', '442', '443', '444', '445', '446', '447', '448', '449', '450', '451', '452', '453', '454', '455', '456', '457', '458', '459', '460', '461', '462', '463', '464', '465', '466', '467', '468', '469', '470', '471', '472', '473', '474', '475', '476', '477', '478', '479', '480', '481', '482', '483', '484', '485', '486', '487', '488', '489', '490', '491', '492', '493', '494', '495', '496', '497', '498', '499', '500', '501', '502', '503', '504', '505', '506', '507', '508', '509', '510', '511', '512', '513', '514', '515', '516', '517', '518', '519', '520', '521', '522', '523', '524', '525', '526', '527', '528', '529', '530', '531', '532', '533', '534', '535', '536', '537', '538', '539', '540', '541', '542', '543', '544', '545', '546', '547', '548', '549', '550', '551', '552', '553', '554', '555', '556', '557', '558', '559', '560', '561', '562', '563', '564', '565', '566', '567', '568', '569', '570', '571', '572', '573', '574', '575', '576', '577', '578', '579', '580', '581', '582', '583', '584', '585', '586', '587', '588', '589', '590', '591', '592', '593', '594', '595', '596', '597', '598', '599'], '4': ['100', '101', '102', '105', '107', '108', '109', '110', '111', '112', '113', '114', '115', '116', '117', '118', '119', '120', '123', '124', '125', '126', '127', '128', '129', '133', '134', '135', '136', '137', '138', '139', '140', '141', '142', '143', '144', '146', '147', '148', '149', '150', '151', '152', '153', '156', '157', '158', '159', '160', '161', '162', '163', '164', '165', '166', '167', '168', '169', '171', '172', '173', '174', '175', '176', '178', '179', '180', '182', '184', '186', '187', '188', '189', '190', '192', '193', '194', '196', '197', '198', '200', '201', '202', '203', '204', '205', '206', '207', '208', '209', '210', '211', '212', '213', '214', '215', '216', '217', '218', '219', '220', '221', '222', '223', '224', '225', '226', '227', '228', '230', '231', '232', '233', '234', '235', '238', '240', '241', '242', '244', '245', '246', '247', '248', '249', '251', '252', '253', '254', '255', '256', '257', '260', '261', '262', '263', '264', '265', '266', '267', '268', '269', '271', '272', '273', '274', '275', '276', '277', '278', '279', '280', '282', '283', '284', '285', '288', '289', '290', '291', '292', '293', '295', '296', '297', '298', '299', '300', '301', '302', '303', '304', '305', '306', '307', '308', '309', '310', '311', '312', '313', '314', '315', '316', '318', '319', '320', '321', '322', '323', '325', '326', '327', '328', '332', '333', '334', '335', '336', '337', '338', '339', '340', '341', '342', '344', '345', '346', '347', '348', '349', '350', '351', '352', '354', '355', '357', '358', '359', '360', '361', '362', '363', '365', '366', '367', '368', '369', '370', '371', '372', '373', '376', '377', '378', '379', '380', '381', '382', '383', '384', '385', '386', '387', '388', '389', '390', '391', '393', '394', '130', '131', '132', '258', '259', '392', '145', '281', '154', '286', '177', '185', '317', '191', '195', '324', '329', '331', '353', '229', '103', '106', '236', '237', '364', '239', '243', '374', '250']}})
 Cluster1  3
 Cluster to drop  4
 After reassigning and merging cells 
 Timepoint  2
 Cluster  2  # of cells  43
 Cluster  3  # of cells  2
 Cluster  4  # of cells  55
 Timepoint  3
 Cluster  2  # of cells  38
 Cluster  3  # of cells  289
 Cluster  1  # of cells  173
 Tp cluster cell dict  {'2_2': 43, '3_2': 2, '4_2': 55, '2_3': 38, '3_3': 289, '1_3': 173}
 New Graph is here 
 ID  0  Timepoint  1  Mutations  []  Type  subclone
 ID  1  Timepoint  2  Mutations  [0, 1, 2, 3, 4, 5, 6, 7]  Type  subclone
 ID  2  Timepoint  2  Mutations  [0, 1, 2, 3, 4, 5, 6, 7, 18, 19, 20, 22]  Type  subclone
 ID  3  Timepoint  2  Mutations  [0, 1, 2, 3, 4, 5, 6, 7, 18, 19, 20]  Type  subclone
 ID  4  Timepoint  3  Mutations  [0, 1, 2, 3, 4, 5, 6, 7]  Type  subclone
 ID  5  Timepoint  3  Mutations  [0, 1, 2, 3, 4, 5, 6, 7, 18, 19, 20]  Type  subclone
 ID  6  Timepoint  3  Mutations  [0, 1, 2, 3, 4, 5, 6, 7, 21, 22, 23, 24, 25, 26, 27, 28, 29, 30, 31]  Type  subclone
Timepoints  SortedDict({1: [0], 2: [1, 2, 3], 3: [4, 5, 6]})
 Clone to nodes  {'2_2': 1, '3_2': 2, '4_2': 3, '2_3': 4, '3_3': 5, '1_3': 6}
 Timepoint ====  1
 Hash table  {'0,1,2': [0, 1, 2, 3, 4, 5, 6, 7], '1,2': [18, 19, 20], '1': [22]}
 Final possible usc  [[0, 1, 2, 3, 4, 5, 6, 7], [18, 19, 20], [22]]
 Time  1  USC keys  {'18,19,20_0', '22_0', '0,1,2,3,4,5,6,7_0'}
 USC children  {'0,1,2,3,4,5,6,7_0': [1, 2, 3], '18,19,20_0': [2, 3], '22_0': [2]}
 USC children  {'0,1,2,3,4,5,6,7_0': [1, 2, 3], '18,19,20_0': [2, 3], '22_0': [2]}
 Timepoint ====  2
 Hash table  {'0': [0, 1, 2, 3, 4, 5, 6, 7, 21, 22, 23, 24, 25, 26, 27, 28, 29, 30, 31]}
====== Inside find superset of t nodes ==========
 Final possible usc  [[0, 1, 2, 3, 4, 5, 6, 7, 21, 22, 23, 24, 25, 26, 27, 28, 29, 30, 31]]
 Time  2  USC keys  {'0,1,2,3,4,5,6,7,21,22,23,24,25,26,27,28,29,30,31_1'}
 USC children  {'0,1,2,3,4,5,6,7_0': [1, 2, 3], '18,19,20_0': [2, 3], '22_0': [2], '0,1,2,3,4,5,6,7,21,22,23,24,25,26,27,28,29,30,31_1': [6]}
 USC children  {'0,1,2,3,4,5,6,7_0': [1, 2, 3], '18,19,20_0': [2, 3], '22_0': [2], '0,1,2,3,4,5,6,7,21,22,23,24,25,26,27,28,29,30,31_1': [6]}
 Node s  {'1,2,3': ['0', '1', '2', '3', '4', '5', '6', '7'], '6': ['0', '1', '2', '3', '4', '5', '6', '7', '21', '22', '23', '24', '25', '26', '27', '28', '29', '30', '31']}
 Enroll USC nodes  ['1', '2', '3']  len  3
 Enroll USC nodes  ['6']  len  1
 Node TP  SortedDict({1: [0], 2: [1, 2, 3], 3: [4, 5, 6]})
 Unobserved subclones at timepoints  {1.5: [7]}
 ============== Inside finding node v ============ 
 Time  2
 Time  3
 largest_v_mut  [[0, 1, 2, 3, 4, 5, 6, 7]]
 Sorted all timepoints  [1, 1.5, 2, 3]
 Timepoint  2
 Inside usc_node check  2
 Timepoint  3
0   1   [-1]   subclone   []   []
1   2   [7]   subclone   [0, 1, 2, 3, 4, 5, 6, 7]   [0]
2   2   [7]   subclone   [0, 1, 2, 3, 4, 5, 6, 7, 18, 19, 20, 22]   [4]
3   2   [7]   subclone   [0, 1, 2, 3, 4, 5, 6, 7, 18, 19, 20]   [3]
4   3   [1]   subclone   [0, 1, 2, 3, 4, 5, 6, 7]   [0]
5   3   [3]   subclone   [0, 1, 2, 3, 4, 5, 6, 7, 18, 19, 20]   [0]
6   3   [1]   subclone   [0, 1, 2, 3, 4, 5, 6, 7, 21, 22, 23, 24, 25, 26, 27, 28, 29, 30, 31]   [11]
7   1.5   [0]   unobserved subclone   [0, 1, 2, 3, 4, 5, 6, 7]   [8]
5
 Total estimated FP  88  True negatives  9110
 Total estimated FN  611  True positives  5551
 Estimated FP rate  0.01561
 Estimated FN rate  0.06
 No. of Cells in each cluster  {'4_2': 40, '4_3': 35, '3_3': 173, '0_2': 60, '0_3': 292}
 Cells in each cluster  {'4_2': [0, 2, 3, 4, 5, 6, 7, 8, 9, 10, 11, 12, 13, 14, 15, 16, 17, 18, 19, 21, 22, 23, 25, 26, 27, 28, 29, 30, 31, 32, 33, 34, 35, 36, 37, 38, 40, 57, 69, 78], '4_3': [170, 330, 375, 395, 396, 397, 398, 399, 400, 401, 402, 403, 404, 405, 406, 407, 408, 409, 410, 411, 412, 413, 414, 415, 416, 417, 418, 419, 420, 421, 422, 423, 424, 425, 426], '3_3': [427, 428, 429, 430, 431, 432, 433, 434, 435, 436, 437, 438, 439, 440, 441, 442, 443, 444, 445, 446, 447, 448, 449, 450, 451, 452, 453, 454, 455, 456, 457, 458, 459, 460, 461, 462, 463, 464, 465, 466, 467, 468, 469, 470, 471, 472, 473, 474, 475, 476, 477, 478, 479, 480, 481, 482, 483, 484, 485, 486, 487, 488, 489, 490, 491, 492, 493, 494, 495, 496, 497, 498, 499, 500, 501, 502, 503, 504, 505, 506, 507, 508, 509, 510, 511, 512, 513, 514, 515, 516, 517, 518, 519, 520, 521, 522, 523, 524, 525, 526, 527, 528, 529, 530, 531, 532, 533, 534, 535, 536, 537, 538, 539, 540, 541, 542, 543, 544, 545, 546, 547, 548, 549, 550, 551, 552, 553, 554, 555, 556, 557, 558, 559, 560, 561, 562, 563, 564, 565, 566, 567, 568, 569, 570, 571, 572, 573, 574, 575, 576, 577, 578, 579, 580, 581, 582, 583, 584, 585, 586, 587, 588, 589, 590, 591, 592, 593, 594, 595, 596, 597, 598, 599], '0_2': [20, 68, 84, 43, 79, 1, 24, 39, 41, 42, 44, 45, 46, 47, 48, 49, 50, 51, 52, 53, 54, 55, 56, 58, 59, 60, 61, 62, 63, 64, 65, 66, 67, 70, 71, 72, 73, 74, 75, 76, 77, 80, 81, 82, 83, 85, 86, 87, 88, 89, 90, 91, 92, 93, 94, 95, 96, 97, 98, 99], '0_3': [121, 127, 142, 199, 229, 311, 331, 183, 100, 101, 102, 103, 104, 105, 106, 107, 108, 109, 110, 111, 112, 113, 114, 115, 116, 117, 118, 119, 120, 122, 123, 124, 125, 126, 128, 129, 130, 131, 132, 133, 134, 135, 136, 137, 138, 139, 140, 141, 143, 144, 145, 146, 147, 148, 149, 150, 151, 152, 153, 154, 155, 156, 157, 158, 159, 160, 161, 162, 163, 164, 165, 166, 167, 168, 169, 171, 172, 173, 174, 175, 176, 177, 178, 179, 180, 181, 182, 184, 185, 186, 187, 188, 189, 190, 191, 192, 193, 194, 195, 196, 197, 198, 200, 201, 202, 203, 204, 205, 206, 207, 208, 209, 210, 211, 212, 213, 214, 215, 216, 217, 218, 219, 220, 221, 222, 223, 224, 225, 226, 227, 228, 230, 231, 232, 233, 234, 235, 236, 237, 238, 239, 240, 241, 242, 243, 244, 245, 246, 247, 248, 249, 250, 251, 252, 253, 254, 255, 256, 257, 258, 259, 260, 261, 262, 263, 264, 265, 266, 267, 268, 269, 270, 271, 272, 273, 274, 275, 276, 277, 278, 279, 280, 281, 282, 283, 284, 285, 286, 287, 288, 289, 290, 291, 292, 293, 294, 295, 296, 297, 298, 299, 300, 301, 302, 303, 304, 305, 306, 307, 308, 309, 310, 312, 313, 314, 315, 316, 317, 318, 319, 320, 321, 322, 323, 324, 325, 326, 327, 328, 329, 332, 333, 334, 335, 336, 337, 338, 339, 340, 341, 342, 343, 344, 345, 346, 347, 348, 349, 350, 351, 352, 353, 354, 355, 356, 357, 358, 359, 360, 361, 362, 363, 364, 365, 366, 367, 368, 369, 370, 371, 372, 373, 374, 376, 377, 378, 379, 380, 381, 382, 383, 384, 385, 386, 387, 388, 389, 390, 391, 392, 393, 394]}
FP rate  0.01561 FN rate  0.06
 Before reassigning cells 
 Timepoint  2
 Cluster  4  # of cells  42
 Cluster  0  # of cells  56
 Timepoint  3
 Cluster  4  # of cells  36
 Cluster  3  # of cells  173
 Cluster  0  # of cells  289
 Cells absent at timepoint  2   {1, 39}
 Missing cell prob  {'0': 0.032690854342818855, '4': 0.032690854342818855}
 Missing cell prob  {'0': 0.48906156600051365, '4': 0.48906156600051365}
 Cells absent at timepoint  3   {104, 343}
 Missing cell prob  {'3': 4.1625691781252116e-13, '0': 0.5881944098842855, '4': 0.5881944098842855}
 Missing cell prob  {'3': 5.583778228649234e-12, '0': 0.48091868038513824, '4': 0.48091868038513824}
 Timepoint  2
 Timepoint  3
 After reassigning and merging cells 
 Timepoint  2
 Cluster  4  # of cells  42
 Cluster  0  # of cells  58
 Timepoint  3
 Cluster  4  # of cells  36
 Cluster  3  # of cells  173
 Cluster  0  # of cells  291
 Tp cluster cell dict  {'4_2': 42, '0_2': 58, '4_3': 36, '3_3': 173, '0_3': 291}
 New Graph is here 
 ID  0  Timepoint  1  Mutations  []  Type  subclone
 ID  1  Timepoint  2  Mutations  [0, 1, 2, 3, 4, 5, 6, 7]  Type  subclone
 ID  2  Timepoint  2  Mutations  [0, 1, 2, 3, 4, 5, 6, 7, 18, 19, 20]  Type  subclone
 ID  3  Timepoint  3  Mutations  [0, 1, 2, 3, 4, 5, 6, 7]  Type  subclone
 ID  4  Timepoint  3  Mutations  [0, 1, 2, 3, 4, 5, 6, 7, 21, 22, 23, 24, 25, 26, 27, 28, 29, 30, 31]  Type  subclone
 ID  5  Timepoint  3  Mutations  [0, 1, 2, 3, 4, 5, 6, 7, 18, 19, 20]  Type  subclone
Timepoints  SortedDict({1: [0], 2: [1, 2], 3: [3, 4, 5]})
 Clone to nodes  {'4_2': 1, '0_2': 2, '4_3': 3, '3_3': 4, '0_3': 5}
 Timepoint ====  1
 Hash table  {'0,1': [0, 1, 2, 3, 4, 5, 6, 7], '1': [18, 19, 20]}
 Final possible usc  [[0, 1, 2, 3, 4, 5, 6, 7], [18, 19, 20]]
 Time  1  USC keys  {'0,1,2,3,4,5,6,7_0', '18,19,20_0'}
 USC children  {'0,1,2,3,4,5,6,7_0': [1, 2], '18,19,20_0': [2]}
 USC children  {'0,1,2,3,4,5,6,7_0': [1, 2], '18,19,20_0': [2]}
 Timepoint ====  2
 Hash table  {'0': [0, 1, 2, 3, 4, 5, 6, 7, 21, 22, 23, 24, 25, 26, 27, 28, 29, 30, 31]}
====== Inside find superset of t nodes ==========
 Final possible usc  [[0, 1, 2, 3, 4, 5, 6, 7, 21, 22, 23, 24, 25, 26, 27, 28, 29, 30, 31]]
 Time  2  USC keys  {'0,1,2,3,4,5,6,7,21,22,23,24,25,26,27,28,29,30,31_1'}
 USC children  {'0,1,2,3,4,5,6,7_0': [1, 2], '18,19,20_0': [2], '0,1,2,3,4,5,6,7,21,22,23,24,25,26,27,28,29,30,31_1': [4]}
 USC children  {'0,1,2,3,4,5,6,7_0': [1, 2], '18,19,20_0': [2], '0,1,2,3,4,5,6,7,21,22,23,24,25,26,27,28,29,30,31_1': [4]}
 Node s  {'1,2': ['0', '1', '2', '3', '4', '5', '6', '7'], '4': ['0', '1', '2', '3', '4', '5', '6', '7', '21', '22', '23', '24', '25', '26', '27', '28', '29', '30', '31']}
 Enroll USC nodes  ['1', '2']  len  2
 Enroll USC nodes  ['4']  len  1
 Node TP  SortedDict({1: [0], 2: [1, 2], 3: [3, 4, 5]})
 Unobserved subclones at timepoints  {1.5: [6]}
 ============== Inside finding node v ============ 
 Time  2
 Time  3
 largest_v_mut  [[0, 1, 2, 3, 4, 5, 6, 7]]
 Sorted all timepoints  [1, 1.5, 2, 3]
 Timepoint  2
 Inside usc_node check  2
 Timepoint  3
0   1   [-1]   subclone   []   []
1   2   [6]   subclone   [0, 1, 2, 3, 4, 5, 6, 7]   [0]
2   2   [6]   subclone   [0, 1, 2, 3, 4, 5, 6, 7, 18, 19, 20]   [3]
3   3   [1]   subclone   [0, 1, 2, 3, 4, 5, 6, 7]   [0]
4   3   [1]   subclone   [0, 1, 2, 3, 4, 5, 6, 7, 21, 22, 23, 24, 25, 26, 27, 28, 29, 30, 31]   [11]
5   3   [2]   subclone   [0, 1, 2, 3, 4, 5, 6, 7, 18, 19, 20]   [0]
6   1.5   [0]   unobserved subclone   [0, 1, 2, 3, 4, 5, 6, 7]   [8]
5
 Total estimated FP  82  True negatives  9110
 Total estimated FN  611  True positives  5557
 Estimated FP rate  0.01454
 Estimated FN rate  0.06
 No. of Cells in each cluster  {'4_2': 40, '4_3': 35, '3_2': 1, '3_3': 5, '1_3': 173, '2_2': 59, '2_3': 287}
 Cells in each cluster  {'4_2': [0, 2, 3, 4, 5, 6, 7, 8, 9, 10, 11, 12, 13, 14, 15, 16, 17, 18, 19, 21, 22, 23, 25, 26, 27, 28, 29, 30, 31, 32, 33, 34, 35, 36, 37, 38, 40, 57, 69, 78], '4_3': [170, 330, 375, 395, 396, 397, 398, 399, 400, 401, 402, 403, 404, 405, 406, 407, 408, 409, 410, 411, 412, 413, 414, 415, 416, 417, 418, 419, 420, 421, 422, 423, 424, 425, 426], '3_2': [20], '3_3': [121, 199, 229, 281, 331], '1_3': [427, 428, 429, 430, 431, 432, 433, 434, 435, 436, 437, 438, 439, 440, 441, 442, 443, 444, 445, 446, 447, 448, 449, 450, 451, 452, 453, 454, 455, 456, 457, 458, 459, 460, 461, 462, 463, 464, 465, 466, 467, 468, 469, 470, 471, 472, 473, 474, 475, 476, 477, 478, 479, 480, 481, 482, 483, 484, 485, 486, 487, 488, 489, 490, 491, 492, 493, 494, 495, 496, 497, 498, 499, 500, 501, 502, 503, 504, 505, 506, 507, 508, 509, 510, 511, 512, 513, 514, 515, 516, 517, 518, 519, 520, 521, 522, 523, 524, 525, 526, 527, 528, 529, 530, 531, 532, 533, 534, 535, 536, 537, 538, 539, 540, 541, 542, 543, 544, 545, 546, 547, 548, 549, 550, 551, 552, 553, 554, 555, 556, 557, 558, 559, 560, 561, 562, 563, 564, 565, 566, 567, 568, 569, 570, 571, 572, 573, 574, 575, 576, 577, 578, 579, 580, 581, 582, 583, 584, 585, 586, 587, 588, 589, 590, 591, 592, 593, 594, 595, 596, 597, 598, 599], '2_2': [1, 24, 39, 41, 42, 44, 45, 46, 47, 48, 49, 50, 51, 52, 53, 54, 55, 56, 58, 59, 60, 61, 62, 63, 64, 65, 66, 67, 68, 70, 71, 72, 73, 74, 75, 76, 77, 80, 81, 82, 83, 84, 85, 86, 87, 88, 89, 90, 91, 92, 93, 94, 95, 96, 97, 98, 99, 43, 79], '2_3': [100, 101, 102, 103, 104, 105, 106, 107, 108, 109, 110, 111, 112, 113, 114, 115, 116, 117, 118, 119, 120, 122, 123, 124, 125, 126, 127, 128, 129, 130, 131, 132, 133, 134, 135, 136, 137, 138, 139, 140, 141, 142, 143, 144, 145, 146, 147, 148, 149, 150, 151, 152, 153, 154, 155, 156, 157, 158, 159, 160, 161, 162, 163, 164, 165, 166, 167, 168, 169, 171, 172, 173, 174, 175, 176, 177, 178, 179, 180, 181, 182, 184, 185, 186, 187, 188, 189, 190, 191, 192, 193, 194, 195, 196, 197, 198, 200, 201, 202, 203, 204, 205, 206, 207, 208, 209, 210, 211, 212, 213, 214, 215, 216, 217, 218, 219, 220, 221, 222, 223, 224, 225, 226, 227, 228, 230, 231, 232, 233, 234, 235, 236, 237, 238, 239, 240, 241, 242, 243, 244, 245, 246, 247, 248, 249, 250, 251, 252, 253, 254, 255, 256, 257, 258, 259, 260, 261, 262, 263, 264, 265, 266, 267, 268, 269, 270, 271, 272, 273, 274, 275, 276, 277, 278, 279, 280, 282, 283, 284, 285, 286, 287, 288, 289, 290, 291, 292, 293, 294, 295, 296, 297, 298, 299, 300, 301, 302, 303, 304, 305, 306, 307, 308, 309, 310, 311, 312, 313, 314, 315, 316, 317, 318, 319, 320, 321, 322, 323, 324, 325, 326, 327, 328, 329, 332, 333, 334, 335, 336, 337, 338, 339, 340, 341, 342, 343, 344, 345, 346, 347, 348, 349, 350, 351, 352, 353, 354, 355, 356, 357, 358, 359, 360, 361, 362, 363, 364, 365, 366, 367, 368, 369, 370, 371, 372, 373, 374, 376, 377, 378, 379, 380, 381, 382, 383, 384, 385, 386, 387, 388, 389, 390, 391, 392, 393, 394, 183]}
FP rate  0.01454 FN rate  0.06
 Before reassigning cells 
 Timepoint  2
 Cluster  4  # of cells  41
 Cluster  3  # of cells  1
 Cluster  2  # of cells  43
 Timepoint  3
 Cluster  4  # of cells  36
 Cluster  3  # of cells  5
 Cluster  1  # of cells  173
 Cluster  2  # of cells  228
 Cells absent at timepoint  3   {257, 130, 258, 259, 261, 134, 388, 391, 137, 392, 269, 270, 145, 273, 278, 282, 155, 284, 286, 291, 293, 294, 298, 299, 172, 177, 181, 311, 185, 313, 317, 318, 321, 329, 204, 336, 337, 210, 215, 343, 349, 224, 226, 100, 103, 104, 106, 250, 236, 362, 363, 113, 370, 252, 372, 122, 124, 254}
 Missing cell prob  {'3': 0.02759859325925955, '2': 0.02759859325925955, '4': 1.0214017668452812e-07, '1': 5.203194994517611e-15}
 Missing cell prob  {'3': 0.029360205594956962, '2': 0.029360205594956962, '4': 7.02477143634994e-06, '1': 8.076857929203596e-17}
 Missing cell prob  {'3': 0.029891536638264153, '2': 0.029891536638264153, '4': 0.00046236483268123494, '1': 5.316123234561412e-15}
 Missing cell prob  {'3': 0.03067906289421168, '2': 0.03067906289421168, '4': 7.340323418929297e-06, '1': 2.2766744941458802e-14}
 Missing cell prob  {'3': 0.48933675991594966, '2': 0.48933675991594966, '4': 0.00011707952393916565, '1': 3.631338167629695e-13}
 Missing cell prob  {'3': 0.026028128941382494, '2': 0.026028128941382494, '4': 9.632801439792712e-08, '1': 1.107548756488222e-18}
 Missing cell prob  {'3': 0.39470207049037387, '2': 0.39470207049037387, '4': 1.4607606568537642e-06, '1': 2.758525858293456e-16}
 Missing cell prob  {'3': 0.49819227730440246, '2': 0.49819227730440246, '4': 0.007706080544687249, '1': 8.860205390935687e-14}
 Missing cell prob  {'3': 0.0018802285337581148, '2': 0.0018802285337581148, '4': 4.4986659425923165e-07, '1': 5.1724224792920215e-18}
 Missing cell prob  {'3': 0.02936020559495697, '2': 0.02936020559495697, '4': 0.00045414615888369613, '1': 8.576175137572441e-14}
 Missing cell prob  {'3': 0.03274480331100758, '2': 0.03274480331100758, '4': 0.008318915051106114, '1': 9.564822941457827e-14}
 Missing cell prob  {'3': 0.001680347853343183, '2': 0.001680347853343183, '4': 6.603285150168945e-06, '1': 7.592246453451381e-17}
 Missing cell prob  {'3': 0.0061052852180106774, '2': 0.0061052852180106774, '4': 1.4607606568537642e-06, '1': 2.758525858293456e-16}
 Missing cell prob  {'3': 0.030332572238613596, '2': 0.030332572238613596, '4': 0.0004691868088823848, '1': 1.4552296674252475e-12}
 Missing cell prob  {'3': 0.473650166009101, '2': 0.473650166009101, '4': 0.00011332632349054966, '1': 5.77303641205108e-12}
 Missing cell prob  {'3': 0.46676329259532867, '2': 0.46676329259532867, '4': 1.7274534512567416e-06, '1': 3.262153174739453e-16}
 Missing cell prob  {'3': 0.001735998492336378, '2': 0.001735998492336378, '4': 0.0004410356003494418, '1': 2.246710650628719e-11}
 Missing cell prob  {'3': 0.024827432067156, '2': 0.024827432067156, '4': 9.188433171721985e-08, '1': 1.0564567116868555e-18}
 Missing cell prob  {'3': 0.5130019185391186, '2': 0.5130019185391186, '4': 0.00012274168900115975, '1': 2.3178754261466132e-14}
 Missing cell prob  {'3': 0.4518003328887573, '2': 0.4518003328887573, '4': 0.00010809849621609872, '1': 5.506721964694672e-12}
 Missing cell prob  {'3': 0.029891536638264153, '2': 0.029891536638264153, '4': 7.151898582111869e-06, '1': 8.22302466282159e-17}
 Missing cell prob  {'3': 0.0004676464518179489, '2': 0.0004676464518179489, '4': 1.8377164375071718e-06, '1': 9.36164130449216e-14}
 Missing cell prob  {'3': 2.6077376563221646e-05, '2': 2.6077376563221646e-05, '4': 9.651027589034053e-11, '1': 6.756099735800738e-23}
 Missing cell prob  {'3': 0.43237796106173293, '2': 0.43237796106173293, '4': 0.00010345146735264676, '1': 1.9535955218380845e-14}
 Missing cell prob  {'3': 0.006590814720515745, '2': 0.006590814720515745, '4': 2.4392075846931338e-08, '1': 2.8045230083156936e-19}
 Missing cell prob  {'3': 0.536045909924288, '2': 0.536045909924288, '4': 0.0001282552325606039, '1': 1.47463771804541e-15}
 Missing cell prob  {'3': 0.028933308205606294, '2': 0.028933308205606294, '4': 0.00011369960335249792, '1': 3.5265065607271823e-13}
 Missing cell prob  {'3': 1.6111543454406973e-06, '2': 1.6111543454406973e-06, '4': 3.8548745814460234e-10, '1': 4.706214265248083e-18}
 Missing cell prob  {'3': 0.518861967917042, '2': 0.518861967917042, '4': 0.00802580107820616, '1': 2.4892822246387822e-11}
 Missing cell prob  {'3': 0.0020597038640978002, '2': 0.0020597038640978002, '4': 8.09404547545481e-06, '1': 1.5284936404527252e-15}
 Missing cell prob  {'3': 0.0289333082056063, '2': 0.0289333082056063, '4': 0.007350593339157364, '1': 2.279859812299555e-11}
 Missing cell prob  {'3': 0.4683007406661386, '2': 0.4683007406661386, '4': 0.007243715712006016, '1': 8.32859306747955e-14}
 Missing cell prob  {'3': 0.0017876040993012586, '2': 0.0017876040993012586, '4': 6.6157791750258194e-09, '1': 2.051949872922601e-17}
 Missing cell prob  {'3': 0.5130019185391186, '2': 0.5130019185391186, '4': 0.007935157335700837, '1': 9.123590571885572e-14}
 Missing cell prob  {'3': 0.03169510814363933, '2': 0.03169510814363933, '4': 1.1730104920258548e-07, '1': 3.638208994543618e-16}
 Missing cell prob  {'3': 0.0004346229427203608, '2': 0.0004346229427203608, '4': 1.0398860538390658e-07, '1': 1.2695423618617858e-15}
 Missing cell prob  {'3': 0.02446644120489955, '2': 0.02446644120489955, '4': 9.05483335340515e-08, '1': 1.0410958310989287e-18}
 Missing cell prob  {'3': 2.4874407859708517e-05, '2': 2.4874407859708517e-05, '4': 9.205818535193729e-11, '1': 1.1238901188158043e-18}
 Missing cell prob  {'3': 0.0018199543343168157, '2': 0.0018199543343168157, '4': 4.354452894350985e-07, '1': 1.3505769807040279e-15}
 Missing cell prob  {'3': 0.02989153663826416, '2': 0.4909485615923966, '4': 0.4909485615923966, '1': 5.6447698241254454e-12}
 Missing cell prob  {'3': 2.8151208532943082e-05, '2': 2.8151208532943082e-05, '4': 1.1062617594032618e-07, '1': 7.74426838124798e-20}
 Missing cell prob  {'3': 0.4198958196706106, '2': 0.4198958196706106, '4': 1.554000698780601e-06, '1': 1.7867403914362424e-17}
 Missing cell prob  {'3': 0.40052571437742157, '2': 0.40052571437742157, '4': 1.4823134950721127e-06, '1': 1.704316733251545e-17}
 Missing cell prob  {'3': 0.47521029840494633, '2': 0.47521029840494633, '4': 1.7587151412184254e-06, '1': 1.2311699237535606e-18}
 Missing cell prob  {'3': 0.03587042569447639, '2': 0.03587042569447639, '4': 0.00911298875015845, '1': 4.642312064563157e-10}
 Missing cell prob  {'3': 0.03651957205847164, '2': 0.5998096246790243, '4': 0.5998096246790243, '1': 4.198903805258201e-13}
 Missing cell prob  {'3': 0.031234261271230822, '2': 0.031234261271230822, '4': 0.007935157335700839, '1': 1.4984889274950597e-12}
 Missing cell prob  {'3': 0.0019582380570773417, '2': 0.0019582380570773417, '4': 4.685312820593165e-07, '1': 2.3867783478734028e-14}
 Missing cell prob  {'3': 0.4387574950396088, '2': 0.4387574950396088, '4': 0.00010497784522217721, '1': 1.982419907290082e-14}
 Missing cell prob  {'3': 0.00011117340065263629, '2': 0.00011117340065263629, '4': 4.3687958071465206e-07, '1': 3.058329273865869e-19}
 Missing cell prob  {'3': 0.0017616123356974183, '2': 0.0017616123356974183, '4': 6.519585745820944e-09, '1': 1.2311699237535606e-18}
 Missing cell prob  {'3': 0.027197309713269915, '2': 0.027197309713269915, '4': 1.0065505851553511e-07, '1': 1.9007876504640874e-17}
 Missing cell prob  {'3': 0.028512617904296777, '2': 0.028512617904296777, '4': 0.007243715712006016, '1': 1.367915887379733e-12}
 Missing cell prob  {'3': 0.4599765543209927, '2': 0.4599765543209927, '4': 0.00011005475250281573, '1': 5.606377000053364e-12}
 Missing cell prob  {'3': 0.001735998492336378, '2': 0.001735998492336378, '4': 6.424790969076707e-09, '1': 7.387019542521364e-20}
 Missing cell prob  {'3': 0.03216275459545728, '2': 0.03216275459545728, '4': 0.00012639040147917273, '1': 1.0574877395603897e-10}
 Missing cell prob  {'3': 0.48222180342677157, '2': 0.48222180342677157, '4': 1.7846641580768626e-06, '1': 5.535313823954904e-15}
 Missing cell prob  {'3': 0.025942677663703985, '2': 0.025942677663703985, '4': 9.601176608345646e-08, '1': 1.8131029077144104e-17}
 Cells absent at timepoint  2   {1, 98, 99, 39, 73, 74, 49, 81, 54, 86, 88, 60, 61, 95, 63}
 Missing cell prob  {'3': 0.0020230920091684683, '2': 0.03322793752258598, '4': 0.03322793752258598}
 Missing cell prob  {'3': 0.5130019185391186, '2': 0.5130019185391186, '4': 0.00012274168900115978}
 Missing cell prob  {'3': 0.030332572238613596, '2': 0.030332572238613596, '4': 7.2574214905849745e-06}
 Missing cell prob  {'3': 0.030232989319729835, '2': 0.4965566942503496, '4': 0.4965566942503496}
 Missing cell prob  {'3': 0.46676329259532867, '2': 0.46676329259532867, '4': 0.00011167855874699707}
 Missing cell prob  {'3': 0.0018468069067408268, '2': 0.0018468069067408268, '4': 6.834884009656073e-09}
 Missing cell prob  {'3': 0.46149164789685276, '2': 0.46149164789685276, '4': 1.7079435176937428e-06}
 Missing cell prob  {'3': 2.7650812344510952e-05, '2': 2.7650812344510952e-05, '4': 1.0865976243034906e-07}
 Missing cell prob  {'3': 0.026325449702376536, '2': 0.026325449702376536, '4': 9.742837465088024e-08}
 Missing cell prob  {'3': 0.0017934921982958492, '2': 0.0017934921982958492, '4': 6.637570556419571e-09}
 Missing cell prob  {'3': 0.028933308205606287, '2': 0.028933308205606287, '4': 1.0707984948461181e-07}
 Missing cell prob  {'3': 0.02759859325925955, '2': 0.02759859325925955, '4': 6.603285150168941e-06}
 Missing cell prob  {'3': 0.5205710211871801, '2': 0.5205710211871801, '4': 0.00012455268504166556}
 Missing cell prob  {'3': 0.027689498873811155, '2': 0.027689498873811155, '4': 0.00010881178939543929}
 Missing cell prob  {'3': 0.41379053445259995, '2': 0.41379053445259995, '4': 1.5314055286203311e-06}
 Timepoint  2
SortedDict({2: {'4': ['0', '2', '3', '4', '5', '6', '7', '8', '9', '10', '11', '12', '13', '14', '15', '16', '17', '18', '19', '21', '22', '23', '25', '26', '27', '28', '29', '30', '31', '32', '33', '34', '35', '36', '37', '38', '40', '43', '57', '69', '78'], '3': ['20', '98', '99', '73', '74', '49', '81', '54', '86', '88', '60', '61', '95', '63'], '2': ['24', '41', '42', '44', '45', '46', '47', '48', '50', '51', '52', '53', '55', '56', '58', '59', '62', '64', '65', '66', '67', '68', '70', '71', '72', '75', '76', '77', '79', '80', '82', '83', '84', '85', '87', '89', '90', '91', '92', '93', '94', '96', '97', '1', '39']}, 3: {'4': ['170', '183', '330', '375', '395', '396', '397', '398', '399', '400', '401', '402', '403', '404', '405', '406', '407', '408', '409', '410', '411', '412', '413', '414', '415', '416', '417', '418', '419', '420', '421', '422', '423', '424', '425', '426'], '3': ['121', '199', '229', '281', '331', '257', '130', '258', '259', '261', '134', '388', '391', '137', '392', '269', '270', '145', '273', '278', '282', '155', '284', '286', '291', '293', '294', '298', '299', '172', '177', '181', '311', '185', '313', '317', '318', '321', '329', '204', '336', '337', '210', '215', '349', '224', '226', '100', '103', '106', '250', '236', '362', '363', '113', '370', '252', '372', '122', '124', '254'], '1': ['427', '428', '429', '430', '431', '432', '433', '434', '435', '436', '437', '438', '439', '440', '441', '442', '443', '444', '445', '446', '447', '448', '449', '450', '451', '452', '453', '454', '455', '456', '457', '458', '459', '460', '461', '462', '463', '464', '465', '466', '467', '468', '469', '470', '471', '472', '473', '474', '475', '476', '477', '478', '479', '480', '481', '482', '483', '484', '485', '486', '487', '488', '489', '490', '491', '492', '493', '494', '495', '496', '497', '498', '499', '500', '501', '502', '503', '504', '505', '506', '507', '508', '509', '510', '511', '512', '513', '514', '515', '516', '517', '518', '519', '520', '521', '522', '523', '524', '525', '526', '527', '528', '529', '530', '531', '532', '533', '534', '535', '536', '537', '538', '539', '540', '541', '542', '543', '544', '545', '546', '547', '548', '549', '550', '551', '552', '553', '554', '555', '556', '557', '558', '559', '560', '561', '562', '563', '564', '565', '566', '567', '568', '569', '570', '571', '572', '573', '574', '575', '576', '577', '578', '579', '580', '581', '582', '583', '584', '585', '586', '587', '588', '589', '590', '591', '592', '593', '594', '595', '596', '597', '598', '599'], '2': ['101', '102', '105', '107', '108', '109', '110', '111', '112', '114', '115', '116', '117', '118', '119', '120', '123', '125', '126', '127', '128', '129', '131', '132', '133', '135', '136', '138', '139', '140', '141', '142', '143', '144', '146', '147', '148', '149', '150', '151', '152', '153', '154', '156', '157', '158', '159', '160', '161', '162', '163', '164', '165', '166', '167', '168', '169', '171', '173', '174', '175', '176', '178', '179', '180', '182', '184', '186', '187', '188', '189', '190', '191', '192', '193', '194', '195', '196', '197', '198', '200', '201', '202', '203', '205', '206', '207', '208', '209', '211', '212', '213', '214', '216', '217', '218', '219', '220', '221', '222', '223', '225', '227', '228', '230', '231', '232', '233', '234', '235', '237', '238', '239', '240', '241', '242', '243', '244', '245', '246', '247', '248', '249', '251', '253', '255', '256', '260', '262', '263', '264', '265', '266', '267', '268', '271', '272', '274', '275', '276', '277', '279', '280', '283', '285', '287', '288', '289', '290', '292', '295', '296', '297', '300', '301', '302', '303', '304', '305', '306', '307', '308', '309', '310', '312', '314', '315', '316', '319', '320', '322', '323', '324', '325', '326', '327', '328', '332', '333', '334', '335', '338', '339', '340', '341', '342', '344', '345', '346', '347', '348', '350', '351', '352', '353', '354', '355', '356', '357', '358', '359', '360', '361', '364', '365', '366', '367', '368', '369', '371', '373', '374', '376', '377', '378', '379', '380', '381', '382', '383', '384', '385', '386', '387', '389', '390', '393', '394', '343', '104']}})
 Cluster1  3
 Cluster to drop  2
 Timepoint  3
SortedDict({2: {'4': ['0', '2', '3', '4', '5', '6', '7', '8', '9', '10', '11', '12', '13', '14', '15', '16', '17', '18', '19', '21', '22', '23', '25', '26', '27', '28', '29', '30', '31', '32', '33', '34', '35', '36', '37', '38', '40', '43', '57', '69', '78'], '3': ['20', '98', '99', '73', '74', '49', '81', '54', '86', '88', '60', '61', '95', '63', '24', '41', '42', '44', '45', '46', '47', '48', '50', '51', '52', '53', '55', '56', '58', '59', '62', '64', '65', '66', '67', '68', '70', '71', '72', '75', '76', '77', '79', '80', '82', '83', '84', '85', '87', '89', '90', '91', '92', '93', '94', '96', '97', '1', '39']}, 3: {'4': ['170', '183', '330', '375', '395', '396', '397', '398', '399', '400', '401', '402', '403', '404', '405', '406', '407', '408', '409', '410', '411', '412', '413', '414', '415', '416', '417', '418', '419', '420', '421', '422', '423', '424', '425', '426'], '3': ['121', '199', '229', '281', '331', '257', '130', '258', '259', '261', '134', '388', '391', '137', '392', '269', '270', '145', '273', '278', '282', '155', '284', '286', '291', '293', '294', '298', '299', '172', '177', '181', '311', '185', '313', '317', '318', '321', '329', '204', '336', '337', '210', '215', '349', '224', '226', '100', '103', '106', '250', '236', '362', '363', '113', '370', '252', '372', '122', '124', '254'], '1': ['427', '428', '429', '430', '431', '432', '433', '434', '435', '436', '437', '438', '439', '440', '441', '442', '443', '444', '445', '446', '447', '448', '449', '450', '451', '452', '453', '454', '455', '456', '457', '458', '459', '460', '461', '462', '463', '464', '465', '466', '467', '468', '469', '470', '471', '472', '473', '474', '475', '476', '477', '478', '479', '480', '481', '482', '483', '484', '485', '486', '487', '488', '489', '490', '491', '492', '493', '494', '495', '496', '497', '498', '499', '500', '501', '502', '503', '504', '505', '506', '507', '508', '509', '510', '511', '512', '513', '514', '515', '516', '517', '518', '519', '520', '521', '522', '523', '524', '525', '526', '527', '528', '529', '530', '531', '532', '533', '534', '535', '536', '537', '538', '539', '540', '541', '542', '543', '544', '545', '546', '547', '548', '549', '550', '551', '552', '553', '554', '555', '556', '557', '558', '559', '560', '561', '562', '563', '564', '565', '566', '567', '568', '569', '570', '571', '572', '573', '574', '575', '576', '577', '578', '579', '580', '581', '582', '583', '584', '585', '586', '587', '588', '589', '590', '591', '592', '593', '594', '595', '596', '597', '598', '599'], '2': ['101', '102', '105', '107', '108', '109', '110', '111', '112', '114', '115', '116', '117', '118', '119', '120', '123', '125', '126', '127', '128', '129', '131', '132', '133', '135', '136', '138', '139', '140', '141', '142', '143', '144', '146', '147', '148', '149', '150', '151', '152', '153', '154', '156', '157', '158', '159', '160', '161', '162', '163', '164', '165', '166', '167', '168', '169', '171', '173', '174', '175', '176', '178', '179', '180', '182', '184', '186', '187', '188', '189', '190', '191', '192', '193', '194', '195', '196', '197', '198', '200', '201', '202', '203', '205', '206', '207', '208', '209', '211', '212', '213', '214', '216', '217', '218', '219', '220', '221', '222', '223', '225', '227', '228', '230', '231', '232', '233', '234', '235', '237', '238', '239', '240', '241', '242', '243', '244', '245', '246', '247', '248', '249', '251', '253', '255', '256', '260', '262', '263', '264', '265', '266', '267', '268', '271', '272', '274', '275', '276', '277', '279', '280', '283', '285', '287', '288', '289', '290', '292', '295', '296', '297', '300', '301', '302', '303', '304', '305', '306', '307', '308', '309', '310', '312', '314', '315', '316', '319', '320', '322', '323', '324', '325', '326', '327', '328', '332', '333', '334', '335', '338', '339', '340', '341', '342', '344', '345', '346', '347', '348', '350', '351', '352', '353', '354', '355', '356', '357', '358', '359', '360', '361', '364', '365', '366', '367', '368', '369', '371', '373', '374', '376', '377', '378', '379', '380', '381', '382', '383', '384', '385', '386', '387', '389', '390', '393', '394', '343', '104']}})
 Cluster1  3
 Cluster to drop  2
 After reassigning and merging cells 
 Timepoint  2
 Cluster  4  # of cells  41
 Cluster  3  # of cells  59
 Timepoint  3
 Cluster  4  # of cells  36
 Cluster  3  # of cells  291
 Cluster  1  # of cells  173
 Tp cluster cell dict  {'4_2': 41, '3_2': 59, '4_3': 36, '3_3': 291, '1_3': 173}
 New Graph is here 
 ID  0  Timepoint  1  Mutations  []  Type  subclone
 ID  1  Timepoint  2  Mutations  [0, 1, 2, 3, 4, 5, 6, 7]  Type  subclone
 ID  2  Timepoint  2  Mutations  [0, 1, 2, 3, 4, 5, 6, 7, 18, 19, 20]  Type  subclone
 ID  3  Timepoint  3  Mutations  [0, 1, 2, 3, 4, 5, 6, 7]  Type  subclone
 ID  4  Timepoint  3  Mutations  [0, 1, 2, 3, 4, 5, 6, 7, 18, 19, 20]  Type  subclone
 ID  5  Timepoint  3  Mutations  [0, 1, 2, 3, 4, 5, 6, 7, 21, 22, 23, 24, 25, 26, 27, 28, 29, 30, 31]  Type  subclone
Timepoints  SortedDict({1: [0], 2: [1, 2], 3: [3, 4, 5]})
 Clone to nodes  {'4_2': 1, '3_2': 2, '4_3': 3, '3_3': 4, '1_3': 5}
 Timepoint ====  1
 Hash table  {'0,1': [0, 1, 2, 3, 4, 5, 6, 7], '1': [18, 19, 20]}
 Final possible usc  [[0, 1, 2, 3, 4, 5, 6, 7], [18, 19, 20]]
 Time  1  USC keys  {'0,1,2,3,4,5,6,7_0', '18,19,20_0'}
 USC children  {'0,1,2,3,4,5,6,7_0': [1, 2], '18,19,20_0': [2]}
 USC children  {'0,1,2,3,4,5,6,7_0': [1, 2], '18,19,20_0': [2]}
 Timepoint ====  2
 Hash table  {'0': [0, 1, 2, 3, 4, 5, 6, 7, 21, 22, 23, 24, 25, 26, 27, 28, 29, 30, 31]}
====== Inside find superset of t nodes ==========
 Final possible usc  [[0, 1, 2, 3, 4, 5, 6, 7, 21, 22, 23, 24, 25, 26, 27, 28, 29, 30, 31]]
 Time  2  USC keys  {'0,1,2,3,4,5,6,7,21,22,23,24,25,26,27,28,29,30,31_1'}
 USC children  {'0,1,2,3,4,5,6,7_0': [1, 2], '18,19,20_0': [2], '0,1,2,3,4,5,6,7,21,22,23,24,25,26,27,28,29,30,31_1': [5]}
 USC children  {'0,1,2,3,4,5,6,7_0': [1, 2], '18,19,20_0': [2], '0,1,2,3,4,5,6,7,21,22,23,24,25,26,27,28,29,30,31_1': [5]}
 Node s  {'1,2': ['0', '1', '2', '3', '4', '5', '6', '7'], '5': ['0', '1', '2', '3', '4', '5', '6', '7', '21', '22', '23', '24', '25', '26', '27', '28', '29', '30', '31']}
 Enroll USC nodes  ['1', '2']  len  2
 Enroll USC nodes  ['5']  len  1
 Node TP  SortedDict({1: [0], 2: [1, 2], 3: [3, 4, 5]})
 Unobserved subclones at timepoints  {1.5: [6]}
 ============== Inside finding node v ============ 
 Time  2
 Time  3
 largest_v_mut  [[0, 1, 2, 3, 4, 5, 6, 7]]
 Sorted all timepoints  [1, 1.5, 2, 3]
 Timepoint  2
 Inside usc_node check  2
 Timepoint  3
0   1   [-1]   subclone   []   []
1   2   [6]   subclone   [0, 1, 2, 3, 4, 5, 6, 7]   [0]
2   2   [6]   subclone   [0, 1, 2, 3, 4, 5, 6, 7, 18, 19, 20]   [3]
3   3   [1]   subclone   [0, 1, 2, 3, 4, 5, 6, 7]   [0]
4   3   [2]   subclone   [0, 1, 2, 3, 4, 5, 6, 7, 18, 19, 20]   [0]
5   3   [1]   subclone   [0, 1, 2, 3, 4, 5, 6, 7, 21, 22, 23, 24, 25, 26, 27, 28, 29, 30, 31]   [11]
6   1.5   [0]   unobserved subclone   [0, 1, 2, 3, 4, 5, 6, 7]   [8]
4
 Total estimated FP  89  True negatives  9112
 Total estimated FN  609  True positives  5550
 Estimated FP rate  0.01578
 Estimated FN rate  0.06
 No. of Cells in each cluster  {'2_2': 41, '2_3': 35, '1_3': 173, '0_2': 59, '0_3': 292}
 Cells in each cluster  {'2_2': [0, 2, 3, 4, 5, 6, 7, 8, 9, 10, 11, 12, 13, 14, 15, 16, 17, 18, 19, 21, 22, 23, 25, 26, 27, 28, 29, 30, 31, 32, 33, 34, 35, 36, 37, 38, 40, 43, 57, 69, 78], '2_3': [170, 330, 375, 395, 396, 397, 398, 399, 400, 401, 402, 403, 404, 405, 406, 407, 408, 409, 410, 411, 412, 413, 414, 415, 416, 417, 418, 419, 420, 421, 422, 423, 424, 425, 426], '1_3': [427, 428, 429, 430, 431, 432, 433, 434, 435, 436, 437, 438, 439, 440, 441, 442, 443, 444, 445, 446, 447, 448, 449, 450, 451, 452, 453, 454, 455, 456, 457, 458, 459, 460, 461, 462, 463, 464, 465, 466, 467, 468, 469, 470, 471, 472, 473, 474, 475, 476, 477, 478, 479, 480, 481, 482, 483, 484, 485, 486, 487, 488, 489, 490, 491, 492, 493, 494, 495, 496, 497, 498, 499, 500, 501, 502, 503, 504, 505, 506, 507, 508, 509, 510, 511, 512, 513, 514, 515, 516, 517, 518, 519, 520, 521, 522, 523, 524, 525, 526, 527, 528, 529, 530, 531, 532, 533, 534, 535, 536, 537, 538, 539, 540, 541, 542, 543, 544, 545, 546, 547, 548, 549, 550, 551, 552, 553, 554, 555, 556, 557, 558, 559, 560, 561, 562, 563, 564, 565, 566, 567, 568, 569, 570, 571, 572, 573, 574, 575, 576, 577, 578, 579, 580, 581, 582, 583, 584, 585, 586, 587, 588, 589, 590, 591, 592, 593, 594, 595, 596, 597, 598, 599], '0_2': [20, 1, 24, 39, 41, 42, 44, 45, 46, 47, 48, 49, 50, 51, 52, 53, 54, 55, 56, 58, 59, 60, 61, 62, 63, 64, 65, 66, 67, 68, 70, 71, 72, 73, 74, 75, 76, 77, 79, 80, 81, 82, 83, 84, 85, 86, 87, 88, 89, 90, 91, 92, 93, 94, 95, 96, 97, 98, 99], '0_3': [121, 199, 229, 281, 331, 100, 101, 102, 103, 104, 105, 106, 107, 108, 109, 110, 111, 112, 113, 114, 115, 116, 117, 118, 119, 120, 122, 123, 124, 125, 126, 127, 128, 129, 130, 131, 132, 133, 134, 135, 136, 137, 138, 139, 140, 141, 142, 143, 144, 145, 146, 147, 148, 149, 150, 151, 152, 153, 154, 155, 156, 157, 158, 159, 160, 161, 162, 163, 164, 165, 166, 167, 168, 169, 171, 172, 173, 174, 175, 176, 177, 178, 179, 180, 181, 182, 183, 184, 185, 186, 187, 188, 189, 190, 191, 192, 193, 194, 195, 196, 197, 198, 200, 201, 202, 203, 204, 205, 206, 207, 208, 209, 210, 211, 212, 213, 214, 215, 216, 217, 218, 219, 220, 221, 222, 223, 224, 225, 226, 227, 228, 230, 231, 232, 233, 234, 235, 236, 237, 238, 239, 240, 241, 242, 243, 244, 245, 246, 247, 248, 249, 250, 251, 252, 253, 254, 255, 256, 257, 258, 259, 260, 261, 262, 263, 264, 265, 266, 267, 268, 269, 270, 271, 272, 273, 274, 275, 276, 277, 278, 279, 280, 282, 283, 284, 285, 286, 287, 288, 289, 290, 291, 292, 293, 294, 295, 296, 297, 298, 299, 300, 301, 302, 303, 304, 305, 306, 307, 308, 309, 310, 311, 312, 313, 314, 315, 316, 317, 318, 319, 320, 321, 322, 323, 324, 325, 326, 327, 328, 329, 332, 333, 334, 335, 336, 337, 338, 339, 340, 341, 342, 343, 344, 345, 346, 347, 348, 349, 350, 351, 352, 353, 354, 355, 356, 357, 358, 359, 360, 361, 362, 363, 364, 365, 366, 367, 368, 369, 370, 371, 372, 373, 374, 376, 377, 378, 379, 380, 381, 382, 383, 384, 385, 386, 387, 388, 389, 390, 391, 392, 393, 394]}
FP rate  0.01578 FN rate  0.06
 Before reassigning cells 
 Timepoint  2
 Cluster  2  # of cells  42
 Cluster  0  # of cells  56
 Timepoint  3
 Cluster  2  # of cells  36
 Cluster  1  # of cells  173
 Cluster  0  # of cells  289
 Cells absent at timepoint  3   {104, 343}
 Missing cell prob  {'0': 0.5863686748968114, '2': 0.5863686748968114, '1': 4.1568217878641183e-13}
 Missing cell prob  {'0': 0.4793431306956486, '2': 0.4793431306956486, '1': 5.574142769604984e-12}
 Cells absent at timepoint  2   {1, 39}
 Missing cell prob  {'0': 0.03260627304833454, '2': 0.03260627304833454}
 Missing cell prob  {'0': 0.4878804682135498, '2': 0.4878804682135498}
 Timepoint  2
 Timepoint  3
 After reassigning and merging cells 
 Timepoint  2
 Cluster  2  # of cells  42
 Cluster  0  # of cells  58
 Timepoint  3
 Cluster  2  # of cells  36
 Cluster  1  # of cells  173
 Cluster  0  # of cells  291
 Tp cluster cell dict  {'2_2': 42, '0_2': 58, '2_3': 36, '1_3': 173, '0_3': 291}
 New Graph is here 
 ID  0  Timepoint  1  Mutations  []  Type  subclone
 ID  1  Timepoint  2  Mutations  [0, 1, 2, 3, 4, 5, 6, 7]  Type  subclone
 ID  2  Timepoint  2  Mutations  [0, 1, 2, 3, 4, 5, 6, 7, 18, 19, 20]  Type  subclone
 ID  3  Timepoint  3  Mutations  [0, 1, 2, 3, 4, 5, 6, 7]  Type  subclone
 ID  4  Timepoint  3  Mutations  [0, 1, 2, 3, 4, 5, 6, 7, 21, 22, 23, 24, 25, 26, 27, 28, 29, 30, 31]  Type  subclone
 ID  5  Timepoint  3  Mutations  [0, 1, 2, 3, 4, 5, 6, 7, 18, 19, 20]  Type  subclone
Timepoints  SortedDict({1: [0], 2: [1, 2], 3: [3, 4, 5]})
 Clone to nodes  {'2_2': 1, '0_2': 2, '2_3': 3, '1_3': 4, '0_3': 5}
 Timepoint ====  1
 Hash table  {'0,1': [0, 1, 2, 3, 4, 5, 6, 7], '1': [18, 19, 20]}
 Final possible usc  [[0, 1, 2, 3, 4, 5, 6, 7], [18, 19, 20]]
 Time  1  USC keys  {'0,1,2,3,4,5,6,7_0', '18,19,20_0'}
 USC children  {'0,1,2,3,4,5,6,7_0': [1, 2], '18,19,20_0': [2]}
 USC children  {'0,1,2,3,4,5,6,7_0': [1, 2], '18,19,20_0': [2]}
 Timepoint ====  2
 Hash table  {'0': [0, 1, 2, 3, 4, 5, 6, 7, 21, 22, 23, 24, 25, 26, 27, 28, 29, 30, 31]}
====== Inside find superset of t nodes ==========
 Final possible usc  [[0, 1, 2, 3, 4, 5, 6, 7, 21, 22, 23, 24, 25, 26, 27, 28, 29, 30, 31]]
 Time  2  USC keys  {'0,1,2,3,4,5,6,7,21,22,23,24,25,26,27,28,29,30,31_1'}
 USC children  {'0,1,2,3,4,5,6,7_0': [1, 2], '18,19,20_0': [2], '0,1,2,3,4,5,6,7,21,22,23,24,25,26,27,28,29,30,31_1': [4]}
 USC children  {'0,1,2,3,4,5,6,7_0': [1, 2], '18,19,20_0': [2], '0,1,2,3,4,5,6,7,21,22,23,24,25,26,27,28,29,30,31_1': [4]}
 Node s  {'1,2': ['0', '1', '2', '3', '4', '5', '6', '7'], '4': ['0', '1', '2', '3', '4', '5', '6', '7', '21', '22', '23', '24', '25', '26', '27', '28', '29', '30', '31']}
 Enroll USC nodes  ['1', '2']  len  2
 Enroll USC nodes  ['4']  len  1
 Node TP  SortedDict({1: [0], 2: [1, 2], 3: [3, 4, 5]})
 Unobserved subclones at timepoints  {1.5: [6]}
 ============== Inside finding node v ============ 
 Time  2
 Time  3
 largest_v_mut  [[0, 1, 2, 3, 4, 5, 6, 7]]
 Sorted all timepoints  [1, 1.5, 2, 3]
 Timepoint  2
 Inside usc_node check  2
 Timepoint  3
0   1   [-1]   subclone   []   []
1   2   [6]   subclone   [0, 1, 2, 3, 4, 5, 6, 7]   [0]
2   2   [6]   subclone   [0, 1, 2, 3, 4, 5, 6, 7, 18, 19, 20]   [3]
3   3   [1]   subclone   [0, 1, 2, 3, 4, 5, 6, 7]   [0]
4   3   [1]   subclone   [0, 1, 2, 3, 4, 5, 6, 7, 21, 22, 23, 24, 25, 26, 27, 28, 29, 30, 31]   [11]
5   3   [2]   subclone   [0, 1, 2, 3, 4, 5, 6, 7, 18, 19, 20]   [0]
6   1.5   [0]   unobserved subclone   [0, 1, 2, 3, 4, 5, 6, 7]   [8]
 List of tree files  ['all_trees/bp1_rep2_m1_tree.csv', 'all_trees/bp1_rep2_m2_tree.csv', 'all_trees/bp1_rep2_m3_tree.csv', 'all_trees/bp1_rep2_m4_tree.csv', 'all_trees/bp1_rep2_m5_tree.csv']
{'1': ['0', '1', '2', '3', '4', '5', '6', '7'], '2': ['0', '1', '2', '3', '4', '5', '7', '18', '19', '22', '30', '31'], '3': ['0', '1', '2', '3', '4', '5', '6', '7', '18', '19', '20'], '4': ['0', '1', '2', '3', '4', '5', '6', '7'], '5': ['0', '1', '2', '3', '4', '5', '6', '7', '18', '19', '20'], '6': ['0', '1', '2', '3', '4', '5', '6', '7', '21', '22', '23', '24', '25', '26', '27', '28', '29', '30', '31'], '7': ['0', '1', '2', '3', '4', '5', '7']}
 Actual mutation of  1   ['6']
 Actual mutation of  2   ['18', '19', '30', '31', '22']
 Actual mutation of  3   ['18', '19', '20', '6']
 Actual mutation of  4   []
 Actual mutation of  5   []
 Actual mutation of  6   ['23', '30', '21', '26', '24', '28', '29', '27', '31', '22', '25']
 Updated node mutation  {'1': ['6'], '2': ['18', '19', '30', '31', '22'], '3': ['18', '19', '20', '6'], '4': [], '5': [], '6': ['23', '30', '21', '26', '24', '28', '29', '27', '31', '22', '25'], '7': ['0', '1', '2', '3', '4', '5', '7']}
{'1': ['0', '1', '2', '3', '4', '5', '6', '7'], '2': ['0', '1', '2', '3', '4', '5', '6', '7', '18', '19', '20', '22'], '3': ['0', '1', '2', '3', '4', '5', '6', '7', '18', '19', '20'], '4': ['0', '1', '2', '3', '4', '5', '6', '7'], '5': ['0', '1', '2', '3', '4', '5', '6', '7', '18', '19', '20'], '6': ['0', '1', '2', '3', '4', '5', '6', '7', '21', '22', '23', '24', '25', '26', '27', '28', '29', '30', '31'], '7': ['0', '1', '2', '3', '4', '5', '6', '7']}
 Actual mutation of  1   []
 Actual mutation of  2   ['18', '19', '20', '22']
 Actual mutation of  3   ['18', '19', '20']
 Actual mutation of  4   []
 Actual mutation of  5   []
 Actual mutation of  6   ['23', '30', '21', '26', '24', '28', '29', '27', '31', '22', '25']
 Updated node mutation  {'1': [], '2': ['18', '19', '20', '22'], '3': ['18', '19', '20'], '4': [], '5': [], '6': ['23', '30', '21', '26', '24', '28', '29', '27', '31', '22', '25'], '7': ['0', '1', '2', '3', '4', '5', '6', '7']}
{'1': ['0', '1', '2', '3', '4', '5', '6', '7'], '2': ['0', '1', '2', '3', '4', '5', '6', '7', '18', '19', '20'], '3': ['0', '1', '2', '3', '4', '5', '6', '7'], '4': ['0', '1', '2', '3', '4', '5', '6', '7', '21', '22', '23', '24', '25', '26', '27', '28', '29', '30', '31'], '5': ['0', '1', '2', '3', '4', '5', '6', '7', '18', '19', '20'], '6': ['0', '1', '2', '3', '4', '5', '6', '7']}
 Actual mutation of  1   []
 Actual mutation of  2   ['18', '19', '20']
 Actual mutation of  3   []
 Actual mutation of  4   ['23', '30', '21', '26', '24', '28', '29', '27', '31', '22', '25']
 Actual mutation of  5   []
 Updated node mutation  {'1': [], '2': ['18', '19', '20'], '3': [], '4': ['23', '30', '21', '26', '24', '28', '29', '27', '31', '22', '25'], '5': [], '6': ['0', '1', '2', '3', '4', '5', '6', '7']}
{'1': ['0', '1', '2', '3', '4', '5', '6', '7'], '2': ['0', '1', '2', '3', '4', '5', '6', '7', '18', '19', '20'], '3': ['0', '1', '2', '3', '4', '5', '6', '7'], '4': ['0', '1', '2', '3', '4', '5', '6', '7', '18', '19', '20'], '5': ['0', '1', '2', '3', '4', '5', '6', '7', '21', '22', '23', '24', '25', '26', '27', '28', '29', '30', '31'], '6': ['0', '1', '2', '3', '4', '5', '6', '7']}
 Actual mutation of  1   []
 Actual mutation of  2   ['18', '19', '20']
 Actual mutation of  3   []
 Actual mutation of  4   []
 Actual mutation of  5   ['23', '30', '21', '26', '24', '28', '29', '27', '31', '22', '25']
 Updated node mutation  {'1': [], '2': ['18', '19', '20'], '3': [], '4': [], '5': ['23', '30', '21', '26', '24', '28', '29', '27', '31', '22', '25'], '6': ['0', '1', '2', '3', '4', '5', '6', '7']}
{'1': ['0', '1', '2', '3', '4', '5', '6', '7'], '2': ['0', '1', '2', '3', '4', '5', '6', '7', '18', '19', '20'], '3': ['0', '1', '2', '3', '4', '5', '6', '7'], '4': ['0', '1', '2', '3', '4', '5', '6', '7', '21', '22', '23', '24', '25', '26', '27', '28', '29', '30', '31'], '5': ['0', '1', '2', '3', '4', '5', '6', '7', '18', '19', '20'], '6': ['0', '1', '2', '3', '4', '5', '6', '7']}
 Actual mutation of  1   []
 Actual mutation of  2   ['18', '19', '20']
 Actual mutation of  3   []
 Actual mutation of  4   ['23', '30', '21', '26', '24', '28', '29', '27', '31', '22', '25']
 Actual mutation of  5   []
 Updated node mutation  {'1': [], '2': ['18', '19', '20'], '3': [], '4': ['23', '30', '21', '26', '24', '28', '29', '27', '31', '22', '25'], '5': [], '6': ['0', '1', '2', '3', '4', '5', '6', '7']}
 Parallel mutation count  {'m1': 6, 'm2': 4, 'm3': 0, 'm4': 0, 'm5': 0}
 Clusters with least parallel mutations  ['m3', 'm4', 'm5']
 Cluster nos for each run  {'m3': 5, 'm4': 5, 'm5': 4}
 Run  m5
 Base path  ['bp1', 'rep2', 'm1', 'tree.csv']
 Best tree path  bp1_rep2_m5_tree.csv
