
DPMM with:
	600 cells
	37 mutations
	learning errors

	Priors:
	params.:	Beta(0.25,0.25)
	CRP a_0:	Gamma(24.49,1)
	FP:		trunc norm(0.01,0.01)
	FN:		trunc norm(0.2,0.1)

Move probabilitites:
	Split/merge:	0.33
		split/merge ratio:	[0.75, 0.25]
		intermediate Gibbs:	3
	CRP a_0 update:	0.25
	Errors update:	0.25

Run MCMC with (1 chains for 5000 steps):

Clustering time:	0:18:57.629212	(0.23 secs. per MCMC step)	Lugsail PSRF:		1.00839

Chain mean - posterior clusters	(#17):
	17 clusters

	A: 395 items
	B: 16 items
	C: 9 items
	D: 11 items
	E: 8 items
	F: 10 items
	G: 6 items
	H: 7 items
	I: 11 items
	J: 82 items
	K: 3 items
	L: 3 items
	M: 8 items
	N: 6 items
	O: 6 items
	P: 5 items
	Q: 14 items

Inferred latent variables	--	chain mean - posterior
	CRP a_0:	99.0 +- 17.8
	FP (model|genotypes): 2.2E-03 +- 1.1E-03	|	8.0E-03
	FN (model|genotypes): 0.160   +- 0.021	|	0.159

Writing output to: ./sim_output/v1v2/rep1/m3

Too many cells to plot genotypes/clusters
