
DPMM with:
	600 cells
	39 mutations
	learning errors

	Priors:
	params.:	Beta(0.25,0.25)
	CRP a_0:	Gamma(24.49,1)
	FP:		trunc norm(0.01,0.01)
	FN:		trunc norm(0.2,0.1)

Move probabilitites:
	Split/merge:	0.33
		split/merge ratio:	[0.75, 0.25]
		intermediate Gibbs:	3
	CRP a_0 update:	0.25
	Errors update:	0.25

Run MCMC with (1 chains for 5000 steps):

Clustering time:	0:09:54.485330	(0.12 secs. per MCMC step)	Lugsail PSRF:		1.00665

Chain mean - posterior clusters	(#7):
	7 clusters

	A: 336 items
	B: 3 items
	C: 2 items
	D: 82 items
	E: 4 items
	F: 1 items
	G: 172 items

Inferred latent variables	--	chain mean - posterior
	CRP a_0:	95.1 +- 17.5
	FP (model|genotypes): 1.8E-04 +- 2.0E-04	|	7.7E-04
	FN (model|genotypes): 0.132   +- 0.014	|	0.157

Writing output to: ./sim_output/ap001/rep2/m1

Too many cells to plot genotypes/clusters
