15
 Total estimated FP  98  True negatives  6702
 Total estimated FN  1692  True positives  6868
 Estimated FP rate  0.01407
 Estimated FN rate  0.2
 No. of Cells in each cluster  {'10_2': 2, '10_3': 2, '14_2': 1, '14_3': 2, '12_2': 1, '8_3': 43, '4_2': 96, '4_3': 453}
 Cells in each cluster  {'10_2': [21, 73], '10_3': [194, 312], '14_2': [50], '14_3': [310, 485], '12_2': [66], '8_3': [557, 558, 559, 560, 561, 562, 563, 564, 565, 566, 567, 568, 569, 570, 571, 572, 573, 574, 575, 576, 577, 578, 579, 580, 581, 582, 583, 584, 585, 586, 587, 588, 589, 590, 591, 592, 593, 594, 595, 596, 597, 598, 599], '4_2': [12, 49, 70, 95, 10, 43, 69, 0, 2, 9, 28, 91, 97, 4, 1, 44, 46, 47, 48, 51, 53, 54, 55, 56, 58, 59, 60, 61, 62, 63, 64, 65, 71, 72, 74, 77, 81, 82, 83, 85, 89, 93, 96, 98, 99, 5, 18, 23, 24, 27, 39, 41, 52, 78, 3, 6, 7, 8, 11, 13, 14, 15, 16, 17, 19, 20, 22, 25, 26, 29, 31, 32, 33, 34, 35, 36, 37, 38, 40, 42, 45, 57, 67, 68, 75, 76, 79, 80, 84, 86, 87, 88, 90, 92, 94, 30], '4_3': [104, 132, 141, 171, 227, 240, 249, 258, 268, 287, 324, 326, 352, 378, 384, 416, 473, 353, 422, 470, 101, 135, 176, 200, 207, 321, 373, 397, 399, 402, 427, 439, 513, 535, 543, 124, 140, 158, 160, 201, 204, 235, 246, 271, 278, 304, 317, 364, 381, 405, 475, 544, 130, 196, 228, 319, 511, 517, 525, 547, 548, 116, 299, 303, 380, 555, 118, 165, 218, 230, 339, 403, 433, 451, 466, 527, 154, 161, 221, 296, 307, 387, 401, 463, 500, 518, 102, 103, 107, 110, 111, 117, 128, 129, 137, 144, 151, 153, 157, 164, 167, 170, 172, 173, 192, 205, 210, 232, 233, 236, 239, 241, 245, 251, 252, 253, 256, 261, 266, 280, 283, 289, 297, 328, 331, 341, 346, 348, 355, 358, 363, 365, 379, 385, 386, 392, 394, 404, 410, 412, 414, 418, 421, 425, 435, 437, 438, 441, 444, 448, 453, 462, 468, 486, 489, 498, 499, 502, 503, 514, 524, 528, 539, 545, 551, 554, 556, 100, 105, 106, 108, 109, 112, 114, 115, 119, 121, 122, 123, 125, 126, 127, 131, 133, 134, 136, 138, 139, 142, 143, 145, 146, 147, 148, 149, 150, 152, 155, 156, 159, 162, 163, 166, 168, 169, 174, 175, 177, 178, 179, 180, 181, 182, 183, 184, 185, 186, 187, 188, 189, 190, 191, 193, 195, 197, 198, 199, 202, 206, 208, 209, 211, 212, 213, 214, 215, 216, 217, 219, 220, 222, 223, 224, 225, 226, 229, 231, 234, 237, 238, 242, 243, 244, 247, 248, 250, 254, 255, 257, 259, 260, 262, 263, 264, 265, 267, 269, 270, 272, 274, 275, 276, 277, 279, 281, 282, 285, 286, 288, 290, 291, 292, 293, 294, 295, 298, 300, 301, 302, 305, 306, 308, 309, 311, 313, 314, 315, 316, 318, 320, 322, 323, 325, 327, 329, 330, 333, 334, 335, 336, 337, 338, 340, 343, 344, 345, 347, 349, 350, 351, 354, 356, 357, 359, 360, 361, 362, 367, 368, 370, 371, 372, 374, 375, 376, 377, 382, 383, 388, 389, 390, 391, 393, 395, 396, 406, 407, 408, 411, 413, 415, 417, 419, 420, 423, 424, 426, 428, 429, 430, 431, 432, 434, 436, 440, 442, 443, 445, 446, 447, 449, 450, 454, 455, 456, 458, 459, 465, 467, 469, 471, 472, 476, 477, 478, 479, 480, 481, 482, 483, 484, 487, 488, 490, 491, 492, 493, 494, 495, 496, 497, 501, 505, 506, 507, 508, 509, 510, 512, 515, 516, 519, 520, 521, 522, 523, 526, 529, 531, 532, 533, 534, 536, 537, 540, 541, 542, 546, 549, 550, 552, 553, 113, 120, 203, 273, 284, 332, 342, 366, 369, 398, 400, 409, 452, 457, 460, 461, 464, 474, 504, 530, 538]}
FP rate  0.01407 FN rate  0.2
 Before reassigning cells 
 Timepoint  2
 Cluster  10  # of cells  3
 Cluster  14  # of cells  2
 Cluster  12  # of cells  2
 Cluster  4  # of cells  92
 Timepoint  3
 Cluster  10  # of cells  9
 Cluster  14  # of cells  5
 Cluster  8  # of cells  43
 Cluster  4  # of cells  440
 Cells absent at timepoint  2   {59}
 Missing cell prob  {'12': 1.615886593487385e-05, '10': 1.4009772214047776e-06, '4': 1.615886593487385e-05, '14': 8.790694938334699e-11}
 Cells absent at timepoint  3   {472, 468, 132}
 Missing cell prob  {'4': 0.0008930976168156599, '8': 2.1375780705596522e-11, '10': 0.0008930976168156599, '14': 4.858601297406886e-09}
 Missing cell prob  {'4': 0.00022327440420391503, '8': 2.6343779338835978e-11, '10': 0.0011006646666838293, '14': 0.0011006646666838291}
 Missing cell prob  {'4': 1.5931510691170183e-05, '8': 5.268755867767194e-10, '10': 2.429300648703442e-08, '14': 1.5931510691170176e-05}
 Timepoint  2
SortedDict({2: {'10': ['4', '21', '73'], '14': ['28', '45'], '12': ['41', '66', '59'], '4': ['0', '1', '2', '3', '5', '6', '7', '8', '9', '10', '11', '12', '13', '14', '15', '16', '17', '18', '19', '20', '22', '23', '24', '25', '26', '27', '29', '30', '31', '32', '33', '34', '35', '36', '37', '38', '39', '40', '42', '43', '44', '46', '47', '48', '49', '50', '51', '52', '53', '54', '55', '56', '57', '58', '60', '61', '62', '63', '64', '65', '67', '68', '69', '70', '71', '72', '74', '75', '76', '77', '78', '79', '80', '81', '82', '83', '84', '85', '86', '87', '88', '89', '90', '91', '92', '93', '94', '95', '96', '97', '98', '99']}, 3: {'10': ['113', '158', '194', '257', '312', '339', '546', '548', '551', '468'], '14': ['233', '272', '310', '355', '453'], '8': ['557', '558', '559', '560', '561', '562', '563', '564', '565', '566', '567', '568', '569', '570', '571', '572', '573', '574', '575', '576', '577', '578', '579', '580', '581', '582', '583', '584', '585', '586', '587', '588', '589', '590', '591', '592', '593', '594', '595', '596', '597', '598', '599'], '4': ['100', '101', '102', '103', '104', '105', '106', '107', '108', '109', '110', '111', '112', '114', '115', '116', '117', '118', '119', '120', '121', '122', '123', '124', '125', '126', '127', '128', '129', '130', '131', '133', '134', '135', '136', '137', '138', '139', '140', '141', '142', '143', '144', '145', '146', '147', '148', '149', '150', '151', '152', '153', '154', '155', '156', '157', '159', '160', '161', '162', '163', '164', '165', '166', '167', '168', '169', '170', '171', '172', '173', '174', '175', '176', '177', '178', '179', '180', '181', '182', '183', '184', '185', '186', '187', '188', '189', '190', '191', '192', '193', '195', '196', '197', '198', '199', '200', '201', '202', '203', '204', '205', '206', '207', '208', '209', '210', '211', '212', '213', '214', '215', '216', '217', '218', '219', '220', '221', '222', '223', '224', '225', '226', '227', '228', '229', '230', '231', '232', '234', '235', '236', '237', '238', '239', '240', '241', '242', '243', '244', '245', '246', '247', '248', '249', '250', '251', '252', '253', '254', '255', '256', '258', '259', '260', '261', '262', '263', '264', '265', '266', '267', '268', '269', '270', '271', '273', '274', '275', '276', '277', '278', '279', '280', '281', '282', '283', '284', '285', '286', '287', '288', '289', '290', '291', '292', '293', '294', '295', '296', '297', '298', '299', '300', '301', '302', '303', '304', '305', '306', '307', '308', '309', '311', '313', '314', '315', '316', '317', '318', '319', '320', '321', '322', '323', '324', '325', '326', '327', '328', '329', '330', '331', '332', '333', '334', '335', '336', '337', '338', '340', '341', '342', '343', '344', '345', '346', '347', '348', '349', '350', '351', '352', '353', '354', '356', '357', '358', '359', '360', '361', '362', '363', '364', '365', '366', '367', '368', '369', '370', '371', '372', '373', '374', '375', '376', '377', '378', '379', '380', '381', '382', '383', '384', '385', '386', '387', '388', '389', '390', '391', '392', '393', '394', '395', '396', '397', '398', '399', '400', '401', '402', '403', '404', '405', '406', '407', '408', '409', '410', '411', '412', '413', '414', '415', '416', '417', '418', '419', '420', '421', '422', '423', '424', '425', '426', '427', '428', '429', '430', '431', '432', '433', '434', '435', '436', '437', '438', '439', '440', '441', '442', '443', '444', '445', '446', '447', '448', '449', '450', '451', '452', '454', '455', '456', '457', '458', '459', '460', '461', '462', '463', '464', '465', '466', '467', '469', '470', '471', '473', '474', '475', '476', '477', '478', '479', '480', '481', '482', '483', '484', '485', '486', '487', '488', '489', '490', '491', '492', '493', '494', '495', '496', '497', '498', '499', '500', '501', '502', '503', '504', '505', '506', '507', '508', '509', '510', '511', '512', '513', '514', '515', '516', '517', '518', '519', '520', '521', '522', '523', '524', '525', '526', '527', '528', '529', '530', '531', '532', '533', '534', '535', '536', '537', '538', '539', '540', '541', '542', '543', '544', '545', '547', '549', '550', '552', '553', '554', '555', '556', '472', '132']}})
 Cluster1  14
SortedDict({2: {'10': ['4', '21', '73'], '14': ['28', '45', '41', '66', '59'], '12': ['41', '66', '59'], '4': ['0', '1', '2', '3', '5', '6', '7', '8', '9', '10', '11', '12', '13', '14', '15', '16', '17', '18', '19', '20', '22', '23', '24', '25', '26', '27', '29', '30', '31', '32', '33', '34', '35', '36', '37', '38', '39', '40', '42', '43', '44', '46', '47', '48', '49', '50', '51', '52', '53', '54', '55', '56', '57', '58', '60', '61', '62', '63', '64', '65', '67', '68', '69', '70', '71', '72', '74', '75', '76', '77', '78', '79', '80', '81', '82', '83', '84', '85', '86', '87', '88', '89', '90', '91', '92', '93', '94', '95', '96', '97', '98', '99']}, 3: {'10': ['113', '158', '194', '257', '312', '339', '546', '548', '551', '468'], '14': ['233', '272', '310', '355', '453'], '8': ['557', '558', '559', '560', '561', '562', '563', '564', '565', '566', '567', '568', '569', '570', '571', '572', '573', '574', '575', '576', '577', '578', '579', '580', '581', '582', '583', '584', '585', '586', '587', '588', '589', '590', '591', '592', '593', '594', '595', '596', '597', '598', '599'], '4': ['100', '101', '102', '103', '104', '105', '106', '107', '108', '109', '110', '111', '112', '114', '115', '116', '117', '118', '119', '120', '121', '122', '123', '124', '125', '126', '127', '128', '129', '130', '131', '133', '134', '135', '136', '137', '138', '139', '140', '141', '142', '143', '144', '145', '146', '147', '148', '149', '150', '151', '152', '153', '154', '155', '156', '157', '159', '160', '161', '162', '163', '164', '165', '166', '167', '168', '169', '170', '171', '172', '173', '174', '175', '176', '177', '178', '179', '180', '181', '182', '183', '184', '185', '186', '187', '188', '189', '190', '191', '192', '193', '195', '196', '197', '198', '199', '200', '201', '202', '203', '204', '205', '206', '207', '208', '209', '210', '211', '212', '213', '214', '215', '216', '217', '218', '219', '220', '221', '222', '223', '224', '225', '226', '227', '228', '229', '230', '231', '232', '234', '235', '236', '237', '238', '239', '240', '241', '242', '243', '244', '245', '246', '247', '248', '249', '250', '251', '252', '253', '254', '255', '256', '258', '259', '260', '261', '262', '263', '264', '265', '266', '267', '268', '269', '270', '271', '273', '274', '275', '276', '277', '278', '279', '280', '281', '282', '283', '284', '285', '286', '287', '288', '289', '290', '291', '292', '293', '294', '295', '296', '297', '298', '299', '300', '301', '302', '303', '304', '305', '306', '307', '308', '309', '311', '313', '314', '315', '316', '317', '318', '319', '320', '321', '322', '323', '324', '325', '326', '327', '328', '329', '330', '331', '332', '333', '334', '335', '336', '337', '338', '340', '341', '342', '343', '344', '345', '346', '347', '348', '349', '350', '351', '352', '353', '354', '356', '357', '358', '359', '360', '361', '362', '363', '364', '365', '366', '367', '368', '369', '370', '371', '372', '373', '374', '375', '376', '377', '378', '379', '380', '381', '382', '383', '384', '385', '386', '387', '388', '389', '390', '391', '392', '393', '394', '395', '396', '397', '398', '399', '400', '401', '402', '403', '404', '405', '406', '407', '408', '409', '410', '411', '412', '413', '414', '415', '416', '417', '418', '419', '420', '421', '422', '423', '424', '425', '426', '427', '428', '429', '430', '431', '432', '433', '434', '435', '436', '437', '438', '439', '440', '441', '442', '443', '444', '445', '446', '447', '448', '449', '450', '451', '452', '454', '455', '456', '457', '458', '459', '460', '461', '462', '463', '464', '465', '466', '467', '469', '470', '471', '473', '474', '475', '476', '477', '478', '479', '480', '481', '482', '483', '484', '485', '486', '487', '488', '489', '490', '491', '492', '493', '494', '495', '496', '497', '498', '499', '500', '501', '502', '503', '504', '505', '506', '507', '508', '509', '510', '511', '512', '513', '514', '515', '516', '517', '518', '519', '520', '521', '522', '523', '524', '525', '526', '527', '528', '529', '530', '531', '532', '533', '534', '535', '536', '537', '538', '539', '540', '541', '542', '543', '544', '545', '547', '549', '550', '552', '553', '554', '555', '556', '472', '132']}})
 Cluster1  14
 Cluster to drop  12
 Cluster to drop  4
 Timepoint  3
SortedDict({2: {'10': ['4', '21', '73'], '14': ['28', '45', '41', '66', '59', '0', '1', '2', '3', '5', '6', '7', '8', '9', '10', '11', '12', '13', '14', '15', '16', '17', '18', '19', '20', '22', '23', '24', '25', '26', '27', '29', '30', '31', '32', '33', '34', '35', '36', '37', '38', '39', '40', '42', '43', '44', '46', '47', '48', '49', '50', '51', '52', '53', '54', '55', '56', '57', '58', '60', '61', '62', '63', '64', '65', '67', '68', '69', '70', '71', '72', '74', '75', '76', '77', '78', '79', '80', '81', '82', '83', '84', '85', '86', '87', '88', '89', '90', '91', '92', '93', '94', '95', '96', '97', '98', '99']}, 3: {'10': ['113', '158', '194', '257', '312', '339', '546', '548', '551', '468'], '14': ['233', '272', '310', '355', '453'], '8': ['557', '558', '559', '560', '561', '562', '563', '564', '565', '566', '567', '568', '569', '570', '571', '572', '573', '574', '575', '576', '577', '578', '579', '580', '581', '582', '583', '584', '585', '586', '587', '588', '589', '590', '591', '592', '593', '594', '595', '596', '597', '598', '599'], '4': ['100', '101', '102', '103', '104', '105', '106', '107', '108', '109', '110', '111', '112', '114', '115', '116', '117', '118', '119', '120', '121', '122', '123', '124', '125', '126', '127', '128', '129', '130', '131', '133', '134', '135', '136', '137', '138', '139', '140', '141', '142', '143', '144', '145', '146', '147', '148', '149', '150', '151', '152', '153', '154', '155', '156', '157', '159', '160', '161', '162', '163', '164', '165', '166', '167', '168', '169', '170', '171', '172', '173', '174', '175', '176', '177', '178', '179', '180', '181', '182', '183', '184', '185', '186', '187', '188', '189', '190', '191', '192', '193', '195', '196', '197', '198', '199', '200', '201', '202', '203', '204', '205', '206', '207', '208', '209', '210', '211', '212', '213', '214', '215', '216', '217', '218', '219', '220', '221', '222', '223', '224', '225', '226', '227', '228', '229', '230', '231', '232', '234', '235', '236', '237', '238', '239', '240', '241', '242', '243', '244', '245', '246', '247', '248', '249', '250', '251', '252', '253', '254', '255', '256', '258', '259', '260', '261', '262', '263', '264', '265', '266', '267', '268', '269', '270', '271', '273', '274', '275', '276', '277', '278', '279', '280', '281', '282', '283', '284', '285', '286', '287', '288', '289', '290', '291', '292', '293', '294', '295', '296', '297', '298', '299', '300', '301', '302', '303', '304', '305', '306', '307', '308', '309', '311', '313', '314', '315', '316', '317', '318', '319', '320', '321', '322', '323', '324', '325', '326', '327', '328', '329', '330', '331', '332', '333', '334', '335', '336', '337', '338', '340', '341', '342', '343', '344', '345', '346', '347', '348', '349', '350', '351', '352', '353', '354', '356', '357', '358', '359', '360', '361', '362', '363', '364', '365', '366', '367', '368', '369', '370', '371', '372', '373', '374', '375', '376', '377', '378', '379', '380', '381', '382', '383', '384', '385', '386', '387', '388', '389', '390', '391', '392', '393', '394', '395', '396', '397', '398', '399', '400', '401', '402', '403', '404', '405', '406', '407', '408', '409', '410', '411', '412', '413', '414', '415', '416', '417', '418', '419', '420', '421', '422', '423', '424', '425', '426', '427', '428', '429', '430', '431', '432', '433', '434', '435', '436', '437', '438', '439', '440', '441', '442', '443', '444', '445', '446', '447', '448', '449', '450', '451', '452', '454', '455', '456', '457', '458', '459', '460', '461', '462', '463', '464', '465', '466', '467', '469', '470', '471', '473', '474', '475', '476', '477', '478', '479', '480', '481', '482', '483', '484', '485', '486', '487', '488', '489', '490', '491', '492', '493', '494', '495', '496', '497', '498', '499', '500', '501', '502', '503', '504', '505', '506', '507', '508', '509', '510', '511', '512', '513', '514', '515', '516', '517', '518', '519', '520', '521', '522', '523', '524', '525', '526', '527', '528', '529', '530', '531', '532', '533', '534', '535', '536', '537', '538', '539', '540', '541', '542', '543', '544', '545', '547', '549', '550', '552', '553', '554', '555', '556', '472', '132']}})
 Cluster1  10
SortedDict({2: {'10': ['4', '21', '73'], '14': ['28', '45', '41', '66', '59', '0', '1', '2', '3', '5', '6', '7', '8', '9', '10', '11', '12', '13', '14', '15', '16', '17', '18', '19', '20', '22', '23', '24', '25', '26', '27', '29', '30', '31', '32', '33', '34', '35', '36', '37', '38', '39', '40', '42', '43', '44', '46', '47', '48', '49', '50', '51', '52', '53', '54', '55', '56', '57', '58', '60', '61', '62', '63', '64', '65', '67', '68', '69', '70', '71', '72', '74', '75', '76', '77', '78', '79', '80', '81', '82', '83', '84', '85', '86', '87', '88', '89', '90', '91', '92', '93', '94', '95', '96', '97', '98', '99']}, 3: {'10': ['113', '158', '194', '257', '312', '339', '546', '548', '551', '468', '233', '272', '310', '355', '453'], '14': ['233', '272', '310', '355', '453'], '8': ['557', '558', '559', '560', '561', '562', '563', '564', '565', '566', '567', '568', '569', '570', '571', '572', '573', '574', '575', '576', '577', '578', '579', '580', '581', '582', '583', '584', '585', '586', '587', '588', '589', '590', '591', '592', '593', '594', '595', '596', '597', '598', '599'], '4': ['100', '101', '102', '103', '104', '105', '106', '107', '108', '109', '110', '111', '112', '114', '115', '116', '117', '118', '119', '120', '121', '122', '123', '124', '125', '126', '127', '128', '129', '130', '131', '133', '134', '135', '136', '137', '138', '139', '140', '141', '142', '143', '144', '145', '146', '147', '148', '149', '150', '151', '152', '153', '154', '155', '156', '157', '159', '160', '161', '162', '163', '164', '165', '166', '167', '168', '169', '170', '171', '172', '173', '174', '175', '176', '177', '178', '179', '180', '181', '182', '183', '184', '185', '186', '187', '188', '189', '190', '191', '192', '193', '195', '196', '197', '198', '199', '200', '201', '202', '203', '204', '205', '206', '207', '208', '209', '210', '211', '212', '213', '214', '215', '216', '217', '218', '219', '220', '221', '222', '223', '224', '225', '226', '227', '228', '229', '230', '231', '232', '234', '235', '236', '237', '238', '239', '240', '241', '242', '243', '244', '245', '246', '247', '248', '249', '250', '251', '252', '253', '254', '255', '256', '258', '259', '260', '261', '262', '263', '264', '265', '266', '267', '268', '269', '270', '271', '273', '274', '275', '276', '277', '278', '279', '280', '281', '282', '283', '284', '285', '286', '287', '288', '289', '290', '291', '292', '293', '294', '295', '296', '297', '298', '299', '300', '301', '302', '303', '304', '305', '306', '307', '308', '309', '311', '313', '314', '315', '316', '317', '318', '319', '320', '321', '322', '323', '324', '325', '326', '327', '328', '329', '330', '331', '332', '333', '334', '335', '336', '337', '338', '340', '341', '342', '343', '344', '345', '346', '347', '348', '349', '350', '351', '352', '353', '354', '356', '357', '358', '359', '360', '361', '362', '363', '364', '365', '366', '367', '368', '369', '370', '371', '372', '373', '374', '375', '376', '377', '378', '379', '380', '381', '382', '383', '384', '385', '386', '387', '388', '389', '390', '391', '392', '393', '394', '395', '396', '397', '398', '399', '400', '401', '402', '403', '404', '405', '406', '407', '408', '409', '410', '411', '412', '413', '414', '415', '416', '417', '418', '419', '420', '421', '422', '423', '424', '425', '426', '427', '428', '429', '430', '431', '432', '433', '434', '435', '436', '437', '438', '439', '440', '441', '442', '443', '444', '445', '446', '447', '448', '449', '450', '451', '452', '454', '455', '456', '457', '458', '459', '460', '461', '462', '463', '464', '465', '466', '467', '469', '470', '471', '473', '474', '475', '476', '477', '478', '479', '480', '481', '482', '483', '484', '485', '486', '487', '488', '489', '490', '491', '492', '493', '494', '495', '496', '497', '498', '499', '500', '501', '502', '503', '504', '505', '506', '507', '508', '509', '510', '511', '512', '513', '514', '515', '516', '517', '518', '519', '520', '521', '522', '523', '524', '525', '526', '527', '528', '529', '530', '531', '532', '533', '534', '535', '536', '537', '538', '539', '540', '541', '542', '543', '544', '545', '547', '549', '550', '552', '553', '554', '555', '556', '472', '132']}})
 Cluster1  10
 Cluster to drop  14
 Cluster to drop  4
 After reassigning and merging cells 
 Timepoint  2
 Cluster  10  # of cells  3
 Cluster  14  # of cells  97
 Timepoint  3
 Cluster  10  # of cells  457
 Cluster  8  # of cells  43
 Tp cluster cell dict  {'10_2': 3, '14_2': 97, '10_3': 457, '8_3': 43}
 New Graph is here 
 ID  0  Timepoint  1  Mutations  []  Type  subclone
 ID  1  Timepoint  2  Mutations  [2, 3, 4, 5, 6, 8, 9, 10, 11, 12, 13, 17, 18, 31]  Type  subclone
 ID  2  Timepoint  2  Mutations  [2, 3, 4, 5, 6, 7, 8, 9, 10, 11, 12, 13, 14, 15, 16, 17, 18]  Type  subclone
 ID  3  Timepoint  3  Mutations  [2, 3, 4, 5, 6, 7, 8, 9, 10, 11, 12, 13, 14, 15, 16, 17, 18]  Type  subclone
 ID  4  Timepoint  3  Mutations  [2, 3, 4, 5, 6, 7, 8, 9, 10, 11, 12, 13, 14, 15, 16, 17, 18, 20, 21, 22, 23, 24, 25, 26, 27, 28, 29, 30, 31]  Type  subclone
Timepoints  SortedDict({1: [0], 2: [1, 2], 3: [3, 4]})
 Clone to nodes  {'10_2': 1, '14_2': 2, '10_3': 3, '8_3': 4}
 Timepoint ====  1
 Hash table  {'0,1': [2, 3, 4, 5, 6, 8, 9, 10, 11, 12, 13, 17, 18], '0': [31], '1': [7, 14, 15, 16]}
 Final possible usc  [[2, 3, 4, 5, 6, 8, 9, 10, 11, 12, 13, 17, 18], [31], [7, 14, 15, 16]]
 Time  1  USC keys  {'2,3,4,5,6,8,9,10,11,12,13,17,18_0', '31_0', '7,14,15,16_0'}
 USC children  {'2,3,4,5,6,8,9,10,11,12,13,17,18_0': [1, 2], '31_0': [1], '7,14,15,16_0': [2]}
 USC children  {'2,3,4,5,6,8,9,10,11,12,13,17,18_0': [1, 2], '31_0': [1], '7,14,15,16_0': [2]}
 Timepoint ====  2
 Hash table  {'0': [2, 3, 4, 5, 6, 7, 8, 9, 10, 11, 12, 13, 14, 15, 16, 17, 18, 20, 21, 22, 23, 24, 25, 26, 27, 28, 29, 30, 31]}
====== Inside find superset of t nodes ==========
 Final possible usc  [[2, 3, 4, 5, 6, 7, 8, 9, 10, 11, 12, 13, 14, 15, 16, 17, 18, 20, 21, 22, 23, 24, 25, 26, 27, 28, 29, 30, 31]]
 Time  2  USC keys  {'2,3,4,5,6,7,8,9,10,11,12,13,14,15,16,17,18,20,21,22,23,24,25,26,27,28,29,30,31_2', '2,3,4,5,6,7,8,9,10,11,12,13,14,15,16,17,18,20,21,22,23,24,25,26,27,28,29,30,31_1'}
 USC children  {'2,3,4,5,6,8,9,10,11,12,13,17,18_0': [1, 2], '31_0': [1], '7,14,15,16_0': [2], '2,3,4,5,6,7,8,9,10,11,12,13,14,15,16,17,18,20,21,22,23,24,25,26,27,28,29,30,31_2': [4], '2,3,4,5,6,7,8,9,10,11,12,13,14,15,16,17,18,20,21,22,23,24,25,26,27,28,29,30,31_1': [4]}
 USC children  {'2,3,4,5,6,8,9,10,11,12,13,17,18_0': [1, 2], '31_0': [1], '7,14,15,16_0': [2], '2,3,4,5,6,7,8,9,10,11,12,13,14,15,16,17,18,20,21,22,23,24,25,26,27,28,29,30,31_2': [4], '2,3,4,5,6,7,8,9,10,11,12,13,14,15,16,17,18,20,21,22,23,24,25,26,27,28,29,30,31_1': [4]}
 Node s  {'1,2': ['2', '3', '4', '5', '6', '8', '9', '10', '11', '12', '13', '17', '18'], '4': ['2', '3', '4', '5', '6', '7', '8', '9', '10', '11', '12', '13', '14', '15', '16', '17', '18', '20', '21', '22', '23', '24', '25', '26', '27', '28', '29', '30', '31']}
 Enroll USC nodes  ['1', '2']  len  2
 Enroll USC nodes  ['4']  len  1
 Node TP  SortedDict({1: [0], 2: [1, 2], 3: [3, 4]})
 Unobserved subclones at timepoints  {1.5: [5]}
 ============== Inside finding node v ============ 
 Time  2
 Time  3
 largest_v_mut  [[2, 3, 4, 5, 6, 7, 8, 9, 10, 11, 12, 13, 14, 15, 16, 17, 18], [2, 3, 4, 5, 6, 8, 9, 10, 11, 12, 13, 17, 18, 31]]
 Sorted all timepoints  [1, 1.5, 2, 3]
 Timepoint  2
 Inside usc_node check  2
 Timepoint  3
0   1   [-1]   subclone   []   []
1   2   [5]   subclone   [2, 3, 4, 5, 6, 8, 9, 10, 11, 12, 13, 17, 18, 31]   [1]
2   2   [5]   subclone   [2, 3, 4, 5, 6, 7, 8, 9, 10, 11, 12, 13, 14, 15, 16, 17, 18]   [4]
3   3   [2]   subclone   [2, 3, 4, 5, 6, 7, 8, 9, 10, 11, 12, 13, 14, 15, 16, 17, 18]   [0]
4   3   [2]   subclone   [2, 3, 4, 5, 6, 7, 8, 9, 10, 11, 12, 13, 14, 15, 16, 17, 18, 20, 21, 22, 23, 24, 25, 26, 27, 28, 29, 30, 31]   [12]
5   1.5   [0]   unobserved subclone   [2, 3, 4, 5, 6, 8, 9, 10, 11, 12, 13, 17, 18]   [13]
10
 Total estimated FP  96  True negatives  6689
 Total estimated FN  1705  True positives  6870
 Estimated FP rate  0.01378
 Estimated FN rate  0.2
 No. of Cells in each cluster  {'5_2': 3, '5_3': 2, '7_3': 43, '9_2': 97, '9_3': 455}
 Cells in each cluster  {'5_2': [21, 66, 73], '5_3': [194, 312], '7_3': [557, 558, 559, 560, 561, 562, 563, 564, 565, 566, 567, 568, 569, 570, 571, 572, 573, 574, 575, 576, 577, 578, 579, 580, 581, 582, 583, 584, 585, 586, 587, 588, 589, 590, 591, 592, 593, 594, 595, 596, 597, 598, 599], '9_2': [0, 49, 69, 50, 70, 18, 27, 52, 78, 5, 6, 7, 10, 11, 12, 13, 14, 15, 17, 19, 20, 22, 23, 24, 25, 26, 29, 30, 31, 32, 33, 34, 35, 36, 37, 39, 41, 42, 43, 45, 67, 68, 76, 79, 80, 84, 90, 92, 94, 28, 91, 1, 2, 3, 4, 8, 9, 16, 38, 40, 44, 46, 47, 48, 51, 53, 54, 55, 56, 57, 58, 59, 60, 61, 62, 63, 64, 65, 71, 72, 74, 75, 77, 81, 82, 83, 85, 86, 87, 88, 89, 93, 96, 97, 98, 99, 95], '9_3': [104, 113, 132, 140, 158, 160, 165, 200, 203, 204, 258, 268, 273, 278, 332, 339, 352, 369, 373, 384, 398, 399, 400, 402, 439, 457, 474, 500, 504, 538, 543, 227, 310, 324, 102, 107, 111, 129, 151, 167, 170, 251, 280, 297, 328, 348, 394, 438, 441, 448, 453, 462, 468, 100, 101, 103, 105, 106, 109, 110, 112, 115, 117, 120, 121, 122, 123, 125, 126, 128, 131, 133, 134, 135, 136, 137, 138, 139, 141, 142, 143, 144, 145, 146, 147, 148, 150, 152, 153, 155, 156, 157, 159, 162, 163, 164, 166, 168, 169, 171, 173, 174, 175, 176, 178, 180, 181, 182, 183, 184, 185, 186, 187, 188, 189, 190, 192, 193, 197, 199, 202, 205, 207, 208, 210, 211, 212, 214, 215, 216, 217, 219, 220, 222, 223, 224, 225, 226, 229, 231, 233, 234, 236, 237, 238, 239, 240, 241, 243, 244, 245, 248, 249, 250, 252, 253, 254, 255, 256, 257, 259, 261, 263, 265, 266, 267, 269, 270, 272, 274, 275, 279, 281, 282, 283, 284, 287, 288, 289, 291, 292, 293, 294, 295, 300, 301, 305, 306, 308, 309, 311, 313, 314, 315, 318, 320, 321, 322, 323, 325, 326, 327, 330, 331, 333, 334, 335, 336, 338, 341, 343, 344, 345, 346, 347, 349, 350, 351, 354, 355, 356, 357, 358, 359, 360, 361, 362, 363, 365, 366, 367, 370, 371, 372, 374, 375, 376, 377, 378, 379, 382, 383, 385, 386, 388, 389, 390, 391, 392, 396, 397, 404, 406, 407, 409, 410, 411, 413, 414, 416, 417, 418, 419, 420, 421, 423, 424, 425, 427, 428, 430, 432, 433, 434, 435, 436, 437, 440, 442, 443, 444, 445, 447, 449, 450, 452, 454, 455, 456, 458, 459, 461, 464, 465, 467, 469, 471, 472, 473, 476, 477, 478, 479, 481, 483, 486, 487, 488, 489, 490, 491, 492, 493, 494, 496, 497, 498, 501, 502, 503, 505, 507, 508, 509, 510, 513, 514, 515, 516, 519, 521, 523, 524, 528, 529, 530, 531, 533, 535, 537, 539, 540, 541, 545, 546, 549, 550, 551, 552, 554, 556, 130, 196, 228, 230, 276, 319, 340, 485, 511, 517, 525, 547, 548, 108, 114, 118, 119, 124, 127, 149, 154, 161, 177, 179, 191, 195, 198, 201, 206, 209, 213, 218, 221, 235, 242, 246, 247, 260, 262, 264, 271, 277, 285, 286, 290, 296, 298, 302, 304, 307, 316, 317, 329, 337, 342, 364, 368, 381, 387, 393, 395, 401, 403, 405, 408, 415, 426, 429, 431, 446, 451, 460, 463, 466, 475, 480, 484, 495, 506, 512, 518, 520, 522, 526, 527, 532, 534, 536, 542, 544, 553, 172, 232, 353, 412, 422, 470, 482, 499, 116, 299, 303, 380, 555]}
FP rate  0.01378 FN rate  0.2
 Before reassigning cells 
 Timepoint  2
 Cluster  5  # of cells  6
 Cluster  9  # of cells  94
 Timepoint  3
 Cluster  5  # of cells  6
 Cluster  7  # of cells  43
 Cluster  9  # of cells  449
 Cells absent at timepoint  3   {468, 548}
 Missing cell prob  {'9': 0.00022412966942977523, '7': 2.6367032338615464e-11, '5': 0.00022412966942977517}
 Missing cell prob  {'9': 1.4203833160310025e-05, '7': 8.239697605817332e-12, '5': 1.4203833160310025e-05}
 Cells absent at timepoint  2   set()
 Timepoint  2
 Timepoint  3
SortedDict({2: {'5': ['4', '21', '59', '64', '66', '73'], '9': ['0', '1', '2', '3', '5', '6', '7', '8', '9', '10', '11', '12', '13', '14', '15', '16', '17', '18', '19', '20', '22', '23', '24', '25', '26', '27', '28', '29', '30', '31', '32', '33', '34', '35', '36', '37', '38', '39', '40', '41', '42', '43', '44', '45', '46', '47', '48', '49', '50', '51', '52', '53', '54', '55', '56', '57', '58', '60', '61', '62', '63', '65', '67', '68', '69', '70', '71', '72', '74', '75', '76', '77', '78', '79', '80', '81', '82', '83', '84', '85', '86', '87', '88', '89', '90', '91', '92', '93', '94', '95', '96', '97', '98', '99']}, 3: {'5': ['194', '257', '312', '339', '546', '551'], '7': ['557', '558', '559', '560', '561', '562', '563', '564', '565', '566', '567', '568', '569', '570', '571', '572', '573', '574', '575', '576', '577', '578', '579', '580', '581', '582', '583', '584', '585', '586', '587', '588', '589', '590', '591', '592', '593', '594', '595', '596', '597', '598', '599'], '9': ['100', '101', '102', '103', '104', '105', '106', '107', '108', '109', '110', '111', '112', '113', '114', '115', '116', '117', '118', '119', '120', '121', '122', '123', '124', '125', '126', '127', '128', '129', '130', '131', '132', '133', '134', '135', '136', '137', '138', '139', '140', '141', '142', '143', '144', '145', '146', '147', '148', '149', '150', '151', '152', '153', '154', '155', '156', '157', '158', '159', '160', '161', '162', '163', '164', '165', '166', '167', '168', '169', '170', '171', '172', '173', '174', '175', '176', '177', '178', '179', '180', '181', '182', '183', '184', '185', '186', '187', '188', '189', '190', '191', '192', '193', '195', '196', '197', '198', '199', '200', '201', '202', '203', '204', '205', '206', '207', '208', '209', '210', '211', '212', '213', '214', '215', '216', '217', '218', '219', '220', '221', '222', '223', '224', '225', '226', '227', '228', '229', '230', '231', '232', '233', '234', '235', '236', '237', '238', '239', '240', '241', '242', '243', '244', '245', '246', '247', '248', '249', '250', '251', '252', '253', '254', '255', '256', '258', '259', '260', '261', '262', '263', '264', '265', '266', '267', '268', '269', '270', '271', '272', '273', '274', '275', '276', '277', '278', '279', '280', '281', '282', '283', '284', '285', '286', '287', '288', '289', '290', '291', '292', '293', '294', '295', '296', '297', '298', '299', '300', '301', '302', '303', '304', '305', '306', '307', '308', '309', '310', '311', '313', '314', '315', '316', '317', '318', '319', '320', '321', '322', '323', '324', '325', '326', '327', '328', '329', '330', '331', '332', '333', '334', '335', '336', '337', '338', '340', '341', '342', '343', '344', '345', '346', '347', '348', '349', '350', '351', '352', '353', '354', '355', '356', '357', '358', '359', '360', '361', '362', '363', '364', '365', '366', '367', '368', '369', '370', '371', '372', '373', '374', '375', '376', '377', '378', '379', '380', '381', '382', '383', '384', '385', '386', '387', '388', '389', '390', '391', '392', '393', '394', '395', '396', '397', '398', '399', '400', '401', '402', '403', '404', '405', '406', '407', '408', '409', '410', '411', '412', '413', '414', '415', '416', '417', '418', '419', '420', '421', '422', '423', '424', '425', '426', '427', '428', '429', '430', '431', '432', '433', '434', '435', '436', '437', '438', '439', '440', '441', '442', '443', '444', '445', '446', '447', '448', '449', '450', '451', '452', '453', '454', '455', '456', '457', '458', '459', '460', '461', '462', '463', '464', '465', '466', '467', '469', '470', '471', '472', '473', '474', '475', '476', '477', '478', '479', '480', '481', '482', '483', '484', '485', '486', '487', '488', '489', '490', '491', '492', '493', '494', '495', '496', '497', '498', '499', '500', '501', '502', '503', '504', '505', '506', '507', '508', '509', '510', '511', '512', '513', '514', '515', '516', '517', '518', '519', '520', '521', '522', '523', '524', '525', '526', '527', '528', '529', '530', '531', '532', '533', '534', '535', '536', '537', '538', '539', '540', '541', '542', '543', '544', '545', '547', '549', '550', '552', '553', '554', '555', '556', '468', '548']}})
 Cluster1  5
 Cluster to drop  9
 After reassigning and merging cells 
 Timepoint  2
 Cluster  5  # of cells  6
 Cluster  9  # of cells  94
 Timepoint  3
 Cluster  5  # of cells  457
 Cluster  7  # of cells  43
 Tp cluster cell dict  {'5_2': 6, '9_2': 94, '5_3': 457, '7_3': 43}
 New Graph is here 
 ID  0  Timepoint  1  Mutations  []  Type  subclone
 ID  1  Timepoint  2  Mutations  [2, 3, 4, 5, 6, 7, 8, 9, 10, 11, 12, 13, 14, 15, 16, 17, 18, 19, 31]  Type  subclone
 ID  2  Timepoint  2  Mutations  [2, 3, 4, 5, 6, 7, 8, 9, 10, 11, 12, 13, 14, 15, 16, 17, 18]  Type  subclone
 ID  3  Timepoint  3  Mutations  [2, 3, 4, 5, 6, 7, 8, 9, 10, 11, 12, 13, 14, 15, 16, 17, 18]  Type  subclone
 ID  4  Timepoint  3  Mutations  [2, 3, 4, 5, 6, 7, 8, 9, 10, 11, 12, 13, 14, 15, 16, 17, 18, 20, 21, 22, 23, 24, 25, 26, 27, 28, 29, 30, 31]  Type  subclone
Timepoints  SortedDict({1: [0], 2: [1, 2], 3: [3, 4]})
 Clone to nodes  {'5_2': 1, '9_2': 2, '5_3': 3, '7_3': 4}
 Timepoint ====  1
 Hash table  {'0,1': [2, 3, 4, 5, 6, 7, 8, 9, 10, 11, 12, 13, 14, 15, 16, 17, 18], '0': [19, 31]}
 Final possible usc  [[2, 3, 4, 5, 6, 7, 8, 9, 10, 11, 12, 13, 14, 15, 16, 17, 18], [19, 31]]
 Time  1  USC keys  {'2,3,4,5,6,7,8,9,10,11,12,13,14,15,16,17,18_0', '19,31_0'}
 USC children  {'2,3,4,5,6,7,8,9,10,11,12,13,14,15,16,17,18_0': [1, 2], '19,31_0': [1]}
 USC children  {'2,3,4,5,6,7,8,9,10,11,12,13,14,15,16,17,18_0': [1, 2], '19,31_0': [1]}
 Timepoint ====  2
 Hash table  {'0': [2, 3, 4, 5, 6, 7, 8, 9, 10, 11, 12, 13, 14, 15, 16, 17, 18, 20, 21, 22, 23, 24, 25, 26, 27, 28, 29, 30, 31]}
====== Inside find superset of t nodes ==========
 Final possible usc  [[2, 3, 4, 5, 6, 7, 8, 9, 10, 11, 12, 13, 14, 15, 16, 17, 18, 20, 21, 22, 23, 24, 25, 26, 27, 28, 29, 30, 31]]
 Time  2  USC keys  {'2,3,4,5,6,7,8,9,10,11,12,13,14,15,16,17,18,20,21,22,23,24,25,26,27,28,29,30,31_2'}
 USC children  {'2,3,4,5,6,7,8,9,10,11,12,13,14,15,16,17,18_0': [1, 2], '19,31_0': [1], '2,3,4,5,6,7,8,9,10,11,12,13,14,15,16,17,18,20,21,22,23,24,25,26,27,28,29,30,31_2': [4]}
 USC children  {'2,3,4,5,6,7,8,9,10,11,12,13,14,15,16,17,18_0': [1, 2], '19,31_0': [1], '2,3,4,5,6,7,8,9,10,11,12,13,14,15,16,17,18,20,21,22,23,24,25,26,27,28,29,30,31_2': [4]}
 Node s  {'1,2': ['2', '3', '4', '5', '6', '7', '8', '9', '10', '11', '12', '13', '14', '15', '16', '17', '18'], '4': ['2', '3', '4', '5', '6', '7', '8', '9', '10', '11', '12', '13', '14', '15', '16', '17', '18', '20', '21', '22', '23', '24', '25', '26', '27', '28', '29', '30', '31']}
 Enroll USC nodes  ['1', '2']  len  2
 Enroll USC nodes  ['4']  len  1
 Node TP  SortedDict({1: [0], 2: [1, 2], 3: [3, 4]})
 Unobserved subclones at timepoints  {1.5: [5]}
 ============== Inside finding node v ============ 
 Time  2
 Time  3
 largest_v_mut  [[2, 3, 4, 5, 6, 7, 8, 9, 10, 11, 12, 13, 14, 15, 16, 17, 18]]
 Sorted all timepoints  [1, 1.5, 2, 3]
 Timepoint  2
 Inside usc_node check  2
 Timepoint  3
0   1   [-1]   subclone   []   []
1   2   [5]   subclone   [2, 3, 4, 5, 6, 7, 8, 9, 10, 11, 12, 13, 14, 15, 16, 17, 18, 19, 31]   [2]
2   2   [5]   subclone   [2, 3, 4, 5, 6, 7, 8, 9, 10, 11, 12, 13, 14, 15, 16, 17, 18]   [0]
3   3   [2]   subclone   [2, 3, 4, 5, 6, 7, 8, 9, 10, 11, 12, 13, 14, 15, 16, 17, 18]   [0]
4   3   [2]   subclone   [2, 3, 4, 5, 6, 7, 8, 9, 10, 11, 12, 13, 14, 15, 16, 17, 18, 20, 21, 22, 23, 24, 25, 26, 27, 28, 29, 30, 31]   [12]
5   1.5   [0]   unobserved subclone   [2, 3, 4, 5, 6, 7, 8, 9, 10, 11, 12, 13, 14, 15, 16, 17, 18]   [17]
10
 Total estimated FP  96  True negatives  6695
 Total estimated FN  1699  True positives  6870
 Estimated FP rate  0.01378
 Estimated FN rate  0.2
 No. of Cells in each cluster  {'4_2': 3, '4_3': 2, '9_3': 1, '7_3': 43, '6_2': 97, '6_3': 454}
 Cells in each cluster  {'4_2': [21, 66, 73], '4_3': [194, 312], '9_3': [380], '7_3': [557, 558, 559, 560, 561, 562, 563, 564, 565, 566, 567, 568, 569, 570, 571, 572, 573, 574, 575, 576, 577, 578, 579, 580, 581, 582, 583, 584, 585, 586, 587, 588, 589, 590, 591, 592, 593, 594, 595, 596, 597, 598, 599], '6_2': [1, 2, 5, 6, 7, 8, 9, 10, 12, 13, 14, 15, 16, 17, 19, 20, 22, 23, 24, 25, 26, 29, 30, 31, 32, 33, 34, 35, 36, 37, 38, 39, 40, 41, 42, 43, 45, 49, 57, 58, 67, 68, 75, 76, 79, 80, 84, 86, 87, 88, 90, 92, 94, 50, 0, 4, 69, 95, 44, 46, 47, 48, 51, 53, 54, 55, 56, 59, 60, 61, 62, 63, 64, 65, 70, 71, 72, 74, 77, 81, 82, 83, 85, 89, 93, 96, 97, 98, 99, 11, 18, 27, 52, 78, 3, 28, 91], '6_3': [100, 101, 103, 104, 105, 108, 109, 110, 112, 114, 115, 117, 119, 120, 121, 122, 123, 124, 125, 126, 128, 131, 132, 133, 134, 135, 136, 137, 138, 139, 141, 142, 143, 144, 145, 146, 147, 148, 149, 150, 152, 155, 156, 157, 159, 162, 163, 164, 166, 168, 169, 171, 173, 174, 175, 176, 177, 178, 180, 181, 182, 183, 184, 185, 186, 187, 188, 189, 190, 191, 192, 193, 195, 197, 198, 199, 201, 202, 205, 207, 208, 209, 210, 211, 212, 213, 214, 215, 216, 217, 219, 220, 221, 222, 223, 224, 225, 226, 229, 231, 233, 234, 235, 236, 237, 238, 239, 240, 241, 242, 243, 244, 245, 248, 249, 250, 252, 253, 254, 255, 256, 257, 258, 259, 260, 261, 262, 263, 264, 265, 266, 267, 268, 269, 270, 271, 272, 274, 275, 276, 277, 279, 281, 282, 283, 284, 285, 286, 287, 288, 289, 290, 291, 292, 293, 294, 295, 300, 301, 302, 304, 305, 306, 307, 308, 309, 311, 313, 314, 315, 316, 317, 318, 320, 321, 322, 323, 325, 326, 327, 329, 330, 331, 333, 334, 335, 336, 337, 338, 341, 343, 344, 345, 346, 347, 349, 350, 351, 352, 354, 355, 356, 357, 358, 359, 360, 361, 362, 363, 365, 366, 367, 368, 370, 371, 372, 374, 375, 376, 377, 378, 379, 381, 382, 383, 384, 385, 386, 388, 389, 390, 391, 392, 393, 395, 396, 397, 400, 404, 405, 407, 408, 409, 411, 413, 414, 415, 416, 417, 418, 419, 420, 421, 423, 425, 426, 428, 429, 430, 431, 433, 434, 435, 436, 437, 440, 442, 443, 444, 445, 446, 447, 449, 450, 452, 454, 455, 456, 458, 459, 460, 464, 465, 467, 469, 471, 472, 473, 474, 475, 476, 477, 478, 479, 480, 481, 483, 484, 486, 487, 488, 489, 490, 491, 492, 493, 494, 495, 496, 497, 498, 501, 502, 503, 504, 505, 507, 508, 509, 510, 513, 514, 515, 516, 519, 520, 521, 522, 523, 524, 526, 527, 528, 529, 531, 532, 533, 535, 536, 537, 539, 540, 541, 542, 544, 545, 549, 550, 551, 552, 553, 554, 556, 172, 232, 310, 412, 482, 499, 113, 118, 140, 154, 158, 160, 165, 200, 203, 204, 218, 246, 273, 278, 296, 332, 339, 342, 364, 369, 373, 398, 399, 402, 403, 439, 451, 457, 461, 466, 500, 518, 530, 538, 543, 353, 422, 470, 116, 161, 227, 299, 303, 324, 555, 102, 106, 107, 111, 129, 151, 153, 167, 170, 230, 251, 280, 297, 328, 340, 348, 394, 406, 410, 424, 427, 432, 438, 441, 448, 453, 462, 468, 511, 546, 547, 127, 130, 179, 196, 206, 228, 247, 298, 319, 387, 401, 463, 485, 506, 512, 517, 525, 534, 548]}
FP rate  0.01378 FN rate  0.2
 Before reassigning cells 
 Timepoint  2
 Cluster  4  # of cells  3
 Cluster  6  # of cells  97
 Timepoint  3
 Cluster  4  # of cells  10
 Cluster  9  # of cells  3
 Cluster  7  # of cells  43
 Cluster  6  # of cells  443
 Cells absent at timepoint  3   {472}
 Missing cell prob  {'7': 2.1388357436365482e-11, '9': 6.467931664568974e-06, '6': 0.0008965186777191007, '4': 0.0008965186777191007}
 Cells absent at timepoint  2   set()
 Timepoint  2
 Timepoint  3
SortedDict({2: {'4': ['4', '21', '73'], '6': ['0', '1', '2', '3', '5', '6', '7', '8', '9', '10', '11', '12', '13', '14', '15', '16', '17', '18', '19', '20', '22', '23', '24', '25', '26', '27', '28', '29', '30', '31', '32', '33', '34', '35', '36', '37', '38', '39', '40', '41', '42', '43', '44', '45', '46', '47', '48', '49', '50', '51', '52', '53', '54', '55', '56', '57', '58', '59', '60', '61', '62', '63', '64', '65', '66', '67', '68', '69', '70', '71', '72', '74', '75', '76', '77', '78', '79', '80', '81', '82', '83', '84', '85', '86', '87', '88', '89', '90', '91', '92', '93', '94', '95', '96', '97', '98', '99']}, 3: {'4': ['113', '158', '194', '257', '312', '339', '468', '546', '548', '551'], '9': ['118', '249', '380'], '7': ['557', '558', '559', '560', '561', '562', '563', '564', '565', '566', '567', '568', '569', '570', '571', '572', '573', '574', '575', '576', '577', '578', '579', '580', '581', '582', '583', '584', '585', '586', '587', '588', '589', '590', '591', '592', '593', '594', '595', '596', '597', '598', '599'], '6': ['100', '101', '102', '103', '104', '105', '106', '107', '108', '109', '110', '111', '112', '114', '115', '116', '117', '119', '120', '121', '122', '123', '124', '125', '126', '127', '128', '129', '130', '131', '132', '133', '134', '135', '136', '137', '138', '139', '140', '141', '142', '143', '144', '145', '146', '147', '148', '149', '150', '151', '152', '153', '154', '155', '156', '157', '159', '160', '161', '162', '163', '164', '165', '166', '167', '168', '169', '170', '171', '172', '173', '174', '175', '176', '177', '178', '179', '180', '181', '182', '183', '184', '185', '186', '187', '188', '189', '190', '191', '192', '193', '195', '196', '197', '198', '199', '200', '201', '202', '203', '204', '205', '206', '207', '208', '209', '210', '211', '212', '213', '214', '215', '216', '217', '218', '219', '220', '221', '222', '223', '224', '225', '226', '227', '228', '229', '230', '231', '232', '233', '234', '235', '236', '237', '238', '239', '240', '241', '242', '243', '244', '245', '246', '247', '248', '250', '251', '252', '253', '254', '255', '256', '258', '259', '260', '261', '262', '263', '264', '265', '266', '267', '268', '269', '270', '271', '272', '273', '274', '275', '276', '277', '278', '279', '280', '281', '282', '283', '284', '285', '286', '287', '288', '289', '290', '291', '292', '293', '294', '295', '296', '297', '298', '299', '300', '301', '302', '303', '304', '305', '306', '307', '308', '309', '310', '311', '313', '314', '315', '316', '317', '318', '319', '320', '321', '322', '323', '324', '325', '326', '327', '328', '329', '330', '331', '332', '333', '334', '335', '336', '337', '338', '340', '341', '342', '343', '344', '345', '346', '347', '348', '349', '350', '351', '352', '353', '354', '355', '356', '357', '358', '359', '360', '361', '362', '363', '364', '365', '366', '367', '368', '369', '370', '371', '372', '373', '374', '375', '376', '377', '378', '379', '381', '382', '383', '384', '385', '386', '387', '388', '389', '390', '391', '392', '393', '394', '395', '396', '397', '398', '399', '400', '401', '402', '403', '404', '405', '406', '407', '408', '409', '410', '411', '412', '413', '414', '415', '416', '417', '418', '419', '420', '421', '422', '423', '424', '425', '426', '427', '428', '429', '430', '431', '432', '433', '434', '435', '436', '437', '438', '439', '440', '441', '442', '443', '444', '445', '446', '447', '448', '449', '450', '451', '452', '453', '454', '455', '456', '457', '458', '459', '460', '461', '462', '463', '464', '465', '466', '467', '469', '470', '471', '473', '474', '475', '476', '477', '478', '479', '480', '481', '482', '483', '484', '485', '486', '487', '488', '489', '490', '491', '492', '493', '494', '495', '496', '497', '498', '499', '500', '501', '502', '503', '504', '505', '506', '507', '508', '509', '510', '511', '512', '513', '514', '515', '516', '517', '518', '519', '520', '521', '522', '523', '524', '525', '526', '527', '528', '529', '530', '531', '532', '533', '534', '535', '536', '537', '538', '539', '540', '541', '542', '543', '544', '545', '547', '549', '550', '552', '553', '554', '555', '556', '472']}})
 Cluster1  4
SortedDict({2: {'4': ['4', '21', '73'], '6': ['0', '1', '2', '3', '5', '6', '7', '8', '9', '10', '11', '12', '13', '14', '15', '16', '17', '18', '19', '20', '22', '23', '24', '25', '26', '27', '28', '29', '30', '31', '32', '33', '34', '35', '36', '37', '38', '39', '40', '41', '42', '43', '44', '45', '46', '47', '48', '49', '50', '51', '52', '53', '54', '55', '56', '57', '58', '59', '60', '61', '62', '63', '64', '65', '66', '67', '68', '69', '70', '71', '72', '74', '75', '76', '77', '78', '79', '80', '81', '82', '83', '84', '85', '86', '87', '88', '89', '90', '91', '92', '93', '94', '95', '96', '97', '98', '99']}, 3: {'4': ['113', '158', '194', '257', '312', '339', '468', '546', '548', '551', '118', '249', '380'], '9': ['118', '249', '380'], '7': ['557', '558', '559', '560', '561', '562', '563', '564', '565', '566', '567', '568', '569', '570', '571', '572', '573', '574', '575', '576', '577', '578', '579', '580', '581', '582', '583', '584', '585', '586', '587', '588', '589', '590', '591', '592', '593', '594', '595', '596', '597', '598', '599'], '6': ['100', '101', '102', '103', '104', '105', '106', '107', '108', '109', '110', '111', '112', '114', '115', '116', '117', '119', '120', '121', '122', '123', '124', '125', '126', '127', '128', '129', '130', '131', '132', '133', '134', '135', '136', '137', '138', '139', '140', '141', '142', '143', '144', '145', '146', '147', '148', '149', '150', '151', '152', '153', '154', '155', '156', '157', '159', '160', '161', '162', '163', '164', '165', '166', '167', '168', '169', '170', '171', '172', '173', '174', '175', '176', '177', '178', '179', '180', '181', '182', '183', '184', '185', '186', '187', '188', '189', '190', '191', '192', '193', '195', '196', '197', '198', '199', '200', '201', '202', '203', '204', '205', '206', '207', '208', '209', '210', '211', '212', '213', '214', '215', '216', '217', '218', '219', '220', '221', '222', '223', '224', '225', '226', '227', '228', '229', '230', '231', '232', '233', '234', '235', '236', '237', '238', '239', '240', '241', '242', '243', '244', '245', '246', '247', '248', '250', '251', '252', '253', '254', '255', '256', '258', '259', '260', '261', '262', '263', '264', '265', '266', '267', '268', '269', '270', '271', '272', '273', '274', '275', '276', '277', '278', '279', '280', '281', '282', '283', '284', '285', '286', '287', '288', '289', '290', '291', '292', '293', '294', '295', '296', '297', '298', '299', '300', '301', '302', '303', '304', '305', '306', '307', '308', '309', '310', '311', '313', '314', '315', '316', '317', '318', '319', '320', '321', '322', '323', '324', '325', '326', '327', '328', '329', '330', '331', '332', '333', '334', '335', '336', '337', '338', '340', '341', '342', '343', '344', '345', '346', '347', '348', '349', '350', '351', '352', '353', '354', '355', '356', '357', '358', '359', '360', '361', '362', '363', '364', '365', '366', '367', '368', '369', '370', '371', '372', '373', '374', '375', '376', '377', '378', '379', '381', '382', '383', '384', '385', '386', '387', '388', '389', '390', '391', '392', '393', '394', '395', '396', '397', '398', '399', '400', '401', '402', '403', '404', '405', '406', '407', '408', '409', '410', '411', '412', '413', '414', '415', '416', '417', '418', '419', '420', '421', '422', '423', '424', '425', '426', '427', '428', '429', '430', '431', '432', '433', '434', '435', '436', '437', '438', '439', '440', '441', '442', '443', '444', '445', '446', '447', '448', '449', '450', '451', '452', '453', '454', '455', '456', '457', '458', '459', '460', '461', '462', '463', '464', '465', '466', '467', '469', '470', '471', '473', '474', '475', '476', '477', '478', '479', '480', '481', '482', '483', '484', '485', '486', '487', '488', '489', '490', '491', '492', '493', '494', '495', '496', '497', '498', '499', '500', '501', '502', '503', '504', '505', '506', '507', '508', '509', '510', '511', '512', '513', '514', '515', '516', '517', '518', '519', '520', '521', '522', '523', '524', '525', '526', '527', '528', '529', '530', '531', '532', '533', '534', '535', '536', '537', '538', '539', '540', '541', '542', '543', '544', '545', '547', '549', '550', '552', '553', '554', '555', '556', '472']}})
 Cluster1  4
 Cluster to drop  9
 Cluster to drop  6
 After reassigning and merging cells 
 Timepoint  2
 Cluster  4  # of cells  3
 Cluster  6  # of cells  97
 Timepoint  3
 Cluster  4  # of cells  457
 Cluster  7  # of cells  43
 Tp cluster cell dict  {'4_2': 3, '6_2': 97, '4_3': 457, '7_3': 43}
 New Graph is here 
 ID  0  Timepoint  1  Mutations  []  Type  subclone
 ID  1  Timepoint  2  Mutations  [2, 3, 4, 5, 6, 8, 9, 10, 11, 12, 13, 17, 18, 31]  Type  subclone
 ID  2  Timepoint  2  Mutations  [2, 3, 4, 5, 6, 7, 8, 9, 10, 11, 12, 13, 14, 15, 16, 17, 18]  Type  subclone
 ID  3  Timepoint  3  Mutations  [2, 3, 4, 5, 6, 7, 8, 9, 10, 11, 12, 13, 14, 15, 16, 17, 18]  Type  subclone
 ID  4  Timepoint  3  Mutations  [2, 3, 4, 5, 6, 7, 8, 9, 10, 11, 12, 13, 14, 15, 16, 17, 18, 20, 21, 22, 23, 24, 25, 26, 27, 28, 29, 30, 31]  Type  subclone
Timepoints  SortedDict({1: [0], 2: [1, 2], 3: [3, 4]})
 Clone to nodes  {'4_2': 1, '6_2': 2, '4_3': 3, '7_3': 4}
 Timepoint ====  1
 Hash table  {'0,1': [2, 3, 4, 5, 6, 8, 9, 10, 11, 12, 13, 17, 18], '0': [31], '1': [7, 14, 15, 16]}
 Final possible usc  [[2, 3, 4, 5, 6, 8, 9, 10, 11, 12, 13, 17, 18], [31], [7, 14, 15, 16]]
 Time  1  USC keys  {'31_0', '2,3,4,5,6,8,9,10,11,12,13,17,18_0', '7,14,15,16_0'}
 USC children  {'2,3,4,5,6,8,9,10,11,12,13,17,18_0': [1, 2], '31_0': [1], '7,14,15,16_0': [2]}
 USC children  {'2,3,4,5,6,8,9,10,11,12,13,17,18_0': [1, 2], '31_0': [1], '7,14,15,16_0': [2]}
 Timepoint ====  2
 Hash table  {'0': [2, 3, 4, 5, 6, 7, 8, 9, 10, 11, 12, 13, 14, 15, 16, 17, 18, 20, 21, 22, 23, 24, 25, 26, 27, 28, 29, 30, 31]}
====== Inside find superset of t nodes ==========
 Final possible usc  [[2, 3, 4, 5, 6, 7, 8, 9, 10, 11, 12, 13, 14, 15, 16, 17, 18, 20, 21, 22, 23, 24, 25, 26, 27, 28, 29, 30, 31]]
 Time  2  USC keys  {'2,3,4,5,6,7,8,9,10,11,12,13,14,15,16,17,18,20,21,22,23,24,25,26,27,28,29,30,31_2', '2,3,4,5,6,7,8,9,10,11,12,13,14,15,16,17,18,20,21,22,23,24,25,26,27,28,29,30,31_1'}
 USC children  {'2,3,4,5,6,8,9,10,11,12,13,17,18_0': [1, 2], '31_0': [1], '7,14,15,16_0': [2], '2,3,4,5,6,7,8,9,10,11,12,13,14,15,16,17,18,20,21,22,23,24,25,26,27,28,29,30,31_2': [4], '2,3,4,5,6,7,8,9,10,11,12,13,14,15,16,17,18,20,21,22,23,24,25,26,27,28,29,30,31_1': [4]}
 USC children  {'2,3,4,5,6,8,9,10,11,12,13,17,18_0': [1, 2], '31_0': [1], '7,14,15,16_0': [2], '2,3,4,5,6,7,8,9,10,11,12,13,14,15,16,17,18,20,21,22,23,24,25,26,27,28,29,30,31_2': [4], '2,3,4,5,6,7,8,9,10,11,12,13,14,15,16,17,18,20,21,22,23,24,25,26,27,28,29,30,31_1': [4]}
 Node s  {'1,2': ['2', '3', '4', '5', '6', '8', '9', '10', '11', '12', '13', '17', '18'], '4': ['2', '3', '4', '5', '6', '7', '8', '9', '10', '11', '12', '13', '14', '15', '16', '17', '18', '20', '21', '22', '23', '24', '25', '26', '27', '28', '29', '30', '31']}
 Enroll USC nodes  ['1', '2']  len  2
 Enroll USC nodes  ['4']  len  1
 Node TP  SortedDict({1: [0], 2: [1, 2], 3: [3, 4]})
 Unobserved subclones at timepoints  {1.5: [5]}
 ============== Inside finding node v ============ 
 Time  2
 Time  3
 largest_v_mut  [[2, 3, 4, 5, 6, 7, 8, 9, 10, 11, 12, 13, 14, 15, 16, 17, 18], [2, 3, 4, 5, 6, 8, 9, 10, 11, 12, 13, 17, 18, 31]]
 Sorted all timepoints  [1, 1.5, 2, 3]
 Timepoint  2
 Inside usc_node check  2
 Timepoint  3
0   1   [-1]   subclone   []   []
1   2   [5]   subclone   [2, 3, 4, 5, 6, 8, 9, 10, 11, 12, 13, 17, 18, 31]   [1]
2   2   [5]   subclone   [2, 3, 4, 5, 6, 7, 8, 9, 10, 11, 12, 13, 14, 15, 16, 17, 18]   [4]
3   3   [2]   subclone   [2, 3, 4, 5, 6, 7, 8, 9, 10, 11, 12, 13, 14, 15, 16, 17, 18]   [0]
4   3   [2]   subclone   [2, 3, 4, 5, 6, 7, 8, 9, 10, 11, 12, 13, 14, 15, 16, 17, 18, 20, 21, 22, 23, 24, 25, 26, 27, 28, 29, 30, 31]   [12]
5   1.5   [0]   unobserved subclone   [2, 3, 4, 5, 6, 8, 9, 10, 11, 12, 13, 17, 18]   [13]
19
 Total estimated FP  93  True negatives  6703
 Total estimated FN  1691  True positives  6873
 Estimated FP rate  0.01335
 Estimated FN rate  0.2
 No. of Cells in each cluster  {'9_2': 2, '9_3': 2, '17_2': 1, '10_2': 1, '10_3': 1, '15_3': 43, '2_2': 96, '2_3': 454}
 Cells in each cluster  {'9_2': [21, 73], '9_3': [194, 312], '17_2': [66], '10_2': [95], '10_3': [353], '15_3': [557, 558, 559, 560, 561, 562, 563, 564, 565, 566, 567, 568, 569, 570, 571, 572, 573, 574, 575, 576, 577, 578, 579, 580, 581, 582, 583, 584, 585, 586, 587, 588, 589, 590, 591, 592, 593, 594, 595, 596, 597, 598, 599], '2_2': [2, 3, 9, 44, 46, 47, 48, 51, 53, 54, 56, 59, 60, 61, 62, 63, 65, 70, 71, 72, 74, 77, 81, 82, 83, 85, 89, 92, 93, 96, 98, 99, 5, 18, 25, 34, 39, 45, 68, 78, 88, 12, 50, 64, 97, 0, 69, 49, 1, 6, 7, 8, 13, 14, 15, 16, 17, 19, 20, 22, 23, 24, 26, 29, 30, 31, 32, 33, 35, 36, 37, 38, 40, 41, 42, 43, 57, 58, 67, 75, 76, 79, 80, 84, 86, 87, 90, 94, 27, 52, 28, 91, 4, 11, 55, 10], '2_3': [114, 124, 127, 155, 161, 173, 179, 201, 206, 211, 213, 221, 227, 247, 271, 286, 290, 298, 304, 317, 324, 342, 381, 387, 400, 401, 405, 463, 466, 475, 496, 500, 504, 506, 512, 517, 518, 534, 536, 544, 553, 172, 232, 412, 482, 499, 113, 204, 273, 332, 369, 398, 457, 474, 100, 102, 103, 105, 106, 107, 110, 111, 112, 117, 120, 129, 137, 144, 146, 148, 150, 151, 152, 153, 156, 157, 164, 170, 180, 183, 188, 190, 192, 205, 210, 215, 219, 224, 234, 238, 239, 244, 245, 248, 253, 254, 255, 257, 260, 261, 266, 269, 272, 274, 283, 289, 291, 292, 297, 311, 314, 328, 331, 341, 346, 356, 358, 361, 363, 365, 370, 379, 383, 386, 392, 394, 397, 404, 410, 413, 418, 419, 422, 424, 425, 428, 430, 432, 433, 435, 440, 441, 444, 448, 449, 453, 456, 462, 469, 470, 472, 476, 486, 488, 489, 492, 501, 502, 508, 515, 516, 524, 529, 530, 546, 551, 554, 141, 171, 240, 249, 287, 326, 378, 416, 473, 310, 485, 116, 299, 303, 380, 555, 200, 373, 399, 402, 439, 543, 104, 132, 258, 268, 352, 384, 108, 115, 119, 121, 122, 123, 125, 126, 128, 131, 133, 134, 136, 138, 139, 142, 143, 145, 147, 149, 154, 159, 162, 163, 166, 168, 169, 174, 175, 177, 178, 181, 182, 184, 185, 186, 187, 189, 191, 193, 195, 197, 198, 199, 202, 208, 209, 212, 214, 216, 220, 222, 223, 225, 226, 229, 231, 235, 236, 237, 241, 242, 243, 250, 252, 256, 259, 263, 264, 265, 267, 270, 275, 276, 277, 279, 281, 282, 284, 285, 288, 293, 294, 295, 296, 300, 301, 302, 305, 306, 308, 309, 313, 315, 316, 318, 320, 322, 323, 325, 327, 329, 330, 333, 334, 335, 336, 337, 338, 343, 344, 345, 347, 349, 350, 351, 354, 357, 359, 360, 362, 366, 367, 368, 371, 372, 374, 375, 376, 377, 382, 385, 388, 389, 390, 391, 393, 395, 396, 403, 407, 408, 409, 411, 414, 415, 417, 420, 423, 426, 429, 431, 434, 436, 437, 442, 443, 445, 446, 447, 450, 452, 454, 455, 458, 459, 460, 461, 464, 465, 467, 471, 477, 478, 479, 480, 481, 483, 484, 487, 490, 491, 493, 494, 495, 497, 498, 503, 505, 507, 509, 510, 514, 519, 520, 521, 522, 523, 526, 527, 528, 531, 532, 533, 537, 539, 540, 541, 542, 545, 549, 550, 552, 556, 167, 251, 280, 348, 438, 468, 547, 130, 196, 228, 230, 319, 340, 511, 525, 548, 118, 140, 158, 160, 165, 203, 218, 246, 278, 339, 364, 451, 538, 307, 406, 101, 109, 135, 176, 207, 217, 233, 262, 321, 355, 421, 427, 513, 535]}
FP rate  0.01335 FN rate  0.2
 Before reassigning cells 
 Timepoint  2
 Cluster  9  # of cells  3
 Cluster  17  # of cells  1
 Cluster  10  # of cells  2
 Cluster  2  # of cells  94
 Timepoint  3
 Cluster  9  # of cells  10
 Cluster  10  # of cells  4
 Cluster  15  # of cells  43
 Cluster  2  # of cells  441
 Cells absent at timepoint  3   {472, 341}
 Missing cell prob  {'2': 0.0009016135559657073, '10': 6.991744470823147e-11, '9': 0.0009016135559657073, '15': 2.1407012500509266e-11}
 Missing cell prob  {'2': 0.0002817542362392836, '10': 0.0002817542362392835, '9': 4.428967003764726e-12, '15': 3.3001920130667924e-11}
 Cells absent at timepoint  2   set()
 Timepoint  2
 Timepoint  3
SortedDict({2: {'9': ['4', '21', '73'], '17': ['66'], '10': ['30', '95'], '2': ['0', '1', '2', '3', '5', '6', '7', '8', '9', '10', '11', '12', '13', '14', '15', '16', '17', '18', '19', '20', '22', '23', '24', '25', '26', '27', '28', '29', '31', '32', '33', '34', '35', '36', '37', '38', '39', '40', '41', '42', '43', '44', '45', '46', '47', '48', '49', '50', '51', '52', '53', '54', '55', '56', '57', '58', '59', '60', '61', '62', '63', '64', '65', '67', '68', '69', '70', '71', '72', '74', '75', '76', '77', '78', '79', '80', '81', '82', '83', '84', '85', '86', '87', '88', '89', '90', '91', '92', '93', '94', '96', '97', '98', '99']}, 3: {'9': ['113', '158', '194', '257', '312', '339', '468', '546', '548', '551'], '10': ['118', '207', '245', '353'], '15': ['557', '558', '559', '560', '561', '562', '563', '564', '565', '566', '567', '568', '569', '570', '571', '572', '573', '574', '575', '576', '577', '578', '579', '580', '581', '582', '583', '584', '585', '586', '587', '588', '589', '590', '591', '592', '593', '594', '595', '596', '597', '598', '599'], '2': ['100', '101', '102', '103', '104', '105', '106', '107', '108', '109', '110', '111', '112', '114', '115', '116', '117', '119', '120', '121', '122', '123', '124', '125', '126', '127', '128', '129', '130', '131', '132', '133', '134', '135', '136', '137', '138', '139', '140', '141', '142', '143', '144', '145', '146', '147', '148', '149', '150', '151', '152', '153', '154', '155', '156', '157', '159', '160', '161', '162', '163', '164', '165', '166', '167', '168', '169', '170', '171', '172', '173', '174', '175', '176', '177', '178', '179', '180', '181', '182', '183', '184', '185', '186', '187', '188', '189', '190', '191', '192', '193', '195', '196', '197', '198', '199', '200', '201', '202', '203', '204', '205', '206', '208', '209', '210', '211', '212', '213', '214', '215', '216', '217', '218', '219', '220', '221', '222', '223', '224', '225', '226', '227', '228', '229', '230', '231', '232', '233', '234', '235', '236', '237', '238', '239', '240', '241', '242', '243', '244', '246', '247', '248', '249', '250', '251', '252', '253', '254', '255', '256', '258', '259', '260', '261', '262', '263', '264', '265', '266', '267', '268', '269', '270', '271', '272', '273', '274', '275', '276', '277', '278', '279', '280', '281', '282', '283', '284', '285', '286', '287', '288', '289', '290', '291', '292', '293', '294', '295', '296', '297', '298', '299', '300', '301', '302', '303', '304', '305', '306', '307', '308', '309', '310', '311', '313', '314', '315', '316', '317', '318', '319', '320', '321', '322', '323', '324', '325', '326', '327', '328', '329', '330', '331', '332', '333', '334', '335', '336', '337', '338', '340', '342', '343', '344', '345', '346', '347', '348', '349', '350', '351', '352', '354', '355', '356', '357', '358', '359', '360', '361', '362', '363', '364', '365', '366', '367', '368', '369', '370', '371', '372', '373', '374', '375', '376', '377', '378', '379', '380', '381', '382', '383', '384', '385', '386', '387', '388', '389', '390', '391', '392', '393', '394', '395', '396', '397', '398', '399', '400', '401', '402', '403', '404', '405', '406', '407', '408', '409', '410', '411', '412', '413', '414', '415', '416', '417', '418', '419', '420', '421', '422', '423', '424', '425', '426', '427', '428', '429', '430', '431', '432', '433', '434', '435', '436', '437', '438', '439', '440', '441', '442', '443', '444', '445', '446', '447', '448', '449', '450', '451', '452', '453', '454', '455', '456', '457', '458', '459', '460', '461', '462', '463', '464', '465', '466', '467', '469', '470', '471', '473', '474', '475', '476', '477', '478', '479', '480', '481', '482', '483', '484', '485', '486', '487', '488', '489', '490', '491', '492', '493', '494', '495', '496', '497', '498', '499', '500', '501', '502', '503', '504', '505', '506', '507', '508', '509', '510', '511', '512', '513', '514', '515', '516', '517', '518', '519', '520', '521', '522', '523', '524', '525', '526', '527', '528', '529', '530', '531', '532', '533', '534', '535', '536', '537', '538', '539', '540', '541', '542', '543', '544', '545', '547', '549', '550', '552', '553', '554', '555', '556', '472', '341']}})
 Cluster1  9
SortedDict({2: {'9': ['4', '21', '73'], '17': ['66'], '10': ['30', '95'], '2': ['0', '1', '2', '3', '5', '6', '7', '8', '9', '10', '11', '12', '13', '14', '15', '16', '17', '18', '19', '20', '22', '23', '24', '25', '26', '27', '28', '29', '31', '32', '33', '34', '35', '36', '37', '38', '39', '40', '41', '42', '43', '44', '45', '46', '47', '48', '49', '50', '51', '52', '53', '54', '55', '56', '57', '58', '59', '60', '61', '62', '63', '64', '65', '67', '68', '69', '70', '71', '72', '74', '75', '76', '77', '78', '79', '80', '81', '82', '83', '84', '85', '86', '87', '88', '89', '90', '91', '92', '93', '94', '96', '97', '98', '99']}, 3: {'9': ['113', '158', '194', '257', '312', '339', '468', '546', '548', '551', '118', '207', '245', '353'], '10': ['118', '207', '245', '353'], '15': ['557', '558', '559', '560', '561', '562', '563', '564', '565', '566', '567', '568', '569', '570', '571', '572', '573', '574', '575', '576', '577', '578', '579', '580', '581', '582', '583', '584', '585', '586', '587', '588', '589', '590', '591', '592', '593', '594', '595', '596', '597', '598', '599'], '2': ['100', '101', '102', '103', '104', '105', '106', '107', '108', '109', '110', '111', '112', '114', '115', '116', '117', '119', '120', '121', '122', '123', '124', '125', '126', '127', '128', '129', '130', '131', '132', '133', '134', '135', '136', '137', '138', '139', '140', '141', '142', '143', '144', '145', '146', '147', '148', '149', '150', '151', '152', '153', '154', '155', '156', '157', '159', '160', '161', '162', '163', '164', '165', '166', '167', '168', '169', '170', '171', '172', '173', '174', '175', '176', '177', '178', '179', '180', '181', '182', '183', '184', '185', '186', '187', '188', '189', '190', '191', '192', '193', '195', '196', '197', '198', '199', '200', '201', '202', '203', '204', '205', '206', '208', '209', '210', '211', '212', '213', '214', '215', '216', '217', '218', '219', '220', '221', '222', '223', '224', '225', '226', '227', '228', '229', '230', '231', '232', '233', '234', '235', '236', '237', '238', '239', '240', '241', '242', '243', '244', '246', '247', '248', '249', '250', '251', '252', '253', '254', '255', '256', '258', '259', '260', '261', '262', '263', '264', '265', '266', '267', '268', '269', '270', '271', '272', '273', '274', '275', '276', '277', '278', '279', '280', '281', '282', '283', '284', '285', '286', '287', '288', '289', '290', '291', '292', '293', '294', '295', '296', '297', '298', '299', '300', '301', '302', '303', '304', '305', '306', '307', '308', '309', '310', '311', '313', '314', '315', '316', '317', '318', '319', '320', '321', '322', '323', '324', '325', '326', '327', '328', '329', '330', '331', '332', '333', '334', '335', '336', '337', '338', '340', '342', '343', '344', '345', '346', '347', '348', '349', '350', '351', '352', '354', '355', '356', '357', '358', '359', '360', '361', '362', '363', '364', '365', '366', '367', '368', '369', '370', '371', '372', '373', '374', '375', '376', '377', '378', '379', '380', '381', '382', '383', '384', '385', '386', '387', '388', '389', '390', '391', '392', '393', '394', '395', '396', '397', '398', '399', '400', '401', '402', '403', '404', '405', '406', '407', '408', '409', '410', '411', '412', '413', '414', '415', '416', '417', '418', '419', '420', '421', '422', '423', '424', '425', '426', '427', '428', '429', '430', '431', '432', '433', '434', '435', '436', '437', '438', '439', '440', '441', '442', '443', '444', '445', '446', '447', '448', '449', '450', '451', '452', '453', '454', '455', '456', '457', '458', '459', '460', '461', '462', '463', '464', '465', '466', '467', '469', '470', '471', '473', '474', '475', '476', '477', '478', '479', '480', '481', '482', '483', '484', '485', '486', '487', '488', '489', '490', '491', '492', '493', '494', '495', '496', '497', '498', '499', '500', '501', '502', '503', '504', '505', '506', '507', '508', '509', '510', '511', '512', '513', '514', '515', '516', '517', '518', '519', '520', '521', '522', '523', '524', '525', '526', '527', '528', '529', '530', '531', '532', '533', '534', '535', '536', '537', '538', '539', '540', '541', '542', '543', '544', '545', '547', '549', '550', '552', '553', '554', '555', '556', '472', '341']}})
 Cluster1  9
 Cluster to drop  10
 Cluster to drop  2
 After reassigning and merging cells 
 Timepoint  2
 Cluster  9  # of cells  3
 Cluster  17  # of cells  1
 Cluster  10  # of cells  2
 Cluster  2  # of cells  94
 Timepoint  3
 Cluster  9  # of cells  457
 Cluster  15  # of cells  43
 Tp cluster cell dict  {'9_2': 3, '17_2': 1, '10_2': 2, '2_2': 94, '9_3': 457, '15_3': 43}
 New Graph is here 
 ID  0  Timepoint  1  Mutations  []  Type  subclone
 ID  1  Timepoint  2  Mutations  [2, 3, 4, 5, 6, 8, 9, 10, 11, 12, 13, 17, 18, 31]  Type  subclone
 ID  2  Timepoint  2  Mutations  [2, 5, 6, 7, 9, 10, 13, 18, 19, 20, 31]  Type  subclone
 ID  3  Timepoint  2  Mutations  [2, 3, 4, 5, 6, 7, 8, 9, 10, 11, 12, 13, 14, 15, 16, 17, 18, 26]  Type  subclone
 ID  4  Timepoint  2  Mutations  [2, 3, 4, 5, 6, 7, 8, 9, 10, 11, 12, 13, 14, 15, 16, 17, 18]  Type  subclone
 ID  5  Timepoint  3  Mutations  [2, 3, 4, 5, 6, 7, 8, 9, 10, 11, 12, 13, 14, 15, 16, 17, 18]  Type  subclone
 ID  6  Timepoint  3  Mutations  [2, 3, 4, 5, 6, 7, 8, 9, 10, 11, 12, 13, 14, 15, 16, 17, 18, 20, 21, 22, 23, 24, 25, 26, 27, 28, 29, 30, 31]  Type  subclone
Timepoints  SortedDict({1: [0], 2: [1, 2, 3, 4], 3: [5, 6]})
 Clone to nodes  {'9_2': 1, '17_2': 2, '10_2': 3, '2_2': 4, '9_3': 5, '15_3': 6}
 Timepoint ====  1
 Hash table  {'0,1,2,3': [2, 5, 6, 9, 10, 13, 18], '0,2,3': [3, 4, 8, 11, 12, 17], '0,1': [31], '1,2,3': [7], '1': [19, 20], '2,3': [14, 15, 16], '2': [26]}
 Final possible usc  [[2, 5, 6, 9, 10, 13, 18], [3, 4, 8, 11, 12, 17], [31], [7], [19, 20], [14, 15, 16], [26]]
 Time  1  USC keys  {'14,15,16_0', '31_0', '7_0', '2,5,6,9,10,13,18_0', '3,4,8,11,12,17_0', '26_0', '19,20_0'}
 USC children  {'2,5,6,9,10,13,18_0': [1, 2, 3, 4], '3,4,8,11,12,17_0': [1, 3, 4], '31_0': [1, 2], '7_0': [2, 3, 4], '19,20_0': [2], '14,15,16_0': [3, 4], '26_0': [3]}
 USC children  {'2,5,6,9,10,13,18_0': [1, 2, 3, 4], '3,4,8,11,12,17_0': [1, 3, 4], '31_0': [1, 2], '7_0': [2, 3, 4], '19,20_0': [2], '14,15,16_0': [3, 4], '26_0': [3]}
 Timepoint ====  2
 Hash table  {'0': [2, 3, 4, 5, 6, 7, 8, 9, 10, 11, 12, 13, 14, 15, 16, 17, 18, 20, 21, 22, 23, 24, 25, 26, 27, 28, 29, 30, 31]}
====== Inside find superset of t nodes ==========
 Final possible usc  [[2, 3, 4, 5, 6, 7, 8, 9, 10, 11, 12, 13, 14, 15, 16, 17, 18, 20, 21, 22, 23, 24, 25, 26, 27, 28, 29, 30, 31]]
 Time  2  USC keys  {'2,3,4,5,6,7,8,9,10,11,12,13,14,15,16,17,18,20,21,22,23,24,25,26,27,28,29,30,31_3', '2,3,4,5,6,7,8,9,10,11,12,13,14,15,16,17,18,20,21,22,23,24,25,26,27,28,29,30,31_4', '2,3,4,5,6,7,8,9,10,11,12,13,14,15,16,17,18,20,21,22,23,24,25,26,27,28,29,30,31_1'}
 USC children  {'2,5,6,9,10,13,18_0': [1, 2, 3, 4], '3,4,8,11,12,17_0': [1, 3, 4], '31_0': [1, 2], '7_0': [2, 3, 4], '19,20_0': [2], '14,15,16_0': [3, 4], '26_0': [3], '2,3,4,5,6,7,8,9,10,11,12,13,14,15,16,17,18,20,21,22,23,24,25,26,27,28,29,30,31_3': [6], '2,3,4,5,6,7,8,9,10,11,12,13,14,15,16,17,18,20,21,22,23,24,25,26,27,28,29,30,31_4': [6], '2,3,4,5,6,7,8,9,10,11,12,13,14,15,16,17,18,20,21,22,23,24,25,26,27,28,29,30,31_1': [6]}
 USC children  {'2,5,6,9,10,13,18_0': [1, 2, 3, 4], '3,4,8,11,12,17_0': [1, 3, 4], '31_0': [1, 2], '7_0': [2, 3, 4], '19,20_0': [2], '14,15,16_0': [3, 4], '26_0': [3], '2,3,4,5,6,7,8,9,10,11,12,13,14,15,16,17,18,20,21,22,23,24,25,26,27,28,29,30,31_3': [6], '2,3,4,5,6,7,8,9,10,11,12,13,14,15,16,17,18,20,21,22,23,24,25,26,27,28,29,30,31_4': [6], '2,3,4,5,6,7,8,9,10,11,12,13,14,15,16,17,18,20,21,22,23,24,25,26,27,28,29,30,31_1': [6]}
 Node s  {'1,2,3,4': ['2', '5', '6', '9', '10', '13', '18'], '6': ['2', '3', '4', '5', '6', '7', '8', '9', '10', '11', '12', '13', '14', '15', '16', '17', '18', '20', '21', '22', '23', '24', '25', '26', '27', '28', '29', '30', '31']}
 Enroll USC nodes  ['1', '2', '3', '4']  len  4
 Enroll USC nodes  ['6']  len  1
 Node TP  SortedDict({1: [0], 2: [1, 2, 3, 4], 3: [5, 6]})
 Unobserved subclones at timepoints  {1.5: [7]}
 ============== Inside finding node v ============ 
 Time  2
 Time  3
 largest_v_mut  [[2, 3, 4, 5, 6, 7, 8, 9, 10, 11, 12, 13, 14, 15, 16, 17, 18, 26], [2, 3, 4, 5, 6, 8, 9, 10, 11, 12, 13, 17, 18, 31]]
 Sorted all timepoints  [1, 1.5, 2, 3]
 Timepoint  2
 Inside usc_node check  2
 Timepoint  3
0   1   [-1]   subclone   []   []
1   2   [7]   subclone   [2, 3, 4, 5, 6, 8, 9, 10, 11, 12, 13, 17, 18, 31]   [7]
2   2   [7]   subclone   [2, 5, 6, 7, 9, 10, 13, 18, 19, 20, 31]   [4]
3   2   [7]   subclone   [2, 3, 4, 5, 6, 7, 8, 9, 10, 11, 12, 13, 14, 15, 16, 17, 18, 26]   [11]
4   2   [7]   subclone   [2, 3, 4, 5, 6, 7, 8, 9, 10, 11, 12, 13, 14, 15, 16, 17, 18]   [10]
5   3   [4]   subclone   [2, 3, 4, 5, 6, 7, 8, 9, 10, 11, 12, 13, 14, 15, 16, 17, 18]   [0]
6   3   [1]   subclone   [2, 3, 4, 5, 6, 7, 8, 9, 10, 11, 12, 13, 14, 15, 16, 17, 18, 20, 21, 22, 23, 24, 25, 26, 27, 28, 29, 30, 31]   [15]
7   1.5   [0]   unobserved subclone   [2, 5, 6, 9, 10, 13, 18]   [7]
4
 Total estimated FP  96  True negatives  6689
 Total estimated FN  1705  True positives  6870
 Estimated FP rate  0.01378
 Estimated FN rate  0.2
 No. of Cells in each cluster  {'1_2': 2, '1_3': 3, '3_3': 43, '0_2': 98, '0_3': 454}
 Cells in each cluster  {'1_2': [21, 73], '1_3': [194, 312, 380], '3_3': [557, 558, 559, 560, 561, 562, 563, 564, 565, 566, 567, 568, 569, 570, 571, 572, 573, 574, 575, 576, 577, 578, 579, 580, 581, 582, 583, 584, 585, 586, 587, 588, 589, 590, 591, 592, 593, 594, 595, 596, 597, 598, 599], '0_2': [1, 8, 28, 44, 46, 47, 48, 50, 51, 53, 54, 55, 56, 58, 59, 60, 61, 62, 63, 64, 65, 66, 71, 72, 74, 77, 81, 82, 85, 88, 89, 91, 93, 96, 97, 98, 99, 0, 2, 3, 4, 5, 6, 7, 9, 10, 11, 12, 13, 14, 15, 16, 17, 18, 19, 20, 22, 23, 24, 25, 26, 27, 29, 30, 31, 32, 33, 34, 35, 36, 37, 38, 39, 40, 41, 42, 43, 45, 49, 52, 57, 67, 68, 69, 70, 75, 76, 78, 79, 80, 83, 84, 86, 87, 90, 92, 94, 95], '0_3': [114, 127, 130, 136, 141, 161, 196, 198, 221, 226, 228, 240, 249, 257, 270, 286, 298, 306, 310, 319, 335, 340, 357, 378, 387, 395, 401, 416, 463, 473, 483, 485, 494, 497, 506, 517, 525, 526, 534, 536, 546, 548, 100, 101, 102, 103, 104, 105, 106, 107, 108, 109, 110, 111, 112, 113, 115, 116, 117, 118, 119, 120, 121, 122, 123, 124, 125, 126, 128, 129, 131, 132, 133, 134, 135, 137, 138, 139, 140, 142, 143, 144, 145, 146, 147, 148, 149, 150, 151, 152, 153, 154, 155, 156, 157, 158, 159, 160, 162, 163, 164, 165, 166, 167, 168, 169, 170, 171, 172, 173, 174, 175, 176, 177, 178, 179, 180, 181, 182, 183, 184, 185, 186, 187, 188, 189, 190, 191, 192, 193, 195, 197, 199, 200, 201, 202, 203, 204, 205, 206, 207, 208, 209, 210, 211, 212, 213, 214, 215, 216, 217, 218, 219, 220, 222, 223, 224, 225, 227, 229, 230, 231, 232, 233, 234, 235, 236, 237, 238, 239, 241, 242, 243, 244, 245, 246, 247, 248, 250, 251, 252, 253, 254, 255, 256, 258, 259, 260, 261, 262, 263, 264, 265, 266, 267, 268, 269, 271, 272, 273, 274, 275, 276, 277, 278, 279, 280, 281, 282, 283, 284, 285, 287, 288, 289, 290, 291, 292, 293, 294, 295, 296, 297, 299, 300, 301, 302, 303, 304, 305, 307, 308, 309, 311, 313, 314, 315, 316, 317, 318, 320, 321, 322, 323, 324, 325, 326, 327, 328, 329, 330, 331, 332, 333, 334, 336, 337, 338, 339, 341, 342, 343, 344, 345, 346, 347, 348, 349, 350, 351, 352, 353, 354, 355, 356, 358, 359, 360, 361, 362, 363, 364, 365, 366, 367, 368, 369, 370, 371, 372, 373, 374, 375, 376, 377, 379, 381, 382, 383, 384, 385, 386, 388, 389, 390, 391, 392, 393, 394, 396, 397, 398, 399, 400, 402, 403, 404, 405, 406, 407, 408, 409, 410, 411, 412, 413, 414, 415, 417, 418, 419, 420, 421, 422, 423, 424, 425, 426, 427, 428, 429, 430, 431, 432, 433, 434, 435, 436, 437, 438, 439, 440, 441, 442, 443, 444, 445, 446, 447, 448, 449, 450, 451, 452, 453, 454, 455, 456, 457, 458, 459, 460, 461, 462, 464, 465, 466, 467, 468, 469, 470, 471, 472, 474, 475, 476, 477, 478, 479, 480, 481, 482, 484, 486, 487, 488, 489, 490, 491, 492, 493, 495, 496, 498, 499, 500, 501, 502, 503, 504, 505, 507, 508, 509, 510, 511, 512, 513, 514, 515, 516, 518, 519, 520, 521, 522, 523, 524, 527, 528, 529, 530, 531, 532, 533, 535, 537, 538, 539, 540, 541, 542, 543, 544, 545, 547, 549, 550, 551, 552, 553, 554, 555, 556]}
FP rate  0.01378 FN rate  0.2
 Before reassigning cells 
 Timepoint  2
 Cluster  1  # of cells  3
 Cluster  0  # of cells  97
 Timepoint  3
 Cluster  1  # of cells  14
 Cluster  3  # of cells  43
 Cluster  0  # of cells  437
 Cells absent at timepoint  3   {544, 257, 515, 365, 208, 472}
 Missing cell prob  {'0': 2.908945031231494e-05, '3': 1.6874900696713896e-11, '1': 2.9089450312314935e-05}
 Missing cell prob  {'0': 0.0029495903867610596, '3': 3.4699531441447923e-10, '1': 0.002949590386761061}
 Missing cell prob  {'0': 0.00023043674896570785, '3': 6.591758084653865e-10, '1': 0.0002304367489657078}
 Missing cell prob  {'0': 0.0030325927898567965, '3': 4.2776714872730975e-08, '1': 0.0030325927898567965}
 Missing cell prob  {'0': 0.0027903387566670236, '3': 1.3499920557371118e-11, '1': 0.002790338756667024}
 Missing cell prob  {'0': 0.0008965186777191007, '3': 2.1388357436365482e-11, '1': 0.0008965186777191007}
 Cells absent at timepoint  2   set()
 Timepoint  2
 Timepoint  3
SortedDict({2: {'1': ['4', '21', '73'], '0': ['0', '1', '2', '3', '5', '6', '7', '8', '9', '10', '11', '12', '13', '14', '15', '16', '17', '18', '19', '20', '22', '23', '24', '25', '26', '27', '28', '29', '30', '31', '32', '33', '34', '35', '36', '37', '38', '39', '40', '41', '42', '43', '44', '45', '46', '47', '48', '49', '50', '51', '52', '53', '54', '55', '56', '57', '58', '59', '60', '61', '62', '63', '64', '65', '66', '67', '68', '69', '70', '71', '72', '74', '75', '76', '77', '78', '79', '80', '81', '82', '83', '84', '85', '86', '87', '88', '89', '90', '91', '92', '93', '94', '95', '96', '97', '98', '99']}, 3: {'1': ['194', '230', '312', '339', '361', '380', '390', '434', '468', '511', '525', '546', '548', '551', '257', '208'], '3': ['557', '558', '559', '560', '561', '562', '563', '564', '565', '566', '567', '568', '569', '570', '571', '572', '573', '574', '575', '576', '577', '578', '579', '580', '581', '582', '583', '584', '585', '586', '587', '588', '589', '590', '591', '592', '593', '594', '595', '596', '597', '598', '599'], '0': ['100', '101', '102', '103', '104', '105', '106', '107', '108', '109', '110', '111', '112', '113', '114', '115', '116', '117', '118', '119', '120', '121', '122', '123', '124', '125', '126', '127', '128', '129', '130', '131', '132', '133', '134', '135', '136', '137', '138', '139', '140', '141', '142', '143', '144', '145', '146', '147', '148', '149', '150', '151', '152', '153', '154', '155', '156', '157', '158', '159', '160', '161', '162', '163', '164', '165', '166', '167', '168', '169', '170', '171', '172', '173', '174', '175', '176', '177', '178', '179', '180', '181', '182', '183', '184', '185', '186', '187', '188', '189', '190', '191', '192', '193', '195', '196', '197', '198', '199', '200', '201', '202', '203', '204', '205', '206', '207', '209', '210', '211', '212', '213', '214', '215', '216', '217', '218', '219', '220', '221', '222', '223', '224', '225', '226', '227', '228', '229', '231', '232', '233', '234', '235', '236', '237', '238', '239', '240', '241', '242', '243', '244', '245', '246', '247', '248', '249', '250', '251', '252', '253', '254', '255', '256', '258', '259', '260', '261', '262', '263', '264', '265', '266', '267', '268', '269', '270', '271', '272', '273', '274', '275', '276', '277', '278', '279', '280', '281', '282', '283', '284', '285', '286', '287', '288', '289', '290', '291', '292', '293', '294', '295', '296', '297', '298', '299', '300', '301', '302', '303', '304', '305', '306', '307', '308', '309', '310', '311', '313', '314', '315', '316', '317', '318', '319', '320', '321', '322', '323', '324', '325', '326', '327', '328', '329', '330', '331', '332', '333', '334', '335', '336', '337', '338', '340', '341', '342', '343', '344', '345', '346', '347', '348', '349', '350', '351', '352', '353', '354', '355', '356', '357', '358', '359', '360', '362', '363', '364', '366', '367', '368', '369', '370', '371', '372', '373', '374', '375', '376', '377', '378', '379', '381', '382', '383', '384', '385', '386', '387', '388', '389', '391', '392', '393', '394', '395', '396', '397', '398', '399', '400', '401', '402', '403', '404', '405', '406', '407', '408', '409', '410', '411', '412', '413', '414', '415', '416', '417', '418', '419', '420', '421', '422', '423', '424', '425', '426', '427', '428', '429', '430', '431', '432', '433', '435', '436', '437', '438', '439', '440', '441', '442', '443', '444', '445', '446', '447', '448', '449', '450', '451', '452', '453', '454', '455', '456', '457', '458', '459', '460', '461', '462', '463', '464', '465', '466', '467', '469', '470', '471', '473', '474', '475', '476', '477', '478', '479', '480', '481', '482', '483', '484', '485', '486', '487', '488', '489', '490', '491', '492', '493', '494', '495', '496', '497', '498', '499', '500', '501', '502', '503', '504', '505', '506', '507', '508', '509', '510', '512', '513', '514', '516', '517', '518', '519', '520', '521', '522', '523', '524', '526', '527', '528', '529', '530', '531', '532', '533', '534', '535', '536', '537', '538', '539', '540', '541', '542', '543', '545', '547', '549', '550', '552', '553', '554', '555', '556', '544', '515', '365', '472']}})
 Cluster1  1
 Cluster to drop  0
 After reassigning and merging cells 
 Timepoint  2
 Cluster  1  # of cells  3
 Cluster  0  # of cells  97
 Timepoint  3
 Cluster  1  # of cells  457
 Cluster  3  # of cells  43
 Tp cluster cell dict  {'1_2': 3, '0_2': 97, '1_3': 457, '3_3': 43}
 New Graph is here 
 ID  0  Timepoint  1  Mutations  []  Type  subclone
 ID  1  Timepoint  2  Mutations  [2, 3, 4, 5, 6, 8, 9, 10, 11, 12, 13, 15, 17, 18, 31]  Type  subclone
 ID  2  Timepoint  2  Mutations  [2, 3, 4, 5, 6, 7, 8, 9, 10, 11, 12, 13, 14, 15, 16, 17, 18]  Type  subclone
 ID  3  Timepoint  3  Mutations  [2, 3, 4, 5, 6, 7, 8, 9, 10, 11, 12, 13, 14, 15, 16, 17, 18]  Type  subclone
 ID  4  Timepoint  3  Mutations  [2, 3, 4, 5, 6, 7, 8, 9, 10, 11, 12, 13, 14, 15, 16, 17, 18, 20, 21, 22, 23, 24, 25, 26, 27, 28, 29, 30, 31]  Type  subclone
Timepoints  SortedDict({1: [0], 2: [1, 2], 3: [3, 4]})
 Clone to nodes  {'1_2': 1, '0_2': 2, '1_3': 3, '3_3': 4}
 Timepoint ====  1
 Hash table  {'0,1': [2, 3, 4, 5, 6, 8, 9, 10, 11, 12, 13, 15, 17, 18], '0': [31], '1': [7, 14, 16]}
 Final possible usc  [[2, 3, 4, 5, 6, 8, 9, 10, 11, 12, 13, 15, 17, 18], [31], [7, 14, 16]]
 Time  1  USC keys  {'2,3,4,5,6,8,9,10,11,12,13,15,17,18_0', '31_0', '7,14,16_0'}
 USC children  {'2,3,4,5,6,8,9,10,11,12,13,15,17,18_0': [1, 2], '31_0': [1], '7,14,16_0': [2]}
 USC children  {'2,3,4,5,6,8,9,10,11,12,13,15,17,18_0': [1, 2], '31_0': [1], '7,14,16_0': [2]}
 Timepoint ====  2
 Hash table  {'0': [2, 3, 4, 5, 6, 7, 8, 9, 10, 11, 12, 13, 14, 15, 16, 17, 18, 20, 21, 22, 23, 24, 25, 26, 27, 28, 29, 30, 31]}
====== Inside find superset of t nodes ==========
 Final possible usc  [[2, 3, 4, 5, 6, 7, 8, 9, 10, 11, 12, 13, 14, 15, 16, 17, 18, 20, 21, 22, 23, 24, 25, 26, 27, 28, 29, 30, 31]]
 Time  2  USC keys  {'2,3,4,5,6,7,8,9,10,11,12,13,14,15,16,17,18,20,21,22,23,24,25,26,27,28,29,30,31_1', '2,3,4,5,6,7,8,9,10,11,12,13,14,15,16,17,18,20,21,22,23,24,25,26,27,28,29,30,31_2'}
 USC children  {'2,3,4,5,6,8,9,10,11,12,13,15,17,18_0': [1, 2], '31_0': [1], '7,14,16_0': [2], '2,3,4,5,6,7,8,9,10,11,12,13,14,15,16,17,18,20,21,22,23,24,25,26,27,28,29,30,31_1': [4], '2,3,4,5,6,7,8,9,10,11,12,13,14,15,16,17,18,20,21,22,23,24,25,26,27,28,29,30,31_2': [4]}
 USC children  {'2,3,4,5,6,8,9,10,11,12,13,15,17,18_0': [1, 2], '31_0': [1], '7,14,16_0': [2], '2,3,4,5,6,7,8,9,10,11,12,13,14,15,16,17,18,20,21,22,23,24,25,26,27,28,29,30,31_1': [4], '2,3,4,5,6,7,8,9,10,11,12,13,14,15,16,17,18,20,21,22,23,24,25,26,27,28,29,30,31_2': [4]}
 Node s  {'1,2': ['2', '3', '4', '5', '6', '8', '9', '10', '11', '12', '13', '15', '17', '18'], '4': ['2', '3', '4', '5', '6', '7', '8', '9', '10', '11', '12', '13', '14', '15', '16', '17', '18', '20', '21', '22', '23', '24', '25', '26', '27', '28', '29', '30', '31']}
 Enroll USC nodes  ['1', '2']  len  2
 Enroll USC nodes  ['4']  len  1
 Node TP  SortedDict({1: [0], 2: [1, 2], 3: [3, 4]})
 Unobserved subclones at timepoints  {1.5: [5]}
 ============== Inside finding node v ============ 
 Time  2
 Time  3
 largest_v_mut  [[2, 3, 4, 5, 6, 7, 8, 9, 10, 11, 12, 13, 14, 15, 16, 17, 18], [2, 3, 4, 5, 6, 8, 9, 10, 11, 12, 13, 15, 17, 18, 31]]
 Sorted all timepoints  [1, 1.5, 2, 3]
 Timepoint  2
 Inside usc_node check  2
 Timepoint  3
0   1   [-1]   subclone   []   []
1   2   [5]   subclone   [2, 3, 4, 5, 6, 8, 9, 10, 11, 12, 13, 15, 17, 18, 31]   [1]
2   2   [5]   subclone   [2, 3, 4, 5, 6, 7, 8, 9, 10, 11, 12, 13, 14, 15, 16, 17, 18]   [3]
3   3   [2]   subclone   [2, 3, 4, 5, 6, 7, 8, 9, 10, 11, 12, 13, 14, 15, 16, 17, 18]   [0]
4   3   [2]   subclone   [2, 3, 4, 5, 6, 7, 8, 9, 10, 11, 12, 13, 14, 15, 16, 17, 18, 20, 21, 22, 23, 24, 25, 26, 27, 28, 29, 30, 31]   [12]
5   1.5   [0]   unobserved subclone   [2, 3, 4, 5, 6, 8, 9, 10, 11, 12, 13, 15, 17, 18]   [14]
 List of tree files  ['all_trees/sp5_rep4_m1_tree.csv', 'all_trees/sp5_rep4_m2_tree.csv', 'all_trees/sp5_rep4_m3_tree.csv', 'all_trees/sp5_rep4_m4_tree.csv', 'all_trees/sp5_rep4_m5_tree.csv']
{'1': ['2', '3', '4', '5', '6', '8', '9', '10', '11', '12', '13', '17', '18', '31'], '2': ['2', '3', '4', '5', '6', '7', '8', '9', '10', '11', '12', '13', '14', '15', '16', '17', '18'], '3': ['2', '3', '4', '5', '6', '7', '8', '9', '10', '11', '12', '13', '14', '15', '16', '17', '18'], '4': ['2', '3', '4', '5', '6', '7', '8', '9', '10', '11', '12', '13', '14', '15', '16', '17', '18', '20', '21', '22', '23', '24', '25', '26', '27', '28', '29', '30', '31'], '5': ['2', '3', '4', '5', '6', '8', '9', '10', '11', '12', '13', '17', '18']}
 Actual mutation of  1   ['31']
 Actual mutation of  2   ['7', '14', '15', '16']
 Actual mutation of  3   []
 Actual mutation of  4   ['26', '25', '31', '22', '21', '30', '29', '20', '23', '27', '28', '24']
 Updated node mutation  {'1': ['31'], '2': ['7', '14', '15', '16'], '3': [], '4': ['26', '25', '31', '22', '21', '30', '29', '20', '23', '27', '28', '24'], '5': ['2', '3', '4', '5', '6', '8', '9', '10', '11', '12', '13', '17', '18']}
{'1': ['2', '3', '4', '5', '6', '7', '8', '9', '10', '11', '12', '13', '14', '15', '16', '17', '18', '19', '31'], '2': ['2', '3', '4', '5', '6', '7', '8', '9', '10', '11', '12', '13', '14', '15', '16', '17', '18'], '3': ['2', '3', '4', '5', '6', '7', '8', '9', '10', '11', '12', '13', '14', '15', '16', '17', '18'], '4': ['2', '3', '4', '5', '6', '7', '8', '9', '10', '11', '12', '13', '14', '15', '16', '17', '18', '20', '21', '22', '23', '24', '25', '26', '27', '28', '29', '30', '31'], '5': ['2', '3', '4', '5', '6', '7', '8', '9', '10', '11', '12', '13', '14', '15', '16', '17', '18']}
 Actual mutation of  1   ['31', '19']
 Actual mutation of  2   []
 Actual mutation of  3   []
 Actual mutation of  4   ['26', '25', '31', '22', '21', '30', '29', '20', '23', '27', '28', '24']
 Updated node mutation  {'1': ['31', '19'], '2': [], '3': [], '4': ['26', '25', '31', '22', '21', '30', '29', '20', '23', '27', '28', '24'], '5': ['2', '3', '4', '5', '6', '7', '8', '9', '10', '11', '12', '13', '14', '15', '16', '17', '18']}
{'1': ['2', '3', '4', '5', '6', '8', '9', '10', '11', '12', '13', '17', '18', '31'], '2': ['2', '3', '4', '5', '6', '7', '8', '9', '10', '11', '12', '13', '14', '15', '16', '17', '18'], '3': ['2', '3', '4', '5', '6', '7', '8', '9', '10', '11', '12', '13', '14', '15', '16', '17', '18'], '4': ['2', '3', '4', '5', '6', '7', '8', '9', '10', '11', '12', '13', '14', '15', '16', '17', '18', '20', '21', '22', '23', '24', '25', '26', '27', '28', '29', '30', '31'], '5': ['2', '3', '4', '5', '6', '8', '9', '10', '11', '12', '13', '17', '18']}
 Actual mutation of  1   ['31']
 Actual mutation of  2   ['7', '14', '15', '16']
 Actual mutation of  3   []
 Actual mutation of  4   ['26', '25', '31', '22', '21', '30', '29', '20', '23', '27', '28', '24']
 Updated node mutation  {'1': ['31'], '2': ['7', '14', '15', '16'], '3': [], '4': ['26', '25', '31', '22', '21', '30', '29', '20', '23', '27', '28', '24'], '5': ['2', '3', '4', '5', '6', '8', '9', '10', '11', '12', '13', '17', '18']}
{'1': ['2', '3', '4', '5', '6', '8', '9', '10', '11', '12', '13', '17', '18', '31'], '2': ['2', '5', '6', '7', '9', '10', '13', '18', '19', '20', '31'], '3': ['2', '3', '4', '5', '6', '7', '8', '9', '10', '11', '12', '13', '14', '15', '16', '17', '18', '26'], '4': ['2', '3', '4', '5', '6', '7', '8', '9', '10', '11', '12', '13', '14', '15', '16', '17', '18'], '5': ['2', '3', '4', '5', '6', '7', '8', '9', '10', '11', '12', '13', '14', '15', '16', '17', '18'], '6': ['2', '3', '4', '5', '6', '7', '8', '9', '10', '11', '12', '13', '14', '15', '16', '17', '18', '20', '21', '22', '23', '24', '25', '26', '27', '28', '29', '30', '31'], '7': ['2', '5', '6', '9', '10', '13', '18']}
 Actual mutation of  1   ['3', '17', '11', '4', '12', '31', '8']
 Actual mutation of  2   ['7', '20', '31', '19']
 Actual mutation of  3   ['3', '26', '17', '11', '4', '7', '12', '15', '16', '14', '8']
 Actual mutation of  4   ['3', '17', '11', '4', '7', '12', '15', '16', '14', '8']
 Actual mutation of  5   []
 Actual mutation of  6   ['26', '25', '22', '21', '30', '7', '29', '20', '16', '23', '15', '27', '14', '28', '24']
 Updated node mutation  {'1': ['3', '17', '11', '4', '12', '31', '8'], '2': ['7', '20', '31', '19'], '3': ['3', '26', '17', '11', '4', '7', '12', '15', '16', '14', '8'], '4': ['3', '17', '11', '4', '7', '12', '15', '16', '14', '8'], '5': [], '6': ['26', '25', '22', '21', '30', '7', '29', '20', '16', '23', '15', '27', '14', '28', '24'], '7': ['2', '5', '6', '9', '10', '13', '18']}
{'1': ['2', '3', '4', '5', '6', '8', '9', '10', '11', '12', '13', '15', '17', '18', '31'], '2': ['2', '3', '4', '5', '6', '7', '8', '9', '10', '11', '12', '13', '14', '15', '16', '17', '18'], '3': ['2', '3', '4', '5', '6', '7', '8', '9', '10', '11', '12', '13', '14', '15', '16', '17', '18'], '4': ['2', '3', '4', '5', '6', '7', '8', '9', '10', '11', '12', '13', '14', '15', '16', '17', '18', '20', '21', '22', '23', '24', '25', '26', '27', '28', '29', '30', '31'], '5': ['2', '3', '4', '5', '6', '8', '9', '10', '11', '12', '13', '15', '17', '18']}
 Actual mutation of  1   ['31']
 Actual mutation of  2   ['7', '14', '16']
 Actual mutation of  3   []
 Actual mutation of  4   ['26', '25', '31', '22', '21', '30', '29', '20', '23', '27', '28', '24']
 Updated node mutation  {'1': ['31'], '2': ['7', '14', '16'], '3': [], '4': ['26', '25', '31', '22', '21', '30', '29', '20', '23', '27', '28', '24'], '5': ['2', '3', '4', '5', '6', '8', '9', '10', '11', '12', '13', '15', '17', '18']}
 Parallel mutation count  {'m1': 1, 'm2': 1, 'm3': 1, 'm4': 13, 'm5': 1}
 Clusters with least parallel mutations  ['m1', 'm2', 'm3', 'm5']
 Cluster nos for each run  {'m1': 15, 'm2': 10, 'm3': 10, 'm5': 4}
 Run  m5
 Base path  ['sp5', 'rep4', 'm1', 'tree.csv']
 Best tree path  sp5_rep4_m5_tree.csv
