8
 Total estimated FP  162  True negatives  15971
 Total estimated FN  1565  True positives  6302
 Estimated FP rate  0.02506
 Estimated FN rate  0.09
 No. of Cells in each cluster  {'3_2': 3, '3_3': 8, '0_2': 97, '0_3': 121, '4_3': 8, '7_3': 1, '5_3': 1, '2_3': 361}
 Cells in each cluster  {'3_2': [0, 1, 2], '3_3': [100, 101, 102, 103, 112, 113, 114, 115], '0_2': [3, 4, 5, 6, 7, 8, 9, 10, 11, 12, 13, 14, 15, 16, 17, 18, 19, 20, 21, 22, 23, 24, 25, 26, 27, 28, 29, 30, 31, 32, 33, 34, 35, 36, 37, 38, 39, 40, 41, 42, 43, 44, 45, 46, 47, 48, 49, 50, 51, 52, 53, 54, 55, 56, 57, 58, 59, 60, 61, 62, 63, 64, 65, 66, 67, 68, 69, 70, 71, 72, 73, 74, 75, 76, 77, 78, 79, 80, 81, 82, 83, 84, 85, 86, 87, 88, 89, 90, 91, 92, 93, 94, 95, 96, 97, 98, 99], '0_3': [117, 118, 119, 120, 121, 122, 123, 124, 125, 126, 127, 128, 129, 130, 131, 132, 133, 134, 135, 136, 137, 138, 139, 140, 141, 142, 143, 144, 145, 146, 147, 148, 149, 150, 151, 152, 153, 154, 155, 156, 157, 158, 159, 160, 161, 162, 163, 164, 165, 166, 167, 168, 169, 170, 171, 172, 173, 174, 175, 176, 177, 178, 179, 180, 181, 182, 183, 184, 185, 186, 187, 188, 189, 190, 191, 192, 193, 194, 195, 196, 197, 198, 199, 200, 201, 202, 203, 204, 205, 206, 207, 208, 209, 210, 211, 212, 213, 214, 215, 216, 217, 218, 219, 220, 221, 222, 223, 224, 225, 226, 227, 228, 229, 230, 231, 232, 233, 234, 235, 259, 499], '4_3': [104, 105, 106, 107, 108, 109, 110, 111], '7_3': [116], '5_3': [324], '2_3': [280, 354, 355, 401, 405, 417, 446, 455, 459, 473, 489, 537, 565, 591, 239, 241, 246, 276, 289, 346, 368, 372, 386, 397, 400, 422, 430, 443, 448, 466, 506, 542, 566, 236, 237, 238, 240, 242, 243, 244, 245, 247, 248, 249, 250, 251, 252, 253, 254, 255, 256, 257, 258, 260, 261, 262, 263, 264, 265, 266, 267, 268, 269, 270, 271, 272, 273, 274, 275, 277, 278, 279, 281, 282, 283, 284, 285, 286, 287, 288, 290, 291, 292, 293, 294, 295, 296, 297, 298, 299, 300, 301, 302, 303, 304, 305, 306, 307, 308, 309, 310, 311, 312, 313, 314, 315, 316, 317, 318, 319, 320, 321, 322, 323, 325, 326, 327, 328, 329, 330, 331, 332, 333, 334, 335, 336, 337, 338, 339, 340, 341, 342, 343, 344, 345, 347, 348, 349, 350, 351, 352, 353, 356, 357, 358, 359, 360, 361, 362, 363, 364, 365, 366, 367, 369, 370, 371, 373, 374, 375, 376, 377, 378, 379, 380, 381, 382, 383, 384, 385, 387, 388, 389, 390, 391, 392, 393, 394, 395, 396, 398, 399, 402, 403, 404, 406, 407, 408, 409, 410, 411, 412, 413, 414, 415, 416, 418, 419, 420, 421, 423, 424, 425, 426, 427, 428, 429, 431, 432, 433, 434, 435, 436, 437, 438, 439, 440, 441, 442, 444, 445, 447, 449, 450, 451, 452, 453, 454, 456, 457, 458, 460, 461, 462, 463, 464, 465, 467, 468, 469, 470, 471, 472, 474, 475, 476, 477, 478, 479, 480, 481, 482, 483, 484, 485, 486, 487, 488, 490, 491, 492, 493, 494, 495, 496, 497, 498, 500, 501, 502, 503, 504, 505, 507, 508, 509, 510, 511, 512, 513, 514, 515, 516, 517, 518, 519, 520, 521, 522, 523, 524, 525, 526, 527, 528, 529, 530, 531, 532, 533, 534, 535, 536, 538, 539, 540, 541, 543, 544, 545, 546, 547, 548, 549, 550, 551, 552, 553, 554, 555, 556, 557, 558, 559, 560, 561, 562, 563, 564, 567, 568, 569, 570, 571, 572, 573, 574, 575, 576, 577, 578, 579, 580, 581, 582, 583, 584, 585, 586, 587, 588, 589, 590, 592, 593, 594, 595, 596, 597, 598, 599]}
FP rate  0.02506 FN rate  0.09
 Before reassigning cells 
 Timepoint  2
 Cluster  3  # of cells  3
 Cluster  0  # of cells  97
 Timepoint  3
 Cluster  3  # of cells  8
 Cluster  0  # of cells  124
 Cluster  4  # of cells  8
 Cluster  7  # of cells  1
 Cluster  5  # of cells  3
 Cluster  2  # of cells  355
 Cells absent at timepoint  3   {120}
 Missing cell prob  {'5': 0.00021635325657937978, '4': 4.0609423039950115e-25, '7': 3.460637105398026e-27, '3': 7.10844285783661e-18, '2': 1.4503958168854128e-09, '0': 0.00021635325657937973}
 Cells absent at timepoint  2   set()
 Timepoint  2
 Timepoint  3
SortedDict({2: {'3': ['0', '1', '2'], '0': ['3', '4', '5', '6', '7', '8', '9', '10', '11', '12', '13', '14', '15', '16', '17', '18', '19', '20', '21', '22', '23', '24', '25', '26', '27', '28', '29', '30', '31', '32', '33', '34', '35', '36', '37', '38', '39', '40', '41', '42', '43', '44', '45', '46', '47', '48', '49', '50', '51', '52', '53', '54', '55', '56', '57', '58', '59', '60', '61', '62', '63', '64', '65', '66', '67', '68', '69', '70', '71', '72', '73', '74', '75', '76', '77', '78', '79', '80', '81', '82', '83', '84', '85', '86', '87', '88', '89', '90', '91', '92', '93', '94', '95', '96', '97', '98', '99']}, 3: {'3': ['100', '101', '102', '103', '112', '113', '114', '115'], '0': ['117', '118', '119', '121', '122', '123', '124', '125', '126', '127', '128', '129', '130', '131', '132', '133', '134', '135', '136', '137', '138', '139', '140', '141', '142', '143', '144', '145', '146', '147', '148', '149', '150', '151', '152', '153', '154', '155', '156', '157', '158', '159', '160', '161', '162', '163', '164', '165', '166', '167', '168', '169', '170', '171', '172', '173', '174', '175', '176', '177', '178', '179', '180', '181', '182', '183', '184', '185', '186', '187', '188', '189', '190', '191', '192', '193', '194', '195', '196', '197', '198', '199', '200', '201', '202', '203', '204', '205', '206', '207', '208', '209', '210', '211', '212', '213', '214', '215', '216', '217', '218', '219', '220', '221', '222', '223', '224', '225', '226', '227', '228', '229', '230', '231', '232', '233', '234', '235', '259', '271', '290', '499', '555', '558'], '4': ['104', '105', '106', '107', '108', '109', '110', '111'], '7': ['116'], '5': ['278', '324', '338', '120'], '2': ['236', '237', '238', '239', '240', '241', '242', '243', '244', '245', '246', '247', '248', '249', '250', '251', '252', '253', '254', '255', '256', '257', '258', '260', '261', '262', '263', '264', '265', '266', '267', '268', '269', '270', '272', '273', '274', '275', '276', '277', '279', '280', '281', '282', '283', '284', '285', '286', '287', '288', '289', '291', '292', '293', '294', '295', '296', '297', '298', '299', '300', '301', '302', '303', '304', '305', '306', '307', '308', '309', '310', '311', '312', '313', '314', '315', '316', '317', '318', '319', '320', '321', '322', '323', '325', '326', '327', '328', '329', '330', '331', '332', '333', '334', '335', '336', '337', '339', '340', '341', '342', '343', '344', '345', '346', '347', '348', '349', '350', '351', '352', '353', '354', '355', '356', '357', '358', '359', '360', '361', '362', '363', '364', '365', '366', '367', '368', '369', '370', '371', '372', '373', '374', '375', '376', '377', '378', '379', '380', '381', '382', '383', '384', '385', '386', '387', '388', '389', '390', '391', '392', '393', '394', '395', '396', '397', '398', '399', '400', '401', '402', '403', '404', '405', '406', '407', '408', '409', '410', '411', '412', '413', '414', '415', '416', '417', '418', '419', '420', '421', '422', '423', '424', '425', '426', '427', '428', '429', '430', '431', '432', '433', '434', '435', '436', '437', '438', '439', '440', '441', '442', '443', '444', '445', '446', '447', '448', '449', '450', '451', '452', '453', '454', '455', '456', '457', '458', '459', '460', '461', '462', '463', '464', '465', '466', '467', '468', '469', '470', '471', '472', '473', '474', '475', '476', '477', '478', '479', '480', '481', '482', '483', '484', '485', '486', '487', '488', '489', '490', '491', '492', '493', '494', '495', '496', '497', '498', '500', '501', '502', '503', '504', '505', '506', '507', '508', '509', '510', '511', '512', '513', '514', '515', '516', '517', '518', '519', '520', '521', '522', '523', '524', '525', '526', '527', '528', '529', '530', '531', '532', '533', '534', '535', '536', '537', '538', '539', '540', '541', '542', '543', '544', '545', '546', '547', '548', '549', '550', '551', '552', '553', '554', '556', '557', '559', '560', '561', '562', '563', '564', '565', '566', '567', '568', '569', '570', '571', '572', '573', '574', '575', '576', '577', '578', '579', '580', '581', '582', '583', '584', '585', '586', '587', '588', '589', '590', '591', '592', '593', '594', '595', '596', '597', '598', '599']}})
 Cluster1  5
 Cluster to drop  2
 After reassigning and merging cells 
 Timepoint  2
 Cluster  3  # of cells  3
 Cluster  0  # of cells  97
 Timepoint  3
 Cluster  3  # of cells  8
 Cluster  0  # of cells  124
 Cluster  4  # of cells  8
 Cluster  7  # of cells  1
 Cluster  5  # of cells  359
 Tp cluster cell dict  {'3_2': 3, '0_2': 97, '3_3': 8, '0_3': 124, '4_3': 8, '7_3': 1, '5_3': 359}
 New Graph is here 
 ID  0  Timepoint  1  Mutations  []  Type  subclone
 ID  1  Timepoint  2  Mutations  [0, 1, 2, 3, 4, 5, 6, 7, 20, 21, 23]  Type  subclone
 ID  2  Timepoint  2  Mutations  [8, 9, 10, 11, 12, 13, 14, 15, 16, 17, 18, 19]  Type  subclone
 ID  3  Timepoint  3  Mutations  [0, 1, 2, 3, 4, 5, 6, 7, 20, 21, 23]  Type  subclone
 ID  4  Timepoint  3  Mutations  [8, 9, 10, 11, 12, 13, 14, 15, 16, 17, 18, 19]  Type  subclone
 ID  5  Timepoint  3  Mutations  [0, 1, 2, 3, 4, 5, 6, 7, 20, 21, 22, 23, 24, 25, 26, 27, 28, 29, 30]  Type  subclone
 ID  6  Timepoint  3  Mutations  [0, 1, 2, 3, 4, 6, 7, 10, 18, 23, 28, 32, 34, 35, 36, 37, 38, 39, 40, 41, 42]  Type  subclone
 ID  7  Timepoint  3  Mutations  [8, 9, 10, 11, 12, 13, 14, 15, 16, 17, 18, 19, 43, 44, 45, 46, 47, 48, 49]  Type  subclone
Timepoints  SortedDict({1: [0], 2: [1, 2], 3: [3, 4, 5, 6, 7]})
 Clone to nodes  {'3_2': 1, '0_2': 2, '3_3': 3, '0_3': 4, '4_3': 5, '7_3': 6, '5_3': 7}
 Timepoint ====  1
 Hash table  {'0': [0, 1, 2, 3, 4, 5, 6, 7, 20, 21, 23], '1': [8, 9, 10, 11, 12, 13, 14, 15, 16, 17, 18, 19]}
 Final possible usc  [[0, 1, 2, 3, 4, 5, 6, 7, 20, 21, 23], [8, 9, 10, 11, 12, 13, 14, 15, 16, 17, 18, 19]]
 Time  1  USC keys  {'8,9,10,11,12,13,14,15,16,17,18,19_0', '0,1,2,3,4,5,6,7,20,21,23_0'}
 USC children  {'0,1,2,3,4,5,6,7,20,21,23_0': [1], '8,9,10,11,12,13,14,15,16,17,18,19_0': [2]}
 USC children  {'0,1,2,3,4,5,6,7,20,21,23_0': [1], '8,9,10,11,12,13,14,15,16,17,18,19_0': [2]}
 Timepoint ====  2
 Hash table  {'0,1': [0, 1, 2, 3, 4, 6, 7, 23, 28], '0': [5, 20, 21, 22, 24, 25, 26, 27, 29, 30], '1,2': [10, 18], '1': [32, 34, 35, 36, 37, 38, 39, 40, 41, 42], '2': [8, 9, 11, 12, 13, 14, 15, 16, 17, 19, 43, 44, 45, 46, 47, 48, 49]}
====== Inside find superset of t nodes ==========
 Final possible usc  []
 Time  2  USC keys  set()
 USC children  {'0,1,2,3,4,5,6,7,20,21,23_0': [1], '8,9,10,11,12,13,14,15,16,17,18,19_0': [2]}
 USC children  {'0,1,2,3,4,5,6,7,20,21,23_0': [1], '8,9,10,11,12,13,14,15,16,17,18,19_0': [2]}
 Node s  {'1': ['0', '1', '2', '3', '4', '5', '6', '7', '20', '21', '23'], '2': ['8', '9', '10', '11', '12', '13', '14', '15', '16', '17', '18', '19']}
 Enroll USC nodes  ['1']  len  1
 Enroll USC nodes  ['2']  len  1
 Node TP  SortedDict({1: [0], 2: [1, 2], 3: [3, 4, 5, 6, 7]})
 Unobserved subclones at timepoints  {}
 ============== Inside finding node v ============ 
 Time  2
 largest_v_mut  [[]]
 largest_v_mut  [[]]
 Time  3
 largest_v_mut  [[0, 1, 2, 3, 4, 5, 6, 7, 20, 21, 23]]
 largest_v_mut  []
 largest_v_mut  [[8, 9, 10, 11, 12, 13, 14, 15, 16, 17, 18, 19]]
 Sorted all timepoints  [1, 2, 3]
 Timepoint  2
 Timepoint  3
 Node  6  has no parent 
 USC nodes  []
 Node with minimum mutation sets  {1: 3, 2: 10}
0   1   [-1]   subclone   []   []
1   2   [0]   subclone   [0, 1, 2, 3, 4, 5, 6, 7, 20, 21, 23]   [11]
2   2   [0]   subclone   [8, 9, 10, 11, 12, 13, 14, 15, 16, 17, 18, 19]   [12]
3   3   [1]   subclone   [0, 1, 2, 3, 4, 5, 6, 7, 20, 21, 23]   [0]
4   3   [2]   subclone   [8, 9, 10, 11, 12, 13, 14, 15, 16, 17, 18, 19]   [0]
5   3   [1]   subclone   [0, 1, 2, 3, 4, 5, 6, 7, 20, 21, 22, 23, 24, 25, 26, 27, 28, 29, 30]   [8]
6   3   [1]   subclone   [0, 1, 2, 3, 4, 6, 7, 10, 18, 23, 28, 32, 34, 35, 36, 37, 38, 39, 40, 41, 42]   [13]
7   3   [2]   subclone   [8, 9, 10, 11, 12, 13, 14, 15, 16, 17, 18, 19, 43, 44, 45, 46, 47, 48, 49]   [7]
7
 Total estimated FP  162  True negatives  15971
 Total estimated FN  1565  True positives  6302
 Estimated FP rate  0.02506
 Estimated FN rate  0.09
 No. of Cells in each cluster  {'1_2': 3, '1_3': 8, '0_2': 97, '0_3': 121, '4_3': 8, '3_3': 1, '5_3': 1, '2_3': 361}
 Cells in each cluster  {'1_2': [0, 1, 2], '1_3': [100, 101, 102, 103, 112, 113, 114, 115], '0_2': [3, 4, 5, 6, 7, 8, 9, 10, 11, 12, 13, 14, 15, 16, 17, 18, 19, 20, 21, 22, 23, 24, 25, 26, 27, 28, 29, 30, 31, 32, 33, 34, 35, 36, 37, 38, 39, 40, 41, 42, 43, 44, 45, 46, 47, 48, 49, 50, 51, 52, 53, 54, 55, 56, 57, 58, 59, 60, 61, 62, 63, 64, 65, 66, 67, 68, 69, 70, 71, 72, 73, 74, 75, 76, 77, 78, 79, 80, 81, 82, 83, 84, 85, 86, 87, 88, 89, 90, 91, 92, 93, 94, 95, 96, 97, 98, 99], '0_3': [117, 118, 119, 120, 121, 122, 123, 124, 125, 126, 127, 128, 129, 130, 131, 132, 133, 134, 135, 136, 137, 138, 139, 140, 141, 142, 143, 144, 145, 146, 147, 148, 149, 150, 151, 152, 153, 154, 155, 156, 157, 158, 159, 160, 161, 162, 163, 164, 165, 166, 167, 168, 169, 170, 171, 172, 173, 174, 175, 176, 177, 178, 179, 180, 181, 182, 183, 184, 185, 186, 187, 188, 189, 190, 191, 192, 193, 194, 195, 196, 197, 198, 199, 200, 201, 202, 203, 204, 205, 206, 207, 208, 209, 210, 211, 212, 213, 214, 215, 216, 217, 218, 219, 220, 221, 222, 223, 224, 225, 226, 227, 228, 229, 230, 231, 232, 233, 234, 235, 259, 499], '4_3': [104, 105, 106, 107, 108, 109, 110, 111], '3_3': [116], '5_3': [324], '2_3': [241, 289, 400, 422, 566, 236, 237, 238, 239, 240, 242, 243, 244, 245, 246, 247, 248, 249, 250, 251, 252, 253, 254, 255, 256, 257, 258, 260, 261, 262, 263, 264, 265, 266, 267, 268, 269, 270, 271, 272, 273, 274, 275, 276, 277, 278, 279, 280, 281, 282, 283, 284, 285, 286, 287, 288, 290, 291, 292, 293, 294, 295, 296, 297, 298, 299, 300, 301, 302, 303, 304, 305, 306, 307, 308, 309, 310, 311, 312, 313, 314, 315, 316, 317, 318, 319, 320, 321, 322, 323, 325, 326, 327, 328, 329, 330, 331, 332, 333, 334, 335, 336, 337, 338, 339, 340, 341, 342, 343, 344, 345, 346, 347, 348, 349, 350, 351, 352, 353, 354, 355, 356, 357, 358, 359, 360, 361, 362, 363, 364, 365, 366, 367, 368, 369, 370, 371, 372, 373, 374, 375, 376, 377, 378, 379, 380, 381, 382, 383, 384, 385, 386, 387, 388, 389, 390, 391, 392, 393, 394, 395, 396, 397, 398, 399, 401, 402, 403, 404, 405, 406, 407, 408, 409, 410, 411, 412, 413, 414, 415, 416, 417, 418, 419, 420, 421, 423, 424, 425, 426, 427, 428, 429, 430, 431, 432, 433, 434, 435, 436, 437, 438, 439, 440, 441, 442, 443, 444, 445, 446, 447, 448, 449, 450, 451, 452, 453, 454, 455, 456, 457, 458, 459, 460, 461, 462, 463, 464, 465, 466, 467, 468, 469, 470, 471, 472, 473, 474, 475, 476, 477, 478, 479, 480, 481, 482, 483, 484, 485, 486, 487, 488, 489, 490, 491, 492, 493, 494, 495, 496, 497, 498, 500, 501, 502, 503, 504, 505, 506, 507, 508, 509, 510, 511, 512, 513, 514, 515, 516, 517, 518, 519, 520, 521, 522, 523, 524, 525, 526, 527, 528, 529, 530, 531, 532, 533, 534, 535, 536, 537, 538, 539, 540, 541, 542, 543, 544, 545, 546, 547, 548, 549, 550, 551, 552, 553, 554, 555, 556, 557, 558, 559, 560, 561, 562, 563, 564, 565, 567, 568, 569, 570, 571, 572, 573, 574, 575, 576, 577, 578, 579, 580, 581, 582, 583, 584, 585, 586, 587, 588, 589, 590, 591, 592, 593, 594, 595, 596, 597, 598, 599]}
FP rate  0.02506 FN rate  0.09
 Before reassigning cells 
 Timepoint  2
 Cluster  1  # of cells  3
 Cluster  0  # of cells  97
 Timepoint  3
 Cluster  1  # of cells  8
 Cluster  0  # of cells  123
 Cluster  4  # of cells  8
 Cluster  3  # of cells  1
 Cluster  5  # of cells  3
 Cluster  2  # of cells  356
 Cells absent at timepoint  3   {120}
 Missing cell prob  {'2': 1.4503958168854128e-09, '4': 4.0609423039950115e-25, '3': 3.7487928217075017e-26, '5': 0.00021635325657937978, '1': 7.10844285783661e-18, '0': 0.00021635325657937973}
 Cells absent at timepoint  2   set()
 Timepoint  2
 Timepoint  3
 After reassigning and merging cells 
 Timepoint  2
 Cluster  1  # of cells  3
 Cluster  0  # of cells  97
 Timepoint  3
 Cluster  1  # of cells  8
 Cluster  0  # of cells  123
 Cluster  4  # of cells  8
 Cluster  3  # of cells  1
 Cluster  5  # of cells  4
 Cluster  2  # of cells  356
 Tp cluster cell dict  {'1_2': 3, '0_2': 97, '1_3': 8, '0_3': 123, '4_3': 8, '3_3': 1, '5_3': 4, '2_3': 356}
 New Graph is here 
 ID  0  Timepoint  1  Mutations  []  Type  subclone
 ID  1  Timepoint  2  Mutations  [0, 1, 2, 3, 4, 5, 6, 7, 20, 21, 23]  Type  subclone
 ID  2  Timepoint  2  Mutations  [8, 9, 10, 11, 12, 13, 14, 15, 16, 17, 18, 19]  Type  subclone
 ID  3  Timepoint  3  Mutations  [0, 1, 2, 3, 4, 5, 6, 7, 20, 21, 23]  Type  subclone
 ID  4  Timepoint  3  Mutations  [8, 9, 10, 11, 12, 13, 14, 15, 16, 17, 18, 19]  Type  subclone
 ID  5  Timepoint  3  Mutations  [0, 1, 2, 3, 4, 5, 6, 7, 20, 21, 22, 23, 24, 25, 26, 27, 28, 29, 30]  Type  subclone
 ID  6  Timepoint  3  Mutations  [0, 2, 3, 4, 6, 7, 18, 23, 24, 28, 32, 35, 37, 38, 39, 40, 41, 42, 44]  Type  subclone
 ID  7  Timepoint  3  Mutations  [8, 9, 10, 11, 12, 13, 14, 15, 16, 17, 18, 19, 44, 45]  Type  subclone
 ID  8  Timepoint  3  Mutations  [8, 9, 10, 11, 12, 13, 14, 15, 16, 17, 18, 19, 43, 44, 45, 46, 47, 48, 49]  Type  subclone
Timepoints  SortedDict({1: [0], 2: [1, 2], 3: [3, 4, 5, 6, 7, 8]})
 Clone to nodes  {'1_2': 1, '0_2': 2, '1_3': 3, '0_3': 4, '4_3': 5, '3_3': 6, '5_3': 7, '2_3': 8}
 Timepoint ====  1
 Hash table  {'0': [0, 1, 2, 3, 4, 5, 6, 7, 20, 21, 23], '1': [8, 9, 10, 11, 12, 13, 14, 15, 16, 17, 18, 19]}
 Final possible usc  [[0, 1, 2, 3, 4, 5, 6, 7, 20, 21, 23], [8, 9, 10, 11, 12, 13, 14, 15, 16, 17, 18, 19]]
 Time  1  USC keys  {'0,1,2,3,4,5,6,7,20,21,23_0', '8,9,10,11,12,13,14,15,16,17,18,19_0'}
 USC children  {'0,1,2,3,4,5,6,7,20,21,23_0': [1], '8,9,10,11,12,13,14,15,16,17,18,19_0': [2]}
 USC children  {'0,1,2,3,4,5,6,7,20,21,23_0': [1], '8,9,10,11,12,13,14,15,16,17,18,19_0': [2]}
 Timepoint ====  2
 Hash table  {'0,1': [0, 2, 3, 4, 6, 7, 23, 24, 28], '0': [1, 5, 20, 21, 22, 25, 26, 27, 29, 30], '1,2,3': [18, 44], '1': [32, 35, 37, 38, 39, 40, 41, 42], '2,3': [8, 9, 10, 11, 12, 13, 14, 15, 16, 17, 19, 45], '3': [43, 46, 47, 48, 49]}
====== Inside find superset of t nodes ==========
 Final possible usc  []
 Time  2  USC keys  set()
 USC children  {'0,1,2,3,4,5,6,7,20,21,23_0': [1], '8,9,10,11,12,13,14,15,16,17,18,19_0': [2]}
 USC children  {'0,1,2,3,4,5,6,7,20,21,23_0': [1], '8,9,10,11,12,13,14,15,16,17,18,19_0': [2]}
 Node s  {'1': ['0', '1', '2', '3', '4', '5', '6', '7', '20', '21', '23'], '2': ['8', '9', '10', '11', '12', '13', '14', '15', '16', '17', '18', '19']}
 Enroll USC nodes  ['1']  len  1
 Enroll USC nodes  ['2']  len  1
 Node TP  SortedDict({1: [0], 2: [1, 2], 3: [3, 4, 5, 6, 7, 8]})
 Unobserved subclones at timepoints  {}
 ============== Inside finding node v ============ 
 Time  2
 largest_v_mut  [[]]
 largest_v_mut  [[]]
 Time  3
 largest_v_mut  [[0, 1, 2, 3, 4, 5, 6, 7, 20, 21, 23]]
 largest_v_mut  []
 largest_v_mut  [[8, 9, 10, 11, 12, 13, 14, 15, 16, 17, 18, 19]]
 largest_v_mut  [[8, 9, 10, 11, 12, 13, 14, 15, 16, 17, 18, 19]]
 Sorted all timepoints  [1, 2, 3]
 Timepoint  2
 Timepoint  3
 Node  6  has no parent 
 USC nodes  []
 Node with minimum mutation sets  {1: 4, 2: 11}
0   1   [-1]   subclone   []   []
1   2   [0]   subclone   [0, 1, 2, 3, 4, 5, 6, 7, 20, 21, 23]   [11]
2   2   [0]   subclone   [8, 9, 10, 11, 12, 13, 14, 15, 16, 17, 18, 19]   [12]
3   3   [1]   subclone   [0, 1, 2, 3, 4, 5, 6, 7, 20, 21, 23]   [0]
4   3   [2]   subclone   [8, 9, 10, 11, 12, 13, 14, 15, 16, 17, 18, 19]   [0]
5   3   [1]   subclone   [0, 1, 2, 3, 4, 5, 6, 7, 20, 21, 22, 23, 24, 25, 26, 27, 28, 29, 30]   [8]
6   3   [1]   subclone   [0, 2, 3, 4, 6, 7, 18, 23, 24, 28, 32, 35, 37, 38, 39, 40, 41, 42, 44]   [12]
7   3   [2]   subclone   [8, 9, 10, 11, 12, 13, 14, 15, 16, 17, 18, 19, 44, 45]   [2]
8   3   [2]   subclone   [8, 9, 10, 11, 12, 13, 14, 15, 16, 17, 18, 19, 43, 44, 45, 46, 47, 48, 49]   [7]
7
 Total estimated FP  162  True negatives  15971
 Total estimated FN  1565  True positives  6302
 Estimated FP rate  0.02506
 Estimated FN rate  0.09
 No. of Cells in each cluster  {'1_2': 3, '1_3': 8, '6_2': 97, '6_3': 121, '4_3': 8, '3_3': 1, '5_3': 1, '2_3': 361}
 Cells in each cluster  {'1_2': [0, 1, 2], '1_3': [100, 101, 102, 103, 112, 113, 114, 115], '6_2': [3, 4, 5, 6, 7, 8, 9, 10, 11, 12, 13, 14, 15, 16, 17, 18, 19, 20, 21, 22, 23, 24, 25, 26, 27, 28, 29, 30, 31, 32, 33, 34, 35, 36, 37, 38, 39, 40, 41, 42, 43, 44, 45, 46, 47, 48, 49, 50, 51, 52, 53, 54, 55, 56, 57, 58, 59, 60, 61, 62, 63, 64, 65, 66, 67, 68, 69, 70, 71, 72, 73, 74, 75, 76, 77, 78, 79, 80, 81, 82, 83, 84, 85, 86, 87, 88, 89, 90, 91, 92, 93, 94, 95, 96, 97, 98, 99], '6_3': [117, 118, 119, 120, 121, 122, 123, 124, 125, 126, 127, 128, 129, 130, 131, 132, 133, 134, 135, 136, 137, 138, 139, 140, 141, 142, 143, 144, 145, 146, 147, 148, 149, 150, 151, 152, 153, 154, 155, 156, 157, 158, 159, 160, 161, 162, 163, 164, 165, 166, 167, 168, 169, 170, 171, 172, 173, 174, 175, 176, 177, 178, 179, 180, 181, 182, 183, 184, 185, 186, 187, 188, 189, 190, 191, 192, 193, 194, 195, 196, 197, 198, 199, 200, 201, 202, 203, 204, 205, 206, 207, 208, 209, 210, 211, 212, 213, 214, 215, 216, 217, 218, 219, 220, 221, 222, 223, 224, 225, 226, 227, 228, 229, 230, 231, 232, 233, 234, 235, 259, 499], '4_3': [104, 105, 106, 107, 108, 109, 110, 111], '3_3': [116], '5_3': [324], '2_3': [236, 237, 238, 240, 241, 242, 243, 244, 245, 247, 248, 249, 250, 251, 252, 253, 254, 255, 256, 257, 258, 260, 261, 262, 263, 264, 265, 266, 267, 268, 269, 270, 271, 272, 273, 274, 275, 276, 277, 278, 279, 280, 281, 282, 283, 284, 285, 286, 287, 288, 290, 291, 292, 293, 294, 295, 296, 297, 298, 299, 300, 301, 302, 303, 304, 305, 306, 307, 308, 309, 310, 311, 312, 313, 314, 315, 316, 317, 318, 319, 320, 321, 322, 323, 325, 326, 327, 328, 329, 330, 331, 332, 333, 334, 335, 336, 337, 338, 339, 340, 341, 342, 343, 344, 345, 346, 347, 348, 349, 350, 351, 352, 353, 354, 356, 357, 358, 359, 360, 361, 362, 363, 364, 365, 366, 367, 368, 369, 370, 371, 373, 374, 375, 376, 377, 378, 379, 380, 381, 382, 383, 384, 385, 386, 387, 388, 389, 390, 391, 392, 393, 394, 395, 396, 397, 398, 399, 400, 401, 402, 403, 404, 405, 406, 407, 408, 409, 410, 411, 412, 413, 414, 415, 416, 418, 419, 420, 421, 423, 424, 425, 426, 427, 428, 429, 430, 431, 432, 433, 434, 435, 436, 437, 438, 439, 440, 441, 442, 443, 444, 445, 446, 447, 449, 450, 451, 452, 453, 454, 455, 456, 457, 458, 459, 460, 461, 462, 463, 464, 465, 466, 467, 468, 469, 470, 471, 472, 473, 474, 475, 476, 477, 478, 479, 480, 481, 482, 483, 484, 485, 486, 487, 488, 490, 491, 492, 493, 494, 495, 496, 497, 498, 500, 501, 502, 503, 504, 505, 506, 507, 508, 509, 510, 511, 512, 513, 514, 515, 516, 517, 518, 519, 520, 521, 522, 523, 524, 525, 526, 527, 528, 529, 530, 531, 532, 533, 534, 535, 536, 537, 538, 539, 540, 541, 542, 543, 544, 545, 546, 547, 548, 549, 550, 551, 552, 553, 554, 555, 556, 557, 558, 559, 560, 561, 562, 563, 564, 565, 566, 567, 568, 569, 570, 571, 572, 573, 574, 575, 576, 577, 578, 579, 580, 581, 582, 583, 584, 585, 586, 587, 588, 589, 590, 591, 592, 593, 594, 595, 596, 597, 598, 599, 239, 246, 289, 355, 372, 417, 422, 448, 489]}
FP rate  0.02506 FN rate  0.09
 Before reassigning cells 
 Timepoint  2
 Cluster  1  # of cells  3
 Cluster  6  # of cells  97
 Timepoint  3
 Cluster  1  # of cells  8
 Cluster  6  # of cells  124
 Cluster  4  # of cells  8
 Cluster  3  # of cells  1
 Cluster  5  # of cells  4
 Cluster  2  # of cells  354
 Cells absent at timepoint  3   {120}
 Missing cell prob  {'3': 3.7487928217075017e-26, '1': 7.10844285783661e-18, '2': 1.4503958168854128e-09, '6': 0.00021635325657937973, '5': 0.00021635325657937978, '4': 4.0609423039950115e-25}
 Cells absent at timepoint  2   set()
 Timepoint  2
 Timepoint  3
SortedDict({2: {'1': ['0', '1', '2'], '6': ['3', '4', '5', '6', '7', '8', '9', '10', '11', '12', '13', '14', '15', '16', '17', '18', '19', '20', '21', '22', '23', '24', '25', '26', '27', '28', '29', '30', '31', '32', '33', '34', '35', '36', '37', '38', '39', '40', '41', '42', '43', '44', '45', '46', '47', '48', '49', '50', '51', '52', '53', '54', '55', '56', '57', '58', '59', '60', '61', '62', '63', '64', '65', '66', '67', '68', '69', '70', '71', '72', '73', '74', '75', '76', '77', '78', '79', '80', '81', '82', '83', '84', '85', '86', '87', '88', '89', '90', '91', '92', '93', '94', '95', '96', '97', '98', '99']}, 3: {'1': ['100', '101', '102', '103', '112', '113', '114', '115'], '6': ['117', '118', '119', '121', '122', '123', '124', '125', '126', '127', '128', '129', '130', '131', '132', '133', '134', '135', '136', '137', '138', '139', '140', '141', '142', '143', '144', '145', '146', '147', '148', '149', '150', '151', '152', '153', '154', '155', '156', '157', '158', '159', '160', '161', '162', '163', '164', '165', '166', '167', '168', '169', '170', '171', '172', '173', '174', '175', '176', '177', '178', '179', '180', '181', '182', '183', '184', '185', '186', '187', '188', '189', '190', '191', '192', '193', '194', '195', '196', '197', '198', '199', '200', '201', '202', '203', '204', '205', '206', '207', '208', '209', '210', '211', '212', '213', '214', '215', '216', '217', '218', '219', '220', '221', '222', '223', '224', '225', '226', '227', '228', '229', '230', '231', '232', '233', '234', '235', '259', '271', '290', '499', '555', '558'], '4': ['104', '105', '106', '107', '108', '109', '110', '111'], '3': ['116'], '5': ['278', '324', '338', '348', '120'], '2': ['236', '237', '238', '239', '240', '241', '242', '243', '244', '245', '246', '247', '248', '249', '250', '251', '252', '253', '254', '255', '256', '257', '258', '260', '261', '262', '263', '264', '265', '266', '267', '268', '269', '270', '272', '273', '274', '275', '276', '277', '279', '280', '281', '282', '283', '284', '285', '286', '287', '288', '289', '291', '292', '293', '294', '295', '296', '297', '298', '299', '300', '301', '302', '303', '304', '305', '306', '307', '308', '309', '310', '311', '312', '313', '314', '315', '316', '317', '318', '319', '320', '321', '322', '323', '325', '326', '327', '328', '329', '330', '331', '332', '333', '334', '335', '336', '337', '339', '340', '341', '342', '343', '344', '345', '346', '347', '349', '350', '351', '352', '353', '354', '355', '356', '357', '358', '359', '360', '361', '362', '363', '364', '365', '366', '367', '368', '369', '370', '371', '372', '373', '374', '375', '376', '377', '378', '379', '380', '381', '382', '383', '384', '385', '386', '387', '388', '389', '390', '391', '392', '393', '394', '395', '396', '397', '398', '399', '400', '401', '402', '403', '404', '405', '406', '407', '408', '409', '410', '411', '412', '413', '414', '415', '416', '417', '418', '419', '420', '421', '422', '423', '424', '425', '426', '427', '428', '429', '430', '431', '432', '433', '434', '435', '436', '437', '438', '439', '440', '441', '442', '443', '444', '445', '446', '447', '448', '449', '450', '451', '452', '453', '454', '455', '456', '457', '458', '459', '460', '461', '462', '463', '464', '465', '466', '467', '468', '469', '470', '471', '472', '473', '474', '475', '476', '477', '478', '479', '480', '481', '482', '483', '484', '485', '486', '487', '488', '489', '490', '491', '492', '493', '494', '495', '496', '497', '498', '500', '501', '502', '503', '504', '505', '506', '507', '508', '509', '510', '511', '512', '513', '514', '515', '516', '517', '518', '519', '520', '521', '522', '523', '524', '525', '526', '527', '528', '529', '530', '531', '532', '533', '534', '535', '536', '537', '538', '539', '540', '541', '542', '543', '544', '545', '546', '547', '548', '549', '550', '551', '552', '553', '554', '556', '557', '559', '560', '561', '562', '563', '564', '565', '566', '567', '568', '569', '570', '571', '572', '573', '574', '575', '576', '577', '578', '579', '580', '581', '582', '583', '584', '585', '586', '587', '588', '589', '590', '591', '592', '593', '594', '595', '596', '597', '598', '599']}})
 Cluster1  5
 Cluster to drop  2
 After reassigning and merging cells 
 Timepoint  2
 Cluster  1  # of cells  3
 Cluster  6  # of cells  97
 Timepoint  3
 Cluster  1  # of cells  8
 Cluster  6  # of cells  124
 Cluster  4  # of cells  8
 Cluster  3  # of cells  1
 Cluster  5  # of cells  359
 Tp cluster cell dict  {'1_2': 3, '6_2': 97, '1_3': 8, '6_3': 124, '4_3': 8, '3_3': 1, '5_3': 359}
 New Graph is here 
 ID  0  Timepoint  1  Mutations  []  Type  subclone
 ID  1  Timepoint  2  Mutations  [0, 1, 2, 3, 4, 5, 6, 7, 20, 21, 23]  Type  subclone
 ID  2  Timepoint  2  Mutations  [8, 9, 10, 11, 12, 13, 14, 15, 16, 17, 18, 19]  Type  subclone
 ID  3  Timepoint  3  Mutations  [0, 1, 2, 3, 4, 5, 6, 7, 20, 21, 23]  Type  subclone
 ID  4  Timepoint  3  Mutations  [8, 9, 10, 11, 12, 13, 14, 15, 16, 17, 18, 19]  Type  subclone
 ID  5  Timepoint  3  Mutations  [0, 1, 2, 3, 4, 5, 6, 7, 20, 21, 22, 23, 24, 25, 26, 27, 28, 29, 30]  Type  subclone
 ID  6  Timepoint  3  Mutations  [0, 1, 2, 3, 4, 6, 7, 23, 24, 28, 32, 35, 37, 38, 39, 40, 41, 42, 44]  Type  subclone
 ID  7  Timepoint  3  Mutations  [8, 9, 10, 11, 12, 13, 14, 15, 16, 17, 18, 19, 43, 44, 45, 46, 47, 48, 49]  Type  subclone
Timepoints  SortedDict({1: [0], 2: [1, 2], 3: [3, 4, 5, 6, 7]})
 Clone to nodes  {'1_2': 1, '6_2': 2, '1_3': 3, '6_3': 4, '4_3': 5, '3_3': 6, '5_3': 7}
 Timepoint ====  1
 Hash table  {'0': [0, 1, 2, 3, 4, 5, 6, 7, 20, 21, 23], '1': [8, 9, 10, 11, 12, 13, 14, 15, 16, 17, 18, 19]}
 Final possible usc  [[0, 1, 2, 3, 4, 5, 6, 7, 20, 21, 23], [8, 9, 10, 11, 12, 13, 14, 15, 16, 17, 18, 19]]
 Time  1  USC keys  {'8,9,10,11,12,13,14,15,16,17,18,19_0', '0,1,2,3,4,5,6,7,20,21,23_0'}
 USC children  {'0,1,2,3,4,5,6,7,20,21,23_0': [1], '8,9,10,11,12,13,14,15,16,17,18,19_0': [2]}
 USC children  {'0,1,2,3,4,5,6,7,20,21,23_0': [1], '8,9,10,11,12,13,14,15,16,17,18,19_0': [2]}
 Timepoint ====  2
 Hash table  {'0,1': [0, 1, 2, 3, 4, 6, 7, 23, 24, 28], '0': [5, 20, 21, 22, 25, 26, 27, 29, 30], '1': [32, 35, 37, 38, 39, 40, 41, 42], '1,2': [44], '2': [8, 9, 10, 11, 12, 13, 14, 15, 16, 17, 18, 19, 43, 45, 46, 47, 48, 49]}
====== Inside find superset of t nodes ==========
 Final possible usc  [[8, 9, 10, 11, 12, 13, 14, 15, 16, 17, 18, 19, 43, 45, 46, 47, 48, 49]]
 Time  2  USC keys  {'8,9,10,11,12,13,14,15,16,17,18,19,43,45,46,47,48,49_2'}
 USC children  {'0,1,2,3,4,5,6,7,20,21,23_0': [1], '8,9,10,11,12,13,14,15,16,17,18,19_0': [2], '8,9,10,11,12,13,14,15,16,17,18,19,43,45,46,47,48,49_2': [7]}
 USC children  {'0,1,2,3,4,5,6,7,20,21,23_0': [1], '8,9,10,11,12,13,14,15,16,17,18,19_0': [2], '8,9,10,11,12,13,14,15,16,17,18,19,43,45,46,47,48,49_2': [7]}
 Node s  {'1': ['0', '1', '2', '3', '4', '5', '6', '7', '20', '21', '23'], '2': ['8', '9', '10', '11', '12', '13', '14', '15', '16', '17', '18', '19'], '7': ['8', '9', '10', '11', '12', '13', '14', '15', '16', '17', '18', '19', '43', '45', '46', '47', '48', '49']}
 Enroll USC nodes  ['1']  len  1
 Enroll USC nodes  ['2']  len  1
 Enroll USC nodes  ['7']  len  1
 Node TP  SortedDict({1: [0], 2: [1, 2], 3: [3, 4, 5, 6, 7]})
 Unobserved subclones at timepoints  {}
 ============== Inside finding node v ============ 
 Time  2
 largest_v_mut  [[]]
 largest_v_mut  [[]]
 Time  3
 largest_v_mut  [[0, 1, 2, 3, 4, 5, 6, 7, 20, 21, 23]]
 largest_v_mut  []
 largest_v_mut  [[8, 9, 10, 11, 12, 13, 14, 15, 16, 17, 18, 19]]
 Sorted all timepoints  [1, 2, 3]
 Timepoint  2
 Timepoint  3
 Node  6  has no parent 
 USC nodes  []
 Node with minimum mutation sets  {1: 3, 2: 12}
0   1   [-1]   subclone   []   []
1   2   [0]   subclone   [0, 1, 2, 3, 4, 5, 6, 7, 20, 21, 23]   [11]
2   2   [0]   subclone   [8, 9, 10, 11, 12, 13, 14, 15, 16, 17, 18, 19]   [12]
3   3   [1]   subclone   [0, 1, 2, 3, 4, 5, 6, 7, 20, 21, 23]   [0]
4   3   [2]   subclone   [8, 9, 10, 11, 12, 13, 14, 15, 16, 17, 18, 19]   [0]
5   3   [1]   subclone   [0, 1, 2, 3, 4, 5, 6, 7, 20, 21, 22, 23, 24, 25, 26, 27, 28, 29, 30]   [8]
6   3   [1]   subclone   [0, 1, 2, 3, 4, 6, 7, 23, 24, 28, 32, 35, 37, 38, 39, 40, 41, 42, 44]   [11]
7   3   [2]   subclone   [8, 9, 10, 11, 12, 13, 14, 15, 16, 17, 18, 19, 43, 44, 45, 46, 47, 48, 49]   [7]
7
 Total estimated FP  162  True negatives  15971
 Total estimated FN  1565  True positives  6302
 Estimated FP rate  0.02506
 Estimated FN rate  0.09
 No. of Cells in each cluster  {'1_2': 3, '1_3': 8, '0_2': 97, '0_3': 121, '4_3': 8, '3_3': 1, '5_3': 1, '6_3': 361}
 Cells in each cluster  {'1_2': [0, 1, 2], '1_3': [100, 101, 102, 103, 112, 113, 114, 115], '0_2': [3, 4, 5, 6, 7, 8, 9, 10, 11, 12, 13, 14, 15, 16, 17, 18, 19, 20, 21, 22, 23, 24, 25, 26, 27, 28, 29, 30, 31, 32, 33, 34, 35, 36, 37, 38, 39, 40, 41, 42, 43, 44, 45, 46, 47, 48, 49, 50, 51, 52, 53, 54, 55, 56, 57, 58, 59, 60, 61, 62, 63, 64, 65, 66, 67, 68, 69, 70, 71, 72, 73, 74, 75, 76, 77, 78, 79, 80, 81, 82, 83, 84, 85, 86, 87, 88, 89, 90, 91, 92, 93, 94, 95, 96, 97, 98, 99], '0_3': [117, 118, 119, 120, 121, 122, 123, 124, 125, 126, 127, 128, 129, 130, 131, 132, 133, 134, 135, 136, 137, 138, 139, 140, 141, 142, 143, 144, 145, 146, 147, 148, 149, 150, 151, 152, 153, 154, 155, 156, 157, 158, 159, 160, 161, 162, 163, 164, 165, 166, 167, 168, 169, 170, 171, 172, 173, 174, 175, 176, 177, 178, 179, 180, 181, 182, 183, 184, 185, 186, 187, 188, 189, 190, 191, 192, 193, 194, 195, 196, 197, 198, 199, 200, 201, 202, 203, 204, 205, 206, 207, 208, 209, 210, 211, 212, 213, 214, 215, 216, 217, 218, 219, 220, 221, 222, 223, 224, 225, 226, 227, 228, 229, 230, 231, 232, 233, 234, 235, 259, 499], '4_3': [104, 105, 106, 107, 108, 109, 110, 111], '3_3': [116], '5_3': [324], '6_3': [236, 237, 238, 240, 242, 243, 244, 245, 247, 248, 249, 250, 251, 252, 253, 254, 255, 256, 257, 258, 260, 261, 262, 263, 264, 265, 266, 267, 268, 269, 270, 271, 272, 273, 274, 275, 276, 277, 278, 279, 280, 281, 282, 283, 284, 285, 286, 287, 288, 290, 291, 292, 293, 294, 295, 296, 297, 298, 299, 300, 301, 302, 303, 304, 305, 306, 307, 308, 309, 310, 311, 312, 313, 314, 315, 316, 317, 318, 319, 320, 321, 322, 323, 325, 326, 327, 328, 329, 330, 331, 332, 333, 334, 335, 336, 337, 338, 339, 340, 341, 342, 343, 344, 345, 346, 347, 348, 349, 350, 351, 352, 353, 354, 355, 356, 357, 358, 359, 360, 361, 362, 363, 364, 365, 366, 367, 368, 369, 370, 371, 373, 374, 375, 376, 377, 378, 379, 380, 381, 382, 383, 384, 385, 386, 387, 388, 389, 390, 391, 392, 393, 394, 395, 396, 397, 398, 399, 401, 402, 403, 404, 405, 406, 407, 408, 409, 410, 411, 412, 413, 414, 415, 416, 417, 418, 419, 420, 421, 423, 424, 425, 426, 427, 428, 429, 430, 431, 432, 433, 434, 435, 436, 437, 438, 439, 440, 441, 442, 443, 444, 445, 446, 447, 449, 450, 451, 452, 453, 454, 455, 456, 457, 458, 459, 460, 461, 462, 463, 464, 465, 466, 467, 468, 469, 470, 471, 472, 473, 474, 475, 476, 477, 478, 479, 480, 481, 482, 483, 484, 485, 486, 487, 488, 489, 490, 491, 492, 493, 494, 495, 496, 497, 498, 500, 501, 502, 503, 504, 505, 506, 507, 508, 509, 510, 511, 512, 513, 514, 515, 516, 517, 518, 519, 520, 521, 522, 523, 524, 525, 526, 527, 528, 529, 530, 531, 532, 533, 534, 535, 536, 537, 538, 539, 540, 541, 542, 543, 544, 545, 546, 547, 548, 549, 550, 551, 552, 553, 554, 555, 556, 557, 558, 559, 560, 561, 562, 563, 564, 565, 567, 568, 569, 570, 571, 572, 573, 574, 575, 576, 577, 578, 579, 580, 581, 582, 583, 584, 585, 586, 587, 588, 589, 590, 591, 592, 593, 594, 595, 596, 597, 598, 599, 239, 241, 246, 289, 372, 400, 422, 448, 566]}
FP rate  0.02506 FN rate  0.09
 Before reassigning cells 
 Timepoint  2
 Cluster  1  # of cells  3
 Cluster  0  # of cells  97
 Timepoint  3
 Cluster  1  # of cells  8
 Cluster  0  # of cells  124
 Cluster  4  # of cells  8
 Cluster  3  # of cells  1
 Cluster  5  # of cells  3
 Cluster  6  # of cells  355
 Cells absent at timepoint  2   set()
 Cells absent at timepoint  3   {120}
 Missing cell prob  {'0': 0.00021635325657937973, '3': 3.4606371053980264e-27, '6': 1.4503958168854128e-09, '4': 4.0609423039950115e-25, '5': 0.00021635325657937978, '1': 7.10844285783661e-18}
 Timepoint  2
 Timepoint  3
SortedDict({2: {'1': ['0', '1', '2'], '0': ['3', '4', '5', '6', '7', '8', '9', '10', '11', '12', '13', '14', '15', '16', '17', '18', '19', '20', '21', '22', '23', '24', '25', '26', '27', '28', '29', '30', '31', '32', '33', '34', '35', '36', '37', '38', '39', '40', '41', '42', '43', '44', '45', '46', '47', '48', '49', '50', '51', '52', '53', '54', '55', '56', '57', '58', '59', '60', '61', '62', '63', '64', '65', '66', '67', '68', '69', '70', '71', '72', '73', '74', '75', '76', '77', '78', '79', '80', '81', '82', '83', '84', '85', '86', '87', '88', '89', '90', '91', '92', '93', '94', '95', '96', '97', '98', '99']}, 3: {'1': ['100', '101', '102', '103', '112', '113', '114', '115'], '0': ['117', '118', '119', '121', '122', '123', '124', '125', '126', '127', '128', '129', '130', '131', '132', '133', '134', '135', '136', '137', '138', '139', '140', '141', '142', '143', '144', '145', '146', '147', '148', '149', '150', '151', '152', '153', '154', '155', '156', '157', '158', '159', '160', '161', '162', '163', '164', '165', '166', '167', '168', '169', '170', '171', '172', '173', '174', '175', '176', '177', '178', '179', '180', '181', '182', '183', '184', '185', '186', '187', '188', '189', '190', '191', '192', '193', '194', '195', '196', '197', '198', '199', '200', '201', '202', '203', '204', '205', '206', '207', '208', '209', '210', '211', '212', '213', '214', '215', '216', '217', '218', '219', '220', '221', '222', '223', '224', '225', '226', '227', '228', '229', '230', '231', '232', '233', '234', '235', '259', '271', '290', '499', '555', '558'], '4': ['104', '105', '106', '107', '108', '109', '110', '111'], '3': ['116'], '5': ['324', '338', '348', '120'], '6': ['236', '237', '238', '239', '240', '241', '242', '243', '244', '245', '246', '247', '248', '249', '250', '251', '252', '253', '254', '255', '256', '257', '258', '260', '261', '262', '263', '264', '265', '266', '267', '268', '269', '270', '272', '273', '274', '275', '276', '277', '278', '279', '280', '281', '282', '283', '284', '285', '286', '287', '288', '289', '291', '292', '293', '294', '295', '296', '297', '298', '299', '300', '301', '302', '303', '304', '305', '306', '307', '308', '309', '310', '311', '312', '313', '314', '315', '316', '317', '318', '319', '320', '321', '322', '323', '325', '326', '327', '328', '329', '330', '331', '332', '333', '334', '335', '336', '337', '339', '340', '341', '342', '343', '344', '345', '346', '347', '349', '350', '351', '352', '353', '354', '355', '356', '357', '358', '359', '360', '361', '362', '363', '364', '365', '366', '367', '368', '369', '370', '371', '372', '373', '374', '375', '376', '377', '378', '379', '380', '381', '382', '383', '384', '385', '386', '387', '388', '389', '390', '391', '392', '393', '394', '395', '396', '397', '398', '399', '400', '401', '402', '403', '404', '405', '406', '407', '408', '409', '410', '411', '412', '413', '414', '415', '416', '417', '418', '419', '420', '421', '422', '423', '424', '425', '426', '427', '428', '429', '430', '431', '432', '433', '434', '435', '436', '437', '438', '439', '440', '441', '442', '443', '444', '445', '446', '447', '448', '449', '450', '451', '452', '453', '454', '455', '456', '457', '458', '459', '460', '461', '462', '463', '464', '465', '466', '467', '468', '469', '470', '471', '472', '473', '474', '475', '476', '477', '478', '479', '480', '481', '482', '483', '484', '485', '486', '487', '488', '489', '490', '491', '492', '493', '494', '495', '496', '497', '498', '500', '501', '502', '503', '504', '505', '506', '507', '508', '509', '510', '511', '512', '513', '514', '515', '516', '517', '518', '519', '520', '521', '522', '523', '524', '525', '526', '527', '528', '529', '530', '531', '532', '533', '534', '535', '536', '537', '538', '539', '540', '541', '542', '543', '544', '545', '546', '547', '548', '549', '550', '551', '552', '553', '554', '556', '557', '559', '560', '561', '562', '563', '564', '565', '566', '567', '568', '569', '570', '571', '572', '573', '574', '575', '576', '577', '578', '579', '580', '581', '582', '583', '584', '585', '586', '587', '588', '589', '590', '591', '592', '593', '594', '595', '596', '597', '598', '599']}})
 Cluster1  5
 Cluster to drop  6
 After reassigning and merging cells 
 Timepoint  2
 Cluster  1  # of cells  3
 Cluster  0  # of cells  97
 Timepoint  3
 Cluster  1  # of cells  8
 Cluster  0  # of cells  124
 Cluster  4  # of cells  8
 Cluster  3  # of cells  1
 Cluster  5  # of cells  359
 Tp cluster cell dict  {'1_2': 3, '0_2': 97, '1_3': 8, '0_3': 124, '4_3': 8, '3_3': 1, '5_3': 359}
 New Graph is here 
 ID  0  Timepoint  1  Mutations  []  Type  subclone
 ID  1  Timepoint  2  Mutations  [0, 1, 2, 3, 4, 5, 6, 7, 20, 21, 23]  Type  subclone
 ID  2  Timepoint  2  Mutations  [8, 9, 10, 11, 12, 13, 14, 15, 16, 17, 18, 19]  Type  subclone
 ID  3  Timepoint  3  Mutations  [0, 1, 2, 3, 4, 5, 6, 7, 20, 21, 23]  Type  subclone
 ID  4  Timepoint  3  Mutations  [8, 9, 10, 11, 12, 13, 14, 15, 16, 17, 18, 19]  Type  subclone
 ID  5  Timepoint  3  Mutations  [0, 1, 2, 3, 4, 5, 6, 7, 20, 21, 22, 23, 24, 25, 26, 27, 28, 29, 30]  Type  subclone
 ID  6  Timepoint  3  Mutations  [0, 1, 2, 3, 4, 6, 7, 18, 24, 28, 32, 34, 35, 37, 38, 39, 40, 41, 42, 49]  Type  subclone
 ID  7  Timepoint  3  Mutations  [8, 9, 10, 11, 12, 13, 14, 15, 16, 17, 18, 19, 43, 44, 45, 46, 47, 48, 49]  Type  subclone
Timepoints  SortedDict({1: [0], 2: [1, 2], 3: [3, 4, 5, 6, 7]})
 Clone to nodes  {'1_2': 1, '0_2': 2, '1_3': 3, '0_3': 4, '4_3': 5, '3_3': 6, '5_3': 7}
 Timepoint ====  1
 Hash table  {'0': [0, 1, 2, 3, 4, 5, 6, 7, 20, 21, 23], '1': [8, 9, 10, 11, 12, 13, 14, 15, 16, 17, 18, 19]}
 Final possible usc  [[0, 1, 2, 3, 4, 5, 6, 7, 20, 21, 23], [8, 9, 10, 11, 12, 13, 14, 15, 16, 17, 18, 19]]
 Time  1  USC keys  {'0,1,2,3,4,5,6,7,20,21,23_0', '8,9,10,11,12,13,14,15,16,17,18,19_0'}
 USC children  {'0,1,2,3,4,5,6,7,20,21,23_0': [1], '8,9,10,11,12,13,14,15,16,17,18,19_0': [2]}
 USC children  {'0,1,2,3,4,5,6,7,20,21,23_0': [1], '8,9,10,11,12,13,14,15,16,17,18,19_0': [2]}
 Timepoint ====  2
 Hash table  {'0,1': [0, 1, 2, 3, 4, 6, 7, 24, 28], '0': [5, 20, 21, 22, 23, 25, 26, 27, 29, 30], '1,2': [18, 49], '1': [32, 34, 35, 37, 38, 39, 40, 41, 42], '2': [8, 9, 10, 11, 12, 13, 14, 15, 16, 17, 19, 43, 44, 45, 46, 47, 48]}
====== Inside find superset of t nodes ==========
 Final possible usc  []
 Time  2  USC keys  set()
 USC children  {'0,1,2,3,4,5,6,7,20,21,23_0': [1], '8,9,10,11,12,13,14,15,16,17,18,19_0': [2]}
 USC children  {'0,1,2,3,4,5,6,7,20,21,23_0': [1], '8,9,10,11,12,13,14,15,16,17,18,19_0': [2]}
 Node s  {'1': ['0', '1', '2', '3', '4', '5', '6', '7', '20', '21', '23'], '2': ['8', '9', '10', '11', '12', '13', '14', '15', '16', '17', '18', '19']}
 Enroll USC nodes  ['1']  len  1
 Enroll USC nodes  ['2']  len  1
 Node TP  SortedDict({1: [0], 2: [1, 2], 3: [3, 4, 5, 6, 7]})
 Unobserved subclones at timepoints  {}
 ============== Inside finding node v ============ 
 Time  2
 largest_v_mut  [[]]
 largest_v_mut  [[]]
 Time  3
 largest_v_mut  [[0, 1, 2, 3, 4, 5, 6, 7, 20, 21, 23]]
 largest_v_mut  []
 largest_v_mut  [[8, 9, 10, 11, 12, 13, 14, 15, 16, 17, 18, 19]]
 Sorted all timepoints  [1, 2, 3]
 Timepoint  2
 Timepoint  3
 Node  6  has no parent 
 USC nodes  []
 Node with minimum mutation sets  {1: 4, 2: 11}
0   1   [-1]   subclone   []   []
1   2   [0]   subclone   [0, 1, 2, 3, 4, 5, 6, 7, 20, 21, 23]   [11]
2   2   [0]   subclone   [8, 9, 10, 11, 12, 13, 14, 15, 16, 17, 18, 19]   [12]
3   3   [1]   subclone   [0, 1, 2, 3, 4, 5, 6, 7, 20, 21, 23]   [0]
4   3   [2]   subclone   [8, 9, 10, 11, 12, 13, 14, 15, 16, 17, 18, 19]   [0]
5   3   [1]   subclone   [0, 1, 2, 3, 4, 5, 6, 7, 20, 21, 22, 23, 24, 25, 26, 27, 28, 29, 30]   [8]
6   3   [1]   subclone   [0, 1, 2, 3, 4, 6, 7, 18, 24, 28, 32, 34, 35, 37, 38, 39, 40, 41, 42, 49]   [13]
7   3   [2]   subclone   [8, 9, 10, 11, 12, 13, 14, 15, 16, 17, 18, 19, 43, 44, 45, 46, 47, 48, 49]   [7]
6
 Total estimated FP  162  True negatives  15968
 Total estimated FN  1568  True positives  6302
 Estimated FP rate  0.02506
 Estimated FN rate  0.09
 No. of Cells in each cluster  {'5_2': 3, '5_3': 8, '2_2': 97, '2_3': 120, '3_3': 8, '4_3': 1, '1_3': 2, '0_3': 361}
 Cells in each cluster  {'5_2': [0, 1, 2], '5_3': [100, 101, 102, 103, 112, 113, 114, 115], '2_2': [3, 4, 5, 6, 7, 8, 9, 10, 11, 12, 13, 14, 15, 16, 17, 18, 19, 20, 21, 22, 23, 24, 25, 26, 27, 28, 29, 30, 31, 32, 33, 34, 35, 36, 37, 38, 39, 40, 41, 42, 43, 44, 45, 46, 47, 48, 49, 50, 51, 52, 53, 54, 55, 56, 57, 58, 59, 60, 61, 62, 63, 64, 65, 66, 67, 68, 69, 70, 71, 72, 73, 74, 75, 76, 77, 78, 79, 80, 81, 82, 83, 84, 85, 86, 87, 88, 89, 90, 91, 92, 93, 94, 95, 96, 97, 98, 99], '2_3': [117, 118, 119, 120, 121, 122, 123, 124, 125, 126, 127, 128, 129, 130, 131, 132, 133, 134, 135, 136, 137, 138, 139, 140, 141, 142, 143, 144, 145, 146, 147, 148, 149, 150, 151, 152, 153, 154, 155, 157, 158, 159, 160, 161, 162, 163, 164, 165, 166, 167, 168, 169, 170, 171, 172, 173, 174, 175, 176, 177, 178, 179, 180, 181, 182, 183, 184, 185, 186, 187, 188, 189, 190, 191, 192, 193, 194, 195, 196, 197, 198, 199, 200, 201, 202, 203, 204, 205, 206, 207, 208, 209, 210, 211, 212, 213, 214, 215, 216, 217, 218, 219, 220, 221, 222, 223, 224, 225, 226, 227, 228, 229, 230, 231, 232, 233, 234, 235, 259, 499], '3_3': [104, 105, 106, 107, 108, 109, 110, 111], '4_3': [116], '1_3': [156, 324], '0_3': [236, 237, 238, 239, 240, 241, 242, 243, 244, 245, 246, 247, 248, 249, 250, 251, 252, 253, 254, 255, 256, 257, 258, 260, 261, 262, 263, 264, 265, 266, 267, 268, 269, 270, 271, 272, 273, 274, 275, 276, 277, 278, 279, 280, 281, 282, 283, 284, 285, 286, 287, 288, 289, 290, 291, 292, 293, 294, 295, 296, 297, 298, 299, 300, 301, 302, 303, 304, 305, 306, 307, 308, 309, 310, 311, 312, 313, 314, 315, 316, 317, 318, 319, 320, 321, 322, 323, 325, 326, 327, 328, 329, 330, 331, 332, 333, 334, 335, 336, 337, 338, 339, 340, 341, 342, 343, 344, 345, 346, 347, 348, 349, 350, 351, 352, 353, 354, 355, 356, 357, 358, 359, 360, 361, 362, 363, 364, 365, 366, 367, 368, 369, 370, 371, 372, 373, 374, 375, 376, 377, 378, 379, 380, 381, 382, 383, 384, 385, 386, 387, 388, 389, 390, 391, 392, 393, 394, 395, 396, 397, 398, 399, 400, 401, 402, 403, 404, 405, 406, 407, 408, 409, 410, 411, 412, 413, 414, 415, 416, 417, 418, 419, 420, 421, 422, 423, 424, 425, 426, 427, 428, 429, 430, 431, 432, 433, 434, 435, 436, 437, 438, 439, 440, 441, 442, 443, 444, 445, 446, 447, 448, 449, 450, 451, 452, 453, 454, 455, 456, 457, 458, 459, 460, 461, 462, 463, 464, 465, 466, 467, 468, 469, 470, 471, 472, 473, 474, 475, 476, 477, 478, 479, 480, 481, 482, 483, 484, 485, 486, 487, 488, 489, 490, 491, 492, 493, 494, 495, 496, 497, 498, 500, 501, 502, 503, 504, 505, 506, 507, 508, 509, 510, 511, 512, 513, 514, 515, 516, 517, 518, 519, 520, 521, 522, 523, 524, 525, 526, 527, 528, 529, 530, 531, 532, 533, 534, 535, 536, 537, 538, 539, 540, 541, 542, 543, 544, 545, 546, 547, 548, 549, 550, 551, 552, 553, 554, 555, 556, 557, 558, 559, 560, 561, 562, 563, 564, 565, 566, 567, 568, 569, 570, 571, 572, 573, 574, 575, 576, 577, 578, 579, 580, 581, 582, 583, 584, 585, 586, 587, 588, 589, 590, 591, 592, 593, 594, 595, 596, 597, 598, 599]}
FP rate  0.02506 FN rate  0.09
 Before reassigning cells 
 Timepoint  2
 Cluster  5  # of cells  3
 Cluster  2  # of cells  97
 Timepoint  3
 Cluster  5  # of cells  8
 Cluster  2  # of cells  114
 Cluster  3  # of cells  8
 Cluster  4  # of cells  1
 Cluster  1  # of cells  11
 Cluster  0  # of cells  348
 Cells absent at timepoint  3   {228, 550, 167, 140, 206, 271, 565, 182, 153, 188}
 Missing cell prob  {'5': 5.290122960251427e-28, '4': 1.09743406018895e-33, '0': 1.0545589634052184e-06, '3': 3.0221645657511094e-35, '2': 3.6916173684601644e-05, '1': 3.6916173684601644e-05}
 Missing cell prob  {'5': 5.565574345734448e-28, '4': 1.3548568644308019e-31, '0': 1.2018505565074297e-05, '3': 3.1795256371380515e-35, '2': 1.158606488787422e-05, '1': 1.0695487311103042e-06}
 Missing cell prob  {'5': 2.929893527472865e-15, '4': 5.610856053632825e-22, '0': 2.003959066675092e-06, '3': 1.673802379771371e-22, '2': 0.027594997863580682, '1': 0.027594997863580682}
 Missing cell prob  {'5': 2.03018280347036e-18, '4': 4.562293205722791e-23, '0': 1.2818487172017722e-10, '3': 1.361000380683317e-23, '2': 0.0002071328834071437, '1': 0.0002071328834071436}
 Missing cell prob  {'5': 7.806157337554441e-25, '4': 6.90050784102702e-27, '0': 9.283582711295786e-10, '3': 4.459535681400076e-32, '2': 0.0015001265200289009, '1': 0.0015001265200289004}
 Missing cell prob  {'5': 4.593312483469839e-21, '4': 4.0604086540742064e-23, '0': 0.00019122739782826982, '3': 2.624087631094495e-28, '2': 0.0006179602623677785, '1': 0.0006179602623677785}
 Missing cell prob  {'5': 7.776214893302058e-26, '4': 2.2213778673702008e-27, '0': 1.3795055827695037e-05, '3': 4.100957010567806e-34, '2': 1.3298692677398121e-05, '1': 1.3298692677398127e-05}
 Missing cell prob  {'5': 1.4166245658194216e-20, '4': 8.092954734625914e-28, '0': 1.0887838458928621e-10, '3': 8.09295473462591e-28, '2': 0.000175935689118772, '1': 0.00017593568911877206}
 Missing cell prob  {'5': 1.2072132943307826e-22, '4': 1.1560141293247333e-23, '0': 1.3840373413623907e-07, '3': 6.89662087033371e-30, '2': 0.020645466743984466, '1': 0.020645466743984466}
 Missing cell prob  {'5': 3.2771812067913116e-23, '4': 2.0280944564972544e-29, '0': 1.2594739806397761e-07, '3': 1.872202403068421e-30, '2': 4.776066803534842e-05, '1': 4.776066803534841e-05}
 Cells absent at timepoint  2   set()
 Timepoint  2
 Timepoint  3
SortedDict({2: {'5': ['0', '1', '2'], '2': ['3', '4', '5', '6', '7', '8', '9', '10', '11', '12', '13', '14', '15', '16', '17', '18', '19', '20', '21', '22', '23', '24', '25', '26', '27', '28', '29', '30', '31', '32', '33', '34', '35', '36', '37', '38', '39', '40', '41', '42', '43', '44', '45', '46', '47', '48', '49', '50', '51', '52', '53', '54', '55', '56', '57', '58', '59', '60', '61', '62', '63', '64', '65', '66', '67', '68', '69', '70', '71', '72', '73', '74', '75', '76', '77', '78', '79', '80', '81', '82', '83', '84', '85', '86', '87', '88', '89', '90', '91', '92', '93', '94', '95', '96', '97', '98', '99']}, 3: {'5': ['100', '101', '102', '103', '112', '113', '114', '115'], '2': ['117', '118', '119', '120', '121', '122', '123', '124', '125', '126', '127', '128', '129', '130', '131', '132', '133', '134', '135', '136', '137', '138', '139', '141', '142', '143', '144', '145', '146', '147', '148', '149', '150', '151', '152', '154', '155', '157', '158', '159', '160', '161', '162', '163', '164', '165', '166', '168', '169', '170', '171', '172', '173', '174', '175', '176', '177', '178', '179', '180', '181', '183', '184', '185', '186', '187', '189', '190', '191', '193', '194', '195', '196', '197', '198', '199', '200', '201', '202', '203', '204', '205', '207', '208', '209', '210', '211', '212', '213', '214', '215', '216', '217', '218', '219', '220', '221', '222', '223', '224', '225', '226', '227', '230', '231', '232', '233', '234', '235', '259', '290', '499', '555', '558', '228', '167', '140', '206', '271', '153', '188'], '3': ['104', '105', '106', '107', '108', '109', '110', '111'], '4': ['116'], '1': ['156', '192', '229', '240', '278', '291', '324', '338', '396', '557', '591', '182'], '0': ['236', '237', '238', '239', '241', '242', '243', '244', '245', '246', '247', '248', '249', '250', '251', '252', '253', '254', '255', '256', '257', '258', '260', '261', '262', '263', '264', '265', '266', '267', '268', '269', '270', '272', '273', '274', '275', '276', '277', '279', '280', '281', '282', '283', '284', '285', '286', '287', '288', '289', '292', '293', '294', '295', '296', '297', '298', '299', '300', '301', '302', '303', '304', '305', '306', '307', '308', '309', '310', '311', '312', '313', '314', '315', '316', '317', '318', '319', '320', '321', '322', '323', '325', '326', '327', '328', '329', '330', '331', '332', '333', '334', '335', '336', '337', '339', '340', '341', '342', '343', '344', '345', '346', '347', '348', '349', '350', '351', '352', '353', '354', '355', '356', '357', '358', '359', '360', '361', '362', '363', '364', '365', '366', '367', '368', '369', '370', '371', '372', '373', '374', '375', '376', '377', '378', '379', '380', '381', '382', '383', '384', '385', '386', '387', '388', '389', '390', '391', '392', '393', '394', '395', '397', '398', '399', '400', '401', '402', '403', '404', '405', '406', '407', '408', '409', '410', '411', '412', '413', '414', '415', '416', '417', '418', '419', '420', '421', '422', '423', '424', '425', '426', '427', '428', '429', '430', '431', '432', '433', '434', '435', '436', '437', '438', '439', '440', '441', '442', '443', '444', '445', '446', '447', '448', '449', '450', '451', '452', '453', '454', '455', '456', '457', '458', '459', '460', '461', '462', '463', '464', '465', '466', '467', '468', '469', '470', '471', '472', '473', '474', '475', '476', '477', '478', '479', '480', '481', '482', '483', '484', '485', '486', '487', '488', '489', '490', '491', '492', '493', '494', '495', '496', '497', '498', '500', '501', '502', '503', '504', '505', '506', '507', '508', '509', '510', '511', '512', '513', '514', '515', '516', '517', '518', '519', '520', '521', '522', '523', '524', '525', '526', '527', '528', '529', '530', '531', '532', '533', '534', '535', '536', '537', '538', '539', '540', '541', '542', '543', '544', '545', '546', '547', '548', '549', '551', '552', '553', '554', '556', '559', '560', '561', '562', '563', '564', '566', '567', '568', '569', '570', '571', '572', '573', '574', '575', '576', '577', '578', '579', '580', '581', '582', '583', '584', '585', '586', '587', '588', '589', '590', '592', '593', '594', '595', '596', '597', '598', '599', '550', '565']}})
 Cluster1  1
 Cluster to drop  0
 After reassigning and merging cells 
 Timepoint  2
 Cluster  5  # of cells  3
 Cluster  2  # of cells  97
 Timepoint  3
 Cluster  5  # of cells  8
 Cluster  2  # of cells  121
 Cluster  3  # of cells  8
 Cluster  4  # of cells  1
 Cluster  1  # of cells  362
 Tp cluster cell dict  {'5_2': 3, '2_2': 97, '5_3': 8, '2_3': 121, '3_3': 8, '4_3': 1, '1_3': 362}
 New Graph is here 
 ID  0  Timepoint  1  Mutations  []  Type  subclone
 ID  1  Timepoint  2  Mutations  [0, 1, 2, 3, 4, 5, 6, 7, 20, 21, 23]  Type  subclone
 ID  2  Timepoint  2  Mutations  [8, 9, 10, 11, 12, 13, 14, 15, 16, 17, 18, 19]  Type  subclone
 ID  3  Timepoint  3  Mutations  [0, 1, 2, 3, 4, 5, 6, 7, 20, 21, 23]  Type  subclone
 ID  4  Timepoint  3  Mutations  [8, 9, 10, 11, 12, 13, 14, 15, 16, 17, 18, 19]  Type  subclone
 ID  5  Timepoint  3  Mutations  [0, 1, 2, 3, 4, 5, 6, 7, 20, 21, 22, 23, 24, 25, 26, 27, 28, 29, 30]  Type  subclone
 ID  6  Timepoint  3  Mutations  [0, 2, 3, 4, 6, 7, 10, 18, 28, 32, 34, 35, 37, 38, 39, 40, 41, 42]  Type  subclone
 ID  7  Timepoint  3  Mutations  [8, 9, 10, 11, 12, 13, 14, 15, 16, 17, 18, 19, 43, 44, 45, 46, 47, 48, 49]  Type  subclone
Timepoints  SortedDict({1: [0], 2: [1, 2], 3: [3, 4, 5, 6, 7]})
 Clone to nodes  {'5_2': 1, '2_2': 2, '5_3': 3, '2_3': 4, '3_3': 5, '4_3': 6, '1_3': 7}
 Timepoint ====  1
 Hash table  {'0': [0, 1, 2, 3, 4, 5, 6, 7, 20, 21, 23], '1': [8, 9, 10, 11, 12, 13, 14, 15, 16, 17, 18, 19]}
 Final possible usc  [[0, 1, 2, 3, 4, 5, 6, 7, 20, 21, 23], [8, 9, 10, 11, 12, 13, 14, 15, 16, 17, 18, 19]]
 Time  1  USC keys  {'0,1,2,3,4,5,6,7,20,21,23_0', '8,9,10,11,12,13,14,15,16,17,18,19_0'}
 USC children  {'0,1,2,3,4,5,6,7,20,21,23_0': [1], '8,9,10,11,12,13,14,15,16,17,18,19_0': [2]}
 USC children  {'0,1,2,3,4,5,6,7,20,21,23_0': [1], '8,9,10,11,12,13,14,15,16,17,18,19_0': [2]}
 Timepoint ====  2
 Hash table  {'0,1': [0, 2, 3, 4, 6, 7, 28], '0': [1, 5, 20, 21, 22, 23, 24, 25, 26, 27, 29, 30], '1,2': [10, 18], '1': [32, 34, 35, 37, 38, 39, 40, 41, 42], '2': [8, 9, 11, 12, 13, 14, 15, 16, 17, 19, 43, 44, 45, 46, 47, 48, 49]}
====== Inside find superset of t nodes ==========
 Final possible usc  []
 Time  2  USC keys  set()
 USC children  {'0,1,2,3,4,5,6,7,20,21,23_0': [1], '8,9,10,11,12,13,14,15,16,17,18,19_0': [2]}
 USC children  {'0,1,2,3,4,5,6,7,20,21,23_0': [1], '8,9,10,11,12,13,14,15,16,17,18,19_0': [2]}
 Node s  {'1': ['0', '1', '2', '3', '4', '5', '6', '7', '20', '21', '23'], '2': ['8', '9', '10', '11', '12', '13', '14', '15', '16', '17', '18', '19']}
 Enroll USC nodes  ['1']  len  1
 Enroll USC nodes  ['2']  len  1
 Node TP  SortedDict({1: [0], 2: [1, 2], 3: [3, 4, 5, 6, 7]})
 Unobserved subclones at timepoints  {}
 ============== Inside finding node v ============ 
 Time  2
 largest_v_mut  [[]]
 largest_v_mut  [[]]
 Time  3
 largest_v_mut  [[0, 1, 2, 3, 4, 5, 6, 7, 20, 21, 23]]
 largest_v_mut  []
 largest_v_mut  [[8, 9, 10, 11, 12, 13, 14, 15, 16, 17, 18, 19]]
 Sorted all timepoints  [1, 2, 3]
 Timepoint  2
 Timepoint  3
 Node  6  has no parent 
 USC nodes  []
 Node with minimum mutation sets  {1: 5, 2: 10}
0   1   [-1]   subclone   []   []
1   2   [0]   subclone   [0, 1, 2, 3, 4, 5, 6, 7, 20, 21, 23]   [11]
2   2   [0]   subclone   [8, 9, 10, 11, 12, 13, 14, 15, 16, 17, 18, 19]   [12]
3   3   [1]   subclone   [0, 1, 2, 3, 4, 5, 6, 7, 20, 21, 23]   [0]
4   3   [2]   subclone   [8, 9, 10, 11, 12, 13, 14, 15, 16, 17, 18, 19]   [0]
5   3   [1]   subclone   [0, 1, 2, 3, 4, 5, 6, 7, 20, 21, 22, 23, 24, 25, 26, 27, 28, 29, 30]   [8]
6   3   [1]   subclone   [0, 2, 3, 4, 6, 7, 10, 18, 28, 32, 34, 35, 37, 38, 39, 40, 41, 42]   [12]
7   3   [2]   subclone   [8, 9, 10, 11, 12, 13, 14, 15, 16, 17, 18, 19, 43, 44, 45, 46, 47, 48, 49]   [7]
 List of tree files  ['all_trees/sp05_rep5_m1_tree.csv', 'all_trees/sp05_rep5_m2_tree.csv', 'all_trees/sp05_rep5_m3_tree.csv', 'all_trees/sp05_rep5_m4_tree.csv', 'all_trees/sp05_rep5_m5_tree.csv']
{'1': ['0', '1', '2', '3', '4', '5', '6', '7', '20', '21', '23'], '2': ['8', '9', '10', '11', '12', '13', '14', '15', '16', '17', '18', '19'], '3': ['0', '1', '2', '3', '4', '5', '6', '7', '20', '21', '23'], '4': ['8', '9', '10', '11', '12', '13', '14', '15', '16', '17', '18', '19'], '5': ['0', '1', '2', '3', '4', '5', '6', '7', '20', '21', '22', '23', '24', '25', '26', '27', '28', '29', '30'], '6': ['0', '1', '2', '3', '4', '6', '7', '10', '18', '23', '28', '32', '34', '35', '36', '37', '38', '39', '40', '41', '42'], '7': ['8', '9', '10', '11', '12', '13', '14', '15', '16', '17', '18', '19', '43', '44', '45', '46', '47', '48', '49']}
 Actual mutation of  3   []
 Actual mutation of  4   []
 Actual mutation of  5   ['22', '25', '29', '24', '28', '26', '30', '27']
 Actual mutation of  6   ['41', '10', '18', '35', '36', '38', '39', '42', '28', '32', '40', '34', '37']
 Actual mutation of  7   ['45', '48', '46', '43', '44', '47', '49']
 Updated node mutation  {'1': ['0', '1', '2', '3', '4', '5', '6', '7', '20', '21', '23'], '2': ['8', '9', '10', '11', '12', '13', '14', '15', '16', '17', '18', '19'], '3': [], '4': [], '5': ['22', '25', '29', '24', '28', '26', '30', '27'], '6': ['41', '10', '18', '35', '36', '38', '39', '42', '28', '32', '40', '34', '37'], '7': ['45', '48', '46', '43', '44', '47', '49']}
{'1': ['0', '1', '2', '3', '4', '5', '6', '7', '20', '21', '23'], '2': ['8', '9', '10', '11', '12', '13', '14', '15', '16', '17', '18', '19'], '3': ['0', '1', '2', '3', '4', '5', '6', '7', '20', '21', '23'], '4': ['8', '9', '10', '11', '12', '13', '14', '15', '16', '17', '18', '19'], '5': ['0', '1', '2', '3', '4', '5', '6', '7', '20', '21', '22', '23', '24', '25', '26', '27', '28', '29', '30'], '6': ['0', '2', '3', '4', '6', '7', '18', '23', '24', '28', '32', '35', '37', '38', '39', '40', '41', '42', '44'], '7': ['8', '9', '10', '11', '12', '13', '14', '15', '16', '17', '18', '19', '44', '45'], '8': ['8', '9', '10', '11', '12', '13', '14', '15', '16', '17', '18', '19', '43', '44', '45', '46', '47', '48', '49']}
 Actual mutation of  3   []
 Actual mutation of  4   []
 Actual mutation of  5   ['22', '25', '29', '24', '28', '26', '30', '27']
 Actual mutation of  6   ['41', '18', '35', '38', '44', '24', '39', '42', '28', '32', '40', '37']
 Actual mutation of  7   ['44', '45']
 Actual mutation of  8   ['45', '48', '46', '43', '44', '47', '49']
 Updated node mutation  {'1': ['0', '1', '2', '3', '4', '5', '6', '7', '20', '21', '23'], '2': ['8', '9', '10', '11', '12', '13', '14', '15', '16', '17', '18', '19'], '3': [], '4': [], '5': ['22', '25', '29', '24', '28', '26', '30', '27'], '6': ['41', '18', '35', '38', '44', '24', '39', '42', '28', '32', '40', '37'], '7': ['44', '45'], '8': ['45', '48', '46', '43', '44', '47', '49']}
{'1': ['0', '1', '2', '3', '4', '5', '6', '7', '20', '21', '23'], '2': ['8', '9', '10', '11', '12', '13', '14', '15', '16', '17', '18', '19'], '3': ['0', '1', '2', '3', '4', '5', '6', '7', '20', '21', '23'], '4': ['8', '9', '10', '11', '12', '13', '14', '15', '16', '17', '18', '19'], '5': ['0', '1', '2', '3', '4', '5', '6', '7', '20', '21', '22', '23', '24', '25', '26', '27', '28', '29', '30'], '6': ['0', '1', '2', '3', '4', '6', '7', '23', '24', '28', '32', '35', '37', '38', '39', '40', '41', '42', '44'], '7': ['8', '9', '10', '11', '12', '13', '14', '15', '16', '17', '18', '19', '43', '44', '45', '46', '47', '48', '49']}
 Actual mutation of  3   []
 Actual mutation of  4   []
 Actual mutation of  5   ['22', '25', '29', '24', '28', '26', '30', '27']
 Actual mutation of  6   ['41', '35', '38', '44', '24', '39', '42', '28', '32', '40', '37']
 Actual mutation of  7   ['45', '48', '46', '43', '44', '47', '49']
 Updated node mutation  {'1': ['0', '1', '2', '3', '4', '5', '6', '7', '20', '21', '23'], '2': ['8', '9', '10', '11', '12', '13', '14', '15', '16', '17', '18', '19'], '3': [], '4': [], '5': ['22', '25', '29', '24', '28', '26', '30', '27'], '6': ['41', '35', '38', '44', '24', '39', '42', '28', '32', '40', '37'], '7': ['45', '48', '46', '43', '44', '47', '49']}
{'1': ['0', '1', '2', '3', '4', '5', '6', '7', '20', '21', '23'], '2': ['8', '9', '10', '11', '12', '13', '14', '15', '16', '17', '18', '19'], '3': ['0', '1', '2', '3', '4', '5', '6', '7', '20', '21', '23'], '4': ['8', '9', '10', '11', '12', '13', '14', '15', '16', '17', '18', '19'], '5': ['0', '1', '2', '3', '4', '5', '6', '7', '20', '21', '22', '23', '24', '25', '26', '27', '28', '29', '30'], '6': ['0', '1', '2', '3', '4', '6', '7', '18', '24', '28', '32', '34', '35', '37', '38', '39', '40', '41', '42', '49'], '7': ['8', '9', '10', '11', '12', '13', '14', '15', '16', '17', '18', '19', '43', '44', '45', '46', '47', '48', '49']}
 Actual mutation of  3   []
 Actual mutation of  4   []
 Actual mutation of  5   ['22', '25', '29', '24', '28', '26', '30', '27']
 Actual mutation of  6   ['41', '34', '18', '35', '38', '24', '39', '42', '28', '32', '40', '49', '37']
 Actual mutation of  7   ['45', '48', '46', '43', '44', '47', '49']
 Updated node mutation  {'1': ['0', '1', '2', '3', '4', '5', '6', '7', '20', '21', '23'], '2': ['8', '9', '10', '11', '12', '13', '14', '15', '16', '17', '18', '19'], '3': [], '4': [], '5': ['22', '25', '29', '24', '28', '26', '30', '27'], '6': ['41', '34', '18', '35', '38', '24', '39', '42', '28', '32', '40', '49', '37'], '7': ['45', '48', '46', '43', '44', '47', '49']}
{'1': ['0', '1', '2', '3', '4', '5', '6', '7', '20', '21', '23'], '2': ['8', '9', '10', '11', '12', '13', '14', '15', '16', '17', '18', '19'], '3': ['0', '1', '2', '3', '4', '5', '6', '7', '20', '21', '23'], '4': ['8', '9', '10', '11', '12', '13', '14', '15', '16', '17', '18', '19'], '5': ['0', '1', '2', '3', '4', '5', '6', '7', '20', '21', '22', '23', '24', '25', '26', '27', '28', '29', '30'], '6': ['0', '2', '3', '4', '6', '7', '10', '18', '28', '32', '34', '35', '37', '38', '39', '40', '41', '42'], '7': ['8', '9', '10', '11', '12', '13', '14', '15', '16', '17', '18', '19', '43', '44', '45', '46', '47', '48', '49']}
 Actual mutation of  3   []
 Actual mutation of  4   []
 Actual mutation of  5   ['22', '25', '29', '24', '28', '26', '30', '27']
 Actual mutation of  6   ['41', '10', '18', '35', '38', '39', '28', '32', '40', '42', '34', '37']
 Actual mutation of  7   ['45', '48', '46', '43', '44', '47', '49']
 Updated node mutation  {'1': ['0', '1', '2', '3', '4', '5', '6', '7', '20', '21', '23'], '2': ['8', '9', '10', '11', '12', '13', '14', '15', '16', '17', '18', '19'], '3': [], '4': [], '5': ['22', '25', '29', '24', '28', '26', '30', '27'], '6': ['41', '10', '18', '35', '38', '39', '28', '32', '40', '42', '34', '37'], '7': ['45', '48', '46', '43', '44', '47', '49']}
 Parallel mutation count  {'m1': 3, 'm2': 5, 'm3': 3, 'm4': 4, 'm5': 3}
 Clusters with least parallel mutations  ['m1', 'm3', 'm5']
 Cluster nos for each run  {'m1': 8, 'm3': 7, 'm5': 6}
 Run  m5
 Base path  ['sp05', 'rep5', 'm1', 'tree.csv']
 Best tree path  sp05_rep5_m5_tree.csv
