7
 Total estimated FP  10  True negatives  10429
 Total estimated FN  1633  True positives  6648
 Estimated FP rate  0.0015
 Estimated FN rate  0.14
 No. of Cells in each cluster  {'3_2': 43, '3_3': 39, '6_3': 172, '5_3': 1, '2_2': 57, '2_3': 288}
 Cells in each cluster  {'3_2': [0, 1, 2, 3, 4, 5, 6, 7, 8, 9, 10, 11, 12, 13, 14, 15, 16, 17, 18, 19, 20, 21, 22, 23, 24, 25, 26, 27, 28, 29, 30, 31, 32, 33, 34, 35, 36, 37, 38, 39, 40, 46, 64], '3_3': [111, 218, 269, 312, 341, 371, 390, 395, 396, 397, 398, 399, 400, 401, 402, 403, 404, 405, 406, 407, 408, 409, 410, 411, 412, 413, 414, 415, 416, 417, 418, 419, 420, 421, 422, 423, 424, 425, 426], '6_3': [427, 428, 429, 430, 431, 432, 433, 434, 435, 436, 437, 438, 439, 440, 441, 442, 443, 444, 445, 446, 447, 448, 449, 450, 451, 452, 453, 454, 455, 456, 457, 458, 459, 460, 461, 462, 463, 464, 465, 466, 467, 468, 469, 470, 472, 473, 474, 475, 476, 477, 478, 479, 480, 481, 482, 483, 484, 485, 486, 487, 488, 489, 490, 491, 492, 493, 494, 495, 496, 497, 498, 499, 500, 501, 502, 503, 504, 505, 506, 507, 508, 509, 510, 511, 512, 513, 514, 515, 516, 517, 518, 519, 520, 521, 522, 523, 524, 525, 526, 527, 528, 529, 530, 531, 532, 533, 534, 535, 536, 537, 538, 539, 540, 541, 542, 543, 544, 545, 546, 547, 548, 549, 550, 551, 552, 553, 554, 555, 556, 557, 558, 559, 560, 561, 562, 563, 564, 565, 566, 567, 568, 569, 570, 571, 572, 573, 574, 575, 576, 577, 578, 579, 580, 581, 582, 583, 584, 585, 586, 587, 588, 589, 590, 591, 592, 593, 594, 595, 596, 597, 598, 599], '5_3': [471], '2_2': [41, 42, 43, 44, 45, 47, 48, 49, 50, 51, 52, 53, 54, 55, 56, 57, 58, 59, 60, 61, 62, 65, 66, 67, 68, 69, 70, 71, 72, 73, 74, 75, 76, 77, 78, 79, 80, 81, 82, 83, 84, 85, 86, 87, 88, 89, 90, 91, 93, 94, 95, 96, 97, 98, 99, 63, 92], '2_3': [100, 101, 102, 103, 104, 105, 106, 107, 108, 109, 110, 113, 114, 115, 116, 117, 118, 119, 120, 121, 122, 123, 124, 125, 126, 127, 128, 129, 130, 131, 132, 133, 134, 135, 136, 137, 138, 139, 140, 141, 142, 143, 144, 145, 146, 147, 148, 149, 150, 151, 152, 154, 155, 156, 157, 159, 160, 161, 162, 163, 164, 165, 166, 167, 168, 169, 170, 172, 173, 174, 175, 176, 177, 178, 179, 180, 181, 182, 183, 184, 185, 186, 187, 188, 189, 190, 191, 192, 193, 194, 195, 196, 197, 198, 199, 200, 201, 202, 203, 204, 205, 206, 207, 208, 209, 210, 211, 212, 213, 214, 215, 216, 217, 219, 220, 221, 222, 223, 224, 225, 226, 227, 228, 229, 231, 232, 233, 234, 235, 236, 237, 238, 239, 240, 241, 242, 243, 244, 245, 246, 247, 248, 249, 250, 251, 252, 253, 254, 255, 256, 257, 258, 259, 260, 261, 262, 263, 264, 265, 266, 267, 268, 270, 271, 272, 273, 274, 275, 276, 277, 278, 279, 280, 281, 282, 283, 284, 285, 286, 287, 288, 289, 290, 291, 292, 293, 294, 295, 296, 297, 298, 299, 300, 301, 302, 303, 304, 305, 306, 307, 308, 309, 310, 311, 313, 314, 315, 316, 317, 318, 319, 320, 321, 322, 323, 324, 325, 326, 327, 328, 329, 330, 331, 332, 333, 334, 335, 336, 337, 338, 339, 342, 343, 344, 345, 346, 347, 348, 349, 350, 351, 352, 353, 354, 355, 356, 357, 358, 359, 360, 361, 362, 363, 364, 365, 366, 367, 368, 369, 370, 372, 373, 374, 375, 376, 377, 378, 379, 381, 382, 383, 384, 385, 386, 387, 388, 389, 391, 392, 393, 394, 153, 230, 380, 112, 340, 158, 171]}
FP rate  0.0015 FN rate  0.14
 Before reassigning cells 
 Timepoint  2
 Cluster  3  # of cells  43
 Cluster  2  # of cells  57
 Timepoint  3
 Cluster  3  # of cells  39
 Cluster  6  # of cells  172
 Cluster  5  # of cells  1
 Cluster  2  # of cells  286
 Cells absent at timepoint  3   {389, 350}
 Missing cell prob  {'2': 0.00494614714511761, '6': 5.268983002206614e-09, '5': 3.838519741489921e-22, '3': 0.00494614714511761}
 Missing cell prob  {'2': 0.25009175611163986, '6': 1.0296248300487037e-10, '5': 2.571986762600178e-28, '3': 0.25009175611163986}
 Cells absent at timepoint  2   set()
 Timepoint  2
 Timepoint  3
 After reassigning and merging cells 
 Timepoint  2
 Cluster  3  # of cells  43
 Cluster  2  # of cells  57
 Timepoint  3
 Cluster  3  # of cells  39
 Cluster  6  # of cells  172
 Cluster  5  # of cells  1
 Cluster  2  # of cells  288
 Tp cluster cell dict  {'3_2': 43, '2_2': 57, '3_3': 39, '6_3': 172, '5_3': 1, '2_3': 288}
 New Graph is here 
 ID  0  Timepoint  1  Mutations  []  Type  subclone
 ID  1  Timepoint  2  Mutations  [0, 1, 2, 3, 4, 5, 6, 7, 8, 9, 10]  Type  subclone
 ID  2  Timepoint  2  Mutations  [0, 1, 2, 3, 4, 5, 6, 7, 8, 9, 10, 21, 22, 23, 24]  Type  subclone
 ID  3  Timepoint  3  Mutations  [0, 1, 2, 3, 4, 5, 6, 7, 8, 9, 10]  Type  subclone
 ID  4  Timepoint  3  Mutations  [0, 1, 2, 3, 4, 5, 6, 7, 8, 9, 10, 25, 26, 27, 28, 29, 30, 31, 32, 33, 34, 35, 36, 37, 38]  Type  subclone
 ID  5  Timepoint  3  Mutations  [0, 6, 10, 14, 26, 27, 29, 30, 32, 33, 35, 37, 38]  Type  subclone
 ID  6  Timepoint  3  Mutations  [0, 1, 2, 3, 4, 5, 6, 7, 8, 9, 10, 21, 22, 23, 24]  Type  subclone
Timepoints  SortedDict({1: [0], 2: [1, 2], 3: [3, 4, 5, 6]})
 Clone to nodes  {'3_2': 1, '2_2': 2, '3_3': 3, '6_3': 4, '5_3': 5, '2_3': 6}
 Timepoint ====  1
 Hash table  {'0,1': [0, 1, 2, 3, 4, 5, 6, 7, 8, 9, 10], '1': [21, 22, 23, 24]}
 Final possible usc  [[0, 1, 2, 3, 4, 5, 6, 7, 8, 9, 10], [21, 22, 23, 24]]
 Time  1  USC keys  {'0,1,2,3,4,5,6,7,8,9,10_0', '21,22,23,24_0'}
 USC children  {'0,1,2,3,4,5,6,7,8,9,10_0': [1, 2], '21,22,23,24_0': [2]}
 USC children  {'0,1,2,3,4,5,6,7,8,9,10_0': [1, 2], '21,22,23,24_0': [2]}
 Timepoint ====  2
 Hash table  {'0,1': [0, 6, 10, 26, 27, 29, 30, 32, 33, 35, 37, 38], '0': [1, 2, 3, 4, 5, 7, 8, 9, 25, 28, 31, 34, 36], '1': [14]}
====== Inside find superset of t nodes ==========
 Final possible usc  []
 Time  2  USC keys  set()
 USC children  {'0,1,2,3,4,5,6,7,8,9,10_0': [1, 2], '21,22,23,24_0': [2]}
 USC children  {'0,1,2,3,4,5,6,7,8,9,10_0': [1, 2], '21,22,23,24_0': [2]}
 Node s  {'1,2': ['0', '1', '2', '3', '4', '5', '6', '7', '8', '9', '10']}
 Enroll USC nodes  ['1', '2']  len  2
 Node TP  SortedDict({1: [0], 2: [1, 2], 3: [3, 4, 5, 6]})
 Unobserved subclones at timepoints  {1.5: [7]}
 ============== Inside finding node v ============ 
 Time  2
 Time  3
 largest_v_mut  [[0, 1, 2, 3, 4, 5, 6, 7, 8, 9, 10]]
 largest_v_mut  []
 Sorted all timepoints  [1, 1.5, 2, 3]
 Timepoint  2
 Inside usc_node check  2
 Timepoint  3
 Node  5  has no parent 
 USC nodes  []
 Node with minimum mutation sets  {1: 8, 2: 12}
0   1   [-1]   subclone   []   []
1   2   [7]   subclone   [0, 1, 2, 3, 4, 5, 6, 7, 8, 9, 10]   [0]
2   2   [7]   subclone   [0, 1, 2, 3, 4, 5, 6, 7, 8, 9, 10, 21, 22, 23, 24]   [4]
3   3   [1]   subclone   [0, 1, 2, 3, 4, 5, 6, 7, 8, 9, 10]   [0]
4   3   [1]   subclone   [0, 1, 2, 3, 4, 5, 6, 7, 8, 9, 10, 25, 26, 27, 28, 29, 30, 31, 32, 33, 34, 35, 36, 37, 38]   [14]
5   3   [1]   subclone   [0, 6, 10, 14, 26, 27, 29, 30, 32, 33, 35, 37, 38]   [10]
6   3   [2]   subclone   [0, 1, 2, 3, 4, 5, 6, 7, 8, 9, 10, 21, 22, 23, 24]   [0]
7   1.5   [0]   unobserved subclone   [0, 1, 2, 3, 4, 5, 6, 7, 8, 9, 10]   [11]
6
 Total estimated FP  12  True negatives  10443
 Total estimated FN  1619  True positives  6646
 Estimated FP rate  0.0018
 Estimated FN rate  0.13
 No. of Cells in each cluster  {'2_2': 43, '2_3': 42, '4_3': 1, '3_3': 172, '5_3': 1, '1_2': 57, '1_3': 284}
 Cells in each cluster  {'2_2': [0, 1, 2, 3, 4, 5, 6, 7, 8, 9, 10, 11, 12, 13, 14, 15, 16, 17, 18, 19, 20, 21, 22, 23, 24, 25, 26, 27, 28, 29, 30, 31, 32, 33, 34, 35, 36, 37, 38, 39, 40, 46, 64], '2_3': [111, 158, 166, 171, 218, 269, 312, 341, 371, 390, 395, 396, 397, 398, 399, 400, 401, 402, 403, 404, 405, 406, 407, 408, 409, 410, 411, 412, 413, 414, 415, 416, 417, 418, 419, 420, 421, 422, 423, 424, 425, 426], '4_3': [380], '3_3': [427, 428, 429, 430, 431, 432, 433, 434, 435, 436, 437, 438, 439, 440, 441, 442, 443, 444, 445, 446, 447, 448, 449, 450, 451, 452, 453, 454, 455, 456, 457, 458, 459, 460, 461, 462, 463, 464, 465, 466, 467, 468, 469, 470, 472, 473, 474, 475, 476, 477, 478, 479, 480, 481, 482, 483, 484, 485, 486, 487, 488, 489, 490, 491, 492, 493, 494, 495, 496, 497, 498, 499, 500, 501, 502, 503, 504, 505, 506, 507, 508, 509, 510, 511, 512, 513, 514, 515, 516, 517, 518, 519, 520, 521, 522, 523, 524, 525, 526, 527, 528, 529, 530, 531, 532, 533, 534, 535, 536, 537, 538, 539, 540, 541, 542, 543, 544, 545, 546, 547, 548, 549, 550, 551, 552, 553, 554, 555, 556, 557, 558, 559, 560, 561, 562, 563, 564, 565, 566, 567, 568, 569, 570, 571, 572, 573, 574, 575, 576, 577, 578, 579, 580, 581, 582, 583, 584, 585, 586, 587, 588, 589, 590, 591, 592, 593, 594, 595, 596, 597, 598, 599], '5_3': [471], '1_2': [41, 42, 43, 44, 45, 47, 48, 49, 50, 51, 52, 53, 54, 55, 56, 57, 58, 59, 60, 61, 62, 65, 66, 67, 68, 69, 70, 71, 72, 73, 74, 75, 76, 77, 78, 79, 80, 81, 82, 83, 84, 85, 86, 87, 88, 89, 90, 91, 93, 94, 95, 96, 97, 98, 99, 63, 92], '1_3': [100, 101, 102, 103, 104, 105, 106, 107, 108, 109, 110, 113, 114, 115, 116, 117, 118, 119, 120, 121, 122, 123, 124, 125, 126, 127, 128, 129, 130, 131, 132, 133, 134, 135, 136, 137, 138, 139, 140, 141, 142, 143, 144, 145, 146, 147, 148, 149, 150, 151, 152, 154, 155, 156, 157, 159, 160, 161, 162, 163, 164, 165, 167, 168, 169, 170, 172, 173, 174, 175, 176, 177, 178, 179, 180, 181, 182, 183, 184, 185, 186, 187, 188, 189, 190, 191, 192, 193, 194, 195, 196, 197, 198, 199, 200, 201, 202, 203, 204, 205, 206, 207, 208, 209, 210, 211, 212, 213, 214, 215, 216, 217, 219, 220, 221, 222, 223, 224, 225, 226, 227, 228, 229, 231, 232, 233, 234, 235, 236, 237, 238, 239, 240, 241, 242, 243, 244, 245, 246, 247, 248, 249, 250, 251, 252, 253, 254, 255, 256, 257, 258, 259, 260, 261, 262, 263, 264, 265, 266, 267, 268, 270, 271, 272, 273, 274, 275, 276, 277, 278, 279, 280, 281, 282, 283, 284, 285, 286, 287, 288, 289, 290, 291, 292, 293, 294, 295, 296, 297, 298, 299, 300, 301, 302, 303, 304, 305, 306, 307, 308, 309, 310, 311, 313, 314, 315, 316, 317, 318, 319, 320, 321, 322, 323, 324, 325, 326, 327, 328, 329, 330, 331, 332, 333, 334, 335, 336, 337, 338, 339, 342, 343, 344, 345, 346, 347, 348, 349, 350, 351, 352, 353, 354, 355, 356, 357, 358, 359, 360, 361, 362, 363, 364, 365, 366, 367, 368, 369, 370, 372, 373, 374, 375, 376, 377, 378, 379, 381, 382, 383, 384, 385, 386, 387, 388, 389, 391, 392, 393, 394, 112, 153, 230, 340]}
FP rate  0.0018 FN rate  0.13
 Before reassigning cells 
 Timepoint  2
 Cluster  2  # of cells  43
 Cluster  1  # of cells  57
 Timepoint  3
 Cluster  2  # of cells  39
 Cluster  4  # of cells  2
 Cluster  3  # of cells  172
 Cluster  5  # of cells  1
 Cluster  1  # of cells  283
 Cells absent at timepoint  2   set()
 Cells absent at timepoint  3   {344, 389, 350}
 Missing cell prob  {'2': 1.2678304176029057e-05, '4': 9.734987098855537e-05, '3': 3.018357022267189e-16, '5': 1.9225625185631994e-23, '1': 0.00010393444185428113}
 Missing cell prob  {'2': 0.004713986452489529, '4': 5.43718204785942e-12, '3': 2.9954966449946677e-09, '5': 6.2713265978844955e-21, '1': 0.004713986452489529}
 Missing cell prob  {'2': 0.27593514493766874, '4': 3.182676979557805e-10, '3': 5.044181130594271e-11, '5': 6.285468493647127e-29, '1': 0.27593514493766874}
 Timepoint  2
 Timepoint  3
 After reassigning and merging cells 
 Timepoint  2
 Cluster  2  # of cells  43
 Cluster  1  # of cells  57
 Timepoint  3
 Cluster  2  # of cells  41
 Cluster  4  # of cells  2
 Cluster  3  # of cells  172
 Cluster  5  # of cells  1
 Cluster  1  # of cells  284
 Tp cluster cell dict  {'2_2': 43, '1_2': 57, '2_3': 41, '4_3': 2, '3_3': 172, '5_3': 1, '1_3': 284}
 New Graph is here 
 ID  0  Timepoint  1  Mutations  []  Type  subclone
 ID  1  Timepoint  2  Mutations  [0, 1, 2, 3, 4, 5, 6, 7, 8, 9, 10]  Type  subclone
 ID  2  Timepoint  2  Mutations  [0, 1, 2, 3, 4, 5, 6, 7, 8, 9, 10, 21, 22, 23, 24]  Type  subclone
 ID  3  Timepoint  3  Mutations  [0, 1, 2, 3, 4, 5, 6, 7, 8, 9, 10]  Type  subclone
 ID  4  Timepoint  3  Mutations  [0, 1, 2, 3, 4, 5, 6, 7, 8, 9, 10, 21, 22, 23, 24, 28]  Type  subclone
 ID  5  Timepoint  3  Mutations  [0, 1, 2, 3, 4, 5, 6, 7, 8, 9, 10, 25, 26, 27, 28, 29, 30, 31, 32, 33, 34, 35, 36, 37, 38]  Type  subclone
 ID  6  Timepoint  3  Mutations  [0, 6, 10, 18, 19, 25, 26, 27, 29, 30, 33, 35, 37, 38]  Type  subclone
 ID  7  Timepoint  3  Mutations  [0, 1, 2, 3, 4, 5, 6, 7, 8, 9, 10, 21, 22, 23, 24]  Type  subclone
Timepoints  SortedDict({1: [0], 2: [1, 2], 3: [3, 4, 5, 6, 7]})
 Clone to nodes  {'2_2': 1, '1_2': 2, '2_3': 3, '4_3': 4, '3_3': 5, '5_3': 6, '1_3': 7}
 Timepoint ====  1
 Hash table  {'0,1': [0, 1, 2, 3, 4, 5, 6, 7, 8, 9, 10], '1': [21, 22, 23, 24]}
 Final possible usc  [[0, 1, 2, 3, 4, 5, 6, 7, 8, 9, 10], [21, 22, 23, 24]]
 Time  1  USC keys  {'0,1,2,3,4,5,6,7,8,9,10_0', '21,22,23,24_0'}
 USC children  {'0,1,2,3,4,5,6,7,8,9,10_0': [1, 2], '21,22,23,24_0': [2]}
 USC children  {'0,1,2,3,4,5,6,7,8,9,10_0': [1, 2], '21,22,23,24_0': [2]}
 Timepoint ====  2
 Hash table  {'0,1,2': [0, 6, 10], '0,1': [1, 2, 3, 4, 5, 7, 8, 9, 28], '0': [21, 22, 23, 24], '1,2': [25, 26, 27, 29, 30, 33, 35, 37, 38], '1': [31, 32, 34, 36], '2': [18, 19]}
====== Inside find superset of t nodes ==========
 Final possible usc  []
 Time  2  USC keys  set()
 USC children  {'0,1,2,3,4,5,6,7,8,9,10_0': [1, 2], '21,22,23,24_0': [2]}
 USC children  {'0,1,2,3,4,5,6,7,8,9,10_0': [1, 2], '21,22,23,24_0': [2]}
 Node s  {'1,2': ['0', '1', '2', '3', '4', '5', '6', '7', '8', '9', '10']}
 Enroll USC nodes  ['1', '2']  len  2
 Node TP  SortedDict({1: [0], 2: [1, 2], 3: [3, 4, 5, 6, 7]})
 Unobserved subclones at timepoints  {1.5: [8]}
 ============== Inside finding node v ============ 
 Time  2
 Time  3
 largest_v_mut  [[0, 1, 2, 3, 4, 5, 6, 7, 8, 9, 10, 21, 22, 23, 24]]
 largest_v_mut  [[0, 1, 2, 3, 4, 5, 6, 7, 8, 9, 10]]
 largest_v_mut  []
 Sorted all timepoints  [1, 1.5, 2, 3]
 Timepoint  2
 Inside usc_node check  2
 Timepoint  3
 Node  6  has no parent 
 USC nodes  []
 Node with minimum mutation sets  {1: 8, 2: 12}
0   1   [-1]   subclone   []   []
1   2   [8]   subclone   [0, 1, 2, 3, 4, 5, 6, 7, 8, 9, 10]   [0]
2   2   [8]   subclone   [0, 1, 2, 3, 4, 5, 6, 7, 8, 9, 10, 21, 22, 23, 24]   [4]
3   3   [1]   subclone   [0, 1, 2, 3, 4, 5, 6, 7, 8, 9, 10]   [0]
4   3   [2]   subclone   [0, 1, 2, 3, 4, 5, 6, 7, 8, 9, 10, 21, 22, 23, 24, 28]   [1]
5   3   [1]   subclone   [0, 1, 2, 3, 4, 5, 6, 7, 8, 9, 10, 25, 26, 27, 28, 29, 30, 31, 32, 33, 34, 35, 36, 37, 38]   [14]
6   3   [1]   subclone   [0, 6, 10, 18, 19, 25, 26, 27, 29, 30, 33, 35, 37, 38]   [11]
7   3   [2]   subclone   [0, 1, 2, 3, 4, 5, 6, 7, 8, 9, 10, 21, 22, 23, 24]   [0]
8   1.5   [0]   unobserved subclone   [0, 1, 2, 3, 4, 5, 6, 7, 8, 9, 10]   [11]
5
 Total estimated FP  12  True negatives  10438
 Total estimated FN  1624  True positives  6646
 Estimated FP rate  0.0018
 Estimated FN rate  0.13
 No. of Cells in each cluster  {'2_2': 43, '2_3': 39, '0_2': 55, '0_3': 285, '1_2': 2, '1_3': 3, '3_3': 172, '4_3': 1}
 Cells in each cluster  {'2_2': [0, 1, 2, 3, 4, 5, 6, 7, 8, 9, 10, 11, 12, 13, 14, 15, 16, 17, 18, 19, 20, 21, 22, 23, 24, 25, 26, 27, 28, 29, 30, 31, 32, 33, 34, 35, 36, 37, 38, 39, 40, 46, 64], '2_3': [111, 218, 269, 312, 341, 371, 390, 395, 396, 397, 398, 399, 400, 401, 402, 403, 404, 405, 406, 407, 408, 409, 410, 411, 412, 413, 414, 415, 416, 417, 418, 419, 420, 421, 422, 423, 424, 425, 426], '0_2': [41, 42, 43, 44, 45, 47, 48, 49, 50, 51, 52, 53, 54, 55, 56, 57, 58, 59, 60, 61, 62, 65, 66, 67, 68, 69, 70, 71, 72, 73, 74, 75, 76, 77, 78, 79, 80, 81, 82, 83, 84, 85, 86, 87, 88, 89, 90, 91, 93, 94, 95, 96, 97, 98, 99], '0_3': [100, 101, 102, 103, 104, 105, 106, 107, 108, 109, 110, 112, 113, 114, 115, 116, 117, 118, 119, 120, 121, 122, 123, 124, 125, 126, 127, 128, 129, 130, 131, 132, 133, 134, 135, 136, 137, 138, 139, 140, 141, 142, 143, 144, 145, 146, 147, 148, 149, 150, 151, 152, 154, 155, 156, 157, 158, 159, 160, 161, 162, 163, 164, 165, 166, 167, 168, 169, 170, 171, 172, 173, 174, 175, 176, 177, 178, 179, 180, 181, 182, 183, 184, 185, 186, 187, 188, 189, 190, 191, 192, 193, 194, 195, 196, 197, 198, 199, 200, 201, 202, 203, 204, 205, 206, 207, 208, 209, 210, 211, 212, 213, 214, 215, 216, 217, 219, 220, 221, 222, 223, 224, 225, 226, 227, 228, 229, 231, 232, 233, 234, 235, 236, 237, 238, 239, 240, 241, 242, 243, 244, 245, 246, 247, 248, 249, 250, 251, 252, 253, 254, 255, 256, 257, 258, 259, 260, 261, 262, 263, 264, 265, 266, 267, 268, 270, 271, 272, 273, 274, 275, 276, 277, 278, 279, 280, 281, 282, 283, 284, 285, 286, 287, 288, 289, 290, 291, 292, 293, 294, 295, 296, 297, 298, 299, 300, 301, 302, 303, 304, 305, 306, 307, 308, 309, 310, 311, 313, 314, 315, 316, 317, 318, 319, 320, 321, 322, 323, 324, 325, 326, 327, 328, 329, 330, 331, 332, 333, 334, 335, 336, 337, 338, 339, 340, 342, 343, 344, 345, 346, 347, 348, 349, 350, 351, 352, 353, 354, 355, 356, 357, 358, 359, 360, 361, 362, 363, 364, 365, 366, 367, 368, 369, 370, 372, 373, 374, 375, 376, 377, 378, 379, 381, 382, 383, 384, 385, 386, 387, 388, 389, 391, 392, 393, 394], '1_2': [63, 92], '1_3': [153, 230, 380], '3_3': [427, 428, 429, 430, 431, 432, 433, 434, 435, 436, 437, 438, 439, 440, 441, 442, 443, 444, 445, 446, 447, 448, 449, 450, 451, 452, 453, 454, 455, 456, 457, 458, 459, 460, 461, 462, 463, 464, 465, 466, 467, 468, 469, 470, 472, 473, 474, 475, 476, 477, 478, 479, 480, 481, 482, 483, 484, 485, 486, 487, 488, 489, 490, 491, 492, 493, 494, 495, 496, 497, 498, 499, 500, 501, 502, 503, 504, 505, 506, 507, 508, 509, 510, 511, 512, 513, 514, 515, 516, 517, 518, 519, 520, 521, 522, 523, 524, 525, 526, 527, 528, 529, 530, 531, 532, 533, 534, 535, 536, 537, 538, 539, 540, 541, 542, 543, 544, 545, 546, 547, 548, 549, 550, 551, 552, 553, 554, 555, 556, 557, 558, 559, 560, 561, 562, 563, 564, 565, 566, 567, 568, 569, 570, 571, 572, 573, 574, 575, 576, 577, 578, 579, 580, 581, 582, 583, 584, 585, 586, 587, 588, 589, 590, 591, 592, 593, 594, 595, 596, 597, 598, 599], '4_3': [471]}
FP rate  0.0018 FN rate  0.13
 Before reassigning cells 
 Timepoint  2
 Cluster  2  # of cells  43
 Cluster  0  # of cells  54
 Cluster  1  # of cells  3
 Timepoint  3
 Cluster  2  # of cells  39
 Cluster  0  # of cells  284
 Cluster  1  # of cells  1
 Cluster  3  # of cells  172
 Cluster  4  # of cells  1
 Cells absent at timepoint  2   set()
 Cells absent at timepoint  3   {112, 389, 350}
 Missing cell prob  {'0': 1.1776182502223199e-05, '1': 1.4365019057392168e-06, '3': 2.01634143251968e-15, '4': 3.659899088042768e-18, '2': 1.1030124633145275e-05}
 Missing cell prob  {'0': 0.004713986452489529, '1': 4.17491932321021e-11, '3': 2.9954966449946677e-09, '4': 8.167425943948952e-22, '2': 0.004713986452489529}
 Missing cell prob  {'0': 0.27593514493766874, '1': 5.056150919354803e-12, '3': 5.044181130594271e-11, '4': 3.03797643859611e-26, '2': 0.27593514493766874}
 Timepoint  2
 Timepoint  3
 After reassigning and merging cells 
 Timepoint  2
 Cluster  2  # of cells  43
 Cluster  0  # of cells  54
 Cluster  1  # of cells  3
 Timepoint  3
 Cluster  2  # of cells  39
 Cluster  0  # of cells  287
 Cluster  1  # of cells  1
 Cluster  3  # of cells  172
 Cluster  4  # of cells  1
 Tp cluster cell dict  {'2_2': 43, '0_2': 54, '1_2': 3, '2_3': 39, '0_3': 287, '1_3': 1, '3_3': 172, '4_3': 1}
 New Graph is here 
 ID  0  Timepoint  1  Mutations  []  Type  subclone
 ID  1  Timepoint  2  Mutations  [0, 1, 2, 3, 4, 5, 6, 7, 8, 9, 10]  Type  subclone
 ID  2  Timepoint  2  Mutations  [0, 1, 2, 3, 4, 5, 6, 7, 8, 9, 10, 21, 22, 23, 24]  Type  subclone
 ID  3  Timepoint  2  Mutations  [0, 2, 5, 6, 7, 8, 9, 20, 22, 23, 24, 25]  Type  subclone
 ID  4  Timepoint  3  Mutations  [0, 1, 2, 3, 4, 5, 6, 7, 8, 9, 10]  Type  subclone
 ID  5  Timepoint  3  Mutations  [0, 1, 2, 3, 4, 5, 6, 7, 8, 9, 10, 21, 22, 23, 24]  Type  subclone
 ID  6  Timepoint  3  Mutations  [0, 2, 5, 6, 7, 8, 9, 20, 22, 23, 24, 25]  Type  subclone
 ID  7  Timepoint  3  Mutations  [0, 1, 2, 3, 4, 5, 6, 7, 8, 9, 10, 25, 26, 27, 28, 29, 30, 31, 32, 33, 34, 35, 36, 37, 38]  Type  subclone
 ID  8  Timepoint  3  Mutations  [0, 6, 7, 10, 14, 18, 19, 26, 27, 29, 30, 33, 35, 37]  Type  subclone
Timepoints  SortedDict({1: [0], 2: [1, 2, 3], 3: [4, 5, 6, 7, 8]})
 Clone to nodes  {'2_2': 1, '0_2': 2, '1_2': 3, '2_3': 4, '0_3': 5, '1_3': 6, '3_3': 7, '4_3': 8}
 Timepoint ====  1
 Hash table  {'0,1,2': [0, 2, 5, 6, 7, 8, 9], '0,1': [1, 3, 4, 10], '1': [21], '1,2': [22, 23, 24], '2': [20, 25]}
 Final possible usc  [[0, 2, 5, 6, 7, 8, 9], [1, 3, 4, 10], [21], [22, 23, 24], [20, 25]]
 Time  1  USC keys  {'21_0', '1,3,4,10_0', '0,2,5,6,7,8,9_0', '20,25_0', '22,23,24_0'}
 USC children  {'0,2,5,6,7,8,9_0': [1, 2, 3], '1,3,4,10_0': [1, 2], '21_0': [2], '22,23,24_0': [2, 3], '20,25_0': [3]}
 USC children  {'0,2,5,6,7,8,9_0': [1, 2, 3], '1,3,4,10_0': [1, 2], '21_0': [2], '22,23,24_0': [2, 3], '20,25_0': [3]}
 Timepoint ====  2
 Hash table  {'0,1': [0, 6, 7, 10, 26, 27, 29, 30, 33, 35, 37], '0': [1, 2, 3, 4, 5, 8, 9, 25, 28, 31, 32, 34, 36, 38], '1': [14, 18, 19]}
====== Inside find superset of t nodes ==========
 Final possible usc  []
 Time  2  USC keys  set()
 USC children  {'0,2,5,6,7,8,9_0': [1, 2, 3], '1,3,4,10_0': [1, 2], '21_0': [2], '22,23,24_0': [2, 3], '20,25_0': [3]}
 USC children  {'0,2,5,6,7,8,9_0': [1, 2, 3], '1,3,4,10_0': [1, 2], '21_0': [2], '22,23,24_0': [2, 3], '20,25_0': [3]}
 Node s  {'1,2,3': ['0', '2', '5', '6', '7', '8', '9']}
 Enroll USC nodes  ['1', '2', '3']  len  3
 Node TP  SortedDict({1: [0], 2: [1, 2, 3], 3: [4, 5, 6, 7, 8]})
 Unobserved subclones at timepoints  {1.5: [9]}
 ============== Inside finding node v ============ 
 Time  2
 Time  3
 largest_v_mut  [[0, 1, 2, 3, 4, 5, 6, 7, 8, 9, 10]]
 largest_v_mut  []
 Sorted all timepoints  [1, 1.5, 2, 3]
 Timepoint  2
 Inside usc_node check  2
 Timepoint  3
 Node  8  has no parent 
 USC nodes  []
 Node with minimum mutation sets  {1: 7, 2: 11, 3: 9}
0   1   [-1]   subclone   []   []
1   2   [9]   subclone   [0, 1, 2, 3, 4, 5, 6, 7, 8, 9, 10]   [4]
2   2   [9]   subclone   [0, 1, 2, 3, 4, 5, 6, 7, 8, 9, 10, 21, 22, 23, 24]   [8]
3   2   [9]   subclone   [0, 2, 5, 6, 7, 8, 9, 20, 22, 23, 24, 25]   [5]
4   3   [1]   subclone   [0, 1, 2, 3, 4, 5, 6, 7, 8, 9, 10]   [0]
5   3   [2]   subclone   [0, 1, 2, 3, 4, 5, 6, 7, 8, 9, 10, 21, 22, 23, 24]   [0]
6   3   [3]   subclone   [0, 2, 5, 6, 7, 8, 9, 20, 22, 23, 24, 25]   [0]
7   3   [1]   subclone   [0, 1, 2, 3, 4, 5, 6, 7, 8, 9, 10, 25, 26, 27, 28, 29, 30, 31, 32, 33, 34, 35, 36, 37, 38]   [14]
8   3   [1]   subclone   [0, 6, 7, 10, 14, 18, 19, 26, 27, 29, 30, 33, 35, 37]   [10]
9   1.5   [0]   unobserved subclone   [0, 2, 5, 6, 7, 8, 9]   [7]
7
 Total estimated FP  8  True negatives  10447
 Total estimated FN  1615  True positives  6650
 Estimated FP rate  0.0012
 Estimated FN rate  0.13
 No. of Cells in each cluster  {'1_2': 43, '1_3': 39, '0_2': 55, '0_3': 284, '2_2': 2, '2_3': 1, '6_3': 2, '5_3': 1, '3_3': 172, '4_3': 1}
 Cells in each cluster  {'1_2': [0, 1, 2, 3, 4, 5, 6, 7, 8, 9, 10, 11, 12, 13, 14, 15, 16, 17, 18, 19, 20, 21, 22, 23, 24, 25, 26, 27, 28, 29, 30, 31, 32, 33, 34, 35, 36, 37, 38, 39, 40, 46, 64], '1_3': [111, 218, 269, 312, 341, 371, 390, 395, 396, 397, 398, 399, 400, 401, 402, 403, 404, 405, 406, 407, 408, 409, 410, 411, 412, 413, 414, 415, 416, 417, 418, 419, 420, 421, 422, 423, 424, 425, 426], '0_2': [41, 42, 43, 44, 45, 47, 48, 49, 50, 51, 52, 53, 54, 55, 56, 57, 58, 59, 60, 61, 62, 65, 66, 67, 68, 69, 70, 71, 72, 73, 74, 75, 76, 77, 78, 79, 80, 81, 82, 83, 84, 85, 86, 87, 88, 89, 90, 91, 93, 94, 95, 96, 97, 98, 99], '0_3': [100, 101, 102, 103, 104, 105, 106, 107, 108, 109, 110, 112, 113, 114, 115, 116, 117, 118, 119, 120, 121, 122, 123, 124, 125, 126, 127, 128, 129, 130, 131, 132, 133, 134, 135, 136, 137, 138, 139, 140, 141, 142, 143, 144, 145, 146, 147, 148, 149, 150, 151, 152, 153, 154, 155, 156, 157, 159, 160, 161, 162, 163, 164, 165, 166, 167, 168, 169, 170, 172, 173, 174, 175, 176, 177, 178, 179, 180, 181, 182, 183, 184, 185, 186, 187, 188, 189, 190, 191, 192, 193, 194, 195, 196, 197, 198, 199, 200, 201, 202, 203, 204, 205, 206, 207, 208, 209, 210, 211, 212, 213, 214, 215, 216, 217, 219, 220, 221, 222, 223, 224, 225, 226, 227, 228, 229, 230, 231, 232, 233, 234, 235, 236, 237, 238, 239, 240, 241, 242, 243, 244, 245, 246, 247, 248, 249, 250, 251, 252, 253, 254, 255, 256, 257, 258, 259, 260, 261, 262, 263, 264, 265, 266, 267, 268, 270, 271, 272, 273, 274, 275, 276, 277, 278, 279, 280, 281, 282, 283, 284, 285, 286, 287, 288, 289, 290, 291, 292, 293, 294, 295, 296, 297, 298, 299, 300, 301, 302, 303, 304, 305, 306, 307, 308, 309, 310, 311, 313, 314, 315, 316, 317, 318, 319, 320, 321, 322, 323, 324, 325, 326, 327, 328, 329, 330, 331, 332, 333, 334, 335, 336, 337, 338, 339, 342, 343, 344, 345, 346, 347, 348, 349, 350, 351, 352, 353, 354, 355, 356, 357, 358, 359, 360, 361, 362, 363, 364, 365, 366, 367, 368, 369, 370, 372, 373, 374, 375, 376, 377, 378, 379, 381, 382, 383, 384, 385, 386, 387, 388, 389, 391, 392, 393, 394], '2_2': [63, 92], '2_3': [340], '6_3': [158, 171], '5_3': [380], '3_3': [427, 428, 429, 430, 431, 432, 433, 434, 435, 436, 437, 438, 439, 440, 441, 442, 443, 444, 445, 446, 447, 448, 449, 450, 451, 452, 453, 454, 455, 456, 457, 458, 459, 460, 461, 462, 463, 464, 465, 466, 467, 468, 469, 470, 472, 473, 474, 475, 476, 477, 478, 479, 480, 481, 482, 483, 484, 485, 486, 487, 488, 489, 490, 491, 492, 493, 494, 495, 496, 497, 498, 499, 500, 501, 502, 503, 504, 505, 506, 507, 508, 509, 510, 511, 512, 513, 514, 515, 516, 517, 518, 519, 520, 521, 522, 523, 524, 525, 526, 527, 528, 529, 530, 531, 532, 533, 534, 535, 536, 537, 538, 539, 540, 541, 542, 543, 544, 545, 546, 547, 548, 549, 550, 551, 552, 553, 554, 555, 556, 557, 558, 559, 560, 561, 562, 563, 564, 565, 566, 567, 568, 569, 570, 571, 572, 573, 574, 575, 576, 577, 578, 579, 580, 581, 582, 583, 584, 585, 586, 587, 588, 589, 590, 591, 592, 593, 594, 595, 596, 597, 598, 599], '4_3': [471]}
FP rate  0.0012 FN rate  0.13
 Before reassigning cells 
 Timepoint  2
 Cluster  1  # of cells  43
 Cluster  0  # of cells  53
 Cluster  2  # of cells  3
 Timepoint  3
 Cluster  1  # of cells  35
 Cluster  0  # of cells  244
 Cluster  2  # of cells  3
 Cluster  6  # of cells  29
 Cluster  5  # of cells  1
 Cluster  3  # of cells  172
 Cluster  4  # of cells  1
 Cells absent at timepoint  2   {96}
 Missing cell prob  {'0': 0.0007031262067160207, '2': 0.0007031262067160207, '1': 7.451272734938582e-06}
 Cells absent at timepoint  3   {385, 323, 355, 133, 388, 389, 200, 425, 397, 381, 371, 341, 188, 221, 350}
 Missing cell prob  {'1': 1.9146124252062983e-07, '6': 0.00013880940082745659, '5': 2.64084472442248e-10, '3': 5.890111487785472e-19, '2': 1.4710114540738852e-06, '0': 0.00013880940082745659, '4': 2.3049345097567527e-19}
 Missing cell prob  {'1': 1.2859413820302446e-06, '6': 0.0009323075019719274, '5': 4.392097487542119e-16, '3': 1.79419382877818e-15, '2': 9.87998655670622e-06, '0': 0.0009323075019719274, '4': 5.3943561334584485e-15}
 Missing cell prob  {'1': 7.590869671413982e-05, '6': 0.055033805117751376, '5': 1.3627567664422372e-08, '3': 1.7941938287781812e-15, '2': 7.590869671413981e-05, '0': 0.055033805117751376, '4': 3.617349907295955e-23}
 Missing cell prob  {'1': 1.3425228028395749e-09, '6': 9.733290320586927e-07, '5': 3.3243785883206296e-16, '3': 2.4380054709829256e-19, '2': 0.0007056635482425521, '0': 0.0007056635482425521, '4': 1.3159268381152778e-22}
 Missing cell prob  {'1': 4.619645529621808e-07, '6': 0.24282011815074633, '5': 1.1439247550822418e-13, '3': 6.445503361361781e-16, '2': 4.3592470080782485e-05, '0': 0.24282011815074633, '4': 3.217857489131625e-30}
 Missing cell prob  {'1': 0.004750954990322097, '6': 0.004750954990322097, '5': 1.622675634209321e-12, '3': 3.0063161258258716e-09, '2': 9.038677746153813e-09, '0': 0.004750954990322097, '4': 9.388844604914693e-24}
 Missing cell prob  {'1': 7.788474905162074e-09, '6': 0.004093817122025816, '5': 1.928595861137659e-15, '3': 2.3960455341911304e-20, '2': 5.6466443062425045e-06, '0': 0.004093817122025816, '4': 5.425135357634513e-32}
 Missing cell prob  {'1': 0.008184040615457201, '6': 0.008184040615457201, '5': 1.4692462403289966e-06, '3': 1.93439695349006e-13, '2': 2.0265465383848232e-09, '0': 0.00013864282954646366, '4': 3.365086963927968e-24}
 Missing cell prob  {'1': 0.06325724726178321, '6': 0.06325724726178321, '5': 1.1356306387018647e-05, '3': 1.148744100117723e-11, '2': 1.5663870878646403e-08, '0': 0.0010716178183585378, '4': 1.448811862107806e-19}
 Missing cell prob  {'1': 1.4692462403289968e-06, '6': 0.00013864282954646368, '5': 0.00013864282954646366, '3': 3.4727411370017523e-17, '2': 3.433098141749225e-11, '0': 1.804522210756937e-05, '4': 1.7687738354146386e-18}
 Missing cell prob  {'1': 0.036109618532534124, '6': 0.036109618532534124, '5': 8.941527281926295e-09, '3': 1.1108758939298813e-13, '2': 6.869844191683067e-08, '0': 0.004699890277562511, '4': 2.0479219934759784e-26}
 Missing cell prob  {'1': 0.005415161322171381, '6': 0.005415161322171381, '5': 1.3409117754761678e-09, '3': 1.2799388537345785e-13, '2': 9.721610372202224e-07, '0': 9.173626127153176e-05, '4': 1.710704889549862e-23}
 Missing cell prob  {'1': 8.963025636697451e-09, '6': 0.0047111903502891, '5': 1.2362793981651661e-11, '3': 2.1185194820434393e-19, '2': 1.6090941305714016e-12, '0': 0.0047111903502891, '4': 8.611420280054673e-35}
 Missing cell prob  {'1': 5.99833254148214e-08, '6': 0.031528735421165514, '5': 7.807200945060857e-09, '3': 8.36909938452659e-17, '2': 1.076855302767015e-11, '0': 0.031528735421165514, '4': 4.6922705171567087e-35}
 Missing cell prob  {'1': 0.27910358408131775, '6': 0.27910358408131775, '5': 9.532706292352015e-11, '3': 5.0684879506102986e-11, '2': 9.532706292352017e-11, '0': 0.27910358408131775, '4': 2.0602538847081196e-26}
 Timepoint  2
 Timepoint  3
SortedDict({2: {'1': ['0', '1', '2', '3', '4', '5', '6', '7', '8', '9', '10', '11', '12', '13', '14', '15', '16', '17', '18', '19', '20', '21', '22', '23', '24', '25', '26', '27', '28', '29', '30', '31', '32', '33', '34', '35', '36', '37', '38', '39', '40', '46', '64'], '0': ['41', '42', '43', '44', '45', '47', '48', '49', '50', '51', '52', '53', '54', '55', '56', '57', '58', '59', '60', '61', '62', '65', '66', '67', '68', '69', '70', '71', '73', '74', '75', '76', '77', '78', '79', '80', '81', '82', '83', '84', '85', '86', '87', '88', '89', '90', '91', '93', '94', '95', '97', '98', '99', '96'], '2': ['63', '72', '92']}, 3: {'1': ['111', '218', '269', '312', '390', '395', '396', '398', '399', '400', '401', '402', '403', '404', '405', '406', '407', '408', '409', '410', '411', '412', '413', '414', '415', '416', '417', '418', '419', '420', '421', '422', '423', '424', '426', '389', '425', '397', '371', '341', '350'], '0': ['100', '101', '102', '103', '104', '106', '107', '108', '109', '110', '113', '114', '115', '117', '118', '119', '120', '121', '122', '123', '124', '125', '126', '127', '128', '129', '130', '131', '132', '134', '135', '136', '137', '138', '139', '140', '141', '142', '143', '144', '145', '146', '147', '148', '149', '151', '152', '153', '154', '155', '156', '157', '159', '160', '162', '163', '164', '165', '166', '167', '168', '169', '170', '172', '173', '174', '175', '176', '177', '179', '180', '181', '182', '184', '185', '186', '187', '189', '191', '192', '193', '194', '195', '196', '197', '198', '199', '201', '202', '204', '205', '206', '207', '208', '209', '210', '211', '212', '213', '214', '216', '217', '219', '222', '223', '224', '225', '226', '227', '228', '229', '231', '232', '233', '234', '235', '236', '237', '238', '239', '240', '241', '242', '243', '244', '245', '246', '247', '248', '249', '250', '252', '253', '254', '255', '256', '257', '258', '259', '260', '261', '262', '263', '264', '265', '266', '267', '268', '271', '272', '273', '274', '275', '276', '278', '279', '280', '281', '282', '283', '284', '285', '286', '287', '288', '289', '290', '292', '293', '294', '295', '296', '297', '298', '299', '300', '302', '303', '304', '305', '306', '308', '309', '310', '311', '313', '314', '315', '316', '317', '318', '319', '320', '321', '324', '325', '326', '328', '329', '330', '331', '332', '333', '334', '335', '336', '338', '339', '342', '343', '345', '346', '348', '349', '352', '353', '354', '356', '358', '359', '360', '361', '362', '363', '365', '366', '367', '368', '369', '373', '374', '376', '377', '378', '379', '382', '383', '384', '386', '387', '391', '392', '393', '394'], '2': ['178', '230', '340', '133'], '6': ['105', '112', '116', '150', '158', '161', '171', '183', '190', '203', '215', '220', '251', '270', '277', '291', '301', '307', '322', '327', '337', '344', '347', '351', '357', '364', '370', '372', '375', '385', '323', '355', '388', '200', '381', '188', '221'], '5': ['380'], '3': ['427', '428', '429', '430', '431', '432', '433', '434', '435', '436', '437', '438', '439', '440', '441', '442', '443', '444', '445', '446', '447', '448', '449', '450', '451', '452', '453', '454', '455', '456', '457', '458', '459', '460', '461', '462', '463', '464', '465', '466', '467', '468', '469', '470', '472', '473', '474', '475', '476', '477', '478', '479', '480', '481', '482', '483', '484', '485', '486', '487', '488', '489', '490', '491', '492', '493', '494', '495', '496', '497', '498', '499', '500', '501', '502', '503', '504', '505', '506', '507', '508', '509', '510', '511', '512', '513', '514', '515', '516', '517', '518', '519', '520', '521', '522', '523', '524', '525', '526', '527', '528', '529', '530', '531', '532', '533', '534', '535', '536', '537', '538', '539', '540', '541', '542', '543', '544', '545', '546', '547', '548', '549', '550', '551', '552', '553', '554', '555', '556', '557', '558', '559', '560', '561', '562', '563', '564', '565', '566', '567', '568', '569', '570', '571', '572', '573', '574', '575', '576', '577', '578', '579', '580', '581', '582', '583', '584', '585', '586', '587', '588', '589', '590', '591', '592', '593', '594', '595', '596', '597', '598', '599'], '4': ['471']}})
 Cluster1  0
SortedDict({2: {'1': ['0', '1', '2', '3', '4', '5', '6', '7', '8', '9', '10', '11', '12', '13', '14', '15', '16', '17', '18', '19', '20', '21', '22', '23', '24', '25', '26', '27', '28', '29', '30', '31', '32', '33', '34', '35', '36', '37', '38', '39', '40', '46', '64'], '0': ['41', '42', '43', '44', '45', '47', '48', '49', '50', '51', '52', '53', '54', '55', '56', '57', '58', '59', '60', '61', '62', '65', '66', '67', '68', '69', '70', '71', '73', '74', '75', '76', '77', '78', '79', '80', '81', '82', '83', '84', '85', '86', '87', '88', '89', '90', '91', '93', '94', '95', '97', '98', '99', '96'], '2': ['63', '72', '92']}, 3: {'1': ['111', '218', '269', '312', '390', '395', '396', '398', '399', '400', '401', '402', '403', '404', '405', '406', '407', '408', '409', '410', '411', '412', '413', '414', '415', '416', '417', '418', '419', '420', '421', '422', '423', '424', '426', '389', '425', '397', '371', '341', '350'], '0': ['100', '101', '102', '103', '104', '106', '107', '108', '109', '110', '113', '114', '115', '117', '118', '119', '120', '121', '122', '123', '124', '125', '126', '127', '128', '129', '130', '131', '132', '134', '135', '136', '137', '138', '139', '140', '141', '142', '143', '144', '145', '146', '147', '148', '149', '151', '152', '153', '154', '155', '156', '157', '159', '160', '162', '163', '164', '165', '166', '167', '168', '169', '170', '172', '173', '174', '175', '176', '177', '179', '180', '181', '182', '184', '185', '186', '187', '189', '191', '192', '193', '194', '195', '196', '197', '198', '199', '201', '202', '204', '205', '206', '207', '208', '209', '210', '211', '212', '213', '214', '216', '217', '219', '222', '223', '224', '225', '226', '227', '228', '229', '231', '232', '233', '234', '235', '236', '237', '238', '239', '240', '241', '242', '243', '244', '245', '246', '247', '248', '249', '250', '252', '253', '254', '255', '256', '257', '258', '259', '260', '261', '262', '263', '264', '265', '266', '267', '268', '271', '272', '273', '274', '275', '276', '278', '279', '280', '281', '282', '283', '284', '285', '286', '287', '288', '289', '290', '292', '293', '294', '295', '296', '297', '298', '299', '300', '302', '303', '304', '305', '306', '308', '309', '310', '311', '313', '314', '315', '316', '317', '318', '319', '320', '321', '324', '325', '326', '328', '329', '330', '331', '332', '333', '334', '335', '336', '338', '339', '342', '343', '345', '346', '348', '349', '352', '353', '354', '356', '358', '359', '360', '361', '362', '363', '365', '366', '367', '368', '369', '373', '374', '376', '377', '378', '379', '382', '383', '384', '386', '387', '391', '392', '393', '394', '178', '230', '340', '133'], '2': ['178', '230', '340', '133'], '6': ['105', '112', '116', '150', '158', '161', '171', '183', '190', '203', '215', '220', '251', '270', '277', '291', '301', '307', '322', '327', '337', '344', '347', '351', '357', '364', '370', '372', '375', '385', '323', '355', '388', '200', '381', '188', '221'], '5': ['380'], '3': ['427', '428', '429', '430', '431', '432', '433', '434', '435', '436', '437', '438', '439', '440', '441', '442', '443', '444', '445', '446', '447', '448', '449', '450', '451', '452', '453', '454', '455', '456', '457', '458', '459', '460', '461', '462', '463', '464', '465', '466', '467', '468', '469', '470', '472', '473', '474', '475', '476', '477', '478', '479', '480', '481', '482', '483', '484', '485', '486', '487', '488', '489', '490', '491', '492', '493', '494', '495', '496', '497', '498', '499', '500', '501', '502', '503', '504', '505', '506', '507', '508', '509', '510', '511', '512', '513', '514', '515', '516', '517', '518', '519', '520', '521', '522', '523', '524', '525', '526', '527', '528', '529', '530', '531', '532', '533', '534', '535', '536', '537', '538', '539', '540', '541', '542', '543', '544', '545', '546', '547', '548', '549', '550', '551', '552', '553', '554', '555', '556', '557', '558', '559', '560', '561', '562', '563', '564', '565', '566', '567', '568', '569', '570', '571', '572', '573', '574', '575', '576', '577', '578', '579', '580', '581', '582', '583', '584', '585', '586', '587', '588', '589', '590', '591', '592', '593', '594', '595', '596', '597', '598', '599'], '4': ['471']}})
 Cluster1  0
 Cluster to drop  2
 Cluster to drop  6
 After reassigning and merging cells 
 Timepoint  2
 Cluster  1  # of cells  43
 Cluster  0  # of cells  54
 Cluster  2  # of cells  3
 Timepoint  3
 Cluster  1  # of cells  41
 Cluster  0  # of cells  285
 Cluster  5  # of cells  1
 Cluster  3  # of cells  172
 Cluster  4  # of cells  1
 Tp cluster cell dict  {'1_2': 43, '0_2': 54, '2_2': 3, '1_3': 41, '0_3': 285, '5_3': 1, '3_3': 172, '4_3': 1}
 New Graph is here 
 ID  0  Timepoint  1  Mutations  []  Type  subclone
 ID  1  Timepoint  2  Mutations  [0, 1, 2, 3, 4, 5, 6, 7, 8, 9, 10]  Type  subclone
 ID  2  Timepoint  2  Mutations  [0, 1, 2, 3, 4, 5, 6, 7, 8, 9, 10, 21, 22, 23, 24]  Type  subclone
 ID  3  Timepoint  2  Mutations  [0, 1, 2, 5, 6, 7, 9, 10, 13, 22, 23, 24]  Type  subclone
 ID  4  Timepoint  3  Mutations  [0, 1, 2, 3, 4, 5, 6, 7, 8, 9, 10]  Type  subclone
 ID  5  Timepoint  3  Mutations  [0, 1, 2, 3, 4, 5, 6, 7, 8, 9, 10, 21, 22, 23, 24]  Type  subclone
 ID  6  Timepoint  3  Mutations  [2, 3, 4, 5, 6, 7, 8, 9, 22, 23, 28]  Type  subclone
 ID  7  Timepoint  3  Mutations  [0, 1, 2, 3, 4, 5, 6, 7, 8, 9, 10, 25, 26, 27, 28, 29, 30, 31, 32, 33, 34, 35, 36, 37, 38]  Type  subclone
 ID  8  Timepoint  3  Mutations  [0, 6, 7, 10, 14, 19, 20, 25, 26, 27, 29, 30, 33, 35, 37]  Type  subclone
Timepoints  SortedDict({1: [0], 2: [1, 2, 3], 3: [4, 5, 6, 7, 8]})
 Clone to nodes  {'1_2': 1, '0_2': 2, '2_2': 3, '1_3': 4, '0_3': 5, '5_3': 6, '3_3': 7, '4_3': 8}
 Timepoint ====  1
 Hash table  {'0,1,2': [0, 1, 2, 5, 6, 7, 9, 10], '0,1': [3, 4, 8], '1': [21], '1,2': [22, 23, 24], '2': [13]}
 Final possible usc  [[0, 1, 2, 5, 6, 7, 9, 10], [3, 4, 8], [21], [22, 23, 24], [13]]
 Time  1  USC keys  {'13_0', '21_0', '0,1,2,5,6,7,9,10_0', '22,23,24_0', '3,4,8_0'}
 USC children  {'0,1,2,5,6,7,9,10_0': [1, 2, 3], '3,4,8_0': [1, 2], '21_0': [2], '22,23,24_0': [2, 3], '13_0': [3]}
 USC children  {'0,1,2,5,6,7,9,10_0': [1, 2, 3], '3,4,8_0': [1, 2], '21_0': [2], '22,23,24_0': [2, 3], '13_0': [3]}
 Timepoint ====  2
 Hash table  {'0,1': [2, 3, 4, 5, 8, 9, 28], '0,1,2': [6, 7], '0': [22, 23], '1,2': [0, 10, 25, 26, 27, 29, 30, 33, 35, 37], '1': [1, 31, 32, 34, 36, 38], '2': [14, 19, 20]}
====== Inside find superset of t nodes ==========
 Final possible usc  []
 Time  2  USC keys  set()
 USC children  {'0,1,2,5,6,7,9,10_0': [1, 2, 3], '3,4,8_0': [1, 2], '21_0': [2], '22,23,24_0': [2, 3], '13_0': [3]}
 USC children  {'0,1,2,5,6,7,9,10_0': [1, 2, 3], '3,4,8_0': [1, 2], '21_0': [2], '22,23,24_0': [2, 3], '13_0': [3]}
 Node s  {'1,2,3': ['0', '1', '2', '5', '6', '7', '9', '10']}
 Enroll USC nodes  ['1', '2', '3']  len  3
 Node TP  SortedDict({1: [0], 2: [1, 2, 3], 3: [4, 5, 6, 7, 8]})
 Unobserved subclones at timepoints  {1.5: [9]}
 ============== Inside finding node v ============ 
 Time  2
 Time  3
 largest_v_mut  []
 largest_v_mut  [[0, 1, 2, 3, 4, 5, 6, 7, 8, 9, 10]]
 largest_v_mut  []
 Sorted all timepoints  [1, 1.5, 2, 3]
 Timepoint  2
 Inside usc_node check  2
 Timepoint  3
 Node  6  has no parent 
 USC nodes  []
 Node with minimum mutation sets  {1: 3, 2: 5, 3: 5}
 Node  8  has no parent 
 USC nodes  []
 Node with minimum mutation sets  {1: 7, 2: 11, 3: 8}
0   1   [-1]   subclone   []   []
1   2   [9]   subclone   [0, 1, 2, 3, 4, 5, 6, 7, 8, 9, 10]   [3]
2   2   [9]   subclone   [0, 1, 2, 3, 4, 5, 6, 7, 8, 9, 10, 21, 22, 23, 24]   [7]
3   2   [9]   subclone   [0, 1, 2, 5, 6, 7, 9, 10, 13, 22, 23, 24]   [4]
4   3   [1]   subclone   [0, 1, 2, 3, 4, 5, 6, 7, 8, 9, 10]   [0]
5   3   [2]   subclone   [0, 1, 2, 3, 4, 5, 6, 7, 8, 9, 10, 21, 22, 23, 24]   [0]
6   3   [1]   subclone   [2, 3, 4, 5, 6, 7, 8, 9, 22, 23, 28]   [3]
7   3   [1]   subclone   [0, 1, 2, 3, 4, 5, 6, 7, 8, 9, 10, 25, 26, 27, 28, 29, 30, 31, 32, 33, 34, 35, 36, 37, 38]   [14]
8   3   [1]   subclone   [0, 6, 7, 10, 14, 19, 20, 25, 26, 27, 29, 30, 33, 35, 37]   [11]
9   1.5   [0]   unobserved subclone   [0, 1, 2, 5, 6, 7, 9, 10]   [8]
7
 Total estimated FP  11  True negatives  10445
 Total estimated FN  1617  True positives  6647
 Estimated FP rate  0.00165
 Estimated FN rate  0.13
 No. of Cells in each cluster  {'2_2': 43, '2_3': 39, '1_2': 2, '1_3': 1, '6_3': 3, '5_3': 172, '4_3': 1, '3_2': 55, '3_3': 284}
 Cells in each cluster  {'2_2': [0, 1, 2, 3, 4, 5, 6, 7, 8, 9, 10, 11, 12, 13, 14, 15, 16, 17, 18, 19, 20, 21, 22, 23, 24, 25, 26, 27, 28, 29, 30, 31, 32, 33, 34, 35, 36, 37, 38, 39, 40, 46, 64], '2_3': [111, 218, 269, 312, 341, 371, 390, 395, 396, 397, 398, 399, 400, 401, 402, 403, 404, 405, 406, 407, 408, 409, 410, 411, 412, 413, 414, 415, 416, 417, 418, 419, 420, 421, 422, 423, 424, 425, 426], '1_2': [63, 92], '1_3': [340], '6_3': [153, 230, 380], '5_3': [427, 428, 429, 430, 431, 432, 433, 434, 435, 436, 437, 438, 439, 440, 441, 442, 443, 444, 445, 446, 447, 448, 449, 450, 451, 452, 453, 454, 455, 456, 457, 458, 459, 460, 461, 462, 463, 464, 465, 466, 467, 468, 469, 470, 472, 473, 474, 475, 476, 477, 478, 479, 480, 481, 482, 483, 484, 485, 486, 487, 488, 489, 490, 491, 492, 493, 494, 495, 496, 497, 498, 499, 500, 501, 502, 503, 504, 505, 506, 507, 508, 509, 510, 511, 512, 513, 514, 515, 516, 517, 518, 519, 520, 521, 522, 523, 524, 525, 526, 527, 528, 529, 530, 531, 532, 533, 534, 535, 536, 537, 538, 539, 540, 541, 542, 543, 544, 545, 546, 547, 548, 549, 550, 551, 552, 553, 554, 555, 556, 557, 558, 559, 560, 561, 562, 563, 564, 565, 566, 567, 568, 569, 570, 571, 572, 573, 574, 575, 576, 577, 578, 579, 580, 581, 582, 583, 584, 585, 586, 587, 588, 589, 590, 591, 592, 593, 594, 595, 596, 597, 598, 599], '4_3': [471], '3_2': [41, 42, 43, 44, 45, 47, 48, 49, 50, 51, 52, 53, 54, 55, 56, 57, 58, 59, 60, 61, 62, 65, 66, 67, 68, 69, 70, 71, 72, 73, 74, 75, 76, 77, 78, 79, 80, 81, 82, 83, 84, 85, 86, 87, 88, 89, 90, 91, 93, 94, 95, 96, 97, 98, 99], '3_3': [100, 101, 102, 103, 104, 105, 106, 107, 108, 109, 110, 112, 113, 114, 115, 116, 117, 118, 119, 120, 121, 122, 123, 124, 125, 126, 127, 128, 129, 130, 131, 132, 133, 134, 135, 136, 137, 138, 139, 140, 141, 142, 143, 144, 145, 146, 147, 148, 149, 150, 151, 152, 154, 155, 156, 157, 159, 160, 161, 162, 163, 164, 165, 167, 168, 169, 170, 172, 173, 174, 175, 176, 177, 178, 179, 180, 181, 182, 183, 184, 185, 186, 187, 188, 189, 190, 191, 192, 193, 194, 195, 196, 197, 198, 199, 200, 201, 202, 203, 204, 205, 206, 207, 208, 209, 210, 211, 212, 213, 214, 215, 216, 217, 219, 220, 221, 222, 223, 224, 225, 226, 227, 228, 229, 231, 232, 233, 234, 235, 236, 237, 238, 239, 240, 241, 242, 243, 244, 245, 246, 247, 248, 249, 250, 251, 252, 253, 254, 255, 256, 257, 258, 259, 260, 261, 262, 263, 264, 265, 266, 267, 268, 270, 271, 272, 273, 274, 275, 276, 277, 278, 279, 280, 281, 282, 283, 284, 285, 286, 287, 288, 289, 290, 291, 292, 293, 294, 295, 296, 297, 298, 299, 300, 301, 302, 303, 304, 305, 306, 307, 308, 309, 310, 311, 313, 314, 315, 316, 317, 318, 319, 320, 321, 322, 323, 324, 325, 326, 327, 328, 329, 330, 331, 332, 333, 334, 335, 336, 337, 338, 339, 342, 343, 344, 345, 346, 347, 348, 349, 350, 351, 352, 353, 354, 355, 356, 357, 358, 359, 360, 361, 362, 363, 364, 365, 366, 367, 368, 369, 370, 372, 373, 374, 375, 376, 377, 378, 379, 381, 382, 383, 384, 385, 386, 387, 388, 389, 391, 392, 393, 394, 158, 166, 171]}
FP rate  0.00165 FN rate  0.13
 Before reassigning cells 
 Timepoint  2
 Cluster  2  # of cells  43
 Cluster  1  # of cells  3
 Cluster  3  # of cells  53
 Timepoint  3
 Cluster  2  # of cells  39
 Cluster  1  # of cells  3
 Cluster  6  # of cells  5
 Cluster  5  # of cells  172
 Cluster  4  # of cells  1
 Cluster  3  # of cells  276
 Cells absent at timepoint  3   {112, 133, 350, 389}
 Missing cell prob  {'4': 1.9895905158652563e-17, '5': 1.851370492193843e-15, '1': 1.320955042784154e-06, '3': 1.1809850654268206e-05, '6': 1.3209550427841536e-06, '2': 1.0144426668950459e-05}
 Missing cell prob  {'4': 4.9378791509807686e-21, '5': 4.594836817549501e-19, '1': 0.0006999626694263408, '3': 0.0006999626694263408, '6': 2.5177016349758393e-09, '2': 2.5177016349758385e-09}
 Missing cell prob  {'4': 1.0644353438433057e-24, '5': 5.050248253293341e-11, '1': 2.4581110637338065e-10, '3': 0.27672404460125394, '6': 1.8877347542143433e-09, '2': 0.27672404460125394}
 Missing cell prob  {'4': 6.31927037526327e-23, '5': 2.9981984682631567e-09, '1': 1.698893093781124e-08, '3': 0.004723203609487354, '6': 3.2220386261366135e-11, '2': 0.004723203609487354}
 Cells absent at timepoint  2   {96}
 Missing cell prob  {'2': 1.0144426668950462e-05, '3': 0.000696503568013463, '1': 0.0006965035680134629}
 Timepoint  2
 Timepoint  3
SortedDict({2: {'2': ['0', '1', '2', '3', '4', '5', '6', '7', '8', '9', '10', '11', '12', '13', '14', '15', '16', '17', '18', '19', '20', '21', '22', '23', '24', '25', '26', '27', '28', '29', '30', '31', '32', '33', '34', '35', '36', '37', '38', '39', '40', '46', '64'], '1': ['63', '72', '92'], '3': ['41', '42', '43', '44', '45', '47', '48', '49', '50', '51', '52', '53', '54', '55', '56', '57', '58', '59', '60', '61', '62', '65', '66', '67', '68', '69', '70', '71', '73', '74', '75', '76', '77', '78', '79', '80', '81', '82', '83', '84', '85', '86', '87', '88', '89', '90', '91', '93', '94', '95', '97', '98', '99', '96']}, 3: {'2': ['111', '218', '269', '312', '341', '371', '390', '395', '396', '397', '398', '399', '400', '401', '402', '403', '404', '405', '406', '407', '408', '409', '410', '411', '412', '413', '414', '415', '416', '417', '418', '419', '420', '421', '422', '423', '424', '425', '426'], '1': ['178', '230', '340', '133'], '6': ['153', '307', '337', '347', '380'], '5': ['427', '428', '429', '430', '431', '432', '433', '434', '435', '436', '437', '438', '439', '440', '441', '442', '443', '444', '445', '446', '447', '448', '449', '450', '451', '452', '453', '454', '455', '456', '457', '458', '459', '460', '461', '462', '463', '464', '465', '466', '467', '468', '469', '470', '472', '473', '474', '475', '476', '477', '478', '479', '480', '481', '482', '483', '484', '485', '486', '487', '488', '489', '490', '491', '492', '493', '494', '495', '496', '497', '498', '499', '500', '501', '502', '503', '504', '505', '506', '507', '508', '509', '510', '511', '512', '513', '514', '515', '516', '517', '518', '519', '520', '521', '522', '523', '524', '525', '526', '527', '528', '529', '530', '531', '532', '533', '534', '535', '536', '537', '538', '539', '540', '541', '542', '543', '544', '545', '546', '547', '548', '549', '550', '551', '552', '553', '554', '555', '556', '557', '558', '559', '560', '561', '562', '563', '564', '565', '566', '567', '568', '569', '570', '571', '572', '573', '574', '575', '576', '577', '578', '579', '580', '581', '582', '583', '584', '585', '586', '587', '588', '589', '590', '591', '592', '593', '594', '595', '596', '597', '598', '599'], '4': ['471'], '3': ['100', '101', '102', '103', '104', '105', '106', '107', '108', '109', '110', '113', '114', '115', '116', '117', '118', '119', '120', '121', '122', '123', '124', '125', '126', '127', '128', '129', '130', '131', '132', '134', '135', '136', '137', '138', '139', '140', '141', '142', '143', '144', '145', '146', '147', '148', '149', '150', '151', '152', '154', '155', '156', '157', '158', '159', '160', '161', '162', '163', '164', '165', '166', '167', '168', '169', '170', '171', '172', '173', '174', '175', '176', '177', '179', '180', '181', '182', '183', '184', '185', '186', '187', '188', '189', '190', '191', '192', '193', '194', '195', '196', '197', '198', '199', '200', '201', '202', '203', '204', '205', '206', '207', '208', '209', '210', '211', '212', '213', '214', '215', '216', '217', '219', '220', '221', '222', '223', '224', '225', '226', '227', '228', '229', '231', '232', '233', '234', '235', '236', '237', '238', '239', '240', '241', '242', '243', '244', '245', '246', '247', '248', '249', '250', '251', '252', '253', '254', '255', '256', '257', '258', '259', '260', '261', '262', '263', '264', '265', '266', '267', '268', '270', '271', '272', '273', '274', '275', '276', '277', '278', '279', '280', '281', '282', '283', '284', '285', '286', '287', '288', '289', '290', '291', '292', '293', '294', '295', '296', '297', '298', '299', '300', '301', '302', '303', '304', '305', '306', '308', '309', '310', '311', '313', '314', '315', '316', '317', '318', '319', '320', '321', '322', '323', '324', '325', '326', '327', '328', '329', '330', '331', '332', '333', '334', '335', '336', '338', '339', '342', '343', '344', '345', '346', '348', '349', '351', '352', '353', '354', '355', '356', '357', '358', '359', '360', '361', '362', '363', '364', '365', '366', '367', '368', '369', '370', '372', '373', '374', '375', '376', '377', '378', '379', '381', '382', '383', '384', '385', '386', '387', '388', '391', '392', '393', '394', '112', '350', '389']}})
 Cluster1  1
SortedDict({2: {'2': ['0', '1', '2', '3', '4', '5', '6', '7', '8', '9', '10', '11', '12', '13', '14', '15', '16', '17', '18', '19', '20', '21', '22', '23', '24', '25', '26', '27', '28', '29', '30', '31', '32', '33', '34', '35', '36', '37', '38', '39', '40', '46', '64'], '1': ['63', '72', '92'], '3': ['41', '42', '43', '44', '45', '47', '48', '49', '50', '51', '52', '53', '54', '55', '56', '57', '58', '59', '60', '61', '62', '65', '66', '67', '68', '69', '70', '71', '73', '74', '75', '76', '77', '78', '79', '80', '81', '82', '83', '84', '85', '86', '87', '88', '89', '90', '91', '93', '94', '95', '97', '98', '99', '96']}, 3: {'2': ['111', '218', '269', '312', '341', '371', '390', '395', '396', '397', '398', '399', '400', '401', '402', '403', '404', '405', '406', '407', '408', '409', '410', '411', '412', '413', '414', '415', '416', '417', '418', '419', '420', '421', '422', '423', '424', '425', '426'], '1': ['178', '230', '340', '133', '153', '307', '337', '347', '380'], '6': ['153', '307', '337', '347', '380'], '5': ['427', '428', '429', '430', '431', '432', '433', '434', '435', '436', '437', '438', '439', '440', '441', '442', '443', '444', '445', '446', '447', '448', '449', '450', '451', '452', '453', '454', '455', '456', '457', '458', '459', '460', '461', '462', '463', '464', '465', '466', '467', '468', '469', '470', '472', '473', '474', '475', '476', '477', '478', '479', '480', '481', '482', '483', '484', '485', '486', '487', '488', '489', '490', '491', '492', '493', '494', '495', '496', '497', '498', '499', '500', '501', '502', '503', '504', '505', '506', '507', '508', '509', '510', '511', '512', '513', '514', '515', '516', '517', '518', '519', '520', '521', '522', '523', '524', '525', '526', '527', '528', '529', '530', '531', '532', '533', '534', '535', '536', '537', '538', '539', '540', '541', '542', '543', '544', '545', '546', '547', '548', '549', '550', '551', '552', '553', '554', '555', '556', '557', '558', '559', '560', '561', '562', '563', '564', '565', '566', '567', '568', '569', '570', '571', '572', '573', '574', '575', '576', '577', '578', '579', '580', '581', '582', '583', '584', '585', '586', '587', '588', '589', '590', '591', '592', '593', '594', '595', '596', '597', '598', '599'], '4': ['471'], '3': ['100', '101', '102', '103', '104', '105', '106', '107', '108', '109', '110', '113', '114', '115', '116', '117', '118', '119', '120', '121', '122', '123', '124', '125', '126', '127', '128', '129', '130', '131', '132', '134', '135', '136', '137', '138', '139', '140', '141', '142', '143', '144', '145', '146', '147', '148', '149', '150', '151', '152', '154', '155', '156', '157', '158', '159', '160', '161', '162', '163', '164', '165', '166', '167', '168', '169', '170', '171', '172', '173', '174', '175', '176', '177', '179', '180', '181', '182', '183', '184', '185', '186', '187', '188', '189', '190', '191', '192', '193', '194', '195', '196', '197', '198', '199', '200', '201', '202', '203', '204', '205', '206', '207', '208', '209', '210', '211', '212', '213', '214', '215', '216', '217', '219', '220', '221', '222', '223', '224', '225', '226', '227', '228', '229', '231', '232', '233', '234', '235', '236', '237', '238', '239', '240', '241', '242', '243', '244', '245', '246', '247', '248', '249', '250', '251', '252', '253', '254', '255', '256', '257', '258', '259', '260', '261', '262', '263', '264', '265', '266', '267', '268', '270', '271', '272', '273', '274', '275', '276', '277', '278', '279', '280', '281', '282', '283', '284', '285', '286', '287', '288', '289', '290', '291', '292', '293', '294', '295', '296', '297', '298', '299', '300', '301', '302', '303', '304', '305', '306', '308', '309', '310', '311', '313', '314', '315', '316', '317', '318', '319', '320', '321', '322', '323', '324', '325', '326', '327', '328', '329', '330', '331', '332', '333', '334', '335', '336', '338', '339', '342', '343', '344', '345', '346', '348', '349', '351', '352', '353', '354', '355', '356', '357', '358', '359', '360', '361', '362', '363', '364', '365', '366', '367', '368', '369', '370', '372', '373', '374', '375', '376', '377', '378', '379', '381', '382', '383', '384', '385', '386', '387', '388', '391', '392', '393', '394', '112', '350', '389']}})
 Cluster1  1
 Cluster to drop  6
 Cluster to drop  3
 After reassigning and merging cells 
 Timepoint  2
 Cluster  2  # of cells  43
 Cluster  1  # of cells  3
 Cluster  3  # of cells  54
 Timepoint  3
 Cluster  2  # of cells  39
 Cluster  1  # of cells  288
 Cluster  5  # of cells  172
 Cluster  4  # of cells  1
 Tp cluster cell dict  {'2_2': 43, '1_2': 3, '3_2': 54, '2_3': 39, '1_3': 288, '5_3': 172, '4_3': 1}
 New Graph is here 
 ID  0  Timepoint  1  Mutations  []  Type  subclone
 ID  1  Timepoint  2  Mutations  [0, 1, 2, 3, 4, 5, 6, 7, 8, 9, 10]  Type  subclone
 ID  2  Timepoint  2  Mutations  [0, 1, 2, 5, 6, 7, 9, 10, 13, 22, 23, 24]  Type  subclone
 ID  3  Timepoint  2  Mutations  [0, 1, 2, 3, 4, 5, 6, 7, 8, 9, 10, 21, 22, 23, 24]  Type  subclone
 ID  4  Timepoint  3  Mutations  [0, 1, 2, 3, 4, 5, 6, 7, 8, 9, 10]  Type  subclone
 ID  5  Timepoint  3  Mutations  [0, 1, 2, 3, 4, 5, 6, 7, 8, 9, 10, 21, 22, 23, 24]  Type  subclone
 ID  6  Timepoint  3  Mutations  [0, 1, 2, 3, 4, 5, 6, 7, 8, 9, 10, 25, 26, 27, 28, 29, 30, 31, 32, 33, 34, 35, 36, 37, 38]  Type  subclone
 ID  7  Timepoint  3  Mutations  [0, 6, 7, 10, 14, 25, 26, 27, 30, 33, 35, 37, 38]  Type  subclone
Timepoints  SortedDict({1: [0], 2: [1, 2, 3], 3: [4, 5, 6, 7]})
 Clone to nodes  {'2_2': 1, '1_2': 2, '3_2': 3, '2_3': 4, '1_3': 5, '5_3': 6, '4_3': 7}
 Timepoint ====  1
 Hash table  {'0,1,2': [0, 1, 2, 5, 6, 7, 9, 10], '0,2': [3, 4, 8], '1': [13], '1,2': [22, 23, 24], '2': [21]}
 Final possible usc  [[0, 1, 2, 5, 6, 7, 9, 10], [3, 4, 8], [13], [22, 23, 24], [21]]
 Time  1  USC keys  {'3,4,8_0', '13_0', '0,1,2,5,6,7,9,10_0', '22,23,24_0', '21_0'}
 USC children  {'0,1,2,5,6,7,9,10_0': [1, 2, 3], '3,4,8_0': [1, 3], '13_0': [2], '22,23,24_0': [2, 3], '21_0': [3]}
 USC children  {'0,1,2,5,6,7,9,10_0': [1, 2, 3], '3,4,8_0': [1, 3], '13_0': [2], '22,23,24_0': [2, 3], '21_0': [3]}
 Timepoint ====  2
 Hash table  {'0,1': [0, 6, 7, 10, 25, 26, 27, 30, 33, 35, 37, 38], '0': [1, 2, 3, 4, 5, 8, 9, 28, 29, 31, 32, 34, 36], '1': [14]}
====== Inside find superset of t nodes ==========
 Final possible usc  []
 Time  2  USC keys  set()
 USC children  {'0,1,2,5,6,7,9,10_0': [1, 2, 3], '3,4,8_0': [1, 3], '13_0': [2], '22,23,24_0': [2, 3], '21_0': [3]}
 USC children  {'0,1,2,5,6,7,9,10_0': [1, 2, 3], '3,4,8_0': [1, 3], '13_0': [2], '22,23,24_0': [2, 3], '21_0': [3]}
 Node s  {'1,2,3': ['0', '1', '2', '5', '6', '7', '9', '10']}
 Enroll USC nodes  ['1', '2', '3']  len  3
 Node TP  SortedDict({1: [0], 2: [1, 2, 3], 3: [4, 5, 6, 7]})
 Unobserved subclones at timepoints  {1.5: [8]}
 ============== Inside finding node v ============ 
 Time  2
 Time  3
 largest_v_mut  [[0, 1, 2, 3, 4, 5, 6, 7, 8, 9, 10]]
 largest_v_mut  []
 Sorted all timepoints  [1, 1.5, 2, 3]
 Timepoint  2
 Inside usc_node check  2
 Timepoint  3
 Node  7  has no parent 
 USC nodes  []
 Node with minimum mutation sets  {1: 7, 2: 8, 3: 11}
0   1   [-1]   subclone   []   []
1   2   [8]   subclone   [0, 1, 2, 3, 4, 5, 6, 7, 8, 9, 10]   [3]
2   2   [8]   subclone   [0, 1, 2, 5, 6, 7, 9, 10, 13, 22, 23, 24]   [4]
3   2   [8]   subclone   [0, 1, 2, 3, 4, 5, 6, 7, 8, 9, 10, 21, 22, 23, 24]   [7]
4   3   [1]   subclone   [0, 1, 2, 3, 4, 5, 6, 7, 8, 9, 10]   [0]
5   3   [3]   subclone   [0, 1, 2, 3, 4, 5, 6, 7, 8, 9, 10, 21, 22, 23, 24]   [0]
6   3   [1]   subclone   [0, 1, 2, 3, 4, 5, 6, 7, 8, 9, 10, 25, 26, 27, 28, 29, 30, 31, 32, 33, 34, 35, 36, 37, 38]   [14]
7   3   [1]   subclone   [0, 6, 7, 10, 14, 25, 26, 27, 30, 33, 35, 37, 38]   [9]
8   1.5   [0]   unobserved subclone   [0, 1, 2, 5, 6, 7, 9, 10]   [8]
 List of tree files  ['all_trees/ap001_rep2_m1_tree.csv', 'all_trees/ap001_rep2_m2_tree.csv', 'all_trees/ap001_rep2_m3_tree.csv', 'all_trees/ap001_rep2_m4_tree.csv', 'all_trees/ap001_rep2_m5_tree.csv']
{'1': ['0', '1', '2', '3', '4', '5', '6', '7', '8', '9', '10'], '2': ['0', '1', '2', '3', '4', '5', '6', '7', '8', '9', '10', '21', '22', '23', '24'], '3': ['0', '1', '2', '3', '4', '5', '6', '7', '8', '9', '10'], '4': ['0', '1', '2', '3', '4', '5', '6', '7', '8', '9', '10', '25', '26', '27', '28', '29', '30', '31', '32', '33', '34', '35', '36', '37', '38'], '5': ['0', '6', '10', '14', '26', '27', '29', '30', '32', '33', '35', '37', '38'], '6': ['0', '1', '2', '3', '4', '5', '6', '7', '8', '9', '10', '21', '22', '23', '24'], '7': ['0', '1', '2', '3', '4', '5', '6', '7', '8', '9', '10']}
 Actual mutation of  1   []
 Actual mutation of  2   ['22', '21', '23', '24']
 Actual mutation of  3   []
 Actual mutation of  4   ['31', '27', '30', '26', '37', '32', '33', '25', '38', '34', '29', '35', '28', '36']
 Actual mutation of  5   ['27', '30', '26', '14', '37', '32', '33', '38', '29', '35']
 Actual mutation of  6   []
 Updated node mutation  {'1': [], '2': ['22', '21', '23', '24'], '3': [], '4': ['31', '27', '30', '26', '37', '32', '33', '25', '38', '34', '29', '35', '28', '36'], '5': ['27', '30', '26', '14', '37', '32', '33', '38', '29', '35'], '6': [], '7': ['0', '1', '2', '3', '4', '5', '6', '7', '8', '9', '10']}
{'1': ['0', '1', '2', '3', '4', '5', '6', '7', '8', '9', '10'], '2': ['0', '1', '2', '3', '4', '5', '6', '7', '8', '9', '10', '21', '22', '23', '24'], '3': ['0', '1', '2', '3', '4', '5', '6', '7', '8', '9', '10'], '4': ['0', '1', '2', '3', '4', '5', '6', '7', '8', '9', '10', '21', '22', '23', '24', '28'], '5': ['0', '1', '2', '3', '4', '5', '6', '7', '8', '9', '10', '25', '26', '27', '28', '29', '30', '31', '32', '33', '34', '35', '36', '37', '38'], '6': ['0', '6', '10', '18', '19', '25', '26', '27', '29', '30', '33', '35', '37', '38'], '7': ['0', '1', '2', '3', '4', '5', '6', '7', '8', '9', '10', '21', '22', '23', '24'], '8': ['0', '1', '2', '3', '4', '5', '6', '7', '8', '9', '10']}
 Actual mutation of  1   []
 Actual mutation of  2   ['22', '21', '23', '24']
 Actual mutation of  3   []
 Actual mutation of  4   ['28']
 Actual mutation of  5   ['31', '27', '30', '26', '37', '32', '33', '25', '38', '34', '29', '35', '28', '36']
 Actual mutation of  6   ['27', '30', '26', '19', '37', '33', '18', '25', '38', '29', '35']
 Actual mutation of  7   []
 Updated node mutation  {'1': [], '2': ['22', '21', '23', '24'], '3': [], '4': ['28'], '5': ['31', '27', '30', '26', '37', '32', '33', '25', '38', '34', '29', '35', '28', '36'], '6': ['27', '30', '26', '19', '37', '33', '18', '25', '38', '29', '35'], '7': [], '8': ['0', '1', '2', '3', '4', '5', '6', '7', '8', '9', '10']}
{'1': ['0', '1', '2', '3', '4', '5', '6', '7', '8', '9', '10'], '2': ['0', '1', '2', '3', '4', '5', '6', '7', '8', '9', '10', '21', '22', '23', '24'], '3': ['0', '2', '5', '6', '7', '8', '9', '20', '22', '23', '24', '25'], '4': ['0', '1', '2', '3', '4', '5', '6', '7', '8', '9', '10'], '5': ['0', '1', '2', '3', '4', '5', '6', '7', '8', '9', '10', '21', '22', '23', '24'], '6': ['0', '2', '5', '6', '7', '8', '9', '20', '22', '23', '24', '25'], '7': ['0', '1', '2', '3', '4', '5', '6', '7', '8', '9', '10', '25', '26', '27', '28', '29', '30', '31', '32', '33', '34', '35', '36', '37', '38'], '8': ['0', '6', '7', '10', '14', '18', '19', '26', '27', '29', '30', '33', '35', '37'], '9': ['0', '2', '5', '6', '7', '8', '9']}
 Actual mutation of  1   ['10', '1', '3', '4']
 Actual mutation of  2   ['22', '24', '4', '1', '3', '21', '23', '10']
 Actual mutation of  3   ['22', '20', '25', '24', '23']
 Actual mutation of  4   []
 Actual mutation of  5   []
 Actual mutation of  6   []
 Actual mutation of  7   ['31', '27', '30', '26', '37', '32', '33', '25', '38', '34', '29', '35', '28', '36']
 Actual mutation of  8   ['27', '30', '26', '19', '14', '37', '33', '18', '29', '35']
 Updated node mutation  {'1': ['10', '1', '3', '4'], '2': ['22', '24', '4', '1', '3', '21', '23', '10'], '3': ['22', '20', '25', '24', '23'], '4': [], '5': [], '6': [], '7': ['31', '27', '30', '26', '37', '32', '33', '25', '38', '34', '29', '35', '28', '36'], '8': ['27', '30', '26', '19', '14', '37', '33', '18', '29', '35'], '9': ['0', '2', '5', '6', '7', '8', '9']}
{'1': ['0', '1', '2', '3', '4', '5', '6', '7', '8', '9', '10'], '2': ['0', '1', '2', '3', '4', '5', '6', '7', '8', '9', '10', '21', '22', '23', '24'], '3': ['0', '1', '2', '5', '6', '7', '9', '10', '13', '22', '23', '24'], '4': ['0', '1', '2', '3', '4', '5', '6', '7', '8', '9', '10'], '5': ['0', '1', '2', '3', '4', '5', '6', '7', '8', '9', '10', '21', '22', '23', '24'], '6': ['2', '3', '4', '5', '6', '7', '8', '9', '22', '23', '28'], '7': ['0', '1', '2', '3', '4', '5', '6', '7', '8', '9', '10', '25', '26', '27', '28', '29', '30', '31', '32', '33', '34', '35', '36', '37', '38'], '8': ['0', '6', '7', '10', '14', '19', '20', '25', '26', '27', '29', '30', '33', '35', '37'], '9': ['0', '1', '2', '5', '6', '7', '9', '10']}
 Actual mutation of  1   ['8', '3', '4']
 Actual mutation of  2   ['22', '8', '24', '4', '3', '21', '23']
 Actual mutation of  3   ['22', '13', '23', '24']
 Actual mutation of  4   []
 Actual mutation of  5   []
 Actual mutation of  6   ['22', '28', '23']
 Actual mutation of  7   ['31', '27', '30', '26', '37', '32', '33', '25', '38', '34', '29', '35', '28', '36']
 Actual mutation of  8   ['27', '20', '26', '19', '30', '14', '37', '33', '25', '29', '35']
 Updated node mutation  {'1': ['8', '3', '4'], '2': ['22', '8', '24', '4', '3', '21', '23'], '3': ['22', '13', '23', '24'], '4': [], '5': [], '6': ['22', '28', '23'], '7': ['31', '27', '30', '26', '37', '32', '33', '25', '38', '34', '29', '35', '28', '36'], '8': ['27', '20', '26', '19', '30', '14', '37', '33', '25', '29', '35'], '9': ['0', '1', '2', '5', '6', '7', '9', '10']}
{'1': ['0', '1', '2', '3', '4', '5', '6', '7', '8', '9', '10'], '2': ['0', '1', '2', '5', '6', '7', '9', '10', '13', '22', '23', '24'], '3': ['0', '1', '2', '3', '4', '5', '6', '7', '8', '9', '10', '21', '22', '23', '24'], '4': ['0', '1', '2', '3', '4', '5', '6', '7', '8', '9', '10'], '5': ['0', '1', '2', '3', '4', '5', '6', '7', '8', '9', '10', '21', '22', '23', '24'], '6': ['0', '1', '2', '3', '4', '5', '6', '7', '8', '9', '10', '25', '26', '27', '28', '29', '30', '31', '32', '33', '34', '35', '36', '37', '38'], '7': ['0', '6', '7', '10', '14', '25', '26', '27', '30', '33', '35', '37', '38'], '8': ['0', '1', '2', '5', '6', '7', '9', '10']}
 Actual mutation of  1   ['8', '3', '4']
 Actual mutation of  2   ['22', '13', '23', '24']
 Actual mutation of  3   ['22', '8', '24', '4', '3', '21', '23']
 Actual mutation of  4   []
 Actual mutation of  5   []
 Actual mutation of  6   ['31', '27', '30', '26', '37', '32', '33', '25', '38', '34', '29', '35', '28', '36']
 Actual mutation of  7   ['27', '30', '26', '14', '37', '33', '25', '38', '35']
 Updated node mutation  {'1': ['8', '3', '4'], '2': ['22', '13', '23', '24'], '3': ['22', '8', '24', '4', '3', '21', '23'], '4': [], '5': [], '6': ['31', '27', '30', '26', '37', '32', '33', '25', '38', '34', '29', '35', '28', '36'], '7': ['27', '30', '26', '14', '37', '33', '25', '38', '35'], '8': ['0', '1', '2', '5', '6', '7', '9', '10']}
 Parallel mutation count  {'m1': 9, 'm2': 10, 'm3': 15, 'm4': 15, 'm5': 14}
 Clusters with least parallel mutations  ['m1']
 Best tree path  ap001_rep2_m1_tree.csv
