13
 Total estimated FP  82  True negatives  8157
 Total estimated FN  1204  True positives  4957
 Estimated FP rate  0.01627
 Estimated FN rate  0.13
 No. of Cells in each cluster  {'0_2': 34, '0_3': 65, '12_2': 1, '12_3': 1, '1_3': 105, '7_3': 1, '9_3': 1, '11_3': 2, '8_3': 51, '2_2': 65, '2_3': 274}
 Cells in each cluster  {'0_2': [6, 64, 65, 66, 67, 68, 69, 70, 71, 72, 73, 74, 75, 76, 77, 78, 79, 80, 81, 82, 85, 86, 87, 88, 89, 90, 92, 93, 94, 95, 96, 97, 98, 99], '0_3': [100, 101, 103, 105, 106, 107, 109, 110, 111, 112, 113, 115, 116, 118, 119, 120, 121, 122, 123, 124, 125, 126, 127, 129, 130, 131, 132, 133, 134, 135, 136, 137, 139, 140, 141, 142, 143, 144, 145, 146, 147, 148, 149, 150, 151, 153, 155, 156, 157, 158, 159, 160, 161, 162, 163, 164, 166, 167, 168, 210, 223, 289, 374, 386, 537], '12_2': [41], '12_3': [327], '1_3': [169, 170, 171, 172, 173, 174, 175, 176, 177, 178, 180, 181, 182, 183, 184, 185, 186, 187, 188, 189, 190, 191, 192, 193, 194, 195, 196, 197, 198, 199, 200, 201, 202, 203, 204, 205, 206, 207, 208, 209, 212, 213, 214, 215, 216, 217, 218, 219, 220, 221, 222, 224, 225, 226, 227, 228, 229, 230, 231, 232, 233, 234, 235, 236, 237, 238, 239, 240, 241, 242, 243, 244, 245, 246, 247, 248, 249, 250, 251, 252, 253, 254, 255, 256, 257, 258, 259, 260, 261, 263, 264, 265, 266, 267, 268, 269, 270, 271, 272, 273, 274, 275, 276, 277, 278], '7_3': [179], '9_3': [262], '11_3': [434, 470], '8_3': [549, 550, 551, 552, 553, 554, 555, 556, 557, 558, 559, 560, 561, 562, 563, 564, 565, 566, 567, 568, 569, 570, 571, 572, 573, 574, 575, 576, 577, 578, 579, 580, 581, 582, 583, 584, 585, 586, 587, 588, 589, 590, 591, 592, 593, 594, 595, 596, 597, 598, 599], '2_2': [53, 83, 0, 1, 2, 3, 4, 5, 8, 9, 11, 12, 13, 14, 15, 16, 18, 19, 20, 21, 22, 23, 24, 25, 26, 27, 28, 30, 31, 32, 33, 34, 35, 36, 37, 38, 39, 40, 42, 43, 44, 45, 46, 47, 48, 49, 50, 51, 52, 54, 55, 56, 57, 58, 59, 60, 61, 62, 63, 84, 91, 7, 10, 17, 29], '2_3': [108, 165, 211, 102, 117, 152, 154, 128, 279, 280, 281, 282, 283, 284, 287, 288, 290, 292, 293, 295, 296, 297, 299, 300, 301, 302, 303, 304, 305, 306, 307, 308, 309, 310, 311, 312, 313, 314, 315, 316, 317, 318, 320, 321, 322, 323, 324, 325, 326, 328, 329, 330, 331, 332, 333, 334, 335, 339, 340, 341, 343, 344, 346, 347, 348, 349, 350, 351, 352, 353, 354, 355, 356, 357, 358, 359, 361, 362, 363, 364, 365, 366, 367, 368, 369, 370, 371, 372, 373, 375, 376, 378, 379, 380, 381, 382, 383, 384, 385, 387, 389, 390, 391, 392, 393, 394, 395, 396, 397, 399, 401, 402, 403, 404, 405, 406, 407, 408, 409, 410, 411, 412, 413, 414, 415, 416, 417, 418, 419, 420, 421, 422, 423, 424, 425, 426, 427, 428, 429, 430, 431, 432, 433, 437, 438, 439, 440, 441, 442, 443, 445, 446, 447, 448, 449, 450, 451, 452, 453, 454, 455, 456, 457, 458, 459, 460, 461, 463, 464, 465, 466, 467, 468, 469, 471, 472, 474, 475, 476, 477, 478, 479, 480, 481, 482, 483, 484, 485, 486, 487, 488, 489, 490, 491, 493, 494, 495, 496, 497, 498, 499, 500, 501, 502, 504, 505, 506, 507, 509, 510, 511, 512, 513, 514, 515, 518, 519, 520, 521, 522, 523, 524, 525, 526, 527, 528, 529, 530, 531, 532, 533, 534, 535, 536, 538, 539, 540, 542, 543, 544, 545, 546, 547, 548, 114, 388, 435, 517, 541, 291, 294, 298, 319, 336, 338, 342, 377, 398, 400, 436, 462, 492, 503, 508, 104, 138, 285, 286, 337, 345, 360, 444, 473, 516]}
FP rate  0.01627 FN rate  0.13
 Before reassigning cells 
 Timepoint  2
 Cluster  0  # of cells  33
 Cluster  12  # of cells  4
 Cluster  2  # of cells  52
 Timepoint  3
 Cluster  0  # of cells  65
 Cluster  12  # of cells  4
 Cluster  1  # of cells  102
 Cluster  7  # of cells  2
 Cluster  9  # of cells  1
 Cluster  11  # of cells  9
 Cluster  8  # of cells  51
 Cluster  2  # of cells  186
 Cells absent at timepoint  3   {514, 524, 528, 530, 532, 533, 541, 542, 102, 104, 114, 117, 152, 158, 190, 280, 284, 286, 293, 296, 297, 312, 314, 324, 327, 328, 329, 332, 333, 337, 347, 349, 352, 353, 354, 359, 370, 372, 373, 374, 375, 376, 377, 385, 388, 389, 392, 393, 395, 396, 399, 400, 404, 405, 406, 425, 427, 428, 429, 432, 436, 439, 440, 441, 445, 449, 450, 452, 456, 465, 471, 478, 486, 490, 493, 494, 498, 502, 504, 511}
 Missing cell prob  {'1': 4.5611632730638633e-10, '9': 1.292641844370261e-12, '2': 0.004903838144923754, '0': 8.56388842244802e-05, '11': 0.0049038381449237525, '7': 1.0433190092109195e-18, '8': 2.6118049816069537e-08, '12': 9.170740990564307e-05}
 Missing cell prob  {'1': 7.706485784904806e-11, '9': 2.886199916746916e-14, '2': 0.006269738883477881, '0': 1.446944133327947e-05, '11': 0.006269738883477879, '7': 2.0395086232728457e-13, '8': 7.706485784904811e-11, '12': 1.549477202410117e-05}
 Missing cell prob  {'1': 6.593949375477397e-10, '9': 9.33139282735468e-11, '2': 0.007089345094073215, '0': 1.63609465779161e-05, '11': 0.0009368575343127872, '7': 6.103112471334458e-16, '8': 8.713909495614262e-11, '12': 0.007089345094073215}
 Missing cell prob  {'1': 4.560050760298705e-09, '9': 3.695180591624293e-08, '2': 0.006478845481468827, '0': 0.00011314425184896317, '11': 0.0064788454814688244, '7': 2.98245965848881e-14, '8': 6.02611081128797e-10, '12': 1.6011549377165e-05}
 Missing cell prob  {'1': 5.833039090594448e-11, '9': 4.726730900762721e-10, '2': 0.004745565360904409, '0': 1.0951920145159228e-05, '11': 1.1727992945042172e-05, '7': 5.3988424224156246e-17, '8': 4.4139504189157525e-10, '12': 0.004745565360904409}
 Missing cell prob  {'1': 2.041810985174621e-06, '9': 5.046046784333803e-09, '2': 0.38336363795673517, '0': 0.00669492614490906, '11': 0.38336363795673517, '7': 3.534187619908697e-14, '8': 3.565746042182229e-08, '12': 0.050661536127164536}
 Missing cell prob  {'1': 1.487835406699525e-06, '9': 6.87636508698525e-11, '2': 0.0006446924443547185, '0': 0.0006446924443547185, '11': 8.51961592775593e-05, '7': 3.4032698885255166e-15, '8': 3.206444825601349e-09, '12': 1.5932661051102179e-06}
 Missing cell prob  {'1': 5.831616354757237e-10, '9': 8.252581256847478e-11, '2': 0.0008285465065130927, '0': 1.912137856247477e-06, '11': 0.0008285465065130923, '7': 3.814115551798757e-15, '8': 7.70648578490481e-11, '12': 0.0008285465065130923}
 Missing cell prob  {'1': 6.92656415090571e-10, '9': 1.0496684705749198e-10, '2': 1.840407974386781e-05, '0': 1.7186232345508794e-05, '11': 1.8404079743867805e-05, '7': 1.8331036622549546e-12, '8': 1.295347111899263e-11, '12': 4.5483077564216725e-08}
 Missing cell prob  {'1': 2.3474817523431187e-07, '9': 2.8712792096812406e-14, '2': 0.005824585746070882, '0': 0.005824585746070882, '11': 1.4394639066712567e-05, '7': 2.87127920968124e-14, '8': 4.099558591999941e-09, '12': 0.00010892644837767041}
 Missing cell prob  {'1': 2.655001861900068e-08, '9': 9.943398802848156e-12, '2': 0.004984943170304611, '0': 0.004984943170304611, '11': 1.2319581311514526e-05, '7': 2.4573702423375614e-14, '8': 3.5085871331260496e-09, '12': 9.322416710443218e-05}
 Missing cell prob  {'1': 5.073506228638794e-10, '9': 4.1112528638437765e-09, '2': 1.348045166096801e-05, '0': 1.2588413959953134e-05, '11': 1.3480451660968013e-05, '7': 1.90010773566789e-13, '8': 1.2538452372040117e-12, '12': 3.3315027810655744e-08}
 Missing cell prob  {'1': 2.0428073854331578e-08, '9': 4.090996869323215e-10, '2': 0.0005427797852411129, '0': 0.0005068625886989711, '11': 0.000542779785241113, '7': 1.1547943692710903e-19, '8': 2.8908681426930196e-09, '12': 0.0005427797852411129}
 Missing cell prob  {'1': 2.2722703339980492e-08, '9': 1.9639586324938586e-14, '2': 0.0006037487492418159, '0': 0.0005637970725614512, '11': 1.4920795591648129e-06, '7': 9.72007912861773e-19, '8': 5.615594438104833e-11, '12': 7.978544661790947e-05}
 Missing cell prob  {'1': 2.5699377477517943e-09, '9': 3.1433721765587576e-16, '2': 3.1558974755894963e-09, '0': 2.9470632614574327e-09, '11': 7.799353820708142e-12, '7': 1.099340949446665e-19, '8': 2.935366795112195e-16, '12': 3.1558974755894963e-09}
 Missing cell prob  {'1': 5.929512254983022e-11, '9': 8.985727879426954e-12, '2': 0.004824052698305845, '0': 1.1133054949182426e-05, '11': 1.1921963287733598e-05, '7': 4.1529557095504794e-16, '8': 4.486953146611116e-10, '12': 0.004824052698305845}
 Missing cell prob  {'1': 5.831616354757239e-10, '9': 1.5433275522863048e-12, '2': 0.000828546506513093, '0': 1.4469441333279473e-05, '11': 2.0476353909438077e-06, '7': 2.886199916746917e-14, '8': 1.0184127271076677e-11, '12': 0.0008285465065130926}
 Missing cell prob  {'1': 5.242716405820532e-10, '9': 1.4857952234140935e-12, '2': 1.3930047958133545e-05, '0': 2.432694002274425e-07, '11': 3.4426141408355625e-08, '7': 6.41253232459078e-17, '8': 9.804482289965527e-12, '12': 1.3930047958133542e-05}
 Missing cell prob  {'1': 6.704642632867181e-11, '9': 4.3851104358760984e-16, '2': 0.0007208354606663904, '0': 1.6635599349353052e-06, '11': 0.0007208354606663903, '7': 4.695847264547236e-16, '8': 5.073506228638794e-10, '12': 1.7814427901211122e-06}
 Missing cell prob  {'1': 4.5611632730638623e-10, '9': 6.912098368789966e-11, '2': 0.004903838144923755, '0': 8.563888422448018e-05, '11': 0.004903838144923753, '7': 7.894955453315827e-18, '8': 4.5611632730638644e-10, '12': 0.0006480426121395995}
 Missing cell prob  {'1': 2.7435507500307303e-08, '9': 7.260761349919849e-11, '2': 0.0389799199929359, '0': 0.0006807314508962944, '11': 0.03897991999293591, '7': 2.5393277753272527e-14, '8': 1.5710070188757795e-06, '12': 0.0007289693083736402}
 Missing cell prob  {'1': 8.716035422727336e-12, '9': 1.745503461635811e-13, '2': 0.0007091074677213481, '0': 1.6364938147939074e-06, '11': 0.000709107467721348, '7': 6.104601443911402e-17, '8': 4.99096028229884e-10, '12': 0.0007091074677213481}
 Missing cell prob  {'1': 4.4139504189157515e-10, '9': 2.18456471698574e-14, '2': 0.0006271268507797599, '0': 1.0951920145159228e-05, '11': 0.0006271268507797599, '7': 7.640143499418349e-18, '8': 5.83303909059445e-11, '12': 1.5498552274053682e-06}
 Missing cell prob  {'1': 1.249076054807132e-06, '9': 8.169468147768172e-12, '2': 0.23452236467155452, '0': 0.004095615116691593, '11': 0.23452236467155452, '7': 3.0595940803706216e-15, '8': 9.45195067227246e-06, '12': 0.0005795888222258969}
 Missing cell prob  {'1': 6.669981829183904e-11, '9': 2.3327126872117528e-14, '2': 9.476601008857327e-05, '0': 1.6549598756215545e-06, '11': 9.476601008857327e-05, '7': 2.6750266095088933e-14, '8': 2.0423091245385134e-07, '12': 9.476601008857325e-05}
 Missing cell prob  {'1': 1.9447114312275933e-08, '9': 1.2719207956050056e-13, '2': 0.02763014170514266, '0': 0.0004825229619460625, '11': 6.828398353924936e-05, '7': 8.318882093839755e-19, '8': 3.3961748366699516e-10, '12': 0.027630141705142653}
 Missing cell prob  {'1': 3.152737437826907e-07, '9': 1.1026162902704845e-10, '2': 0.007822590962907966, '0': 0.00013661094473548462, '11': 0.007822590962907966, '7': 8.934914390184078e-10, '8': 5.505828464337309e-09, '12': 0.0010337560358818327}
 Missing cell prob  {'1': 6.704642632867182e-11, '9': 1.342694970489085e-12, '2': 0.0054546728286257555, '0': 1.2588413959953134e-05, '11': 1.3480451660968015e-05, '7': 2.5109939275698175e-14, '8': 5.073506228638794e-10, '12': 0.0054546728286257555}
 Missing cell prob  {'1': 1.9768751905783023e-08, '9': 9.784006120038507e-13, '2': 0.02808711913344379, '0': 0.0037117150918927902, '11': 0.028087119133443788, '7': 8.456468841897425e-19, '8': 2.6124421820538087e-09, '12': 6.94133385575812e-05}
 Missing cell prob  {'1': 7.668516207503072e-12, '9': 8.21192108675935e-12, '2': 8.244642877705876e-05, '0': 1.4398150917907522e-06, '11': 8.244642877705876e-05, '7': 2.4822967879562214e-21, '8': 1.3445386591704433e-06, '12': 8.244642877705874e-05}
 Missing cell prob  {'1': 2.7435507500307306e-08, '9': 7.26076134991985e-11, '2': 0.038979919992935916, '0': 8.995871694115081e-05, '11': 0.038979919992935916, '7': 3.593516364731828e-15, '8': 2.0760870610213312e-07, '12': 0.038979919992935916}
 Missing cell prob  {'1': 6.124283068882149e-09, '9': 8.666747020258873e-10, '2': 0.008701281142200278, '0': 2.0081008053336745e-05, '11': 0.0011498750149797567, '7': 1.2264701528055953e-10, '8': 4.634339217962643e-08, '12': 0.008701281142200278}
 Missing cell prob  {'1': 3.051726278046055e-08, '9': 8.076342750329428e-11, '2': 0.005729819735982309, '0': 1.3223404046146408e-05, '11': 0.00010715421506256571, '7': 2.137390652957321e-13, '8': 4.0328587737081016e-09, '12': 0.005729819735982309}
 Missing cell prob  {'1': 3.340104188923071e-09, '9': 8.83953008682868e-12, '2': 0.004745565360904408, '0': 1.0951920145159228e-05, '11': 0.004745565360904407, '7': 3.0914752859316565e-15, '8': 5.83303909059445e-11, '12': 1.1727992945042172e-05}
 Missing cell prob  {'1': 2.386306966691185e-07, '9': 1.1028852948852313e-11, '2': 0.0448045057390068, '0': 0.0007824499435589593, '11': 0.0008378957567513111, '7': 2.9187675578474184e-14, '8': 3.153506609230725e-08, '12': 0.0448045057390068}
 Missing cell prob  {'1': 3.052470805819663e-09, '9': 1.1431982399663806e-12, '2': 0.03281799373910513, '0': 7.573808796651294e-05, '11': 0.03281799373910512, '7': 6.982211830873077e-18, '8': 2.309851619853059e-08, '12': 8.1105025380856e-05}
 Missing cell prob  {'1': 4.6354698548369005e-09, '9': 9.28315258658555e-11, '2': 0.006585999696531391, '0': 1.5199314995570588e-05, '11': 0.00012316576443973073, '7': 4.290417209868521e-15, '8': 4.635469854836899e-09, '12': 0.00658599969653139}
 Missing cell prob  {'1': 4.485858734428643e-09, '9': 2.0732402420103536e-13, '2': 0.006373434665485325, '0': 1.4708752740365206e-05, '11': 1.5751041468798517e-05, '7': 1.187175040220234e-11, '8': 5.928065988388311e-10, '12': 0.0063734346654853264}
 Missing cell prob  {'1': 2.8350528961992473e-08, '9': 1.061771819395427e-11, '2': 0.005323001002434958, '0': 9.295899519975026e-05, '11': 1.3155043383727009e-05, '7': 3.7133663291113716e-15, '8': 1.2284538822611423e-05, '12': 0.005323001002434958}
 Missing cell prob  {'1': 1.747900256921576e-07, '9': 4.6257889083440525e-10, '2': 8.1105025380856e-05, '0': 7.573808796651292e-05, '11': 2.0043958793834132e-07, '7': 5.283547111065208e-17, '8': 7.543749448806997e-12, '12': 8.110502538085599e-05}
 Missing cell prob  {'1': 3.508587133126049e-09, '9': 1.314020965478598e-12, '2': 0.03772183188402886, '0': 0.000658760647880617, '11': 9.322416710443215e-05, '7': 5.67117310887538e-17, '8': 2.0090807550822718e-07, '12': 0.03772183188402887}
 Missing cell prob  {'1': 1.623402810669071e-06, '9': 4.296308491076835e-09, '2': 0.04027996750865648, '0': 0.0007034350180603874, '11': 0.0007532816912251042, '7': 1.502560813803108e-12, '8': 2.1453281427523737e-07, '12': 0.04027996750865648}
 Missing cell prob  {'1': 4.965158654380931e-10, '9': 3.2474167861494816e-15, '2': 9.322416710443217e-05, '0': 1.2319581311514526e-05, '11': 9.322416710443217e-05, '7': 4.595564809520934e-16, '8': 3.508587133126048e-09, '12': 2.3039033096361072e-07}
 Missing cell prob  {'1': 2.953230936271504e-08, '9': 1.9315337904383213e-13, '2': 0.04195902175865966, '0': 9.683395353810104e-05, '11': 0.0001036957820074463, '7': 2.5525234846653224e-14, '8': 5.157417409897832e-10, '12': 0.04195902175865968}
 Missing cell prob  {'1': 1.5454467346786705e-06, '9': 4.089999034786962e-09, '2': 0.005067389599081669, '0': 0.005067389599081669, '11': 1.2523335988039936e-05, '7': 1.8902848017981237e-13, '8': 4.713285929626965e-10, '12': 0.005067389599081667}
 Missing cell prob  {'1': 4.99096028229884e-10, '9': 9.995070037144798e-12, '2': 0.005365925301704015, '0': 9.370860988663077e-05, '11': 1.3261124712444065e-05, '7': 8.638894672049214e-18, '8': 6.595558097230433e-11, '12': 0.005365925301704013}
 Missing cell prob  {'1': 3.1021990566985394e-08, '9': 3.3220264728791086e-08, '2': 0.33352636502235966, '0': 0.0007697194829772547, '11': 0.04407553643063316, '7': 5.369622154196986e-16, '8': 1.7763755571019203e-06, '12': 0.33352636502235966}
 Missing cell prob  {'1': 3.001342455838597e-07, '9': 7.943002804297429e-10, '2': 0.0009841148971828511, '0': 0.0001300508641942105, '11': 0.0009841148971828514, '7': 1.9630006915234416e-12, '8': 1.209630513614907e-11, '12': 2.4321006441836835e-06}
 Missing cell prob  {'1': 2.655001861900068e-08, '9': 2.294759451790818e-14, '2': 0.037721831884028875, '0': 8.705527352472752e-05, '11': 0.037721831884028875, '7': 6.07304265639679e-17, '8': 3.50858713312605e-09, '12': 9.322416710443215e-05}
 Missing cell prob  {'1': 3.902697098952918e-09, '9': 1.9315337904383216e-13, '2': 0.0055448881589722325, '0': 0.0007327574239541239, '11': 1.370340607785471e-05, '7': 8.927016698954457e-18, '8': 5.157417409897831e-10, '12': 0.005544888158972233}
 Missing cell prob  {'1': 8.858029637821618e-11, '9': 7.177994482580523e-10, '2': 0.0009523523063368877, '0': 2.197859604882158e-06, '11': 1.781008278632318e-05, '7': 1.3423674739262657e-11, '8': 6.703007304318661e-10, '12': 0.0009523523063368883}
 Missing cell prob  {'1': 2.260523441542371e-08, '9': 5.982437625677169e-11, '2': 0.000560882426588605, '0': 7.41206585714766e-05, '11': 0.000560882426588605, '7': 6.83310277675201e-18, '8': 1.5973796636140453e-07, '12': 1.3861415114458894e-06}
 Missing cell prob  {'1': 7.706485784904808e-11, '9': 1.543327552286305e-12, '2': 0.0008285465065130929, '0': 1.9121378562474776e-06, '11': 0.0008285465065130924, '7': 2.8861999167469165e-14, '8': 5.831616354757238e-10, '12': 2.047635390943807e-06}
 Missing cell prob  {'1': 7.581101261184405e-11, '9': 8.118311759798573e-11, '2': 0.0008150660548521247, '0': 1.8810273733263306e-06, '11': 0.0008150660548521244, '7': 3.7520598917709924e-15, '8': 7.581101261184408e-11, '12': 2.0143203631331517e-06}
 Missing cell prob  {'1': 5.831616354757237e-10, '9': 6.244855199845059e-10, '2': 0.0008285465065130927, '0': 0.00010949248863682313, '11': 2.0476353909438072e-06, '7': 1.1678597023158506e-11, '8': 7.70648578490481e-11, '12': 0.0008285465065130926}
 Missing cell prob  {'1': 3.5657460421822296e-08, '9': 7.140886605065804e-10, '2': 0.0008847350379048908, '0': 2.041810985174621e-06, '11': 2.1864973914936645e-06, '7': 1.0105388175298192e-10, '8': 6.227091993165498e-10, '12': 0.0008847350379048908}
 Missing cell prob  {'1': 6.815531327566692e-11, '9': 1.9315337904383216e-13, '2': 0.0007327574239541241, '0': 1.2796614884117729e-05, '11': 1.8109062345573609e-06, '7': 2.5525234846653224e-14, '8': 5.157417409897833e-10, '12': 0.0007327574239541241}
 Missing cell prob  {'1': 3.967244161459873e-09, '9': 7.944940653781566e-11, '2': 0.005636595568877878, '0': 9.843549910859796e-05, '11': 0.005636595568877877, '7': 4.852461864361296e-16, '8': 5.242716405820533e-10, '12': 0.0056365955688778765}
 Missing cell prob  {'1': 5.241437655515752e-09, '9': 4.530256183082026e-15, '2': 0.0009841148971828511, '0': 2.271162010832387e-06, '11': 1.840407974386781e-05, '7': 1.485432823286428e-11, '8': 9.153460193526094e-11, '12': 0.0009841148971828518}
 Missing cell prob  {'1': 5.831616354757239e-10, '9': 1.5433275522863044e-12, '2': 0.000828546506513093, '0': 1.4469441333279473e-05, '11': 2.0476353909438077e-06, '7': 8.837374038147475e-11, '8': 7.706485784904814e-11, '12': 0.000828546506513093}
 Missing cell prob  {'1': 4.390060702370409e-09, '9': 3.557431255960191e-08, '2': 0.00010892644837767044, '0': 1.4394639066712574e-05, '11': 0.00010892644837767045, '7': 7.09596007080813e-17, '8': 5.417570034053984e-10, '12': 0.00010892644837767042}
 Missing cell prob  {'1': 1.0513662357091755e-05, '9': 9.087122089476609e-12, '2': 0.26086561841426326, '0': 0.004555664325229047, '11': 0.26086561841426326, '7': 2.404891721012839e-14, '8': 1.836068578866719e-07, '12': 0.0006446924443547184}
 Missing cell prob  {'1': 4.031875119627501e-08, '9': 5.7056869001755064e-09, '2': 0.05728422176365011, '0': 0.0010003912630323884, '11': 0.0001415698441835985, '7': 1.8634215305571187e-12, '8': 5.328126269927471e-09, '12': 0.0572842217636501}
 Missing cell prob  {'1': 5.073506228638794e-10, '9': 1.90010773566789e-13, '2': 0.0054546728286257555, '0': 9.525846511403613e-05, '11': 1.3480451660968017e-05, '7': 1.1605121708640795e-18, '8': 6.704642632867181e-11, '12': 0.005454672828625756}
 Missing cell prob  {'1': 3.3953464760890383e-09, '9': 8.985727879426955e-12, '2': 0.004824052698305844, '0': 8.424553957814787e-05, '11': 0.004824052698305843, '7': 4.152955709550479e-16, '8': 4.486953146611114e-10, '12': 1.1921963287733595e-05}
 Missing cell prob  {'1': 7.83394405467436e-11, '9': 1.5688527871329573e-12, '2': 0.0008422499125909476, '0': 1.4708752740365212e-05, '11': 0.0008422499125909471, '7': 2.933935039845199e-14, '8': 5.928065988388316e-10, '12': 2.0815014190314495e-06}
 Missing cell prob  {'1': 1.0184127271076669e-11, '9': 2.0395086232728452e-13, '2': 0.00010949248863682316, '0': 2.526891741760159e-07, '11': 2.705951844740884e-07, '7': 1.543327552286304e-12, '8': 7.70648578490481e-11, '12': 0.00010949248863682317}
 Missing cell prob  {'1': 8.574225526399565e-12, '9': 3.2111820732787334e-15, '2': 9.218397080377531e-05, '0': 2.12744195923208e-07, '11': 9.218397080377531e-05, '7': 1.4841198291973579e-19, '8': 8.574225526399567e-12, '12': 2.278196330703595e-07}
 Missing cell prob  {'1': 6.02611081128797e-10, '9': 4.883184175649398e-09, '2': 0.006478845481468824, '0': 0.00011314425184896312, '11': 0.006478845481468823, '7': 1.5948001861618103e-12, '8': 3.45066056494511e-08, '12': 1.601154937716499e-05}
 Missing cell prob  {'1': 2.953951434197464e-09, '9': 1.9320050255431827e-14, '2': 0.004196925847526084, '0': 9.685757805788713e-06, '11': 0.004196925847526083, '7': 3.8691002232390806e-16, '8': 3.9036492375516696e-10, '12': 1.0372108060328231e-05}
 Missing cell prob  {'1': 4.1663451040173385e-08, '9': 1.9255698503068773e-12, '2': 0.44793577477599067, '0': 0.0010337560358818323, '11': 0.44793577477599067, '7': 8.343667101752181e-10, '8': 1.8053147525858718e-05, '12': 0.0011070098516994462}
 Missing cell prob  {'1': 4.486953146611114e-10, '9': 2.2206954316588297e-14, '2': 0.004824052698305844, '0': 1.1133054949182426e-05, '11': 1.1921963287733596e-05, '7': 2.37805791225512e-14, '8': 3.39534647608904e-09, '12': 0.004824052698305844}
 Missing cell prob  {'1': 1.5454467346786703e-06, '9': 1.3357536778166751e-12, '2': 0.005067389599081668, '0': 8.849508861651824e-05, '11': 1.2523335988039931e-05, '7': 4.671571274151378e-16, '8': 4.713285929626963e-10, '12': 0.005067389599081667}
 Missing cell prob  {'1': 5.073506228638794e-10, '9': 2.510993927569818e-14, '2': 0.04127634847464627, '0': 9.525846511403614e-05, '11': 0.00010200865163418515, '7': 1.16051217086408e-18, '8': 3.839200217152955e-09, '12': 0.04127634847464629}
 Missing cell prob  {'1': 4.6354698548369e-09, '9': 2.008590720445831e-06, '2': 0.0008703403988381781, '0': 1.5199314995570585e-05, '11': 0.00011501555492763578, '7': 1.3137004627887648e-11, '8': 4.635469854836899e-09, '12': 0.0008703403988381778}
 Missing cell prob  {'1': 6.928254020479905e-11, '9': 1.3874761619607752e-12, '2': 0.0007448765656777004, '0': 1.7190425259990345e-06, '11': 1.840856977582631e-06, '7': 2.5947399028852658e-14, '8': 5.242716405820533e-10, '12': 0.0007448765656777003}
 Missing cell prob  {'1': 3.50858713312605e-09, '9': 9.285417391583648e-12, '2': 0.0006587606478806171, '0': 1.1504361520147376e-05, '11': 1.2319581311514528e-05, '7': 2.4573702423375617e-14, '8': 3.5085871331260496e-09, '12': 0.0006587606478806171}
 Missing cell prob  {'1': 3.902697098952917e-09, '9': 1.9315337904383208e-13, '2': 0.00010369578200744624, '0': 2.3931140708574193e-07, '11': 2.5626944469735195e-07, '7': 4.773512309828137e-16, '8': 9.644963363107784e-12, '12': 0.00010369578200744625}
 Missing cell prob  {'1': 6.815531327566692e-11, '9': 3.3731618737508457e-15, '2': 0.005544888158972234, '0': 1.279661488411773e-05, '11': 0.005544888158972235, '7': 2.552523484665322e-14, '8': 2.9532309362715038e-08, '12': 1.3703406077854711e-05}
 Missing cell prob  {'1': 1.1328082344298544e-11, '9': 2.9979581188090266e-14, '2': 0.00012179147946066233, '0': 2.126923055129094e-06, '11': 0.00012179147946066228, '7': 2.2686010309353883e-13, '8': 1.132808234429854e-11, '12': 3.0099039908886177e-07}
 Cells absent at timepoint  2   {34, 44, 45, 15, 17, 83, 21, 87, 26, 60, 62}
 Missing cell prob  {'0': 7.826408373880118e-05, '2': 0.03391253039385424, '12': 0.03391253039385423}
 Missing cell prob  {'0': 1.7470477006402968e-05, '2': 0.001000391263032388, '12': 0.0010003912630323888}
 Missing cell prob  {'0': 0.0001113033948713805, '2': 0.04822876064213753, '12': 0.04822876064213753}
 Missing cell prob  {'0': 0.0005826006766654841, '2': 0.03336077352434624, '12': 0.03336077352434622}
 Missing cell prob  {'0': 1.2941010827873768e-05, '2': 1.2941010827873768e-05, '12': 1.2941010827873768e-05}
 Missing cell prob  {'0': 1.0773732404397486e-05, '2': 1.1537178499826334e-05, '12': 1.1537178499826336e-05}
 Missing cell prob  {'0': 1.446944133327947e-05, '2': 0.006269738883477881, '12': 0.006269738883477881}
 Missing cell prob  {'0': 0.00012793493663377072, '2': 1.810464536643508e-05, '12': 0.00013700063681787062}
 Missing cell prob  {'0': 1.3008259262315604e-05, '2': 0.0007448765656777003, '12': 0.0007448765656777001}
 Missing cell prob  {'0': 1.4120159566220023e-05, '2': 0.00611839195682179, '12': 0.006118391956821792}
 Missing cell prob  {'0': 8.287486464921145e-05, '2': 0.004745565360904409, '12': 0.004745565360904407}
 Timepoint  2
SortedDict({2: {'0': ['6', '64', '65', '66', '67', '68', '69', '70', '71', '72', '73', '74', '75', '76', '77', '78', '79', '80', '81', '82', '85', '86', '88', '89', '90', '92', '93', '94', '95', '96', '97', '98', '99', '17'], '12': ['20', '41', '49', '57', '44', '83', '87', '60'], '2': ['0', '1', '2', '3', '4', '5', '7', '8', '9', '10', '11', '12', '13', '14', '16', '18', '19', '22', '23', '24', '25', '27', '28', '29', '30', '31', '32', '33', '35', '36', '37', '38', '39', '40', '42', '43', '46', '47', '48', '50', '51', '52', '53', '54', '55', '56', '58', '59', '61', '63', '84', '91', '34', '45', '15', '21', '26', '62']}, 3: {'0': ['100', '101', '103', '105', '106', '107', '108', '109', '110', '111', '112', '113', '115', '116', '118', '119', '120', '121', '122', '123', '124', '125', '126', '127', '129', '130', '131', '132', '133', '134', '135', '136', '137', '139', '140', '141', '142', '143', '144', '145', '146', '147', '148', '149', '150', '151', '153', '155', '156', '157', '159', '160', '161', '162', '163', '164', '166', '167', '168', '210', '223', '271', '289', '386', '537'], '12': ['350', '412', '475', '476', '372', '375', '385', '396', '399', '429', '441', '450', '490', '502'], '1': ['169', '170', '171', '172', '173', '174', '175', '176', '177', '178', '180', '181', '182', '183', '184', '185', '186', '187', '188', '189', '191', '192', '193', '194', '195', '196', '197', '198', '199', '200', '201', '202', '203', '204', '205', '206', '207', '208', '209', '212', '213', '214', '215', '216', '217', '218', '219', '220', '221', '222', '224', '225', '226', '227', '228', '229', '230', '232', '233', '234', '235', '236', '237', '238', '239', '240', '241', '242', '243', '244', '245', '246', '247', '248', '249', '250', '251', '252', '253', '254', '255', '256', '257', '258', '259', '260', '261', '263', '264', '265', '266', '267', '268', '269', '270', '272', '273', '274', '275', '276', '277', '278'], '7': ['179', '231'], '9': ['262'], '11': ['315', '316', '348', '424', '434', '443', '470', '484', '500', '117', '152', '297', '393', '436', '504'], '8': ['549', '550', '551', '552', '553', '554', '555', '556', '557', '558', '559', '560', '561', '562', '563', '564', '565', '566', '567', '568', '569', '570', '571', '572', '573', '574', '575', '576', '577', '578', '579', '580', '581', '582', '583', '584', '585', '586', '587', '588', '589', '590', '591', '592', '593', '594', '595', '596', '597', '598', '599'], '2': ['128', '138', '154', '165', '211', '279', '281', '282', '283', '285', '287', '288', '290', '291', '292', '294', '295', '298', '299', '300', '301', '302', '303', '304', '305', '306', '307', '308', '309', '310', '311', '313', '317', '318', '319', '320', '321', '322', '323', '325', '326', '330', '331', '334', '335', '336', '338', '339', '340', '341', '342', '343', '344', '345', '346', '351', '355', '356', '357', '358', '360', '361', '362', '363', '364', '365', '366', '367', '368', '369', '371', '378', '379', '380', '381', '382', '383', '384', '387', '390', '391', '394', '397', '398', '401', '402', '403', '407', '408', '409', '410', '411', '413', '414', '415', '416', '417', '418', '419', '420', '421', '422', '423', '426', '430', '431', '433', '435', '437', '438', '442', '444', '446', '447', '448', '451', '453', '454', '455', '457', '458', '459', '460', '461', '462', '463', '464', '466', '467', '468', '469', '472', '473', '474', '477', '479', '480', '481', '482', '483', '485', '487', '488', '489', '491', '492', '495', '496', '497', '499', '501', '503', '505', '506', '507', '508', '509', '510', '512', '513', '515', '516', '517', '518', '519', '520', '521', '522', '523', '525', '526', '527', '529', '531', '534', '535', '536', '538', '539', '540', '543', '544', '545', '546', '547', '548', '514', '524', '528', '530', '532', '533', '541', '542', '102', '104', '114', '158', '190', '280', '284', '286', '293', '296', '312', '314', '324', '327', '328', '329', '332', '333', '337', '347', '349', '352', '353', '354', '359', '370', '373', '374', '376', '377', '388', '389', '392', '395', '400', '404', '405', '406', '425', '427', '428', '432', '439', '440', '445', '449', '452', '456', '465', '471', '478', '486', '493', '494', '498', '511']}})
 Cluster1  12
 Cluster to drop  2
 Timepoint  3
SortedDict({2: {'0': ['6', '64', '65', '66', '67', '68', '69', '70', '71', '72', '73', '74', '75', '76', '77', '78', '79', '80', '81', '82', '85', '86', '88', '89', '90', '92', '93', '94', '95', '96', '97', '98', '99', '17'], '12': ['20', '41', '49', '57', '44', '83', '87', '60', '0', '1', '2', '3', '4', '5', '7', '8', '9', '10', '11', '12', '13', '14', '16', '18', '19', '22', '23', '24', '25', '27', '28', '29', '30', '31', '32', '33', '35', '36', '37', '38', '39', '40', '42', '43', '46', '47', '48', '50', '51', '52', '53', '54', '55', '56', '58', '59', '61', '63', '84', '91', '34', '45', '15', '21', '26', '62']}, 3: {'0': ['100', '101', '103', '105', '106', '107', '108', '109', '110', '111', '112', '113', '115', '116', '118', '119', '120', '121', '122', '123', '124', '125', '126', '127', '129', '130', '131', '132', '133', '134', '135', '136', '137', '139', '140', '141', '142', '143', '144', '145', '146', '147', '148', '149', '150', '151', '153', '155', '156', '157', '159', '160', '161', '162', '163', '164', '166', '167', '168', '210', '223', '271', '289', '386', '537'], '12': ['350', '412', '475', '476', '372', '375', '385', '396', '399', '429', '441', '450', '490', '502'], '1': ['169', '170', '171', '172', '173', '174', '175', '176', '177', '178', '180', '181', '182', '183', '184', '185', '186', '187', '188', '189', '191', '192', '193', '194', '195', '196', '197', '198', '199', '200', '201', '202', '203', '204', '205', '206', '207', '208', '209', '212', '213', '214', '215', '216', '217', '218', '219', '220', '221', '222', '224', '225', '226', '227', '228', '229', '230', '232', '233', '234', '235', '236', '237', '238', '239', '240', '241', '242', '243', '244', '245', '246', '247', '248', '249', '250', '251', '252', '253', '254', '255', '256', '257', '258', '259', '260', '261', '263', '264', '265', '266', '267', '268', '269', '270', '272', '273', '274', '275', '276', '277', '278'], '7': ['179', '231'], '9': ['262'], '11': ['315', '316', '348', '424', '434', '443', '470', '484', '500', '117', '152', '297', '393', '436', '504'], '8': ['549', '550', '551', '552', '553', '554', '555', '556', '557', '558', '559', '560', '561', '562', '563', '564', '565', '566', '567', '568', '569', '570', '571', '572', '573', '574', '575', '576', '577', '578', '579', '580', '581', '582', '583', '584', '585', '586', '587', '588', '589', '590', '591', '592', '593', '594', '595', '596', '597', '598', '599'], '2': ['128', '138', '154', '165', '211', '279', '281', '282', '283', '285', '287', '288', '290', '291', '292', '294', '295', '298', '299', '300', '301', '302', '303', '304', '305', '306', '307', '308', '309', '310', '311', '313', '317', '318', '319', '320', '321', '322', '323', '325', '326', '330', '331', '334', '335', '336', '338', '339', '340', '341', '342', '343', '344', '345', '346', '351', '355', '356', '357', '358', '360', '361', '362', '363', '364', '365', '366', '367', '368', '369', '371', '378', '379', '380', '381', '382', '383', '384', '387', '390', '391', '394', '397', '398', '401', '402', '403', '407', '408', '409', '410', '411', '413', '414', '415', '416', '417', '418', '419', '420', '421', '422', '423', '426', '430', '431', '433', '435', '437', '438', '442', '444', '446', '447', '448', '451', '453', '454', '455', '457', '458', '459', '460', '461', '462', '463', '464', '466', '467', '468', '469', '472', '473', '474', '477', '479', '480', '481', '482', '483', '485', '487', '488', '489', '491', '492', '495', '496', '497', '499', '501', '503', '505', '506', '507', '508', '509', '510', '512', '513', '515', '516', '517', '518', '519', '520', '521', '522', '523', '525', '526', '527', '529', '531', '534', '535', '536', '538', '539', '540', '543', '544', '545', '546', '547', '548', '514', '524', '528', '530', '532', '533', '541', '542', '102', '104', '114', '158', '190', '280', '284', '286', '293', '296', '312', '314', '324', '327', '328', '329', '332', '333', '337', '347', '349', '352', '353', '354', '359', '370', '373', '374', '376', '377', '388', '389', '392', '395', '400', '404', '405', '406', '425', '427', '428', '432', '439', '440', '445', '449', '452', '456', '465', '471', '478', '486', '493', '494', '498', '511']}})
 Cluster1  12
SortedDict({2: {'0': ['6', '64', '65', '66', '67', '68', '69', '70', '71', '72', '73', '74', '75', '76', '77', '78', '79', '80', '81', '82', '85', '86', '88', '89', '90', '92', '93', '94', '95', '96', '97', '98', '99', '17'], '12': ['20', '41', '49', '57', '44', '83', '87', '60', '0', '1', '2', '3', '4', '5', '7', '8', '9', '10', '11', '12', '13', '14', '16', '18', '19', '22', '23', '24', '25', '27', '28', '29', '30', '31', '32', '33', '35', '36', '37', '38', '39', '40', '42', '43', '46', '47', '48', '50', '51', '52', '53', '54', '55', '56', '58', '59', '61', '63', '84', '91', '34', '45', '15', '21', '26', '62']}, 3: {'0': ['100', '101', '103', '105', '106', '107', '108', '109', '110', '111', '112', '113', '115', '116', '118', '119', '120', '121', '122', '123', '124', '125', '126', '127', '129', '130', '131', '132', '133', '134', '135', '136', '137', '139', '140', '141', '142', '143', '144', '145', '146', '147', '148', '149', '150', '151', '153', '155', '156', '157', '159', '160', '161', '162', '163', '164', '166', '167', '168', '210', '223', '271', '289', '386', '537'], '12': ['350', '412', '475', '476', '372', '375', '385', '396', '399', '429', '441', '450', '490', '502', '315', '316', '348', '424', '434', '443', '470', '484', '500', '117', '152', '297', '393', '436', '504'], '1': ['169', '170', '171', '172', '173', '174', '175', '176', '177', '178', '180', '181', '182', '183', '184', '185', '186', '187', '188', '189', '191', '192', '193', '194', '195', '196', '197', '198', '199', '200', '201', '202', '203', '204', '205', '206', '207', '208', '209', '212', '213', '214', '215', '216', '217', '218', '219', '220', '221', '222', '224', '225', '226', '227', '228', '229', '230', '232', '233', '234', '235', '236', '237', '238', '239', '240', '241', '242', '243', '244', '245', '246', '247', '248', '249', '250', '251', '252', '253', '254', '255', '256', '257', '258', '259', '260', '261', '263', '264', '265', '266', '267', '268', '269', '270', '272', '273', '274', '275', '276', '277', '278'], '7': ['179', '231'], '9': ['262'], '11': ['315', '316', '348', '424', '434', '443', '470', '484', '500', '117', '152', '297', '393', '436', '504'], '8': ['549', '550', '551', '552', '553', '554', '555', '556', '557', '558', '559', '560', '561', '562', '563', '564', '565', '566', '567', '568', '569', '570', '571', '572', '573', '574', '575', '576', '577', '578', '579', '580', '581', '582', '583', '584', '585', '586', '587', '588', '589', '590', '591', '592', '593', '594', '595', '596', '597', '598', '599'], '2': ['128', '138', '154', '165', '211', '279', '281', '282', '283', '285', '287', '288', '290', '291', '292', '294', '295', '298', '299', '300', '301', '302', '303', '304', '305', '306', '307', '308', '309', '310', '311', '313', '317', '318', '319', '320', '321', '322', '323', '325', '326', '330', '331', '334', '335', '336', '338', '339', '340', '341', '342', '343', '344', '345', '346', '351', '355', '356', '357', '358', '360', '361', '362', '363', '364', '365', '366', '367', '368', '369', '371', '378', '379', '380', '381', '382', '383', '384', '387', '390', '391', '394', '397', '398', '401', '402', '403', '407', '408', '409', '410', '411', '413', '414', '415', '416', '417', '418', '419', '420', '421', '422', '423', '426', '430', '431', '433', '435', '437', '438', '442', '444', '446', '447', '448', '451', '453', '454', '455', '457', '458', '459', '460', '461', '462', '463', '464', '466', '467', '468', '469', '472', '473', '474', '477', '479', '480', '481', '482', '483', '485', '487', '488', '489', '491', '492', '495', '496', '497', '499', '501', '503', '505', '506', '507', '508', '509', '510', '512', '513', '515', '516', '517', '518', '519', '520', '521', '522', '523', '525', '526', '527', '529', '531', '534', '535', '536', '538', '539', '540', '543', '544', '545', '546', '547', '548', '514', '524', '528', '530', '532', '533', '541', '542', '102', '104', '114', '158', '190', '280', '284', '286', '293', '296', '312', '314', '324', '327', '328', '329', '332', '333', '337', '347', '349', '352', '353', '354', '359', '370', '373', '374', '376', '377', '388', '389', '392', '395', '400', '404', '405', '406', '425', '427', '428', '432', '439', '440', '445', '449', '452', '456', '465', '471', '478', '486', '493', '494', '498', '511']}})
 Cluster1  12
 Cluster to drop  11
 Cluster to drop  2
 After reassigning and merging cells 
 Timepoint  2
 Cluster  0  # of cells  34
 Cluster  12  # of cells  66
 Timepoint  3
 Cluster  0  # of cells  65
 Cluster  12  # of cells  279
 Cluster  1  # of cells  102
 Cluster  7  # of cells  2
 Cluster  9  # of cells  1
 Cluster  8  # of cells  51
 Tp cluster cell dict  {'0_2': 34, '12_2': 66, '0_3': 65, '12_3': 279, '1_3': 102, '7_3': 2, '9_3': 1, '8_3': 51}
 New Graph is here 
 ID  0  Timepoint  1  Mutations  []  Type  subclone
 ID  1  Timepoint  2  Mutations  [2, 3, 4, 5, 6, 7, 8, 9, 10, 11, 12, 13, 14]  Type  subclone
 ID  2  Timepoint  2  Mutations  [2, 3, 4, 5, 6, 7, 8, 9, 10, 11]  Type  subclone
 ID  3  Timepoint  3  Mutations  [2, 3, 4, 5, 6, 7, 8, 9, 10, 11, 12, 13, 14]  Type  subclone
 ID  4  Timepoint  3  Mutations  [2, 3, 4, 5, 6, 7, 8, 9, 10, 11]  Type  subclone
 ID  5  Timepoint  3  Mutations  [2, 3, 4, 5, 6, 7, 8, 9, 10, 11, 12, 13, 14, 15, 16, 17, 18, 19, 20]  Type  subclone
 ID  6  Timepoint  3  Mutations  [2, 3, 4, 5, 6, 7, 8, 9, 10, 11, 12, 13, 14, 15, 16, 17, 18, 19, 20, 25, 29]  Type  subclone
 ID  7  Timepoint  3  Mutations  [0, 2, 3, 5, 6, 8, 9, 12, 13, 14, 15, 17, 20, 24, 26]  Type  subclone
 ID  8  Timepoint  3  Mutations  [2, 3, 4, 5, 6, 7, 8, 9, 10, 11, 21, 22, 23, 24, 25, 26, 27, 28, 29]  Type  subclone
Timepoints  SortedDict({1: [0], 2: [1, 2], 3: [3, 4, 5, 6, 7, 8]})
 Clone to nodes  {'0_2': 1, '12_2': 2, '0_3': 3, '12_3': 4, '1_3': 5, '7_3': 6, '9_3': 7, '8_3': 8}
 Timepoint ====  1
 Hash table  {'0,1': [2, 3, 4, 5, 6, 7, 8, 9, 10, 11], '0': [12, 13, 14]}
 Final possible usc  [[2, 3, 4, 5, 6, 7, 8, 9, 10, 11], [12, 13, 14]]
 Time  1  USC keys  {'12,13,14_0', '2,3,4,5,6,7,8,9,10,11_0'}
 USC children  {'2,3,4,5,6,7,8,9,10,11_0': [1, 2], '12,13,14_0': [1]}
 USC children  {'2,3,4,5,6,7,8,9,10,11_0': [1, 2], '12,13,14_0': [1]}
 Timepoint ====  2
 Hash table  {'0,1,2,3': [2, 3, 5, 6, 8, 9], '0,1,3': [4, 7, 10, 11], '0,1,2': [12, 13, 14, 15, 17, 20], '0,1': [16, 18, 19], '1,3': [25, 29], '2': [0], '2,3': [24, 26], '3': [21, 22, 23, 27, 28]}
====== Inside find superset of t nodes ==========
 Final possible usc  []
 Time  2  USC keys  set()
 USC children  {'2,3,4,5,6,7,8,9,10,11_0': [1, 2], '12,13,14_0': [1]}
 USC children  {'2,3,4,5,6,7,8,9,10,11_0': [1, 2], '12,13,14_0': [1]}
 Node s  {'1,2': ['2', '3', '4', '5', '6', '7', '8', '9', '10', '11']}
 Enroll USC nodes  ['1', '2']  len  2
 Node TP  SortedDict({1: [0], 2: [1, 2], 3: [3, 4, 5, 6, 7, 8]})
 Unobserved subclones at timepoints  {1.5: [9]}
 ============== Inside finding node v ============ 
 Time  2
 Time  3
 largest_v_mut  [[2, 3, 4, 5, 6, 7, 8, 9, 10, 11, 12, 13, 14]]
 largest_v_mut  [[2, 3, 4, 5, 6, 7, 8, 9, 10, 11, 12, 13, 14]]
 largest_v_mut  []
 largest_v_mut  [[2, 3, 4, 5, 6, 7, 8, 9, 10, 11]]
 Sorted all timepoints  [1, 1.5, 2, 3]
 Timepoint  2
 Inside usc_node check  2
 Timepoint  3
 Node  7  has no parent 
 USC nodes  []
 Node with minimum mutation sets  {1: 4, 2: 4}
0   1   [-1]   subclone   []   []
1   2   [9]   subclone   [2, 3, 4, 5, 6, 7, 8, 9, 10, 11, 12, 13, 14]   [3]
2   2   [9]   subclone   [2, 3, 4, 5, 6, 7, 8, 9, 10, 11]   [0]
3   3   [1]   subclone   [2, 3, 4, 5, 6, 7, 8, 9, 10, 11, 12, 13, 14]   [0]
4   3   [2]   subclone   [2, 3, 4, 5, 6, 7, 8, 9, 10, 11]   [0]
5   3   [1]   subclone   [2, 3, 4, 5, 6, 7, 8, 9, 10, 11, 12, 13, 14, 15, 16, 17, 18, 19, 20]   [6]
6   3   [1]   subclone   [2, 3, 4, 5, 6, 7, 8, 9, 10, 11, 12, 13, 14, 15, 16, 17, 18, 19, 20, 25, 29]   [8]
7   3   [1]   subclone   [0, 2, 3, 5, 6, 8, 9, 12, 13, 14, 15, 17, 20, 24, 26]   [6]
8   3   [2]   subclone   [2, 3, 4, 5, 6, 7, 8, 9, 10, 11, 21, 22, 23, 24, 25, 26, 27, 28, 29]   [9]
9   1.5   [0]   unobserved subclone   [2, 3, 4, 5, 6, 7, 8, 9, 10, 11]   [10]
11
 Total estimated FP  85  True negatives  8156
 Total estimated FN  1205  True positives  4954
 Estimated FP rate  0.01687
 Estimated FN rate  0.13
 No. of Cells in each cluster  {'1_3': 104, '5_3': 1, '9_3': 1, '7_3': 51, '3_3': 276, '3_2': 66, '8_2': 34, '8_3': 67}
 Cells in each cluster  {'1_3': [169, 170, 171, 172, 173, 174, 175, 176, 177, 178, 180, 181, 182, 183, 184, 185, 186, 187, 188, 189, 190, 191, 192, 193, 194, 195, 196, 197, 198, 199, 200, 201, 202, 203, 204, 205, 206, 207, 208, 209, 212, 213, 214, 215, 216, 217, 218, 219, 220, 221, 222, 224, 225, 226, 227, 228, 229, 230, 231, 232, 233, 234, 235, 236, 237, 238, 239, 240, 241, 242, 243, 244, 245, 246, 247, 248, 249, 250, 251, 252, 253, 254, 255, 256, 257, 258, 259, 260, 261, 263, 264, 265, 266, 267, 268, 269, 270, 272, 273, 274, 275, 276, 277, 278], '5_3': [179], '9_3': [262], '7_3': [549, 550, 551, 552, 553, 554, 555, 556, 557, 558, 559, 560, 561, 562, 563, 564, 565, 566, 567, 568, 569, 570, 571, 572, 573, 574, 575, 576, 577, 578, 579, 580, 581, 582, 583, 584, 585, 586, 587, 588, 589, 590, 591, 592, 593, 594, 595, 596, 597, 598, 599], '3_3': [102, 117, 152, 154, 138, 285, 291, 327, 337, 342, 360, 398, 434, 444, 470, 473, 492, 503, 516, 104, 114, 128, 279, 280, 281, 282, 283, 284, 286, 287, 288, 290, 292, 293, 295, 296, 297, 299, 300, 301, 302, 303, 304, 305, 306, 307, 308, 309, 310, 311, 312, 313, 314, 315, 316, 317, 318, 320, 321, 322, 323, 324, 325, 326, 328, 329, 330, 331, 332, 333, 334, 335, 339, 340, 341, 343, 344, 345, 346, 347, 348, 349, 350, 351, 352, 353, 354, 355, 356, 357, 358, 359, 361, 362, 363, 364, 365, 366, 367, 368, 369, 370, 371, 372, 373, 375, 376, 378, 379, 380, 381, 382, 383, 384, 385, 387, 388, 389, 390, 391, 392, 393, 394, 395, 396, 397, 399, 401, 402, 403, 404, 405, 406, 407, 408, 409, 410, 411, 412, 413, 414, 415, 416, 417, 418, 419, 420, 421, 422, 423, 424, 425, 426, 427, 428, 429, 430, 431, 432, 433, 435, 437, 438, 439, 440, 441, 442, 443, 445, 446, 447, 448, 449, 450, 451, 452, 453, 454, 455, 456, 457, 458, 459, 460, 461, 463, 464, 465, 466, 467, 468, 469, 471, 472, 474, 475, 476, 477, 478, 479, 480, 481, 482, 483, 484, 485, 486, 487, 488, 489, 490, 491, 493, 494, 495, 496, 497, 498, 499, 500, 501, 502, 504, 505, 506, 507, 509, 510, 511, 512, 513, 514, 515, 517, 518, 519, 520, 521, 522, 523, 524, 525, 526, 527, 528, 529, 530, 531, 532, 533, 534, 535, 536, 538, 539, 540, 541, 542, 543, 544, 545, 546, 547, 548, 294, 298, 319, 336, 338, 377, 400, 436, 462, 508, 165, 211], '3_2': [29, 41, 0, 1, 2, 3, 4, 5, 7, 8, 9, 10, 11, 12, 13, 14, 15, 16, 18, 19, 20, 21, 22, 23, 24, 25, 26, 27, 28, 30, 31, 32, 33, 34, 35, 36, 37, 38, 39, 40, 42, 43, 44, 45, 46, 47, 48, 49, 50, 51, 52, 54, 55, 56, 57, 58, 59, 60, 61, 62, 63, 84, 91, 17, 53, 83], '8_2': [6, 64, 65, 66, 67, 68, 69, 70, 71, 72, 73, 74, 75, 76, 77, 78, 79, 80, 81, 82, 85, 86, 87, 88, 89, 90, 92, 93, 94, 95, 96, 97, 98, 99], '8_3': [100, 101, 103, 105, 106, 107, 108, 109, 110, 111, 112, 113, 115, 116, 118, 119, 120, 121, 122, 123, 124, 125, 126, 127, 129, 130, 131, 132, 133, 134, 135, 136, 137, 139, 140, 141, 142, 143, 144, 145, 146, 147, 148, 149, 150, 151, 153, 155, 156, 157, 158, 159, 160, 161, 162, 163, 164, 166, 167, 168, 223, 289, 374, 386, 537, 210, 271]}
FP rate  0.01687 FN rate  0.13
 Before reassigning cells 
 Timepoint  2
 Cluster  3  # of cells  65
 Cluster  8  # of cells  34
 Timepoint  3
 Cluster  1  # of cells  103
 Cluster  5  # of cells  1
 Cluster  9  # of cells  1
 Cluster  7  # of cells  51
 Cluster  3  # of cells  274
 Cluster  8  # of cells  65
 Cells absent at timepoint  3   {388, 104, 114, 541, 190}
 Missing cell prob  {'9': 3.303172254654342e-08, '7': 4.696063747031345e-10, '8': 0.0050242906488112546, '5': 1.4808949861863633e-12, '3': 0.0050242906488112546, '1': 1.536046521770455e-06}
 Missing cell prob  {'9': 9.73509520148765e-11, '7': 4.082087667213904e-09, '8': 0.005775046722771557, '5': 8.778274962574764e-11, '3': 0.005775046722771557, '1': 2.334627088057825e-07}
 Missing cell prob  {'9': 2.1350037286382562e-13, '7': 3.4915038779931656e-09, '8': 0.004939530865565808, '5': 7.508261353641831e-11, '3': 0.004939530865565808, '1': 2.6404632365933998e-08}
 Missing cell prob  {'9': 2.9732304859664967e-08, '7': 3.1966783169901405e-09, '8': 0.0006631862852901205, '5': 1.1179444831438217e-11, '3': 0.0006631862852901205, '1': 1.5333198119684957e-06}
 Missing cell prob  {'9': 1.4084064901837093e-13, '7': 3.256306142939873e-16, '8': 3.1414849027414264e-09, '5': 3.6112391605252945e-16, '3': 3.483902558601756e-09, '1': 2.554306046284743e-09}
 Cells absent at timepoint  2   {17}
 Missing cell prob  {'8': 1.3328494312472033e-05, '3': 1.3328494312472033e-05}
 Timepoint  2
 Timepoint  3
 After reassigning and merging cells 
 Timepoint  2
 Cluster  3  # of cells  65
 Cluster  8  # of cells  35
 Timepoint  3
 Cluster  1  # of cells  103
 Cluster  5  # of cells  1
 Cluster  9  # of cells  1
 Cluster  7  # of cells  51
 Cluster  3  # of cells  275
 Cluster  8  # of cells  69
 Tp cluster cell dict  {'3_2': 65, '8_2': 35, '1_3': 103, '5_3': 1, '9_3': 1, '7_3': 51, '3_3': 275, '8_3': 69}
 New Graph is here 
 ID  0  Timepoint  1  Mutations  []  Type  subclone
 ID  1  Timepoint  2  Mutations  [2, 3, 4, 5, 6, 7, 8, 9, 10, 11]  Type  subclone
 ID  2  Timepoint  2  Mutations  [2, 3, 4, 5, 6, 7, 8, 9, 10, 11, 12, 13, 14]  Type  subclone
 ID  3  Timepoint  3  Mutations  [2, 3, 4, 5, 6, 7, 8, 9, 10, 11, 12, 13, 14, 15, 16, 17, 18, 19, 20]  Type  subclone
 ID  4  Timepoint  3  Mutations  [3, 5, 6, 7, 8, 10, 13, 14, 15, 16, 18, 19, 25, 28, 29]  Type  subclone
 ID  5  Timepoint  3  Mutations  [2, 3, 4, 5, 6, 9, 12, 13, 14, 15, 17, 20, 24, 26]  Type  subclone
 ID  6  Timepoint  3  Mutations  [2, 3, 4, 5, 6, 7, 8, 9, 10, 11, 21, 22, 23, 24, 25, 26, 27, 28, 29]  Type  subclone
 ID  7  Timepoint  3  Mutations  [2, 3, 4, 5, 6, 7, 8, 9, 10, 11]  Type  subclone
 ID  8  Timepoint  3  Mutations  [2, 3, 4, 5, 6, 7, 8, 9, 10, 11, 12, 13, 14]  Type  subclone
Timepoints  SortedDict({1: [0], 2: [1, 2], 3: [3, 4, 5, 6, 7, 8]})
 Clone to nodes  {'3_2': 1, '8_2': 2, '1_3': 3, '5_3': 4, '9_3': 5, '7_3': 6, '3_3': 7, '8_3': 8}
 Timepoint ====  1
 Hash table  {'0,1': [2, 3, 4, 5, 6, 7, 8, 9, 10, 11], '1': [12, 13, 14]}
 Final possible usc  [[2, 3, 4, 5, 6, 7, 8, 9, 10, 11], [12, 13, 14]]
 Time  1  USC keys  {'12,13,14_0', '2,3,4,5,6,7,8,9,10,11_0'}
 USC children  {'2,3,4,5,6,7,8,9,10,11_0': [1, 2], '12,13,14_0': [2]}
 USC children  {'2,3,4,5,6,7,8,9,10,11_0': [1, 2], '12,13,14_0': [2]}
 Timepoint ====  2
 Hash table  {'0,2,3': [2, 4, 9], '0,1,2,3': [3, 5, 6], '0,1,3': [7, 8, 10], '0,3': [11], '0,2': [12, 17, 20], '0,1,2': [13, 14, 15], '0,1': [16, 18, 19], '1,3': [25, 28, 29], '2,3': [24, 26], '3': [21, 22, 23, 27]}
====== Inside find superset of t nodes ==========
 Final possible usc  []
 Time  2  USC keys  set()
 USC children  {'2,3,4,5,6,7,8,9,10,11_0': [1, 2], '12,13,14_0': [2]}
 USC children  {'2,3,4,5,6,7,8,9,10,11_0': [1, 2], '12,13,14_0': [2]}
 Node s  {'1,2': ['2', '3', '4', '5', '6', '7', '8', '9', '10', '11']}
 Enroll USC nodes  ['1', '2']  len  2
 Node TP  SortedDict({1: [0], 2: [1, 2], 3: [3, 4, 5, 6, 7, 8]})
 Unobserved subclones at timepoints  {1.5: [9]}
 ============== Inside finding node v ============ 
 Time  2
 Time  3
 largest_v_mut  [[2, 3, 4, 5, 6, 7, 8, 9, 10, 11, 12, 13, 14]]
 largest_v_mut  []
 largest_v_mut  []
 largest_v_mut  [[2, 3, 4, 5, 6, 7, 8, 9, 10, 11]]
 Sorted all timepoints  [1, 1.5, 2, 3]
 Timepoint  2
 Inside usc_node check  2
 Timepoint  3
 Node  4  has no parent 
 USC nodes  []
 Node with minimum mutation sets  {1: 4, 2: 5}
 Node  5  has no parent 
 USC nodes  []
 Node with minimum mutation sets  {1: 4, 2: 4}
0   1   [-1]   subclone   []   []
1   2   [9]   subclone   [2, 3, 4, 5, 6, 7, 8, 9, 10, 11]   [0]
2   2   [9]   subclone   [2, 3, 4, 5, 6, 7, 8, 9, 10, 11, 12, 13, 14]   [3]
3   3   [2]   subclone   [2, 3, 4, 5, 6, 7, 8, 9, 10, 11, 12, 13, 14, 15, 16, 17, 18, 19, 20]   [6]
4   3   [1]   subclone   [3, 5, 6, 7, 8, 10, 13, 14, 15, 16, 18, 19, 25, 28, 29]   [9]
5   3   [1]   subclone   [2, 3, 4, 5, 6, 9, 12, 13, 14, 15, 17, 20, 24, 26]   [8]
6   3   [1]   subclone   [2, 3, 4, 5, 6, 7, 8, 9, 10, 11, 21, 22, 23, 24, 25, 26, 27, 28, 29]   [9]
7   3   [1]   subclone   [2, 3, 4, 5, 6, 7, 8, 9, 10, 11]   [0]
8   3   [2]   subclone   [2, 3, 4, 5, 6, 7, 8, 9, 10, 11, 12, 13, 14]   [0]
9   1.5   [0]   unobserved subclone   [2, 3, 4, 5, 6, 7, 8, 9, 10, 11]   [10]
10
 Total estimated FP  85  True negatives  8155
 Total estimated FN  1206  True positives  4954
 Estimated FP rate  0.01687
 Estimated FN rate  0.13
 No. of Cells in each cluster  {'0_2': 34, '0_3': 65, '6_3': 105, '7_3': 1, '9_3': 1, '8_3': 51, '3_2': 66, '3_3': 277}
 Cells in each cluster  {'0_2': [6, 64, 65, 66, 67, 68, 69, 70, 71, 72, 73, 74, 75, 76, 77, 78, 79, 80, 81, 82, 85, 86, 87, 88, 89, 90, 92, 93, 94, 95, 96, 97, 98, 99], '0_3': [100, 101, 103, 105, 106, 107, 109, 110, 111, 112, 113, 115, 116, 118, 119, 120, 121, 122, 123, 124, 125, 126, 127, 129, 130, 131, 132, 133, 134, 135, 136, 137, 139, 140, 141, 142, 143, 144, 145, 146, 147, 148, 149, 150, 151, 153, 155, 156, 157, 158, 159, 160, 161, 162, 163, 164, 166, 167, 168, 210, 223, 289, 374, 386, 537], '6_3': [169, 170, 171, 172, 173, 174, 175, 176, 177, 178, 180, 181, 182, 183, 184, 185, 186, 187, 188, 189, 190, 191, 192, 193, 194, 195, 196, 197, 198, 199, 200, 201, 202, 203, 204, 205, 206, 207, 208, 209, 212, 213, 214, 215, 216, 217, 218, 219, 220, 221, 222, 224, 225, 226, 227, 228, 229, 230, 231, 232, 233, 234, 235, 236, 237, 238, 239, 240, 241, 242, 243, 244, 245, 246, 247, 248, 249, 250, 251, 252, 253, 254, 255, 256, 257, 258, 259, 260, 261, 263, 264, 265, 266, 267, 268, 269, 270, 271, 272, 273, 274, 275, 276, 277, 278], '7_3': [179], '9_3': [262], '8_3': [549, 550, 551, 552, 553, 554, 555, 556, 557, 558, 559, 560, 561, 562, 563, 564, 565, 566, 567, 568, 569, 570, 571, 572, 573, 574, 575, 576, 577, 578, 579, 580, 581, 582, 583, 584, 585, 586, 587, 588, 589, 590, 591, 592, 593, 594, 595, 596, 597, 598, 599], '3_2': [0, 1, 2, 3, 4, 5, 8, 9, 11, 12, 13, 14, 15, 16, 18, 19, 20, 21, 22, 23, 24, 25, 26, 27, 28, 30, 31, 32, 33, 34, 35, 36, 37, 38, 39, 40, 41, 42, 43, 44, 45, 46, 47, 48, 49, 50, 51, 52, 54, 55, 56, 57, 58, 59, 60, 61, 62, 63, 84, 91, 17, 29, 53, 83, 7, 10], '3_3': [104, 114, 128, 138, 279, 280, 281, 282, 283, 284, 286, 287, 288, 290, 291, 292, 293, 295, 296, 297, 299, 300, 301, 302, 303, 304, 305, 306, 307, 308, 309, 310, 311, 312, 313, 314, 315, 316, 317, 318, 320, 321, 322, 323, 324, 325, 326, 327, 328, 329, 330, 331, 332, 333, 334, 335, 337, 339, 340, 341, 343, 344, 345, 346, 347, 348, 349, 350, 351, 352, 353, 354, 355, 356, 357, 358, 359, 360, 361, 362, 363, 364, 365, 366, 367, 368, 369, 370, 371, 372, 373, 375, 376, 378, 379, 380, 381, 382, 383, 384, 385, 387, 389, 390, 391, 392, 393, 394, 395, 396, 397, 399, 401, 402, 403, 404, 405, 406, 407, 408, 409, 410, 411, 412, 413, 414, 415, 416, 417, 418, 419, 420, 421, 422, 423, 424, 425, 426, 427, 428, 429, 430, 431, 432, 433, 434, 437, 438, 439, 440, 441, 442, 443, 445, 446, 447, 448, 449, 450, 451, 452, 453, 454, 455, 456, 457, 458, 459, 460, 461, 463, 464, 465, 466, 467, 468, 469, 470, 471, 472, 474, 475, 476, 477, 478, 479, 480, 481, 482, 483, 484, 485, 486, 487, 488, 489, 490, 491, 493, 494, 495, 496, 497, 498, 499, 500, 501, 502, 504, 505, 506, 507, 509, 510, 511, 512, 513, 514, 515, 518, 519, 520, 521, 522, 523, 524, 525, 526, 527, 528, 529, 530, 531, 532, 533, 534, 535, 536, 538, 539, 540, 542, 543, 544, 545, 546, 547, 548, 285, 294, 298, 319, 336, 338, 342, 377, 398, 400, 436, 444, 462, 473, 492, 503, 508, 516, 108, 165, 211, 102, 117, 152, 154, 388, 435, 517, 541]}
FP rate  0.01687 FN rate  0.13
 Before reassigning cells 
 Timepoint  2
 Cluster  0  # of cells  34
 Cluster  3  # of cells  65
 Timepoint  3
 Cluster  0  # of cells  65
 Cluster  6  # of cells  103
 Cluster  7  # of cells  1
 Cluster  9  # of cells  1
 Cluster  8  # of cells  51
 Cluster  3  # of cells  274
 Cells absent at timepoint  2   {17}
 Missing cell prob  {'3': 1.3328494312472033e-05, '0': 1.3328494312472033e-05}
 Cells absent at timepoint  3   {388, 104, 114, 541, 190}
 Missing cell prob  {'3': 0.0050242906488112546, '7': 1.4808949861863633e-12, '8': 4.696063747031345e-10, '9': 2.97851779566294e-08, '0': 0.0050242906488112546, '6': 1.536046521770455e-06}
 Missing cell prob  {'3': 0.005775046722771557, '7': 1.5348784457884908e-12, '8': 4.082087667213904e-09, '9': 1.702178145041797e-12, '0': 0.005775046722771557, '6': 2.334627088057825e-07}
 Missing cell prob  {'3': 0.004939530865565808, '7': 9.928228982672058e-12, '8': 3.4915038779931656e-09, '9': 5.678151526619919e-10, '0': 0.004939530865565808, '6': 2.6404632365933998e-08}
 Missing cell prob  {'3': 0.0006631862852901205, '7': 5.765333137730437e-10, '8': 3.1966783169901405e-09, '9': 7.623542236580684e-11, '0': 0.0006631862852901205, '6': 1.5333198119684957e-06}
 Missing cell prob  {'3': 3.483902558601756e-09, '7': 4.7751679927200704e-17, '8': 3.256306142939873e-16, '9': 4.775167992720071e-17, '0': 3.1414849027414264e-09, '6': 2.554306046284743e-09}
 Timepoint  2
 Timepoint  3
 After reassigning and merging cells 
 Timepoint  2
 Cluster  0  # of cells  34
 Cluster  3  # of cells  66
 Timepoint  3
 Cluster  0  # of cells  65
 Cluster  6  # of cells  103
 Cluster  7  # of cells  1
 Cluster  9  # of cells  1
 Cluster  8  # of cells  51
 Cluster  3  # of cells  279
 Tp cluster cell dict  {'0_2': 34, '3_2': 66, '0_3': 65, '6_3': 103, '7_3': 1, '9_3': 1, '8_3': 51, '3_3': 279}
 New Graph is here 
 ID  0  Timepoint  1  Mutations  []  Type  subclone
 ID  1  Timepoint  2  Mutations  [2, 3, 4, 5, 6, 7, 8, 9, 10, 11, 12, 13, 14]  Type  subclone
 ID  2  Timepoint  2  Mutations  [2, 3, 4, 5, 6, 7, 8, 9, 10, 11]  Type  subclone
 ID  3  Timepoint  3  Mutations  [2, 3, 4, 5, 6, 7, 8, 9, 10, 11, 12, 13, 14]  Type  subclone
 ID  4  Timepoint  3  Mutations  [2, 3, 4, 5, 6, 7, 8, 9, 10, 11, 12, 13, 14, 15, 16, 17, 18, 19, 20]  Type  subclone
 ID  5  Timepoint  3  Mutations  [3, 5, 6, 7, 8, 10, 13, 14, 15, 16, 18, 19, 20, 23, 25, 28]  Type  subclone
 ID  6  Timepoint  3  Mutations  [0, 2, 3, 5, 7, 8, 9, 10, 12, 13, 14, 15, 17, 20, 24, 26]  Type  subclone
 ID  7  Timepoint  3  Mutations  [2, 3, 4, 5, 6, 7, 8, 9, 10, 11, 21, 22, 23, 24, 25, 26, 27, 28, 29]  Type  subclone
 ID  8  Timepoint  3  Mutations  [2, 3, 4, 5, 6, 7, 8, 9, 10, 11]  Type  subclone
Timepoints  SortedDict({1: [0], 2: [1, 2], 3: [3, 4, 5, 6, 7, 8]})
 Clone to nodes  {'0_2': 1, '3_2': 2, '0_3': 3, '6_3': 4, '7_3': 5, '9_3': 6, '8_3': 7, '3_3': 8}
 Timepoint ====  1
 Hash table  {'0,1': [2, 3, 4, 5, 6, 7, 8, 9, 10, 11], '0': [12, 13, 14]}
 Final possible usc  [[2, 3, 4, 5, 6, 7, 8, 9, 10, 11], [12, 13, 14]]
 Time  1  USC keys  {'12,13,14_0', '2,3,4,5,6,7,8,9,10,11_0'}
 USC children  {'2,3,4,5,6,7,8,9,10,11_0': [1, 2], '12,13,14_0': [1]}
 USC children  {'2,3,4,5,6,7,8,9,10,11_0': [1, 2], '12,13,14_0': [1]}
 Timepoint ====  2
 Hash table  {'0,2,3': [2, 9], '0,1,2,3': [3, 5, 7, 8, 10], '0,3': [4, 11], '0,1,3': [6], '0,2': [12, 17], '0,1,2': [13, 14, 15, 20], '0,1': [16, 18, 19], '1,3': [23, 25, 28], '2': [0], '2,3': [24, 26], '3': [21, 22, 27, 29]}
====== Inside find superset of t nodes ==========
 Final possible usc  []
 Time  2  USC keys  set()
 USC children  {'2,3,4,5,6,7,8,9,10,11_0': [1, 2], '12,13,14_0': [1]}
 USC children  {'2,3,4,5,6,7,8,9,10,11_0': [1, 2], '12,13,14_0': [1]}
 Node s  {'1,2': ['2', '3', '4', '5', '6', '7', '8', '9', '10', '11']}
 Enroll USC nodes  ['1', '2']  len  2
 Node TP  SortedDict({1: [0], 2: [1, 2], 3: [3, 4, 5, 6, 7, 8]})
 Unobserved subclones at timepoints  {1.5: [9]}
 ============== Inside finding node v ============ 
 Time  2
 Time  3
 largest_v_mut  [[2, 3, 4, 5, 6, 7, 8, 9, 10, 11, 12, 13, 14]]
 largest_v_mut  []
 largest_v_mut  []
 largest_v_mut  [[2, 3, 4, 5, 6, 7, 8, 9, 10, 11]]
 Sorted all timepoints  [1, 1.5, 2, 3]
 Timepoint  2
 Inside usc_node check  2
 Timepoint  3
 Node  5  has no parent 
 USC nodes  []
 Node with minimum mutation sets  {1: 5, 2: 4}
 Node  6  has no parent 
 USC nodes  []
 Node with minimum mutation sets  {1: 3, 2: 3}
0   1   [-1]   subclone   []   []
1   2   [9]   subclone   [2, 3, 4, 5, 6, 7, 8, 9, 10, 11, 12, 13, 14]   [3]
2   2   [9]   subclone   [2, 3, 4, 5, 6, 7, 8, 9, 10, 11]   [0]
3   3   [1]   subclone   [2, 3, 4, 5, 6, 7, 8, 9, 10, 11, 12, 13, 14]   [0]
4   3   [1]   subclone   [2, 3, 4, 5, 6, 7, 8, 9, 10, 11, 12, 13, 14, 15, 16, 17, 18, 19, 20]   [6]
5   3   [2]   subclone   [3, 5, 6, 7, 8, 10, 13, 14, 15, 16, 18, 19, 20, 23, 25, 28]   [10]
6   3   [1]   subclone   [0, 2, 3, 5, 7, 8, 9, 10, 12, 13, 14, 15, 17, 20, 24, 26]   [6]
7   3   [2]   subclone   [2, 3, 4, 5, 6, 7, 8, 9, 10, 11, 21, 22, 23, 24, 25, 26, 27, 28, 29]   [9]
8   3   [2]   subclone   [2, 3, 4, 5, 6, 7, 8, 9, 10, 11]   [0]
9   1.5   [0]   unobserved subclone   [2, 3, 4, 5, 6, 7, 8, 9, 10, 11]   [10]
9
 Total estimated FP  82  True negatives  8149
 Total estimated FN  1212  True positives  4957
 Estimated FP rate  0.01627
 Estimated FN rate  0.13
 No. of Cells in each cluster  {'6_3': 104, '5_3': 1, '4_3': 1, '7_3': 51, '2_2': 66, '2_3': 273, '8_2': 34, '8_3': 70}
 Cells in each cluster  {'6_3': [169, 170, 171, 172, 173, 174, 175, 176, 177, 178, 180, 181, 182, 183, 184, 185, 186, 187, 188, 189, 190, 191, 192, 193, 194, 195, 196, 197, 198, 199, 200, 201, 202, 203, 204, 205, 206, 207, 208, 209, 212, 213, 214, 215, 216, 217, 218, 219, 220, 221, 222, 224, 225, 226, 227, 228, 229, 230, 231, 232, 233, 234, 235, 236, 237, 238, 239, 240, 241, 242, 243, 244, 245, 246, 247, 248, 249, 250, 251, 252, 253, 254, 255, 256, 257, 258, 259, 260, 261, 263, 264, 265, 266, 267, 268, 269, 270, 272, 273, 274, 275, 276, 277, 278], '5_3': [179], '4_3': [262], '7_3': [549, 550, 551, 552, 553, 554, 555, 556, 557, 558, 559, 560, 561, 562, 563, 564, 565, 566, 567, 568, 569, 570, 571, 572, 573, 574, 575, 576, 577, 578, 579, 580, 581, 582, 583, 584, 585, 586, 587, 588, 589, 590, 591, 592, 593, 594, 595, 596, 597, 598, 599], '2_2': [0, 1, 2, 3, 4, 5, 7, 8, 9, 10, 11, 12, 13, 14, 15, 16, 18, 19, 20, 21, 22, 23, 24, 25, 26, 27, 28, 30, 31, 32, 33, 34, 35, 36, 37, 38, 39, 40, 42, 43, 44, 45, 46, 47, 48, 49, 50, 51, 52, 54, 55, 56, 57, 58, 59, 60, 61, 62, 63, 84, 91, 53, 83, 17, 29, 41], '2_3': [104, 114, 128, 279, 280, 281, 282, 283, 284, 286, 287, 288, 290, 292, 293, 295, 296, 297, 299, 300, 301, 302, 303, 304, 305, 306, 307, 308, 309, 310, 311, 312, 313, 314, 315, 316, 317, 318, 320, 321, 322, 323, 324, 325, 326, 328, 329, 330, 331, 332, 333, 334, 335, 339, 340, 341, 343, 344, 345, 346, 347, 348, 349, 350, 351, 352, 353, 354, 355, 356, 357, 358, 359, 361, 362, 363, 364, 365, 366, 367, 368, 369, 370, 371, 372, 373, 375, 376, 378, 379, 380, 381, 382, 383, 384, 385, 387, 388, 389, 390, 391, 392, 393, 394, 395, 396, 397, 399, 401, 402, 403, 404, 405, 406, 407, 408, 409, 410, 411, 412, 413, 414, 415, 416, 417, 418, 419, 420, 421, 422, 423, 424, 425, 426, 427, 428, 429, 430, 431, 432, 433, 434, 435, 437, 438, 439, 440, 441, 442, 443, 445, 446, 447, 448, 449, 450, 451, 452, 453, 454, 455, 456, 457, 458, 459, 460, 461, 463, 464, 465, 466, 467, 468, 469, 470, 471, 472, 474, 475, 476, 477, 478, 479, 480, 481, 482, 483, 484, 485, 486, 487, 488, 489, 490, 491, 493, 494, 495, 496, 497, 498, 499, 500, 501, 502, 504, 505, 506, 507, 509, 510, 511, 512, 513, 514, 515, 517, 518, 519, 520, 521, 522, 523, 524, 525, 526, 527, 528, 529, 530, 531, 532, 533, 534, 535, 536, 538, 539, 540, 541, 542, 543, 544, 545, 546, 547, 548, 108, 165, 211, 138, 285, 291, 294, 298, 319, 327, 336, 337, 338, 342, 360, 377, 398, 400, 436, 444, 462, 473, 492, 503, 508, 516], '8_2': [6, 64, 65, 66, 67, 68, 69, 70, 71, 72, 73, 74, 75, 76, 77, 78, 79, 80, 81, 82, 85, 86, 87, 88, 89, 90, 92, 93, 94, 95, 96, 97, 98, 99], '8_3': [100, 101, 102, 103, 105, 106, 107, 109, 110, 111, 112, 113, 115, 116, 117, 118, 119, 120, 121, 122, 123, 124, 125, 126, 127, 129, 130, 131, 132, 133, 134, 135, 136, 137, 139, 140, 141, 142, 143, 144, 145, 146, 147, 148, 149, 150, 151, 152, 153, 154, 155, 156, 157, 158, 159, 160, 161, 162, 163, 164, 166, 167, 168, 223, 289, 374, 386, 537, 210, 271]}
FP rate  0.01627 FN rate  0.13
 Before reassigning cells 
 Timepoint  2
 Cluster  2  # of cells  65
 Cluster  8  # of cells  34
 Timepoint  3
 Cluster  6  # of cells  102
 Cluster  5  # of cells  1
 Cluster  4  # of cells  2
 Cluster  7  # of cells  51
 Cluster  2  # of cells  273
 Cluster  8  # of cells  65
 Cells absent at timepoint  3   {388, 102, 104, 114, 541, 190}
 Missing cell prob  {'6': 1.5454467346786705e-06, '5': 1.3357536778166751e-12, '2': 0.005067389599081669, '4': 4.089999034786961e-09, '8': 0.005067389599081669, '7': 4.713285929626965e-10}
 Missing cell prob  {'6': 6.92656415090571e-10, '5': 1.2953471118992634e-11, '2': 1.840407974386781e-05, '4': 2.2711620108323865e-06, '8': 1.7186232345508794e-05, '7': 1.295347111899263e-11}
 Missing cell prob  {'6': 2.3474817523431187e-07, '5': 1.0849413511374484e-11, '2': 0.005824585746070882, '4': 4.701148315847079e-09, '8': 0.005824585746070882, '7': 4.099558591999941e-09}
 Missing cell prob  {'6': 2.655001861900068e-08, '5': 7.026418192786603e-11, '2': 0.004984943170304611, '4': 9.94339880284816e-12, '8': 0.004984943170304611, '7': 3.5085871331260496e-09}
 Missing cell prob  {'6': 1.487835406699525e-06, '5': 3.937531615146975e-09, '2': 0.0006446924443547185, '4': 1.4878354066995248e-06, '8': 0.0006446924443547185, '7': 3.206444825601349e-09}
 Missing cell prob  {'6': 2.5699377477517943e-09, '5': 3.1433721765587576e-16, '2': 3.1558974755894963e-09, '4': 1.6808443722225694e-14, '8': 2.9470632614574327e-09, '7': 2.935366795112195e-16}
 Cells absent at timepoint  2   {17}
 Missing cell prob  {'2': 1.2941010827873768e-05, '8': 1.2941010827873768e-05}
 Timepoint  2
 Timepoint  3
 After reassigning and merging cells 
 Timepoint  2
 Cluster  2  # of cells  66
 Cluster  8  # of cells  34
 Timepoint  3
 Cluster  6  # of cells  102
 Cluster  5  # of cells  1
 Cluster  4  # of cells  2
 Cluster  7  # of cells  51
 Cluster  2  # of cells  279
 Cluster  8  # of cells  65
 Tp cluster cell dict  {'2_2': 66, '8_2': 34, '6_3': 102, '5_3': 1, '4_3': 2, '7_3': 51, '2_3': 279, '8_3': 65}
 New Graph is here 
 ID  0  Timepoint  1  Mutations  []  Type  subclone
 ID  1  Timepoint  2  Mutations  [2, 3, 4, 5, 6, 7, 8, 9, 10, 11]  Type  subclone
 ID  2  Timepoint  2  Mutations  [2, 3, 4, 5, 6, 7, 8, 9, 10, 11, 12, 13, 14]  Type  subclone
 ID  3  Timepoint  3  Mutations  [2, 3, 4, 5, 6, 7, 8, 9, 10, 11, 12, 13, 14, 15, 16, 17, 18, 19, 20]  Type  subclone
 ID  4  Timepoint  3  Mutations  [3, 5, 6, 7, 8, 10, 13, 14, 15, 16, 18, 19, 22, 23, 25]  Type  subclone
 ID  5  Timepoint  3  Mutations  [2, 3, 4, 5, 6, 7, 8, 9, 10, 11, 12, 13, 14, 15, 16, 17, 18, 19, 20, 24, 26]  Type  subclone
 ID  6  Timepoint  3  Mutations  [2, 3, 4, 5, 6, 7, 8, 9, 10, 11, 21, 22, 23, 24, 25, 26, 27, 28, 29]  Type  subclone
 ID  7  Timepoint  3  Mutations  [2, 3, 4, 5, 6, 7, 8, 9, 10, 11]  Type  subclone
 ID  8  Timepoint  3  Mutations  [2, 3, 4, 5, 6, 7, 8, 9, 10, 11, 12, 13, 14]  Type  subclone
Timepoints  SortedDict({1: [0], 2: [1, 2], 3: [3, 4, 5, 6, 7, 8]})
 Clone to nodes  {'2_2': 1, '8_2': 2, '6_3': 3, '5_3': 4, '4_3': 5, '7_3': 6, '2_3': 7, '8_3': 8}
 Timepoint ====  1
 Hash table  {'0,1': [2, 3, 4, 5, 6, 7, 8, 9, 10, 11], '1': [12, 13, 14]}
 Final possible usc  [[2, 3, 4, 5, 6, 7, 8, 9, 10, 11], [12, 13, 14]]
 Time  1  USC keys  {'12,13,14_0', '2,3,4,5,6,7,8,9,10,11_0'}
 USC children  {'2,3,4,5,6,7,8,9,10,11_0': [1, 2], '12,13,14_0': [2]}
 USC children  {'2,3,4,5,6,7,8,9,10,11_0': [1, 2], '12,13,14_0': [2]}
 Timepoint ====  2
 Hash table  {'0,2,3': [2, 4, 9, 11], '0,1,2,3': [3, 5, 6, 7, 8, 10], '0,2': [12, 17, 20], '0,1,2': [13, 14, 15, 16, 18, 19], '1,3': [22, 23, 25], '2,3': [24, 26], '3': [21, 27, 28, 29]}
====== Inside find superset of t nodes ==========
 Final possible usc  []
 Time  2  USC keys  set()
 USC children  {'2,3,4,5,6,7,8,9,10,11_0': [1, 2], '12,13,14_0': [2]}
 USC children  {'2,3,4,5,6,7,8,9,10,11_0': [1, 2], '12,13,14_0': [2]}
 Node s  {'1,2': ['2', '3', '4', '5', '6', '7', '8', '9', '10', '11']}
 Enroll USC nodes  ['1', '2']  len  2
 Node TP  SortedDict({1: [0], 2: [1, 2], 3: [3, 4, 5, 6, 7, 8]})
 Unobserved subclones at timepoints  {1.5: [9]}
 ============== Inside finding node v ============ 
 Time  2
 Time  3
 largest_v_mut  [[2, 3, 4, 5, 6, 7, 8, 9, 10, 11, 12, 13, 14]]
 largest_v_mut  []
 largest_v_mut  [[2, 3, 4, 5, 6, 7, 8, 9, 10, 11, 12, 13, 14]]
 largest_v_mut  [[2, 3, 4, 5, 6, 7, 8, 9, 10, 11]]
 Sorted all timepoints  [1, 1.5, 2, 3]
 Timepoint  2
 Inside usc_node check  2
 Timepoint  3
 Node  4  has no parent 
 USC nodes  []
 Node with minimum mutation sets  {1: 4, 2: 5}
0   1   [-1]   subclone   []   []
1   2   [9]   subclone   [2, 3, 4, 5, 6, 7, 8, 9, 10, 11]   [0]
2   2   [9]   subclone   [2, 3, 4, 5, 6, 7, 8, 9, 10, 11, 12, 13, 14]   [3]
3   3   [2]   subclone   [2, 3, 4, 5, 6, 7, 8, 9, 10, 11, 12, 13, 14, 15, 16, 17, 18, 19, 20]   [6]
4   3   [1]   subclone   [3, 5, 6, 7, 8, 10, 13, 14, 15, 16, 18, 19, 22, 23, 25]   [9]
5   3   [2]   subclone   [2, 3, 4, 5, 6, 7, 8, 9, 10, 11, 12, 13, 14, 15, 16, 17, 18, 19, 20, 24, 26]   [8]
6   3   [1]   subclone   [2, 3, 4, 5, 6, 7, 8, 9, 10, 11, 21, 22, 23, 24, 25, 26, 27, 28, 29]   [9]
7   3   [1]   subclone   [2, 3, 4, 5, 6, 7, 8, 9, 10, 11]   [0]
8   3   [2]   subclone   [2, 3, 4, 5, 6, 7, 8, 9, 10, 11, 12, 13, 14]   [0]
9   1.5   [0]   unobserved subclone   [2, 3, 4, 5, 6, 7, 8, 9, 10, 11]   [10]
10
 Total estimated FP  87  True negatives  8160
 Total estimated FN  1201  True positives  4952
 Estimated FP rate  0.01727
 Estimated FN rate  0.13
 No. of Cells in each cluster  {'6_3': 103, '9_3': 1, '4_3': 1, '7_3': 51, '3_2': 66, '3_3': 276, '2_2': 34, '2_3': 68}
 Cells in each cluster  {'6_3': [169, 170, 171, 172, 173, 174, 175, 176, 177, 178, 180, 181, 182, 183, 184, 185, 186, 187, 188, 189, 191, 192, 193, 194, 195, 196, 197, 198, 199, 200, 201, 202, 203, 204, 205, 206, 207, 208, 209, 212, 213, 214, 215, 216, 217, 218, 219, 220, 221, 222, 224, 225, 226, 227, 228, 229, 230, 231, 232, 233, 234, 235, 236, 237, 238, 239, 240, 241, 242, 243, 244, 245, 246, 247, 248, 249, 250, 251, 252, 253, 254, 255, 256, 257, 258, 259, 260, 261, 263, 264, 265, 266, 267, 268, 269, 270, 272, 273, 274, 275, 276, 277, 278], '9_3': [179], '4_3': [262], '7_3': [549, 550, 551, 552, 553, 554, 555, 556, 557, 558, 559, 560, 561, 562, 563, 564, 565, 566, 567, 568, 569, 570, 571, 572, 573, 574, 575, 576, 577, 578, 579, 580, 581, 582, 583, 584, 585, 586, 587, 588, 589, 590, 591, 592, 593, 594, 595, 596, 597, 598, 599], '3_2': [17, 0, 1, 2, 3, 4, 5, 8, 9, 11, 12, 13, 14, 15, 16, 18, 19, 20, 21, 22, 23, 24, 25, 26, 27, 28, 29, 30, 31, 32, 33, 34, 35, 36, 37, 38, 39, 40, 41, 42, 43, 44, 45, 46, 47, 48, 49, 50, 51, 52, 54, 55, 56, 57, 58, 59, 60, 61, 62, 63, 84, 91, 7, 10, 53, 83], '3_3': [291, 298, 319, 336, 342, 377, 398, 462, 508, 104, 114, 128, 138, 279, 280, 281, 282, 283, 284, 285, 286, 287, 288, 290, 292, 293, 294, 295, 296, 297, 299, 300, 301, 303, 304, 305, 306, 307, 308, 309, 310, 311, 312, 313, 314, 315, 316, 317, 318, 320, 321, 322, 323, 324, 325, 326, 327, 328, 329, 330, 331, 332, 333, 334, 335, 337, 338, 339, 340, 341, 343, 344, 345, 347, 348, 349, 350, 351, 352, 353, 354, 355, 356, 357, 358, 359, 360, 361, 362, 363, 364, 365, 366, 367, 368, 369, 370, 371, 372, 373, 375, 376, 378, 379, 380, 381, 382, 383, 384, 385, 387, 388, 389, 390, 391, 392, 393, 394, 395, 396, 397, 399, 400, 401, 402, 403, 404, 405, 406, 407, 408, 409, 410, 411, 412, 413, 414, 415, 416, 417, 418, 419, 420, 421, 422, 423, 424, 425, 426, 427, 428, 429, 430, 431, 432, 433, 434, 436, 437, 438, 439, 440, 441, 442, 443, 444, 445, 446, 447, 448, 449, 450, 451, 452, 453, 454, 455, 456, 457, 458, 459, 460, 461, 463, 464, 465, 466, 467, 468, 469, 470, 471, 472, 473, 474, 475, 476, 477, 478, 479, 480, 481, 482, 483, 484, 485, 486, 487, 488, 489, 490, 491, 492, 493, 494, 495, 496, 497, 498, 499, 500, 501, 502, 503, 504, 505, 506, 507, 509, 510, 511, 512, 513, 514, 515, 516, 518, 519, 520, 521, 522, 523, 524, 525, 526, 527, 528, 529, 530, 531, 532, 533, 534, 535, 536, 538, 539, 540, 542, 543, 544, 545, 546, 547, 548, 102, 117, 152, 154, 165, 211, 302, 346, 435, 517, 541], '2_2': [6, 64, 65, 66, 67, 68, 69, 70, 71, 72, 73, 74, 75, 76, 77, 78, 79, 80, 81, 82, 85, 86, 87, 88, 89, 90, 92, 93, 94, 95, 96, 97, 98, 99], '2_3': [100, 101, 103, 105, 106, 107, 108, 109, 110, 111, 112, 113, 115, 116, 118, 119, 120, 121, 122, 123, 124, 125, 126, 127, 129, 130, 131, 132, 133, 134, 135, 136, 137, 139, 140, 141, 142, 143, 144, 145, 146, 147, 148, 149, 150, 151, 153, 155, 156, 157, 158, 159, 160, 161, 162, 163, 164, 166, 167, 168, 223, 289, 374, 386, 537, 190, 210, 271]}
FP rate  0.01727 FN rate  0.13
 Before reassigning cells 
 Timepoint  2
 Cluster  3  # of cells  65
 Cluster  2  # of cells  34
 Timepoint  3
 Cluster  6  # of cells  103
 Cluster  9  # of cells  1
 Cluster  4  # of cells  1
 Cluster  7  # of cells  51
 Cluster  3  # of cells  274
 Cluster  2  # of cells  65
 Cells absent at timepoint  3   {388, 104, 114, 541, 190}
 Missing cell prob  {'7': 4.684611451546342e-10, '2': 0.004995747384294516, '6': 1.529808334579818e-06, '9': 2.0939897622777298e-13, '3': 0.004995747384294516, '4': 2.2956251251954783e-07}
 Missing cell prob  {'7': 4.0704758724828804e-09, '2': 0.00574223837275232, '6': 2.3260921106986218e-07, '9': 6.320297549096641e-16, '3': 0.00574223837275232, '4': 1.8194752953874385e-12}
 Missing cell prob  {'7': 3.4801555161236377e-09, '2': 0.004909470826967751, '6': 2.63081017720014e-08, '9': 2.722186690961048e-14, '3': 0.004909470826967751, '4': 5.924032147788933e-10}
 Missing cell prob  {'7': 3.190180543247514e-09, '2': 0.0006753287531575409, '6': 1.5633011797747612e-06, '9': 4.247694478471358e-15, '3': 0.0006753287531575409, '4': 8.148880775613919e-11}
 Missing cell prob  {'7': 3.4821150497964248e-16, '2': 3.273521530638058e-09, '6': 2.5439325067902912e-09, '9': 3.60306012463395e-22, '3': 3.713385268289624e-09, '4': 1.989870619460469e-14}
 Cells absent at timepoint  2   {17}
 Missing cell prob  {'2': 1.3583580622458455e-05, '3': 1.3583580622458455e-05}
 Timepoint  2
 Timepoint  3
 After reassigning and merging cells 
 Timepoint  2
 Cluster  3  # of cells  65
 Cluster  2  # of cells  35
 Timepoint  3
 Cluster  6  # of cells  103
 Cluster  9  # of cells  1
 Cluster  4  # of cells  1
 Cluster  7  # of cells  51
 Cluster  3  # of cells  275
 Cluster  2  # of cells  69
 Tp cluster cell dict  {'3_2': 65, '2_2': 35, '6_3': 103, '9_3': 1, '4_3': 1, '7_3': 51, '3_3': 275, '2_3': 69}
 New Graph is here 
 ID  0  Timepoint  1  Mutations  []  Type  subclone
 ID  1  Timepoint  2  Mutations  [2, 3, 4, 5, 6, 7, 8, 9, 10, 11]  Type  subclone
 ID  2  Timepoint  2  Mutations  [2, 3, 4, 5, 6, 7, 8, 9, 10, 11, 12, 13, 14]  Type  subclone
 ID  3  Timepoint  3  Mutations  [2, 3, 4, 5, 6, 7, 8, 9, 10, 11, 12, 13, 14, 15, 16, 17, 18, 19, 20]  Type  subclone
 ID  4  Timepoint  3  Mutations  [5, 7, 8, 9, 10, 13, 14, 15, 16, 18, 19, 20, 22, 25, 28, 29]  Type  subclone
 ID  5  Timepoint  3  Mutations  [0, 2, 3, 5, 6, 8, 9, 10, 12, 13, 14, 15, 17, 20, 24, 26]  Type  subclone
 ID  6  Timepoint  3  Mutations  [2, 3, 4, 5, 6, 7, 8, 9, 10, 11, 21, 22, 23, 24, 25, 26, 27, 28, 29]  Type  subclone
 ID  7  Timepoint  3  Mutations  [2, 3, 4, 5, 6, 7, 8, 9, 10, 11]  Type  subclone
 ID  8  Timepoint  3  Mutations  [2, 3, 4, 5, 6, 7, 8, 9, 10, 11, 12, 13, 14]  Type  subclone
Timepoints  SortedDict({1: [0], 2: [1, 2], 3: [3, 4, 5, 6, 7, 8]})
 Clone to nodes  {'3_2': 1, '2_2': 2, '6_3': 3, '9_3': 4, '4_3': 5, '7_3': 6, '3_3': 7, '2_3': 8}
 Timepoint ====  1
 Hash table  {'0,1': [2, 3, 4, 5, 6, 7, 8, 9, 10, 11], '1': [12, 13, 14]}
 Final possible usc  [[2, 3, 4, 5, 6, 7, 8, 9, 10, 11], [12, 13, 14]]
 Time  1  USC keys  {'12,13,14_0', '2,3,4,5,6,7,8,9,10,11_0'}
 USC children  {'2,3,4,5,6,7,8,9,10,11_0': [1, 2], '12,13,14_0': [2]}
 USC children  {'2,3,4,5,6,7,8,9,10,11_0': [1, 2], '12,13,14_0': [2]}
 Timepoint ====  2
 Hash table  {'0,2,3': [2, 3, 6], '0,3': [4, 11], '0,1,2,3': [5, 8, 9, 10], '0,1,3': [7], '0,2': [12, 17], '0,1,2': [13, 14, 15, 20], '0,1': [16, 18, 19], '1,3': [22, 25, 28, 29], '2': [0], '2,3': [24, 26], '3': [21, 23, 27]}
====== Inside find superset of t nodes ==========
 Final possible usc  []
 Time  2  USC keys  set()
 USC children  {'2,3,4,5,6,7,8,9,10,11_0': [1, 2], '12,13,14_0': [2]}
 USC children  {'2,3,4,5,6,7,8,9,10,11_0': [1, 2], '12,13,14_0': [2]}
 Node s  {'1,2': ['2', '3', '4', '5', '6', '7', '8', '9', '10', '11']}
 Enroll USC nodes  ['1', '2']  len  2
 Node TP  SortedDict({1: [0], 2: [1, 2], 3: [3, 4, 5, 6, 7, 8]})
 Unobserved subclones at timepoints  {1.5: [9]}
 ============== Inside finding node v ============ 
 Time  2
 Time  3
 largest_v_mut  [[2, 3, 4, 5, 6, 7, 8, 9, 10, 11, 12, 13, 14]]
 largest_v_mut  []
 largest_v_mut  []
 largest_v_mut  [[2, 3, 4, 5, 6, 7, 8, 9, 10, 11]]
 Sorted all timepoints  [1, 1.5, 2, 3]
 Timepoint  2
 Inside usc_node check  2
 Timepoint  3
 Node  4  has no parent 
 USC nodes  []
 Node with minimum mutation sets  {1: 5, 2: 6}
 Node  5  has no parent 
 USC nodes  []
 Node with minimum mutation sets  {1: 3, 2: 3}
0   1   [-1]   subclone   []   []
1   2   [9]   subclone   [2, 3, 4, 5, 6, 7, 8, 9, 10, 11]   [0]
2   2   [9]   subclone   [2, 3, 4, 5, 6, 7, 8, 9, 10, 11, 12, 13, 14]   [3]
3   3   [2]   subclone   [2, 3, 4, 5, 6, 7, 8, 9, 10, 11, 12, 13, 14, 15, 16, 17, 18, 19, 20]   [6]
4   3   [1]   subclone   [5, 7, 8, 9, 10, 13, 14, 15, 16, 18, 19, 20, 22, 25, 28, 29]   [11]
5   3   [1]   subclone   [0, 2, 3, 5, 6, 8, 9, 10, 12, 13, 14, 15, 17, 20, 24, 26]   [9]
6   3   [1]   subclone   [2, 3, 4, 5, 6, 7, 8, 9, 10, 11, 21, 22, 23, 24, 25, 26, 27, 28, 29]   [9]
7   3   [1]   subclone   [2, 3, 4, 5, 6, 7, 8, 9, 10, 11]   [0]
8   3   [2]   subclone   [2, 3, 4, 5, 6, 7, 8, 9, 10, 11, 12, 13, 14]   [0]
9   1.5   [0]   unobserved subclone   [2, 3, 4, 5, 6, 7, 8, 9, 10, 11]   [10]
 List of tree files  ['all_trees/u0_rep3_m1_tree.csv', 'all_trees/u0_rep3_m2_tree.csv', 'all_trees/u0_rep3_m3_tree.csv', 'all_trees/u0_rep3_m4_tree.csv', 'all_trees/u0_rep3_m5_tree.csv']
{'1': ['2', '3', '4', '5', '6', '7', '8', '9', '10', '11', '12', '13', '14'], '2': ['2', '3', '4', '5', '6', '7', '8', '9', '10', '11'], '3': ['2', '3', '4', '5', '6', '7', '8', '9', '10', '11', '12', '13', '14'], '4': ['2', '3', '4', '5', '6', '7', '8', '9', '10', '11'], '5': ['2', '3', '4', '5', '6', '7', '8', '9', '10', '11', '12', '13', '14', '15', '16', '17', '18', '19', '20'], '6': ['2', '3', '4', '5', '6', '7', '8', '9', '10', '11', '12', '13', '14', '15', '16', '17', '18', '19', '20', '25', '29'], '7': ['0', '2', '3', '5', '6', '8', '9', '12', '13', '14', '15', '17', '20', '24', '26'], '8': ['2', '3', '4', '5', '6', '7', '8', '9', '10', '11', '21', '22', '23', '24', '25', '26', '27', '28', '29'], '9': ['2', '3', '4', '5', '6', '7', '8', '9', '10', '11']}
 Actual mutation of  1   ['12', '13', '14']
 Actual mutation of  2   []
 Actual mutation of  3   []
 Actual mutation of  4   []
 Actual mutation of  5   ['16', '17', '20', '18', '19', '15']
 Actual mutation of  6   ['25', '29', '16', '17', '20', '18', '19', '15']
 Actual mutation of  7   ['17', '20', '0', '15', '24', '26']
 Actual mutation of  8   ['25', '29', '23', '28', '21', '22', '27', '24', '26']
 Updated node mutation  {'1': ['12', '13', '14'], '2': [], '3': [], '4': [], '5': ['16', '17', '20', '18', '19', '15'], '6': ['25', '29', '16', '17', '20', '18', '19', '15'], '7': ['17', '20', '0', '15', '24', '26'], '8': ['25', '29', '23', '28', '21', '22', '27', '24', '26'], '9': ['2', '3', '4', '5', '6', '7', '8', '9', '10', '11']}
{'1': ['2', '3', '4', '5', '6', '7', '8', '9', '10', '11'], '2': ['2', '3', '4', '5', '6', '7', '8', '9', '10', '11', '12', '13', '14'], '3': ['2', '3', '4', '5', '6', '7', '8', '9', '10', '11', '12', '13', '14', '15', '16', '17', '18', '19', '20'], '4': ['3', '5', '6', '7', '8', '10', '13', '14', '15', '16', '18', '19', '25', '28', '29'], '5': ['2', '3', '4', '5', '6', '9', '12', '13', '14', '15', '17', '20', '24', '26'], '6': ['2', '3', '4', '5', '6', '7', '8', '9', '10', '11', '21', '22', '23', '24', '25', '26', '27', '28', '29'], '7': ['2', '3', '4', '5', '6', '7', '8', '9', '10', '11'], '8': ['2', '3', '4', '5', '6', '7', '8', '9', '10', '11', '12', '13', '14'], '9': ['2', '3', '4', '5', '6', '7', '8', '9', '10', '11']}
 Actual mutation of  1   []
 Actual mutation of  2   ['12', '13', '14']
 Actual mutation of  3   ['16', '17', '20', '18', '19', '15']
 Actual mutation of  4   ['25', '29', '16', '28', '18', '13', '19', '15', '14']
 Actual mutation of  5   ['17', '20', '12', '13', '15', '14', '24', '26']
 Actual mutation of  6   ['25', '29', '23', '28', '21', '22', '27', '24', '26']
 Actual mutation of  7   []
 Actual mutation of  8   []
 Updated node mutation  {'1': [], '2': ['12', '13', '14'], '3': ['16', '17', '20', '18', '19', '15'], '4': ['25', '29', '16', '28', '18', '13', '19', '15', '14'], '5': ['17', '20', '12', '13', '15', '14', '24', '26'], '6': ['25', '29', '23', '28', '21', '22', '27', '24', '26'], '7': [], '8': [], '9': ['2', '3', '4', '5', '6', '7', '8', '9', '10', '11']}
{'1': ['2', '3', '4', '5', '6', '7', '8', '9', '10', '11', '12', '13', '14'], '2': ['2', '3', '4', '5', '6', '7', '8', '9', '10', '11'], '3': ['2', '3', '4', '5', '6', '7', '8', '9', '10', '11', '12', '13', '14'], '4': ['2', '3', '4', '5', '6', '7', '8', '9', '10', '11', '12', '13', '14', '15', '16', '17', '18', '19', '20'], '5': ['3', '5', '6', '7', '8', '10', '13', '14', '15', '16', '18', '19', '20', '23', '25', '28'], '6': ['0', '2', '3', '5', '7', '8', '9', '10', '12', '13', '14', '15', '17', '20', '24', '26'], '7': ['2', '3', '4', '5', '6', '7', '8', '9', '10', '11', '21', '22', '23', '24', '25', '26', '27', '28', '29'], '8': ['2', '3', '4', '5', '6', '7', '8', '9', '10', '11'], '9': ['2', '3', '4', '5', '6', '7', '8', '9', '10', '11']}
 Actual mutation of  1   ['12', '13', '14']
 Actual mutation of  2   []
 Actual mutation of  3   []
 Actual mutation of  4   ['16', '17', '20', '18', '19', '15']
 Actual mutation of  5   ['25', '23', '16', '28', '20', '18', '13', '19', '15', '14']
 Actual mutation of  6   ['17', '20', '0', '15', '24', '26']
 Actual mutation of  7   ['25', '29', '23', '28', '21', '22', '27', '24', '26']
 Actual mutation of  8   []
 Updated node mutation  {'1': ['12', '13', '14'], '2': [], '3': [], '4': ['16', '17', '20', '18', '19', '15'], '5': ['25', '23', '16', '28', '20', '18', '13', '19', '15', '14'], '6': ['17', '20', '0', '15', '24', '26'], '7': ['25', '29', '23', '28', '21', '22', '27', '24', '26'], '8': [], '9': ['2', '3', '4', '5', '6', '7', '8', '9', '10', '11']}
{'1': ['2', '3', '4', '5', '6', '7', '8', '9', '10', '11'], '2': ['2', '3', '4', '5', '6', '7', '8', '9', '10', '11', '12', '13', '14'], '3': ['2', '3', '4', '5', '6', '7', '8', '9', '10', '11', '12', '13', '14', '15', '16', '17', '18', '19', '20'], '4': ['3', '5', '6', '7', '8', '10', '13', '14', '15', '16', '18', '19', '22', '23', '25'], '5': ['2', '3', '4', '5', '6', '7', '8', '9', '10', '11', '12', '13', '14', '15', '16', '17', '18', '19', '20', '24', '26'], '6': ['2', '3', '4', '5', '6', '7', '8', '9', '10', '11', '21', '22', '23', '24', '25', '26', '27', '28', '29'], '7': ['2', '3', '4', '5', '6', '7', '8', '9', '10', '11'], '8': ['2', '3', '4', '5', '6', '7', '8', '9', '10', '11', '12', '13', '14'], '9': ['2', '3', '4', '5', '6', '7', '8', '9', '10', '11']}
 Actual mutation of  1   []
 Actual mutation of  2   ['12', '13', '14']
 Actual mutation of  3   ['16', '17', '20', '18', '19', '15']
 Actual mutation of  4   ['25', '23', '16', '22', '18', '13', '19', '15', '14']
 Actual mutation of  5   ['16', '17', '20', '18', '19', '15', '24', '26']
 Actual mutation of  6   ['25', '29', '23', '28', '21', '22', '27', '24', '26']
 Actual mutation of  7   []
 Actual mutation of  8   []
 Updated node mutation  {'1': [], '2': ['12', '13', '14'], '3': ['16', '17', '20', '18', '19', '15'], '4': ['25', '23', '16', '22', '18', '13', '19', '15', '14'], '5': ['16', '17', '20', '18', '19', '15', '24', '26'], '6': ['25', '29', '23', '28', '21', '22', '27', '24', '26'], '7': [], '8': [], '9': ['2', '3', '4', '5', '6', '7', '8', '9', '10', '11']}
{'1': ['2', '3', '4', '5', '6', '7', '8', '9', '10', '11'], '2': ['2', '3', '4', '5', '6', '7', '8', '9', '10', '11', '12', '13', '14'], '3': ['2', '3', '4', '5', '6', '7', '8', '9', '10', '11', '12', '13', '14', '15', '16', '17', '18', '19', '20'], '4': ['5', '7', '8', '9', '10', '13', '14', '15', '16', '18', '19', '20', '22', '25', '28', '29'], '5': ['0', '2', '3', '5', '6', '8', '9', '10', '12', '13', '14', '15', '17', '20', '24', '26'], '6': ['2', '3', '4', '5', '6', '7', '8', '9', '10', '11', '21', '22', '23', '24', '25', '26', '27', '28', '29'], '7': ['2', '3', '4', '5', '6', '7', '8', '9', '10', '11'], '8': ['2', '3', '4', '5', '6', '7', '8', '9', '10', '11', '12', '13', '14'], '9': ['2', '3', '4', '5', '6', '7', '8', '9', '10', '11']}
 Actual mutation of  1   []
 Actual mutation of  2   ['12', '13', '14']
 Actual mutation of  3   ['16', '17', '20', '18', '19', '15']
 Actual mutation of  4   ['25', '29', '16', '28', '20', '18', '22', '13', '19', '15', '14']
 Actual mutation of  5   ['17', '20', '0', '12', '13', '15', '14', '24', '26']
 Actual mutation of  6   ['25', '29', '23', '28', '21', '22', '27', '24', '26']
 Actual mutation of  7   []
 Actual mutation of  8   []
 Updated node mutation  {'1': [], '2': ['12', '13', '14'], '3': ['16', '17', '20', '18', '19', '15'], '4': ['25', '29', '16', '28', '20', '18', '22', '13', '19', '15', '14'], '5': ['17', '20', '0', '12', '13', '15', '14', '24', '26'], '6': ['25', '29', '23', '28', '21', '22', '27', '24', '26'], '7': [], '8': [], '9': ['2', '3', '4', '5', '6', '7', '8', '9', '10', '11']}
 Parallel mutation count  {'m1': 10, 'm2': 14, 'm3': 13, 'm4': 13, 'm5': 15}
 Clusters with least parallel mutations  ['m1']
 Best tree path  u0_rep3_m1_tree.csv
