8
 Total estimated FP  310  True negatives  29913
 Total estimated FN  1637  True positives  6540
 Estimated FP rate  0.04526
 Estimated FN rate  0.05
 No. of Cells in each cluster  {'0_2': 28, '0_3': 118, '5_2': 14, '5_3': 49, '6_3': 27, '3_3': 127, '7_3': 8, '4_3': 14, '1_2': 58, '1_3': 157}
 Cells in each cluster  {'0_2': [2, 57, 58, 59, 60, 61, 62, 63, 65, 66, 67, 68, 69, 70, 71, 72, 73, 74, 76, 77, 78, 79, 80, 81, 82, 83, 84, 85], '0_3': [100, 102, 103, 104, 105, 106, 107, 108, 109, 110, 111, 112, 113, 114, 115, 116, 117, 118, 120, 121, 122, 123, 124, 125, 126, 127, 128, 129, 131, 132, 133, 134, 135, 136, 137, 138, 139, 140, 141, 142, 143, 144, 145, 146, 147, 148, 149, 150, 151, 152, 153, 154, 155, 156, 157, 158, 159, 160, 161, 162, 163, 164, 165, 166, 167, 168, 169, 170, 171, 172, 173, 174, 175, 176, 177, 178, 179, 180, 181, 182, 183, 184, 185, 186, 187, 188, 189, 190, 191, 192, 193, 194, 195, 196, 197, 198, 199, 200, 201, 202, 203, 204, 205, 206, 207, 208, 209, 210, 211, 212, 213, 214, 215, 216, 217, 336, 366, 380], '5_2': [86, 87, 88, 89, 90, 91, 92, 93, 94, 95, 96, 97, 98, 99], '5_3': [529, 530, 531, 532, 533, 534, 535, 536, 537, 538, 539, 540, 541, 542, 543, 544, 545, 546, 547, 548, 549, 550, 551, 552, 553, 554, 555, 556, 557, 558, 559, 560, 561, 562, 563, 564, 565, 566, 567, 568, 569, 570, 571, 572, 573, 574, 575, 584, 585], '6_3': [218, 219, 220, 221, 222, 223, 224, 225, 226, 227, 228, 229, 230, 231, 232, 233, 234, 235, 236, 237, 238, 239, 240, 241, 242, 243, 244], '3_3': [402, 403, 404, 405, 406, 407, 408, 409, 410, 411, 412, 413, 414, 415, 416, 417, 418, 419, 420, 421, 422, 423, 424, 425, 426, 427, 428, 429, 430, 431, 432, 433, 434, 435, 436, 437, 438, 439, 440, 441, 442, 443, 444, 445, 446, 447, 448, 449, 450, 451, 452, 453, 454, 455, 456, 457, 458, 459, 460, 461, 462, 463, 464, 465, 466, 467, 468, 469, 470, 471, 472, 473, 474, 475, 476, 477, 478, 479, 480, 481, 482, 483, 484, 485, 486, 487, 488, 489, 490, 491, 492, 493, 494, 495, 496, 497, 498, 499, 500, 501, 502, 503, 504, 505, 506, 507, 508, 509, 510, 511, 512, 513, 514, 515, 516, 517, 518, 519, 520, 521, 522, 523, 524, 525, 526, 527, 528], '7_3': [576, 577, 578, 579, 580, 581, 582, 583], '4_3': [586, 587, 588, 589, 590, 591, 592, 593, 594, 595, 596, 597, 598, 599], '1_2': [0, 1, 3, 4, 5, 6, 7, 8, 9, 10, 11, 12, 13, 14, 15, 16, 17, 18, 19, 20, 21, 22, 23, 24, 25, 26, 28, 29, 30, 31, 32, 33, 34, 35, 36, 37, 38, 39, 40, 41, 42, 43, 44, 45, 46, 47, 48, 49, 50, 51, 52, 53, 54, 55, 56, 75, 27, 64], '1_3': [101, 119, 130, 245, 246, 247, 248, 249, 250, 251, 252, 253, 254, 255, 256, 257, 258, 259, 260, 261, 262, 263, 264, 265, 266, 267, 268, 269, 270, 271, 272, 273, 274, 275, 276, 277, 278, 279, 280, 281, 282, 283, 284, 285, 286, 287, 288, 289, 290, 291, 292, 293, 294, 295, 296, 297, 298, 299, 300, 301, 302, 303, 304, 305, 306, 307, 308, 309, 310, 311, 312, 313, 314, 315, 316, 317, 318, 319, 320, 321, 322, 323, 324, 325, 326, 327, 328, 329, 330, 331, 332, 333, 334, 335, 337, 338, 339, 340, 341, 342, 343, 344, 345, 346, 347, 348, 349, 350, 351, 352, 353, 354, 355, 356, 357, 358, 359, 360, 361, 362, 363, 364, 365, 367, 368, 369, 370, 371, 372, 373, 374, 375, 376, 377, 378, 379, 381, 382, 383, 384, 385, 386, 387, 388, 389, 390, 391, 392, 393, 394, 395, 396, 397, 398, 399, 400, 401]}
FP rate  0.04526 FN rate  0.05
 Before reassigning cells 
 Timepoint  2
 Cluster  0  # of cells  27
 Cluster  5  # of cells  14
 Cluster  1  # of cells  59
 Timepoint  3
 Cluster  0  # of cells  114
 Cluster  5  # of cells  49
 Cluster  6  # of cells  26
 Cluster  3  # of cells  126
 Cluster  7  # of cells  8
 Cluster  4  # of cells  14
 Cluster  1  # of cells  163
 Cells absent at timepoint  2   set()
 Cells absent at timepoint  3   set()
 Timepoint  2
 Timepoint  3
 After reassigning and merging cells 
 Timepoint  2
 Cluster  0  # of cells  27
 Cluster  5  # of cells  14
 Cluster  1  # of cells  59
 Timepoint  3
 Cluster  0  # of cells  114
 Cluster  5  # of cells  49
 Cluster  6  # of cells  26
 Cluster  3  # of cells  126
 Cluster  7  # of cells  8
 Cluster  4  # of cells  14
 Cluster  1  # of cells  163
 Tp cluster cell dict  {'0_2': 27, '5_2': 14, '1_2': 59, '0_3': 114, '5_3': 49, '6_3': 26, '3_3': 126, '7_3': 8, '4_3': 14, '1_3': 163}
 New Graph is here 
 ID  0  Timepoint  1  Mutations  []  Type  subclone
 ID  1  Timepoint  2  Mutations  [0, 1, 2, 3, 4, 5, 6, 7, 8, 9, 10, 11, 18, 19, 20, 21, 22]  Type  subclone
 ID  2  Timepoint  2  Mutations  [12, 13, 14, 15, 16, 17, 23, 24, 25, 26, 27]  Type  subclone
 ID  3  Timepoint  2  Mutations  [0, 1, 2, 3, 4, 5, 6, 7, 8, 9, 10, 11]  Type  subclone
 ID  4  Timepoint  3  Mutations  [0, 1, 2, 3, 4, 5, 6, 7, 8, 9, 10, 11, 18, 19, 20, 21, 22]  Type  subclone
 ID  5  Timepoint  3  Mutations  [12, 13, 14, 15, 16, 17, 23, 24, 25, 26, 27]  Type  subclone
 ID  6  Timepoint  3  Mutations  [0, 1, 3, 4, 5, 6, 7, 8, 9, 10, 11, 18, 19, 20, 21, 22, 28, 29, 30, 31, 32, 33, 34, 35, 36, 37, 38, 39]  Type  subclone
 ID  7  Timepoint  3  Mutations  [0, 1, 2, 3, 4, 5, 6, 7, 8, 9, 10, 11, 40, 41, 42, 43, 44, 45, 46, 47, 48, 49, 50, 51, 52, 53]  Type  subclone
 ID  8  Timepoint  3  Mutations  [12, 13, 14, 15, 16, 17, 23, 24, 25, 26, 27, 54, 55, 56, 57, 58, 59, 60, 61, 62, 64, 65, 66, 67, 68]  Type  subclone
 ID  9  Timepoint  3  Mutations  [12, 13, 14, 15, 16, 17, 69, 70, 71, 72, 73, 74, 75, 76, 77, 78, 79]  Type  subclone
 ID  10  Timepoint  3  Mutations  [0, 1, 2, 3, 4, 5, 6, 7, 8, 9, 10, 11]  Type  subclone
Timepoints  SortedDict({1: [0], 2: [1, 2, 3], 3: [4, 5, 6, 7, 8, 9, 10]})
 Clone to nodes  {'0_2': 1, '5_2': 2, '1_2': 3, '0_3': 4, '5_3': 5, '6_3': 6, '3_3': 7, '7_3': 8, '4_3': 9, '1_3': 10}
 Timepoint ====  1
 Hash table  {'0,2': [0, 1, 2, 3, 4, 5, 6, 7, 8, 9, 10, 11], '0': [18, 19, 20, 21, 22], '1': [12, 13, 14, 15, 16, 17, 23, 24, 25, 26, 27]}
 Final possible usc  [[0, 1, 2, 3, 4, 5, 6, 7, 8, 9, 10, 11], [18, 19, 20, 21, 22], [12, 13, 14, 15, 16, 17, 23, 24, 25, 26, 27]]
 Time  1  USC keys  {'18,19,20,21,22_0', '0,1,2,3,4,5,6,7,8,9,10,11_0', '12,13,14,15,16,17,23,24,25,26,27_0'}
 USC children  {'0,1,2,3,4,5,6,7,8,9,10,11_0': [1, 3], '18,19,20,21,22_0': [1], '12,13,14,15,16,17,23,24,25,26,27_0': [2]}
 USC children  {'0,1,2,3,4,5,6,7,8,9,10,11_0': [1, 3], '18,19,20,21,22_0': [1], '12,13,14,15,16,17,23,24,25,26,27_0': [2]}
 Timepoint ====  2
 Hash table  {'0,1': [0, 1, 3, 4, 5, 6, 7, 8, 9, 10, 11], '0': [18, 19, 20, 21, 22, 28, 29, 30, 31, 32, 33, 34, 35, 36, 37, 38, 39], '1': [2, 40, 41, 42, 43, 44, 45, 46, 47, 48, 49, 50, 51, 52, 53], '2,3': [12, 13, 14, 15, 16, 17], '2': [23, 24, 25, 26, 27, 54, 55, 56, 57, 58, 59, 60, 61, 62, 64, 65, 66, 67, 68], '3': [69, 70, 71, 72, 73, 74, 75, 76, 77, 78, 79]}
====== Inside find superset of t nodes ==========
 Final possible usc  []
 Time  2  USC keys  set()
 USC children  {'0,1,2,3,4,5,6,7,8,9,10,11_0': [1, 3], '18,19,20,21,22_0': [1], '12,13,14,15,16,17,23,24,25,26,27_0': [2]}
 USC children  {'0,1,2,3,4,5,6,7,8,9,10,11_0': [1, 3], '18,19,20,21,22_0': [1], '12,13,14,15,16,17,23,24,25,26,27_0': [2]}
 Node s  {'1,3': ['0', '1', '2', '3', '4', '5', '6', '7', '8', '9', '10', '11'], '2': ['12', '13', '14', '15', '16', '17', '23', '24', '25', '26', '27']}
 Enroll USC nodes  ['1', '3']  len  2
 Enroll USC nodes  ['2']  len  1
 Node TP  SortedDict({1: [0], 2: [1, 2, 3], 3: [4, 5, 6, 7, 8, 9, 10]})
 Unobserved subclones at timepoints  {1.5: [11]}
 ============== Inside finding node v ============ 
 Time  2
 largest_v_mut  [[]]
 Time  3
 largest_v_mut  []
 largest_v_mut  [[0, 1, 2, 3, 4, 5, 6, 7, 8, 9, 10, 11]]
 largest_v_mut  [[12, 13, 14, 15, 16, 17, 23, 24, 25, 26, 27]]
 largest_v_mut  []
 Sorted all timepoints  [1, 1.5, 2, 3]
 Timepoint  2
 Inside usc_node check  2
 Timepoint  3
 Node  6  has no parent 
 USC nodes  []
 Node with minimum mutation sets  {1: 1, 2: 11, 3: 1}
 Node  9  has no parent 
 USC nodes  []
 Node with minimum mutation sets  {1: 17, 2: 5, 3: 12}
0   1   [-1]   subclone   []   []
1   2   [11]   subclone   [0, 1, 2, 3, 4, 5, 6, 7, 8, 9, 10, 11, 18, 19, 20, 21, 22]   [5]
2   2   [0]   subclone   [12, 13, 14, 15, 16, 17, 23, 24, 25, 26, 27]   [11]
3   2   [11]   subclone   [0, 1, 2, 3, 4, 5, 6, 7, 8, 9, 10, 11]   [0]
4   3   [1]   subclone   [0, 1, 2, 3, 4, 5, 6, 7, 8, 9, 10, 11, 18, 19, 20, 21, 22]   [0]
5   3   [2]   subclone   [12, 13, 14, 15, 16, 17, 23, 24, 25, 26, 27]   [0]
6   3   [1]   subclone   [0, 1, 3, 4, 5, 6, 7, 8, 9, 10, 11, 18, 19, 20, 21, 22, 28, 29, 30, 31, 32, 33, 34, 35, 36, 37, 38, 39]   [12]
7   3   [3]   subclone   [0, 1, 2, 3, 4, 5, 6, 7, 8, 9, 10, 11, 40, 41, 42, 43, 44, 45, 46, 47, 48, 49, 50, 51, 52, 53]   [14]
8   3   [2]   subclone   [12, 13, 14, 15, 16, 17, 23, 24, 25, 26, 27, 54, 55, 56, 57, 58, 59, 60, 61, 62, 64, 65, 66, 67, 68]   [14]
9   3   [2]   subclone   [12, 13, 14, 15, 16, 17, 69, 70, 71, 72, 73, 74, 75, 76, 77, 78, 79]   [11]
10   3   [3]   subclone   [0, 1, 2, 3, 4, 5, 6, 7, 8, 9, 10, 11]   [0]
11   1.5   [0]   unobserved subclone   [0, 1, 2, 3, 4, 5, 6, 7, 8, 9, 10, 11]   [12]
8
 Total estimated FP  310  True negatives  29913
 Total estimated FN  1637  True positives  6540
 Estimated FP rate  0.04526
 Estimated FN rate  0.05
 No. of Cells in each cluster  {'0_2': 57, '0_3': 157, '2_2': 28, '2_3': 118, '7_2': 1, '5_2': 14, '5_3': 49, '6_3': 27, '1_3': 127, '4_3': 8, '3_3': 14}
 Cells in each cluster  {'0_2': [0, 1, 3, 4, 5, 6, 7, 8, 9, 10, 11, 12, 13, 14, 15, 16, 17, 18, 19, 20, 21, 22, 23, 24, 25, 26, 28, 29, 30, 31, 32, 33, 34, 35, 36, 37, 38, 39, 40, 41, 42, 43, 44, 45, 46, 47, 48, 49, 50, 51, 52, 53, 54, 55, 56, 64, 75], '0_3': [101, 119, 130, 245, 246, 247, 248, 249, 250, 251, 252, 253, 254, 255, 256, 257, 258, 259, 260, 261, 262, 263, 264, 265, 266, 267, 268, 269, 270, 271, 272, 273, 274, 275, 276, 277, 278, 279, 280, 281, 282, 283, 284, 285, 286, 287, 288, 289, 290, 291, 292, 293, 294, 295, 296, 297, 298, 299, 300, 301, 302, 303, 304, 305, 306, 307, 308, 309, 310, 311, 312, 313, 314, 315, 316, 317, 318, 319, 320, 321, 322, 323, 324, 325, 326, 327, 328, 329, 330, 331, 332, 333, 334, 335, 337, 338, 339, 340, 341, 342, 343, 344, 345, 346, 347, 348, 349, 350, 351, 352, 353, 354, 355, 356, 357, 358, 359, 360, 361, 362, 363, 364, 365, 367, 368, 369, 370, 371, 372, 373, 374, 375, 376, 377, 378, 379, 381, 382, 383, 384, 385, 386, 387, 388, 389, 390, 391, 392, 393, 394, 395, 396, 397, 398, 399, 400, 401], '2_2': [2, 57, 58, 59, 60, 61, 62, 63, 65, 66, 67, 68, 69, 70, 71, 72, 73, 74, 76, 77, 78, 79, 80, 81, 82, 83, 84, 85], '2_3': [100, 102, 103, 104, 105, 106, 107, 108, 109, 110, 111, 112, 113, 114, 115, 116, 117, 118, 120, 121, 122, 123, 124, 125, 126, 127, 128, 129, 131, 132, 133, 134, 135, 136, 137, 138, 139, 140, 141, 142, 143, 144, 145, 146, 147, 148, 149, 150, 151, 152, 153, 154, 155, 156, 157, 158, 159, 160, 161, 162, 163, 164, 165, 166, 167, 168, 169, 170, 171, 172, 173, 174, 175, 176, 177, 178, 179, 180, 181, 182, 183, 184, 185, 186, 187, 188, 189, 190, 191, 192, 193, 194, 195, 196, 197, 198, 199, 200, 201, 202, 203, 204, 205, 206, 207, 208, 209, 210, 211, 212, 213, 214, 215, 216, 217, 336, 366, 380], '7_2': [27], '5_2': [86, 87, 88, 89, 90, 91, 92, 93, 94, 95, 96, 97, 98, 99], '5_3': [529, 530, 531, 532, 533, 534, 535, 536, 537, 538, 539, 540, 541, 542, 543, 544, 545, 546, 547, 548, 549, 550, 551, 552, 553, 554, 555, 556, 557, 558, 559, 560, 561, 562, 563, 564, 565, 566, 567, 568, 569, 570, 571, 572, 573, 574, 575, 584, 585], '6_3': [218, 219, 220, 221, 222, 223, 224, 225, 226, 227, 228, 229, 230, 231, 232, 233, 234, 235, 236, 237, 238, 239, 240, 241, 242, 243, 244], '1_3': [402, 403, 404, 405, 406, 407, 408, 409, 410, 411, 412, 413, 414, 415, 416, 417, 418, 419, 420, 421, 422, 423, 424, 425, 426, 427, 428, 429, 430, 431, 432, 433, 434, 435, 436, 437, 438, 439, 440, 441, 442, 443, 444, 445, 446, 447, 448, 449, 450, 451, 452, 453, 454, 455, 456, 457, 458, 459, 460, 461, 462, 463, 464, 465, 466, 467, 468, 469, 470, 471, 472, 473, 474, 475, 476, 477, 478, 479, 480, 481, 482, 483, 484, 485, 486, 487, 488, 489, 490, 491, 492, 493, 494, 495, 496, 497, 498, 499, 500, 501, 502, 503, 504, 505, 506, 507, 508, 509, 510, 511, 512, 513, 514, 515, 516, 517, 518, 519, 520, 521, 522, 523, 524, 525, 526, 527, 528], '4_3': [576, 577, 578, 579, 580, 581, 582, 583], '3_3': [586, 587, 588, 589, 590, 591, 592, 593, 594, 595, 596, 597, 598, 599]}
FP rate  0.04526 FN rate  0.05
 Before reassigning cells 
 Timepoint  2
 Cluster  0  # of cells  45
 Cluster  2  # of cells  26
 Cluster  7  # of cells  5
 Cluster  5  # of cells  14
 Timepoint  3
 Cluster  0  # of cells  163
 Cluster  2  # of cells  114
 Cluster  5  # of cells  49
 Cluster  6  # of cells  26
 Cluster  1  # of cells  126
 Cluster  4  # of cells  8
 Cluster  3  # of cells  14
 Cells absent at timepoint  2   {2, 34, 35, 7, 40, 42, 14, 46, 27, 28}
 Missing cell prob  {'2': 4.466764155976811e-07, '0': 7.759150836997311e-06, '5': 4.248651076133431e-24, '7': 7.759150836997311e-06}
 Missing cell prob  {'2': 1.959193039425324e-08, '0': 7.143440915839802e-06, '5': 2.475238764105686e-25, '7': 7.143440915839802e-06}
 Missing cell prob  {'2': 5.936117052381037e-11, '0': 0.0001506877768446509, '5': 1.3254496535568918e-17, '7': 0.0001506877768446509}
 Missing cell prob  {'2': 1.1217317072350157e-13, '0': 2.8475054600144565e-07, '5': 1.4418782929280073e-21, '7': 2.8475054600144565e-07}
 Missing cell prob  {'2': 2.0892795100870696e-12, '0': 5.303616519081619e-06, '5': 6.591600446349879e-27, '7': 5.303616519081619e-06}
 Missing cell prob  {'2': 2.819655599880993e-12, '0': 7.157669400120916e-06, '5': 2.256250597589371e-25, '7': 7.1576694001209166e-06}
 Missing cell prob  {'2': 1.177248256598835e-13, '0': 1.565051062048042e-08, '5': 1.3766188813900878e-21, '7': 1.565051062048042e-08}
 Missing cell prob  {'2': 3.5721689191340494e-12, '0': 2.2624729077117098e-08, '5': 2.1875729245299918e-21, '7': 2.2624729077117114e-08}
 Missing cell prob  {'2': 1.2633772823875483e-08, '0': 2.412393653173376e-07, '5': 2.5223198767998886e-24, '7': 2.412393653173376e-07}
 Missing cell prob  {'2': 8.398815660886433e-10, '0': 5.847407912742975e-06, '5': 7.988699637997339e-27, '7': 5.847407912742975e-06}
 Cells absent at timepoint  3   set()
 Timepoint  2
SortedDict({2: {'0': ['0', '1', '3', '4', '5', '6', '8', '9', '10', '11', '12', '13', '16', '18', '19', '20', '21', '22', '23', '24', '25', '26', '29', '30', '31', '32', '33', '36', '37', '38', '39', '41', '43', '44', '45', '47', '48', '49', '50', '52', '53', '54', '55', '56', '75', '2', '34', '35', '7', '40', '14', '27', '28'], '2': ['57', '59', '60', '61', '62', '63', '65', '66', '67', '68', '69', '70', '71', '72', '73', '74', '76', '77', '78', '79', '80', '81', '82', '83', '84', '85'], '7': ['15', '17', '51', '58', '64', '42', '46'], '5': ['86', '87', '88', '89', '90', '91', '92', '93', '94', '95', '96', '97', '98', '99']}, 3: {'0': ['101', '119', '129', '130', '139', '177', '245', '246', '247', '248', '249', '250', '251', '252', '253', '254', '255', '256', '257', '258', '259', '260', '261', '262', '263', '264', '265', '266', '267', '268', '269', '270', '271', '272', '273', '274', '275', '276', '277', '278', '279', '280', '281', '282', '283', '284', '285', '286', '287', '288', '289', '290', '291', '292', '293', '294', '295', '296', '297', '298', '299', '300', '301', '302', '303', '304', '305', '306', '307', '308', '309', '310', '311', '312', '313', '314', '315', '316', '317', '318', '319', '320', '321', '322', '323', '324', '325', '326', '327', '328', '329', '330', '331', '332', '333', '334', '335', '337', '338', '339', '340', '341', '342', '343', '344', '345', '346', '347', '348', '349', '350', '351', '352', '353', '354', '355', '356', '357', '358', '359', '360', '361', '362', '363', '364', '365', '366', '367', '368', '369', '370', '371', '372', '373', '374', '375', '376', '377', '378', '379', '380', '381', '382', '383', '384', '385', '386', '387', '388', '389', '390', '391', '392', '393', '394', '395', '396', '397', '398', '399', '400', '401', '525'], '2': ['100', '102', '103', '104', '105', '106', '107', '108', '109', '110', '111', '112', '113', '114', '115', '116', '117', '118', '120', '121', '122', '123', '124', '125', '126', '127', '128', '131', '132', '133', '134', '135', '136', '137', '138', '140', '141', '142', '143', '144', '145', '146', '147', '148', '149', '150', '151', '152', '153', '154', '155', '156', '157', '158', '159', '160', '161', '162', '163', '164', '165', '166', '167', '168', '169', '170', '171', '172', '173', '174', '175', '176', '178', '179', '180', '181', '182', '183', '184', '185', '186', '187', '188', '189', '190', '191', '192', '193', '194', '195', '196', '197', '198', '199', '200', '201', '202', '203', '204', '205', '206', '207', '208', '209', '210', '211', '212', '213', '214', '215', '216', '217', '238', '336'], '5': ['529', '530', '531', '532', '533', '534', '535', '536', '537', '538', '539', '540', '541', '542', '543', '544', '545', '546', '547', '548', '549', '550', '551', '552', '553', '554', '555', '556', '557', '558', '559', '560', '561', '562', '563', '564', '565', '566', '567', '568', '569', '570', '571', '572', '573', '574', '575', '584', '585'], '6': ['218', '219', '220', '221', '222', '223', '224', '225', '226', '227', '228', '229', '230', '231', '232', '233', '234', '235', '236', '237', '239', '240', '241', '242', '243', '244'], '1': ['402', '403', '404', '405', '406', '407', '408', '409', '410', '411', '412', '413', '414', '415', '416', '417', '418', '419', '420', '421', '422', '423', '424', '425', '426', '427', '428', '429', '430', '431', '432', '433', '434', '435', '436', '437', '438', '439', '440', '441', '442', '443', '444', '445', '446', '447', '448', '449', '450', '451', '452', '453', '454', '455', '456', '457', '458', '459', '460', '461', '462', '463', '464', '465', '466', '467', '468', '469', '470', '471', '472', '473', '474', '475', '476', '477', '478', '479', '480', '481', '482', '483', '484', '485', '486', '487', '488', '489', '490', '491', '492', '493', '494', '495', '496', '497', '498', '499', '500', '501', '502', '503', '504', '505', '506', '507', '508', '509', '510', '511', '512', '513', '514', '515', '516', '517', '518', '519', '520', '521', '522', '523', '524', '526', '527', '528'], '4': ['576', '577', '578', '579', '580', '581', '582', '583'], '3': ['586', '587', '588', '589', '590', '591', '592', '593', '594', '595', '596', '597', '598', '599']}})
 Cluster1  0
 Cluster to drop  7
 Timepoint  3
 After reassigning and merging cells 
 Timepoint  2
 Cluster  0  # of cells  60
 Cluster  2  # of cells  26
 Cluster  5  # of cells  14
 Timepoint  3
 Cluster  0  # of cells  163
 Cluster  2  # of cells  114
 Cluster  5  # of cells  49
 Cluster  6  # of cells  26
 Cluster  1  # of cells  126
 Cluster  4  # of cells  8
 Cluster  3  # of cells  14
 Tp cluster cell dict  {'0_2': 60, '2_2': 26, '5_2': 14, '0_3': 163, '2_3': 114, '5_3': 49, '6_3': 26, '1_3': 126, '4_3': 8, '3_3': 14}
 New Graph is here 
 ID  0  Timepoint  1  Mutations  []  Type  subclone
 ID  1  Timepoint  2  Mutations  [0, 1, 2, 3, 4, 5, 6, 7, 8, 9, 10, 11]  Type  subclone
 ID  2  Timepoint  2  Mutations  [0, 1, 2, 3, 4, 5, 6, 7, 8, 9, 10, 11, 18, 19, 20, 21, 22]  Type  subclone
 ID  3  Timepoint  2  Mutations  [12, 13, 14, 15, 16, 17, 23, 24, 25, 26, 27]  Type  subclone
 ID  4  Timepoint  3  Mutations  [0, 1, 2, 3, 4, 5, 6, 7, 8, 9, 10, 11]  Type  subclone
 ID  5  Timepoint  3  Mutations  [0, 1, 2, 3, 4, 5, 6, 7, 8, 9, 10, 11, 18, 19, 20, 21, 22]  Type  subclone
 ID  6  Timepoint  3  Mutations  [12, 13, 14, 15, 16, 17, 23, 24, 25, 26, 27]  Type  subclone
 ID  7  Timepoint  3  Mutations  [0, 1, 3, 4, 5, 6, 7, 8, 9, 10, 11, 18, 19, 20, 21, 22, 28, 29, 30, 31, 32, 33, 34, 35, 36, 37, 38, 39]  Type  subclone
 ID  8  Timepoint  3  Mutations  [0, 1, 2, 3, 4, 5, 6, 7, 8, 9, 10, 11, 40, 41, 42, 43, 44, 45, 46, 47, 48, 49, 50, 51, 52, 53]  Type  subclone
 ID  9  Timepoint  3  Mutations  [12, 13, 14, 15, 16, 17, 23, 24, 25, 26, 27, 54, 55, 56, 57, 58, 59, 60, 61, 62, 64, 65, 66, 67, 68]  Type  subclone
 ID  10  Timepoint  3  Mutations  [12, 13, 14, 15, 16, 17, 69, 70, 71, 72, 73, 74, 75, 76, 77, 78, 79]  Type  subclone
Timepoints  SortedDict({1: [0], 2: [1, 2, 3], 3: [4, 5, 6, 7, 8, 9, 10]})
 Clone to nodes  {'0_2': 1, '2_2': 2, '5_2': 3, '0_3': 4, '2_3': 5, '5_3': 6, '6_3': 7, '1_3': 8, '4_3': 9, '3_3': 10}
 Timepoint ====  1
 Hash table  {'0,1': [0, 1, 2, 3, 4, 5, 6, 7, 8, 9, 10, 11], '1': [18, 19, 20, 21, 22], '2': [12, 13, 14, 15, 16, 17, 23, 24, 25, 26, 27]}
 Final possible usc  [[0, 1, 2, 3, 4, 5, 6, 7, 8, 9, 10, 11], [18, 19, 20, 21, 22], [12, 13, 14, 15, 16, 17, 23, 24, 25, 26, 27]]
 Time  1  USC keys  {'12,13,14,15,16,17,23,24,25,26,27_0', '18,19,20,21,22_0', '0,1,2,3,4,5,6,7,8,9,10,11_0'}
 USC children  {'0,1,2,3,4,5,6,7,8,9,10,11_0': [1, 2], '18,19,20,21,22_0': [2], '12,13,14,15,16,17,23,24,25,26,27_0': [3]}
 USC children  {'0,1,2,3,4,5,6,7,8,9,10,11_0': [1, 2], '18,19,20,21,22_0': [2], '12,13,14,15,16,17,23,24,25,26,27_0': [3]}
 Timepoint ====  2
 Hash table  {'0,1': [0, 1, 3, 4, 5, 6, 7, 8, 9, 10, 11], '0': [18, 19, 20, 21, 22, 28, 29, 30, 31, 32, 33, 34, 35, 36, 37, 38, 39], '1': [2, 40, 41, 42, 43, 44, 45, 46, 47, 48, 49, 50, 51, 52, 53], '2,3': [12, 13, 14, 15, 16, 17], '2': [23, 24, 25, 26, 27, 54, 55, 56, 57, 58, 59, 60, 61, 62, 64, 65, 66, 67, 68], '3': [69, 70, 71, 72, 73, 74, 75, 76, 77, 78, 79]}
====== Inside find superset of t nodes ==========
 Final possible usc  []
 Time  2  USC keys  set()
 USC children  {'0,1,2,3,4,5,6,7,8,9,10,11_0': [1, 2], '18,19,20,21,22_0': [2], '12,13,14,15,16,17,23,24,25,26,27_0': [3]}
 USC children  {'0,1,2,3,4,5,6,7,8,9,10,11_0': [1, 2], '18,19,20,21,22_0': [2], '12,13,14,15,16,17,23,24,25,26,27_0': [3]}
 Node s  {'1,2': ['0', '1', '2', '3', '4', '5', '6', '7', '8', '9', '10', '11'], '3': ['12', '13', '14', '15', '16', '17', '23', '24', '25', '26', '27']}
 Enroll USC nodes  ['1', '2']  len  2
 Enroll USC nodes  ['3']  len  1
 Node TP  SortedDict({1: [0], 2: [1, 2, 3], 3: [4, 5, 6, 7, 8, 9, 10]})
 Unobserved subclones at timepoints  {1.5: [11]}
 ============== Inside finding node v ============ 
 Time  2
 largest_v_mut  [[]]
 Time  3
 largest_v_mut  []
 largest_v_mut  [[0, 1, 2, 3, 4, 5, 6, 7, 8, 9, 10, 11]]
 largest_v_mut  [[12, 13, 14, 15, 16, 17, 23, 24, 25, 26, 27]]
 largest_v_mut  []
 Sorted all timepoints  [1, 1.5, 2, 3]
 Timepoint  2
 Inside usc_node check  2
 Timepoint  3
 Node  7  has no parent 
 USC nodes  []
 Node with minimum mutation sets  {1: 1, 2: 1, 3: 11}
 Node  10  has no parent 
 USC nodes  []
 Node with minimum mutation sets  {1: 12, 2: 17, 3: 5}
0   1   [-1]   subclone   []   []
1   2   [11]   subclone   [0, 1, 2, 3, 4, 5, 6, 7, 8, 9, 10, 11]   [0]
2   2   [11]   subclone   [0, 1, 2, 3, 4, 5, 6, 7, 8, 9, 10, 11, 18, 19, 20, 21, 22]   [5]
3   2   [0]   subclone   [12, 13, 14, 15, 16, 17, 23, 24, 25, 26, 27]   [11]
4   3   [1]   subclone   [0, 1, 2, 3, 4, 5, 6, 7, 8, 9, 10, 11]   [0]
5   3   [2]   subclone   [0, 1, 2, 3, 4, 5, 6, 7, 8, 9, 10, 11, 18, 19, 20, 21, 22]   [0]
6   3   [3]   subclone   [12, 13, 14, 15, 16, 17, 23, 24, 25, 26, 27]   [0]
7   3   [1]   subclone   [0, 1, 3, 4, 5, 6, 7, 8, 9, 10, 11, 18, 19, 20, 21, 22, 28, 29, 30, 31, 32, 33, 34, 35, 36, 37, 38, 39]   [17]
8   3   [1]   subclone   [0, 1, 2, 3, 4, 5, 6, 7, 8, 9, 10, 11, 40, 41, 42, 43, 44, 45, 46, 47, 48, 49, 50, 51, 52, 53]   [14]
9   3   [3]   subclone   [12, 13, 14, 15, 16, 17, 23, 24, 25, 26, 27, 54, 55, 56, 57, 58, 59, 60, 61, 62, 64, 65, 66, 67, 68]   [14]
10   3   [3]   subclone   [12, 13, 14, 15, 16, 17, 69, 70, 71, 72, 73, 74, 75, 76, 77, 78, 79]   [11]
11   1.5   [0]   unobserved subclone   [0, 1, 2, 3, 4, 5, 6, 7, 8, 9, 10, 11]   [12]
9
 Total estimated FP  307  True negatives  29915
 Total estimated FN  1635  True positives  6543
 Estimated FP rate  0.04482
 Estimated FN rate  0.05
 No. of Cells in each cluster  {'2_2': 55, '2_3': 157, '0_2': 28, '0_3': 118, '1_2': 2, '7_2': 1, '5_2': 14, '5_3': 49, '6_3': 27, '3_3': 127, '8_3': 8, '4_3': 14}
 Cells in each cluster  {'2_2': [0, 1, 3, 4, 5, 6, 7, 8, 9, 10, 11, 12, 13, 14, 16, 17, 18, 19, 20, 21, 22, 23, 24, 25, 26, 28, 29, 30, 31, 32, 33, 34, 35, 36, 37, 38, 39, 40, 41, 42, 43, 44, 45, 46, 47, 48, 49, 50, 51, 52, 53, 54, 55, 56, 75], '2_3': [101, 119, 130, 245, 246, 247, 248, 249, 250, 251, 252, 253, 254, 255, 256, 257, 258, 259, 260, 261, 262, 263, 264, 265, 266, 267, 268, 269, 270, 271, 272, 273, 274, 275, 276, 277, 278, 279, 280, 281, 282, 283, 284, 285, 286, 287, 288, 289, 290, 291, 292, 293, 294, 295, 296, 297, 298, 299, 300, 301, 302, 303, 304, 305, 306, 307, 308, 309, 310, 311, 312, 313, 314, 315, 316, 317, 318, 319, 320, 321, 322, 323, 324, 325, 326, 327, 328, 329, 330, 331, 332, 333, 334, 335, 337, 338, 339, 340, 341, 342, 343, 344, 345, 346, 347, 348, 349, 350, 351, 352, 353, 354, 355, 356, 357, 358, 359, 360, 361, 362, 363, 364, 365, 367, 368, 369, 370, 371, 372, 373, 374, 375, 376, 377, 378, 379, 381, 382, 383, 384, 385, 386, 387, 388, 389, 390, 391, 392, 393, 394, 395, 396, 397, 398, 399, 400, 401], '0_2': [2, 57, 58, 59, 60, 61, 62, 63, 65, 66, 67, 68, 69, 70, 71, 72, 73, 74, 76, 77, 78, 79, 80, 81, 82, 83, 84, 85], '0_3': [100, 102, 103, 104, 105, 106, 107, 108, 109, 110, 111, 112, 113, 114, 115, 116, 117, 118, 120, 121, 122, 123, 124, 125, 126, 127, 128, 129, 131, 132, 133, 134, 135, 136, 137, 138, 139, 140, 141, 142, 143, 144, 145, 146, 147, 148, 149, 150, 151, 152, 153, 154, 155, 156, 157, 158, 159, 160, 161, 162, 163, 164, 165, 166, 167, 168, 169, 170, 171, 172, 173, 174, 175, 176, 177, 178, 179, 180, 181, 182, 183, 184, 185, 186, 187, 188, 189, 190, 191, 192, 193, 194, 195, 196, 197, 198, 199, 200, 201, 202, 203, 204, 205, 206, 207, 208, 209, 210, 211, 212, 213, 214, 215, 216, 217, 336, 366, 380], '1_2': [15, 64], '7_2': [27], '5_2': [86, 87, 88, 89, 90, 91, 92, 93, 94, 95, 96, 97, 98, 99], '5_3': [529, 530, 531, 532, 533, 534, 535, 536, 537, 538, 539, 540, 541, 542, 543, 544, 545, 546, 547, 548, 549, 550, 551, 552, 553, 554, 555, 556, 557, 558, 559, 560, 561, 562, 563, 564, 565, 566, 567, 568, 569, 570, 571, 572, 573, 574, 575, 584, 585], '6_3': [218, 219, 220, 221, 222, 223, 224, 225, 226, 227, 228, 229, 230, 231, 232, 233, 234, 235, 236, 237, 238, 239, 240, 241, 242, 243, 244], '3_3': [402, 403, 404, 405, 406, 407, 408, 409, 410, 411, 412, 413, 414, 415, 416, 417, 418, 419, 420, 421, 422, 423, 424, 425, 426, 427, 428, 429, 430, 431, 432, 433, 434, 435, 436, 437, 438, 439, 440, 441, 442, 443, 444, 445, 446, 447, 448, 449, 450, 451, 452, 453, 454, 455, 456, 457, 458, 459, 460, 461, 462, 463, 464, 465, 466, 467, 468, 469, 470, 471, 472, 473, 474, 475, 476, 477, 478, 479, 480, 481, 482, 483, 484, 485, 486, 487, 488, 489, 490, 491, 492, 493, 494, 495, 496, 497, 498, 499, 500, 501, 502, 503, 504, 505, 506, 507, 508, 509, 510, 511, 512, 513, 514, 515, 516, 517, 518, 519, 520, 521, 522, 523, 524, 525, 526, 527, 528], '8_3': [576, 577, 578, 579, 580, 581, 582, 583], '4_3': [586, 587, 588, 589, 590, 591, 592, 593, 594, 595, 596, 597, 598, 599]}
FP rate  0.04482 FN rate  0.05
 Before reassigning cells 
 Timepoint  2
 Cluster  2  # of cells  40
 Cluster  0  # of cells  26
 Cluster  1  # of cells  2
 Cluster  7  # of cells  5
 Cluster  5  # of cells  14
 Timepoint  3
 Cluster  2  # of cells  163
 Cluster  0  # of cells  114
 Cluster  5  # of cells  49
 Cluster  6  # of cells  26
 Cluster  3  # of cells  126
 Cluster  8  # of cells  8
 Cluster  4  # of cells  14
 Cells absent at timepoint  2   {1, 34, 35, 9, 44, 14, 46, 47, 17, 51, 55, 24, 58}
 Missing cell prob  {'5': 3.557730365139565e-24, '1': 7.044957082021054e-06, '7': 0.002852629183545125, '2': 0.002852629183545125, '0': 4.091661264128696e-07}
 Missing cell prob  {'5': 2.3589715960706723e-25, '1': 1.790206813842932e-08, '7': 7.248867725230558e-06, '2': 7.248867725230555e-06, '0': 1.9862766755639547e-08}
 Missing cell prob  {'5': 1.2791225647673548e-17, '1': 3.815193539595031e-07, '7': 0.0001544840132482313, '2': 0.0001544840132482313, '0': 6.071660262291992e-11}
 Missing cell prob  {'5': 7.299025623322353e-19, '1': 1.962152531157565e-08, '7': 3.7484177094221664e-07, '2': 3.7484177094221664e-07, '0': 2.8144083894115027e-12}
 Missing cell prob  {'5': 1.8428085594452424e-25, '1': 4.251741182876964e-11, '7': 6.971091097826432e-06, '2': 6.971091097826437e-06, '0': 5.2340744255258e-11}
 Missing cell prob  {'5': 1.3309540282555048e-21, '1': 1.6074387662077278e-08, '7': 3.969789408743588e-11, '2': 1.6074387662077278e-08, '0': 1.2069063535018064e-13}
 Missing cell prob  {'5': 2.1052847800719948e-21, '1': 2.2916363196288584e-08, '7': 5.6595086429433236e-11, '2': 2.2916363196288588e-08, '0': 3.6470069036111184e-12}
 Missing cell prob  {'5': 3.0275840868410362e-28, '1': 2.82845831123308e-11, '7': 2.427551791553702e-07, '2': 2.4275517915537006e-07, '0': 1.822668298334568e-12}
 Missing cell prob  {'5': 1.3436703756236648e-25, '1': 1.2552964781420382e-08, '7': 1.3927810441625707e-08, '2': 1.3927810441625697e-08, '0': 1.0457358168625004e-13}
 Missing cell prob  {'5': 3.329701742804152e-20, '1': 8.951034069214654e-10, '7': 8.951034069214656e-10, '2': 8.951034069214663e-10, '0': 6.720666513495197e-15}
 Missing cell prob  {'5': 6.538294320016683e-23, '1': 3.197443053450324e-07, '7': 0.00011668989541367861, '2': 0.00011668989541367855, '0': 8.761377361607702e-10}
 Missing cell prob  {'5': 4.50648497826957e-24, '1': 3.794503509930357e-07, '7': 8.042789679682822e-06, '2': 8.042789679682824e-06, '0': 2.2038208107477038e-08}
 Missing cell prob  {'5': 9.435886384282694e-23, '1': 2.1770545036474163e-08, '7': 2.1770545036474163e-08, '2': 2.1770545036474163e-08, '0': 2.4154933098169513e-08}
 Cells absent at timepoint  3   set()
 Timepoint  2
SortedDict({2: {'2': ['2', '3', '4', '5', '6', '7', '8', '10', '11', '13', '16', '18', '19', '20', '21', '22', '23', '25', '26', '29', '30', '31', '32', '33', '36', '37', '38', '39', '40', '41', '42', '43', '45', '48', '49', '50', '52', '53', '54', '75', '44', '46', '51', '24'], '0': ['57', '59', '60', '61', '62', '63', '65', '66', '67', '68', '69', '70', '71', '72', '73', '74', '76', '77', '78', '79', '80', '81', '82', '83', '84', '85', '58'], '1': ['15', '64', '14'], '7': ['0', '12', '27', '28', '56', '1', '34', '35', '9', '47', '17', '55'], '5': ['86', '87', '88', '89', '90', '91', '92', '93', '94', '95', '96', '97', '98', '99']}, 3: {'2': ['101', '119', '129', '130', '139', '177', '245', '246', '247', '248', '249', '250', '251', '252', '253', '254', '255', '256', '257', '258', '259', '260', '261', '262', '263', '264', '265', '266', '267', '268', '269', '270', '271', '272', '273', '274', '275', '276', '277', '278', '279', '280', '281', '282', '283', '284', '285', '286', '287', '288', '289', '290', '291', '292', '293', '294', '295', '296', '297', '298', '299', '300', '301', '302', '303', '304', '305', '306', '307', '308', '309', '310', '311', '312', '313', '314', '315', '316', '317', '318', '319', '320', '321', '322', '323', '324', '325', '326', '327', '328', '329', '330', '331', '332', '333', '334', '335', '337', '338', '339', '340', '341', '342', '343', '344', '345', '346', '347', '348', '349', '350', '351', '352', '353', '354', '355', '356', '357', '358', '359', '360', '361', '362', '363', '364', '365', '366', '367', '368', '369', '370', '371', '372', '373', '374', '375', '376', '377', '378', '379', '380', '381', '382', '383', '384', '385', '386', '387', '388', '389', '390', '391', '392', '393', '394', '395', '396', '397', '398', '399', '400', '401', '525'], '0': ['100', '102', '103', '104', '105', '106', '107', '108', '109', '110', '111', '112', '113', '114', '115', '116', '117', '118', '120', '121', '122', '123', '124', '125', '126', '127', '128', '131', '132', '133', '134', '135', '136', '137', '138', '140', '141', '142', '143', '144', '145', '146', '147', '148', '149', '150', '151', '152', '153', '154', '155', '156', '157', '158', '159', '160', '161', '162', '163', '164', '165', '166', '167', '168', '169', '170', '171', '172', '173', '174', '175', '176', '178', '179', '180', '181', '182', '183', '184', '185', '186', '187', '188', '189', '190', '191', '192', '193', '194', '195', '196', '197', '198', '199', '200', '201', '202', '203', '204', '205', '206', '207', '208', '209', '210', '211', '212', '213', '214', '215', '216', '217', '238', '336'], '5': ['529', '530', '531', '532', '533', '534', '535', '536', '537', '538', '539', '540', '541', '542', '543', '544', '545', '546', '547', '548', '549', '550', '551', '552', '553', '554', '555', '556', '557', '558', '559', '560', '561', '562', '563', '564', '565', '566', '567', '568', '569', '570', '571', '572', '573', '574', '575', '584', '585'], '6': ['218', '219', '220', '221', '222', '223', '224', '225', '226', '227', '228', '229', '230', '231', '232', '233', '234', '235', '236', '237', '239', '240', '241', '242', '243', '244'], '3': ['402', '403', '404', '405', '406', '407', '408', '409', '410', '411', '412', '413', '414', '415', '416', '417', '418', '419', '420', '421', '422', '423', '424', '425', '426', '427', '428', '429', '430', '431', '432', '433', '434', '435', '436', '437', '438', '439', '440', '441', '442', '443', '444', '445', '446', '447', '448', '449', '450', '451', '452', '453', '454', '455', '456', '457', '458', '459', '460', '461', '462', '463', '464', '465', '466', '467', '468', '469', '470', '471', '472', '473', '474', '475', '476', '477', '478', '479', '480', '481', '482', '483', '484', '485', '486', '487', '488', '489', '490', '491', '492', '493', '494', '495', '496', '497', '498', '499', '500', '501', '502', '503', '504', '505', '506', '507', '508', '509', '510', '511', '512', '513', '514', '515', '516', '517', '518', '519', '520', '521', '522', '523', '524', '526', '527', '528'], '8': ['576', '577', '578', '579', '580', '581', '582', '583'], '4': ['586', '587', '588', '589', '590', '591', '592', '593', '594', '595', '596', '597', '598', '599']}})
 Cluster1  2
 Cluster to drop  7
 Timepoint  3
 After reassigning and merging cells 
 Timepoint  2
 Cluster  2  # of cells  56
 Cluster  0  # of cells  27
 Cluster  1  # of cells  3
 Cluster  5  # of cells  14
 Timepoint  3
 Cluster  2  # of cells  163
 Cluster  0  # of cells  114
 Cluster  5  # of cells  49
 Cluster  6  # of cells  26
 Cluster  3  # of cells  126
 Cluster  8  # of cells  8
 Cluster  4  # of cells  14
 Tp cluster cell dict  {'2_2': 56, '0_2': 27, '1_2': 3, '5_2': 14, '2_3': 163, '0_3': 114, '5_3': 49, '6_3': 26, '3_3': 126, '8_3': 8, '4_3': 14}
 New Graph is here 
 ID  0  Timepoint  1  Mutations  []  Type  subclone
 ID  1  Timepoint  2  Mutations  [0, 1, 2, 3, 4, 5, 6, 7, 8, 9, 10, 11]  Type  subclone
 ID  2  Timepoint  2  Mutations  [0, 1, 2, 3, 4, 5, 6, 7, 8, 9, 10, 11, 18, 19, 20, 21, 22]  Type  subclone
 ID  3  Timepoint  2  Mutations  [0, 2, 3, 4, 5, 6, 7, 8, 10, 11, 15, 48]  Type  subclone
 ID  4  Timepoint  2  Mutations  [12, 13, 14, 15, 16, 17, 23, 24, 25, 26, 27]  Type  subclone
 ID  5  Timepoint  3  Mutations  [0, 1, 2, 3, 4, 5, 6, 7, 8, 9, 10, 11]  Type  subclone
 ID  6  Timepoint  3  Mutations  [0, 1, 2, 3, 4, 5, 6, 7, 8, 9, 10, 11, 18, 19, 20, 21, 22]  Type  subclone
 ID  7  Timepoint  3  Mutations  [12, 13, 14, 15, 16, 17, 23, 24, 25, 26, 27]  Type  subclone
 ID  8  Timepoint  3  Mutations  [0, 1, 3, 4, 5, 6, 7, 8, 9, 10, 11, 18, 19, 20, 21, 22, 28, 29, 30, 31, 32, 33, 34, 35, 36, 37, 38, 39]  Type  subclone
 ID  9  Timepoint  3  Mutations  [0, 1, 2, 3, 4, 5, 6, 7, 8, 9, 10, 11, 40, 41, 42, 43, 44, 45, 46, 47, 48, 49, 50, 51, 52, 53]  Type  subclone
 ID  10  Timepoint  3  Mutations  [12, 13, 14, 15, 16, 17, 23, 24, 25, 26, 27, 54, 55, 56, 57, 58, 59, 60, 61, 62, 64, 65, 66, 67, 68]  Type  subclone
 ID  11  Timepoint  3  Mutations  [12, 13, 14, 15, 16, 17, 69, 70, 71, 72, 73, 74, 75, 76, 77, 78, 79]  Type  subclone
Timepoints  SortedDict({1: [0], 2: [1, 2, 3, 4], 3: [5, 6, 7, 8, 9, 10, 11]})
 Clone to nodes  {'2_2': 1, '0_2': 2, '1_2': 3, '5_2': 4, '2_3': 5, '0_3': 6, '5_3': 7, '6_3': 8, '3_3': 9, '8_3': 10, '4_3': 11}
 Timepoint ====  1
 Hash table  {'0,1,2': [0, 2, 3, 4, 5, 6, 7, 8, 10, 11], '0,1': [1, 9], '1': [18, 19, 20, 21, 22], '2,3': [15], '2': [48], '3': [12, 13, 14, 16, 17, 23, 24, 25, 26, 27]}
 Final possible usc  [[0, 2, 3, 4, 5, 6, 7, 8, 10, 11], [1, 9], [18, 19, 20, 21, 22], [15], [48], [12, 13, 14, 16, 17, 23, 24, 25, 26, 27]]
 Time  1  USC keys  {'1,9_0', '48_0', '15_0', '12,13,14,16,17,23,24,25,26,27_0', '18,19,20,21,22_0', '0,2,3,4,5,6,7,8,10,11_0'}
 USC children  {'0,2,3,4,5,6,7,8,10,11_0': [1, 2, 3], '1,9_0': [1, 2], '18,19,20,21,22_0': [2], '15_0': [3, 4], '48_0': [3], '12,13,14,16,17,23,24,25,26,27_0': [4]}
 USC children  {'0,2,3,4,5,6,7,8,10,11_0': [1, 2, 3], '1,9_0': [1, 2], '18,19,20,21,22_0': [2], '15_0': [3, 4], '48_0': [3], '12,13,14,16,17,23,24,25,26,27_0': [4]}
 Timepoint ====  2
 Hash table  {'0,1': [0, 1, 3, 4, 5, 6, 7, 8, 9, 10, 11], '0': [18, 19, 20, 21, 22, 28, 29, 30, 31, 32, 33, 34, 35, 36, 37, 38, 39], '1': [2, 40, 41, 42, 43, 44, 45, 46, 47, 48, 49, 50, 51, 52, 53], '2,3': [12, 13, 14, 15, 16, 17], '2': [23, 24, 25, 26, 27, 54, 55, 56, 57, 58, 59, 60, 61, 62, 64, 65, 66, 67, 68], '3': [69, 70, 71, 72, 73, 74, 75, 76, 77, 78, 79]}
====== Inside find superset of t nodes ==========
 Final possible usc  []
 Time  2  USC keys  set()
 USC children  {'0,2,3,4,5,6,7,8,10,11_0': [1, 2, 3], '1,9_0': [1, 2], '18,19,20,21,22_0': [2], '15_0': [3, 4], '48_0': [3], '12,13,14,16,17,23,24,25,26,27_0': [4]}
 USC children  {'0,2,3,4,5,6,7,8,10,11_0': [1, 2, 3], '1,9_0': [1, 2], '18,19,20,21,22_0': [2], '15_0': [3, 4], '48_0': [3], '12,13,14,16,17,23,24,25,26,27_0': [4]}
 Node s  {'1,2,3': ['0', '2', '3', '4', '5', '6', '7', '8', '10', '11'], '3,4': ['15']}
 Enroll USC nodes  ['1', '2', '3']  len  3
 Enroll USC nodes  ['3', '4']  len  2
 Node TP  SortedDict({1: [0], 2: [1, 2, 3, 4], 3: [5, 6, 7, 8, 9, 10, 11]})
 Unobserved subclones at timepoints  {1.5: [12, 13]}
 ============== Inside finding node v ============ 
 Time  2
 Time  3
 largest_v_mut  []
 largest_v_mut  [[0, 1, 2, 3, 4, 5, 6, 7, 8, 9, 10, 11]]
 largest_v_mut  [[12, 13, 14, 15, 16, 17, 23, 24, 25, 26, 27]]
 largest_v_mut  []
 Sorted all timepoints  [1, 1.5, 2, 3]
 Timepoint  2
 Inside usc_node check  2
 Timepoint  3
 Node  8  has no parent 
 USC nodes  []
 Node with minimum mutation sets  {1: 1, 2: 1, 3: 3, 4: 11}
 Node  11  has no parent 
 USC nodes  []
 Node with minimum mutation sets  {1: 12, 2: 17, 3: 11, 4: 5}
0   1   [-1]   subclone   []   []
1   2   [12]   subclone   [0, 1, 2, 3, 4, 5, 6, 7, 8, 9, 10, 11]   [2]
2   2   [12]   subclone   [0, 1, 2, 3, 4, 5, 6, 7, 8, 9, 10, 11, 18, 19, 20, 21, 22]   [7]
3   2   [12]   subclone   [0, 2, 3, 4, 5, 6, 7, 8, 10, 11, 15, 48]   [2, 11]
4   2   [13]   subclone   [12, 13, 14, 15, 16, 17, 23, 24, 25, 26, 27]   [10]
5   3   [1]   subclone   [0, 1, 2, 3, 4, 5, 6, 7, 8, 9, 10, 11]   [0]
6   3   [2]   subclone   [0, 1, 2, 3, 4, 5, 6, 7, 8, 9, 10, 11, 18, 19, 20, 21, 22]   [0]
7   3   [4]   subclone   [12, 13, 14, 15, 16, 17, 23, 24, 25, 26, 27]   [0]
8   3   [1]   subclone   [0, 1, 3, 4, 5, 6, 7, 8, 9, 10, 11, 18, 19, 20, 21, 22, 28, 29, 30, 31, 32, 33, 34, 35, 36, 37, 38, 39]   [17]
9   3   [1]   subclone   [0, 1, 2, 3, 4, 5, 6, 7, 8, 9, 10, 11, 40, 41, 42, 43, 44, 45, 46, 47, 48, 49, 50, 51, 52, 53]   [14]
10   3   [4]   subclone   [12, 13, 14, 15, 16, 17, 23, 24, 25, 26, 27, 54, 55, 56, 57, 58, 59, 60, 61, 62, 64, 65, 66, 67, 68]   [14]
11   3   [4]   subclone   [12, 13, 14, 15, 16, 17, 69, 70, 71, 72, 73, 74, 75, 76, 77, 78, 79]   [11]
12   1.5   [0]   unobserved subclone   [0, 2, 3, 4, 5, 6, 7, 8, 10, 11]   [10]
13   1.5   [0]   unobserved subclone   [15]   [1]
8
 Total estimated FP  310  True negatives  29913
 Total estimated FN  1637  True positives  6540
 Estimated FP rate  0.04526
 Estimated FN rate  0.05
 No. of Cells in each cluster  {'0_2': 28, '0_3': 118, '5_2': 14, '5_3': 49, '6_3': 27, '1_3': 127, '3_3': 8, '4_3': 14, '2_2': 58, '2_3': 157}
 Cells in each cluster  {'0_2': [2, 57, 58, 59, 60, 61, 62, 63, 65, 66, 67, 68, 69, 70, 71, 72, 73, 74, 76, 77, 78, 79, 80, 81, 82, 83, 84, 85], '0_3': [100, 102, 103, 104, 105, 106, 107, 108, 109, 110, 111, 112, 113, 114, 115, 116, 117, 118, 120, 121, 122, 123, 124, 125, 126, 127, 128, 129, 131, 132, 133, 134, 135, 136, 137, 138, 139, 140, 141, 142, 143, 144, 145, 146, 147, 148, 149, 150, 151, 152, 153, 154, 155, 156, 157, 158, 159, 160, 161, 162, 163, 164, 165, 166, 167, 168, 169, 170, 171, 172, 173, 174, 175, 176, 177, 178, 179, 180, 181, 182, 183, 184, 185, 186, 187, 188, 189, 190, 191, 192, 193, 194, 195, 196, 197, 198, 199, 200, 201, 202, 203, 204, 205, 206, 207, 208, 209, 210, 211, 212, 213, 214, 215, 216, 217, 336, 366, 380], '5_2': [86, 87, 88, 89, 90, 91, 92, 93, 94, 95, 96, 97, 98, 99], '5_3': [529, 530, 531, 532, 533, 534, 535, 536, 537, 538, 539, 540, 541, 542, 543, 544, 545, 546, 547, 548, 549, 550, 551, 552, 553, 554, 555, 556, 557, 558, 559, 560, 561, 562, 563, 564, 565, 566, 567, 568, 569, 570, 571, 572, 573, 574, 575, 584, 585], '6_3': [218, 219, 220, 221, 222, 223, 224, 225, 226, 227, 228, 229, 230, 231, 232, 233, 234, 235, 236, 237, 238, 239, 240, 241, 242, 243, 244], '1_3': [402, 403, 404, 405, 406, 407, 408, 409, 410, 411, 412, 413, 414, 415, 416, 417, 418, 419, 420, 421, 422, 423, 424, 425, 426, 427, 428, 429, 430, 431, 432, 433, 434, 435, 436, 437, 438, 439, 440, 441, 442, 443, 444, 445, 446, 447, 448, 449, 450, 451, 452, 453, 454, 455, 456, 457, 458, 459, 460, 461, 462, 463, 464, 465, 466, 467, 468, 469, 470, 471, 472, 473, 474, 475, 476, 477, 478, 479, 480, 481, 482, 483, 484, 485, 486, 487, 488, 489, 490, 491, 492, 493, 494, 495, 496, 497, 498, 499, 500, 501, 502, 503, 504, 505, 506, 507, 508, 509, 510, 511, 512, 513, 514, 515, 516, 517, 518, 519, 520, 521, 522, 523, 524, 525, 526, 527, 528], '3_3': [576, 577, 578, 579, 580, 581, 582, 583], '4_3': [586, 587, 588, 589, 590, 591, 592, 593, 594, 595, 596, 597, 598, 599], '2_2': [27, 0, 1, 3, 4, 5, 6, 7, 8, 9, 10, 11, 12, 13, 14, 15, 16, 17, 18, 19, 20, 21, 22, 23, 24, 25, 26, 28, 29, 30, 31, 32, 33, 34, 35, 36, 37, 38, 39, 40, 41, 42, 43, 44, 45, 46, 47, 48, 49, 50, 51, 52, 53, 54, 55, 56, 64, 75], '2_3': [101, 119, 130, 245, 246, 247, 248, 249, 250, 251, 252, 253, 254, 255, 256, 257, 258, 259, 260, 261, 262, 263, 264, 265, 266, 267, 268, 269, 270, 271, 272, 273, 274, 275, 276, 277, 278, 279, 280, 281, 282, 283, 284, 285, 286, 287, 288, 289, 290, 291, 292, 293, 294, 295, 296, 297, 298, 299, 300, 301, 302, 303, 304, 305, 306, 307, 308, 309, 310, 311, 312, 313, 314, 315, 316, 317, 318, 319, 320, 321, 322, 323, 324, 325, 326, 327, 328, 329, 330, 331, 332, 333, 334, 335, 337, 338, 339, 340, 341, 342, 343, 344, 345, 346, 347, 348, 349, 350, 351, 352, 353, 354, 355, 356, 357, 358, 359, 360, 361, 362, 363, 364, 365, 367, 368, 369, 370, 371, 372, 373, 374, 375, 376, 377, 378, 379, 381, 382, 383, 384, 385, 386, 387, 388, 389, 390, 391, 392, 393, 394, 395, 396, 397, 398, 399, 400, 401]}
FP rate  0.04526 FN rate  0.05
 Before reassigning cells 
 Timepoint  2
 Cluster  0  # of cells  27
 Cluster  5  # of cells  14
 Cluster  2  # of cells  59
 Timepoint  3
 Cluster  0  # of cells  114
 Cluster  5  # of cells  49
 Cluster  6  # of cells  26
 Cluster  1  # of cells  126
 Cluster  3  # of cells  8
 Cluster  4  # of cells  14
 Cluster  2  # of cells  163
 Cells absent at timepoint  3   set()
 Cells absent at timepoint  2   set()
 Timepoint  2
 Timepoint  3
 After reassigning and merging cells 
 Timepoint  2
 Cluster  0  # of cells  27
 Cluster  5  # of cells  14
 Cluster  2  # of cells  59
 Timepoint  3
 Cluster  0  # of cells  114
 Cluster  5  # of cells  49
 Cluster  6  # of cells  26
 Cluster  1  # of cells  126
 Cluster  3  # of cells  8
 Cluster  4  # of cells  14
 Cluster  2  # of cells  163
 Tp cluster cell dict  {'0_2': 27, '5_2': 14, '2_2': 59, '0_3': 114, '5_3': 49, '6_3': 26, '1_3': 126, '3_3': 8, '4_3': 14, '2_3': 163}
 New Graph is here 
 ID  0  Timepoint  1  Mutations  []  Type  subclone
 ID  1  Timepoint  2  Mutations  [0, 1, 2, 3, 4, 5, 6, 7, 8, 9, 10, 11, 18, 19, 20, 21, 22]  Type  subclone
 ID  2  Timepoint  2  Mutations  [12, 13, 14, 15, 16, 17, 23, 24, 25, 26, 27]  Type  subclone
 ID  3  Timepoint  2  Mutations  [0, 1, 2, 3, 4, 5, 6, 7, 8, 9, 10, 11]  Type  subclone
 ID  4  Timepoint  3  Mutations  [0, 1, 2, 3, 4, 5, 6, 7, 8, 9, 10, 11, 18, 19, 20, 21, 22]  Type  subclone
 ID  5  Timepoint  3  Mutations  [12, 13, 14, 15, 16, 17, 23, 24, 25, 26, 27]  Type  subclone
 ID  6  Timepoint  3  Mutations  [0, 1, 3, 4, 5, 6, 7, 8, 9, 10, 11, 18, 19, 20, 21, 22, 28, 29, 30, 31, 32, 33, 34, 35, 36, 37, 38, 39]  Type  subclone
 ID  7  Timepoint  3  Mutations  [0, 1, 2, 3, 4, 5, 6, 7, 8, 9, 10, 11, 40, 41, 42, 43, 44, 45, 46, 47, 48, 49, 50, 51, 52, 53]  Type  subclone
 ID  8  Timepoint  3  Mutations  [12, 13, 14, 15, 16, 17, 23, 24, 25, 26, 27, 54, 55, 56, 57, 58, 59, 60, 61, 62, 64, 65, 66, 67, 68]  Type  subclone
 ID  9  Timepoint  3  Mutations  [12, 13, 14, 15, 16, 17, 69, 70, 71, 72, 73, 74, 75, 76, 77, 78, 79]  Type  subclone
 ID  10  Timepoint  3  Mutations  [0, 1, 2, 3, 4, 5, 6, 7, 8, 9, 10, 11]  Type  subclone
Timepoints  SortedDict({1: [0], 2: [1, 2, 3], 3: [4, 5, 6, 7, 8, 9, 10]})
 Clone to nodes  {'0_2': 1, '5_2': 2, '2_2': 3, '0_3': 4, '5_3': 5, '6_3': 6, '1_3': 7, '3_3': 8, '4_3': 9, '2_3': 10}
 Timepoint ====  1
 Hash table  {'0,2': [0, 1, 2, 3, 4, 5, 6, 7, 8, 9, 10, 11], '0': [18, 19, 20, 21, 22], '1': [12, 13, 14, 15, 16, 17, 23, 24, 25, 26, 27]}
 Final possible usc  [[0, 1, 2, 3, 4, 5, 6, 7, 8, 9, 10, 11], [18, 19, 20, 21, 22], [12, 13, 14, 15, 16, 17, 23, 24, 25, 26, 27]]
 Time  1  USC keys  {'12,13,14,15,16,17,23,24,25,26,27_0', '0,1,2,3,4,5,6,7,8,9,10,11_0', '18,19,20,21,22_0'}
 USC children  {'0,1,2,3,4,5,6,7,8,9,10,11_0': [1, 3], '18,19,20,21,22_0': [1], '12,13,14,15,16,17,23,24,25,26,27_0': [2]}
 USC children  {'0,1,2,3,4,5,6,7,8,9,10,11_0': [1, 3], '18,19,20,21,22_0': [1], '12,13,14,15,16,17,23,24,25,26,27_0': [2]}
 Timepoint ====  2
 Hash table  {'0,1': [0, 1, 3, 4, 5, 6, 7, 8, 9, 10, 11], '0': [18, 19, 20, 21, 22, 28, 29, 30, 31, 32, 33, 34, 35, 36, 37, 38, 39], '1': [2, 40, 41, 42, 43, 44, 45, 46, 47, 48, 49, 50, 51, 52, 53], '2,3': [12, 13, 14, 15, 16, 17], '2': [23, 24, 25, 26, 27, 54, 55, 56, 57, 58, 59, 60, 61, 62, 64, 65, 66, 67, 68], '3': [69, 70, 71, 72, 73, 74, 75, 76, 77, 78, 79]}
====== Inside find superset of t nodes ==========
 Final possible usc  []
 Time  2  USC keys  set()
 USC children  {'0,1,2,3,4,5,6,7,8,9,10,11_0': [1, 3], '18,19,20,21,22_0': [1], '12,13,14,15,16,17,23,24,25,26,27_0': [2]}
 USC children  {'0,1,2,3,4,5,6,7,8,9,10,11_0': [1, 3], '18,19,20,21,22_0': [1], '12,13,14,15,16,17,23,24,25,26,27_0': [2]}
 Node s  {'1,3': ['0', '1', '2', '3', '4', '5', '6', '7', '8', '9', '10', '11'], '2': ['12', '13', '14', '15', '16', '17', '23', '24', '25', '26', '27']}
 Enroll USC nodes  ['1', '3']  len  2
 Enroll USC nodes  ['2']  len  1
 Node TP  SortedDict({1: [0], 2: [1, 2, 3], 3: [4, 5, 6, 7, 8, 9, 10]})
 Unobserved subclones at timepoints  {1.5: [11]}
 ============== Inside finding node v ============ 
 Time  2
 largest_v_mut  [[]]
 Time  3
 largest_v_mut  []
 largest_v_mut  [[0, 1, 2, 3, 4, 5, 6, 7, 8, 9, 10, 11]]
 largest_v_mut  [[12, 13, 14, 15, 16, 17, 23, 24, 25, 26, 27]]
 largest_v_mut  []
 Sorted all timepoints  [1, 1.5, 2, 3]
 Timepoint  2
 Inside usc_node check  2
 Timepoint  3
 Node  6  has no parent 
 USC nodes  []
 Node with minimum mutation sets  {1: 1, 2: 11, 3: 1}
 Node  9  has no parent 
 USC nodes  []
 Node with minimum mutation sets  {1: 17, 2: 5, 3: 12}
0   1   [-1]   subclone   []   []
1   2   [11]   subclone   [0, 1, 2, 3, 4, 5, 6, 7, 8, 9, 10, 11, 18, 19, 20, 21, 22]   [5]
2   2   [0]   subclone   [12, 13, 14, 15, 16, 17, 23, 24, 25, 26, 27]   [11]
3   2   [11]   subclone   [0, 1, 2, 3, 4, 5, 6, 7, 8, 9, 10, 11]   [0]
4   3   [1]   subclone   [0, 1, 2, 3, 4, 5, 6, 7, 8, 9, 10, 11, 18, 19, 20, 21, 22]   [0]
5   3   [2]   subclone   [12, 13, 14, 15, 16, 17, 23, 24, 25, 26, 27]   [0]
6   3   [1]   subclone   [0, 1, 3, 4, 5, 6, 7, 8, 9, 10, 11, 18, 19, 20, 21, 22, 28, 29, 30, 31, 32, 33, 34, 35, 36, 37, 38, 39]   [12]
7   3   [3]   subclone   [0, 1, 2, 3, 4, 5, 6, 7, 8, 9, 10, 11, 40, 41, 42, 43, 44, 45, 46, 47, 48, 49, 50, 51, 52, 53]   [14]
8   3   [2]   subclone   [12, 13, 14, 15, 16, 17, 23, 24, 25, 26, 27, 54, 55, 56, 57, 58, 59, 60, 61, 62, 64, 65, 66, 67, 68]   [14]
9   3   [2]   subclone   [12, 13, 14, 15, 16, 17, 69, 70, 71, 72, 73, 74, 75, 76, 77, 78, 79]   [11]
10   3   [3]   subclone   [0, 1, 2, 3, 4, 5, 6, 7, 8, 9, 10, 11]   [0]
11   1.5   [0]   unobserved subclone   [0, 1, 2, 3, 4, 5, 6, 7, 8, 9, 10, 11]   [12]
8
 Total estimated FP  309  True negatives  29914
 Total estimated FN  1636  True positives  6541
 Estimated FP rate  0.04511
 Estimated FN rate  0.05
 No. of Cells in each cluster  {'0_2': 57, '0_3': 157, '2_2': 28, '2_3': 118, '7_2': 1, '5_2': 14, '5_3': 49, '6_3': 27, '1_3': 127, '4_3': 8, '3_3': 14}
 Cells in each cluster  {'0_2': [0, 1, 3, 4, 5, 6, 7, 8, 9, 10, 11, 12, 13, 14, 15, 16, 17, 18, 19, 20, 21, 22, 23, 24, 25, 26, 28, 29, 30, 31, 32, 33, 34, 35, 36, 37, 38, 39, 40, 41, 42, 43, 44, 45, 46, 47, 48, 49, 50, 51, 52, 53, 54, 55, 56, 64, 75], '0_3': [101, 119, 130, 245, 246, 247, 248, 249, 250, 251, 252, 253, 254, 255, 256, 257, 258, 259, 260, 261, 262, 263, 264, 265, 266, 267, 268, 269, 270, 271, 272, 273, 274, 275, 276, 277, 278, 279, 280, 281, 282, 283, 284, 285, 286, 287, 288, 289, 290, 291, 292, 293, 294, 295, 296, 297, 298, 299, 300, 301, 302, 303, 304, 305, 306, 307, 308, 309, 310, 311, 312, 313, 314, 315, 316, 317, 318, 319, 320, 321, 322, 323, 324, 325, 326, 327, 328, 329, 330, 331, 332, 333, 334, 335, 337, 338, 339, 340, 341, 342, 343, 344, 345, 346, 347, 348, 349, 350, 351, 352, 353, 354, 355, 356, 357, 358, 359, 360, 361, 362, 363, 364, 365, 367, 368, 369, 370, 371, 372, 373, 374, 375, 376, 377, 378, 379, 381, 382, 383, 384, 385, 386, 387, 388, 389, 390, 391, 392, 393, 394, 395, 396, 397, 398, 399, 400, 401], '2_2': [2, 57, 58, 59, 60, 61, 62, 63, 65, 66, 67, 68, 69, 70, 71, 72, 73, 74, 76, 77, 78, 79, 80, 81, 82, 83, 84, 85], '2_3': [100, 102, 103, 104, 105, 106, 107, 108, 109, 110, 111, 112, 113, 114, 115, 116, 117, 118, 120, 121, 122, 123, 124, 125, 126, 127, 128, 129, 131, 132, 133, 134, 135, 136, 137, 138, 139, 140, 141, 142, 143, 144, 145, 146, 147, 148, 149, 150, 151, 152, 153, 154, 155, 156, 157, 158, 159, 160, 161, 162, 163, 164, 165, 166, 167, 168, 169, 170, 171, 172, 173, 174, 175, 176, 177, 178, 179, 180, 181, 182, 183, 184, 185, 186, 187, 188, 189, 190, 191, 192, 193, 194, 195, 196, 197, 198, 199, 200, 201, 202, 203, 204, 205, 206, 207, 208, 209, 210, 211, 212, 213, 214, 215, 216, 217, 336, 366, 380], '7_2': [27], '5_2': [86, 87, 88, 89, 90, 91, 92, 93, 94, 95, 96, 97, 98, 99], '5_3': [529, 530, 531, 532, 533, 534, 535, 536, 537, 538, 539, 540, 541, 542, 543, 544, 545, 546, 547, 548, 549, 550, 551, 552, 553, 554, 555, 556, 557, 558, 559, 560, 561, 562, 563, 564, 565, 566, 567, 568, 569, 570, 571, 572, 573, 574, 575, 584, 585], '6_3': [218, 219, 220, 221, 222, 223, 224, 225, 226, 227, 228, 229, 230, 231, 232, 233, 234, 235, 236, 237, 238, 239, 240, 241, 242, 243, 244], '1_3': [402, 403, 404, 405, 406, 407, 408, 409, 410, 411, 412, 413, 414, 415, 416, 417, 418, 419, 420, 421, 422, 423, 424, 425, 426, 427, 428, 429, 430, 431, 432, 433, 434, 435, 436, 437, 438, 439, 440, 441, 442, 443, 444, 445, 446, 447, 448, 449, 450, 451, 452, 453, 454, 455, 456, 457, 458, 459, 460, 461, 462, 463, 464, 465, 466, 467, 468, 469, 470, 471, 472, 473, 474, 475, 476, 477, 478, 479, 480, 481, 482, 483, 484, 485, 486, 487, 488, 489, 490, 491, 492, 493, 494, 495, 496, 497, 498, 499, 500, 501, 502, 503, 504, 505, 506, 507, 508, 509, 510, 511, 512, 513, 514, 515, 516, 517, 518, 519, 520, 521, 522, 523, 524, 525, 526, 527, 528], '4_3': [576, 577, 578, 579, 580, 581, 582, 583], '3_3': [586, 587, 588, 589, 590, 591, 592, 593, 594, 595, 596, 597, 598, 599]}
FP rate  0.04511 FN rate  0.05
 Before reassigning cells 
 Timepoint  2
 Cluster  0  # of cells  58
 Cluster  2  # of cells  25
 Cluster  7  # of cells  1
 Cluster  5  # of cells  14
 Timepoint  3
 Cluster  0  # of cells  163
 Cluster  2  # of cells  114
 Cluster  5  # of cells  49
 Cluster  6  # of cells  26
 Cluster  1  # of cells  126
 Cluster  4  # of cells  8
 Cluster  3  # of cells  14
 Cells absent at timepoint  3   set()
 Cells absent at timepoint  2   {82, 67}
 Missing cell prob  {'5': 1.1143841005576291e-26, '7': 2.5437595249511527e-08, '0': 5.2012419795277843e-11, '2': 2.5437595249511533e-08}
 Missing cell prob  {'5': 1.5466204270399957e-21, '7': 1.0363486142230094e-09, '0': 2.1190288880886536e-12, '2': 1.03634861422301e-09}
 Timepoint  2
 Timepoint  3
 After reassigning and merging cells 
 Timepoint  2
 Cluster  0  # of cells  58
 Cluster  2  # of cells  27
 Cluster  7  # of cells  1
 Cluster  5  # of cells  14
 Timepoint  3
 Cluster  0  # of cells  163
 Cluster  2  # of cells  114
 Cluster  5  # of cells  49
 Cluster  6  # of cells  26
 Cluster  1  # of cells  126
 Cluster  4  # of cells  8
 Cluster  3  # of cells  14
 Tp cluster cell dict  {'0_2': 58, '2_2': 27, '7_2': 1, '5_2': 14, '0_3': 163, '2_3': 114, '5_3': 49, '6_3': 26, '1_3': 126, '4_3': 8, '3_3': 14}
 New Graph is here 
 ID  0  Timepoint  1  Mutations  []  Type  subclone
 ID  1  Timepoint  2  Mutations  [0, 1, 2, 3, 4, 5, 6, 7, 8, 9, 10, 11]  Type  subclone
 ID  2  Timepoint  2  Mutations  [0, 1, 2, 3, 4, 5, 6, 7, 8, 9, 10, 11, 18, 19, 20, 21, 22]  Type  subclone
 ID  3  Timepoint  2  Mutations  [0, 1, 2, 3, 4, 7, 8, 9, 10, 11, 18, 19, 20, 21, 22, 30]  Type  subclone
 ID  4  Timepoint  2  Mutations  [12, 13, 14, 15, 16, 17, 23, 24, 25, 26, 27]  Type  subclone
 ID  5  Timepoint  3  Mutations  [0, 1, 2, 3, 4, 5, 6, 7, 8, 9, 10, 11]  Type  subclone
 ID  6  Timepoint  3  Mutations  [0, 1, 2, 3, 4, 5, 6, 7, 8, 9, 10, 11, 18, 19, 20, 21, 22]  Type  subclone
 ID  7  Timepoint  3  Mutations  [12, 13, 14, 15, 16, 17, 23, 24, 25, 26, 27]  Type  subclone
 ID  8  Timepoint  3  Mutations  [0, 1, 3, 4, 5, 6, 7, 8, 9, 10, 11, 18, 19, 20, 21, 22, 28, 29, 30, 31, 32, 33, 34, 35, 36, 37, 38, 39]  Type  subclone
 ID  9  Timepoint  3  Mutations  [0, 1, 2, 3, 4, 5, 6, 7, 8, 9, 10, 11, 40, 41, 42, 43, 44, 45, 46, 47, 48, 49, 50, 51, 52, 53]  Type  subclone
 ID  10  Timepoint  3  Mutations  [12, 13, 14, 15, 16, 17, 23, 24, 25, 26, 27, 54, 55, 56, 57, 58, 59, 60, 61, 62, 64, 65, 66, 67, 68]  Type  subclone
 ID  11  Timepoint  3  Mutations  [12, 13, 14, 15, 16, 17, 69, 70, 71, 72, 73, 74, 75, 76, 77, 78, 79]  Type  subclone
Timepoints  SortedDict({1: [0], 2: [1, 2, 3, 4], 3: [5, 6, 7, 8, 9, 10, 11]})
 Clone to nodes  {'0_2': 1, '2_2': 2, '7_2': 3, '5_2': 4, '0_3': 5, '2_3': 6, '5_3': 7, '6_3': 8, '1_3': 9, '4_3': 10, '3_3': 11}
 Timepoint ====  1
 Hash table  {'0,1,2': [0, 1, 2, 3, 4, 7, 8, 9, 10, 11], '0,1': [5, 6], '1,2': [18, 19, 20, 21, 22], '2': [30], '3': [12, 13, 14, 15, 16, 17, 23, 24, 25, 26, 27]}
 Final possible usc  [[0, 1, 2, 3, 4, 7, 8, 9, 10, 11], [5, 6], [18, 19, 20, 21, 22], [30], [12, 13, 14, 15, 16, 17, 23, 24, 25, 26, 27]]
 Time  1  USC keys  {'18,19,20,21,22_0', '5,6_0', '0,1,2,3,4,7,8,9,10,11_0', '30_0', '12,13,14,15,16,17,23,24,25,26,27_0'}
 USC children  {'0,1,2,3,4,7,8,9,10,11_0': [1, 2, 3], '5,6_0': [1, 2], '18,19,20,21,22_0': [2, 3], '30_0': [3], '12,13,14,15,16,17,23,24,25,26,27_0': [4]}
 USC children  {'0,1,2,3,4,7,8,9,10,11_0': [1, 2, 3], '5,6_0': [1, 2], '18,19,20,21,22_0': [2, 3], '30_0': [3], '12,13,14,15,16,17,23,24,25,26,27_0': [4]}
 Timepoint ====  2
 Hash table  {'0,1': [0, 1, 3, 4, 5, 6, 7, 8, 9, 10, 11], '0': [18, 19, 20, 21, 22, 28, 29, 30, 31, 32, 33, 34, 35, 36, 37, 38, 39], '1': [2, 40, 41, 42, 43, 44, 45, 46, 47, 48, 49, 50, 51, 52, 53], '2,3': [12, 13, 14, 15, 16, 17], '2': [23, 24, 25, 26, 27, 54, 55, 56, 57, 58, 59, 60, 61, 62, 64, 65, 66, 67, 68], '3': [69, 70, 71, 72, 73, 74, 75, 76, 77, 78, 79]}
====== Inside find superset of t nodes ==========
 Final possible usc  []
 Time  2  USC keys  set()
 USC children  {'0,1,2,3,4,7,8,9,10,11_0': [1, 2, 3], '5,6_0': [1, 2], '18,19,20,21,22_0': [2, 3], '30_0': [3], '12,13,14,15,16,17,23,24,25,26,27_0': [4]}
 USC children  {'0,1,2,3,4,7,8,9,10,11_0': [1, 2, 3], '5,6_0': [1, 2], '18,19,20,21,22_0': [2, 3], '30_0': [3], '12,13,14,15,16,17,23,24,25,26,27_0': [4]}
 Node s  {'1,2,3': ['0', '1', '2', '3', '4', '7', '8', '9', '10', '11'], '4': ['12', '13', '14', '15', '16', '17', '23', '24', '25', '26', '27']}
 Enroll USC nodes  ['1', '2', '3']  len  3
 Enroll USC nodes  ['4']  len  1
 Node TP  SortedDict({1: [0], 2: [1, 2, 3, 4], 3: [5, 6, 7, 8, 9, 10, 11]})
 Unobserved subclones at timepoints  {1.5: [12]}
 ============== Inside finding node v ============ 
 Time  2
 largest_v_mut  [[]]
 Time  3
 largest_v_mut  []
 largest_v_mut  [[0, 1, 2, 3, 4, 5, 6, 7, 8, 9, 10, 11]]
 largest_v_mut  [[12, 13, 14, 15, 16, 17, 23, 24, 25, 26, 27]]
 largest_v_mut  []
 Sorted all timepoints  [1, 1.5, 2, 3]
 Timepoint  2
 Inside usc_node check  2
 Timepoint  3
 Node  8  has no parent 
 USC nodes  []
 Node with minimum mutation sets  {1: 1, 2: 1, 3: 1, 4: 11}
 Node  11  has no parent 
 USC nodes  []
 Node with minimum mutation sets  {1: 12, 2: 17, 3: 16, 4: 5}
0   1   [-1]   subclone   []   []
1   2   [12]   subclone   [0, 1, 2, 3, 4, 5, 6, 7, 8, 9, 10, 11]   [2]
2   2   [12]   subclone   [0, 1, 2, 3, 4, 5, 6, 7, 8, 9, 10, 11, 18, 19, 20, 21, 22]   [7]
3   2   [12]   subclone   [0, 1, 2, 3, 4, 7, 8, 9, 10, 11, 18, 19, 20, 21, 22, 30]   [6]
4   2   [0]   subclone   [12, 13, 14, 15, 16, 17, 23, 24, 25, 26, 27]   [11]
5   3   [1]   subclone   [0, 1, 2, 3, 4, 5, 6, 7, 8, 9, 10, 11]   [0]
6   3   [2]   subclone   [0, 1, 2, 3, 4, 5, 6, 7, 8, 9, 10, 11, 18, 19, 20, 21, 22]   [0]
7   3   [4]   subclone   [12, 13, 14, 15, 16, 17, 23, 24, 25, 26, 27]   [0]
8   3   [1]   subclone   [0, 1, 3, 4, 5, 6, 7, 8, 9, 10, 11, 18, 19, 20, 21, 22, 28, 29, 30, 31, 32, 33, 34, 35, 36, 37, 38, 39]   [17]
9   3   [1]   subclone   [0, 1, 2, 3, 4, 5, 6, 7, 8, 9, 10, 11, 40, 41, 42, 43, 44, 45, 46, 47, 48, 49, 50, 51, 52, 53]   [14]
10   3   [4]   subclone   [12, 13, 14, 15, 16, 17, 23, 24, 25, 26, 27, 54, 55, 56, 57, 58, 59, 60, 61, 62, 64, 65, 66, 67, 68]   [14]
11   3   [4]   subclone   [12, 13, 14, 15, 16, 17, 69, 70, 71, 72, 73, 74, 75, 76, 77, 78, 79]   [11]
12   1.5   [0]   unobserved subclone   [0, 1, 2, 3, 4, 7, 8, 9, 10, 11]   [10]
 List of tree files  ['all_trees/sp05_rep1_m1_tree.csv', 'all_trees/sp05_rep1_m2_tree.csv', 'all_trees/sp05_rep1_m3_tree.csv', 'all_trees/sp05_rep1_m4_tree.csv', 'all_trees/sp05_rep1_m5_tree.csv']
{'1': ['0', '1', '2', '3', '4', '5', '6', '7', '8', '9', '10', '11', '18', '19', '20', '21', '22'], '2': ['12', '13', '14', '15', '16', '17', '23', '24', '25', '26', '27'], '3': ['0', '1', '2', '3', '4', '5', '6', '7', '8', '9', '10', '11'], '4': ['0', '1', '2', '3', '4', '5', '6', '7', '8', '9', '10', '11', '18', '19', '20', '21', '22'], '5': ['12', '13', '14', '15', '16', '17', '23', '24', '25', '26', '27'], '6': ['0', '1', '3', '4', '5', '6', '7', '8', '9', '10', '11', '18', '19', '20', '21', '22', '28', '29', '30', '31', '32', '33', '34', '35', '36', '37', '38', '39'], '7': ['0', '1', '2', '3', '4', '5', '6', '7', '8', '9', '10', '11', '40', '41', '42', '43', '44', '45', '46', '47', '48', '49', '50', '51', '52', '53'], '8': ['12', '13', '14', '15', '16', '17', '23', '24', '25', '26', '27', '54', '55', '56', '57', '58', '59', '60', '61', '62', '64', '65', '66', '67', '68'], '9': ['12', '13', '14', '15', '16', '17', '69', '70', '71', '72', '73', '74', '75', '76', '77', '78', '79'], '10': ['0', '1', '2', '3', '4', '5', '6', '7', '8', '9', '10', '11'], '11': ['0', '1', '2', '3', '4', '5', '6', '7', '8', '9', '10', '11']}
 Actual mutation of  1   ['20', '21', '18', '22', '19']
 Actual mutation of  3   []
 Actual mutation of  4   []
 Actual mutation of  5   []
 Actual mutation of  6   ['31', '39', '29', '30', '37', '38', '35', '34', '32', '36', '28', '33']
 Actual mutation of  7   ['42', '43', '45', '41', '50', '46', '51', '44', '47', '40', '49', '53', '48', '52']
 Actual mutation of  8   ['57', '58', '64', '55', '65', '66', '59', '62', '61', '68', '60', '56', '54', '67']
 Actual mutation of  9   ['69', '74', '73', '75', '71', '77', '76', '78', '79', '72', '70']
 Actual mutation of  10   []
 Updated node mutation  {'1': ['20', '21', '18', '22', '19'], '2': ['12', '13', '14', '15', '16', '17', '23', '24', '25', '26', '27'], '3': [], '4': [], '5': [], '6': ['31', '39', '29', '30', '37', '38', '35', '34', '32', '36', '28', '33'], '7': ['42', '43', '45', '41', '50', '46', '51', '44', '47', '40', '49', '53', '48', '52'], '8': ['57', '58', '64', '55', '65', '66', '59', '62', '61', '68', '60', '56', '54', '67'], '9': ['69', '74', '73', '75', '71', '77', '76', '78', '79', '72', '70'], '10': [], '11': ['0', '1', '2', '3', '4', '5', '6', '7', '8', '9', '10', '11']}
{'1': ['0', '1', '2', '3', '4', '5', '6', '7', '8', '9', '10', '11'], '2': ['0', '1', '2', '3', '4', '5', '6', '7', '8', '9', '10', '11', '18', '19', '20', '21', '22'], '3': ['12', '13', '14', '15', '16', '17', '23', '24', '25', '26', '27'], '4': ['0', '1', '2', '3', '4', '5', '6', '7', '8', '9', '10', '11'], '5': ['0', '1', '2', '3', '4', '5', '6', '7', '8', '9', '10', '11', '18', '19', '20', '21', '22'], '6': ['12', '13', '14', '15', '16', '17', '23', '24', '25', '26', '27'], '7': ['0', '1', '3', '4', '5', '6', '7', '8', '9', '10', '11', '18', '19', '20', '21', '22', '28', '29', '30', '31', '32', '33', '34', '35', '36', '37', '38', '39'], '8': ['0', '1', '2', '3', '4', '5', '6', '7', '8', '9', '10', '11', '40', '41', '42', '43', '44', '45', '46', '47', '48', '49', '50', '51', '52', '53'], '9': ['12', '13', '14', '15', '16', '17', '23', '24', '25', '26', '27', '54', '55', '56', '57', '58', '59', '60', '61', '62', '64', '65', '66', '67', '68'], '10': ['12', '13', '14', '15', '16', '17', '69', '70', '71', '72', '73', '74', '75', '76', '77', '78', '79'], '11': ['0', '1', '2', '3', '4', '5', '6', '7', '8', '9', '10', '11']}
 Actual mutation of  1   []
 Actual mutation of  2   ['20', '21', '18', '22', '19']
 Actual mutation of  4   []
 Actual mutation of  5   []
 Actual mutation of  6   []
 Actual mutation of  7   ['36', '31', '39', '29', '30', '37', '38', '35', '34', '20', '33', '32', '18', '21', '28', '22', '19']
 Actual mutation of  8   ['42', '43', '45', '41', '50', '46', '51', '44', '47', '40', '49', '53', '48', '52']
 Actual mutation of  9   ['57', '58', '64', '55', '65', '66', '59', '62', '61', '68', '60', '56', '54', '67']
 Actual mutation of  10   ['69', '74', '73', '75', '71', '77', '76', '78', '79', '72', '70']
 Updated node mutation  {'1': [], '2': ['20', '21', '18', '22', '19'], '3': ['12', '13', '14', '15', '16', '17', '23', '24', '25', '26', '27'], '4': [], '5': [], '6': [], '7': ['36', '31', '39', '29', '30', '37', '38', '35', '34', '20', '33', '32', '18', '21', '28', '22', '19'], '8': ['42', '43', '45', '41', '50', '46', '51', '44', '47', '40', '49', '53', '48', '52'], '9': ['57', '58', '64', '55', '65', '66', '59', '62', '61', '68', '60', '56', '54', '67'], '10': ['69', '74', '73', '75', '71', '77', '76', '78', '79', '72', '70'], '11': ['0', '1', '2', '3', '4', '5', '6', '7', '8', '9', '10', '11']}
{'1': ['0', '1', '2', '3', '4', '5', '6', '7', '8', '9', '10', '11'], '2': ['0', '1', '2', '3', '4', '5', '6', '7', '8', '9', '10', '11', '18', '19', '20', '21', '22'], '3': ['0', '2', '3', '4', '5', '6', '7', '8', '10', '11', '15', '48'], '4': ['12', '13', '14', '15', '16', '17', '23', '24', '25', '26', '27'], '5': ['0', '1', '2', '3', '4', '5', '6', '7', '8', '9', '10', '11'], '6': ['0', '1', '2', '3', '4', '5', '6', '7', '8', '9', '10', '11', '18', '19', '20', '21', '22'], '7': ['12', '13', '14', '15', '16', '17', '23', '24', '25', '26', '27'], '8': ['0', '1', '3', '4', '5', '6', '7', '8', '9', '10', '11', '18', '19', '20', '21', '22', '28', '29', '30', '31', '32', '33', '34', '35', '36', '37', '38', '39'], '9': ['0', '1', '2', '3', '4', '5', '6', '7', '8', '9', '10', '11', '40', '41', '42', '43', '44', '45', '46', '47', '48', '49', '50', '51', '52', '53'], '10': ['12', '13', '14', '15', '16', '17', '23', '24', '25', '26', '27', '54', '55', '56', '57', '58', '59', '60', '61', '62', '64', '65', '66', '67', '68'], '11': ['12', '13', '14', '15', '16', '17', '69', '70', '71', '72', '73', '74', '75', '76', '77', '78', '79'], '12': ['0', '2', '3', '4', '5', '6', '7', '8', '10', '11'], '13': ['15']}
 Actual mutation of  1   ['1', '9']
 Actual mutation of  2   ['1', '9', '20', '21', '18', '22', '19']
 Actual mutation of  3   ['15', '48']
 Actual mutation of  4   ['16', '23', '14', '13', '17', '25', '27', '24', '26', '12']
 Actual mutation of  5   []
 Actual mutation of  6   []
 Actual mutation of  7   []
 Actual mutation of  8   ['36', '31', '39', '29', '30', '37', '38', '35', '34', '20', '33', '32', '18', '21', '28', '22', '19']
 Actual mutation of  9   ['42', '43', '45', '41', '50', '46', '51', '44', '47', '40', '49', '53', '48', '52']
 Actual mutation of  10   ['57', '58', '64', '55', '65', '66', '59', '62', '61', '68', '60', '56', '54', '67']
 Actual mutation of  11   ['69', '74', '73', '75', '71', '77', '76', '78', '79', '72', '70']
 Updated node mutation  {'1': ['1', '9'], '2': ['1', '9', '20', '21', '18', '22', '19'], '3': ['15', '48'], '4': ['16', '23', '14', '13', '17', '25', '27', '24', '26', '12'], '5': [], '6': [], '7': [], '8': ['36', '31', '39', '29', '30', '37', '38', '35', '34', '20', '33', '32', '18', '21', '28', '22', '19'], '9': ['42', '43', '45', '41', '50', '46', '51', '44', '47', '40', '49', '53', '48', '52'], '10': ['57', '58', '64', '55', '65', '66', '59', '62', '61', '68', '60', '56', '54', '67'], '11': ['69', '74', '73', '75', '71', '77', '76', '78', '79', '72', '70'], '12': ['0', '2', '3', '4', '5', '6', '7', '8', '10', '11'], '13': ['15']}
{'1': ['0', '1', '2', '3', '4', '5', '6', '7', '8', '9', '10', '11', '18', '19', '20', '21', '22'], '2': ['12', '13', '14', '15', '16', '17', '23', '24', '25', '26', '27'], '3': ['0', '1', '2', '3', '4', '5', '6', '7', '8', '9', '10', '11'], '4': ['0', '1', '2', '3', '4', '5', '6', '7', '8', '9', '10', '11', '18', '19', '20', '21', '22'], '5': ['12', '13', '14', '15', '16', '17', '23', '24', '25', '26', '27'], '6': ['0', '1', '3', '4', '5', '6', '7', '8', '9', '10', '11', '18', '19', '20', '21', '22', '28', '29', '30', '31', '32', '33', '34', '35', '36', '37', '38', '39'], '7': ['0', '1', '2', '3', '4', '5', '6', '7', '8', '9', '10', '11', '40', '41', '42', '43', '44', '45', '46', '47', '48', '49', '50', '51', '52', '53'], '8': ['12', '13', '14', '15', '16', '17', '23', '24', '25', '26', '27', '54', '55', '56', '57', '58', '59', '60', '61', '62', '64', '65', '66', '67', '68'], '9': ['12', '13', '14', '15', '16', '17', '69', '70', '71', '72', '73', '74', '75', '76', '77', '78', '79'], '10': ['0', '1', '2', '3', '4', '5', '6', '7', '8', '9', '10', '11'], '11': ['0', '1', '2', '3', '4', '5', '6', '7', '8', '9', '10', '11']}
 Actual mutation of  1   ['20', '21', '18', '22', '19']
 Actual mutation of  3   []
 Actual mutation of  4   []
 Actual mutation of  5   []
 Actual mutation of  6   ['31', '39', '29', '30', '37', '38', '35', '34', '32', '36', '28', '33']
 Actual mutation of  7   ['42', '43', '45', '41', '50', '46', '51', '44', '47', '40', '49', '53', '48', '52']
 Actual mutation of  8   ['57', '58', '64', '55', '65', '66', '59', '62', '61', '68', '60', '56', '54', '67']
 Actual mutation of  9   ['69', '74', '73', '75', '71', '77', '76', '78', '79', '72', '70']
 Actual mutation of  10   []
 Updated node mutation  {'1': ['20', '21', '18', '22', '19'], '2': ['12', '13', '14', '15', '16', '17', '23', '24', '25', '26', '27'], '3': [], '4': [], '5': [], '6': ['31', '39', '29', '30', '37', '38', '35', '34', '32', '36', '28', '33'], '7': ['42', '43', '45', '41', '50', '46', '51', '44', '47', '40', '49', '53', '48', '52'], '8': ['57', '58', '64', '55', '65', '66', '59', '62', '61', '68', '60', '56', '54', '67'], '9': ['69', '74', '73', '75', '71', '77', '76', '78', '79', '72', '70'], '10': [], '11': ['0', '1', '2', '3', '4', '5', '6', '7', '8', '9', '10', '11']}
{'1': ['0', '1', '2', '3', '4', '5', '6', '7', '8', '9', '10', '11'], '2': ['0', '1', '2', '3', '4', '5', '6', '7', '8', '9', '10', '11', '18', '19', '20', '21', '22'], '3': ['0', '1', '2', '3', '4', '7', '8', '9', '10', '11', '18', '19', '20', '21', '22', '30'], '4': ['12', '13', '14', '15', '16', '17', '23', '24', '25', '26', '27'], '5': ['0', '1', '2', '3', '4', '5', '6', '7', '8', '9', '10', '11'], '6': ['0', '1', '2', '3', '4', '5', '6', '7', '8', '9', '10', '11', '18', '19', '20', '21', '22'], '7': ['12', '13', '14', '15', '16', '17', '23', '24', '25', '26', '27'], '8': ['0', '1', '3', '4', '5', '6', '7', '8', '9', '10', '11', '18', '19', '20', '21', '22', '28', '29', '30', '31', '32', '33', '34', '35', '36', '37', '38', '39'], '9': ['0', '1', '2', '3', '4', '5', '6', '7', '8', '9', '10', '11', '40', '41', '42', '43', '44', '45', '46', '47', '48', '49', '50', '51', '52', '53'], '10': ['12', '13', '14', '15', '16', '17', '23', '24', '25', '26', '27', '54', '55', '56', '57', '58', '59', '60', '61', '62', '64', '65', '66', '67', '68'], '11': ['12', '13', '14', '15', '16', '17', '69', '70', '71', '72', '73', '74', '75', '76', '77', '78', '79'], '12': ['0', '1', '2', '3', '4', '7', '8', '9', '10', '11']}
 Actual mutation of  1   ['6', '5']
 Actual mutation of  2   ['20', '5', '21', '18', '6', '22', '19']
 Actual mutation of  3   ['30', '20', '21', '18', '22', '19']
 Actual mutation of  5   []
 Actual mutation of  6   []
 Actual mutation of  7   []
 Actual mutation of  8   ['36', '31', '39', '29', '30', '37', '38', '35', '34', '20', '33', '32', '18', '21', '28', '22', '19']
 Actual mutation of  9   ['42', '43', '45', '41', '50', '46', '51', '44', '47', '40', '49', '53', '48', '52']
 Actual mutation of  10   ['57', '58', '64', '55', '65', '66', '59', '62', '61', '68', '60', '56', '54', '67']
 Actual mutation of  11   ['69', '74', '73', '75', '71', '77', '76', '78', '79', '72', '70']
 Updated node mutation  {'1': ['6', '5'], '2': ['20', '5', '21', '18', '6', '22', '19'], '3': ['30', '20', '21', '18', '22', '19'], '4': ['12', '13', '14', '15', '16', '17', '23', '24', '25', '26', '27'], '5': [], '6': [], '7': [], '8': ['36', '31', '39', '29', '30', '37', '38', '35', '34', '20', '33', '32', '18', '21', '28', '22', '19'], '9': ['42', '43', '45', '41', '50', '46', '51', '44', '47', '40', '49', '53', '48', '52'], '10': ['57', '58', '64', '55', '65', '66', '59', '62', '61', '68', '60', '56', '54', '67'], '11': ['69', '74', '73', '75', '71', '77', '76', '78', '79', '72', '70'], '12': ['0', '1', '2', '3', '4', '7', '8', '9', '10', '11']}
 Parallel mutation count  {'m1': 0, 'm2': 5, 'm3': 9, 'm4': 0, 'm5': 8}
 Clusters with least parallel mutations  ['m1', 'm4']
 Cluster nos for each run  {'m1': 8, 'm4': 8}
 Run  m1
 Base path  ['sp05', 'rep1', 'm1', 'tree.csv']
 Best tree path  sp05_rep1_m1_tree.csv
