
DPMM with:
	600 cells
	49 mutations
	learning errors

	Priors:
	params.:	Beta(0.25,0.25)
	CRP a_0:	Gamma(24.49,1)
	FP:		trunc norm(0.01,0.01)
	FN:		trunc norm(0.2,0.1)

Move probabilitites:
	Split/merge:	0.33
		split/merge ratio:	[0.75, 0.25]
		intermediate Gibbs:	3
	CRP a_0 update:	0.25
	Errors update:	0.25

Run MCMC with (1 chains for 5000 steps):

Clustering time:	0:24:07.118041	(0.29 secs. per MCMC step)	Lugsail PSRF:		1.00848

Chain mean - posterior clusters	(#7):
	7 clusters

	A: 219 items
	B: 252 items
	C: 38 items
	D: 8 items
	E: 30 items
	F: 16 items
	G: 37 items

Inferred latent variables	--	chain mean - posterior
	CRP a_0:	102.2 +- 19.2
	FP (model|genotypes): 1.7E-03 +- 9.6E-04	|	8.9E-03
	FN (model|genotypes): 0.134   +- 0.014	|	0.159

Writing output to: ./sim_output/v1v2/rep3/m4

Too many cells to plot genotypes/clusters
