
DPMM with:
	600 cells
	34 mutations
	learning errors

	Priors:
	params.:	Beta(0.25,0.25)
	CRP a_0:	Gamma(24.49,1)
	FP:		trunc norm(0.01,0.01)
	FN:		trunc norm(0.2,0.1)

Move probabilitites:
	Split/merge:	0.33
		split/merge ratio:	[0.75, 0.25]
		intermediate Gibbs:	3
	CRP a_0 update:	0.25
	Errors update:	0.25

Run MCMC with (1 chains for 5000 steps):

Clustering time:	0:16:31.701252	(0.20 secs. per MCMC step)	Lugsail PSRF:		1.00762

Chain mean - posterior clusters	(#8):
	8 clusters

	A: 423 items
	B: 14 items
	C: 7 items
	D: 6 items
	E: 49 items
	F: 1 items
	G: 99 items
	H: 1 items

Inferred latent variables	--	chain mean - posterior
	CRP a_0:	94.8 +- 18.5
	FP (model|genotypes): 2.8E-03 +- 1.4E-03	|	8.0E-03
	FN (model|genotypes): 0.153   +- 0.012	|	0.156

Writing output to: ./sim_output/mc2/rep5/m2

Too many cells to plot genotypes/clusters
