6
 Total estimated FP  112  True negatives  11728
 Total estimated FN  2138  True positives  8582
 Estimated FP rate  0.01288
 Estimated FN rate  0.15
 No. of Cells in each cluster  {'5_2': 34, '5_3': 46, '1_2': 65, '1_3': 114, '4_2': 1, '3_3': 122, '0_3': 218}
 Cells in each cluster  {'5_2': [0, 1, 2, 3, 4, 5, 6, 7, 8, 9, 10, 11, 12, 13, 14, 15, 16, 17, 18, 19, 20, 21, 22, 23, 24, 25, 26, 27, 28, 29, 30, 31, 32, 33], '5_3': [432, 433, 434, 435, 436, 437, 438, 439, 440, 441, 442, 443, 444, 445, 446, 447, 448, 449, 450, 451, 452, 453, 454, 455, 456, 457, 458, 459, 460, 461, 462, 463, 464, 465, 466, 467, 468, 469, 470, 471, 472, 473, 474, 475, 476, 477], '1_2': [34, 35, 36, 37, 38, 39, 40, 41, 42, 43, 44, 45, 46, 47, 48, 49, 50, 51, 52, 53, 54, 55, 56, 57, 58, 59, 60, 61, 62, 63, 64, 65, 66, 67, 68, 69, 70, 71, 72, 73, 74, 75, 76, 77, 78, 79, 80, 81, 82, 83, 85, 86, 87, 88, 89, 90, 91, 92, 93, 94, 95, 96, 97, 98, 99], '1_3': [100, 101, 102, 103, 104, 105, 106, 107, 108, 109, 110, 111, 112, 113, 114, 115, 116, 117, 118, 119, 120, 121, 122, 123, 124, 125, 126, 127, 128, 129, 130, 131, 132, 133, 134, 135, 136, 137, 138, 139, 140, 141, 142, 143, 144, 145, 146, 147, 148, 149, 150, 151, 152, 153, 154, 155, 156, 157, 158, 159, 160, 161, 162, 163, 164, 165, 166, 167, 168, 169, 170, 171, 172, 173, 174, 175, 176, 177, 178, 179, 180, 181, 182, 183, 184, 185, 186, 187, 188, 189, 190, 191, 192, 193, 194, 195, 196, 197, 198, 199, 200, 201, 202, 203, 204, 205, 206, 207, 208, 209, 210, 211, 212, 213], '4_2': [84], '3_3': [478, 479, 480, 481, 482, 483, 484, 485, 486, 487, 488, 489, 490, 491, 492, 493, 494, 495, 496, 497, 498, 499, 500, 501, 502, 503, 504, 505, 506, 507, 508, 509, 510, 511, 512, 513, 514, 515, 516, 517, 518, 519, 520, 521, 522, 523, 524, 525, 526, 527, 528, 529, 530, 531, 532, 533, 534, 535, 536, 537, 538, 539, 540, 541, 542, 543, 544, 545, 546, 547, 548, 549, 550, 551, 552, 553, 554, 555, 556, 557, 558, 559, 560, 561, 562, 563, 564, 565, 566, 567, 568, 569, 570, 571, 572, 573, 574, 575, 576, 577, 578, 579, 580, 581, 582, 583, 584, 585, 586, 587, 588, 589, 590, 591, 592, 593, 594, 595, 596, 597, 598, 599], '0_3': [241, 291, 300, 309, 366, 370, 385, 214, 215, 216, 217, 218, 219, 220, 221, 222, 223, 224, 225, 226, 227, 228, 229, 230, 231, 232, 233, 234, 235, 236, 237, 238, 239, 240, 242, 243, 244, 245, 246, 247, 248, 249, 250, 251, 252, 253, 254, 255, 256, 257, 258, 259, 260, 261, 262, 263, 264, 265, 266, 267, 268, 269, 270, 271, 272, 273, 274, 275, 276, 277, 278, 279, 280, 281, 282, 283, 284, 285, 286, 287, 288, 289, 290, 292, 293, 294, 295, 296, 297, 298, 299, 301, 302, 303, 304, 305, 306, 307, 308, 310, 311, 312, 313, 314, 315, 316, 317, 318, 319, 320, 321, 322, 323, 324, 325, 326, 327, 328, 329, 330, 331, 332, 333, 334, 335, 336, 337, 338, 339, 340, 341, 342, 343, 344, 345, 346, 347, 348, 349, 350, 351, 352, 353, 354, 355, 356, 357, 358, 359, 360, 361, 362, 363, 364, 365, 367, 368, 369, 371, 372, 373, 374, 375, 376, 377, 378, 379, 380, 381, 382, 383, 384, 386, 387, 388, 389, 390, 391, 392, 393, 394, 395, 396, 397, 398, 399, 400, 401, 402, 403, 404, 405, 406, 407, 408, 409, 410, 411, 412, 413, 414, 415, 416, 417, 418, 419, 420, 421, 422, 423, 424, 425, 426, 427, 428, 429, 430, 431]}
FP rate  0.01288 FN rate  0.15
 Before reassigning cells 
 Timepoint  2
 Cluster  5  # of cells  34
 Cluster  1  # of cells  65
 Cluster  4  # of cells  1
 Timepoint  3
 Cluster  5  # of cells  46
 Cluster  1  # of cells  115
 Cluster  3  # of cells  122
 Cluster  0  # of cells  217
 Cells absent at timepoint  2   set()
 Cells absent at timepoint  3   set()
 Timepoint  2
 Timepoint  3
 After reassigning and merging cells 
 Timepoint  2
 Cluster  5  # of cells  34
 Cluster  1  # of cells  65
 Cluster  4  # of cells  1
 Timepoint  3
 Cluster  5  # of cells  46
 Cluster  1  # of cells  115
 Cluster  3  # of cells  122
 Cluster  0  # of cells  217
 Tp cluster cell dict  {'5_2': 34, '1_2': 65, '4_2': 1, '5_3': 46, '1_3': 115, '3_3': 122, '0_3': 217}
 New Graph is here 
 ID  0  Timepoint  1  Mutations  []  Type  subclone
 ID  1  Timepoint  2  Mutations  [1, 2, 3, 4, 5]  Type  subclone
 ID  2  Timepoint  2  Mutations  [1, 2, 3, 4, 5, 6, 7, 8, 9, 10, 11, 12, 13, 14, 15, 16, 17, 18, 19, 20]  Type  subclone
 ID  3  Timepoint  2  Mutations  [0, 2, 3, 5, 8, 10, 11, 12, 14, 15, 16, 18, 20, 21, 22, 28, 32, 34, 35, 41, 42, 44, 46]  Type  subclone
 ID  4  Timepoint  3  Mutations  [1, 2, 3, 4, 5]  Type  subclone
 ID  5  Timepoint  3  Mutations  [1, 2, 3, 4, 5, 6, 7, 8, 9, 10, 11, 12, 13, 14, 15, 16, 17, 18, 19, 20]  Type  subclone
 ID  6  Timepoint  3  Mutations  [1, 2, 3, 4, 5, 34, 35, 36, 37, 38, 39, 40, 41, 42, 43, 44, 45, 46]  Type  subclone
 ID  7  Timepoint  3  Mutations  [1, 2, 3, 4, 5, 6, 7, 8, 9, 10, 11, 12, 13, 14, 15, 16, 17, 18, 19, 20, 21, 22, 23, 24, 25, 26, 27, 28, 29, 30, 31, 32, 33]  Type  subclone
Timepoints  SortedDict({1: [0], 2: [1, 2, 3], 3: [4, 5, 6, 7]})
 Clone to nodes  {'5_2': 1, '1_2': 2, '4_2': 3, '5_3': 4, '1_3': 5, '3_3': 6, '0_3': 7}
 Timepoint ====  1
 Hash table  {'0,1': [1, 4], '0,1,2': [2, 3, 5], '1': [6, 7, 9, 13, 17, 19], '1,2': [8, 10, 11, 12, 14, 15, 16, 18, 20], '2': [0, 21, 22, 28, 32, 34, 35, 41, 42, 44, 46]}
 Final possible usc  [[1, 4], [2, 3, 5], [6, 7, 9, 13, 17, 19], [8, 10, 11, 12, 14, 15, 16, 18, 20], [0, 21, 22, 28, 32, 34, 35, 41, 42, 44, 46]]
 Time  1  USC keys  {'8,10,11,12,14,15,16,18,20_0', '0,21,22,28,32,34,35,41,42,44,46_0', '6,7,9,13,17,19_0', '2,3,5_0', '1,4_0'}
 USC children  {'1,4_0': [1, 2], '2,3,5_0': [1, 2, 3], '6,7,9,13,17,19_0': [2], '8,10,11,12,14,15,16,18,20_0': [2, 3], '0,21,22,28,32,34,35,41,42,44,46_0': [3]}
 USC children  {'1,4_0': [1, 2], '2,3,5_0': [1, 2, 3], '6,7,9,13,17,19_0': [2], '8,10,11,12,14,15,16,18,20_0': [2, 3], '0,21,22,28,32,34,35,41,42,44,46_0': [3]}
 Timepoint ====  2
 Hash table  {'0,1': [1, 2, 3, 4, 5], '0': [34, 35, 36, 37, 38, 39, 40, 41, 42, 43, 44, 45, 46], '1': [6, 7, 8, 9, 10, 11, 12, 13, 14, 15, 16, 17, 18, 19, 20, 21, 22, 23, 24, 25, 26, 27, 28, 29, 30, 31, 32, 33]}
====== Inside find superset of t nodes ==========
 Final possible usc  []
 Time  2  USC keys  set()
 USC children  {'1,4_0': [1, 2], '2,3,5_0': [1, 2, 3], '6,7,9,13,17,19_0': [2], '8,10,11,12,14,15,16,18,20_0': [2, 3], '0,21,22,28,32,34,35,41,42,44,46_0': [3]}
 USC children  {'1,4_0': [1, 2], '2,3,5_0': [1, 2, 3], '6,7,9,13,17,19_0': [2], '8,10,11,12,14,15,16,18,20_0': [2, 3], '0,21,22,28,32,34,35,41,42,44,46_0': [3]}
 Node s  {'1,2,3': ['2', '3', '5']}
 Enroll USC nodes  ['1', '2', '3']  len  3
 Node TP  SortedDict({1: [0], 2: [1, 2, 3], 3: [4, 5, 6, 7]})
 Unobserved subclones at timepoints  {1.5: [8]}
 ============== Inside finding node v ============ 
 Time  2
 Time  3
 largest_v_mut  [[1, 2, 3, 4, 5]]
 largest_v_mut  [[1, 2, 3, 4, 5, 6, 7, 8, 9, 10, 11, 12, 13, 14, 15, 16, 17, 18, 19, 20]]
 Sorted all timepoints  [1, 1.5, 2, 3]
 Timepoint  2
 Inside usc_node check  2
 Timepoint  3
0   1   [-1]   subclone   []   []
1   2   [8]   subclone   [1, 2, 3, 4, 5]   [2]
2   2   [8]   subclone   [1, 2, 3, 4, 5, 6, 7, 8, 9, 10, 11, 12, 13, 14, 15, 16, 17, 18, 19, 20]   [17]
3   2   [8]   subclone   [0, 2, 3, 5, 8, 10, 11, 12, 14, 15, 16, 18, 20, 21, 22, 28, 32, 34, 35, 41, 42, 44, 46]   [20]
4   3   [1]   subclone   [1, 2, 3, 4, 5]   [0]
5   3   [2]   subclone   [1, 2, 3, 4, 5, 6, 7, 8, 9, 10, 11, 12, 13, 14, 15, 16, 17, 18, 19, 20]   [0]
6   3   [1]   subclone   [1, 2, 3, 4, 5, 34, 35, 36, 37, 38, 39, 40, 41, 42, 43, 44, 45, 46]   [13]
7   3   [2]   subclone   [1, 2, 3, 4, 5, 6, 7, 8, 9, 10, 11, 12, 13, 14, 15, 16, 17, 18, 19, 20, 21, 22, 23, 24, 25, 26, 27, 28, 29, 30, 31, 32, 33]   [13]
8   1.5   [0]   unobserved subclone   [2, 3, 5]   [3]
5
 Total estimated FP  112  True negatives  11728
 Total estimated FN  2138  True positives  8582
 Estimated FP rate  0.01288
 Estimated FN rate  0.15
 No. of Cells in each cluster  {'2_2': 34, '2_3': 46, '1_2': 65, '1_3': 114, '4_2': 1, '0_3': 218, '3_3': 122}
 Cells in each cluster  {'2_2': [0, 1, 2, 3, 4, 5, 6, 7, 8, 9, 10, 11, 12, 13, 14, 15, 16, 17, 18, 19, 20, 21, 22, 23, 24, 25, 26, 27, 28, 29, 30, 31, 32, 33], '2_3': [432, 433, 434, 435, 436, 437, 438, 439, 440, 441, 442, 443, 444, 445, 446, 447, 448, 449, 450, 451, 452, 453, 454, 455, 456, 457, 458, 459, 460, 461, 462, 463, 464, 465, 466, 467, 468, 469, 470, 471, 472, 473, 474, 475, 476, 477], '1_2': [34, 35, 36, 37, 38, 39, 40, 41, 42, 43, 44, 45, 46, 47, 48, 49, 50, 51, 52, 53, 54, 55, 56, 57, 58, 59, 60, 61, 62, 63, 64, 65, 66, 67, 68, 69, 70, 71, 72, 73, 74, 75, 76, 77, 78, 79, 80, 81, 82, 83, 85, 86, 87, 88, 89, 90, 91, 92, 93, 94, 95, 96, 97, 98, 99], '1_3': [100, 101, 102, 103, 104, 105, 106, 107, 108, 109, 110, 111, 112, 113, 114, 115, 116, 117, 118, 119, 120, 121, 122, 123, 124, 125, 126, 127, 128, 129, 130, 131, 132, 133, 134, 135, 136, 137, 138, 139, 140, 141, 142, 143, 144, 145, 146, 147, 148, 149, 150, 151, 152, 153, 154, 155, 156, 157, 158, 159, 160, 161, 162, 163, 164, 165, 166, 167, 168, 169, 170, 171, 172, 173, 174, 175, 176, 177, 178, 179, 180, 181, 182, 183, 184, 185, 186, 187, 188, 189, 190, 191, 192, 193, 194, 195, 196, 197, 198, 199, 200, 201, 202, 203, 204, 205, 206, 207, 208, 209, 210, 211, 212, 213], '4_2': [84], '0_3': [214, 215, 216, 217, 218, 219, 220, 221, 222, 223, 224, 225, 226, 227, 228, 229, 230, 231, 232, 233, 234, 235, 236, 237, 238, 239, 240, 241, 242, 243, 244, 245, 246, 247, 248, 249, 250, 251, 252, 253, 254, 255, 256, 257, 258, 259, 260, 261, 262, 263, 264, 265, 266, 267, 268, 269, 270, 271, 272, 273, 274, 275, 276, 277, 278, 279, 280, 281, 282, 283, 284, 285, 286, 287, 288, 289, 290, 291, 292, 293, 294, 295, 296, 297, 298, 299, 300, 301, 302, 303, 304, 305, 306, 307, 308, 309, 310, 311, 312, 313, 314, 315, 316, 317, 318, 319, 320, 321, 322, 323, 324, 325, 326, 327, 328, 329, 330, 331, 332, 333, 334, 335, 336, 337, 338, 339, 340, 341, 342, 343, 344, 345, 346, 347, 348, 349, 350, 351, 352, 353, 354, 355, 356, 357, 358, 359, 360, 361, 362, 363, 364, 365, 366, 367, 368, 369, 370, 371, 372, 373, 374, 375, 376, 377, 378, 379, 380, 381, 382, 383, 384, 385, 386, 387, 388, 389, 390, 391, 392, 393, 394, 395, 396, 397, 398, 399, 400, 401, 402, 403, 404, 405, 406, 407, 408, 409, 410, 411, 412, 413, 414, 415, 416, 417, 418, 419, 420, 421, 422, 423, 424, 425, 426, 427, 428, 429, 430, 431], '3_3': [478, 479, 480, 481, 482, 483, 484, 485, 486, 487, 488, 489, 490, 491, 492, 493, 494, 495, 496, 497, 498, 499, 500, 501, 502, 503, 504, 505, 506, 507, 508, 509, 510, 511, 512, 513, 514, 515, 516, 517, 518, 519, 520, 521, 522, 523, 524, 525, 526, 527, 528, 529, 530, 531, 532, 533, 534, 535, 536, 537, 538, 539, 540, 541, 542, 543, 544, 545, 546, 547, 548, 549, 550, 551, 552, 553, 554, 555, 556, 557, 558, 559, 560, 561, 562, 563, 564, 565, 566, 567, 568, 569, 570, 571, 572, 573, 574, 575, 576, 577, 578, 579, 580, 581, 582, 583, 584, 585, 586, 587, 588, 589, 590, 591, 592, 593, 594, 595, 596, 597, 598, 599]}
FP rate  0.01288 FN rate  0.15
 Before reassigning cells 
 Timepoint  2
 Cluster  2  # of cells  34
 Cluster  1  # of cells  65
 Cluster  4  # of cells  1
 Timepoint  3
 Cluster  2  # of cells  46
 Cluster  1  # of cells  115
 Cluster  0  # of cells  217
 Cluster  3  # of cells  122
 Cells absent at timepoint  3   set()
 Cells absent at timepoint  2   set()
 Timepoint  2
 Timepoint  3
 After reassigning and merging cells 
 Timepoint  2
 Cluster  2  # of cells  34
 Cluster  1  # of cells  65
 Cluster  4  # of cells  1
 Timepoint  3
 Cluster  2  # of cells  46
 Cluster  1  # of cells  115
 Cluster  0  # of cells  217
 Cluster  3  # of cells  122
 Tp cluster cell dict  {'2_2': 34, '1_2': 65, '4_2': 1, '2_3': 46, '1_3': 115, '0_3': 217, '3_3': 122}
 New Graph is here 
 ID  0  Timepoint  1  Mutations  []  Type  subclone
 ID  1  Timepoint  2  Mutations  [1, 2, 3, 4, 5]  Type  subclone
 ID  2  Timepoint  2  Mutations  [1, 2, 3, 4, 5, 6, 7, 8, 9, 10, 11, 12, 13, 14, 15, 16, 17, 18, 19, 20]  Type  subclone
 ID  3  Timepoint  2  Mutations  [3, 10, 11, 12, 14, 15, 16, 18, 20, 21, 28, 32, 34, 35, 41, 42, 44]  Type  subclone
 ID  4  Timepoint  3  Mutations  [1, 2, 3, 4, 5]  Type  subclone
 ID  5  Timepoint  3  Mutations  [1, 2, 3, 4, 5, 6, 7, 8, 9, 10, 11, 12, 13, 14, 15, 16, 17, 18, 19, 20]  Type  subclone
 ID  6  Timepoint  3  Mutations  [1, 2, 3, 4, 5, 6, 7, 8, 9, 10, 11, 12, 13, 14, 15, 16, 17, 18, 19, 20, 21, 22, 23, 24, 25, 26, 27, 28, 29, 30, 31, 32, 33]  Type  subclone
 ID  7  Timepoint  3  Mutations  [1, 2, 3, 4, 5, 34, 35, 36, 37, 38, 39, 40, 41, 42, 43, 44, 45, 46]  Type  subclone
Timepoints  SortedDict({1: [0], 2: [1, 2, 3], 3: [4, 5, 6, 7]})
 Clone to nodes  {'2_2': 1, '1_2': 2, '4_2': 3, '2_3': 4, '1_3': 5, '0_3': 6, '3_3': 7}
 Timepoint ====  1
 Hash table  {'0,1': [1, 2, 4, 5], '0,1,2': [3], '1': [6, 7, 8, 9, 13, 17, 19], '1,2': [10, 11, 12, 14, 15, 16, 18, 20], '2': [21, 28, 32, 34, 35, 41, 42, 44]}
 Final possible usc  [[1, 2, 4, 5], [3], [6, 7, 8, 9, 13, 17, 19], [10, 11, 12, 14, 15, 16, 18, 20], [21, 28, 32, 34, 35, 41, 42, 44]]
 Time  1  USC keys  {'6,7,8,9,13,17,19_0', '1,2,4,5_0', '21,28,32,34,35,41,42,44_0', '10,11,12,14,15,16,18,20_0', '3_0'}
 USC children  {'1,2,4,5_0': [1, 2], '3_0': [1, 2, 3], '6,7,8,9,13,17,19_0': [2], '10,11,12,14,15,16,18,20_0': [2, 3], '21,28,32,34,35,41,42,44_0': [3]}
 USC children  {'1,2,4,5_0': [1, 2], '3_0': [1, 2, 3], '6,7,8,9,13,17,19_0': [2], '10,11,12,14,15,16,18,20_0': [2, 3], '21,28,32,34,35,41,42,44_0': [3]}
 Timepoint ====  2
 Hash table  {'0,1': [1, 2, 3, 4, 5], '0': [6, 7, 8, 9, 10, 11, 12, 13, 14, 15, 16, 17, 18, 19, 20, 21, 22, 23, 24, 25, 26, 27, 28, 29, 30, 31, 32, 33], '1': [34, 35, 36, 37, 38, 39, 40, 41, 42, 43, 44, 45, 46]}
====== Inside find superset of t nodes ==========
 Final possible usc  []
 Time  2  USC keys  set()
 USC children  {'1,2,4,5_0': [1, 2], '3_0': [1, 2, 3], '6,7,8,9,13,17,19_0': [2], '10,11,12,14,15,16,18,20_0': [2, 3], '21,28,32,34,35,41,42,44_0': [3]}
 USC children  {'1,2,4,5_0': [1, 2], '3_0': [1, 2, 3], '6,7,8,9,13,17,19_0': [2], '10,11,12,14,15,16,18,20_0': [2, 3], '21,28,32,34,35,41,42,44_0': [3]}
 Node s  {'1,2,3': ['3']}
 Enroll USC nodes  ['1', '2', '3']  len  3
 Node TP  SortedDict({1: [0], 2: [1, 2, 3], 3: [4, 5, 6, 7]})
 Unobserved subclones at timepoints  {1.5: [8]}
 ============== Inside finding node v ============ 
 Time  2
 Time  3
 largest_v_mut  [[1, 2, 3, 4, 5, 6, 7, 8, 9, 10, 11, 12, 13, 14, 15, 16, 17, 18, 19, 20]]
 largest_v_mut  [[1, 2, 3, 4, 5]]
 Sorted all timepoints  [1, 1.5, 2, 3]
 Timepoint  2
 Inside usc_node check  2
 Timepoint  3
0   1   [-1]   subclone   []   []
1   2   [8]   subclone   [1, 2, 3, 4, 5]   [4]
2   2   [8]   subclone   [1, 2, 3, 4, 5, 6, 7, 8, 9, 10, 11, 12, 13, 14, 15, 16, 17, 18, 19, 20]   [19]
3   2   [8]   subclone   [3, 10, 11, 12, 14, 15, 16, 18, 20, 21, 28, 32, 34, 35, 41, 42, 44]   [16]
4   3   [1]   subclone   [1, 2, 3, 4, 5]   [0]
5   3   [2]   subclone   [1, 2, 3, 4, 5, 6, 7, 8, 9, 10, 11, 12, 13, 14, 15, 16, 17, 18, 19, 20]   [0]
6   3   [2]   subclone   [1, 2, 3, 4, 5, 6, 7, 8, 9, 10, 11, 12, 13, 14, 15, 16, 17, 18, 19, 20, 21, 22, 23, 24, 25, 26, 27, 28, 29, 30, 31, 32, 33]   [13]
7   3   [1]   subclone   [1, 2, 3, 4, 5, 34, 35, 36, 37, 38, 39, 40, 41, 42, 43, 44, 45, 46]   [13]
8   1.5   [0]   unobserved subclone   [3]   [1]
7
 Total estimated FP  113  True negatives  11745
 Total estimated FN  2121  True positives  8581
 Estimated FP rate  0.013
 Estimated FN rate  0.15
 No. of Cells in each cluster  {'5_2': 34, '5_3': 46, '1_2': 65, '1_3': 114, '4_2': 1, '0_3': 213, '2_3': 3, '6_3': 2, '3_3': 122}
 Cells in each cluster  {'5_2': [0, 1, 2, 3, 4, 5, 6, 7, 8, 9, 10, 11, 12, 13, 14, 15, 16, 17, 18, 19, 20, 21, 22, 23, 24, 25, 26, 27, 28, 29, 30, 31, 32, 33], '5_3': [432, 433, 434, 435, 436, 437, 438, 439, 440, 441, 442, 443, 444, 445, 446, 447, 448, 449, 450, 451, 452, 453, 454, 455, 456, 457, 458, 459, 460, 461, 462, 463, 464, 465, 466, 467, 468, 469, 470, 471, 472, 473, 474, 475, 476, 477], '1_2': [34, 35, 36, 37, 38, 39, 40, 41, 42, 43, 44, 45, 46, 47, 48, 49, 50, 51, 52, 53, 54, 55, 56, 57, 58, 59, 60, 61, 62, 63, 64, 65, 66, 67, 68, 69, 70, 71, 72, 73, 74, 75, 76, 77, 78, 79, 80, 81, 82, 83, 85, 86, 87, 88, 89, 90, 91, 92, 93, 94, 95, 96, 97, 98, 99], '1_3': [100, 101, 102, 103, 104, 105, 106, 107, 108, 109, 110, 111, 112, 113, 114, 115, 116, 117, 118, 119, 120, 121, 122, 123, 124, 125, 126, 127, 128, 129, 130, 131, 132, 133, 134, 135, 136, 137, 138, 139, 140, 141, 142, 143, 144, 145, 146, 147, 148, 149, 150, 151, 152, 153, 154, 155, 156, 157, 158, 159, 160, 161, 162, 163, 164, 165, 166, 167, 168, 169, 170, 171, 172, 173, 174, 175, 176, 177, 178, 179, 180, 181, 182, 183, 184, 185, 186, 187, 188, 189, 190, 191, 192, 193, 194, 195, 196, 197, 198, 199, 200, 201, 202, 203, 204, 205, 206, 207, 208, 209, 210, 211, 212, 213], '4_2': [84], '0_3': [214, 215, 216, 217, 218, 219, 220, 221, 222, 223, 224, 225, 226, 227, 228, 229, 230, 231, 232, 233, 234, 235, 236, 237, 238, 239, 240, 242, 243, 244, 245, 246, 247, 248, 249, 250, 251, 252, 253, 254, 255, 256, 257, 258, 259, 260, 261, 262, 263, 264, 265, 266, 267, 268, 269, 270, 271, 272, 273, 274, 275, 276, 277, 278, 279, 280, 281, 282, 283, 284, 285, 286, 287, 288, 289, 290, 292, 293, 294, 295, 296, 297, 298, 299, 301, 302, 303, 304, 305, 306, 307, 308, 309, 310, 311, 312, 313, 314, 315, 316, 317, 318, 319, 320, 321, 322, 323, 324, 325, 326, 327, 328, 329, 330, 331, 332, 333, 334, 335, 336, 337, 338, 339, 340, 341, 342, 343, 344, 345, 346, 347, 348, 349, 350, 351, 352, 353, 354, 355, 356, 357, 358, 359, 360, 361, 362, 363, 364, 365, 366, 367, 368, 369, 371, 372, 373, 374, 375, 376, 377, 378, 379, 380, 381, 382, 383, 384, 386, 387, 388, 389, 390, 391, 392, 393, 394, 395, 396, 397, 398, 399, 400, 401, 402, 403, 404, 405, 406, 407, 408, 409, 410, 411, 412, 413, 414, 415, 416, 417, 418, 419, 420, 421, 422, 423, 424, 425, 426, 427, 428, 429, 430, 431], '2_3': [241, 291, 370], '6_3': [300, 385], '3_3': [478, 479, 480, 481, 482, 483, 484, 485, 486, 487, 488, 489, 490, 491, 492, 493, 494, 495, 496, 497, 498, 499, 500, 501, 502, 503, 504, 505, 506, 507, 508, 509, 510, 511, 512, 513, 514, 515, 516, 517, 518, 519, 520, 521, 522, 523, 524, 525, 526, 527, 528, 529, 530, 531, 532, 533, 534, 535, 536, 537, 538, 539, 540, 541, 542, 543, 544, 545, 546, 547, 548, 549, 550, 551, 552, 553, 554, 555, 556, 557, 558, 559, 560, 561, 562, 563, 564, 565, 566, 567, 568, 569, 570, 571, 572, 573, 574, 575, 576, 577, 578, 579, 580, 581, 582, 583, 584, 585, 586, 587, 588, 589, 590, 591, 592, 593, 594, 595, 596, 597, 598, 599]}
FP rate  0.013 FN rate  0.15
 Before reassigning cells 
 Timepoint  2
 Cluster  5  # of cells  34
 Cluster  1  # of cells  65
 Cluster  4  # of cells  1
 Timepoint  3
 Cluster  5  # of cells  46
 Cluster  1  # of cells  115
 Cluster  0  # of cells  208
 Cluster  2  # of cells  4
 Cluster  6  # of cells  3
 Cluster  3  # of cells  122
 Cells absent at timepoint  3   {361, 418}
 Missing cell prob  {'5': 2.583237590569115e-29, '0': 2.351767467832911e-05, '1': 4.632502739315855e-19, '6': 3.619671224331563e-08, '3': 1.6978738347738339e-37, '2': 2.351767467832911e-05}
 Missing cell prob  {'5': 7.475161988271985e-37, '0': 1.8902838985157393e-06, '1': 5.730903401492545e-23, '6': 3.676611158621669e-18, '3': 3.232864972998363e-44, '2': 1.8902838985157393e-06}
 Cells absent at timepoint  2   set()
 Timepoint  2
 Timepoint  3
SortedDict({2: {'5': ['0', '1', '2', '3', '4', '5', '6', '7', '8', '9', '10', '11', '12', '13', '14', '15', '16', '17', '18', '19', '20', '21', '22', '23', '24', '25', '26', '27', '28', '29', '30', '31', '32', '33'], '1': ['34', '35', '36', '37', '38', '39', '40', '41', '42', '43', '44', '45', '46', '47', '48', '49', '50', '51', '52', '53', '54', '55', '56', '57', '58', '59', '60', '61', '62', '63', '64', '65', '66', '67', '68', '69', '70', '71', '72', '73', '74', '75', '76', '77', '78', '79', '80', '81', '82', '83', '85', '86', '87', '88', '89', '90', '91', '92', '93', '94', '95', '96', '97', '98', '99'], '4': ['84']}, 3: {'5': ['432', '433', '434', '435', '436', '437', '438', '439', '440', '441', '442', '443', '444', '445', '446', '447', '448', '449', '450', '451', '452', '453', '454', '455', '456', '457', '458', '459', '460', '461', '462', '463', '464', '465', '466', '467', '468', '469', '470', '471', '472', '473', '474', '475', '476', '477'], '1': ['100', '101', '102', '103', '104', '105', '106', '107', '108', '109', '110', '111', '112', '113', '114', '115', '116', '117', '118', '119', '120', '121', '122', '123', '124', '125', '126', '127', '128', '129', '130', '131', '132', '133', '134', '135', '136', '137', '138', '139', '140', '141', '142', '143', '144', '145', '146', '147', '148', '149', '150', '151', '152', '153', '154', '155', '156', '157', '158', '159', '160', '161', '162', '163', '164', '165', '166', '167', '168', '169', '170', '171', '172', '173', '174', '175', '176', '177', '178', '179', '180', '181', '182', '183', '184', '185', '186', '187', '188', '189', '190', '191', '192', '193', '194', '195', '196', '197', '198', '199', '200', '201', '202', '203', '204', '205', '206', '207', '208', '209', '210', '211', '212', '213', '265'], '0': ['214', '215', '216', '217', '218', '219', '220', '221', '222', '223', '224', '225', '226', '227', '228', '229', '230', '231', '232', '233', '234', '235', '236', '237', '238', '239', '240', '242', '243', '244', '245', '246', '247', '248', '249', '250', '251', '252', '253', '254', '255', '256', '257', '258', '259', '260', '261', '262', '263', '264', '267', '268', '269', '270', '271', '272', '273', '274', '275', '276', '277', '278', '279', '280', '281', '282', '283', '284', '285', '286', '287', '288', '289', '290', '291', '292', '294', '295', '296', '297', '298', '299', '301', '302', '303', '304', '305', '306', '307', '308', '309', '310', '311', '312', '313', '314', '315', '316', '317', '318', '319', '320', '321', '322', '323', '324', '325', '326', '327', '328', '329', '330', '331', '332', '333', '334', '335', '336', '337', '338', '339', '340', '341', '342', '343', '344', '345', '346', '347', '349', '350', '351', '352', '353', '354', '355', '356', '357', '358', '359', '360', '362', '363', '364', '365', '366', '367', '368', '369', '370', '371', '372', '373', '374', '375', '376', '377', '378', '379', '380', '381', '382', '383', '384', '386', '387', '388', '389', '390', '391', '392', '393', '394', '395', '396', '397', '398', '400', '401', '402', '403', '404', '405', '406', '407', '408', '409', '410', '411', '412', '413', '414', '415', '416', '417', '419', '420', '421', '422', '423', '424', '425', '426', '427', '428', '429', '430', '431', '361', '418'], '2': ['241', '293', '348', '399'], '6': ['266', '300', '385'], '3': ['478', '479', '480', '481', '482', '483', '484', '485', '486', '487', '488', '489', '490', '491', '492', '493', '494', '495', '496', '497', '498', '499', '500', '501', '502', '503', '504', '505', '506', '507', '508', '509', '510', '511', '512', '513', '514', '515', '516', '517', '518', '519', '520', '521', '522', '523', '524', '525', '526', '527', '528', '529', '530', '531', '532', '533', '534', '535', '536', '537', '538', '539', '540', '541', '542', '543', '544', '545', '546', '547', '548', '549', '550', '551', '552', '553', '554', '555', '556', '557', '558', '559', '560', '561', '562', '563', '564', '565', '566', '567', '568', '569', '570', '571', '572', '573', '574', '575', '576', '577', '578', '579', '580', '581', '582', '583', '584', '585', '586', '587', '588', '589', '590', '591', '592', '593', '594', '595', '596', '597', '598', '599']}})
 Cluster1  0
 Cluster to drop  2
 After reassigning and merging cells 
 Timepoint  2
 Cluster  5  # of cells  34
 Cluster  1  # of cells  65
 Cluster  4  # of cells  1
 Timepoint  3
 Cluster  5  # of cells  46
 Cluster  1  # of cells  115
 Cluster  0  # of cells  214
 Cluster  6  # of cells  3
 Cluster  3  # of cells  122
 Tp cluster cell dict  {'5_2': 34, '1_2': 65, '4_2': 1, '5_3': 46, '1_3': 115, '0_3': 214, '6_3': 3, '3_3': 122}
 New Graph is here 
 ID  0  Timepoint  1  Mutations  []  Type  subclone
 ID  1  Timepoint  2  Mutations  [1, 2, 3, 4, 5]  Type  subclone
 ID  2  Timepoint  2  Mutations  [1, 2, 3, 4, 5, 6, 7, 8, 9, 10, 11, 12, 13, 14, 15, 16, 17, 18, 19, 20]  Type  subclone
 ID  3  Timepoint  2  Mutations  [0, 3, 8, 10, 11, 12, 14, 15, 16, 17, 18, 19, 20, 21, 28, 32, 34, 35, 41, 44, 46]  Type  subclone
 ID  4  Timepoint  3  Mutations  [1, 2, 3, 4, 5]  Type  subclone
 ID  5  Timepoint  3  Mutations  [1, 2, 3, 4, 5, 6, 7, 8, 9, 10, 11, 12, 13, 14, 15, 16, 17, 18, 19, 20]  Type  subclone
 ID  6  Timepoint  3  Mutations  [1, 2, 3, 4, 5, 6, 7, 8, 9, 10, 11, 12, 13, 14, 15, 16, 17, 18, 19, 20, 21, 22, 23, 24, 25, 26, 27, 28, 29, 30, 31, 32, 33]  Type  subclone
 ID  7  Timepoint  3  Mutations  [0, 1, 2, 3, 4, 5, 7, 8, 9, 10, 11, 12, 14, 15, 16, 17, 18, 19, 20, 24, 25, 27, 28, 30, 31, 32, 33, 41]  Type  subclone
 ID  8  Timepoint  3  Mutations  [1, 2, 3, 4, 5, 34, 35, 36, 37, 38, 39, 40, 41, 42, 43, 44, 45, 46]  Type  subclone
Timepoints  SortedDict({1: [0], 2: [1, 2, 3], 3: [4, 5, 6, 7, 8]})
 Clone to nodes  {'5_2': 1, '1_2': 2, '4_2': 3, '5_3': 4, '1_3': 5, '0_3': 6, '6_3': 7, '3_3': 8}
 Timepoint ====  1
 Hash table  {'0,1': [1, 2, 4, 5], '0,1,2': [3], '1': [6, 7, 9, 13], '1,2': [8, 10, 11, 12, 14, 15, 16, 17, 18, 19, 20], '2': [0, 21, 28, 32, 34, 35, 41, 44, 46]}
 Final possible usc  [[1, 2, 4, 5], [3], [6, 7, 9, 13], [8, 10, 11, 12, 14, 15, 16, 17, 18, 19, 20], [0, 21, 28, 32, 34, 35, 41, 44, 46]]
 Time  1  USC keys  {'0,21,28,32,34,35,41,44,46_0', '1,2,4,5_0', '8,10,11,12,14,15,16,17,18,19,20_0', '6,7,9,13_0', '3_0'}
 USC children  {'1,2,4,5_0': [1, 2], '3_0': [1, 2, 3], '6,7,9,13_0': [2], '8,10,11,12,14,15,16,17,18,19,20_0': [2, 3], '0,21,28,32,34,35,41,44,46_0': [3]}
 USC children  {'1,2,4,5_0': [1, 2], '3_0': [1, 2, 3], '6,7,9,13_0': [2], '8,10,11,12,14,15,16,17,18,19,20_0': [2, 3], '0,21,28,32,34,35,41,44,46_0': [3]}
 Timepoint ====  2
 Hash table  {'0,1,2': [1, 2, 3, 4, 5], '0': [6, 13, 21, 22, 23, 26, 29], '0,1': [7, 8, 9, 10, 11, 12, 14, 15, 16, 17, 18, 19, 20, 24, 25, 27, 28, 30, 31, 32, 33], '1': [0], '1,2': [41], '2': [34, 35, 36, 37, 38, 39, 40, 42, 43, 44, 45, 46]}
====== Inside find superset of t nodes ==========
 Final possible usc  []
 Time  2  USC keys  set()
 USC children  {'1,2,4,5_0': [1, 2], '3_0': [1, 2, 3], '6,7,9,13_0': [2], '8,10,11,12,14,15,16,17,18,19,20_0': [2, 3], '0,21,28,32,34,35,41,44,46_0': [3]}
 USC children  {'1,2,4,5_0': [1, 2], '3_0': [1, 2, 3], '6,7,9,13_0': [2], '8,10,11,12,14,15,16,17,18,19,20_0': [2, 3], '0,21,28,32,34,35,41,44,46_0': [3]}
 Node s  {'1,2,3': ['3']}
 Enroll USC nodes  ['1', '2', '3']  len  3
 Node TP  SortedDict({1: [0], 2: [1, 2, 3], 3: [4, 5, 6, 7, 8]})
 Unobserved subclones at timepoints  {1.5: [9]}
 ============== Inside finding node v ============ 
 Time  2
 Time  3
 largest_v_mut  [[1, 2, 3, 4, 5, 6, 7, 8, 9, 10, 11, 12, 13, 14, 15, 16, 17, 18, 19, 20]]
 largest_v_mut  [[1, 2, 3, 4, 5]]
 largest_v_mut  [[1, 2, 3, 4, 5]]
 Sorted all timepoints  [1, 1.5, 2, 3]
 Timepoint  2
 Inside usc_node check  2
 Timepoint  3
0   1   [-1]   subclone   []   []
1   2   [9]   subclone   [1, 2, 3, 4, 5]   [4]
2   2   [9]   subclone   [1, 2, 3, 4, 5, 6, 7, 8, 9, 10, 11, 12, 13, 14, 15, 16, 17, 18, 19, 20]   [19]
3   2   [9]   subclone   [0, 3, 8, 10, 11, 12, 14, 15, 16, 17, 18, 19, 20, 21, 28, 32, 34, 35, 41, 44, 46]   [20]
4   3   [1]   subclone   [1, 2, 3, 4, 5]   [0]
5   3   [2]   subclone   [1, 2, 3, 4, 5, 6, 7, 8, 9, 10, 11, 12, 13, 14, 15, 16, 17, 18, 19, 20]   [0]
6   3   [2]   subclone   [1, 2, 3, 4, 5, 6, 7, 8, 9, 10, 11, 12, 13, 14, 15, 16, 17, 18, 19, 20, 21, 22, 23, 24, 25, 26, 27, 28, 29, 30, 31, 32, 33]   [13]
7   3   [1]   subclone   [0, 1, 2, 3, 4, 5, 7, 8, 9, 10, 11, 12, 14, 15, 16, 17, 18, 19, 20, 24, 25, 27, 28, 30, 31, 32, 33, 41]   [23]
8   3   [1]   subclone   [1, 2, 3, 4, 5, 34, 35, 36, 37, 38, 39, 40, 41, 42, 43, 44, 45, 46]   [13]
9   1.5   [0]   unobserved subclone   [3]   [1]
7
 Total estimated FP  109  True negatives  11738
 Total estimated FN  2128  True positives  8585
 Estimated FP rate  0.01254
 Estimated FN rate  0.15
 No. of Cells in each cluster  {'5_2': 34, '5_3': 46, '1_2': 65, '1_3': 114, '4_2': 1, '6_3': 2, '3_3': 122, '0_3': 216}
 Cells in each cluster  {'5_2': [0, 1, 2, 3, 4, 5, 6, 7, 8, 9, 10, 11, 12, 13, 14, 15, 16, 17, 18, 19, 20, 21, 22, 23, 24, 25, 26, 27, 28, 29, 30, 31, 32, 33], '5_3': [432, 433, 434, 435, 436, 437, 438, 439, 440, 441, 442, 443, 444, 445, 446, 447, 448, 449, 450, 451, 452, 453, 454, 455, 456, 457, 458, 459, 460, 461, 462, 463, 464, 465, 466, 467, 468, 469, 470, 471, 472, 473, 474, 475, 476, 477], '1_2': [34, 35, 36, 37, 38, 39, 40, 41, 42, 43, 44, 45, 46, 47, 48, 49, 50, 51, 52, 53, 54, 55, 56, 57, 58, 59, 60, 61, 62, 63, 64, 65, 66, 67, 68, 69, 70, 71, 72, 73, 74, 75, 76, 77, 78, 79, 80, 81, 82, 83, 85, 86, 87, 88, 89, 90, 91, 92, 93, 94, 95, 96, 97, 98, 99], '1_3': [100, 101, 102, 103, 104, 105, 106, 107, 108, 109, 110, 111, 112, 113, 114, 115, 116, 117, 118, 119, 120, 121, 122, 123, 124, 125, 126, 127, 128, 129, 130, 131, 132, 133, 134, 135, 136, 137, 138, 139, 140, 141, 142, 143, 144, 145, 146, 147, 148, 149, 150, 151, 152, 153, 154, 155, 156, 157, 158, 159, 160, 161, 162, 163, 164, 165, 166, 167, 168, 169, 170, 171, 172, 173, 174, 175, 176, 177, 178, 179, 180, 181, 182, 183, 184, 185, 186, 187, 188, 189, 190, 191, 192, 193, 194, 195, 196, 197, 198, 199, 200, 201, 202, 203, 204, 205, 206, 207, 208, 209, 210, 211, 212, 213], '4_2': [84], '6_3': [300, 385], '3_3': [478, 479, 480, 481, 482, 483, 484, 485, 486, 487, 488, 489, 490, 491, 492, 493, 494, 495, 496, 497, 498, 499, 500, 501, 502, 503, 504, 505, 506, 507, 508, 509, 510, 511, 512, 513, 514, 515, 516, 517, 518, 519, 520, 521, 522, 523, 524, 525, 526, 527, 528, 529, 530, 531, 532, 533, 534, 535, 536, 537, 538, 539, 540, 541, 542, 543, 544, 545, 546, 547, 548, 549, 550, 551, 552, 553, 554, 555, 556, 557, 558, 559, 560, 561, 562, 563, 564, 565, 566, 567, 568, 569, 570, 571, 572, 573, 574, 575, 576, 577, 578, 579, 580, 581, 582, 583, 584, 585, 586, 587, 588, 589, 590, 591, 592, 593, 594, 595, 596, 597, 598, 599], '0_3': [241, 267, 291, 370, 402, 214, 215, 216, 217, 218, 219, 220, 221, 222, 223, 224, 225, 226, 227, 228, 229, 230, 231, 232, 233, 234, 235, 236, 237, 238, 239, 240, 242, 243, 244, 245, 246, 247, 248, 249, 250, 251, 252, 253, 254, 255, 256, 257, 258, 259, 260, 261, 262, 263, 264, 265, 266, 268, 269, 270, 271, 272, 273, 274, 275, 276, 277, 278, 279, 280, 281, 282, 283, 284, 285, 286, 287, 288, 289, 290, 292, 293, 294, 295, 296, 297, 298, 299, 301, 302, 303, 304, 305, 306, 307, 308, 309, 310, 311, 312, 313, 314, 315, 316, 317, 318, 319, 320, 321, 322, 323, 324, 325, 326, 327, 328, 329, 330, 331, 332, 333, 334, 335, 336, 337, 338, 339, 340, 341, 342, 343, 344, 345, 346, 347, 348, 349, 350, 351, 352, 353, 354, 355, 356, 357, 358, 359, 360, 361, 362, 363, 364, 365, 366, 367, 368, 369, 371, 372, 373, 374, 375, 376, 377, 378, 379, 380, 381, 382, 383, 384, 386, 387, 388, 389, 390, 391, 392, 393, 394, 395, 396, 397, 398, 399, 400, 401, 403, 404, 405, 406, 407, 408, 409, 410, 411, 412, 413, 414, 415, 416, 417, 418, 419, 420, 421, 422, 423, 424, 425, 426, 427, 428, 429, 430, 431]}
FP rate  0.01254 FN rate  0.15
 Before reassigning cells 
 Timepoint  2
 Cluster  5  # of cells  34
 Cluster  1  # of cells  65
 Cluster  4  # of cells  1
 Timepoint  3
 Cluster  5  # of cells  46
 Cluster  1  # of cells  115
 Cluster  6  # of cells  2
 Cluster  3  # of cells  122
 Cluster  0  # of cells  215
 Cells absent at timepoint  2   set()
 Cells absent at timepoint  3   set()
 Timepoint  2
 Timepoint  3
 After reassigning and merging cells 
 Timepoint  2
 Cluster  5  # of cells  34
 Cluster  1  # of cells  65
 Cluster  4  # of cells  1
 Timepoint  3
 Cluster  5  # of cells  46
 Cluster  1  # of cells  115
 Cluster  6  # of cells  2
 Cluster  3  # of cells  122
 Cluster  0  # of cells  215
 Tp cluster cell dict  {'5_2': 34, '1_2': 65, '4_2': 1, '5_3': 46, '1_3': 115, '6_3': 2, '3_3': 122, '0_3': 215}
 New Graph is here 
 ID  0  Timepoint  1  Mutations  []  Type  subclone
 ID  1  Timepoint  2  Mutations  [1, 2, 3, 4, 5]  Type  subclone
 ID  2  Timepoint  2  Mutations  [1, 2, 3, 4, 5, 6, 7, 8, 9, 10, 11, 12, 13, 14, 15, 16, 17, 18, 19, 20]  Type  subclone
 ID  3  Timepoint  2  Mutations  [3, 10, 11, 12, 14, 15, 16, 18, 19, 20, 21, 22, 32, 34, 35, 41, 42, 44]  Type  subclone
 ID  4  Timepoint  3  Mutations  [1, 2, 3, 4, 5]  Type  subclone
 ID  5  Timepoint  3  Mutations  [1, 2, 3, 4, 5, 6, 7, 8, 9, 10, 11, 12, 13, 14, 15, 16, 17, 18, 19, 20]  Type  subclone
 ID  6  Timepoint  3  Mutations  [0, 1, 3, 5, 7, 8, 9, 10, 11, 12, 14, 15, 16, 17, 18, 19, 20, 24, 25, 27, 28, 30, 31, 32, 33, 41]  Type  subclone
 ID  7  Timepoint  3  Mutations  [1, 2, 3, 4, 5, 34, 35, 36, 37, 38, 39, 40, 41, 42, 43, 44, 45, 46]  Type  subclone
 ID  8  Timepoint  3  Mutations  [1, 2, 3, 4, 5, 6, 7, 8, 9, 10, 11, 12, 13, 14, 15, 16, 17, 18, 19, 20, 21, 22, 23, 24, 25, 26, 27, 28, 29, 30, 31, 32, 33]  Type  subclone
Timepoints  SortedDict({1: [0], 2: [1, 2, 3], 3: [4, 5, 6, 7, 8]})
 Clone to nodes  {'5_2': 1, '1_2': 2, '4_2': 3, '5_3': 4, '1_3': 5, '6_3': 6, '3_3': 7, '0_3': 8}
 Timepoint ====  1
 Hash table  {'0,1': [1, 2, 4, 5], '0,1,2': [3], '1': [6, 7, 8, 9, 13, 17], '1,2': [10, 11, 12, 14, 15, 16, 18, 19, 20], '2': [21, 22, 32, 34, 35, 41, 42, 44]}
 Final possible usc  [[1, 2, 4, 5], [3], [6, 7, 8, 9, 13, 17], [10, 11, 12, 14, 15, 16, 18, 19, 20], [21, 22, 32, 34, 35, 41, 42, 44]]
 Time  1  USC keys  {'10,11,12,14,15,16,18,19,20_0', '3_0', '21,22,32,34,35,41,42,44_0', '1,2,4,5_0', '6,7,8,9,13,17_0'}
 USC children  {'1,2,4,5_0': [1, 2], '3_0': [1, 2, 3], '6,7,8,9,13,17_0': [2], '10,11,12,14,15,16,18,19,20_0': [2, 3], '21,22,32,34,35,41,42,44_0': [3]}
 USC children  {'1,2,4,5_0': [1, 2], '3_0': [1, 2, 3], '6,7,8,9,13,17_0': [2], '10,11,12,14,15,16,18,19,20_0': [2, 3], '21,22,32,34,35,41,42,44_0': [3]}
 Timepoint ====  2
 Hash table  {'0': [0], '0,1,2': [1, 3, 5], '0,2': [7, 8, 9, 10, 11, 12, 14, 15, 16, 17, 18, 19, 20, 24, 25, 27, 28, 30, 31, 32, 33], '0,1': [41], '1,2': [2, 4], '1': [34, 35, 36, 37, 38, 39, 40, 42, 43, 44, 45, 46], '2': [6, 13, 21, 22, 23, 26, 29]}
====== Inside find superset of t nodes ==========
 Final possible usc  []
 Time  2  USC keys  set()
 USC children  {'1,2,4,5_0': [1, 2], '3_0': [1, 2, 3], '6,7,8,9,13,17_0': [2], '10,11,12,14,15,16,18,19,20_0': [2, 3], '21,22,32,34,35,41,42,44_0': [3]}
 USC children  {'1,2,4,5_0': [1, 2], '3_0': [1, 2, 3], '6,7,8,9,13,17_0': [2], '10,11,12,14,15,16,18,19,20_0': [2, 3], '21,22,32,34,35,41,42,44_0': [3]}
 Node s  {'1,2,3': ['3']}
 Enroll USC nodes  ['1', '2', '3']  len  3
 Node TP  SortedDict({1: [0], 2: [1, 2, 3], 3: [4, 5, 6, 7, 8]})
 Unobserved subclones at timepoints  {1.5: [9]}
 ============== Inside finding node v ============ 
 Time  2
 Time  3
 largest_v_mut  []
 largest_v_mut  [[1, 2, 3, 4, 5]]
 largest_v_mut  [[1, 2, 3, 4, 5, 6, 7, 8, 9, 10, 11, 12, 13, 14, 15, 16, 17, 18, 19, 20]]
 Sorted all timepoints  [1, 1.5, 2, 3]
 Timepoint  2
 Inside usc_node check  2
 Timepoint  3
 Node  6  has no parent 
 USC nodes  []
 Node with minimum mutation sets  {1: 2, 2: 4, 3: 6}
0   1   [-1]   subclone   []   []
1   2   [9]   subclone   [1, 2, 3, 4, 5]   [4]
2   2   [9]   subclone   [1, 2, 3, 4, 5, 6, 7, 8, 9, 10, 11, 12, 13, 14, 15, 16, 17, 18, 19, 20]   [19]
3   2   [9]   subclone   [3, 10, 11, 12, 14, 15, 16, 18, 19, 20, 21, 22, 32, 34, 35, 41, 42, 44]   [17]
4   3   [1]   subclone   [1, 2, 3, 4, 5]   [0]
5   3   [2]   subclone   [1, 2, 3, 4, 5, 6, 7, 8, 9, 10, 11, 12, 13, 14, 15, 16, 17, 18, 19, 20]   [0]
6   3   [1]   subclone   [0, 1, 3, 5, 7, 8, 9, 10, 11, 12, 14, 15, 16, 17, 18, 19, 20, 24, 25, 27, 28, 30, 31, 32, 33, 41]   [23]
7   3   [1]   subclone   [1, 2, 3, 4, 5, 34, 35, 36, 37, 38, 39, 40, 41, 42, 43, 44, 45, 46]   [13]
8   3   [2]   subclone   [1, 2, 3, 4, 5, 6, 7, 8, 9, 10, 11, 12, 13, 14, 15, 16, 17, 18, 19, 20, 21, 22, 23, 24, 25, 26, 27, 28, 29, 30, 31, 32, 33]   [13]
9   1.5   [0]   unobserved subclone   [3]   [1]
6
 Total estimated FP  109  True negatives  11738
 Total estimated FN  2128  True positives  8585
 Estimated FP rate  0.01254
 Estimated FN rate  0.15
 No. of Cells in each cluster  {'5_2': 34, '5_3': 46, '1_2': 65, '1_3': 114, '4_2': 1, '0_3': 216, '2_3': 2, '3_3': 122}
 Cells in each cluster  {'5_2': [0, 1, 2, 3, 4, 5, 6, 7, 8, 9, 10, 11, 12, 13, 14, 15, 16, 17, 18, 19, 20, 21, 22, 23, 24, 25, 26, 27, 28, 29, 30, 31, 32, 33], '5_3': [432, 433, 434, 435, 436, 437, 438, 439, 440, 441, 442, 443, 444, 445, 446, 447, 448, 449, 450, 451, 452, 453, 454, 455, 456, 457, 458, 459, 460, 461, 462, 463, 464, 465, 466, 467, 468, 469, 470, 471, 472, 473, 474, 475, 476, 477], '1_2': [34, 35, 36, 37, 38, 39, 40, 41, 42, 43, 44, 45, 46, 47, 48, 49, 50, 51, 52, 53, 54, 55, 56, 57, 58, 59, 60, 61, 62, 63, 64, 65, 66, 67, 68, 69, 70, 71, 72, 73, 74, 75, 76, 77, 78, 79, 80, 81, 82, 83, 85, 86, 87, 88, 89, 90, 91, 92, 93, 94, 95, 96, 97, 98, 99], '1_3': [100, 101, 102, 103, 104, 105, 106, 107, 108, 109, 110, 111, 112, 113, 114, 115, 116, 117, 118, 119, 120, 121, 122, 123, 124, 125, 126, 127, 128, 129, 130, 131, 132, 133, 134, 135, 136, 137, 138, 139, 140, 141, 142, 143, 144, 145, 146, 147, 148, 149, 150, 151, 152, 153, 154, 155, 156, 157, 158, 159, 160, 161, 162, 163, 164, 165, 166, 167, 168, 169, 170, 171, 172, 173, 174, 175, 176, 177, 178, 179, 180, 181, 182, 183, 184, 185, 186, 187, 188, 189, 190, 191, 192, 193, 194, 195, 196, 197, 198, 199, 200, 201, 202, 203, 204, 205, 206, 207, 208, 209, 210, 211, 212, 213], '4_2': [84], '0_3': [214, 215, 216, 217, 218, 219, 220, 221, 222, 223, 224, 225, 226, 227, 228, 229, 230, 231, 232, 233, 234, 235, 236, 237, 238, 239, 240, 241, 242, 243, 244, 245, 246, 247, 248, 249, 250, 251, 252, 253, 254, 255, 256, 257, 258, 259, 260, 261, 262, 263, 264, 265, 266, 267, 268, 269, 270, 271, 272, 273, 274, 275, 276, 277, 278, 279, 280, 281, 282, 283, 284, 285, 286, 287, 288, 289, 290, 291, 292, 293, 294, 295, 296, 297, 298, 299, 301, 302, 303, 304, 305, 306, 307, 308, 309, 310, 311, 312, 313, 314, 315, 316, 317, 318, 319, 320, 321, 322, 323, 324, 325, 326, 327, 328, 329, 330, 331, 332, 333, 334, 335, 336, 337, 338, 339, 340, 341, 342, 343, 344, 345, 346, 347, 348, 349, 350, 351, 352, 353, 354, 355, 356, 357, 358, 359, 360, 361, 362, 363, 364, 365, 366, 367, 368, 369, 370, 371, 372, 373, 374, 375, 376, 377, 378, 379, 380, 381, 382, 383, 384, 386, 387, 388, 389, 390, 391, 392, 393, 394, 395, 396, 397, 398, 399, 400, 401, 402, 403, 404, 405, 406, 407, 408, 409, 410, 411, 412, 413, 414, 415, 416, 417, 418, 419, 420, 421, 422, 423, 424, 425, 426, 427, 428, 429, 430, 431], '2_3': [300, 385], '3_3': [478, 479, 480, 481, 482, 483, 484, 485, 486, 487, 488, 489, 490, 491, 492, 493, 494, 495, 496, 497, 498, 499, 500, 501, 502, 503, 504, 505, 506, 507, 508, 509, 510, 511, 512, 513, 514, 515, 516, 517, 518, 519, 520, 521, 522, 523, 524, 525, 526, 527, 528, 529, 530, 531, 532, 533, 534, 535, 536, 537, 538, 539, 540, 541, 542, 543, 544, 545, 546, 547, 548, 549, 550, 551, 552, 553, 554, 555, 556, 557, 558, 559, 560, 561, 562, 563, 564, 565, 566, 567, 568, 569, 570, 571, 572, 573, 574, 575, 576, 577, 578, 579, 580, 581, 582, 583, 584, 585, 586, 587, 588, 589, 590, 591, 592, 593, 594, 595, 596, 597, 598, 599]}
FP rate  0.01254 FN rate  0.15
 Before reassigning cells 
 Timepoint  2
 Cluster  5  # of cells  34
 Cluster  1  # of cells  65
 Cluster  4  # of cells  1
 Timepoint  3
 Cluster  5  # of cells  46
 Cluster  1  # of cells  115
 Cluster  0  # of cells  214
 Cluster  2  # of cells  3
 Cluster  3  # of cells  122
 Cells absent at timepoint  2   set()
 Cells absent at timepoint  3   set()
 Timepoint  2
 Timepoint  3
 After reassigning and merging cells 
 Timepoint  2
 Cluster  5  # of cells  34
 Cluster  1  # of cells  65
 Cluster  4  # of cells  1
 Timepoint  3
 Cluster  5  # of cells  46
 Cluster  1  # of cells  115
 Cluster  0  # of cells  214
 Cluster  2  # of cells  3
 Cluster  3  # of cells  122
 Tp cluster cell dict  {'5_2': 34, '1_2': 65, '4_2': 1, '5_3': 46, '1_3': 115, '0_3': 214, '2_3': 3, '3_3': 122}
 New Graph is here 
 ID  0  Timepoint  1  Mutations  []  Type  subclone
 ID  1  Timepoint  2  Mutations  [1, 2, 3, 4, 5]  Type  subclone
 ID  2  Timepoint  2  Mutations  [1, 2, 3, 4, 5, 6, 7, 8, 9, 10, 11, 12, 13, 14, 15, 16, 17, 18, 19, 20]  Type  subclone
 ID  3  Timepoint  2  Mutations  [0, 3, 8, 10, 11, 12, 14, 15, 16, 18, 19, 20, 21, 28, 32, 34, 35, 41, 42, 44]  Type  subclone
 ID  4  Timepoint  3  Mutations  [1, 2, 3, 4, 5]  Type  subclone
 ID  5  Timepoint  3  Mutations  [1, 2, 3, 4, 5, 6, 7, 8, 9, 10, 11, 12, 13, 14, 15, 16, 17, 18, 19, 20]  Type  subclone
 ID  6  Timepoint  3  Mutations  [1, 2, 3, 4, 5, 6, 7, 8, 9, 10, 11, 12, 13, 14, 15, 16, 17, 18, 19, 20, 21, 22, 23, 24, 25, 26, 27, 28, 29, 30, 31, 32, 33]  Type  subclone
 ID  7  Timepoint  3  Mutations  [0, 1, 2, 3, 4, 5, 7, 8, 9, 10, 11, 12, 14, 15, 16, 17, 18, 19, 20, 24, 25, 27, 28, 30, 31, 32, 33, 41]  Type  subclone
 ID  8  Timepoint  3  Mutations  [1, 2, 3, 4, 5, 34, 35, 36, 37, 38, 39, 40, 41, 42, 43, 44, 45, 46]  Type  subclone
Timepoints  SortedDict({1: [0], 2: [1, 2, 3], 3: [4, 5, 6, 7, 8]})
 Clone to nodes  {'5_2': 1, '1_2': 2, '4_2': 3, '5_3': 4, '1_3': 5, '0_3': 6, '2_3': 7, '3_3': 8}
 Timepoint ====  1
 Hash table  {'0,1': [1, 2, 4, 5], '0,1,2': [3], '1': [6, 7, 9, 13, 17], '1,2': [8, 10, 11, 12, 14, 15, 16, 18, 19, 20], '2': [0, 21, 28, 32, 34, 35, 41, 42, 44]}
 Final possible usc  [[1, 2, 4, 5], [3], [6, 7, 9, 13, 17], [8, 10, 11, 12, 14, 15, 16, 18, 19, 20], [0, 21, 28, 32, 34, 35, 41, 42, 44]]
 Time  1  USC keys  {'1,2,4,5_0', '6,7,9,13,17_0', '3_0', '0,21,28,32,34,35,41,42,44_0', '8,10,11,12,14,15,16,18,19,20_0'}
 USC children  {'1,2,4,5_0': [1, 2], '3_0': [1, 2, 3], '6,7,9,13,17_0': [2], '8,10,11,12,14,15,16,18,19,20_0': [2, 3], '0,21,28,32,34,35,41,42,44_0': [3]}
 USC children  {'1,2,4,5_0': [1, 2], '3_0': [1, 2, 3], '6,7,9,13,17_0': [2], '8,10,11,12,14,15,16,18,19,20_0': [2, 3], '0,21,28,32,34,35,41,42,44_0': [3]}
 Timepoint ====  2
 Hash table  {'0,1,2': [1, 2, 3, 4, 5], '0': [6, 13, 21, 22, 23, 26, 29], '0,1': [7, 8, 9, 10, 11, 12, 14, 15, 16, 17, 18, 19, 20, 24, 25, 27, 28, 30, 31, 32, 33], '1': [0], '1,2': [41], '2': [34, 35, 36, 37, 38, 39, 40, 42, 43, 44, 45, 46]}
====== Inside find superset of t nodes ==========
 Final possible usc  []
 Time  2  USC keys  set()
 USC children  {'1,2,4,5_0': [1, 2], '3_0': [1, 2, 3], '6,7,9,13,17_0': [2], '8,10,11,12,14,15,16,18,19,20_0': [2, 3], '0,21,28,32,34,35,41,42,44_0': [3]}
 USC children  {'1,2,4,5_0': [1, 2], '3_0': [1, 2, 3], '6,7,9,13,17_0': [2], '8,10,11,12,14,15,16,18,19,20_0': [2, 3], '0,21,28,32,34,35,41,42,44_0': [3]}
 Node s  {'1,2,3': ['3']}
 Enroll USC nodes  ['1', '2', '3']  len  3
 Node TP  SortedDict({1: [0], 2: [1, 2, 3], 3: [4, 5, 6, 7, 8]})
 Unobserved subclones at timepoints  {1.5: [9]}
 ============== Inside finding node v ============ 
 Time  2
 Time  3
 largest_v_mut  [[1, 2, 3, 4, 5, 6, 7, 8, 9, 10, 11, 12, 13, 14, 15, 16, 17, 18, 19, 20]]
 largest_v_mut  [[1, 2, 3, 4, 5]]
 largest_v_mut  [[1, 2, 3, 4, 5]]
 Sorted all timepoints  [1, 1.5, 2, 3]
 Timepoint  2
 Inside usc_node check  2
 Timepoint  3
0   1   [-1]   subclone   []   []
1   2   [9]   subclone   [1, 2, 3, 4, 5]   [4]
2   2   [9]   subclone   [1, 2, 3, 4, 5, 6, 7, 8, 9, 10, 11, 12, 13, 14, 15, 16, 17, 18, 19, 20]   [19]
3   2   [9]   subclone   [0, 3, 8, 10, 11, 12, 14, 15, 16, 18, 19, 20, 21, 28, 32, 34, 35, 41, 42, 44]   [19]
4   3   [1]   subclone   [1, 2, 3, 4, 5]   [0]
5   3   [2]   subclone   [1, 2, 3, 4, 5, 6, 7, 8, 9, 10, 11, 12, 13, 14, 15, 16, 17, 18, 19, 20]   [0]
6   3   [2]   subclone   [1, 2, 3, 4, 5, 6, 7, 8, 9, 10, 11, 12, 13, 14, 15, 16, 17, 18, 19, 20, 21, 22, 23, 24, 25, 26, 27, 28, 29, 30, 31, 32, 33]   [13]
7   3   [1]   subclone   [0, 1, 2, 3, 4, 5, 7, 8, 9, 10, 11, 12, 14, 15, 16, 17, 18, 19, 20, 24, 25, 27, 28, 30, 31, 32, 33, 41]   [23]
8   3   [1]   subclone   [1, 2, 3, 4, 5, 34, 35, 36, 37, 38, 39, 40, 41, 42, 43, 44, 45, 46]   [13]
9   1.5   [0]   unobserved subclone   [3]   [1]
 List of tree files  ['all_trees/theta3_rep3_m1_tree.csv', 'all_trees/theta3_rep3_m2_tree.csv', 'all_trees/theta3_rep3_m3_tree.csv', 'all_trees/theta3_rep3_m4_tree.csv', 'all_trees/theta3_rep3_m5_tree.csv']
{'1': ['1', '2', '3', '4', '5'], '2': ['1', '2', '3', '4', '5', '6', '7', '8', '9', '10', '11', '12', '13', '14', '15', '16', '17', '18', '19', '20'], '3': ['0', '2', '3', '5', '8', '10', '11', '12', '14', '15', '16', '18', '20', '21', '22', '28', '32', '34', '35', '41', '42', '44', '46'], '4': ['1', '2', '3', '4', '5'], '5': ['1', '2', '3', '4', '5', '6', '7', '8', '9', '10', '11', '12', '13', '14', '15', '16', '17', '18', '19', '20'], '6': ['1', '2', '3', '4', '5', '34', '35', '36', '37', '38', '39', '40', '41', '42', '43', '44', '45', '46'], '7': ['1', '2', '3', '4', '5', '6', '7', '8', '9', '10', '11', '12', '13', '14', '15', '16', '17', '18', '19', '20', '21', '22', '23', '24', '25', '26', '27', '28', '29', '30', '31', '32', '33'], '8': ['2', '3', '5']}
 Actual mutation of  1   ['1', '4']
 Actual mutation of  2   ['16', '9', '11', '10', '1', '19', '13', '12', '15', '14', '7', '4', '6', '17', '8', '18', '20']
 Actual mutation of  3   ['16', '44', '11', '22', '10', '42', '46', '34', '12', '21', '15', '14', '28', '0', '35', '41', '32', '8', '18', '20']
 Actual mutation of  4   []
 Actual mutation of  5   []
 Actual mutation of  6   ['45', '43', '39', '41', '44', '37', '36', '35', '42', '46', '34', '40', '38']
 Actual mutation of  7   ['23', '24', '33', '26', '28', '29', '31', '22', '30', '25', '27', '21', '32']
 Updated node mutation  {'1': ['1', '4'], '2': ['16', '9', '11', '10', '1', '19', '13', '12', '15', '14', '7', '4', '6', '17', '8', '18', '20'], '3': ['16', '44', '11', '22', '10', '42', '46', '34', '12', '21', '15', '14', '28', '0', '35', '41', '32', '8', '18', '20'], '4': [], '5': [], '6': ['45', '43', '39', '41', '44', '37', '36', '35', '42', '46', '34', '40', '38'], '7': ['23', '24', '33', '26', '28', '29', '31', '22', '30', '25', '27', '21', '32'], '8': ['2', '3', '5']}
{'1': ['1', '2', '3', '4', '5'], '2': ['1', '2', '3', '4', '5', '6', '7', '8', '9', '10', '11', '12', '13', '14', '15', '16', '17', '18', '19', '20'], '3': ['3', '10', '11', '12', '14', '15', '16', '18', '20', '21', '28', '32', '34', '35', '41', '42', '44'], '4': ['1', '2', '3', '4', '5'], '5': ['1', '2', '3', '4', '5', '6', '7', '8', '9', '10', '11', '12', '13', '14', '15', '16', '17', '18', '19', '20'], '6': ['1', '2', '3', '4', '5', '6', '7', '8', '9', '10', '11', '12', '13', '14', '15', '16', '17', '18', '19', '20', '21', '22', '23', '24', '25', '26', '27', '28', '29', '30', '31', '32', '33'], '7': ['1', '2', '3', '4', '5', '34', '35', '36', '37', '38', '39', '40', '41', '42', '43', '44', '45', '46'], '8': ['3']}
 Actual mutation of  1   ['1', '4', '5', '2']
 Actual mutation of  2   ['16', '9', '11', '10', '1', '19', '13', '2', '12', '15', '5', '14', '7', '4', '6', '17', '8', '18', '20']
 Actual mutation of  3   ['16', '44', '11', '10', '42', '34', '12', '21', '15', '14', '28', '35', '41', '32', '18', '20']
 Actual mutation of  4   []
 Actual mutation of  5   []
 Actual mutation of  6   ['23', '24', '33', '26', '28', '29', '31', '22', '30', '25', '27', '21', '32']
 Actual mutation of  7   ['45', '43', '39', '41', '44', '37', '36', '35', '42', '46', '34', '40', '38']
 Updated node mutation  {'1': ['1', '4', '5', '2'], '2': ['16', '9', '11', '10', '1', '19', '13', '2', '12', '15', '5', '14', '7', '4', '6', '17', '8', '18', '20'], '3': ['16', '44', '11', '10', '42', '34', '12', '21', '15', '14', '28', '35', '41', '32', '18', '20'], '4': [], '5': [], '6': ['23', '24', '33', '26', '28', '29', '31', '22', '30', '25', '27', '21', '32'], '7': ['45', '43', '39', '41', '44', '37', '36', '35', '42', '46', '34', '40', '38'], '8': ['3']}
{'1': ['1', '2', '3', '4', '5'], '2': ['1', '2', '3', '4', '5', '6', '7', '8', '9', '10', '11', '12', '13', '14', '15', '16', '17', '18', '19', '20'], '3': ['0', '3', '8', '10', '11', '12', '14', '15', '16', '17', '18', '19', '20', '21', '28', '32', '34', '35', '41', '44', '46'], '4': ['1', '2', '3', '4', '5'], '5': ['1', '2', '3', '4', '5', '6', '7', '8', '9', '10', '11', '12', '13', '14', '15', '16', '17', '18', '19', '20'], '6': ['1', '2', '3', '4', '5', '6', '7', '8', '9', '10', '11', '12', '13', '14', '15', '16', '17', '18', '19', '20', '21', '22', '23', '24', '25', '26', '27', '28', '29', '30', '31', '32', '33'], '7': ['0', '1', '2', '3', '4', '5', '7', '8', '9', '10', '11', '12', '14', '15', '16', '17', '18', '19', '20', '24', '25', '27', '28', '30', '31', '32', '33', '41'], '8': ['1', '2', '3', '4', '5', '34', '35', '36', '37', '38', '39', '40', '41', '42', '43', '44', '45', '46'], '9': ['3']}
 Actual mutation of  1   ['1', '4', '5', '2']
 Actual mutation of  2   ['16', '9', '11', '10', '1', '19', '13', '2', '12', '15', '5', '14', '7', '4', '6', '17', '8', '18', '20']
 Actual mutation of  3   ['16', '44', '11', '10', '19', '46', '34', '12', '21', '15', '14', '28', '17', '0', '35', '41', '32', '8', '18', '20']
 Actual mutation of  4   []
 Actual mutation of  5   []
 Actual mutation of  6   ['23', '24', '33', '26', '28', '29', '31', '22', '30', '25', '27', '21', '32']
 Actual mutation of  7   ['16', '9', '24', '11', '31', '10', '30', '19', '12', '27', '15', '14', '7', '33', '28', '17', '0', '25', '41', '32', '8', '18', '20']
 Actual mutation of  8   ['45', '43', '39', '41', '44', '37', '36', '35', '42', '46', '34', '40', '38']
 Updated node mutation  {'1': ['1', '4', '5', '2'], '2': ['16', '9', '11', '10', '1', '19', '13', '2', '12', '15', '5', '14', '7', '4', '6', '17', '8', '18', '20'], '3': ['16', '44', '11', '10', '19', '46', '34', '12', '21', '15', '14', '28', '17', '0', '35', '41', '32', '8', '18', '20'], '4': [], '5': [], '6': ['23', '24', '33', '26', '28', '29', '31', '22', '30', '25', '27', '21', '32'], '7': ['16', '9', '24', '11', '31', '10', '30', '19', '12', '27', '15', '14', '7', '33', '28', '17', '0', '25', '41', '32', '8', '18', '20'], '8': ['45', '43', '39', '41', '44', '37', '36', '35', '42', '46', '34', '40', '38'], '9': ['3']}
{'1': ['1', '2', '3', '4', '5'], '2': ['1', '2', '3', '4', '5', '6', '7', '8', '9', '10', '11', '12', '13', '14', '15', '16', '17', '18', '19', '20'], '3': ['3', '10', '11', '12', '14', '15', '16', '18', '19', '20', '21', '22', '32', '34', '35', '41', '42', '44'], '4': ['1', '2', '3', '4', '5'], '5': ['1', '2', '3', '4', '5', '6', '7', '8', '9', '10', '11', '12', '13', '14', '15', '16', '17', '18', '19', '20'], '6': ['0', '1', '3', '5', '7', '8', '9', '10', '11', '12', '14', '15', '16', '17', '18', '19', '20', '24', '25', '27', '28', '30', '31', '32', '33', '41'], '7': ['1', '2', '3', '4', '5', '34', '35', '36', '37', '38', '39', '40', '41', '42', '43', '44', '45', '46'], '8': ['1', '2', '3', '4', '5', '6', '7', '8', '9', '10', '11', '12', '13', '14', '15', '16', '17', '18', '19', '20', '21', '22', '23', '24', '25', '26', '27', '28', '29', '30', '31', '32', '33'], '9': ['3']}
 Actual mutation of  1   ['1', '4', '5', '2']
 Actual mutation of  2   ['16', '9', '11', '10', '1', '19', '13', '2', '12', '15', '5', '14', '7', '4', '6', '17', '8', '18', '20']
 Actual mutation of  3   ['16', '44', '11', '22', '10', '19', '42', '34', '12', '21', '15', '14', '35', '41', '32', '18', '20']
 Actual mutation of  4   []
 Actual mutation of  5   []
 Actual mutation of  6   ['16', '9', '24', '11', '31', '10', '30', '19', '12', '27', '15', '14', '7', '33', '28', '17', '0', '25', '41', '32', '8', '18', '20']
 Actual mutation of  7   ['45', '43', '39', '41', '44', '37', '36', '35', '42', '46', '34', '40', '38']
 Actual mutation of  8   ['23', '24', '33', '26', '28', '29', '31', '22', '30', '25', '27', '21', '32']
 Updated node mutation  {'1': ['1', '4', '5', '2'], '2': ['16', '9', '11', '10', '1', '19', '13', '2', '12', '15', '5', '14', '7', '4', '6', '17', '8', '18', '20'], '3': ['16', '44', '11', '22', '10', '19', '42', '34', '12', '21', '15', '14', '35', '41', '32', '18', '20'], '4': [], '5': [], '6': ['16', '9', '24', '11', '31', '10', '30', '19', '12', '27', '15', '14', '7', '33', '28', '17', '0', '25', '41', '32', '8', '18', '20'], '7': ['45', '43', '39', '41', '44', '37', '36', '35', '42', '46', '34', '40', '38'], '8': ['23', '24', '33', '26', '28', '29', '31', '22', '30', '25', '27', '21', '32'], '9': ['3']}
{'1': ['1', '2', '3', '4', '5'], '2': ['1', '2', '3', '4', '5', '6', '7', '8', '9', '10', '11', '12', '13', '14', '15', '16', '17', '18', '19', '20'], '3': ['0', '3', '8', '10', '11', '12', '14', '15', '16', '18', '19', '20', '21', '28', '32', '34', '35', '41', '42', '44'], '4': ['1', '2', '3', '4', '5'], '5': ['1', '2', '3', '4', '5', '6', '7', '8', '9', '10', '11', '12', '13', '14', '15', '16', '17', '18', '19', '20'], '6': ['1', '2', '3', '4', '5', '6', '7', '8', '9', '10', '11', '12', '13', '14', '15', '16', '17', '18', '19', '20', '21', '22', '23', '24', '25', '26', '27', '28', '29', '30', '31', '32', '33'], '7': ['0', '1', '2', '3', '4', '5', '7', '8', '9', '10', '11', '12', '14', '15', '16', '17', '18', '19', '20', '24', '25', '27', '28', '30', '31', '32', '33', '41'], '8': ['1', '2', '3', '4', '5', '34', '35', '36', '37', '38', '39', '40', '41', '42', '43', '44', '45', '46'], '9': ['3']}
 Actual mutation of  1   ['1', '4', '5', '2']
 Actual mutation of  2   ['16', '9', '11', '10', '1', '19', '13', '2', '12', '15', '5', '14', '7', '4', '6', '17', '8', '18', '20']
 Actual mutation of  3   ['16', '44', '11', '10', '19', '42', '34', '12', '21', '15', '14', '28', '0', '35', '41', '32', '8', '18', '20']
 Actual mutation of  4   []
 Actual mutation of  5   []
 Actual mutation of  6   ['23', '24', '33', '26', '28', '29', '31', '22', '30', '25', '27', '21', '32']
 Actual mutation of  7   ['16', '9', '24', '11', '31', '10', '30', '19', '12', '27', '15', '14', '7', '33', '28', '17', '0', '25', '41', '32', '8', '18', '20']
 Actual mutation of  8   ['45', '43', '39', '41', '44', '37', '36', '35', '42', '46', '34', '40', '38']
 Updated node mutation  {'1': ['1', '4', '5', '2'], '2': ['16', '9', '11', '10', '1', '19', '13', '2', '12', '15', '5', '14', '7', '4', '6', '17', '8', '18', '20'], '3': ['16', '44', '11', '10', '19', '42', '34', '12', '21', '15', '14', '28', '0', '35', '41', '32', '8', '18', '20'], '4': [], '5': [], '6': ['23', '24', '33', '26', '28', '29', '31', '22', '30', '25', '27', '21', '32'], '7': ['16', '9', '24', '11', '31', '10', '30', '19', '12', '27', '15', '14', '7', '33', '28', '17', '0', '25', '41', '32', '8', '18', '20'], '8': ['45', '43', '39', '41', '44', '37', '36', '35', '42', '46', '34', '40', '38'], '9': ['3']}
 Parallel mutation count  {'m1': 21, 'm2': 20, 'm3': 32, 'm4': 32, 'm5': 32}
 Clusters with least parallel mutations  ['m2']
 Best tree path  theta3_rep3_m2_tree.csv
