
DPMM with:
	600 cells
	47 mutations
	learning errors

	Priors:
	params.:	Beta(0.25,0.25)
	CRP a_0:	Gamma(24.49,1)
	FP:		trunc norm(0.01,0.01)
	FN:		trunc norm(0.2,0.1)

Move probabilitites:
	Split/merge:	0.33
		split/merge ratio:	[0.75, 0.25]
		intermediate Gibbs:	3
	CRP a_0 update:	0.25
	Errors update:	0.25

Run MCMC with (1 chains for 5000 steps):

Clustering time:	0:22:12.808053	(0.27 secs. per MCMC step)	Lugsail PSRF:		1.00737

Chain mean - posterior clusters	(#5):
	5 clusters

	A: 421 items
	B: 13 items
	C: 69 items
	D: 96 items
	E: 1 items

Inferred latent variables	--	chain mean - posterior
	CRP a_0:	98.7 +- 17.6
	FP (model|genotypes): 2.2E-03 +- 1.0E-03	|	6.9E-03
	FN (model|genotypes): 0.127   +- 0.007	|	0.139

Writing output to: ./sim_output/mp3/rep4/m4

Too many cells to plot genotypes/clusters
