9
 Total estimated FP  283  True negatives  9212
 Total estimated FN  1348  True positives  5477
 Estimated FP rate  0.04913
 Estimated FN rate  0.13
 No. of Cells in each cluster  {'6_2': 16, '6_3': 87, '7_2': 8, '8_2': 65, '4_2': 1, '5_3': 1, '3_2': 10, '3_3': 412}
 Cells in each cluster  {'6_2': [0, 1, 2, 3, 4, 5, 6, 7, 8, 9, 10, 11, 12, 13, 16, 18], '6_3': [100, 101, 102, 103, 104, 105, 106, 107, 108, 109, 110, 111, 112, 113, 114, 115, 116, 117, 118, 119, 120, 121, 122, 123, 124, 125, 126, 127, 128, 129, 130, 131, 132, 133, 134, 135, 136, 137, 138, 139, 140, 141, 142, 143, 144, 145, 146, 147, 148, 149, 150, 151, 152, 153, 154, 155, 156, 157, 158, 159, 160, 161, 162, 163, 164, 165, 166, 167, 168, 169, 170, 171, 172, 173, 174, 175, 176, 177, 178, 179, 180, 181, 182, 183, 184, 185, 186], '7_2': [14, 15, 17, 19, 20, 21, 22, 23], '8_2': [24, 25, 26, 27, 28, 29, 30, 31, 32, 33, 34, 35, 36, 37, 38, 39, 40, 41, 42, 43, 44, 45, 46, 47, 48, 49, 50, 51, 52, 53, 54, 55, 56, 57, 58, 59, 60, 61, 62, 63, 64, 65, 66, 68, 69, 70, 71, 72, 73, 74, 75, 76, 77, 78, 79, 80, 81, 82, 83, 84, 85, 86, 87, 88, 89], '4_2': [90], '5_3': [449], '3_2': [67, 91, 92, 93, 94, 95, 96, 97, 98, 99], '3_3': [188, 189, 190, 191, 192, 193, 194, 195, 196, 197, 198, 199, 200, 201, 202, 203, 204, 205, 206, 208, 209, 210, 211, 212, 213, 215, 216, 217, 218, 220, 221, 222, 224, 225, 226, 227, 228, 229, 230, 231, 232, 233, 234, 235, 236, 237, 238, 240, 241, 243, 244, 245, 246, 247, 248, 249, 250, 251, 252, 253, 254, 255, 256, 257, 259, 260, 261, 262, 263, 264, 265, 266, 267, 268, 269, 270, 271, 272, 273, 275, 276, 277, 278, 279, 280, 281, 282, 283, 284, 285, 286, 287, 288, 289, 290, 291, 292, 293, 294, 295, 297, 298, 299, 300, 301, 302, 303, 304, 305, 306, 307, 308, 309, 310, 311, 312, 313, 314, 315, 316, 318, 319, 320, 321, 322, 323, 324, 325, 326, 327, 328, 329, 330, 331, 332, 333, 334, 336, 337, 338, 339, 340, 341, 343, 344, 345, 346, 347, 348, 349, 350, 351, 352, 353, 354, 355, 356, 358, 359, 360, 361, 362, 363, 364, 365, 366, 367, 368, 369, 370, 372, 373, 374, 376, 377, 378, 379, 380, 381, 382, 383, 384, 385, 386, 387, 388, 389, 391, 392, 393, 394, 395, 396, 397, 399, 400, 401, 402, 403, 404, 405, 406, 407, 408, 409, 411, 413, 414, 415, 416, 417, 418, 419, 420, 421, 422, 423, 425, 427, 428, 429, 430, 431, 432, 433, 434, 435, 436, 437, 438, 439, 440, 441, 442, 443, 444, 445, 446, 447, 448, 450, 451, 452, 453, 454, 455, 456, 457, 458, 459, 460, 461, 462, 463, 464, 465, 466, 467, 468, 469, 470, 471, 472, 473, 474, 475, 476, 477, 478, 479, 480, 481, 482, 483, 484, 485, 486, 487, 488, 489, 490, 491, 492, 494, 497, 498, 499, 501, 502, 503, 504, 505, 506, 507, 508, 509, 510, 511, 512, 513, 514, 515, 516, 517, 518, 519, 521, 522, 523, 524, 525, 526, 527, 528, 529, 530, 531, 532, 533, 534, 535, 536, 538, 539, 540, 542, 543, 544, 545, 546, 547, 548, 549, 550, 551, 552, 553, 554, 555, 556, 557, 559, 560, 561, 562, 564, 565, 566, 567, 568, 569, 570, 571, 572, 573, 575, 576, 578, 579, 580, 581, 582, 584, 585, 586, 587, 588, 589, 591, 592, 593, 594, 595, 596, 597, 598, 219, 258, 274, 335, 412, 496, 500, 541, 563, 187, 223, 239, 242, 296, 342, 357, 371, 390, 398, 410, 426, 493, 495, 520, 537, 558, 574, 590, 599, 207, 214, 317, 375, 424, 577, 583]}
FP rate  0.04913 FN rate  0.13
 Before reassigning cells 
 Timepoint  2
 Cluster  6  # of cells  15
 Cluster  7  # of cells  9
 Cluster  8  # of cells  65
 Cluster  4  # of cells  1
 Cluster  3  # of cells  10
 Timepoint  3
 Cluster  6  # of cells  87
 Cluster  5  # of cells  1
 Cluster  3  # of cells  412
 Cells absent at timepoint  2   set()
 Cells absent at timepoint  3   set()
 Timepoint  2
 Timepoint  3
 After reassigning and merging cells 
 Timepoint  2
 Cluster  6  # of cells  15
 Cluster  7  # of cells  9
 Cluster  8  # of cells  65
 Cluster  4  # of cells  1
 Cluster  3  # of cells  10
 Timepoint  3
 Cluster  6  # of cells  87
 Cluster  5  # of cells  1
 Cluster  3  # of cells  412
 Tp cluster cell dict  {'6_2': 15, '7_2': 9, '8_2': 65, '4_2': 1, '3_2': 10, '6_3': 87, '5_3': 1, '3_3': 412}
 New Graph is here 
 ID  0  Timepoint  1  Mutations  []  Type  subclone
 ID  1  Timepoint  2  Mutations  [0, 1, 2, 3, 4, 5, 6]  Type  subclone
 ID  2  Timepoint  2  Mutations  [0, 1, 2, 3, 4, 5, 6, 16, 17, 18, 19, 20, 21]  Type  subclone
 ID  3  Timepoint  2  Mutations  [7, 8, 9, 10, 11, 12, 13, 14, 15, 22, 23, 24, 25, 26]  Type  subclone
 ID  4  Timepoint  2  Mutations  [0, 5, 8, 12, 14, 16, 22, 27, 28, 30, 31]  Type  subclone
 ID  5  Timepoint  2  Mutations  [7, 8, 9, 10, 11, 12, 13, 14, 15, 27, 28, 29, 30, 31, 32, 33]  Type  subclone
 ID  6  Timepoint  3  Mutations  [0, 1, 2, 3, 4, 5, 6]  Type  subclone
 ID  7  Timepoint  3  Mutations  [2, 8, 9, 10, 12, 13, 15, 17, 19, 29, 31]  Type  subclone
 ID  8  Timepoint  3  Mutations  [7, 8, 9, 10, 11, 12, 13, 14, 15, 27, 28, 29, 30, 31, 32, 33]  Type  subclone
Timepoints  SortedDict({1: [0], 2: [1, 2, 3, 4, 5], 3: [6, 7, 8]})
 Clone to nodes  {'6_2': 1, '7_2': 2, '8_2': 3, '4_2': 4, '3_2': 5, '6_3': 6, '5_3': 7, '3_3': 8}
 Timepoint ====  1
 Hash table  {'0,1,3': [0, 5], '0,1': [1, 2, 3, 4, 6], '1,3': [16], '1': [17, 18, 19, 20, 21], '2,4': [7, 9, 10, 11, 13, 15], '2,3,4': [8, 12, 14], '2,3': [22], '2': [23, 24, 25, 26], '3,4': [27, 28, 30, 31], '4': [29, 32, 33]}
 Final possible usc  [[0, 5], [1, 2, 3, 4, 6], [16], [17, 18, 19, 20, 21], [7, 9, 10, 11, 13, 15], [8, 12, 14], [22], [23, 24, 25, 26], [27, 28, 30, 31], [29, 32, 33]]
 Time  1  USC keys  {'16_0', '0,5_0', '1,2,3,4,6_0', '27,28,30,31_0', '29,32,33_0', '17,18,19,20,21_0', '23,24,25,26_0', '7,9,10,11,13,15_0', '8,12,14_0', '22_0'}
 USC children  {'0,5_0': [1, 2, 4], '1,2,3,4,6_0': [1, 2], '16_0': [2, 4], '17,18,19,20,21_0': [2], '7,9,10,11,13,15_0': [3, 5], '8,12,14_0': [3, 4, 5], '22_0': [3, 4], '23,24,25,26_0': [3], '27,28,30,31_0': [4, 5], '29,32,33_0': [5]}
 USC children  {'0,5_0': [1, 2, 4], '1,2,3,4,6_0': [1, 2], '16_0': [2, 4], '17,18,19,20,21_0': [2], '7,9,10,11,13,15_0': [3, 5], '8,12,14_0': [3, 4, 5], '22_0': [3, 4], '23,24,25,26_0': [3], '27,28,30,31_0': [4, 5], '29,32,33_0': [5]}
 Timepoint ====  2
 Hash table  {'0': [2, 8, 9, 10, 12, 13, 15, 17, 19, 29, 31]}
====== Inside find superset of t nodes ==========
 Final possible usc  []
 Time  2  USC keys  set()
 USC children  {'0,5_0': [1, 2, 4], '1,2,3,4,6_0': [1, 2], '16_0': [2, 4], '17,18,19,20,21_0': [2], '7,9,10,11,13,15_0': [3, 5], '8,12,14_0': [3, 4, 5], '22_0': [3, 4], '23,24,25,26_0': [3], '27,28,30,31_0': [4, 5], '29,32,33_0': [5]}
 USC children  {'0,5_0': [1, 2, 4], '1,2,3,4,6_0': [1, 2], '16_0': [2, 4], '17,18,19,20,21_0': [2], '7,9,10,11,13,15_0': [3, 5], '8,12,14_0': [3, 4, 5], '22_0': [3, 4], '23,24,25,26_0': [3], '27,28,30,31_0': [4, 5], '29,32,33_0': [5]}
 Node s  {'1,2,4': ['0', '5'], '3,4,5': ['8', '12', '14']}
 Enroll USC nodes  ['1', '2', '4']  len  3
 Enroll USC nodes  ['3', '4', '5']  len  3
 Node TP  SortedDict({1: [0], 2: [1, 2, 3, 4, 5], 3: [6, 7, 8]})
 Unobserved subclones at timepoints  {1.5: [9, 10]}
 ============== Inside finding node v ============ 
 Time  2
 Time  3
 largest_v_mut  []
 Sorted all timepoints  [1, 1.5, 2, 3]
 Timepoint  2
 Inside usc_node check  2
 Timepoint  3
 Node  7  has no parent 
 USC nodes  []
 Node with minimum mutation sets  {1: 6, 2: 10, 3: 8, 4: 8, 5: 8}
0   1   [-1]   subclone   []   []
1   2   [9]   subclone   [0, 1, 2, 3, 4, 5, 6]   [5]
2   2   [9]   subclone   [0, 1, 2, 3, 4, 5, 6, 16, 17, 18, 19, 20, 21]   [11]
3   2   [10]   subclone   [7, 8, 9, 10, 11, 12, 13, 14, 15, 22, 23, 24, 25, 26]   [11]
4   2   [9]   subclone   [0, 5, 8, 12, 14, 16, 22, 27, 28, 30, 31]   [9, 8]
5   2   [10]   subclone   [7, 8, 9, 10, 11, 12, 13, 14, 15, 27, 28, 29, 30, 31, 32, 33]   [13]
6   3   [1]   subclone   [0, 1, 2, 3, 4, 5, 6]   [0]
7   3   [1]   subclone   [2, 8, 9, 10, 12, 13, 15, 17, 19, 29, 31]   [10]
8   3   [5]   subclone   [7, 8, 9, 10, 11, 12, 13, 14, 15, 27, 28, 29, 30, 31, 32, 33]   [0]
9   1.5   [0]   unobserved subclone   [0, 5]   [2]
10   1.5   [0]   unobserved subclone   [8, 12, 14]   [3]
8
 Total estimated FP  281  True negatives  9216
 Total estimated FN  1344  True positives  5479
 Estimated FP rate  0.04878
 Estimated FN rate  0.13
 No. of Cells in each cluster  {'6_2': 16, '6_3': 87, '3_2': 8, '1_2': 65, '4_2': 1, '7_3': 1, '5_3': 1, '2_2': 10, '2_3': 411}
 Cells in each cluster  {'6_2': [0, 1, 2, 3, 4, 5, 6, 7, 8, 9, 10, 11, 12, 13, 16, 18], '6_3': [100, 101, 102, 103, 104, 105, 106, 107, 108, 109, 110, 111, 112, 113, 114, 115, 116, 117, 118, 119, 120, 121, 122, 123, 124, 125, 126, 127, 128, 129, 130, 131, 132, 133, 134, 135, 136, 137, 138, 139, 140, 141, 142, 143, 144, 145, 146, 147, 148, 149, 150, 151, 152, 153, 154, 155, 156, 157, 158, 159, 160, 161, 162, 163, 164, 165, 166, 167, 168, 169, 170, 171, 172, 173, 174, 175, 176, 177, 178, 179, 180, 181, 182, 183, 184, 185, 186], '3_2': [14, 15, 17, 19, 20, 21, 22, 23], '1_2': [24, 25, 26, 27, 28, 29, 30, 31, 32, 33, 34, 35, 36, 37, 38, 39, 40, 41, 42, 43, 44, 45, 46, 47, 48, 49, 50, 51, 52, 53, 54, 55, 56, 57, 58, 59, 60, 61, 62, 63, 64, 65, 66, 68, 69, 70, 71, 72, 73, 74, 75, 76, 77, 78, 79, 80, 81, 82, 83, 84, 85, 86, 87, 88, 89], '4_2': [90], '7_3': [258], '5_3': [449], '2_2': [67, 91, 92, 93, 94, 95, 96, 97, 98, 99], '2_3': [187, 188, 189, 190, 191, 192, 193, 194, 195, 196, 197, 198, 199, 200, 201, 202, 203, 204, 205, 206, 208, 209, 210, 211, 212, 213, 215, 216, 217, 218, 219, 220, 221, 222, 223, 224, 225, 226, 227, 228, 229, 230, 231, 232, 233, 234, 235, 236, 237, 238, 239, 240, 241, 242, 243, 244, 245, 246, 247, 248, 249, 250, 251, 252, 253, 254, 255, 256, 257, 259, 260, 261, 262, 263, 264, 265, 266, 267, 268, 269, 270, 271, 272, 273, 274, 275, 276, 277, 278, 279, 280, 281, 282, 283, 284, 285, 286, 287, 288, 289, 290, 291, 292, 293, 294, 295, 297, 298, 299, 300, 301, 302, 303, 304, 305, 306, 307, 308, 309, 310, 311, 312, 313, 314, 315, 316, 318, 319, 320, 321, 322, 323, 324, 325, 326, 327, 328, 329, 330, 331, 332, 333, 334, 335, 336, 337, 338, 339, 340, 341, 342, 343, 344, 345, 346, 347, 348, 349, 350, 351, 352, 353, 354, 355, 356, 357, 358, 359, 360, 361, 362, 363, 364, 365, 366, 367, 368, 369, 370, 371, 372, 373, 374, 376, 377, 378, 379, 380, 381, 382, 383, 384, 385, 386, 387, 388, 389, 391, 392, 393, 394, 395, 396, 397, 398, 399, 400, 401, 402, 403, 404, 405, 406, 407, 408, 409, 410, 411, 412, 413, 414, 415, 416, 417, 418, 419, 420, 421, 422, 423, 425, 426, 427, 428, 429, 430, 431, 432, 433, 434, 435, 436, 437, 438, 439, 440, 441, 442, 443, 444, 445, 446, 447, 448, 450, 451, 452, 453, 454, 455, 456, 457, 458, 459, 460, 461, 462, 463, 464, 465, 466, 467, 468, 469, 470, 471, 472, 473, 474, 475, 476, 477, 478, 479, 480, 481, 482, 483, 484, 485, 486, 487, 488, 489, 490, 491, 492, 493, 494, 495, 496, 497, 498, 499, 500, 501, 502, 503, 504, 505, 506, 507, 508, 509, 510, 511, 512, 513, 514, 515, 516, 517, 518, 519, 520, 521, 522, 523, 524, 525, 526, 527, 528, 529, 530, 531, 532, 533, 534, 535, 536, 538, 539, 540, 541, 542, 543, 544, 545, 546, 547, 548, 549, 550, 551, 552, 553, 554, 555, 556, 557, 558, 559, 560, 561, 562, 563, 564, 565, 566, 567, 568, 569, 570, 571, 572, 573, 574, 575, 576, 578, 579, 580, 581, 582, 584, 585, 586, 587, 588, 589, 590, 591, 592, 593, 594, 595, 596, 597, 598, 599, 207, 214, 296, 317, 375, 390, 424, 537, 577, 583]}
FP rate  0.04878 FN rate  0.13
 Before reassigning cells 
 Timepoint  2
 Cluster  6  # of cells  15
 Cluster  3  # of cells  9
 Cluster  1  # of cells  65
 Cluster  4  # of cells  1
 Cluster  2  # of cells  10
 Timepoint  3
 Cluster  6  # of cells  87
 Cluster  7  # of cells  1
 Cluster  5  # of cells  2
 Cluster  2  # of cells  410
 Cells absent at timepoint  3   set()
 Cells absent at timepoint  2   set()
 Timepoint  2
 Timepoint  3
 After reassigning and merging cells 
 Timepoint  2
 Cluster  6  # of cells  15
 Cluster  3  # of cells  9
 Cluster  1  # of cells  65
 Cluster  4  # of cells  1
 Cluster  2  # of cells  10
 Timepoint  3
 Cluster  6  # of cells  87
 Cluster  7  # of cells  1
 Cluster  5  # of cells  2
 Cluster  2  # of cells  410
 Tp cluster cell dict  {'6_2': 15, '3_2': 9, '1_2': 65, '4_2': 1, '2_2': 10, '6_3': 87, '7_3': 1, '5_3': 2, '2_3': 410}
 New Graph is here 
 ID  0  Timepoint  1  Mutations  []  Type  subclone
 ID  1  Timepoint  2  Mutations  [0, 1, 2, 3, 4, 5, 6]  Type  subclone
 ID  2  Timepoint  2  Mutations  [0, 1, 2, 3, 4, 5, 6, 16, 17, 18, 19, 20, 21]  Type  subclone
 ID  3  Timepoint  2  Mutations  [7, 8, 9, 10, 11, 12, 13, 14, 15, 22, 23, 24, 25, 26]  Type  subclone
 ID  4  Timepoint  2  Mutations  [5, 8, 11, 12, 14, 16, 22, 26, 27, 30, 31]  Type  subclone
 ID  5  Timepoint  2  Mutations  [7, 8, 9, 10, 11, 12, 13, 14, 15, 27, 28, 29, 30, 31, 32, 33]  Type  subclone
 ID  6  Timepoint  3  Mutations  [0, 1, 2, 3, 4, 5, 6]  Type  subclone
 ID  7  Timepoint  3  Mutations  [3, 7, 8, 14, 21, 23, 25, 26, 27, 28, 29, 30, 32]  Type  subclone
 ID  8  Timepoint  3  Mutations  [2, 5, 7, 8, 9, 10, 11, 12, 13, 14, 15, 17, 19, 27, 28, 29, 30, 31, 32, 33]  Type  subclone
 ID  9  Timepoint  3  Mutations  [7, 8, 9, 10, 11, 12, 13, 14, 15, 27, 28, 29, 30, 31, 32, 33]  Type  subclone
Timepoints  SortedDict({1: [0], 2: [1, 2, 3, 4, 5], 3: [6, 7, 8, 9]})
 Clone to nodes  {'6_2': 1, '3_2': 2, '1_2': 3, '4_2': 4, '2_2': 5, '6_3': 6, '7_3': 7, '5_3': 8, '2_3': 9}
 Timepoint ====  1
 Hash table  {'0,1': [0, 1, 2, 3, 4, 6], '0,1,3': [5], '1,3': [16], '1': [17, 18, 19, 20, 21], '2,4': [7, 9, 10, 13, 15], '2,3,4': [8, 11, 12, 14], '2,3': [22, 26], '2': [23, 24, 25], '3,4': [27, 30, 31], '4': [28, 29, 32, 33]}
 Final possible usc  [[0, 1, 2, 3, 4, 6], [5], [16], [17, 18, 19, 20, 21], [7, 9, 10, 13, 15], [8, 11, 12, 14], [22, 26], [23, 24, 25], [27, 30, 31], [28, 29, 32, 33]]
 Time  1  USC keys  {'0,1,2,3,4,6_0', '22,26_0', '5_0', '28,29,32,33_0', '16_0', '8,11,12,14_0', '17,18,19,20,21_0', '23,24,25_0', '27,30,31_0', '7,9,10,13,15_0'}
 USC children  {'0,1,2,3,4,6_0': [1, 2], '5_0': [1, 2, 4], '16_0': [2, 4], '17,18,19,20,21_0': [2], '7,9,10,13,15_0': [3, 5], '8,11,12,14_0': [3, 4, 5], '22,26_0': [3, 4], '23,24,25_0': [3], '27,30,31_0': [4, 5], '28,29,32,33_0': [5]}
 USC children  {'0,1,2,3,4,6_0': [1, 2], '5_0': [1, 2, 4], '16_0': [2, 4], '17,18,19,20,21_0': [2], '7,9,10,13,15_0': [3, 5], '8,11,12,14_0': [3, 4, 5], '22,26_0': [3, 4], '23,24,25_0': [3], '27,30,31_0': [4, 5], '28,29,32,33_0': [5]}
 Timepoint ====  2
 Hash table  {'0': [3, 21, 23, 25, 26], '0,1': [7, 8, 14, 27, 28, 29, 30, 32], '1': [2, 5, 9, 10, 11, 12, 13, 15, 17, 19, 31, 33]}
====== Inside find superset of t nodes ==========
 Final possible usc  []
 Time  2  USC keys  set()
 USC children  {'0,1,2,3,4,6_0': [1, 2], '5_0': [1, 2, 4], '16_0': [2, 4], '17,18,19,20,21_0': [2], '7,9,10,13,15_0': [3, 5], '8,11,12,14_0': [3, 4, 5], '22,26_0': [3, 4], '23,24,25_0': [3], '27,30,31_0': [4, 5], '28,29,32,33_0': [5]}
 USC children  {'0,1,2,3,4,6_0': [1, 2], '5_0': [1, 2, 4], '16_0': [2, 4], '17,18,19,20,21_0': [2], '7,9,10,13,15_0': [3, 5], '8,11,12,14_0': [3, 4, 5], '22,26_0': [3, 4], '23,24,25_0': [3], '27,30,31_0': [4, 5], '28,29,32,33_0': [5]}
 Node s  {'1,2,4': ['5'], '3,4,5': ['8', '11', '12', '14']}
 Enroll USC nodes  ['1', '2', '4']  len  3
 Enroll USC nodes  ['3', '4', '5']  len  3
 Node TP  SortedDict({1: [0], 2: [1, 2, 3, 4, 5], 3: [6, 7, 8, 9]})
 Unobserved subclones at timepoints  {1.5: [10, 11]}
 ============== Inside finding node v ============ 
 Time  2
 Time  3
 largest_v_mut  []
 largest_v_mut  [[32, 33, 7, 8, 9, 10, 11, 12, 13, 14, 15, 27, 28, 29, 30, 31]]
 Sorted all timepoints  [1, 1.5, 2, 3]
 Timepoint  2
 Inside usc_node check  2
 Timepoint  3
 Node  7  has no parent 
 USC nodes  []
 Node with minimum mutation sets  {1: 6, 2: 11, 3: 8, 4: 6, 5: 8}
0   1   [-1]   subclone   []   []
1   2   [10]   subclone   [0, 1, 2, 3, 4, 5, 6]   [6]
2   2   [10]   subclone   [0, 1, 2, 3, 4, 5, 6, 16, 17, 18, 19, 20, 21]   [12]
3   2   [11]   subclone   [7, 8, 9, 10, 11, 12, 13, 14, 15, 22, 23, 24, 25, 26]   [10]
4   2   [10]   subclone   [5, 8, 11, 12, 14, 16, 22, 26, 27, 30, 31]   [10, 7]
5   2   [11]   subclone   [7, 8, 9, 10, 11, 12, 13, 14, 15, 27, 28, 29, 30, 31, 32, 33]   [12]
6   3   [1]   subclone   [0, 1, 2, 3, 4, 5, 6]   [0]
7   3   [1]   subclone   [3, 7, 8, 14, 21, 23, 25, 26, 27, 28, 29, 30, 32]   [12]
8   3   [5]   subclone   [2, 5, 7, 8, 9, 10, 11, 12, 13, 14, 15, 17, 19, 27, 28, 29, 30, 31, 32, 33]   [4]
9   3   [5]   subclone   [7, 8, 9, 10, 11, 12, 13, 14, 15, 27, 28, 29, 30, 31, 32, 33]   [0]
10   1.5   [0]   unobserved subclone   [5]   [1]
11   1.5   [0]   unobserved subclone   [8, 11, 12, 14]   [4]
9
 Total estimated FP  281  True negatives  9216
 Total estimated FN  1344  True positives  5479
 Estimated FP rate  0.04878
 Estimated FN rate  0.13
 No. of Cells in each cluster  {'6_2': 16, '6_3': 87, '7_2': 8, '3_2': 65, '4_2': 1, '8_3': 1, '5_3': 1, '2_2': 10, '2_3': 411}
 Cells in each cluster  {'6_2': [0, 1, 2, 3, 4, 5, 6, 7, 8, 9, 10, 11, 12, 13, 16, 18], '6_3': [100, 101, 102, 103, 104, 105, 106, 107, 108, 109, 110, 111, 112, 113, 114, 115, 116, 117, 118, 119, 120, 121, 122, 123, 124, 125, 126, 127, 128, 129, 130, 131, 132, 133, 134, 135, 136, 137, 138, 139, 140, 141, 142, 143, 144, 145, 146, 147, 148, 149, 150, 151, 152, 153, 154, 155, 156, 157, 158, 159, 160, 161, 162, 163, 164, 165, 166, 167, 168, 169, 170, 171, 172, 173, 174, 175, 176, 177, 178, 179, 180, 181, 182, 183, 184, 185, 186], '7_2': [14, 15, 17, 19, 20, 21, 22, 23], '3_2': [24, 25, 26, 27, 28, 29, 30, 31, 32, 33, 34, 35, 36, 37, 38, 39, 40, 41, 42, 43, 44, 45, 46, 47, 48, 49, 50, 51, 52, 53, 54, 55, 56, 57, 58, 59, 60, 61, 62, 63, 64, 65, 66, 68, 69, 70, 71, 72, 73, 74, 75, 76, 77, 78, 79, 80, 81, 82, 83, 84, 85, 86, 87, 88, 89], '4_2': [90], '8_3': [258], '5_3': [449], '2_2': [91, 92, 93, 94, 95, 97, 98, 99, 67, 96], '2_3': [188, 190, 191, 192, 193, 194, 195, 196, 197, 198, 199, 200, 202, 203, 204, 205, 206, 208, 209, 210, 211, 212, 217, 218, 220, 221, 222, 224, 225, 226, 227, 229, 230, 231, 232, 233, 234, 235, 237, 240, 241, 243, 244, 245, 247, 248, 249, 250, 251, 253, 255, 256, 257, 259, 260, 261, 262, 263, 264, 265, 267, 268, 270, 271, 272, 273, 275, 276, 278, 279, 280, 281, 282, 283, 284, 285, 286, 287, 288, 289, 290, 291, 292, 293, 294, 295, 297, 299, 300, 301, 302, 303, 304, 305, 306, 307, 308, 309, 310, 311, 313, 314, 315, 316, 318, 319, 320, 321, 322, 323, 325, 326, 327, 328, 329, 330, 331, 332, 334, 336, 337, 338, 339, 340, 341, 343, 344, 345, 347, 348, 349, 350, 351, 352, 353, 354, 355, 356, 358, 359, 360, 361, 362, 363, 364, 366, 368, 369, 370, 372, 373, 374, 376, 377, 378, 379, 380, 381, 382, 384, 385, 386, 387, 388, 389, 391, 393, 394, 395, 397, 399, 400, 401, 402, 403, 404, 405, 406, 407, 408, 409, 411, 414, 415, 416, 417, 418, 419, 421, 422, 423, 425, 427, 428, 429, 430, 431, 434, 435, 437, 438, 440, 441, 443, 444, 445, 446, 447, 450, 451, 452, 453, 454, 455, 456, 457, 458, 459, 460, 462, 463, 464, 465, 467, 468, 469, 470, 471, 472, 473, 474, 477, 478, 479, 480, 481, 482, 483, 484, 485, 486, 488, 489, 490, 491, 492, 494, 497, 498, 499, 501, 502, 504, 508, 509, 511, 512, 513, 514, 515, 516, 517, 518, 521, 522, 523, 524, 525, 526, 528, 529, 530, 531, 532, 533, 534, 535, 536, 538, 539, 540, 543, 544, 545, 546, 547, 548, 549, 550, 551, 552, 554, 555, 556, 559, 560, 561, 562, 564, 565, 566, 567, 568, 569, 570, 571, 572, 575, 576, 578, 579, 580, 581, 584, 585, 586, 587, 588, 589, 591, 592, 593, 594, 595, 596, 597, 598, 187, 189, 213, 215, 216, 219, 223, 236, 238, 239, 242, 246, 252, 254, 269, 274, 277, 296, 298, 312, 324, 333, 335, 342, 357, 365, 367, 371, 383, 392, 396, 398, 410, 412, 413, 420, 426, 433, 436, 439, 442, 448, 461, 466, 475, 476, 487, 493, 495, 496, 500, 503, 505, 506, 510, 519, 520, 527, 541, 542, 553, 557, 558, 563, 573, 574, 582, 590, 599, 201, 207, 214, 228, 266, 317, 346, 375, 390, 424, 432, 507, 537, 577, 583]}
FP rate  0.04878 FN rate  0.13
 Before reassigning cells 
 Timepoint  2
 Cluster  6  # of cells  15
 Cluster  7  # of cells  9
 Cluster  3  # of cells  65
 Cluster  4  # of cells  1
 Cluster  2  # of cells  10
 Timepoint  3
 Cluster  6  # of cells  87
 Cluster  8  # of cells  1
 Cluster  5  # of cells  1
 Cluster  2  # of cells  411
 Cells absent at timepoint  3   set()
 Cells absent at timepoint  2   set()
 Timepoint  2
 Timepoint  3
 After reassigning and merging cells 
 Timepoint  2
 Cluster  6  # of cells  15
 Cluster  7  # of cells  9
 Cluster  3  # of cells  65
 Cluster  4  # of cells  1
 Cluster  2  # of cells  10
 Timepoint  3
 Cluster  6  # of cells  87
 Cluster  8  # of cells  1
 Cluster  5  # of cells  1
 Cluster  2  # of cells  411
 Tp cluster cell dict  {'6_2': 15, '7_2': 9, '3_2': 65, '4_2': 1, '2_2': 10, '6_3': 87, '8_3': 1, '5_3': 1, '2_3': 411}
 New Graph is here 
 ID  0  Timepoint  1  Mutations  []  Type  subclone
 ID  1  Timepoint  2  Mutations  [0, 1, 2, 3, 4, 5, 6]  Type  subclone
 ID  2  Timepoint  2  Mutations  [0, 1, 2, 3, 4, 5, 6, 16, 17, 18, 19, 20, 21]  Type  subclone
 ID  3  Timepoint  2  Mutations  [7, 8, 9, 10, 11, 12, 13, 14, 15, 22, 23, 24, 25, 26]  Type  subclone
 ID  4  Timepoint  2  Mutations  [3, 5, 8, 12, 14, 16, 26, 27, 28, 30, 31, 32]  Type  subclone
 ID  5  Timepoint  2  Mutations  [7, 8, 9, 10, 11, 12, 13, 14, 15, 27, 28, 29, 30, 31, 32, 33]  Type  subclone
 ID  6  Timepoint  3  Mutations  [0, 1, 2, 3, 4, 5, 6]  Type  subclone
 ID  7  Timepoint  3  Mutations  [2, 3, 7, 8, 9, 10, 12, 14, 21, 23, 25, 26, 28, 29, 30, 32]  Type  subclone
 ID  8  Timepoint  3  Mutations  [2, 5, 8, 9, 10, 12, 13, 15, 17, 19, 25, 27, 28, 29, 31]  Type  subclone
 ID  9  Timepoint  3  Mutations  [7, 8, 9, 10, 11, 12, 13, 14, 15, 27, 28, 29, 30, 31, 32, 33]  Type  subclone
Timepoints  SortedDict({1: [0], 2: [1, 2, 3, 4, 5], 3: [6, 7, 8, 9]})
 Clone to nodes  {'6_2': 1, '7_2': 2, '3_2': 3, '4_2': 4, '2_2': 5, '6_3': 6, '8_3': 7, '5_3': 8, '2_3': 9}
 Timepoint ====  1
 Hash table  {'0,1': [0, 1, 2, 4, 6], '0,1,3': [3, 5], '1,3': [16], '1': [17, 18, 19, 20, 21], '2,4': [7, 9, 10, 11, 13, 15], '2,3,4': [8, 12, 14], '2': [22, 23, 24, 25], '2,3': [26], '3,4': [27, 28, 30, 31, 32], '4': [29, 33]}
 Final possible usc  [[0, 1, 2, 4, 6], [3, 5], [16], [17, 18, 19, 20, 21], [7, 9, 10, 11, 13, 15], [8, 12, 14], [22, 23, 24, 25], [26], [27, 28, 30, 31, 32], [29, 33]]
 Time  1  USC keys  {'7,9,10,11,13,15_0', '26_0', '16_0', '0,1,2,4,6_0', '27,28,30,31,32_0', '3,5_0', '17,18,19,20,21_0', '29,33_0', '8,12,14_0', '22,23,24,25_0'}
 USC children  {'0,1,2,4,6_0': [1, 2], '3,5_0': [1, 2, 4], '16_0': [2, 4], '17,18,19,20,21_0': [2], '7,9,10,11,13,15_0': [3, 5], '8,12,14_0': [3, 4, 5], '22,23,24,25_0': [3], '26_0': [3, 4], '27,28,30,31,32_0': [4, 5], '29,33_0': [5]}
 USC children  {'0,1,2,4,6_0': [1, 2], '3,5_0': [1, 2, 4], '16_0': [2, 4], '17,18,19,20,21_0': [2], '7,9,10,11,13,15_0': [3, 5], '8,12,14_0': [3, 4, 5], '22,23,24,25_0': [3], '26_0': [3, 4], '27,28,30,31,32_0': [4, 5], '29,33_0': [5]}
 Timepoint ====  2
 Hash table  {'0,1': [2, 8, 9, 10, 12, 25, 28, 29], '0': [3, 7, 14, 21, 23, 26, 30, 32], '1': [5, 13, 15, 17, 19, 27, 31]}
====== Inside find superset of t nodes ==========
 Final possible usc  []
 Time  2  USC keys  set()
 USC children  {'0,1,2,4,6_0': [1, 2], '3,5_0': [1, 2, 4], '16_0': [2, 4], '17,18,19,20,21_0': [2], '7,9,10,11,13,15_0': [3, 5], '8,12,14_0': [3, 4, 5], '22,23,24,25_0': [3], '26_0': [3, 4], '27,28,30,31,32_0': [4, 5], '29,33_0': [5]}
 USC children  {'0,1,2,4,6_0': [1, 2], '3,5_0': [1, 2, 4], '16_0': [2, 4], '17,18,19,20,21_0': [2], '7,9,10,11,13,15_0': [3, 5], '8,12,14_0': [3, 4, 5], '22,23,24,25_0': [3], '26_0': [3, 4], '27,28,30,31,32_0': [4, 5], '29,33_0': [5]}
 Node s  {'1,2,4': ['3', '5'], '3,4,5': ['8', '12', '14']}
 Enroll USC nodes  ['1', '2', '4']  len  3
 Enroll USC nodes  ['3', '4', '5']  len  3
 Node TP  SortedDict({1: [0], 2: [1, 2, 3, 4, 5], 3: [6, 7, 8, 9]})
 Unobserved subclones at timepoints  {1.5: [10, 11]}
 ============== Inside finding node v ============ 
 Time  2
 Time  3
 largest_v_mut  []
 largest_v_mut  []
 Sorted all timepoints  [1, 1.5, 2, 3]
 Timepoint  2
 Inside usc_node check  2
 Timepoint  3
 Node  7  has no parent 
 USC nodes  []
 Node with minimum mutation sets  {1: 5, 2: 10, 3: 5, 4: 4, 5: 6}
 Node  8  has no parent 
 USC nodes  []
 Node with minimum mutation sets  {1: 5, 2: 9, 3: 7, 4: 6, 5: 6}
0   1   [-1]   subclone   []   []
1   2   [10]   subclone   [0, 1, 2, 3, 4, 5, 6]   [5]
2   2   [10]   subclone   [0, 1, 2, 3, 4, 5, 6, 16, 17, 18, 19, 20, 21]   [11]
3   2   [11]   subclone   [7, 8, 9, 10, 11, 12, 13, 14, 15, 22, 23, 24, 25, 26]   [11]
4   2   [10]   subclone   [3, 5, 8, 12, 14, 16, 26, 27, 28, 30, 31, 32]   [10, 9]
5   2   [11]   subclone   [7, 8, 9, 10, 11, 12, 13, 14, 15, 27, 28, 29, 30, 31, 32, 33]   [13]
6   3   [1]   subclone   [0, 1, 2, 3, 4, 5, 6]   [0]
7   3   [4]   subclone   [2, 3, 7, 8, 9, 10, 12, 14, 21, 23, 25, 26, 28, 29, 30, 32]   [8]
8   3   [1]   subclone   [2, 5, 8, 9, 10, 12, 13, 15, 17, 19, 25, 27, 28, 29, 31]   [13]
9   3   [5]   subclone   [7, 8, 9, 10, 11, 12, 13, 14, 15, 27, 28, 29, 30, 31, 32, 33]   [0]
10   1.5   [0]   unobserved subclone   [3, 5]   [2]
11   1.5   [0]   unobserved subclone   [8, 12, 14]   [3]
8
 Total estimated FP  279  True negatives  9218
 Total estimated FN  1342  True positives  5481
 Estimated FP rate  0.04844
 Estimated FN rate  0.13
 No. of Cells in each cluster  {'6_2': 16, '6_3': 87, '7_2': 8, '3_2': 65, '4_2': 1, '1_3': 3, '5_3': 1, '2_2': 10, '2_3': 409}
 Cells in each cluster  {'6_2': [0, 1, 2, 3, 4, 5, 6, 7, 8, 9, 10, 11, 12, 13, 16, 18], '6_3': [100, 101, 102, 103, 104, 105, 106, 107, 108, 109, 110, 111, 112, 113, 114, 115, 116, 117, 118, 119, 120, 121, 122, 123, 124, 125, 126, 127, 128, 129, 130, 131, 132, 133, 134, 135, 136, 137, 138, 139, 140, 141, 142, 143, 144, 145, 146, 147, 148, 149, 150, 151, 152, 153, 154, 155, 156, 157, 158, 159, 160, 161, 162, 163, 164, 165, 166, 167, 168, 169, 170, 171, 172, 173, 174, 175, 176, 177, 178, 179, 180, 181, 182, 183, 184, 185, 186], '7_2': [14, 15, 17, 19, 20, 21, 22, 23], '3_2': [24, 25, 26, 27, 28, 29, 30, 31, 32, 33, 34, 35, 36, 37, 38, 39, 40, 41, 42, 43, 44, 45, 46, 47, 48, 49, 50, 51, 52, 53, 54, 55, 56, 57, 58, 59, 60, 61, 62, 63, 64, 65, 66, 68, 69, 70, 71, 72, 73, 74, 75, 76, 77, 78, 79, 80, 81, 82, 83, 84, 85, 86, 87, 88, 89], '4_2': [90], '1_3': [375, 390, 537], '5_3': [449], '2_2': [67, 91, 92, 93, 94, 95, 96, 97, 98, 99], '2_3': [187, 188, 189, 190, 191, 192, 193, 194, 195, 196, 197, 198, 199, 200, 201, 202, 203, 204, 205, 206, 207, 208, 209, 210, 211, 212, 213, 214, 215, 216, 217, 218, 219, 220, 221, 222, 223, 224, 225, 226, 227, 228, 229, 230, 231, 232, 233, 234, 235, 236, 237, 238, 239, 240, 241, 242, 243, 244, 245, 246, 247, 248, 249, 250, 251, 252, 253, 254, 255, 256, 257, 259, 260, 261, 262, 263, 264, 265, 266, 267, 268, 269, 270, 271, 272, 273, 274, 275, 276, 277, 278, 279, 280, 281, 282, 283, 284, 285, 286, 287, 288, 289, 290, 291, 292, 293, 294, 295, 296, 297, 298, 299, 300, 301, 302, 303, 304, 305, 306, 307, 308, 309, 310, 311, 312, 313, 314, 315, 316, 317, 318, 319, 320, 321, 322, 323, 324, 325, 326, 327, 328, 329, 330, 331, 332, 333, 334, 336, 337, 338, 339, 340, 341, 342, 343, 344, 345, 346, 347, 348, 349, 350, 351, 352, 353, 354, 355, 356, 357, 358, 359, 360, 361, 362, 363, 364, 365, 366, 367, 368, 369, 370, 371, 372, 373, 374, 376, 377, 378, 379, 380, 381, 382, 383, 384, 385, 386, 387, 388, 389, 391, 392, 393, 394, 395, 396, 397, 398, 399, 400, 401, 402, 403, 404, 405, 406, 407, 408, 409, 410, 411, 412, 413, 414, 415, 416, 417, 418, 419, 420, 421, 422, 423, 424, 425, 426, 427, 428, 429, 430, 431, 432, 433, 434, 435, 436, 437, 438, 439, 440, 441, 442, 443, 444, 445, 446, 447, 448, 450, 451, 452, 453, 454, 455, 456, 457, 458, 459, 460, 461, 462, 463, 464, 465, 466, 467, 468, 469, 470, 471, 472, 473, 474, 475, 476, 477, 478, 479, 480, 481, 482, 483, 484, 485, 486, 487, 488, 489, 490, 491, 492, 493, 494, 495, 496, 497, 498, 499, 501, 502, 503, 504, 505, 506, 507, 508, 509, 510, 511, 512, 513, 514, 515, 516, 517, 518, 519, 520, 521, 522, 523, 524, 525, 526, 527, 528, 529, 530, 531, 532, 533, 534, 535, 536, 538, 539, 540, 541, 542, 543, 544, 545, 546, 547, 548, 549, 550, 551, 552, 553, 554, 555, 556, 557, 558, 559, 560, 561, 562, 563, 564, 565, 566, 567, 568, 569, 570, 571, 572, 573, 574, 575, 576, 577, 578, 579, 580, 581, 582, 583, 584, 585, 586, 587, 588, 589, 590, 591, 592, 593, 594, 595, 596, 597, 598, 599, 258, 335, 500]}
FP rate  0.04844 FN rate  0.13
 Before reassigning cells 
 Timepoint  2
 Cluster  6  # of cells  15
 Cluster  7  # of cells  9
 Cluster  3  # of cells  65
 Cluster  4  # of cells  1
 Cluster  2  # of cells  10
 Timepoint  3
 Cluster  6  # of cells  87
 Cluster  1  # of cells  6
 Cluster  5  # of cells  1
 Cluster  2  # of cells  402
 Cells absent at timepoint  3   {520, 493, 338, 413}
 Missing cell prob  {'5': 7.944570444703124e-10, '2': 1.4268737173599746e-08, '6': 3.2336043921747906e-18, '1': 1.426873717359975e-08}
 Missing cell prob  {'5': 6.567075042949973e-13, '2': 1.09216595568754e-05, '6': 7.973683209578486e-21, '1': 1.09216595568754e-05}
 Missing cell prob  {'5': 3.8917317610544916e-07, '2': 5.116239215615892e-05, '6': 1.5840152722293845e-15, '1': 5.1162392156158955e-05}
 Missing cell prob  {'5': 6.749237528430254e-09, '2': 0.0002862153307597446, '6': 1.5295231701473055e-18, '1': 0.0002862153307597446}
 Cells absent at timepoint  2   set()
 Timepoint  2
 Timepoint  3
SortedDict({2: {'6': ['0', '1', '2', '3', '4', '5', '6', '7', '8', '9', '10', '11', '12', '13', '18'], '7': ['14', '15', '16', '17', '19', '20', '21', '22', '23'], '3': ['24', '25', '26', '27', '28', '29', '30', '31', '32', '33', '34', '35', '36', '37', '38', '39', '40', '41', '42', '43', '44', '45', '46', '47', '48', '49', '50', '51', '52', '53', '54', '55', '56', '57', '58', '59', '60', '61', '62', '63', '64', '65', '66', '68', '69', '70', '71', '72', '73', '74', '75', '76', '77', '78', '79', '80', '81', '82', '83', '84', '85', '86', '87', '88', '89'], '4': ['90'], '2': ['67', '91', '92', '93', '94', '95', '96', '97', '98', '99']}, 3: {'6': ['100', '101', '102', '103', '104', '105', '106', '107', '108', '109', '110', '111', '112', '113', '114', '115', '116', '117', '118', '119', '120', '121', '122', '123', '124', '125', '126', '127', '128', '129', '130', '131', '132', '133', '134', '135', '136', '137', '138', '139', '140', '141', '142', '143', '144', '145', '146', '147', '148', '149', '150', '151', '152', '153', '154', '155', '156', '157', '158', '159', '160', '161', '162', '163', '164', '165', '166', '167', '168', '169', '170', '171', '172', '173', '174', '175', '176', '177', '178', '179', '180', '181', '182', '183', '184', '185', '186'], '1': ['296', '333', '371', '375', '390', '537', '520', '338'], '5': ['449'], '2': ['187', '188', '189', '190', '191', '192', '193', '194', '195', '196', '197', '198', '199', '200', '201', '202', '203', '204', '205', '206', '207', '208', '209', '210', '211', '212', '213', '214', '215', '216', '217', '218', '219', '220', '221', '222', '223', '224', '225', '226', '227', '228', '229', '230', '231', '232', '233', '234', '235', '236', '237', '238', '239', '240', '241', '242', '243', '244', '245', '246', '247', '248', '249', '250', '251', '252', '253', '254', '255', '256', '257', '258', '259', '260', '261', '262', '263', '264', '265', '266', '267', '268', '269', '270', '271', '272', '273', '274', '275', '276', '277', '278', '279', '280', '281', '282', '283', '284', '285', '286', '287', '288', '289', '290', '291', '292', '293', '294', '295', '297', '298', '299', '300', '301', '302', '303', '304', '305', '306', '307', '308', '309', '310', '311', '312', '313', '314', '315', '316', '317', '318', '319', '320', '321', '322', '323', '324', '325', '326', '327', '328', '329', '330', '331', '332', '334', '335', '336', '337', '339', '340', '341', '342', '343', '344', '345', '346', '347', '348', '349', '350', '351', '352', '353', '354', '355', '356', '357', '358', '359', '360', '361', '362', '363', '364', '365', '366', '367', '368', '369', '370', '372', '373', '374', '376', '377', '378', '379', '380', '381', '382', '383', '384', '385', '386', '387', '388', '389', '391', '392', '393', '394', '395', '396', '397', '398', '399', '400', '401', '402', '403', '404', '405', '406', '407', '408', '409', '410', '411', '412', '414', '415', '416', '417', '418', '419', '420', '421', '422', '423', '424', '425', '426', '427', '428', '429', '430', '431', '432', '433', '434', '435', '436', '437', '438', '439', '440', '441', '442', '443', '444', '445', '446', '447', '448', '450', '451', '452', '453', '454', '455', '456', '457', '458', '459', '460', '461', '462', '463', '464', '465', '466', '467', '468', '469', '470', '471', '472', '473', '474', '475', '476', '477', '478', '479', '480', '481', '482', '483', '484', '485', '486', '487', '488', '489', '490', '491', '492', '494', '495', '496', '497', '498', '499', '500', '501', '502', '503', '504', '505', '506', '507', '508', '509', '510', '511', '512', '513', '514', '515', '516', '517', '518', '519', '521', '522', '523', '524', '525', '526', '527', '528', '529', '530', '531', '532', '533', '534', '535', '536', '538', '539', '540', '541', '542', '543', '544', '545', '546', '547', '548', '549', '550', '551', '552', '553', '554', '555', '556', '557', '558', '559', '560', '561', '562', '563', '564', '565', '566', '567', '568', '569', '570', '571', '572', '573', '574', '575', '576', '577', '578', '579', '580', '581', '582', '583', '584', '585', '586', '587', '588', '589', '590', '591', '592', '593', '594', '595', '596', '597', '598', '599', '493', '413']}})
 Cluster1  1
 Cluster to drop  2
 After reassigning and merging cells 
 Timepoint  2
 Cluster  6  # of cells  15
 Cluster  7  # of cells  9
 Cluster  3  # of cells  65
 Cluster  4  # of cells  1
 Cluster  2  # of cells  10
 Timepoint  3
 Cluster  6  # of cells  87
 Cluster  1  # of cells  412
 Cluster  5  # of cells  1
 Tp cluster cell dict  {'6_2': 15, '7_2': 9, '3_2': 65, '4_2': 1, '2_2': 10, '6_3': 87, '1_3': 412, '5_3': 1}
 New Graph is here 
 ID  0  Timepoint  1  Mutations  []  Type  subclone
 ID  1  Timepoint  2  Mutations  [0, 1, 2, 3, 4, 5, 6]  Type  subclone
 ID  2  Timepoint  2  Mutations  [0, 1, 2, 3, 4, 5, 6, 16, 17, 18, 19, 20, 21]  Type  subclone
 ID  3  Timepoint  2  Mutations  [7, 8, 9, 10, 11, 12, 13, 14, 15, 22, 23, 24, 25, 26]  Type  subclone
 ID  4  Timepoint  2  Mutations  [3, 5, 8, 11, 12, 14, 16, 22, 26, 30, 31, 32]  Type  subclone
 ID  5  Timepoint  2  Mutations  [7, 8, 9, 10, 11, 12, 13, 14, 15, 27, 28, 29, 30, 31, 32, 33]  Type  subclone
 ID  6  Timepoint  3  Mutations  [0, 1, 2, 3, 4, 5, 6]  Type  subclone
 ID  7  Timepoint  3  Mutations  [7, 8, 9, 10, 11, 12, 13, 14, 15, 27, 28, 29, 30, 31, 32, 33]  Type  subclone
 ID  8  Timepoint  3  Mutations  [2, 5, 8, 9, 10, 12, 13, 15, 17, 19, 25, 27, 28, 29, 31]  Type  subclone
Timepoints  SortedDict({1: [0], 2: [1, 2, 3, 4, 5], 3: [6, 7, 8]})
 Clone to nodes  {'6_2': 1, '7_2': 2, '3_2': 3, '4_2': 4, '2_2': 5, '6_3': 6, '1_3': 7, '5_3': 8}
 Timepoint ====  1
 Hash table  {'0,1': [0, 1, 2, 4, 6], '0,1,3': [3, 5], '1,3': [16], '1': [17, 18, 19, 20, 21], '2,4': [7, 9, 10, 13, 15], '2,3,4': [8, 11, 12, 14], '2,3': [22, 26], '2': [23, 24, 25], '3,4': [30, 31, 32], '4': [27, 28, 29, 33]}
 Final possible usc  [[0, 1, 2, 4, 6], [3, 5], [16], [17, 18, 19, 20, 21], [7, 9, 10, 13, 15], [8, 11, 12, 14], [22, 26], [23, 24, 25], [30, 31, 32], [27, 28, 29, 33]]
 Time  1  USC keys  {'22,26_0', '8,11,12,14_0', '23,24,25_0', '27,28,29,33_0', '16_0', '7,9,10,13,15_0', '30,31,32_0', '17,18,19,20,21_0', '3,5_0', '0,1,2,4,6_0'}
 USC children  {'0,1,2,4,6_0': [1, 2], '3,5_0': [1, 2, 4], '16_0': [2, 4], '17,18,19,20,21_0': [2], '7,9,10,13,15_0': [3, 5], '8,11,12,14_0': [3, 4, 5], '22,26_0': [3, 4], '23,24,25_0': [3], '30,31,32_0': [4, 5], '27,28,29,33_0': [5]}
 USC children  {'0,1,2,4,6_0': [1, 2], '3,5_0': [1, 2, 4], '16_0': [2, 4], '17,18,19,20,21_0': [2], '7,9,10,13,15_0': [3, 5], '8,11,12,14_0': [3, 4, 5], '22,26_0': [3, 4], '23,24,25_0': [3], '30,31,32_0': [4, 5], '27,28,29,33_0': [5]}
 Timepoint ====  2
 Hash table  {'0': [2, 5, 8, 9, 10, 12, 13, 15, 17, 19, 25, 27, 28, 29, 31]}
====== Inside find superset of t nodes ==========
 Final possible usc  []
 Time  2  USC keys  set()
 USC children  {'0,1,2,4,6_0': [1, 2], '3,5_0': [1, 2, 4], '16_0': [2, 4], '17,18,19,20,21_0': [2], '7,9,10,13,15_0': [3, 5], '8,11,12,14_0': [3, 4, 5], '22,26_0': [3, 4], '23,24,25_0': [3], '30,31,32_0': [4, 5], '27,28,29,33_0': [5]}
 USC children  {'0,1,2,4,6_0': [1, 2], '3,5_0': [1, 2, 4], '16_0': [2, 4], '17,18,19,20,21_0': [2], '7,9,10,13,15_0': [3, 5], '8,11,12,14_0': [3, 4, 5], '22,26_0': [3, 4], '23,24,25_0': [3], '30,31,32_0': [4, 5], '27,28,29,33_0': [5]}
 Node s  {'1,2,4': ['3', '5'], '3,4,5': ['8', '11', '12', '14']}
 Enroll USC nodes  ['1', '2', '4']  len  3
 Enroll USC nodes  ['3', '4', '5']  len  3
 Node TP  SortedDict({1: [0], 2: [1, 2, 3, 4, 5], 3: [6, 7, 8]})
 Unobserved subclones at timepoints  {1.5: [9, 10]}
 ============== Inside finding node v ============ 
 Time  2
 Time  3
 largest_v_mut  []
 Sorted all timepoints  [1, 1.5, 2, 3]
 Timepoint  2
 Inside usc_node check  2
 Timepoint  3
 Node  8  has no parent 
 USC nodes  []
 Node with minimum mutation sets  {1: 5, 2: 9, 3: 7, 4: 8, 5: 6}
0   1   [-1]   subclone   []   []
1   2   [9]   subclone   [0, 1, 2, 3, 4, 5, 6]   [5]
2   2   [9]   subclone   [0, 1, 2, 3, 4, 5, 6, 16, 17, 18, 19, 20, 21]   [11]
3   2   [10]   subclone   [7, 8, 9, 10, 11, 12, 13, 14, 15, 22, 23, 24, 25, 26]   [10]
4   2   [9]   subclone   [3, 5, 8, 11, 12, 14, 16, 22, 26, 30, 31, 32]   [10, 8]
5   2   [10]   subclone   [7, 8, 9, 10, 11, 12, 13, 14, 15, 27, 28, 29, 30, 31, 32, 33]   [12]
6   3   [1]   subclone   [0, 1, 2, 3, 4, 5, 6]   [0]
7   3   [5]   subclone   [7, 8, 9, 10, 11, 12, 13, 14, 15, 27, 28, 29, 30, 31, 32, 33]   [0]
8   3   [1]   subclone   [2, 5, 8, 9, 10, 12, 13, 15, 17, 19, 25, 27, 28, 29, 31]   [13]
9   1.5   [0]   unobserved subclone   [3, 5]   [2]
10   1.5   [0]   unobserved subclone   [8, 11, 12, 14]   [4]
6
 Total estimated FP  283  True negatives  9212
 Total estimated FN  1348  True positives  5477
 Estimated FP rate  0.04913
 Estimated FN rate  0.13
 No. of Cells in each cluster  {'2_2': 16, '2_3': 87, '3_2': 8, '1_2': 65, '0_2': 10, '0_3': 412, '4_2': 1, '5_3': 1}
 Cells in each cluster  {'2_2': [0, 1, 2, 3, 4, 5, 6, 7, 8, 9, 10, 11, 12, 13, 16, 18], '2_3': [100, 101, 102, 103, 104, 105, 106, 107, 108, 109, 110, 111, 112, 113, 114, 115, 116, 117, 118, 119, 120, 121, 122, 123, 124, 125, 126, 127, 128, 129, 130, 131, 132, 133, 134, 135, 136, 137, 138, 139, 140, 141, 142, 143, 144, 145, 146, 147, 148, 149, 150, 151, 152, 153, 154, 155, 156, 157, 158, 159, 160, 161, 162, 163, 164, 165, 166, 167, 168, 169, 170, 171, 172, 173, 174, 175, 176, 177, 178, 179, 180, 181, 182, 183, 184, 185, 186], '3_2': [14, 15, 17, 19, 20, 21, 22, 23], '1_2': [24, 25, 26, 27, 28, 29, 30, 31, 32, 33, 34, 35, 36, 37, 38, 39, 40, 41, 42, 43, 44, 45, 46, 47, 48, 49, 50, 51, 52, 53, 54, 55, 56, 57, 58, 59, 60, 61, 62, 63, 64, 65, 66, 68, 69, 70, 71, 72, 73, 74, 75, 76, 77, 78, 79, 80, 81, 82, 83, 84, 85, 86, 87, 88, 89], '0_2': [67, 91, 92, 93, 94, 95, 96, 97, 98, 99], '0_3': [187, 188, 189, 190, 191, 192, 193, 194, 195, 196, 197, 198, 199, 200, 201, 202, 203, 204, 205, 206, 207, 208, 209, 210, 211, 212, 213, 214, 215, 216, 217, 218, 219, 220, 221, 222, 223, 224, 225, 226, 227, 228, 229, 230, 231, 232, 233, 234, 235, 236, 237, 238, 239, 240, 241, 242, 243, 244, 245, 246, 247, 248, 249, 250, 251, 252, 253, 254, 255, 256, 257, 258, 259, 260, 261, 262, 263, 264, 265, 266, 267, 268, 269, 270, 271, 272, 273, 274, 275, 276, 277, 278, 279, 280, 281, 282, 283, 284, 285, 286, 287, 288, 289, 290, 291, 292, 293, 294, 295, 296, 297, 298, 299, 300, 301, 302, 303, 304, 305, 306, 307, 308, 309, 310, 311, 312, 313, 314, 315, 316, 317, 318, 319, 320, 321, 322, 323, 324, 325, 326, 327, 328, 329, 330, 331, 332, 333, 334, 335, 336, 337, 338, 339, 340, 341, 342, 343, 344, 345, 346, 347, 348, 349, 350, 351, 352, 353, 354, 355, 356, 357, 358, 359, 360, 361, 362, 363, 364, 365, 366, 367, 368, 369, 370, 371, 372, 373, 374, 375, 376, 377, 378, 379, 380, 381, 382, 383, 384, 385, 386, 387, 388, 389, 390, 391, 392, 393, 394, 395, 396, 397, 398, 399, 400, 401, 402, 403, 404, 405, 406, 407, 408, 409, 410, 411, 412, 413, 414, 415, 416, 417, 418, 419, 420, 421, 422, 423, 424, 425, 426, 427, 428, 429, 430, 431, 432, 433, 434, 435, 436, 437, 438, 439, 440, 441, 442, 443, 444, 445, 446, 447, 448, 450, 451, 452, 453, 454, 455, 456, 457, 458, 459, 460, 461, 462, 463, 464, 465, 466, 467, 468, 469, 470, 471, 472, 473, 474, 475, 476, 477, 478, 479, 480, 481, 482, 483, 484, 485, 486, 487, 488, 489, 490, 491, 492, 493, 494, 495, 496, 497, 498, 499, 500, 501, 502, 503, 504, 505, 506, 507, 508, 509, 510, 511, 512, 513, 514, 515, 516, 517, 518, 519, 520, 521, 522, 523, 524, 525, 526, 527, 528, 529, 530, 531, 532, 533, 534, 535, 536, 537, 538, 539, 540, 541, 542, 543, 544, 545, 546, 547, 548, 549, 550, 551, 552, 553, 554, 555, 556, 557, 558, 559, 560, 561, 562, 563, 564, 565, 566, 567, 568, 569, 570, 571, 572, 573, 574, 575, 576, 577, 578, 579, 580, 581, 582, 583, 584, 585, 586, 587, 588, 589, 590, 591, 592, 593, 594, 595, 596, 597, 598, 599], '4_2': [90], '5_3': [449]}
FP rate  0.04913 FN rate  0.13
 Before reassigning cells 
 Timepoint  2
 Cluster  2  # of cells  15
 Cluster  3  # of cells  9
 Cluster  1  # of cells  65
 Cluster  0  # of cells  10
 Cluster  4  # of cells  1
 Timepoint  3
 Cluster  2  # of cells  87
 Cluster  0  # of cells  412
 Cluster  5  # of cells  1
 Cells absent at timepoint  3   set()
 Cells absent at timepoint  2   set()
 Timepoint  2
 Timepoint  3
 After reassigning and merging cells 
 Timepoint  2
 Cluster  2  # of cells  15
 Cluster  3  # of cells  9
 Cluster  1  # of cells  65
 Cluster  0  # of cells  10
 Cluster  4  # of cells  1
 Timepoint  3
 Cluster  2  # of cells  87
 Cluster  0  # of cells  412
 Cluster  5  # of cells  1
 Tp cluster cell dict  {'2_2': 15, '3_2': 9, '1_2': 65, '0_2': 10, '4_2': 1, '2_3': 87, '0_3': 412, '5_3': 1}
 New Graph is here 
 ID  0  Timepoint  1  Mutations  []  Type  subclone
 ID  1  Timepoint  2  Mutations  [0, 1, 2, 3, 4, 5, 6]  Type  subclone
 ID  2  Timepoint  2  Mutations  [0, 1, 2, 3, 4, 5, 6, 16, 17, 18, 19, 20, 21]  Type  subclone
 ID  3  Timepoint  2  Mutations  [7, 8, 9, 10, 11, 12, 13, 14, 15, 22, 23, 24, 25, 26]  Type  subclone
 ID  4  Timepoint  2  Mutations  [7, 8, 9, 10, 11, 12, 13, 14, 15, 27, 28, 29, 30, 31, 32, 33]  Type  subclone
 ID  5  Timepoint  2  Mutations  [0, 3, 5, 8, 11, 12, 14, 16, 22, 26, 27, 30, 31]  Type  subclone
 ID  6  Timepoint  3  Mutations  [0, 1, 2, 3, 4, 5, 6]  Type  subclone
 ID  7  Timepoint  3  Mutations  [7, 8, 9, 10, 11, 12, 13, 14, 15, 27, 28, 29, 30, 31, 32, 33]  Type  subclone
 ID  8  Timepoint  3  Mutations  [2, 8, 9, 10, 12, 13, 15, 17, 19, 27, 29, 31]  Type  subclone
Timepoints  SortedDict({1: [0], 2: [1, 2, 3, 4, 5], 3: [6, 7, 8]})
 Clone to nodes  {'2_2': 1, '3_2': 2, '1_2': 3, '0_2': 4, '4_2': 5, '2_3': 6, '0_3': 7, '5_3': 8}
 Timepoint ====  1
 Hash table  {'0,1,4': [0, 3, 5], '0,1': [1, 2, 4, 6], '1,4': [16], '1': [17, 18, 19, 20, 21], '2,3': [7, 9, 10, 13, 15], '2,3,4': [8, 11, 12, 14], '2,4': [22, 26], '2': [23, 24, 25], '3,4': [27, 30, 31], '3': [28, 29, 32, 33]}
 Final possible usc  [[0, 3, 5], [1, 2, 4, 6], [16], [17, 18, 19, 20, 21], [7, 9, 10, 13, 15], [8, 11, 12, 14], [22, 26], [23, 24, 25], [27, 30, 31], [28, 29, 32, 33]]
 Time  1  USC keys  {'16_0', '28,29,32,33_0', '8,11,12,14_0', '27,30,31_0', '22,26_0', '0,3,5_0', '17,18,19,20,21_0', '7,9,10,13,15_0', '23,24,25_0', '1,2,4,6_0'}
 USC children  {'0,3,5_0': [1, 2, 5], '1,2,4,6_0': [1, 2], '16_0': [2, 5], '17,18,19,20,21_0': [2], '7,9,10,13,15_0': [3, 4], '8,11,12,14_0': [3, 4, 5], '22,26_0': [3, 5], '23,24,25_0': [3], '27,30,31_0': [4, 5], '28,29,32,33_0': [4]}
 USC children  {'0,3,5_0': [1, 2, 5], '1,2,4,6_0': [1, 2], '16_0': [2, 5], '17,18,19,20,21_0': [2], '7,9,10,13,15_0': [3, 4], '8,11,12,14_0': [3, 4, 5], '22,26_0': [3, 5], '23,24,25_0': [3], '27,30,31_0': [4, 5], '28,29,32,33_0': [4]}
 Timepoint ====  2
 Hash table  {'0': [2, 8, 9, 10, 12, 13, 15, 17, 19, 27, 29, 31]}
====== Inside find superset of t nodes ==========
 Final possible usc  []
 Time  2  USC keys  set()
 USC children  {'0,3,5_0': [1, 2, 5], '1,2,4,6_0': [1, 2], '16_0': [2, 5], '17,18,19,20,21_0': [2], '7,9,10,13,15_0': [3, 4], '8,11,12,14_0': [3, 4, 5], '22,26_0': [3, 5], '23,24,25_0': [3], '27,30,31_0': [4, 5], '28,29,32,33_0': [4]}
 USC children  {'0,3,5_0': [1, 2, 5], '1,2,4,6_0': [1, 2], '16_0': [2, 5], '17,18,19,20,21_0': [2], '7,9,10,13,15_0': [3, 4], '8,11,12,14_0': [3, 4, 5], '22,26_0': [3, 5], '23,24,25_0': [3], '27,30,31_0': [4, 5], '28,29,32,33_0': [4]}
 Node s  {'1,2,5': ['0', '3', '5'], '3,4,5': ['8', '11', '12', '14']}
 Enroll USC nodes  ['1', '2', '5']  len  3
 Enroll USC nodes  ['3', '4', '5']  len  3
 Node TP  SortedDict({1: [0], 2: [1, 2, 3, 4, 5], 3: [6, 7, 8]})
 Unobserved subclones at timepoints  {1.5: [9, 10]}
 ============== Inside finding node v ============ 
 Time  2
 Time  3
 largest_v_mut  []
 Sorted all timepoints  [1, 1.5, 2, 3]
 Timepoint  2
 Inside usc_node check  2
 Timepoint  3
 Node  8  has no parent 
 USC nodes  []
 Node with minimum mutation sets  {1: 6, 2: 10, 3: 8, 4: 7, 5: 9}
0   1   [-1]   subclone   []   []
1   2   [9]   subclone   [0, 1, 2, 3, 4, 5, 6]   [4]
2   2   [9]   subclone   [0, 1, 2, 3, 4, 5, 6, 16, 17, 18, 19, 20, 21]   [10]
3   2   [10]   subclone   [7, 8, 9, 10, 11, 12, 13, 14, 15, 22, 23, 24, 25, 26]   [10]
4   2   [10]   subclone   [7, 8, 9, 10, 11, 12, 13, 14, 15, 27, 28, 29, 30, 31, 32, 33]   [12]
5   2   [9]   subclone   [0, 3, 5, 8, 11, 12, 14, 16, 22, 26, 27, 30, 31]   [10, 9]
6   3   [1]   subclone   [0, 1, 2, 3, 4, 5, 6]   [0]
7   3   [4]   subclone   [7, 8, 9, 10, 11, 12, 13, 14, 15, 27, 28, 29, 30, 31, 32, 33]   [0]
8   3   [1]   subclone   [2, 8, 9, 10, 12, 13, 15, 17, 19, 27, 29, 31]   [11]
9   1.5   [0]   unobserved subclone   [0, 3, 5]   [3]
10   1.5   [0]   unobserved subclone   [8, 11, 12, 14]   [4]
 List of tree files  ['all_trees/ap03_rep3_m1_tree.csv', 'all_trees/ap03_rep3_m2_tree.csv', 'all_trees/ap03_rep3_m3_tree.csv', 'all_trees/ap03_rep3_m4_tree.csv', 'all_trees/ap03_rep3_m5_tree.csv']
{'1': ['0', '1', '2', '3', '4', '5', '6'], '2': ['0', '1', '2', '3', '4', '5', '6', '16', '17', '18', '19', '20', '21'], '3': ['7', '8', '9', '10', '11', '12', '13', '14', '15', '22', '23', '24', '25', '26'], '4': ['0', '5', '8', '12', '14', '16', '22', '27', '28', '30', '31'], '5': ['7', '8', '9', '10', '11', '12', '13', '14', '15', '27', '28', '29', '30', '31', '32', '33'], '6': ['0', '1', '2', '3', '4', '5', '6'], '7': ['2', '8', '9', '10', '12', '13', '15', '17', '19', '29', '31'], '8': ['7', '8', '9', '10', '11', '12', '13', '14', '15', '27', '28', '29', '30', '31', '32', '33'], '9': ['0', '5'], '10': ['8', '12', '14']}
 Actual mutation of  1   ['4', '2', '6', '3', '1']
 Actual mutation of  2   ['4', '2', '6', '3', '16', '17', '19', '1', '20', '21', '18']
 Actual mutation of  3   ['22', '15', '9', '26', '7', '10', '11', '23', '13', '25', '24']
 Actual mutation of  4   ['22', '16', '12', '30', '27', '8', '14', '31', '28']
 Actual mutation of  5   ['9', '7', '10', '27', '32', '29', '33', '15', '30', '11', '13', '31', '28']
 Actual mutation of  6   []
 Actual mutation of  7   ['15', '9', '17', '19', '12', '10', '8', '13', '29', '31']
 Actual mutation of  8   []
 Updated node mutation  {'1': ['4', '2', '6', '3', '1'], '2': ['4', '2', '6', '3', '16', '17', '19', '1', '20', '21', '18'], '3': ['22', '15', '9', '26', '7', '10', '11', '23', '13', '25', '24'], '4': ['22', '16', '12', '30', '27', '8', '14', '31', '28'], '5': ['9', '7', '10', '27', '32', '29', '33', '15', '30', '11', '13', '31', '28'], '6': [], '7': ['15', '9', '17', '19', '12', '10', '8', '13', '29', '31'], '8': [], '9': ['0', '5'], '10': ['8', '12', '14']}
{'1': ['0', '1', '2', '3', '4', '5', '6'], '2': ['0', '1', '2', '3', '4', '5', '6', '16', '17', '18', '19', '20', '21'], '3': ['7', '8', '9', '10', '11', '12', '13', '14', '15', '22', '23', '24', '25', '26'], '4': ['5', '8', '11', '12', '14', '16', '22', '26', '27', '30', '31'], '5': ['7', '8', '9', '10', '11', '12', '13', '14', '15', '27', '28', '29', '30', '31', '32', '33'], '6': ['0', '1', '2', '3', '4', '5', '6'], '7': ['3', '7', '8', '14', '21', '23', '25', '26', '27', '28', '29', '30', '32'], '8': ['2', '5', '7', '8', '9', '10', '11', '12', '13', '14', '15', '17', '19', '27', '28', '29', '30', '31', '32', '33'], '9': ['7', '8', '9', '10', '11', '12', '13', '14', '15', '27', '28', '29', '30', '31', '32', '33'], '10': ['5'], '11': ['8', '11', '12', '14']}
 Actual mutation of  1   ['4', '2', '6', '3', '0', '1']
 Actual mutation of  2   ['4', '2', '6', '3', '0', '16', '17', '19', '1', '20', '21', '18']
 Actual mutation of  3   ['22', '15', '9', '26', '7', '10', '23', '13', '25', '24']
 Actual mutation of  4   ['22', '16', '12', '30', '26', '27', '11', '8', '14', '31']
 Actual mutation of  5   ['15', '9', '30', '7', '10', '27', '32', '13', '29', '33', '28', '31']
 Actual mutation of  6   []
 Actual mutation of  7   ['30', '26', '7', '27', '32', '8', '21', '23', '25', '14', '29', '28']
 Actual mutation of  8   ['2', '5', '17', '19']
 Actual mutation of  9   []
 Updated node mutation  {'1': ['4', '2', '6', '3', '0', '1'], '2': ['4', '2', '6', '3', '0', '16', '17', '19', '1', '20', '21', '18'], '3': ['22', '15', '9', '26', '7', '10', '23', '13', '25', '24'], '4': ['22', '16', '12', '30', '26', '27', '11', '8', '14', '31'], '5': ['15', '9', '30', '7', '10', '27', '32', '13', '29', '33', '28', '31'], '6': [], '7': ['30', '26', '7', '27', '32', '8', '21', '23', '25', '14', '29', '28'], '8': ['2', '5', '17', '19'], '9': [], '10': ['5'], '11': ['8', '11', '12', '14']}
{'1': ['0', '1', '2', '3', '4', '5', '6'], '2': ['0', '1', '2', '3', '4', '5', '6', '16', '17', '18', '19', '20', '21'], '3': ['7', '8', '9', '10', '11', '12', '13', '14', '15', '22', '23', '24', '25', '26'], '4': ['3', '5', '8', '12', '14', '16', '26', '27', '28', '30', '31', '32'], '5': ['7', '8', '9', '10', '11', '12', '13', '14', '15', '27', '28', '29', '30', '31', '32', '33'], '6': ['0', '1', '2', '3', '4', '5', '6'], '7': ['2', '3', '7', '8', '9', '10', '12', '14', '21', '23', '25', '26', '28', '29', '30', '32'], '8': ['2', '5', '8', '9', '10', '12', '13', '15', '17', '19', '25', '27', '28', '29', '31'], '9': ['7', '8', '9', '10', '11', '12', '13', '14', '15', '27', '28', '29', '30', '31', '32', '33'], '10': ['3', '5'], '11': ['8', '12', '14']}
 Actual mutation of  1   ['4', '2', '6', '0', '1']
 Actual mutation of  2   ['4', '2', '6', '0', '16', '17', '19', '1', '20', '21', '18']
 Actual mutation of  3   ['22', '15', '9', '26', '7', '10', '11', '23', '13', '25', '24']
 Actual mutation of  4   ['16', '12', '30', '26', '27', '32', '8', '14', '31', '28']
 Actual mutation of  5   ['9', '7', '10', '27', '32', '29', '33', '15', '30', '11', '13', '31', '28']
 Actual mutation of  6   []
 Actual mutation of  7   ['2', '9', '7', '10', '23', '21', '25', '29']
 Actual mutation of  8   ['15', '9', '17', '19', '12', '10', '27', '8', '13', '25', '29', '31', '28']
 Actual mutation of  9   []
 Updated node mutation  {'1': ['4', '2', '6', '0', '1'], '2': ['4', '2', '6', '0', '16', '17', '19', '1', '20', '21', '18'], '3': ['22', '15', '9', '26', '7', '10', '11', '23', '13', '25', '24'], '4': ['16', '12', '30', '26', '27', '32', '8', '14', '31', '28'], '5': ['9', '7', '10', '27', '32', '29', '33', '15', '30', '11', '13', '31', '28'], '6': [], '7': ['2', '9', '7', '10', '23', '21', '25', '29'], '8': ['15', '9', '17', '19', '12', '10', '27', '8', '13', '25', '29', '31', '28'], '9': [], '10': ['3', '5'], '11': ['8', '12', '14']}
{'1': ['0', '1', '2', '3', '4', '5', '6'], '2': ['0', '1', '2', '3', '4', '5', '6', '16', '17', '18', '19', '20', '21'], '3': ['7', '8', '9', '10', '11', '12', '13', '14', '15', '22', '23', '24', '25', '26'], '4': ['3', '5', '8', '11', '12', '14', '16', '22', '26', '30', '31', '32'], '5': ['7', '8', '9', '10', '11', '12', '13', '14', '15', '27', '28', '29', '30', '31', '32', '33'], '6': ['0', '1', '2', '3', '4', '5', '6'], '7': ['7', '8', '9', '10', '11', '12', '13', '14', '15', '27', '28', '29', '30', '31', '32', '33'], '8': ['2', '5', '8', '9', '10', '12', '13', '15', '17', '19', '25', '27', '28', '29', '31'], '9': ['3', '5'], '10': ['8', '11', '12', '14']}
 Actual mutation of  1   ['4', '2', '6', '0', '1']
 Actual mutation of  2   ['4', '2', '6', '0', '16', '17', '19', '1', '20', '21', '18']
 Actual mutation of  3   ['22', '15', '9', '26', '7', '10', '23', '13', '25', '24']
 Actual mutation of  4   ['22', '16', '12', '30', '26', '32', '11', '8', '14', '31']
 Actual mutation of  5   ['15', '9', '30', '7', '10', '27', '32', '13', '29', '33', '28', '31']
 Actual mutation of  6   []
 Actual mutation of  7   []
 Actual mutation of  8   ['15', '9', '17', '19', '12', '10', '27', '8', '13', '25', '29', '31', '28']
 Updated node mutation  {'1': ['4', '2', '6', '0', '1'], '2': ['4', '2', '6', '0', '16', '17', '19', '1', '20', '21', '18'], '3': ['22', '15', '9', '26', '7', '10', '23', '13', '25', '24'], '4': ['22', '16', '12', '30', '26', '32', '11', '8', '14', '31'], '5': ['15', '9', '30', '7', '10', '27', '32', '13', '29', '33', '28', '31'], '6': [], '7': [], '8': ['15', '9', '17', '19', '12', '10', '27', '8', '13', '25', '29', '31', '28'], '9': ['3', '5'], '10': ['8', '11', '12', '14']}
{'1': ['0', '1', '2', '3', '4', '5', '6'], '2': ['0', '1', '2', '3', '4', '5', '6', '16', '17', '18', '19', '20', '21'], '3': ['7', '8', '9', '10', '11', '12', '13', '14', '15', '22', '23', '24', '25', '26'], '4': ['7', '8', '9', '10', '11', '12', '13', '14', '15', '27', '28', '29', '30', '31', '32', '33'], '5': ['0', '3', '5', '8', '11', '12', '14', '16', '22', '26', '27', '30', '31'], '6': ['0', '1', '2', '3', '4', '5', '6'], '7': ['7', '8', '9', '10', '11', '12', '13', '14', '15', '27', '28', '29', '30', '31', '32', '33'], '8': ['2', '8', '9', '10', '12', '13', '15', '17', '19', '27', '29', '31'], '9': ['0', '3', '5'], '10': ['8', '11', '12', '14']}
 Actual mutation of  1   ['4', '2', '6', '1']
 Actual mutation of  2   ['4', '2', '6', '17', '19', '16', '1', '20', '21', '18']
 Actual mutation of  3   ['22', '15', '9', '26', '7', '10', '23', '13', '25', '24']
 Actual mutation of  4   ['15', '9', '30', '7', '10', '27', '32', '13', '29', '33', '28', '31']
 Actual mutation of  5   ['22', '16', '12', '30', '26', '27', '11', '8', '14', '31']
 Actual mutation of  6   []
 Actual mutation of  7   []
 Actual mutation of  8   ['15', '9', '17', '19', '12', '10', '27', '8', '13', '29', '31']
 Updated node mutation  {'1': ['4', '2', '6', '1'], '2': ['4', '2', '6', '17', '19', '16', '1', '20', '21', '18'], '3': ['22', '15', '9', '26', '7', '10', '23', '13', '25', '24'], '4': ['15', '9', '30', '7', '10', '27', '32', '13', '29', '33', '28', '31'], '5': ['22', '16', '12', '30', '26', '27', '11', '8', '14', '31'], '6': [], '7': [], '8': ['15', '9', '17', '19', '12', '10', '27', '8', '13', '29', '31'], '9': ['0', '3', '5'], '10': ['8', '11', '12', '14']}
 Parallel mutation count  {'m1': 23, 'm2': 30, 'm3': 27, 'm4': 26, 'm5': 22}
 Clusters with least parallel mutations  ['m5']
 Best tree path  ap03_rep3_m5_tree.csv
