
DPMM with:
	600 cells
	28 mutations
	learning errors

	Priors:
	params.:	Beta(0.25,0.25)
	CRP a_0:	Gamma(24.49,1)
	FP:		trunc norm(0.01,0.01)
	FN:		trunc norm(0.2,0.1)

Move probabilitites:
	Split/merge:	0.33
		split/merge ratio:	[0.75, 0.25]
		intermediate Gibbs:	3
	CRP a_0 update:	0.25
	Errors update:	0.25

Run MCMC with (1 chains for 5000 steps):

Clustering time:	0:14:18.600718	(0.17 secs. per MCMC step)	Lugsail PSRF:		1.00898

Chain mean - posterior clusters	(#6):
	6 clusters

	A: 459 items
	B: 12 items
	C: 8 items
	D: 69 items
	E: 2 items
	F: 50 items

Inferred latent variables	--	chain mean - posterior
	CRP a_0:	97.9 +- 18.3
	FP (model|genotypes): 2.1E-03 +- 1.3E-03	|	7.5E-03
	FN (model|genotypes): 0.137   +- 0.018	|	0.161

Writing output to: ./sim_output/sp05/rep4/m2

Too many cells to plot genotypes/clusters
