
DPMM with:
	600 cells
	32 mutations
	learning errors

	Priors:
	params.:	Beta(0.25,0.25)
	CRP a_0:	Gamma(24.49,1)
	FP:		trunc norm(0.01,0.01)
	FN:		trunc norm(0.2,0.1)

Move probabilitites:
	Split/merge:	0.33
		split/merge ratio:	[0.75, 0.25]
		intermediate Gibbs:	3
	CRP a_0 update:	0.25
	Errors update:	0.25

Run MCMC with (1 chains for 5000 steps):

Clustering time:	0:09:05.999852	(0.11 secs. per MCMC step)	Lugsail PSRF:		1.00804

Chain mean - posterior clusters	(#8):
	8 clusters

	A: 496 items
	B: 3 items
	C: 25 items
	D: 2 items
	E: 40 items
	F: 3 items
	G: 3 items
	H: 28 items

Inferred latent variables	--	chain mean - posterior
	CRP a_0:	94.8 +- 19.2
	FP (model|genotypes): 1.5E-04 +- 1.4E-04	|	8.6E-04
	FN (model|genotypes): 0.118   +- 0.021	|	0.160

Writing output to: ./sim_output/ap001/rep1/m5

Too many cells to plot genotypes/clusters
