6
 Total estimated FP  358  True negatives  11759
 Total estimated FN  1410  True positives  5673
 Estimated FP rate  0.05936
 Estimated FN rate  0.11
 No. of Cells in each cluster  {'3_2': 29, '1_2': 38, '4_2': 1, '5_2': 3, '2_2': 29, '2_3': 500}
 Cells in each cluster  {'3_2': [0, 1, 2, 3, 4, 5, 6, 8, 9, 10, 11, 12, 13, 14, 15, 16, 17, 18, 19, 20, 21, 22, 23, 24, 25, 26, 27, 28, 29], '1_2': [7, 30, 31, 32, 33, 34, 35, 36, 37, 38, 39, 40, 41, 42, 43, 44, 45, 46, 47, 48, 50, 51, 52, 53, 54, 55, 56, 57, 58, 59, 60, 61, 62, 63, 64, 65, 66, 67], '4_2': [49], '5_2': [68, 69, 70], '2_2': [71, 72, 73, 74, 75, 76, 77, 78, 79, 80, 81, 82, 83, 84, 85, 87, 88, 89, 90, 91, 92, 93, 94, 95, 96, 97, 98, 86, 99], '2_3': [100, 101, 102, 103, 104, 105, 106, 107, 108, 109, 110, 111, 112, 113, 114, 115, 116, 118, 119, 120, 121, 122, 123, 124, 125, 126, 127, 128, 129, 130, 131, 132, 133, 134, 135, 136, 137, 138, 139, 140, 141, 142, 143, 145, 146, 147, 148, 149, 150, 151, 152, 153, 154, 155, 156, 157, 160, 161, 162, 163, 164, 165, 166, 167, 168, 169, 170, 171, 172, 173, 174, 175, 176, 177, 178, 179, 180, 181, 183, 184, 186, 187, 188, 189, 190, 191, 192, 194, 195, 196, 197, 198, 199, 200, 201, 202, 203, 204, 205, 206, 207, 208, 209, 211, 212, 213, 214, 215, 216, 217, 218, 219, 220, 221, 222, 223, 224, 226, 227, 228, 229, 230, 231, 232, 233, 234, 235, 236, 237, 238, 239, 240, 241, 242, 243, 244, 245, 246, 247, 248, 249, 250, 251, 252, 253, 254, 255, 256, 257, 258, 259, 260, 261, 262, 263, 264, 265, 267, 268, 269, 270, 271, 272, 273, 274, 275, 276, 277, 278, 279, 280, 281, 282, 283, 284, 286, 287, 288, 289, 290, 291, 292, 293, 294, 295, 296, 297, 298, 299, 300, 301, 302, 303, 304, 305, 306, 307, 308, 309, 310, 312, 313, 314, 315, 316, 317, 318, 319, 320, 321, 322, 323, 324, 325, 326, 327, 328, 329, 330, 331, 332, 333, 334, 335, 336, 337, 339, 340, 341, 342, 343, 344, 345, 346, 347, 348, 349, 351, 353, 354, 355, 356, 357, 358, 359, 360, 361, 362, 363, 364, 365, 367, 368, 369, 370, 371, 372, 373, 374, 375, 376, 377, 378, 379, 380, 381, 382, 383, 384, 385, 386, 387, 388, 389, 390, 391, 392, 393, 394, 395, 396, 397, 398, 399, 400, 401, 402, 403, 404, 405, 406, 407, 408, 409, 410, 411, 412, 413, 414, 415, 416, 417, 418, 419, 420, 421, 422, 423, 425, 426, 427, 428, 429, 430, 431, 432, 433, 434, 435, 436, 437, 438, 439, 440, 441, 442, 443, 444, 445, 446, 447, 448, 449, 450, 451, 452, 453, 454, 455, 456, 457, 458, 459, 460, 461, 462, 463, 465, 466, 467, 468, 469, 470, 471, 472, 473, 474, 476, 477, 478, 479, 480, 481, 482, 484, 485, 486, 487, 488, 489, 490, 491, 492, 493, 494, 495, 496, 497, 498, 499, 500, 502, 503, 504, 505, 507, 508, 509, 510, 511, 512, 514, 515, 516, 517, 519, 520, 522, 523, 524, 525, 526, 527, 528, 529, 530, 531, 533, 534, 535, 536, 537, 538, 539, 540, 541, 542, 543, 544, 545, 546, 547, 548, 549, 550, 551, 552, 553, 554, 555, 556, 557, 559, 560, 561, 562, 563, 564, 565, 566, 567, 568, 569, 570, 571, 572, 573, 574, 575, 578, 579, 580, 581, 582, 583, 584, 585, 586, 588, 589, 590, 592, 593, 594, 595, 596, 597, 598, 599, 117, 144, 158, 159, 182, 185, 193, 210, 225, 266, 285, 311, 338, 350, 352, 366, 424, 464, 475, 483, 501, 506, 513, 518, 521, 532, 558, 576, 577, 587, 591]}
FP rate  0.05936 FN rate  0.11
 Before reassigning cells 
 Timepoint  2
 Cluster  3  # of cells  31
 Cluster  1  # of cells  36
 Cluster  4  # of cells  1
 Cluster  5  # of cells  3
 Cluster  2  # of cells  29
 Timepoint  3
 Cluster  2  # of cells  500
 Cells absent at timepoint  2   set()
 Cells absent at timepoint  3   set()
 Timepoint  2
 Timepoint  3
 After reassigning and merging cells 
 Timepoint  2
 Cluster  3  # of cells  31
 Cluster  1  # of cells  36
 Cluster  4  # of cells  1
 Cluster  5  # of cells  3
 Cluster  2  # of cells  29
 Timepoint  3
 Cluster  2  # of cells  500
 Tp cluster cell dict  {'3_2': 31, '1_2': 36, '4_2': 1, '5_2': 3, '2_2': 29, '2_3': 500}
 New Graph is here 
 ID  0  Timepoint  1  Mutations  []  Type  subclone
 ID  1  Timepoint  2  Mutations  [0, 1, 2, 3, 4, 5, 6, 7, 8, 19]  Type  subclone
 ID  2  Timepoint  2  Mutations  [0, 1, 2, 3, 4, 5, 6, 7, 8, 20, 21, 22, 23, 24, 25]  Type  subclone
 ID  3  Timepoint  2  Mutations  [1, 3, 5, 8, 22, 23, 24, 26, 29, 30, 31, 33, 35, 39]  Type  subclone
 ID  4  Timepoint  2  Mutations  [0, 9, 10, 11, 12, 13, 14, 15, 16, 17, 18, 26, 27, 28, 29, 30, 33, 34]  Type  subclone
 ID  5  Timepoint  2  Mutations  [9, 10, 11, 12, 13, 14, 15, 16, 17, 18, 35, 36, 37, 38, 39]  Type  subclone
 ID  6  Timepoint  3  Mutations  [9, 10, 11, 12, 13, 14, 15, 16, 17, 18, 35, 36, 37, 38, 39]  Type  subclone
Timepoints  SortedDict({1: [0], 2: [1, 2, 3, 4, 5], 3: [6]})
 Clone to nodes  {'3_2': 1, '1_2': 2, '4_2': 3, '5_2': 4, '2_2': 5, '2_3': 6}
 Timepoint ====  1
 Hash table  {'0,1,3': [0], '0,1,2': [1, 3, 5, 8], '0,1': [2, 4, 6, 7], '0': [19], '1': [20, 21, 25], '1,2': [22, 23, 24], '2,3': [26, 29, 30, 33], '2': [31], '2,4': [35, 39], '3,4': [9, 10, 11, 12, 13, 14, 15, 16, 17, 18], '3': [27, 28, 34], '4': [36, 37, 38]}
 Final possible usc  [[0], [1, 3, 5, 8], [2, 4, 6, 7], [19], [20, 21, 25], [22, 23, 24], [26, 29, 30, 33], [31], [35, 39], [9, 10, 11, 12, 13, 14, 15, 16, 17, 18], [27, 28, 34], [36, 37, 38]]
 Time  1  USC keys  {'0_0', '2,4,6,7_0', '9,10,11,12,13,14,15,16,17,18_0', '26,29,30,33_0', '22,23,24_0', '31_0', '36,37,38_0', '27,28,34_0', '35,39_0', '1,3,5,8_0', '20,21,25_0', '19_0'}
 USC children  {'0_0': [1, 2, 4], '1,3,5,8_0': [1, 2, 3], '2,4,6,7_0': [1, 2], '19_0': [1], '20,21,25_0': [2], '22,23,24_0': [2, 3], '26,29,30,33_0': [3, 4], '31_0': [3], '35,39_0': [3, 5], '9,10,11,12,13,14,15,16,17,18_0': [4, 5], '27,28,34_0': [4], '36,37,38_0': [5]}
 USC children  {'0_0': [1, 2, 4], '1,3,5,8_0': [1, 2, 3], '2,4,6,7_0': [1, 2], '19_0': [1], '20,21,25_0': [2], '22,23,24_0': [2, 3], '26,29,30,33_0': [3, 4], '31_0': [3], '35,39_0': [3, 5], '9,10,11,12,13,14,15,16,17,18_0': [4, 5], '27,28,34_0': [4], '36,37,38_0': [5]}
 Timepoint ====  2
 Hash table  {}
====== Inside find superset of t nodes ==========
 Final possible usc  []
 Time  2  USC keys  set()
 USC children  {'0_0': [1, 2, 4], '1,3,5,8_0': [1, 2, 3], '2,4,6,7_0': [1, 2], '19_0': [1], '20,21,25_0': [2], '22,23,24_0': [2, 3], '26,29,30,33_0': [3, 4], '31_0': [3], '35,39_0': [3, 5], '9,10,11,12,13,14,15,16,17,18_0': [4, 5], '27,28,34_0': [4], '36,37,38_0': [5]}
 USC children  {'0_0': [1, 2, 4], '1,3,5,8_0': [1, 2, 3], '2,4,6,7_0': [1, 2], '19_0': [1], '20,21,25_0': [2], '22,23,24_0': [2, 3], '26,29,30,33_0': [3, 4], '31_0': [3], '35,39_0': [3, 5], '9,10,11,12,13,14,15,16,17,18_0': [4, 5], '27,28,34_0': [4], '36,37,38_0': [5]}
 Node s  {'1,2,4': ['0'], '1,2,3': ['1', '3', '5', '8'], '3,4': ['26', '29', '30', '33'], '3,5': ['35', '39'], '4,5': ['9', '10', '11', '12', '13', '14', '15', '16', '17', '18']}
 Enroll USC nodes  ['1', '2', '4']  len  3
 Enroll USC nodes  ['1', '2', '3']  len  3
 Enroll USC nodes  ['3', '4']  len  2
 Enroll USC nodes  ['3', '5']  len  2
 Enroll USC nodes  ['4', '5']  len  2
 Node TP  SortedDict({1: [0], 2: [1, 2, 3, 4, 5], 3: [6]})
 Unobserved subclones at timepoints  {1.5: [7, 8, 9, 10, 11]}
 ============== Inside finding node v ============ 
 Time  2
 Time  3
 Sorted all timepoints  [1, 1.5, 2, 3]
 Timepoint  2
 Inside usc_node check  2
 Timepoint  3
0   1   [-1]   subclone   []   []
1   2   [7]   subclone   [0, 1, 2, 3, 4, 5, 6, 7, 8, 19]   [9, 6]
2   2   [7]   subclone   [0, 1, 2, 3, 4, 5, 6, 7, 8, 20, 21, 22, 23, 24, 25]   [14, 11]
3   2   [8]   subclone   [1, 3, 5, 8, 22, 23, 24, 26, 29, 30, 31, 33, 35, 39]   [10, 10, 12]
4   2   [7]   subclone   [0, 9, 10, 11, 12, 13, 14, 15, 16, 17, 18, 26, 27, 28, 29, 30, 33, 34]   [17, 14, 8]
5   2   [10]   subclone   [9, 10, 11, 12, 13, 14, 15, 16, 17, 18, 35, 36, 37, 38, 39]   [13, 5]
6   3   [5]   subclone   [9, 10, 11, 12, 13, 14, 15, 16, 17, 18, 35, 36, 37, 38, 39]   [0]
7   1.5   [0]   unobserved subclone   [0]   [1]
8   1.5   [0]   unobserved subclone   [1, 3, 5, 8]   [4]
9   1.5   [0]   unobserved subclone   [26, 29, 30, 33]   [4]
10   1.5   [0]   unobserved subclone   [35, 39]   [2]
11   1.5   [0]   unobserved subclone   [9, 10, 11, 12, 13, 14, 15, 16, 17, 18]   [10]
10
 Total estimated FP  358  True negatives  11759
 Total estimated FN  1410  True positives  5673
 Estimated FP rate  0.05936
 Estimated FN rate  0.11
 No. of Cells in each cluster  {'7_2': 29, '8_2': 38, '9_2': 1, '5_2': 3, '6_2': 29, '6_3': 500}
 Cells in each cluster  {'7_2': [0, 1, 2, 3, 4, 5, 6, 8, 9, 10, 11, 12, 13, 14, 15, 16, 17, 18, 19, 20, 21, 22, 23, 24, 25, 26, 27, 28, 29], '8_2': [7, 30, 31, 32, 33, 34, 35, 36, 37, 38, 39, 40, 41, 42, 43, 44, 45, 46, 47, 48, 50, 51, 52, 53, 54, 55, 56, 57, 58, 59, 60, 61, 62, 63, 64, 65, 66, 67], '9_2': [49], '5_2': [68, 69, 70], '6_2': [77, 81, 82, 86, 99, 71, 72, 73, 74, 75, 76, 78, 80, 83, 84, 85, 88, 89, 90, 91, 92, 93, 94, 96, 97, 98, 79, 87, 95], '6_3': [101, 103, 106, 114, 123, 132, 136, 151, 153, 158, 167, 170, 173, 188, 194, 196, 197, 201, 204, 205, 212, 214, 218, 223, 230, 232, 234, 235, 238, 242, 243, 255, 256, 257, 261, 263, 275, 276, 286, 313, 318, 322, 323, 329, 334, 339, 343, 344, 362, 365, 372, 390, 398, 399, 402, 404, 412, 414, 415, 416, 426, 427, 436, 450, 453, 460, 461, 466, 471, 480, 490, 494, 495, 504, 505, 507, 511, 512, 519, 533, 540, 542, 549, 560, 561, 564, 567, 580, 590, 594, 595, 144, 148, 154, 169, 225, 266, 273, 326, 338, 444, 477, 523, 558, 159, 182, 193, 210, 219, 253, 285, 293, 352, 366, 400, 407, 411, 464, 475, 483, 501, 513, 518, 521, 577, 587, 591, 102, 104, 105, 107, 108, 110, 112, 113, 115, 116, 119, 121, 122, 124, 126, 127, 128, 130, 131, 133, 134, 135, 137, 138, 139, 140, 142, 143, 145, 146, 149, 152, 155, 156, 157, 160, 161, 163, 164, 165, 166, 168, 171, 172, 174, 175, 176, 177, 178, 179, 180, 181, 183, 186, 187, 189, 190, 191, 192, 195, 199, 200, 207, 208, 209, 211, 213, 215, 216, 220, 222, 224, 227, 228, 231, 233, 236, 237, 239, 240, 244, 245, 247, 248, 249, 250, 251, 252, 254, 259, 265, 267, 268, 269, 270, 277, 278, 279, 280, 281, 282, 283, 284, 287, 288, 289, 290, 292, 295, 297, 298, 300, 301, 303, 304, 305, 306, 307, 308, 310, 311, 312, 314, 315, 316, 317, 319, 320, 321, 324, 325, 327, 328, 330, 331, 332, 333, 335, 336, 337, 340, 348, 349, 351, 354, 355, 357, 358, 359, 360, 361, 364, 367, 368, 370, 371, 373, 374, 375, 376, 377, 378, 379, 380, 381, 382, 383, 384, 385, 386, 387, 388, 391, 393, 394, 395, 397, 401, 403, 405, 406, 408, 409, 413, 417, 418, 420, 422, 423, 425, 428, 429, 430, 431, 432, 433, 434, 435, 438, 439, 440, 442, 443, 445, 446, 447, 448, 449, 451, 454, 455, 456, 457, 458, 459, 462, 463, 465, 467, 469, 470, 472, 473, 474, 481, 482, 484, 485, 486, 487, 491, 492, 493, 496, 497, 499, 500, 502, 503, 508, 509, 510, 514, 515, 520, 522, 526, 527, 530, 534, 535, 536, 537, 539, 541, 543, 544, 545, 547, 548, 550, 552, 553, 555, 556, 559, 562, 565, 569, 571, 572, 575, 578, 579, 581, 582, 584, 585, 586, 588, 589, 592, 593, 596, 597, 598, 599, 100, 109, 147, 202, 229, 241, 258, 260, 271, 272, 296, 342, 369, 421, 437, 441, 452, 476, 488, 517, 525, 531, 111, 117, 118, 120, 125, 129, 141, 150, 162, 184, 185, 198, 203, 206, 217, 221, 226, 246, 262, 264, 274, 291, 294, 299, 302, 309, 341, 345, 346, 347, 350, 353, 356, 363, 389, 392, 396, 410, 419, 424, 468, 478, 479, 489, 498, 506, 516, 524, 528, 529, 532, 538, 546, 551, 554, 557, 563, 566, 568, 570, 573, 574, 576, 583]}
FP rate  0.05936 FN rate  0.11
 Before reassigning cells 
 Timepoint  2
 Cluster  7  # of cells  31
 Cluster  8  # of cells  35
 Cluster  9  # of cells  2
 Cluster  5  # of cells  3
 Cluster  6  # of cells  29
 Timepoint  3
 Cluster  6  # of cells  500
 Cells absent at timepoint  2   set()
 Cells absent at timepoint  3   set()
 Timepoint  2
 Timepoint  3
 After reassigning and merging cells 
 Timepoint  2
 Cluster  7  # of cells  31
 Cluster  8  # of cells  35
 Cluster  9  # of cells  2
 Cluster  5  # of cells  3
 Cluster  6  # of cells  29
 Timepoint  3
 Cluster  6  # of cells  500
 Tp cluster cell dict  {'7_2': 31, '8_2': 35, '9_2': 2, '5_2': 3, '6_2': 29, '6_3': 500}
 New Graph is here 
 ID  0  Timepoint  1  Mutations  []  Type  subclone
 ID  1  Timepoint  2  Mutations  [0, 1, 2, 3, 4, 5, 6, 7, 8, 19]  Type  subclone
 ID  2  Timepoint  2  Mutations  [0, 1, 2, 3, 4, 5, 6, 7, 8, 20, 21, 22, 23, 24, 25]  Type  subclone
 ID  3  Timepoint  2  Mutations  [0, 1, 2, 3, 4, 5, 6, 7, 8, 20, 21, 22, 23, 24, 25, 26, 29, 30, 33, 39]  Type  subclone
 ID  4  Timepoint  2  Mutations  [0, 9, 10, 11, 12, 13, 14, 15, 16, 17, 18, 26, 27, 28, 29, 30, 33, 34]  Type  subclone
 ID  5  Timepoint  2  Mutations  [9, 10, 11, 12, 13, 14, 15, 16, 17, 18, 35, 36, 37, 38, 39]  Type  subclone
 ID  6  Timepoint  3  Mutations  [9, 10, 11, 12, 13, 14, 15, 16, 17, 18, 35, 36, 37, 38, 39]  Type  subclone
Timepoints  SortedDict({1: [0], 2: [1, 2, 3, 4, 5], 3: [6]})
 Clone to nodes  {'7_2': 1, '8_2': 2, '9_2': 3, '5_2': 4, '6_2': 5, '6_3': 6}
 Timepoint ====  1
 Hash table  {'0,1,2,3': [0], '0,1,2': [1, 2, 3, 4, 5, 6, 7, 8], '0': [19], '1,2': [20, 21, 22, 23, 24, 25], '2,3': [26, 29, 30, 33], '2,4': [39], '3,4': [9, 10, 11, 12, 13, 14, 15, 16, 17, 18], '3': [27, 28, 34], '4': [35, 36, 37, 38]}
 Final possible usc  [[0], [1, 2, 3, 4, 5, 6, 7, 8], [19], [20, 21, 22, 23, 24, 25], [26, 29, 30, 33], [39], [9, 10, 11, 12, 13, 14, 15, 16, 17, 18], [27, 28, 34], [35, 36, 37, 38]]
 Time  1  USC keys  {'9,10,11,12,13,14,15,16,17,18_0', '39_0', '27,28,34_0', '19_0', '1,2,3,4,5,6,7,8_0', '26,29,30,33_0', '20,21,22,23,24,25_0', '0_0', '35,36,37,38_0'}
 USC children  {'0_0': [1, 2, 3, 4], '1,2,3,4,5,6,7,8_0': [1, 2, 3], '19_0': [1], '20,21,22,23,24,25_0': [2, 3], '26,29,30,33_0': [3, 4], '39_0': [3, 5], '9,10,11,12,13,14,15,16,17,18_0': [4, 5], '27,28,34_0': [4], '35,36,37,38_0': [5]}
 USC children  {'0_0': [1, 2, 3, 4], '1,2,3,4,5,6,7,8_0': [1, 2, 3], '19_0': [1], '20,21,22,23,24,25_0': [2, 3], '26,29,30,33_0': [3, 4], '39_0': [3, 5], '9,10,11,12,13,14,15,16,17,18_0': [4, 5], '27,28,34_0': [4], '35,36,37,38_0': [5]}
 Timepoint ====  2
 Hash table  {}
====== Inside find superset of t nodes ==========
 Final possible usc  []
 Time  2  USC keys  set()
 USC children  {'0_0': [1, 2, 3, 4], '1,2,3,4,5,6,7,8_0': [1, 2, 3], '19_0': [1], '20,21,22,23,24,25_0': [2, 3], '26,29,30,33_0': [3, 4], '39_0': [3, 5], '9,10,11,12,13,14,15,16,17,18_0': [4, 5], '27,28,34_0': [4], '35,36,37,38_0': [5]}
 USC children  {'0_0': [1, 2, 3, 4], '1,2,3,4,5,6,7,8_0': [1, 2, 3], '19_0': [1], '20,21,22,23,24,25_0': [2, 3], '26,29,30,33_0': [3, 4], '39_0': [3, 5], '9,10,11,12,13,14,15,16,17,18_0': [4, 5], '27,28,34_0': [4], '35,36,37,38_0': [5]}
 Node s  {'1,2,3,4': ['0'], '3,5': ['39'], '4,5': ['9', '10', '11', '12', '13', '14', '15', '16', '17', '18']}
 Enroll USC nodes  ['1', '2', '3', '4']  len  4
 Enroll USC nodes  ['3', '5']  len  2
 Enroll USC nodes  ['4', '5']  len  2
 Node TP  SortedDict({1: [0], 2: [1, 2, 3, 4, 5], 3: [6]})
 Unobserved subclones at timepoints  {1.5: [7, 8, 9]}
 ============== Inside finding node v ============ 
 Time  2
 Time  3
 Sorted all timepoints  [1, 1.5, 2, 3]
 Timepoint  2
 Inside usc_node check  2
 Timepoint  3
0   1   [-1]   subclone   []   []
1   2   [7]   subclone   [0, 1, 2, 3, 4, 5, 6, 7, 8, 19]   [9]
2   2   [7]   subclone   [0, 1, 2, 3, 4, 5, 6, 7, 8, 20, 21, 22, 23, 24, 25]   [14]
3   2   [7]   subclone   [0, 1, 2, 3, 4, 5, 6, 7, 8, 20, 21, 22, 23, 24, 25, 26, 29, 30, 33, 39]   [19, 19]
4   2   [7]   subclone   [0, 9, 10, 11, 12, 13, 14, 15, 16, 17, 18, 26, 27, 28, 29, 30, 33, 34]   [17, 8]
5   2   [8]   subclone   [9, 10, 11, 12, 13, 14, 15, 16, 17, 18, 35, 36, 37, 38, 39]   [14, 5]
6   3   [5]   subclone   [9, 10, 11, 12, 13, 14, 15, 16, 17, 18, 35, 36, 37, 38, 39]   [0]
7   1.5   [0]   unobserved subclone   [0]   [1]
8   1.5   [0]   unobserved subclone   [39]   [1]
9   1.5   [0]   unobserved subclone   [9, 10, 11, 12, 13, 14, 15, 16, 17, 18]   [10]
11
 Total estimated FP  358  True negatives  11759
 Total estimated FN  1410  True positives  5673
 Estimated FP rate  0.05936
 Estimated FN rate  0.11
 No. of Cells in each cluster  {'7_2': 29, '8_2': 38, '9_2': 1, '5_2': 3, '10_2': 29, '10_3': 500}
 Cells in each cluster  {'7_2': [0, 1, 2, 3, 4, 5, 6, 8, 9, 10, 11, 12, 13, 14, 15, 16, 17, 18, 19, 20, 21, 22, 23, 24, 25, 26, 27, 28, 29], '8_2': [7, 30, 31, 32, 33, 34, 35, 36, 37, 38, 39, 40, 41, 42, 43, 44, 45, 46, 47, 48, 50, 51, 52, 53, 54, 55, 56, 57, 58, 59, 60, 61, 62, 63, 64, 65, 66, 67], '9_2': [49], '5_2': [68, 69, 70], '10_2': [71, 72, 75, 76, 77, 78, 79, 81, 82, 87, 91, 92, 94, 95, 96, 73, 74, 80, 83, 88, 89, 90, 97, 98, 85, 93, 86, 99, 84], '10_3': [101, 102, 103, 108, 111, 118, 119, 123, 125, 128, 129, 134, 136, 137, 141, 146, 149, 150, 151, 154, 157, 160, 162, 163, 164, 169, 170, 179, 181, 183, 184, 188, 192, 194, 195, 196, 198, 199, 201, 203, 205, 206, 208, 212, 215, 217, 221, 226, 230, 232, 236, 237, 238, 240, 242, 243, 244, 246, 247, 248, 249, 255, 256, 257, 261, 263, 264, 265, 268, 273, 274, 275, 276, 278, 281, 286, 290, 291, 294, 299, 300, 302, 303, 304, 306, 309, 310, 313, 321, 322, 323, 325, 326, 329, 334, 335, 339, 340, 341, 343, 345, 346, 347, 351, 353, 356, 362, 363, 368, 370, 372, 373, 376, 379, 380, 386, 389, 390, 392, 394, 395, 396, 398, 399, 408, 410, 412, 414, 417, 419, 425, 426, 428, 429, 430, 431, 434, 438, 439, 440, 443, 444, 445, 446, 450, 454, 460, 461, 462, 463, 466, 468, 469, 477, 478, 479, 480, 485, 489, 490, 493, 494, 498, 499, 504, 506, 507, 508, 510, 511, 512, 515, 516, 520, 522, 524, 526, 528, 529, 533, 536, 537, 538, 539, 540, 546, 548, 549, 550, 551, 553, 554, 555, 557, 559, 560, 563, 565, 566, 568, 569, 570, 572, 573, 576, 580, 581, 583, 584, 590, 592, 595, 596, 117, 148, 185, 225, 266, 350, 424, 558, 100, 109, 114, 132, 147, 173, 202, 204, 214, 218, 223, 229, 234, 235, 241, 258, 260, 271, 272, 296, 342, 344, 369, 402, 404, 415, 416, 421, 436, 437, 441, 452, 453, 471, 476, 482, 488, 495, 505, 517, 525, 531, 542, 564, 567, 594, 104, 105, 107, 110, 112, 113, 115, 116, 121, 122, 124, 126, 127, 130, 131, 133, 138, 139, 140, 142, 143, 145, 152, 153, 156, 165, 167, 168, 172, 174, 176, 177, 178, 180, 186, 187, 189, 190, 191, 197, 200, 211, 213, 216, 224, 227, 231, 233, 245, 250, 251, 252, 259, 262, 267, 269, 277, 280, 282, 283, 284, 287, 289, 292, 295, 298, 305, 307, 308, 314, 315, 318, 319, 320, 324, 327, 328, 330, 331, 333, 336, 337, 349, 354, 355, 357, 359, 360, 361, 364, 365, 367, 371, 374, 375, 378, 384, 385, 387, 388, 391, 397, 401, 403, 405, 406, 409, 413, 418, 420, 422, 423, 427, 432, 442, 447, 451, 455, 456, 458, 467, 470, 472, 473, 474, 481, 484, 486, 487, 491, 496, 497, 500, 502, 509, 530, 534, 535, 541, 543, 544, 545, 552, 556, 561, 571, 575, 578, 579, 582, 585, 586, 588, 589, 593, 597, 598, 599, 106, 161, 166, 171, 175, 209, 220, 222, 228, 254, 270, 279, 301, 312, 316, 317, 332, 381, 382, 383, 433, 435, 448, 449, 459, 503, 519, 562, 158, 159, 182, 193, 210, 219, 253, 285, 293, 311, 352, 366, 400, 407, 411, 464, 475, 483, 501, 513, 518, 521, 523, 532, 574, 577, 587, 591, 120, 135, 144, 155, 207, 239, 288, 297, 338, 348, 358, 377, 393, 457, 465, 492, 514, 527, 547]}
FP rate  0.05936 FN rate  0.11
 Before reassigning cells 
 Timepoint  2
 Cluster  7  # of cells  31
 Cluster  8  # of cells  36
 Cluster  9  # of cells  1
 Cluster  5  # of cells  3
 Cluster  10  # of cells  29
 Timepoint  3
 Cluster  10  # of cells  500
 Cells absent at timepoint  2   set()
 Cells absent at timepoint  3   set()
 Timepoint  2
 Timepoint  3
 After reassigning and merging cells 
 Timepoint  2
 Cluster  7  # of cells  31
 Cluster  8  # of cells  36
 Cluster  9  # of cells  1
 Cluster  5  # of cells  3
 Cluster  10  # of cells  29
 Timepoint  3
 Cluster  10  # of cells  500
 Tp cluster cell dict  {'7_2': 31, '8_2': 36, '9_2': 1, '5_2': 3, '10_2': 29, '10_3': 500}
 New Graph is here 
 ID  0  Timepoint  1  Mutations  []  Type  subclone
 ID  1  Timepoint  2  Mutations  [0, 1, 2, 3, 4, 5, 6, 7, 8, 19]  Type  subclone
 ID  2  Timepoint  2  Mutations  [0, 1, 2, 3, 4, 5, 6, 7, 8, 20, 21, 22, 23, 24, 25]  Type  subclone
 ID  3  Timepoint  2  Mutations  [1, 3, 4, 5, 8, 22, 23, 24, 26, 29, 30, 35, 39]  Type  subclone
 ID  4  Timepoint  2  Mutations  [0, 9, 10, 11, 12, 13, 14, 15, 16, 17, 18, 26, 27, 28, 29, 30, 33, 34]  Type  subclone
 ID  5  Timepoint  2  Mutations  [9, 10, 11, 12, 13, 14, 15, 16, 17, 18, 35, 36, 37, 38, 39]  Type  subclone
 ID  6  Timepoint  3  Mutations  [9, 10, 11, 12, 13, 14, 15, 16, 17, 18, 35, 36, 37, 38, 39]  Type  subclone
Timepoints  SortedDict({1: [0], 2: [1, 2, 3, 4, 5], 3: [6]})
 Clone to nodes  {'7_2': 1, '8_2': 2, '9_2': 3, '5_2': 4, '10_2': 5, '10_3': 6}
 Timepoint ====  1
 Hash table  {'0,1,3': [0], '0,1,2': [1, 3, 4, 5, 8], '0,1': [2, 6, 7], '0': [19], '1': [20, 21, 25], '1,2': [22, 23, 24], '2,3': [26, 29, 30], '2,4': [35, 39], '3,4': [9, 10, 11, 12, 13, 14, 15, 16, 17, 18], '3': [27, 28, 33, 34], '4': [36, 37, 38]}
 Final possible usc  [[0], [1, 3, 4, 5, 8], [2, 6, 7], [19], [20, 21, 25], [22, 23, 24], [26, 29, 30], [35, 39], [9, 10, 11, 12, 13, 14, 15, 16, 17, 18], [27, 28, 33, 34], [36, 37, 38]]
 Time  1  USC keys  {'9,10,11,12,13,14,15,16,17,18_0', '36,37,38_0', '27,28,33,34_0', '1,3,4,5,8_0', '0_0', '19_0', '2,6,7_0', '22,23,24_0', '35,39_0', '26,29,30_0', '20,21,25_0'}
 USC children  {'0_0': [1, 2, 4], '1,3,4,5,8_0': [1, 2, 3], '2,6,7_0': [1, 2], '19_0': [1], '20,21,25_0': [2], '22,23,24_0': [2, 3], '26,29,30_0': [3, 4], '35,39_0': [3, 5], '9,10,11,12,13,14,15,16,17,18_0': [4, 5], '27,28,33,34_0': [4], '36,37,38_0': [5]}
 USC children  {'0_0': [1, 2, 4], '1,3,4,5,8_0': [1, 2, 3], '2,6,7_0': [1, 2], '19_0': [1], '20,21,25_0': [2], '22,23,24_0': [2, 3], '26,29,30_0': [3, 4], '35,39_0': [3, 5], '9,10,11,12,13,14,15,16,17,18_0': [4, 5], '27,28,33,34_0': [4], '36,37,38_0': [5]}
 Timepoint ====  2
 Hash table  {}
====== Inside find superset of t nodes ==========
 Final possible usc  []
 Time  2  USC keys  set()
 USC children  {'0_0': [1, 2, 4], '1,3,4,5,8_0': [1, 2, 3], '2,6,7_0': [1, 2], '19_0': [1], '20,21,25_0': [2], '22,23,24_0': [2, 3], '26,29,30_0': [3, 4], '35,39_0': [3, 5], '9,10,11,12,13,14,15,16,17,18_0': [4, 5], '27,28,33,34_0': [4], '36,37,38_0': [5]}
 USC children  {'0_0': [1, 2, 4], '1,3,4,5,8_0': [1, 2, 3], '2,6,7_0': [1, 2], '19_0': [1], '20,21,25_0': [2], '22,23,24_0': [2, 3], '26,29,30_0': [3, 4], '35,39_0': [3, 5], '9,10,11,12,13,14,15,16,17,18_0': [4, 5], '27,28,33,34_0': [4], '36,37,38_0': [5]}
 Node s  {'1,2,4': ['0'], '1,2,3': ['1', '3', '4', '5', '8'], '3,4': ['26', '29', '30'], '3,5': ['35', '39'], '4,5': ['9', '10', '11', '12', '13', '14', '15', '16', '17', '18']}
 Enroll USC nodes  ['1', '2', '4']  len  3
 Enroll USC nodes  ['1', '2', '3']  len  3
 Enroll USC nodes  ['3', '4']  len  2
 Enroll USC nodes  ['3', '5']  len  2
 Enroll USC nodes  ['4', '5']  len  2
 Node TP  SortedDict({1: [0], 2: [1, 2, 3, 4, 5], 3: [6]})
 Unobserved subclones at timepoints  {1.5: [7, 8, 9, 10, 11]}
 ============== Inside finding node v ============ 
 Time  2
 Time  3
 Sorted all timepoints  [1, 1.5, 2, 3]
 Timepoint  2
 Inside usc_node check  2
 Timepoint  3
0   1   [-1]   subclone   []   []
1   2   [7]   subclone   [0, 1, 2, 3, 4, 5, 6, 7, 8, 19]   [9, 5]
2   2   [7]   subclone   [0, 1, 2, 3, 4, 5, 6, 7, 8, 20, 21, 22, 23, 24, 25]   [14, 10]
3   2   [8]   subclone   [1, 3, 4, 5, 8, 22, 23, 24, 26, 29, 30, 35, 39]   [8, 10, 11]
4   2   [7]   subclone   [0, 9, 10, 11, 12, 13, 14, 15, 16, 17, 18, 26, 27, 28, 29, 30, 33, 34]   [17, 15, 8]
5   2   [10]   subclone   [9, 10, 11, 12, 13, 14, 15, 16, 17, 18, 35, 36, 37, 38, 39]   [13, 5]
6   3   [5]   subclone   [9, 10, 11, 12, 13, 14, 15, 16, 17, 18, 35, 36, 37, 38, 39]   [0]
7   1.5   [0]   unobserved subclone   [0]   [1]
8   1.5   [0]   unobserved subclone   [1, 3, 4, 5, 8]   [5]
9   1.5   [0]   unobserved subclone   [26, 29, 30]   [3]
10   1.5   [0]   unobserved subclone   [35, 39]   [2]
11   1.5   [0]   unobserved subclone   [9, 10, 11, 12, 13, 14, 15, 16, 17, 18]   [10]
7
 Total estimated FP  358  True negatives  11759
 Total estimated FN  1410  True positives  5673
 Estimated FP rate  0.05936
 Estimated FN rate  0.11
 No. of Cells in each cluster  {'3_2': 29, '1_2': 38, '4_2': 1, '5_2': 3, '2_3': 500, '2_2': 29}
 Cells in each cluster  {'3_2': [0, 1, 2, 3, 4, 5, 6, 8, 9, 10, 11, 12, 13, 14, 15, 16, 17, 18, 19, 20, 21, 22, 23, 24, 25, 26, 27, 28, 29], '1_2': [7, 30, 31, 32, 33, 34, 35, 36, 37, 38, 39, 40, 41, 42, 43, 44, 45, 46, 47, 48, 50, 51, 52, 53, 54, 55, 56, 57, 58, 59, 60, 61, 62, 63, 64, 65, 66, 67], '4_2': [49], '5_2': [68, 69, 70], '2_3': [117, 144, 225, 266, 338, 350, 424, 558, 100, 101, 102, 103, 104, 105, 106, 107, 108, 109, 110, 111, 112, 113, 115, 116, 118, 119, 120, 121, 122, 123, 124, 125, 126, 127, 128, 129, 130, 131, 133, 134, 135, 136, 137, 138, 139, 140, 141, 142, 143, 145, 146, 147, 148, 149, 150, 151, 152, 153, 154, 155, 156, 157, 158, 159, 160, 161, 162, 163, 164, 165, 166, 167, 168, 169, 170, 171, 172, 174, 175, 176, 177, 178, 179, 180, 181, 182, 183, 184, 185, 186, 187, 188, 189, 190, 191, 192, 193, 194, 195, 196, 197, 198, 199, 200, 201, 202, 203, 205, 206, 207, 208, 209, 210, 211, 212, 213, 215, 216, 217, 220, 221, 222, 224, 226, 227, 228, 229, 230, 231, 232, 233, 236, 237, 238, 239, 240, 241, 242, 243, 244, 245, 246, 247, 248, 249, 250, 251, 252, 253, 254, 255, 256, 257, 258, 259, 260, 261, 262, 263, 264, 265, 267, 268, 269, 270, 271, 272, 273, 274, 275, 276, 277, 278, 279, 280, 281, 282, 283, 284, 285, 286, 287, 288, 289, 290, 291, 292, 293, 294, 295, 296, 297, 298, 299, 300, 301, 302, 303, 304, 305, 306, 307, 308, 309, 310, 311, 312, 313, 314, 315, 317, 318, 319, 320, 321, 322, 323, 324, 325, 326, 327, 328, 329, 330, 331, 332, 333, 334, 335, 336, 337, 339, 340, 341, 342, 343, 345, 346, 347, 348, 349, 351, 352, 353, 354, 355, 356, 357, 358, 359, 360, 361, 362, 363, 364, 365, 366, 367, 368, 369, 370, 371, 372, 373, 374, 375, 376, 377, 378, 379, 380, 381, 382, 383, 384, 385, 386, 387, 388, 389, 390, 391, 392, 393, 394, 395, 396, 397, 398, 399, 400, 401, 403, 405, 406, 407, 408, 409, 410, 411, 412, 413, 414, 417, 418, 419, 420, 421, 422, 423, 425, 426, 427, 428, 429, 430, 431, 432, 433, 434, 435, 437, 438, 439, 440, 441, 442, 443, 444, 445, 446, 447, 448, 449, 450, 451, 452, 454, 455, 456, 457, 458, 459, 460, 461, 462, 463, 464, 465, 466, 467, 468, 469, 470, 472, 473, 474, 475, 476, 477, 478, 479, 480, 481, 483, 484, 485, 486, 487, 488, 489, 490, 491, 492, 493, 494, 496, 497, 498, 499, 500, 501, 502, 503, 504, 506, 507, 508, 509, 510, 511, 513, 514, 515, 516, 517, 518, 519, 520, 521, 522, 523, 524, 525, 526, 527, 528, 529, 530, 531, 532, 533, 534, 535, 536, 537, 538, 539, 540, 541, 543, 544, 545, 546, 547, 548, 549, 550, 551, 552, 553, 554, 555, 556, 557, 559, 560, 561, 562, 563, 565, 566, 568, 569, 570, 571, 572, 573, 574, 575, 576, 577, 578, 579, 580, 581, 582, 583, 584, 585, 586, 587, 588, 589, 590, 591, 592, 593, 595, 596, 597, 598, 599, 114, 132, 173, 204, 214, 218, 219, 223, 234, 235, 316, 344, 402, 404, 415, 416, 436, 453, 471, 482, 495, 505, 512, 542, 564, 567, 594], '2_2': [71, 72, 73, 74, 75, 76, 77, 78, 79, 80, 81, 82, 83, 84, 85, 86, 87, 88, 89, 90, 91, 92, 93, 94, 95, 96, 97, 98, 99]}
FP rate  0.05936 FN rate  0.11
 Before reassigning cells 
 Timepoint  2
 Cluster  3  # of cells  31
 Cluster  1  # of cells  36
 Cluster  4  # of cells  1
 Cluster  5  # of cells  3
 Cluster  2  # of cells  29
 Timepoint  3
 Cluster  2  # of cells  500
 Cells absent at timepoint  2   set()
 Cells absent at timepoint  3   set()
 Timepoint  2
 Timepoint  3
 After reassigning and merging cells 
 Timepoint  2
 Cluster  3  # of cells  31
 Cluster  1  # of cells  36
 Cluster  4  # of cells  1
 Cluster  5  # of cells  3
 Cluster  2  # of cells  29
 Timepoint  3
 Cluster  2  # of cells  500
 Tp cluster cell dict  {'3_2': 31, '1_2': 36, '4_2': 1, '5_2': 3, '2_2': 29, '2_3': 500}
 New Graph is here 
 ID  0  Timepoint  1  Mutations  []  Type  subclone
 ID  1  Timepoint  2  Mutations  [0, 1, 2, 3, 4, 5, 6, 7, 8, 19]  Type  subclone
 ID  2  Timepoint  2  Mutations  [0, 1, 2, 3, 4, 5, 6, 7, 8, 20, 21, 22, 23, 24, 25]  Type  subclone
 ID  3  Timepoint  2  Mutations  [1, 3, 5, 8, 22, 23, 24, 26, 29, 30, 32, 39]  Type  subclone
 ID  4  Timepoint  2  Mutations  [0, 9, 10, 11, 12, 13, 14, 15, 16, 17, 18, 26, 27, 28, 29, 30, 33, 34]  Type  subclone
 ID  5  Timepoint  2  Mutations  [9, 10, 11, 12, 13, 14, 15, 16, 17, 18, 35, 36, 37, 38, 39]  Type  subclone
 ID  6  Timepoint  3  Mutations  [9, 10, 11, 12, 13, 14, 15, 16, 17, 18, 35, 36, 37, 38, 39]  Type  subclone
Timepoints  SortedDict({1: [0], 2: [1, 2, 3, 4, 5], 3: [6]})
 Clone to nodes  {'3_2': 1, '1_2': 2, '4_2': 3, '5_2': 4, '2_2': 5, '2_3': 6}
 Timepoint ====  1
 Hash table  {'0,1,3': [0], '0,1,2': [1, 3, 5, 8], '0,1': [2, 4, 6, 7], '0': [19], '1': [20, 21, 25], '1,2': [22, 23, 24], '2,3': [26, 29, 30], '2': [32], '2,4': [39], '3,4': [9, 10, 11, 12, 13, 14, 15, 16, 17, 18], '3': [27, 28, 33, 34], '4': [35, 36, 37, 38]}
 Final possible usc  [[0], [1, 3, 5, 8], [2, 4, 6, 7], [19], [20, 21, 25], [22, 23, 24], [26, 29, 30], [32], [39], [9, 10, 11, 12, 13, 14, 15, 16, 17, 18], [27, 28, 33, 34], [35, 36, 37, 38]]
 Time  1  USC keys  {'0_0', '35,36,37,38_0', '20,21,25_0', '26,29,30_0', '2,4,6,7_0', '32_0', '19_0', '27,28,33,34_0', '1,3,5,8_0', '39_0', '9,10,11,12,13,14,15,16,17,18_0', '22,23,24_0'}
 USC children  {'0_0': [1, 2, 4], '1,3,5,8_0': [1, 2, 3], '2,4,6,7_0': [1, 2], '19_0': [1], '20,21,25_0': [2], '22,23,24_0': [2, 3], '26,29,30_0': [3, 4], '32_0': [3], '39_0': [3, 5], '9,10,11,12,13,14,15,16,17,18_0': [4, 5], '27,28,33,34_0': [4], '35,36,37,38_0': [5]}
 USC children  {'0_0': [1, 2, 4], '1,3,5,8_0': [1, 2, 3], '2,4,6,7_0': [1, 2], '19_0': [1], '20,21,25_0': [2], '22,23,24_0': [2, 3], '26,29,30_0': [3, 4], '32_0': [3], '39_0': [3, 5], '9,10,11,12,13,14,15,16,17,18_0': [4, 5], '27,28,33,34_0': [4], '35,36,37,38_0': [5]}
 Timepoint ====  2
 Hash table  {}
====== Inside find superset of t nodes ==========
 Final possible usc  []
 Time  2  USC keys  set()
 USC children  {'0_0': [1, 2, 4], '1,3,5,8_0': [1, 2, 3], '2,4,6,7_0': [1, 2], '19_0': [1], '20,21,25_0': [2], '22,23,24_0': [2, 3], '26,29,30_0': [3, 4], '32_0': [3], '39_0': [3, 5], '9,10,11,12,13,14,15,16,17,18_0': [4, 5], '27,28,33,34_0': [4], '35,36,37,38_0': [5]}
 USC children  {'0_0': [1, 2, 4], '1,3,5,8_0': [1, 2, 3], '2,4,6,7_0': [1, 2], '19_0': [1], '20,21,25_0': [2], '22,23,24_0': [2, 3], '26,29,30_0': [3, 4], '32_0': [3], '39_0': [3, 5], '9,10,11,12,13,14,15,16,17,18_0': [4, 5], '27,28,33,34_0': [4], '35,36,37,38_0': [5]}
 Node s  {'1,2,4': ['0'], '1,2,3': ['1', '3', '5', '8'], '3,4': ['26', '29', '30'], '3,5': ['39'], '4,5': ['9', '10', '11', '12', '13', '14', '15', '16', '17', '18']}
 Enroll USC nodes  ['1', '2', '4']  len  3
 Enroll USC nodes  ['1', '2', '3']  len  3
 Enroll USC nodes  ['3', '4']  len  2
 Enroll USC nodes  ['3', '5']  len  2
 Enroll USC nodes  ['4', '5']  len  2
 Node TP  SortedDict({1: [0], 2: [1, 2, 3, 4, 5], 3: [6]})
 Unobserved subclones at timepoints  {1.5: [7, 8, 9, 10, 11]}
 ============== Inside finding node v ============ 
 Time  2
 Time  3
 Sorted all timepoints  [1, 1.5, 2, 3]
 Timepoint  2
 Inside usc_node check  2
 Timepoint  3
0   1   [-1]   subclone   []   []
1   2   [7]   subclone   [0, 1, 2, 3, 4, 5, 6, 7, 8, 19]   [9, 6]
2   2   [7]   subclone   [0, 1, 2, 3, 4, 5, 6, 7, 8, 20, 21, 22, 23, 24, 25]   [14, 11]
3   2   [8]   subclone   [1, 3, 5, 8, 22, 23, 24, 26, 29, 30, 32, 39]   [8, 9, 11]
4   2   [7]   subclone   [0, 9, 10, 11, 12, 13, 14, 15, 16, 17, 18, 26, 27, 28, 29, 30, 33, 34]   [17, 15, 8]
5   2   [10]   subclone   [9, 10, 11, 12, 13, 14, 15, 16, 17, 18, 35, 36, 37, 38, 39]   [14, 5]
6   3   [5]   subclone   [9, 10, 11, 12, 13, 14, 15, 16, 17, 18, 35, 36, 37, 38, 39]   [0]
7   1.5   [0]   unobserved subclone   [0]   [1]
8   1.5   [0]   unobserved subclone   [1, 3, 5, 8]   [4]
9   1.5   [0]   unobserved subclone   [26, 29, 30]   [3]
10   1.5   [0]   unobserved subclone   [39]   [1]
11   1.5   [0]   unobserved subclone   [9, 10, 11, 12, 13, 14, 15, 16, 17, 18]   [10]
7
 Total estimated FP  358  True negatives  11759
 Total estimated FN  1410  True positives  5673
 Estimated FP rate  0.05936
 Estimated FN rate  0.11
 No. of Cells in each cluster  {'3_2': 29, '1_2': 38, '4_2': 1, '5_2': 3, '2_2': 29, '2_3': 500}
 Cells in each cluster  {'3_2': [0, 1, 2, 3, 4, 5, 6, 8, 9, 10, 11, 12, 13, 14, 15, 16, 17, 18, 19, 20, 21, 22, 23, 24, 25, 26, 27, 28, 29], '1_2': [7, 30, 31, 32, 33, 34, 35, 36, 37, 38, 39, 40, 41, 42, 43, 44, 45, 46, 47, 48, 50, 51, 52, 53, 54, 55, 56, 57, 58, 59, 60, 61, 62, 63, 64, 65, 66, 67], '4_2': [49], '5_2': [68, 69, 70], '2_2': [71, 72, 73, 74, 75, 76, 78, 80, 83, 86, 87, 88, 89, 90, 91, 92, 93, 94, 95, 97, 98, 77, 81, 82, 85, 96, 79, 84, 99], '2_3': [102, 104, 105, 107, 108, 110, 111, 112, 113, 115, 116, 118, 119, 121, 122, 124, 125, 126, 127, 128, 129, 130, 133, 134, 136, 137, 138, 139, 140, 141, 142, 143, 145, 146, 148, 149, 150, 152, 153, 154, 156, 157, 159, 160, 162, 163, 164, 165, 168, 169, 171, 172, 174, 176, 177, 178, 179, 180, 181, 182, 183, 184, 186, 187, 189, 190, 192, 193, 195, 197, 198, 199, 200, 201, 203, 205, 206, 207, 208, 210, 211, 213, 215, 216, 220, 221, 222, 224, 226, 227, 231, 232, 233, 236, 237, 239, 240, 243, 244, 245, 246, 247, 248, 249, 250, 251, 252, 257, 259, 261, 262, 263, 264, 265, 267, 268, 269, 273, 274, 275, 276, 277, 278, 280, 281, 282, 283, 284, 287, 289, 290, 291, 292, 293, 295, 297, 298, 300, 302, 303, 304, 305, 306, 307, 308, 309, 310, 311, 313, 314, 315, 316, 318, 319, 320, 321, 323, 324, 325, 326, 327, 328, 330, 331, 333, 334, 335, 336, 337, 339, 340, 341, 345, 347, 348, 349, 351, 353, 354, 355, 357, 359, 360, 361, 362, 363, 364, 365, 367, 368, 370, 371, 372, 373, 374, 375, 376, 377, 378, 379, 380, 381, 384, 385, 386, 387, 388, 389, 391, 392, 394, 395, 396, 397, 398, 399, 400, 401, 403, 405, 406, 407, 408, 409, 410, 413, 414, 417, 418, 419, 420, 422, 423, 425, 427, 428, 429, 430, 431, 432, 434, 438, 439, 440, 442, 443, 444, 445, 446, 447, 449, 450, 451, 454, 455, 456, 457, 458, 459, 462, 463, 465, 467, 469, 470, 472, 473, 474, 477, 478, 480, 481, 483, 484, 485, 486, 487, 489, 490, 491, 492, 493, 496, 497, 498, 499, 500, 502, 508, 509, 510, 513, 515, 516, 518, 520, 522, 524, 526, 527, 528, 529, 530, 534, 535, 536, 537, 538, 539, 541, 543, 544, 545, 546, 548, 549, 550, 551, 552, 553, 554, 555, 556, 557, 559, 563, 565, 566, 568, 569, 570, 571, 572, 575, 578, 579, 582, 583, 584, 585, 586, 588, 589, 590, 591, 592, 593, 596, 597, 598, 599, 100, 101, 103, 106, 109, 114, 123, 131, 132, 147, 151, 158, 161, 166, 167, 170, 173, 175, 188, 194, 196, 202, 204, 209, 212, 214, 218, 219, 223, 228, 229, 230, 234, 235, 238, 241, 242, 254, 255, 256, 258, 260, 270, 271, 272, 279, 286, 296, 301, 312, 317, 322, 329, 332, 342, 343, 344, 369, 382, 383, 390, 402, 404, 412, 415, 416, 421, 426, 433, 435, 436, 437, 441, 448, 452, 453, 460, 461, 466, 471, 475, 476, 482, 488, 494, 495, 503, 504, 505, 507, 511, 512, 517, 519, 525, 531, 533, 540, 542, 560, 561, 562, 564, 567, 580, 581, 594, 595, 117, 120, 135, 144, 155, 185, 191, 217, 225, 253, 266, 285, 288, 294, 299, 338, 346, 350, 352, 356, 358, 366, 393, 411, 424, 464, 468, 479, 501, 506, 514, 521, 523, 532, 547, 558, 573, 574, 576, 577, 587]}
FP rate  0.05936 FN rate  0.11
 Before reassigning cells 
 Timepoint  2
 Cluster  3  # of cells  31
 Cluster  1  # of cells  36
 Cluster  4  # of cells  1
 Cluster  5  # of cells  3
 Cluster  2  # of cells  29
 Timepoint  3
 Cluster  2  # of cells  500
 Cells absent at timepoint  2   set()
 Cells absent at timepoint  3   set()
 Timepoint  2
 Timepoint  3
 After reassigning and merging cells 
 Timepoint  2
 Cluster  3  # of cells  31
 Cluster  1  # of cells  36
 Cluster  4  # of cells  1
 Cluster  5  # of cells  3
 Cluster  2  # of cells  29
 Timepoint  3
 Cluster  2  # of cells  500
 Tp cluster cell dict  {'3_2': 31, '1_2': 36, '4_2': 1, '5_2': 3, '2_2': 29, '2_3': 500}
 New Graph is here 
 ID  0  Timepoint  1  Mutations  []  Type  subclone
 ID  1  Timepoint  2  Mutations  [0, 1, 2, 3, 4, 5, 6, 7, 8, 19]  Type  subclone
 ID  2  Timepoint  2  Mutations  [0, 1, 2, 3, 4, 5, 6, 7, 8, 20, 21, 22, 23, 24, 25]  Type  subclone
 ID  3  Timepoint  2  Mutations  [1, 3, 5, 8, 22, 23, 24, 26, 29, 30, 32, 33, 39]  Type  subclone
 ID  4  Timepoint  2  Mutations  [0, 9, 10, 11, 12, 13, 14, 15, 16, 17, 18, 26, 27, 28, 29, 30, 33, 34]  Type  subclone
 ID  5  Timepoint  2  Mutations  [9, 10, 11, 12, 13, 14, 15, 16, 17, 18, 35, 36, 37, 38, 39]  Type  subclone
 ID  6  Timepoint  3  Mutations  [9, 10, 11, 12, 13, 14, 15, 16, 17, 18, 35, 36, 37, 38, 39]  Type  subclone
Timepoints  SortedDict({1: [0], 2: [1, 2, 3, 4, 5], 3: [6]})
 Clone to nodes  {'3_2': 1, '1_2': 2, '4_2': 3, '5_2': 4, '2_2': 5, '2_3': 6}
 Timepoint ====  1
 Hash table  {'0,1,3': [0], '0,1,2': [1, 3, 5, 8], '0,1': [2, 4, 6, 7], '0': [19], '1': [20, 21, 25], '1,2': [22, 23, 24], '2,3': [26, 29, 30, 33], '2': [32], '2,4': [39], '3,4': [9, 10, 11, 12, 13, 14, 15, 16, 17, 18], '3': [27, 28, 34], '4': [35, 36, 37, 38]}
 Final possible usc  [[0], [1, 3, 5, 8], [2, 4, 6, 7], [19], [20, 21, 25], [22, 23, 24], [26, 29, 30, 33], [32], [39], [9, 10, 11, 12, 13, 14, 15, 16, 17, 18], [27, 28, 34], [35, 36, 37, 38]]
 Time  1  USC keys  {'9,10,11,12,13,14,15,16,17,18_0', '32_0', '20,21,25_0', '27,28,34_0', '22,23,24_0', '39_0', '19_0', '2,4,6,7_0', '1,3,5,8_0', '35,36,37,38_0', '0_0', '26,29,30,33_0'}
 USC children  {'0_0': [1, 2, 4], '1,3,5,8_0': [1, 2, 3], '2,4,6,7_0': [1, 2], '19_0': [1], '20,21,25_0': [2], '22,23,24_0': [2, 3], '26,29,30,33_0': [3, 4], '32_0': [3], '39_0': [3, 5], '9,10,11,12,13,14,15,16,17,18_0': [4, 5], '27,28,34_0': [4], '35,36,37,38_0': [5]}
 USC children  {'0_0': [1, 2, 4], '1,3,5,8_0': [1, 2, 3], '2,4,6,7_0': [1, 2], '19_0': [1], '20,21,25_0': [2], '22,23,24_0': [2, 3], '26,29,30,33_0': [3, 4], '32_0': [3], '39_0': [3, 5], '9,10,11,12,13,14,15,16,17,18_0': [4, 5], '27,28,34_0': [4], '35,36,37,38_0': [5]}
 Timepoint ====  2
 Hash table  {}
====== Inside find superset of t nodes ==========
 Final possible usc  []
 Time  2  USC keys  set()
 USC children  {'0_0': [1, 2, 4], '1,3,5,8_0': [1, 2, 3], '2,4,6,7_0': [1, 2], '19_0': [1], '20,21,25_0': [2], '22,23,24_0': [2, 3], '26,29,30,33_0': [3, 4], '32_0': [3], '39_0': [3, 5], '9,10,11,12,13,14,15,16,17,18_0': [4, 5], '27,28,34_0': [4], '35,36,37,38_0': [5]}
 USC children  {'0_0': [1, 2, 4], '1,3,5,8_0': [1, 2, 3], '2,4,6,7_0': [1, 2], '19_0': [1], '20,21,25_0': [2], '22,23,24_0': [2, 3], '26,29,30,33_0': [3, 4], '32_0': [3], '39_0': [3, 5], '9,10,11,12,13,14,15,16,17,18_0': [4, 5], '27,28,34_0': [4], '35,36,37,38_0': [5]}
 Node s  {'1,2,4': ['0'], '1,2,3': ['1', '3', '5', '8'], '3,4': ['26', '29', '30', '33'], '3,5': ['39'], '4,5': ['9', '10', '11', '12', '13', '14', '15', '16', '17', '18']}
 Enroll USC nodes  ['1', '2', '4']  len  3
 Enroll USC nodes  ['1', '2', '3']  len  3
 Enroll USC nodes  ['3', '4']  len  2
 Enroll USC nodes  ['3', '5']  len  2
 Enroll USC nodes  ['4', '5']  len  2
 Node TP  SortedDict({1: [0], 2: [1, 2, 3, 4, 5], 3: [6]})
 Unobserved subclones at timepoints  {1.5: [7, 8, 9, 10, 11]}
 ============== Inside finding node v ============ 
 Time  2
 Time  3
 Sorted all timepoints  [1, 1.5, 2, 3]
 Timepoint  2
 Inside usc_node check  2
 Timepoint  3
0   1   [-1]   subclone   []   []
1   2   [7]   subclone   [0, 1, 2, 3, 4, 5, 6, 7, 8, 19]   [9, 6]
2   2   [7]   subclone   [0, 1, 2, 3, 4, 5, 6, 7, 8, 20, 21, 22, 23, 24, 25]   [14, 11]
3   2   [8]   subclone   [1, 3, 5, 8, 22, 23, 24, 26, 29, 30, 32, 33, 39]   [9, 9, 12]
4   2   [7]   subclone   [0, 9, 10, 11, 12, 13, 14, 15, 16, 17, 18, 26, 27, 28, 29, 30, 33, 34]   [17, 14, 8]
5   2   [10]   subclone   [9, 10, 11, 12, 13, 14, 15, 16, 17, 18, 35, 36, 37, 38, 39]   [14, 5]
6   3   [5]   subclone   [9, 10, 11, 12, 13, 14, 15, 16, 17, 18, 35, 36, 37, 38, 39]   [0]
7   1.5   [0]   unobserved subclone   [0]   [1]
8   1.5   [0]   unobserved subclone   [1, 3, 5, 8]   [4]
9   1.5   [0]   unobserved subclone   [26, 29, 30, 33]   [4]
10   1.5   [0]   unobserved subclone   [39]   [1]
11   1.5   [0]   unobserved subclone   [9, 10, 11, 12, 13, 14, 15, 16, 17, 18]   [10]
 List of tree files  ['all_trees/ap03_rep1_m1_tree.csv', 'all_trees/ap03_rep1_m2_tree.csv', 'all_trees/ap03_rep1_m3_tree.csv', 'all_trees/ap03_rep1_m4_tree.csv', 'all_trees/ap03_rep1_m5_tree.csv']
{'1': ['0', '1', '2', '3', '4', '5', '6', '7', '8', '19'], '2': ['0', '1', '2', '3', '4', '5', '6', '7', '8', '20', '21', '22', '23', '24', '25'], '3': ['1', '3', '5', '8', '22', '23', '24', '26', '29', '30', '31', '33', '35', '39'], '4': ['0', '9', '10', '11', '12', '13', '14', '15', '16', '17', '18', '26', '27', '28', '29', '30', '33', '34'], '5': ['9', '10', '11', '12', '13', '14', '15', '16', '17', '18', '35', '36', '37', '38', '39'], '6': ['9', '10', '11', '12', '13', '14', '15', '16', '17', '18', '35', '36', '37', '38', '39'], '7': ['0'], '8': ['1', '3', '5', '8'], '9': ['26', '29', '30', '33'], '10': ['35', '39'], '11': ['9', '10', '11', '12', '13', '14', '15', '16', '17', '18']}
 Actual mutation of  1   ['5', '2', '4', '19', '7', '8', '1', '6', '3']
 Actual mutation of  2   ['22', '5', '23', '2', '4', '25', '20', '21', '7', '8', '1', '24', '6', '3']
 Actual mutation of  3   ['33', '26', '22', '30', '35', '23', '31', '29', '24', '39']
 Actual mutation of  4   ['16', '17', '34', '9', '11', '12', '27', '28', '29', '15', '33', '26', '30', '13', '18', '14', '10']
 Actual mutation of  5   ['16', '17', '15', '13', '9', '14', '18', '11', '38', '37', '12', '36', '10']
 Actual mutation of  6   []
 Updated node mutation  {'1': ['5', '2', '4', '19', '7', '8', '1', '6', '3'], '2': ['22', '5', '23', '2', '4', '25', '20', '21', '7', '8', '1', '24', '6', '3'], '3': ['33', '26', '22', '30', '35', '23', '31', '29', '24', '39'], '4': ['16', '17', '34', '9', '11', '12', '27', '28', '29', '15', '33', '26', '30', '13', '18', '14', '10'], '5': ['16', '17', '15', '13', '9', '14', '18', '11', '38', '37', '12', '36', '10'], '6': [], '7': ['0'], '8': ['1', '3', '5', '8'], '9': ['26', '29', '30', '33'], '10': ['35', '39'], '11': ['9', '10', '11', '12', '13', '14', '15', '16', '17', '18']}
{'1': ['0', '1', '2', '3', '4', '5', '6', '7', '8', '19'], '2': ['0', '1', '2', '3', '4', '5', '6', '7', '8', '20', '21', '22', '23', '24', '25'], '3': ['0', '1', '2', '3', '4', '5', '6', '7', '8', '20', '21', '22', '23', '24', '25', '26', '29', '30', '33', '39'], '4': ['0', '9', '10', '11', '12', '13', '14', '15', '16', '17', '18', '26', '27', '28', '29', '30', '33', '34'], '5': ['9', '10', '11', '12', '13', '14', '15', '16', '17', '18', '35', '36', '37', '38', '39'], '6': ['9', '10', '11', '12', '13', '14', '15', '16', '17', '18', '35', '36', '37', '38', '39'], '7': ['0'], '8': ['39'], '9': ['9', '10', '11', '12', '13', '14', '15', '16', '17', '18']}
 Actual mutation of  1   ['5', '2', '4', '19', '7', '8', '1', '6', '3']
 Actual mutation of  2   ['22', '5', '23', '2', '4', '25', '20', '21', '7', '8', '1', '24', '6', '3']
 Actual mutation of  3   ['22', '5', '29', '6', '39', '33', '26', '30', '23', '2', '4', '25', '20', '21', '7', '8', '1', '24', '3']
 Actual mutation of  4   ['16', '17', '34', '9', '11', '12', '27', '28', '29', '15', '33', '26', '30', '13', '18', '14', '10']
 Actual mutation of  5   ['16', '17', '15', '13', '9', '14', '18', '11', '35', '38', '37', '12', '36', '10']
 Actual mutation of  6   []
 Updated node mutation  {'1': ['5', '2', '4', '19', '7', '8', '1', '6', '3'], '2': ['22', '5', '23', '2', '4', '25', '20', '21', '7', '8', '1', '24', '6', '3'], '3': ['22', '5', '29', '6', '39', '33', '26', '30', '23', '2', '4', '25', '20', '21', '7', '8', '1', '24', '3'], '4': ['16', '17', '34', '9', '11', '12', '27', '28', '29', '15', '33', '26', '30', '13', '18', '14', '10'], '5': ['16', '17', '15', '13', '9', '14', '18', '11', '35', '38', '37', '12', '36', '10'], '6': [], '7': ['0'], '8': ['39'], '9': ['9', '10', '11', '12', '13', '14', '15', '16', '17', '18']}
{'1': ['0', '1', '2', '3', '4', '5', '6', '7', '8', '19'], '2': ['0', '1', '2', '3', '4', '5', '6', '7', '8', '20', '21', '22', '23', '24', '25'], '3': ['1', '3', '4', '5', '8', '22', '23', '24', '26', '29', '30', '35', '39'], '4': ['0', '9', '10', '11', '12', '13', '14', '15', '16', '17', '18', '26', '27', '28', '29', '30', '33', '34'], '5': ['9', '10', '11', '12', '13', '14', '15', '16', '17', '18', '35', '36', '37', '38', '39'], '6': ['9', '10', '11', '12', '13', '14', '15', '16', '17', '18', '35', '36', '37', '38', '39'], '7': ['0'], '8': ['1', '3', '4', '5', '8'], '9': ['26', '29', '30'], '10': ['35', '39'], '11': ['9', '10', '11', '12', '13', '14', '15', '16', '17', '18']}
 Actual mutation of  1   ['5', '2', '4', '19', '7', '8', '1', '6', '3']
 Actual mutation of  2   ['22', '5', '23', '2', '4', '25', '20', '21', '7', '8', '1', '24', '6', '3']
 Actual mutation of  3   ['26', '22', '30', '35', '23', '29', '24', '39']
 Actual mutation of  4   ['16', '17', '34', '9', '11', '12', '27', '28', '29', '15', '33', '26', '30', '13', '18', '14', '10']
 Actual mutation of  5   ['16', '17', '15', '13', '9', '14', '18', '11', '38', '37', '12', '36', '10']
 Actual mutation of  6   []
 Updated node mutation  {'1': ['5', '2', '4', '19', '7', '8', '1', '6', '3'], '2': ['22', '5', '23', '2', '4', '25', '20', '21', '7', '8', '1', '24', '6', '3'], '3': ['26', '22', '30', '35', '23', '29', '24', '39'], '4': ['16', '17', '34', '9', '11', '12', '27', '28', '29', '15', '33', '26', '30', '13', '18', '14', '10'], '5': ['16', '17', '15', '13', '9', '14', '18', '11', '38', '37', '12', '36', '10'], '6': [], '7': ['0'], '8': ['1', '3', '4', '5', '8'], '9': ['26', '29', '30'], '10': ['35', '39'], '11': ['9', '10', '11', '12', '13', '14', '15', '16', '17', '18']}
{'1': ['0', '1', '2', '3', '4', '5', '6', '7', '8', '19'], '2': ['0', '1', '2', '3', '4', '5', '6', '7', '8', '20', '21', '22', '23', '24', '25'], '3': ['1', '3', '5', '8', '22', '23', '24', '26', '29', '30', '32', '39'], '4': ['0', '9', '10', '11', '12', '13', '14', '15', '16', '17', '18', '26', '27', '28', '29', '30', '33', '34'], '5': ['9', '10', '11', '12', '13', '14', '15', '16', '17', '18', '35', '36', '37', '38', '39'], '6': ['9', '10', '11', '12', '13', '14', '15', '16', '17', '18', '35', '36', '37', '38', '39'], '7': ['0'], '8': ['1', '3', '5', '8'], '9': ['26', '29', '30'], '10': ['39'], '11': ['9', '10', '11', '12', '13', '14', '15', '16', '17', '18']}
 Actual mutation of  1   ['5', '2', '4', '19', '7', '8', '1', '6', '3']
 Actual mutation of  2   ['22', '5', '23', '2', '4', '25', '20', '21', '7', '8', '1', '24', '6', '3']
 Actual mutation of  3   ['26', '22', '30', '23', '29', '32', '24', '39']
 Actual mutation of  4   ['16', '17', '34', '9', '11', '12', '27', '28', '29', '15', '33', '26', '30', '13', '18', '14', '10']
 Actual mutation of  5   ['16', '17', '15', '13', '9', '14', '18', '11', '35', '38', '37', '12', '36', '10']
 Actual mutation of  6   []
 Updated node mutation  {'1': ['5', '2', '4', '19', '7', '8', '1', '6', '3'], '2': ['22', '5', '23', '2', '4', '25', '20', '21', '7', '8', '1', '24', '6', '3'], '3': ['26', '22', '30', '23', '29', '32', '24', '39'], '4': ['16', '17', '34', '9', '11', '12', '27', '28', '29', '15', '33', '26', '30', '13', '18', '14', '10'], '5': ['16', '17', '15', '13', '9', '14', '18', '11', '35', '38', '37', '12', '36', '10'], '6': [], '7': ['0'], '8': ['1', '3', '5', '8'], '9': ['26', '29', '30'], '10': ['39'], '11': ['9', '10', '11', '12', '13', '14', '15', '16', '17', '18']}
{'1': ['0', '1', '2', '3', '4', '5', '6', '7', '8', '19'], '2': ['0', '1', '2', '3', '4', '5', '6', '7', '8', '20', '21', '22', '23', '24', '25'], '3': ['1', '3', '5', '8', '22', '23', '24', '26', '29', '30', '32', '33', '39'], '4': ['0', '9', '10', '11', '12', '13', '14', '15', '16', '17', '18', '26', '27', '28', '29', '30', '33', '34'], '5': ['9', '10', '11', '12', '13', '14', '15', '16', '17', '18', '35', '36', '37', '38', '39'], '6': ['9', '10', '11', '12', '13', '14', '15', '16', '17', '18', '35', '36', '37', '38', '39'], '7': ['0'], '8': ['1', '3', '5', '8'], '9': ['26', '29', '30', '33'], '10': ['39'], '11': ['9', '10', '11', '12', '13', '14', '15', '16', '17', '18']}
 Actual mutation of  1   ['5', '2', '4', '19', '7', '8', '1', '6', '3']
 Actual mutation of  2   ['22', '5', '23', '2', '4', '25', '20', '21', '7', '8', '1', '24', '6', '3']
 Actual mutation of  3   ['33', '26', '22', '30', '23', '29', '32', '24', '39']
 Actual mutation of  4   ['16', '17', '34', '9', '11', '12', '27', '28', '29', '15', '33', '26', '30', '13', '18', '14', '10']
 Actual mutation of  5   ['16', '17', '15', '13', '9', '14', '18', '11', '35', '38', '37', '12', '36', '10']
 Actual mutation of  6   []
 Updated node mutation  {'1': ['5', '2', '4', '19', '7', '8', '1', '6', '3'], '2': ['22', '5', '23', '2', '4', '25', '20', '21', '7', '8', '1', '24', '6', '3'], '3': ['33', '26', '22', '30', '23', '29', '32', '24', '39'], '4': ['16', '17', '34', '9', '11', '12', '27', '28', '29', '15', '33', '26', '30', '13', '18', '14', '10'], '5': ['16', '17', '15', '13', '9', '14', '18', '11', '35', '38', '37', '12', '36', '10'], '6': [], '7': ['0'], '8': ['1', '3', '5', '8'], '9': ['26', '29', '30', '33'], '10': ['39'], '11': ['9', '10', '11', '12', '13', '14', '15', '16', '17', '18']}
 Parallel mutation count  {'m1': 27, 'm2': 29, 'm3': 26, 'm4': 25, 'm5': 26}
 Clusters with least parallel mutations  ['m4']
 Best tree path  ap03_rep1_m4_tree.csv
