
DPMM with:
	600 cells
	50 mutations
	learning errors

	Priors:
	params.:	Beta(0.25,0.25)
	CRP a_0:	Gamma(24.49,1)
	FP:		trunc norm(0.01,0.01)
	FN:		trunc norm(0.2,0.1)

Move probabilitites:
	Split/merge:	0.33
		split/merge ratio:	[0.75, 0.25]
		intermediate Gibbs:	3
	CRP a_0 update:	0.25
	Errors update:	0.25

Run MCMC with (1 chains for 5000 steps):

Clustering time:	0:15:56.653822	(0.19 secs. per MCMC step)	Lugsail PSRF:		1.00620

Chain mean - posterior clusters	(#7):
	7 clusters

	A: 218 items
	B: 11 items
	C: 352 items
	D: 1 items
	E: 8 items
	F: 1 items
	G: 9 items

Inferred latent variables	--	chain mean - posterior
	CRP a_0:	100.9 +- 18.4
	FP (model|genotypes): 1.4E-03 +- 7.4E-04	|	8.0E-03
	FN (model|genotypes): 0.121   +- 0.013	|	0.160

Writing output to: ./sim_output/sp05/rep5/m4

Too many cells to plot genotypes/clusters
