
DPMM with:
	600 cells
	40 mutations
	learning errors

	Priors:
	params.:	Beta(0.25,0.25)
	CRP a_0:	Gamma(24.49,1)
	FP:		trunc norm(0.01,0.01)
	FN:		trunc norm(0.2,0.1)

Move probabilitites:
	Split/merge:	0.33
		split/merge ratio:	[0.75, 0.25]
		intermediate Gibbs:	3
	CRP a_0 update:	0.25
	Errors update:	0.25

Run MCMC with (1 chains for 5000 steps):

Clustering time:	0:16:07.167752	(0.19 secs. per MCMC step)	Lugsail PSRF:		1.00831

Chain mean - posterior clusters	(#7):
	7 clusters

	A: 416 items
	B: 4 items
	C: 3 items
	D: 10 items
	E: 101 items
	F: 1 items
	G: 65 items

Inferred latent variables	--	chain mean - posterior
	CRP a_0:	104.3 +- 18.5
	FP (model|genotypes): 1.9E-02 +- 3.9E-03	|	4.0E-02
	FN (model|genotypes): 0.122   +- 0.012	|	0.156

Writing output to: ./sim_output/ap05/rep3/m5

Too many cells to plot genotypes/clusters
