
DPMM with:
	600 cells
	37 mutations
	learning errors

	Priors:
	params.:	Beta(0.25,0.25)
	CRP a_0:	Gamma(24.49,1)
	FP:		trunc norm(0.01,0.01)
	FN:		trunc norm(0.2,0.1)

Move probabilitites:
	Split/merge:	0.33
		split/merge ratio:	[0.75, 0.25]
		intermediate Gibbs:	3
	CRP a_0 update:	0.25
	Errors update:	0.25

Run MCMC with (1 chains for 5000 steps):

Clustering time:	0:09:47.923147	(0.12 secs. per MCMC step)	Lugsail PSRF:		1.00873

Chain mean - posterior clusters	(#4):
	4 clusters

	A: 402 items
	B: 32 items
	C: 69 items
	D: 97 items

Inferred latent variables	--	chain mean - posterior
	CRP a_0:	95.0 +- 18.0
	FP (model|genotypes): 2.5E-04 +- 2.6E-04	|	7.7E-04
	FN (model|genotypes): 0.118   +- 0.010	|	0.160

Writing output to: ./sim_output/ap001/rep4/m2

Too many cells to plot genotypes/clusters
