3
 Total estimated FP  134  True negatives  13254
 Total estimated FN  2214  True positives  8878
 Estimated FP rate  0.01487
 Estimated FN rate  0.14
 No. of Cells in each cluster  {'2_2': 49, '1_2': 51, '1_3': 88, '0_3': 412}
 Cells in each cluster  {'2_2': [0, 1, 2, 3, 4, 5, 6, 7, 8, 9, 10, 11, 12, 13, 14, 15, 16, 17, 18, 19, 20, 21, 22, 23, 24, 25, 26, 27, 28, 29, 30, 31, 32, 33, 34, 35, 36, 37, 38, 39, 40, 41, 42, 43, 44, 45, 46, 47, 48], '1_2': [49, 50, 51, 52, 53, 54, 55, 56, 57, 58, 59, 60, 61, 62, 63, 64, 65, 66, 67, 68, 69, 70, 71, 72, 73, 74, 75, 76, 77, 78, 79, 80, 81, 82, 83, 84, 85, 86, 87, 88, 89, 90, 91, 92, 93, 94, 95, 96, 97, 98, 99], '1_3': [100, 101, 102, 103, 104, 105, 106, 107, 108, 109, 110, 111, 112, 113, 114, 115, 116, 117, 118, 119, 120, 121, 122, 123, 124, 125, 126, 127, 128, 129, 130, 131, 132, 133, 134, 135, 136, 137, 138, 139, 140, 141, 142, 143, 144, 145, 146, 147, 148, 149, 150, 151, 152, 153, 154, 155, 156, 157, 158, 159, 160, 161, 162, 163, 164, 165, 166, 167, 168, 169, 170, 171, 172, 173, 174, 175, 176, 177, 178, 179, 180, 181, 182, 183, 184, 185, 186, 464], '0_3': [187, 188, 189, 190, 191, 192, 193, 194, 195, 196, 197, 198, 199, 200, 201, 202, 203, 204, 205, 206, 207, 208, 209, 210, 211, 212, 213, 214, 215, 216, 217, 218, 219, 220, 221, 222, 223, 224, 225, 226, 227, 228, 229, 230, 231, 232, 233, 234, 235, 236, 237, 238, 239, 240, 241, 242, 243, 244, 245, 246, 247, 248, 249, 250, 251, 252, 253, 254, 255, 256, 257, 258, 259, 260, 261, 262, 263, 264, 265, 266, 267, 268, 269, 270, 271, 272, 273, 274, 275, 276, 277, 278, 279, 280, 281, 282, 283, 284, 285, 286, 287, 288, 289, 290, 291, 292, 293, 294, 295, 296, 297, 298, 299, 300, 301, 302, 303, 304, 305, 306, 307, 308, 309, 310, 311, 312, 313, 314, 315, 316, 317, 318, 319, 320, 321, 322, 323, 324, 325, 326, 327, 328, 329, 330, 331, 332, 333, 334, 335, 336, 337, 338, 339, 340, 341, 342, 343, 344, 345, 346, 347, 348, 349, 350, 351, 352, 353, 354, 355, 356, 357, 358, 359, 360, 361, 362, 363, 364, 365, 366, 367, 368, 369, 370, 371, 372, 373, 374, 375, 376, 377, 378, 379, 380, 381, 382, 383, 384, 385, 386, 387, 388, 389, 390, 391, 392, 393, 394, 395, 396, 397, 398, 399, 400, 401, 402, 403, 404, 405, 406, 407, 408, 409, 410, 411, 412, 413, 414, 415, 416, 417, 418, 419, 420, 421, 422, 423, 424, 425, 426, 427, 428, 429, 430, 431, 432, 433, 434, 435, 436, 437, 438, 439, 440, 441, 442, 443, 444, 445, 446, 447, 448, 449, 450, 451, 452, 453, 454, 455, 456, 457, 458, 459, 460, 461, 462, 463, 465, 466, 467, 468, 469, 470, 471, 472, 473, 474, 475, 476, 477, 478, 479, 480, 481, 482, 483, 484, 485, 486, 487, 488, 489, 490, 491, 492, 493, 494, 495, 496, 497, 498, 499, 500, 501, 502, 503, 504, 505, 506, 507, 508, 509, 510, 511, 512, 513, 514, 515, 516, 517, 518, 519, 520, 521, 522, 523, 524, 525, 526, 527, 528, 529, 530, 531, 532, 533, 534, 535, 536, 537, 538, 539, 540, 541, 542, 543, 544, 545, 546, 547, 548, 549, 550, 551, 552, 553, 554, 555, 556, 557, 558, 559, 560, 561, 562, 563, 564, 565, 566, 567, 568, 569, 570, 571, 572, 573, 574, 575, 576, 577, 578, 579, 580, 581, 582, 583, 584, 585, 586, 587, 588, 589, 590, 591, 592, 593, 594, 595, 596, 597, 598, 599]}
FP rate  0.01487 FN rate  0.14
 Before reassigning cells 
 Timepoint  2
 Cluster  2  # of cells  49
 Cluster  1  # of cells  51
 Timepoint  3
 Cluster  1  # of cells  88
 Cluster  0  # of cells  412
 Cells absent at timepoint  2   set()
 Cells absent at timepoint  3   set()
 Timepoint  2
 Timepoint  3
 After reassigning and merging cells 
 Timepoint  2
 Cluster  2  # of cells  49
 Cluster  1  # of cells  51
 Timepoint  3
 Cluster  1  # of cells  88
 Cluster  0  # of cells  412
 Tp cluster cell dict  {'2_2': 49, '1_2': 51, '1_3': 88, '0_3': 412}
 New Graph is here 
 ID  0  Timepoint  1  Mutations  []  Type  subclone
 ID  1  Timepoint  2  Mutations  [0, 11, 12, 13, 14, 15, 16, 17, 18, 19, 20, 21, 22, 23, 24, 25]  Type  subclone
 ID  2  Timepoint  2  Mutations  [0, 26, 27, 28, 29, 30, 31, 32, 33, 34, 35, 36, 37, 38, 39, 40, 41]  Type  subclone
 ID  3  Timepoint  3  Mutations  [0, 26, 27, 28, 29, 30, 31, 32, 33, 34, 35, 36, 37, 38, 39, 40, 41]  Type  subclone
 ID  4  Timepoint  3  Mutations  [0, 26, 27, 28, 29, 30, 31, 32, 33, 34, 35, 36, 37, 38, 39, 40, 41, 42, 43, 44, 45, 46, 47, 48, 49, 50]  Type  subclone
Timepoints  SortedDict({1: [0], 2: [1, 2], 3: [3, 4]})
 Clone to nodes  {'2_2': 1, '1_2': 2, '1_3': 3, '0_3': 4}
 Timepoint ====  1
 Hash table  {'0,1': [0], '0': [11, 12, 13, 14, 15, 16, 17, 18, 19, 20, 21, 22, 23, 24, 25], '1': [26, 27, 28, 29, 30, 31, 32, 33, 34, 35, 36, 37, 38, 39, 40, 41]}
 Final possible usc  [[0], [11, 12, 13, 14, 15, 16, 17, 18, 19, 20, 21, 22, 23, 24, 25], [26, 27, 28, 29, 30, 31, 32, 33, 34, 35, 36, 37, 38, 39, 40, 41]]
 Time  1  USC keys  {'11,12,13,14,15,16,17,18,19,20,21,22,23,24,25_0', '0_0', '26,27,28,29,30,31,32,33,34,35,36,37,38,39,40,41_0'}
 USC children  {'0_0': [1, 2], '11,12,13,14,15,16,17,18,19,20,21,22,23,24,25_0': [1], '26,27,28,29,30,31,32,33,34,35,36,37,38,39,40,41_0': [2]}
 USC children  {'0_0': [1, 2], '11,12,13,14,15,16,17,18,19,20,21,22,23,24,25_0': [1], '26,27,28,29,30,31,32,33,34,35,36,37,38,39,40,41_0': [2]}
 Timepoint ====  2
 Hash table  {'0': [0, 26, 27, 28, 29, 30, 31, 32, 33, 34, 35, 36, 37, 38, 39, 40, 41, 42, 43, 44, 45, 46, 47, 48, 49, 50]}
====== Inside find superset of t nodes ==========
 Final possible usc  [[0, 26, 27, 28, 29, 30, 31, 32, 33, 34, 35, 36, 37, 38, 39, 40, 41, 42, 43, 44, 45, 46, 47, 48, 49, 50]]
 Time  2  USC keys  {'0,26,27,28,29,30,31,32,33,34,35,36,37,38,39,40,41,42,43,44,45,46,47,48,49,50_2'}
 USC children  {'0_0': [1, 2], '11,12,13,14,15,16,17,18,19,20,21,22,23,24,25_0': [1], '26,27,28,29,30,31,32,33,34,35,36,37,38,39,40,41_0': [2], '0,26,27,28,29,30,31,32,33,34,35,36,37,38,39,40,41,42,43,44,45,46,47,48,49,50_2': [4]}
 USC children  {'0_0': [1, 2], '11,12,13,14,15,16,17,18,19,20,21,22,23,24,25_0': [1], '26,27,28,29,30,31,32,33,34,35,36,37,38,39,40,41_0': [2], '0,26,27,28,29,30,31,32,33,34,35,36,37,38,39,40,41,42,43,44,45,46,47,48,49,50_2': [4]}
 Node s  {'1,2': ['0'], '4': ['0', '26', '27', '28', '29', '30', '31', '32', '33', '34', '35', '36', '37', '38', '39', '40', '41', '42', '43', '44', '45', '46', '47', '48', '49', '50']}
 Enroll USC nodes  ['1', '2']  len  2
 Enroll USC nodes  ['4']  len  1
 Node TP  SortedDict({1: [0], 2: [1, 2], 3: [3, 4]})
 Unobserved subclones at timepoints  {1.5: [5]}
 ============== Inside finding node v ============ 
 Time  2
 Time  3
 largest_v_mut  [[0, 32, 33, 34, 35, 36, 37, 38, 39, 40, 41, 26, 27, 28, 29, 30, 31]]
 Sorted all timepoints  [1, 1.5, 2, 3]
 Timepoint  2
 Inside usc_node check  2
 Timepoint  3
0   1   [-1]   subclone   []   []
1   2   [5]   subclone   [0, 11, 12, 13, 14, 15, 16, 17, 18, 19, 20, 21, 22, 23, 24, 25]   [15]
2   2   [5]   subclone   [0, 26, 27, 28, 29, 30, 31, 32, 33, 34, 35, 36, 37, 38, 39, 40, 41]   [16]
3   3   [2]   subclone   [0, 26, 27, 28, 29, 30, 31, 32, 33, 34, 35, 36, 37, 38, 39, 40, 41]   [0]
4   3   [2]   subclone   [0, 26, 27, 28, 29, 30, 31, 32, 33, 34, 35, 36, 37, 38, 39, 40, 41, 42, 43, 44, 45, 46, 47, 48, 49, 50]   [9]
5   1.5   [0]   unobserved subclone   [0]   [1]
3
 Total estimated FP  134  True negatives  13254
 Total estimated FN  2214  True positives  8878
 Estimated FP rate  0.01487
 Estimated FN rate  0.14
 No. of Cells in each cluster  {'2_2': 49, '1_2': 51, '1_3': 88, '0_3': 412}
 Cells in each cluster  {'2_2': [0, 1, 2, 3, 4, 5, 6, 7, 8, 9, 10, 11, 12, 13, 14, 15, 16, 17, 18, 19, 20, 21, 22, 23, 24, 25, 26, 27, 28, 29, 30, 31, 32, 33, 34, 35, 36, 37, 38, 39, 40, 41, 42, 43, 44, 45, 46, 47, 48], '1_2': [49, 50, 51, 52, 53, 54, 55, 56, 57, 58, 59, 60, 61, 62, 63, 64, 65, 66, 67, 68, 69, 70, 71, 72, 73, 74, 75, 76, 77, 78, 79, 80, 81, 82, 83, 84, 85, 86, 87, 88, 89, 90, 91, 92, 93, 94, 95, 96, 97, 98, 99], '1_3': [100, 101, 102, 103, 104, 105, 106, 107, 108, 109, 110, 111, 112, 113, 114, 115, 116, 117, 118, 119, 120, 121, 122, 123, 124, 125, 126, 127, 128, 129, 130, 131, 132, 133, 134, 135, 136, 137, 138, 139, 140, 141, 142, 143, 144, 145, 146, 147, 148, 149, 150, 151, 152, 153, 154, 155, 156, 157, 158, 159, 160, 161, 162, 163, 164, 165, 166, 167, 168, 169, 170, 171, 172, 173, 174, 175, 176, 177, 178, 179, 180, 181, 182, 183, 184, 185, 186, 464], '0_3': [187, 188, 189, 190, 191, 192, 193, 194, 195, 196, 197, 198, 199, 200, 201, 202, 203, 204, 205, 206, 207, 208, 209, 210, 211, 212, 213, 214, 215, 216, 217, 218, 219, 220, 221, 222, 223, 224, 225, 226, 227, 228, 229, 230, 231, 232, 233, 234, 235, 236, 237, 238, 239, 240, 241, 242, 243, 244, 245, 246, 247, 248, 249, 250, 251, 252, 253, 254, 255, 256, 257, 258, 259, 260, 261, 262, 263, 264, 265, 266, 267, 268, 269, 270, 271, 272, 273, 274, 275, 276, 277, 278, 279, 280, 281, 282, 283, 284, 285, 286, 287, 288, 289, 290, 291, 292, 293, 294, 295, 296, 297, 298, 299, 300, 301, 302, 303, 304, 305, 306, 307, 308, 309, 310, 311, 312, 313, 314, 315, 316, 317, 318, 319, 320, 321, 322, 323, 324, 325, 326, 327, 328, 329, 330, 331, 332, 333, 334, 335, 336, 337, 338, 339, 340, 341, 342, 343, 344, 345, 346, 347, 348, 349, 350, 351, 352, 353, 354, 355, 356, 357, 358, 359, 360, 361, 362, 363, 364, 365, 366, 367, 368, 369, 370, 371, 372, 373, 374, 375, 376, 377, 378, 379, 380, 381, 382, 383, 384, 385, 386, 387, 388, 389, 390, 391, 392, 393, 394, 395, 396, 397, 398, 399, 400, 401, 402, 403, 404, 405, 406, 407, 408, 409, 410, 411, 412, 413, 414, 415, 416, 417, 418, 419, 420, 421, 422, 423, 424, 425, 426, 427, 428, 429, 430, 431, 432, 433, 434, 435, 436, 437, 438, 439, 440, 441, 442, 443, 444, 445, 446, 447, 448, 449, 450, 451, 452, 453, 454, 455, 456, 457, 458, 459, 460, 461, 462, 463, 465, 466, 467, 468, 469, 470, 471, 472, 473, 474, 475, 476, 477, 478, 479, 480, 481, 482, 483, 484, 485, 486, 487, 488, 489, 490, 491, 492, 493, 494, 495, 496, 497, 498, 499, 500, 501, 502, 503, 504, 505, 506, 507, 508, 509, 510, 511, 512, 513, 514, 515, 516, 517, 518, 519, 520, 521, 522, 523, 524, 525, 526, 527, 528, 529, 530, 531, 532, 533, 534, 535, 536, 537, 538, 539, 540, 541, 542, 543, 544, 545, 546, 547, 548, 549, 550, 551, 552, 553, 554, 555, 556, 557, 558, 559, 560, 561, 562, 563, 564, 565, 566, 567, 568, 569, 570, 571, 572, 573, 574, 575, 576, 577, 578, 579, 580, 581, 582, 583, 584, 585, 586, 587, 588, 589, 590, 591, 592, 593, 594, 595, 596, 597, 598, 599]}
FP rate  0.01487 FN rate  0.14
 Before reassigning cells 
 Timepoint  2
 Cluster  2  # of cells  49
 Cluster  1  # of cells  51
 Timepoint  3
 Cluster  1  # of cells  88
 Cluster  0  # of cells  412
 Cells absent at timepoint  2   set()
 Cells absent at timepoint  3   set()
 Timepoint  2
 Timepoint  3
 After reassigning and merging cells 
 Timepoint  2
 Cluster  2  # of cells  49
 Cluster  1  # of cells  51
 Timepoint  3
 Cluster  1  # of cells  88
 Cluster  0  # of cells  412
 Tp cluster cell dict  {'2_2': 49, '1_2': 51, '1_3': 88, '0_3': 412}
 New Graph is here 
 ID  0  Timepoint  1  Mutations  []  Type  subclone
 ID  1  Timepoint  2  Mutations  [0, 11, 12, 13, 14, 15, 16, 17, 18, 19, 20, 21, 22, 23, 24, 25]  Type  subclone
 ID  2  Timepoint  2  Mutations  [0, 26, 27, 28, 29, 30, 31, 32, 33, 34, 35, 36, 37, 38, 39, 40, 41]  Type  subclone
 ID  3  Timepoint  3  Mutations  [0, 26, 27, 28, 29, 30, 31, 32, 33, 34, 35, 36, 37, 38, 39, 40, 41]  Type  subclone
 ID  4  Timepoint  3  Mutations  [0, 26, 27, 28, 29, 30, 31, 32, 33, 34, 35, 36, 37, 38, 39, 40, 41, 42, 43, 44, 45, 46, 47, 48, 49, 50]  Type  subclone
Timepoints  SortedDict({1: [0], 2: [1, 2], 3: [3, 4]})
 Clone to nodes  {'2_2': 1, '1_2': 2, '1_3': 3, '0_3': 4}
 Timepoint ====  1
 Hash table  {'0,1': [0], '0': [11, 12, 13, 14, 15, 16, 17, 18, 19, 20, 21, 22, 23, 24, 25], '1': [26, 27, 28, 29, 30, 31, 32, 33, 34, 35, 36, 37, 38, 39, 40, 41]}
 Final possible usc  [[0], [11, 12, 13, 14, 15, 16, 17, 18, 19, 20, 21, 22, 23, 24, 25], [26, 27, 28, 29, 30, 31, 32, 33, 34, 35, 36, 37, 38, 39, 40, 41]]
 Time  1  USC keys  {'0_0', '11,12,13,14,15,16,17,18,19,20,21,22,23,24,25_0', '26,27,28,29,30,31,32,33,34,35,36,37,38,39,40,41_0'}
 USC children  {'0_0': [1, 2], '11,12,13,14,15,16,17,18,19,20,21,22,23,24,25_0': [1], '26,27,28,29,30,31,32,33,34,35,36,37,38,39,40,41_0': [2]}
 USC children  {'0_0': [1, 2], '11,12,13,14,15,16,17,18,19,20,21,22,23,24,25_0': [1], '26,27,28,29,30,31,32,33,34,35,36,37,38,39,40,41_0': [2]}
 Timepoint ====  2
 Hash table  {'0': [0, 26, 27, 28, 29, 30, 31, 32, 33, 34, 35, 36, 37, 38, 39, 40, 41, 42, 43, 44, 45, 46, 47, 48, 49, 50]}
====== Inside find superset of t nodes ==========
 Final possible usc  [[0, 26, 27, 28, 29, 30, 31, 32, 33, 34, 35, 36, 37, 38, 39, 40, 41, 42, 43, 44, 45, 46, 47, 48, 49, 50]]
 Time  2  USC keys  {'0,26,27,28,29,30,31,32,33,34,35,36,37,38,39,40,41,42,43,44,45,46,47,48,49,50_2'}
 USC children  {'0_0': [1, 2], '11,12,13,14,15,16,17,18,19,20,21,22,23,24,25_0': [1], '26,27,28,29,30,31,32,33,34,35,36,37,38,39,40,41_0': [2], '0,26,27,28,29,30,31,32,33,34,35,36,37,38,39,40,41,42,43,44,45,46,47,48,49,50_2': [4]}
 USC children  {'0_0': [1, 2], '11,12,13,14,15,16,17,18,19,20,21,22,23,24,25_0': [1], '26,27,28,29,30,31,32,33,34,35,36,37,38,39,40,41_0': [2], '0,26,27,28,29,30,31,32,33,34,35,36,37,38,39,40,41,42,43,44,45,46,47,48,49,50_2': [4]}
 Node s  {'1,2': ['0'], '4': ['0', '26', '27', '28', '29', '30', '31', '32', '33', '34', '35', '36', '37', '38', '39', '40', '41', '42', '43', '44', '45', '46', '47', '48', '49', '50']}
 Enroll USC nodes  ['1', '2']  len  2
 Enroll USC nodes  ['4']  len  1
 Node TP  SortedDict({1: [0], 2: [1, 2], 3: [3, 4]})
 Unobserved subclones at timepoints  {1.5: [5]}
 ============== Inside finding node v ============ 
 Time  2
 Time  3
 largest_v_mut  [[0, 32, 33, 34, 35, 36, 37, 38, 39, 40, 41, 26, 27, 28, 29, 30, 31]]
 Sorted all timepoints  [1, 1.5, 2, 3]
 Timepoint  2
 Inside usc_node check  2
 Timepoint  3
0   1   [-1]   subclone   []   []
1   2   [5]   subclone   [0, 11, 12, 13, 14, 15, 16, 17, 18, 19, 20, 21, 22, 23, 24, 25]   [15]
2   2   [5]   subclone   [0, 26, 27, 28, 29, 30, 31, 32, 33, 34, 35, 36, 37, 38, 39, 40, 41]   [16]
3   3   [2]   subclone   [0, 26, 27, 28, 29, 30, 31, 32, 33, 34, 35, 36, 37, 38, 39, 40, 41]   [0]
4   3   [2]   subclone   [0, 26, 27, 28, 29, 30, 31, 32, 33, 34, 35, 36, 37, 38, 39, 40, 41, 42, 43, 44, 45, 46, 47, 48, 49, 50]   [9]
5   1.5   [0]   unobserved subclone   [0]   [1]
4
 Total estimated FP  134  True negatives  13254
 Total estimated FN  2214  True positives  8878
 Estimated FP rate  0.01487
 Estimated FN rate  0.14
 No. of Cells in each cluster  {'2_2': 49, '3_2': 51, '3_3': 88, '1_3': 412}
 Cells in each cluster  {'2_2': [0, 1, 2, 3, 4, 5, 6, 7, 8, 9, 10, 11, 12, 13, 14, 15, 16, 17, 18, 19, 20, 21, 22, 23, 24, 25, 26, 27, 28, 29, 30, 31, 32, 33, 34, 35, 36, 37, 38, 39, 40, 41, 42, 43, 44, 45, 46, 47, 48], '3_2': [49, 50, 51, 52, 53, 54, 55, 56, 57, 58, 59, 60, 61, 62, 63, 64, 65, 66, 67, 68, 69, 70, 71, 72, 73, 74, 75, 76, 77, 78, 79, 80, 81, 82, 83, 84, 85, 86, 87, 88, 89, 90, 91, 92, 93, 94, 95, 96, 97, 98, 99], '3_3': [100, 101, 102, 103, 104, 105, 106, 107, 108, 109, 110, 111, 112, 113, 114, 115, 116, 117, 118, 119, 120, 121, 122, 123, 124, 125, 126, 127, 128, 129, 130, 131, 132, 133, 134, 135, 136, 137, 138, 139, 140, 141, 142, 143, 144, 145, 146, 147, 148, 149, 150, 151, 152, 153, 154, 155, 156, 157, 158, 159, 160, 161, 162, 163, 164, 165, 166, 167, 168, 169, 170, 171, 172, 173, 174, 175, 176, 177, 178, 179, 180, 181, 182, 183, 184, 185, 186, 464], '1_3': [189, 190, 192, 194, 195, 196, 198, 201, 204, 205, 206, 207, 213, 218, 220, 221, 226, 227, 230, 235, 239, 241, 242, 251, 262, 264, 265, 268, 272, 274, 276, 279, 282, 283, 284, 286, 287, 288, 291, 297, 301, 302, 303, 306, 307, 320, 322, 327, 330, 334, 336, 338, 344, 346, 348, 354, 360, 367, 368, 376, 377, 378, 380, 381, 382, 384, 389, 392, 393, 395, 396, 397, 400, 406, 407, 413, 414, 419, 424, 425, 426, 427, 430, 431, 432, 436, 438, 439, 440, 444, 446, 449, 450, 451, 455, 457, 466, 468, 470, 475, 478, 480, 482, 488, 489, 494, 495, 496, 497, 500, 504, 505, 509, 512, 515, 525, 526, 533, 534, 535, 539, 546, 550, 553, 556, 559, 560, 564, 565, 566, 568, 570, 572, 575, 577, 579, 580, 581, 582, 588, 590, 591, 594, 598, 187, 188, 191, 193, 197, 199, 200, 202, 203, 208, 209, 210, 211, 212, 214, 215, 216, 217, 219, 222, 223, 224, 225, 228, 229, 231, 232, 233, 234, 236, 237, 238, 240, 243, 244, 245, 246, 247, 248, 249, 250, 252, 253, 254, 255, 256, 257, 258, 259, 260, 261, 263, 266, 267, 269, 270, 271, 273, 275, 277, 278, 280, 281, 285, 289, 290, 292, 293, 294, 295, 296, 298, 299, 300, 304, 305, 308, 309, 310, 311, 312, 313, 314, 315, 316, 317, 318, 319, 321, 323, 324, 325, 326, 328, 329, 331, 332, 333, 335, 337, 339, 340, 341, 342, 343, 345, 347, 349, 350, 351, 352, 353, 355, 356, 357, 358, 359, 361, 362, 363, 364, 365, 366, 369, 370, 371, 372, 373, 374, 375, 379, 383, 385, 386, 387, 388, 390, 391, 394, 398, 399, 401, 402, 403, 404, 405, 408, 409, 410, 411, 412, 415, 416, 417, 418, 420, 421, 422, 423, 428, 429, 433, 434, 435, 437, 441, 442, 443, 445, 447, 448, 452, 453, 454, 456, 458, 459, 460, 461, 462, 463, 465, 467, 469, 471, 472, 473, 474, 476, 477, 479, 481, 483, 484, 485, 486, 487, 490, 491, 492, 493, 498, 499, 501, 502, 503, 506, 507, 508, 510, 511, 513, 514, 516, 517, 518, 519, 520, 521, 522, 523, 524, 527, 528, 529, 530, 531, 532, 536, 537, 538, 540, 541, 542, 543, 544, 545, 547, 548, 549, 551, 552, 554, 555, 557, 558, 561, 562, 563, 567, 569, 571, 573, 574, 576, 578, 583, 584, 585, 586, 587, 589, 592, 593, 595, 596, 597, 599]}
FP rate  0.01487 FN rate  0.14
 Before reassigning cells 
 Timepoint  2
 Cluster  2  # of cells  49
 Cluster  3  # of cells  51
 Timepoint  3
 Cluster  3  # of cells  88
 Cluster  1  # of cells  412
 Cells absent at timepoint  2   set()
 Cells absent at timepoint  3   set()
 Timepoint  2
 Timepoint  3
 After reassigning and merging cells 
 Timepoint  2
 Cluster  2  # of cells  49
 Cluster  3  # of cells  51
 Timepoint  3
 Cluster  3  # of cells  88
 Cluster  1  # of cells  412
 Tp cluster cell dict  {'2_2': 49, '3_2': 51, '3_3': 88, '1_3': 412}
 New Graph is here 
 ID  0  Timepoint  1  Mutations  []  Type  subclone
 ID  1  Timepoint  2  Mutations  [0, 11, 12, 13, 14, 15, 16, 17, 18, 19, 20, 21, 22, 23, 24, 25]  Type  subclone
 ID  2  Timepoint  2  Mutations  [0, 26, 27, 28, 29, 30, 31, 32, 33, 34, 35, 36, 37, 38, 39, 40, 41]  Type  subclone
 ID  3  Timepoint  3  Mutations  [0, 26, 27, 28, 29, 30, 31, 32, 33, 34, 35, 36, 37, 38, 39, 40, 41]  Type  subclone
 ID  4  Timepoint  3  Mutations  [0, 26, 27, 28, 29, 30, 31, 32, 33, 34, 35, 36, 37, 38, 39, 40, 41, 42, 43, 44, 45, 46, 47, 48, 49, 50]  Type  subclone
Timepoints  SortedDict({1: [0], 2: [1, 2], 3: [3, 4]})
 Clone to nodes  {'2_2': 1, '3_2': 2, '3_3': 3, '1_3': 4}
 Timepoint ====  1
 Hash table  {'0,1': [0], '0': [11, 12, 13, 14, 15, 16, 17, 18, 19, 20, 21, 22, 23, 24, 25], '1': [26, 27, 28, 29, 30, 31, 32, 33, 34, 35, 36, 37, 38, 39, 40, 41]}
 Final possible usc  [[0], [11, 12, 13, 14, 15, 16, 17, 18, 19, 20, 21, 22, 23, 24, 25], [26, 27, 28, 29, 30, 31, 32, 33, 34, 35, 36, 37, 38, 39, 40, 41]]
 Time  1  USC keys  {'26,27,28,29,30,31,32,33,34,35,36,37,38,39,40,41_0', '11,12,13,14,15,16,17,18,19,20,21,22,23,24,25_0', '0_0'}
 USC children  {'0_0': [1, 2], '11,12,13,14,15,16,17,18,19,20,21,22,23,24,25_0': [1], '26,27,28,29,30,31,32,33,34,35,36,37,38,39,40,41_0': [2]}
 USC children  {'0_0': [1, 2], '11,12,13,14,15,16,17,18,19,20,21,22,23,24,25_0': [1], '26,27,28,29,30,31,32,33,34,35,36,37,38,39,40,41_0': [2]}
 Timepoint ====  2
 Hash table  {'0': [0, 26, 27, 28, 29, 30, 31, 32, 33, 34, 35, 36, 37, 38, 39, 40, 41, 42, 43, 44, 45, 46, 47, 48, 49, 50]}
====== Inside find superset of t nodes ==========
 Final possible usc  [[0, 26, 27, 28, 29, 30, 31, 32, 33, 34, 35, 36, 37, 38, 39, 40, 41, 42, 43, 44, 45, 46, 47, 48, 49, 50]]
 Time  2  USC keys  {'0,26,27,28,29,30,31,32,33,34,35,36,37,38,39,40,41,42,43,44,45,46,47,48,49,50_2'}
 USC children  {'0_0': [1, 2], '11,12,13,14,15,16,17,18,19,20,21,22,23,24,25_0': [1], '26,27,28,29,30,31,32,33,34,35,36,37,38,39,40,41_0': [2], '0,26,27,28,29,30,31,32,33,34,35,36,37,38,39,40,41,42,43,44,45,46,47,48,49,50_2': [4]}
 USC children  {'0_0': [1, 2], '11,12,13,14,15,16,17,18,19,20,21,22,23,24,25_0': [1], '26,27,28,29,30,31,32,33,34,35,36,37,38,39,40,41_0': [2], '0,26,27,28,29,30,31,32,33,34,35,36,37,38,39,40,41,42,43,44,45,46,47,48,49,50_2': [4]}
 Node s  {'1,2': ['0'], '4': ['0', '26', '27', '28', '29', '30', '31', '32', '33', '34', '35', '36', '37', '38', '39', '40', '41', '42', '43', '44', '45', '46', '47', '48', '49', '50']}
 Enroll USC nodes  ['1', '2']  len  2
 Enroll USC nodes  ['4']  len  1
 Node TP  SortedDict({1: [0], 2: [1, 2], 3: [3, 4]})
 Unobserved subclones at timepoints  {1.5: [5]}
 ============== Inside finding node v ============ 
 Time  2
 Time  3
 largest_v_mut  [[0, 32, 33, 34, 35, 36, 37, 38, 39, 40, 41, 26, 27, 28, 29, 30, 31]]
 Sorted all timepoints  [1, 1.5, 2, 3]
 Timepoint  2
 Inside usc_node check  2
 Timepoint  3
0   1   [-1]   subclone   []   []
1   2   [5]   subclone   [0, 11, 12, 13, 14, 15, 16, 17, 18, 19, 20, 21, 22, 23, 24, 25]   [15]
2   2   [5]   subclone   [0, 26, 27, 28, 29, 30, 31, 32, 33, 34, 35, 36, 37, 38, 39, 40, 41]   [16]
3   3   [2]   subclone   [0, 26, 27, 28, 29, 30, 31, 32, 33, 34, 35, 36, 37, 38, 39, 40, 41]   [0]
4   3   [2]   subclone   [0, 26, 27, 28, 29, 30, 31, 32, 33, 34, 35, 36, 37, 38, 39, 40, 41, 42, 43, 44, 45, 46, 47, 48, 49, 50]   [9]
5   1.5   [0]   unobserved subclone   [0]   [1]
4
 Total estimated FP  134  True negatives  13254
 Total estimated FN  2214  True positives  8878
 Estimated FP rate  0.01487
 Estimated FN rate  0.14
 No. of Cells in each cluster  {'2_2': 49, '3_2': 51, '3_3': 88, '1_3': 412}
 Cells in each cluster  {'2_2': [0, 1, 2, 3, 4, 5, 6, 7, 8, 9, 10, 11, 12, 13, 14, 15, 16, 17, 18, 19, 20, 21, 22, 23, 24, 25, 26, 27, 28, 29, 30, 31, 32, 33, 34, 35, 36, 37, 38, 39, 40, 41, 42, 43, 44, 45, 46, 47, 48], '3_2': [49, 50, 51, 52, 53, 54, 55, 56, 57, 58, 59, 60, 61, 62, 63, 64, 65, 66, 67, 68, 69, 70, 71, 72, 73, 74, 75, 76, 77, 78, 79, 80, 81, 82, 83, 84, 85, 86, 87, 88, 89, 90, 91, 92, 93, 94, 95, 96, 97, 98, 99], '3_3': [100, 101, 102, 103, 104, 105, 106, 107, 108, 109, 110, 111, 112, 113, 114, 115, 116, 117, 118, 119, 120, 121, 122, 123, 124, 125, 126, 127, 128, 129, 130, 131, 132, 133, 134, 135, 136, 137, 138, 139, 140, 141, 142, 143, 144, 145, 146, 147, 148, 149, 150, 151, 152, 153, 154, 155, 156, 157, 158, 159, 160, 161, 162, 163, 164, 165, 166, 167, 168, 169, 170, 171, 172, 173, 174, 175, 176, 177, 178, 179, 180, 181, 182, 183, 184, 185, 186, 464], '1_3': [187, 188, 189, 190, 191, 193, 194, 195, 196, 197, 198, 199, 200, 201, 202, 203, 204, 205, 206, 207, 208, 209, 210, 211, 212, 213, 214, 215, 216, 217, 218, 219, 220, 221, 222, 223, 224, 225, 226, 228, 229, 230, 231, 232, 233, 234, 235, 236, 237, 238, 240, 241, 242, 243, 244, 245, 246, 247, 248, 249, 250, 251, 252, 253, 254, 255, 256, 257, 258, 259, 260, 261, 262, 263, 264, 265, 266, 267, 268, 269, 270, 271, 272, 273, 274, 275, 276, 277, 278, 279, 280, 281, 282, 283, 284, 285, 286, 287, 288, 289, 290, 291, 292, 293, 294, 295, 296, 297, 298, 299, 300, 301, 302, 303, 304, 305, 306, 307, 308, 309, 310, 311, 312, 313, 314, 315, 316, 317, 318, 319, 320, 321, 322, 323, 324, 325, 326, 327, 328, 329, 330, 331, 332, 333, 335, 336, 337, 338, 339, 340, 341, 342, 343, 344, 345, 346, 347, 348, 349, 350, 351, 352, 353, 354, 355, 356, 357, 358, 359, 360, 361, 362, 363, 364, 365, 366, 367, 368, 369, 370, 371, 372, 373, 374, 375, 376, 378, 379, 380, 381, 382, 383, 384, 385, 386, 387, 388, 389, 390, 391, 392, 393, 394, 395, 396, 397, 398, 399, 400, 401, 402, 403, 404, 405, 406, 407, 408, 409, 410, 411, 412, 413, 414, 415, 416, 417, 418, 419, 420, 421, 422, 423, 424, 425, 426, 428, 429, 430, 431, 432, 433, 434, 435, 436, 437, 438, 439, 440, 441, 442, 443, 444, 445, 446, 447, 448, 449, 450, 451, 452, 453, 454, 455, 456, 457, 458, 459, 460, 461, 462, 463, 465, 466, 467, 469, 470, 471, 472, 473, 474, 475, 476, 477, 478, 479, 480, 481, 482, 483, 484, 485, 486, 487, 488, 489, 490, 491, 492, 493, 494, 495, 496, 497, 498, 499, 500, 501, 502, 503, 504, 505, 506, 507, 508, 509, 510, 511, 512, 513, 514, 515, 516, 517, 518, 519, 520, 521, 522, 523, 524, 525, 526, 527, 528, 529, 530, 531, 532, 533, 534, 535, 536, 537, 538, 539, 540, 541, 542, 543, 544, 545, 547, 548, 549, 550, 551, 552, 553, 554, 555, 556, 557, 558, 559, 560, 561, 562, 563, 564, 565, 566, 567, 568, 569, 570, 571, 572, 573, 574, 575, 576, 577, 578, 579, 580, 581, 582, 583, 584, 585, 586, 587, 588, 589, 590, 591, 592, 593, 594, 595, 596, 597, 598, 599, 192, 227, 239, 334, 377, 427, 468, 546]}
FP rate  0.01487 FN rate  0.14
 Before reassigning cells 
 Timepoint  2
 Cluster  2  # of cells  49
 Cluster  3  # of cells  51
 Timepoint  3
 Cluster  3  # of cells  88
 Cluster  1  # of cells  412
 Cells absent at timepoint  2   set()
 Cells absent at timepoint  3   set()
 Timepoint  2
 Timepoint  3
 After reassigning and merging cells 
 Timepoint  2
 Cluster  2  # of cells  49
 Cluster  3  # of cells  51
 Timepoint  3
 Cluster  3  # of cells  88
 Cluster  1  # of cells  412
 Tp cluster cell dict  {'2_2': 49, '3_2': 51, '3_3': 88, '1_3': 412}
 New Graph is here 
 ID  0  Timepoint  1  Mutations  []  Type  subclone
 ID  1  Timepoint  2  Mutations  [0, 11, 12, 13, 14, 15, 16, 17, 18, 19, 20, 21, 22, 23, 24, 25]  Type  subclone
 ID  2  Timepoint  2  Mutations  [0, 26, 27, 28, 29, 30, 31, 32, 33, 34, 35, 36, 37, 38, 39, 40, 41]  Type  subclone
 ID  3  Timepoint  3  Mutations  [0, 26, 27, 28, 29, 30, 31, 32, 33, 34, 35, 36, 37, 38, 39, 40, 41]  Type  subclone
 ID  4  Timepoint  3  Mutations  [0, 26, 27, 28, 29, 30, 31, 32, 33, 34, 35, 36, 37, 38, 39, 40, 41, 42, 43, 44, 45, 46, 47, 48, 49, 50]  Type  subclone
Timepoints  SortedDict({1: [0], 2: [1, 2], 3: [3, 4]})
 Clone to nodes  {'2_2': 1, '3_2': 2, '3_3': 3, '1_3': 4}
 Timepoint ====  1
 Hash table  {'0,1': [0], '0': [11, 12, 13, 14, 15, 16, 17, 18, 19, 20, 21, 22, 23, 24, 25], '1': [26, 27, 28, 29, 30, 31, 32, 33, 34, 35, 36, 37, 38, 39, 40, 41]}
 Final possible usc  [[0], [11, 12, 13, 14, 15, 16, 17, 18, 19, 20, 21, 22, 23, 24, 25], [26, 27, 28, 29, 30, 31, 32, 33, 34, 35, 36, 37, 38, 39, 40, 41]]
 Time  1  USC keys  {'0_0', '26,27,28,29,30,31,32,33,34,35,36,37,38,39,40,41_0', '11,12,13,14,15,16,17,18,19,20,21,22,23,24,25_0'}
 USC children  {'0_0': [1, 2], '11,12,13,14,15,16,17,18,19,20,21,22,23,24,25_0': [1], '26,27,28,29,30,31,32,33,34,35,36,37,38,39,40,41_0': [2]}
 USC children  {'0_0': [1, 2], '11,12,13,14,15,16,17,18,19,20,21,22,23,24,25_0': [1], '26,27,28,29,30,31,32,33,34,35,36,37,38,39,40,41_0': [2]}
 Timepoint ====  2
 Hash table  {'0': [0, 26, 27, 28, 29, 30, 31, 32, 33, 34, 35, 36, 37, 38, 39, 40, 41, 42, 43, 44, 45, 46, 47, 48, 49, 50]}
====== Inside find superset of t nodes ==========
 Final possible usc  [[0, 26, 27, 28, 29, 30, 31, 32, 33, 34, 35, 36, 37, 38, 39, 40, 41, 42, 43, 44, 45, 46, 47, 48, 49, 50]]
 Time  2  USC keys  {'0,26,27,28,29,30,31,32,33,34,35,36,37,38,39,40,41,42,43,44,45,46,47,48,49,50_2'}
 USC children  {'0_0': [1, 2], '11,12,13,14,15,16,17,18,19,20,21,22,23,24,25_0': [1], '26,27,28,29,30,31,32,33,34,35,36,37,38,39,40,41_0': [2], '0,26,27,28,29,30,31,32,33,34,35,36,37,38,39,40,41,42,43,44,45,46,47,48,49,50_2': [4]}
 USC children  {'0_0': [1, 2], '11,12,13,14,15,16,17,18,19,20,21,22,23,24,25_0': [1], '26,27,28,29,30,31,32,33,34,35,36,37,38,39,40,41_0': [2], '0,26,27,28,29,30,31,32,33,34,35,36,37,38,39,40,41,42,43,44,45,46,47,48,49,50_2': [4]}
 Node s  {'1,2': ['0'], '4': ['0', '26', '27', '28', '29', '30', '31', '32', '33', '34', '35', '36', '37', '38', '39', '40', '41', '42', '43', '44', '45', '46', '47', '48', '49', '50']}
 Enroll USC nodes  ['1', '2']  len  2
 Enroll USC nodes  ['4']  len  1
 Node TP  SortedDict({1: [0], 2: [1, 2], 3: [3, 4]})
 Unobserved subclones at timepoints  {1.5: [5]}
 ============== Inside finding node v ============ 
 Time  2
 Time  3
 largest_v_mut  [[0, 32, 33, 34, 35, 36, 37, 38, 39, 40, 41, 26, 27, 28, 29, 30, 31]]
 Sorted all timepoints  [1, 1.5, 2, 3]
 Timepoint  2
 Inside usc_node check  2
 Timepoint  3
0   1   [-1]   subclone   []   []
1   2   [5]   subclone   [0, 11, 12, 13, 14, 15, 16, 17, 18, 19, 20, 21, 22, 23, 24, 25]   [15]
2   2   [5]   subclone   [0, 26, 27, 28, 29, 30, 31, 32, 33, 34, 35, 36, 37, 38, 39, 40, 41]   [16]
3   3   [2]   subclone   [0, 26, 27, 28, 29, 30, 31, 32, 33, 34, 35, 36, 37, 38, 39, 40, 41]   [0]
4   3   [2]   subclone   [0, 26, 27, 28, 29, 30, 31, 32, 33, 34, 35, 36, 37, 38, 39, 40, 41, 42, 43, 44, 45, 46, 47, 48, 49, 50]   [9]
5   1.5   [0]   unobserved subclone   [0]   [1]
7
 Total estimated FP  134  True negatives  13254
 Total estimated FN  2214  True positives  8878
 Estimated FP rate  0.01487
 Estimated FN rate  0.14
 No. of Cells in each cluster  {'5_2': 49, '3_2': 51, '3_3': 88, '0_3': 412}
 Cells in each cluster  {'5_2': [0, 1, 2, 3, 4, 5, 6, 7, 8, 9, 10, 11, 12, 13, 14, 15, 16, 17, 18, 19, 20, 21, 22, 23, 24, 25, 26, 27, 28, 29, 30, 31, 32, 33, 34, 35, 36, 37, 38, 39, 40, 41, 42, 43, 44, 45, 46, 47, 48], '3_2': [49, 50, 51, 52, 53, 54, 55, 56, 57, 58, 59, 60, 61, 62, 63, 64, 65, 66, 67, 68, 69, 70, 71, 72, 73, 74, 75, 76, 77, 78, 79, 80, 81, 82, 83, 84, 85, 86, 87, 88, 89, 90, 91, 92, 93, 94, 95, 96, 97, 98, 99], '3_3': [100, 101, 102, 103, 104, 105, 106, 107, 108, 109, 110, 111, 112, 113, 114, 115, 116, 117, 118, 119, 120, 121, 122, 123, 124, 125, 126, 127, 128, 129, 130, 131, 132, 133, 134, 135, 136, 137, 138, 139, 140, 141, 142, 143, 144, 145, 146, 147, 148, 149, 150, 151, 152, 153, 154, 155, 156, 157, 158, 159, 160, 161, 162, 163, 164, 165, 166, 167, 168, 169, 170, 171, 172, 173, 174, 175, 176, 177, 178, 179, 180, 181, 182, 183, 184, 185, 186, 464], '0_3': [197, 199, 202, 203, 210, 211, 212, 215, 216, 219, 222, 223, 224, 225, 229, 234, 236, 240, 243, 244, 247, 248, 250, 253, 257, 258, 259, 260, 266, 270, 271, 280, 292, 294, 295, 296, 310, 312, 316, 318, 322, 325, 328, 329, 330, 337, 339, 341, 345, 347, 348, 349, 353, 355, 356, 361, 366, 369, 370, 371, 372, 373, 375, 386, 387, 390, 394, 398, 399, 401, 402, 405, 417, 418, 421, 422, 429, 434, 435, 441, 443, 445, 453, 458, 460, 461, 465, 469, 472, 476, 481, 484, 486, 490, 498, 499, 503, 506, 507, 508, 510, 514, 516, 520, 522, 527, 529, 531, 532, 536, 537, 540, 541, 542, 543, 545, 548, 549, 551, 557, 561, 563, 567, 571, 573, 574, 578, 583, 584, 585, 589, 593, 595, 596, 599, 206, 320, 354, 357, 396, 419, 432, 440, 188, 190, 191, 201, 207, 214, 220, 221, 226, 238, 242, 251, 256, 262, 264, 272, 274, 275, 279, 281, 287, 291, 302, 306, 313, 321, 327, 333, 338, 344, 360, 365, 367, 378, 380, 381, 382, 385, 392, 395, 397, 406, 407, 412, 414, 415, 423, 438, 444, 449, 455, 459, 462, 478, 489, 491, 492, 495, 496, 500, 505, 509, 525, 533, 535, 539, 565, 566, 572, 575, 588, 590, 192, 227, 239, 334, 377, 427, 439, 468, 546, 187, 189, 193, 194, 195, 196, 198, 200, 204, 205, 208, 209, 213, 217, 218, 228, 230, 231, 232, 233, 235, 237, 241, 245, 246, 249, 252, 254, 255, 261, 263, 265, 267, 268, 269, 273, 276, 277, 278, 282, 283, 284, 285, 286, 288, 289, 290, 293, 297, 298, 299, 300, 301, 303, 304, 305, 307, 308, 309, 311, 314, 315, 317, 319, 323, 324, 326, 331, 332, 335, 336, 340, 342, 343, 346, 350, 351, 352, 358, 359, 362, 363, 364, 368, 374, 376, 379, 383, 384, 388, 389, 391, 393, 400, 403, 404, 408, 409, 410, 411, 413, 416, 420, 424, 425, 426, 428, 430, 431, 433, 436, 437, 442, 446, 447, 448, 450, 451, 452, 454, 456, 457, 463, 466, 467, 470, 471, 473, 474, 475, 477, 479, 480, 482, 483, 485, 487, 488, 493, 494, 497, 501, 502, 504, 511, 512, 513, 515, 517, 518, 519, 521, 523, 524, 526, 528, 530, 534, 538, 544, 547, 550, 552, 553, 554, 555, 556, 558, 559, 560, 562, 564, 568, 569, 570, 576, 577, 579, 580, 581, 582, 586, 587, 591, 592, 594, 597, 598]}
FP rate  0.01487 FN rate  0.14
 Before reassigning cells 
 Timepoint  2
 Cluster  5  # of cells  49
 Cluster  3  # of cells  51
 Timepoint  3
 Cluster  3  # of cells  88
 Cluster  0  # of cells  412
 Cells absent at timepoint  2   set()
 Cells absent at timepoint  3   set()
 Timepoint  2
 Timepoint  3
 After reassigning and merging cells 
 Timepoint  2
 Cluster  5  # of cells  49
 Cluster  3  # of cells  51
 Timepoint  3
 Cluster  3  # of cells  88
 Cluster  0  # of cells  412
 Tp cluster cell dict  {'5_2': 49, '3_2': 51, '3_3': 88, '0_3': 412}
 New Graph is here 
 ID  0  Timepoint  1  Mutations  []  Type  subclone
 ID  1  Timepoint  2  Mutations  [0, 11, 12, 13, 14, 15, 16, 17, 18, 19, 20, 21, 22, 23, 24, 25]  Type  subclone
 ID  2  Timepoint  2  Mutations  [0, 26, 27, 28, 29, 30, 31, 32, 33, 34, 35, 36, 37, 38, 39, 40, 41]  Type  subclone
 ID  3  Timepoint  3  Mutations  [0, 26, 27, 28, 29, 30, 31, 32, 33, 34, 35, 36, 37, 38, 39, 40, 41]  Type  subclone
 ID  4  Timepoint  3  Mutations  [0, 26, 27, 28, 29, 30, 31, 32, 33, 34, 35, 36, 37, 38, 39, 40, 41, 42, 43, 44, 45, 46, 47, 48, 49, 50]  Type  subclone
Timepoints  SortedDict({1: [0], 2: [1, 2], 3: [3, 4]})
 Clone to nodes  {'5_2': 1, '3_2': 2, '3_3': 3, '0_3': 4}
 Timepoint ====  1
 Hash table  {'0,1': [0], '0': [11, 12, 13, 14, 15, 16, 17, 18, 19, 20, 21, 22, 23, 24, 25], '1': [26, 27, 28, 29, 30, 31, 32, 33, 34, 35, 36, 37, 38, 39, 40, 41]}
 Final possible usc  [[0], [11, 12, 13, 14, 15, 16, 17, 18, 19, 20, 21, 22, 23, 24, 25], [26, 27, 28, 29, 30, 31, 32, 33, 34, 35, 36, 37, 38, 39, 40, 41]]
 Time  1  USC keys  {'26,27,28,29,30,31,32,33,34,35,36,37,38,39,40,41_0', '0_0', '11,12,13,14,15,16,17,18,19,20,21,22,23,24,25_0'}
 USC children  {'0_0': [1, 2], '11,12,13,14,15,16,17,18,19,20,21,22,23,24,25_0': [1], '26,27,28,29,30,31,32,33,34,35,36,37,38,39,40,41_0': [2]}
 USC children  {'0_0': [1, 2], '11,12,13,14,15,16,17,18,19,20,21,22,23,24,25_0': [1], '26,27,28,29,30,31,32,33,34,35,36,37,38,39,40,41_0': [2]}
 Timepoint ====  2
 Hash table  {'0': [0, 26, 27, 28, 29, 30, 31, 32, 33, 34, 35, 36, 37, 38, 39, 40, 41, 42, 43, 44, 45, 46, 47, 48, 49, 50]}
====== Inside find superset of t nodes ==========
 Final possible usc  [[0, 26, 27, 28, 29, 30, 31, 32, 33, 34, 35, 36, 37, 38, 39, 40, 41, 42, 43, 44, 45, 46, 47, 48, 49, 50]]
 Time  2  USC keys  {'0,26,27,28,29,30,31,32,33,34,35,36,37,38,39,40,41,42,43,44,45,46,47,48,49,50_2'}
 USC children  {'0_0': [1, 2], '11,12,13,14,15,16,17,18,19,20,21,22,23,24,25_0': [1], '26,27,28,29,30,31,32,33,34,35,36,37,38,39,40,41_0': [2], '0,26,27,28,29,30,31,32,33,34,35,36,37,38,39,40,41,42,43,44,45,46,47,48,49,50_2': [4]}
 USC children  {'0_0': [1, 2], '11,12,13,14,15,16,17,18,19,20,21,22,23,24,25_0': [1], '26,27,28,29,30,31,32,33,34,35,36,37,38,39,40,41_0': [2], '0,26,27,28,29,30,31,32,33,34,35,36,37,38,39,40,41,42,43,44,45,46,47,48,49,50_2': [4]}
 Node s  {'1,2': ['0'], '4': ['0', '26', '27', '28', '29', '30', '31', '32', '33', '34', '35', '36', '37', '38', '39', '40', '41', '42', '43', '44', '45', '46', '47', '48', '49', '50']}
 Enroll USC nodes  ['1', '2']  len  2
 Enroll USC nodes  ['4']  len  1
 Node TP  SortedDict({1: [0], 2: [1, 2], 3: [3, 4]})
 Unobserved subclones at timepoints  {1.5: [5]}
 ============== Inside finding node v ============ 
 Time  2
 Time  3
 largest_v_mut  [[0, 32, 33, 34, 35, 36, 37, 38, 39, 40, 41, 26, 27, 28, 29, 30, 31]]
 Sorted all timepoints  [1, 1.5, 2, 3]
 Timepoint  2
 Inside usc_node check  2
 Timepoint  3
0   1   [-1]   subclone   []   []
1   2   [5]   subclone   [0, 11, 12, 13, 14, 15, 16, 17, 18, 19, 20, 21, 22, 23, 24, 25]   [15]
2   2   [5]   subclone   [0, 26, 27, 28, 29, 30, 31, 32, 33, 34, 35, 36, 37, 38, 39, 40, 41]   [16]
3   3   [2]   subclone   [0, 26, 27, 28, 29, 30, 31, 32, 33, 34, 35, 36, 37, 38, 39, 40, 41]   [0]
4   3   [2]   subclone   [0, 26, 27, 28, 29, 30, 31, 32, 33, 34, 35, 36, 37, 38, 39, 40, 41, 42, 43, 44, 45, 46, 47, 48, 49, 50]   [9]
5   1.5   [0]   unobserved subclone   [0]   [1]
 List of tree files  ['all_trees/u3_rep5_m1_tree.csv', 'all_trees/u3_rep5_m2_tree.csv', 'all_trees/u3_rep5_m3_tree.csv', 'all_trees/u3_rep5_m4_tree.csv', 'all_trees/u3_rep5_m5_tree.csv']
{'1': ['0', '11', '12', '13', '14', '15', '16', '17', '18', '19', '20', '21', '22', '23', '24', '25'], '2': ['0', '26', '27', '28', '29', '30', '31', '32', '33', '34', '35', '36', '37', '38', '39', '40', '41'], '3': ['0', '26', '27', '28', '29', '30', '31', '32', '33', '34', '35', '36', '37', '38', '39', '40', '41'], '4': ['0', '26', '27', '28', '29', '30', '31', '32', '33', '34', '35', '36', '37', '38', '39', '40', '41', '42', '43', '44', '45', '46', '47', '48', '49', '50'], '5': ['0']}
 Actual mutation of  1   ['25', '16', '14', '17', '22', '21', '19', '15', '24', '20', '12', '18', '13', '23', '11']
 Actual mutation of  2   ['30', '31', '39', '36', '33', '32', '26', '28', '34', '35', '29', '27', '37', '38', '41', '40']
 Actual mutation of  3   []
 Actual mutation of  4   ['43', '50', '48', '46', '45', '42', '47', '49', '44']
 Updated node mutation  {'1': ['25', '16', '14', '17', '22', '21', '19', '15', '24', '20', '12', '18', '13', '23', '11'], '2': ['30', '31', '39', '36', '33', '32', '26', '28', '34', '35', '29', '27', '37', '38', '41', '40'], '3': [], '4': ['43', '50', '48', '46', '45', '42', '47', '49', '44'], '5': ['0']}
{'1': ['0', '11', '12', '13', '14', '15', '16', '17', '18', '19', '20', '21', '22', '23', '24', '25'], '2': ['0', '26', '27', '28', '29', '30', '31', '32', '33', '34', '35', '36', '37', '38', '39', '40', '41'], '3': ['0', '26', '27', '28', '29', '30', '31', '32', '33', '34', '35', '36', '37', '38', '39', '40', '41'], '4': ['0', '26', '27', '28', '29', '30', '31', '32', '33', '34', '35', '36', '37', '38', '39', '40', '41', '42', '43', '44', '45', '46', '47', '48', '49', '50'], '5': ['0']}
 Actual mutation of  1   ['25', '16', '14', '17', '22', '21', '19', '15', '24', '20', '12', '18', '13', '23', '11']
 Actual mutation of  2   ['30', '31', '39', '36', '33', '32', '26', '28', '34', '35', '29', '27', '37', '38', '41', '40']
 Actual mutation of  3   []
 Actual mutation of  4   ['43', '50', '48', '46', '45', '42', '47', '49', '44']
 Updated node mutation  {'1': ['25', '16', '14', '17', '22', '21', '19', '15', '24', '20', '12', '18', '13', '23', '11'], '2': ['30', '31', '39', '36', '33', '32', '26', '28', '34', '35', '29', '27', '37', '38', '41', '40'], '3': [], '4': ['43', '50', '48', '46', '45', '42', '47', '49', '44'], '5': ['0']}
{'1': ['0', '11', '12', '13', '14', '15', '16', '17', '18', '19', '20', '21', '22', '23', '24', '25'], '2': ['0', '26', '27', '28', '29', '30', '31', '32', '33', '34', '35', '36', '37', '38', '39', '40', '41'], '3': ['0', '26', '27', '28', '29', '30', '31', '32', '33', '34', '35', '36', '37', '38', '39', '40', '41'], '4': ['0', '26', '27', '28', '29', '30', '31', '32', '33', '34', '35', '36', '37', '38', '39', '40', '41', '42', '43', '44', '45', '46', '47', '48', '49', '50'], '5': ['0']}
 Actual mutation of  1   ['25', '16', '14', '17', '22', '21', '19', '15', '24', '20', '12', '18', '13', '23', '11']
 Actual mutation of  2   ['30', '31', '39', '36', '33', '32', '26', '28', '34', '35', '29', '27', '37', '38', '41', '40']
 Actual mutation of  3   []
 Actual mutation of  4   ['43', '50', '48', '46', '45', '42', '47', '49', '44']
 Updated node mutation  {'1': ['25', '16', '14', '17', '22', '21', '19', '15', '24', '20', '12', '18', '13', '23', '11'], '2': ['30', '31', '39', '36', '33', '32', '26', '28', '34', '35', '29', '27', '37', '38', '41', '40'], '3': [], '4': ['43', '50', '48', '46', '45', '42', '47', '49', '44'], '5': ['0']}
{'1': ['0', '11', '12', '13', '14', '15', '16', '17', '18', '19', '20', '21', '22', '23', '24', '25'], '2': ['0', '26', '27', '28', '29', '30', '31', '32', '33', '34', '35', '36', '37', '38', '39', '40', '41'], '3': ['0', '26', '27', '28', '29', '30', '31', '32', '33', '34', '35', '36', '37', '38', '39', '40', '41'], '4': ['0', '26', '27', '28', '29', '30', '31', '32', '33', '34', '35', '36', '37', '38', '39', '40', '41', '42', '43', '44', '45', '46', '47', '48', '49', '50'], '5': ['0']}
 Actual mutation of  1   ['25', '16', '14', '17', '22', '21', '19', '15', '24', '20', '12', '18', '13', '23', '11']
 Actual mutation of  2   ['30', '31', '39', '36', '33', '32', '26', '28', '34', '35', '29', '27', '37', '38', '41', '40']
 Actual mutation of  3   []
 Actual mutation of  4   ['43', '50', '48', '46', '45', '42', '47', '49', '44']
 Updated node mutation  {'1': ['25', '16', '14', '17', '22', '21', '19', '15', '24', '20', '12', '18', '13', '23', '11'], '2': ['30', '31', '39', '36', '33', '32', '26', '28', '34', '35', '29', '27', '37', '38', '41', '40'], '3': [], '4': ['43', '50', '48', '46', '45', '42', '47', '49', '44'], '5': ['0']}
{'1': ['0', '11', '12', '13', '14', '15', '16', '17', '18', '19', '20', '21', '22', '23', '24', '25'], '2': ['0', '26', '27', '28', '29', '30', '31', '32', '33', '34', '35', '36', '37', '38', '39', '40', '41'], '3': ['0', '26', '27', '28', '29', '30', '31', '32', '33', '34', '35', '36', '37', '38', '39', '40', '41'], '4': ['0', '26', '27', '28', '29', '30', '31', '32', '33', '34', '35', '36', '37', '38', '39', '40', '41', '42', '43', '44', '45', '46', '47', '48', '49', '50'], '5': ['0']}
 Actual mutation of  1   ['25', '16', '14', '17', '22', '21', '19', '15', '24', '20', '12', '18', '13', '23', '11']
 Actual mutation of  2   ['30', '31', '39', '36', '33', '32', '26', '28', '34', '35', '29', '27', '37', '38', '41', '40']
 Actual mutation of  3   []
 Actual mutation of  4   ['43', '50', '48', '46', '45', '42', '47', '49', '44']
 Updated node mutation  {'1': ['25', '16', '14', '17', '22', '21', '19', '15', '24', '20', '12', '18', '13', '23', '11'], '2': ['30', '31', '39', '36', '33', '32', '26', '28', '34', '35', '29', '27', '37', '38', '41', '40'], '3': [], '4': ['43', '50', '48', '46', '45', '42', '47', '49', '44'], '5': ['0']}
 Parallel mutation count  {'m1': 0, 'm2': 0, 'm3': 0, 'm4': 0, 'm5': 0}
 Clusters with least parallel mutations  ['m1', 'm2', 'm3', 'm4', 'm5']
 Cluster nos for each run  {'m1': 3, 'm2': 3, 'm3': 4, 'm4': 4, 'm5': 7}
 Run  m1
 Base path  ['u3', 'rep5', 'm1', 'tree.csv']
 Best tree path  u3_rep5_m1_tree.csv
