
DPMM with:
	600 cells
	48 mutations
	learning errors

	Priors:
	params.:	Beta(0.25,0.25)
	CRP a_0:	Gamma(24.49,1)
	FP:		trunc norm(0.01,0.01)
	FN:		trunc norm(0.2,0.1)

Move probabilitites:
	Split/merge:	0.33
		split/merge ratio:	[0.75, 0.25]
		intermediate Gibbs:	3
	CRP a_0 update:	0.25
	Errors update:	0.25

Run MCMC with (1 chains for 5000 steps):

Clustering time:	0:21:16.241507	(0.26 secs. per MCMC step)	Lugsail PSRF:		1.00700

Chain mean - posterior clusters	(#8):
	8 clusters

	A: 361 items
	B: 13 items
	C: 6 items
	D: 16 items
	E: 101 items
	F: 68 items
	G: 25 items
	H: 10 items

Inferred latent variables	--	chain mean - posterior
	CRP a_0:	98.9 +- 19.3
	FP (model|genotypes): 1.9E-03 +- 8.1E-04	|	8.2E-03
	FN (model|genotypes): 0.126   +- 0.012	|	0.159

Writing output to: ./sim_output/mc2/rep3/m1

Too many cells to plot genotypes/clusters
