6
 Total estimated FP  205  True negatives  20342
 Total estimated FN  1554  True positives  6219
 Estimated FP rate  0.03191
 Estimated FN rate  0.07
 No. of Cells in each cluster  {'4_2': 28, '4_3': 53, '5_2': 4, '5_3': 21, '2_2': 33, '0_2': 35, '0_3': 155, '3_3': 95, '1_3': 176}
 Cells in each cluster  {'4_2': [0, 1, 2, 3, 4, 5, 6, 7, 8, 9, 10, 11, 12, 13, 14, 15, 16, 17, 18, 19, 20, 21, 22, 23, 24, 25, 26, 27], '4_3': [121, 122, 123, 124, 125, 126, 127, 128, 129, 130, 131, 132, 133, 134, 135, 136, 137, 138, 139, 140, 141, 142, 143, 144, 145, 146, 147, 148, 149, 150, 151, 152, 153, 154, 155, 156, 157, 158, 159, 160, 161, 162, 163, 164, 165, 166, 167, 168, 169, 170, 171, 172, 173], '5_2': [28, 29, 30, 31], '5_3': [100, 101, 102, 103, 104, 105, 106, 107, 108, 109, 110, 111, 112, 113, 114, 115, 116, 117, 118, 119, 120], '2_2': [32, 33, 34, 35, 36, 37, 38, 39, 40, 41, 42, 43, 44, 45, 46, 47, 48, 49, 50, 51, 52, 53, 54, 55, 56, 57, 58, 59, 60, 61, 62, 63, 64], '0_2': [65, 66, 67, 68, 69, 70, 71, 72, 73, 74, 75, 76, 77, 78, 79, 80, 81, 82, 83, 84, 85, 86, 87, 88, 89, 90, 91, 92, 93, 94, 95, 96, 97, 98, 99], '0_3': [269, 270, 271, 272, 273, 274, 275, 276, 277, 278, 279, 280, 281, 282, 283, 284, 285, 286, 287, 288, 289, 290, 291, 292, 293, 294, 295, 296, 297, 298, 299, 300, 301, 302, 303, 304, 305, 306, 307, 308, 309, 310, 311, 312, 313, 314, 315, 316, 317, 318, 319, 320, 321, 322, 323, 324, 325, 326, 327, 328, 329, 330, 331, 332, 333, 334, 335, 336, 337, 338, 339, 340, 341, 342, 343, 344, 345, 346, 347, 348, 349, 350, 351, 352, 353, 354, 355, 356, 357, 358, 359, 360, 361, 362, 363, 364, 365, 366, 367, 368, 369, 370, 371, 372, 373, 374, 375, 376, 377, 378, 379, 380, 381, 382, 383, 384, 385, 386, 387, 388, 389, 390, 391, 392, 393, 394, 395, 396, 397, 398, 399, 400, 401, 402, 403, 404, 405, 406, 407, 408, 409, 410, 411, 412, 413, 414, 415, 416, 417, 418, 419, 420, 421, 422, 423], '3_3': [174, 175, 176, 177, 178, 179, 180, 181, 182, 183, 184, 185, 186, 187, 188, 189, 190, 191, 192, 193, 194, 195, 196, 197, 198, 199, 200, 201, 202, 203, 204, 205, 206, 207, 208, 209, 210, 211, 212, 213, 214, 215, 216, 217, 218, 219, 220, 221, 222, 223, 224, 225, 226, 227, 228, 229, 230, 231, 232, 233, 234, 235, 236, 237, 238, 239, 240, 241, 242, 243, 244, 245, 246, 247, 248, 249, 250, 251, 252, 253, 254, 255, 256, 257, 258, 259, 260, 261, 262, 263, 264, 265, 266, 267, 268], '1_3': [424, 425, 426, 427, 428, 429, 430, 431, 432, 433, 434, 435, 436, 437, 438, 439, 440, 441, 442, 443, 444, 445, 446, 447, 448, 449, 450, 451, 452, 453, 454, 455, 456, 457, 458, 459, 460, 461, 462, 463, 464, 465, 466, 467, 468, 469, 470, 471, 472, 473, 474, 475, 476, 477, 478, 479, 480, 481, 482, 483, 484, 485, 486, 487, 488, 489, 490, 491, 492, 493, 494, 495, 496, 497, 498, 499, 500, 501, 502, 503, 504, 505, 506, 507, 508, 509, 510, 511, 512, 513, 514, 515, 516, 517, 518, 519, 520, 521, 522, 523, 524, 525, 526, 527, 528, 529, 530, 531, 532, 533, 534, 535, 536, 537, 538, 539, 540, 541, 542, 543, 544, 545, 546, 547, 548, 549, 550, 551, 552, 553, 554, 555, 556, 557, 558, 559, 560, 561, 562, 563, 564, 565, 566, 567, 568, 569, 570, 571, 572, 573, 574, 575, 576, 577, 578, 579, 580, 581, 582, 583, 584, 585, 586, 587, 588, 589, 590, 591, 592, 593, 594, 595, 596, 597, 598, 599]}
FP rate  0.03191 FN rate  0.07
 Before reassigning cells 
 Timepoint  2
 Cluster  4  # of cells  28
 Cluster  5  # of cells  4
 Cluster  2  # of cells  33
 Cluster  0  # of cells  35
 Timepoint  3
 Cluster  4  # of cells  55
 Cluster  5  # of cells  21
 Cluster  0  # of cells  157
 Cluster  3  # of cells  93
 Cluster  1  # of cells  174
 Cells absent at timepoint  3   set()
 Cells absent at timepoint  2   set()
 Timepoint  2
 Timepoint  3
 After reassigning and merging cells 
 Timepoint  2
 Cluster  4  # of cells  28
 Cluster  5  # of cells  4
 Cluster  2  # of cells  33
 Cluster  0  # of cells  35
 Timepoint  3
 Cluster  4  # of cells  55
 Cluster  5  # of cells  21
 Cluster  0  # of cells  157
 Cluster  3  # of cells  93
 Cluster  1  # of cells  174
 Tp cluster cell dict  {'4_2': 28, '5_2': 4, '2_2': 33, '0_2': 35, '4_3': 55, '5_3': 21, '0_3': 157, '3_3': 93, '1_3': 174}
 New Graph is here 
 ID  0  Timepoint  1  Mutations  []  Type  subclone
 ID  1  Timepoint  2  Mutations  [0, 1, 2, 3]  Type  subclone
 ID  2  Timepoint  2  Mutations  [0, 1, 2, 3, 9, 10, 11, 12, 13, 14, 15, 16, 17, 18, 19, 20, 21, 22, 23]  Type  subclone
 ID  3  Timepoint  2  Mutations  [4, 5, 6, 7, 8, 24, 25, 26, 27, 28, 29]  Type  subclone
 ID  4  Timepoint  2  Mutations  [4, 5, 6, 7, 8, 30, 31, 32, 33, 34, 35, 36, 37, 38, 39]  Type  subclone
 ID  5  Timepoint  3  Mutations  [0, 1, 2, 3]  Type  subclone
 ID  6  Timepoint  3  Mutations  [0, 1, 2, 3, 9, 10, 11, 12, 13, 14, 15, 16, 17, 18, 19, 20, 21, 22, 23]  Type  subclone
 ID  7  Timepoint  3  Mutations  [4, 5, 6, 7, 8, 30, 31, 32, 33, 34, 35, 36, 37, 38, 39]  Type  subclone
 ID  8  Timepoint  3  Mutations  [0, 1, 2, 3, 40, 41, 42, 43, 44, 45, 46, 47]  Type  subclone
 ID  9  Timepoint  3  Mutations  [4, 5, 6, 7, 8, 30, 31, 32, 33, 34, 35, 36, 37, 38, 39, 48, 49, 50, 51, 52, 53, 54, 55, 56, 57, 58]  Type  subclone
Timepoints  SortedDict({1: [0], 2: [1, 2, 3, 4], 3: [5, 6, 7, 8, 9]})
 Clone to nodes  {'4_2': 1, '5_2': 2, '2_2': 3, '0_2': 4, '4_3': 5, '5_3': 6, '0_3': 7, '3_3': 8, '1_3': 9}
 Timepoint ====  1
 Hash table  {'0,1': [0, 1, 2, 3], '1': [9, 10, 11, 12, 13, 14, 15, 16, 17, 18, 19, 20, 21, 22, 23], '2,3': [4, 5, 6, 7, 8], '2': [24, 25, 26, 27, 28, 29], '3': [30, 31, 32, 33, 34, 35, 36, 37, 38, 39]}
 Final possible usc  [[0, 1, 2, 3], [9, 10, 11, 12, 13, 14, 15, 16, 17, 18, 19, 20, 21, 22, 23], [4, 5, 6, 7, 8], [24, 25, 26, 27, 28, 29], [30, 31, 32, 33, 34, 35, 36, 37, 38, 39]]
 Time  1  USC keys  {'30,31,32,33,34,35,36,37,38,39_0', '0,1,2,3_0', '24,25,26,27,28,29_0', '9,10,11,12,13,14,15,16,17,18,19,20,21,22,23_0', '4,5,6,7,8_0'}
 USC children  {'0,1,2,3_0': [1, 2], '9,10,11,12,13,14,15,16,17,18,19,20,21,22,23_0': [2], '4,5,6,7,8_0': [3, 4], '24,25,26,27,28,29_0': [3], '30,31,32,33,34,35,36,37,38,39_0': [4]}
 USC children  {'0,1,2,3_0': [1, 2], '9,10,11,12,13,14,15,16,17,18,19,20,21,22,23_0': [2], '4,5,6,7,8_0': [3, 4], '24,25,26,27,28,29_0': [3], '30,31,32,33,34,35,36,37,38,39_0': [4]}
 Timepoint ====  2
 Hash table  {'0': [0, 1, 2, 3, 40, 41, 42, 43, 44, 45, 46, 47], '1': [4, 5, 6, 7, 8, 30, 31, 32, 33, 34, 35, 36, 37, 38, 39, 48, 49, 50, 51, 52, 53, 54, 55, 56, 57, 58]}
====== Inside find superset of t nodes ==========
 Final possible usc  [[0, 1, 2, 3, 40, 41, 42, 43, 44, 45, 46, 47], [4, 5, 6, 7, 8, 30, 31, 32, 33, 34, 35, 36, 37, 38, 39, 48, 49, 50, 51, 52, 53, 54, 55, 56, 57, 58]]
 Time  2  USC keys  {'0,1,2,3,40,41,42,43,44,45,46,47_1', '4,5,6,7,8,30,31,32,33,34,35,36,37,38,39,48,49,50,51,52,53,54,55,56,57,58_4'}
 USC children  {'0,1,2,3_0': [1, 2], '9,10,11,12,13,14,15,16,17,18,19,20,21,22,23_0': [2], '4,5,6,7,8_0': [3, 4], '24,25,26,27,28,29_0': [3], '30,31,32,33,34,35,36,37,38,39_0': [4], '0,1,2,3,40,41,42,43,44,45,46,47_1': [8], '4,5,6,7,8,30,31,32,33,34,35,36,37,38,39,48,49,50,51,52,53,54,55,56,57,58_4': [9]}
 USC children  {'0,1,2,3_0': [1, 2], '9,10,11,12,13,14,15,16,17,18,19,20,21,22,23_0': [2], '4,5,6,7,8_0': [3, 4], '24,25,26,27,28,29_0': [3], '30,31,32,33,34,35,36,37,38,39_0': [4], '0,1,2,3,40,41,42,43,44,45,46,47_1': [8], '4,5,6,7,8,30,31,32,33,34,35,36,37,38,39,48,49,50,51,52,53,54,55,56,57,58_4': [9]}
 Node s  {'1,2': ['0', '1', '2', '3'], '3,4': ['4', '5', '6', '7', '8'], '8': ['0', '1', '2', '3', '40', '41', '42', '43', '44', '45', '46', '47'], '9': ['4', '5', '6', '7', '8', '30', '31', '32', '33', '34', '35', '36', '37', '38', '39', '48', '49', '50', '51', '52', '53', '54', '55', '56', '57', '58']}
 Enroll USC nodes  ['1', '2']  len  2
 Enroll USC nodes  ['3', '4']  len  2
 Enroll USC nodes  ['8']  len  1
 Enroll USC nodes  ['9']  len  1
 Node TP  SortedDict({1: [0], 2: [1, 2, 3, 4], 3: [5, 6, 7, 8, 9]})
 Unobserved subclones at timepoints  {1.5: [10, 11]}
 ============== Inside finding node v ============ 
 Time  2
 Time  3
 largest_v_mut  [[0, 1, 2, 3]]
 largest_v_mut  [[32, 33, 34, 35, 4, 5, 6, 7, 8, 36, 37, 38, 39, 30, 31]]
 Sorted all timepoints  [1, 1.5, 2, 3]
 Timepoint  2
 Inside usc_node check  2
 Timepoint  3
0   1   [-1]   subclone   []   []
1   2   [10]   subclone   [0, 1, 2, 3]   [0]
2   2   [10]   subclone   [0, 1, 2, 3, 9, 10, 11, 12, 13, 14, 15, 16, 17, 18, 19, 20, 21, 22, 23]   [15]
3   2   [11]   subclone   [4, 5, 6, 7, 8, 24, 25, 26, 27, 28, 29]   [6]
4   2   [11]   subclone   [4, 5, 6, 7, 8, 30, 31, 32, 33, 34, 35, 36, 37, 38, 39]   [10]
5   3   [1]   subclone   [0, 1, 2, 3]   [0]
6   3   [2]   subclone   [0, 1, 2, 3, 9, 10, 11, 12, 13, 14, 15, 16, 17, 18, 19, 20, 21, 22, 23]   [0]
7   3   [4]   subclone   [4, 5, 6, 7, 8, 30, 31, 32, 33, 34, 35, 36, 37, 38, 39]   [0]
8   3   [1]   subclone   [0, 1, 2, 3, 40, 41, 42, 43, 44, 45, 46, 47]   [8]
9   3   [4]   subclone   [4, 5, 6, 7, 8, 30, 31, 32, 33, 34, 35, 36, 37, 38, 39, 48, 49, 50, 51, 52, 53, 54, 55, 56, 57, 58]   [11]
10   1.5   [0]   unobserved subclone   [0, 1, 2, 3]   [4]
11   1.5   [0]   unobserved subclone   [4, 5, 6, 7, 8]   [5]
6
 Total estimated FP  205  True negatives  20342
 Total estimated FN  1554  True positives  6219
 Estimated FP rate  0.03191
 Estimated FN rate  0.07
 No. of Cells in each cluster  {'4_2': 28, '4_3': 53, '5_2': 4, '5_3': 21, '2_2': 33, '0_2': 35, '0_3': 155, '3_3': 95, '1_3': 176}
 Cells in each cluster  {'4_2': [0, 1, 2, 3, 4, 5, 6, 7, 8, 9, 10, 11, 12, 13, 14, 15, 16, 17, 18, 19, 20, 21, 22, 23, 24, 25, 26, 27], '4_3': [121, 122, 123, 124, 125, 126, 127, 128, 129, 130, 131, 132, 133, 134, 135, 136, 137, 138, 139, 140, 141, 142, 143, 144, 145, 146, 147, 148, 149, 150, 151, 152, 153, 154, 155, 156, 157, 158, 159, 160, 161, 162, 163, 164, 165, 166, 167, 168, 169, 170, 171, 172, 173], '5_2': [28, 29, 30, 31], '5_3': [100, 101, 102, 103, 104, 105, 106, 107, 108, 109, 110, 111, 112, 113, 114, 115, 116, 117, 118, 119, 120], '2_2': [32, 33, 34, 35, 36, 37, 38, 39, 40, 41, 42, 43, 44, 45, 46, 47, 48, 49, 50, 51, 52, 53, 54, 55, 56, 57, 58, 59, 60, 61, 62, 63, 64], '0_2': [65, 66, 67, 68, 69, 70, 71, 72, 73, 74, 75, 76, 77, 78, 79, 80, 81, 82, 83, 84, 85, 86, 87, 88, 89, 90, 91, 92, 93, 94, 95, 96, 97, 98, 99], '0_3': [269, 270, 271, 272, 273, 274, 275, 276, 277, 278, 279, 280, 281, 282, 283, 284, 285, 286, 287, 288, 289, 290, 291, 292, 293, 294, 295, 296, 297, 298, 299, 300, 301, 302, 303, 304, 305, 306, 307, 308, 309, 310, 311, 312, 313, 314, 315, 316, 317, 318, 319, 320, 321, 322, 323, 324, 325, 326, 327, 328, 329, 330, 331, 332, 333, 334, 335, 336, 337, 338, 339, 340, 341, 342, 343, 344, 345, 346, 347, 348, 349, 350, 351, 352, 353, 354, 355, 356, 357, 358, 359, 360, 361, 362, 363, 364, 365, 366, 367, 368, 369, 370, 371, 372, 373, 374, 375, 376, 377, 378, 379, 380, 381, 382, 383, 384, 385, 386, 387, 388, 389, 390, 391, 392, 393, 394, 395, 396, 397, 398, 399, 400, 401, 402, 403, 404, 405, 406, 407, 408, 409, 410, 411, 412, 413, 414, 415, 416, 417, 418, 419, 420, 421, 422, 423], '3_3': [174, 175, 176, 177, 178, 179, 180, 181, 182, 183, 184, 185, 186, 187, 188, 189, 190, 191, 192, 193, 194, 195, 196, 197, 198, 199, 200, 201, 202, 203, 204, 205, 206, 207, 208, 209, 210, 211, 212, 213, 214, 215, 216, 217, 218, 219, 220, 221, 222, 223, 224, 225, 226, 227, 228, 229, 230, 231, 232, 233, 234, 235, 236, 237, 238, 239, 240, 241, 242, 243, 244, 245, 246, 247, 248, 249, 250, 251, 252, 253, 254, 255, 256, 257, 258, 259, 260, 261, 262, 263, 264, 265, 266, 267, 268], '1_3': [424, 425, 426, 427, 428, 429, 430, 431, 432, 433, 434, 435, 436, 437, 438, 439, 440, 441, 442, 443, 444, 445, 446, 447, 448, 449, 450, 451, 452, 453, 454, 455, 456, 457, 458, 459, 460, 461, 462, 463, 464, 465, 466, 467, 468, 469, 470, 471, 472, 473, 474, 475, 476, 477, 478, 479, 480, 481, 482, 483, 484, 485, 486, 487, 488, 489, 490, 491, 492, 493, 494, 495, 496, 497, 498, 499, 500, 501, 502, 503, 504, 505, 506, 507, 508, 509, 510, 511, 512, 513, 514, 515, 516, 517, 518, 519, 520, 521, 522, 523, 524, 525, 526, 527, 528, 529, 530, 531, 532, 533, 534, 535, 536, 537, 538, 539, 540, 541, 542, 543, 544, 545, 546, 547, 548, 549, 550, 551, 552, 553, 554, 555, 556, 557, 558, 559, 560, 561, 562, 563, 564, 565, 566, 567, 568, 569, 570, 571, 572, 573, 574, 575, 576, 577, 578, 579, 580, 581, 582, 583, 584, 585, 586, 587, 588, 589, 590, 591, 592, 593, 594, 595, 596, 597, 598, 599]}
FP rate  0.03191 FN rate  0.07
 Before reassigning cells 
 Timepoint  2
 Cluster  4  # of cells  28
 Cluster  5  # of cells  4
 Cluster  2  # of cells  33
 Cluster  0  # of cells  35
 Timepoint  3
 Cluster  4  # of cells  55
 Cluster  5  # of cells  21
 Cluster  0  # of cells  157
 Cluster  3  # of cells  93
 Cluster  1  # of cells  174
 Cells absent at timepoint  3   set()
 Cells absent at timepoint  2   set()
 Timepoint  2
 Timepoint  3
 After reassigning and merging cells 
 Timepoint  2
 Cluster  4  # of cells  28
 Cluster  5  # of cells  4
 Cluster  2  # of cells  33
 Cluster  0  # of cells  35
 Timepoint  3
 Cluster  4  # of cells  55
 Cluster  5  # of cells  21
 Cluster  0  # of cells  157
 Cluster  3  # of cells  93
 Cluster  1  # of cells  174
 Tp cluster cell dict  {'4_2': 28, '5_2': 4, '2_2': 33, '0_2': 35, '4_3': 55, '5_3': 21, '0_3': 157, '3_3': 93, '1_3': 174}
 New Graph is here 
 ID  0  Timepoint  1  Mutations  []  Type  subclone
 ID  1  Timepoint  2  Mutations  [0, 1, 2, 3]  Type  subclone
 ID  2  Timepoint  2  Mutations  [0, 1, 2, 3, 9, 10, 11, 12, 13, 14, 15, 16, 17, 18, 19, 20, 21, 22, 23]  Type  subclone
 ID  3  Timepoint  2  Mutations  [4, 5, 6, 7, 8, 24, 25, 26, 27, 28, 29]  Type  subclone
 ID  4  Timepoint  2  Mutations  [4, 5, 6, 7, 8, 30, 31, 32, 33, 34, 35, 36, 37, 38, 39]  Type  subclone
 ID  5  Timepoint  3  Mutations  [0, 1, 2, 3]  Type  subclone
 ID  6  Timepoint  3  Mutations  [0, 1, 2, 3, 9, 10, 11, 12, 13, 14, 15, 16, 17, 18, 19, 20, 21, 22, 23]  Type  subclone
 ID  7  Timepoint  3  Mutations  [4, 5, 6, 7, 8, 30, 31, 32, 33, 34, 35, 36, 37, 38, 39]  Type  subclone
 ID  8  Timepoint  3  Mutations  [0, 1, 2, 3, 40, 41, 42, 43, 44, 45, 46, 47]  Type  subclone
 ID  9  Timepoint  3  Mutations  [4, 5, 6, 7, 8, 30, 31, 32, 33, 34, 35, 36, 37, 38, 39, 48, 49, 50, 51, 52, 53, 54, 55, 56, 57, 58]  Type  subclone
Timepoints  SortedDict({1: [0], 2: [1, 2, 3, 4], 3: [5, 6, 7, 8, 9]})
 Clone to nodes  {'4_2': 1, '5_2': 2, '2_2': 3, '0_2': 4, '4_3': 5, '5_3': 6, '0_3': 7, '3_3': 8, '1_3': 9}
 Timepoint ====  1
 Hash table  {'0,1': [0, 1, 2, 3], '1': [9, 10, 11, 12, 13, 14, 15, 16, 17, 18, 19, 20, 21, 22, 23], '2,3': [4, 5, 6, 7, 8], '2': [24, 25, 26, 27, 28, 29], '3': [30, 31, 32, 33, 34, 35, 36, 37, 38, 39]}
 Final possible usc  [[0, 1, 2, 3], [9, 10, 11, 12, 13, 14, 15, 16, 17, 18, 19, 20, 21, 22, 23], [4, 5, 6, 7, 8], [24, 25, 26, 27, 28, 29], [30, 31, 32, 33, 34, 35, 36, 37, 38, 39]]
 Time  1  USC keys  {'30,31,32,33,34,35,36,37,38,39_0', '24,25,26,27,28,29_0', '0,1,2,3_0', '9,10,11,12,13,14,15,16,17,18,19,20,21,22,23_0', '4,5,6,7,8_0'}
 USC children  {'0,1,2,3_0': [1, 2], '9,10,11,12,13,14,15,16,17,18,19,20,21,22,23_0': [2], '4,5,6,7,8_0': [3, 4], '24,25,26,27,28,29_0': [3], '30,31,32,33,34,35,36,37,38,39_0': [4]}
 USC children  {'0,1,2,3_0': [1, 2], '9,10,11,12,13,14,15,16,17,18,19,20,21,22,23_0': [2], '4,5,6,7,8_0': [3, 4], '24,25,26,27,28,29_0': [3], '30,31,32,33,34,35,36,37,38,39_0': [4]}
 Timepoint ====  2
 Hash table  {'0': [0, 1, 2, 3, 40, 41, 42, 43, 44, 45, 46, 47], '1': [4, 5, 6, 7, 8, 30, 31, 32, 33, 34, 35, 36, 37, 38, 39, 48, 49, 50, 51, 52, 53, 54, 55, 56, 57, 58]}
====== Inside find superset of t nodes ==========
 Final possible usc  [[0, 1, 2, 3, 40, 41, 42, 43, 44, 45, 46, 47], [4, 5, 6, 7, 8, 30, 31, 32, 33, 34, 35, 36, 37, 38, 39, 48, 49, 50, 51, 52, 53, 54, 55, 56, 57, 58]]
 Time  2  USC keys  {'0,1,2,3,40,41,42,43,44,45,46,47_1', '4,5,6,7,8,30,31,32,33,34,35,36,37,38,39,48,49,50,51,52,53,54,55,56,57,58_4'}
 USC children  {'0,1,2,3_0': [1, 2], '9,10,11,12,13,14,15,16,17,18,19,20,21,22,23_0': [2], '4,5,6,7,8_0': [3, 4], '24,25,26,27,28,29_0': [3], '30,31,32,33,34,35,36,37,38,39_0': [4], '0,1,2,3,40,41,42,43,44,45,46,47_1': [8], '4,5,6,7,8,30,31,32,33,34,35,36,37,38,39,48,49,50,51,52,53,54,55,56,57,58_4': [9]}
 USC children  {'0,1,2,3_0': [1, 2], '9,10,11,12,13,14,15,16,17,18,19,20,21,22,23_0': [2], '4,5,6,7,8_0': [3, 4], '24,25,26,27,28,29_0': [3], '30,31,32,33,34,35,36,37,38,39_0': [4], '0,1,2,3,40,41,42,43,44,45,46,47_1': [8], '4,5,6,7,8,30,31,32,33,34,35,36,37,38,39,48,49,50,51,52,53,54,55,56,57,58_4': [9]}
 Node s  {'1,2': ['0', '1', '2', '3'], '3,4': ['4', '5', '6', '7', '8'], '8': ['0', '1', '2', '3', '40', '41', '42', '43', '44', '45', '46', '47'], '9': ['4', '5', '6', '7', '8', '30', '31', '32', '33', '34', '35', '36', '37', '38', '39', '48', '49', '50', '51', '52', '53', '54', '55', '56', '57', '58']}
 Enroll USC nodes  ['1', '2']  len  2
 Enroll USC nodes  ['3', '4']  len  2
 Enroll USC nodes  ['8']  len  1
 Enroll USC nodes  ['9']  len  1
 Node TP  SortedDict({1: [0], 2: [1, 2, 3, 4], 3: [5, 6, 7, 8, 9]})
 Unobserved subclones at timepoints  {1.5: [10, 11]}
 ============== Inside finding node v ============ 
 Time  2
 Time  3
 largest_v_mut  [[0, 1, 2, 3]]
 largest_v_mut  [[32, 33, 34, 35, 4, 5, 6, 7, 8, 36, 37, 38, 39, 30, 31]]
 Sorted all timepoints  [1, 1.5, 2, 3]
 Timepoint  2
 Inside usc_node check  2
 Timepoint  3
0   1   [-1]   subclone   []   []
1   2   [10]   subclone   [0, 1, 2, 3]   [0]
2   2   [10]   subclone   [0, 1, 2, 3, 9, 10, 11, 12, 13, 14, 15, 16, 17, 18, 19, 20, 21, 22, 23]   [15]
3   2   [11]   subclone   [4, 5, 6, 7, 8, 24, 25, 26, 27, 28, 29]   [6]
4   2   [11]   subclone   [4, 5, 6, 7, 8, 30, 31, 32, 33, 34, 35, 36, 37, 38, 39]   [10]
5   3   [1]   subclone   [0, 1, 2, 3]   [0]
6   3   [2]   subclone   [0, 1, 2, 3, 9, 10, 11, 12, 13, 14, 15, 16, 17, 18, 19, 20, 21, 22, 23]   [0]
7   3   [4]   subclone   [4, 5, 6, 7, 8, 30, 31, 32, 33, 34, 35, 36, 37, 38, 39]   [0]
8   3   [1]   subclone   [0, 1, 2, 3, 40, 41, 42, 43, 44, 45, 46, 47]   [8]
9   3   [4]   subclone   [4, 5, 6, 7, 8, 30, 31, 32, 33, 34, 35, 36, 37, 38, 39, 48, 49, 50, 51, 52, 53, 54, 55, 56, 57, 58]   [11]
10   1.5   [0]   unobserved subclone   [0, 1, 2, 3]   [4]
11   1.5   [0]   unobserved subclone   [4, 5, 6, 7, 8]   [5]
8
 Total estimated FP  199  True negatives  20359
 Total estimated FN  1537  True positives  6225
 Estimated FP rate  0.03098
 Estimated FN rate  0.07
 No. of Cells in each cluster  {'4_2': 28, '4_3': 53, '5_2': 4, '5_3': 21, '6_2': 33, '0_2': 35, '0_3': 151, '3_3': 95, '2_3': 4, '1_3': 175, '7_3': 1}
 Cells in each cluster  {'4_2': [0, 1, 2, 3, 4, 5, 6, 7, 8, 9, 10, 11, 12, 13, 14, 15, 16, 17, 18, 19, 20, 21, 22, 23, 24, 25, 26, 27], '4_3': [121, 122, 123, 124, 125, 126, 127, 128, 129, 130, 131, 132, 133, 134, 135, 136, 137, 138, 139, 140, 141, 142, 143, 144, 145, 146, 147, 148, 149, 150, 151, 152, 153, 154, 155, 156, 157, 158, 159, 160, 161, 162, 163, 164, 165, 166, 167, 168, 169, 170, 171, 172, 173], '5_2': [28, 29, 30, 31], '5_3': [100, 101, 102, 103, 104, 105, 106, 107, 108, 109, 110, 111, 112, 113, 114, 115, 116, 117, 118, 119, 120], '6_2': [32, 33, 34, 35, 36, 37, 38, 39, 40, 41, 42, 43, 44, 45, 46, 47, 48, 49, 50, 51, 52, 53, 54, 55, 56, 57, 58, 59, 60, 61, 62, 63, 64], '0_2': [65, 66, 67, 68, 69, 70, 71, 72, 73, 74, 75, 76, 77, 78, 79, 80, 81, 82, 83, 84, 85, 86, 87, 88, 89, 90, 91, 92, 93, 94, 95, 96, 97, 98, 99], '0_3': [269, 270, 271, 272, 273, 274, 275, 276, 277, 278, 279, 280, 281, 282, 283, 284, 285, 286, 287, 288, 289, 290, 291, 292, 294, 295, 296, 297, 298, 299, 300, 301, 302, 303, 304, 305, 306, 308, 309, 310, 311, 312, 313, 314, 315, 316, 317, 318, 319, 320, 321, 322, 323, 324, 325, 326, 327, 328, 329, 330, 331, 332, 333, 334, 335, 336, 337, 338, 339, 340, 341, 342, 343, 344, 345, 346, 347, 348, 350, 351, 352, 353, 354, 355, 356, 357, 358, 359, 360, 361, 362, 363, 364, 365, 366, 367, 368, 369, 370, 371, 372, 373, 374, 375, 376, 377, 378, 379, 380, 381, 382, 383, 384, 385, 386, 387, 388, 389, 391, 392, 393, 394, 395, 396, 397, 398, 399, 400, 401, 402, 403, 404, 405, 406, 407, 408, 409, 410, 411, 412, 413, 414, 415, 416, 417, 418, 419, 420, 421, 422, 423], '3_3': [174, 175, 176, 177, 178, 179, 180, 181, 182, 183, 184, 185, 186, 187, 188, 189, 190, 191, 192, 193, 194, 195, 196, 197, 198, 199, 200, 201, 202, 203, 204, 205, 206, 207, 208, 209, 210, 211, 212, 213, 214, 215, 216, 217, 218, 219, 220, 221, 222, 223, 224, 225, 226, 227, 228, 229, 230, 231, 232, 233, 234, 235, 236, 237, 238, 239, 240, 241, 242, 243, 244, 245, 246, 247, 248, 249, 250, 251, 252, 253, 254, 255, 256, 257, 258, 259, 260, 261, 262, 263, 264, 265, 266, 267, 268], '2_3': [293, 307, 349, 390], '1_3': [424, 425, 426, 427, 428, 429, 430, 431, 432, 433, 434, 435, 436, 437, 438, 439, 440, 441, 442, 444, 445, 446, 447, 448, 449, 450, 451, 452, 453, 454, 455, 456, 457, 458, 459, 460, 461, 462, 463, 464, 465, 466, 467, 468, 469, 470, 471, 472, 473, 474, 475, 476, 477, 478, 479, 480, 481, 482, 483, 484, 485, 486, 487, 488, 489, 490, 491, 492, 493, 494, 495, 496, 497, 498, 499, 500, 501, 502, 503, 504, 505, 506, 507, 508, 509, 510, 511, 512, 513, 514, 515, 516, 517, 518, 519, 520, 521, 522, 523, 524, 525, 526, 527, 528, 529, 530, 531, 532, 533, 534, 535, 536, 537, 538, 539, 540, 541, 542, 543, 544, 545, 546, 547, 548, 549, 550, 551, 552, 553, 554, 555, 556, 557, 558, 559, 560, 561, 562, 563, 564, 565, 566, 567, 568, 569, 570, 571, 572, 573, 574, 575, 576, 577, 578, 579, 580, 581, 582, 583, 584, 585, 586, 587, 588, 589, 590, 591, 592, 593, 594, 595, 596, 597, 598, 599], '7_3': [443]}
FP rate  0.03098 FN rate  0.07
 Before reassigning cells 
 Timepoint  2
 Cluster  4  # of cells  28
 Cluster  5  # of cells  4
 Cluster  6  # of cells  33
 Cluster  0  # of cells  35
 Timepoint  3
 Cluster  4  # of cells  55
 Cluster  5  # of cells  21
 Cluster  0  # of cells  153
 Cluster  3  # of cells  93
 Cluster  2  # of cells  4
 Cluster  1  # of cells  173
 Cluster  7  # of cells  1
 Cells absent at timepoint  2   set()
 Cells absent at timepoint  3   set()
 Timepoint  2
 Timepoint  3
 After reassigning and merging cells 
 Timepoint  2
 Cluster  4  # of cells  28
 Cluster  5  # of cells  4
 Cluster  6  # of cells  33
 Cluster  0  # of cells  35
 Timepoint  3
 Cluster  4  # of cells  55
 Cluster  5  # of cells  21
 Cluster  0  # of cells  153
 Cluster  3  # of cells  93
 Cluster  2  # of cells  4
 Cluster  1  # of cells  173
 Cluster  7  # of cells  1
 Tp cluster cell dict  {'4_2': 28, '5_2': 4, '6_2': 33, '0_2': 35, '4_3': 55, '5_3': 21, '0_3': 153, '3_3': 93, '2_3': 4, '1_3': 173, '7_3': 1}
 New Graph is here 
 ID  0  Timepoint  1  Mutations  []  Type  subclone
 ID  1  Timepoint  2  Mutations  [0, 1, 2, 3]  Type  subclone
 ID  2  Timepoint  2  Mutations  [0, 1, 2, 3, 9, 10, 11, 12, 13, 14, 15, 16, 17, 18, 19, 20, 21, 22, 23]  Type  subclone
 ID  3  Timepoint  2  Mutations  [4, 5, 6, 7, 8, 24, 25, 26, 27, 28, 29]  Type  subclone
 ID  4  Timepoint  2  Mutations  [4, 5, 6, 7, 8, 30, 31, 32, 33, 34, 35, 36, 37, 38, 39]  Type  subclone
 ID  5  Timepoint  3  Mutations  [0, 1, 2, 3]  Type  subclone
 ID  6  Timepoint  3  Mutations  [0, 1, 2, 3, 9, 10, 11, 12, 13, 14, 15, 16, 17, 18, 19, 20, 21, 22, 23]  Type  subclone
 ID  7  Timepoint  3  Mutations  [4, 5, 6, 7, 8, 30, 31, 32, 33, 34, 35, 36, 37, 38, 39]  Type  subclone
 ID  8  Timepoint  3  Mutations  [0, 1, 2, 3, 40, 41, 42, 43, 44, 45, 46, 47]  Type  subclone
 ID  9  Timepoint  3  Mutations  [5, 6, 7, 8, 9, 31, 34, 35, 36, 37, 41, 49]  Type  subclone
 ID  10  Timepoint  3  Mutations  [4, 5, 6, 7, 8, 30, 31, 32, 33, 34, 35, 36, 37, 38, 39, 48, 49, 50, 51, 52, 53, 54, 55, 56, 57, 58]  Type  subclone
 ID  11  Timepoint  3  Mutations  [3, 4, 5, 6, 7, 11, 15, 16, 30, 31, 34, 35, 36, 37, 38, 48, 49, 50, 55, 56, 57, 58]  Type  subclone
Timepoints  SortedDict({1: [0], 2: [1, 2, 3, 4], 3: [5, 6, 7, 8, 9, 10, 11]})
 Clone to nodes  {'4_2': 1, '5_2': 2, '6_2': 3, '0_2': 4, '4_3': 5, '5_3': 6, '0_3': 7, '3_3': 8, '2_3': 9, '1_3': 10, '7_3': 11}
 Timepoint ====  1
 Hash table  {'0,1': [0, 1, 2, 3], '1': [9, 10, 11, 12, 13, 14, 15, 16, 17, 18, 19, 20, 21, 22, 23], '2,3': [4, 5, 6, 7, 8], '2': [24, 25, 26, 27, 28, 29], '3': [30, 31, 32, 33, 34, 35, 36, 37, 38, 39]}
 Final possible usc  [[0, 1, 2, 3], [9, 10, 11, 12, 13, 14, 15, 16, 17, 18, 19, 20, 21, 22, 23], [4, 5, 6, 7, 8], [24, 25, 26, 27, 28, 29], [30, 31, 32, 33, 34, 35, 36, 37, 38, 39]]
 Time  1  USC keys  {'4,5,6,7,8_0', '9,10,11,12,13,14,15,16,17,18,19,20,21,22,23_0', '30,31,32,33,34,35,36,37,38,39_0', '24,25,26,27,28,29_0', '0,1,2,3_0'}
 USC children  {'0,1,2,3_0': [1, 2], '9,10,11,12,13,14,15,16,17,18,19,20,21,22,23_0': [2], '4,5,6,7,8_0': [3, 4], '24,25,26,27,28,29_0': [3], '30,31,32,33,34,35,36,37,38,39_0': [4]}
 USC children  {'0,1,2,3_0': [1, 2], '9,10,11,12,13,14,15,16,17,18,19,20,21,22,23_0': [2], '4,5,6,7,8_0': [3, 4], '24,25,26,27,28,29_0': [3], '30,31,32,33,34,35,36,37,38,39_0': [4]}
 Timepoint ====  2
 Hash table  {'0': [0, 1, 2, 40, 42, 43, 44, 45, 46, 47], '0,3': [3], '0,1': [41], '1,2,3': [5, 6, 7, 31, 34, 35, 36, 37, 49], '1,2': [8], '1': [9], '2,3': [4, 30, 38, 48, 50, 55, 56, 57, 58], '2': [32, 33, 39, 51, 52, 53, 54], '3': [11, 15, 16]}
====== Inside find superset of t nodes ==========
 Final possible usc  []
 Time  2  USC keys  set()
 USC children  {'0,1,2,3_0': [1, 2], '9,10,11,12,13,14,15,16,17,18,19,20,21,22,23_0': [2], '4,5,6,7,8_0': [3, 4], '24,25,26,27,28,29_0': [3], '30,31,32,33,34,35,36,37,38,39_0': [4]}
 USC children  {'0,1,2,3_0': [1, 2], '9,10,11,12,13,14,15,16,17,18,19,20,21,22,23_0': [2], '4,5,6,7,8_0': [3, 4], '24,25,26,27,28,29_0': [3], '30,31,32,33,34,35,36,37,38,39_0': [4]}
 Node s  {'1,2': ['0', '1', '2', '3'], '3,4': ['4', '5', '6', '7', '8']}
 Enroll USC nodes  ['1', '2']  len  2
 Enroll USC nodes  ['3', '4']  len  2
 Node TP  SortedDict({1: [0], 2: [1, 2, 3, 4], 3: [5, 6, 7, 8, 9, 10, 11]})
 Unobserved subclones at timepoints  {1.5: [12, 13]}
 ============== Inside finding node v ============ 
 Time  2
 Time  3
 largest_v_mut  [[0, 1, 2, 3]]
 largest_v_mut  []
 largest_v_mut  [[32, 33, 34, 35, 4, 5, 6, 7, 8, 36, 37, 38, 39, 30, 31]]
 largest_v_mut  []
 Sorted all timepoints  [1, 1.5, 2, 3]
 Timepoint  2
 Inside usc_node check  2
 Timepoint  3
 Node  9  has no parent 
 USC nodes  []
 Node with minimum mutation sets  {1: 4, 2: 18, 3: 7, 4: 6}
 Node  11  has no parent 
 USC nodes  []
 Node with minimum mutation sets  {1: 3, 2: 15, 3: 7, 4: 4}
0   1   [-1]   subclone   []   []
1   2   [12]   subclone   [0, 1, 2, 3]   [0]
2   2   [12]   subclone   [0, 1, 2, 3, 9, 10, 11, 12, 13, 14, 15, 16, 17, 18, 19, 20, 21, 22, 23]   [15]
3   2   [13]   subclone   [4, 5, 6, 7, 8, 24, 25, 26, 27, 28, 29]   [6]
4   2   [13]   subclone   [4, 5, 6, 7, 8, 30, 31, 32, 33, 34, 35, 36, 37, 38, 39]   [10]
5   3   [1]   subclone   [0, 1, 2, 3]   [0]
6   3   [2]   subclone   [0, 1, 2, 3, 9, 10, 11, 12, 13, 14, 15, 16, 17, 18, 19, 20, 21, 22, 23]   [0]
7   3   [4]   subclone   [4, 5, 6, 7, 8, 30, 31, 32, 33, 34, 35, 36, 37, 38, 39]   [0]
8   3   [1]   subclone   [0, 1, 2, 3, 40, 41, 42, 43, 44, 45, 46, 47]   [8]
9   3   [1]   subclone   [5, 6, 7, 8, 9, 31, 34, 35, 36, 37, 41, 49]   [12]
10   3   [4]   subclone   [4, 5, 6, 7, 8, 30, 31, 32, 33, 34, 35, 36, 37, 38, 39, 48, 49, 50, 51, 52, 53, 54, 55, 56, 57, 58]   [11]
11   3   [1]   subclone   [3, 4, 5, 6, 7, 11, 15, 16, 30, 31, 34, 35, 36, 37, 38, 48, 49, 50, 55, 56, 57, 58]   [21]
12   1.5   [0]   unobserved subclone   [0, 1, 2, 3]   [4]
13   1.5   [0]   unobserved subclone   [4, 5, 6, 7, 8]   [5]
8
 Total estimated FP  199  True negatives  20358
 Total estimated FN  1538  True positives  6225
 Estimated FP rate  0.03098
 Estimated FN rate  0.07
 No. of Cells in each cluster  {'4_2': 28, '4_3': 53, '5_2': 4, '5_3': 21, '6_2': 33, '0_2': 35, '0_3': 151, '3_3': 95, '2_3': 4, '1_3': 175, '7_3': 1}
 Cells in each cluster  {'4_2': [0, 1, 2, 3, 4, 5, 6, 7, 8, 9, 10, 11, 12, 13, 14, 15, 16, 17, 18, 19, 20, 21, 22, 23, 24, 25, 26, 27], '4_3': [121, 122, 123, 124, 125, 126, 127, 128, 129, 130, 131, 132, 133, 134, 135, 136, 137, 138, 139, 140, 141, 142, 143, 144, 145, 146, 147, 148, 149, 150, 151, 152, 153, 154, 155, 156, 157, 158, 159, 160, 161, 162, 163, 164, 165, 166, 167, 168, 169, 170, 171, 172, 173], '5_2': [28, 29, 30, 31], '5_3': [100, 101, 102, 103, 104, 105, 106, 107, 108, 109, 110, 111, 112, 113, 114, 115, 116, 117, 118, 119, 120], '6_2': [32, 33, 34, 35, 36, 37, 38, 39, 40, 41, 42, 43, 44, 45, 46, 47, 48, 49, 50, 51, 52, 53, 54, 55, 56, 57, 58, 59, 60, 61, 62, 63, 64], '0_2': [65, 66, 67, 68, 69, 70, 71, 72, 73, 74, 75, 76, 77, 78, 79, 80, 81, 82, 83, 84, 85, 86, 87, 88, 89, 90, 91, 92, 93, 94, 95, 96, 97, 98, 99], '0_3': [269, 270, 271, 272, 273, 274, 275, 276, 277, 278, 279, 280, 281, 282, 283, 284, 285, 286, 287, 288, 289, 290, 291, 292, 294, 295, 296, 297, 298, 299, 300, 301, 302, 303, 304, 305, 306, 308, 309, 310, 311, 312, 313, 314, 315, 316, 317, 318, 319, 320, 321, 322, 323, 324, 325, 326, 327, 328, 329, 330, 331, 332, 333, 334, 335, 336, 337, 338, 339, 340, 341, 342, 343, 344, 345, 346, 347, 348, 350, 351, 352, 353, 354, 355, 356, 357, 358, 359, 360, 361, 362, 363, 364, 365, 366, 367, 368, 369, 370, 371, 372, 373, 374, 375, 376, 377, 378, 379, 380, 381, 382, 383, 384, 385, 386, 387, 388, 389, 391, 392, 393, 394, 395, 396, 397, 398, 399, 400, 401, 402, 403, 404, 405, 406, 407, 408, 409, 410, 411, 412, 413, 414, 415, 416, 417, 418, 419, 420, 421, 422, 423], '3_3': [174, 175, 176, 177, 178, 179, 180, 181, 182, 183, 184, 185, 186, 187, 188, 189, 190, 191, 192, 193, 194, 195, 196, 197, 198, 199, 200, 201, 202, 203, 204, 205, 206, 207, 208, 209, 210, 211, 212, 213, 214, 215, 216, 217, 218, 219, 220, 221, 222, 223, 224, 225, 226, 227, 228, 229, 230, 231, 232, 233, 234, 235, 236, 237, 238, 239, 240, 241, 242, 243, 244, 245, 246, 247, 248, 249, 250, 251, 252, 253, 254, 255, 256, 257, 258, 259, 260, 261, 262, 263, 264, 265, 266, 267, 268], '2_3': [293, 307, 349, 390], '1_3': [424, 425, 426, 427, 428, 429, 430, 431, 432, 433, 434, 435, 436, 437, 438, 439, 440, 441, 442, 444, 445, 446, 447, 448, 449, 450, 451, 452, 453, 454, 455, 456, 457, 458, 459, 460, 461, 462, 463, 464, 465, 466, 467, 468, 469, 470, 471, 472, 473, 474, 475, 476, 477, 478, 479, 480, 481, 482, 483, 484, 485, 486, 487, 488, 489, 490, 491, 492, 493, 494, 495, 496, 497, 498, 499, 500, 501, 502, 503, 504, 505, 506, 507, 508, 509, 510, 511, 512, 513, 514, 515, 516, 517, 518, 519, 520, 521, 522, 523, 524, 525, 526, 527, 528, 529, 530, 531, 532, 533, 534, 535, 536, 537, 538, 539, 540, 541, 542, 543, 544, 545, 546, 547, 548, 549, 550, 551, 552, 553, 554, 555, 556, 557, 558, 559, 560, 561, 562, 563, 564, 565, 566, 567, 568, 569, 570, 571, 572, 573, 574, 575, 576, 577, 578, 579, 580, 581, 582, 583, 584, 585, 586, 587, 588, 589, 590, 591, 592, 593, 594, 595, 596, 597, 598, 599], '7_3': [443]}
FP rate  0.03098 FN rate  0.07
 Before reassigning cells 
 Timepoint  2
 Cluster  4  # of cells  28
 Cluster  5  # of cells  4
 Cluster  6  # of cells  33
 Cluster  0  # of cells  35
 Timepoint  3
 Cluster  4  # of cells  55
 Cluster  5  # of cells  21
 Cluster  0  # of cells  152
 Cluster  3  # of cells  93
 Cluster  2  # of cells  5
 Cluster  1  # of cells  173
 Cluster  7  # of cells  1
 Cells absent at timepoint  3   set()
 Cells absent at timepoint  2   set()
 Timepoint  2
 Timepoint  3
 After reassigning and merging cells 
 Timepoint  2
 Cluster  4  # of cells  28
 Cluster  5  # of cells  4
 Cluster  6  # of cells  33
 Cluster  0  # of cells  35
 Timepoint  3
 Cluster  4  # of cells  55
 Cluster  5  # of cells  21
 Cluster  0  # of cells  152
 Cluster  3  # of cells  93
 Cluster  2  # of cells  5
 Cluster  1  # of cells  173
 Cluster  7  # of cells  1
 Tp cluster cell dict  {'4_2': 28, '5_2': 4, '6_2': 33, '0_2': 35, '4_3': 55, '5_3': 21, '0_3': 152, '3_3': 93, '2_3': 5, '1_3': 173, '7_3': 1}
 New Graph is here 
 ID  0  Timepoint  1  Mutations  []  Type  subclone
 ID  1  Timepoint  2  Mutations  [0, 1, 2, 3]  Type  subclone
 ID  2  Timepoint  2  Mutations  [0, 1, 2, 3, 9, 10, 11, 12, 13, 14, 15, 16, 17, 18, 19, 20, 21, 22, 23]  Type  subclone
 ID  3  Timepoint  2  Mutations  [4, 5, 6, 7, 8, 24, 25, 26, 27, 28, 29]  Type  subclone
 ID  4  Timepoint  2  Mutations  [4, 5, 6, 7, 8, 30, 31, 32, 33, 34, 35, 36, 37, 38, 39]  Type  subclone
 ID  5  Timepoint  3  Mutations  [0, 1, 2, 3]  Type  subclone
 ID  6  Timepoint  3  Mutations  [0, 1, 2, 3, 9, 10, 11, 12, 13, 14, 15, 16, 17, 18, 19, 20, 21, 22, 23]  Type  subclone
 ID  7  Timepoint  3  Mutations  [4, 5, 6, 7, 8, 30, 31, 32, 33, 34, 35, 36, 37, 38, 39]  Type  subclone
 ID  8  Timepoint  3  Mutations  [0, 1, 2, 3, 40, 41, 42, 43, 44, 45, 46, 47]  Type  subclone
 ID  9  Timepoint  3  Mutations  [4, 5, 6, 7, 8, 9, 31, 34, 35, 36, 37, 38, 41]  Type  subclone
 ID  10  Timepoint  3  Mutations  [4, 5, 6, 7, 8, 30, 31, 32, 33, 34, 35, 36, 37, 38, 39, 48, 49, 50, 51, 52, 53, 54, 55, 56, 57, 58]  Type  subclone
 ID  11  Timepoint  3  Mutations  [4, 5, 7, 11, 12, 15, 16, 19, 30, 31, 33, 34, 35, 36, 37, 38, 49, 50, 55, 56, 57, 58]  Type  subclone
Timepoints  SortedDict({1: [0], 2: [1, 2, 3, 4], 3: [5, 6, 7, 8, 9, 10, 11]})
 Clone to nodes  {'4_2': 1, '5_2': 2, '6_2': 3, '0_2': 4, '4_3': 5, '5_3': 6, '0_3': 7, '3_3': 8, '2_3': 9, '1_3': 10, '7_3': 11}
 Timepoint ====  1
 Hash table  {'0,1': [0, 1, 2, 3], '1': [9, 10, 11, 12, 13, 14, 15, 16, 17, 18, 19, 20, 21, 22, 23], '2,3': [4, 5, 6, 7, 8], '2': [24, 25, 26, 27, 28, 29], '3': [30, 31, 32, 33, 34, 35, 36, 37, 38, 39]}
 Final possible usc  [[0, 1, 2, 3], [9, 10, 11, 12, 13, 14, 15, 16, 17, 18, 19, 20, 21, 22, 23], [4, 5, 6, 7, 8], [24, 25, 26, 27, 28, 29], [30, 31, 32, 33, 34, 35, 36, 37, 38, 39]]
 Time  1  USC keys  {'24,25,26,27,28,29_0', '9,10,11,12,13,14,15,16,17,18,19,20,21,22,23_0', '4,5,6,7,8_0', '30,31,32,33,34,35,36,37,38,39_0', '0,1,2,3_0'}
 USC children  {'0,1,2,3_0': [1, 2], '9,10,11,12,13,14,15,16,17,18,19,20,21,22,23_0': [2], '4,5,6,7,8_0': [3, 4], '24,25,26,27,28,29_0': [3], '30,31,32,33,34,35,36,37,38,39_0': [4]}
 USC children  {'0,1,2,3_0': [1, 2], '9,10,11,12,13,14,15,16,17,18,19,20,21,22,23_0': [2], '4,5,6,7,8_0': [3, 4], '24,25,26,27,28,29_0': [3], '30,31,32,33,34,35,36,37,38,39_0': [4]}
 Timepoint ====  2
 Hash table  {'0': [0, 1, 2, 3, 40, 42, 43, 44, 45, 46, 47], '0,1': [41], '1,2,3': [4, 5, 7, 31, 34, 35, 36, 37, 38], '1,2': [6, 8], '1': [9], '2,3': [30, 33, 49, 50, 55, 56, 57, 58], '2': [32, 39, 48, 51, 52, 53, 54], '3': [11, 12, 15, 16, 19]}
====== Inside find superset of t nodes ==========
 Final possible usc  [[0, 1, 2, 3, 40, 42, 43, 44, 45, 46, 47]]
 Time  2  USC keys  {'0,1,2,3,40,42,43,44,45,46,47_1'}
 USC children  {'0,1,2,3_0': [1, 2], '9,10,11,12,13,14,15,16,17,18,19,20,21,22,23_0': [2], '4,5,6,7,8_0': [3, 4], '24,25,26,27,28,29_0': [3], '30,31,32,33,34,35,36,37,38,39_0': [4], '0,1,2,3,40,42,43,44,45,46,47_1': [8]}
 USC children  {'0,1,2,3_0': [1, 2], '9,10,11,12,13,14,15,16,17,18,19,20,21,22,23_0': [2], '4,5,6,7,8_0': [3, 4], '24,25,26,27,28,29_0': [3], '30,31,32,33,34,35,36,37,38,39_0': [4], '0,1,2,3,40,42,43,44,45,46,47_1': [8]}
 Node s  {'1,2': ['0', '1', '2', '3'], '3,4': ['4', '5', '6', '7', '8'], '8': ['0', '1', '2', '3', '40', '42', '43', '44', '45', '46', '47']}
 Enroll USC nodes  ['1', '2']  len  2
 Enroll USC nodes  ['3', '4']  len  2
 Enroll USC nodes  ['8']  len  1
 Node TP  SortedDict({1: [0], 2: [1, 2, 3, 4], 3: [5, 6, 7, 8, 9, 10, 11]})
 Unobserved subclones at timepoints  {1.5: [12, 13]}
 ============== Inside finding node v ============ 
 Time  2
 Time  3
 largest_v_mut  [[0, 1, 2, 3]]
 largest_v_mut  []
 largest_v_mut  [[32, 33, 34, 35, 4, 5, 6, 7, 8, 36, 37, 38, 39, 30, 31]]
 largest_v_mut  []
 Sorted all timepoints  [1, 1.5, 2, 3]
 Timepoint  2
 Inside usc_node check  2
 Timepoint  3
 Node  9  has no parent 
 USC nodes  []
 Node with minimum mutation sets  {1: 4, 2: 18, 3: 6, 4: 4}
 Node  11  has no parent 
 USC nodes  []
 Node with minimum mutation sets  {1: 4, 2: 14, 3: 8, 4: 4}
0   1   [-1]   subclone   []   []
1   2   [12]   subclone   [0, 1, 2, 3]   [0]
2   2   [12]   subclone   [0, 1, 2, 3, 9, 10, 11, 12, 13, 14, 15, 16, 17, 18, 19, 20, 21, 22, 23]   [15]
3   2   [13]   subclone   [4, 5, 6, 7, 8, 24, 25, 26, 27, 28, 29]   [6]
4   2   [13]   subclone   [4, 5, 6, 7, 8, 30, 31, 32, 33, 34, 35, 36, 37, 38, 39]   [10]
5   3   [1]   subclone   [0, 1, 2, 3]   [0]
6   3   [2]   subclone   [0, 1, 2, 3, 9, 10, 11, 12, 13, 14, 15, 16, 17, 18, 19, 20, 21, 22, 23]   [0]
7   3   [4]   subclone   [4, 5, 6, 7, 8, 30, 31, 32, 33, 34, 35, 36, 37, 38, 39]   [0]
8   3   [1]   subclone   [0, 1, 2, 3, 40, 41, 42, 43, 44, 45, 46, 47]   [8]
9   3   [1]   subclone   [4, 5, 6, 7, 8, 9, 31, 34, 35, 36, 37, 38, 41]   [13]
10   3   [4]   subclone   [4, 5, 6, 7, 8, 30, 31, 32, 33, 34, 35, 36, 37, 38, 39, 48, 49, 50, 51, 52, 53, 54, 55, 56, 57, 58]   [11]
11   3   [1]   subclone   [4, 5, 7, 11, 12, 15, 16, 19, 30, 31, 33, 34, 35, 36, 37, 38, 49, 50, 55, 56, 57, 58]   [22]
12   1.5   [0]   unobserved subclone   [0, 1, 2, 3]   [4]
13   1.5   [0]   unobserved subclone   [4, 5, 6, 7, 8]   [5]
7
 Total estimated FP  202  True negatives  20352
 Total estimated FN  1544  True positives  6222
 Estimated FP rate  0.03144
 Estimated FN rate  0.07
 No. of Cells in each cluster  {'4_2': 28, '4_3': 53, '5_2': 4, '5_3': 21, '6_2': 33, '0_2': 35, '0_3': 151, '3_3': 95, '2_3': 4, '1_3': 176}
 Cells in each cluster  {'4_2': [0, 1, 2, 3, 4, 5, 6, 7, 8, 9, 10, 11, 12, 13, 14, 15, 16, 17, 18, 19, 20, 21, 22, 23, 24, 25, 26, 27], '4_3': [121, 122, 123, 124, 125, 126, 127, 128, 129, 130, 131, 132, 133, 134, 135, 136, 137, 138, 139, 140, 141, 142, 143, 144, 145, 146, 147, 148, 149, 150, 151, 152, 153, 154, 155, 156, 157, 158, 159, 160, 161, 162, 163, 164, 165, 166, 167, 168, 169, 170, 171, 172, 173], '5_2': [28, 29, 30, 31], '5_3': [100, 101, 102, 103, 104, 105, 106, 107, 108, 109, 110, 111, 112, 113, 114, 115, 116, 117, 118, 119, 120], '6_2': [32, 33, 34, 35, 36, 37, 38, 39, 40, 41, 42, 43, 44, 45, 46, 47, 48, 49, 50, 51, 52, 53, 54, 55, 56, 57, 58, 59, 60, 61, 62, 63, 64], '0_2': [65, 66, 67, 68, 69, 70, 71, 72, 73, 74, 75, 76, 77, 78, 79, 80, 81, 82, 83, 84, 85, 86, 87, 88, 89, 90, 91, 92, 93, 94, 95, 96, 97, 98, 99], '0_3': [269, 270, 271, 272, 273, 274, 275, 276, 277, 278, 279, 280, 281, 282, 283, 284, 285, 286, 287, 288, 289, 290, 291, 292, 294, 295, 296, 297, 298, 299, 300, 301, 302, 303, 304, 305, 306, 308, 309, 310, 311, 312, 313, 314, 315, 316, 317, 318, 319, 320, 321, 322, 323, 324, 325, 326, 327, 328, 329, 330, 331, 332, 333, 334, 335, 336, 337, 338, 339, 340, 341, 342, 343, 344, 345, 346, 347, 348, 350, 351, 352, 353, 354, 355, 356, 357, 358, 359, 360, 361, 362, 363, 364, 365, 366, 367, 368, 369, 370, 371, 372, 373, 374, 375, 376, 377, 378, 379, 380, 381, 382, 383, 384, 385, 386, 387, 388, 389, 391, 392, 393, 394, 395, 396, 397, 398, 399, 400, 401, 402, 403, 404, 405, 406, 407, 408, 409, 410, 411, 412, 413, 414, 415, 416, 417, 418, 419, 420, 421, 422, 423], '3_3': [174, 175, 176, 177, 178, 179, 180, 181, 182, 183, 184, 185, 186, 187, 188, 189, 190, 191, 192, 193, 194, 195, 196, 197, 198, 199, 200, 201, 202, 203, 204, 205, 206, 207, 208, 209, 210, 211, 212, 213, 214, 215, 216, 217, 218, 219, 220, 221, 222, 223, 224, 225, 226, 227, 228, 229, 230, 231, 232, 233, 234, 235, 236, 237, 238, 239, 240, 241, 242, 243, 244, 245, 246, 247, 248, 249, 250, 251, 252, 253, 254, 255, 256, 257, 258, 259, 260, 261, 262, 263, 264, 265, 266, 267, 268], '2_3': [293, 307, 349, 390], '1_3': [424, 425, 426, 427, 428, 429, 430, 431, 432, 433, 434, 435, 436, 437, 438, 439, 440, 441, 442, 443, 444, 445, 446, 447, 448, 449, 450, 451, 452, 453, 454, 455, 456, 457, 458, 459, 460, 461, 462, 463, 464, 465, 466, 467, 468, 469, 470, 471, 472, 473, 474, 475, 476, 477, 478, 479, 480, 481, 482, 483, 484, 485, 486, 487, 488, 489, 490, 491, 492, 493, 494, 495, 496, 497, 498, 499, 500, 501, 502, 503, 504, 505, 506, 507, 508, 509, 510, 511, 512, 513, 514, 515, 516, 517, 518, 519, 520, 521, 522, 523, 524, 525, 526, 527, 528, 529, 530, 531, 532, 533, 534, 535, 536, 537, 538, 539, 540, 541, 542, 543, 544, 545, 546, 547, 548, 549, 550, 551, 552, 553, 554, 555, 556, 557, 558, 559, 560, 561, 562, 563, 564, 565, 566, 567, 568, 569, 570, 571, 572, 573, 574, 575, 576, 577, 578, 579, 580, 581, 582, 583, 584, 585, 586, 587, 588, 589, 590, 591, 592, 593, 594, 595, 596, 597, 598, 599]}
FP rate  0.03144 FN rate  0.07
 Before reassigning cells 
 Timepoint  2
 Cluster  4  # of cells  28
 Cluster  5  # of cells  4
 Cluster  6  # of cells  33
 Cluster  0  # of cells  35
 Timepoint  3
 Cluster  4  # of cells  55
 Cluster  5  # of cells  21
 Cluster  0  # of cells  152
 Cluster  3  # of cells  93
 Cluster  2  # of cells  5
 Cluster  1  # of cells  174
 Cells absent at timepoint  3   set()
 Cells absent at timepoint  2   set()
 Timepoint  2
 Timepoint  3
 After reassigning and merging cells 
 Timepoint  2
 Cluster  4  # of cells  28
 Cluster  5  # of cells  4
 Cluster  6  # of cells  33
 Cluster  0  # of cells  35
 Timepoint  3
 Cluster  4  # of cells  55
 Cluster  5  # of cells  21
 Cluster  0  # of cells  152
 Cluster  3  # of cells  93
 Cluster  2  # of cells  5
 Cluster  1  # of cells  174
 Tp cluster cell dict  {'4_2': 28, '5_2': 4, '6_2': 33, '0_2': 35, '4_3': 55, '5_3': 21, '0_3': 152, '3_3': 93, '2_3': 5, '1_3': 174}
 New Graph is here 
 ID  0  Timepoint  1  Mutations  []  Type  subclone
 ID  1  Timepoint  2  Mutations  [0, 1, 2, 3]  Type  subclone
 ID  2  Timepoint  2  Mutations  [0, 1, 2, 3, 9, 10, 11, 12, 13, 14, 15, 16, 17, 18, 19, 20, 21, 22, 23]  Type  subclone
 ID  3  Timepoint  2  Mutations  [4, 5, 6, 7, 8, 24, 25, 26, 27, 28, 29]  Type  subclone
 ID  4  Timepoint  2  Mutations  [4, 5, 6, 7, 8, 30, 31, 32, 33, 34, 35, 36, 37, 38, 39]  Type  subclone
 ID  5  Timepoint  3  Mutations  [0, 1, 2, 3]  Type  subclone
 ID  6  Timepoint  3  Mutations  [0, 1, 2, 3, 9, 10, 11, 12, 13, 14, 15, 16, 17, 18, 19, 20, 21, 22, 23]  Type  subclone
 ID  7  Timepoint  3  Mutations  [4, 5, 6, 7, 8, 30, 31, 32, 33, 34, 35, 36, 37, 38, 39]  Type  subclone
 ID  8  Timepoint  3  Mutations  [0, 1, 2, 3, 40, 41, 42, 43, 44, 45, 46, 47]  Type  subclone
 ID  9  Timepoint  3  Mutations  [4, 5, 6, 7, 8, 9, 31, 34, 35, 36, 37, 41]  Type  subclone
 ID  10  Timepoint  3  Mutations  [4, 5, 6, 7, 8, 30, 31, 32, 33, 34, 35, 36, 37, 38, 39, 48, 49, 50, 51, 52, 53, 54, 55, 56, 57, 58]  Type  subclone
Timepoints  SortedDict({1: [0], 2: [1, 2, 3, 4], 3: [5, 6, 7, 8, 9, 10]})
 Clone to nodes  {'4_2': 1, '5_2': 2, '6_2': 3, '0_2': 4, '4_3': 5, '5_3': 6, '0_3': 7, '3_3': 8, '2_3': 9, '1_3': 10}
 Timepoint ====  1
 Hash table  {'0,1': [0, 1, 2, 3], '1': [9, 10, 11, 12, 13, 14, 15, 16, 17, 18, 19, 20, 21, 22, 23], '2,3': [4, 5, 6, 7, 8], '2': [24, 25, 26, 27, 28, 29], '3': [30, 31, 32, 33, 34, 35, 36, 37, 38, 39]}
 Final possible usc  [[0, 1, 2, 3], [9, 10, 11, 12, 13, 14, 15, 16, 17, 18, 19, 20, 21, 22, 23], [4, 5, 6, 7, 8], [24, 25, 26, 27, 28, 29], [30, 31, 32, 33, 34, 35, 36, 37, 38, 39]]
 Time  1  USC keys  {'0,1,2,3_0', '9,10,11,12,13,14,15,16,17,18,19,20,21,22,23_0', '4,5,6,7,8_0', '30,31,32,33,34,35,36,37,38,39_0', '24,25,26,27,28,29_0'}
 USC children  {'0,1,2,3_0': [1, 2], '9,10,11,12,13,14,15,16,17,18,19,20,21,22,23_0': [2], '4,5,6,7,8_0': [3, 4], '24,25,26,27,28,29_0': [3], '30,31,32,33,34,35,36,37,38,39_0': [4]}
 USC children  {'0,1,2,3_0': [1, 2], '9,10,11,12,13,14,15,16,17,18,19,20,21,22,23_0': [2], '4,5,6,7,8_0': [3, 4], '24,25,26,27,28,29_0': [3], '30,31,32,33,34,35,36,37,38,39_0': [4]}
 Timepoint ====  2
 Hash table  {'0': [0, 1, 2, 3, 40, 42, 43, 44, 45, 46, 47], '0,1': [41], '1,2': [4, 5, 6, 7, 8, 31, 34, 35, 36, 37], '1': [9], '2': [30, 32, 33, 38, 39, 48, 49, 50, 51, 52, 53, 54, 55, 56, 57, 58]}
====== Inside find superset of t nodes ==========
 Final possible usc  [[0, 1, 2, 3, 40, 42, 43, 44, 45, 46, 47]]
 Time  2  USC keys  {'0,1,2,3,40,42,43,44,45,46,47_1'}
 USC children  {'0,1,2,3_0': [1, 2], '9,10,11,12,13,14,15,16,17,18,19,20,21,22,23_0': [2], '4,5,6,7,8_0': [3, 4], '24,25,26,27,28,29_0': [3], '30,31,32,33,34,35,36,37,38,39_0': [4], '0,1,2,3,40,42,43,44,45,46,47_1': [8]}
 USC children  {'0,1,2,3_0': [1, 2], '9,10,11,12,13,14,15,16,17,18,19,20,21,22,23_0': [2], '4,5,6,7,8_0': [3, 4], '24,25,26,27,28,29_0': [3], '30,31,32,33,34,35,36,37,38,39_0': [4], '0,1,2,3,40,42,43,44,45,46,47_1': [8]}
 Node s  {'1,2': ['0', '1', '2', '3'], '3,4': ['4', '5', '6', '7', '8'], '8': ['0', '1', '2', '3', '40', '42', '43', '44', '45', '46', '47']}
 Enroll USC nodes  ['1', '2']  len  2
 Enroll USC nodes  ['3', '4']  len  2
 Enroll USC nodes  ['8']  len  1
 Node TP  SortedDict({1: [0], 2: [1, 2, 3, 4], 3: [5, 6, 7, 8, 9, 10]})
 Unobserved subclones at timepoints  {1.5: [11, 12]}
 ============== Inside finding node v ============ 
 Time  2
 Time  3
 largest_v_mut  [[0, 1, 2, 3]]
 largest_v_mut  []
 largest_v_mut  [[32, 33, 34, 35, 4, 5, 6, 7, 8, 36, 37, 38, 39, 30, 31]]
 Sorted all timepoints  [1, 1.5, 2, 3]
 Timepoint  2
 Inside usc_node check  2
 Timepoint  3
 Node  9  has no parent 
 USC nodes  []
 Node with minimum mutation sets  {1: 4, 2: 18, 3: 6, 4: 5}
0   1   [-1]   subclone   []   []
1   2   [11]   subclone   [0, 1, 2, 3]   [0]
2   2   [11]   subclone   [0, 1, 2, 3, 9, 10, 11, 12, 13, 14, 15, 16, 17, 18, 19, 20, 21, 22, 23]   [15]
3   2   [12]   subclone   [4, 5, 6, 7, 8, 24, 25, 26, 27, 28, 29]   [6]
4   2   [12]   subclone   [4, 5, 6, 7, 8, 30, 31, 32, 33, 34, 35, 36, 37, 38, 39]   [10]
5   3   [1]   subclone   [0, 1, 2, 3]   [0]
6   3   [2]   subclone   [0, 1, 2, 3, 9, 10, 11, 12, 13, 14, 15, 16, 17, 18, 19, 20, 21, 22, 23]   [0]
7   3   [4]   subclone   [4, 5, 6, 7, 8, 30, 31, 32, 33, 34, 35, 36, 37, 38, 39]   [0]
8   3   [1]   subclone   [0, 1, 2, 3, 40, 41, 42, 43, 44, 45, 46, 47]   [8]
9   3   [1]   subclone   [4, 5, 6, 7, 8, 9, 31, 34, 35, 36, 37, 41]   [12]
10   3   [4]   subclone   [4, 5, 6, 7, 8, 30, 31, 32, 33, 34, 35, 36, 37, 38, 39, 48, 49, 50, 51, 52, 53, 54, 55, 56, 57, 58]   [11]
11   1.5   [0]   unobserved subclone   [0, 1, 2, 3]   [4]
12   1.5   [0]   unobserved subclone   [4, 5, 6, 7, 8]   [5]
 List of tree files  ['all_trees/theta3_rep1_m1_tree.csv', 'all_trees/theta3_rep1_m2_tree.csv', 'all_trees/theta3_rep1_m3_tree.csv', 'all_trees/theta3_rep1_m4_tree.csv', 'all_trees/theta3_rep1_m5_tree.csv']
{'1': ['0', '1', '2', '3'], '2': ['0', '1', '2', '3', '9', '10', '11', '12', '13', '14', '15', '16', '17', '18', '19', '20', '21', '22', '23'], '3': ['4', '5', '6', '7', '8', '24', '25', '26', '27', '28', '29'], '4': ['4', '5', '6', '7', '8', '30', '31', '32', '33', '34', '35', '36', '37', '38', '39'], '5': ['0', '1', '2', '3'], '6': ['0', '1', '2', '3', '9', '10', '11', '12', '13', '14', '15', '16', '17', '18', '19', '20', '21', '22', '23'], '7': ['4', '5', '6', '7', '8', '30', '31', '32', '33', '34', '35', '36', '37', '38', '39'], '8': ['0', '1', '2', '3', '40', '41', '42', '43', '44', '45', '46', '47'], '9': ['4', '5', '6', '7', '8', '30', '31', '32', '33', '34', '35', '36', '37', '38', '39', '48', '49', '50', '51', '52', '53', '54', '55', '56', '57', '58'], '10': ['0', '1', '2', '3'], '11': ['4', '5', '6', '7', '8']}
 Actual mutation of  1   []
 Actual mutation of  2   ['17', '11', '21', '20', '14', '23', '18', '9', '22', '13', '10', '12', '19', '15', '16']
 Actual mutation of  3   ['24', '27', '25', '28', '29', '26']
 Actual mutation of  4   ['30', '37', '31', '32', '38', '35', '34', '39', '36', '33']
 Actual mutation of  5   []
 Actual mutation of  6   []
 Actual mutation of  7   []
 Actual mutation of  8   ['45', '43', '47', '42', '46', '44', '41', '40']
 Actual mutation of  9   ['50', '49', '56', '52', '55', '48', '51', '58', '57', '54', '53']
 Updated node mutation  {'1': [], '2': ['17', '11', '21', '20', '14', '23', '18', '9', '22', '13', '10', '12', '19', '15', '16'], '3': ['24', '27', '25', '28', '29', '26'], '4': ['30', '37', '31', '32', '38', '35', '34', '39', '36', '33'], '5': [], '6': [], '7': [], '8': ['45', '43', '47', '42', '46', '44', '41', '40'], '9': ['50', '49', '56', '52', '55', '48', '51', '58', '57', '54', '53'], '10': ['0', '1', '2', '3'], '11': ['4', '5', '6', '7', '8']}
{'1': ['0', '1', '2', '3'], '2': ['0', '1', '2', '3', '9', '10', '11', '12', '13', '14', '15', '16', '17', '18', '19', '20', '21', '22', '23'], '3': ['4', '5', '6', '7', '8', '24', '25', '26', '27', '28', '29'], '4': ['4', '5', '6', '7', '8', '30', '31', '32', '33', '34', '35', '36', '37', '38', '39'], '5': ['0', '1', '2', '3'], '6': ['0', '1', '2', '3', '9', '10', '11', '12', '13', '14', '15', '16', '17', '18', '19', '20', '21', '22', '23'], '7': ['4', '5', '6', '7', '8', '30', '31', '32', '33', '34', '35', '36', '37', '38', '39'], '8': ['0', '1', '2', '3', '40', '41', '42', '43', '44', '45', '46', '47'], '9': ['4', '5', '6', '7', '8', '30', '31', '32', '33', '34', '35', '36', '37', '38', '39', '48', '49', '50', '51', '52', '53', '54', '55', '56', '57', '58'], '10': ['0', '1', '2', '3'], '11': ['4', '5', '6', '7', '8']}
 Actual mutation of  1   []
 Actual mutation of  2   ['17', '11', '21', '20', '14', '23', '18', '9', '22', '13', '10', '12', '19', '15', '16']
 Actual mutation of  3   ['24', '27', '25', '28', '29', '26']
 Actual mutation of  4   ['30', '37', '31', '32', '38', '35', '34', '39', '36', '33']
 Actual mutation of  5   []
 Actual mutation of  6   []
 Actual mutation of  7   []
 Actual mutation of  8   ['45', '43', '47', '42', '46', '44', '41', '40']
 Actual mutation of  9   ['50', '49', '56', '52', '55', '48', '51', '58', '57', '54', '53']
 Updated node mutation  {'1': [], '2': ['17', '11', '21', '20', '14', '23', '18', '9', '22', '13', '10', '12', '19', '15', '16'], '3': ['24', '27', '25', '28', '29', '26'], '4': ['30', '37', '31', '32', '38', '35', '34', '39', '36', '33'], '5': [], '6': [], '7': [], '8': ['45', '43', '47', '42', '46', '44', '41', '40'], '9': ['50', '49', '56', '52', '55', '48', '51', '58', '57', '54', '53'], '10': ['0', '1', '2', '3'], '11': ['4', '5', '6', '7', '8']}
{'1': ['0', '1', '2', '3'], '2': ['0', '1', '2', '3', '9', '10', '11', '12', '13', '14', '15', '16', '17', '18', '19', '20', '21', '22', '23'], '3': ['4', '5', '6', '7', '8', '24', '25', '26', '27', '28', '29'], '4': ['4', '5', '6', '7', '8', '30', '31', '32', '33', '34', '35', '36', '37', '38', '39'], '5': ['0', '1', '2', '3'], '6': ['0', '1', '2', '3', '9', '10', '11', '12', '13', '14', '15', '16', '17', '18', '19', '20', '21', '22', '23'], '7': ['4', '5', '6', '7', '8', '30', '31', '32', '33', '34', '35', '36', '37', '38', '39'], '8': ['0', '1', '2', '3', '40', '41', '42', '43', '44', '45', '46', '47'], '9': ['5', '6', '7', '8', '9', '31', '34', '35', '36', '37', '41', '49'], '10': ['4', '5', '6', '7', '8', '30', '31', '32', '33', '34', '35', '36', '37', '38', '39', '48', '49', '50', '51', '52', '53', '54', '55', '56', '57', '58'], '11': ['3', '4', '5', '6', '7', '11', '15', '16', '30', '31', '34', '35', '36', '37', '38', '48', '49', '50', '55', '56', '57', '58'], '12': ['0', '1', '2', '3'], '13': ['4', '5', '6', '7', '8']}
 Actual mutation of  1   []
 Actual mutation of  2   ['17', '11', '21', '20', '14', '23', '18', '9', '22', '13', '10', '12', '19', '15', '16']
 Actual mutation of  3   ['24', '27', '25', '28', '29', '26']
 Actual mutation of  4   ['30', '37', '31', '32', '38', '35', '34', '39', '36', '33']
 Actual mutation of  5   []
 Actual mutation of  6   []
 Actual mutation of  7   []
 Actual mutation of  8   ['45', '43', '47', '42', '46', '44', '41', '40']
 Actual mutation of  9   ['5', '7', '49', '37', '31', '9', '8', '34', '35', '36', '41', '6']
 Actual mutation of  10   ['50', '49', '56', '52', '55', '48', '51', '58', '57', '54', '53']
 Actual mutation of  11   ['37', '31', '49', '7', '55', '35', '16', '30', '50', '5', '56', '11', '4', '38', '48', '34', '58', '57', '36', '6', '15']
 Updated node mutation  {'1': [], '2': ['17', '11', '21', '20', '14', '23', '18', '9', '22', '13', '10', '12', '19', '15', '16'], '3': ['24', '27', '25', '28', '29', '26'], '4': ['30', '37', '31', '32', '38', '35', '34', '39', '36', '33'], '5': [], '6': [], '7': [], '8': ['45', '43', '47', '42', '46', '44', '41', '40'], '9': ['5', '7', '49', '37', '31', '9', '8', '34', '35', '36', '41', '6'], '10': ['50', '49', '56', '52', '55', '48', '51', '58', '57', '54', '53'], '11': ['37', '31', '49', '7', '55', '35', '16', '30', '50', '5', '56', '11', '4', '38', '48', '34', '58', '57', '36', '6', '15'], '12': ['0', '1', '2', '3'], '13': ['4', '5', '6', '7', '8']}
{'1': ['0', '1', '2', '3'], '2': ['0', '1', '2', '3', '9', '10', '11', '12', '13', '14', '15', '16', '17', '18', '19', '20', '21', '22', '23'], '3': ['4', '5', '6', '7', '8', '24', '25', '26', '27', '28', '29'], '4': ['4', '5', '6', '7', '8', '30', '31', '32', '33', '34', '35', '36', '37', '38', '39'], '5': ['0', '1', '2', '3'], '6': ['0', '1', '2', '3', '9', '10', '11', '12', '13', '14', '15', '16', '17', '18', '19', '20', '21', '22', '23'], '7': ['4', '5', '6', '7', '8', '30', '31', '32', '33', '34', '35', '36', '37', '38', '39'], '8': ['0', '1', '2', '3', '40', '41', '42', '43', '44', '45', '46', '47'], '9': ['4', '5', '6', '7', '8', '9', '31', '34', '35', '36', '37', '38', '41'], '10': ['4', '5', '6', '7', '8', '30', '31', '32', '33', '34', '35', '36', '37', '38', '39', '48', '49', '50', '51', '52', '53', '54', '55', '56', '57', '58'], '11': ['4', '5', '7', '11', '12', '15', '16', '19', '30', '31', '33', '34', '35', '36', '37', '38', '49', '50', '55', '56', '57', '58'], '12': ['0', '1', '2', '3'], '13': ['4', '5', '6', '7', '8']}
 Actual mutation of  1   []
 Actual mutation of  2   ['17', '11', '21', '20', '14', '23', '18', '9', '22', '13', '10', '12', '19', '15', '16']
 Actual mutation of  3   ['24', '27', '25', '28', '29', '26']
 Actual mutation of  4   ['30', '37', '31', '32', '38', '35', '34', '39', '36', '33']
 Actual mutation of  5   []
 Actual mutation of  6   []
 Actual mutation of  7   []
 Actual mutation of  8   ['45', '43', '47', '42', '46', '44', '41', '40']
 Actual mutation of  9   ['5', '7', '37', '4', '31', '38', '9', '8', '34', '35', '36', '41', '6']
 Actual mutation of  10   ['50', '49', '56', '52', '55', '48', '51', '58', '57', '54', '53']
 Actual mutation of  11   ['37', '31', '49', '7', '55', '35', '12', '19', '33', '16', '30', '50', '5', '56', '11', '4', '38', '34', '58', '57', '36', '15']
 Updated node mutation  {'1': [], '2': ['17', '11', '21', '20', '14', '23', '18', '9', '22', '13', '10', '12', '19', '15', '16'], '3': ['24', '27', '25', '28', '29', '26'], '4': ['30', '37', '31', '32', '38', '35', '34', '39', '36', '33'], '5': [], '6': [], '7': [], '8': ['45', '43', '47', '42', '46', '44', '41', '40'], '9': ['5', '7', '37', '4', '31', '38', '9', '8', '34', '35', '36', '41', '6'], '10': ['50', '49', '56', '52', '55', '48', '51', '58', '57', '54', '53'], '11': ['37', '31', '49', '7', '55', '35', '12', '19', '33', '16', '30', '50', '5', '56', '11', '4', '38', '34', '58', '57', '36', '15'], '12': ['0', '1', '2', '3'], '13': ['4', '5', '6', '7', '8']}
{'1': ['0', '1', '2', '3'], '2': ['0', '1', '2', '3', '9', '10', '11', '12', '13', '14', '15', '16', '17', '18', '19', '20', '21', '22', '23'], '3': ['4', '5', '6', '7', '8', '24', '25', '26', '27', '28', '29'], '4': ['4', '5', '6', '7', '8', '30', '31', '32', '33', '34', '35', '36', '37', '38', '39'], '5': ['0', '1', '2', '3'], '6': ['0', '1', '2', '3', '9', '10', '11', '12', '13', '14', '15', '16', '17', '18', '19', '20', '21', '22', '23'], '7': ['4', '5', '6', '7', '8', '30', '31', '32', '33', '34', '35', '36', '37', '38', '39'], '8': ['0', '1', '2', '3', '40', '41', '42', '43', '44', '45', '46', '47'], '9': ['4', '5', '6', '7', '8', '9', '31', '34', '35', '36', '37', '41'], '10': ['4', '5', '6', '7', '8', '30', '31', '32', '33', '34', '35', '36', '37', '38', '39', '48', '49', '50', '51', '52', '53', '54', '55', '56', '57', '58'], '11': ['0', '1', '2', '3'], '12': ['4', '5', '6', '7', '8']}
 Actual mutation of  1   []
 Actual mutation of  2   ['17', '11', '21', '20', '14', '23', '18', '9', '22', '13', '10', '12', '19', '15', '16']
 Actual mutation of  3   ['24', '27', '25', '28', '29', '26']
 Actual mutation of  4   ['30', '37', '31', '32', '38', '35', '34', '39', '36', '33']
 Actual mutation of  5   []
 Actual mutation of  6   []
 Actual mutation of  7   []
 Actual mutation of  8   ['45', '43', '47', '42', '46', '44', '41', '40']
 Actual mutation of  9   ['5', '7', '37', '4', '31', '9', '8', '34', '35', '36', '41', '6']
 Actual mutation of  10   ['50', '49', '56', '52', '55', '48', '51', '58', '57', '54', '53']
 Updated node mutation  {'1': [], '2': ['17', '11', '21', '20', '14', '23', '18', '9', '22', '13', '10', '12', '19', '15', '16'], '3': ['24', '27', '25', '28', '29', '26'], '4': ['30', '37', '31', '32', '38', '35', '34', '39', '36', '33'], '5': [], '6': [], '7': [], '8': ['45', '43', '47', '42', '46', '44', '41', '40'], '9': ['5', '7', '37', '4', '31', '9', '8', '34', '35', '36', '41', '6'], '10': ['50', '49', '56', '52', '55', '48', '51', '58', '57', '54', '53'], '11': ['0', '1', '2', '3'], '12': ['4', '5', '6', '7', '8']}
 Parallel mutation count  {'m1': 0, 'm2': 0, 'm3': 24, 'm4': 26, 'm5': 12}
 Clusters with least parallel mutations  ['m1', 'm2']
 Cluster nos for each run  {'m1': 6, 'm2': 6}
 Run  m1
 Base path  ['theta3', 'rep1', 'm1', 'tree.csv']
 Best tree path  theta3_rep1_m1_tree.csv
