
DPMM with:
	600 cells
	32 mutations
	learning errors

	Priors:
	params.:	Beta(0.25,0.25)
	CRP a_0:	Gamma(24.49,1)
	FP:		trunc norm(0.01,0.01)
	FN:		trunc norm(0.2,0.1)

Move probabilitites:
	Split/merge:	0.33
		split/merge ratio:	[0.75, 0.25]
		intermediate Gibbs:	3
	CRP a_0 update:	0.25
	Errors update:	0.25

Run MCMC with (1 chains for 5000 steps):

Clustering time:	0:08:49.052311	(0.11 secs. per MCMC step)	Lugsail PSRF:		1.00749

Chain mean - posterior clusters	(#4):
	4 clusters

	A: 345 items
	B: 173 items
	C: 76 items
	D: 6 items

Inferred latent variables	--	chain mean - posterior
	CRP a_0:	96.4 +- 20.2
	FP (model|genotypes): 2.4E-03 +- 1.2E-03	|	7.8E-03
	FN (model|genotypes): 0.055   +- 0.008	|	0.079

Writing output to: ./sim_output/bp1/rep2/m5

Too many cells to plot genotypes/clusters
