7
 Total estimated FP  243  True negatives  24007
 Total estimated FN  1387  True positives  5563
 Estimated FP rate  0.04185
 Estimated FN rate  0.05
 No. of Cells in each cluster  {'6_2': 19, '5_2': 33, '5_3': 52, '0_2': 28, '0_3': 60, '4_2': 20, '4_3': 77, '2_3': 126, '3_3': 62, '1_3': 123}
 Cells in each cluster  {'6_2': [0, 1, 2, 3, 4, 5, 6, 7, 8, 9, 10, 11, 12, 13, 14, 15, 16, 17, 18], '5_2': [19, 20, 21, 22, 23, 24, 25, 26, 27, 28, 29, 30, 31, 32, 33, 34, 35, 36, 37, 38, 39, 40, 41, 42, 43, 44, 45, 46, 47, 48, 49, 50, 51], '5_3': [100, 101, 102, 103, 104, 105, 106, 107, 108, 109, 110, 111, 112, 113, 114, 115, 116, 117, 118, 119, 120, 121, 122, 123, 124, 125, 126, 127, 128, 129, 130, 131, 132, 133, 134, 135, 136, 137, 138, 139, 140, 141, 142, 143, 144, 145, 146, 147, 148, 149, 150, 151], '0_2': [52, 53, 54, 55, 56, 57, 58, 59, 60, 61, 62, 63, 64, 65, 66, 67, 68, 69, 70, 71, 72, 73, 74, 75, 76, 77, 78, 79], '0_3': [417, 418, 419, 420, 421, 422, 423, 424, 425, 426, 427, 428, 429, 430, 431, 432, 433, 434, 435, 436, 437, 438, 439, 440, 441, 442, 443, 444, 445, 446, 447, 448, 449, 450, 451, 452, 453, 454, 455, 456, 457, 458, 459, 460, 461, 462, 463, 464, 465, 466, 467, 468, 469, 470, 471, 472, 473, 474, 475, 542], '4_2': [80, 81, 82, 83, 84, 85, 86, 87, 88, 89, 90, 91, 92, 93, 94, 95, 96, 97, 98, 99], '4_3': [278, 279, 280, 281, 282, 283, 284, 285, 286, 287, 288, 289, 290, 291, 292, 293, 294, 295, 296, 297, 298, 299, 300, 301, 302, 303, 304, 305, 306, 307, 308, 309, 310, 311, 312, 313, 314, 315, 316, 317, 318, 319, 320, 321, 322, 323, 324, 325, 326, 327, 328, 329, 330, 331, 332, 333, 334, 335, 336, 337, 338, 339, 340, 341, 342, 343, 344, 345, 346, 347, 348, 349, 350, 351, 352, 353, 354], '2_3': [152, 153, 154, 155, 156, 157, 158, 159, 160, 161, 162, 163, 164, 165, 166, 167, 168, 169, 170, 171, 172, 173, 174, 175, 176, 177, 178, 179, 180, 181, 182, 183, 184, 185, 186, 187, 188, 189, 190, 191, 192, 193, 194, 195, 196, 197, 198, 199, 200, 201, 202, 203, 204, 205, 206, 207, 208, 209, 210, 211, 212, 213, 214, 215, 216, 217, 218, 219, 220, 221, 222, 223, 224, 225, 226, 227, 228, 229, 230, 231, 232, 233, 234, 235, 236, 237, 238, 239, 240, 241, 242, 243, 244, 245, 246, 247, 248, 249, 250, 251, 252, 253, 254, 255, 256, 257, 258, 259, 260, 261, 262, 263, 264, 265, 266, 267, 268, 269, 270, 271, 272, 273, 274, 275, 276, 277], '3_3': [355, 356, 357, 358, 359, 360, 361, 362, 363, 364, 365, 366, 367, 368, 369, 370, 371, 372, 373, 374, 375, 376, 377, 378, 379, 380, 381, 382, 383, 384, 385, 386, 387, 388, 389, 390, 391, 392, 393, 394, 395, 396, 397, 398, 399, 400, 401, 402, 403, 404, 405, 406, 407, 408, 409, 410, 411, 412, 413, 414, 415, 416], '1_3': [476, 477, 478, 479, 480, 481, 482, 483, 484, 485, 486, 487, 488, 489, 490, 491, 492, 493, 494, 495, 496, 497, 498, 499, 500, 501, 502, 503, 504, 505, 506, 507, 508, 509, 510, 511, 512, 513, 514, 515, 516, 517, 518, 519, 520, 521, 522, 523, 524, 525, 526, 527, 528, 529, 530, 531, 532, 533, 534, 535, 536, 537, 538, 539, 540, 541, 543, 544, 545, 546, 547, 548, 549, 550, 551, 552, 553, 554, 555, 556, 557, 558, 559, 560, 561, 562, 563, 564, 565, 566, 567, 568, 569, 570, 571, 572, 573, 574, 575, 576, 577, 578, 579, 580, 581, 582, 583, 584, 585, 586, 587, 588, 589, 590, 591, 592, 593, 594, 595, 596, 597, 598, 599]}
FP rate  0.04185 FN rate  0.05
 Before reassigning cells 
 Timepoint  2
 Cluster  6  # of cells  19
 Cluster  5  # of cells  33
 Cluster  0  # of cells  30
 Cluster  4  # of cells  18
 Timepoint  3
 Cluster  5  # of cells  56
 Cluster  0  # of cells  64
 Cluster  4  # of cells  77
 Cluster  2  # of cells  122
 Cluster  3  # of cells  61
 Cluster  1  # of cells  120
 Cells absent at timepoint  2   set()
 Cells absent at timepoint  3   set()
 Timepoint  2
 Timepoint  3
 After reassigning and merging cells 
 Timepoint  2
 Cluster  6  # of cells  19
 Cluster  5  # of cells  33
 Cluster  0  # of cells  30
 Cluster  4  # of cells  18
 Timepoint  3
 Cluster  5  # of cells  56
 Cluster  0  # of cells  64
 Cluster  4  # of cells  77
 Cluster  2  # of cells  122
 Cluster  3  # of cells  61
 Cluster  1  # of cells  120
 Tp cluster cell dict  {'6_2': 19, '5_2': 33, '0_2': 30, '4_2': 18, '5_3': 56, '0_3': 64, '4_3': 77, '2_3': 122, '3_3': 61, '1_3': 120}
 New Graph is here 
 ID  0  Timepoint  1  Mutations  []  Type  subclone
 ID  1  Timepoint  2  Mutations  [0, 1, 2, 3, 4, 5, 8, 9, 10, 11, 12, 13, 14, 15, 16]  Type  subclone
 ID  2  Timepoint  2  Mutations  [0, 1, 2, 3, 4, 5, 17, 18, 19, 20, 21, 22, 23, 24, 25, 26]  Type  subclone
 ID  3  Timepoint  2  Mutations  [6, 7]  Type  subclone
 ID  4  Timepoint  2  Mutations  [6, 7, 27, 28, 29, 30, 31, 32, 33, 34, 35]  Type  subclone
 ID  5  Timepoint  3  Mutations  [0, 1, 2, 3, 4, 5, 17, 18, 19, 20, 21, 22, 23, 24, 25, 26]  Type  subclone
 ID  6  Timepoint  3  Mutations  [6, 7]  Type  subclone
 ID  7  Timepoint  3  Mutations  [6, 7, 27, 28, 29, 30, 31, 32, 33, 34, 35]  Type  subclone
 ID  8  Timepoint  3  Mutations  [0, 1, 2, 3, 4, 5, 17, 18, 19, 20, 21, 22, 23, 24, 25, 26, 36, 37, 38, 39, 40, 41, 42, 43, 44, 45, 46]  Type  subclone
 ID  9  Timepoint  3  Mutations  [6, 7, 27, 28, 29, 30, 31, 32, 33, 34, 35, 47, 48, 49, 50, 51, 52, 53, 54, 55, 56, 57]  Type  subclone
 ID  10  Timepoint  3  Mutations  [6, 7, 58, 59, 60, 61, 62, 63, 64]  Type  subclone
Timepoints  SortedDict({1: [0], 2: [1, 2, 3, 4], 3: [5, 6, 7, 8, 9, 10]})
 Clone to nodes  {'6_2': 1, '5_2': 2, '0_2': 3, '4_2': 4, '5_3': 5, '0_3': 6, '4_3': 7, '2_3': 8, '3_3': 9, '1_3': 10}
 Timepoint ====  1
 Hash table  {'0,1': [0, 1, 2, 3, 4, 5], '0': [8, 9, 10, 11, 12, 13, 14, 15, 16], '1': [17, 18, 19, 20, 21, 22, 23, 24, 25, 26], '2,3': [6, 7], '3': [27, 28, 29, 30, 31, 32, 33, 34, 35]}
 Final possible usc  [[0, 1, 2, 3, 4, 5], [8, 9, 10, 11, 12, 13, 14, 15, 16], [17, 18, 19, 20, 21, 22, 23, 24, 25, 26], [6, 7], [27, 28, 29, 30, 31, 32, 33, 34, 35]]
 Time  1  USC keys  {'6,7_0', '8,9,10,11,12,13,14,15,16_0', '17,18,19,20,21,22,23,24,25,26_0', '27,28,29,30,31,32,33,34,35_0', '0,1,2,3,4,5_0'}
 USC children  {'0,1,2,3,4,5_0': [1, 2], '8,9,10,11,12,13,14,15,16_0': [1], '17,18,19,20,21,22,23,24,25,26_0': [2], '6,7_0': [3, 4], '27,28,29,30,31,32,33,34,35_0': [4]}
 USC children  {'0,1,2,3,4,5_0': [1, 2], '8,9,10,11,12,13,14,15,16_0': [1], '17,18,19,20,21,22,23,24,25,26_0': [2], '6,7_0': [3, 4], '27,28,29,30,31,32,33,34,35_0': [4]}
 Timepoint ====  2
 Hash table  {'0': [0, 1, 2, 3, 4, 5, 17, 18, 19, 20, 21, 22, 23, 24, 25, 26, 36, 37, 38, 39, 40, 41, 42, 43, 44, 45, 46], '1,2': [6, 7], '1': [27, 28, 29, 30, 31, 32, 33, 34, 35, 47, 48, 49, 50, 51, 52, 53, 54, 55, 56, 57], '2': [58, 59, 60, 61, 62, 63, 64]}
====== Inside find superset of t nodes ==========
 Final possible usc  [[0, 1, 2, 3, 4, 5, 17, 18, 19, 20, 21, 22, 23, 24, 25, 26, 36, 37, 38, 39, 40, 41, 42, 43, 44, 45, 46]]
 Time  2  USC keys  {'0,1,2,3,4,5,17,18,19,20,21,22,23,24,25,26,36,37,38,39,40,41,42,43,44,45,46_2'}
 USC children  {'0,1,2,3,4,5_0': [1, 2], '8,9,10,11,12,13,14,15,16_0': [1], '17,18,19,20,21,22,23,24,25,26_0': [2], '6,7_0': [3, 4], '27,28,29,30,31,32,33,34,35_0': [4], '0,1,2,3,4,5,17,18,19,20,21,22,23,24,25,26,36,37,38,39,40,41,42,43,44,45,46_2': [8]}
 USC children  {'0,1,2,3,4,5_0': [1, 2], '8,9,10,11,12,13,14,15,16_0': [1], '17,18,19,20,21,22,23,24,25,26_0': [2], '6,7_0': [3, 4], '27,28,29,30,31,32,33,34,35_0': [4], '0,1,2,3,4,5,17,18,19,20,21,22,23,24,25,26,36,37,38,39,40,41,42,43,44,45,46_2': [8]}
 Node s  {'1,2': ['0', '1', '2', '3', '4', '5'], '3,4': ['6', '7'], '8': ['0', '1', '2', '3', '4', '5', '17', '18', '19', '20', '21', '22', '23', '24', '25', '26', '36', '37', '38', '39', '40', '41', '42', '43', '44', '45', '46']}
 Enroll USC nodes  ['1', '2']  len  2
 Enroll USC nodes  ['3', '4']  len  2
 Enroll USC nodes  ['8']  len  1
 Node TP  SortedDict({1: [0], 2: [1, 2, 3, 4], 3: [5, 6, 7, 8, 9, 10]})
 Unobserved subclones at timepoints  {1.5: [11, 12]}
 ============== Inside finding node v ============ 
 Time  2
 Time  3
 largest_v_mut  [[0, 1, 2, 3, 4, 5, 17, 18, 19, 20, 21, 22, 23, 24, 25, 26]]
 largest_v_mut  [[32, 33, 34, 35, 6, 7, 27, 28, 29, 30, 31]]
 largest_v_mut  [[6, 7]]
 Sorted all timepoints  [1, 1.5, 2, 3]
 Timepoint  2
 Inside usc_node check  2
 Timepoint  3
0   1   [-1]   subclone   []   []
1   2   [11]   subclone   [0, 1, 2, 3, 4, 5, 8, 9, 10, 11, 12, 13, 14, 15, 16]   [9]
2   2   [11]   subclone   [0, 1, 2, 3, 4, 5, 17, 18, 19, 20, 21, 22, 23, 24, 25, 26]   [10]
3   2   [12]   subclone   [6, 7]   [0]
4   2   [12]   subclone   [6, 7, 27, 28, 29, 30, 31, 32, 33, 34, 35]   [9]
5   3   [2]   subclone   [0, 1, 2, 3, 4, 5, 17, 18, 19, 20, 21, 22, 23, 24, 25, 26]   [0]
6   3   [3]   subclone   [6, 7]   [0]
7   3   [4]   subclone   [6, 7, 27, 28, 29, 30, 31, 32, 33, 34, 35]   [0]
8   3   [2]   subclone   [0, 1, 2, 3, 4, 5, 17, 18, 19, 20, 21, 22, 23, 24, 25, 26, 36, 37, 38, 39, 40, 41, 42, 43, 44, 45, 46]   [11]
9   3   [4]   subclone   [6, 7, 27, 28, 29, 30, 31, 32, 33, 34, 35, 47, 48, 49, 50, 51, 52, 53, 54, 55, 56, 57]   [11]
10   3   [3]   subclone   [6, 7, 58, 59, 60, 61, 62, 63, 64]   [7]
11   1.5   [0]   unobserved subclone   [0, 1, 2, 3, 4, 5]   [6]
12   1.5   [0]   unobserved subclone   [6, 7]   [2]
8
 Total estimated FP  242  True negatives  24005
 Total estimated FN  1389  True positives  5564
 Estimated FP rate  0.04168
 Estimated FN rate  0.05
 No. of Cells in each cluster  {'6_2': 19, '5_2': 33, '5_3': 52, '2_2': 28, '2_3': 59, '1_2': 20, '1_3': 77, '0_3': 126, '3_3': 62, '4_3': 123, '7_3': 1}
 Cells in each cluster  {'6_2': [0, 1, 2, 3, 4, 5, 6, 7, 8, 9, 10, 11, 12, 13, 14, 15, 16, 17, 18], '5_2': [19, 20, 21, 22, 23, 24, 25, 26, 27, 28, 29, 30, 31, 32, 33, 34, 35, 36, 37, 38, 39, 40, 41, 42, 43, 44, 45, 46, 47, 48, 49, 50, 51], '5_3': [100, 101, 102, 103, 104, 105, 106, 107, 108, 109, 110, 111, 112, 113, 114, 115, 116, 117, 118, 119, 120, 121, 122, 123, 124, 125, 126, 127, 128, 129, 130, 131, 132, 133, 134, 135, 136, 137, 138, 139, 140, 141, 142, 143, 144, 145, 146, 147, 148, 149, 150, 151], '2_2': [52, 53, 54, 55, 56, 57, 58, 59, 60, 61, 62, 63, 64, 65, 66, 67, 68, 69, 70, 71, 72, 73, 74, 75, 76, 77, 78, 79], '2_3': [417, 418, 419, 420, 421, 422, 423, 424, 425, 426, 427, 428, 429, 430, 431, 432, 433, 434, 435, 436, 437, 438, 439, 440, 441, 442, 443, 444, 445, 446, 447, 448, 449, 450, 451, 452, 453, 454, 455, 456, 457, 458, 459, 460, 461, 462, 463, 464, 465, 466, 467, 468, 469, 470, 471, 472, 473, 474, 475], '1_2': [80, 81, 82, 83, 84, 85, 86, 87, 88, 89, 90, 91, 92, 93, 94, 95, 96, 97, 98, 99], '1_3': [278, 279, 280, 281, 282, 283, 284, 285, 286, 287, 288, 289, 290, 291, 292, 293, 294, 295, 296, 297, 298, 299, 300, 301, 302, 303, 304, 305, 306, 307, 308, 309, 310, 311, 312, 313, 314, 315, 316, 317, 318, 319, 320, 321, 322, 323, 324, 325, 326, 327, 328, 329, 330, 331, 332, 333, 334, 335, 336, 337, 338, 339, 340, 341, 342, 343, 344, 345, 346, 347, 348, 349, 350, 351, 352, 353, 354], '0_3': [152, 153, 154, 155, 156, 157, 158, 159, 160, 161, 162, 163, 164, 165, 166, 167, 168, 169, 170, 171, 172, 173, 174, 175, 176, 177, 178, 179, 180, 181, 182, 183, 184, 185, 186, 187, 188, 189, 190, 191, 192, 193, 194, 195, 196, 197, 198, 199, 200, 201, 202, 203, 204, 205, 206, 207, 208, 209, 210, 211, 212, 213, 214, 215, 216, 217, 218, 219, 220, 221, 222, 223, 224, 225, 226, 227, 228, 229, 230, 231, 232, 233, 234, 235, 236, 237, 238, 239, 240, 241, 242, 243, 244, 245, 246, 247, 248, 249, 250, 251, 252, 253, 254, 255, 256, 257, 258, 259, 260, 261, 262, 263, 264, 265, 266, 267, 268, 269, 270, 271, 272, 273, 274, 275, 276, 277], '3_3': [355, 356, 357, 358, 359, 360, 361, 362, 363, 364, 365, 366, 367, 368, 369, 370, 371, 372, 373, 374, 375, 376, 377, 378, 379, 380, 381, 382, 383, 384, 385, 386, 387, 388, 389, 390, 391, 392, 393, 394, 395, 396, 397, 398, 399, 400, 401, 402, 403, 404, 405, 406, 407, 408, 409, 410, 411, 412, 413, 414, 415, 416], '4_3': [476, 477, 478, 479, 480, 481, 482, 483, 484, 485, 486, 487, 488, 489, 490, 491, 492, 493, 494, 495, 496, 497, 498, 499, 500, 501, 502, 503, 504, 505, 506, 507, 508, 509, 510, 511, 512, 513, 514, 515, 516, 517, 518, 519, 520, 521, 522, 523, 524, 525, 526, 527, 528, 529, 530, 531, 532, 533, 534, 535, 536, 537, 538, 539, 540, 541, 543, 544, 545, 546, 547, 548, 549, 550, 551, 552, 553, 554, 555, 556, 557, 558, 559, 560, 561, 562, 563, 564, 565, 566, 567, 568, 569, 570, 571, 572, 573, 574, 575, 576, 577, 578, 579, 580, 581, 582, 583, 584, 585, 586, 587, 588, 589, 590, 591, 592, 593, 594, 595, 596, 597, 598, 599], '7_3': [542]}
FP rate  0.04168 FN rate  0.05
 Before reassigning cells 
 Timepoint  2
 Cluster  6  # of cells  19
 Cluster  5  # of cells  33
 Cluster  2  # of cells  30
 Cluster  1  # of cells  18
 Timepoint  3
 Cluster  5  # of cells  56
 Cluster  2  # of cells  61
 Cluster  1  # of cells  77
 Cluster  0  # of cells  122
 Cluster  3  # of cells  61
 Cluster  4  # of cells  106
 Cluster  7  # of cells  12
 Cells absent at timepoint  2   set()
 Cells absent at timepoint  3   {515, 520, 467, 539, 478}
 Missing cell prob  {'0': 4.949955237365921e-42, '4': 5.005791922014939e-07, '1': 7.140338699286435e-15, '7': 4.2093733358509317e-07, '2': 2.976505921313931e-07, '3': 5.568943215792411e-29, '5': 3.311362660594765e-29}
 Missing cell prob  {'0': 2.327191428747536e-39, '4': 0.0001979011340070943, '1': 7.71757519783965e-19, '7': 0.0001979011340070943, '2': 7.332713263756824e-10, '3': 9.659449676462753e-28, '5': 1.5568170683724316e-26}
 Missing cell prob  {'0': 2.7185332158350094e-27, '4': 9.015366876081596e-07, '1': 1.280447457488183e-10, '7': 0.0003311803036229112, '2': 0.0003311803036229112, '3': 7.031328388869216e-21, '5': 5.912648127771991e-21}
 Missing cell prob  {'0': 2.5113036963198035e-35, '4': 0.00025505768869292245, '1': 4.3451767736017744e-16, '7': 0.00025505768869292245, '2': 7.912829901249806e-06, '3': 6.495341263498952e-29, '5': 8.765247105246595e-24}
 Missing cell prob  {'0': 2.1844715348236376e-35, '4': 7.182238558914149e-07, '1': 8.61490511503816e-15, '7': 6.039548577449523e-07, '2': 4.270648067667205e-07, '3': 2.4682296801296e-26, '5': 3.9780548824147125e-25}
 Timepoint  2
 Timepoint  3
SortedDict({2: {'6': ['0', '1', '2', '3', '4', '5', '6', '7', '8', '9', '10', '11', '12', '13', '14', '15', '16', '17', '18'], '5': ['19', '20', '21', '22', '23', '24', '25', '26', '27', '28', '29', '30', '31', '32', '33', '34', '35', '36', '37', '38', '39', '40', '41', '42', '43', '44', '45', '46', '47', '48', '49', '50', '51'], '2': ['52', '53', '54', '55', '56', '57', '58', '59', '60', '61', '62', '63', '64', '65', '66', '67', '68', '69', '70', '71', '72', '73', '74', '75', '76', '77', '78', '79', '81', '94'], '1': ['80', '82', '83', '84', '85', '86', '87', '88', '89', '90', '91', '92', '93', '95', '96', '97', '98', '99']}, 3: {'5': ['100', '101', '102', '103', '104', '105', '106', '107', '108', '109', '110', '111', '112', '113', '114', '115', '116', '117', '118', '119', '120', '121', '122', '123', '124', '125', '126', '127', '128', '129', '130', '131', '132', '133', '134', '135', '136', '137', '138', '139', '140', '141', '142', '143', '144', '145', '146', '147', '148', '149', '150', '151', '171', '178', '205', '210'], '2': ['348', '417', '418', '419', '420', '421', '422', '423', '424', '425', '426', '427', '428', '429', '430', '431', '432', '433', '434', '435', '436', '437', '438', '439', '440', '441', '442', '443', '444', '445', '446', '447', '448', '449', '450', '451', '452', '453', '454', '455', '456', '457', '458', '459', '460', '461', '462', '463', '464', '465', '466', '468', '469', '470', '471', '472', '473', '474', '475', '503', '542'], '1': ['278', '279', '280', '281', '282', '283', '284', '285', '286', '287', '288', '289', '290', '291', '292', '293', '294', '295', '296', '297', '298', '299', '300', '301', '302', '303', '304', '305', '306', '307', '308', '309', '310', '311', '312', '313', '314', '315', '316', '317', '318', '319', '320', '321', '322', '323', '324', '325', '326', '327', '328', '329', '330', '331', '332', '333', '334', '335', '336', '337', '338', '339', '340', '341', '342', '343', '344', '345', '346', '347', '349', '350', '351', '352', '353', '354', '406'], '0': ['152', '153', '154', '155', '156', '157', '158', '159', '160', '161', '162', '163', '164', '165', '166', '167', '168', '169', '170', '172', '173', '174', '175', '176', '177', '179', '180', '181', '182', '183', '184', '185', '186', '187', '188', '189', '190', '191', '192', '193', '194', '195', '196', '197', '198', '199', '200', '201', '202', '203', '204', '206', '207', '208', '209', '211', '212', '213', '214', '215', '216', '217', '218', '219', '220', '221', '222', '223', '224', '225', '226', '227', '228', '229', '230', '231', '232', '233', '234', '235', '236', '237', '238', '239', '240', '241', '242', '243', '244', '245', '246', '247', '248', '249', '250', '251', '252', '253', '254', '255', '256', '257', '258', '259', '260', '261', '262', '263', '264', '265', '266', '267', '268', '269', '270', '271', '272', '273', '274', '275', '276', '277'], '3': ['355', '356', '357', '358', '359', '360', '361', '362', '363', '364', '365', '366', '367', '368', '369', '370', '371', '372', '373', '374', '375', '376', '377', '378', '379', '380', '381', '382', '383', '384', '385', '386', '387', '388', '389', '390', '391', '392', '393', '394', '395', '396', '397', '398', '399', '400', '401', '402', '403', '404', '405', '407', '408', '409', '410', '411', '412', '413', '414', '415', '416'], '4': ['476', '477', '480', '482', '483', '484', '485', '486', '487', '488', '489', '490', '491', '492', '493', '494', '495', '496', '497', '498', '499', '500', '501', '502', '504', '505', '506', '507', '508', '509', '510', '511', '512', '513', '514', '516', '517', '518', '521', '523', '524', '525', '526', '527', '528', '529', '530', '531', '532', '533', '534', '535', '537', '540', '541', '543', '544', '545', '546', '547', '548', '549', '551', '552', '553', '554', '555', '556', '557', '559', '561', '562', '563', '564', '565', '566', '567', '568', '569', '570', '571', '572', '573', '574', '575', '578', '580', '581', '582', '583', '584', '585', '586', '587', '588', '589', '590', '591', '592', '593', '594', '595', '596', '597', '598', '599', '515', '520', '539', '478'], '7': ['479', '481', '519', '522', '536', '538', '550', '558', '560', '576', '577', '579', '467']}})
 Cluster1  4
 Cluster to drop  7
 After reassigning and merging cells 
 Timepoint  2
 Cluster  6  # of cells  19
 Cluster  5  # of cells  33
 Cluster  2  # of cells  30
 Cluster  1  # of cells  18
 Timepoint  3
 Cluster  5  # of cells  56
 Cluster  2  # of cells  61
 Cluster  1  # of cells  77
 Cluster  0  # of cells  122
 Cluster  3  # of cells  61
 Cluster  4  # of cells  123
 Tp cluster cell dict  {'6_2': 19, '5_2': 33, '2_2': 30, '1_2': 18, '5_3': 56, '2_3': 61, '1_3': 77, '0_3': 122, '3_3': 61, '4_3': 123}
 New Graph is here 
 ID  0  Timepoint  1  Mutations  []  Type  subclone
 ID  1  Timepoint  2  Mutations  [0, 1, 2, 3, 4, 5, 8, 9, 10, 11, 12, 13, 14, 15, 16]  Type  subclone
 ID  2  Timepoint  2  Mutations  [0, 1, 2, 3, 4, 5, 17, 18, 19, 20, 21, 22, 23, 24, 25, 26]  Type  subclone
 ID  3  Timepoint  2  Mutations  [6, 7]  Type  subclone
 ID  4  Timepoint  2  Mutations  [6, 7, 27, 28, 29, 30, 31, 32, 33, 34, 35]  Type  subclone
 ID  5  Timepoint  3  Mutations  [0, 1, 2, 3, 4, 5, 17, 18, 19, 20, 21, 22, 23, 24, 25, 26]  Type  subclone
 ID  6  Timepoint  3  Mutations  [6, 7]  Type  subclone
 ID  7  Timepoint  3  Mutations  [6, 7, 27, 28, 29, 30, 31, 32, 33, 34, 35]  Type  subclone
 ID  8  Timepoint  3  Mutations  [0, 1, 2, 3, 4, 5, 17, 18, 19, 20, 21, 22, 23, 24, 25, 26, 36, 37, 38, 39, 40, 41, 42, 43, 44, 45, 46]  Type  subclone
 ID  9  Timepoint  3  Mutations  [6, 7, 27, 28, 29, 30, 31, 32, 33, 34, 35, 47, 48, 49, 50, 51, 52, 53, 54, 55, 56, 57]  Type  subclone
 ID  10  Timepoint  3  Mutations  [6, 7, 58, 59, 60, 61, 62, 63, 64]  Type  subclone
Timepoints  SortedDict({1: [0], 2: [1, 2, 3, 4], 3: [5, 6, 7, 8, 9, 10]})
 Clone to nodes  {'6_2': 1, '5_2': 2, '2_2': 3, '1_2': 4, '5_3': 5, '2_3': 6, '1_3': 7, '0_3': 8, '3_3': 9, '4_3': 10}
 Timepoint ====  1
 Hash table  {'0,1': [0, 1, 2, 3, 4, 5], '0': [8, 9, 10, 11, 12, 13, 14, 15, 16], '1': [17, 18, 19, 20, 21, 22, 23, 24, 25, 26], '2,3': [6, 7], '3': [27, 28, 29, 30, 31, 32, 33, 34, 35]}
 Final possible usc  [[0, 1, 2, 3, 4, 5], [8, 9, 10, 11, 12, 13, 14, 15, 16], [17, 18, 19, 20, 21, 22, 23, 24, 25, 26], [6, 7], [27, 28, 29, 30, 31, 32, 33, 34, 35]]
 Time  1  USC keys  {'0,1,2,3,4,5_0', '8,9,10,11,12,13,14,15,16_0', '27,28,29,30,31,32,33,34,35_0', '17,18,19,20,21,22,23,24,25,26_0', '6,7_0'}
 USC children  {'0,1,2,3,4,5_0': [1, 2], '8,9,10,11,12,13,14,15,16_0': [1], '17,18,19,20,21,22,23,24,25,26_0': [2], '6,7_0': [3, 4], '27,28,29,30,31,32,33,34,35_0': [4]}
 USC children  {'0,1,2,3,4,5_0': [1, 2], '8,9,10,11,12,13,14,15,16_0': [1], '17,18,19,20,21,22,23,24,25,26_0': [2], '6,7_0': [3, 4], '27,28,29,30,31,32,33,34,35_0': [4]}
 Timepoint ====  2
 Hash table  {'0': [0, 1, 2, 3, 4, 5, 17, 18, 19, 20, 21, 22, 23, 24, 25, 26, 36, 37, 38, 39, 40, 41, 42, 43, 44, 45, 46], '1,2': [6, 7], '1': [27, 28, 29, 30, 31, 32, 33, 34, 35, 47, 48, 49, 50, 51, 52, 53, 54, 55, 56, 57], '2': [58, 59, 60, 61, 62, 63, 64]}
====== Inside find superset of t nodes ==========
 Final possible usc  [[0, 1, 2, 3, 4, 5, 17, 18, 19, 20, 21, 22, 23, 24, 25, 26, 36, 37, 38, 39, 40, 41, 42, 43, 44, 45, 46]]
 Time  2  USC keys  {'0,1,2,3,4,5,17,18,19,20,21,22,23,24,25,26,36,37,38,39,40,41,42,43,44,45,46_2'}
 USC children  {'0,1,2,3,4,5_0': [1, 2], '8,9,10,11,12,13,14,15,16_0': [1], '17,18,19,20,21,22,23,24,25,26_0': [2], '6,7_0': [3, 4], '27,28,29,30,31,32,33,34,35_0': [4], '0,1,2,3,4,5,17,18,19,20,21,22,23,24,25,26,36,37,38,39,40,41,42,43,44,45,46_2': [8]}
 USC children  {'0,1,2,3,4,5_0': [1, 2], '8,9,10,11,12,13,14,15,16_0': [1], '17,18,19,20,21,22,23,24,25,26_0': [2], '6,7_0': [3, 4], '27,28,29,30,31,32,33,34,35_0': [4], '0,1,2,3,4,5,17,18,19,20,21,22,23,24,25,26,36,37,38,39,40,41,42,43,44,45,46_2': [8]}
 Node s  {'1,2': ['0', '1', '2', '3', '4', '5'], '3,4': ['6', '7'], '8': ['0', '1', '2', '3', '4', '5', '17', '18', '19', '20', '21', '22', '23', '24', '25', '26', '36', '37', '38', '39', '40', '41', '42', '43', '44', '45', '46']}
 Enroll USC nodes  ['1', '2']  len  2
 Enroll USC nodes  ['3', '4']  len  2
 Enroll USC nodes  ['8']  len  1
 Node TP  SortedDict({1: [0], 2: [1, 2, 3, 4], 3: [5, 6, 7, 8, 9, 10]})
 Unobserved subclones at timepoints  {1.5: [11, 12]}
 ============== Inside finding node v ============ 
 Time  2
 Time  3
 largest_v_mut  [[0, 1, 2, 3, 4, 5, 17, 18, 19, 20, 21, 22, 23, 24, 25, 26]]
 largest_v_mut  [[32, 33, 34, 35, 6, 7, 27, 28, 29, 30, 31]]
 largest_v_mut  [[6, 7]]
 Sorted all timepoints  [1, 1.5, 2, 3]
 Timepoint  2
 Inside usc_node check  2
 Timepoint  3
0   1   [-1]   subclone   []   []
1   2   [11]   subclone   [0, 1, 2, 3, 4, 5, 8, 9, 10, 11, 12, 13, 14, 15, 16]   [9]
2   2   [11]   subclone   [0, 1, 2, 3, 4, 5, 17, 18, 19, 20, 21, 22, 23, 24, 25, 26]   [10]
3   2   [12]   subclone   [6, 7]   [0]
4   2   [12]   subclone   [6, 7, 27, 28, 29, 30, 31, 32, 33, 34, 35]   [9]
5   3   [2]   subclone   [0, 1, 2, 3, 4, 5, 17, 18, 19, 20, 21, 22, 23, 24, 25, 26]   [0]
6   3   [3]   subclone   [6, 7]   [0]
7   3   [4]   subclone   [6, 7, 27, 28, 29, 30, 31, 32, 33, 34, 35]   [0]
8   3   [2]   subclone   [0, 1, 2, 3, 4, 5, 17, 18, 19, 20, 21, 22, 23, 24, 25, 26, 36, 37, 38, 39, 40, 41, 42, 43, 44, 45, 46]   [11]
9   3   [4]   subclone   [6, 7, 27, 28, 29, 30, 31, 32, 33, 34, 35, 47, 48, 49, 50, 51, 52, 53, 54, 55, 56, 57]   [11]
10   3   [3]   subclone   [6, 7, 58, 59, 60, 61, 62, 63, 64]   [7]
11   1.5   [0]   unobserved subclone   [0, 1, 2, 3, 4, 5]   [6]
12   1.5   [0]   unobserved subclone   [6, 7]   [2]
8
 Total estimated FP  242  True negatives  24007
 Total estimated FN  1387  True positives  5564
 Estimated FP rate  0.04168
 Estimated FN rate  0.05
 No. of Cells in each cluster  {'6_2': 19, '5_2': 33, '5_3': 52, '2_2': 28, '2_3': 59, '4_2': 20, '4_3': 77, '0_3': 126, '3_3': 62, '1_3': 123, '7_3': 1}
 Cells in each cluster  {'6_2': [0, 1, 2, 3, 4, 5, 6, 7, 8, 9, 10, 11, 12, 13, 14, 15, 16, 17, 18], '5_2': [19, 20, 21, 22, 23, 24, 25, 26, 27, 28, 29, 30, 31, 32, 33, 34, 35, 36, 37, 38, 39, 40, 41, 42, 43, 44, 45, 46, 47, 48, 49, 50, 51], '5_3': [100, 101, 102, 103, 104, 105, 106, 107, 108, 109, 110, 111, 112, 113, 114, 115, 116, 117, 118, 119, 120, 121, 122, 123, 124, 125, 126, 127, 128, 129, 130, 131, 132, 133, 134, 135, 136, 137, 138, 139, 140, 141, 142, 143, 144, 145, 146, 147, 148, 149, 150, 151], '2_2': [52, 53, 54, 55, 56, 57, 58, 59, 60, 61, 62, 63, 64, 65, 66, 67, 68, 69, 70, 71, 72, 73, 74, 75, 76, 77, 78, 79], '2_3': [417, 418, 419, 420, 421, 422, 423, 424, 425, 426, 427, 428, 429, 430, 431, 432, 433, 434, 435, 436, 437, 438, 439, 440, 441, 442, 443, 444, 445, 446, 447, 448, 449, 450, 451, 452, 453, 454, 455, 456, 457, 458, 459, 460, 461, 462, 463, 464, 465, 466, 467, 468, 469, 470, 471, 472, 473, 474, 475], '4_2': [80, 81, 82, 83, 84, 85, 86, 87, 88, 89, 90, 91, 92, 93, 94, 95, 96, 97, 98, 99], '4_3': [278, 279, 280, 281, 282, 283, 284, 285, 286, 287, 288, 289, 290, 291, 292, 293, 294, 295, 296, 297, 298, 299, 300, 301, 302, 303, 304, 305, 306, 307, 308, 309, 310, 311, 312, 313, 314, 315, 316, 317, 318, 319, 320, 321, 322, 323, 324, 325, 326, 327, 328, 329, 330, 331, 332, 333, 334, 335, 336, 337, 338, 339, 340, 341, 342, 343, 344, 345, 346, 347, 348, 349, 350, 351, 352, 353, 354], '0_3': [152, 153, 154, 155, 156, 157, 158, 159, 160, 161, 162, 163, 164, 165, 166, 167, 168, 169, 170, 171, 172, 173, 174, 175, 176, 177, 178, 179, 180, 181, 182, 183, 184, 185, 186, 187, 188, 189, 190, 191, 192, 193, 194, 195, 196, 197, 198, 199, 200, 201, 202, 203, 204, 205, 206, 207, 208, 209, 210, 211, 212, 213, 214, 215, 216, 217, 218, 219, 220, 221, 222, 223, 224, 225, 226, 227, 228, 229, 230, 231, 232, 233, 234, 235, 236, 237, 238, 239, 240, 241, 242, 243, 244, 245, 246, 247, 248, 249, 250, 251, 252, 253, 254, 255, 256, 257, 258, 259, 260, 261, 262, 263, 264, 265, 266, 267, 268, 269, 270, 271, 272, 273, 274, 275, 276, 277], '3_3': [355, 356, 357, 358, 359, 360, 361, 362, 363, 364, 365, 366, 367, 368, 369, 370, 371, 372, 373, 374, 375, 376, 377, 378, 379, 380, 381, 382, 383, 384, 385, 386, 387, 388, 389, 390, 391, 392, 393, 394, 395, 396, 397, 398, 399, 400, 401, 402, 403, 404, 405, 406, 407, 408, 409, 410, 411, 412, 413, 414, 415, 416], '1_3': [476, 477, 478, 479, 480, 481, 482, 483, 484, 485, 486, 487, 488, 489, 490, 491, 492, 493, 494, 495, 496, 497, 498, 499, 500, 501, 502, 503, 504, 505, 506, 507, 508, 509, 510, 511, 512, 513, 514, 515, 516, 517, 518, 519, 520, 521, 522, 523, 524, 525, 526, 527, 528, 529, 530, 531, 532, 533, 534, 535, 536, 537, 538, 539, 540, 541, 543, 544, 545, 546, 547, 548, 549, 550, 551, 552, 553, 554, 555, 556, 557, 558, 559, 560, 561, 562, 563, 564, 565, 566, 567, 568, 569, 570, 571, 572, 573, 574, 575, 576, 577, 578, 579, 580, 581, 582, 583, 584, 585, 586, 587, 588, 589, 590, 591, 592, 593, 594, 595, 596, 597, 598, 599], '7_3': [542]}
FP rate  0.04168 FN rate  0.05
 Before reassigning cells 
 Timepoint  2
 Cluster  6  # of cells  19
 Cluster  5  # of cells  33
 Cluster  2  # of cells  30
 Cluster  4  # of cells  18
 Timepoint  3
 Cluster  5  # of cells  56
 Cluster  2  # of cells  59
 Cluster  4  # of cells  77
 Cluster  0  # of cells  122
 Cluster  3  # of cells  61
 Cluster  1  # of cells  113
 Cluster  7  # of cells  9
 Cells absent at timepoint  2   set()
 Cells absent at timepoint  3   {515, 467, 478}
 Missing cell prob  {'3': 5.568943215792411e-29, '1': 5.005791922014939e-07, '0': 4.949955237365921e-42, '4': 7.140338699286435e-15, '2': 2.976505921313931e-07, '7': 3.539664483984502e-07, '5': 3.311362660594765e-29}
 Missing cell prob  {'3': 7.031328388869216e-21, '1': 9.015366876081596e-07, '0': 2.7185332158350094e-27, '4': 1.280447457488183e-10, '2': 0.0003311803036229112, '7': 0.0003311803036229112, '5': 5.912648127771991e-21}
 Missing cell prob  {'3': 2.4682296801296e-26, '1': 7.182238558914149e-07, '0': 2.1844715348236376e-35, '4': 8.61490511503816e-15, '2': 4.270648067667205e-07, '7': 5.078659908072899e-07, '5': 3.9780548824147125e-25}
 Timepoint  2
 Timepoint  3
SortedDict({2: {'6': ['0', '1', '2', '3', '4', '5', '6', '7', '8', '9', '10', '11', '12', '13', '14', '15', '16', '17', '18'], '5': ['19', '20', '21', '22', '23', '24', '25', '26', '27', '28', '29', '30', '31', '32', '33', '34', '35', '36', '37', '38', '39', '40', '41', '42', '43', '44', '45', '46', '47', '48', '49', '50', '51'], '2': ['52', '53', '54', '55', '56', '57', '58', '59', '60', '61', '62', '63', '64', '65', '66', '67', '68', '69', '70', '71', '72', '73', '74', '75', '76', '77', '78', '79', '81', '94'], '4': ['80', '82', '83', '84', '85', '86', '87', '88', '89', '90', '91', '92', '93', '95', '96', '97', '98', '99']}, 3: {'5': ['100', '101', '102', '103', '104', '105', '106', '107', '108', '109', '110', '111', '112', '113', '114', '115', '116', '117', '118', '119', '120', '121', '122', '123', '124', '125', '126', '127', '128', '129', '130', '131', '132', '133', '134', '135', '136', '137', '138', '139', '140', '141', '142', '143', '144', '145', '146', '147', '148', '149', '150', '151', '171', '178', '205', '210'], '2': ['348', '417', '418', '419', '420', '421', '422', '423', '424', '425', '426', '427', '428', '429', '430', '431', '432', '433', '434', '435', '436', '437', '438', '439', '440', '441', '442', '443', '444', '445', '446', '447', '448', '449', '450', '451', '452', '453', '454', '455', '456', '457', '458', '459', '460', '461', '462', '463', '464', '465', '466', '468', '469', '470', '471', '472', '473', '474', '475', '467'], '4': ['278', '279', '280', '281', '282', '283', '284', '285', '286', '287', '288', '289', '290', '291', '292', '293', '294', '295', '296', '297', '298', '299', '300', '301', '302', '303', '304', '305', '306', '307', '308', '309', '310', '311', '312', '313', '314', '315', '316', '317', '318', '319', '320', '321', '322', '323', '324', '325', '326', '327', '328', '329', '330', '331', '332', '333', '334', '335', '336', '337', '338', '339', '340', '341', '342', '343', '344', '345', '346', '347', '349', '350', '351', '352', '353', '354', '406'], '0': ['152', '153', '154', '155', '156', '157', '158', '159', '160', '161', '162', '163', '164', '165', '166', '167', '168', '169', '170', '172', '173', '174', '175', '176', '177', '179', '180', '181', '182', '183', '184', '185', '186', '187', '188', '189', '190', '191', '192', '193', '194', '195', '196', '197', '198', '199', '200', '201', '202', '203', '204', '206', '207', '208', '209', '211', '212', '213', '214', '215', '216', '217', '218', '219', '220', '221', '222', '223', '224', '225', '226', '227', '228', '229', '230', '231', '232', '233', '234', '235', '236', '237', '238', '239', '240', '241', '242', '243', '244', '245', '246', '247', '248', '249', '250', '251', '252', '253', '254', '255', '256', '257', '258', '259', '260', '261', '262', '263', '264', '265', '266', '267', '268', '269', '270', '271', '272', '273', '274', '275', '276', '277'], '3': ['355', '356', '357', '358', '359', '360', '361', '362', '363', '364', '365', '366', '367', '368', '369', '370', '371', '372', '373', '374', '375', '376', '377', '378', '379', '380', '381', '382', '383', '384', '385', '386', '387', '388', '389', '390', '391', '392', '393', '394', '395', '396', '397', '398', '399', '400', '401', '402', '403', '404', '405', '407', '408', '409', '410', '411', '412', '413', '414', '415', '416'], '1': ['476', '477', '479', '480', '482', '483', '484', '485', '487', '488', '489', '490', '491', '492', '493', '494', '495', '496', '497', '498', '499', '500', '502', '504', '505', '506', '508', '509', '510', '511', '512', '513', '514', '516', '517', '518', '520', '521', '522', '523', '524', '525', '526', '527', '528', '529', '530', '531', '532', '533', '534', '535', '536', '537', '538', '539', '540', '541', '543', '544', '545', '546', '547', '548', '549', '550', '551', '552', '553', '554', '555', '556', '557', '559', '560', '561', '562', '563', '564', '565', '566', '567', '568', '569', '570', '571', '572', '573', '574', '575', '577', '578', '579', '580', '581', '582', '583', '584', '585', '586', '587', '588', '589', '590', '591', '592', '593', '594', '595', '596', '597', '598', '599', '515', '478'], '7': ['481', '486', '501', '503', '507', '519', '542', '558', '576']}})
 Cluster1  1
 Cluster to drop  7
 After reassigning and merging cells 
 Timepoint  2
 Cluster  6  # of cells  19
 Cluster  5  # of cells  33
 Cluster  2  # of cells  30
 Cluster  4  # of cells  18
 Timepoint  3
 Cluster  5  # of cells  56
 Cluster  2  # of cells  60
 Cluster  4  # of cells  77
 Cluster  0  # of cells  122
 Cluster  3  # of cells  61
 Cluster  1  # of cells  124
 Tp cluster cell dict  {'6_2': 19, '5_2': 33, '2_2': 30, '4_2': 18, '5_3': 56, '2_3': 60, '4_3': 77, '0_3': 122, '3_3': 61, '1_3': 124}
 New Graph is here 
 ID  0  Timepoint  1  Mutations  []  Type  subclone
 ID  1  Timepoint  2  Mutations  [0, 1, 2, 3, 4, 5, 8, 9, 10, 11, 12, 13, 14, 15, 16]  Type  subclone
 ID  2  Timepoint  2  Mutations  [0, 1, 2, 3, 4, 5, 17, 18, 19, 20, 21, 22, 23, 24, 25, 26]  Type  subclone
 ID  3  Timepoint  2  Mutations  [6, 7]  Type  subclone
 ID  4  Timepoint  2  Mutations  [6, 7, 27, 28, 29, 30, 31, 32, 33, 34, 35]  Type  subclone
 ID  5  Timepoint  3  Mutations  [0, 1, 2, 3, 4, 5, 17, 18, 19, 20, 21, 22, 23, 24, 25, 26]  Type  subclone
 ID  6  Timepoint  3  Mutations  [6, 7]  Type  subclone
 ID  7  Timepoint  3  Mutations  [6, 7, 27, 28, 29, 30, 31, 32, 33, 34, 35]  Type  subclone
 ID  8  Timepoint  3  Mutations  [0, 1, 2, 3, 4, 5, 17, 18, 19, 20, 21, 22, 23, 24, 25, 26, 36, 37, 38, 39, 40, 41, 42, 43, 44, 45, 46]  Type  subclone
 ID  9  Timepoint  3  Mutations  [6, 7, 27, 28, 29, 30, 31, 32, 33, 34, 35, 47, 48, 49, 50, 51, 52, 53, 54, 55, 56, 57]  Type  subclone
 ID  10  Timepoint  3  Mutations  [6, 7, 58, 59, 60, 61, 62, 63, 64]  Type  subclone
Timepoints  SortedDict({1: [0], 2: [1, 2, 3, 4], 3: [5, 6, 7, 8, 9, 10]})
 Clone to nodes  {'6_2': 1, '5_2': 2, '2_2': 3, '4_2': 4, '5_3': 5, '2_3': 6, '4_3': 7, '0_3': 8, '3_3': 9, '1_3': 10}
 Timepoint ====  1
 Hash table  {'0,1': [0, 1, 2, 3, 4, 5], '0': [8, 9, 10, 11, 12, 13, 14, 15, 16], '1': [17, 18, 19, 20, 21, 22, 23, 24, 25, 26], '2,3': [6, 7], '3': [27, 28, 29, 30, 31, 32, 33, 34, 35]}
 Final possible usc  [[0, 1, 2, 3, 4, 5], [8, 9, 10, 11, 12, 13, 14, 15, 16], [17, 18, 19, 20, 21, 22, 23, 24, 25, 26], [6, 7], [27, 28, 29, 30, 31, 32, 33, 34, 35]]
 Time  1  USC keys  {'17,18,19,20,21,22,23,24,25,26_0', '0,1,2,3,4,5_0', '8,9,10,11,12,13,14,15,16_0', '6,7_0', '27,28,29,30,31,32,33,34,35_0'}
 USC children  {'0,1,2,3,4,5_0': [1, 2], '8,9,10,11,12,13,14,15,16_0': [1], '17,18,19,20,21,22,23,24,25,26_0': [2], '6,7_0': [3, 4], '27,28,29,30,31,32,33,34,35_0': [4]}
 USC children  {'0,1,2,3,4,5_0': [1, 2], '8,9,10,11,12,13,14,15,16_0': [1], '17,18,19,20,21,22,23,24,25,26_0': [2], '6,7_0': [3, 4], '27,28,29,30,31,32,33,34,35_0': [4]}
 Timepoint ====  2
 Hash table  {'0': [0, 1, 2, 3, 4, 5, 17, 18, 19, 20, 21, 22, 23, 24, 25, 26, 36, 37, 38, 39, 40, 41, 42, 43, 44, 45, 46], '1,2': [6, 7], '1': [27, 28, 29, 30, 31, 32, 33, 34, 35, 47, 48, 49, 50, 51, 52, 53, 54, 55, 56, 57], '2': [58, 59, 60, 61, 62, 63, 64]}
====== Inside find superset of t nodes ==========
 Final possible usc  [[0, 1, 2, 3, 4, 5, 17, 18, 19, 20, 21, 22, 23, 24, 25, 26, 36, 37, 38, 39, 40, 41, 42, 43, 44, 45, 46]]
 Time  2  USC keys  {'0,1,2,3,4,5,17,18,19,20,21,22,23,24,25,26,36,37,38,39,40,41,42,43,44,45,46_2'}
 USC children  {'0,1,2,3,4,5_0': [1, 2], '8,9,10,11,12,13,14,15,16_0': [1], '17,18,19,20,21,22,23,24,25,26_0': [2], '6,7_0': [3, 4], '27,28,29,30,31,32,33,34,35_0': [4], '0,1,2,3,4,5,17,18,19,20,21,22,23,24,25,26,36,37,38,39,40,41,42,43,44,45,46_2': [8]}
 USC children  {'0,1,2,3,4,5_0': [1, 2], '8,9,10,11,12,13,14,15,16_0': [1], '17,18,19,20,21,22,23,24,25,26_0': [2], '6,7_0': [3, 4], '27,28,29,30,31,32,33,34,35_0': [4], '0,1,2,3,4,5,17,18,19,20,21,22,23,24,25,26,36,37,38,39,40,41,42,43,44,45,46_2': [8]}
 Node s  {'1,2': ['0', '1', '2', '3', '4', '5'], '3,4': ['6', '7'], '8': ['0', '1', '2', '3', '4', '5', '17', '18', '19', '20', '21', '22', '23', '24', '25', '26', '36', '37', '38', '39', '40', '41', '42', '43', '44', '45', '46']}
 Enroll USC nodes  ['1', '2']  len  2
 Enroll USC nodes  ['3', '4']  len  2
 Enroll USC nodes  ['8']  len  1
 Node TP  SortedDict({1: [0], 2: [1, 2, 3, 4], 3: [5, 6, 7, 8, 9, 10]})
 Unobserved subclones at timepoints  {1.5: [11, 12]}
 ============== Inside finding node v ============ 
 Time  2
 Time  3
 largest_v_mut  [[0, 1, 2, 3, 4, 5, 17, 18, 19, 20, 21, 22, 23, 24, 25, 26]]
 largest_v_mut  [[32, 33, 34, 35, 6, 7, 27, 28, 29, 30, 31]]
 largest_v_mut  [[6, 7]]
 Sorted all timepoints  [1, 1.5, 2, 3]
 Timepoint  2
 Inside usc_node check  2
 Timepoint  3
0   1   [-1]   subclone   []   []
1   2   [11]   subclone   [0, 1, 2, 3, 4, 5, 8, 9, 10, 11, 12, 13, 14, 15, 16]   [9]
2   2   [11]   subclone   [0, 1, 2, 3, 4, 5, 17, 18, 19, 20, 21, 22, 23, 24, 25, 26]   [10]
3   2   [12]   subclone   [6, 7]   [0]
4   2   [12]   subclone   [6, 7, 27, 28, 29, 30, 31, 32, 33, 34, 35]   [9]
5   3   [2]   subclone   [0, 1, 2, 3, 4, 5, 17, 18, 19, 20, 21, 22, 23, 24, 25, 26]   [0]
6   3   [3]   subclone   [6, 7]   [0]
7   3   [4]   subclone   [6, 7, 27, 28, 29, 30, 31, 32, 33, 34, 35]   [0]
8   3   [2]   subclone   [0, 1, 2, 3, 4, 5, 17, 18, 19, 20, 21, 22, 23, 24, 25, 26, 36, 37, 38, 39, 40, 41, 42, 43, 44, 45, 46]   [11]
9   3   [4]   subclone   [6, 7, 27, 28, 29, 30, 31, 32, 33, 34, 35, 47, 48, 49, 50, 51, 52, 53, 54, 55, 56, 57]   [11]
10   3   [3]   subclone   [6, 7, 58, 59, 60, 61, 62, 63, 64]   [7]
11   1.5   [0]   unobserved subclone   [0, 1, 2, 3, 4, 5]   [6]
12   1.5   [0]   unobserved subclone   [6, 7]   [2]
7
 Total estimated FP  243  True negatives  24007
 Total estimated FN  1387  True positives  5563
 Estimated FP rate  0.04185
 Estimated FN rate  0.05
 No. of Cells in each cluster  {'6_2': 19, '5_2': 33, '5_3': 52, '0_2': 28, '0_3': 60, '1_2': 20, '1_3': 77, '2_3': 126, '3_3': 62, '4_3': 123}
 Cells in each cluster  {'6_2': [0, 1, 2, 3, 4, 5, 6, 7, 8, 9, 10, 11, 12, 13, 14, 15, 16, 17, 18], '5_2': [19, 20, 21, 22, 23, 24, 25, 26, 27, 28, 29, 30, 31, 32, 33, 34, 35, 36, 37, 38, 39, 40, 41, 42, 43, 44, 45, 46, 47, 48, 49, 50, 51], '5_3': [100, 101, 102, 103, 104, 105, 106, 107, 108, 109, 110, 111, 112, 113, 114, 115, 116, 117, 118, 119, 120, 121, 122, 123, 124, 125, 126, 127, 128, 129, 130, 131, 132, 133, 134, 135, 136, 137, 138, 139, 140, 141, 142, 143, 144, 145, 146, 147, 148, 149, 150, 151], '0_2': [52, 53, 54, 55, 56, 57, 58, 59, 60, 61, 62, 63, 64, 65, 66, 67, 68, 69, 70, 71, 72, 73, 74, 75, 76, 77, 78, 79], '0_3': [417, 418, 419, 420, 421, 422, 423, 424, 425, 426, 427, 428, 429, 430, 431, 432, 433, 434, 435, 436, 437, 438, 439, 440, 441, 442, 443, 444, 445, 446, 447, 448, 449, 450, 451, 452, 453, 454, 455, 456, 457, 458, 459, 460, 461, 462, 463, 464, 465, 466, 467, 468, 469, 470, 471, 472, 473, 474, 475, 542], '1_2': [80, 81, 82, 83, 84, 85, 86, 87, 88, 89, 90, 91, 92, 93, 94, 95, 96, 97, 98, 99], '1_3': [278, 279, 280, 281, 282, 283, 284, 285, 286, 287, 288, 289, 290, 291, 292, 293, 294, 295, 296, 297, 298, 299, 300, 301, 302, 303, 304, 305, 306, 307, 308, 309, 310, 311, 312, 313, 314, 315, 316, 317, 318, 319, 320, 321, 322, 323, 324, 325, 326, 327, 328, 329, 330, 331, 332, 333, 334, 335, 336, 337, 338, 339, 340, 341, 342, 343, 344, 345, 346, 347, 348, 349, 350, 351, 352, 353, 354], '2_3': [152, 153, 154, 155, 156, 157, 158, 159, 160, 161, 162, 163, 164, 165, 166, 167, 168, 169, 170, 171, 172, 173, 174, 175, 176, 177, 178, 179, 180, 181, 182, 183, 184, 185, 186, 187, 188, 189, 190, 191, 192, 193, 194, 195, 196, 197, 198, 199, 200, 201, 202, 203, 204, 205, 206, 207, 208, 209, 210, 211, 212, 213, 214, 215, 216, 217, 218, 219, 220, 221, 222, 223, 224, 225, 226, 227, 228, 229, 230, 231, 232, 233, 234, 235, 236, 237, 238, 239, 240, 241, 242, 243, 244, 245, 246, 247, 248, 249, 250, 251, 252, 253, 254, 255, 256, 257, 258, 259, 260, 261, 262, 263, 264, 265, 266, 267, 268, 269, 270, 271, 272, 273, 274, 275, 276, 277], '3_3': [355, 356, 357, 358, 359, 360, 361, 362, 363, 364, 365, 366, 367, 368, 369, 370, 371, 372, 373, 374, 375, 376, 377, 378, 379, 380, 381, 382, 383, 384, 385, 386, 387, 388, 389, 390, 391, 392, 393, 394, 395, 396, 397, 398, 399, 400, 401, 402, 403, 404, 405, 406, 407, 408, 409, 410, 411, 412, 413, 414, 415, 416], '4_3': [476, 477, 478, 479, 480, 481, 482, 483, 484, 485, 486, 487, 488, 489, 490, 491, 492, 493, 494, 495, 496, 497, 498, 499, 500, 501, 502, 503, 504, 505, 506, 507, 508, 509, 510, 511, 512, 513, 514, 515, 516, 517, 518, 519, 520, 521, 522, 523, 524, 525, 526, 527, 528, 529, 530, 531, 532, 533, 534, 535, 536, 537, 538, 539, 540, 541, 543, 544, 545, 546, 547, 548, 549, 550, 551, 552, 553, 554, 555, 556, 557, 558, 559, 560, 561, 562, 563, 564, 565, 566, 567, 568, 569, 570, 571, 572, 573, 574, 575, 576, 577, 578, 579, 580, 581, 582, 583, 584, 585, 586, 587, 588, 589, 590, 591, 592, 593, 594, 595, 596, 597, 598, 599]}
FP rate  0.04185 FN rate  0.05
 Before reassigning cells 
 Timepoint  2
 Cluster  6  # of cells  19
 Cluster  5  # of cells  33
 Cluster  0  # of cells  30
 Cluster  1  # of cells  18
 Timepoint  3
 Cluster  5  # of cells  56
 Cluster  0  # of cells  64
 Cluster  1  # of cells  77
 Cluster  2  # of cells  122
 Cluster  3  # of cells  61
 Cluster  4  # of cells  120
 Cells absent at timepoint  2   set()
 Cells absent at timepoint  3   set()
 Timepoint  2
 Timepoint  3
 After reassigning and merging cells 
 Timepoint  2
 Cluster  6  # of cells  19
 Cluster  5  # of cells  33
 Cluster  0  # of cells  30
 Cluster  1  # of cells  18
 Timepoint  3
 Cluster  5  # of cells  56
 Cluster  0  # of cells  64
 Cluster  1  # of cells  77
 Cluster  2  # of cells  122
 Cluster  3  # of cells  61
 Cluster  4  # of cells  120
 Tp cluster cell dict  {'6_2': 19, '5_2': 33, '0_2': 30, '1_2': 18, '5_3': 56, '0_3': 64, '1_3': 77, '2_3': 122, '3_3': 61, '4_3': 120}
 New Graph is here 
 ID  0  Timepoint  1  Mutations  []  Type  subclone
 ID  1  Timepoint  2  Mutations  [0, 1, 2, 3, 4, 5, 8, 9, 10, 11, 12, 13, 14, 15, 16]  Type  subclone
 ID  2  Timepoint  2  Mutations  [0, 1, 2, 3, 4, 5, 17, 18, 19, 20, 21, 22, 23, 24, 25, 26]  Type  subclone
 ID  3  Timepoint  2  Mutations  [6, 7]  Type  subclone
 ID  4  Timepoint  2  Mutations  [6, 7, 27, 28, 29, 30, 31, 32, 33, 34, 35]  Type  subclone
 ID  5  Timepoint  3  Mutations  [0, 1, 2, 3, 4, 5, 17, 18, 19, 20, 21, 22, 23, 24, 25, 26]  Type  subclone
 ID  6  Timepoint  3  Mutations  [6, 7]  Type  subclone
 ID  7  Timepoint  3  Mutations  [6, 7, 27, 28, 29, 30, 31, 32, 33, 34, 35]  Type  subclone
 ID  8  Timepoint  3  Mutations  [0, 1, 2, 3, 4, 5, 17, 18, 19, 20, 21, 22, 23, 24, 25, 26, 36, 37, 38, 39, 40, 41, 42, 43, 44, 45, 46]  Type  subclone
 ID  9  Timepoint  3  Mutations  [6, 7, 27, 28, 29, 30, 31, 32, 33, 34, 35, 47, 48, 49, 50, 51, 52, 53, 54, 55, 56, 57]  Type  subclone
 ID  10  Timepoint  3  Mutations  [6, 7, 58, 59, 60, 61, 62, 63, 64]  Type  subclone
Timepoints  SortedDict({1: [0], 2: [1, 2, 3, 4], 3: [5, 6, 7, 8, 9, 10]})
 Clone to nodes  {'6_2': 1, '5_2': 2, '0_2': 3, '1_2': 4, '5_3': 5, '0_3': 6, '1_3': 7, '2_3': 8, '3_3': 9, '4_3': 10}
 Timepoint ====  1
 Hash table  {'0,1': [0, 1, 2, 3, 4, 5], '0': [8, 9, 10, 11, 12, 13, 14, 15, 16], '1': [17, 18, 19, 20, 21, 22, 23, 24, 25, 26], '2,3': [6, 7], '3': [27, 28, 29, 30, 31, 32, 33, 34, 35]}
 Final possible usc  [[0, 1, 2, 3, 4, 5], [8, 9, 10, 11, 12, 13, 14, 15, 16], [17, 18, 19, 20, 21, 22, 23, 24, 25, 26], [6, 7], [27, 28, 29, 30, 31, 32, 33, 34, 35]]
 Time  1  USC keys  {'6,7_0', '0,1,2,3,4,5_0', '27,28,29,30,31,32,33,34,35_0', '17,18,19,20,21,22,23,24,25,26_0', '8,9,10,11,12,13,14,15,16_0'}
 USC children  {'0,1,2,3,4,5_0': [1, 2], '8,9,10,11,12,13,14,15,16_0': [1], '17,18,19,20,21,22,23,24,25,26_0': [2], '6,7_0': [3, 4], '27,28,29,30,31,32,33,34,35_0': [4]}
 USC children  {'0,1,2,3,4,5_0': [1, 2], '8,9,10,11,12,13,14,15,16_0': [1], '17,18,19,20,21,22,23,24,25,26_0': [2], '6,7_0': [3, 4], '27,28,29,30,31,32,33,34,35_0': [4]}
 Timepoint ====  2
 Hash table  {'0': [0, 1, 2, 3, 4, 5, 17, 18, 19, 20, 21, 22, 23, 24, 25, 26, 36, 37, 38, 39, 40, 41, 42, 43, 44, 45, 46], '1,2': [6, 7], '1': [27, 28, 29, 30, 31, 32, 33, 34, 35, 47, 48, 49, 50, 51, 52, 53, 54, 55, 56, 57], '2': [58, 59, 60, 61, 62, 63, 64]}
====== Inside find superset of t nodes ==========
 Final possible usc  [[0, 1, 2, 3, 4, 5, 17, 18, 19, 20, 21, 22, 23, 24, 25, 26, 36, 37, 38, 39, 40, 41, 42, 43, 44, 45, 46]]
 Time  2  USC keys  {'0,1,2,3,4,5,17,18,19,20,21,22,23,24,25,26,36,37,38,39,40,41,42,43,44,45,46_2'}
 USC children  {'0,1,2,3,4,5_0': [1, 2], '8,9,10,11,12,13,14,15,16_0': [1], '17,18,19,20,21,22,23,24,25,26_0': [2], '6,7_0': [3, 4], '27,28,29,30,31,32,33,34,35_0': [4], '0,1,2,3,4,5,17,18,19,20,21,22,23,24,25,26,36,37,38,39,40,41,42,43,44,45,46_2': [8]}
 USC children  {'0,1,2,3,4,5_0': [1, 2], '8,9,10,11,12,13,14,15,16_0': [1], '17,18,19,20,21,22,23,24,25,26_0': [2], '6,7_0': [3, 4], '27,28,29,30,31,32,33,34,35_0': [4], '0,1,2,3,4,5,17,18,19,20,21,22,23,24,25,26,36,37,38,39,40,41,42,43,44,45,46_2': [8]}
 Node s  {'1,2': ['0', '1', '2', '3', '4', '5'], '3,4': ['6', '7'], '8': ['0', '1', '2', '3', '4', '5', '17', '18', '19', '20', '21', '22', '23', '24', '25', '26', '36', '37', '38', '39', '40', '41', '42', '43', '44', '45', '46']}
 Enroll USC nodes  ['1', '2']  len  2
 Enroll USC nodes  ['3', '4']  len  2
 Enroll USC nodes  ['8']  len  1
 Node TP  SortedDict({1: [0], 2: [1, 2, 3, 4], 3: [5, 6, 7, 8, 9, 10]})
 Unobserved subclones at timepoints  {1.5: [11, 12]}
 ============== Inside finding node v ============ 
 Time  2
 Time  3
 largest_v_mut  [[0, 1, 2, 3, 4, 5, 17, 18, 19, 20, 21, 22, 23, 24, 25, 26]]
 largest_v_mut  [[32, 33, 34, 35, 6, 7, 27, 28, 29, 30, 31]]
 largest_v_mut  [[6, 7]]
 Sorted all timepoints  [1, 1.5, 2, 3]
 Timepoint  2
 Inside usc_node check  2
 Timepoint  3
0   1   [-1]   subclone   []   []
1   2   [11]   subclone   [0, 1, 2, 3, 4, 5, 8, 9, 10, 11, 12, 13, 14, 15, 16]   [9]
2   2   [11]   subclone   [0, 1, 2, 3, 4, 5, 17, 18, 19, 20, 21, 22, 23, 24, 25, 26]   [10]
3   2   [12]   subclone   [6, 7]   [0]
4   2   [12]   subclone   [6, 7, 27, 28, 29, 30, 31, 32, 33, 34, 35]   [9]
5   3   [2]   subclone   [0, 1, 2, 3, 4, 5, 17, 18, 19, 20, 21, 22, 23, 24, 25, 26]   [0]
6   3   [3]   subclone   [6, 7]   [0]
7   3   [4]   subclone   [6, 7, 27, 28, 29, 30, 31, 32, 33, 34, 35]   [0]
8   3   [2]   subclone   [0, 1, 2, 3, 4, 5, 17, 18, 19, 20, 21, 22, 23, 24, 25, 26, 36, 37, 38, 39, 40, 41, 42, 43, 44, 45, 46]   [11]
9   3   [4]   subclone   [6, 7, 27, 28, 29, 30, 31, 32, 33, 34, 35, 47, 48, 49, 50, 51, 52, 53, 54, 55, 56, 57]   [11]
10   3   [3]   subclone   [6, 7, 58, 59, 60, 61, 62, 63, 64]   [7]
11   1.5   [0]   unobserved subclone   [0, 1, 2, 3, 4, 5]   [6]
12   1.5   [0]   unobserved subclone   [6, 7]   [2]
7
 Total estimated FP  243  True negatives  24007
 Total estimated FN  1387  True positives  5563
 Estimated FP rate  0.04185
 Estimated FN rate  0.05
 No. of Cells in each cluster  {'6_2': 19, '5_2': 33, '5_3': 52, '0_2': 28, '0_3': 60, '4_2': 20, '4_3': 77, '2_3': 126, '3_3': 62, '1_3': 123}
 Cells in each cluster  {'6_2': [0, 1, 2, 3, 4, 5, 6, 7, 8, 9, 10, 11, 12, 13, 14, 15, 16, 17, 18], '5_2': [19, 20, 21, 22, 23, 24, 25, 26, 27, 28, 29, 30, 31, 32, 33, 34, 35, 36, 37, 38, 39, 40, 41, 42, 43, 44, 45, 46, 47, 48, 49, 50, 51], '5_3': [100, 101, 102, 103, 104, 105, 106, 107, 108, 109, 110, 111, 112, 113, 114, 115, 116, 117, 118, 119, 120, 121, 122, 123, 124, 125, 126, 127, 128, 129, 130, 131, 132, 133, 134, 135, 136, 137, 138, 139, 140, 141, 142, 143, 144, 145, 146, 147, 148, 149, 150, 151], '0_2': [52, 53, 54, 55, 56, 57, 58, 59, 60, 61, 62, 63, 64, 65, 66, 67, 68, 69, 70, 71, 72, 73, 74, 75, 76, 77, 78, 79], '0_3': [417, 418, 419, 420, 421, 422, 423, 424, 425, 426, 427, 428, 429, 430, 431, 432, 433, 434, 435, 436, 437, 438, 439, 440, 441, 442, 443, 444, 445, 446, 447, 448, 449, 450, 451, 452, 453, 454, 455, 456, 457, 458, 459, 460, 461, 462, 463, 464, 465, 466, 467, 468, 469, 470, 471, 472, 473, 474, 475, 542], '4_2': [80, 81, 82, 83, 84, 85, 86, 87, 88, 89, 90, 91, 92, 93, 94, 95, 96, 97, 98, 99], '4_3': [278, 279, 280, 281, 282, 283, 284, 285, 286, 287, 288, 289, 290, 291, 292, 293, 294, 295, 296, 297, 298, 299, 300, 301, 302, 303, 304, 305, 306, 307, 308, 309, 310, 311, 312, 313, 314, 315, 316, 317, 318, 319, 320, 321, 322, 323, 324, 325, 326, 327, 328, 329, 330, 331, 332, 333, 334, 335, 336, 337, 338, 339, 340, 341, 342, 343, 344, 345, 346, 347, 348, 349, 350, 351, 352, 353, 354], '2_3': [152, 153, 154, 155, 156, 157, 158, 159, 160, 161, 162, 163, 164, 165, 166, 167, 168, 169, 170, 171, 172, 173, 174, 175, 176, 177, 178, 179, 180, 181, 182, 183, 184, 185, 186, 187, 188, 189, 190, 191, 192, 193, 194, 195, 196, 197, 198, 199, 200, 201, 202, 203, 204, 205, 206, 207, 208, 209, 210, 211, 212, 213, 214, 215, 216, 217, 218, 219, 220, 221, 222, 223, 224, 225, 226, 227, 228, 229, 230, 231, 232, 233, 234, 235, 236, 237, 238, 239, 240, 241, 242, 243, 244, 245, 246, 247, 248, 249, 250, 251, 252, 253, 254, 255, 256, 257, 258, 259, 260, 261, 262, 263, 264, 265, 266, 267, 268, 269, 270, 271, 272, 273, 274, 275, 276, 277], '3_3': [355, 356, 357, 358, 359, 360, 361, 362, 363, 364, 365, 366, 367, 368, 369, 370, 371, 372, 373, 374, 375, 376, 377, 378, 379, 380, 381, 382, 383, 384, 385, 386, 387, 388, 389, 390, 391, 392, 393, 394, 395, 396, 397, 398, 399, 400, 401, 402, 403, 404, 405, 406, 407, 408, 409, 410, 411, 412, 413, 414, 415, 416], '1_3': [476, 477, 478, 479, 480, 481, 482, 483, 484, 485, 486, 487, 488, 489, 490, 491, 492, 493, 494, 495, 496, 497, 498, 499, 500, 501, 502, 503, 504, 505, 506, 507, 508, 509, 510, 511, 512, 513, 514, 515, 516, 517, 518, 519, 520, 521, 522, 523, 524, 525, 526, 527, 528, 529, 530, 531, 532, 533, 534, 535, 536, 537, 538, 539, 540, 541, 543, 544, 545, 546, 547, 548, 549, 550, 551, 552, 553, 554, 555, 556, 557, 558, 559, 560, 561, 562, 563, 564, 565, 566, 567, 568, 569, 570, 571, 572, 573, 574, 575, 576, 577, 578, 579, 580, 581, 582, 583, 584, 585, 586, 587, 588, 589, 590, 591, 592, 593, 594, 595, 596, 597, 598, 599]}
FP rate  0.04185 FN rate  0.05
 Before reassigning cells 
 Timepoint  2
 Cluster  6  # of cells  19
 Cluster  5  # of cells  33
 Cluster  0  # of cells  30
 Cluster  4  # of cells  18
 Timepoint  3
 Cluster  5  # of cells  56
 Cluster  0  # of cells  64
 Cluster  4  # of cells  77
 Cluster  2  # of cells  122
 Cluster  3  # of cells  61
 Cluster  1  # of cells  120
 Cells absent at timepoint  2   set()
 Cells absent at timepoint  3   set()
 Timepoint  2
 Timepoint  3
 After reassigning and merging cells 
 Timepoint  2
 Cluster  6  # of cells  19
 Cluster  5  # of cells  33
 Cluster  0  # of cells  30
 Cluster  4  # of cells  18
 Timepoint  3
 Cluster  5  # of cells  56
 Cluster  0  # of cells  64
 Cluster  4  # of cells  77
 Cluster  2  # of cells  122
 Cluster  3  # of cells  61
 Cluster  1  # of cells  120
 Tp cluster cell dict  {'6_2': 19, '5_2': 33, '0_2': 30, '4_2': 18, '5_3': 56, '0_3': 64, '4_3': 77, '2_3': 122, '3_3': 61, '1_3': 120}
 New Graph is here 
 ID  0  Timepoint  1  Mutations  []  Type  subclone
 ID  1  Timepoint  2  Mutations  [0, 1, 2, 3, 4, 5, 8, 9, 10, 11, 12, 13, 14, 15, 16]  Type  subclone
 ID  2  Timepoint  2  Mutations  [0, 1, 2, 3, 4, 5, 17, 18, 19, 20, 21, 22, 23, 24, 25, 26]  Type  subclone
 ID  3  Timepoint  2  Mutations  [6, 7]  Type  subclone
 ID  4  Timepoint  2  Mutations  [6, 7, 27, 28, 29, 30, 31, 32, 33, 34, 35]  Type  subclone
 ID  5  Timepoint  3  Mutations  [0, 1, 2, 3, 4, 5, 17, 18, 19, 20, 21, 22, 23, 24, 25, 26]  Type  subclone
 ID  6  Timepoint  3  Mutations  [6, 7]  Type  subclone
 ID  7  Timepoint  3  Mutations  [6, 7, 27, 28, 29, 30, 31, 32, 33, 34, 35]  Type  subclone
 ID  8  Timepoint  3  Mutations  [0, 1, 2, 3, 4, 5, 17, 18, 19, 20, 21, 22, 23, 24, 25, 26, 36, 37, 38, 39, 40, 41, 42, 43, 44, 45, 46]  Type  subclone
 ID  9  Timepoint  3  Mutations  [6, 7, 27, 28, 29, 30, 31, 32, 33, 34, 35, 47, 48, 49, 50, 51, 52, 53, 54, 55, 56, 57]  Type  subclone
 ID  10  Timepoint  3  Mutations  [6, 7, 58, 59, 60, 61, 62, 63, 64]  Type  subclone
Timepoints  SortedDict({1: [0], 2: [1, 2, 3, 4], 3: [5, 6, 7, 8, 9, 10]})
 Clone to nodes  {'6_2': 1, '5_2': 2, '0_2': 3, '4_2': 4, '5_3': 5, '0_3': 6, '4_3': 7, '2_3': 8, '3_3': 9, '1_3': 10}
 Timepoint ====  1
 Hash table  {'0,1': [0, 1, 2, 3, 4, 5], '0': [8, 9, 10, 11, 12, 13, 14, 15, 16], '1': [17, 18, 19, 20, 21, 22, 23, 24, 25, 26], '2,3': [6, 7], '3': [27, 28, 29, 30, 31, 32, 33, 34, 35]}
 Final possible usc  [[0, 1, 2, 3, 4, 5], [8, 9, 10, 11, 12, 13, 14, 15, 16], [17, 18, 19, 20, 21, 22, 23, 24, 25, 26], [6, 7], [27, 28, 29, 30, 31, 32, 33, 34, 35]]
 Time  1  USC keys  {'8,9,10,11,12,13,14,15,16_0', '6,7_0', '0,1,2,3,4,5_0', '17,18,19,20,21,22,23,24,25,26_0', '27,28,29,30,31,32,33,34,35_0'}
 USC children  {'0,1,2,3,4,5_0': [1, 2], '8,9,10,11,12,13,14,15,16_0': [1], '17,18,19,20,21,22,23,24,25,26_0': [2], '6,7_0': [3, 4], '27,28,29,30,31,32,33,34,35_0': [4]}
 USC children  {'0,1,2,3,4,5_0': [1, 2], '8,9,10,11,12,13,14,15,16_0': [1], '17,18,19,20,21,22,23,24,25,26_0': [2], '6,7_0': [3, 4], '27,28,29,30,31,32,33,34,35_0': [4]}
 Timepoint ====  2
 Hash table  {'0': [0, 1, 2, 3, 4, 5, 17, 18, 19, 20, 21, 22, 23, 24, 25, 26, 36, 37, 38, 39, 40, 41, 42, 43, 44, 45, 46], '1,2': [6, 7], '1': [27, 28, 29, 30, 31, 32, 33, 34, 35, 47, 48, 49, 50, 51, 52, 53, 54, 55, 56, 57], '2': [58, 59, 60, 61, 62, 63, 64]}
====== Inside find superset of t nodes ==========
 Final possible usc  [[0, 1, 2, 3, 4, 5, 17, 18, 19, 20, 21, 22, 23, 24, 25, 26, 36, 37, 38, 39, 40, 41, 42, 43, 44, 45, 46]]
 Time  2  USC keys  {'0,1,2,3,4,5,17,18,19,20,21,22,23,24,25,26,36,37,38,39,40,41,42,43,44,45,46_2'}
 USC children  {'0,1,2,3,4,5_0': [1, 2], '8,9,10,11,12,13,14,15,16_0': [1], '17,18,19,20,21,22,23,24,25,26_0': [2], '6,7_0': [3, 4], '27,28,29,30,31,32,33,34,35_0': [4], '0,1,2,3,4,5,17,18,19,20,21,22,23,24,25,26,36,37,38,39,40,41,42,43,44,45,46_2': [8]}
 USC children  {'0,1,2,3,4,5_0': [1, 2], '8,9,10,11,12,13,14,15,16_0': [1], '17,18,19,20,21,22,23,24,25,26_0': [2], '6,7_0': [3, 4], '27,28,29,30,31,32,33,34,35_0': [4], '0,1,2,3,4,5,17,18,19,20,21,22,23,24,25,26,36,37,38,39,40,41,42,43,44,45,46_2': [8]}
 Node s  {'1,2': ['0', '1', '2', '3', '4', '5'], '3,4': ['6', '7'], '8': ['0', '1', '2', '3', '4', '5', '17', '18', '19', '20', '21', '22', '23', '24', '25', '26', '36', '37', '38', '39', '40', '41', '42', '43', '44', '45', '46']}
 Enroll USC nodes  ['1', '2']  len  2
 Enroll USC nodes  ['3', '4']  len  2
 Enroll USC nodes  ['8']  len  1
 Node TP  SortedDict({1: [0], 2: [1, 2, 3, 4], 3: [5, 6, 7, 8, 9, 10]})
 Unobserved subclones at timepoints  {1.5: [11, 12]}
 ============== Inside finding node v ============ 
 Time  2
 Time  3
 largest_v_mut  [[0, 1, 2, 3, 4, 5, 17, 18, 19, 20, 21, 22, 23, 24, 25, 26]]
 largest_v_mut  [[32, 33, 34, 35, 6, 7, 27, 28, 29, 30, 31]]
 largest_v_mut  [[6, 7]]
 Sorted all timepoints  [1, 1.5, 2, 3]
 Timepoint  2
 Inside usc_node check  2
 Timepoint  3
0   1   [-1]   subclone   []   []
1   2   [11]   subclone   [0, 1, 2, 3, 4, 5, 8, 9, 10, 11, 12, 13, 14, 15, 16]   [9]
2   2   [11]   subclone   [0, 1, 2, 3, 4, 5, 17, 18, 19, 20, 21, 22, 23, 24, 25, 26]   [10]
3   2   [12]   subclone   [6, 7]   [0]
4   2   [12]   subclone   [6, 7, 27, 28, 29, 30, 31, 32, 33, 34, 35]   [9]
5   3   [2]   subclone   [0, 1, 2, 3, 4, 5, 17, 18, 19, 20, 21, 22, 23, 24, 25, 26]   [0]
6   3   [3]   subclone   [6, 7]   [0]
7   3   [4]   subclone   [6, 7, 27, 28, 29, 30, 31, 32, 33, 34, 35]   [0]
8   3   [2]   subclone   [0, 1, 2, 3, 4, 5, 17, 18, 19, 20, 21, 22, 23, 24, 25, 26, 36, 37, 38, 39, 40, 41, 42, 43, 44, 45, 46]   [11]
9   3   [4]   subclone   [6, 7, 27, 28, 29, 30, 31, 32, 33, 34, 35, 47, 48, 49, 50, 51, 52, 53, 54, 55, 56, 57]   [11]
10   3   [3]   subclone   [6, 7, 58, 59, 60, 61, 62, 63, 64]   [7]
11   1.5   [0]   unobserved subclone   [0, 1, 2, 3, 4, 5]   [6]
12   1.5   [0]   unobserved subclone   [6, 7]   [2]
 List of tree files  ['all_trees/u0_rep2_m1_tree.csv', 'all_trees/u0_rep2_m2_tree.csv', 'all_trees/u0_rep2_m3_tree.csv', 'all_trees/u0_rep2_m4_tree.csv', 'all_trees/u0_rep2_m5_tree.csv']
{'1': ['0', '1', '2', '3', '4', '5', '8', '9', '10', '11', '12', '13', '14', '15', '16'], '2': ['0', '1', '2', '3', '4', '5', '17', '18', '19', '20', '21', '22', '23', '24', '25', '26'], '3': ['6', '7'], '4': ['6', '7', '27', '28', '29', '30', '31', '32', '33', '34', '35'], '5': ['0', '1', '2', '3', '4', '5', '17', '18', '19', '20', '21', '22', '23', '24', '25', '26'], '6': ['6', '7'], '7': ['6', '7', '27', '28', '29', '30', '31', '32', '33', '34', '35'], '8': ['0', '1', '2', '3', '4', '5', '17', '18', '19', '20', '21', '22', '23', '24', '25', '26', '36', '37', '38', '39', '40', '41', '42', '43', '44', '45', '46'], '9': ['6', '7', '27', '28', '29', '30', '31', '32', '33', '34', '35', '47', '48', '49', '50', '51', '52', '53', '54', '55', '56', '57'], '10': ['6', '7', '58', '59', '60', '61', '62', '63', '64'], '11': ['0', '1', '2', '3', '4', '5'], '12': ['6', '7']}
 Actual mutation of  1   ['8', '10', '11', '9', '14', '15', '13', '16', '12']
 Actual mutation of  2   ['22', '25', '21', '24', '26', '18', '20', '23', '19', '17']
 Actual mutation of  3   []
 Actual mutation of  4   ['29', '27', '28', '30', '31', '33', '34', '35', '32']
 Actual mutation of  5   []
 Actual mutation of  6   []
 Actual mutation of  7   []
 Actual mutation of  8   ['38', '40', '39', '43', '46', '41', '45', '44', '37', '36', '42']
 Actual mutation of  9   ['50', '47', '49', '54', '56', '51', '52', '48', '53', '57', '55']
 Actual mutation of  10   ['62', '63', '61', '59', '60', '64', '58']
 Updated node mutation  {'1': ['8', '10', '11', '9', '14', '15', '13', '16', '12'], '2': ['22', '25', '21', '24', '26', '18', '20', '23', '19', '17'], '3': [], '4': ['29', '27', '28', '30', '31', '33', '34', '35', '32'], '5': [], '6': [], '7': [], '8': ['38', '40', '39', '43', '46', '41', '45', '44', '37', '36', '42'], '9': ['50', '47', '49', '54', '56', '51', '52', '48', '53', '57', '55'], '10': ['62', '63', '61', '59', '60', '64', '58'], '11': ['0', '1', '2', '3', '4', '5'], '12': ['6', '7']}
{'1': ['0', '1', '2', '3', '4', '5', '8', '9', '10', '11', '12', '13', '14', '15', '16'], '2': ['0', '1', '2', '3', '4', '5', '17', '18', '19', '20', '21', '22', '23', '24', '25', '26'], '3': ['6', '7'], '4': ['6', '7', '27', '28', '29', '30', '31', '32', '33', '34', '35'], '5': ['0', '1', '2', '3', '4', '5', '17', '18', '19', '20', '21', '22', '23', '24', '25', '26'], '6': ['6', '7'], '7': ['6', '7', '27', '28', '29', '30', '31', '32', '33', '34', '35'], '8': ['0', '1', '2', '3', '4', '5', '17', '18', '19', '20', '21', '22', '23', '24', '25', '26', '36', '37', '38', '39', '40', '41', '42', '43', '44', '45', '46'], '9': ['6', '7', '27', '28', '29', '30', '31', '32', '33', '34', '35', '47', '48', '49', '50', '51', '52', '53', '54', '55', '56', '57'], '10': ['6', '7', '58', '59', '60', '61', '62', '63', '64'], '11': ['0', '1', '2', '3', '4', '5'], '12': ['6', '7']}
 Actual mutation of  1   ['8', '10', '11', '9', '14', '15', '13', '16', '12']
 Actual mutation of  2   ['22', '25', '21', '24', '26', '18', '20', '23', '19', '17']
 Actual mutation of  3   []
 Actual mutation of  4   ['29', '27', '28', '30', '31', '33', '34', '35', '32']
 Actual mutation of  5   []
 Actual mutation of  6   []
 Actual mutation of  7   []
 Actual mutation of  8   ['38', '40', '39', '43', '46', '41', '45', '44', '37', '36', '42']
 Actual mutation of  9   ['50', '47', '49', '54', '56', '51', '52', '48', '53', '57', '55']
 Actual mutation of  10   ['62', '63', '61', '59', '60', '64', '58']
 Updated node mutation  {'1': ['8', '10', '11', '9', '14', '15', '13', '16', '12'], '2': ['22', '25', '21', '24', '26', '18', '20', '23', '19', '17'], '3': [], '4': ['29', '27', '28', '30', '31', '33', '34', '35', '32'], '5': [], '6': [], '7': [], '8': ['38', '40', '39', '43', '46', '41', '45', '44', '37', '36', '42'], '9': ['50', '47', '49', '54', '56', '51', '52', '48', '53', '57', '55'], '10': ['62', '63', '61', '59', '60', '64', '58'], '11': ['0', '1', '2', '3', '4', '5'], '12': ['6', '7']}
{'1': ['0', '1', '2', '3', '4', '5', '8', '9', '10', '11', '12', '13', '14', '15', '16'], '2': ['0', '1', '2', '3', '4', '5', '17', '18', '19', '20', '21', '22', '23', '24', '25', '26'], '3': ['6', '7'], '4': ['6', '7', '27', '28', '29', '30', '31', '32', '33', '34', '35'], '5': ['0', '1', '2', '3', '4', '5', '17', '18', '19', '20', '21', '22', '23', '24', '25', '26'], '6': ['6', '7'], '7': ['6', '7', '27', '28', '29', '30', '31', '32', '33', '34', '35'], '8': ['0', '1', '2', '3', '4', '5', '17', '18', '19', '20', '21', '22', '23', '24', '25', '26', '36', '37', '38', '39', '40', '41', '42', '43', '44', '45', '46'], '9': ['6', '7', '27', '28', '29', '30', '31', '32', '33', '34', '35', '47', '48', '49', '50', '51', '52', '53', '54', '55', '56', '57'], '10': ['6', '7', '58', '59', '60', '61', '62', '63', '64'], '11': ['0', '1', '2', '3', '4', '5'], '12': ['6', '7']}
 Actual mutation of  1   ['8', '10', '11', '9', '14', '15', '13', '16', '12']
 Actual mutation of  2   ['22', '25', '21', '24', '26', '18', '20', '23', '19', '17']
 Actual mutation of  3   []
 Actual mutation of  4   ['29', '27', '28', '30', '31', '33', '34', '35', '32']
 Actual mutation of  5   []
 Actual mutation of  6   []
 Actual mutation of  7   []
 Actual mutation of  8   ['38', '40', '39', '43', '46', '41', '45', '44', '37', '36', '42']
 Actual mutation of  9   ['50', '47', '49', '54', '56', '51', '52', '48', '53', '57', '55']
 Actual mutation of  10   ['62', '63', '61', '59', '60', '64', '58']
 Updated node mutation  {'1': ['8', '10', '11', '9', '14', '15', '13', '16', '12'], '2': ['22', '25', '21', '24', '26', '18', '20', '23', '19', '17'], '3': [], '4': ['29', '27', '28', '30', '31', '33', '34', '35', '32'], '5': [], '6': [], '7': [], '8': ['38', '40', '39', '43', '46', '41', '45', '44', '37', '36', '42'], '9': ['50', '47', '49', '54', '56', '51', '52', '48', '53', '57', '55'], '10': ['62', '63', '61', '59', '60', '64', '58'], '11': ['0', '1', '2', '3', '4', '5'], '12': ['6', '7']}
{'1': ['0', '1', '2', '3', '4', '5', '8', '9', '10', '11', '12', '13', '14', '15', '16'], '2': ['0', '1', '2', '3', '4', '5', '17', '18', '19', '20', '21', '22', '23', '24', '25', '26'], '3': ['6', '7'], '4': ['6', '7', '27', '28', '29', '30', '31', '32', '33', '34', '35'], '5': ['0', '1', '2', '3', '4', '5', '17', '18', '19', '20', '21', '22', '23', '24', '25', '26'], '6': ['6', '7'], '7': ['6', '7', '27', '28', '29', '30', '31', '32', '33', '34', '35'], '8': ['0', '1', '2', '3', '4', '5', '17', '18', '19', '20', '21', '22', '23', '24', '25', '26', '36', '37', '38', '39', '40', '41', '42', '43', '44', '45', '46'], '9': ['6', '7', '27', '28', '29', '30', '31', '32', '33', '34', '35', '47', '48', '49', '50', '51', '52', '53', '54', '55', '56', '57'], '10': ['6', '7', '58', '59', '60', '61', '62', '63', '64'], '11': ['0', '1', '2', '3', '4', '5'], '12': ['6', '7']}
 Actual mutation of  1   ['8', '10', '11', '9', '14', '15', '13', '16', '12']
 Actual mutation of  2   ['22', '25', '21', '24', '26', '18', '20', '23', '19', '17']
 Actual mutation of  3   []
 Actual mutation of  4   ['29', '27', '28', '30', '31', '33', '34', '35', '32']
 Actual mutation of  5   []
 Actual mutation of  6   []
 Actual mutation of  7   []
 Actual mutation of  8   ['38', '40', '39', '43', '46', '41', '45', '44', '37', '36', '42']
 Actual mutation of  9   ['50', '47', '49', '54', '56', '51', '52', '48', '53', '57', '55']
 Actual mutation of  10   ['62', '63', '61', '59', '60', '64', '58']
 Updated node mutation  {'1': ['8', '10', '11', '9', '14', '15', '13', '16', '12'], '2': ['22', '25', '21', '24', '26', '18', '20', '23', '19', '17'], '3': [], '4': ['29', '27', '28', '30', '31', '33', '34', '35', '32'], '5': [], '6': [], '7': [], '8': ['38', '40', '39', '43', '46', '41', '45', '44', '37', '36', '42'], '9': ['50', '47', '49', '54', '56', '51', '52', '48', '53', '57', '55'], '10': ['62', '63', '61', '59', '60', '64', '58'], '11': ['0', '1', '2', '3', '4', '5'], '12': ['6', '7']}
{'1': ['0', '1', '2', '3', '4', '5', '8', '9', '10', '11', '12', '13', '14', '15', '16'], '2': ['0', '1', '2', '3', '4', '5', '17', '18', '19', '20', '21', '22', '23', '24', '25', '26'], '3': ['6', '7'], '4': ['6', '7', '27', '28', '29', '30', '31', '32', '33', '34', '35'], '5': ['0', '1', '2', '3', '4', '5', '17', '18', '19', '20', '21', '22', '23', '24', '25', '26'], '6': ['6', '7'], '7': ['6', '7', '27', '28', '29', '30', '31', '32', '33', '34', '35'], '8': ['0', '1', '2', '3', '4', '5', '17', '18', '19', '20', '21', '22', '23', '24', '25', '26', '36', '37', '38', '39', '40', '41', '42', '43', '44', '45', '46'], '9': ['6', '7', '27', '28', '29', '30', '31', '32', '33', '34', '35', '47', '48', '49', '50', '51', '52', '53', '54', '55', '56', '57'], '10': ['6', '7', '58', '59', '60', '61', '62', '63', '64'], '11': ['0', '1', '2', '3', '4', '5'], '12': ['6', '7']}
 Actual mutation of  1   ['8', '10', '11', '9', '14', '15', '13', '16', '12']
 Actual mutation of  2   ['22', '25', '21', '24', '26', '18', '20', '23', '19', '17']
 Actual mutation of  3   []
 Actual mutation of  4   ['29', '27', '28', '30', '31', '33', '34', '35', '32']
 Actual mutation of  5   []
 Actual mutation of  6   []
 Actual mutation of  7   []
 Actual mutation of  8   ['38', '40', '39', '43', '46', '41', '45', '44', '37', '36', '42']
 Actual mutation of  9   ['50', '47', '49', '54', '56', '51', '52', '48', '53', '57', '55']
 Actual mutation of  10   ['62', '63', '61', '59', '60', '64', '58']
 Updated node mutation  {'1': ['8', '10', '11', '9', '14', '15', '13', '16', '12'], '2': ['22', '25', '21', '24', '26', '18', '20', '23', '19', '17'], '3': [], '4': ['29', '27', '28', '30', '31', '33', '34', '35', '32'], '5': [], '6': [], '7': [], '8': ['38', '40', '39', '43', '46', '41', '45', '44', '37', '36', '42'], '9': ['50', '47', '49', '54', '56', '51', '52', '48', '53', '57', '55'], '10': ['62', '63', '61', '59', '60', '64', '58'], '11': ['0', '1', '2', '3', '4', '5'], '12': ['6', '7']}
 Parallel mutation count  {'m1': 0, 'm2': 0, 'm3': 0, 'm4': 0, 'm5': 0}
 Clusters with least parallel mutations  ['m1', 'm2', 'm3', 'm4', 'm5']
 Cluster nos for each run  {'m1': 7, 'm2': 8, 'm3': 8, 'm4': 7, 'm5': 7}
 Run  m1
 Base path  ['u0', 'rep2', 'm1', 'tree.csv']
 Best tree path  u0_rep2_m1_tree.csv
