
DPMM with:
	600 cells
	55 mutations
	learning errors

	Priors:
	params.:	Beta(0.25,0.25)
	CRP a_0:	Gamma(24.49,1)
	FP:		trunc norm(0.01,0.01)
	FN:		trunc norm(0.2,0.1)

Move probabilitites:
	Split/merge:	0.33
		split/merge ratio:	[0.75, 0.25]
		intermediate Gibbs:	3
	CRP a_0 update:	0.25
	Errors update:	0.25

Run MCMC with (1 chains for 5000 steps):

Clustering time:	0:24:38.345699	(0.30 secs. per MCMC step)	Lugsail PSRF:		1.00888

Chain mean - posterior clusters	(#25):
	25 clusters

	A: 12 items
	B: 426 items
	C: 8 items
	D: 7 items
	E: 8 items
	F: 13 items
	G: 11 items
	H: 6 items
	I: 10 items
	J: 9 items
	K: 6 items
	L: 4 items
	M: 5 items
	N: 5 items
	O: 6 items
	P: 3 items
	Q: 2 items
	R: 3 items
	S: 9 items
	T: 6 items
	U: 10 items
	V: 6 items
	W: 2 items
	X: 19 items
	Y: 4 items

Inferred latent variables	--	chain mean - posterior
	CRP a_0:	99.1 +- 18.9
	FP (model|genotypes): 1.5E-03 +- 9.0E-04	|	8.4E-03
	FN (model|genotypes): 0.174   +- 0.020	|	0.164

Writing output to: ./sim_output/theta5/rep3/m2

Too many cells to plot genotypes/clusters
