7
 Total estimated FP  206  True negatives  20489
 Total estimated FN  991  True positives  2314
 Estimated FP rate  0.08175
 Estimated FN rate  0.05
 No. of Cells in each cluster  {'5_2': 25, '5_3': 75, '3_3': 50, '0_2': 75, '0_3': 375}
 Cells in each cluster  {'5_2': [75, 76, 77, 78, 79, 80, 81, 82, 83, 84, 85, 86, 87, 88, 89, 90, 91, 92, 93, 94, 95, 96, 97, 98, 99], '5_3': [100, 101, 102, 103, 104, 105, 106, 107, 108, 109, 110, 111, 112, 113, 114, 115, 116, 117, 118, 119, 120, 121, 122, 123, 124, 125, 126, 127, 128, 129, 130, 131, 132, 133, 134, 135, 136, 137, 138, 139, 140, 141, 142, 143, 144, 145, 146, 147, 148, 149, 150, 151, 152, 153, 154, 155, 156, 157, 158, 159, 160, 161, 162, 163, 164, 165, 166, 167, 168, 169, 170, 171, 172, 173, 174], '3_3': [175, 176, 177, 178, 179, 180, 181, 182, 183, 184, 185, 186, 187, 188, 189, 190, 191, 192, 193, 194, 195, 196, 197, 198, 199, 200, 201, 202, 203, 204, 205, 206, 207, 208, 209, 210, 211, 212, 213, 214, 215, 216, 217, 218, 219, 220, 221, 222, 223, 224], '0_2': [0, 11, 47, 48, 8, 10, 63, 15, 34, 37, 13, 70, 1, 2, 3, 4, 5, 6, 7, 9, 12, 14, 16, 17, 18, 19, 20, 21, 22, 23, 24, 25, 26, 27, 28, 29, 30, 31, 32, 33, 35, 36, 38, 39, 40, 41, 42, 43, 44, 45, 46, 49, 50, 51, 52, 53, 54, 55, 56, 57, 58, 59, 60, 61, 62, 64, 65, 66, 67, 68, 69, 71, 72, 73, 74], '0_3': [283, 359, 379, 418, 427, 474, 582, 591, 309, 345, 356, 380, 381, 384, 444, 590, 282, 301, 355, 397, 509, 554, 370, 387, 398, 475, 484, 548, 598, 225, 226, 227, 228, 229, 230, 231, 232, 233, 234, 235, 236, 237, 238, 239, 240, 241, 242, 243, 244, 245, 246, 247, 248, 249, 250, 251, 252, 253, 254, 255, 256, 257, 258, 259, 260, 261, 262, 263, 264, 265, 266, 267, 268, 269, 270, 271, 272, 273, 274, 275, 276, 277, 278, 279, 280, 281, 284, 285, 286, 287, 288, 289, 290, 291, 292, 293, 294, 295, 296, 297, 298, 299, 300, 302, 303, 304, 305, 306, 307, 308, 310, 311, 312, 313, 314, 315, 316, 317, 318, 319, 320, 321, 322, 323, 324, 325, 326, 327, 328, 329, 330, 331, 332, 333, 334, 335, 336, 337, 338, 339, 340, 341, 342, 343, 344, 346, 347, 348, 349, 350, 351, 352, 353, 354, 357, 358, 360, 361, 362, 363, 364, 365, 366, 367, 368, 369, 371, 372, 373, 374, 375, 376, 377, 378, 382, 383, 385, 386, 388, 389, 390, 391, 392, 393, 394, 395, 396, 399, 400, 401, 402, 403, 404, 405, 406, 407, 408, 409, 410, 411, 412, 413, 414, 415, 416, 417, 419, 420, 421, 422, 423, 424, 425, 426, 428, 429, 430, 431, 432, 433, 434, 435, 436, 437, 438, 439, 440, 441, 442, 443, 445, 446, 447, 448, 449, 450, 451, 452, 453, 454, 455, 456, 457, 458, 459, 460, 461, 462, 463, 464, 465, 466, 467, 468, 469, 470, 471, 472, 473, 476, 477, 478, 479, 480, 481, 482, 483, 485, 486, 487, 488, 489, 490, 491, 492, 493, 494, 495, 496, 497, 498, 499, 500, 501, 502, 503, 504, 505, 506, 507, 508, 510, 511, 512, 513, 514, 515, 516, 517, 518, 519, 520, 521, 522, 523, 524, 525, 526, 527, 528, 529, 530, 531, 532, 533, 534, 535, 536, 537, 538, 539, 540, 541, 542, 543, 544, 545, 546, 547, 549, 550, 551, 552, 553, 555, 556, 557, 558, 559, 560, 561, 562, 563, 564, 565, 566, 567, 568, 569, 570, 571, 572, 573, 574, 575, 576, 577, 578, 579, 580, 581, 583, 584, 585, 586, 587, 588, 589, 592, 593, 594, 595, 596, 597, 599]}
FP rate  0.08175 FN rate  0.05
 Before reassigning cells 
 Timepoint  2
 Cluster  5  # of cells  25
 Cluster  0  # of cells  75
 Timepoint  3
 Cluster  5  # of cells  77
 Cluster  3  # of cells  40
 Cluster  0  # of cells  383
 Cells absent at timepoint  2   set()
 Cells absent at timepoint  3   set()
 Timepoint  2
 Timepoint  3
 After reassigning and merging cells 
 Timepoint  2
 Cluster  5  # of cells  25
 Cluster  0  # of cells  75
 Timepoint  3
 Cluster  5  # of cells  77
 Cluster  3  # of cells  40
 Cluster  0  # of cells  383
 Tp cluster cell dict  {'5_2': 25, '0_2': 75, '5_3': 77, '3_3': 40, '0_3': 383}
 New Graph is here 
 ID  0  Timepoint  1  Mutations  []  Type  subclone
 ID  1  Timepoint  2  Mutations  [17, 18, 19, 20, 21, 22, 23, 24, 25, 26, 27, 28, 29, 30, 31, 32]  Type  subclone
 ID  2  Timepoint  2  Mutations  [17, 18]  Type  subclone
 ID  3  Timepoint  3  Mutations  [17, 18, 19, 20, 21, 22, 23, 24, 25, 26, 27, 28, 29, 30, 31, 32]  Type  subclone
 ID  4  Timepoint  3  Mutations  [17, 18, 19, 20, 21, 22, 23, 24, 25, 26, 27, 28, 29, 30, 31, 32, 33, 34, 35, 36, 37, 38, 39, 40, 41, 42, 43, 44, 45, 46, 47, 48, 49]  Type  subclone
 ID  5  Timepoint  3  Mutations  [17, 18]  Type  subclone
Timepoints  SortedDict({1: [0], 2: [1, 2], 3: [3, 4, 5]})
 Clone to nodes  {'5_2': 1, '0_2': 2, '5_3': 3, '3_3': 4, '0_3': 5}
 Timepoint ====  1
 Hash table  {'0,1': [17, 18], '0': [19, 20, 21, 22, 23, 24, 25, 26, 27, 28, 29, 30, 31, 32]}
 Final possible usc  [[17, 18], [19, 20, 21, 22, 23, 24, 25, 26, 27, 28, 29, 30, 31, 32]]
 Time  1  USC keys  {'17,18_0', '19,20,21,22,23,24,25,26,27,28,29,30,31,32_0'}
 USC children  {'17,18_0': [1, 2], '19,20,21,22,23,24,25,26,27,28,29,30,31,32_0': [1]}
 USC children  {'17,18_0': [1, 2], '19,20,21,22,23,24,25,26,27,28,29,30,31,32_0': [1]}
 Timepoint ====  2
 Hash table  {'0': [17, 18, 19, 20, 21, 22, 23, 24, 25, 26, 27, 28, 29, 30, 31, 32, 33, 34, 35, 36, 37, 38, 39, 40, 41, 42, 43, 44, 45, 46, 47, 48, 49]}
====== Inside find superset of t nodes ==========
 Final possible usc  [[17, 18, 19, 20, 21, 22, 23, 24, 25, 26, 27, 28, 29, 30, 31, 32, 33, 34, 35, 36, 37, 38, 39, 40, 41, 42, 43, 44, 45, 46, 47, 48, 49]]
 Time  2  USC keys  {'17,18,19,20,21,22,23,24,25,26,27,28,29,30,31,32,33,34,35,36,37,38,39,40,41,42,43,44,45,46,47,48,49_2', '17,18,19,20,21,22,23,24,25,26,27,28,29,30,31,32,33,34,35,36,37,38,39,40,41,42,43,44,45,46,47,48,49_1'}
 USC children  {'17,18_0': [1, 2], '19,20,21,22,23,24,25,26,27,28,29,30,31,32_0': [1], '17,18,19,20,21,22,23,24,25,26,27,28,29,30,31,32,33,34,35,36,37,38,39,40,41,42,43,44,45,46,47,48,49_2': [4], '17,18,19,20,21,22,23,24,25,26,27,28,29,30,31,32,33,34,35,36,37,38,39,40,41,42,43,44,45,46,47,48,49_1': [4]}
 USC children  {'17,18_0': [1, 2], '19,20,21,22,23,24,25,26,27,28,29,30,31,32_0': [1], '17,18,19,20,21,22,23,24,25,26,27,28,29,30,31,32,33,34,35,36,37,38,39,40,41,42,43,44,45,46,47,48,49_2': [4], '17,18,19,20,21,22,23,24,25,26,27,28,29,30,31,32,33,34,35,36,37,38,39,40,41,42,43,44,45,46,47,48,49_1': [4]}
 Node s  {'1,2': ['17', '18'], '4': ['17', '18', '19', '20', '21', '22', '23', '24', '25', '26', '27', '28', '29', '30', '31', '32', '33', '34', '35', '36', '37', '38', '39', '40', '41', '42', '43', '44', '45', '46', '47', '48', '49']}
 Enroll USC nodes  ['1', '2']  len  2
 Enroll USC nodes  ['4']  len  1
 Node TP  SortedDict({1: [0], 2: [1, 2], 3: [3, 4, 5]})
 Unobserved subclones at timepoints  {1.5: [6]}
 ============== Inside finding node v ============ 
 Time  2
 Time  3
 largest_v_mut  [[32, 17, 18, 19, 20, 21, 22, 23, 24, 25, 26, 27, 28, 29, 30, 31]]
 Sorted all timepoints  [1, 1.5, 2, 3]
 Timepoint  2
 Inside usc_node check  2
 Timepoint  3
0   1   [-1]   subclone   []   []
1   2   [6]   subclone   [17, 18, 19, 20, 21, 22, 23, 24, 25, 26, 27, 28, 29, 30, 31, 32]   [14]
2   2   [6]   subclone   [17, 18]   [0]
3   3   [1]   subclone   [17, 18, 19, 20, 21, 22, 23, 24, 25, 26, 27, 28, 29, 30, 31, 32]   [0]
4   3   [1]   subclone   [17, 18, 19, 20, 21, 22, 23, 24, 25, 26, 27, 28, 29, 30, 31, 32, 33, 34, 35, 36, 37, 38, 39, 40, 41, 42, 43, 44, 45, 46, 47, 48, 49]   [17]
5   3   [2]   subclone   [17, 18]   [0]
6   1.5   [0]   unobserved subclone   [17, 18]   [2]
8
 Total estimated FP  206  True negatives  20489
 Total estimated FN  991  True positives  2314
 Estimated FP rate  0.08175
 Estimated FN rate  0.05
 No. of Cells in each cluster  {'5_2': 25, '5_3': 75, '3_3': 50, '0_2': 75, '0_3': 375}
 Cells in each cluster  {'5_2': [75, 76, 77, 78, 79, 80, 81, 82, 83, 84, 85, 86, 87, 88, 89, 90, 91, 92, 93, 94, 95, 96, 97, 98, 99], '5_3': [100, 101, 102, 103, 104, 105, 106, 107, 108, 109, 110, 111, 112, 113, 114, 115, 116, 117, 118, 119, 120, 121, 122, 123, 124, 125, 126, 127, 128, 129, 130, 131, 132, 133, 134, 135, 136, 137, 138, 139, 140, 141, 142, 143, 144, 145, 146, 147, 148, 149, 150, 151, 152, 153, 154, 155, 156, 157, 158, 159, 160, 161, 162, 163, 164, 165, 166, 167, 168, 169, 170, 171, 172, 173, 174], '3_3': [175, 176, 177, 178, 179, 180, 181, 182, 183, 184, 185, 186, 187, 188, 189, 190, 191, 192, 193, 194, 195, 196, 197, 198, 199, 200, 201, 202, 203, 204, 205, 206, 207, 208, 209, 210, 211, 212, 213, 214, 215, 216, 217, 218, 219, 220, 221, 222, 223, 224], '0_2': [13, 70, 47, 0, 11, 48, 8, 10, 58, 63, 15, 34, 37, 1, 2, 3, 4, 5, 6, 7, 9, 12, 14, 16, 17, 18, 19, 20, 21, 22, 23, 24, 25, 26, 27, 28, 29, 30, 31, 32, 33, 35, 36, 38, 39, 40, 41, 42, 43, 44, 45, 46, 49, 50, 51, 52, 53, 54, 55, 56, 57, 59, 60, 61, 62, 64, 65, 66, 67, 68, 69, 71, 72, 73, 74], '0_3': [370, 387, 398, 475, 484, 548, 598, 262, 283, 360, 404, 474, 582, 591, 359, 379, 418, 427, 309, 345, 356, 380, 381, 384, 444, 463, 544, 551, 555, 590, 282, 301, 355, 397, 509, 554, 225, 226, 227, 228, 229, 230, 231, 232, 233, 234, 235, 236, 237, 238, 239, 240, 241, 242, 243, 244, 245, 246, 247, 248, 249, 250, 251, 252, 253, 254, 255, 256, 257, 258, 259, 260, 261, 263, 264, 265, 266, 267, 268, 269, 270, 271, 272, 273, 274, 275, 276, 277, 278, 279, 280, 281, 284, 285, 286, 287, 288, 289, 290, 291, 292, 293, 294, 295, 296, 297, 298, 299, 300, 302, 303, 304, 305, 306, 307, 308, 310, 311, 312, 313, 314, 315, 316, 317, 318, 319, 320, 321, 322, 323, 324, 325, 326, 327, 328, 329, 330, 331, 332, 333, 334, 335, 336, 337, 338, 339, 340, 341, 342, 343, 344, 346, 347, 348, 349, 350, 351, 352, 353, 354, 357, 358, 361, 362, 363, 364, 365, 366, 367, 368, 369, 371, 372, 373, 374, 375, 376, 377, 378, 382, 383, 385, 386, 388, 389, 390, 391, 392, 393, 394, 395, 396, 399, 400, 401, 402, 403, 405, 406, 407, 408, 409, 410, 411, 412, 413, 414, 415, 416, 417, 419, 420, 421, 422, 423, 424, 425, 426, 428, 429, 430, 431, 432, 433, 434, 435, 436, 437, 438, 439, 440, 441, 442, 443, 445, 446, 447, 448, 449, 450, 451, 452, 453, 454, 455, 456, 457, 458, 459, 460, 461, 462, 464, 465, 466, 467, 468, 469, 470, 471, 472, 473, 476, 477, 478, 479, 480, 481, 482, 483, 485, 486, 487, 488, 489, 490, 491, 492, 493, 494, 495, 496, 497, 498, 499, 500, 501, 502, 503, 504, 505, 506, 507, 508, 510, 511, 512, 513, 514, 515, 516, 517, 518, 519, 520, 521, 522, 523, 524, 525, 526, 527, 528, 529, 530, 531, 532, 533, 534, 535, 536, 537, 538, 539, 540, 541, 542, 543, 545, 546, 547, 549, 550, 552, 553, 556, 557, 558, 559, 560, 561, 562, 563, 564, 565, 566, 567, 568, 569, 570, 571, 572, 573, 574, 575, 576, 577, 578, 579, 580, 581, 583, 584, 585, 586, 587, 588, 589, 592, 593, 594, 595, 596, 597, 599]}
FP rate  0.08175 FN rate  0.05
 Before reassigning cells 
 Timepoint  2
 Cluster  5  # of cells  25
 Cluster  0  # of cells  75
 Timepoint  3
 Cluster  5  # of cells  77
 Cluster  3  # of cells  40
 Cluster  0  # of cells  383
 Cells absent at timepoint  2   set()
 Cells absent at timepoint  3   set()
 Timepoint  2
 Timepoint  3
 After reassigning and merging cells 
 Timepoint  2
 Cluster  5  # of cells  25
 Cluster  0  # of cells  75
 Timepoint  3
 Cluster  5  # of cells  77
 Cluster  3  # of cells  40
 Cluster  0  # of cells  383
 Tp cluster cell dict  {'5_2': 25, '0_2': 75, '5_3': 77, '3_3': 40, '0_3': 383}
 New Graph is here 
 ID  0  Timepoint  1  Mutations  []  Type  subclone
 ID  1  Timepoint  2  Mutations  [17, 18, 19, 20, 21, 22, 23, 24, 25, 26, 27, 28, 29, 30, 31, 32]  Type  subclone
 ID  2  Timepoint  2  Mutations  [17, 18]  Type  subclone
 ID  3  Timepoint  3  Mutations  [17, 18, 19, 20, 21, 22, 23, 24, 25, 26, 27, 28, 29, 30, 31, 32]  Type  subclone
 ID  4  Timepoint  3  Mutations  [17, 18, 19, 20, 21, 22, 23, 24, 25, 26, 27, 28, 29, 30, 31, 32, 33, 34, 35, 36, 37, 38, 39, 40, 41, 42, 43, 44, 45, 46, 47, 48, 49]  Type  subclone
 ID  5  Timepoint  3  Mutations  [17, 18]  Type  subclone
Timepoints  SortedDict({1: [0], 2: [1, 2], 3: [3, 4, 5]})
 Clone to nodes  {'5_2': 1, '0_2': 2, '5_3': 3, '3_3': 4, '0_3': 5}
 Timepoint ====  1
 Hash table  {'0,1': [17, 18], '0': [19, 20, 21, 22, 23, 24, 25, 26, 27, 28, 29, 30, 31, 32]}
 Final possible usc  [[17, 18], [19, 20, 21, 22, 23, 24, 25, 26, 27, 28, 29, 30, 31, 32]]
 Time  1  USC keys  {'19,20,21,22,23,24,25,26,27,28,29,30,31,32_0', '17,18_0'}
 USC children  {'17,18_0': [1, 2], '19,20,21,22,23,24,25,26,27,28,29,30,31,32_0': [1]}
 USC children  {'17,18_0': [1, 2], '19,20,21,22,23,24,25,26,27,28,29,30,31,32_0': [1]}
 Timepoint ====  2
 Hash table  {'0': [17, 18, 19, 20, 21, 22, 23, 24, 25, 26, 27, 28, 29, 30, 31, 32, 33, 34, 35, 36, 37, 38, 39, 40, 41, 42, 43, 44, 45, 46, 47, 48, 49]}
====== Inside find superset of t nodes ==========
 Final possible usc  [[17, 18, 19, 20, 21, 22, 23, 24, 25, 26, 27, 28, 29, 30, 31, 32, 33, 34, 35, 36, 37, 38, 39, 40, 41, 42, 43, 44, 45, 46, 47, 48, 49]]
 Time  2  USC keys  {'17,18,19,20,21,22,23,24,25,26,27,28,29,30,31,32,33,34,35,36,37,38,39,40,41,42,43,44,45,46,47,48,49_1', '17,18,19,20,21,22,23,24,25,26,27,28,29,30,31,32,33,34,35,36,37,38,39,40,41,42,43,44,45,46,47,48,49_2'}
 USC children  {'17,18_0': [1, 2], '19,20,21,22,23,24,25,26,27,28,29,30,31,32_0': [1], '17,18,19,20,21,22,23,24,25,26,27,28,29,30,31,32,33,34,35,36,37,38,39,40,41,42,43,44,45,46,47,48,49_1': [4], '17,18,19,20,21,22,23,24,25,26,27,28,29,30,31,32,33,34,35,36,37,38,39,40,41,42,43,44,45,46,47,48,49_2': [4]}
 USC children  {'17,18_0': [1, 2], '19,20,21,22,23,24,25,26,27,28,29,30,31,32_0': [1], '17,18,19,20,21,22,23,24,25,26,27,28,29,30,31,32,33,34,35,36,37,38,39,40,41,42,43,44,45,46,47,48,49_1': [4], '17,18,19,20,21,22,23,24,25,26,27,28,29,30,31,32,33,34,35,36,37,38,39,40,41,42,43,44,45,46,47,48,49_2': [4]}
 Node s  {'1,2': ['17', '18'], '4': ['17', '18', '19', '20', '21', '22', '23', '24', '25', '26', '27', '28', '29', '30', '31', '32', '33', '34', '35', '36', '37', '38', '39', '40', '41', '42', '43', '44', '45', '46', '47', '48', '49']}
 Enroll USC nodes  ['1', '2']  len  2
 Enroll USC nodes  ['4']  len  1
 Node TP  SortedDict({1: [0], 2: [1, 2], 3: [3, 4, 5]})
 Unobserved subclones at timepoints  {1.5: [6]}
 ============== Inside finding node v ============ 
 Time  2
 Time  3
 largest_v_mut  [[32, 17, 18, 19, 20, 21, 22, 23, 24, 25, 26, 27, 28, 29, 30, 31]]
 Sorted all timepoints  [1, 1.5, 2, 3]
 Timepoint  2
 Inside usc_node check  2
 Timepoint  3
0   1   [-1]   subclone   []   []
1   2   [6]   subclone   [17, 18, 19, 20, 21, 22, 23, 24, 25, 26, 27, 28, 29, 30, 31, 32]   [14]
2   2   [6]   subclone   [17, 18]   [0]
3   3   [1]   subclone   [17, 18, 19, 20, 21, 22, 23, 24, 25, 26, 27, 28, 29, 30, 31, 32]   [0]
4   3   [1]   subclone   [17, 18, 19, 20, 21, 22, 23, 24, 25, 26, 27, 28, 29, 30, 31, 32, 33, 34, 35, 36, 37, 38, 39, 40, 41, 42, 43, 44, 45, 46, 47, 48, 49]   [17]
5   3   [2]   subclone   [17, 18]   [0]
6   1.5   [0]   unobserved subclone   [17, 18]   [2]
7
 Total estimated FP  206  True negatives  20489
 Total estimated FN  991  True positives  2314
 Estimated FP rate  0.08175
 Estimated FN rate  0.05
 No. of Cells in each cluster  {'5_2': 25, '5_3': 75, '3_3': 50, '6_2': 75, '6_3': 375}
 Cells in each cluster  {'5_2': [75, 76, 77, 78, 79, 80, 81, 82, 83, 84, 85, 86, 87, 88, 89, 90, 91, 92, 93, 94, 95, 96, 97, 98, 99], '5_3': [100, 101, 102, 103, 104, 105, 106, 107, 108, 109, 110, 111, 112, 113, 114, 115, 116, 117, 118, 119, 120, 121, 122, 123, 124, 125, 126, 127, 128, 129, 130, 131, 132, 133, 134, 135, 136, 137, 138, 139, 140, 141, 142, 143, 144, 145, 146, 147, 148, 149, 150, 151, 152, 153, 154, 155, 156, 157, 158, 159, 160, 161, 162, 163, 164, 165, 166, 167, 168, 169, 170, 171, 172, 173, 174], '3_3': [175, 176, 177, 178, 179, 180, 181, 182, 183, 184, 185, 186, 187, 188, 189, 190, 191, 192, 193, 194, 195, 196, 197, 198, 199, 200, 201, 202, 203, 204, 205, 206, 207, 208, 209, 210, 211, 212, 213, 214, 215, 216, 217, 218, 219, 220, 221, 222, 223, 224], '6_2': [1, 2, 3, 4, 5, 6, 7, 9, 12, 14, 16, 17, 18, 19, 20, 21, 22, 23, 24, 25, 26, 27, 28, 29, 30, 31, 32, 33, 35, 36, 38, 39, 40, 41, 42, 43, 44, 45, 46, 49, 50, 51, 52, 53, 54, 55, 56, 57, 59, 60, 61, 62, 64, 65, 66, 67, 68, 69, 71, 72, 73, 74, 13, 58, 70, 0, 11, 47, 48, 8, 10, 63, 15, 34, 37], '6_3': [225, 226, 227, 228, 229, 230, 231, 232, 233, 234, 235, 236, 237, 238, 239, 240, 241, 242, 243, 244, 245, 246, 247, 248, 249, 250, 251, 252, 253, 254, 255, 256, 257, 258, 259, 260, 261, 262, 263, 264, 265, 266, 267, 268, 269, 270, 271, 272, 273, 274, 275, 276, 277, 278, 279, 280, 281, 283, 284, 285, 286, 287, 288, 289, 290, 291, 292, 293, 294, 295, 296, 297, 298, 299, 300, 302, 303, 304, 305, 306, 307, 308, 310, 311, 312, 313, 314, 315, 316, 317, 318, 319, 320, 321, 322, 323, 324, 325, 326, 327, 328, 329, 330, 331, 332, 333, 334, 335, 336, 337, 338, 339, 340, 341, 342, 343, 344, 346, 347, 348, 349, 350, 351, 352, 353, 354, 357, 358, 360, 361, 362, 363, 364, 365, 366, 367, 368, 369, 371, 372, 373, 374, 375, 376, 377, 378, 382, 383, 385, 386, 388, 389, 390, 391, 392, 393, 394, 395, 396, 399, 400, 401, 402, 403, 404, 405, 406, 407, 408, 409, 410, 411, 412, 413, 414, 415, 416, 417, 419, 420, 421, 422, 423, 424, 425, 426, 428, 429, 430, 431, 432, 433, 434, 435, 436, 437, 438, 439, 440, 441, 442, 443, 445, 446, 447, 448, 449, 450, 451, 452, 453, 454, 455, 456, 457, 458, 459, 460, 461, 462, 464, 465, 466, 467, 468, 469, 470, 471, 472, 473, 474, 476, 477, 478, 479, 480, 481, 482, 483, 485, 486, 487, 488, 489, 490, 491, 492, 493, 494, 495, 496, 497, 498, 499, 500, 501, 502, 503, 504, 505, 506, 507, 508, 510, 511, 512, 513, 514, 515, 516, 517, 518, 519, 520, 521, 522, 523, 524, 525, 526, 527, 528, 529, 530, 531, 532, 533, 534, 535, 536, 537, 538, 539, 540, 541, 542, 543, 544, 545, 546, 547, 549, 550, 552, 553, 555, 556, 557, 558, 559, 560, 561, 562, 563, 564, 565, 566, 567, 568, 569, 570, 571, 572, 573, 574, 575, 576, 577, 578, 579, 580, 581, 582, 583, 584, 585, 586, 587, 588, 589, 591, 592, 593, 594, 595, 596, 597, 599, 370, 387, 398, 475, 484, 548, 551, 598, 359, 379, 418, 427, 309, 345, 356, 380, 381, 384, 444, 463, 590, 282, 301, 355, 397, 509, 554]}
FP rate  0.08175 FN rate  0.05
 Before reassigning cells 
 Timepoint  2
 Cluster  5  # of cells  25
 Cluster  6  # of cells  75
 Timepoint  3
 Cluster  5  # of cells  77
 Cluster  3  # of cells  40
 Cluster  6  # of cells  383
 Cells absent at timepoint  3   set()
 Cells absent at timepoint  2   set()
 Timepoint  2
 Timepoint  3
 After reassigning and merging cells 
 Timepoint  2
 Cluster  5  # of cells  25
 Cluster  6  # of cells  75
 Timepoint  3
 Cluster  5  # of cells  77
 Cluster  3  # of cells  40
 Cluster  6  # of cells  383
 Tp cluster cell dict  {'5_2': 25, '6_2': 75, '5_3': 77, '3_3': 40, '6_3': 383}
 New Graph is here 
 ID  0  Timepoint  1  Mutations  []  Type  subclone
 ID  1  Timepoint  2  Mutations  [17, 18, 19, 20, 21, 22, 23, 24, 25, 26, 27, 28, 29, 30, 31, 32]  Type  subclone
 ID  2  Timepoint  2  Mutations  [17, 18]  Type  subclone
 ID  3  Timepoint  3  Mutations  [17, 18, 19, 20, 21, 22, 23, 24, 25, 26, 27, 28, 29, 30, 31, 32]  Type  subclone
 ID  4  Timepoint  3  Mutations  [17, 18, 19, 20, 21, 22, 23, 24, 25, 26, 27, 28, 29, 30, 31, 32, 33, 34, 35, 36, 37, 38, 39, 40, 41, 42, 43, 44, 45, 46, 47, 48, 49]  Type  subclone
 ID  5  Timepoint  3  Mutations  [17, 18]  Type  subclone
Timepoints  SortedDict({1: [0], 2: [1, 2], 3: [3, 4, 5]})
 Clone to nodes  {'5_2': 1, '6_2': 2, '5_3': 3, '3_3': 4, '6_3': 5}
 Timepoint ====  1
 Hash table  {'0,1': [17, 18], '0': [19, 20, 21, 22, 23, 24, 25, 26, 27, 28, 29, 30, 31, 32]}
 Final possible usc  [[17, 18], [19, 20, 21, 22, 23, 24, 25, 26, 27, 28, 29, 30, 31, 32]]
 Time  1  USC keys  {'19,20,21,22,23,24,25,26,27,28,29,30,31,32_0', '17,18_0'}
 USC children  {'17,18_0': [1, 2], '19,20,21,22,23,24,25,26,27,28,29,30,31,32_0': [1]}
 USC children  {'17,18_0': [1, 2], '19,20,21,22,23,24,25,26,27,28,29,30,31,32_0': [1]}
 Timepoint ====  2
 Hash table  {'0': [17, 18, 19, 20, 21, 22, 23, 24, 25, 26, 27, 28, 29, 30, 31, 32, 33, 34, 35, 36, 37, 38, 39, 40, 41, 42, 43, 44, 45, 46, 47, 48, 49]}
====== Inside find superset of t nodes ==========
 Final possible usc  [[17, 18, 19, 20, 21, 22, 23, 24, 25, 26, 27, 28, 29, 30, 31, 32, 33, 34, 35, 36, 37, 38, 39, 40, 41, 42, 43, 44, 45, 46, 47, 48, 49]]
 Time  2  USC keys  {'17,18,19,20,21,22,23,24,25,26,27,28,29,30,31,32,33,34,35,36,37,38,39,40,41,42,43,44,45,46,47,48,49_2', '17,18,19,20,21,22,23,24,25,26,27,28,29,30,31,32,33,34,35,36,37,38,39,40,41,42,43,44,45,46,47,48,49_1'}
 USC children  {'17,18_0': [1, 2], '19,20,21,22,23,24,25,26,27,28,29,30,31,32_0': [1], '17,18,19,20,21,22,23,24,25,26,27,28,29,30,31,32,33,34,35,36,37,38,39,40,41,42,43,44,45,46,47,48,49_2': [4], '17,18,19,20,21,22,23,24,25,26,27,28,29,30,31,32,33,34,35,36,37,38,39,40,41,42,43,44,45,46,47,48,49_1': [4]}
 USC children  {'17,18_0': [1, 2], '19,20,21,22,23,24,25,26,27,28,29,30,31,32_0': [1], '17,18,19,20,21,22,23,24,25,26,27,28,29,30,31,32,33,34,35,36,37,38,39,40,41,42,43,44,45,46,47,48,49_2': [4], '17,18,19,20,21,22,23,24,25,26,27,28,29,30,31,32,33,34,35,36,37,38,39,40,41,42,43,44,45,46,47,48,49_1': [4]}
 Node s  {'1,2': ['17', '18'], '4': ['17', '18', '19', '20', '21', '22', '23', '24', '25', '26', '27', '28', '29', '30', '31', '32', '33', '34', '35', '36', '37', '38', '39', '40', '41', '42', '43', '44', '45', '46', '47', '48', '49']}
 Enroll USC nodes  ['1', '2']  len  2
 Enroll USC nodes  ['4']  len  1
 Node TP  SortedDict({1: [0], 2: [1, 2], 3: [3, 4, 5]})
 Unobserved subclones at timepoints  {1.5: [6]}
 ============== Inside finding node v ============ 
 Time  2
 Time  3
 largest_v_mut  [[32, 17, 18, 19, 20, 21, 22, 23, 24, 25, 26, 27, 28, 29, 30, 31]]
 Sorted all timepoints  [1, 1.5, 2, 3]
 Timepoint  2
 Inside usc_node check  2
 Timepoint  3
0   1   [-1]   subclone   []   []
1   2   [6]   subclone   [17, 18, 19, 20, 21, 22, 23, 24, 25, 26, 27, 28, 29, 30, 31, 32]   [14]
2   2   [6]   subclone   [17, 18]   [0]
3   3   [1]   subclone   [17, 18, 19, 20, 21, 22, 23, 24, 25, 26, 27, 28, 29, 30, 31, 32]   [0]
4   3   [1]   subclone   [17, 18, 19, 20, 21, 22, 23, 24, 25, 26, 27, 28, 29, 30, 31, 32, 33, 34, 35, 36, 37, 38, 39, 40, 41, 42, 43, 44, 45, 46, 47, 48, 49]   [17]
5   3   [2]   subclone   [17, 18]   [0]
6   1.5   [0]   unobserved subclone   [17, 18]   [2]
3
 Total estimated FP  206  True negatives  20489
 Total estimated FN  991  True positives  2314
 Estimated FP rate  0.08175
 Estimated FN rate  0.05
 No. of Cells in each cluster  {'0_2': 75, '0_3': 375, '2_2': 25, '2_3': 75, '1_3': 50}
 Cells in each cluster  {'0_2': [0, 1, 2, 3, 4, 5, 6, 7, 8, 9, 10, 11, 12, 13, 14, 15, 16, 17, 18, 19, 20, 21, 22, 23, 24, 25, 26, 27, 28, 29, 30, 31, 32, 33, 34, 35, 36, 37, 38, 39, 40, 41, 42, 43, 44, 45, 46, 47, 48, 49, 50, 51, 52, 53, 54, 55, 56, 57, 58, 59, 60, 61, 62, 63, 64, 65, 66, 67, 68, 69, 70, 71, 72, 73, 74], '0_3': [225, 226, 227, 228, 229, 230, 231, 232, 233, 234, 235, 236, 237, 238, 239, 240, 241, 242, 243, 244, 245, 246, 247, 248, 249, 250, 251, 252, 253, 254, 255, 256, 257, 258, 259, 260, 261, 262, 263, 264, 265, 266, 267, 268, 269, 270, 271, 272, 273, 274, 275, 276, 277, 278, 279, 280, 281, 282, 283, 284, 285, 286, 287, 288, 289, 290, 291, 292, 293, 294, 295, 296, 297, 298, 299, 300, 301, 302, 303, 304, 305, 306, 307, 308, 309, 310, 311, 312, 313, 314, 315, 316, 317, 318, 319, 320, 321, 322, 323, 324, 325, 326, 327, 328, 329, 330, 331, 332, 333, 334, 335, 336, 337, 338, 339, 340, 341, 342, 343, 344, 345, 346, 347, 348, 349, 350, 351, 352, 353, 354, 355, 356, 357, 358, 359, 360, 361, 362, 363, 364, 365, 366, 367, 368, 369, 370, 371, 372, 373, 374, 375, 376, 377, 378, 379, 380, 381, 382, 383, 384, 385, 386, 387, 388, 389, 390, 391, 392, 393, 394, 395, 396, 397, 398, 399, 400, 401, 402, 403, 404, 405, 406, 407, 408, 409, 410, 411, 412, 413, 414, 415, 416, 417, 418, 419, 420, 421, 422, 423, 424, 425, 426, 427, 428, 429, 430, 431, 432, 433, 434, 435, 436, 437, 438, 439, 440, 441, 442, 443, 444, 445, 446, 447, 448, 449, 450, 451, 452, 453, 454, 455, 456, 457, 458, 459, 460, 461, 462, 463, 464, 465, 466, 467, 468, 469, 470, 471, 472, 473, 474, 475, 476, 477, 478, 479, 480, 481, 482, 483, 484, 485, 486, 487, 488, 489, 490, 491, 492, 493, 494, 495, 496, 497, 498, 499, 500, 501, 502, 503, 504, 505, 506, 507, 508, 509, 510, 511, 512, 513, 514, 515, 516, 517, 518, 519, 520, 521, 522, 523, 524, 525, 526, 527, 528, 529, 530, 531, 532, 533, 534, 535, 536, 537, 538, 539, 540, 541, 542, 543, 544, 545, 546, 547, 548, 549, 550, 551, 552, 553, 554, 555, 556, 557, 558, 559, 560, 561, 562, 563, 564, 565, 566, 567, 568, 569, 570, 571, 572, 573, 574, 575, 576, 577, 578, 579, 580, 581, 582, 583, 584, 585, 586, 587, 588, 589, 590, 591, 592, 593, 594, 595, 596, 597, 598, 599], '2_2': [75, 76, 77, 78, 79, 80, 81, 82, 83, 84, 85, 86, 87, 88, 89, 90, 91, 92, 93, 94, 95, 96, 97, 98, 99], '2_3': [100, 101, 102, 103, 104, 105, 106, 107, 108, 109, 110, 111, 112, 113, 114, 115, 116, 117, 118, 119, 120, 121, 122, 123, 124, 125, 126, 127, 128, 129, 130, 131, 132, 133, 134, 135, 136, 137, 138, 139, 140, 141, 142, 143, 144, 145, 146, 147, 148, 149, 150, 151, 152, 153, 154, 155, 156, 157, 158, 159, 160, 161, 162, 163, 164, 165, 166, 167, 168, 169, 170, 171, 172, 173, 174], '1_3': [175, 176, 177, 178, 179, 180, 181, 182, 183, 184, 185, 186, 187, 188, 189, 190, 191, 192, 193, 194, 195, 196, 197, 198, 199, 200, 201, 202, 203, 204, 205, 206, 207, 208, 209, 210, 211, 212, 213, 214, 215, 216, 217, 218, 219, 220, 221, 222, 223, 224]}
FP rate  0.08175 FN rate  0.05
 Before reassigning cells 
 Timepoint  2
 Cluster  0  # of cells  75
 Cluster  2  # of cells  25
 Timepoint  3
 Cluster  0  # of cells  383
 Cluster  2  # of cells  77
 Cluster  1  # of cells  40
 Cells absent at timepoint  3   set()
 Cells absent at timepoint  2   set()
 Timepoint  2
 Timepoint  3
 After reassigning and merging cells 
 Timepoint  2
 Cluster  0  # of cells  75
 Cluster  2  # of cells  25
 Timepoint  3
 Cluster  0  # of cells  383
 Cluster  2  # of cells  77
 Cluster  1  # of cells  40
 Tp cluster cell dict  {'0_2': 75, '2_2': 25, '0_3': 383, '2_3': 77, '1_3': 40}
 New Graph is here 
 ID  0  Timepoint  1  Mutations  []  Type  subclone
 ID  1  Timepoint  2  Mutations  [17, 18]  Type  subclone
 ID  2  Timepoint  2  Mutations  [17, 18, 19, 20, 21, 22, 23, 24, 25, 26, 27, 28, 29, 30, 31, 32]  Type  subclone
 ID  3  Timepoint  3  Mutations  [17, 18]  Type  subclone
 ID  4  Timepoint  3  Mutations  [17, 18, 19, 20, 21, 22, 23, 24, 25, 26, 27, 28, 29, 30, 31, 32]  Type  subclone
 ID  5  Timepoint  3  Mutations  [17, 18, 19, 20, 21, 22, 23, 24, 25, 26, 27, 28, 29, 30, 31, 32, 33, 34, 35, 36, 37, 38, 39, 40, 41, 42, 43, 44, 45, 46, 47, 48, 49]  Type  subclone
Timepoints  SortedDict({1: [0], 2: [1, 2], 3: [3, 4, 5]})
 Clone to nodes  {'0_2': 1, '2_2': 2, '0_3': 3, '2_3': 4, '1_3': 5}
 Timepoint ====  1
 Hash table  {'0,1': [17, 18], '1': [19, 20, 21, 22, 23, 24, 25, 26, 27, 28, 29, 30, 31, 32]}
 Final possible usc  [[17, 18], [19, 20, 21, 22, 23, 24, 25, 26, 27, 28, 29, 30, 31, 32]]
 Time  1  USC keys  {'19,20,21,22,23,24,25,26,27,28,29,30,31,32_0', '17,18_0'}
 USC children  {'17,18_0': [1, 2], '19,20,21,22,23,24,25,26,27,28,29,30,31,32_0': [2]}
 USC children  {'17,18_0': [1, 2], '19,20,21,22,23,24,25,26,27,28,29,30,31,32_0': [2]}
 Timepoint ====  2
 Hash table  {'0': [17, 18, 19, 20, 21, 22, 23, 24, 25, 26, 27, 28, 29, 30, 31, 32, 33, 34, 35, 36, 37, 38, 39, 40, 41, 42, 43, 44, 45, 46, 47, 48, 49]}
====== Inside find superset of t nodes ==========
 Final possible usc  [[17, 18, 19, 20, 21, 22, 23, 24, 25, 26, 27, 28, 29, 30, 31, 32, 33, 34, 35, 36, 37, 38, 39, 40, 41, 42, 43, 44, 45, 46, 47, 48, 49]]
 Time  2  USC keys  {'17,18,19,20,21,22,23,24,25,26,27,28,29,30,31,32,33,34,35,36,37,38,39,40,41,42,43,44,45,46,47,48,49_1', '17,18,19,20,21,22,23,24,25,26,27,28,29,30,31,32,33,34,35,36,37,38,39,40,41,42,43,44,45,46,47,48,49_2'}
 USC children  {'17,18_0': [1, 2], '19,20,21,22,23,24,25,26,27,28,29,30,31,32_0': [2], '17,18,19,20,21,22,23,24,25,26,27,28,29,30,31,32,33,34,35,36,37,38,39,40,41,42,43,44,45,46,47,48,49_1': [5], '17,18,19,20,21,22,23,24,25,26,27,28,29,30,31,32,33,34,35,36,37,38,39,40,41,42,43,44,45,46,47,48,49_2': [5]}
 USC children  {'17,18_0': [1, 2], '19,20,21,22,23,24,25,26,27,28,29,30,31,32_0': [2], '17,18,19,20,21,22,23,24,25,26,27,28,29,30,31,32,33,34,35,36,37,38,39,40,41,42,43,44,45,46,47,48,49_1': [5], '17,18,19,20,21,22,23,24,25,26,27,28,29,30,31,32,33,34,35,36,37,38,39,40,41,42,43,44,45,46,47,48,49_2': [5]}
 Node s  {'1,2': ['17', '18'], '5': ['17', '18', '19', '20', '21', '22', '23', '24', '25', '26', '27', '28', '29', '30', '31', '32', '33', '34', '35', '36', '37', '38', '39', '40', '41', '42', '43', '44', '45', '46', '47', '48', '49']}
 Enroll USC nodes  ['1', '2']  len  2
 Enroll USC nodes  ['5']  len  1
 Node TP  SortedDict({1: [0], 2: [1, 2], 3: [3, 4, 5]})
 Unobserved subclones at timepoints  {1.5: [6]}
 ============== Inside finding node v ============ 
 Time  2
 Time  3
 largest_v_mut  [[32, 17, 18, 19, 20, 21, 22, 23, 24, 25, 26, 27, 28, 29, 30, 31]]
 Sorted all timepoints  [1, 1.5, 2, 3]
 Timepoint  2
 Inside usc_node check  2
 Timepoint  3
0   1   [-1]   subclone   []   []
1   2   [6]   subclone   [17, 18]   [0]
2   2   [6]   subclone   [17, 18, 19, 20, 21, 22, 23, 24, 25, 26, 27, 28, 29, 30, 31, 32]   [14]
3   3   [1]   subclone   [17, 18]   [0]
4   3   [2]   subclone   [17, 18, 19, 20, 21, 22, 23, 24, 25, 26, 27, 28, 29, 30, 31, 32]   [0]
5   3   [2]   subclone   [17, 18, 19, 20, 21, 22, 23, 24, 25, 26, 27, 28, 29, 30, 31, 32, 33, 34, 35, 36, 37, 38, 39, 40, 41, 42, 43, 44, 45, 46, 47, 48, 49]   [17]
6   1.5   [0]   unobserved subclone   [17, 18]   [2]
6
 Total estimated FP  201  True negatives  20491
 Total estimated FN  989  True positives  2319
 Estimated FP rate  0.07976
 Estimated FN rate  0.05
 No. of Cells in each cluster  {'4_2': 1, '4_3': 1, '5_2': 25, '5_3': 75, '3_3': 50, '0_2': 74, '0_3': 374}
 Cells in each cluster  {'4_2': [47], '4_3': [418], '5_2': [75, 76, 77, 78, 79, 80, 81, 82, 83, 84, 85, 86, 87, 88, 89, 90, 91, 92, 93, 94, 95, 96, 97, 98, 99], '5_3': [100, 101, 102, 103, 104, 105, 106, 107, 108, 109, 110, 111, 112, 113, 114, 115, 116, 117, 118, 119, 120, 121, 122, 123, 124, 125, 126, 127, 128, 129, 130, 131, 132, 133, 134, 135, 136, 137, 138, 139, 140, 141, 142, 143, 144, 145, 146, 147, 148, 149, 150, 151, 152, 153, 154, 155, 156, 157, 158, 159, 160, 161, 162, 163, 164, 165, 166, 167, 168, 169, 170, 171, 172, 173, 174], '3_3': [175, 176, 177, 178, 179, 180, 181, 182, 183, 184, 185, 186, 187, 188, 189, 190, 191, 192, 193, 194, 195, 196, 197, 198, 199, 200, 201, 202, 203, 204, 205, 206, 207, 208, 209, 210, 211, 212, 213, 214, 215, 216, 217, 218, 219, 220, 221, 222, 223, 224], '0_2': [15, 34, 37, 7, 8, 10, 58, 63, 0, 1, 2, 3, 4, 5, 6, 9, 11, 12, 13, 14, 16, 17, 18, 19, 20, 21, 22, 23, 24, 25, 26, 27, 28, 29, 30, 31, 32, 33, 35, 36, 38, 39, 40, 41, 42, 43, 44, 45, 46, 48, 49, 50, 51, 52, 53, 54, 55, 56, 57, 59, 60, 61, 62, 64, 65, 66, 67, 68, 69, 70, 71, 72, 73, 74], '0_3': [282, 301, 355, 384, 397, 509, 554, 309, 345, 356, 380, 381, 444, 463, 544, 225, 226, 227, 228, 229, 230, 231, 232, 233, 234, 235, 236, 237, 238, 239, 240, 241, 242, 243, 244, 245, 246, 247, 248, 249, 250, 251, 252, 253, 254, 255, 256, 257, 258, 259, 260, 261, 262, 263, 264, 265, 266, 267, 268, 269, 270, 271, 272, 273, 274, 275, 276, 277, 278, 279, 280, 281, 283, 284, 285, 286, 287, 288, 289, 290, 291, 292, 293, 294, 295, 296, 297, 298, 299, 300, 302, 303, 304, 305, 306, 307, 308, 310, 311, 312, 313, 314, 315, 316, 317, 318, 319, 320, 321, 322, 323, 324, 325, 326, 327, 328, 329, 330, 331, 332, 333, 334, 335, 336, 337, 338, 339, 340, 341, 342, 343, 344, 346, 347, 348, 349, 350, 351, 352, 353, 354, 357, 358, 359, 360, 361, 362, 363, 364, 365, 366, 367, 368, 369, 370, 371, 372, 373, 374, 375, 376, 377, 378, 379, 382, 383, 385, 386, 387, 388, 389, 390, 391, 392, 393, 394, 395, 396, 398, 399, 400, 401, 402, 403, 404, 405, 406, 407, 408, 409, 410, 411, 412, 413, 414, 415, 416, 417, 419, 420, 421, 422, 423, 424, 425, 426, 427, 428, 429, 430, 431, 432, 433, 434, 435, 436, 437, 438, 439, 440, 441, 442, 443, 445, 446, 447, 448, 449, 450, 451, 452, 453, 454, 455, 456, 457, 458, 459, 460, 461, 462, 464, 465, 466, 467, 468, 469, 470, 471, 472, 473, 474, 475, 476, 477, 478, 479, 480, 481, 482, 483, 484, 485, 486, 487, 488, 489, 490, 491, 492, 493, 494, 495, 496, 497, 498, 499, 500, 501, 502, 503, 504, 505, 506, 507, 508, 510, 511, 512, 513, 514, 515, 516, 517, 518, 519, 520, 521, 522, 523, 524, 525, 526, 527, 528, 529, 530, 531, 532, 533, 534, 535, 536, 537, 538, 539, 540, 541, 542, 543, 545, 546, 547, 548, 549, 550, 551, 552, 553, 555, 556, 557, 558, 559, 560, 561, 562, 563, 564, 565, 566, 567, 568, 569, 570, 571, 572, 573, 574, 575, 576, 577, 578, 579, 580, 581, 582, 583, 584, 585, 586, 587, 588, 589, 590, 591, 592, 593, 594, 595, 596, 597, 598, 599]}
FP rate  0.07976 FN rate  0.05
 Before reassigning cells 
 Timepoint  2
 Cluster  4  # of cells  1
 Cluster  5  # of cells  25
 Cluster  0  # of cells  73
 Timepoint  3
 Cluster  4  # of cells  1
 Cluster  5  # of cells  77
 Cluster  3  # of cells  40
 Cluster  0  # of cells  378
 Cells absent at timepoint  2   {56}
 Missing cell prob  {'4': 0.00023626140389708717, '5': 3.428381266416319e-17, '0': 0.00023626140389708717}
 Cells absent at timepoint  3   {408, 521, 387, 405}
 Missing cell prob  {'4': 0.00272589260684874, '5': 3.320982712217846e-17, '0': 0.0027258926068487407, '3': 1.1944343459109483e-33}
 Missing cell prob  {'4': 0.0033229899414534145, '5': 1.3713525065665277e-14, '0': 0.0033229899414534145, '3': 1.6707327189712573e-28}
 Missing cell prob  {'4': 0.0002439019535145537, '5': 1.1988747591106416e-14, '0': 0.0002439019535145537, '3': 7.935980415113473e-30}
 Missing cell prob  {'4': 0.00013629463034243704, '5': 1.660491356108922e-18, '0': 0.00013629463034243704, '3': 2.0229935227711967e-32}
 Timepoint  2
 Timepoint  3
SortedDict({2: {'4': ['47', '56'], '5': ['75', '76', '77', '78', '79', '80', '81', '82', '83', '84', '85', '86', '87', '88', '89', '90', '91', '92', '93', '94', '95', '96', '97', '98', '99'], '0': ['0', '1', '2', '3', '4', '5', '6', '7', '8', '9', '10', '11', '12', '13', '14', '15', '16', '17', '18', '19', '20', '21', '22', '23', '24', '25', '26', '27', '28', '29', '30', '31', '32', '33', '34', '35', '36', '37', '38', '39', '40', '41', '42', '43', '44', '45', '46', '48', '49', '50', '51', '52', '53', '54', '55', '57', '58', '59', '60', '61', '62', '63', '64', '65', '66', '67', '68', '69', '70', '71', '72', '73', '74']}, 3: {'4': ['418', '521', '387', '405'], '5': ['100', '101', '102', '103', '104', '105', '106', '107', '108', '109', '110', '111', '112', '113', '114', '115', '116', '117', '118', '119', '120', '121', '122', '123', '124', '125', '126', '127', '129', '130', '131', '132', '133', '134', '135', '136', '137', '138', '139', '140', '141', '142', '143', '145', '147', '148', '149', '150', '151', '152', '153', '154', '155', '156', '157', '158', '160', '161', '162', '163', '164', '165', '166', '167', '168', '170', '171', '172', '173', '174', '176', '179', '185', '190', '198', '205', '208'], '3': ['175', '177', '178', '180', '181', '182', '183', '184', '187', '188', '189', '191', '192', '193', '194', '195', '196', '197', '199', '200', '201', '202', '203', '204', '206', '207', '209', '210', '211', '213', '214', '215', '216', '217', '218', '219', '220', '222', '223', '224'], '0': ['128', '144', '146', '159', '169', '186', '212', '221', '225', '226', '227', '228', '229', '230', '231', '232', '233', '234', '235', '236', '237', '238', '239', '240', '241', '242', '243', '244', '245', '246', '247', '248', '249', '250', '251', '252', '253', '254', '255', '256', '257', '258', '259', '260', '261', '262', '263', '264', '265', '266', '267', '268', '269', '270', '271', '272', '273', '274', '275', '276', '277', '278', '279', '280', '281', '282', '283', '284', '285', '286', '287', '288', '289', '290', '291', '292', '293', '294', '295', '296', '297', '298', '299', '300', '301', '302', '303', '304', '305', '306', '307', '308', '309', '310', '311', '312', '313', '314', '315', '316', '317', '318', '319', '320', '321', '322', '323', '324', '325', '326', '327', '328', '329', '330', '331', '332', '333', '334', '335', '336', '337', '338', '339', '340', '341', '342', '343', '344', '345', '346', '347', '348', '349', '350', '351', '352', '353', '354', '355', '356', '357', '358', '359', '360', '361', '362', '363', '364', '365', '366', '367', '368', '369', '370', '371', '372', '373', '374', '375', '376', '377', '378', '379', '380', '381', '382', '383', '384', '385', '386', '388', '389', '390', '391', '392', '393', '394', '395', '396', '397', '398', '399', '400', '401', '402', '403', '404', '406', '407', '409', '410', '411', '412', '413', '414', '415', '416', '417', '419', '420', '421', '422', '423', '424', '425', '426', '427', '428', '429', '430', '431', '432', '433', '434', '435', '436', '437', '438', '439', '440', '441', '442', '443', '444', '445', '446', '447', '448', '449', '450', '451', '452', '453', '454', '455', '456', '457', '458', '459', '460', '461', '462', '463', '464', '465', '466', '467', '468', '469', '470', '471', '472', '473', '474', '475', '476', '477', '478', '479', '480', '481', '482', '483', '484', '485', '486', '487', '488', '489', '490', '491', '492', '493', '494', '495', '496', '497', '498', '499', '500', '501', '502', '503', '504', '505', '506', '507', '508', '509', '510', '511', '512', '513', '514', '515', '516', '517', '518', '519', '520', '522', '523', '524', '525', '526', '527', '528', '529', '530', '531', '532', '533', '534', '535', '536', '537', '538', '539', '540', '541', '542', '543', '544', '545', '546', '547', '548', '549', '550', '551', '552', '553', '554', '555', '556', '557', '558', '559', '560', '561', '562', '563', '564', '565', '566', '567', '568', '569', '570', '571', '572', '573', '574', '575', '576', '577', '578', '579', '580', '581', '582', '583', '584', '585', '586', '587', '588', '589', '590', '591', '592', '593', '594', '595', '596', '597', '598', '599', '408']}})
 Cluster1  4
 Cluster to drop  0
 After reassigning and merging cells 
 Timepoint  2
 Cluster  4  # of cells  2
 Cluster  5  # of cells  25
 Cluster  0  # of cells  73
 Timepoint  3
 Cluster  4  # of cells  383
 Cluster  5  # of cells  77
 Cluster  3  # of cells  40
 Tp cluster cell dict  {'4_2': 2, '5_2': 25, '0_2': 73, '4_3': 383, '5_3': 77, '3_3': 40}
 New Graph is here 
 ID  0  Timepoint  1  Mutations  []  Type  subclone
 ID  1  Timepoint  2  Mutations  [12, 15, 17, 18, 29, 44]  Type  subclone
 ID  2  Timepoint  2  Mutations  [17, 18, 19, 20, 21, 22, 23, 24, 25, 26, 27, 28, 29, 30, 31, 32]  Type  subclone
 ID  3  Timepoint  2  Mutations  [17, 18]  Type  subclone
 ID  4  Timepoint  3  Mutations  [17, 18]  Type  subclone
 ID  5  Timepoint  3  Mutations  [17, 18, 19, 20, 21, 22, 23, 24, 25, 26, 27, 28, 29, 30, 31, 32]  Type  subclone
 ID  6  Timepoint  3  Mutations  [17, 18, 19, 20, 21, 22, 23, 24, 25, 26, 27, 28, 29, 30, 31, 32, 33, 34, 35, 36, 37, 38, 39, 40, 41, 42, 43, 44, 45, 46, 47, 48, 49]  Type  subclone
Timepoints  SortedDict({1: [0], 2: [1, 2, 3], 3: [4, 5, 6]})
 Clone to nodes  {'4_2': 1, '5_2': 2, '0_2': 3, '4_3': 4, '5_3': 5, '3_3': 6}
 Timepoint ====  1
 Hash table  {'0': [12, 15, 44], '0,1,2': [17, 18], '0,1': [29], '1': [19, 20, 21, 22, 23, 24, 25, 26, 27, 28, 30, 31, 32]}
 Final possible usc  [[12, 15, 44], [17, 18], [29], [19, 20, 21, 22, 23, 24, 25, 26, 27, 28, 30, 31, 32]]
 Time  1  USC keys  {'12,15,44_0', '17,18_0', '29_0', '19,20,21,22,23,24,25,26,27,28,30,31,32_0'}
 USC children  {'12,15,44_0': [1], '17,18_0': [1, 2, 3], '29_0': [1, 2], '19,20,21,22,23,24,25,26,27,28,30,31,32_0': [2]}
 USC children  {'12,15,44_0': [1], '17,18_0': [1, 2, 3], '29_0': [1, 2], '19,20,21,22,23,24,25,26,27,28,30,31,32_0': [2]}
 Timepoint ====  2
 Hash table  {'0': [17, 18, 19, 20, 21, 22, 23, 24, 25, 26, 27, 28, 29, 30, 31, 32, 33, 34, 35, 36, 37, 38, 39, 40, 41, 42, 43, 44, 45, 46, 47, 48, 49]}
====== Inside find superset of t nodes ==========
 Final possible usc  [[17, 18, 19, 20, 21, 22, 23, 24, 25, 26, 27, 28, 29, 30, 31, 32, 33, 34, 35, 36, 37, 38, 39, 40, 41, 42, 43, 44, 45, 46, 47, 48, 49]]
 Time  2  USC keys  {'17,18,19,20,21,22,23,24,25,26,27,28,29,30,31,32,33,34,35,36,37,38,39,40,41,42,43,44,45,46,47,48,49_2', '17,18,19,20,21,22,23,24,25,26,27,28,29,30,31,32,33,34,35,36,37,38,39,40,41,42,43,44,45,46,47,48,49_3'}
 USC children  {'12,15,44_0': [1], '17,18_0': [1, 2, 3], '29_0': [1, 2], '19,20,21,22,23,24,25,26,27,28,30,31,32_0': [2], '17,18,19,20,21,22,23,24,25,26,27,28,29,30,31,32,33,34,35,36,37,38,39,40,41,42,43,44,45,46,47,48,49_2': [6], '17,18,19,20,21,22,23,24,25,26,27,28,29,30,31,32,33,34,35,36,37,38,39,40,41,42,43,44,45,46,47,48,49_3': [6]}
 USC children  {'12,15,44_0': [1], '17,18_0': [1, 2, 3], '29_0': [1, 2], '19,20,21,22,23,24,25,26,27,28,30,31,32_0': [2], '17,18,19,20,21,22,23,24,25,26,27,28,29,30,31,32,33,34,35,36,37,38,39,40,41,42,43,44,45,46,47,48,49_2': [6], '17,18,19,20,21,22,23,24,25,26,27,28,29,30,31,32,33,34,35,36,37,38,39,40,41,42,43,44,45,46,47,48,49_3': [6]}
 Node s  {'1,2,3': ['17', '18'], '6': ['17', '18', '19', '20', '21', '22', '23', '24', '25', '26', '27', '28', '29', '30', '31', '32', '33', '34', '35', '36', '37', '38', '39', '40', '41', '42', '43', '44', '45', '46', '47', '48', '49']}
 Enroll USC nodes  ['1', '2', '3']  len  3
 Enroll USC nodes  ['6']  len  1
 Node TP  SortedDict({1: [0], 2: [1, 2, 3], 3: [4, 5, 6]})
 Unobserved subclones at timepoints  {1.5: [7]}
 ============== Inside finding node v ============ 
 Time  2
 Time  3
 largest_v_mut  [[32, 17, 18, 19, 20, 21, 22, 23, 24, 25, 26, 27, 28, 29, 30, 31]]
 Sorted all timepoints  [1, 1.5, 2, 3]
 Timepoint  2
 Inside usc_node check  2
 Timepoint  3
0   1   [-1]   subclone   []   []
1   2   [7]   subclone   [12, 15, 17, 18, 29, 44]   [4]
2   2   [7]   subclone   [17, 18, 19, 20, 21, 22, 23, 24, 25, 26, 27, 28, 29, 30, 31, 32]   [14]
3   2   [7]   subclone   [17, 18]   [0]
4   3   [3]   subclone   [17, 18]   [0]
5   3   [2]   subclone   [17, 18, 19, 20, 21, 22, 23, 24, 25, 26, 27, 28, 29, 30, 31, 32]   [0]
6   3   [2]   subclone   [17, 18, 19, 20, 21, 22, 23, 24, 25, 26, 27, 28, 29, 30, 31, 32, 33, 34, 35, 36, 37, 38, 39, 40, 41, 42, 43, 44, 45, 46, 47, 48, 49]   [17]
7   1.5   [0]   unobserved subclone   [17, 18]   [2]
 List of tree files  ['all_trees/bp3_rep5_m1_tree.csv', 'all_trees/bp3_rep5_m2_tree.csv', 'all_trees/bp3_rep5_m3_tree.csv', 'all_trees/bp3_rep5_m4_tree.csv', 'all_trees/bp3_rep5_m5_tree.csv']
{'1': ['17', '18', '19', '20', '21', '22', '23', '24', '25', '26', '27', '28', '29', '30', '31', '32'], '2': ['17', '18'], '3': ['17', '18', '19', '20', '21', '22', '23', '24', '25', '26', '27', '28', '29', '30', '31', '32'], '4': ['17', '18', '19', '20', '21', '22', '23', '24', '25', '26', '27', '28', '29', '30', '31', '32', '33', '34', '35', '36', '37', '38', '39', '40', '41', '42', '43', '44', '45', '46', '47', '48', '49'], '5': ['17', '18'], '6': ['17', '18']}
 Actual mutation of  1   ['28', '30', '21', '19', '26', '31', '27', '22', '23', '25', '29', '32', '24', '20']
 Actual mutation of  2   []
 Actual mutation of  3   []
 Actual mutation of  4   ['36', '34', '37', '49', '46', '40', '39', '45', '43', '35', '38', '42', '44', '41', '47', '48', '33']
 Actual mutation of  5   []
 Updated node mutation  {'1': ['28', '30', '21', '19', '26', '31', '27', '22', '23', '25', '29', '32', '24', '20'], '2': [], '3': [], '4': ['36', '34', '37', '49', '46', '40', '39', '45', '43', '35', '38', '42', '44', '41', '47', '48', '33'], '5': [], '6': ['17', '18']}
{'1': ['17', '18', '19', '20', '21', '22', '23', '24', '25', '26', '27', '28', '29', '30', '31', '32'], '2': ['17', '18'], '3': ['17', '18', '19', '20', '21', '22', '23', '24', '25', '26', '27', '28', '29', '30', '31', '32'], '4': ['17', '18', '19', '20', '21', '22', '23', '24', '25', '26', '27', '28', '29', '30', '31', '32', '33', '34', '35', '36', '37', '38', '39', '40', '41', '42', '43', '44', '45', '46', '47', '48', '49'], '5': ['17', '18'], '6': ['17', '18']}
 Actual mutation of  1   ['28', '30', '21', '19', '26', '31', '27', '22', '23', '25', '29', '32', '24', '20']
 Actual mutation of  2   []
 Actual mutation of  3   []
 Actual mutation of  4   ['36', '34', '37', '49', '46', '40', '39', '45', '43', '35', '38', '42', '44', '41', '47', '48', '33']
 Actual mutation of  5   []
 Updated node mutation  {'1': ['28', '30', '21', '19', '26', '31', '27', '22', '23', '25', '29', '32', '24', '20'], '2': [], '3': [], '4': ['36', '34', '37', '49', '46', '40', '39', '45', '43', '35', '38', '42', '44', '41', '47', '48', '33'], '5': [], '6': ['17', '18']}
{'1': ['17', '18', '19', '20', '21', '22', '23', '24', '25', '26', '27', '28', '29', '30', '31', '32'], '2': ['17', '18'], '3': ['17', '18', '19', '20', '21', '22', '23', '24', '25', '26', '27', '28', '29', '30', '31', '32'], '4': ['17', '18', '19', '20', '21', '22', '23', '24', '25', '26', '27', '28', '29', '30', '31', '32', '33', '34', '35', '36', '37', '38', '39', '40', '41', '42', '43', '44', '45', '46', '47', '48', '49'], '5': ['17', '18'], '6': ['17', '18']}
 Actual mutation of  1   ['28', '30', '21', '19', '26', '31', '27', '22', '23', '25', '29', '32', '24', '20']
 Actual mutation of  2   []
 Actual mutation of  3   []
 Actual mutation of  4   ['36', '34', '37', '49', '46', '40', '39', '45', '43', '35', '38', '42', '44', '41', '47', '48', '33']
 Actual mutation of  5   []
 Updated node mutation  {'1': ['28', '30', '21', '19', '26', '31', '27', '22', '23', '25', '29', '32', '24', '20'], '2': [], '3': [], '4': ['36', '34', '37', '49', '46', '40', '39', '45', '43', '35', '38', '42', '44', '41', '47', '48', '33'], '5': [], '6': ['17', '18']}
{'1': ['17', '18'], '2': ['17', '18', '19', '20', '21', '22', '23', '24', '25', '26', '27', '28', '29', '30', '31', '32'], '3': ['17', '18'], '4': ['17', '18', '19', '20', '21', '22', '23', '24', '25', '26', '27', '28', '29', '30', '31', '32'], '5': ['17', '18', '19', '20', '21', '22', '23', '24', '25', '26', '27', '28', '29', '30', '31', '32', '33', '34', '35', '36', '37', '38', '39', '40', '41', '42', '43', '44', '45', '46', '47', '48', '49'], '6': ['17', '18']}
 Actual mutation of  1   []
 Actual mutation of  2   ['28', '30', '21', '19', '26', '31', '27', '22', '23', '25', '29', '32', '24', '20']
 Actual mutation of  3   []
 Actual mutation of  4   []
 Actual mutation of  5   ['36', '34', '37', '49', '46', '40', '39', '45', '43', '35', '38', '42', '44', '41', '47', '48', '33']
 Updated node mutation  {'1': [], '2': ['28', '30', '21', '19', '26', '31', '27', '22', '23', '25', '29', '32', '24', '20'], '3': [], '4': [], '5': ['36', '34', '37', '49', '46', '40', '39', '45', '43', '35', '38', '42', '44', '41', '47', '48', '33'], '6': ['17', '18']}
{'1': ['12', '15', '17', '18', '29', '44'], '2': ['17', '18', '19', '20', '21', '22', '23', '24', '25', '26', '27', '28', '29', '30', '31', '32'], '3': ['17', '18'], '4': ['17', '18'], '5': ['17', '18', '19', '20', '21', '22', '23', '24', '25', '26', '27', '28', '29', '30', '31', '32'], '6': ['17', '18', '19', '20', '21', '22', '23', '24', '25', '26', '27', '28', '29', '30', '31', '32', '33', '34', '35', '36', '37', '38', '39', '40', '41', '42', '43', '44', '45', '46', '47', '48', '49'], '7': ['17', '18']}
 Actual mutation of  1   ['29', '44', '12', '15']
 Actual mutation of  2   ['28', '30', '21', '19', '26', '31', '27', '22', '23', '25', '29', '32', '24', '20']
 Actual mutation of  3   []
 Actual mutation of  4   []
 Actual mutation of  5   []
 Actual mutation of  6   ['36', '34', '37', '49', '46', '40', '39', '45', '43', '35', '38', '42', '44', '41', '47', '48', '33']
 Updated node mutation  {'1': ['29', '44', '12', '15'], '2': ['28', '30', '21', '19', '26', '31', '27', '22', '23', '25', '29', '32', '24', '20'], '3': [], '4': [], '5': [], '6': ['36', '34', '37', '49', '46', '40', '39', '45', '43', '35', '38', '42', '44', '41', '47', '48', '33'], '7': ['17', '18']}
 Parallel mutation count  {'m1': 0, 'm2': 0, 'm3': 0, 'm4': 0, 'm5': 2}
 Clusters with least parallel mutations  ['m1', 'm2', 'm3', 'm4']
 Cluster nos for each run  {'m1': 7, 'm2': 8, 'm3': 7, 'm4': 3}
 Run  m4
 Base path  ['bp3', 'rep5', 'm1', 'tree.csv']
 Best tree path  bp3_rep5_m4_tree.csv
