
DPMM with:
	600 cells
	28 mutations
	learning errors

	Priors:
	params.:	Beta(0.25,0.25)
	CRP a_0:	Gamma(24.49,1)
	FP:		trunc norm(0.01,0.01)
	FN:		trunc norm(0.2,0.1)

Move probabilitites:
	Split/merge:	0.33
		split/merge ratio:	[0.75, 0.25]
		intermediate Gibbs:	3
	CRP a_0 update:	0.25
	Errors update:	0.25

Run MCMC with (1 chains for 5000 steps):

Clustering time:	0:17:31.177798	(0.21 secs. per MCMC step)	Lugsail PSRF:		1.00724

Chain mean - posterior clusters	(#9):
	9 clusters

	A: 449 items
	B: 8 items
	C: 8 items
	D: 4 items
	E: 7 items
	F: 1 items
	G: 50 items
	H: 69 items
	I: 4 items

Inferred latent variables	--	chain mean - posterior
	CRP a_0:	99.1 +- 18.4
	FP (model|genotypes): 1.7E-03 +- 1.0E-03	|	7.3E-03
	FN (model|genotypes): 0.139   +- 0.018	|	0.160

Writing output to: ./sim_output/sp05/rep4/m3

Too many cells to plot genotypes/clusters
