
DPMM with:
	600 cells
	49 mutations
	learning errors

	Priors:
	params.:	Beta(0.25,0.25)
	CRP a_0:	Gamma(24.49,1)
	FP:		trunc norm(0.01,0.01)
	FN:		trunc norm(0.2,0.1)

Move probabilitites:
	Split/merge:	0.33
		split/merge ratio:	[0.75, 0.25]
		intermediate Gibbs:	3
	CRP a_0 update:	0.25
	Errors update:	0.25

Run MCMC with (1 chains for 5000 steps):

Clustering time:	0:23:59.977106	(0.29 secs. per MCMC step)	Lugsail PSRF:		1.00859

Chain mean - posterior clusters	(#8):
	8 clusters

	A: 37 items
	B: 252 items
	C: 6 items
	D: 214 items
	E: 30 items
	F: 16 items
	G: 37 items
	H: 8 items

Inferred latent variables	--	chain mean - posterior
	CRP a_0:	102.1 +- 17.8
	FP (model|genotypes): 1.6E-03 +- 8.7E-04	|	7.8E-03
	FN (model|genotypes): 0.132   +- 0.012	|	0.159

Writing output to: ./sim_output/v1v2/rep3/m1

Too many cells to plot genotypes/clusters
