
DPMM with:
	600 cells
	80 mutations
	learning errors

	Priors:
	params.:	Beta(0.25,0.25)
	CRP a_0:	Gamma(24.49,1)
	FP:		trunc norm(0.01,0.01)
	FN:		trunc norm(0.2,0.1)

Move probabilitites:
	Split/merge:	0.33
		split/merge ratio:	[0.75, 0.25]
		intermediate Gibbs:	3
	CRP a_0 update:	0.25
	Errors update:	0.25

Run MCMC with (1 chains for 5000 steps):

Clustering time:	0:21:00.558161	(0.25 secs. per MCMC step)	Lugsail PSRF:		1.00688

Chain mean - posterior clusters	(#9):
	9 clusters

	A: 146 items
	B: 2 items
	C: 212 items
	D: 127 items
	E: 14 items
	F: 63 items
	G: 27 items
	H: 1 items
	I: 8 items

Inferred latent variables	--	chain mean - posterior
	CRP a_0:	103.0 +- 19.3
	FP (model|genotypes): 2.1E-03 +- 6.7E-04	|	8.1E-03
	FN (model|genotypes): 0.144   +- 0.008	|	0.159

Writing output to: ./sim_output/sp05/rep1/m3

Too many cells to plot genotypes/clusters
