
DPMM with:
	600 cells
	32 mutations
	learning errors

	Priors:
	params.:	Beta(0.25,0.25)
	CRP a_0:	Gamma(24.49,1)
	FP:		trunc norm(0.01,0.01)
	FN:		trunc norm(0.2,0.1)

Move probabilitites:
	Split/merge:	0.33
		split/merge ratio:	[0.75, 0.25]
		intermediate Gibbs:	3
	CRP a_0 update:	0.25
	Errors update:	0.25

Run MCMC with (1 chains for 5000 steps):

Clustering time:	0:16:49.400523	(0.20 secs. per MCMC step)	Lugsail PSRF:		1.00614

Chain mean - posterior clusters	(#4):
	4 clusters

	A: 302 items
	B: 192 items
	C: 89 items
	D: 17 items

Inferred latent variables	--	chain mean - posterior
	CRP a_0:	98.8 +- 18.6
	FP (model|genotypes): 2.3E-03 +- 1.1E-03	|	8.4E-03
	FN (model|genotypes): 0.137   +- 0.013	|	0.158

Writing output to: ./sim_output/sp5/rep1/m3

Too many cells to plot genotypes/clusters
