4
 Total estimated FP  103  True negatives  9973
 Total estimated FN  1137  True positives  4627
 Estimated FP rate  0.02178
 Estimated FN rate  0.1
 No. of Cells in each cluster  {'0_2': 56, '0_3': 276, '2_2': 44, '2_3': 28, '1_3': 195, '3_3': 1}
 Cells in each cluster  {'0_2': [0, 1, 2, 3, 4, 5, 6, 7, 8, 9, 10, 11, 12, 13, 14, 15, 16, 17, 18, 19, 20, 21, 22, 23, 24, 25, 26, 27, 28, 29, 30, 31, 32, 33, 34, 35, 36, 37, 38, 39, 40, 41, 42, 43, 44, 45, 46, 47, 48, 49, 50, 51, 52, 53, 54, 75], '0_3': [100, 106, 326, 327, 328, 329, 330, 331, 332, 333, 334, 335, 336, 337, 338, 339, 340, 341, 342, 343, 344, 345, 346, 347, 348, 349, 350, 351, 352, 353, 354, 355, 356, 357, 358, 359, 360, 361, 362, 363, 364, 365, 366, 367, 368, 369, 370, 371, 372, 373, 374, 375, 376, 377, 378, 379, 380, 381, 382, 383, 384, 385, 386, 387, 388, 389, 390, 391, 392, 393, 394, 395, 396, 397, 398, 399, 400, 401, 402, 403, 404, 405, 406, 407, 408, 409, 410, 411, 412, 413, 414, 415, 416, 417, 418, 419, 420, 421, 422, 423, 424, 425, 426, 427, 428, 429, 430, 431, 432, 433, 434, 435, 436, 437, 438, 439, 440, 441, 442, 443, 444, 445, 446, 447, 448, 449, 450, 451, 452, 453, 454, 455, 456, 457, 458, 459, 460, 461, 462, 463, 464, 465, 466, 467, 468, 469, 470, 471, 472, 473, 474, 475, 476, 477, 478, 479, 480, 481, 482, 483, 484, 485, 486, 487, 488, 489, 490, 491, 492, 493, 494, 495, 496, 497, 498, 499, 500, 501, 502, 503, 504, 505, 506, 507, 508, 509, 510, 511, 512, 513, 514, 515, 516, 517, 518, 519, 520, 521, 522, 523, 524, 525, 526, 527, 528, 529, 530, 531, 532, 533, 534, 535, 536, 537, 538, 539, 540, 541, 542, 543, 544, 545, 546, 547, 548, 549, 550, 551, 552, 553, 554, 555, 556, 557, 558, 559, 560, 561, 562, 563, 564, 565, 566, 567, 568, 569, 570, 571, 572, 573, 574, 575, 576, 577, 578, 579, 580, 581, 582, 583, 584, 585, 586, 587, 588, 589, 590, 591, 592, 593, 594, 595, 596, 597, 598, 599], '2_2': [55, 56, 57, 58, 59, 60, 61, 62, 63, 64, 65, 66, 67, 68, 69, 70, 71, 72, 73, 74, 76, 77, 78, 79, 80, 81, 82, 83, 84, 85, 86, 87, 88, 89, 90, 91, 92, 93, 94, 95, 96, 97, 98, 99], '2_3': [101, 102, 103, 104, 105, 107, 108, 109, 110, 111, 112, 113, 114, 115, 116, 117, 118, 119, 120, 121, 122, 123, 124, 125, 126, 127, 128, 129], '1_3': [130, 131, 132, 133, 134, 135, 136, 137, 138, 139, 140, 141, 143, 144, 145, 146, 147, 148, 149, 150, 151, 152, 153, 154, 155, 156, 157, 158, 159, 160, 161, 162, 163, 164, 165, 166, 167, 168, 169, 170, 171, 172, 173, 174, 175, 176, 177, 178, 179, 180, 181, 182, 183, 184, 185, 186, 187, 188, 189, 190, 191, 192, 193, 194, 195, 196, 197, 198, 199, 200, 201, 202, 203, 204, 205, 206, 207, 208, 209, 210, 211, 212, 213, 214, 215, 216, 217, 218, 219, 220, 221, 222, 223, 224, 225, 226, 227, 228, 229, 230, 231, 232, 233, 234, 235, 236, 237, 238, 239, 240, 241, 242, 243, 244, 245, 246, 247, 248, 249, 250, 251, 252, 253, 254, 255, 256, 257, 258, 259, 260, 261, 262, 263, 264, 265, 266, 267, 268, 269, 270, 271, 272, 273, 274, 275, 276, 277, 278, 279, 280, 281, 282, 283, 284, 285, 286, 287, 288, 289, 290, 291, 292, 293, 294, 295, 296, 297, 298, 299, 300, 301, 302, 303, 304, 305, 306, 307, 308, 309, 310, 311, 312, 313, 314, 315, 316, 317, 318, 319, 320, 321, 322, 323, 324, 325], '3_3': [142]}
FP rate  0.02178 FN rate  0.1
 Before reassigning cells 
 Timepoint  2
 Cluster  0  # of cells  56
 Cluster  2  # of cells  44
 Timepoint  3
 Cluster  0  # of cells  276
 Cluster  2  # of cells  29
 Cluster  1  # of cells  194
 Cluster  3  # of cells  1
 Cells absent at timepoint  3   set()
 Cells absent at timepoint  2   set()
 Timepoint  2
 Timepoint  3
 After reassigning and merging cells 
 Timepoint  2
 Cluster  0  # of cells  56
 Cluster  2  # of cells  44
 Timepoint  3
 Cluster  0  # of cells  276
 Cluster  2  # of cells  29
 Cluster  1  # of cells  194
 Cluster  3  # of cells  1
 Tp cluster cell dict  {'0_2': 56, '2_2': 44, '0_3': 276, '2_3': 29, '1_3': 194, '3_3': 1}
 New Graph is here 
 ID  0  Timepoint  1  Mutations  []  Type  subclone
 ID  1  Timepoint  2  Mutations  [9, 10, 11, 12, 13]  Type  subclone
 ID  2  Timepoint  2  Mutations  [9, 10, 11, 12, 13, 14, 15, 16, 17, 18, 19, 20]  Type  subclone
 ID  3  Timepoint  3  Mutations  [9, 10, 11, 12, 13]  Type  subclone
 ID  4  Timepoint  3  Mutations  [9, 10, 11, 12, 13, 14, 15, 16, 17, 18, 19, 20]  Type  subclone
 ID  5  Timepoint  3  Mutations  [9, 10, 11, 12, 13, 14, 15, 16, 17, 18, 19, 20, 21, 22, 23, 24, 25, 26, 27, 28, 29, 30, 31, 32]  Type  subclone
 ID  6  Timepoint  3  Mutations  [7, 8, 10, 13, 14, 19, 20, 21, 22, 23, 24, 25, 26, 30]  Type  subclone
Timepoints  SortedDict({1: [0], 2: [1, 2], 3: [3, 4, 5, 6]})
 Clone to nodes  {'0_2': 1, '2_2': 2, '0_3': 3, '2_3': 4, '1_3': 5, '3_3': 6}
 Timepoint ====  1
 Hash table  {'0,1': [9, 10, 11, 12, 13], '1': [14, 15, 16, 17, 18, 19, 20]}
 Final possible usc  [[9, 10, 11, 12, 13], [14, 15, 16, 17, 18, 19, 20]]
 Time  1  USC keys  {'9,10,11,12,13_0', '14,15,16,17,18,19,20_0'}
 USC children  {'9,10,11,12,13_0': [1, 2], '14,15,16,17,18,19,20_0': [2]}
 USC children  {'9,10,11,12,13_0': [1, 2], '14,15,16,17,18,19,20_0': [2]}
 Timepoint ====  2
 Hash table  {'0': [9, 11, 12, 15, 16, 17, 18, 27, 28, 29, 31, 32], '0,1': [10, 13, 14, 19, 20, 21, 22, 23, 24, 25, 26, 30], '1': [7, 8]}
====== Inside find superset of t nodes ==========
 Final possible usc  []
 Time  2  USC keys  set()
 USC children  {'9,10,11,12,13_0': [1, 2], '14,15,16,17,18,19,20_0': [2]}
 USC children  {'9,10,11,12,13_0': [1, 2], '14,15,16,17,18,19,20_0': [2]}
 Node s  {'1,2': ['9', '10', '11', '12', '13']}
 Enroll USC nodes  ['1', '2']  len  2
 Node TP  SortedDict({1: [0], 2: [1, 2], 3: [3, 4, 5, 6]})
 Unobserved subclones at timepoints  {1.5: [7]}
 ============== Inside finding node v ============ 
 Time  2
 Time  3
 largest_v_mut  [[9, 10, 11, 12, 13, 14, 15, 16, 17, 18, 19, 20]]
 largest_v_mut  []
 Sorted all timepoints  [1, 1.5, 2, 3]
 Timepoint  2
 Inside usc_node check  2
 Timepoint  3
 Node  6  has no parent 
 USC nodes  []
 Node with minimum mutation sets  {1: 3, 2: 7}
0   1   [-1]   subclone   []   []
1   2   [7]   subclone   [9, 10, 11, 12, 13]   [0]
2   2   [7]   subclone   [9, 10, 11, 12, 13, 14, 15, 16, 17, 18, 19, 20]   [7]
3   3   [1]   subclone   [9, 10, 11, 12, 13]   [0]
4   3   [2]   subclone   [9, 10, 11, 12, 13, 14, 15, 16, 17, 18, 19, 20]   [0]
5   3   [2]   subclone   [9, 10, 11, 12, 13, 14, 15, 16, 17, 18, 19, 20, 21, 22, 23, 24, 25, 26, 27, 28, 29, 30, 31, 32]   [12]
6   3   [1]   subclone   [7, 8, 10, 13, 14, 19, 20, 21, 22, 23, 24, 25, 26, 30]   [12]
7   1.5   [0]   unobserved subclone   [9, 10, 11, 12, 13]   [5]
4
 Total estimated FP  103  True negatives  9973
 Total estimated FN  1137  True positives  4627
 Estimated FP rate  0.02178
 Estimated FN rate  0.1
 No. of Cells in each cluster  {'0_2': 56, '0_3': 276, '2_2': 44, '2_3': 28, '1_3': 195, '3_3': 1}
 Cells in each cluster  {'0_2': [0, 1, 2, 3, 4, 5, 6, 7, 8, 9, 10, 11, 12, 13, 14, 15, 16, 17, 18, 19, 20, 21, 22, 23, 24, 25, 26, 27, 28, 29, 30, 31, 32, 33, 34, 35, 36, 37, 38, 39, 40, 41, 42, 43, 44, 45, 46, 47, 48, 49, 50, 51, 52, 53, 54, 75], '0_3': [100, 106, 326, 327, 328, 329, 330, 331, 332, 333, 334, 335, 336, 337, 338, 339, 340, 341, 342, 343, 344, 345, 346, 347, 348, 349, 350, 351, 352, 353, 354, 355, 356, 357, 358, 359, 360, 361, 362, 363, 364, 365, 366, 367, 368, 369, 370, 371, 372, 373, 374, 375, 376, 377, 378, 379, 380, 381, 382, 383, 384, 385, 386, 387, 388, 389, 390, 391, 392, 393, 394, 395, 396, 397, 398, 399, 400, 401, 402, 403, 404, 405, 406, 407, 408, 409, 410, 411, 412, 413, 414, 415, 416, 417, 418, 419, 420, 421, 422, 423, 424, 425, 426, 427, 428, 429, 430, 431, 432, 433, 434, 435, 436, 437, 438, 439, 440, 441, 442, 443, 444, 445, 446, 447, 448, 449, 450, 451, 452, 453, 454, 455, 456, 457, 458, 459, 460, 461, 462, 463, 464, 465, 466, 467, 468, 469, 470, 471, 472, 473, 474, 475, 476, 477, 478, 479, 480, 481, 482, 483, 484, 485, 486, 487, 488, 489, 490, 491, 492, 493, 494, 495, 496, 497, 498, 499, 500, 501, 502, 503, 504, 505, 506, 507, 508, 509, 510, 511, 512, 513, 514, 515, 516, 517, 518, 519, 520, 521, 522, 523, 524, 525, 526, 527, 528, 529, 530, 531, 532, 533, 534, 535, 536, 537, 538, 539, 540, 541, 542, 543, 544, 545, 546, 547, 548, 549, 550, 551, 552, 553, 554, 555, 556, 557, 558, 559, 560, 561, 562, 563, 564, 565, 566, 567, 568, 569, 570, 571, 572, 573, 574, 575, 576, 577, 578, 579, 580, 581, 582, 583, 584, 585, 586, 587, 588, 589, 590, 591, 592, 593, 594, 595, 596, 597, 598, 599], '2_2': [55, 56, 57, 58, 59, 60, 61, 62, 63, 64, 65, 66, 67, 68, 69, 70, 71, 72, 73, 74, 76, 77, 78, 79, 80, 81, 82, 83, 84, 85, 86, 87, 88, 89, 90, 91, 92, 93, 94, 95, 96, 97, 98, 99], '2_3': [101, 102, 103, 104, 105, 107, 108, 109, 110, 111, 112, 113, 114, 115, 116, 117, 118, 119, 120, 121, 122, 123, 124, 125, 126, 127, 128, 129], '1_3': [130, 131, 132, 133, 134, 135, 136, 137, 138, 139, 140, 141, 143, 144, 145, 146, 147, 148, 149, 150, 151, 152, 153, 154, 155, 156, 157, 158, 159, 160, 161, 162, 163, 164, 165, 166, 167, 168, 169, 170, 171, 172, 173, 174, 175, 176, 177, 178, 179, 180, 181, 182, 183, 184, 185, 186, 187, 188, 189, 190, 191, 192, 193, 194, 195, 196, 197, 198, 199, 200, 201, 202, 203, 204, 205, 206, 207, 208, 209, 210, 211, 212, 213, 214, 215, 216, 217, 218, 219, 220, 221, 222, 223, 224, 225, 226, 227, 228, 229, 230, 231, 232, 233, 234, 235, 236, 237, 238, 239, 240, 241, 242, 243, 244, 245, 246, 247, 248, 249, 250, 251, 252, 253, 254, 255, 256, 257, 258, 259, 260, 261, 262, 263, 264, 265, 266, 267, 268, 269, 270, 271, 272, 273, 274, 275, 276, 277, 278, 279, 280, 281, 282, 283, 284, 285, 286, 287, 288, 289, 290, 291, 292, 293, 294, 295, 296, 297, 298, 299, 300, 301, 302, 303, 304, 305, 306, 307, 308, 309, 310, 311, 312, 313, 314, 315, 316, 317, 318, 319, 320, 321, 322, 323, 324, 325], '3_3': [142]}
FP rate  0.02178 FN rate  0.1
 Before reassigning cells 
 Timepoint  2
 Cluster  0  # of cells  56
 Cluster  2  # of cells  44
 Timepoint  3
 Cluster  0  # of cells  276
 Cluster  2  # of cells  29
 Cluster  1  # of cells  193
 Cluster  3  # of cells  2
 Cells absent at timepoint  3   set()
 Cells absent at timepoint  2   set()
 Timepoint  2
 Timepoint  3
 After reassigning and merging cells 
 Timepoint  2
 Cluster  0  # of cells  56
 Cluster  2  # of cells  44
 Timepoint  3
 Cluster  0  # of cells  276
 Cluster  2  # of cells  29
 Cluster  1  # of cells  193
 Cluster  3  # of cells  2
 Tp cluster cell dict  {'0_2': 56, '2_2': 44, '0_3': 276, '2_3': 29, '1_3': 193, '3_3': 2}
 New Graph is here 
 ID  0  Timepoint  1  Mutations  []  Type  subclone
 ID  1  Timepoint  2  Mutations  [9, 10, 11, 12, 13]  Type  subclone
 ID  2  Timepoint  2  Mutations  [9, 10, 11, 12, 13, 14, 15, 16, 17, 18, 19, 20]  Type  subclone
 ID  3  Timepoint  3  Mutations  [9, 10, 11, 12, 13]  Type  subclone
 ID  4  Timepoint  3  Mutations  [9, 10, 11, 12, 13, 14, 15, 16, 17, 18, 19, 20]  Type  subclone
 ID  5  Timepoint  3  Mutations  [9, 10, 11, 12, 13, 14, 15, 16, 17, 18, 19, 20, 21, 22, 23, 24, 25, 26, 27, 28, 29, 30, 31, 32]  Type  subclone
 ID  6  Timepoint  3  Mutations  [0, 8, 9, 10, 11, 12, 13, 14, 15, 16, 17, 18, 19, 20, 21, 22, 23, 24, 25, 26, 27, 28, 29, 30, 31, 32]  Type  subclone
Timepoints  SortedDict({1: [0], 2: [1, 2], 3: [3, 4, 5, 6]})
 Clone to nodes  {'0_2': 1, '2_2': 2, '0_3': 3, '2_3': 4, '1_3': 5, '3_3': 6}
 Timepoint ====  1
 Hash table  {'0,1': [9, 10, 11, 12, 13], '1': [14, 15, 16, 17, 18, 19, 20]}
 Final possible usc  [[9, 10, 11, 12, 13], [14, 15, 16, 17, 18, 19, 20]]
 Time  1  USC keys  {'14,15,16,17,18,19,20_0', '9,10,11,12,13_0'}
 USC children  {'9,10,11,12,13_0': [1, 2], '14,15,16,17,18,19,20_0': [2]}
 USC children  {'9,10,11,12,13_0': [1, 2], '14,15,16,17,18,19,20_0': [2]}
 Timepoint ====  2
 Hash table  {'0,1': [9, 10, 11, 12, 13, 14, 15, 16, 17, 18, 19, 20, 21, 22, 23, 24, 25, 26, 27, 28, 29, 30, 31, 32], '1': [0, 8]}
====== Inside find superset of t nodes ==========
 Final possible usc  [[9, 10, 11, 12, 13, 14, 15, 16, 17, 18, 19, 20, 21, 22, 23, 24, 25, 26, 27, 28, 29, 30, 31, 32]]
 Time  2  USC keys  {'9,10,11,12,13,14,15,16,17,18,19,20,21,22,23,24,25,26,27,28,29,30,31,32_1', '9,10,11,12,13,14,15,16,17,18,19,20,21,22,23,24,25,26,27,28,29,30,31,32_2'}
 USC children  {'9,10,11,12,13_0': [1, 2], '14,15,16,17,18,19,20_0': [2], '9,10,11,12,13,14,15,16,17,18,19,20,21,22,23,24,25,26,27,28,29,30,31,32_1': [5, 6], '9,10,11,12,13,14,15,16,17,18,19,20,21,22,23,24,25,26,27,28,29,30,31,32_2': [5, 6]}
 USC children  {'9,10,11,12,13_0': [1, 2], '14,15,16,17,18,19,20_0': [2], '9,10,11,12,13,14,15,16,17,18,19,20,21,22,23,24,25,26,27,28,29,30,31,32_1': [5, 6], '9,10,11,12,13,14,15,16,17,18,19,20,21,22,23,24,25,26,27,28,29,30,31,32_2': [5, 6]}
 Node s  {'1,2': ['9', '10', '11', '12', '13'], '5,6': ['9', '10', '11', '12', '13', '14', '15', '16', '17', '18', '19', '20', '21', '22', '23', '24', '25', '26', '27', '28', '29', '30', '31', '32']}
 Enroll USC nodes  ['1', '2']  len  2
 Enroll USC nodes  ['5', '6']  len  2
 Node TP  SortedDict({1: [0], 2: [1, 2], 3: [3, 4, 5, 6]})
 Unobserved subclones at timepoints  {1.5: [7], 2.5: [8]}
 ============== Inside finding node v ============ 
 Time  2
 Time  3
 Sorted all timepoints  [1, 1.5, 2, 2.5, 3]
 Timepoint  2
 Inside usc_node check  2
 Timepoint  3
 Inside usc_node check  3
0   1   [-1]   subclone   []   []
1   2   [7]   subclone   [9, 10, 11, 12, 13]   [0]
2   2   [7]   subclone   [9, 10, 11, 12, 13, 14, 15, 16, 17, 18, 19, 20]   [7]
3   3   [1]   subclone   [9, 10, 11, 12, 13]   [0]
4   3   [2]   subclone   [9, 10, 11, 12, 13, 14, 15, 16, 17, 18, 19, 20]   [0]
5   3   [8]   subclone   [9, 10, 11, 12, 13, 14, 15, 16, 17, 18, 19, 20, 21, 22, 23, 24, 25, 26, 27, 28, 29, 30, 31, 32]   [0]
6   3   [8]   subclone   [0, 8, 9, 10, 11, 12, 13, 14, 15, 16, 17, 18, 19, 20, 21, 22, 23, 24, 25, 26, 27, 28, 29, 30, 31, 32]   [2]
7   1.5   [0]   unobserved subclone   [9, 10, 11, 12, 13]   [5]
8   2.5   [1]   unobserved subclone   [9, 10, 11, 12, 13, 14, 15, 16, 17, 18, 19, 20, 21, 22, 23, 24, 25, 26, 27, 28, 29, 30, 31, 32]   [19]
4
 Total estimated FP  103  True negatives  9973
 Total estimated FN  1137  True positives  4627
 Estimated FP rate  0.02178
 Estimated FN rate  0.1
 No. of Cells in each cluster  {'0_2': 56, '0_3': 276, '2_2': 44, '2_3': 28, '1_3': 195, '3_3': 1}
 Cells in each cluster  {'0_2': [0, 1, 2, 3, 4, 5, 6, 7, 8, 9, 10, 11, 12, 13, 14, 15, 16, 17, 18, 19, 20, 21, 22, 23, 24, 25, 26, 27, 28, 29, 30, 31, 32, 33, 34, 35, 36, 37, 38, 39, 40, 41, 42, 43, 44, 45, 46, 47, 48, 49, 50, 51, 52, 53, 54, 75], '0_3': [100, 106, 326, 327, 328, 329, 330, 331, 332, 333, 334, 335, 336, 337, 338, 339, 340, 341, 342, 343, 344, 345, 346, 347, 348, 349, 350, 351, 352, 353, 354, 355, 356, 357, 358, 359, 360, 361, 362, 363, 364, 365, 366, 367, 368, 369, 370, 371, 372, 373, 374, 375, 376, 377, 378, 379, 380, 381, 382, 383, 384, 385, 386, 387, 388, 389, 390, 391, 392, 393, 394, 395, 396, 397, 398, 399, 400, 401, 402, 403, 404, 405, 406, 407, 408, 409, 410, 411, 412, 413, 414, 415, 416, 417, 418, 419, 420, 421, 422, 423, 424, 425, 426, 427, 428, 429, 430, 431, 432, 433, 434, 435, 436, 437, 438, 439, 440, 441, 442, 443, 444, 445, 446, 447, 448, 449, 450, 451, 452, 453, 454, 455, 456, 457, 458, 459, 460, 461, 462, 463, 464, 465, 466, 467, 468, 469, 470, 471, 472, 473, 474, 475, 476, 477, 478, 479, 480, 481, 482, 483, 484, 485, 486, 487, 488, 489, 490, 491, 492, 493, 494, 495, 496, 497, 498, 499, 500, 501, 502, 503, 504, 505, 506, 507, 508, 509, 510, 511, 512, 513, 514, 515, 516, 517, 518, 519, 520, 521, 522, 523, 524, 525, 526, 527, 528, 529, 530, 531, 532, 533, 534, 535, 536, 537, 538, 539, 540, 541, 542, 543, 544, 545, 546, 547, 548, 549, 550, 551, 552, 553, 554, 555, 556, 557, 558, 559, 560, 561, 562, 563, 564, 565, 566, 567, 568, 569, 570, 571, 572, 573, 574, 575, 576, 577, 578, 579, 580, 581, 582, 583, 584, 585, 586, 587, 588, 589, 590, 591, 592, 593, 594, 595, 596, 597, 598, 599], '2_2': [55, 56, 57, 58, 59, 60, 61, 62, 63, 64, 65, 66, 67, 68, 69, 70, 71, 72, 73, 74, 76, 77, 78, 79, 80, 81, 82, 83, 84, 85, 86, 87, 88, 89, 90, 91, 92, 93, 94, 95, 96, 97, 98, 99], '2_3': [101, 102, 103, 104, 105, 107, 108, 109, 110, 111, 112, 113, 114, 115, 116, 117, 118, 119, 120, 121, 122, 123, 124, 125, 126, 127, 128, 129], '1_3': [130, 131, 132, 133, 134, 135, 136, 137, 138, 139, 140, 141, 143, 144, 145, 146, 147, 148, 149, 150, 151, 152, 153, 154, 155, 156, 157, 158, 159, 160, 161, 162, 163, 164, 165, 166, 167, 168, 169, 170, 171, 172, 173, 174, 175, 176, 177, 178, 179, 180, 181, 182, 183, 184, 185, 186, 187, 188, 189, 190, 191, 192, 193, 194, 195, 196, 197, 198, 199, 200, 201, 202, 203, 204, 205, 206, 207, 208, 209, 210, 211, 212, 213, 214, 215, 216, 217, 218, 219, 220, 221, 222, 223, 224, 225, 226, 227, 228, 229, 230, 231, 232, 233, 234, 235, 236, 237, 238, 239, 240, 241, 242, 243, 244, 245, 246, 247, 248, 249, 250, 251, 252, 253, 254, 255, 256, 257, 258, 259, 260, 261, 262, 263, 264, 265, 266, 267, 268, 269, 270, 271, 272, 273, 274, 275, 276, 277, 278, 279, 280, 281, 282, 283, 284, 285, 286, 287, 288, 289, 290, 291, 292, 293, 294, 295, 296, 297, 298, 299, 300, 301, 302, 303, 304, 305, 306, 307, 308, 309, 310, 311, 312, 313, 314, 315, 316, 317, 318, 319, 320, 321, 322, 323, 324, 325], '3_3': [142]}
FP rate  0.02178 FN rate  0.1
 Before reassigning cells 
 Timepoint  2
 Cluster  0  # of cells  56
 Cluster  2  # of cells  44
 Timepoint  3
 Cluster  0  # of cells  276
 Cluster  2  # of cells  29
 Cluster  1  # of cells  194
 Cluster  3  # of cells  1
 Cells absent at timepoint  3   set()
 Cells absent at timepoint  2   set()
 Timepoint  2
 Timepoint  3
 After reassigning and merging cells 
 Timepoint  2
 Cluster  0  # of cells  56
 Cluster  2  # of cells  44
 Timepoint  3
 Cluster  0  # of cells  276
 Cluster  2  # of cells  29
 Cluster  1  # of cells  194
 Cluster  3  # of cells  1
 Tp cluster cell dict  {'0_2': 56, '2_2': 44, '0_3': 276, '2_3': 29, '1_3': 194, '3_3': 1}
 New Graph is here 
 ID  0  Timepoint  1  Mutations  []  Type  subclone
 ID  1  Timepoint  2  Mutations  [9, 10, 11, 12, 13]  Type  subclone
 ID  2  Timepoint  2  Mutations  [9, 10, 11, 12, 13, 14, 15, 16, 17, 18, 19, 20]  Type  subclone
 ID  3  Timepoint  3  Mutations  [9, 10, 11, 12, 13]  Type  subclone
 ID  4  Timepoint  3  Mutations  [9, 10, 11, 12, 13, 14, 15, 16, 17, 18, 19, 20]  Type  subclone
 ID  5  Timepoint  3  Mutations  [9, 10, 11, 12, 13, 14, 15, 16, 17, 18, 19, 20, 21, 22, 23, 24, 25, 26, 27, 28, 29, 30, 31, 32]  Type  subclone
 ID  6  Timepoint  3  Mutations  [7, 8, 10, 13, 14, 19, 20, 21, 22, 23, 24, 25, 26, 30, 32]  Type  subclone
Timepoints  SortedDict({1: [0], 2: [1, 2], 3: [3, 4, 5, 6]})
 Clone to nodes  {'0_2': 1, '2_2': 2, '0_3': 3, '2_3': 4, '1_3': 5, '3_3': 6}
 Timepoint ====  1
 Hash table  {'0,1': [9, 10, 11, 12, 13], '1': [14, 15, 16, 17, 18, 19, 20]}
 Final possible usc  [[9, 10, 11, 12, 13], [14, 15, 16, 17, 18, 19, 20]]
 Time  1  USC keys  {'9,10,11,12,13_0', '14,15,16,17,18,19,20_0'}
 USC children  {'9,10,11,12,13_0': [1, 2], '14,15,16,17,18,19,20_0': [2]}
 USC children  {'9,10,11,12,13_0': [1, 2], '14,15,16,17,18,19,20_0': [2]}
 Timepoint ====  2
 Hash table  {'0': [9, 11, 12, 15, 16, 17, 18, 27, 28, 29, 31], '0,1': [10, 13, 14, 19, 20, 21, 22, 23, 24, 25, 26, 30, 32], '1': [7, 8]}
====== Inside find superset of t nodes ==========
 Final possible usc  []
 Time  2  USC keys  set()
 USC children  {'9,10,11,12,13_0': [1, 2], '14,15,16,17,18,19,20_0': [2]}
 USC children  {'9,10,11,12,13_0': [1, 2], '14,15,16,17,18,19,20_0': [2]}
 Node s  {'1,2': ['9', '10', '11', '12', '13']}
 Enroll USC nodes  ['1', '2']  len  2
 Node TP  SortedDict({1: [0], 2: [1, 2], 3: [3, 4, 5, 6]})
 Unobserved subclones at timepoints  {1.5: [7]}
 ============== Inside finding node v ============ 
 Time  2
 Time  3
 largest_v_mut  [[9, 10, 11, 12, 13, 14, 15, 16, 17, 18, 19, 20]]
 largest_v_mut  []
 Sorted all timepoints  [1, 1.5, 2, 3]
 Timepoint  2
 Inside usc_node check  2
 Timepoint  3
 Node  6  has no parent 
 USC nodes  []
 Node with minimum mutation sets  {1: 3, 2: 7}
0   1   [-1]   subclone   []   []
1   2   [7]   subclone   [9, 10, 11, 12, 13]   [0]
2   2   [7]   subclone   [9, 10, 11, 12, 13, 14, 15, 16, 17, 18, 19, 20]   [7]
3   3   [1]   subclone   [9, 10, 11, 12, 13]   [0]
4   3   [2]   subclone   [9, 10, 11, 12, 13, 14, 15, 16, 17, 18, 19, 20]   [0]
5   3   [2]   subclone   [9, 10, 11, 12, 13, 14, 15, 16, 17, 18, 19, 20, 21, 22, 23, 24, 25, 26, 27, 28, 29, 30, 31, 32]   [12]
6   3   [1]   subclone   [7, 8, 10, 13, 14, 19, 20, 21, 22, 23, 24, 25, 26, 30, 32]   [13]
7   1.5   [0]   unobserved subclone   [9, 10, 11, 12, 13]   [5]
4
 Total estimated FP  103  True negatives  9973
 Total estimated FN  1137  True positives  4627
 Estimated FP rate  0.02178
 Estimated FN rate  0.1
 No. of Cells in each cluster  {'0_2': 56, '0_3': 276, '2_2': 44, '2_3': 28, '1_3': 195, '3_3': 1}
 Cells in each cluster  {'0_2': [0, 1, 2, 3, 4, 5, 6, 7, 8, 9, 10, 11, 12, 13, 14, 15, 16, 17, 18, 19, 20, 21, 22, 23, 24, 25, 26, 27, 28, 29, 30, 31, 32, 33, 34, 35, 36, 37, 38, 39, 40, 41, 42, 43, 44, 45, 46, 47, 48, 49, 50, 51, 52, 53, 54, 75], '0_3': [100, 106, 326, 327, 328, 329, 330, 331, 332, 333, 334, 335, 336, 337, 338, 339, 340, 341, 342, 343, 344, 345, 346, 347, 348, 349, 350, 351, 352, 353, 354, 355, 356, 357, 358, 359, 360, 361, 362, 363, 364, 365, 366, 367, 368, 369, 370, 371, 372, 373, 374, 375, 376, 377, 378, 379, 380, 381, 382, 383, 384, 385, 386, 387, 388, 389, 390, 391, 392, 393, 394, 395, 396, 397, 398, 399, 400, 401, 402, 403, 404, 405, 406, 407, 408, 409, 410, 411, 412, 413, 414, 415, 416, 417, 418, 419, 420, 421, 422, 423, 424, 425, 426, 427, 428, 429, 430, 431, 432, 433, 434, 435, 436, 437, 438, 439, 440, 441, 442, 443, 444, 445, 446, 447, 448, 449, 450, 451, 452, 453, 454, 455, 456, 457, 458, 459, 460, 461, 462, 463, 464, 465, 466, 467, 468, 469, 470, 471, 472, 473, 474, 475, 476, 477, 478, 479, 480, 481, 482, 483, 484, 485, 486, 487, 488, 489, 490, 491, 492, 493, 494, 495, 496, 497, 498, 499, 500, 501, 502, 503, 504, 505, 506, 507, 508, 509, 510, 511, 512, 513, 514, 515, 516, 517, 518, 519, 520, 521, 522, 523, 524, 525, 526, 527, 528, 529, 530, 531, 532, 533, 534, 535, 536, 537, 538, 539, 540, 541, 542, 543, 544, 545, 546, 547, 548, 549, 550, 551, 552, 553, 554, 555, 556, 557, 558, 559, 560, 561, 562, 563, 564, 565, 566, 567, 568, 569, 570, 571, 572, 573, 574, 575, 576, 577, 578, 579, 580, 581, 582, 583, 584, 585, 586, 587, 588, 589, 590, 591, 592, 593, 594, 595, 596, 597, 598, 599], '2_2': [55, 56, 57, 58, 59, 60, 61, 62, 63, 64, 65, 66, 67, 68, 69, 70, 71, 72, 73, 74, 76, 77, 78, 79, 80, 81, 82, 83, 84, 85, 86, 87, 88, 89, 90, 91, 92, 93, 94, 95, 96, 97, 98, 99], '2_3': [101, 102, 103, 104, 105, 107, 108, 109, 110, 111, 112, 113, 114, 115, 116, 117, 118, 119, 120, 121, 122, 123, 124, 125, 126, 127, 128, 129], '1_3': [130, 131, 132, 133, 134, 135, 136, 137, 138, 139, 140, 141, 143, 144, 145, 146, 147, 148, 149, 150, 151, 152, 153, 154, 155, 156, 157, 158, 159, 160, 161, 162, 163, 164, 165, 166, 167, 168, 169, 170, 171, 172, 173, 174, 175, 176, 177, 178, 179, 180, 181, 182, 183, 184, 185, 186, 187, 188, 189, 190, 191, 192, 193, 194, 195, 196, 197, 198, 199, 200, 201, 202, 203, 204, 205, 206, 207, 208, 209, 210, 211, 212, 213, 214, 215, 216, 217, 218, 219, 220, 221, 222, 223, 224, 225, 226, 227, 228, 229, 230, 231, 232, 233, 234, 235, 236, 237, 238, 239, 240, 241, 242, 243, 244, 245, 246, 247, 248, 249, 250, 251, 252, 253, 254, 255, 256, 257, 258, 259, 260, 261, 262, 263, 264, 265, 266, 267, 268, 269, 270, 271, 272, 273, 274, 275, 276, 277, 278, 279, 280, 281, 282, 283, 284, 285, 286, 287, 288, 289, 290, 291, 292, 293, 294, 295, 296, 297, 298, 299, 300, 301, 302, 303, 304, 305, 306, 307, 308, 309, 310, 311, 312, 313, 314, 315, 316, 317, 318, 319, 320, 321, 322, 323, 324, 325], '3_3': [142]}
FP rate  0.02178 FN rate  0.1
 Before reassigning cells 
 Timepoint  2
 Cluster  0  # of cells  56
 Cluster  2  # of cells  44
 Timepoint  3
 Cluster  0  # of cells  276
 Cluster  2  # of cells  29
 Cluster  1  # of cells  194
 Cluster  3  # of cells  1
 Cells absent at timepoint  3   set()
 Cells absent at timepoint  2   set()
 Timepoint  2
 Timepoint  3
 After reassigning and merging cells 
 Timepoint  2
 Cluster  0  # of cells  56
 Cluster  2  # of cells  44
 Timepoint  3
 Cluster  0  # of cells  276
 Cluster  2  # of cells  29
 Cluster  1  # of cells  194
 Cluster  3  # of cells  1
 Tp cluster cell dict  {'0_2': 56, '2_2': 44, '0_3': 276, '2_3': 29, '1_3': 194, '3_3': 1}
 New Graph is here 
 ID  0  Timepoint  1  Mutations  []  Type  subclone
 ID  1  Timepoint  2  Mutations  [9, 10, 11, 12, 13]  Type  subclone
 ID  2  Timepoint  2  Mutations  [9, 10, 11, 12, 13, 14, 15, 16, 17, 18, 19, 20]  Type  subclone
 ID  3  Timepoint  3  Mutations  [9, 10, 11, 12, 13]  Type  subclone
 ID  4  Timepoint  3  Mutations  [9, 10, 11, 12, 13, 14, 15, 16, 17, 18, 19, 20]  Type  subclone
 ID  5  Timepoint  3  Mutations  [9, 10, 11, 12, 13, 14, 15, 16, 17, 18, 19, 20, 21, 22, 23, 24, 25, 26, 27, 28, 29, 30, 31, 32]  Type  subclone
 ID  6  Timepoint  3  Mutations  [0, 6, 7, 8, 10, 12, 13, 14, 17, 19, 20, 21, 23, 24, 25, 26, 30, 31, 32]  Type  subclone
Timepoints  SortedDict({1: [0], 2: [1, 2], 3: [3, 4, 5, 6]})
 Clone to nodes  {'0_2': 1, '2_2': 2, '0_3': 3, '2_3': 4, '1_3': 5, '3_3': 6}
 Timepoint ====  1
 Hash table  {'0,1': [9, 10, 11, 12, 13], '1': [14, 15, 16, 17, 18, 19, 20]}
 Final possible usc  [[9, 10, 11, 12, 13], [14, 15, 16, 17, 18, 19, 20]]
 Time  1  USC keys  {'9,10,11,12,13_0', '14,15,16,17,18,19,20_0'}
 USC children  {'9,10,11,12,13_0': [1, 2], '14,15,16,17,18,19,20_0': [2]}
 USC children  {'9,10,11,12,13_0': [1, 2], '14,15,16,17,18,19,20_0': [2]}
 Timepoint ====  2
 Hash table  {'0': [9, 11, 15, 16, 18, 22, 27, 28, 29], '0,1': [10, 12, 13, 14, 17, 19, 20, 21, 23, 24, 25, 26, 30, 31, 32], '1': [0, 6, 7, 8]}
====== Inside find superset of t nodes ==========
 Final possible usc  []
 Time  2  USC keys  set()
 USC children  {'9,10,11,12,13_0': [1, 2], '14,15,16,17,18,19,20_0': [2]}
 USC children  {'9,10,11,12,13_0': [1, 2], '14,15,16,17,18,19,20_0': [2]}
 Node s  {'1,2': ['9', '10', '11', '12', '13']}
 Enroll USC nodes  ['1', '2']  len  2
 Node TP  SortedDict({1: [0], 2: [1, 2], 3: [3, 4, 5, 6]})
 Unobserved subclones at timepoints  {1.5: [7]}
 ============== Inside finding node v ============ 
 Time  2
 Time  3
 largest_v_mut  [[9, 10, 11, 12, 13, 14, 15, 16, 17, 18, 19, 20]]
 largest_v_mut  []
 Sorted all timepoints  [1, 1.5, 2, 3]
 Timepoint  2
 Inside usc_node check  2
 Timepoint  3
 Node  6  has no parent 
 USC nodes  []
 Node with minimum mutation sets  {1: 2, 2: 5}
0   1   [-1]   subclone   []   []
1   2   [7]   subclone   [9, 10, 11, 12, 13]   [0]
2   2   [7]   subclone   [9, 10, 11, 12, 13, 14, 15, 16, 17, 18, 19, 20]   [7]
3   3   [1]   subclone   [9, 10, 11, 12, 13]   [0]
4   3   [2]   subclone   [9, 10, 11, 12, 13, 14, 15, 16, 17, 18, 19, 20]   [0]
5   3   [2]   subclone   [9, 10, 11, 12, 13, 14, 15, 16, 17, 18, 19, 20, 21, 22, 23, 24, 25, 26, 27, 28, 29, 30, 31, 32]   [12]
6   3   [1]   subclone   [0, 6, 7, 8, 10, 12, 13, 14, 17, 19, 20, 21, 23, 24, 25, 26, 30, 31, 32]   [16]
7   1.5   [0]   unobserved subclone   [9, 10, 11, 12, 13]   [5]
4
 Total estimated FP  103  True negatives  9973
 Total estimated FN  1137  True positives  4627
 Estimated FP rate  0.02178
 Estimated FN rate  0.1
 No. of Cells in each cluster  {'1_2': 56, '1_3': 276, '2_2': 44, '2_3': 28, '0_3': 195, '3_3': 1}
 Cells in each cluster  {'1_2': [0, 1, 2, 3, 4, 5, 6, 7, 8, 9, 10, 11, 12, 13, 14, 15, 16, 17, 18, 19, 20, 21, 22, 23, 24, 25, 26, 27, 28, 29, 30, 31, 32, 33, 34, 35, 36, 37, 38, 39, 40, 41, 42, 43, 44, 45, 46, 47, 48, 49, 50, 51, 52, 53, 54, 75], '1_3': [100, 106, 326, 327, 328, 329, 330, 331, 332, 333, 334, 335, 336, 337, 338, 339, 340, 341, 342, 343, 344, 345, 346, 347, 348, 349, 350, 351, 352, 353, 354, 355, 356, 357, 358, 359, 360, 361, 362, 363, 364, 365, 366, 367, 368, 369, 370, 371, 372, 373, 374, 375, 376, 377, 378, 379, 380, 381, 382, 383, 384, 385, 386, 387, 388, 389, 390, 391, 392, 393, 394, 395, 396, 397, 398, 399, 400, 401, 402, 403, 404, 405, 406, 407, 408, 409, 410, 411, 412, 413, 414, 415, 416, 417, 418, 419, 420, 421, 422, 423, 424, 425, 426, 427, 428, 429, 430, 431, 432, 433, 434, 435, 436, 437, 438, 439, 440, 441, 442, 443, 444, 445, 446, 447, 448, 449, 450, 451, 452, 453, 454, 455, 456, 457, 458, 459, 460, 461, 462, 463, 464, 465, 466, 467, 468, 469, 470, 471, 472, 473, 474, 475, 476, 477, 478, 479, 480, 481, 482, 483, 484, 485, 486, 487, 488, 489, 490, 491, 492, 493, 494, 495, 496, 497, 498, 499, 500, 501, 502, 503, 504, 505, 506, 507, 508, 509, 510, 511, 512, 513, 514, 515, 516, 517, 518, 519, 520, 521, 522, 523, 524, 525, 526, 527, 528, 529, 530, 531, 532, 533, 534, 535, 536, 537, 538, 539, 540, 541, 542, 543, 544, 545, 546, 547, 548, 549, 550, 551, 552, 553, 554, 555, 556, 557, 558, 559, 560, 561, 562, 563, 564, 565, 566, 567, 568, 569, 570, 571, 572, 573, 574, 575, 576, 577, 578, 579, 580, 581, 582, 583, 584, 585, 586, 587, 588, 589, 590, 591, 592, 593, 594, 595, 596, 597, 598, 599], '2_2': [55, 56, 57, 58, 59, 60, 61, 62, 63, 64, 65, 66, 67, 68, 69, 70, 71, 72, 73, 74, 76, 77, 78, 79, 80, 81, 82, 83, 84, 85, 86, 87, 88, 89, 90, 91, 92, 93, 94, 95, 96, 97, 98, 99], '2_3': [101, 102, 103, 104, 105, 107, 108, 109, 110, 111, 112, 113, 114, 115, 116, 117, 118, 119, 120, 121, 122, 123, 124, 125, 126, 127, 128, 129], '0_3': [130, 131, 132, 133, 134, 135, 136, 137, 138, 139, 140, 141, 143, 144, 145, 146, 147, 148, 149, 150, 151, 152, 153, 154, 155, 156, 157, 158, 159, 160, 161, 162, 163, 164, 165, 166, 167, 168, 169, 170, 171, 172, 173, 174, 175, 176, 177, 178, 179, 180, 181, 182, 183, 184, 185, 186, 187, 188, 189, 190, 191, 192, 193, 194, 195, 196, 197, 198, 199, 200, 201, 202, 203, 204, 205, 206, 207, 208, 209, 210, 211, 212, 213, 214, 215, 216, 217, 218, 219, 220, 221, 222, 223, 224, 225, 226, 227, 228, 229, 230, 231, 232, 233, 234, 235, 236, 237, 238, 239, 240, 241, 242, 243, 244, 245, 246, 247, 248, 249, 250, 251, 252, 253, 254, 255, 256, 257, 258, 259, 260, 261, 262, 263, 264, 265, 266, 267, 268, 269, 270, 271, 272, 273, 274, 275, 276, 277, 278, 279, 280, 281, 282, 283, 284, 285, 286, 287, 288, 289, 290, 291, 292, 293, 294, 295, 296, 297, 298, 299, 300, 301, 302, 303, 304, 305, 306, 307, 308, 309, 310, 311, 312, 313, 314, 315, 316, 317, 318, 319, 320, 321, 322, 323, 324, 325], '3_3': [142]}
FP rate  0.02178 FN rate  0.1
 Before reassigning cells 
 Timepoint  2
 Cluster  1  # of cells  56
 Cluster  2  # of cells  44
 Timepoint  3
 Cluster  1  # of cells  276
 Cluster  2  # of cells  29
 Cluster  0  # of cells  194
 Cluster  3  # of cells  1
 Cells absent at timepoint  2   set()
 Cells absent at timepoint  3   set()
 Timepoint  2
 Timepoint  3
 After reassigning and merging cells 
 Timepoint  2
 Cluster  1  # of cells  56
 Cluster  2  # of cells  44
 Timepoint  3
 Cluster  1  # of cells  276
 Cluster  2  # of cells  29
 Cluster  0  # of cells  194
 Cluster  3  # of cells  1
 Tp cluster cell dict  {'1_2': 56, '2_2': 44, '1_3': 276, '2_3': 29, '0_3': 194, '3_3': 1}
 New Graph is here 
 ID  0  Timepoint  1  Mutations  []  Type  subclone
 ID  1  Timepoint  2  Mutations  [9, 10, 11, 12, 13]  Type  subclone
 ID  2  Timepoint  2  Mutations  [9, 10, 11, 12, 13, 14, 15, 16, 17, 18, 19, 20]  Type  subclone
 ID  3  Timepoint  3  Mutations  [9, 10, 11, 12, 13]  Type  subclone
 ID  4  Timepoint  3  Mutations  [9, 10, 11, 12, 13, 14, 15, 16, 17, 18, 19, 20]  Type  subclone
 ID  5  Timepoint  3  Mutations  [9, 10, 11, 12, 13, 14, 15, 16, 17, 18, 19, 20, 21, 22, 23, 24, 25, 26, 27, 28, 29, 30, 31, 32]  Type  subclone
 ID  6  Timepoint  3  Mutations  [6, 7, 8, 10, 12, 13, 14, 19, 20, 21, 22, 23, 24, 25, 26, 30, 31, 32]  Type  subclone
Timepoints  SortedDict({1: [0], 2: [1, 2], 3: [3, 4, 5, 6]})
 Clone to nodes  {'1_2': 1, '2_2': 2, '1_3': 3, '2_3': 4, '0_3': 5, '3_3': 6}
 Timepoint ====  1
 Hash table  {'0,1': [9, 10, 11, 12, 13], '1': [14, 15, 16, 17, 18, 19, 20]}
 Final possible usc  [[9, 10, 11, 12, 13], [14, 15, 16, 17, 18, 19, 20]]
 Time  1  USC keys  {'9,10,11,12,13_0', '14,15,16,17,18,19,20_0'}
 USC children  {'9,10,11,12,13_0': [1, 2], '14,15,16,17,18,19,20_0': [2]}
 USC children  {'9,10,11,12,13_0': [1, 2], '14,15,16,17,18,19,20_0': [2]}
 Timepoint ====  2
 Hash table  {'0': [9, 11, 15, 16, 17, 18, 27, 28, 29], '0,1': [10, 12, 13, 14, 19, 20, 21, 22, 23, 24, 25, 26, 30, 31, 32], '1': [6, 7, 8]}
====== Inside find superset of t nodes ==========
 Final possible usc  []
 Time  2  USC keys  set()
 USC children  {'9,10,11,12,13_0': [1, 2], '14,15,16,17,18,19,20_0': [2]}
 USC children  {'9,10,11,12,13_0': [1, 2], '14,15,16,17,18,19,20_0': [2]}
 Node s  {'1,2': ['9', '10', '11', '12', '13']}
 Enroll USC nodes  ['1', '2']  len  2
 Node TP  SortedDict({1: [0], 2: [1, 2], 3: [3, 4, 5, 6]})
 Unobserved subclones at timepoints  {1.5: [7]}
 ============== Inside finding node v ============ 
 Time  2
 Time  3
 largest_v_mut  [[9, 10, 11, 12, 13, 14, 15, 16, 17, 18, 19, 20]]
 largest_v_mut  []
 Sorted all timepoints  [1, 1.5, 2, 3]
 Timepoint  2
 Inside usc_node check  2
 Timepoint  3
 Node  6  has no parent 
 USC nodes  []
 Node with minimum mutation sets  {1: 2, 2: 6}
0   1   [-1]   subclone   []   []
1   2   [7]   subclone   [9, 10, 11, 12, 13]   [0]
2   2   [7]   subclone   [9, 10, 11, 12, 13, 14, 15, 16, 17, 18, 19, 20]   [7]
3   3   [1]   subclone   [9, 10, 11, 12, 13]   [0]
4   3   [2]   subclone   [9, 10, 11, 12, 13, 14, 15, 16, 17, 18, 19, 20]   [0]
5   3   [2]   subclone   [9, 10, 11, 12, 13, 14, 15, 16, 17, 18, 19, 20, 21, 22, 23, 24, 25, 26, 27, 28, 29, 30, 31, 32]   [12]
6   3   [1]   subclone   [6, 7, 8, 10, 12, 13, 14, 19, 20, 21, 22, 23, 24, 25, 26, 30, 31, 32]   [15]
7   1.5   [0]   unobserved subclone   [9, 10, 11, 12, 13]   [5]
 List of tree files  ['all_trees/theta3_rep4_m1_tree.csv', 'all_trees/theta3_rep4_m2_tree.csv', 'all_trees/theta3_rep4_m3_tree.csv', 'all_trees/theta3_rep4_m4_tree.csv', 'all_trees/theta3_rep4_m5_tree.csv']
{'1': ['9', '10', '11', '12', '13'], '2': ['9', '10', '11', '12', '13', '14', '15', '16', '17', '18', '19', '20'], '3': ['9', '10', '11', '12', '13'], '4': ['9', '10', '11', '12', '13', '14', '15', '16', '17', '18', '19', '20'], '5': ['9', '10', '11', '12', '13', '14', '15', '16', '17', '18', '19', '20', '21', '22', '23', '24', '25', '26', '27', '28', '29', '30', '31', '32'], '6': ['7', '8', '10', '13', '14', '19', '20', '21', '22', '23', '24', '25', '26', '30'], '7': ['9', '10', '11', '12', '13']}
 Actual mutation of  1   []
 Actual mutation of  2   ['20', '15', '19', '16', '17', '14', '18']
 Actual mutation of  3   []
 Actual mutation of  4   []
 Actual mutation of  5   ['21', '30', '28', '31', '27', '23', '25', '29', '24', '32', '22', '26']
 Actual mutation of  6   ['21', '30', '20', '23', '14', '25', '8', '24', '22', '7', '26', '19']
 Updated node mutation  {'1': [], '2': ['20', '15', '19', '16', '17', '14', '18'], '3': [], '4': [], '5': ['21', '30', '28', '31', '27', '23', '25', '29', '24', '32', '22', '26'], '6': ['21', '30', '20', '23', '14', '25', '8', '24', '22', '7', '26', '19'], '7': ['9', '10', '11', '12', '13']}
{'1': ['9', '10', '11', '12', '13'], '2': ['9', '10', '11', '12', '13', '14', '15', '16', '17', '18', '19', '20'], '3': ['9', '10', '11', '12', '13'], '4': ['9', '10', '11', '12', '13', '14', '15', '16', '17', '18', '19', '20'], '5': ['9', '10', '11', '12', '13', '14', '15', '16', '17', '18', '19', '20', '21', '22', '23', '24', '25', '26', '27', '28', '29', '30', '31', '32'], '6': ['0', '8', '9', '10', '11', '12', '13', '14', '15', '16', '17', '18', '19', '20', '21', '22', '23', '24', '25', '26', '27', '28', '29', '30', '31', '32'], '7': ['9', '10', '11', '12', '13'], '8': ['9', '10', '11', '12', '13', '14', '15', '16', '17', '18', '19', '20', '21', '22', '23', '24', '25', '26', '27', '28', '29', '30', '31', '32']}
 Actual mutation of  1   []
 Actual mutation of  2   ['20', '15', '19', '16', '17', '14', '18']
 Actual mutation of  3   []
 Actual mutation of  4   []
 Actual mutation of  5   []
 Actual mutation of  6   ['0', '8']
 Actual mutation of  8   ['21', '30', '20', '15', '25', '29', '17', '26', '14', '28', '31', '27', '23', '16', '24', '18', '32', '22', '19']
 Updated node mutation  {'1': [], '2': ['20', '15', '19', '16', '17', '14', '18'], '3': [], '4': [], '5': [], '6': ['0', '8'], '7': ['9', '10', '11', '12', '13'], '8': ['21', '30', '20', '15', '25', '29', '17', '26', '14', '28', '31', '27', '23', '16', '24', '18', '32', '22', '19']}
{'1': ['9', '10', '11', '12', '13'], '2': ['9', '10', '11', '12', '13', '14', '15', '16', '17', '18', '19', '20'], '3': ['9', '10', '11', '12', '13'], '4': ['9', '10', '11', '12', '13', '14', '15', '16', '17', '18', '19', '20'], '5': ['9', '10', '11', '12', '13', '14', '15', '16', '17', '18', '19', '20', '21', '22', '23', '24', '25', '26', '27', '28', '29', '30', '31', '32'], '6': ['7', '8', '10', '13', '14', '19', '20', '21', '22', '23', '24', '25', '26', '30', '32'], '7': ['9', '10', '11', '12', '13']}
 Actual mutation of  1   []
 Actual mutation of  2   ['20', '15', '19', '16', '17', '14', '18']
 Actual mutation of  3   []
 Actual mutation of  4   []
 Actual mutation of  5   ['21', '30', '28', '31', '27', '23', '25', '29', '24', '32', '22', '26']
 Actual mutation of  6   ['21', '30', '20', '23', '14', '25', '8', '24', '32', '22', '7', '26', '19']
 Updated node mutation  {'1': [], '2': ['20', '15', '19', '16', '17', '14', '18'], '3': [], '4': [], '5': ['21', '30', '28', '31', '27', '23', '25', '29', '24', '32', '22', '26'], '6': ['21', '30', '20', '23', '14', '25', '8', '24', '32', '22', '7', '26', '19'], '7': ['9', '10', '11', '12', '13']}
{'1': ['9', '10', '11', '12', '13'], '2': ['9', '10', '11', '12', '13', '14', '15', '16', '17', '18', '19', '20'], '3': ['9', '10', '11', '12', '13'], '4': ['9', '10', '11', '12', '13', '14', '15', '16', '17', '18', '19', '20'], '5': ['9', '10', '11', '12', '13', '14', '15', '16', '17', '18', '19', '20', '21', '22', '23', '24', '25', '26', '27', '28', '29', '30', '31', '32'], '6': ['0', '6', '7', '8', '10', '12', '13', '14', '17', '19', '20', '21', '23', '24', '25', '26', '30', '31', '32'], '7': ['9', '10', '11', '12', '13']}
 Actual mutation of  1   []
 Actual mutation of  2   ['20', '15', '19', '16', '17', '14', '18']
 Actual mutation of  3   []
 Actual mutation of  4   []
 Actual mutation of  5   ['21', '30', '28', '31', '27', '23', '25', '29', '24', '32', '22', '26']
 Actual mutation of  6   ['21', '30', '31', '0', '20', '23', '6', '17', '14', '25', '8', '24', '32', '7', '26', '19']
 Updated node mutation  {'1': [], '2': ['20', '15', '19', '16', '17', '14', '18'], '3': [], '4': [], '5': ['21', '30', '28', '31', '27', '23', '25', '29', '24', '32', '22', '26'], '6': ['21', '30', '31', '0', '20', '23', '6', '17', '14', '25', '8', '24', '32', '7', '26', '19'], '7': ['9', '10', '11', '12', '13']}
{'1': ['9', '10', '11', '12', '13'], '2': ['9', '10', '11', '12', '13', '14', '15', '16', '17', '18', '19', '20'], '3': ['9', '10', '11', '12', '13'], '4': ['9', '10', '11', '12', '13', '14', '15', '16', '17', '18', '19', '20'], '5': ['9', '10', '11', '12', '13', '14', '15', '16', '17', '18', '19', '20', '21', '22', '23', '24', '25', '26', '27', '28', '29', '30', '31', '32'], '6': ['6', '7', '8', '10', '12', '13', '14', '19', '20', '21', '22', '23', '24', '25', '26', '30', '31', '32'], '7': ['9', '10', '11', '12', '13']}
 Actual mutation of  1   []
 Actual mutation of  2   ['20', '15', '19', '16', '17', '14', '18']
 Actual mutation of  3   []
 Actual mutation of  4   []
 Actual mutation of  5   ['21', '30', '28', '31', '27', '23', '25', '29', '24', '32', '22', '26']
 Actual mutation of  6   ['21', '30', '31', '20', '23', '6', '14', '25', '8', '24', '32', '22', '7', '26', '19']
 Updated node mutation  {'1': [], '2': ['20', '15', '19', '16', '17', '14', '18'], '3': [], '4': [], '5': ['21', '30', '28', '31', '27', '23', '25', '29', '24', '32', '22', '26'], '6': ['21', '30', '31', '20', '23', '6', '14', '25', '8', '24', '32', '22', '7', '26', '19'], '7': ['9', '10', '11', '12', '13']}
 Parallel mutation count  {'m1': 10, 'm2': 7, 'm3': 11, 'm4': 12, 'm5': 12}
 Clusters with least parallel mutations  ['m2']
 Best tree path  theta3_rep4_m2_tree.csv
