
DPMM with:
	600 cells
	38 mutations
	learning errors

	Priors:
	params.:	Beta(0.25,0.25)
	CRP a_0:	Gamma(24.49,1)
	FP:		trunc norm(0.01,0.01)
	FN:		trunc norm(0.2,0.1)

Move probabilitites:
	Split/merge:	0.33
		split/merge ratio:	[0.75, 0.25]
		intermediate Gibbs:	3
	CRP a_0 update:	0.25
	Errors update:	0.25

Run MCMC with (1 chains for 5000 steps):

Clustering time:	0:18:52.230407	(0.23 secs. per MCMC step)	Lugsail PSRF:		1.00750

Chain mean - posterior clusters	(#4):
	4 clusters

	A: 351 items
	B: 172 items
	C: 76 items
	D: 1 items

Inferred latent variables	--	chain mean - posterior
	CRP a_0:	100.4 +- 18.2
	FP (model|genotypes): 1.8E-03 +- 1.1E-03	|	6.9E-03
	FN (model|genotypes): 0.131   +- 0.012	|	0.140

Writing output to: ./sim_output/mp3/rep2/m5

Too many cells to plot genotypes/clusters
