
DPMM with:
	600 cells
	50 mutations
	learning errors

	Priors:
	params.:	Beta(0.25,0.25)
	CRP a_0:	Gamma(24.49,1)
	FP:		trunc norm(0.01,0.01)
	FN:		trunc norm(0.2,0.1)

Move probabilitites:
	Split/merge:	0.33
		split/merge ratio:	[0.75, 0.25]
		intermediate Gibbs:	3
	CRP a_0 update:	0.25
	Errors update:	0.25

Run MCMC with (1 chains for 5000 steps):

Clustering time:	0:23:57.849080	(0.29 secs. per MCMC step)	Lugsail PSRF:		1.00743

Chain mean - posterior clusters	(#3):
	3 clusters

	A: 450 items
	B: 50 items
	C: 100 items

Inferred latent variables	--	chain mean - posterior
	CRP a_0:	98.0 +- 19.0
	FP (model|genotypes): 2.3E-03 +- 9.6E-04	|	8.0E-03
	FN (model|genotypes): 0.234   +- 0.017	|	0.239

Writing output to: ./sim_output/bp3/rep5/m4

Too many cells to plot genotypes/clusters
