
DPMM with:
	600 cells
	43 mutations
	learning errors

	Priors:
	params.:	Beta(0.25,0.25)
	CRP a_0:	Gamma(24.49,1)
	FP:		trunc norm(0.01,0.01)
	FN:		trunc norm(0.2,0.1)

Move probabilitites:
	Split/merge:	0.33
		split/merge ratio:	[0.75, 0.25]
		intermediate Gibbs:	3
	CRP a_0 update:	0.25
	Errors update:	0.25

Run MCMC with (1 chains for 5000 steps):

Clustering time:	0:18:41.337480	(0.22 secs. per MCMC step)	Lugsail PSRF:		1.00976

Chain mean - posterior clusters	(#14):
	14 clusters

	A: 326 items
	B: 100 items
	C: 17 items
	D: 33 items
	E: 14 items
	F: 8 items
	G: 25 items
	H: 1 items
	I: 1 items
	J: 1 items
	K: 1 items
	L: 1 items
	M: 69 items
	N: 3 items

Inferred latent variables	--	chain mean - posterior
	CRP a_0:	107.8 +- 20.1
	FP (model|genotypes): 2.0E-03 +- 9.5E-04	|	7.9E-03
	FN (model|genotypes): 0.284   +- 0.013	|	0.316

Writing output to: ./sim_output/bp4/rep4/m5

Too many cells to plot genotypes/clusters
