
DPMM with:
	600 cells
	55 mutations
	learning errors

	Priors:
	params.:	Beta(0.25,0.25)
	CRP a_0:	Gamma(24.49,1)
	FP:		trunc norm(0.01,0.01)
	FN:		trunc norm(0.2,0.1)

Move probabilitites:
	Split/merge:	0.33
		split/merge ratio:	[0.75, 0.25]
		intermediate Gibbs:	3
	CRP a_0 update:	0.25
	Errors update:	0.25

Run MCMC with (1 chains for 5000 steps):

Clustering time:	0:14:55.642793	(0.18 secs. per MCMC step)	Lugsail PSRF:		1.00869

Chain mean - posterior clusters	(#25):
	25 clusters

	A: 430 items
	B: 10 items
	C: 11 items
	D: 8 items
	E: 19 items
	F: 11 items
	G: 3 items
	H: 5 items
	I: 6 items
	J: 5 items
	K: 7 items
	L: 9 items
	M: 6 items
	N: 6 items
	O: 5 items
	P: 3 items
	Q: 6 items
	R: 3 items
	S: 2 items
	T: 6 items
	U: 6 items
	V: 2 items
	W: 7 items
	X: 19 items
	Y: 5 items

Inferred latent variables	--	chain mean - posterior
	CRP a_0:	100.6 +- 19.2
	FP (model|genotypes): 1.6E-03 +- 9.5E-04	|	8.4E-03
	FN (model|genotypes): 0.172   +- 0.022	|	0.165

Writing output to: ./sim_output/theta5/rep3/m4

Too many cells to plot genotypes/clusters
