6
 Total estimated FP  147  True negatives  14624
 Total estimated FN  1843  True positives  7386
 Estimated FP rate  0.01951
 Estimated FN rate  0.11
 No. of Cells in each cluster  {'3_2': 30, '4_2': 38, '5_2': 3, '0_2': 29, '0_3': 500}
 Cells in each cluster  {'3_2': [0, 1, 2, 3, 4, 5, 6, 7, 8, 9, 10, 11, 12, 13, 14, 15, 16, 17, 18, 19, 20, 21, 22, 23, 24, 25, 26, 27, 28, 29], '4_2': [30, 31, 32, 33, 34, 35, 36, 37, 38, 39, 40, 41, 42, 43, 44, 45, 46, 47, 48, 49, 50, 51, 52, 53, 54, 55, 56, 57, 58, 59, 60, 61, 62, 63, 64, 65, 66, 67], '5_2': [68, 69, 70], '0_2': [78, 88, 71, 72, 73, 74, 75, 76, 77, 79, 80, 81, 82, 83, 84, 85, 86, 87, 89, 90, 91, 92, 93, 94, 95, 96, 97, 98, 99], '0_3': [240, 311, 379, 396, 570, 108, 137, 144, 170, 177, 190, 217, 223, 229, 246, 247, 249, 255, 257, 266, 286, 300, 301, 303, 318, 328, 349, 352, 376, 391, 397, 408, 427, 466, 468, 471, 476, 498, 505, 512, 535, 540, 541, 549, 564, 574, 100, 101, 102, 103, 104, 105, 106, 107, 109, 110, 111, 112, 113, 114, 115, 116, 117, 118, 119, 120, 121, 122, 123, 124, 125, 126, 127, 128, 129, 130, 131, 132, 133, 134, 135, 136, 138, 139, 140, 141, 142, 143, 145, 146, 147, 148, 149, 150, 151, 152, 153, 154, 155, 156, 157, 158, 159, 160, 161, 162, 163, 164, 165, 166, 167, 168, 169, 171, 172, 173, 174, 175, 176, 178, 179, 180, 181, 182, 183, 184, 185, 186, 187, 188, 189, 191, 192, 193, 194, 195, 196, 197, 198, 199, 200, 201, 202, 203, 204, 205, 206, 207, 208, 209, 210, 211, 212, 213, 214, 215, 216, 218, 219, 220, 221, 222, 224, 225, 226, 227, 228, 230, 231, 232, 233, 234, 235, 236, 237, 238, 239, 241, 242, 243, 244, 245, 248, 250, 251, 252, 253, 254, 256, 258, 259, 260, 261, 262, 263, 264, 265, 267, 268, 269, 270, 271, 272, 273, 274, 275, 276, 277, 278, 279, 280, 281, 282, 283, 284, 285, 287, 288, 289, 290, 291, 292, 293, 294, 295, 296, 297, 298, 299, 302, 304, 305, 306, 307, 308, 309, 310, 312, 313, 314, 315, 316, 317, 319, 320, 321, 322, 323, 324, 325, 326, 327, 329, 330, 331, 332, 333, 334, 335, 336, 337, 338, 339, 340, 341, 342, 343, 344, 345, 346, 347, 348, 350, 351, 353, 354, 355, 356, 357, 358, 359, 360, 361, 362, 363, 364, 365, 366, 367, 368, 369, 370, 371, 372, 373, 374, 375, 377, 378, 380, 381, 382, 383, 384, 385, 386, 387, 388, 389, 390, 392, 393, 394, 395, 398, 399, 400, 401, 402, 403, 404, 405, 406, 407, 409, 410, 411, 412, 413, 414, 415, 416, 417, 418, 419, 420, 421, 422, 423, 424, 425, 426, 428, 429, 430, 431, 432, 433, 434, 435, 436, 437, 438, 439, 440, 441, 442, 443, 444, 445, 446, 447, 448, 449, 450, 451, 452, 453, 454, 455, 456, 457, 458, 459, 460, 461, 462, 463, 464, 465, 467, 469, 470, 472, 473, 474, 475, 477, 478, 479, 480, 481, 482, 483, 484, 485, 486, 487, 488, 489, 490, 491, 492, 493, 494, 495, 496, 497, 499, 500, 501, 502, 503, 504, 506, 507, 508, 509, 510, 511, 513, 514, 515, 516, 517, 518, 519, 520, 521, 522, 523, 524, 525, 526, 527, 528, 529, 530, 531, 532, 533, 534, 536, 537, 538, 539, 542, 543, 544, 545, 546, 547, 548, 550, 551, 552, 553, 554, 555, 556, 557, 558, 559, 560, 561, 562, 563, 565, 566, 567, 568, 569, 571, 572, 573, 575, 576, 577, 578, 579, 580, 581, 582, 583, 584, 585, 586, 587, 588, 589, 590, 591, 592, 593, 594, 595, 596, 597, 598, 599]}
FP rate  0.01951 FN rate  0.11
 Before reassigning cells 
 Timepoint  2
 Cluster  3  # of cells  30
 Cluster  4  # of cells  38
 Cluster  5  # of cells  3
 Cluster  0  # of cells  29
 Timepoint  3
 Cluster  0  # of cells  500
 Cells absent at timepoint  2   set()
 Cells absent at timepoint  3   set()
 Timepoint  2
 Timepoint  3
 After reassigning and merging cells 
 Timepoint  2
 Cluster  3  # of cells  30
 Cluster  4  # of cells  38
 Cluster  5  # of cells  3
 Cluster  0  # of cells  29
 Timepoint  3
 Cluster  0  # of cells  500
 Tp cluster cell dict  {'3_2': 30, '4_2': 38, '5_2': 3, '0_2': 29, '0_3': 500}
 New Graph is here 
 ID  0  Timepoint  1  Mutations  []  Type  subclone
 ID  1  Timepoint  2  Mutations  [0, 1, 2, 3, 4, 5, 6, 7, 16, 17, 18]  Type  subclone
 ID  2  Timepoint  2  Mutations  [0, 1, 2, 3, 4, 5, 6, 7, 19, 20, 21, 22, 23, 24, 25]  Type  subclone
 ID  3  Timepoint  2  Mutations  [8, 9, 10, 11, 13, 14, 15, 26, 27, 28, 29, 30, 31, 32, 33, 34, 35, 36, 37]  Type  subclone
 ID  4  Timepoint  2  Mutations  [8, 9, 10, 11, 12, 13, 14, 15, 38, 39, 40, 41, 42, 43, 44, 45, 46, 47, 48, 49]  Type  subclone
 ID  5  Timepoint  3  Mutations  [8, 9, 10, 11, 12, 13, 14, 15, 38, 39, 40, 41, 42, 43, 44, 45, 46, 47, 48, 49]  Type  subclone
Timepoints  SortedDict({1: [0], 2: [1, 2, 3, 4], 3: [5]})
 Clone to nodes  {'3_2': 1, '4_2': 2, '5_2': 3, '0_2': 4, '0_3': 5}
 Timepoint ====  1
 Hash table  {'0,1': [0, 1, 2, 3, 4, 5, 6, 7], '0': [16, 17, 18], '1': [19, 20, 21, 22, 23, 24, 25], '2,3': [8, 9, 10, 11, 13, 14, 15], '2': [26, 27, 28, 29, 30, 31, 32, 33, 34, 35, 36, 37], '3': [12, 38, 39, 40, 41, 42, 43, 44, 45, 46, 47, 48, 49]}
 Final possible usc  [[0, 1, 2, 3, 4, 5, 6, 7], [16, 17, 18], [19, 20, 21, 22, 23, 24, 25], [8, 9, 10, 11, 13, 14, 15], [26, 27, 28, 29, 30, 31, 32, 33, 34, 35, 36, 37], [12, 38, 39, 40, 41, 42, 43, 44, 45, 46, 47, 48, 49]]
 Time  1  USC keys  {'8,9,10,11,13,14,15_0', '16,17,18_0', '0,1,2,3,4,5,6,7_0', '26,27,28,29,30,31,32,33,34,35,36,37_0', '12,38,39,40,41,42,43,44,45,46,47,48,49_0', '19,20,21,22,23,24,25_0'}
 USC children  {'0,1,2,3,4,5,6,7_0': [1, 2], '16,17,18_0': [1], '19,20,21,22,23,24,25_0': [2], '8,9,10,11,13,14,15_0': [3, 4], '26,27,28,29,30,31,32,33,34,35,36,37_0': [3], '12,38,39,40,41,42,43,44,45,46,47,48,49_0': [4]}
 USC children  {'0,1,2,3,4,5,6,7_0': [1, 2], '16,17,18_0': [1], '19,20,21,22,23,24,25_0': [2], '8,9,10,11,13,14,15_0': [3, 4], '26,27,28,29,30,31,32,33,34,35,36,37_0': [3], '12,38,39,40,41,42,43,44,45,46,47,48,49_0': [4]}
 Timepoint ====  2
 Hash table  {}
====== Inside find superset of t nodes ==========
 Final possible usc  []
 Time  2  USC keys  set()
 USC children  {'0,1,2,3,4,5,6,7_0': [1, 2], '16,17,18_0': [1], '19,20,21,22,23,24,25_0': [2], '8,9,10,11,13,14,15_0': [3, 4], '26,27,28,29,30,31,32,33,34,35,36,37_0': [3], '12,38,39,40,41,42,43,44,45,46,47,48,49_0': [4]}
 USC children  {'0,1,2,3,4,5,6,7_0': [1, 2], '16,17,18_0': [1], '19,20,21,22,23,24,25_0': [2], '8,9,10,11,13,14,15_0': [3, 4], '26,27,28,29,30,31,32,33,34,35,36,37_0': [3], '12,38,39,40,41,42,43,44,45,46,47,48,49_0': [4]}
 Node s  {'1,2': ['0', '1', '2', '3', '4', '5', '6', '7'], '3,4': ['8', '9', '10', '11', '13', '14', '15']}
 Enroll USC nodes  ['1', '2']  len  2
 Enroll USC nodes  ['3', '4']  len  2
 Node TP  SortedDict({1: [0], 2: [1, 2, 3, 4], 3: [5]})
 Unobserved subclones at timepoints  {1.5: [6, 7]}
 ============== Inside finding node v ============ 
 Time  2
 Time  3
 Sorted all timepoints  [1, 1.5, 2, 3]
 Timepoint  2
 Inside usc_node check  2
 Timepoint  3
0   1   [-1]   subclone   []   []
1   2   [6]   subclone   [0, 1, 2, 3, 4, 5, 6, 7, 16, 17, 18]   [3]
2   2   [6]   subclone   [0, 1, 2, 3, 4, 5, 6, 7, 19, 20, 21, 22, 23, 24, 25]   [7]
3   2   [7]   subclone   [8, 9, 10, 11, 13, 14, 15, 26, 27, 28, 29, 30, 31, 32, 33, 34, 35, 36, 37]   [12]
4   2   [7]   subclone   [8, 9, 10, 11, 12, 13, 14, 15, 38, 39, 40, 41, 42, 43, 44, 45, 46, 47, 48, 49]   [13]
5   3   [4]   subclone   [8, 9, 10, 11, 12, 13, 14, 15, 38, 39, 40, 41, 42, 43, 44, 45, 46, 47, 48, 49]   [0]
6   1.5   [0]   unobserved subclone   [0, 1, 2, 3, 4, 5, 6, 7]   [8]
7   1.5   [0]   unobserved subclone   [8, 9, 10, 11, 13, 14, 15]   [7]
6
 Total estimated FP  147  True negatives  14624
 Total estimated FN  1843  True positives  7386
 Estimated FP rate  0.01951
 Estimated FN rate  0.11
 No. of Cells in each cluster  {'3_2': 30, '4_2': 38, '5_2': 3, '1_3': 500, '1_2': 29}
 Cells in each cluster  {'3_2': [0, 1, 2, 3, 4, 5, 6, 7, 8, 9, 10, 11, 12, 13, 14, 15, 16, 17, 18, 19, 20, 21, 22, 23, 24, 25, 26, 27, 28, 29], '4_2': [30, 31, 32, 33, 34, 35, 36, 37, 38, 39, 40, 41, 42, 43, 44, 45, 46, 47, 48, 49, 50, 51, 52, 53, 54, 55, 56, 57, 58, 59, 60, 61, 62, 63, 64, 65, 66, 67], '5_2': [68, 69, 70], '1_3': [108, 223, 301, 349, 408, 471, 505, 100, 101, 102, 103, 104, 105, 106, 107, 109, 110, 111, 112, 113, 114, 115, 116, 118, 119, 120, 121, 122, 124, 125, 126, 127, 128, 129, 130, 131, 132, 133, 134, 135, 136, 137, 138, 139, 140, 141, 142, 143, 144, 145, 146, 147, 148, 149, 150, 151, 152, 153, 154, 155, 156, 157, 158, 159, 160, 161, 162, 163, 164, 165, 166, 167, 168, 169, 170, 171, 172, 173, 174, 175, 176, 177, 178, 179, 180, 181, 182, 183, 184, 185, 186, 187, 188, 189, 190, 191, 192, 193, 194, 195, 196, 197, 198, 199, 200, 201, 202, 203, 204, 205, 206, 207, 208, 209, 210, 211, 212, 213, 214, 215, 216, 217, 218, 219, 220, 221, 222, 224, 225, 226, 227, 228, 229, 230, 232, 233, 234, 235, 236, 237, 238, 239, 241, 242, 243, 244, 245, 246, 247, 248, 249, 250, 251, 252, 253, 254, 255, 256, 257, 258, 259, 260, 261, 262, 263, 264, 265, 266, 267, 268, 269, 270, 271, 272, 273, 274, 275, 276, 277, 278, 279, 280, 281, 282, 283, 284, 286, 287, 288, 289, 290, 291, 292, 293, 294, 296, 297, 298, 299, 300, 302, 303, 304, 305, 306, 307, 308, 309, 310, 311, 312, 313, 314, 315, 316, 317, 318, 319, 320, 321, 322, 323, 324, 325, 326, 327, 328, 329, 330, 331, 332, 333, 334, 335, 336, 337, 338, 339, 340, 341, 342, 343, 344, 345, 346, 347, 348, 350, 351, 352, 353, 354, 355, 356, 357, 358, 359, 360, 361, 362, 363, 364, 365, 366, 367, 368, 369, 370, 371, 372, 373, 374, 375, 376, 377, 378, 379, 380, 381, 382, 383, 384, 385, 386, 387, 388, 389, 390, 391, 392, 393, 394, 395, 396, 397, 398, 399, 400, 401, 402, 403, 404, 405, 406, 407, 409, 410, 411, 412, 413, 414, 415, 416, 417, 418, 419, 420, 421, 422, 423, 424, 426, 427, 428, 429, 430, 431, 432, 433, 434, 435, 436, 437, 438, 439, 440, 441, 442, 443, 444, 445, 446, 447, 448, 449, 450, 451, 452, 453, 454, 455, 456, 457, 458, 459, 460, 461, 462, 463, 464, 465, 466, 467, 468, 469, 470, 472, 473, 474, 475, 476, 477, 478, 479, 480, 481, 482, 483, 484, 485, 486, 487, 488, 489, 490, 491, 492, 493, 494, 495, 496, 497, 498, 499, 500, 501, 502, 503, 504, 507, 508, 509, 510, 511, 512, 514, 515, 516, 517, 518, 519, 521, 522, 523, 524, 525, 526, 527, 528, 529, 530, 531, 532, 534, 535, 536, 537, 538, 539, 540, 541, 542, 543, 544, 545, 546, 547, 548, 549, 550, 551, 552, 553, 555, 556, 557, 558, 559, 560, 561, 562, 563, 564, 565, 566, 567, 568, 569, 570, 571, 572, 573, 574, 575, 576, 577, 578, 579, 580, 581, 582, 583, 584, 585, 586, 587, 588, 589, 590, 591, 592, 593, 594, 595, 596, 597, 598, 599, 117, 123, 231, 240, 285, 295, 425, 506, 513, 520, 533, 554], '1_2': [71, 72, 73, 74, 75, 76, 77, 81, 82, 83, 84, 85, 86, 87, 88, 89, 90, 91, 92, 93, 94, 95, 96, 97, 98, 99, 78, 79, 80]}
FP rate  0.01951 FN rate  0.11
 Before reassigning cells 
 Timepoint  2
 Cluster  3  # of cells  30
 Cluster  4  # of cells  38
 Cluster  5  # of cells  3
 Cluster  1  # of cells  29
 Timepoint  3
 Cluster  1  # of cells  500
 Cells absent at timepoint  2   set()
 Cells absent at timepoint  3   set()
 Timepoint  2
 Timepoint  3
 After reassigning and merging cells 
 Timepoint  2
 Cluster  3  # of cells  30
 Cluster  4  # of cells  38
 Cluster  5  # of cells  3
 Cluster  1  # of cells  29
 Timepoint  3
 Cluster  1  # of cells  500
 Tp cluster cell dict  {'3_2': 30, '4_2': 38, '5_2': 3, '1_2': 29, '1_3': 500}
 New Graph is here 
 ID  0  Timepoint  1  Mutations  []  Type  subclone
 ID  1  Timepoint  2  Mutations  [0, 1, 2, 3, 4, 5, 6, 7, 16, 17, 18]  Type  subclone
 ID  2  Timepoint  2  Mutations  [0, 1, 2, 3, 4, 5, 6, 7, 19, 20, 21, 22, 23, 24, 25]  Type  subclone
 ID  3  Timepoint  2  Mutations  [8, 9, 10, 11, 13, 14, 15, 26, 27, 28, 29, 30, 31, 32, 33, 34, 35, 36, 37]  Type  subclone
 ID  4  Timepoint  2  Mutations  [8, 9, 10, 11, 12, 13, 14, 15, 38, 39, 40, 41, 42, 43, 44, 45, 46, 47, 48, 49]  Type  subclone
 ID  5  Timepoint  3  Mutations  [8, 9, 10, 11, 12, 13, 14, 15, 38, 39, 40, 41, 42, 43, 44, 45, 46, 47, 48, 49]  Type  subclone
Timepoints  SortedDict({1: [0], 2: [1, 2, 3, 4], 3: [5]})
 Clone to nodes  {'3_2': 1, '4_2': 2, '5_2': 3, '1_2': 4, '1_3': 5}
 Timepoint ====  1
 Hash table  {'0,1': [0, 1, 2, 3, 4, 5, 6, 7], '0': [16, 17, 18], '1': [19, 20, 21, 22, 23, 24, 25], '2,3': [8, 9, 10, 11, 13, 14, 15], '2': [26, 27, 28, 29, 30, 31, 32, 33, 34, 35, 36, 37], '3': [12, 38, 39, 40, 41, 42, 43, 44, 45, 46, 47, 48, 49]}
 Final possible usc  [[0, 1, 2, 3, 4, 5, 6, 7], [16, 17, 18], [19, 20, 21, 22, 23, 24, 25], [8, 9, 10, 11, 13, 14, 15], [26, 27, 28, 29, 30, 31, 32, 33, 34, 35, 36, 37], [12, 38, 39, 40, 41, 42, 43, 44, 45, 46, 47, 48, 49]]
 Time  1  USC keys  {'19,20,21,22,23,24,25_0', '8,9,10,11,13,14,15_0', '26,27,28,29,30,31,32,33,34,35,36,37_0', '12,38,39,40,41,42,43,44,45,46,47,48,49_0', '16,17,18_0', '0,1,2,3,4,5,6,7_0'}
 USC children  {'0,1,2,3,4,5,6,7_0': [1, 2], '16,17,18_0': [1], '19,20,21,22,23,24,25_0': [2], '8,9,10,11,13,14,15_0': [3, 4], '26,27,28,29,30,31,32,33,34,35,36,37_0': [3], '12,38,39,40,41,42,43,44,45,46,47,48,49_0': [4]}
 USC children  {'0,1,2,3,4,5,6,7_0': [1, 2], '16,17,18_0': [1], '19,20,21,22,23,24,25_0': [2], '8,9,10,11,13,14,15_0': [3, 4], '26,27,28,29,30,31,32,33,34,35,36,37_0': [3], '12,38,39,40,41,42,43,44,45,46,47,48,49_0': [4]}
 Timepoint ====  2
 Hash table  {}
====== Inside find superset of t nodes ==========
 Final possible usc  []
 Time  2  USC keys  set()
 USC children  {'0,1,2,3,4,5,6,7_0': [1, 2], '16,17,18_0': [1], '19,20,21,22,23,24,25_0': [2], '8,9,10,11,13,14,15_0': [3, 4], '26,27,28,29,30,31,32,33,34,35,36,37_0': [3], '12,38,39,40,41,42,43,44,45,46,47,48,49_0': [4]}
 USC children  {'0,1,2,3,4,5,6,7_0': [1, 2], '16,17,18_0': [1], '19,20,21,22,23,24,25_0': [2], '8,9,10,11,13,14,15_0': [3, 4], '26,27,28,29,30,31,32,33,34,35,36,37_0': [3], '12,38,39,40,41,42,43,44,45,46,47,48,49_0': [4]}
 Node s  {'1,2': ['0', '1', '2', '3', '4', '5', '6', '7'], '3,4': ['8', '9', '10', '11', '13', '14', '15']}
 Enroll USC nodes  ['1', '2']  len  2
 Enroll USC nodes  ['3', '4']  len  2
 Node TP  SortedDict({1: [0], 2: [1, 2, 3, 4], 3: [5]})
 Unobserved subclones at timepoints  {1.5: [6, 7]}
 ============== Inside finding node v ============ 
 Time  2
 Time  3
 Sorted all timepoints  [1, 1.5, 2, 3]
 Timepoint  2
 Inside usc_node check  2
 Timepoint  3
0   1   [-1]   subclone   []   []
1   2   [6]   subclone   [0, 1, 2, 3, 4, 5, 6, 7, 16, 17, 18]   [3]
2   2   [6]   subclone   [0, 1, 2, 3, 4, 5, 6, 7, 19, 20, 21, 22, 23, 24, 25]   [7]
3   2   [7]   subclone   [8, 9, 10, 11, 13, 14, 15, 26, 27, 28, 29, 30, 31, 32, 33, 34, 35, 36, 37]   [12]
4   2   [7]   subclone   [8, 9, 10, 11, 12, 13, 14, 15, 38, 39, 40, 41, 42, 43, 44, 45, 46, 47, 48, 49]   [13]
5   3   [4]   subclone   [8, 9, 10, 11, 12, 13, 14, 15, 38, 39, 40, 41, 42, 43, 44, 45, 46, 47, 48, 49]   [0]
6   1.5   [0]   unobserved subclone   [0, 1, 2, 3, 4, 5, 6, 7]   [8]
7   1.5   [0]   unobserved subclone   [8, 9, 10, 11, 13, 14, 15]   [7]
7
 Total estimated FP  147  True negatives  14624
 Total estimated FN  1843  True positives  7386
 Estimated FP rate  0.01951
 Estimated FN rate  0.11
 No. of Cells in each cluster  {'3_2': 30, '4_2': 38, '5_2': 3, '0_2': 29, '0_3': 500}
 Cells in each cluster  {'3_2': [0, 1, 2, 3, 4, 5, 6, 7, 8, 9, 10, 11, 12, 13, 14, 15, 16, 17, 18, 19, 20, 21, 22, 23, 24, 25, 26, 27, 28, 29], '4_2': [30, 31, 32, 33, 34, 35, 36, 37, 38, 39, 40, 41, 42, 43, 44, 45, 46, 47, 48, 49, 50, 51, 52, 53, 54, 55, 56, 57, 58, 59, 60, 61, 62, 63, 64, 65, 66, 67], '5_2': [68, 69, 70], '0_2': [84, 78, 79, 73, 75, 80, 71, 72, 74, 76, 77, 81, 82, 83, 85, 86, 87, 88, 89, 90, 91, 92, 93, 94, 95, 96, 97, 98, 99], '0_3': [108, 190, 227, 246, 286, 300, 312, 320, 350, 352, 408, 409, 498, 535, 540, 564, 573, 574, 231, 240, 285, 311, 379, 396, 425, 506, 520, 533, 554, 570, 107, 117, 123, 130, 171, 197, 223, 295, 301, 329, 331, 349, 471, 505, 513, 529, 539, 100, 101, 102, 103, 104, 105, 106, 109, 110, 111, 112, 113, 114, 115, 116, 118, 119, 120, 121, 122, 124, 125, 126, 127, 128, 129, 131, 132, 133, 134, 135, 136, 137, 138, 139, 140, 141, 142, 143, 144, 145, 146, 147, 148, 149, 150, 151, 152, 153, 154, 155, 156, 157, 158, 159, 160, 161, 162, 163, 164, 165, 166, 167, 168, 169, 170, 172, 173, 174, 175, 176, 177, 178, 179, 180, 181, 182, 183, 184, 185, 186, 187, 188, 189, 191, 192, 193, 194, 195, 196, 198, 199, 200, 201, 202, 203, 204, 205, 206, 207, 208, 209, 210, 211, 212, 213, 214, 215, 216, 217, 218, 219, 220, 221, 222, 224, 225, 226, 228, 229, 230, 232, 233, 234, 235, 236, 237, 238, 239, 241, 242, 243, 244, 245, 247, 248, 249, 250, 251, 252, 253, 254, 255, 256, 257, 258, 259, 260, 261, 262, 263, 264, 265, 266, 267, 268, 269, 270, 271, 272, 273, 274, 275, 276, 277, 278, 279, 280, 281, 282, 283, 284, 287, 288, 289, 290, 291, 292, 293, 294, 296, 297, 298, 299, 302, 303, 304, 305, 306, 307, 308, 309, 310, 313, 314, 315, 316, 317, 318, 319, 321, 322, 323, 324, 325, 326, 327, 328, 330, 332, 333, 334, 335, 336, 337, 338, 339, 340, 341, 342, 343, 344, 345, 346, 347, 348, 351, 353, 354, 355, 356, 357, 358, 359, 360, 361, 362, 363, 364, 365, 366, 367, 368, 369, 370, 371, 372, 373, 374, 375, 376, 377, 378, 380, 381, 382, 383, 384, 385, 386, 387, 388, 389, 390, 391, 392, 393, 394, 395, 397, 398, 399, 400, 401, 402, 403, 404, 405, 406, 407, 410, 411, 412, 413, 414, 415, 416, 417, 418, 419, 420, 421, 422, 423, 424, 426, 427, 428, 429, 430, 431, 432, 433, 434, 435, 436, 437, 438, 439, 440, 441, 442, 443, 444, 445, 446, 447, 448, 449, 450, 451, 452, 453, 454, 455, 456, 457, 458, 459, 460, 461, 462, 463, 464, 465, 466, 467, 468, 469, 470, 472, 473, 474, 475, 476, 477, 478, 479, 480, 481, 482, 483, 484, 485, 486, 487, 488, 489, 490, 491, 492, 493, 494, 495, 496, 497, 499, 500, 501, 502, 503, 504, 507, 508, 509, 510, 511, 512, 514, 515, 516, 517, 518, 519, 521, 522, 523, 524, 525, 526, 527, 528, 530, 531, 532, 534, 536, 537, 538, 541, 542, 543, 544, 545, 546, 547, 548, 549, 550, 551, 552, 553, 555, 556, 557, 558, 559, 560, 561, 562, 563, 565, 566, 567, 568, 569, 571, 572, 575, 576, 577, 578, 579, 580, 581, 582, 583, 584, 585, 586, 587, 588, 589, 590, 591, 592, 593, 594, 595, 596, 597, 598, 599]}
FP rate  0.01951 FN rate  0.11
 Before reassigning cells 
 Timepoint  2
 Cluster  3  # of cells  30
 Cluster  4  # of cells  38
 Cluster  5  # of cells  3
 Cluster  0  # of cells  29
 Timepoint  3
 Cluster  0  # of cells  500
 Cells absent at timepoint  2   set()
 Cells absent at timepoint  3   set()
 Timepoint  2
 Timepoint  3
 After reassigning and merging cells 
 Timepoint  2
 Cluster  3  # of cells  30
 Cluster  4  # of cells  38
 Cluster  5  # of cells  3
 Cluster  0  # of cells  29
 Timepoint  3
 Cluster  0  # of cells  500
 Tp cluster cell dict  {'3_2': 30, '4_2': 38, '5_2': 3, '0_2': 29, '0_3': 500}
 New Graph is here 
 ID  0  Timepoint  1  Mutations  []  Type  subclone
 ID  1  Timepoint  2  Mutations  [0, 1, 2, 3, 4, 5, 6, 7, 16, 17, 18]  Type  subclone
 ID  2  Timepoint  2  Mutations  [0, 1, 2, 3, 4, 5, 6, 7, 19, 20, 21, 22, 23, 24, 25]  Type  subclone
 ID  3  Timepoint  2  Mutations  [8, 9, 10, 11, 13, 14, 15, 26, 27, 28, 29, 30, 31, 32, 33, 34, 35, 36, 37]  Type  subclone
 ID  4  Timepoint  2  Mutations  [8, 9, 10, 11, 12, 13, 14, 15, 38, 39, 40, 41, 42, 43, 44, 45, 46, 47, 48, 49]  Type  subclone
 ID  5  Timepoint  3  Mutations  [8, 9, 10, 11, 12, 13, 14, 15, 38, 39, 40, 41, 42, 43, 44, 45, 46, 47, 48, 49]  Type  subclone
Timepoints  SortedDict({1: [0], 2: [1, 2, 3, 4], 3: [5]})
 Clone to nodes  {'3_2': 1, '4_2': 2, '5_2': 3, '0_2': 4, '0_3': 5}
 Timepoint ====  1
 Hash table  {'0,1': [0, 1, 2, 3, 4, 5, 6, 7], '0': [16, 17, 18], '1': [19, 20, 21, 22, 23, 24, 25], '2,3': [8, 9, 10, 11, 13, 14, 15], '2': [26, 27, 28, 29, 30, 31, 32, 33, 34, 35, 36, 37], '3': [12, 38, 39, 40, 41, 42, 43, 44, 45, 46, 47, 48, 49]}
 Final possible usc  [[0, 1, 2, 3, 4, 5, 6, 7], [16, 17, 18], [19, 20, 21, 22, 23, 24, 25], [8, 9, 10, 11, 13, 14, 15], [26, 27, 28, 29, 30, 31, 32, 33, 34, 35, 36, 37], [12, 38, 39, 40, 41, 42, 43, 44, 45, 46, 47, 48, 49]]
 Time  1  USC keys  {'12,38,39,40,41,42,43,44,45,46,47,48,49_0', '0,1,2,3,4,5,6,7_0', '26,27,28,29,30,31,32,33,34,35,36,37_0', '16,17,18_0', '8,9,10,11,13,14,15_0', '19,20,21,22,23,24,25_0'}
 USC children  {'0,1,2,3,4,5,6,7_0': [1, 2], '16,17,18_0': [1], '19,20,21,22,23,24,25_0': [2], '8,9,10,11,13,14,15_0': [3, 4], '26,27,28,29,30,31,32,33,34,35,36,37_0': [3], '12,38,39,40,41,42,43,44,45,46,47,48,49_0': [4]}
 USC children  {'0,1,2,3,4,5,6,7_0': [1, 2], '16,17,18_0': [1], '19,20,21,22,23,24,25_0': [2], '8,9,10,11,13,14,15_0': [3, 4], '26,27,28,29,30,31,32,33,34,35,36,37_0': [3], '12,38,39,40,41,42,43,44,45,46,47,48,49_0': [4]}
 Timepoint ====  2
 Hash table  {}
====== Inside find superset of t nodes ==========
 Final possible usc  []
 Time  2  USC keys  set()
 USC children  {'0,1,2,3,4,5,6,7_0': [1, 2], '16,17,18_0': [1], '19,20,21,22,23,24,25_0': [2], '8,9,10,11,13,14,15_0': [3, 4], '26,27,28,29,30,31,32,33,34,35,36,37_0': [3], '12,38,39,40,41,42,43,44,45,46,47,48,49_0': [4]}
 USC children  {'0,1,2,3,4,5,6,7_0': [1, 2], '16,17,18_0': [1], '19,20,21,22,23,24,25_0': [2], '8,9,10,11,13,14,15_0': [3, 4], '26,27,28,29,30,31,32,33,34,35,36,37_0': [3], '12,38,39,40,41,42,43,44,45,46,47,48,49_0': [4]}
 Node s  {'1,2': ['0', '1', '2', '3', '4', '5', '6', '7'], '3,4': ['8', '9', '10', '11', '13', '14', '15']}
 Enroll USC nodes  ['1', '2']  len  2
 Enroll USC nodes  ['3', '4']  len  2
 Node TP  SortedDict({1: [0], 2: [1, 2, 3, 4], 3: [5]})
 Unobserved subclones at timepoints  {1.5: [6, 7]}
 ============== Inside finding node v ============ 
 Time  2
 Time  3
 Sorted all timepoints  [1, 1.5, 2, 3]
 Timepoint  2
 Inside usc_node check  2
 Timepoint  3
0   1   [-1]   subclone   []   []
1   2   [6]   subclone   [0, 1, 2, 3, 4, 5, 6, 7, 16, 17, 18]   [3]
2   2   [6]   subclone   [0, 1, 2, 3, 4, 5, 6, 7, 19, 20, 21, 22, 23, 24, 25]   [7]
3   2   [7]   subclone   [8, 9, 10, 11, 13, 14, 15, 26, 27, 28, 29, 30, 31, 32, 33, 34, 35, 36, 37]   [12]
4   2   [7]   subclone   [8, 9, 10, 11, 12, 13, 14, 15, 38, 39, 40, 41, 42, 43, 44, 45, 46, 47, 48, 49]   [13]
5   3   [4]   subclone   [8, 9, 10, 11, 12, 13, 14, 15, 38, 39, 40, 41, 42, 43, 44, 45, 46, 47, 48, 49]   [0]
6   1.5   [0]   unobserved subclone   [0, 1, 2, 3, 4, 5, 6, 7]   [8]
7   1.5   [0]   unobserved subclone   [8, 9, 10, 11, 13, 14, 15]   [7]
12
 Total estimated FP  147  True negatives  14640
 Total estimated FN  1827  True positives  7386
 Estimated FP rate  0.01951
 Estimated FN rate  0.11
 No. of Cells in each cluster  {'7_2': 30, '9_2': 38, '11_2': 3, '10_3': 6, '4_2': 29, '4_3': 494}
 Cells in each cluster  {'7_2': [0, 1, 2, 3, 4, 5, 6, 7, 8, 9, 10, 11, 12, 13, 14, 15, 16, 17, 18, 19, 20, 21, 22, 23, 24, 25, 26, 27, 28, 29], '9_2': [30, 31, 32, 33, 34, 35, 36, 37, 38, 39, 40, 41, 42, 43, 44, 45, 46, 47, 48, 49, 50, 51, 52, 53, 54, 55, 56, 57, 58, 59, 60, 61, 62, 63, 64, 65, 66, 67], '11_2': [68, 69, 70], '10_3': [223, 301, 349, 408, 471, 505], '4_2': [80, 98, 84, 78, 73, 85, 94, 71, 79, 97, 72, 74, 76, 77, 81, 82, 83, 86, 87, 88, 89, 90, 91, 92, 93, 95, 96, 99, 75], '4_3': [105, 116, 117, 123, 139, 141, 198, 260, 295, 310, 313, 370, 381, 432, 513, 108, 227, 320, 540, 573, 112, 163, 233, 240, 311, 379, 396, 570, 100, 130, 171, 197, 209, 296, 331, 341, 354, 450, 515, 539, 577, 138, 152, 160, 189, 194, 207, 215, 241, 262, 269, 285, 291, 353, 425, 456, 469, 491, 506, 520, 533, 542, 554, 567, 576, 101, 102, 103, 104, 106, 109, 110, 111, 113, 114, 118, 119, 120, 121, 124, 125, 126, 127, 128, 129, 131, 132, 133, 134, 135, 136, 137, 140, 142, 143, 144, 145, 146, 147, 148, 149, 150, 151, 153, 154, 155, 156, 157, 158, 159, 161, 162, 164, 165, 166, 167, 168, 169, 170, 172, 173, 175, 176, 177, 178, 179, 180, 181, 183, 184, 185, 186, 187, 188, 191, 192, 193, 195, 196, 199, 200, 201, 202, 203, 204, 205, 206, 208, 210, 211, 212, 213, 214, 216, 217, 218, 219, 220, 221, 222, 224, 225, 226, 228, 229, 230, 231, 232, 234, 235, 236, 237, 238, 239, 242, 243, 244, 245, 247, 248, 249, 250, 251, 252, 253, 254, 255, 256, 257, 259, 261, 263, 264, 265, 266, 267, 268, 270, 271, 272, 273, 274, 275, 276, 277, 278, 279, 280, 281, 282, 283, 284, 287, 288, 289, 290, 292, 293, 294, 297, 298, 299, 302, 303, 304, 305, 306, 307, 308, 309, 314, 315, 316, 317, 318, 319, 321, 322, 323, 324, 325, 326, 327, 328, 332, 333, 334, 335, 336, 337, 338, 339, 340, 342, 343, 344, 345, 346, 347, 348, 351, 355, 356, 357, 358, 359, 360, 361, 362, 363, 364, 365, 367, 368, 369, 371, 372, 373, 374, 375, 376, 377, 378, 382, 383, 384, 386, 387, 389, 390, 391, 392, 393, 394, 395, 397, 398, 399, 400, 401, 402, 403, 404, 405, 406, 407, 410, 411, 412, 413, 414, 415, 416, 417, 418, 419, 420, 421, 422, 423, 424, 426, 427, 428, 429, 430, 433, 434, 435, 436, 437, 438, 439, 440, 441, 442, 443, 444, 445, 446, 447, 448, 449, 451, 452, 453, 454, 455, 457, 458, 459, 460, 461, 462, 463, 464, 465, 466, 467, 468, 470, 472, 473, 474, 475, 476, 477, 478, 479, 480, 481, 482, 483, 484, 486, 487, 488, 489, 490, 492, 493, 494, 495, 496, 497, 499, 500, 501, 502, 504, 507, 508, 510, 511, 512, 514, 516, 517, 518, 519, 521, 522, 523, 524, 525, 526, 528, 530, 531, 532, 534, 536, 537, 538, 541, 543, 544, 545, 546, 547, 548, 549, 550, 551, 552, 553, 555, 556, 557, 558, 559, 560, 561, 562, 563, 565, 566, 568, 569, 571, 572, 575, 579, 580, 581, 582, 583, 584, 585, 586, 587, 588, 589, 590, 591, 592, 593, 594, 595, 598, 599, 115, 122, 174, 182, 190, 246, 258, 286, 300, 312, 330, 350, 352, 385, 388, 409, 431, 498, 503, 527, 535, 564, 574, 578, 596, 597, 107, 329, 366, 380, 485, 509, 529]}
FP rate  0.01951 FN rate  0.11
 Before reassigning cells 
 Timepoint  2
 Cluster  7  # of cells  30
 Cluster  9  # of cells  38
 Cluster  11  # of cells  3
 Cluster  4  # of cells  29
 Timepoint  3
 Cluster  10  # of cells  15
 Cluster  4  # of cells  483
 Cells absent at timepoint  2   set()
 Cells absent at timepoint  3   {420, 366}
 Missing cell prob  {'10': 0.0001969611269522047, '4': 0.0001969611269522047}
 Missing cell prob  {'10': 0.003650990608284406, '4': 0.003650990608284406}
 Timepoint  2
 Timepoint  3
SortedDict({2: {'7': ['0', '1', '2', '3', '4', '5', '6', '7', '8', '9', '10', '11', '12', '13', '14', '15', '16', '17', '18', '19', '20', '21', '22', '23', '24', '25', '26', '27', '28', '29'], '9': ['30', '31', '32', '33', '34', '35', '36', '37', '38', '39', '40', '41', '42', '43', '44', '45', '46', '47', '48', '49', '50', '51', '52', '53', '54', '55', '56', '57', '58', '59', '60', '61', '62', '63', '64', '65', '66', '67'], '11': ['68', '69', '70'], '4': ['71', '72', '73', '74', '75', '76', '77', '78', '79', '80', '81', '82', '83', '84', '85', '86', '87', '88', '89', '90', '91', '92', '93', '94', '95', '96', '97', '98', '99']}, 3: {'10': ['111', '112', '163', '169', '223', '224', '301', '349', '370', '392', '408', '471', '505', '527', '593', '420', '366'], '4': ['100', '101', '102', '103', '104', '105', '106', '107', '108', '109', '110', '113', '114', '115', '116', '117', '118', '119', '120', '121', '122', '123', '124', '125', '126', '127', '128', '129', '130', '131', '132', '133', '134', '135', '136', '137', '138', '139', '140', '141', '142', '143', '144', '145', '146', '147', '148', '149', '150', '151', '152', '153', '154', '155', '156', '157', '158', '159', '160', '161', '162', '164', '165', '166', '167', '168', '170', '171', '172', '173', '174', '175', '176', '177', '178', '179', '180', '181', '182', '183', '184', '185', '186', '187', '188', '189', '190', '191', '192', '193', '194', '195', '196', '197', '198', '199', '200', '201', '202', '203', '204', '205', '206', '207', '208', '209', '210', '211', '212', '213', '214', '215', '216', '217', '218', '219', '220', '221', '222', '225', '226', '227', '228', '229', '230', '231', '232', '233', '234', '235', '236', '237', '238', '239', '240', '241', '242', '243', '244', '245', '246', '247', '248', '249', '250', '251', '252', '253', '254', '255', '256', '257', '258', '259', '260', '261', '262', '263', '264', '265', '266', '267', '268', '269', '270', '271', '272', '273', '274', '275', '276', '277', '278', '279', '280', '281', '282', '283', '284', '285', '286', '287', '288', '289', '290', '291', '292', '293', '294', '295', '296', '297', '298', '299', '300', '302', '303', '304', '305', '306', '307', '308', '309', '310', '311', '312', '313', '314', '315', '316', '317', '318', '319', '320', '321', '322', '323', '324', '325', '326', '327', '328', '329', '330', '331', '332', '333', '334', '335', '336', '337', '338', '339', '340', '341', '342', '343', '344', '345', '346', '347', '348', '350', '351', '352', '353', '354', '355', '356', '357', '358', '359', '360', '361', '362', '363', '364', '365', '367', '368', '369', '371', '372', '373', '374', '375', '376', '377', '378', '379', '380', '381', '382', '383', '384', '385', '386', '387', '388', '389', '390', '391', '393', '394', '395', '396', '397', '398', '399', '400', '401', '402', '403', '404', '405', '406', '407', '409', '410', '411', '412', '413', '414', '415', '416', '417', '418', '419', '421', '422', '423', '424', '425', '426', '427', '428', '429', '430', '431', '432', '433', '434', '435', '436', '437', '438', '439', '440', '441', '442', '443', '444', '445', '446', '447', '448', '449', '450', '451', '452', '453', '454', '455', '456', '457', '458', '459', '460', '461', '462', '463', '464', '465', '466', '467', '468', '469', '470', '472', '473', '474', '475', '476', '477', '478', '479', '480', '481', '482', '483', '484', '485', '486', '487', '488', '489', '490', '491', '492', '493', '494', '495', '496', '497', '498', '499', '500', '501', '502', '503', '504', '506', '507', '508', '509', '510', '511', '512', '513', '514', '515', '516', '517', '518', '519', '520', '521', '522', '523', '524', '525', '526', '528', '529', '530', '531', '532', '533', '534', '535', '536', '537', '538', '539', '540', '541', '542', '543', '544', '545', '546', '547', '548', '549', '550', '551', '552', '553', '554', '555', '556', '557', '558', '559', '560', '561', '562', '563', '564', '565', '566', '567', '568', '569', '570', '571', '572', '573', '574', '575', '576', '577', '578', '579', '580', '581', '582', '583', '584', '585', '586', '587', '588', '589', '590', '591', '592', '594', '595', '596', '597', '598', '599']}})
 Cluster1  10
 Cluster to drop  4
 After reassigning and merging cells 
 Timepoint  2
 Cluster  7  # of cells  30
 Cluster  9  # of cells  38
 Cluster  11  # of cells  3
 Cluster  4  # of cells  29
 Timepoint  3
 Cluster  10  # of cells  500
 Tp cluster cell dict  {'7_2': 30, '9_2': 38, '11_2': 3, '4_2': 29, '10_3': 500}
 New Graph is here 
 ID  0  Timepoint  1  Mutations  []  Type  subclone
 ID  1  Timepoint  2  Mutations  [0, 1, 2, 3, 4, 5, 6, 7, 16, 17, 18]  Type  subclone
 ID  2  Timepoint  2  Mutations  [0, 1, 2, 3, 4, 5, 6, 7, 19, 20, 21, 22, 23, 24, 25]  Type  subclone
 ID  3  Timepoint  2  Mutations  [8, 9, 10, 11, 13, 14, 15, 26, 27, 28, 29, 30, 31, 32, 33, 34, 35, 36, 37]  Type  subclone
 ID  4  Timepoint  2  Mutations  [8, 9, 10, 11, 12, 13, 14, 15, 38, 39, 40, 41, 42, 43, 44, 45, 46, 47, 48, 49]  Type  subclone
 ID  5  Timepoint  3  Mutations  [8, 9, 10, 11, 12, 13, 14, 15, 38, 39, 40, 41, 42, 43, 44, 45, 46, 47, 48, 49]  Type  subclone
Timepoints  SortedDict({1: [0], 2: [1, 2, 3, 4], 3: [5]})
 Clone to nodes  {'7_2': 1, '9_2': 2, '11_2': 3, '4_2': 4, '10_3': 5}
 Timepoint ====  1
 Hash table  {'0,1': [0, 1, 2, 3, 4, 5, 6, 7], '0': [16, 17, 18], '1': [19, 20, 21, 22, 23, 24, 25], '2,3': [8, 9, 10, 11, 13, 14, 15], '2': [26, 27, 28, 29, 30, 31, 32, 33, 34, 35, 36, 37], '3': [12, 38, 39, 40, 41, 42, 43, 44, 45, 46, 47, 48, 49]}
 Final possible usc  [[0, 1, 2, 3, 4, 5, 6, 7], [16, 17, 18], [19, 20, 21, 22, 23, 24, 25], [8, 9, 10, 11, 13, 14, 15], [26, 27, 28, 29, 30, 31, 32, 33, 34, 35, 36, 37], [12, 38, 39, 40, 41, 42, 43, 44, 45, 46, 47, 48, 49]]
 Time  1  USC keys  {'19,20,21,22,23,24,25_0', '16,17,18_0', '0,1,2,3,4,5,6,7_0', '8,9,10,11,13,14,15_0', '12,38,39,40,41,42,43,44,45,46,47,48,49_0', '26,27,28,29,30,31,32,33,34,35,36,37_0'}
 USC children  {'0,1,2,3,4,5,6,7_0': [1, 2], '16,17,18_0': [1], '19,20,21,22,23,24,25_0': [2], '8,9,10,11,13,14,15_0': [3, 4], '26,27,28,29,30,31,32,33,34,35,36,37_0': [3], '12,38,39,40,41,42,43,44,45,46,47,48,49_0': [4]}
 USC children  {'0,1,2,3,4,5,6,7_0': [1, 2], '16,17,18_0': [1], '19,20,21,22,23,24,25_0': [2], '8,9,10,11,13,14,15_0': [3, 4], '26,27,28,29,30,31,32,33,34,35,36,37_0': [3], '12,38,39,40,41,42,43,44,45,46,47,48,49_0': [4]}
 Timepoint ====  2
 Hash table  {}
====== Inside find superset of t nodes ==========
 Final possible usc  []
 Time  2  USC keys  set()
 USC children  {'0,1,2,3,4,5,6,7_0': [1, 2], '16,17,18_0': [1], '19,20,21,22,23,24,25_0': [2], '8,9,10,11,13,14,15_0': [3, 4], '26,27,28,29,30,31,32,33,34,35,36,37_0': [3], '12,38,39,40,41,42,43,44,45,46,47,48,49_0': [4]}
 USC children  {'0,1,2,3,4,5,6,7_0': [1, 2], '16,17,18_0': [1], '19,20,21,22,23,24,25_0': [2], '8,9,10,11,13,14,15_0': [3, 4], '26,27,28,29,30,31,32,33,34,35,36,37_0': [3], '12,38,39,40,41,42,43,44,45,46,47,48,49_0': [4]}
 Node s  {'1,2': ['0', '1', '2', '3', '4', '5', '6', '7'], '3,4': ['8', '9', '10', '11', '13', '14', '15']}
 Enroll USC nodes  ['1', '2']  len  2
 Enroll USC nodes  ['3', '4']  len  2
 Node TP  SortedDict({1: [0], 2: [1, 2, 3, 4], 3: [5]})
 Unobserved subclones at timepoints  {1.5: [6, 7]}
 ============== Inside finding node v ============ 
 Time  2
 Time  3
 Sorted all timepoints  [1, 1.5, 2, 3]
 Timepoint  2
 Inside usc_node check  2
 Timepoint  3
0   1   [-1]   subclone   []   []
1   2   [6]   subclone   [0, 1, 2, 3, 4, 5, 6, 7, 16, 17, 18]   [3]
2   2   [6]   subclone   [0, 1, 2, 3, 4, 5, 6, 7, 19, 20, 21, 22, 23, 24, 25]   [7]
3   2   [7]   subclone   [8, 9, 10, 11, 13, 14, 15, 26, 27, 28, 29, 30, 31, 32, 33, 34, 35, 36, 37]   [12]
4   2   [7]   subclone   [8, 9, 10, 11, 12, 13, 14, 15, 38, 39, 40, 41, 42, 43, 44, 45, 46, 47, 48, 49]   [13]
5   3   [4]   subclone   [8, 9, 10, 11, 12, 13, 14, 15, 38, 39, 40, 41, 42, 43, 44, 45, 46, 47, 48, 49]   [0]
6   1.5   [0]   unobserved subclone   [0, 1, 2, 3, 4, 5, 6, 7]   [8]
7   1.5   [0]   unobserved subclone   [8, 9, 10, 11, 13, 14, 15]   [7]
4
 Total estimated FP  147  True negatives  14624
 Total estimated FN  1843  True positives  7386
 Estimated FP rate  0.01951
 Estimated FN rate  0.11
 No. of Cells in each cluster  {'3_2': 30, '1_2': 38, '2_2': 3, '0_2': 29, '0_3': 500}
 Cells in each cluster  {'3_2': [0, 1, 2, 3, 4, 5, 6, 7, 8, 9, 10, 11, 12, 13, 14, 15, 16, 17, 18, 19, 20, 21, 22, 23, 24, 25, 26, 27, 28, 29], '1_2': [30, 31, 32, 33, 34, 35, 36, 37, 38, 39, 40, 41, 42, 43, 44, 45, 46, 47, 48, 49, 50, 51, 52, 53, 54, 55, 56, 57, 58, 59, 60, 61, 62, 63, 64, 65, 66, 67], '2_2': [68, 69, 70], '0_2': [71, 72, 73, 74, 75, 76, 77, 78, 79, 80, 81, 82, 83, 84, 85, 86, 87, 88, 89, 90, 91, 92, 93, 94, 95, 96, 97, 98, 99], '0_3': [100, 101, 102, 103, 104, 105, 106, 107, 108, 109, 110, 111, 112, 113, 114, 115, 116, 117, 118, 119, 120, 121, 122, 123, 124, 125, 126, 127, 128, 129, 130, 131, 132, 133, 134, 135, 136, 137, 138, 139, 140, 141, 142, 143, 144, 145, 146, 147, 148, 149, 150, 151, 152, 153, 154, 155, 156, 157, 158, 159, 160, 161, 162, 163, 164, 165, 166, 167, 168, 169, 170, 171, 172, 173, 174, 175, 176, 177, 178, 179, 180, 181, 182, 183, 184, 185, 186, 187, 188, 189, 190, 191, 192, 193, 194, 195, 196, 197, 198, 199, 200, 201, 202, 203, 204, 205, 206, 207, 208, 209, 210, 211, 212, 213, 214, 215, 216, 217, 218, 219, 220, 221, 222, 223, 224, 225, 226, 227, 228, 229, 230, 231, 232, 233, 234, 235, 236, 237, 238, 239, 240, 241, 242, 243, 244, 245, 246, 247, 248, 249, 250, 251, 252, 253, 254, 255, 256, 257, 258, 259, 260, 261, 262, 263, 264, 265, 266, 267, 268, 269, 270, 271, 272, 273, 274, 275, 276, 277, 278, 279, 280, 281, 282, 283, 284, 285, 286, 287, 288, 289, 290, 291, 292, 293, 294, 295, 296, 297, 298, 299, 300, 301, 302, 303, 304, 305, 306, 307, 308, 309, 310, 311, 312, 313, 314, 315, 316, 317, 318, 319, 320, 321, 322, 323, 324, 325, 326, 327, 328, 329, 330, 331, 332, 333, 334, 335, 336, 337, 338, 339, 340, 341, 342, 343, 344, 345, 346, 347, 348, 349, 350, 351, 352, 353, 354, 355, 356, 357, 358, 359, 360, 361, 362, 363, 364, 365, 366, 367, 368, 369, 370, 371, 372, 373, 374, 375, 376, 377, 378, 379, 380, 381, 382, 383, 384, 385, 386, 387, 388, 389, 390, 391, 392, 393, 394, 395, 396, 397, 398, 399, 400, 401, 402, 403, 404, 405, 406, 407, 408, 409, 410, 411, 412, 413, 414, 415, 416, 417, 418, 419, 420, 421, 422, 423, 424, 425, 426, 427, 428, 429, 430, 431, 432, 433, 434, 435, 436, 437, 438, 439, 440, 441, 442, 443, 444, 445, 446, 447, 448, 449, 450, 451, 452, 453, 454, 455, 456, 457, 458, 459, 460, 461, 462, 463, 464, 465, 466, 467, 468, 469, 470, 471, 472, 473, 474, 475, 476, 477, 478, 479, 480, 481, 482, 483, 484, 485, 486, 487, 488, 489, 490, 491, 492, 493, 494, 495, 496, 497, 498, 499, 500, 501, 502, 503, 504, 505, 506, 507, 508, 509, 510, 511, 512, 513, 514, 515, 516, 517, 518, 519, 520, 521, 522, 523, 524, 525, 526, 527, 528, 529, 530, 531, 532, 533, 534, 535, 536, 537, 538, 539, 540, 541, 542, 543, 544, 545, 546, 547, 548, 549, 550, 551, 552, 553, 554, 555, 556, 557, 558, 559, 560, 561, 562, 563, 564, 565, 566, 567, 568, 569, 570, 571, 572, 573, 574, 575, 576, 577, 578, 579, 580, 581, 582, 583, 584, 585, 586, 587, 588, 589, 590, 591, 592, 593, 594, 595, 596, 597, 598, 599]}
FP rate  0.01951 FN rate  0.11
 Before reassigning cells 
 Timepoint  2
 Cluster  3  # of cells  30
 Cluster  1  # of cells  38
 Cluster  2  # of cells  3
 Cluster  0  # of cells  29
 Timepoint  3
 Cluster  0  # of cells  500
 Cells absent at timepoint  2   set()
 Cells absent at timepoint  3   set()
 Timepoint  2
 Timepoint  3
 After reassigning and merging cells 
 Timepoint  2
 Cluster  3  # of cells  30
 Cluster  1  # of cells  38
 Cluster  2  # of cells  3
 Cluster  0  # of cells  29
 Timepoint  3
 Cluster  0  # of cells  500
 Tp cluster cell dict  {'3_2': 30, '1_2': 38, '2_2': 3, '0_2': 29, '0_3': 500}
 New Graph is here 
 ID  0  Timepoint  1  Mutations  []  Type  subclone
 ID  1  Timepoint  2  Mutations  [0, 1, 2, 3, 4, 5, 6, 7, 16, 17, 18]  Type  subclone
 ID  2  Timepoint  2  Mutations  [0, 1, 2, 3, 4, 5, 6, 7, 19, 20, 21, 22, 23, 24, 25]  Type  subclone
 ID  3  Timepoint  2  Mutations  [8, 9, 10, 11, 13, 14, 15, 26, 27, 28, 29, 30, 31, 32, 33, 34, 35, 36, 37]  Type  subclone
 ID  4  Timepoint  2  Mutations  [8, 9, 10, 11, 12, 13, 14, 15, 38, 39, 40, 41, 42, 43, 44, 45, 46, 47, 48, 49]  Type  subclone
 ID  5  Timepoint  3  Mutations  [8, 9, 10, 11, 12, 13, 14, 15, 38, 39, 40, 41, 42, 43, 44, 45, 46, 47, 48, 49]  Type  subclone
Timepoints  SortedDict({1: [0], 2: [1, 2, 3, 4], 3: [5]})
 Clone to nodes  {'3_2': 1, '1_2': 2, '2_2': 3, '0_2': 4, '0_3': 5}
 Timepoint ====  1
 Hash table  {'0,1': [0, 1, 2, 3, 4, 5, 6, 7], '0': [16, 17, 18], '1': [19, 20, 21, 22, 23, 24, 25], '2,3': [8, 9, 10, 11, 13, 14, 15], '2': [26, 27, 28, 29, 30, 31, 32, 33, 34, 35, 36, 37], '3': [12, 38, 39, 40, 41, 42, 43, 44, 45, 46, 47, 48, 49]}
 Final possible usc  [[0, 1, 2, 3, 4, 5, 6, 7], [16, 17, 18], [19, 20, 21, 22, 23, 24, 25], [8, 9, 10, 11, 13, 14, 15], [26, 27, 28, 29, 30, 31, 32, 33, 34, 35, 36, 37], [12, 38, 39, 40, 41, 42, 43, 44, 45, 46, 47, 48, 49]]
 Time  1  USC keys  {'0,1,2,3,4,5,6,7_0', '12,38,39,40,41,42,43,44,45,46,47,48,49_0', '26,27,28,29,30,31,32,33,34,35,36,37_0', '8,9,10,11,13,14,15_0', '19,20,21,22,23,24,25_0', '16,17,18_0'}
 USC children  {'0,1,2,3,4,5,6,7_0': [1, 2], '16,17,18_0': [1], '19,20,21,22,23,24,25_0': [2], '8,9,10,11,13,14,15_0': [3, 4], '26,27,28,29,30,31,32,33,34,35,36,37_0': [3], '12,38,39,40,41,42,43,44,45,46,47,48,49_0': [4]}
 USC children  {'0,1,2,3,4,5,6,7_0': [1, 2], '16,17,18_0': [1], '19,20,21,22,23,24,25_0': [2], '8,9,10,11,13,14,15_0': [3, 4], '26,27,28,29,30,31,32,33,34,35,36,37_0': [3], '12,38,39,40,41,42,43,44,45,46,47,48,49_0': [4]}
 Timepoint ====  2
 Hash table  {}
====== Inside find superset of t nodes ==========
 Final possible usc  []
 Time  2  USC keys  set()
 USC children  {'0,1,2,3,4,5,6,7_0': [1, 2], '16,17,18_0': [1], '19,20,21,22,23,24,25_0': [2], '8,9,10,11,13,14,15_0': [3, 4], '26,27,28,29,30,31,32,33,34,35,36,37_0': [3], '12,38,39,40,41,42,43,44,45,46,47,48,49_0': [4]}
 USC children  {'0,1,2,3,4,5,6,7_0': [1, 2], '16,17,18_0': [1], '19,20,21,22,23,24,25_0': [2], '8,9,10,11,13,14,15_0': [3, 4], '26,27,28,29,30,31,32,33,34,35,36,37_0': [3], '12,38,39,40,41,42,43,44,45,46,47,48,49_0': [4]}
 Node s  {'1,2': ['0', '1', '2', '3', '4', '5', '6', '7'], '3,4': ['8', '9', '10', '11', '13', '14', '15']}
 Enroll USC nodes  ['1', '2']  len  2
 Enroll USC nodes  ['3', '4']  len  2
 Node TP  SortedDict({1: [0], 2: [1, 2, 3, 4], 3: [5]})
 Unobserved subclones at timepoints  {1.5: [6, 7]}
 ============== Inside finding node v ============ 
 Time  2
 Time  3
 Sorted all timepoints  [1, 1.5, 2, 3]
 Timepoint  2
 Inside usc_node check  2
 Timepoint  3
0   1   [-1]   subclone   []   []
1   2   [6]   subclone   [0, 1, 2, 3, 4, 5, 6, 7, 16, 17, 18]   [3]
2   2   [6]   subclone   [0, 1, 2, 3, 4, 5, 6, 7, 19, 20, 21, 22, 23, 24, 25]   [7]
3   2   [7]   subclone   [8, 9, 10, 11, 13, 14, 15, 26, 27, 28, 29, 30, 31, 32, 33, 34, 35, 36, 37]   [12]
4   2   [7]   subclone   [8, 9, 10, 11, 12, 13, 14, 15, 38, 39, 40, 41, 42, 43, 44, 45, 46, 47, 48, 49]   [13]
5   3   [4]   subclone   [8, 9, 10, 11, 12, 13, 14, 15, 38, 39, 40, 41, 42, 43, 44, 45, 46, 47, 48, 49]   [0]
6   1.5   [0]   unobserved subclone   [0, 1, 2, 3, 4, 5, 6, 7]   [8]
7   1.5   [0]   unobserved subclone   [8, 9, 10, 11, 13, 14, 15]   [7]
 List of tree files  ['all_trees/default_rep1_m1_tree.csv', 'all_trees/default_rep1_m2_tree.csv', 'all_trees/default_rep1_m3_tree.csv', 'all_trees/default_rep1_m4_tree.csv', 'all_trees/default_rep1_m5_tree.csv']
{'1': ['0', '1', '2', '3', '4', '5', '6', '7', '16', '17', '18'], '2': ['0', '1', '2', '3', '4', '5', '6', '7', '19', '20', '21', '22', '23', '24', '25'], '3': ['8', '9', '10', '11', '13', '14', '15', '26', '27', '28', '29', '30', '31', '32', '33', '34', '35', '36', '37'], '4': ['8', '9', '10', '11', '12', '13', '14', '15', '38', '39', '40', '41', '42', '43', '44', '45', '46', '47', '48', '49'], '5': ['8', '9', '10', '11', '12', '13', '14', '15', '38', '39', '40', '41', '42', '43', '44', '45', '46', '47', '48', '49'], '6': ['0', '1', '2', '3', '4', '5', '6', '7'], '7': ['8', '9', '10', '11', '13', '14', '15']}
 Actual mutation of  1   ['16', '18', '17']
 Actual mutation of  2   ['25', '22', '24', '20', '21', '19', '23']
 Actual mutation of  3   ['29', '31', '27', '33', '26', '37', '32', '34', '30', '35', '36', '28']
 Actual mutation of  4   ['45', '46', '38', '44', '48', '39', '41', '47', '43', '42', '49', '12', '40']
 Actual mutation of  5   []
 Updated node mutation  {'1': ['16', '18', '17'], '2': ['25', '22', '24', '20', '21', '19', '23'], '3': ['29', '31', '27', '33', '26', '37', '32', '34', '30', '35', '36', '28'], '4': ['45', '46', '38', '44', '48', '39', '41', '47', '43', '42', '49', '12', '40'], '5': [], '6': ['0', '1', '2', '3', '4', '5', '6', '7'], '7': ['8', '9', '10', '11', '13', '14', '15']}
{'1': ['0', '1', '2', '3', '4', '5', '6', '7', '16', '17', '18'], '2': ['0', '1', '2', '3', '4', '5', '6', '7', '19', '20', '21', '22', '23', '24', '25'], '3': ['8', '9', '10', '11', '13', '14', '15', '26', '27', '28', '29', '30', '31', '32', '33', '34', '35', '36', '37'], '4': ['8', '9', '10', '11', '12', '13', '14', '15', '38', '39', '40', '41', '42', '43', '44', '45', '46', '47', '48', '49'], '5': ['8', '9', '10', '11', '12', '13', '14', '15', '38', '39', '40', '41', '42', '43', '44', '45', '46', '47', '48', '49'], '6': ['0', '1', '2', '3', '4', '5', '6', '7'], '7': ['8', '9', '10', '11', '13', '14', '15']}
 Actual mutation of  1   ['16', '18', '17']
 Actual mutation of  2   ['25', '22', '24', '20', '21', '19', '23']
 Actual mutation of  3   ['29', '31', '27', '33', '26', '37', '32', '34', '30', '35', '36', '28']
 Actual mutation of  4   ['45', '46', '38', '44', '48', '39', '41', '47', '43', '42', '49', '12', '40']
 Actual mutation of  5   []
 Updated node mutation  {'1': ['16', '18', '17'], '2': ['25', '22', '24', '20', '21', '19', '23'], '3': ['29', '31', '27', '33', '26', '37', '32', '34', '30', '35', '36', '28'], '4': ['45', '46', '38', '44', '48', '39', '41', '47', '43', '42', '49', '12', '40'], '5': [], '6': ['0', '1', '2', '3', '4', '5', '6', '7'], '7': ['8', '9', '10', '11', '13', '14', '15']}
{'1': ['0', '1', '2', '3', '4', '5', '6', '7', '16', '17', '18'], '2': ['0', '1', '2', '3', '4', '5', '6', '7', '19', '20', '21', '22', '23', '24', '25'], '3': ['8', '9', '10', '11', '13', '14', '15', '26', '27', '28', '29', '30', '31', '32', '33', '34', '35', '36', '37'], '4': ['8', '9', '10', '11', '12', '13', '14', '15', '38', '39', '40', '41', '42', '43', '44', '45', '46', '47', '48', '49'], '5': ['8', '9', '10', '11', '12', '13', '14', '15', '38', '39', '40', '41', '42', '43', '44', '45', '46', '47', '48', '49'], '6': ['0', '1', '2', '3', '4', '5', '6', '7'], '7': ['8', '9', '10', '11', '13', '14', '15']}
 Actual mutation of  1   ['16', '18', '17']
 Actual mutation of  2   ['25', '22', '24', '20', '21', '19', '23']
 Actual mutation of  3   ['29', '31', '27', '33', '26', '37', '32', '34', '30', '35', '36', '28']
 Actual mutation of  4   ['45', '46', '38', '44', '48', '39', '41', '47', '43', '42', '49', '12', '40']
 Actual mutation of  5   []
 Updated node mutation  {'1': ['16', '18', '17'], '2': ['25', '22', '24', '20', '21', '19', '23'], '3': ['29', '31', '27', '33', '26', '37', '32', '34', '30', '35', '36', '28'], '4': ['45', '46', '38', '44', '48', '39', '41', '47', '43', '42', '49', '12', '40'], '5': [], '6': ['0', '1', '2', '3', '4', '5', '6', '7'], '7': ['8', '9', '10', '11', '13', '14', '15']}
{'1': ['0', '1', '2', '3', '4', '5', '6', '7', '16', '17', '18'], '2': ['0', '1', '2', '3', '4', '5', '6', '7', '19', '20', '21', '22', '23', '24', '25'], '3': ['8', '9', '10', '11', '13', '14', '15', '26', '27', '28', '29', '30', '31', '32', '33', '34', '35', '36', '37'], '4': ['8', '9', '10', '11', '12', '13', '14', '15', '38', '39', '40', '41', '42', '43', '44', '45', '46', '47', '48', '49'], '5': ['8', '9', '10', '11', '12', '13', '14', '15', '38', '39', '40', '41', '42', '43', '44', '45', '46', '47', '48', '49'], '6': ['0', '1', '2', '3', '4', '5', '6', '7'], '7': ['8', '9', '10', '11', '13', '14', '15']}
 Actual mutation of  1   ['16', '18', '17']
 Actual mutation of  2   ['25', '22', '24', '20', '21', '19', '23']
 Actual mutation of  3   ['29', '31', '27', '33', '26', '37', '32', '34', '30', '35', '36', '28']
 Actual mutation of  4   ['45', '46', '38', '44', '48', '39', '41', '47', '43', '42', '49', '12', '40']
 Actual mutation of  5   []
 Updated node mutation  {'1': ['16', '18', '17'], '2': ['25', '22', '24', '20', '21', '19', '23'], '3': ['29', '31', '27', '33', '26', '37', '32', '34', '30', '35', '36', '28'], '4': ['45', '46', '38', '44', '48', '39', '41', '47', '43', '42', '49', '12', '40'], '5': [], '6': ['0', '1', '2', '3', '4', '5', '6', '7'], '7': ['8', '9', '10', '11', '13', '14', '15']}
{'1': ['0', '1', '2', '3', '4', '5', '6', '7', '16', '17', '18'], '2': ['0', '1', '2', '3', '4', '5', '6', '7', '19', '20', '21', '22', '23', '24', '25'], '3': ['8', '9', '10', '11', '13', '14', '15', '26', '27', '28', '29', '30', '31', '32', '33', '34', '35', '36', '37'], '4': ['8', '9', '10', '11', '12', '13', '14', '15', '38', '39', '40', '41', '42', '43', '44', '45', '46', '47', '48', '49'], '5': ['8', '9', '10', '11', '12', '13', '14', '15', '38', '39', '40', '41', '42', '43', '44', '45', '46', '47', '48', '49'], '6': ['0', '1', '2', '3', '4', '5', '6', '7'], '7': ['8', '9', '10', '11', '13', '14', '15']}
 Actual mutation of  1   ['16', '18', '17']
 Actual mutation of  2   ['25', '22', '24', '20', '21', '19', '23']
 Actual mutation of  3   ['29', '31', '27', '33', '26', '37', '32', '34', '30', '35', '36', '28']
 Actual mutation of  4   ['45', '46', '38', '44', '48', '39', '41', '47', '43', '42', '49', '12', '40']
 Actual mutation of  5   []
 Updated node mutation  {'1': ['16', '18', '17'], '2': ['25', '22', '24', '20', '21', '19', '23'], '3': ['29', '31', '27', '33', '26', '37', '32', '34', '30', '35', '36', '28'], '4': ['45', '46', '38', '44', '48', '39', '41', '47', '43', '42', '49', '12', '40'], '5': [], '6': ['0', '1', '2', '3', '4', '5', '6', '7'], '7': ['8', '9', '10', '11', '13', '14', '15']}
 Parallel mutation count  {'m1': 0, 'm2': 0, 'm3': 0, 'm4': 0, 'm5': 0}
 Clusters with least parallel mutations  ['m1', 'm2', 'm3', 'm4', 'm5']
 Cluster nos for each run  {'m1': 6, 'm2': 6, 'm3': 7, 'm4': 12, 'm5': 4}
 Run  m5
 Base path  ['default', 'rep1', 'm1', 'tree.csv']
 Best tree path  default_rep1_m5_tree.csv
