4
 Total estimated FP  112  True negatives  10593
 Total estimated FN  922  True positives  3733
 Estimated FP rate  0.02913
 Estimated FN rate  0.08
 No. of Cells in each cluster  {'1_2': 83, '1_3': 219, '3_2': 17, '0_3': 192, '2_3': 89}
 Cells in each cluster  {'1_2': [0, 1, 2, 3, 4, 5, 6, 7, 8, 9, 10, 11, 12, 13, 14, 15, 16, 17, 18, 19, 20, 21, 22, 23, 24, 25, 26, 27, 28, 29, 30, 31, 32, 33, 34, 35, 36, 37, 38, 39, 40, 41, 42, 43, 44, 45, 46, 47, 48, 49, 50, 51, 52, 53, 54, 55, 56, 57, 58, 59, 60, 61, 62, 63, 64, 65, 66, 67, 68, 69, 70, 71, 72, 73, 74, 75, 76, 77, 78, 79, 80, 81, 82], '1_3': [381, 382, 383, 384, 385, 386, 387, 388, 389, 390, 391, 392, 393, 394, 395, 396, 397, 398, 399, 400, 401, 402, 403, 404, 405, 406, 407, 408, 409, 410, 411, 412, 413, 414, 415, 416, 417, 418, 419, 420, 421, 422, 423, 424, 425, 426, 427, 428, 429, 430, 431, 432, 433, 434, 435, 436, 437, 438, 439, 440, 441, 442, 443, 444, 445, 446, 447, 448, 449, 450, 451, 452, 453, 454, 455, 456, 457, 458, 459, 460, 461, 462, 463, 464, 465, 466, 467, 468, 469, 470, 471, 472, 473, 474, 475, 476, 477, 478, 479, 480, 481, 482, 483, 484, 485, 486, 487, 488, 489, 490, 491, 492, 493, 494, 495, 496, 497, 498, 499, 500, 501, 502, 503, 504, 505, 506, 507, 508, 509, 510, 511, 512, 513, 514, 515, 516, 517, 518, 519, 520, 521, 522, 523, 524, 525, 526, 527, 528, 529, 530, 531, 532, 533, 534, 535, 536, 537, 538, 539, 540, 541, 542, 543, 544, 545, 546, 547, 548, 549, 550, 551, 552, 553, 554, 555, 556, 557, 558, 559, 560, 561, 562, 563, 564, 565, 566, 567, 568, 569, 570, 571, 572, 573, 574, 575, 576, 577, 578, 579, 580, 581, 582, 583, 584, 585, 586, 587, 588, 589, 590, 591, 592, 593, 594, 595, 596, 597, 598, 599], '3_2': [83, 84, 85, 86, 87, 88, 89, 90, 91, 92, 93, 94, 95, 96, 97, 98, 99], '0_3': [100, 101, 102, 103, 104, 105, 106, 107, 108, 109, 110, 111, 112, 113, 114, 115, 116, 117, 118, 119, 120, 121, 122, 123, 124, 125, 126, 127, 128, 129, 130, 131, 132, 133, 134, 135, 136, 137, 138, 139, 140, 141, 142, 143, 144, 145, 146, 147, 148, 149, 150, 151, 152, 153, 154, 155, 156, 157, 158, 159, 160, 161, 162, 163, 164, 165, 166, 167, 168, 169, 170, 171, 172, 173, 174, 175, 176, 177, 178, 179, 180, 181, 182, 183, 184, 185, 186, 187, 188, 189, 190, 191, 192, 193, 194, 195, 196, 197, 198, 199, 200, 201, 202, 203, 204, 205, 206, 207, 208, 209, 210, 211, 212, 213, 214, 215, 216, 217, 218, 219, 220, 221, 222, 223, 224, 225, 226, 227, 228, 229, 230, 231, 232, 233, 234, 235, 236, 237, 238, 239, 240, 241, 242, 243, 244, 245, 246, 247, 248, 249, 250, 251, 252, 253, 254, 255, 256, 257, 258, 259, 260, 261, 262, 263, 264, 265, 266, 267, 268, 269, 270, 271, 272, 273, 274, 275, 276, 277, 278, 279, 280, 281, 282, 283, 284, 285, 288, 298, 303, 331, 333, 335], '2_3': [286, 287, 289, 290, 291, 292, 293, 294, 295, 296, 297, 299, 300, 301, 302, 304, 305, 306, 307, 308, 309, 310, 311, 312, 313, 314, 315, 316, 317, 318, 319, 320, 321, 322, 323, 324, 325, 326, 327, 328, 329, 330, 332, 334, 336, 337, 338, 339, 340, 341, 342, 343, 344, 345, 346, 347, 348, 349, 350, 351, 352, 353, 354, 355, 356, 357, 358, 359, 360, 361, 362, 363, 364, 365, 366, 367, 368, 369, 370, 371, 372, 373, 374, 375, 376, 377, 378, 379, 380]}
FP rate  0.02913 FN rate  0.08
 Before reassigning cells 
 Timepoint  2
 Cluster  1  # of cells  83
 Cluster  3  # of cells  17
 Timepoint  3
 Cluster  1  # of cells  219
 Cluster  0  # of cells  191
 Cluster  2  # of cells  90
 Cells absent at timepoint  2   set()
 Cells absent at timepoint  3   set()
 Timepoint  2
 Timepoint  3
 After reassigning and merging cells 
 Timepoint  2
 Cluster  1  # of cells  83
 Cluster  3  # of cells  17
 Timepoint  3
 Cluster  1  # of cells  219
 Cluster  0  # of cells  191
 Cluster  2  # of cells  90
 Tp cluster cell dict  {'1_2': 83, '3_2': 17, '1_3': 219, '0_3': 191, '2_3': 90}
 New Graph is here 
 ID  0  Timepoint  1  Mutations  []  Type  subclone
 ID  1  Timepoint  2  Mutations  [5, 6, 7, 8, 9, 10, 11, 12, 13]  Type  subclone
 ID  2  Timepoint  2  Mutations  [5, 6, 7, 8, 9, 10, 11, 12, 13, 14, 15, 16, 17, 18]  Type  subclone
 ID  3  Timepoint  3  Mutations  [5, 6, 7, 8, 9, 10, 11, 12, 13]  Type  subclone
 ID  4  Timepoint  3  Mutations  [19, 20, 21, 22, 23, 24, 25, 26, 27]  Type  subclone
 ID  5  Timepoint  3  Mutations  [19, 20, 21, 22, 23, 24, 25, 26, 27, 28, 29, 30, 31]  Type  subclone
Timepoints  SortedDict({1: [0], 2: [1, 2], 3: [3, 4, 5]})
 Clone to nodes  {'1_2': 1, '3_2': 2, '1_3': 3, '0_3': 4, '2_3': 5}
 Timepoint ====  1
 Hash table  {'0,1': [5, 6, 7, 8, 9, 10, 11, 12, 13], '1': [14, 15, 16, 17, 18]}
 Final possible usc  [[5, 6, 7, 8, 9, 10, 11, 12, 13], [14, 15, 16, 17, 18]]
 Time  1  USC keys  {'5,6,7,8,9,10,11,12,13_0', '14,15,16,17,18_0'}
 USC children  {'5,6,7,8,9,10,11,12,13_0': [1, 2], '14,15,16,17,18_0': [2]}
 USC children  {'5,6,7,8,9,10,11,12,13_0': [1, 2], '14,15,16,17,18_0': [2]}
 Timepoint ====  2
 Hash table  {'0,1': [19, 20, 21, 22, 23, 24, 25, 26, 27], '1': [28, 29, 30, 31]}
====== Inside find superset of t nodes ==========
 Final possible usc  []
 Time  2  USC keys  set()
 USC children  {'5,6,7,8,9,10,11,12,13_0': [1, 2], '14,15,16,17,18_0': [2]}
 USC children  {'5,6,7,8,9,10,11,12,13_0': [1, 2], '14,15,16,17,18_0': [2]}
 Node s  {'1,2': ['5', '6', '7', '8', '9', '10', '11', '12', '13']}
 Enroll USC nodes  ['1', '2']  len  2
 Node TP  SortedDict({1: [0], 2: [1, 2], 3: [3, 4, 5]})
 Unobserved subclones at timepoints  {1.5: [6]}
 ============== Inside finding node v ============ 
 Time  2
 Time  3
 largest_v_mut  []
 largest_v_mut  []
 Sorted all timepoints  [1, 1.5, 2, 3]
 Timepoint  2
 Inside usc_node check  2
 Timepoint  3
 Node  4  has no parent 
 USC nodes  []
 Node with minimum mutation sets  {1: 9, 2: 14}
 Node  5  has no parent 
 USC nodes  []
 Node with minimum mutation sets  {1: 9, 2: 14}
0   1   [-1]   subclone   []   []
1   2   [6]   subclone   [5, 6, 7, 8, 9, 10, 11, 12, 13]   [0]
2   2   [6]   subclone   [5, 6, 7, 8, 9, 10, 11, 12, 13, 14, 15, 16, 17, 18]   [5]
3   3   [1]   subclone   [5, 6, 7, 8, 9, 10, 11, 12, 13]   [0]
4   3   [1]   subclone   [19, 20, 21, 22, 23, 24, 25, 26, 27]   [9]
5   3   [1]   subclone   [19, 20, 21, 22, 23, 24, 25, 26, 27, 28, 29, 30, 31]   [13]
6   1.5   [0]   unobserved subclone   [5, 6, 7, 8, 9, 10, 11, 12, 13]   [9]
4
 Total estimated FP  112  True negatives  10593
 Total estimated FN  922  True positives  3733
 Estimated FP rate  0.02913
 Estimated FN rate  0.08
 No. of Cells in each cluster  {'0_2': 83, '0_3': 219, '3_2': 17, '1_3': 192, '2_3': 89}
 Cells in each cluster  {'0_2': [0, 1, 2, 3, 4, 5, 6, 7, 8, 9, 10, 11, 12, 13, 14, 15, 16, 17, 18, 19, 20, 21, 22, 23, 24, 25, 26, 27, 28, 29, 30, 31, 32, 33, 34, 35, 36, 37, 38, 39, 40, 41, 42, 43, 44, 45, 46, 47, 48, 49, 50, 51, 52, 53, 54, 55, 56, 57, 58, 59, 60, 61, 62, 63, 64, 65, 66, 67, 68, 69, 70, 71, 72, 73, 74, 75, 76, 77, 78, 79, 80, 81, 82], '0_3': [381, 382, 383, 384, 385, 386, 387, 388, 389, 390, 391, 392, 393, 394, 395, 396, 397, 398, 399, 400, 401, 402, 403, 404, 405, 406, 407, 408, 409, 410, 411, 412, 413, 414, 415, 416, 417, 418, 419, 420, 421, 422, 423, 424, 425, 426, 427, 428, 429, 430, 431, 432, 433, 434, 435, 436, 437, 438, 439, 440, 441, 442, 443, 444, 445, 446, 447, 448, 449, 450, 451, 452, 453, 454, 455, 456, 457, 458, 459, 460, 461, 462, 463, 464, 465, 466, 467, 468, 469, 470, 471, 472, 473, 474, 475, 476, 477, 478, 479, 480, 481, 482, 483, 484, 485, 486, 487, 488, 489, 490, 491, 492, 493, 494, 495, 496, 497, 498, 499, 500, 501, 502, 503, 504, 505, 506, 507, 508, 509, 510, 511, 512, 513, 514, 515, 516, 517, 518, 519, 520, 521, 522, 523, 524, 525, 526, 527, 528, 529, 530, 531, 532, 533, 534, 535, 536, 537, 538, 539, 540, 541, 542, 543, 544, 545, 546, 547, 548, 549, 550, 551, 552, 553, 554, 555, 556, 557, 558, 559, 560, 561, 562, 563, 564, 565, 566, 567, 568, 569, 570, 571, 572, 573, 574, 575, 576, 577, 578, 579, 580, 581, 582, 583, 584, 585, 586, 587, 588, 589, 590, 591, 592, 593, 594, 595, 596, 597, 598, 599], '3_2': [83, 84, 85, 86, 87, 88, 89, 90, 91, 92, 93, 94, 95, 96, 97, 98, 99], '1_3': [100, 101, 102, 103, 104, 105, 106, 107, 108, 109, 110, 111, 112, 113, 114, 115, 116, 117, 118, 119, 120, 121, 122, 123, 124, 125, 126, 127, 128, 129, 130, 131, 132, 133, 134, 135, 136, 137, 138, 139, 140, 141, 142, 143, 144, 145, 146, 147, 148, 149, 150, 151, 152, 153, 154, 155, 156, 157, 158, 159, 160, 161, 162, 163, 164, 165, 166, 167, 168, 169, 170, 171, 172, 173, 174, 175, 176, 177, 178, 179, 180, 181, 182, 183, 184, 185, 186, 187, 188, 189, 190, 191, 192, 193, 194, 195, 196, 197, 198, 199, 200, 201, 202, 203, 204, 205, 206, 207, 208, 209, 210, 211, 212, 213, 214, 215, 216, 217, 218, 219, 220, 221, 222, 223, 224, 225, 226, 227, 228, 229, 230, 231, 232, 233, 234, 235, 236, 237, 238, 239, 240, 241, 242, 243, 244, 245, 246, 247, 248, 249, 250, 251, 252, 253, 254, 255, 256, 257, 258, 259, 260, 261, 262, 263, 264, 265, 266, 267, 268, 269, 270, 271, 272, 273, 274, 275, 276, 277, 278, 279, 280, 281, 282, 283, 284, 285, 288, 298, 303, 331, 333, 335], '2_3': [286, 287, 289, 290, 291, 292, 293, 294, 295, 296, 297, 299, 300, 301, 302, 304, 305, 306, 307, 308, 309, 310, 311, 312, 313, 314, 315, 316, 317, 318, 319, 320, 321, 322, 323, 324, 325, 326, 327, 328, 329, 330, 332, 334, 336, 337, 338, 339, 340, 341, 342, 343, 344, 345, 346, 347, 348, 349, 350, 351, 352, 353, 354, 355, 356, 357, 358, 359, 360, 361, 362, 363, 364, 365, 366, 367, 368, 369, 370, 371, 372, 373, 374, 375, 376, 377, 378, 379, 380]}
FP rate  0.02913 FN rate  0.08
 Before reassigning cells 
 Timepoint  2
 Cluster  0  # of cells  83
 Cluster  3  # of cells  17
 Timepoint  3
 Cluster  0  # of cells  219
 Cluster  1  # of cells  191
 Cluster  2  # of cells  90
 Cells absent at timepoint  2   set()
 Cells absent at timepoint  3   set()
 Timepoint  2
 Timepoint  3
 After reassigning and merging cells 
 Timepoint  2
 Cluster  0  # of cells  83
 Cluster  3  # of cells  17
 Timepoint  3
 Cluster  0  # of cells  219
 Cluster  1  # of cells  191
 Cluster  2  # of cells  90
 Tp cluster cell dict  {'0_2': 83, '3_2': 17, '0_3': 219, '1_3': 191, '2_3': 90}
 New Graph is here 
 ID  0  Timepoint  1  Mutations  []  Type  subclone
 ID  1  Timepoint  2  Mutations  [5, 6, 7, 8, 9, 10, 11, 12, 13]  Type  subclone
 ID  2  Timepoint  2  Mutations  [5, 6, 7, 8, 9, 10, 11, 12, 13, 14, 15, 16, 17, 18]  Type  subclone
 ID  3  Timepoint  3  Mutations  [5, 6, 7, 8, 9, 10, 11, 12, 13]  Type  subclone
 ID  4  Timepoint  3  Mutations  [19, 20, 21, 22, 23, 24, 25, 26, 27]  Type  subclone
 ID  5  Timepoint  3  Mutations  [19, 20, 21, 22, 23, 24, 25, 26, 27, 28, 29, 30, 31]  Type  subclone
Timepoints  SortedDict({1: [0], 2: [1, 2], 3: [3, 4, 5]})
 Clone to nodes  {'0_2': 1, '3_2': 2, '0_3': 3, '1_3': 4, '2_3': 5}
 Timepoint ====  1
 Hash table  {'0,1': [5, 6, 7, 8, 9, 10, 11, 12, 13], '1': [14, 15, 16, 17, 18]}
 Final possible usc  [[5, 6, 7, 8, 9, 10, 11, 12, 13], [14, 15, 16, 17, 18]]
 Time  1  USC keys  {'14,15,16,17,18_0', '5,6,7,8,9,10,11,12,13_0'}
 USC children  {'5,6,7,8,9,10,11,12,13_0': [1, 2], '14,15,16,17,18_0': [2]}
 USC children  {'5,6,7,8,9,10,11,12,13_0': [1, 2], '14,15,16,17,18_0': [2]}
 Timepoint ====  2
 Hash table  {'0,1': [19, 20, 21, 22, 23, 24, 25, 26, 27], '1': [28, 29, 30, 31]}
====== Inside find superset of t nodes ==========
 Final possible usc  []
 Time  2  USC keys  set()
 USC children  {'5,6,7,8,9,10,11,12,13_0': [1, 2], '14,15,16,17,18_0': [2]}
 USC children  {'5,6,7,8,9,10,11,12,13_0': [1, 2], '14,15,16,17,18_0': [2]}
 Node s  {'1,2': ['5', '6', '7', '8', '9', '10', '11', '12', '13']}
 Enroll USC nodes  ['1', '2']  len  2
 Node TP  SortedDict({1: [0], 2: [1, 2], 3: [3, 4, 5]})
 Unobserved subclones at timepoints  {1.5: [6]}
 ============== Inside finding node v ============ 
 Time  2
 Time  3
 largest_v_mut  []
 largest_v_mut  []
 Sorted all timepoints  [1, 1.5, 2, 3]
 Timepoint  2
 Inside usc_node check  2
 Timepoint  3
 Node  4  has no parent 
 USC nodes  []
 Node with minimum mutation sets  {1: 9, 2: 14}
 Node  5  has no parent 
 USC nodes  []
 Node with minimum mutation sets  {1: 9, 2: 14}
0   1   [-1]   subclone   []   []
1   2   [6]   subclone   [5, 6, 7, 8, 9, 10, 11, 12, 13]   [0]
2   2   [6]   subclone   [5, 6, 7, 8, 9, 10, 11, 12, 13, 14, 15, 16, 17, 18]   [5]
3   3   [1]   subclone   [5, 6, 7, 8, 9, 10, 11, 12, 13]   [0]
4   3   [1]   subclone   [19, 20, 21, 22, 23, 24, 25, 26, 27]   [9]
5   3   [1]   subclone   [19, 20, 21, 22, 23, 24, 25, 26, 27, 28, 29, 30, 31]   [13]
6   1.5   [0]   unobserved subclone   [5, 6, 7, 8, 9, 10, 11, 12, 13]   [9]
4
 Total estimated FP  112  True negatives  10593
 Total estimated FN  922  True positives  3733
 Estimated FP rate  0.02913
 Estimated FN rate  0.08
 No. of Cells in each cluster  {'0_2': 83, '0_3': 219, '3_2': 17, '1_3': 192, '2_3': 89}
 Cells in each cluster  {'0_2': [0, 1, 2, 3, 4, 5, 6, 7, 8, 9, 10, 11, 12, 13, 14, 15, 16, 17, 18, 19, 20, 21, 22, 23, 24, 25, 26, 27, 28, 29, 30, 31, 32, 33, 34, 35, 36, 37, 38, 39, 40, 41, 42, 43, 44, 45, 46, 47, 48, 49, 50, 51, 52, 53, 54, 55, 56, 57, 58, 59, 60, 61, 62, 63, 64, 65, 66, 67, 68, 69, 70, 71, 72, 73, 74, 75, 76, 77, 78, 79, 80, 81, 82], '0_3': [381, 382, 383, 384, 385, 386, 387, 388, 389, 390, 391, 392, 393, 394, 395, 396, 397, 398, 399, 400, 401, 402, 403, 404, 405, 406, 407, 408, 409, 410, 411, 412, 413, 414, 415, 416, 417, 418, 419, 420, 421, 422, 423, 424, 425, 426, 427, 428, 429, 430, 431, 432, 433, 434, 435, 436, 437, 438, 439, 440, 441, 442, 443, 444, 445, 446, 447, 448, 449, 450, 451, 452, 453, 454, 455, 456, 457, 458, 459, 460, 461, 462, 463, 464, 465, 466, 467, 468, 469, 470, 471, 472, 473, 474, 475, 476, 477, 478, 479, 480, 481, 482, 483, 484, 485, 486, 487, 488, 489, 490, 491, 492, 493, 494, 495, 496, 497, 498, 499, 500, 501, 502, 503, 504, 505, 506, 507, 508, 509, 510, 511, 512, 513, 514, 515, 516, 517, 518, 519, 520, 521, 522, 523, 524, 525, 526, 527, 528, 529, 530, 531, 532, 533, 534, 535, 536, 537, 538, 539, 540, 541, 542, 543, 544, 545, 546, 547, 548, 549, 550, 551, 552, 553, 554, 555, 556, 557, 558, 559, 560, 561, 562, 563, 564, 565, 566, 567, 568, 569, 570, 571, 572, 573, 574, 575, 576, 577, 578, 579, 580, 581, 582, 583, 584, 585, 586, 587, 588, 589, 590, 591, 592, 593, 594, 595, 596, 597, 598, 599], '3_2': [83, 84, 85, 86, 87, 88, 89, 90, 91, 92, 93, 94, 95, 96, 97, 98, 99], '1_3': [100, 101, 102, 103, 104, 105, 106, 107, 108, 109, 110, 111, 112, 113, 114, 115, 116, 117, 118, 119, 120, 121, 122, 123, 124, 125, 126, 127, 128, 129, 130, 131, 132, 133, 134, 135, 136, 137, 138, 139, 140, 141, 142, 143, 144, 145, 146, 147, 148, 149, 150, 151, 152, 153, 154, 155, 156, 157, 158, 159, 160, 161, 162, 163, 164, 165, 166, 167, 168, 169, 170, 171, 172, 173, 174, 175, 176, 177, 178, 179, 180, 181, 182, 183, 184, 185, 186, 187, 188, 189, 190, 191, 192, 193, 194, 195, 196, 197, 198, 199, 200, 201, 202, 203, 204, 205, 206, 207, 208, 209, 210, 211, 212, 213, 214, 215, 216, 217, 218, 219, 220, 221, 222, 223, 224, 225, 226, 227, 228, 229, 230, 231, 232, 233, 234, 235, 236, 237, 238, 239, 240, 241, 242, 243, 244, 245, 246, 247, 248, 249, 250, 251, 252, 253, 254, 255, 256, 257, 258, 259, 260, 261, 262, 263, 264, 265, 266, 267, 268, 269, 270, 271, 272, 273, 274, 275, 276, 277, 278, 279, 280, 281, 282, 283, 284, 285, 288, 298, 303, 331, 333, 335], '2_3': [286, 287, 289, 290, 291, 292, 293, 294, 295, 296, 297, 299, 300, 301, 302, 304, 305, 306, 307, 308, 309, 310, 311, 312, 313, 314, 315, 316, 317, 318, 319, 320, 321, 322, 323, 324, 325, 326, 327, 328, 329, 330, 332, 334, 336, 337, 338, 339, 340, 341, 342, 343, 344, 345, 346, 347, 348, 349, 350, 351, 352, 353, 354, 355, 356, 357, 358, 359, 360, 361, 362, 363, 364, 365, 366, 367, 368, 369, 370, 371, 372, 373, 374, 375, 376, 377, 378, 379, 380]}
FP rate  0.02913 FN rate  0.08
 Before reassigning cells 
 Timepoint  2
 Cluster  0  # of cells  83
 Cluster  3  # of cells  17
 Timepoint  3
 Cluster  0  # of cells  219
 Cluster  1  # of cells  191
 Cluster  2  # of cells  90
 Cells absent at timepoint  2   set()
 Cells absent at timepoint  3   set()
 Timepoint  2
 Timepoint  3
 After reassigning and merging cells 
 Timepoint  2
 Cluster  0  # of cells  83
 Cluster  3  # of cells  17
 Timepoint  3
 Cluster  0  # of cells  219
 Cluster  1  # of cells  191
 Cluster  2  # of cells  90
 Tp cluster cell dict  {'0_2': 83, '3_2': 17, '0_3': 219, '1_3': 191, '2_3': 90}
 New Graph is here 
 ID  0  Timepoint  1  Mutations  []  Type  subclone
 ID  1  Timepoint  2  Mutations  [5, 6, 7, 8, 9, 10, 11, 12, 13]  Type  subclone
 ID  2  Timepoint  2  Mutations  [5, 6, 7, 8, 9, 10, 11, 12, 13, 14, 15, 16, 17, 18]  Type  subclone
 ID  3  Timepoint  3  Mutations  [5, 6, 7, 8, 9, 10, 11, 12, 13]  Type  subclone
 ID  4  Timepoint  3  Mutations  [19, 20, 21, 22, 23, 24, 25, 26, 27]  Type  subclone
 ID  5  Timepoint  3  Mutations  [19, 20, 21, 22, 23, 24, 25, 26, 27, 28, 29, 30, 31]  Type  subclone
Timepoints  SortedDict({1: [0], 2: [1, 2], 3: [3, 4, 5]})
 Clone to nodes  {'0_2': 1, '3_2': 2, '0_3': 3, '1_3': 4, '2_3': 5}
 Timepoint ====  1
 Hash table  {'0,1': [5, 6, 7, 8, 9, 10, 11, 12, 13], '1': [14, 15, 16, 17, 18]}
 Final possible usc  [[5, 6, 7, 8, 9, 10, 11, 12, 13], [14, 15, 16, 17, 18]]
 Time  1  USC keys  {'14,15,16,17,18_0', '5,6,7,8,9,10,11,12,13_0'}
 USC children  {'5,6,7,8,9,10,11,12,13_0': [1, 2], '14,15,16,17,18_0': [2]}
 USC children  {'5,6,7,8,9,10,11,12,13_0': [1, 2], '14,15,16,17,18_0': [2]}
 Timepoint ====  2
 Hash table  {'0,1': [19, 20, 21, 22, 23, 24, 25, 26, 27], '1': [28, 29, 30, 31]}
====== Inside find superset of t nodes ==========
 Final possible usc  []
 Time  2  USC keys  set()
 USC children  {'5,6,7,8,9,10,11,12,13_0': [1, 2], '14,15,16,17,18_0': [2]}
 USC children  {'5,6,7,8,9,10,11,12,13_0': [1, 2], '14,15,16,17,18_0': [2]}
 Node s  {'1,2': ['5', '6', '7', '8', '9', '10', '11', '12', '13']}
 Enroll USC nodes  ['1', '2']  len  2
 Node TP  SortedDict({1: [0], 2: [1, 2], 3: [3, 4, 5]})
 Unobserved subclones at timepoints  {1.5: [6]}
 ============== Inside finding node v ============ 
 Time  2
 Time  3
 largest_v_mut  []
 largest_v_mut  []
 Sorted all timepoints  [1, 1.5, 2, 3]
 Timepoint  2
 Inside usc_node check  2
 Timepoint  3
 Node  4  has no parent 
 USC nodes  []
 Node with minimum mutation sets  {1: 9, 2: 14}
 Node  5  has no parent 
 USC nodes  []
 Node with minimum mutation sets  {1: 9, 2: 14}
0   1   [-1]   subclone   []   []
1   2   [6]   subclone   [5, 6, 7, 8, 9, 10, 11, 12, 13]   [0]
2   2   [6]   subclone   [5, 6, 7, 8, 9, 10, 11, 12, 13, 14, 15, 16, 17, 18]   [5]
3   3   [1]   subclone   [5, 6, 7, 8, 9, 10, 11, 12, 13]   [0]
4   3   [1]   subclone   [19, 20, 21, 22, 23, 24, 25, 26, 27]   [9]
5   3   [1]   subclone   [19, 20, 21, 22, 23, 24, 25, 26, 27, 28, 29, 30, 31]   [13]
6   1.5   [0]   unobserved subclone   [5, 6, 7, 8, 9, 10, 11, 12, 13]   [9]
6
 Total estimated FP  108  True negatives  10599
 Total estimated FN  916  True positives  3737
 Estimated FP rate  0.02809
 Estimated FN rate  0.08
 No. of Cells in each cluster  {'0_2': 82, '0_3': 216, '5_2': 1, '5_3': 1, '3_2': 17, '1_3': 192, '2_3': 89, '4_3': 2}
 Cells in each cluster  {'0_2': [0, 1, 2, 3, 4, 5, 6, 7, 8, 9, 10, 11, 12, 13, 14, 15, 16, 17, 18, 19, 20, 21, 22, 23, 24, 25, 26, 27, 28, 29, 30, 31, 32, 33, 34, 35, 36, 37, 38, 39, 40, 41, 42, 43, 44, 45, 46, 47, 48, 49, 50, 51, 52, 53, 54, 55, 56, 57, 58, 59, 60, 61, 62, 63, 64, 65, 66, 67, 68, 69, 70, 71, 72, 73, 74, 76, 77, 78, 79, 80, 81, 82], '0_3': [381, 382, 383, 384, 385, 386, 387, 388, 389, 390, 391, 392, 393, 394, 395, 396, 397, 398, 399, 400, 401, 402, 403, 404, 405, 406, 407, 408, 409, 410, 411, 412, 413, 414, 415, 416, 417, 418, 419, 420, 421, 422, 423, 424, 425, 426, 427, 428, 429, 430, 431, 432, 433, 434, 435, 436, 437, 438, 439, 440, 441, 442, 443, 444, 445, 446, 447, 448, 450, 451, 452, 453, 454, 455, 456, 457, 458, 459, 460, 461, 462, 463, 464, 465, 466, 467, 468, 469, 470, 471, 472, 473, 474, 475, 476, 477, 478, 479, 480, 481, 482, 483, 484, 485, 486, 487, 488, 489, 490, 491, 492, 493, 494, 495, 496, 497, 498, 499, 500, 501, 502, 503, 504, 505, 506, 507, 508, 509, 510, 511, 512, 513, 514, 515, 516, 517, 518, 519, 520, 521, 522, 523, 524, 525, 526, 527, 528, 529, 530, 531, 532, 533, 534, 535, 536, 537, 538, 539, 540, 541, 542, 543, 544, 545, 546, 547, 548, 549, 551, 552, 553, 554, 555, 556, 557, 558, 559, 560, 561, 562, 563, 564, 565, 566, 567, 568, 569, 570, 571, 572, 573, 574, 575, 576, 577, 578, 579, 580, 581, 582, 584, 585, 586, 587, 588, 589, 590, 591, 592, 593, 594, 595, 596, 597, 598, 599], '5_2': [75], '5_3': [550], '3_2': [83, 84, 85, 86, 87, 88, 89, 90, 91, 92, 93, 94, 95, 96, 97, 98, 99], '1_3': [100, 101, 102, 103, 104, 105, 106, 107, 108, 109, 110, 111, 112, 113, 114, 115, 116, 117, 118, 119, 120, 121, 122, 123, 124, 125, 126, 127, 128, 129, 130, 131, 132, 133, 134, 135, 136, 137, 138, 139, 140, 141, 142, 143, 144, 145, 146, 147, 148, 149, 150, 151, 152, 153, 154, 155, 156, 157, 158, 159, 160, 161, 162, 163, 164, 165, 166, 167, 168, 169, 170, 171, 172, 173, 174, 175, 176, 177, 178, 179, 180, 181, 182, 183, 184, 185, 186, 187, 188, 189, 190, 191, 192, 193, 194, 195, 196, 197, 198, 199, 200, 201, 202, 203, 204, 205, 206, 207, 208, 209, 210, 211, 212, 213, 214, 215, 216, 217, 218, 219, 220, 221, 222, 223, 224, 225, 226, 227, 228, 229, 230, 231, 232, 233, 234, 235, 236, 237, 238, 239, 240, 241, 242, 243, 244, 245, 246, 247, 248, 249, 250, 251, 252, 253, 254, 255, 256, 257, 258, 259, 260, 261, 262, 263, 264, 265, 266, 267, 268, 269, 270, 271, 272, 273, 274, 275, 276, 277, 278, 279, 280, 281, 282, 283, 284, 285, 288, 298, 303, 331, 333, 335], '2_3': [286, 287, 289, 290, 291, 292, 293, 294, 295, 296, 297, 299, 300, 301, 302, 304, 305, 306, 307, 308, 309, 310, 311, 312, 313, 314, 315, 316, 317, 318, 319, 320, 321, 322, 323, 324, 325, 326, 327, 328, 329, 330, 332, 334, 336, 337, 338, 339, 340, 341, 342, 343, 344, 345, 346, 347, 348, 349, 350, 351, 352, 353, 354, 355, 356, 357, 358, 359, 360, 361, 362, 363, 364, 365, 366, 367, 368, 369, 370, 371, 372, 373, 374, 375, 376, 377, 378, 379, 380], '4_3': [449, 583]}
FP rate  0.02809 FN rate  0.08
 Before reassigning cells 
 Timepoint  2
 Cluster  0  # of cells  78
 Cluster  5  # of cells  4
 Cluster  3  # of cells  17
 Timepoint  3
 Cluster  0  # of cells  199
 Cluster  5  # of cells  8
 Cluster  1  # of cells  191
 Cluster  2  # of cells  90
 Cluster  4  # of cells  2
 Cells absent at timepoint  2   {29}
 Missing cell prob  {'3': 1.0351664805523351e-08, '0': 0.0027396212039850596, '5': 0.00273962120398506}
 Cells absent at timepoint  3   {384, 579, 518, 393, 560, 403, 437, 406, 509, 510}
 Missing cell prob  {'4': 1.5962685210003458e-09, '2': 2.2373071299039867e-15, '1': 4.8738242124891016e-11, '0': 7.716389913466767e-06, '5': 7.716389913466767e-06}
 Missing cell prob  {'4': 2.017579071557568e-05, '2': 3.96341801489495e-17, '1': 8.634041534583356e-13, '0': 0.00024511315942968943, '5': 0.00024511315942968954}
 Missing cell prob  {'4': 0.00023872744722157444, '2': 2.5675196230046205e-14, '1': 4.6038584499660633e-11, '0': 0.00023872744722157444, '5': 8.855280643758137e-05}
 Missing cell prob  {'4': 1.7087103500570994e-06, '2': 4.954272518618688e-16, '1': 1.0792551918229193e-11, '0': 2.0758908454049942e-05, '5': 2.0758908454049942e-05}
 Missing cell prob  {'4': 4.9384895446187315e-08, '2': 1.4318765631385516e-17, '1': 2.5675196230046198e-14, '0': 0.0029002699153640042, '5': 0.0029002699153640042}
 Missing cell prob  {'4': 5.996087629501511e-06, '2': 9.038555852632034e-22, '1': 1.9689890481144432e-17, '0': 5.996087629501509e-06, '5': 1.8307619729641033e-07}
 Missing cell prob  {'4': 2.1110651190229588e-07, '2': 7.436167018638908e-16, '1': 1.0975422889045491e-13, '0': 0.0010204925660559799, '5': 0.0010204925660559803}
 Missing cell prob  {'4': 0.00021345986577079077, '2': 4.7491887905801835e-18, '1': 8.515842585230104e-15, '0': 0.00021345986577079074, '5': 7.918012945636972e-05}
 Missing cell prob  {'4': 0.0002255041066753144, '2': 1.1133241203839914e-18, '1': 2.425302267064465e-14, '0': 0.0002255041066753144, '5': 8.364778219558732e-05}
 Missing cell prob  {'4': 0.002137783281853843, '2': 1.114352394103623e-22, '1': 1.9981622106670247e-19, '0': 0.0021377832818538427, '5': 1.992927500896195e-06}
 Timepoint  2
SortedDict({2: {'0': ['0', '1', '2', '3', '4', '5', '6', '7', '8', '9', '10', '12', '13', '14', '15', '16', '17', '18', '19', '20', '21', '22', '23', '24', '25', '26', '27', '28', '30', '31', '32', '33', '34', '35', '36', '37', '38', '39', '40', '41', '42', '43', '44', '45', '46', '47', '48', '49', '51', '52', '53', '54', '55', '56', '57', '58', '59', '60', '62', '63', '64', '65', '66', '67', '68', '69', '70', '71', '72', '73', '74', '76', '77', '78', '79', '80', '81', '82'], '5': ['11', '50', '61', '75', '29'], '3': ['83', '84', '85', '86', '87', '88', '89', '90', '91', '92', '93', '94', '95', '96', '97', '98', '99']}, 3: {'0': ['381', '382', '383', '386', '387', '388', '389', '390', '391', '392', '394', '395', '396', '397', '398', '399', '400', '401', '402', '404', '405', '407', '408', '409', '410', '411', '412', '413', '414', '415', '416', '417', '418', '419', '420', '421', '422', '423', '424', '426', '427', '428', '429', '430', '431', '432', '433', '434', '435', '436', '438', '439', '440', '442', '443', '444', '445', '446', '447', '448', '450', '451', '452', '453', '454', '455', '456', '457', '458', '459', '460', '461', '462', '463', '464', '465', '466', '467', '468', '469', '470', '471', '472', '473', '475', '476', '477', '478', '479', '480', '481', '483', '484', '485', '486', '487', '488', '489', '491', '493', '494', '495', '496', '497', '498', '499', '500', '501', '502', '503', '504', '505', '506', '507', '508', '511', '512', '513', '514', '515', '516', '517', '519', '520', '521', '522', '523', '524', '525', '526', '527', '528', '529', '530', '531', '532', '533', '534', '535', '536', '537', '538', '539', '540', '541', '542', '543', '544', '545', '546', '547', '548', '549', '551', '552', '553', '554', '555', '556', '557', '558', '559', '561', '562', '563', '564', '565', '566', '567', '568', '569', '570', '571', '572', '573', '574', '575', '576', '577', '578', '580', '581', '582', '584', '585', '586', '587', '588', '589', '590', '591', '592', '593', '594', '595', '596', '597', '598', '599', '384', '393', '560'], '5': ['385', '425', '441', '474', '482', '490', '492', '550', '579', '437'], '1': ['100', '101', '102', '103', '104', '105', '106', '107', '108', '109', '110', '111', '112', '113', '114', '115', '116', '117', '118', '119', '120', '121', '122', '123', '124', '125', '126', '127', '128', '129', '130', '131', '132', '133', '134', '135', '136', '137', '138', '139', '140', '141', '142', '143', '144', '145', '146', '147', '148', '149', '150', '151', '152', '153', '154', '155', '156', '157', '158', '159', '160', '161', '162', '163', '164', '165', '166', '167', '168', '169', '170', '171', '172', '173', '174', '175', '176', '177', '178', '179', '180', '181', '182', '183', '184', '185', '186', '187', '188', '189', '190', '191', '192', '193', '194', '195', '196', '197', '198', '199', '200', '201', '202', '203', '204', '205', '206', '207', '208', '209', '210', '211', '212', '213', '214', '215', '216', '217', '218', '219', '220', '221', '222', '223', '224', '225', '226', '227', '228', '229', '230', '231', '232', '233', '234', '235', '236', '237', '238', '239', '240', '241', '242', '243', '244', '245', '246', '247', '248', '249', '250', '251', '252', '253', '254', '255', '256', '257', '258', '259', '260', '261', '262', '263', '264', '265', '266', '267', '268', '269', '270', '271', '272', '273', '274', '275', '276', '277', '278', '279', '280', '281', '282', '283', '284', '285', '288', '298', '303', '331', '333'], '2': ['286', '287', '289', '290', '291', '292', '293', '294', '295', '296', '297', '299', '300', '301', '302', '304', '305', '306', '307', '308', '309', '310', '311', '312', '313', '314', '315', '316', '317', '318', '319', '320', '321', '322', '323', '324', '325', '326', '327', '328', '329', '330', '332', '334', '335', '336', '337', '338', '339', '340', '341', '342', '343', '344', '345', '346', '347', '348', '349', '350', '351', '352', '353', '354', '355', '356', '357', '358', '359', '360', '361', '362', '363', '364', '365', '366', '367', '368', '369', '370', '371', '372', '373', '374', '375', '376', '377', '378', '379', '380'], '4': ['449', '583', '518', '403', '406', '509', '510']}})
 Cluster1  0
 Cluster to drop  5
 Timepoint  3
SortedDict({2: {'0': ['0', '1', '2', '3', '4', '5', '6', '7', '8', '9', '10', '12', '13', '14', '15', '16', '17', '18', '19', '20', '21', '22', '23', '24', '25', '26', '27', '28', '30', '31', '32', '33', '34', '35', '36', '37', '38', '39', '40', '41', '42', '43', '44', '45', '46', '47', '48', '49', '51', '52', '53', '54', '55', '56', '57', '58', '59', '60', '62', '63', '64', '65', '66', '67', '68', '69', '70', '71', '72', '73', '74', '76', '77', '78', '79', '80', '81', '82', '11', '50', '61', '75', '29'], '3': ['83', '84', '85', '86', '87', '88', '89', '90', '91', '92', '93', '94', '95', '96', '97', '98', '99']}, 3: {'0': ['381', '382', '383', '386', '387', '388', '389', '390', '391', '392', '394', '395', '396', '397', '398', '399', '400', '401', '402', '404', '405', '407', '408', '409', '410', '411', '412', '413', '414', '415', '416', '417', '418', '419', '420', '421', '422', '423', '424', '426', '427', '428', '429', '430', '431', '432', '433', '434', '435', '436', '438', '439', '440', '442', '443', '444', '445', '446', '447', '448', '450', '451', '452', '453', '454', '455', '456', '457', '458', '459', '460', '461', '462', '463', '464', '465', '466', '467', '468', '469', '470', '471', '472', '473', '475', '476', '477', '478', '479', '480', '481', '483', '484', '485', '486', '487', '488', '489', '491', '493', '494', '495', '496', '497', '498', '499', '500', '501', '502', '503', '504', '505', '506', '507', '508', '511', '512', '513', '514', '515', '516', '517', '519', '520', '521', '522', '523', '524', '525', '526', '527', '528', '529', '530', '531', '532', '533', '534', '535', '536', '537', '538', '539', '540', '541', '542', '543', '544', '545', '546', '547', '548', '549', '551', '552', '553', '554', '555', '556', '557', '558', '559', '561', '562', '563', '564', '565', '566', '567', '568', '569', '570', '571', '572', '573', '574', '575', '576', '577', '578', '580', '581', '582', '584', '585', '586', '587', '588', '589', '590', '591', '592', '593', '594', '595', '596', '597', '598', '599', '384', '393', '560'], '5': ['385', '425', '441', '474', '482', '490', '492', '550', '579', '437'], '1': ['100', '101', '102', '103', '104', '105', '106', '107', '108', '109', '110', '111', '112', '113', '114', '115', '116', '117', '118', '119', '120', '121', '122', '123', '124', '125', '126', '127', '128', '129', '130', '131', '132', '133', '134', '135', '136', '137', '138', '139', '140', '141', '142', '143', '144', '145', '146', '147', '148', '149', '150', '151', '152', '153', '154', '155', '156', '157', '158', '159', '160', '161', '162', '163', '164', '165', '166', '167', '168', '169', '170', '171', '172', '173', '174', '175', '176', '177', '178', '179', '180', '181', '182', '183', '184', '185', '186', '187', '188', '189', '190', '191', '192', '193', '194', '195', '196', '197', '198', '199', '200', '201', '202', '203', '204', '205', '206', '207', '208', '209', '210', '211', '212', '213', '214', '215', '216', '217', '218', '219', '220', '221', '222', '223', '224', '225', '226', '227', '228', '229', '230', '231', '232', '233', '234', '235', '236', '237', '238', '239', '240', '241', '242', '243', '244', '245', '246', '247', '248', '249', '250', '251', '252', '253', '254', '255', '256', '257', '258', '259', '260', '261', '262', '263', '264', '265', '266', '267', '268', '269', '270', '271', '272', '273', '274', '275', '276', '277', '278', '279', '280', '281', '282', '283', '284', '285', '288', '298', '303', '331', '333'], '2': ['286', '287', '289', '290', '291', '292', '293', '294', '295', '296', '297', '299', '300', '301', '302', '304', '305', '306', '307', '308', '309', '310', '311', '312', '313', '314', '315', '316', '317', '318', '319', '320', '321', '322', '323', '324', '325', '326', '327', '328', '329', '330', '332', '334', '335', '336', '337', '338', '339', '340', '341', '342', '343', '344', '345', '346', '347', '348', '349', '350', '351', '352', '353', '354', '355', '356', '357', '358', '359', '360', '361', '362', '363', '364', '365', '366', '367', '368', '369', '370', '371', '372', '373', '374', '375', '376', '377', '378', '379', '380'], '4': ['449', '583', '518', '403', '406', '509', '510']}})
 Cluster1  0
SortedDict({2: {'0': ['0', '1', '2', '3', '4', '5', '6', '7', '8', '9', '10', '12', '13', '14', '15', '16', '17', '18', '19', '20', '21', '22', '23', '24', '25', '26', '27', '28', '30', '31', '32', '33', '34', '35', '36', '37', '38', '39', '40', '41', '42', '43', '44', '45', '46', '47', '48', '49', '51', '52', '53', '54', '55', '56', '57', '58', '59', '60', '62', '63', '64', '65', '66', '67', '68', '69', '70', '71', '72', '73', '74', '76', '77', '78', '79', '80', '81', '82', '11', '50', '61', '75', '29'], '3': ['83', '84', '85', '86', '87', '88', '89', '90', '91', '92', '93', '94', '95', '96', '97', '98', '99']}, 3: {'0': ['381', '382', '383', '386', '387', '388', '389', '390', '391', '392', '394', '395', '396', '397', '398', '399', '400', '401', '402', '404', '405', '407', '408', '409', '410', '411', '412', '413', '414', '415', '416', '417', '418', '419', '420', '421', '422', '423', '424', '426', '427', '428', '429', '430', '431', '432', '433', '434', '435', '436', '438', '439', '440', '442', '443', '444', '445', '446', '447', '448', '450', '451', '452', '453', '454', '455', '456', '457', '458', '459', '460', '461', '462', '463', '464', '465', '466', '467', '468', '469', '470', '471', '472', '473', '475', '476', '477', '478', '479', '480', '481', '483', '484', '485', '486', '487', '488', '489', '491', '493', '494', '495', '496', '497', '498', '499', '500', '501', '502', '503', '504', '505', '506', '507', '508', '511', '512', '513', '514', '515', '516', '517', '519', '520', '521', '522', '523', '524', '525', '526', '527', '528', '529', '530', '531', '532', '533', '534', '535', '536', '537', '538', '539', '540', '541', '542', '543', '544', '545', '546', '547', '548', '549', '551', '552', '553', '554', '555', '556', '557', '558', '559', '561', '562', '563', '564', '565', '566', '567', '568', '569', '570', '571', '572', '573', '574', '575', '576', '577', '578', '580', '581', '582', '584', '585', '586', '587', '588', '589', '590', '591', '592', '593', '594', '595', '596', '597', '598', '599', '384', '393', '560', '385', '425', '441', '474', '482', '490', '492', '550', '579', '437'], '5': ['385', '425', '441', '474', '482', '490', '492', '550', '579', '437'], '1': ['100', '101', '102', '103', '104', '105', '106', '107', '108', '109', '110', '111', '112', '113', '114', '115', '116', '117', '118', '119', '120', '121', '122', '123', '124', '125', '126', '127', '128', '129', '130', '131', '132', '133', '134', '135', '136', '137', '138', '139', '140', '141', '142', '143', '144', '145', '146', '147', '148', '149', '150', '151', '152', '153', '154', '155', '156', '157', '158', '159', '160', '161', '162', '163', '164', '165', '166', '167', '168', '169', '170', '171', '172', '173', '174', '175', '176', '177', '178', '179', '180', '181', '182', '183', '184', '185', '186', '187', '188', '189', '190', '191', '192', '193', '194', '195', '196', '197', '198', '199', '200', '201', '202', '203', '204', '205', '206', '207', '208', '209', '210', '211', '212', '213', '214', '215', '216', '217', '218', '219', '220', '221', '222', '223', '224', '225', '226', '227', '228', '229', '230', '231', '232', '233', '234', '235', '236', '237', '238', '239', '240', '241', '242', '243', '244', '245', '246', '247', '248', '249', '250', '251', '252', '253', '254', '255', '256', '257', '258', '259', '260', '261', '262', '263', '264', '265', '266', '267', '268', '269', '270', '271', '272', '273', '274', '275', '276', '277', '278', '279', '280', '281', '282', '283', '284', '285', '288', '298', '303', '331', '333'], '2': ['286', '287', '289', '290', '291', '292', '293', '294', '295', '296', '297', '299', '300', '301', '302', '304', '305', '306', '307', '308', '309', '310', '311', '312', '313', '314', '315', '316', '317', '318', '319', '320', '321', '322', '323', '324', '325', '326', '327', '328', '329', '330', '332', '334', '335', '336', '337', '338', '339', '340', '341', '342', '343', '344', '345', '346', '347', '348', '349', '350', '351', '352', '353', '354', '355', '356', '357', '358', '359', '360', '361', '362', '363', '364', '365', '366', '367', '368', '369', '370', '371', '372', '373', '374', '375', '376', '377', '378', '379', '380'], '4': ['449', '583', '518', '403', '406', '509', '510']}})
 Cluster1  0
 Cluster to drop  5
 Cluster to drop  4
 After reassigning and merging cells 
 Timepoint  2
 Cluster  0  # of cells  83
 Cluster  3  # of cells  17
 Timepoint  3
 Cluster  0  # of cells  219
 Cluster  1  # of cells  191
 Cluster  2  # of cells  90
 Tp cluster cell dict  {'0_2': 83, '3_2': 17, '0_3': 219, '1_3': 191, '2_3': 90}
 New Graph is here 
 ID  0  Timepoint  1  Mutations  []  Type  subclone
 ID  1  Timepoint  2  Mutations  [5, 6, 7, 8, 9, 10, 11, 12, 13]  Type  subclone
 ID  2  Timepoint  2  Mutations  [5, 6, 7, 8, 9, 10, 11, 12, 13, 14, 15, 16, 17, 18]  Type  subclone
 ID  3  Timepoint  3  Mutations  [5, 6, 7, 8, 9, 10, 11, 12, 13]  Type  subclone
 ID  4  Timepoint  3  Mutations  [19, 20, 21, 22, 23, 24, 25, 26, 27]  Type  subclone
 ID  5  Timepoint  3  Mutations  [19, 20, 21, 22, 23, 24, 25, 26, 27, 28, 29, 30, 31]  Type  subclone
Timepoints  SortedDict({1: [0], 2: [1, 2], 3: [3, 4, 5]})
 Clone to nodes  {'0_2': 1, '3_2': 2, '0_3': 3, '1_3': 4, '2_3': 5}
 Timepoint ====  1
 Hash table  {'0,1': [5, 6, 7, 8, 9, 10, 11, 12, 13], '1': [14, 15, 16, 17, 18]}
 Final possible usc  [[5, 6, 7, 8, 9, 10, 11, 12, 13], [14, 15, 16, 17, 18]]
 Time  1  USC keys  {'14,15,16,17,18_0', '5,6,7,8,9,10,11,12,13_0'}
 USC children  {'5,6,7,8,9,10,11,12,13_0': [1, 2], '14,15,16,17,18_0': [2]}
 USC children  {'5,6,7,8,9,10,11,12,13_0': [1, 2], '14,15,16,17,18_0': [2]}
 Timepoint ====  2
 Hash table  {'0,1': [19, 20, 21, 22, 23, 24, 25, 26, 27], '1': [28, 29, 30, 31]}
====== Inside find superset of t nodes ==========
 Final possible usc  []
 Time  2  USC keys  set()
 USC children  {'5,6,7,8,9,10,11,12,13_0': [1, 2], '14,15,16,17,18_0': [2]}
 USC children  {'5,6,7,8,9,10,11,12,13_0': [1, 2], '14,15,16,17,18_0': [2]}
 Node s  {'1,2': ['5', '6', '7', '8', '9', '10', '11', '12', '13']}
 Enroll USC nodes  ['1', '2']  len  2
 Node TP  SortedDict({1: [0], 2: [1, 2], 3: [3, 4, 5]})
 Unobserved subclones at timepoints  {1.5: [6]}
 ============== Inside finding node v ============ 
 Time  2
 Time  3
 largest_v_mut  []
 largest_v_mut  []
 Sorted all timepoints  [1, 1.5, 2, 3]
 Timepoint  2
 Inside usc_node check  2
 Timepoint  3
 Node  4  has no parent 
 USC nodes  []
 Node with minimum mutation sets  {1: 9, 2: 14}
 Node  5  has no parent 
 USC nodes  []
 Node with minimum mutation sets  {1: 9, 2: 14}
0   1   [-1]   subclone   []   []
1   2   [6]   subclone   [5, 6, 7, 8, 9, 10, 11, 12, 13]   [0]
2   2   [6]   subclone   [5, 6, 7, 8, 9, 10, 11, 12, 13, 14, 15, 16, 17, 18]   [5]
3   3   [1]   subclone   [5, 6, 7, 8, 9, 10, 11, 12, 13]   [0]
4   3   [1]   subclone   [19, 20, 21, 22, 23, 24, 25, 26, 27]   [9]
5   3   [1]   subclone   [19, 20, 21, 22, 23, 24, 25, 26, 27, 28, 29, 30, 31]   [13]
6   1.5   [0]   unobserved subclone   [5, 6, 7, 8, 9, 10, 11, 12, 13]   [9]
6
 Total estimated FP  108  True negatives  10593
 Total estimated FN  922  True positives  3737
 Estimated FP rate  0.02809
 Estimated FN rate  0.08
 No. of Cells in each cluster  {'3_2': 17, '0_3': 192, '2_3': 89, '5_3': 2, '1_2': 83, '1_3': 217}
 Cells in each cluster  {'3_2': [83, 84, 85, 86, 87, 88, 89, 90, 91, 92, 93, 94, 95, 96, 97, 98, 99], '0_3': [100, 101, 102, 103, 104, 105, 106, 107, 108, 109, 110, 111, 112, 113, 114, 115, 116, 117, 118, 119, 120, 121, 122, 123, 124, 125, 126, 127, 128, 129, 130, 131, 132, 133, 134, 135, 136, 137, 138, 139, 140, 141, 142, 143, 144, 145, 146, 147, 148, 149, 150, 151, 152, 153, 154, 155, 156, 157, 158, 159, 160, 161, 162, 163, 164, 165, 166, 167, 168, 169, 170, 171, 172, 173, 174, 175, 176, 177, 178, 179, 180, 181, 182, 183, 184, 185, 186, 187, 188, 189, 190, 191, 192, 193, 194, 195, 196, 197, 198, 199, 200, 201, 202, 203, 204, 205, 206, 207, 208, 209, 210, 211, 212, 213, 214, 215, 216, 217, 218, 219, 220, 221, 222, 223, 224, 225, 226, 227, 228, 229, 230, 231, 232, 233, 234, 235, 236, 237, 238, 239, 240, 241, 242, 243, 244, 245, 246, 247, 248, 249, 250, 251, 252, 253, 254, 255, 256, 257, 258, 259, 260, 261, 262, 263, 264, 265, 266, 267, 268, 269, 270, 271, 272, 273, 274, 275, 276, 277, 278, 279, 280, 281, 282, 283, 284, 285, 288, 298, 303, 331, 333, 335], '2_3': [286, 287, 289, 290, 291, 292, 293, 294, 295, 296, 297, 299, 300, 301, 302, 304, 305, 306, 307, 308, 309, 310, 311, 312, 313, 314, 315, 316, 317, 318, 319, 320, 321, 322, 323, 324, 325, 326, 327, 328, 329, 330, 332, 334, 336, 337, 338, 339, 340, 341, 342, 343, 344, 345, 346, 347, 348, 349, 350, 351, 352, 353, 354, 355, 356, 357, 358, 359, 360, 361, 362, 363, 364, 365, 366, 367, 368, 369, 370, 371, 372, 373, 374, 375, 376, 377, 378, 379, 380], '5_3': [449, 583], '1_2': [12, 24, 75, 0, 1, 2, 3, 4, 5, 6, 7, 8, 9, 10, 11, 13, 14, 15, 16, 17, 18, 19, 20, 21, 22, 23, 25, 26, 27, 28, 29, 30, 31, 32, 33, 34, 35, 36, 37, 38, 39, 40, 41, 42, 43, 44, 45, 46, 47, 48, 49, 50, 51, 52, 53, 54, 55, 56, 57, 58, 59, 60, 61, 62, 63, 64, 65, 66, 67, 68, 69, 70, 71, 72, 73, 74, 76, 77, 78, 79, 80, 81, 82], '1_3': [385, 405, 407, 441, 482, 490, 550, 381, 382, 383, 384, 386, 387, 388, 389, 390, 391, 392, 393, 394, 395, 396, 397, 398, 399, 400, 401, 402, 403, 404, 406, 408, 409, 410, 411, 412, 413, 414, 415, 416, 417, 418, 419, 420, 421, 422, 423, 424, 425, 426, 427, 428, 429, 430, 431, 432, 433, 434, 435, 436, 437, 438, 439, 440, 442, 443, 444, 445, 446, 447, 448, 450, 451, 452, 453, 454, 455, 456, 457, 458, 459, 460, 461, 462, 463, 464, 465, 466, 467, 468, 469, 470, 471, 472, 473, 474, 475, 476, 477, 478, 479, 480, 481, 483, 484, 485, 486, 487, 488, 489, 491, 492, 493, 494, 495, 496, 497, 498, 499, 500, 501, 502, 503, 504, 505, 506, 507, 508, 509, 510, 511, 512, 513, 514, 515, 516, 517, 518, 519, 520, 521, 522, 523, 524, 525, 526, 527, 528, 529, 530, 531, 532, 533, 534, 535, 536, 537, 538, 539, 540, 541, 542, 543, 544, 545, 546, 547, 548, 549, 551, 552, 553, 554, 555, 556, 557, 558, 559, 560, 561, 562, 563, 564, 565, 566, 567, 568, 569, 570, 571, 572, 573, 574, 575, 576, 577, 578, 579, 580, 581, 582, 584, 585, 586, 587, 588, 589, 590, 591, 592, 593, 594, 595, 596, 597, 598, 599]}
FP rate  0.02809 FN rate  0.08
 Before reassigning cells 
 Timepoint  2
 Cluster  3  # of cells  17
 Cluster  1  # of cells  83
 Timepoint  3
 Cluster  0  # of cells  191
 Cluster  2  # of cells  90
 Cluster  5  # of cells  2
 Cluster  1  # of cells  217
 Cells absent at timepoint  2   set()
 Cells absent at timepoint  3   set()
 Timepoint  2
 Timepoint  3
 After reassigning and merging cells 
 Timepoint  2
 Cluster  3  # of cells  17
 Cluster  1  # of cells  83
 Timepoint  3
 Cluster  0  # of cells  191
 Cluster  2  # of cells  90
 Cluster  5  # of cells  2
 Cluster  1  # of cells  217
 Tp cluster cell dict  {'3_2': 17, '1_2': 83, '0_3': 191, '2_3': 90, '5_3': 2, '1_3': 217}
 New Graph is here 
 ID  0  Timepoint  1  Mutations  []  Type  subclone
 ID  1  Timepoint  2  Mutations  [5, 6, 7, 8, 9, 10, 11, 12, 13, 14, 15, 16, 17, 18]  Type  subclone
 ID  2  Timepoint  2  Mutations  [5, 6, 7, 8, 9, 10, 11, 12, 13]  Type  subclone
 ID  3  Timepoint  3  Mutations  [19, 20, 21, 22, 23, 24, 25, 26, 27]  Type  subclone
 ID  4  Timepoint  3  Mutations  [19, 20, 21, 22, 23, 24, 25, 26, 27, 28, 29, 30, 31]  Type  subclone
 ID  5  Timepoint  3  Mutations  [4, 5, 6, 7, 8, 10, 11, 12, 13, 17, 20]  Type  subclone
 ID  6  Timepoint  3  Mutations  [5, 6, 7, 8, 9, 10, 11, 12, 13]  Type  subclone
Timepoints  SortedDict({1: [0], 2: [1, 2], 3: [3, 4, 5, 6]})
 Clone to nodes  {'3_2': 1, '1_2': 2, '0_3': 3, '2_3': 4, '5_3': 5, '1_3': 6}
 Timepoint ====  1
 Hash table  {'0,1': [5, 6, 7, 8, 9, 10, 11, 12, 13], '0': [14, 15, 16, 17, 18]}
 Final possible usc  [[5, 6, 7, 8, 9, 10, 11, 12, 13], [14, 15, 16, 17, 18]]
 Time  1  USC keys  {'5,6,7,8,9,10,11,12,13_0', '14,15,16,17,18_0'}
 USC children  {'5,6,7,8,9,10,11,12,13_0': [1, 2], '14,15,16,17,18_0': [1]}
 USC children  {'5,6,7,8,9,10,11,12,13_0': [1, 2], '14,15,16,17,18_0': [1]}
 Timepoint ====  2
 Hash table  {'0,1': [19, 21, 22, 23, 24, 25, 26, 27], '0,1,2': [20], '1': [28, 29, 30, 31], '2': [4, 5, 6, 7, 8, 10, 11, 12, 13, 17]}
====== Inside find superset of t nodes ==========
 Final possible usc  []
 Time  2  USC keys  set()
 USC children  {'5,6,7,8,9,10,11,12,13_0': [1, 2], '14,15,16,17,18_0': [1]}
 USC children  {'5,6,7,8,9,10,11,12,13_0': [1, 2], '14,15,16,17,18_0': [1]}
 Node s  {'1,2': ['5', '6', '7', '8', '9', '10', '11', '12', '13']}
 Enroll USC nodes  ['1', '2']  len  2
 Node TP  SortedDict({1: [0], 2: [1, 2], 3: [3, 4, 5, 6]})
 Unobserved subclones at timepoints  {1.5: [7]}
 ============== Inside finding node v ============ 
 Time  2
 Time  3
 largest_v_mut  []
 largest_v_mut  []
 largest_v_mut  []
 Sorted all timepoints  [1, 1.5, 2, 3]
 Timepoint  2
 Inside usc_node check  2
 Timepoint  3
 Node  3  has no parent 
 USC nodes  []
 Node with minimum mutation sets  {1: 14, 2: 9}
 Node  4  has no parent 
 USC nodes  []
 Node with minimum mutation sets  {1: 14, 2: 9}
 Node  5  has no parent 
 USC nodes  []
 Node with minimum mutation sets  {1: 5, 2: 1}
0   1   [-1]   subclone   []   []
1   2   [7]   subclone   [5, 6, 7, 8, 9, 10, 11, 12, 13, 14, 15, 16, 17, 18]   [5]
2   2   [7]   subclone   [5, 6, 7, 8, 9, 10, 11, 12, 13]   [0]
3   3   [2]   subclone   [19, 20, 21, 22, 23, 24, 25, 26, 27]   [9]
4   3   [2]   subclone   [19, 20, 21, 22, 23, 24, 25, 26, 27, 28, 29, 30, 31]   [13]
5   3   [2]   subclone   [4, 5, 6, 7, 8, 10, 11, 12, 13, 17, 20]   [3]
6   3   [2]   subclone   [5, 6, 7, 8, 9, 10, 11, 12, 13]   [0]
7   1.5   [0]   unobserved subclone   [5, 6, 7, 8, 9, 10, 11, 12, 13]   [9]
 List of tree files  ['all_trees/sp5_rep1_m1_tree.csv', 'all_trees/sp5_rep1_m2_tree.csv', 'all_trees/sp5_rep1_m3_tree.csv', 'all_trees/sp5_rep1_m4_tree.csv', 'all_trees/sp5_rep1_m5_tree.csv']
{'1': ['5', '6', '7', '8', '9', '10', '11', '12', '13'], '2': ['5', '6', '7', '8', '9', '10', '11', '12', '13', '14', '15', '16', '17', '18'], '3': ['5', '6', '7', '8', '9', '10', '11', '12', '13'], '4': ['19', '20', '21', '22', '23', '24', '25', '26', '27'], '5': ['19', '20', '21', '22', '23', '24', '25', '26', '27', '28', '29', '30', '31'], '6': ['5', '6', '7', '8', '9', '10', '11', '12', '13']}
 Actual mutation of  1   []
 Actual mutation of  2   ['17', '14', '15', '16', '18']
 Actual mutation of  3   []
 Actual mutation of  4   ['26', '27', '21', '20', '24', '23', '25', '19', '22']
 Actual mutation of  5   ['26', '27', '21', '28', '20', '24', '29', '30', '23', '31', '25', '19', '22']
 Updated node mutation  {'1': [], '2': ['17', '14', '15', '16', '18'], '3': [], '4': ['26', '27', '21', '20', '24', '23', '25', '19', '22'], '5': ['26', '27', '21', '28', '20', '24', '29', '30', '23', '31', '25', '19', '22'], '6': ['5', '6', '7', '8', '9', '10', '11', '12', '13']}
{'1': ['5', '6', '7', '8', '9', '10', '11', '12', '13'], '2': ['5', '6', '7', '8', '9', '10', '11', '12', '13', '14', '15', '16', '17', '18'], '3': ['5', '6', '7', '8', '9', '10', '11', '12', '13'], '4': ['19', '20', '21', '22', '23', '24', '25', '26', '27'], '5': ['19', '20', '21', '22', '23', '24', '25', '26', '27', '28', '29', '30', '31'], '6': ['5', '6', '7', '8', '9', '10', '11', '12', '13']}
 Actual mutation of  1   []
 Actual mutation of  2   ['17', '14', '15', '16', '18']
 Actual mutation of  3   []
 Actual mutation of  4   ['26', '27', '21', '20', '24', '23', '25', '19', '22']
 Actual mutation of  5   ['26', '27', '21', '28', '20', '24', '29', '30', '23', '31', '25', '19', '22']
 Updated node mutation  {'1': [], '2': ['17', '14', '15', '16', '18'], '3': [], '4': ['26', '27', '21', '20', '24', '23', '25', '19', '22'], '5': ['26', '27', '21', '28', '20', '24', '29', '30', '23', '31', '25', '19', '22'], '6': ['5', '6', '7', '8', '9', '10', '11', '12', '13']}
{'1': ['5', '6', '7', '8', '9', '10', '11', '12', '13'], '2': ['5', '6', '7', '8', '9', '10', '11', '12', '13', '14', '15', '16', '17', '18'], '3': ['5', '6', '7', '8', '9', '10', '11', '12', '13'], '4': ['19', '20', '21', '22', '23', '24', '25', '26', '27'], '5': ['19', '20', '21', '22', '23', '24', '25', '26', '27', '28', '29', '30', '31'], '6': ['5', '6', '7', '8', '9', '10', '11', '12', '13']}
 Actual mutation of  1   []
 Actual mutation of  2   ['17', '14', '15', '16', '18']
 Actual mutation of  3   []
 Actual mutation of  4   ['26', '27', '21', '20', '24', '23', '25', '19', '22']
 Actual mutation of  5   ['26', '27', '21', '28', '20', '24', '29', '30', '23', '31', '25', '19', '22']
 Updated node mutation  {'1': [], '2': ['17', '14', '15', '16', '18'], '3': [], '4': ['26', '27', '21', '20', '24', '23', '25', '19', '22'], '5': ['26', '27', '21', '28', '20', '24', '29', '30', '23', '31', '25', '19', '22'], '6': ['5', '6', '7', '8', '9', '10', '11', '12', '13']}
{'1': ['5', '6', '7', '8', '9', '10', '11', '12', '13'], '2': ['5', '6', '7', '8', '9', '10', '11', '12', '13', '14', '15', '16', '17', '18'], '3': ['5', '6', '7', '8', '9', '10', '11', '12', '13'], '4': ['19', '20', '21', '22', '23', '24', '25', '26', '27'], '5': ['19', '20', '21', '22', '23', '24', '25', '26', '27', '28', '29', '30', '31'], '6': ['5', '6', '7', '8', '9', '10', '11', '12', '13']}
 Actual mutation of  1   []
 Actual mutation of  2   ['17', '14', '15', '16', '18']
 Actual mutation of  3   []
 Actual mutation of  4   ['26', '27', '21', '20', '24', '23', '25', '19', '22']
 Actual mutation of  5   ['26', '27', '21', '28', '20', '24', '29', '30', '23', '31', '25', '19', '22']
 Updated node mutation  {'1': [], '2': ['17', '14', '15', '16', '18'], '3': [], '4': ['26', '27', '21', '20', '24', '23', '25', '19', '22'], '5': ['26', '27', '21', '28', '20', '24', '29', '30', '23', '31', '25', '19', '22'], '6': ['5', '6', '7', '8', '9', '10', '11', '12', '13']}
{'1': ['5', '6', '7', '8', '9', '10', '11', '12', '13', '14', '15', '16', '17', '18'], '2': ['5', '6', '7', '8', '9', '10', '11', '12', '13'], '3': ['19', '20', '21', '22', '23', '24', '25', '26', '27'], '4': ['19', '20', '21', '22', '23', '24', '25', '26', '27', '28', '29', '30', '31'], '5': ['4', '5', '6', '7', '8', '10', '11', '12', '13', '17', '20'], '6': ['5', '6', '7', '8', '9', '10', '11', '12', '13'], '7': ['5', '6', '7', '8', '9', '10', '11', '12', '13']}
 Actual mutation of  1   ['17', '14', '15', '16', '18']
 Actual mutation of  2   []
 Actual mutation of  3   ['26', '27', '21', '20', '24', '23', '25', '19', '22']
 Actual mutation of  4   ['26', '27', '21', '28', '20', '24', '29', '30', '23', '31', '25', '19', '22']
 Actual mutation of  5   ['17', '4', '20']
 Actual mutation of  6   []
 Updated node mutation  {'1': ['17', '14', '15', '16', '18'], '2': [], '3': ['26', '27', '21', '20', '24', '23', '25', '19', '22'], '4': ['26', '27', '21', '28', '20', '24', '29', '30', '23', '31', '25', '19', '22'], '5': ['17', '4', '20'], '6': [], '7': ['5', '6', '7', '8', '9', '10', '11', '12', '13']}
 Parallel mutation count  {'m1': 9, 'm2': 9, 'm3': 9, 'm4': 9, 'm5': 10}
 Clusters with least parallel mutations  ['m1', 'm2', 'm3', 'm4']
 Cluster nos for each run  {'m1': 4, 'm2': 4, 'm3': 4, 'm4': 6}
 Run  m1
 Base path  ['sp5', 'rep1', 'm1', 'tree.csv']
 Best tree path  sp5_rep1_m1_tree.csv
