
DPMM with:
	600 cells
	58 mutations
	learning errors

	Priors:
	params.:	Beta(0.25,0.25)
	CRP a_0:	Gamma(24.49,1)
	FP:		trunc norm(0.01,0.01)
	FN:		trunc norm(0.2,0.1)

Move probabilitites:
	Split/merge:	0.33
		split/merge ratio:	[0.75, 0.25]
		intermediate Gibbs:	3
	CRP a_0 update:	0.25
	Errors update:	0.25

Run MCMC with (1 chains for 5000 steps):

Clustering time:	0:17:47.864185	(0.21 secs. per MCMC step)	Lugsail PSRF:		1.00642

Chain mean - posterior clusters	(#19):
	19 clusters

	A: 448 items
	B: 12 items
	C: 10 items
	D: 8 items
	E: 8 items
	F: 11 items
	G: 10 items
	H: 6 items
	I: 7 items
	J: 8 items
	K: 10 items
	L: 8 items
	M: 7 items
	N: 9 items
	O: 13 items
	P: 4 items
	Q: 6 items
	R: 8 items
	S: 7 items

Inferred latent variables	--	chain mean - posterior
	CRP a_0:	98.4 +- 19.3
	FP (model|genotypes): 1.2E-03 +- 7.2E-04	|	8.0E-03
	FN (model|genotypes): 0.115   +- 0.023	|	0.157

Writing output to: ./sim_output/theta5/rep5/m3

Too many cells to plot genotypes/clusters
