14
 Total estimated FP  110  True negatives  11719
 Total estimated FN  2329  True positives  5522
 Estimated FP rate  0.01953
 Estimated FN rate  0.17
 No. of Cells in each cluster  {'7_2': 24, '9_2': 44, '13_2': 2, '11_2': 1, '12_3': 2, '8_3': 4, '0_3': 494, '0_2': 29}
 Cells in each cluster  {'7_2': [0, 2, 3, 4, 5, 6, 7, 8, 9, 10, 11, 13, 16, 17, 18, 20, 21, 23, 25, 26, 27, 28, 29, 51], '9_2': [1, 12, 14, 15, 19, 22, 24, 30, 31, 32, 33, 34, 35, 36, 37, 38, 39, 40, 41, 42, 43, 44, 45, 46, 47, 48, 49, 50, 52, 53, 54, 55, 56, 57, 58, 59, 60, 61, 62, 63, 64, 65, 66, 67], '13_2': [68, 69], '11_2': [70], '12_3': [122, 126], '8_3': [234, 253, 344, 396], '0_3': [130, 138, 142, 248, 303, 341, 352, 367, 378, 426, 438, 465, 518, 116, 117, 140, 143, 181, 188, 192, 200, 203, 210, 218, 226, 244, 250, 257, 269, 272, 282, 287, 300, 304, 317, 332, 350, 359, 366, 368, 370, 375, 405, 416, 433, 443, 444, 469, 481, 484, 499, 501, 502, 510, 514, 517, 532, 556, 561, 572, 581, 105, 110, 124, 158, 170, 182, 201, 245, 267, 278, 311, 328, 330, 379, 403, 445, 458, 483, 516, 579, 584, 587, 128, 164, 191, 211, 212, 217, 227, 274, 275, 281, 296, 309, 326, 331, 342, 358, 365, 372, 380, 383, 402, 424, 447, 449, 476, 486, 488, 492, 498, 522, 547, 549, 407, 409, 557, 576, 240, 392, 394, 144, 151, 167, 204, 207, 280, 288, 289, 334, 336, 340, 373, 398, 534, 553, 596, 100, 101, 102, 103, 104, 106, 107, 108, 109, 111, 112, 113, 114, 115, 118, 119, 120, 121, 123, 125, 127, 129, 131, 132, 133, 134, 135, 136, 137, 139, 141, 145, 146, 147, 148, 149, 150, 152, 153, 154, 155, 156, 157, 159, 160, 161, 162, 163, 165, 166, 168, 169, 171, 172, 173, 174, 175, 176, 177, 178, 179, 180, 183, 184, 185, 186, 187, 189, 190, 193, 194, 195, 196, 197, 198, 199, 202, 205, 206, 208, 209, 213, 214, 215, 216, 219, 220, 221, 222, 223, 224, 225, 228, 229, 230, 231, 232, 233, 235, 236, 237, 238, 239, 241, 242, 243, 246, 247, 249, 251, 252, 254, 255, 256, 258, 259, 260, 261, 262, 263, 264, 265, 266, 268, 270, 271, 273, 276, 277, 279, 283, 284, 285, 286, 290, 291, 292, 293, 294, 295, 297, 298, 299, 301, 302, 305, 306, 307, 308, 310, 312, 313, 314, 315, 316, 318, 319, 320, 321, 322, 323, 324, 325, 327, 329, 333, 335, 337, 338, 339, 343, 345, 346, 347, 348, 349, 351, 353, 354, 355, 356, 357, 360, 361, 362, 363, 364, 369, 371, 374, 376, 377, 381, 382, 384, 385, 386, 387, 388, 389, 390, 391, 393, 395, 397, 399, 400, 401, 404, 406, 408, 410, 411, 412, 413, 414, 415, 417, 418, 419, 420, 421, 422, 423, 425, 427, 428, 429, 430, 431, 432, 434, 435, 436, 437, 439, 440, 441, 442, 446, 448, 450, 451, 452, 453, 454, 455, 456, 457, 459, 460, 461, 462, 463, 464, 466, 467, 468, 470, 471, 472, 473, 474, 475, 477, 478, 479, 480, 482, 485, 487, 489, 490, 491, 493, 494, 495, 496, 497, 500, 503, 504, 505, 506, 507, 508, 509, 511, 512, 513, 515, 519, 520, 521, 523, 524, 525, 526, 527, 528, 529, 530, 531, 533, 535, 536, 537, 538, 539, 540, 541, 542, 543, 544, 545, 546, 548, 550, 551, 552, 554, 555, 558, 559, 560, 562, 563, 564, 565, 566, 567, 568, 569, 570, 571, 573, 574, 575, 577, 578, 580, 582, 583, 585, 586, 588, 589, 590, 591, 592, 593, 594, 595, 597, 598, 599], '0_2': [73, 82, 90, 94, 74, 78, 83, 71, 72, 75, 76, 77, 79, 80, 81, 84, 85, 86, 87, 88, 89, 91, 92, 93, 95, 96, 97, 98, 99]}
FP rate  0.01953 FN rate  0.17
 Before reassigning cells 
 Timepoint  2
 Cluster  7  # of cells  24
 Cluster  9  # of cells  40
 Cluster  13  # of cells  2
 Cluster  11  # of cells  1
 Cluster  0  # of cells  29
 Timepoint  3
 Cluster  12  # of cells  6
 Cluster  8  # of cells  9
 Cluster  0  # of cells  473
 Cells absent at timepoint  2   {43, 12, 53, 22}
 Missing cell prob  {'0': 4.253000812753821e-21, '13': 2.4529057099298467e-20, '11': 4.2530008127538204e-21, '7': 0.001020479876409223, '9': 0.001020479876409223}
 Missing cell prob  {'0': 4.244982003754834e-25, '13': 8.143892247538086e-23, '11': 2.708961268878824e-21, '7': 0.004789632981031434, '9': 0.004789632981031434}
 Missing cell prob  {'0': 1.466082461521734e-27, '13': 9.355895034965812e-24, '11': 3.1121184459531447e-22, '7': 0.02338467867209464, '9': 0.02338467867209464}
 Missing cell prob  {'0': 6.18222756645869e-17, '13': 1.0719131501198174e-17, '11': 6.18222756645869e-17, '7': 0.00024690591341544735, '9': 0.00024690591341544735}
 Cells absent at timepoint  3   {288, 512, 578, 547, 296, 143, 208, 591, 244, 340, 341, 191}
 Missing cell prob  {'0': 4.466371634163016e-07, '8': 4.466371634163016e-07, '12': 3.159426311637067e-10}
 Missing cell prob  {'0': 3.8118503704307637e-06, '8': 2.1104941195457037e-09, '12': 3.8118503704307637e-06}
 Missing cell prob  {'0': 7.691976860887228e-05, '8': 6.020504661266715e-05, '12': 6.0205046612667174e-05}
 Missing cell prob  {'0': 1.1111809792079267e-06, '8': 8.69720539442782e-07, '12': 1.1111809792079258e-06}
 Missing cell prob  {'0': 6.107840614642987e-07, '8': 8.288906388354633e-08, '12': 6.107840614642986e-07}
 Missing cell prob  {'0': 2.085171381770932e-08, '8': 2.716528142051895e-13, '12': 2.085171381770932e-08}
 Missing cell prob  {'0': 9.302806816356817e-06, '8': 1.2624771947202527e-06, '12': 9.302806816356814e-06}
 Missing cell prob  {'0': 0.00015580960239697548, '8': 0.00015580960239697543, '12': 0.0001558096023969754}
 Missing cell prob  {'0': 3.041463133919375e-06, '8': 9.712169359626802e-09, '12': 3.0414631339193747e-06}
 Missing cell prob  {'0': 9.042680801877162e-07, '8': 1.665391254441478e-08, '12': 9.042680801877161e-07}
 Missing cell prob  {'0': 5.9399775005445377e-08, '8': 4.64921604375743e-08, '12': 5.9399775005445343e-08}
 Missing cell prob  {'0': 1.2576778611773984e-05, '8': 4.925735549254764e-12, '12': 1.2576778611773986e-05}
 Timepoint  2
 Timepoint  3
SortedDict({2: {'7': ['0', '2', '3', '4', '5', '6', '7', '8', '9', '10', '11', '13', '16', '17', '18', '20', '21', '23', '25', '26', '27', '28', '29', '51', '43', '12', '53', '22'], '9': ['1', '14', '15', '19', '24', '30', '31', '32', '33', '34', '35', '36', '37', '38', '39', '40', '41', '42', '44', '45', '46', '47', '48', '49', '50', '52', '54', '55', '56', '57', '58', '59', '60', '61', '62', '63', '64', '65', '66', '67'], '13': ['68', '69'], '11': ['70'], '0': ['71', '72', '73', '74', '75', '76', '77', '78', '79', '80', '81', '82', '83', '84', '85', '86', '87', '88', '89', '90', '91', '92', '93', '94', '95', '96', '97', '98', '99']}, 3: {'12': ['105', '122', '126', '392', '550', '596', '191'], '8': ['108', '148', '234', '253', '344', '349', '394', '396', '571'], '0': ['100', '101', '102', '103', '104', '106', '107', '109', '110', '111', '112', '113', '114', '115', '116', '117', '118', '119', '120', '121', '123', '124', '125', '127', '128', '129', '130', '131', '132', '133', '134', '135', '136', '137', '138', '139', '140', '141', '142', '144', '145', '146', '147', '149', '150', '151', '152', '153', '154', '155', '156', '157', '158', '159', '160', '161', '162', '163', '164', '165', '166', '167', '168', '169', '170', '171', '172', '173', '174', '175', '176', '177', '178', '179', '180', '181', '182', '183', '184', '185', '186', '187', '188', '189', '190', '192', '193', '194', '195', '196', '197', '198', '199', '200', '201', '202', '203', '204', '205', '206', '207', '209', '210', '211', '212', '213', '214', '215', '216', '217', '218', '219', '220', '221', '222', '223', '224', '225', '226', '227', '228', '229', '230', '231', '232', '233', '235', '236', '237', '238', '239', '240', '241', '242', '243', '245', '246', '247', '248', '249', '250', '251', '252', '254', '255', '256', '257', '258', '259', '260', '261', '262', '263', '264', '265', '266', '267', '268', '269', '270', '271', '272', '273', '274', '275', '276', '277', '278', '279', '280', '281', '282', '283', '284', '285', '286', '287', '289', '290', '291', '292', '293', '294', '295', '297', '298', '299', '300', '301', '302', '303', '304', '305', '306', '307', '308', '309', '310', '311', '312', '313', '314', '315', '316', '317', '318', '319', '320', '321', '322', '323', '324', '325', '326', '327', '328', '329', '330', '331', '332', '333', '334', '335', '336', '337', '338', '339', '342', '343', '345', '346', '347', '348', '350', '351', '352', '353', '354', '355', '356', '357', '358', '359', '360', '361', '362', '363', '364', '365', '366', '367', '368', '369', '370', '371', '372', '373', '374', '375', '376', '377', '378', '379', '380', '381', '382', '383', '384', '385', '386', '387', '388', '389', '390', '391', '393', '395', '397', '398', '399', '400', '401', '402', '403', '404', '405', '406', '407', '408', '409', '410', '411', '412', '413', '414', '415', '416', '417', '418', '419', '420', '421', '422', '423', '424', '425', '426', '427', '428', '429', '430', '431', '432', '433', '434', '435', '436', '437', '438', '439', '440', '441', '442', '443', '444', '445', '446', '447', '448', '449', '450', '451', '452', '453', '454', '455', '456', '457', '458', '459', '460', '461', '462', '463', '464', '465', '466', '467', '468', '469', '470', '471', '472', '473', '474', '475', '476', '477', '478', '479', '480', '481', '482', '483', '484', '485', '486', '487', '488', '489', '490', '491', '492', '493', '494', '495', '496', '497', '498', '499', '500', '501', '502', '503', '504', '505', '506', '507', '508', '509', '510', '511', '513', '514', '515', '516', '517', '518', '519', '520', '521', '522', '523', '524', '525', '526', '527', '528', '529', '530', '531', '532', '533', '534', '535', '536', '537', '538', '539', '540', '541', '542', '543', '544', '545', '546', '548', '549', '551', '552', '553', '554', '555', '556', '557', '558', '559', '560', '561', '562', '563', '564', '565', '566', '567', '568', '569', '570', '572', '573', '574', '575', '576', '577', '579', '580', '581', '582', '583', '584', '585', '586', '587', '588', '589', '590', '592', '593', '594', '595', '597', '598', '599', '288', '512', '578', '547', '296', '143', '208', '591', '244', '340', '341']}})
 Cluster1  12
SortedDict({2: {'7': ['0', '2', '3', '4', '5', '6', '7', '8', '9', '10', '11', '13', '16', '17', '18', '20', '21', '23', '25', '26', '27', '28', '29', '51', '43', '12', '53', '22'], '9': ['1', '14', '15', '19', '24', '30', '31', '32', '33', '34', '35', '36', '37', '38', '39', '40', '41', '42', '44', '45', '46', '47', '48', '49', '50', '52', '54', '55', '56', '57', '58', '59', '60', '61', '62', '63', '64', '65', '66', '67'], '13': ['68', '69'], '11': ['70'], '0': ['71', '72', '73', '74', '75', '76', '77', '78', '79', '80', '81', '82', '83', '84', '85', '86', '87', '88', '89', '90', '91', '92', '93', '94', '95', '96', '97', '98', '99']}, 3: {'12': ['105', '122', '126', '392', '550', '596', '191', '108', '148', '234', '253', '344', '349', '394', '396', '571'], '8': ['108', '148', '234', '253', '344', '349', '394', '396', '571'], '0': ['100', '101', '102', '103', '104', '106', '107', '109', '110', '111', '112', '113', '114', '115', '116', '117', '118', '119', '120', '121', '123', '124', '125', '127', '128', '129', '130', '131', '132', '133', '134', '135', '136', '137', '138', '139', '140', '141', '142', '144', '145', '146', '147', '149', '150', '151', '152', '153', '154', '155', '156', '157', '158', '159', '160', '161', '162', '163', '164', '165', '166', '167', '168', '169', '170', '171', '172', '173', '174', '175', '176', '177', '178', '179', '180', '181', '182', '183', '184', '185', '186', '187', '188', '189', '190', '192', '193', '194', '195', '196', '197', '198', '199', '200', '201', '202', '203', '204', '205', '206', '207', '209', '210', '211', '212', '213', '214', '215', '216', '217', '218', '219', '220', '221', '222', '223', '224', '225', '226', '227', '228', '229', '230', '231', '232', '233', '235', '236', '237', '238', '239', '240', '241', '242', '243', '245', '246', '247', '248', '249', '250', '251', '252', '254', '255', '256', '257', '258', '259', '260', '261', '262', '263', '264', '265', '266', '267', '268', '269', '270', '271', '272', '273', '274', '275', '276', '277', '278', '279', '280', '281', '282', '283', '284', '285', '286', '287', '289', '290', '291', '292', '293', '294', '295', '297', '298', '299', '300', '301', '302', '303', '304', '305', '306', '307', '308', '309', '310', '311', '312', '313', '314', '315', '316', '317', '318', '319', '320', '321', '322', '323', '324', '325', '326', '327', '328', '329', '330', '331', '332', '333', '334', '335', '336', '337', '338', '339', '342', '343', '345', '346', '347', '348', '350', '351', '352', '353', '354', '355', '356', '357', '358', '359', '360', '361', '362', '363', '364', '365', '366', '367', '368', '369', '370', '371', '372', '373', '374', '375', '376', '377', '378', '379', '380', '381', '382', '383', '384', '385', '386', '387', '388', '389', '390', '391', '393', '395', '397', '398', '399', '400', '401', '402', '403', '404', '405', '406', '407', '408', '409', '410', '411', '412', '413', '414', '415', '416', '417', '418', '419', '420', '421', '422', '423', '424', '425', '426', '427', '428', '429', '430', '431', '432', '433', '434', '435', '436', '437', '438', '439', '440', '441', '442', '443', '444', '445', '446', '447', '448', '449', '450', '451', '452', '453', '454', '455', '456', '457', '458', '459', '460', '461', '462', '463', '464', '465', '466', '467', '468', '469', '470', '471', '472', '473', '474', '475', '476', '477', '478', '479', '480', '481', '482', '483', '484', '485', '486', '487', '488', '489', '490', '491', '492', '493', '494', '495', '496', '497', '498', '499', '500', '501', '502', '503', '504', '505', '506', '507', '508', '509', '510', '511', '513', '514', '515', '516', '517', '518', '519', '520', '521', '522', '523', '524', '525', '526', '527', '528', '529', '530', '531', '532', '533', '534', '535', '536', '537', '538', '539', '540', '541', '542', '543', '544', '545', '546', '548', '549', '551', '552', '553', '554', '555', '556', '557', '558', '559', '560', '561', '562', '563', '564', '565', '566', '567', '568', '569', '570', '572', '573', '574', '575', '576', '577', '579', '580', '581', '582', '583', '584', '585', '586', '587', '588', '589', '590', '592', '593', '594', '595', '597', '598', '599', '288', '512', '578', '547', '296', '143', '208', '591', '244', '340', '341']}})
 Cluster1  12
 Cluster to drop  8
 Cluster to drop  0
 After reassigning and merging cells 
 Timepoint  2
 Cluster  7  # of cells  28
 Cluster  9  # of cells  40
 Cluster  13  # of cells  2
 Cluster  11  # of cells  1
 Cluster  0  # of cells  29
 Timepoint  3
 Cluster  12  # of cells  500
 Tp cluster cell dict  {'7_2': 28, '9_2': 40, '13_2': 2, '11_2': 1, '0_2': 29, '12_3': 500}
 New Graph is here 
 ID  0  Timepoint  1  Mutations  []  Type  subclone
 ID  1  Timepoint  2  Mutations  [0, 1, 2, 3, 4, 5, 6, 7, 8, 9, 18, 19]  Type  subclone
 ID  2  Timepoint  2  Mutations  [0, 1, 2, 3, 4, 5, 6, 7, 8, 9, 20]  Type  subclone
 ID  3  Timepoint  2  Mutations  [10, 12, 13, 15, 16, 17, 21, 22, 23, 25, 26, 27, 28, 29, 30]  Type  subclone
 ID  4  Timepoint  2  Mutations  [11, 13, 14, 15, 16, 18, 25, 26, 28, 29, 30, 31, 34]  Type  subclone
 ID  5  Timepoint  2  Mutations  [10, 11, 12, 13, 14, 15, 16, 17, 32, 33, 34, 35, 36, 37, 38, 39, 40]  Type  subclone
 ID  6  Timepoint  3  Mutations  [10, 11, 12, 13, 14, 15, 16, 17, 32, 33, 34, 35, 36, 37, 38, 39, 40]  Type  subclone
Timepoints  SortedDict({1: [0], 2: [1, 2, 3, 4, 5], 3: [6]})
 Clone to nodes  {'7_2': 1, '9_2': 2, '13_2': 3, '11_2': 4, '0_2': 5, '12_3': 6}
 Timepoint ====  1
 Hash table  {'0,1': [0, 1, 2, 3, 4, 5, 6, 7, 8, 9], '0,3': [18], '0': [19], '1': [20], '2,4': [10, 12, 17], '2,3,4': [13, 15, 16], '2': [21, 22, 23, 27], '2,3': [25, 26, 28, 29, 30], '3,4': [11, 14, 34], '3': [31], '4': [32, 33, 35, 36, 37, 38, 39, 40]}
 Final possible usc  [[0, 1, 2, 3, 4, 5, 6, 7, 8, 9], [18], [19], [20], [10, 12, 17], [13, 15, 16], [21, 22, 23, 27], [25, 26, 28, 29, 30], [11, 14, 34], [31], [32, 33, 35, 36, 37, 38, 39, 40]]
 Time  1  USC keys  {'11,14,34_0', '0,1,2,3,4,5,6,7,8,9_0', '10,12,17_0', '19_0', '31_0', '20_0', '32,33,35,36,37,38,39,40_0', '18_0', '25,26,28,29,30_0', '21,22,23,27_0', '13,15,16_0'}
 USC children  {'0,1,2,3,4,5,6,7,8,9_0': [1, 2], '18_0': [1, 4], '19_0': [1], '20_0': [2], '10,12,17_0': [3, 5], '13,15,16_0': [3, 4, 5], '21,22,23,27_0': [3], '25,26,28,29,30_0': [3, 4], '11,14,34_0': [4, 5], '31_0': [4], '32,33,35,36,37,38,39,40_0': [5]}
 USC children  {'0,1,2,3,4,5,6,7,8,9_0': [1, 2], '18_0': [1, 4], '19_0': [1], '20_0': [2], '10,12,17_0': [3, 5], '13,15,16_0': [3, 4, 5], '21,22,23,27_0': [3], '25,26,28,29,30_0': [3, 4], '11,14,34_0': [4, 5], '31_0': [4], '32,33,35,36,37,38,39,40_0': [5]}
 Timepoint ====  2
 Hash table  {}
====== Inside find superset of t nodes ==========
 Final possible usc  []
 Time  2  USC keys  set()
 USC children  {'0,1,2,3,4,5,6,7,8,9_0': [1, 2], '18_0': [1, 4], '19_0': [1], '20_0': [2], '10,12,17_0': [3, 5], '13,15,16_0': [3, 4, 5], '21,22,23,27_0': [3], '25,26,28,29,30_0': [3, 4], '11,14,34_0': [4, 5], '31_0': [4], '32,33,35,36,37,38,39,40_0': [5]}
 USC children  {'0,1,2,3,4,5,6,7,8,9_0': [1, 2], '18_0': [1, 4], '19_0': [1], '20_0': [2], '10,12,17_0': [3, 5], '13,15,16_0': [3, 4, 5], '21,22,23,27_0': [3], '25,26,28,29,30_0': [3, 4], '11,14,34_0': [4, 5], '31_0': [4], '32,33,35,36,37,38,39,40_0': [5]}
 Node s  {'1,2': ['0', '1', '2', '3', '4', '5', '6', '7', '8', '9'], '1,4': ['18'], '3,4,5': ['13', '15', '16']}
 Enroll USC nodes  ['1', '2']  len  2
 Enroll USC nodes  ['1', '4']  len  2
 Enroll USC nodes  ['3', '4', '5']  len  3
 Node TP  SortedDict({1: [0], 2: [1, 2, 3, 4, 5], 3: [6]})
 Unobserved subclones at timepoints  {1.5: [7, 8, 9]}
 ============== Inside finding node v ============ 
 Time  2
 Time  3
 Sorted all timepoints  [1, 1.5, 2, 3]
 Timepoint  2
 Inside usc_node check  2
 Timepoint  3
0   1   [-1]   subclone   []   []
1   2   [7]   subclone   [0, 1, 2, 3, 4, 5, 6, 7, 8, 9, 18, 19]   [2, 11]
2   2   [7]   subclone   [0, 1, 2, 3, 4, 5, 6, 7, 8, 9, 20]   [1]
3   2   [9]   subclone   [10, 12, 13, 15, 16, 17, 21, 22, 23, 25, 26, 27, 28, 29, 30]   [12]
4   2   [8]   subclone   [11, 13, 14, 15, 16, 18, 25, 26, 28, 29, 30, 31, 34]   [12, 10]
5   2   [9]   subclone   [10, 11, 12, 13, 14, 15, 16, 17, 32, 33, 34, 35, 36, 37, 38, 39, 40]   [14]
6   3   [5]   subclone   [10, 11, 12, 13, 14, 15, 16, 17, 32, 33, 34, 35, 36, 37, 38, 39, 40]   [0]
7   1.5   [0]   unobserved subclone   [0, 1, 2, 3, 4, 5, 6, 7, 8, 9]   [10]
8   1.5   [0]   unobserved subclone   [18]   [1]
9   1.5   [0]   unobserved subclone   [13, 15, 16]   [3]
7
 Total estimated FP  119  True negatives  11695
 Total estimated FN  2353  True positives  5513
 Estimated FP rate  0.02113
 Estimated FN rate  0.17
 No. of Cells in each cluster  {'3_2': 24, '4_2': 44, '5_2': 3, '1_2': 29, '1_3': 500}
 Cells in each cluster  {'3_2': [0, 2, 3, 4, 5, 6, 7, 8, 9, 10, 11, 13, 16, 17, 18, 20, 21, 23, 25, 26, 27, 28, 29, 51], '4_2': [1, 12, 14, 15, 19, 22, 24, 30, 31, 32, 33, 34, 35, 36, 37, 38, 39, 40, 41, 42, 43, 44, 45, 46, 47, 48, 49, 50, 52, 53, 54, 55, 56, 57, 58, 59, 60, 61, 62, 63, 64, 65, 66, 67], '5_2': [68, 69, 70], '1_2': [90, 73, 76, 82, 85, 71, 72, 74, 75, 77, 78, 79, 80, 81, 83, 84, 86, 87, 88, 89, 91, 92, 93, 94, 95, 96, 97, 98, 99], '1_3': [105, 122, 126, 164, 191, 212, 217, 267, 326, 342, 379, 403, 424, 445, 579, 584, 587, 110, 116, 117, 120, 135, 140, 143, 161, 180, 188, 192, 200, 203, 208, 210, 215, 218, 226, 235, 243, 244, 250, 257, 269, 272, 277, 282, 290, 300, 304, 317, 332, 350, 359, 363, 368, 370, 375, 377, 392, 405, 407, 409, 416, 418, 422, 433, 443, 444, 451, 466, 469, 481, 484, 499, 501, 502, 510, 514, 517, 532, 546, 556, 557, 561, 569, 572, 576, 581, 588, 594, 599, 100, 101, 102, 103, 104, 106, 107, 108, 109, 111, 112, 113, 114, 115, 118, 119, 121, 123, 124, 125, 127, 128, 129, 131, 132, 133, 134, 136, 137, 138, 139, 141, 142, 144, 145, 146, 147, 148, 149, 150, 151, 152, 153, 154, 155, 156, 157, 158, 159, 160, 162, 163, 165, 166, 167, 168, 169, 170, 171, 172, 173, 174, 175, 176, 177, 178, 179, 181, 182, 183, 184, 185, 186, 187, 189, 190, 193, 194, 195, 196, 197, 198, 199, 201, 202, 204, 205, 206, 207, 209, 211, 213, 214, 216, 219, 220, 221, 222, 223, 224, 225, 227, 228, 229, 230, 231, 232, 233, 236, 237, 238, 239, 240, 241, 242, 245, 246, 247, 248, 249, 251, 252, 254, 255, 256, 258, 259, 260, 261, 262, 263, 264, 265, 266, 268, 270, 271, 273, 274, 275, 276, 278, 279, 280, 281, 283, 284, 285, 286, 287, 288, 289, 291, 292, 293, 294, 295, 296, 297, 298, 299, 301, 302, 305, 306, 307, 308, 309, 310, 311, 312, 313, 314, 315, 316, 318, 319, 320, 321, 322, 323, 324, 325, 327, 328, 329, 330, 331, 333, 334, 335, 336, 337, 338, 339, 340, 341, 343, 345, 346, 347, 348, 349, 351, 353, 354, 355, 356, 357, 358, 360, 361, 362, 364, 365, 366, 369, 371, 372, 373, 374, 376, 380, 381, 382, 383, 384, 385, 386, 387, 388, 389, 390, 391, 393, 394, 395, 397, 398, 399, 400, 401, 402, 404, 406, 408, 410, 411, 412, 413, 414, 415, 417, 419, 420, 421, 423, 425, 426, 427, 428, 429, 430, 431, 432, 434, 435, 436, 437, 438, 439, 440, 441, 442, 446, 447, 448, 449, 450, 452, 453, 454, 455, 456, 457, 458, 459, 460, 461, 462, 463, 464, 467, 468, 470, 471, 472, 473, 474, 475, 476, 477, 478, 479, 480, 482, 483, 485, 486, 487, 488, 489, 490, 491, 492, 493, 494, 495, 496, 497, 498, 500, 503, 504, 505, 506, 507, 508, 509, 511, 512, 513, 515, 516, 518, 519, 520, 521, 522, 523, 524, 525, 526, 527, 528, 529, 530, 531, 533, 534, 535, 536, 537, 538, 539, 540, 541, 542, 543, 544, 545, 547, 548, 549, 550, 551, 552, 553, 554, 555, 558, 559, 560, 562, 563, 564, 565, 566, 567, 568, 570, 571, 573, 574, 575, 577, 578, 580, 582, 583, 585, 586, 589, 590, 591, 592, 593, 595, 596, 597, 598, 130, 234, 253, 303, 344, 352, 367, 378, 396, 465]}
FP rate  0.02113 FN rate  0.17
 Before reassigning cells 
 Timepoint  2
 Cluster  3  # of cells  24
 Cluster  4  # of cells  40
 Cluster  5  # of cells  3
 Cluster  1  # of cells  29
 Timepoint  3
 Cluster  1  # of cells  500
 Cells absent at timepoint  2   {43, 12, 53, 22}
 Missing cell prob  {'1': 6.678181259024911e-21, '4': 0.0009828579321808568, '3': 0.0009828579321808568, '5': 1.1597973316520434e-21}
 Missing cell prob  {'1': 7.235264735405531e-25, '4': 0.004598010463785665, '3': 0.004598010463785665, '5': 4.166107995027303e-24}
 Missing cell prob  {'1': 2.7123942032801843e-27, '4': 0.022449109911424125, '3': 0.022449109911424125, '5': 5.178227172642758e-25}
 Missing cell prob  {'1': 8.25249638785984e-17, '4': 0.00023741519014742183, '3': 0.00023741519014742178, '5': 4.322719459524557e-19}
 Cells absent at timepoint  3   set()
 Timepoint  2
 Timepoint  3
 After reassigning and merging cells 
 Timepoint  2
 Cluster  3  # of cells  24
 Cluster  4  # of cells  44
 Cluster  5  # of cells  3
 Cluster  1  # of cells  29
 Timepoint  3
 Cluster  1  # of cells  500
 Tp cluster cell dict  {'3_2': 24, '4_2': 44, '5_2': 3, '1_2': 29, '1_3': 500}
 New Graph is here 
 ID  0  Timepoint  1  Mutations  []  Type  subclone
 ID  1  Timepoint  2  Mutations  [0, 1, 2, 3, 4, 5, 6, 7, 8, 9, 18, 19]  Type  subclone
 ID  2  Timepoint  2  Mutations  [0, 1, 2, 3, 4, 5, 6, 7, 8, 9, 20]  Type  subclone
 ID  3  Timepoint  2  Mutations  [10, 12, 13, 14, 15, 16, 17, 21, 22, 23, 25, 26, 27, 28, 29, 30, 31]  Type  subclone
 ID  4  Timepoint  2  Mutations  [10, 11, 12, 13, 14, 15, 16, 17, 32, 33, 34, 35, 36, 37, 38, 39, 40]  Type  subclone
 ID  5  Timepoint  3  Mutations  [10, 11, 12, 13, 14, 15, 16, 17, 32, 33, 34, 35, 36, 37, 38, 39, 40]  Type  subclone
Timepoints  SortedDict({1: [0], 2: [1, 2, 3, 4], 3: [5]})
 Clone to nodes  {'3_2': 1, '4_2': 2, '5_2': 3, '1_2': 4, '1_3': 5}
 Timepoint ====  1
 Hash table  {'0,1': [0, 1, 2, 3, 4, 5, 6, 7, 8, 9], '0': [18, 19], '1': [20], '2,3': [10, 12, 13, 14, 15, 16, 17], '2': [21, 22, 23, 25, 26, 27, 28, 29, 30, 31], '3': [11, 32, 33, 34, 35, 36, 37, 38, 39, 40]}
 Final possible usc  [[0, 1, 2, 3, 4, 5, 6, 7, 8, 9], [18, 19], [20], [10, 12, 13, 14, 15, 16, 17], [21, 22, 23, 25, 26, 27, 28, 29, 30, 31], [11, 32, 33, 34, 35, 36, 37, 38, 39, 40]]
 Time  1  USC keys  {'18,19_0', '10,12,13,14,15,16,17_0', '11,32,33,34,35,36,37,38,39,40_0', '0,1,2,3,4,5,6,7,8,9_0', '20_0', '21,22,23,25,26,27,28,29,30,31_0'}
 USC children  {'0,1,2,3,4,5,6,7,8,9_0': [1, 2], '18,19_0': [1], '20_0': [2], '10,12,13,14,15,16,17_0': [3, 4], '21,22,23,25,26,27,28,29,30,31_0': [3], '11,32,33,34,35,36,37,38,39,40_0': [4]}
 USC children  {'0,1,2,3,4,5,6,7,8,9_0': [1, 2], '18,19_0': [1], '20_0': [2], '10,12,13,14,15,16,17_0': [3, 4], '21,22,23,25,26,27,28,29,30,31_0': [3], '11,32,33,34,35,36,37,38,39,40_0': [4]}
 Timepoint ====  2
 Hash table  {}
====== Inside find superset of t nodes ==========
 Final possible usc  []
 Time  2  USC keys  set()
 USC children  {'0,1,2,3,4,5,6,7,8,9_0': [1, 2], '18,19_0': [1], '20_0': [2], '10,12,13,14,15,16,17_0': [3, 4], '21,22,23,25,26,27,28,29,30,31_0': [3], '11,32,33,34,35,36,37,38,39,40_0': [4]}
 USC children  {'0,1,2,3,4,5,6,7,8,9_0': [1, 2], '18,19_0': [1], '20_0': [2], '10,12,13,14,15,16,17_0': [3, 4], '21,22,23,25,26,27,28,29,30,31_0': [3], '11,32,33,34,35,36,37,38,39,40_0': [4]}
 Node s  {'1,2': ['0', '1', '2', '3', '4', '5', '6', '7', '8', '9'], '3,4': ['10', '12', '13', '14', '15', '16', '17']}
 Enroll USC nodes  ['1', '2']  len  2
 Enroll USC nodes  ['3', '4']  len  2
 Node TP  SortedDict({1: [0], 2: [1, 2, 3, 4], 3: [5]})
 Unobserved subclones at timepoints  {1.5: [6, 7]}
 ============== Inside finding node v ============ 
 Time  2
 Time  3
 Sorted all timepoints  [1, 1.5, 2, 3]
 Timepoint  2
 Inside usc_node check  2
 Timepoint  3
0   1   [-1]   subclone   []   []
1   2   [6]   subclone   [0, 1, 2, 3, 4, 5, 6, 7, 8, 9, 18, 19]   [2]
2   2   [6]   subclone   [0, 1, 2, 3, 4, 5, 6, 7, 8, 9, 20]   [1]
3   2   [7]   subclone   [10, 12, 13, 14, 15, 16, 17, 21, 22, 23, 25, 26, 27, 28, 29, 30, 31]   [10]
4   2   [7]   subclone   [10, 11, 12, 13, 14, 15, 16, 17, 32, 33, 34, 35, 36, 37, 38, 39, 40]   [10]
5   3   [4]   subclone   [10, 11, 12, 13, 14, 15, 16, 17, 32, 33, 34, 35, 36, 37, 38, 39, 40]   [0]
6   1.5   [0]   unobserved subclone   [0, 1, 2, 3, 4, 5, 6, 7, 8, 9]   [10]
7   1.5   [0]   unobserved subclone   [10, 12, 13, 14, 15, 16, 17]   [7]
5
 Total estimated FP  118  True negatives  11693
 Total estimated FN  2355  True positives  5514
 Estimated FP rate  0.02095
 Estimated FN rate  0.17
 No. of Cells in each cluster  {'3_2': 24, '4_2': 44, '2_2': 3, '0_3': 500, '0_2': 29}
 Cells in each cluster  {'3_2': [0, 2, 3, 4, 5, 6, 7, 8, 9, 10, 11, 13, 16, 17, 18, 20, 21, 23, 25, 26, 27, 28, 29, 51], '4_2': [1, 12, 14, 15, 19, 22, 24, 30, 31, 32, 33, 34, 35, 36, 37, 38, 39, 40, 41, 42, 43, 44, 45, 46, 47, 48, 49, 50, 52, 53, 54, 55, 56, 57, 58, 59, 60, 61, 62, 63, 64, 65, 66, 67], '2_2': [68, 69, 70], '0_3': [105, 122, 126, 191, 234, 253, 344, 396, 100, 101, 102, 103, 104, 106, 107, 108, 109, 110, 111, 112, 113, 114, 115, 116, 117, 118, 119, 120, 121, 123, 124, 125, 127, 128, 129, 130, 131, 132, 133, 134, 135, 136, 137, 138, 139, 140, 141, 142, 143, 144, 145, 146, 147, 148, 149, 150, 151, 152, 153, 154, 155, 156, 157, 158, 159, 160, 161, 162, 163, 164, 165, 166, 167, 168, 169, 170, 171, 172, 173, 174, 175, 176, 177, 178, 179, 180, 181, 182, 183, 184, 185, 186, 187, 188, 189, 190, 192, 193, 194, 195, 196, 197, 198, 199, 200, 201, 202, 203, 204, 205, 206, 207, 208, 209, 210, 211, 212, 213, 214, 215, 216, 217, 218, 219, 220, 221, 222, 223, 224, 225, 226, 227, 228, 229, 230, 231, 232, 233, 235, 236, 237, 238, 239, 240, 241, 242, 243, 244, 245, 246, 247, 248, 249, 250, 251, 252, 254, 255, 256, 257, 258, 259, 260, 261, 262, 263, 264, 265, 266, 267, 268, 269, 270, 271, 272, 273, 274, 275, 276, 277, 278, 279, 280, 281, 282, 283, 284, 285, 286, 287, 288, 289, 290, 291, 292, 293, 294, 295, 296, 297, 298, 299, 300, 301, 302, 303, 304, 305, 306, 307, 308, 309, 310, 311, 312, 313, 314, 315, 316, 317, 318, 319, 320, 321, 322, 323, 324, 325, 326, 327, 328, 329, 330, 331, 332, 333, 334, 335, 336, 337, 338, 339, 340, 341, 342, 343, 345, 346, 347, 348, 349, 350, 351, 352, 353, 354, 355, 356, 357, 358, 359, 360, 361, 362, 363, 364, 365, 366, 367, 368, 369, 370, 371, 372, 373, 374, 375, 376, 377, 378, 379, 380, 381, 382, 383, 384, 385, 386, 387, 388, 389, 390, 391, 392, 393, 394, 395, 397, 398, 399, 400, 401, 402, 403, 404, 405, 406, 407, 408, 409, 410, 411, 412, 413, 414, 415, 416, 417, 418, 419, 420, 421, 422, 423, 424, 425, 426, 427, 428, 429, 430, 431, 432, 433, 434, 435, 436, 437, 438, 439, 440, 441, 442, 443, 444, 445, 446, 447, 448, 449, 450, 451, 452, 453, 454, 455, 456, 457, 458, 459, 460, 461, 462, 463, 464, 465, 466, 467, 468, 469, 470, 471, 472, 473, 474, 475, 476, 477, 478, 479, 480, 481, 482, 483, 484, 485, 486, 487, 488, 489, 490, 491, 492, 493, 494, 495, 496, 497, 498, 499, 500, 501, 502, 503, 504, 505, 506, 507, 508, 509, 510, 511, 512, 513, 514, 515, 516, 517, 518, 519, 520, 521, 522, 523, 524, 525, 526, 527, 528, 529, 530, 531, 532, 533, 534, 535, 536, 537, 538, 539, 540, 541, 542, 543, 544, 545, 546, 547, 548, 549, 550, 551, 552, 553, 554, 555, 556, 557, 558, 559, 560, 561, 562, 563, 564, 565, 566, 567, 568, 569, 570, 571, 572, 573, 574, 575, 576, 577, 578, 579, 580, 581, 582, 583, 584, 585, 586, 587, 588, 589, 590, 591, 592, 593, 594, 595, 596, 597, 598, 599], '0_2': [71, 72, 73, 74, 75, 76, 77, 78, 79, 80, 81, 82, 83, 84, 85, 86, 87, 88, 89, 90, 91, 92, 93, 94, 95, 96, 97, 98, 99]}
FP rate  0.02095 FN rate  0.17
 Before reassigning cells 
 Timepoint  2
 Cluster  3  # of cells  24
 Cluster  4  # of cells  40
 Cluster  2  # of cells  3
 Cluster  0  # of cells  29
 Timepoint  3
 Cluster  0  # of cells  500
 Cells absent at timepoint  2   {43, 12, 53, 22}
 Missing cell prob  {'0': 6.359214503911134e-21, '2': 1.9173066287002554e-22, '3': 0.000987023217702847, '4': 0.000987023217702847}
 Missing cell prob  {'0': 6.828487558115964e-25, '2': 6.8284875581159625e-25, '3': 0.004619194858978185, '4': 0.004619194858978185}
 Missing cell prob  {'0': 2.5371592508974878e-27, '2': 8.415106726031141e-26, '3': 0.022552539605599373, '4': 0.022552539605599373}
 Missing cell prob  {'0': 7.998363062340947e-17, '2': 7.270718196431496e-20, '3': 0.00023846518191266572, '4': 0.00023846518191266577}
 Cells absent at timepoint  3   set()
 Timepoint  2
 Timepoint  3
 After reassigning and merging cells 
 Timepoint  2
 Cluster  3  # of cells  27
 Cluster  4  # of cells  41
 Cluster  2  # of cells  3
 Cluster  0  # of cells  29
 Timepoint  3
 Cluster  0  # of cells  500
 Tp cluster cell dict  {'3_2': 27, '4_2': 41, '2_2': 3, '0_2': 29, '0_3': 500}
 New Graph is here 
 ID  0  Timepoint  1  Mutations  []  Type  subclone
 ID  1  Timepoint  2  Mutations  [0, 1, 2, 3, 4, 5, 6, 7, 8, 9, 18, 19]  Type  subclone
 ID  2  Timepoint  2  Mutations  [0, 1, 2, 3, 4, 5, 6, 7, 8, 9, 20]  Type  subclone
 ID  3  Timepoint  2  Mutations  [10, 11, 12, 13, 14, 15, 16, 17, 21, 22, 23, 25, 26, 27, 28, 29, 30, 31]  Type  subclone
 ID  4  Timepoint  2  Mutations  [10, 11, 12, 13, 14, 15, 16, 17, 32, 33, 34, 35, 36, 37, 38, 39, 40]  Type  subclone
 ID  5  Timepoint  3  Mutations  [10, 11, 12, 13, 14, 15, 16, 17, 32, 33, 34, 35, 36, 37, 38, 39, 40]  Type  subclone
Timepoints  SortedDict({1: [0], 2: [1, 2, 3, 4], 3: [5]})
 Clone to nodes  {'3_2': 1, '4_2': 2, '2_2': 3, '0_2': 4, '0_3': 5}
 Timepoint ====  1
 Hash table  {'0,1': [0, 1, 2, 3, 4, 5, 6, 7, 8, 9], '0': [18, 19], '1': [20], '2,3': [10, 11, 12, 13, 14, 15, 16, 17], '2': [21, 22, 23, 25, 26, 27, 28, 29, 30, 31], '3': [32, 33, 34, 35, 36, 37, 38, 39, 40]}
 Final possible usc  [[0, 1, 2, 3, 4, 5, 6, 7, 8, 9], [18, 19], [20], [10, 11, 12, 13, 14, 15, 16, 17], [21, 22, 23, 25, 26, 27, 28, 29, 30, 31], [32, 33, 34, 35, 36, 37, 38, 39, 40]]
 Time  1  USC keys  {'18,19_0', '10,11,12,13,14,15,16,17_0', '0,1,2,3,4,5,6,7,8,9_0', '32,33,34,35,36,37,38,39,40_0', '21,22,23,25,26,27,28,29,30,31_0', '20_0'}
 USC children  {'0,1,2,3,4,5,6,7,8,9_0': [1, 2], '18,19_0': [1], '20_0': [2], '10,11,12,13,14,15,16,17_0': [3, 4], '21,22,23,25,26,27,28,29,30,31_0': [3], '32,33,34,35,36,37,38,39,40_0': [4]}
 USC children  {'0,1,2,3,4,5,6,7,8,9_0': [1, 2], '18,19_0': [1], '20_0': [2], '10,11,12,13,14,15,16,17_0': [3, 4], '21,22,23,25,26,27,28,29,30,31_0': [3], '32,33,34,35,36,37,38,39,40_0': [4]}
 Timepoint ====  2
 Hash table  {}
====== Inside find superset of t nodes ==========
 Final possible usc  []
 Time  2  USC keys  set()
 USC children  {'0,1,2,3,4,5,6,7,8,9_0': [1, 2], '18,19_0': [1], '20_0': [2], '10,11,12,13,14,15,16,17_0': [3, 4], '21,22,23,25,26,27,28,29,30,31_0': [3], '32,33,34,35,36,37,38,39,40_0': [4]}
 USC children  {'0,1,2,3,4,5,6,7,8,9_0': [1, 2], '18,19_0': [1], '20_0': [2], '10,11,12,13,14,15,16,17_0': [3, 4], '21,22,23,25,26,27,28,29,30,31_0': [3], '32,33,34,35,36,37,38,39,40_0': [4]}
 Node s  {'1,2': ['0', '1', '2', '3', '4', '5', '6', '7', '8', '9'], '3,4': ['10', '11', '12', '13', '14', '15', '16', '17']}
 Enroll USC nodes  ['1', '2']  len  2
 Enroll USC nodes  ['3', '4']  len  2
 Node TP  SortedDict({1: [0], 2: [1, 2, 3, 4], 3: [5]})
 Unobserved subclones at timepoints  {1.5: [6, 7]}
 ============== Inside finding node v ============ 
 Time  2
 Time  3
 Sorted all timepoints  [1, 1.5, 2, 3]
 Timepoint  2
 Inside usc_node check  2
 Timepoint  3
0   1   [-1]   subclone   []   []
1   2   [6]   subclone   [0, 1, 2, 3, 4, 5, 6, 7, 8, 9, 18, 19]   [2]
2   2   [6]   subclone   [0, 1, 2, 3, 4, 5, 6, 7, 8, 9, 20]   [1]
3   2   [7]   subclone   [10, 11, 12, 13, 14, 15, 16, 17, 21, 22, 23, 25, 26, 27, 28, 29, 30, 31]   [10]
4   2   [7]   subclone   [10, 11, 12, 13, 14, 15, 16, 17, 32, 33, 34, 35, 36, 37, 38, 39, 40]   [9]
5   3   [4]   subclone   [10, 11, 12, 13, 14, 15, 16, 17, 32, 33, 34, 35, 36, 37, 38, 39, 40]   [0]
6   1.5   [0]   unobserved subclone   [0, 1, 2, 3, 4, 5, 6, 7, 8, 9]   [10]
7   1.5   [0]   unobserved subclone   [10, 11, 12, 13, 14, 15, 16, 17]   [8]
8
 Total estimated FP  117  True negatives  11713
 Total estimated FN  2335  True positives  5515
 Estimated FP rate  0.02077
 Estimated FN rate  0.17
 No. of Cells in each cluster  {'7_2': 24, '4_2': 44, '5_2': 3, '3_3': 4, '6_3': 496, '6_2': 29}
 Cells in each cluster  {'7_2': [0, 2, 3, 4, 5, 6, 7, 8, 9, 10, 11, 13, 16, 17, 18, 20, 21, 23, 25, 26, 27, 28, 29, 51], '4_2': [1, 12, 14, 15, 19, 22, 24, 30, 31, 32, 33, 34, 35, 36, 37, 38, 39, 40, 41, 42, 43, 44, 45, 46, 47, 48, 49, 50, 52, 53, 54, 55, 56, 57, 58, 59, 60, 61, 62, 63, 64, 65, 66, 67], '5_2': [68, 69, 70], '3_3': [234, 253, 344, 396], '6_3': [105, 122, 126, 191, 407, 409, 557, 576, 104, 123, 130, 132, 138, 142, 144, 147, 151, 157, 170, 182, 195, 201, 207, 211, 238, 243, 248, 261, 268, 281, 295, 296, 303, 312, 327, 336, 340, 341, 352, 367, 373, 378, 382, 393, 426, 428, 438, 447, 454, 458, 460, 465, 483, 488, 498, 508, 518, 524, 534, 537, 547, 551, 553, 558, 591, 596, 100, 101, 102, 106, 107, 108, 110, 111, 112, 113, 114, 115, 116, 118, 119, 121, 125, 127, 128, 129, 131, 133, 134, 135, 137, 139, 141, 143, 145, 146, 148, 149, 150, 152, 153, 155, 156, 158, 159, 160, 161, 162, 163, 164, 165, 166, 167, 168, 169, 171, 172, 173, 174, 175, 176, 177, 178, 179, 180, 181, 183, 185, 186, 189, 190, 193, 194, 196, 197, 198, 199, 202, 204, 205, 206, 209, 212, 213, 214, 217, 219, 220, 221, 223, 224, 225, 227, 228, 229, 231, 232, 233, 235, 236, 237, 239, 241, 244, 246, 247, 249, 250, 251, 252, 254, 255, 256, 257, 258, 260, 263, 264, 265, 266, 267, 269, 270, 271, 272, 273, 274, 275, 276, 277, 278, 279, 280, 283, 284, 285, 286, 287, 288, 289, 290, 291, 292, 293, 294, 297, 298, 299, 301, 302, 305, 306, 307, 308, 309, 310, 311, 313, 314, 315, 318, 319, 320, 321, 322, 323, 324, 325, 326, 328, 329, 330, 331, 332, 333, 334, 335, 337, 338, 339, 342, 343, 345, 346, 347, 348, 349, 350, 351, 353, 354, 355, 356, 357, 358, 360, 361, 362, 364, 365, 366, 368, 369, 370, 371, 372, 374, 376, 379, 380, 383, 385, 386, 387, 388, 389, 390, 391, 395, 397, 398, 400, 401, 402, 403, 404, 406, 408, 410, 412, 413, 414, 415, 417, 418, 419, 420, 421, 422, 423, 424, 425, 427, 429, 430, 431, 432, 434, 435, 436, 437, 439, 440, 441, 442, 443, 444, 445, 446, 448, 449, 450, 451, 452, 453, 455, 456, 457, 459, 461, 462, 463, 464, 466, 467, 468, 471, 472, 473, 474, 475, 476, 477, 478, 479, 480, 482, 485, 486, 487, 489, 490, 491, 492, 493, 494, 495, 496, 497, 502, 503, 504, 505, 506, 507, 509, 510, 511, 512, 513, 514, 519, 520, 521, 522, 523, 525, 526, 527, 528, 529, 530, 531, 533, 535, 536, 538, 539, 540, 541, 542, 543, 544, 545, 546, 548, 549, 550, 552, 554, 555, 559, 560, 561, 562, 563, 564, 565, 566, 567, 568, 570, 571, 573, 574, 575, 577, 578, 579, 580, 581, 582, 583, 584, 585, 586, 587, 588, 589, 590, 592, 593, 594, 595, 597, 598, 103, 109, 117, 120, 124, 136, 140, 154, 184, 187, 188, 192, 200, 203, 208, 210, 215, 216, 218, 222, 226, 230, 240, 242, 245, 259, 262, 282, 300, 304, 316, 317, 359, 363, 375, 377, 381, 384, 392, 394, 399, 405, 411, 416, 433, 469, 470, 481, 484, 499, 500, 501, 515, 516, 517, 532, 556, 569, 572, 599], '6_2': [74, 78, 79, 83, 71, 72, 75, 77, 80, 81, 84, 86, 87, 88, 89, 90, 91, 92, 93, 94, 95, 96, 97, 98, 99, 73, 76, 82, 85]}
FP rate  0.02077 FN rate  0.17
 Before reassigning cells 
 Timepoint  2
 Cluster  7  # of cells  24
 Cluster  4  # of cells  41
 Cluster  5  # of cells  3
 Cluster  6  # of cells  29
 Timepoint  3
 Cluster  3  # of cells  14
 Cluster  6  # of cells  486
 Cells absent at timepoint  2   {12, 53, 22}
 Missing cell prob  {'6': 6.441248137182391e-25, '7': 0.004640472935580845, '4': 0.004640472935580845, '5': 3.710272596101831e-24}
 Missing cell prob  {'6': 2.3718434867575408e-27, '7': 0.022656426685482945, '4': 0.022656426685482945, '5': 4.533080107119708e-25}
 Missing cell prob  {'6': 7.749762721563111e-17, '7': 0.0002395196230618889, '4': 0.0002395196230618889, '5': 7.039555713725058e-20}
 Cells absent at timepoint  3   set()
 Timepoint  2
 Timepoint  3
SortedDict({2: {'7': ['0', '2', '3', '4', '5', '6', '7', '8', '9', '10', '11', '13', '16', '17', '18', '20', '21', '23', '25', '26', '27', '28', '29', '51', '12', '53', '22'], '4': ['1', '14', '15', '19', '24', '30', '31', '32', '33', '34', '35', '36', '37', '38', '39', '40', '41', '42', '43', '44', '45', '46', '47', '48', '49', '50', '52', '54', '55', '56', '57', '58', '59', '60', '61', '62', '63', '64', '65', '66', '67'], '5': ['68', '69', '70'], '6': ['71', '72', '73', '74', '75', '76', '77', '78', '79', '80', '81', '82', '83', '84', '85', '86', '87', '88', '89', '90', '91', '92', '93', '94', '95', '96', '97', '98', '99']}, 3: {'3': ['148', '208', '234', '253', '332', '341', '344', '392', '394', '396', '465', '565', '578', '591'], '6': ['100', '101', '102', '103', '104', '105', '106', '107', '108', '109', '110', '111', '112', '113', '114', '115', '116', '117', '118', '119', '120', '121', '122', '123', '124', '125', '126', '127', '128', '129', '130', '131', '132', '133', '134', '135', '136', '137', '138', '139', '140', '141', '142', '143', '144', '145', '146', '147', '149', '150', '151', '152', '153', '154', '155', '156', '157', '158', '159', '160', '161', '162', '163', '164', '165', '166', '167', '168', '169', '170', '171', '172', '173', '174', '175', '176', '177', '178', '179', '180', '181', '182', '183', '184', '185', '186', '187', '188', '189', '190', '191', '192', '193', '194', '195', '196', '197', '198', '199', '200', '201', '202', '203', '204', '205', '206', '207', '209', '210', '211', '212', '213', '214', '215', '216', '217', '218', '219', '220', '221', '222', '223', '224', '225', '226', '227', '228', '229', '230', '231', '232', '233', '235', '236', '237', '238', '239', '240', '241', '242', '243', '244', '245', '246', '247', '248', '249', '250', '251', '252', '254', '255', '256', '257', '258', '259', '260', '261', '262', '263', '264', '265', '266', '267', '268', '269', '270', '271', '272', '273', '274', '275', '276', '277', '278', '279', '280', '281', '282', '283', '284', '285', '286', '287', '288', '289', '290', '291', '292', '293', '294', '295', '296', '297', '298', '299', '300', '301', '302', '303', '304', '305', '306', '307', '308', '309', '310', '311', '312', '313', '314', '315', '316', '317', '318', '319', '320', '321', '322', '323', '324', '325', '326', '327', '328', '329', '330', '331', '333', '334', '335', '336', '337', '338', '339', '340', '342', '343', '345', '346', '347', '348', '349', '350', '351', '352', '353', '354', '355', '356', '357', '358', '359', '360', '361', '362', '363', '364', '365', '366', '367', '368', '369', '370', '371', '372', '373', '374', '375', '376', '377', '378', '379', '380', '381', '382', '383', '384', '385', '386', '387', '388', '389', '390', '391', '393', '395', '397', '398', '399', '400', '401', '402', '403', '404', '405', '406', '407', '408', '409', '410', '411', '412', '413', '414', '415', '416', '417', '418', '419', '420', '421', '422', '423', '424', '425', '426', '427', '428', '429', '430', '431', '432', '433', '434', '435', '436', '437', '438', '439', '440', '441', '442', '443', '444', '445', '446', '447', '448', '449', '450', '451', '452', '453', '454', '455', '456', '457', '458', '459', '460', '461', '462', '463', '464', '466', '467', '468', '469', '470', '471', '472', '473', '474', '475', '476', '477', '478', '479', '480', '481', '482', '483', '484', '485', '486', '487', '488', '489', '490', '491', '492', '493', '494', '495', '496', '497', '498', '499', '500', '501', '502', '503', '504', '505', '506', '507', '508', '509', '510', '511', '512', '513', '514', '515', '516', '517', '518', '519', '520', '521', '522', '523', '524', '525', '526', '527', '528', '529', '530', '531', '532', '533', '534', '535', '536', '537', '538', '539', '540', '541', '542', '543', '544', '545', '546', '547', '548', '549', '550', '551', '552', '553', '554', '555', '556', '557', '558', '559', '560', '561', '562', '563', '564', '566', '567', '568', '569', '570', '571', '572', '573', '574', '575', '576', '577', '579', '580', '581', '582', '583', '584', '585', '586', '587', '588', '589', '590', '592', '593', '594', '595', '596', '597', '598', '599']}})
 Cluster1  3
 Cluster to drop  6
 After reassigning and merging cells 
 Timepoint  2
 Cluster  7  # of cells  27
 Cluster  4  # of cells  41
 Cluster  5  # of cells  3
 Cluster  6  # of cells  29
 Timepoint  3
 Cluster  3  # of cells  500
 Tp cluster cell dict  {'7_2': 27, '4_2': 41, '5_2': 3, '6_2': 29, '3_3': 500}
 New Graph is here 
 ID  0  Timepoint  1  Mutations  []  Type  subclone
 ID  1  Timepoint  2  Mutations  [0, 1, 2, 3, 4, 5, 6, 7, 8, 9, 18, 19]  Type  subclone
 ID  2  Timepoint  2  Mutations  [0, 1, 2, 3, 4, 5, 6, 7, 8, 9, 20]  Type  subclone
 ID  3  Timepoint  2  Mutations  [10, 11, 12, 13, 14, 15, 16, 21, 22, 23, 25, 26, 27, 28, 29, 30, 31]  Type  subclone
 ID  4  Timepoint  2  Mutations  [10, 11, 12, 13, 14, 15, 16, 17, 32, 33, 34, 35, 36, 37, 38, 39, 40]  Type  subclone
 ID  5  Timepoint  3  Mutations  [10, 11, 12, 13, 14, 15, 16, 17, 32, 33, 34, 35, 36, 37, 38, 39, 40]  Type  subclone
Timepoints  SortedDict({1: [0], 2: [1, 2, 3, 4], 3: [5]})
 Clone to nodes  {'7_2': 1, '4_2': 2, '5_2': 3, '6_2': 4, '3_3': 5}
 Timepoint ====  1
 Hash table  {'0,1': [0, 1, 2, 3, 4, 5, 6, 7, 8, 9], '0': [18, 19], '1': [20], '2,3': [10, 11, 12, 13, 14, 15, 16], '2': [21, 22, 23, 25, 26, 27, 28, 29, 30, 31], '3': [17, 32, 33, 34, 35, 36, 37, 38, 39, 40]}
 Final possible usc  [[0, 1, 2, 3, 4, 5, 6, 7, 8, 9], [18, 19], [20], [10, 11, 12, 13, 14, 15, 16], [21, 22, 23, 25, 26, 27, 28, 29, 30, 31], [17, 32, 33, 34, 35, 36, 37, 38, 39, 40]]
 Time  1  USC keys  {'21,22,23,25,26,27,28,29,30,31_0', '20_0', '17,32,33,34,35,36,37,38,39,40_0', '18,19_0', '0,1,2,3,4,5,6,7,8,9_0', '10,11,12,13,14,15,16_0'}
 USC children  {'0,1,2,3,4,5,6,7,8,9_0': [1, 2], '18,19_0': [1], '20_0': [2], '10,11,12,13,14,15,16_0': [3, 4], '21,22,23,25,26,27,28,29,30,31_0': [3], '17,32,33,34,35,36,37,38,39,40_0': [4]}
 USC children  {'0,1,2,3,4,5,6,7,8,9_0': [1, 2], '18,19_0': [1], '20_0': [2], '10,11,12,13,14,15,16_0': [3, 4], '21,22,23,25,26,27,28,29,30,31_0': [3], '17,32,33,34,35,36,37,38,39,40_0': [4]}
 Timepoint ====  2
 Hash table  {}
====== Inside find superset of t nodes ==========
 Final possible usc  []
 Time  2  USC keys  set()
 USC children  {'0,1,2,3,4,5,6,7,8,9_0': [1, 2], '18,19_0': [1], '20_0': [2], '10,11,12,13,14,15,16_0': [3, 4], '21,22,23,25,26,27,28,29,30,31_0': [3], '17,32,33,34,35,36,37,38,39,40_0': [4]}
 USC children  {'0,1,2,3,4,5,6,7,8,9_0': [1, 2], '18,19_0': [1], '20_0': [2], '10,11,12,13,14,15,16_0': [3, 4], '21,22,23,25,26,27,28,29,30,31_0': [3], '17,32,33,34,35,36,37,38,39,40_0': [4]}
 Node s  {'1,2': ['0', '1', '2', '3', '4', '5', '6', '7', '8', '9'], '3,4': ['10', '11', '12', '13', '14', '15', '16']}
 Enroll USC nodes  ['1', '2']  len  2
 Enroll USC nodes  ['3', '4']  len  2
 Node TP  SortedDict({1: [0], 2: [1, 2, 3, 4], 3: [5]})
 Unobserved subclones at timepoints  {1.5: [6, 7]}
 ============== Inside finding node v ============ 
 Time  2
 Time  3
 Sorted all timepoints  [1, 1.5, 2, 3]
 Timepoint  2
 Inside usc_node check  2
 Timepoint  3
0   1   [-1]   subclone   []   []
1   2   [6]   subclone   [0, 1, 2, 3, 4, 5, 6, 7, 8, 9, 18, 19]   [2]
2   2   [6]   subclone   [0, 1, 2, 3, 4, 5, 6, 7, 8, 9, 20]   [1]
3   2   [7]   subclone   [10, 11, 12, 13, 14, 15, 16, 21, 22, 23, 25, 26, 27, 28, 29, 30, 31]   [10]
4   2   [7]   subclone   [10, 11, 12, 13, 14, 15, 16, 17, 32, 33, 34, 35, 36, 37, 38, 39, 40]   [10]
5   3   [4]   subclone   [10, 11, 12, 13, 14, 15, 16, 17, 32, 33, 34, 35, 36, 37, 38, 39, 40]   [0]
6   1.5   [0]   unobserved subclone   [0, 1, 2, 3, 4, 5, 6, 7, 8, 9]   [10]
7   1.5   [0]   unobserved subclone   [10, 11, 12, 13, 14, 15, 16]   [7]
13
 Total estimated FP  112  True negatives  11722
 Total estimated FN  2326  True positives  5520
 Estimated FP rate  0.01989
 Estimated FN rate  0.17
 No. of Cells in each cluster  {'9_2': 25, '7_2': 43, '5_2': 3, '3_3': 5, '10_3': 3, '8_3': 4, '1_2': 29, '1_3': 488}
 Cells in each cluster  {'9_2': [0, 2, 3, 4, 5, 6, 7, 8, 9, 10, 11, 12, 13, 16, 17, 18, 20, 21, 23, 25, 26, 27, 28, 29, 51], '7_2': [1, 14, 15, 19, 22, 24, 30, 31, 32, 33, 34, 35, 36, 37, 38, 39, 40, 41, 42, 43, 44, 45, 46, 47, 48, 49, 50, 52, 53, 54, 55, 56, 57, 58, 59, 60, 61, 62, 63, 64, 65, 66, 67], '5_2': [68, 69, 70], '3_3': [110, 407, 409, 557, 576], '10_3': [122, 126, 191], '8_3': [234, 253, 344, 396], '1_2': [71, 72, 73, 76, 77, 78, 80, 84, 85, 86, 87, 88, 96, 97, 98, 90, 74, 75, 79, 81, 83, 89, 91, 92, 93, 94, 95, 99, 82], '1_3': [100, 101, 102, 103, 104, 106, 107, 109, 113, 114, 115, 116, 117, 118, 119, 120, 121, 125, 127, 128, 129, 131, 132, 133, 134, 135, 136, 137, 139, 141, 143, 144, 145, 146, 147, 150, 152, 153, 155, 156, 159, 161, 163, 166, 167, 168, 169, 171, 172, 173, 174, 175, 179, 180, 181, 183, 184, 185, 186, 189, 190, 193, 194, 196, 198, 199, 200, 204, 205, 206, 207, 208, 210, 214, 215, 216, 218, 221, 222, 224, 227, 228, 229, 230, 231, 232, 233, 235, 236, 239, 241, 242, 243, 244, 246, 247, 251, 254, 255, 256, 257, 258, 259, 261, 263, 264, 265, 269, 271, 272, 275, 277, 280, 284, 285, 286, 287, 288, 289, 290, 291, 292, 293, 294, 295, 297, 298, 300, 302, 305, 306, 307, 308, 310, 313, 314, 315, 316, 320, 322, 325, 329, 331, 333, 334, 336, 338, 339, 340, 345, 346, 347, 348, 350, 351, 353, 354, 356, 357, 360, 361, 362, 363, 364, 366, 368, 369, 370, 372, 373, 374, 375, 376, 377, 381, 387, 388, 389, 390, 391, 395, 398, 399, 400, 401, 405, 406, 408, 411, 412, 413, 414, 415, 417, 418, 419, 420, 422, 423, 425, 427, 428, 429, 430, 431, 432, 433, 434, 435, 437, 439, 440, 441, 443, 444, 448, 451, 452, 453, 455, 456, 457, 459, 461, 462, 463, 464, 466, 468, 469, 470, 471, 473, 474, 475, 477, 479, 480, 482, 485, 486, 487, 488, 489, 490, 491, 493, 494, 495, 496, 497, 498, 499, 500, 501, 502, 503, 504, 506, 507, 509, 511, 512, 514, 515, 519, 521, 522, 523, 524, 525, 526, 527, 528, 530, 531, 532, 533, 534, 535, 536, 538, 539, 540, 541, 542, 543, 544, 545, 546, 547, 548, 551, 552, 553, 554, 555, 559, 560, 561, 562, 563, 567, 568, 569, 570, 573, 574, 575, 577, 580, 581, 585, 586, 588, 589, 590, 592, 593, 594, 595, 596, 597, 599, 105, 267, 379, 403, 445, 579, 584, 587, 108, 111, 112, 123, 148, 151, 154, 157, 158, 162, 164, 165, 170, 176, 177, 182, 187, 195, 197, 201, 202, 209, 211, 212, 213, 217, 219, 220, 223, 225, 237, 238, 249, 252, 260, 262, 266, 268, 270, 274, 276, 278, 279, 281, 283, 296, 299, 301, 309, 311, 312, 318, 319, 321, 323, 324, 326, 327, 328, 330, 337, 342, 343, 349, 355, 358, 365, 371, 380, 382, 383, 384, 385, 386, 393, 397, 402, 404, 421, 424, 436, 442, 446, 447, 449, 450, 454, 458, 460, 467, 472, 476, 483, 492, 505, 508, 520, 529, 537, 549, 550, 558, 564, 565, 566, 571, 578, 582, 583, 591, 598, 138, 248, 341, 378, 426, 438, 465, 518, 140, 188, 192, 203, 226, 250, 282, 303, 304, 317, 332, 352, 359, 416, 481, 484, 510, 517, 556, 572, 130, 142, 273, 335, 367, 478, 513, 124, 149, 160, 178, 240, 245, 392, 394, 410, 516]}
FP rate  0.01989 FN rate  0.17
 Before reassigning cells 
 Timepoint  2
 Cluster  9  # of cells  24
 Cluster  7  # of cells  40
 Cluster  5  # of cells  3
 Cluster  1  # of cells  29
 Timepoint  3
 Cluster  3  # of cells  29
 Cluster  10  # of cells  40
 Cluster  8  # of cells  10
 Cluster  1  # of cells  381
 Cells absent at timepoint  2   {43, 12, 53, 22}
 Missing cell prob  {'7': 0.001011896713108633, '5': 8.192028255940138e-22, '9': 0.001011896713108633, '1': 4.7229934199585215e-21}
 Missing cell prob  {'7': 0.004745860810407101, '5': 2.7699705141810397e-24, '9': 0.004745860810407101, '1': 4.804511610031287e-25}
 Missing cell prob  {'7': 0.023170967486105233, '5': 3.2408655015918125e-25, '9': 0.023170967486105233, '1': 1.691154599443221e-27}
 Missing cell prob  {'7': 0.00024473931611617583, '5': 3.4502106946880886e-19, '9': 0.0002447393161161759, '1': 6.611854893289529e-17}
 Cells absent at timepoint  3   {261, 262, 517, 143, 527, 406, 282, 161, 291, 165, 167, 552, 169, 553, 303, 560, 435, 440, 441, 568, 444, 317, 447, 575, 577, 197, 200, 459, 208, 594, 470, 215, 105, 244, 373, 246, 502, 504, 250, 251}
 Missing cell prob  {'8': 9.986488394015657e-09, '1': 0.0001258684344425106, '10': 3.016292965134381e-06, '3': 0.00012586843444251062}
 Missing cell prob  {'8': 4.144194653455922e-09, '1': 1.2517017680466362e-06, '10': 1.2517017680466367e-06, '3': 5.2027344217400875e-09}
 Missing cell prob  {'8': 2.5401585706142786e-08, '1': 1.838561826881852e-07, '10': 1.838561826881851e-07, '3': 7.642035145594801e-10}
 Missing cell prob  {'8': 3.9481910973432877e-10, '1': 2.068392648665178e-08, '10': 2.0683926486651783e-08, '3': 2.8576930278233436e-09}
 Missing cell prob  {'8': 1.169547615288356e-09, '1': 0.000489974788845685, '10': 0.0004899747888456847, '3': 0.000489974788845685}
 Missing cell prob  {'8': 8.212587842105213e-10, '1': 0.002490309153099646, '10': 0.002490309153099647, '3': 1.4301007892393275e-06}
 Missing cell prob  {'8': 4.2392401284431616e-11, '1': 5.343084547244424e-07, '10': 5.343084547244424e-07, '3': 1.2804090559601393e-08}
 Missing cell prob  {'8': 3.529062769207225e-07, '1': 0.0006145341211016693, '10': 0.0006145341211016695, '3': 6.121156510649093e-08}
 Missing cell prob  {'8': 6.064885663335069e-09, '1': 5.51101432118214e-08, '10': 7.614022033988643e-09, '3': 4.3897524327838895e-08}
 Missing cell prob  {'8': 2.65648830503655e-06, '1': 0.004625881749672668, '10': 0.004625881749672668, '3': 2.65648830503655e-06}
 Missing cell prob  {'8': 5.075657772827384e-08, '1': 1.5330384645300454e-05, '10': 2.659053973228595e-06, '3': 1.5330384645300454e-05}
 Missing cell prob  {'8': 2.757794722806212e-07, '1': 8.329571410376647e-05, '10': 8.329571410376643e-05, '3': 1.1508142885516111e-05}
 Missing cell prob  {'8': 3.4966206397007846e-08, '1': 0.014648877371174396, '10': 0.014648877371174396, '3': 1.4591227405488444e-06}
 Missing cell prob  {'8': 1.0198991403008884e-08, '1': 1.776003609983824e-05, '10': 1.776003609983824e-05, '3': 7.38201011668878e-08}
 Missing cell prob  {'8': 1.0606896734859431e-08, '1': 3.2036794858175832e-06, '10': 3.2036794858175832e-06, '3': 7.67725120155563e-08}
 Missing cell prob  {'8': 2.0985763540951788e-07, '1': 0.002645019048000086, '10': 0.0026450190480000867, '3': 1.5189454784719341e-06}
 Missing cell prob  {'8': 7.608373538154153e-06, '1': 0.002298013343008645, '10': 0.0022980133430086447, '3': 1.3196717730522147e-06}
 Missing cell prob  {'8': 1.6551531867708797e-06, '1': 0.0028822046402687354, '10': 1.1979966534541515e-05, '3': 0.0028822046402687354}
 Missing cell prob  {'8': 9.787857139858681e-09, '1': 2.13976338552268e-05, '10': 5.127698040728448e-07, '3': 2.13976338552268e-05}
 Missing cell prob  {'8': 6.487791652873252e-11, '1': 0.00019672979147596157, '10': 0.00019672979147596136, '3': 1.1297530256694332e-07}
 Missing cell prob  {'8': 3.737159631808072e-11, '1': 1.5656600702198104e-05, '10': 1.5656600702198104e-05, '3': 2.1631172734518937e-06}
 Missing cell prob  {'8': 5.880078508237077e-08, '1': 0.00010239287636360269, '10': 0.00010239287636360266, '3': 2.4537280853880224e-06}
 Missing cell prob  {'8': 6.303322531818653e-07, '1': 4.562332573876875e-06, '10': 1.0933107818603737e-07, '3': 4.562332573876874e-06}
 Missing cell prob  {'8': 2.298894985472165e-10, '1': 0.0006970956456605373, '10': 0.0006970956456605373, '3': 4.0031858365600396e-07}
 Missing cell prob  {'8': 3.3589083760876634e-08, '1': 0.0024407769040444946, '10': 0.002440776904044495, '3': 1.4016560845413574e-06}
 Missing cell prob  {'8': 2.3993421535318796e-12, '1': 4.1946074130226325e-05, '10': 4.1946074130226325e-05, '3': 1.7435006429267812e-07}
 Missing cell prob  {'8': 6.245377060380054e-08, '1': 0.0006270052556362748, '10': 0.0006270052556362747, '3': 6.245377060380051e-08}
 Missing cell prob  {'8': 4.122320910884606e-06, '1': 5.17527353176641e-06, '10': 2.1511173374517664e-08, '3': 5.175273531766411e-06}
 Missing cell prob  {'8': 4.240905535560503e-05, '1': 9.23473019211637e-06, '10': 5.324147887408926e-05, '3': 9.23473019211637e-06}
 Missing cell prob  {'8': 2.1376987704708566e-05, '1': 0.00015472622072603673, '10': 2.683725043456983e-05, '3': 0.00015472622072603673}
 Missing cell prob  {'8': 2.2429412975902913e-10, '1': 2.8269747936954396e-06, '10': 2.8269747936954405e-06, '3': 3.905750759165229e-07}
 Missing cell prob  {'8': 1.43768914958077e-09, '1': 0.00010447080058728377, '10': 0.00010447080058728374, '3': 4.342358892169867e-07}
 Missing cell prob  {'8': 1.1695476152883556e-09, '1': 3.532471180257827e-07, '10': 3.532471180257827e-07, '3': 4.880465161836776e-08}
 Missing cell prob  {'8': 5.763123746708245e-08, '1': 3.0192061369725027e-06, '10': 3.0192061369725027e-06, '3': 9.996133464003039e-09}
 Missing cell prob  {'8': 3.032297933516345e-09, '1': 9.158673764180945e-07, '10': 9.158673764180944e-07, '3': 3.80682910792347e-09}
 Missing cell prob  {'8': 1.5025463294705435e-05, '1': 0.00010875401073161859, '10': 2.6061653897010776e-06, '3': 0.00010875401073161858}
 Missing cell prob  {'8': 1.6655427627986824e-09, '1': 2.9002965513239167e-06, '10': 2.9002965513239176e-06, '3': 2.888882571096877e-10}
 Missing cell prob  {'8': 1.1569207067658521e-08, '1': 2.0146064159589547e-05, '10': 2.0146064159589544e-05, '3': 8.373769546499161e-08}
 Missing cell prob  {'8': 5.999406707652282e-08, '1': 1.8120451887888334e-05, '10': 1.8120451887888334e-05, '3': 4.3423588921698715e-07}
 Missing cell prob  {'8': 1.8397653783005006e-09, '1': 0.0007707584034841854, '10': 3.203679485817583e-06, '3': 0.000770758403484185}
 Timepoint  2
 Timepoint  3
SortedDict({2: {'9': ['0', '2', '3', '4', '5', '6', '7', '8', '9', '10', '11', '13', '16', '17', '18', '20', '21', '23', '25', '26', '27', '28', '29', '51', '22'], '7': ['1', '14', '15', '19', '24', '30', '31', '32', '33', '34', '35', '36', '37', '38', '39', '40', '41', '42', '44', '45', '46', '47', '48', '49', '50', '52', '54', '55', '56', '57', '58', '59', '60', '61', '62', '63', '64', '65', '66', '67', '43', '12', '53'], '5': ['68', '69', '70'], '1': ['71', '72', '73', '74', '75', '76', '77', '78', '79', '80', '81', '82', '83', '84', '85', '86', '87', '88', '89', '90', '91', '92', '93', '94', '95', '96', '97', '98', '99']}, 3: {'3': ['103', '107', '110', '123', '149', '186', '195', '212', '221', '232', '256', '296', '308', '313', '323', '325', '360', '407', '433', '437', '471', '498', '526', '530', '543', '547', '557', '566', '576', '261', '459'], '10': ['108', '122', '126', '140', '153', '191', '192', '196', '216', '218', '227', '230', '260', '269', '271', '277', '280', '288', '316', '332', '340', '352', '356', '368', '376', '379', '392', '399', '414', '452', '503', '510', '512', '514', '515', '565', '586', '595', '596', '599', '262', '143', '406', '161', '560', '577', '208', '470', '502'], '8': ['119', '130', '234', '253', '319', '341', '344', '394', '396', '591'], '1': ['100', '101', '102', '104', '106', '109', '111', '112', '113', '114', '115', '116', '117', '118', '120', '121', '124', '125', '127', '128', '129', '131', '132', '133', '134', '135', '136', '137', '138', '139', '141', '142', '144', '145', '146', '147', '148', '150', '151', '152', '154', '155', '156', '157', '158', '159', '160', '162', '163', '164', '166', '168', '170', '171', '172', '173', '174', '175', '176', '177', '178', '179', '180', '181', '182', '183', '184', '185', '187', '188', '189', '190', '193', '194', '198', '199', '201', '202', '203', '204', '205', '206', '207', '209', '210', '211', '213', '214', '217', '219', '220', '222', '223', '224', '225', '226', '228', '229', '231', '233', '235', '236', '237', '238', '239', '240', '241', '242', '243', '245', '247', '248', '249', '252', '254', '255', '257', '258', '259', '263', '264', '265', '266', '267', '268', '270', '272', '273', '274', '275', '276', '278', '279', '281', '283', '284', '285', '286', '287', '289', '290', '292', '293', '294', '295', '297', '298', '299', '300', '301', '302', '304', '305', '306', '307', '309', '310', '311', '312', '314', '315', '318', '320', '321', '322', '324', '326', '327', '328', '329', '330', '331', '333', '334', '335', '336', '337', '338', '339', '342', '343', '345', '346', '347', '348', '349', '350', '351', '353', '354', '355', '357', '358', '359', '361', '362', '363', '364', '365', '366', '367', '369', '370', '371', '372', '374', '375', '377', '378', '380', '381', '382', '383', '384', '385', '386', '387', '388', '389', '390', '391', '393', '395', '397', '398', '400', '401', '402', '403', '404', '405', '408', '409', '410', '411', '412', '413', '415', '416', '417', '418', '419', '420', '421', '422', '423', '424', '425', '426', '427', '428', '429', '430', '431', '432', '434', '436', '438', '439', '442', '443', '445', '446', '448', '449', '450', '451', '453', '454', '455', '456', '457', '458', '460', '461', '462', '463', '464', '465', '466', '467', '468', '469', '472', '473', '474', '475', '476', '477', '478', '479', '480', '481', '482', '483', '484', '485', '486', '487', '488', '489', '490', '491', '492', '493', '494', '495', '496', '497', '499', '500', '501', '505', '506', '507', '508', '509', '511', '513', '516', '518', '519', '520', '521', '522', '523', '524', '525', '528', '529', '531', '532', '533', '534', '535', '536', '537', '538', '539', '540', '541', '542', '544', '545', '546', '548', '549', '550', '551', '554', '555', '556', '558', '559', '561', '562', '563', '564', '567', '569', '570', '571', '572', '573', '574', '578', '579', '580', '581', '582', '583', '584', '585', '587', '588', '589', '590', '592', '593', '597', '598', '517', '527', '282', '291', '165', '167', '552', '169', '553', '303', '435', '440', '441', '568', '444', '317', '447', '575', '197', '200', '594', '215', '105', '244', '373', '246', '504', '250', '251']}})
 Cluster1  3
SortedDict({2: {'9': ['0', '2', '3', '4', '5', '6', '7', '8', '9', '10', '11', '13', '16', '17', '18', '20', '21', '23', '25', '26', '27', '28', '29', '51', '22'], '7': ['1', '14', '15', '19', '24', '30', '31', '32', '33', '34', '35', '36', '37', '38', '39', '40', '41', '42', '44', '45', '46', '47', '48', '49', '50', '52', '54', '55', '56', '57', '58', '59', '60', '61', '62', '63', '64', '65', '66', '67', '43', '12', '53'], '5': ['68', '69', '70'], '1': ['71', '72', '73', '74', '75', '76', '77', '78', '79', '80', '81', '82', '83', '84', '85', '86', '87', '88', '89', '90', '91', '92', '93', '94', '95', '96', '97', '98', '99']}, 3: {'3': ['103', '107', '110', '123', '149', '186', '195', '212', '221', '232', '256', '296', '308', '313', '323', '325', '360', '407', '433', '437', '471', '498', '526', '530', '543', '547', '557', '566', '576', '261', '459', '108', '122', '126', '140', '153', '191', '192', '196', '216', '218', '227', '230', '260', '269', '271', '277', '280', '288', '316', '332', '340', '352', '356', '368', '376', '379', '392', '399', '414', '452', '503', '510', '512', '514', '515', '565', '586', '595', '596', '599', '262', '143', '406', '161', '560', '577', '208', '470', '502'], '10': ['108', '122', '126', '140', '153', '191', '192', '196', '216', '218', '227', '230', '260', '269', '271', '277', '280', '288', '316', '332', '340', '352', '356', '368', '376', '379', '392', '399', '414', '452', '503', '510', '512', '514', '515', '565', '586', '595', '596', '599', '262', '143', '406', '161', '560', '577', '208', '470', '502'], '8': ['119', '130', '234', '253', '319', '341', '344', '394', '396', '591'], '1': ['100', '101', '102', '104', '106', '109', '111', '112', '113', '114', '115', '116', '117', '118', '120', '121', '124', '125', '127', '128', '129', '131', '132', '133', '134', '135', '136', '137', '138', '139', '141', '142', '144', '145', '146', '147', '148', '150', '151', '152', '154', '155', '156', '157', '158', '159', '160', '162', '163', '164', '166', '168', '170', '171', '172', '173', '174', '175', '176', '177', '178', '179', '180', '181', '182', '183', '184', '185', '187', '188', '189', '190', '193', '194', '198', '199', '201', '202', '203', '204', '205', '206', '207', '209', '210', '211', '213', '214', '217', '219', '220', '222', '223', '224', '225', '226', '228', '229', '231', '233', '235', '236', '237', '238', '239', '240', '241', '242', '243', '245', '247', '248', '249', '252', '254', '255', '257', '258', '259', '263', '264', '265', '266', '267', '268', '270', '272', '273', '274', '275', '276', '278', '279', '281', '283', '284', '285', '286', '287', '289', '290', '292', '293', '294', '295', '297', '298', '299', '300', '301', '302', '304', '305', '306', '307', '309', '310', '311', '312', '314', '315', '318', '320', '321', '322', '324', '326', '327', '328', '329', '330', '331', '333', '334', '335', '336', '337', '338', '339', '342', '343', '345', '346', '347', '348', '349', '350', '351', '353', '354', '355', '357', '358', '359', '361', '362', '363', '364', '365', '366', '367', '369', '370', '371', '372', '374', '375', '377', '378', '380', '381', '382', '383', '384', '385', '386', '387', '388', '389', '390', '391', '393', '395', '397', '398', '400', '401', '402', '403', '404', '405', '408', '409', '410', '411', '412', '413', '415', '416', '417', '418', '419', '420', '421', '422', '423', '424', '425', '426', '427', '428', '429', '430', '431', '432', '434', '436', '438', '439', '442', '443', '445', '446', '448', '449', '450', '451', '453', '454', '455', '456', '457', '458', '460', '461', '462', '463', '464', '465', '466', '467', '468', '469', '472', '473', '474', '475', '476', '477', '478', '479', '480', '481', '482', '483', '484', '485', '486', '487', '488', '489', '490', '491', '492', '493', '494', '495', '496', '497', '499', '500', '501', '505', '506', '507', '508', '509', '511', '513', '516', '518', '519', '520', '521', '522', '523', '524', '525', '528', '529', '531', '532', '533', '534', '535', '536', '537', '538', '539', '540', '541', '542', '544', '545', '546', '548', '549', '550', '551', '554', '555', '556', '558', '559', '561', '562', '563', '564', '567', '569', '570', '571', '572', '573', '574', '578', '579', '580', '581', '582', '583', '584', '585', '587', '588', '589', '590', '592', '593', '597', '598', '517', '527', '282', '291', '165', '167', '552', '169', '553', '303', '435', '440', '441', '568', '444', '317', '447', '575', '197', '200', '594', '215', '105', '244', '373', '246', '504', '250', '251']}})
 Cluster1  3
SortedDict({2: {'9': ['0', '2', '3', '4', '5', '6', '7', '8', '9', '10', '11', '13', '16', '17', '18', '20', '21', '23', '25', '26', '27', '28', '29', '51', '22'], '7': ['1', '14', '15', '19', '24', '30', '31', '32', '33', '34', '35', '36', '37', '38', '39', '40', '41', '42', '44', '45', '46', '47', '48', '49', '50', '52', '54', '55', '56', '57', '58', '59', '60', '61', '62', '63', '64', '65', '66', '67', '43', '12', '53'], '5': ['68', '69', '70'], '1': ['71', '72', '73', '74', '75', '76', '77', '78', '79', '80', '81', '82', '83', '84', '85', '86', '87', '88', '89', '90', '91', '92', '93', '94', '95', '96', '97', '98', '99']}, 3: {'3': ['103', '107', '110', '123', '149', '186', '195', '212', '221', '232', '256', '296', '308', '313', '323', '325', '360', '407', '433', '437', '471', '498', '526', '530', '543', '547', '557', '566', '576', '261', '459', '108', '122', '126', '140', '153', '191', '192', '196', '216', '218', '227', '230', '260', '269', '271', '277', '280', '288', '316', '332', '340', '352', '356', '368', '376', '379', '392', '399', '414', '452', '503', '510', '512', '514', '515', '565', '586', '595', '596', '599', '262', '143', '406', '161', '560', '577', '208', '470', '502', '119', '130', '234', '253', '319', '341', '344', '394', '396', '591'], '10': ['108', '122', '126', '140', '153', '191', '192', '196', '216', '218', '227', '230', '260', '269', '271', '277', '280', '288', '316', '332', '340', '352', '356', '368', '376', '379', '392', '399', '414', '452', '503', '510', '512', '514', '515', '565', '586', '595', '596', '599', '262', '143', '406', '161', '560', '577', '208', '470', '502'], '8': ['119', '130', '234', '253', '319', '341', '344', '394', '396', '591'], '1': ['100', '101', '102', '104', '106', '109', '111', '112', '113', '114', '115', '116', '117', '118', '120', '121', '124', '125', '127', '128', '129', '131', '132', '133', '134', '135', '136', '137', '138', '139', '141', '142', '144', '145', '146', '147', '148', '150', '151', '152', '154', '155', '156', '157', '158', '159', '160', '162', '163', '164', '166', '168', '170', '171', '172', '173', '174', '175', '176', '177', '178', '179', '180', '181', '182', '183', '184', '185', '187', '188', '189', '190', '193', '194', '198', '199', '201', '202', '203', '204', '205', '206', '207', '209', '210', '211', '213', '214', '217', '219', '220', '222', '223', '224', '225', '226', '228', '229', '231', '233', '235', '236', '237', '238', '239', '240', '241', '242', '243', '245', '247', '248', '249', '252', '254', '255', '257', '258', '259', '263', '264', '265', '266', '267', '268', '270', '272', '273', '274', '275', '276', '278', '279', '281', '283', '284', '285', '286', '287', '289', '290', '292', '293', '294', '295', '297', '298', '299', '300', '301', '302', '304', '305', '306', '307', '309', '310', '311', '312', '314', '315', '318', '320', '321', '322', '324', '326', '327', '328', '329', '330', '331', '333', '334', '335', '336', '337', '338', '339', '342', '343', '345', '346', '347', '348', '349', '350', '351', '353', '354', '355', '357', '358', '359', '361', '362', '363', '364', '365', '366', '367', '369', '370', '371', '372', '374', '375', '377', '378', '380', '381', '382', '383', '384', '385', '386', '387', '388', '389', '390', '391', '393', '395', '397', '398', '400', '401', '402', '403', '404', '405', '408', '409', '410', '411', '412', '413', '415', '416', '417', '418', '419', '420', '421', '422', '423', '424', '425', '426', '427', '428', '429', '430', '431', '432', '434', '436', '438', '439', '442', '443', '445', '446', '448', '449', '450', '451', '453', '454', '455', '456', '457', '458', '460', '461', '462', '463', '464', '465', '466', '467', '468', '469', '472', '473', '474', '475', '476', '477', '478', '479', '480', '481', '482', '483', '484', '485', '486', '487', '488', '489', '490', '491', '492', '493', '494', '495', '496', '497', '499', '500', '501', '505', '506', '507', '508', '509', '511', '513', '516', '518', '519', '520', '521', '522', '523', '524', '525', '528', '529', '531', '532', '533', '534', '535', '536', '537', '538', '539', '540', '541', '542', '544', '545', '546', '548', '549', '550', '551', '554', '555', '556', '558', '559', '561', '562', '563', '564', '567', '569', '570', '571', '572', '573', '574', '578', '579', '580', '581', '582', '583', '584', '585', '587', '588', '589', '590', '592', '593', '597', '598', '517', '527', '282', '291', '165', '167', '552', '169', '553', '303', '435', '440', '441', '568', '444', '317', '447', '575', '197', '200', '594', '215', '105', '244', '373', '246', '504', '250', '251']}})
 Cluster1  3
 Cluster to drop  10
 Cluster to drop  8
 Cluster to drop  1
 After reassigning and merging cells 
 Timepoint  2
 Cluster  9  # of cells  25
 Cluster  7  # of cells  43
 Cluster  5  # of cells  3
 Cluster  1  # of cells  29
 Timepoint  3
 Cluster  3  # of cells  500
 Tp cluster cell dict  {'9_2': 25, '7_2': 43, '5_2': 3, '1_2': 29, '3_3': 500}
 New Graph is here 
 ID  0  Timepoint  1  Mutations  []  Type  subclone
 ID  1  Timepoint  2  Mutations  [0, 1, 2, 3, 4, 5, 6, 7, 8, 9, 18, 19]  Type  subclone
 ID  2  Timepoint  2  Mutations  [0, 1, 2, 3, 4, 5, 6, 7, 8, 9, 20]  Type  subclone
 ID  3  Timepoint  2  Mutations  [10, 12, 13, 14, 15, 16, 17, 21, 22, 23, 25, 26, 27, 28, 29, 30, 31]  Type  subclone
 ID  4  Timepoint  2  Mutations  [10, 11, 12, 13, 14, 15, 16, 17, 32, 33, 34, 35, 36, 37, 38, 39, 40]  Type  subclone
 ID  5  Timepoint  3  Mutations  [10, 11, 12, 13, 14, 15, 16, 17, 32, 33, 34, 35, 36, 37, 38, 39, 40]  Type  subclone
Timepoints  SortedDict({1: [0], 2: [1, 2, 3, 4], 3: [5]})
 Clone to nodes  {'9_2': 1, '7_2': 2, '5_2': 3, '1_2': 4, '3_3': 5}
 Timepoint ====  1
 Hash table  {'0,1': [0, 1, 2, 3, 4, 5, 6, 7, 8, 9], '0': [18, 19], '1': [20], '2,3': [10, 12, 13, 14, 15, 16, 17], '2': [21, 22, 23, 25, 26, 27, 28, 29, 30, 31], '3': [11, 32, 33, 34, 35, 36, 37, 38, 39, 40]}
 Final possible usc  [[0, 1, 2, 3, 4, 5, 6, 7, 8, 9], [18, 19], [20], [10, 12, 13, 14, 15, 16, 17], [21, 22, 23, 25, 26, 27, 28, 29, 30, 31], [11, 32, 33, 34, 35, 36, 37, 38, 39, 40]]
 Time  1  USC keys  {'21,22,23,25,26,27,28,29,30,31_0', '10,12,13,14,15,16,17_0', '11,32,33,34,35,36,37,38,39,40_0', '20_0', '18,19_0', '0,1,2,3,4,5,6,7,8,9_0'}
 USC children  {'0,1,2,3,4,5,6,7,8,9_0': [1, 2], '18,19_0': [1], '20_0': [2], '10,12,13,14,15,16,17_0': [3, 4], '21,22,23,25,26,27,28,29,30,31_0': [3], '11,32,33,34,35,36,37,38,39,40_0': [4]}
 USC children  {'0,1,2,3,4,5,6,7,8,9_0': [1, 2], '18,19_0': [1], '20_0': [2], '10,12,13,14,15,16,17_0': [3, 4], '21,22,23,25,26,27,28,29,30,31_0': [3], '11,32,33,34,35,36,37,38,39,40_0': [4]}
 Timepoint ====  2
 Hash table  {}
====== Inside find superset of t nodes ==========
 Final possible usc  []
 Time  2  USC keys  set()
 USC children  {'0,1,2,3,4,5,6,7,8,9_0': [1, 2], '18,19_0': [1], '20_0': [2], '10,12,13,14,15,16,17_0': [3, 4], '21,22,23,25,26,27,28,29,30,31_0': [3], '11,32,33,34,35,36,37,38,39,40_0': [4]}
 USC children  {'0,1,2,3,4,5,6,7,8,9_0': [1, 2], '18,19_0': [1], '20_0': [2], '10,12,13,14,15,16,17_0': [3, 4], '21,22,23,25,26,27,28,29,30,31_0': [3], '11,32,33,34,35,36,37,38,39,40_0': [4]}
 Node s  {'1,2': ['0', '1', '2', '3', '4', '5', '6', '7', '8', '9'], '3,4': ['10', '12', '13', '14', '15', '16', '17']}
 Enroll USC nodes  ['1', '2']  len  2
 Enroll USC nodes  ['3', '4']  len  2
 Node TP  SortedDict({1: [0], 2: [1, 2, 3, 4], 3: [5]})
 Unobserved subclones at timepoints  {1.5: [6, 7]}
 ============== Inside finding node v ============ 
 Time  2
 Time  3
 Sorted all timepoints  [1, 1.5, 2, 3]
 Timepoint  2
 Inside usc_node check  2
 Timepoint  3
0   1   [-1]   subclone   []   []
1   2   [6]   subclone   [0, 1, 2, 3, 4, 5, 6, 7, 8, 9, 18, 19]   [2]
2   2   [6]   subclone   [0, 1, 2, 3, 4, 5, 6, 7, 8, 9, 20]   [1]
3   2   [7]   subclone   [10, 12, 13, 14, 15, 16, 17, 21, 22, 23, 25, 26, 27, 28, 29, 30, 31]   [10]
4   2   [7]   subclone   [10, 11, 12, 13, 14, 15, 16, 17, 32, 33, 34, 35, 36, 37, 38, 39, 40]   [10]
5   3   [4]   subclone   [10, 11, 12, 13, 14, 15, 16, 17, 32, 33, 34, 35, 36, 37, 38, 39, 40]   [0]
6   1.5   [0]   unobserved subclone   [0, 1, 2, 3, 4, 5, 6, 7, 8, 9]   [10]
7   1.5   [0]   unobserved subclone   [10, 12, 13, 14, 15, 16, 17]   [7]
 List of tree files  ['all_trees/bp3_rep1_m1_tree.csv', 'all_trees/bp3_rep1_m2_tree.csv', 'all_trees/bp3_rep1_m3_tree.csv', 'all_trees/bp3_rep1_m4_tree.csv', 'all_trees/bp3_rep1_m5_tree.csv']
{'1': ['0', '1', '2', '3', '4', '5', '6', '7', '8', '9', '18', '19'], '2': ['0', '1', '2', '3', '4', '5', '6', '7', '8', '9', '20'], '3': ['10', '12', '13', '15', '16', '17', '21', '22', '23', '25', '26', '27', '28', '29', '30'], '4': ['11', '13', '14', '15', '16', '18', '25', '26', '28', '29', '30', '31', '34'], '5': ['10', '11', '12', '13', '14', '15', '16', '17', '32', '33', '34', '35', '36', '37', '38', '39', '40'], '6': ['10', '11', '12', '13', '14', '15', '16', '17', '32', '33', '34', '35', '36', '37', '38', '39', '40'], '7': ['0', '1', '2', '3', '4', '5', '6', '7', '8', '9'], '8': ['18'], '9': ['13', '15', '16']}
 Actual mutation of  1   ['18', '19']
 Actual mutation of  2   ['20']
 Actual mutation of  3   ['25', '26', '27', '21', '12', '28', '30', '10', '17', '29', '23', '22']
 Actual mutation of  4   ['11', '25', '29', '26', '13', '15', '34', '31', '28', '30', '16', '14']
 Actual mutation of  5   ['11', '35', '32', '12', '39', '17', '33', '34', '36', '40', '37', '10', '38', '14']
 Actual mutation of  6   []
 Updated node mutation  {'1': ['18', '19'], '2': ['20'], '3': ['25', '26', '27', '21', '12', '28', '30', '10', '17', '29', '23', '22'], '4': ['11', '25', '29', '26', '13', '15', '34', '31', '28', '30', '16', '14'], '5': ['11', '35', '32', '12', '39', '17', '33', '34', '36', '40', '37', '10', '38', '14'], '6': [], '7': ['0', '1', '2', '3', '4', '5', '6', '7', '8', '9'], '8': ['18'], '9': ['13', '15', '16']}
{'1': ['0', '1', '2', '3', '4', '5', '6', '7', '8', '9', '18', '19'], '2': ['0', '1', '2', '3', '4', '5', '6', '7', '8', '9', '20'], '3': ['10', '12', '13', '14', '15', '16', '17', '21', '22', '23', '25', '26', '27', '28', '29', '30', '31'], '4': ['10', '11', '12', '13', '14', '15', '16', '17', '32', '33', '34', '35', '36', '37', '38', '39', '40'], '5': ['10', '11', '12', '13', '14', '15', '16', '17', '32', '33', '34', '35', '36', '37', '38', '39', '40'], '6': ['0', '1', '2', '3', '4', '5', '6', '7', '8', '9'], '7': ['10', '12', '13', '14', '15', '16', '17']}
 Actual mutation of  1   ['18', '19']
 Actual mutation of  2   ['20']
 Actual mutation of  3   ['25', '26', '27', '21', '31', '28', '30', '29', '23', '22']
 Actual mutation of  4   ['33', '11', '35', '34', '32', '36', '40', '39', '37', '38']
 Actual mutation of  5   []
 Updated node mutation  {'1': ['18', '19'], '2': ['20'], '3': ['25', '26', '27', '21', '31', '28', '30', '29', '23', '22'], '4': ['33', '11', '35', '34', '32', '36', '40', '39', '37', '38'], '5': [], '6': ['0', '1', '2', '3', '4', '5', '6', '7', '8', '9'], '7': ['10', '12', '13', '14', '15', '16', '17']}
{'1': ['0', '1', '2', '3', '4', '5', '6', '7', '8', '9', '18', '19'], '2': ['0', '1', '2', '3', '4', '5', '6', '7', '8', '9', '20'], '3': ['10', '11', '12', '13', '14', '15', '16', '17', '21', '22', '23', '25', '26', '27', '28', '29', '30', '31'], '4': ['10', '11', '12', '13', '14', '15', '16', '17', '32', '33', '34', '35', '36', '37', '38', '39', '40'], '5': ['10', '11', '12', '13', '14', '15', '16', '17', '32', '33', '34', '35', '36', '37', '38', '39', '40'], '6': ['0', '1', '2', '3', '4', '5', '6', '7', '8', '9'], '7': ['10', '11', '12', '13', '14', '15', '16', '17']}
 Actual mutation of  1   ['18', '19']
 Actual mutation of  2   ['20']
 Actual mutation of  3   ['25', '26', '27', '21', '31', '28', '30', '29', '23', '22']
 Actual mutation of  4   ['33', '35', '34', '32', '36', '40', '39', '37', '38']
 Actual mutation of  5   []
 Updated node mutation  {'1': ['18', '19'], '2': ['20'], '3': ['25', '26', '27', '21', '31', '28', '30', '29', '23', '22'], '4': ['33', '35', '34', '32', '36', '40', '39', '37', '38'], '5': [], '6': ['0', '1', '2', '3', '4', '5', '6', '7', '8', '9'], '7': ['10', '11', '12', '13', '14', '15', '16', '17']}
{'1': ['0', '1', '2', '3', '4', '5', '6', '7', '8', '9', '18', '19'], '2': ['0', '1', '2', '3', '4', '5', '6', '7', '8', '9', '20'], '3': ['10', '11', '12', '13', '14', '15', '16', '21', '22', '23', '25', '26', '27', '28', '29', '30', '31'], '4': ['10', '11', '12', '13', '14', '15', '16', '17', '32', '33', '34', '35', '36', '37', '38', '39', '40'], '5': ['10', '11', '12', '13', '14', '15', '16', '17', '32', '33', '34', '35', '36', '37', '38', '39', '40'], '6': ['0', '1', '2', '3', '4', '5', '6', '7', '8', '9'], '7': ['10', '11', '12', '13', '14', '15', '16']}
 Actual mutation of  1   ['18', '19']
 Actual mutation of  2   ['20']
 Actual mutation of  3   ['25', '26', '27', '21', '31', '28', '30', '29', '23', '22']
 Actual mutation of  4   ['33', '35', '34', '32', '36', '40', '39', '37', '17', '38']
 Actual mutation of  5   []
 Updated node mutation  {'1': ['18', '19'], '2': ['20'], '3': ['25', '26', '27', '21', '31', '28', '30', '29', '23', '22'], '4': ['33', '35', '34', '32', '36', '40', '39', '37', '17', '38'], '5': [], '6': ['0', '1', '2', '3', '4', '5', '6', '7', '8', '9'], '7': ['10', '11', '12', '13', '14', '15', '16']}
{'1': ['0', '1', '2', '3', '4', '5', '6', '7', '8', '9', '18', '19'], '2': ['0', '1', '2', '3', '4', '5', '6', '7', '8', '9', '20'], '3': ['10', '12', '13', '14', '15', '16', '17', '21', '22', '23', '25', '26', '27', '28', '29', '30', '31'], '4': ['10', '11', '12', '13', '14', '15', '16', '17', '32', '33', '34', '35', '36', '37', '38', '39', '40'], '5': ['10', '11', '12', '13', '14', '15', '16', '17', '32', '33', '34', '35', '36', '37', '38', '39', '40'], '6': ['0', '1', '2', '3', '4', '5', '6', '7', '8', '9'], '7': ['10', '12', '13', '14', '15', '16', '17']}
 Actual mutation of  1   ['18', '19']
 Actual mutation of  2   ['20']
 Actual mutation of  3   ['25', '26', '27', '21', '31', '28', '30', '29', '23', '22']
 Actual mutation of  4   ['33', '11', '35', '34', '32', '36', '40', '39', '37', '38']
 Actual mutation of  5   []
 Updated node mutation  {'1': ['18', '19'], '2': ['20'], '3': ['25', '26', '27', '21', '31', '28', '30', '29', '23', '22'], '4': ['33', '11', '35', '34', '32', '36', '40', '39', '37', '38'], '5': [], '6': ['0', '1', '2', '3', '4', '5', '6', '7', '8', '9'], '7': ['10', '12', '13', '14', '15', '16', '17']}
 Parallel mutation count  {'m1': 15, 'm2': 0, 'm3': 0, 'm4': 0, 'm5': 0}
 Clusters with least parallel mutations  ['m2', 'm3', 'm4', 'm5']
 Cluster nos for each run  {'m2': 7, 'm3': 5, 'm4': 8, 'm5': 13}
 Run  m3
 Base path  ['bp3', 'rep1', 'm1', 'tree.csv']
 Best tree path  bp3_rep1_m3_tree.csv
