24
 Total estimated FP  160  True negatives  15849
 Total estimated FN  355  True positives  1396
 Estimated FP rate  0.10283
 Estimated FN rate  0.02
 No. of Cells in each cluster  {'9_2': 87, '15_2': 9, '23_3': 3, '13_3': 5, '21_3': 2, '3_3': 490, '3_2': 4}
 Cells in each cluster  {'9_2': [0, 2, 3, 5, 8, 11, 14, 15, 16, 17, 18, 19, 20, 21, 22, 23, 24, 25, 26, 27, 28, 29, 30, 31, 32, 33, 34, 35, 36, 37, 38, 39, 40, 41, 42, 43, 44, 45, 46, 47, 48, 49, 50, 51, 52, 53, 54, 55, 56, 57, 58, 59, 60, 61, 62, 63, 64, 65, 66, 67, 68, 69, 71, 72, 73, 74, 75, 76, 77, 78, 79, 80, 81, 82, 83, 84, 85, 86, 87, 88, 89, 90, 91, 92, 93, 94, 95], '15_2': [1, 4, 6, 7, 9, 10, 12, 13, 70], '23_3': [100, 101, 102], '13_3': [103, 104, 105, 106, 107], '21_3': [177, 587], '3_3': [109, 155, 185, 249, 439, 489, 142, 201, 278, 303, 469, 119, 127, 353, 512, 520, 571, 174, 234, 427, 165, 271, 290, 297, 343, 381, 408, 487, 505, 514, 529, 223, 365, 470, 184, 235, 440, 120, 229, 240, 401, 437, 441, 500, 521, 563, 592, 598, 292, 306, 448, 551, 581, 591, 122, 221, 291, 350, 426, 457, 460, 248, 295, 319, 370, 458, 510, 517, 570, 252, 267, 269, 332, 480, 503, 504, 518, 112, 198, 244, 253, 272, 372, 391, 459, 541, 230, 263, 286, 312, 371, 477, 492, 145, 191, 396, 599, 113, 214, 358, 498, 536, 203, 305, 336, 108, 110, 111, 114, 115, 116, 117, 118, 121, 123, 124, 125, 126, 128, 129, 130, 131, 132, 133, 134, 135, 136, 137, 138, 139, 140, 141, 143, 144, 146, 147, 148, 149, 150, 151, 152, 153, 154, 156, 157, 158, 159, 160, 161, 162, 163, 164, 166, 167, 168, 169, 170, 171, 172, 173, 175, 176, 178, 179, 180, 181, 182, 183, 186, 187, 188, 189, 190, 192, 193, 194, 195, 196, 197, 199, 200, 202, 204, 205, 206, 207, 208, 209, 210, 211, 212, 213, 215, 216, 217, 218, 219, 220, 222, 224, 225, 226, 227, 228, 231, 232, 233, 236, 237, 238, 239, 241, 242, 243, 245, 246, 247, 250, 251, 254, 255, 256, 257, 258, 259, 260, 261, 262, 264, 265, 266, 268, 270, 273, 274, 275, 276, 277, 279, 280, 281, 282, 283, 284, 285, 287, 288, 289, 293, 294, 296, 298, 299, 300, 301, 302, 304, 307, 308, 309, 310, 311, 313, 314, 315, 316, 317, 318, 320, 321, 322, 323, 324, 325, 326, 327, 328, 329, 330, 331, 333, 334, 335, 337, 338, 339, 340, 341, 342, 344, 345, 346, 347, 349, 351, 352, 354, 355, 356, 357, 359, 360, 361, 362, 363, 364, 366, 367, 368, 369, 373, 374, 375, 376, 377, 378, 379, 380, 382, 383, 384, 385, 386, 387, 388, 389, 390, 392, 393, 394, 395, 397, 398, 399, 400, 402, 403, 404, 406, 407, 409, 410, 411, 412, 413, 414, 415, 416, 417, 418, 419, 420, 421, 422, 423, 424, 425, 428, 429, 430, 431, 432, 433, 434, 435, 436, 438, 442, 443, 444, 445, 446, 447, 449, 450, 451, 452, 453, 454, 455, 456, 461, 462, 463, 464, 465, 466, 467, 468, 471, 473, 474, 475, 478, 479, 481, 482, 483, 484, 485, 486, 488, 490, 491, 493, 494, 495, 496, 497, 499, 501, 502, 506, 508, 509, 511, 513, 515, 516, 519, 522, 523, 524, 525, 526, 527, 528, 530, 531, 532, 533, 534, 535, 537, 538, 539, 540, 542, 543, 544, 546, 547, 548, 549, 550, 552, 553, 554, 555, 556, 557, 558, 559, 560, 561, 562, 564, 565, 566, 567, 568, 569, 572, 573, 574, 575, 576, 577, 578, 579, 580, 582, 583, 584, 585, 586, 588, 589, 590, 593, 594, 595, 596, 597, 348, 405, 472, 476, 507, 545], '3_2': [99, 96, 97, 98]}
FP rate  0.10283 FN rate  0.02
 Before reassigning cells 
 Timepoint  2
 Cluster  9  # of cells  64
 Cluster  15  # of cells  29
 Cluster  3  # of cells  8
 Timepoint  3
 Cluster  23  # of cells  3
 Cluster  13  # of cells  5
 Cluster  3  # of cells  461
 Cells absent at timepoint  2   set()
 Cells absent at timepoint  3   {384, 385, 388, 276, 149, 542, 416, 545, 294, 167, 296, 551, 172, 433, 569, 572, 317, 189, 318, 578, 330, 204, 214, 472, 221, 482, 359, 237, 501, 118, 252}
 Missing cell prob  {'13': 5.569636709502954e-20, '23': 2.255307986105429e-13, '3': 0.0018376988426299437}
 Missing cell prob  {'13': 2.8290583377706493e-25, '23': 4.638738405506289e-12, '3': 0.037797960418624085}
 Missing cell prob  {'13': 5.658116675541298e-27, '23': 9.277476811012578e-14, '3': 0.033911196148776974}
 Missing cell prob  {'13': 1.9587890989325876e-23, '23': 7.159800310052107e-12, '3': 0.05834039884710097}
 Missing cell prob  {'13': 1.958789098932588e-23, '23': 1.4407558926218759e-08, '3': 0.05834039884710097}
 Missing cell prob  {'13': 7.21698555553737e-22, '23': 5.88063629641582e-12, '3': 0.0010681888904827258}
 Missing cell prob  {'13': 1.107126803195179e-26, '23': 1.8153289924003063e-13, '3': 0.0014791895425721583}
 Missing cell prob  {'13': 2.4180745079340723e-19, '23': 9.274204544587435e-09, '3': 8.784249695591304e-05}
 Missing cell prob  {'13': 6.306627144845793e-27, '23': 4.638738405506289e-12, '3': 0.037797960418624085}
 Missing cell prob  {'13': 2.589945172344585e-25, '23': 4.246670342110282e-12, '3': 0.000771386947318859}
 Missing cell prob  {'13': 8.044167276589019e-22, '23': 6.554651065479028e-12, '3': 0.05340944452413629}
 Missing cell prob  {'13': 3.563672843693709e-21, '23': 1.3667995247443436e-10, '3': 0.0005534569029074281}
 Missing cell prob  {'13': 6.306627144845793e-27, '23': 4.638738405506289e-12, '3': 0.037797960418624085}
 Missing cell prob  {'13': 6.435333821271216e-27, '23': 4.733406536230906e-12, '3': 0.0008598002021008939}
 Missing cell prob  {'13': 1.241601192528273e-21, '23': 2.2553079861054282e-13, '3': 0.0018376988426299437}
 Missing cell prob  {'13': 1.7573668158893497e-23, '23': 6.423558044169449e-12, '3': 0.05234125563365358}
 Missing cell prob  {'13': 7.883283931057241e-22, '23': 1.2926029641835684e-08, '3': 0.052341255633653556}
 Missing cell prob  {'13': 2.8290583377706493e-25, '23': 4.638738405506289e-12, '3': 0.037797960418624085}
 Missing cell prob  {'13': 3.1533135724228954e-25, '23': 5.170411856734275e-12, '3': 0.0421302099029438}
 Missing cell prob  {'13': 4.4830786119626254e-20, '23': 3.652959341863319e-10, '3': 0.06635422409547317}
 Missing cell prob  {'13': 3.536322922213312e-20, '23': 1.2926029641835684e-08, '3': 0.052341255633653556}
 Missing cell prob  {'13': 5.6581166755412985e-27, '23': 9.734723882412483e-15, '3': 0.0035582533673252418}
 Missing cell prob  {'13': 3.5147336317786995e-25, '23': 5.763023570487505e-12, '3': 0.0001098418636083387}
 Missing cell prob  {'13': 6.344720018088e-26, '23': 2.3191332021122117e-14, '3': 0.00847693640350742}
 Missing cell prob  {'13': 1.6543634421032982e-24, '23': 2.7126196491223752e-11, '3': 0.00492734123867466}
 Missing cell prob  {'13': 7.995057546663625e-27, '23': 5.880636296415822e-12, '3': 0.047917351343719355}
 Missing cell prob  {'13': 3.5147336317786995e-25, '23': 2.585205928367137e-10, '3': 0.04695900431684498}
 Missing cell prob  {'13': 1.443397111107474e-23, '23': 5.2759304660553834e-12, '3': 0.0009583470268743872}
 Missing cell prob  {'13': 2.183297590125158e-23, '23': 1.7790224125523e-13, '3': 0.06502713961356373}
 Missing cell prob  {'13': 4.366595180250316e-25, '23': 1.596085537869547e-13, '3': 0.05834039884710097}
 Missing cell prob  {'13': 5.3490790958066366e-20, '23': 2.051568448239069e-09, '3': 0.008307397675437275}
 Timepoint  2
SortedDict({2: {'9': ['14', '15', '16', '17', '19', '20', '21', '22', '23', '24', '27', '28', '29', '30', '31', '32', '34', '36', '37', '38', '39', '40', '41', '42', '45', '46', '47', '48', '49', '50', '51', '53', '54', '55', '56', '57', '58', '59', '60', '61', '63', '64', '65', '66', '67', '72', '75', '76', '77', '78', '79', '81', '82', '83', '85', '86', '87', '88', '89', '91', '92', '93', '94', '95'], '15': ['0', '1', '2', '3', '5', '6', '7', '8', '9', '10', '11', '12', '13', '18', '25', '26', '33', '35', '43', '62', '68', '69', '70', '71', '73', '74', '80', '84', '90'], '3': ['4', '44', '52', '96', '97', '98', '99', '100']}, 3: {'23': ['100', '101', '102'], '13': ['103', '104', '105', '106', '107'], '3': ['108', '109', '110', '111', '112', '113', '114', '115', '116', '117', '119', '120', '121', '122', '123', '124', '125', '126', '127', '128', '129', '130', '131', '132', '133', '134', '135', '136', '137', '138', '139', '140', '141', '142', '143', '144', '145', '146', '147', '148', '150', '151', '152', '153', '154', '155', '156', '157', '158', '159', '160', '161', '162', '163', '164', '165', '166', '168', '169', '170', '171', '173', '174', '175', '176', '177', '178', '179', '180', '181', '182', '183', '184', '185', '186', '187', '188', '190', '191', '192', '193', '194', '195', '196', '197', '198', '199', '200', '201', '202', '203', '205', '206', '207', '208', '209', '210', '211', '212', '213', '215', '216', '217', '218', '219', '220', '222', '223', '224', '225', '226', '227', '228', '229', '230', '231', '232', '233', '234', '235', '236', '238', '239', '240', '241', '242', '243', '244', '245', '246', '247', '248', '249', '250', '251', '253', '254', '255', '256', '257', '258', '259', '260', '261', '262', '263', '264', '265', '266', '267', '268', '269', '270', '271', '272', '273', '274', '275', '277', '278', '279', '280', '281', '282', '283', '284', '285', '286', '287', '288', '289', '290', '291', '292', '293', '295', '297', '298', '299', '300', '301', '302', '303', '304', '305', '306', '307', '308', '309', '310', '311', '312', '313', '314', '315', '316', '319', '320', '321', '322', '323', '324', '325', '326', '327', '328', '329', '331', '332', '333', '334', '335', '336', '337', '338', '339', '340', '341', '342', '343', '344', '345', '346', '347', '348', '349', '350', '351', '352', '353', '354', '355', '356', '357', '358', '360', '361', '362', '363', '364', '365', '366', '367', '368', '369', '370', '371', '372', '373', '374', '375', '376', '377', '378', '379', '380', '381', '382', '383', '386', '387', '389', '390', '391', '392', '393', '394', '395', '396', '397', '398', '399', '400', '401', '402', '403', '404', '405', '406', '407', '408', '409', '410', '411', '412', '413', '414', '415', '417', '418', '419', '420', '421', '422', '423', '424', '425', '426', '427', '428', '429', '430', '431', '432', '434', '435', '436', '437', '438', '439', '440', '441', '442', '443', '444', '445', '446', '447', '448', '449', '450', '451', '452', '453', '454', '455', '456', '457', '458', '459', '460', '461', '462', '463', '464', '465', '466', '467', '468', '469', '470', '471', '473', '474', '475', '476', '477', '478', '479', '480', '481', '483', '484', '485', '486', '487', '488', '489', '490', '491', '492', '493', '494', '495', '496', '497', '498', '499', '500', '502', '503', '504', '505', '506', '507', '508', '509', '510', '511', '512', '513', '514', '515', '516', '517', '518', '519', '520', '521', '522', '523', '524', '525', '526', '527', '528', '529', '530', '531', '532', '533', '534', '535', '536', '537', '538', '539', '540', '541', '543', '544', '546', '547', '548', '549', '550', '552', '553', '554', '555', '556', '557', '558', '559', '560', '561', '562', '563', '564', '565', '566', '567', '568', '570', '571', '573', '574', '575', '576', '577', '579', '580', '581', '582', '583', '584', '585', '586', '587', '588', '589', '590', '591', '592', '593', '594', '595', '596', '597', '598', '599', '384', '385', '388', '276', '149', '542', '416', '545', '294', '167', '296', '551', '172', '433', '569', '572', '317', '189', '318', '578', '330', '204', '214', '472', '221', '482', '359', '237', '501', '118', '252']}})
 Cluster1  9
 Cluster to drop  15
 Timepoint  3
 After reassigning and merging cells 
 Timepoint  2
 Cluster  9  # of cells  93
 Cluster  3  # of cells  8
 Timepoint  3
 Cluster  23  # of cells  3
 Cluster  13  # of cells  5
 Cluster  3  # of cells  492
 Tp cluster cell dict  {'9_2': 93, '3_2': 8, '23_3': 3, '13_3': 5, '3_3': 492}
 New Graph is here 
 ID  0  Timepoint  1  Mutations  []  Type  subclone
 ID  1  Timepoint  2  Mutations  [0, 1, 2, 3, 4, 5, 6, 7, 8, 9, 10, 11, 12, 14, 15, 16, 17]  Type  subclone
 ID  2  Timepoint  2  Mutations  [13]  Type  subclone
 ID  3  Timepoint  3  Mutations  [13, 18, 19, 20, 21, 22, 23, 24]  Type  subclone
 ID  4  Timepoint  3  Mutations  [13, 18, 19, 20, 21, 22, 23, 24, 28, 29, 30, 31, 32, 33, 34, 35, 36]  Type  subclone
 ID  5  Timepoint  3  Mutations  [13]  Type  subclone
Timepoints  SortedDict({1: [0], 2: [1, 2], 3: [3, 4, 5]})
 Clone to nodes  {'9_2': 1, '3_2': 2, '23_3': 3, '13_3': 4, '3_3': 5}
 Timepoint ====  1
 Hash table  {'0': [0, 1, 2, 3, 4, 5, 6, 7, 8, 9, 10, 11, 12, 14, 15, 16, 17], '1': [13]}
 Final possible usc  [[0, 1, 2, 3, 4, 5, 6, 7, 8, 9, 10, 11, 12, 14, 15, 16, 17], [13]]
 Time  1  USC keys  {'0,1,2,3,4,5,6,7,8,9,10,11,12,14,15,16,17_0', '13_0'}
 USC children  {'0,1,2,3,4,5,6,7,8,9,10,11,12,14,15,16,17_0': [1], '13_0': [2]}
 USC children  {'0,1,2,3,4,5,6,7,8,9,10,11,12,14,15,16,17_0': [1], '13_0': [2]}
 Timepoint ====  2
 Hash table  {'0,1': [13, 18, 19, 20, 21, 22, 23, 24], '1': [28, 29, 30, 31, 32, 33, 34, 35, 36]}
====== Inside find superset of t nodes ==========
 Final possible usc  [[13, 18, 19, 20, 21, 22, 23, 24]]
 Time  2  USC keys  {'13,18,19,20,21,22,23,24_2'}
 USC children  {'0,1,2,3,4,5,6,7,8,9,10,11,12,14,15,16,17_0': [1], '13_0': [2], '13,18,19,20,21,22,23,24_2': [3, 4]}
 USC children  {'0,1,2,3,4,5,6,7,8,9,10,11,12,14,15,16,17_0': [1], '13_0': [2], '13,18,19,20,21,22,23,24_2': [3, 4]}
 Node s  {'1': ['0', '1', '2', '3', '4', '5', '6', '7', '8', '9', '10', '11', '12', '14', '15', '16', '17'], '2': ['13'], '3,4': ['13', '18', '19', '20', '21', '22', '23', '24']}
 Enroll USC nodes  ['1']  len  1
 Enroll USC nodes  ['2']  len  1
 Enroll USC nodes  ['3', '4']  len  2
 Node TP  SortedDict({1: [0], 2: [1, 2], 3: [3, 4, 5]})
 Unobserved subclones at timepoints  {2.5: [6]}
 ============== Inside finding node v ============ 
 Time  2
 largest_v_mut  [[]]
 largest_v_mut  [[]]
 Time  3
 Sorted all timepoints  [1, 2, 2.5, 3]
 Timepoint  2
 Timepoint  3
 Inside usc_node check  3
0   1   [-1]   subclone   []   []
1   2   [0]   subclone   [0, 1, 2, 3, 4, 5, 6, 7, 8, 9, 10, 11, 12, 14, 15, 16, 17]   [17]
2   2   [0]   subclone   [13]   [1]
3   3   [6]   subclone   [13, 18, 19, 20, 21, 22, 23, 24]   [0]
4   3   [6]   subclone   [13, 18, 19, 20, 21, 22, 23, 24, 28, 29, 30, 31, 32, 33, 34, 35, 36]   [9]
5   3   [2]   subclone   [13]   [0]
6   2.5   [2]   unobserved subclone   [13, 18, 19, 20, 21, 22, 23, 24]   [7]
13
 Total estimated FP  160  True negatives  15858
 Total estimated FN  346  True positives  1396
 Estimated FP rate  0.10283
 Estimated FN rate  0.02
 No. of Cells in each cluster  {'8_2': 14, '9_2': 82, '11_3': 3, '7_3': 5, '4_2': 4, '4_3': 492}
 Cells in each cluster  {'8_2': [0, 1, 3, 4, 5, 6, 7, 8, 9, 10, 11, 12, 13, 70], '9_2': [2, 14, 15, 16, 17, 18, 19, 20, 21, 22, 23, 24, 25, 26, 27, 28, 29, 30, 31, 32, 33, 34, 35, 36, 37, 38, 39, 40, 41, 42, 43, 44, 45, 46, 47, 48, 49, 50, 51, 52, 53, 54, 55, 56, 57, 58, 59, 60, 61, 62, 63, 64, 65, 66, 67, 68, 69, 71, 72, 73, 74, 75, 76, 77, 78, 79, 80, 81, 82, 83, 84, 85, 86, 87, 88, 89, 90, 91, 92, 93, 94, 95], '11_3': [100, 101, 102], '7_3': [103, 104, 105, 106, 107], '4_2': [96, 97, 98, 99], '4_3': [108, 110, 111, 112, 114, 115, 116, 117, 118, 121, 123, 124, 125, 126, 128, 129, 130, 131, 132, 134, 135, 136, 137, 138, 139, 140, 141, 143, 144, 146, 147, 148, 149, 150, 151, 152, 153, 154, 156, 157, 158, 159, 160, 161, 162, 163, 164, 166, 167, 168, 169, 170, 171, 172, 173, 175, 176, 178, 179, 180, 181, 182, 183, 186, 187, 188, 189, 190, 192, 193, 194, 195, 196, 197, 198, 199, 200, 202, 203, 204, 205, 206, 207, 208, 209, 210, 211, 212, 213, 214, 215, 216, 217, 218, 219, 220, 222, 224, 225, 226, 227, 228, 231, 232, 233, 236, 237, 238, 239, 241, 242, 243, 244, 245, 246, 247, 250, 251, 252, 253, 254, 256, 257, 258, 259, 260, 261, 262, 264, 265, 266, 267, 268, 269, 270, 272, 273, 274, 275, 276, 277, 279, 280, 281, 282, 283, 284, 285, 287, 288, 289, 293, 294, 296, 298, 299, 300, 301, 302, 304, 305, 307, 308, 309, 310, 311, 313, 314, 315, 316, 317, 318, 320, 321, 322, 323, 324, 325, 326, 327, 328, 329, 330, 331, 332, 333, 334, 335, 336, 337, 338, 339, 340, 341, 342, 344, 345, 346, 347, 349, 351, 352, 354, 355, 356, 357, 358, 359, 360, 361, 362, 363, 364, 366, 367, 368, 369, 372, 373, 374, 375, 376, 377, 378, 379, 380, 382, 383, 384, 385, 386, 387, 388, 389, 390, 391, 392, 393, 394, 395, 397, 398, 399, 400, 402, 403, 404, 406, 407, 409, 410, 411, 412, 413, 414, 415, 416, 417, 418, 419, 420, 421, 422, 423, 424, 425, 428, 429, 430, 431, 432, 433, 434, 435, 436, 438, 442, 443, 444, 445, 446, 447, 449, 450, 451, 452, 453, 454, 455, 456, 459, 461, 462, 463, 464, 465, 466, 467, 468, 471, 473, 474, 475, 478, 479, 480, 481, 482, 484, 485, 486, 488, 490, 491, 493, 494, 495, 496, 497, 499, 501, 502, 503, 504, 506, 508, 509, 511, 513, 515, 516, 518, 519, 522, 523, 524, 525, 526, 527, 528, 530, 531, 532, 533, 534, 535, 537, 538, 539, 540, 541, 542, 543, 544, 546, 547, 548, 549, 550, 552, 553, 554, 555, 556, 557, 558, 559, 560, 561, 562, 564, 565, 566, 567, 568, 569, 572, 573, 574, 575, 576, 577, 578, 579, 580, 582, 583, 584, 585, 586, 588, 589, 590, 593, 594, 595, 596, 597, 113, 120, 133, 177, 223, 230, 240, 248, 255, 263, 286, 312, 319, 365, 371, 437, 441, 470, 477, 483, 492, 498, 517, 536, 563, 570, 587, 598, 229, 292, 295, 306, 370, 401, 448, 458, 500, 510, 521, 551, 581, 591, 592, 145, 191, 396, 599, 122, 174, 221, 234, 291, 350, 426, 427, 457, 460, 119, 127, 353, 512, 520, 571, 109, 155, 165, 185, 249, 271, 290, 297, 343, 381, 408, 439, 487, 489, 505, 514, 529, 348, 405, 472, 476, 507, 545, 142, 184, 201, 235, 278, 303, 440, 469]}
FP rate  0.10283 FN rate  0.02
 Before reassigning cells 
 Timepoint  2
 Cluster  8  # of cells  26
 Cluster  9  # of cells  67
 Cluster  4  # of cells  8
 Timepoint  3
 Cluster  11  # of cells  3
 Cluster  7  # of cells  5
 Cluster  4  # of cells  492
 Cells absent at timepoint  2   set()
 Cells absent at timepoint  3   set()
 Timepoint  2
SortedDict({2: {'8': ['0', '1', '2', '3', '5', '6', '7', '8', '9', '10', '11', '12', '13', '25', '26', '27', '33', '43', '62', '69', '70', '71', '73', '74', '82', '84'], '9': ['14', '15', '16', '17', '18', '19', '20', '21', '22', '23', '24', '28', '29', '30', '31', '32', '34', '35', '36', '37', '38', '39', '40', '41', '42', '45', '46', '47', '48', '49', '50', '51', '53', '54', '55', '56', '57', '58', '59', '60', '61', '63', '64', '65', '66', '67', '68', '72', '75', '76', '77', '78', '79', '80', '81', '83', '85', '86', '87', '88', '89', '90', '91', '92', '93', '94', '95'], '4': ['4', '44', '52', '96', '97', '98', '99', '100']}, 3: {'11': ['100', '101', '102'], '7': ['103', '104', '105', '106', '107'], '4': ['108', '109', '110', '111', '112', '113', '114', '115', '116', '117', '118', '119', '120', '121', '122', '123', '124', '125', '126', '127', '128', '129', '130', '131', '132', '133', '134', '135', '136', '137', '138', '139', '140', '141', '142', '143', '144', '145', '146', '147', '148', '149', '150', '151', '152', '153', '154', '155', '156', '157', '158', '159', '160', '161', '162', '163', '164', '165', '166', '167', '168', '169', '170', '171', '172', '173', '174', '175', '176', '177', '178', '179', '180', '181', '182', '183', '184', '185', '186', '187', '188', '189', '190', '191', '192', '193', '194', '195', '196', '197', '198', '199', '200', '201', '202', '203', '204', '205', '206', '207', '208', '209', '210', '211', '212', '213', '214', '215', '216', '217', '218', '219', '220', '221', '222', '223', '224', '225', '226', '227', '228', '229', '230', '231', '232', '233', '234', '235', '236', '237', '238', '239', '240', '241', '242', '243', '244', '245', '246', '247', '248', '249', '250', '251', '252', '253', '254', '255', '256', '257', '258', '259', '260', '261', '262', '263', '264', '265', '266', '267', '268', '269', '270', '271', '272', '273', '274', '275', '276', '277', '278', '279', '280', '281', '282', '283', '284', '285', '286', '287', '288', '289', '290', '291', '292', '293', '294', '295', '296', '297', '298', '299', '300', '301', '302', '303', '304', '305', '306', '307', '308', '309', '310', '311', '312', '313', '314', '315', '316', '317', '318', '319', '320', '321', '322', '323', '324', '325', '326', '327', '328', '329', '330', '331', '332', '333', '334', '335', '336', '337', '338', '339', '340', '341', '342', '343', '344', '345', '346', '347', '348', '349', '350', '351', '352', '353', '354', '355', '356', '357', '358', '359', '360', '361', '362', '363', '364', '365', '366', '367', '368', '369', '370', '371', '372', '373', '374', '375', '376', '377', '378', '379', '380', '381', '382', '383', '384', '385', '386', '387', '388', '389', '390', '391', '392', '393', '394', '395', '396', '397', '398', '399', '400', '401', '402', '403', '404', '405', '406', '407', '408', '409', '410', '411', '412', '413', '414', '415', '416', '417', '418', '419', '420', '421', '422', '423', '424', '425', '426', '427', '428', '429', '430', '431', '432', '433', '434', '435', '436', '437', '438', '439', '440', '441', '442', '443', '444', '445', '446', '447', '448', '449', '450', '451', '452', '453', '454', '455', '456', '457', '458', '459', '460', '461', '462', '463', '464', '465', '466', '467', '468', '469', '470', '471', '472', '473', '474', '475', '476', '477', '478', '479', '480', '481', '482', '483', '484', '485', '486', '487', '488', '489', '490', '491', '492', '493', '494', '495', '496', '497', '498', '499', '500', '501', '502', '503', '504', '505', '506', '507', '508', '509', '510', '511', '512', '513', '514', '515', '516', '517', '518', '519', '520', '521', '522', '523', '524', '525', '526', '527', '528', '529', '530', '531', '532', '533', '534', '535', '536', '537', '538', '539', '540', '541', '542', '543', '544', '545', '546', '547', '548', '549', '550', '551', '552', '553', '554', '555', '556', '557', '558', '559', '560', '561', '562', '563', '564', '565', '566', '567', '568', '569', '570', '571', '572', '573', '574', '575', '576', '577', '578', '579', '580', '581', '582', '583', '584', '585', '586', '587', '588', '589', '590', '591', '592', '593', '594', '595', '596', '597', '598', '599']}})
 Cluster1  8
 Cluster to drop  9
 Timepoint  3
 After reassigning and merging cells 
 Timepoint  2
 Cluster  8  # of cells  93
 Cluster  4  # of cells  8
 Timepoint  3
 Cluster  11  # of cells  3
 Cluster  7  # of cells  5
 Cluster  4  # of cells  492
 Tp cluster cell dict  {'8_2': 93, '4_2': 8, '11_3': 3, '7_3': 5, '4_3': 492}
 New Graph is here 
 ID  0  Timepoint  1  Mutations  []  Type  subclone
 ID  1  Timepoint  2  Mutations  [0, 1, 2, 3, 4, 5, 6, 7, 8, 9, 10, 11, 12, 14, 15, 16, 17]  Type  subclone
 ID  2  Timepoint  2  Mutations  [13]  Type  subclone
 ID  3  Timepoint  3  Mutations  [13, 18, 19, 20, 21, 22, 23, 24]  Type  subclone
 ID  4  Timepoint  3  Mutations  [13, 18, 19, 20, 21, 22, 23, 24, 28, 29, 30, 31, 32, 33, 34, 35, 36]  Type  subclone
 ID  5  Timepoint  3  Mutations  [13]  Type  subclone
Timepoints  SortedDict({1: [0], 2: [1, 2], 3: [3, 4, 5]})
 Clone to nodes  {'8_2': 1, '4_2': 2, '11_3': 3, '7_3': 4, '4_3': 5}
 Timepoint ====  1
 Hash table  {'0': [0, 1, 2, 3, 4, 5, 6, 7, 8, 9, 10, 11, 12, 14, 15, 16, 17], '1': [13]}
 Final possible usc  [[0, 1, 2, 3, 4, 5, 6, 7, 8, 9, 10, 11, 12, 14, 15, 16, 17], [13]]
 Time  1  USC keys  {'0,1,2,3,4,5,6,7,8,9,10,11,12,14,15,16,17_0', '13_0'}
 USC children  {'0,1,2,3,4,5,6,7,8,9,10,11,12,14,15,16,17_0': [1], '13_0': [2]}
 USC children  {'0,1,2,3,4,5,6,7,8,9,10,11,12,14,15,16,17_0': [1], '13_0': [2]}
 Timepoint ====  2
 Hash table  {'0,1': [13, 18, 19, 20, 21, 22, 23, 24], '1': [28, 29, 30, 31, 32, 33, 34, 35, 36]}
====== Inside find superset of t nodes ==========
 Final possible usc  [[13, 18, 19, 20, 21, 22, 23, 24]]
 Time  2  USC keys  {'13,18,19,20,21,22,23,24_2'}
 USC children  {'0,1,2,3,4,5,6,7,8,9,10,11,12,14,15,16,17_0': [1], '13_0': [2], '13,18,19,20,21,22,23,24_2': [3, 4]}
 USC children  {'0,1,2,3,4,5,6,7,8,9,10,11,12,14,15,16,17_0': [1], '13_0': [2], '13,18,19,20,21,22,23,24_2': [3, 4]}
 Node s  {'1': ['0', '1', '2', '3', '4', '5', '6', '7', '8', '9', '10', '11', '12', '14', '15', '16', '17'], '2': ['13'], '3,4': ['13', '18', '19', '20', '21', '22', '23', '24']}
 Enroll USC nodes  ['1']  len  1
 Enroll USC nodes  ['2']  len  1
 Enroll USC nodes  ['3', '4']  len  2
 Node TP  SortedDict({1: [0], 2: [1, 2], 3: [3, 4, 5]})
 Unobserved subclones at timepoints  {2.5: [6]}
 ============== Inside finding node v ============ 
 Time  2
 largest_v_mut  [[]]
 largest_v_mut  [[]]
 Time  3
 Sorted all timepoints  [1, 2, 2.5, 3]
 Timepoint  2
 Timepoint  3
 Inside usc_node check  3
0   1   [-1]   subclone   []   []
1   2   [0]   subclone   [0, 1, 2, 3, 4, 5, 6, 7, 8, 9, 10, 11, 12, 14, 15, 16, 17]   [17]
2   2   [0]   subclone   [13]   [1]
3   3   [6]   subclone   [13, 18, 19, 20, 21, 22, 23, 24]   [0]
4   3   [6]   subclone   [13, 18, 19, 20, 21, 22, 23, 24, 28, 29, 30, 31, 32, 33, 34, 35, 36]   [9]
5   3   [2]   subclone   [13]   [0]
6   2.5   [2]   unobserved subclone   [13, 18, 19, 20, 21, 22, 23, 24]   [7]
17
 Total estimated FP  160  True negatives  15858
 Total estimated FN  346  True positives  1396
 Estimated FP rate  0.10283
 Estimated FN rate  0.02
 No. of Cells in each cluster  {'16_2': 14, '9_2': 82, '11_3': 3, '15_3': 5, '6_3': 492, '6_2': 4}
 Cells in each cluster  {'16_2': [0, 1, 3, 4, 5, 6, 7, 8, 9, 10, 11, 12, 13, 70], '9_2': [2, 14, 15, 16, 17, 18, 19, 20, 21, 22, 23, 24, 25, 26, 27, 28, 29, 30, 31, 32, 33, 34, 35, 36, 37, 38, 39, 40, 41, 42, 43, 44, 45, 46, 47, 48, 49, 50, 51, 52, 53, 54, 55, 56, 57, 58, 59, 60, 61, 62, 63, 64, 65, 66, 67, 68, 69, 71, 72, 73, 74, 75, 76, 77, 78, 79, 80, 81, 82, 83, 84, 85, 86, 87, 88, 89, 90, 91, 92, 93, 94, 95], '11_3': [100, 101, 102], '15_3': [103, 104, 105, 106, 107], '6_3': [165, 271, 290, 297, 343, 381, 408, 487, 505, 514, 529, 119, 127, 353, 512, 520, 571, 214, 230, 263, 286, 312, 358, 371, 477, 492, 109, 155, 185, 249, 439, 489, 108, 110, 111, 112, 114, 115, 116, 117, 118, 121, 123, 124, 125, 126, 128, 129, 130, 131, 132, 134, 135, 136, 137, 138, 139, 140, 141, 143, 144, 145, 146, 147, 148, 149, 150, 151, 152, 153, 154, 156, 157, 158, 159, 160, 161, 162, 163, 164, 166, 167, 168, 169, 170, 171, 172, 173, 175, 176, 178, 179, 180, 181, 182, 183, 186, 187, 188, 189, 190, 192, 193, 194, 195, 196, 197, 198, 199, 200, 202, 204, 205, 206, 207, 208, 209, 210, 211, 212, 213, 215, 216, 217, 218, 219, 220, 222, 224, 225, 226, 227, 228, 231, 232, 233, 236, 237, 238, 239, 241, 242, 243, 244, 245, 246, 247, 250, 251, 253, 254, 256, 257, 258, 259, 260, 261, 262, 264, 265, 266, 268, 270, 272, 273, 274, 275, 276, 277, 279, 280, 281, 282, 283, 284, 285, 287, 288, 289, 292, 293, 294, 296, 298, 299, 300, 301, 302, 304, 306, 307, 308, 309, 310, 311, 313, 314, 315, 316, 317, 318, 320, 321, 322, 323, 324, 325, 326, 327, 328, 329, 330, 331, 333, 334, 335, 337, 338, 339, 340, 341, 342, 344, 345, 346, 347, 349, 351, 352, 354, 355, 356, 357, 359, 360, 361, 362, 363, 364, 366, 367, 368, 369, 372, 373, 374, 375, 376, 377, 378, 379, 380, 382, 383, 384, 385, 386, 387, 388, 389, 390, 391, 392, 393, 394, 395, 397, 398, 399, 400, 402, 403, 404, 406, 407, 409, 410, 411, 412, 413, 414, 415, 416, 417, 418, 419, 420, 421, 422, 423, 424, 425, 428, 429, 430, 431, 432, 433, 434, 435, 436, 438, 442, 443, 444, 445, 446, 447, 448, 449, 450, 451, 452, 453, 454, 455, 456, 459, 461, 462, 463, 464, 465, 466, 467, 468, 471, 473, 474, 475, 478, 479, 481, 482, 484, 485, 486, 488, 490, 491, 493, 494, 495, 496, 497, 499, 501, 502, 506, 508, 509, 511, 513, 515, 516, 519, 522, 523, 524, 525, 526, 527, 528, 530, 531, 532, 533, 534, 535, 537, 538, 539, 540, 541, 542, 543, 544, 546, 547, 548, 549, 550, 551, 552, 553, 554, 555, 556, 557, 558, 559, 560, 561, 562, 564, 565, 566, 567, 568, 569, 572, 573, 574, 575, 576, 577, 578, 579, 580, 581, 582, 583, 584, 585, 586, 588, 589, 590, 591, 593, 594, 595, 596, 597, 120, 229, 240, 248, 319, 401, 437, 441, 500, 517, 521, 563, 570, 592, 598, 191, 396, 599, 113, 177, 203, 223, 305, 336, 365, 470, 498, 536, 587, 122, 174, 221, 234, 291, 350, 426, 427, 457, 460, 252, 267, 269, 332, 480, 503, 504, 518, 133, 255, 295, 370, 458, 483, 510, 142, 184, 201, 235, 278, 303, 440, 469, 348, 405, 472, 476, 507, 545], '6_2': [96, 97, 98, 99]}
FP rate  0.10283 FN rate  0.02
 Before reassigning cells 
 Timepoint  2
 Cluster  16  # of cells  26
 Cluster  9  # of cells  67
 Cluster  6  # of cells  8
 Timepoint  3
 Cluster  11  # of cells  3
 Cluster  15  # of cells  5
 Cluster  6  # of cells  492
 Cells absent at timepoint  2   set()
 Cells absent at timepoint  3   set()
 Timepoint  2
SortedDict({2: {'16': ['0', '1', '2', '3', '5', '6', '7', '8', '9', '10', '11', '12', '13', '25', '26', '27', '33', '43', '62', '69', '70', '71', '73', '74', '82', '84'], '9': ['14', '15', '16', '17', '18', '19', '20', '21', '22', '23', '24', '28', '29', '30', '31', '32', '34', '35', '36', '37', '38', '39', '40', '41', '42', '45', '46', '47', '48', '49', '50', '51', '53', '54', '55', '56', '57', '58', '59', '60', '61', '63', '64', '65', '66', '67', '68', '72', '75', '76', '77', '78', '79', '80', '81', '83', '85', '86', '87', '88', '89', '90', '91', '92', '93', '94', '95'], '6': ['4', '44', '52', '96', '97', '98', '99', '100']}, 3: {'11': ['100', '101', '102'], '15': ['103', '104', '105', '106', '107'], '6': ['108', '109', '110', '111', '112', '113', '114', '115', '116', '117', '118', '119', '120', '121', '122', '123', '124', '125', '126', '127', '128', '129', '130', '131', '132', '133', '134', '135', '136', '137', '138', '139', '140', '141', '142', '143', '144', '145', '146', '147', '148', '149', '150', '151', '152', '153', '154', '155', '156', '157', '158', '159', '160', '161', '162', '163', '164', '165', '166', '167', '168', '169', '170', '171', '172', '173', '174', '175', '176', '177', '178', '179', '180', '181', '182', '183', '184', '185', '186', '187', '188', '189', '190', '191', '192', '193', '194', '195', '196', '197', '198', '199', '200', '201', '202', '203', '204', '205', '206', '207', '208', '209', '210', '211', '212', '213', '214', '215', '216', '217', '218', '219', '220', '221', '222', '223', '224', '225', '226', '227', '228', '229', '230', '231', '232', '233', '234', '235', '236', '237', '238', '239', '240', '241', '242', '243', '244', '245', '246', '247', '248', '249', '250', '251', '252', '253', '254', '255', '256', '257', '258', '259', '260', '261', '262', '263', '264', '265', '266', '267', '268', '269', '270', '271', '272', '273', '274', '275', '276', '277', '278', '279', '280', '281', '282', '283', '284', '285', '286', '287', '288', '289', '290', '291', '292', '293', '294', '295', '296', '297', '298', '299', '300', '301', '302', '303', '304', '305', '306', '307', '308', '309', '310', '311', '312', '313', '314', '315', '316', '317', '318', '319', '320', '321', '322', '323', '324', '325', '326', '327', '328', '329', '330', '331', '332', '333', '334', '335', '336', '337', '338', '339', '340', '341', '342', '343', '344', '345', '346', '347', '348', '349', '350', '351', '352', '353', '354', '355', '356', '357', '358', '359', '360', '361', '362', '363', '364', '365', '366', '367', '368', '369', '370', '371', '372', '373', '374', '375', '376', '377', '378', '379', '380', '381', '382', '383', '384', '385', '386', '387', '388', '389', '390', '391', '392', '393', '394', '395', '396', '397', '398', '399', '400', '401', '402', '403', '404', '405', '406', '407', '408', '409', '410', '411', '412', '413', '414', '415', '416', '417', '418', '419', '420', '421', '422', '423', '424', '425', '426', '427', '428', '429', '430', '431', '432', '433', '434', '435', '436', '437', '438', '439', '440', '441', '442', '443', '444', '445', '446', '447', '448', '449', '450', '451', '452', '453', '454', '455', '456', '457', '458', '459', '460', '461', '462', '463', '464', '465', '466', '467', '468', '469', '470', '471', '472', '473', '474', '475', '476', '477', '478', '479', '480', '481', '482', '483', '484', '485', '486', '487', '488', '489', '490', '491', '492', '493', '494', '495', '496', '497', '498', '499', '500', '501', '502', '503', '504', '505', '506', '507', '508', '509', '510', '511', '512', '513', '514', '515', '516', '517', '518', '519', '520', '521', '522', '523', '524', '525', '526', '527', '528', '529', '530', '531', '532', '533', '534', '535', '536', '537', '538', '539', '540', '541', '542', '543', '544', '545', '546', '547', '548', '549', '550', '551', '552', '553', '554', '555', '556', '557', '558', '559', '560', '561', '562', '563', '564', '565', '566', '567', '568', '569', '570', '571', '572', '573', '574', '575', '576', '577', '578', '579', '580', '581', '582', '583', '584', '585', '586', '587', '588', '589', '590', '591', '592', '593', '594', '595', '596', '597', '598', '599']}})
 Cluster1  16
 Cluster to drop  9
 Timepoint  3
 After reassigning and merging cells 
 Timepoint  2
 Cluster  16  # of cells  93
 Cluster  6  # of cells  8
 Timepoint  3
 Cluster  11  # of cells  3
 Cluster  15  # of cells  5
 Cluster  6  # of cells  492
 Tp cluster cell dict  {'16_2': 93, '6_2': 8, '11_3': 3, '15_3': 5, '6_3': 492}
 New Graph is here 
 ID  0  Timepoint  1  Mutations  []  Type  subclone
 ID  1  Timepoint  2  Mutations  [0, 1, 2, 3, 4, 5, 6, 7, 8, 9, 10, 11, 12, 14, 15, 16, 17]  Type  subclone
 ID  2  Timepoint  2  Mutations  [13]  Type  subclone
 ID  3  Timepoint  3  Mutations  [13, 18, 19, 20, 21, 22, 23, 24]  Type  subclone
 ID  4  Timepoint  3  Mutations  [13, 18, 19, 20, 21, 22, 23, 24, 28, 29, 30, 31, 32, 33, 34, 35, 36]  Type  subclone
 ID  5  Timepoint  3  Mutations  [13]  Type  subclone
Timepoints  SortedDict({1: [0], 2: [1, 2], 3: [3, 4, 5]})
 Clone to nodes  {'16_2': 1, '6_2': 2, '11_3': 3, '15_3': 4, '6_3': 5}
 Timepoint ====  1
 Hash table  {'0': [0, 1, 2, 3, 4, 5, 6, 7, 8, 9, 10, 11, 12, 14, 15, 16, 17], '1': [13]}
 Final possible usc  [[0, 1, 2, 3, 4, 5, 6, 7, 8, 9, 10, 11, 12, 14, 15, 16, 17], [13]]
 Time  1  USC keys  {'13_0', '0,1,2,3,4,5,6,7,8,9,10,11,12,14,15,16,17_0'}
 USC children  {'0,1,2,3,4,5,6,7,8,9,10,11,12,14,15,16,17_0': [1], '13_0': [2]}
 USC children  {'0,1,2,3,4,5,6,7,8,9,10,11,12,14,15,16,17_0': [1], '13_0': [2]}
 Timepoint ====  2
 Hash table  {'0,1': [13, 18, 19, 20, 21, 22, 23, 24], '1': [28, 29, 30, 31, 32, 33, 34, 35, 36]}
====== Inside find superset of t nodes ==========
 Final possible usc  [[13, 18, 19, 20, 21, 22, 23, 24]]
 Time  2  USC keys  {'13,18,19,20,21,22,23,24_2'}
 USC children  {'0,1,2,3,4,5,6,7,8,9,10,11,12,14,15,16,17_0': [1], '13_0': [2], '13,18,19,20,21,22,23,24_2': [3, 4]}
 USC children  {'0,1,2,3,4,5,6,7,8,9,10,11,12,14,15,16,17_0': [1], '13_0': [2], '13,18,19,20,21,22,23,24_2': [3, 4]}
 Node s  {'1': ['0', '1', '2', '3', '4', '5', '6', '7', '8', '9', '10', '11', '12', '14', '15', '16', '17'], '2': ['13'], '3,4': ['13', '18', '19', '20', '21', '22', '23', '24']}
 Enroll USC nodes  ['1']  len  1
 Enroll USC nodes  ['2']  len  1
 Enroll USC nodes  ['3', '4']  len  2
 Node TP  SortedDict({1: [0], 2: [1, 2], 3: [3, 4, 5]})
 Unobserved subclones at timepoints  {2.5: [6]}
 ============== Inside finding node v ============ 
 Time  2
 largest_v_mut  [[]]
 largest_v_mut  [[]]
 Time  3
 Sorted all timepoints  [1, 2, 2.5, 3]
 Timepoint  2
 Timepoint  3
 Inside usc_node check  3
0   1   [-1]   subclone   []   []
1   2   [0]   subclone   [0, 1, 2, 3, 4, 5, 6, 7, 8, 9, 10, 11, 12, 14, 15, 16, 17]   [17]
2   2   [0]   subclone   [13]   [1]
3   3   [6]   subclone   [13, 18, 19, 20, 21, 22, 23, 24]   [0]
4   3   [6]   subclone   [13, 18, 19, 20, 21, 22, 23, 24, 28, 29, 30, 31, 32, 33, 34, 35, 36]   [9]
5   3   [2]   subclone   [13]   [0]
6   2.5   [2]   unobserved subclone   [13, 18, 19, 20, 21, 22, 23, 24]   [7]
22
 Total estimated FP  157  True negatives  15852
 Total estimated FN  352  True positives  1399
 Estimated FP rate  0.1009
 Estimated FN rate  0.02
 No. of Cells in each cluster  {'17_2': 11, '11_2': 85, '15_3': 3, '19_3': 5, '20_3': 3, '4_2': 4, '4_3': 489}
 Cells in each cluster  {'17_2': [0, 1, 4, 6, 7, 9, 10, 11, 12, 13, 70], '11_2': [2, 3, 5, 8, 14, 15, 16, 17, 18, 19, 20, 21, 22, 23, 24, 25, 26, 27, 28, 29, 30, 31, 32, 33, 34, 35, 36, 37, 38, 39, 40, 41, 42, 43, 44, 45, 46, 47, 48, 49, 50, 51, 52, 53, 54, 55, 56, 57, 58, 59, 60, 61, 62, 63, 64, 65, 66, 67, 68, 69, 71, 72, 73, 74, 75, 76, 77, 78, 79, 80, 81, 82, 83, 84, 85, 86, 87, 88, 89, 90, 91, 92, 93, 94, 95], '15_3': [100, 101, 102], '19_3': [103, 104, 105, 106, 107], '20_3': [203, 305, 336], '4_2': [96, 97, 98, 99], '4_3': [108, 110, 111, 112, 114, 115, 116, 117, 118, 121, 123, 124, 125, 126, 128, 129, 130, 131, 132, 134, 135, 136, 137, 138, 139, 140, 141, 143, 144, 146, 147, 148, 149, 150, 151, 152, 153, 154, 156, 157, 158, 159, 160, 161, 162, 163, 164, 166, 167, 168, 169, 171, 172, 173, 175, 176, 178, 179, 180, 181, 182, 183, 186, 187, 188, 189, 190, 192, 193, 194, 195, 196, 197, 198, 199, 200, 202, 204, 205, 206, 207, 208, 209, 210, 211, 212, 213, 215, 216, 217, 218, 219, 220, 222, 224, 225, 226, 227, 228, 231, 232, 233, 236, 237, 238, 239, 241, 242, 243, 244, 245, 246, 247, 251, 253, 254, 256, 257, 258, 259, 260, 261, 262, 264, 265, 266, 268, 270, 272, 273, 274, 275, 276, 277, 279, 280, 281, 282, 283, 284, 285, 287, 288, 289, 293, 294, 296, 298, 299, 300, 301, 302, 304, 307, 308, 309, 311, 313, 314, 315, 316, 317, 318, 320, 321, 322, 323, 324, 325, 326, 327, 328, 329, 330, 331, 333, 334, 335, 337, 338, 339, 340, 341, 342, 344, 345, 346, 347, 349, 351, 352, 355, 356, 357, 359, 360, 361, 362, 363, 364, 366, 367, 368, 369, 372, 373, 374, 375, 376, 377, 378, 379, 380, 382, 383, 384, 385, 386, 387, 388, 389, 390, 391, 392, 393, 394, 395, 397, 398, 399, 400, 402, 403, 404, 406, 407, 409, 410, 411, 412, 413, 414, 415, 416, 417, 418, 419, 420, 421, 422, 423, 424, 425, 428, 429, 430, 431, 432, 433, 434, 435, 436, 438, 442, 443, 444, 445, 446, 447, 449, 450, 451, 452, 453, 454, 455, 456, 459, 461, 462, 463, 464, 465, 466, 467, 468, 471, 473, 474, 475, 478, 479, 481, 482, 484, 485, 486, 488, 490, 491, 493, 494, 495, 496, 497, 499, 501, 502, 506, 508, 509, 511, 513, 515, 516, 519, 522, 523, 524, 525, 526, 527, 528, 530, 531, 532, 533, 534, 535, 537, 538, 539, 540, 541, 542, 543, 544, 546, 547, 548, 549, 550, 552, 553, 554, 555, 556, 557, 558, 559, 560, 561, 562, 564, 565, 566, 567, 568, 569, 572, 573, 574, 575, 576, 577, 578, 580, 582, 583, 584, 585, 586, 588, 589, 590, 593, 594, 595, 596, 597, 170, 250, 292, 306, 310, 354, 448, 551, 579, 581, 591, 113, 498, 536, 177, 295, 370, 458, 510, 587, 229, 230, 263, 286, 312, 371, 401, 477, 492, 500, 521, 592, 252, 267, 269, 332, 480, 503, 504, 518, 109, 155, 185, 249, 439, 489, 133, 248, 255, 319, 483, 517, 570, 165, 271, 290, 297, 343, 381, 408, 487, 505, 514, 529, 223, 365, 470, 348, 472, 476, 507, 545, 142, 184, 201, 235, 278, 303, 440, 469, 145, 191, 396, 599, 214, 358, 120, 240, 437, 441, 563, 598, 119, 127, 353, 405, 512, 520, 571, 122, 174, 221, 234, 291, 350, 426, 427, 457, 460]}
FP rate  0.1009 FN rate  0.02
 Before reassigning cells 
 Timepoint  2
 Cluster  17  # of cells  26
 Cluster  11  # of cells  67
 Cluster  4  # of cells  8
 Timepoint  3
 Cluster  15  # of cells  2
 Cluster  19  # of cells  5
 Cluster  20  # of cells  4
 Cluster  4  # of cells  385
 Cells absent at timepoint  2   set()
 Cells absent at timepoint  3   {513, 516, 529, 540, 541, 544, 549, 560, 563, 564, 572, 580, 584, 586, 587, 591, 593, 599, 111, 115, 116, 118, 121, 128, 129, 133, 139, 141, 142, 151, 154, 161, 170, 182, 186, 188, 210, 211, 214, 215, 220, 222, 227, 233, 242, 243, 246, 251, 255, 261, 278, 280, 288, 302, 303, 304, 308, 319, 326, 329, 339, 344, 349, 354, 356, 358, 364, 367, 368, 371, 372, 378, 379, 387, 393, 401, 406, 409, 412, 419, 422, 424, 427, 429, 431, 434, 438, 439, 441, 454, 459, 460, 463, 464, 469, 471, 473, 478, 480, 486, 489, 500, 501, 504}
 Missing cell prob  {'19': 9.055198833671501e-22, '4': 0.061692733708959654, '15': 3.3600365761090376e-10, '20': 0.061692733708959654}
 Missing cell prob  {'19': 2.3669548455559967e-25, '4': 0.03258982294194516, '15': 3.948334957373419e-12, '20': 0.03258982294194516}
 Missing cell prob  {'19': 1.676490415264538e-24, '4': 0.00513470031073306, '15': 2.7965661130876256e-11, '20': 0.00513470031073306}
 Missing cell prob  {'19': 2.5799307625902316e-25, '4': 0.0036573385995353875, '15': 4.430953144244e-13, '20': 0.0036573385995353875}
 Missing cell prob  {'19': 3.989349342963483e-20, '4': 0.006224796831234031, '15': 7.541490168599753e-13, '20': 0.006224796831234031}
 Missing cell prob  {'19': 5.9755501778566746e-27, '4': 0.0008227538545684131, '15': 9.967859632416589e-14, '20': 0.0008227538545684131}
 Missing cell prob  {'19': 6.715771456138669e-22, '4': 0.0010177800417706761, '15': 5.543243038825817e-12, '20': 0.0010177800417706761}
 Missing cell prob  {'19': 5.91738711388999e-22, '4': 0.04031493887385222, '15': 9.870837393433545e-09, '20': 0.04031493887385222}
 Missing cell prob  {'19': 7.978698685926967e-22, '4': 0.005596714830962517, '15': 2.960588707868043e-10, '20': 0.005596714830962517}
 Missing cell prob  {'19': 1.0276942286585337e-21, '4': 0.0700164265273887, '15': 1.7143043755658352e-08, '20': 0.0700164265273887}
 Missing cell prob  {'19': 1.8110397667343e-23, '4': 0.055467936877725624, '15': 6.720073152218075e-12, '20': 0.055467936877725624}
 Missing cell prob  {'19': 8.141529271354045e-22, '4': 0.055467936877725624, '15': 3.021008885579636e-10, '20': 0.055467936877725624}
 Missing cell prob  {'19': 8.141529271354045e-22, '4': 0.05546793687772564, '15': 3.021008885579636e-10, '20': 0.05546793687772564}
 Missing cell prob  {'19': 3.019075058107139e-20, '4': 0.04575430177780074, '15': 2.491964908104147e-10, '20': 0.04575430177780074}
 Missing cell prob  {'19': 4.0648184287285264e-26, '4': 0.005596714830962517, '15': 1.508298033719951e-14, '20': 0.005596714830962517}
 Missing cell prob  {'19': 1.4347295977033874e-23, '4': 0.004524276868392492, '15': 5.481269581651746e-13, '20': 0.004524276868392492}
 Missing cell prob  {'19': 4.830520092971422e-27, '4': 0.000665098427386636, '15': 8.057826443619225e-14, '20': 0.000665098427386636}
 Missing cell prob  {'19': 3.285921213918494e-26, '4': 0.004524276868392494, '15': 1.2192791862199412e-14, '20': 0.004524276868392494}
 Missing cell prob  {'19': 2.3669548455559967e-25, '4': 0.03258982294194516, '15': 8.782860543595639e-14, '20': 0.03258982294194516}
 Missing cell prob  {'19': 4.256258203278792e-27, '4': 0.026344987467566205, '15': 7.099895920348882e-14, '20': 0.026344987467566205}
 Missing cell prob  {'19': 1.3162912054031793e-23, '4': 0.04031493887385222, '15': 4.884251219884128e-12, '20': 0.04031493887385222}
 Missing cell prob  {'19': 4.480659967013072e-25, '4': 0.061692733708959654, '15': 1.662600860655778e-13, '20': 0.061692733708959654}
 Missing cell prob  {'19': 1.847999761973776e-23, '4': 0.0012590353818155036, '15': 6.857217502263343e-12, '20': 0.0012590353818155036}
 Missing cell prob  {'19': 3.323073171981244e-25, '4': 0.04575430177780074, '15': 2.491964908104147e-10, '20': 0.04575430177780074}
 Missing cell prob  {'19': 9.055198833671501e-22, '4': 0.061692733708959654, '15': 3.3600365761090376e-10, '20': 0.061692733708959654}
 Missing cell prob  {'19': 1.0625102610014458e-29, '4': 0.0029565223395366796, '15': 7.96773994397956e-15, '20': 0.0029565223395366796}
 Missing cell prob  {'19': 2.0769207324882774e-18, '4': 0.0700164265273887, '15': 8.4826574523254e-12, '20': 0.0700164265273887}
 Missing cell prob  {'19': 9.055198833671501e-22, '4': 0.061692733708959654, '15': 7.474222169078052e-12, '20': 0.061692733708959654}
 Missing cell prob  {'19': 1.8095527051033972e-19, '4': 0.0006280820002715141, '15': 6.714555237523389e-08, '20': 0.0006280820002715141}
 Missing cell prob  {'19': 2.366954845555996e-25, '4': 0.03258982294194515, '15': 8.782860543595634e-14, '20': 0.03258982294194515}
 Missing cell prob  {'19': 1.661536585990622e-23, '4': 0.050889002088533794, '15': 2.7716215194129096e-10, '20': 0.050889002088533794}
 Missing cell prob  {'19': 1.628305854270809e-23, '4': 0.04987122204676311, '15': 2.7161890890246506e-10, '20': 0.04987122204676311}
 Missing cell prob  {'19': 3.5496379427992292e-25, '4': 0.005032006304518397, '15': 5.921177415736085e-12, '20': 0.005032006304518397}
 Missing cell prob  {'19': 3.290728013507948e-20, '4': 0.04987122204676311, '15': 6.042017771159273e-12, '20': 0.04987122204676311}
 Missing cell prob  {'19': 1.830012241968606e-18, '4': 0.061692733708959654, '15': 1.5105044427898178e-08, '20': 0.061692733708959654}
 Missing cell prob  {'19': 3.660024483937212e-20, '4': 0.055467936877725624, '15': 6.7200731522180766e-12, '20': 0.055467936877725624}
 Missing cell prob  {'19': 1.847999761973776e-23, '4': 0.0012590353818155036, '15': 1.525351463077154e-13, '20': 0.0012590353818155036}
 Missing cell prob  {'19': 1.4938875444641686e-23, '4': 0.0010177800417706761, '15': 5.54324303882582e-12, '20': 0.0010177800417706761}
 Missing cell prob  {'19': 3.622079533468601e-25, '4': 0.00011421867001964318, '15': 6.042017771159273e-12, '20': 0.00011421867001964318}
 Missing cell prob  {'19': 5.917387113889989e-22, '4': 0.04031493887385222, '15': 9.870837393433541e-09, '20': 0.04031493887385222}
 Missing cell prob  {'19': 9.055198833671501e-22, '4': 0.061692733708959654, '15': 1.5105044427898178e-08, '20': 0.061692733708959654}
 Missing cell prob  {'19': 2.2403299835065357e-23, '4': 0.0686160979968409, '15': 1.8491834730906218e-13, '20': 0.0686160979968409}
 Missing cell prob  {'19': 2.92801958714977e-25, '4': 0.04031493887385222, '15': 4.884251219884128e-12, '20': 0.04031493887385222}
 Missing cell prob  {'19': 1.661536585990622e-23, '4': 0.050889002088533794, '15': 6.165324256284972e-12, '20': 0.050889002088533794}
 Missing cell prob  {'19': 5.799039371612192e-22, '4': 0.00406777733237169, '15': 4.928209480863085e-13, '20': 0.00406777733237169}
 Missing cell prob  {'19': 2.6325824108063574e-25, '4': 0.036247161541480534, '15': 9.768502439768254e-14, '20': 0.036247161541480534}
 Missing cell prob  {'19': 2.6325824108063588e-25, '4': 0.03624716154148055, '15': 9.768502439768256e-14, '20': 0.03624716154148055}
 Missing cell prob  {'19': 1.0071403440853631e-21, '4': 0.0686160979968409, '15': 1.6800182880545187e-08, '20': 0.0686160979968409}
 Missing cell prob  {'19': 5.081023035910656e-21, '4': 0.007700327313848564, '15': 8.475692263235043e-08, '20': 0.007700327313848564}
 Missing cell prob  {'19': 8.141529271354045e-22, '4': 0.055467936877725624, '15': 3.021008885579636e-10, '20': 0.055467936877725624}
 Missing cell prob  {'19': 1.0162046071821312e-22, '4': 0.0069233642878812444, '15': 8.387821342008397e-13, '20': 0.0069233642878812444}
 Missing cell prob  {'19': 7.320048967874426e-22, '4': 0.04987122204676312, '15': 2.7161890890246517e-10, '20': 0.04987122204676312}
 Missing cell prob  {'19': 2.958693556944996e-20, '4': 0.044839215742244726, '15': 2.4421256099420643e-10, '20': 0.044839215742244726}
 Missing cell prob  {'19': 4.572102007156197e-25, '4': 0.001400328530547774, '15': 7.626757315385769e-12, '20': 0.001400328530547774}
 Missing cell prob  {'19': 2.9543717634341177e-26, '4': 0.004067777332371692, '15': 1.0962539163303492e-14, '20': 0.004067777332371692}
 Missing cell prob  {'19': 1.4640097935748847e-23, '4': 0.04483921574224471, '15': 2.442125609942063e-10, '20': 0.04483921574224471}
 Missing cell prob  {'19': 1.4938875444641686e-23, '4': 0.0010177800417706761, '15': 1.233064851256995e-13, '20': 0.0010177800417706761}
 Missing cell prob  {'19': 1.2899653812951157e-23, '4': 0.00406777733237169, '15': 2.215476572122e-11, '20': 0.00406777733237169}
 Missing cell prob  {'19': 4.5275994168357504e-20, '4': 0.0686160979968409, '15': 1.6800182880545187e-08, '20': 0.0686160979968409}
 Missing cell prob  {'19': 1.3856897366889103e-21, '4': 0.09440652767436361, '15': 1.1437576512303786e-11, '20': 0.09440652767436361}
 Missing cell prob  {'19': 1.661536585990622e-23, '4': 0.050889002088533794, '15': 6.1653242562849735e-12, '20': 0.050889002088533794}
 Missing cell prob  {'19': 1.1201649917532678e-21, '4': 0.07631642531068947, '15': 4.1565021516394454e-10, '20': 0.07631642531068947}
 Missing cell prob  {'19': 1.3162912054031788e-23, '4': 0.04031493887385222, '15': 2.1957151358989091e-10, '20': 0.04031493887385222}
 Missing cell prob  {'19': 2.218523714249518e-18, '4': 0.007700327313848566, '15': 4.0733721086066565e-10, '20': 0.007700327313848566}
 Missing cell prob  {'19': 2.6584585375849954e-30, '4': 0.0007397379906424602, '15': 1.9935719264833175e-15, '20': 0.0007397379906424602}
 Missing cell prob  {'19': 2.8694591954067754e-25, '4': 0.004067777332371692, '15': 4.786566195486445e-12, '20': 0.004067777332371692}
 Missing cell prob  {'19': 2.92801958714977e-25, '4': 0.040314938873852235, '15': 4.884251219884128e-12, '20': 0.040314938873852235}
 Missing cell prob  {'19': 1.6283058542708093e-23, '4': 0.04987122204676311, '15': 6.042017771159273e-12, '20': 0.04987122204676311}
 Missing cell prob  {'19': 2.958693556944996e-20, '4': 0.044839215742244726, '15': 2.4421256099420643e-10, '20': 0.044839215742244726}
 Missing cell prob  {'19': 3.0146650647286917e-26, '4': 0.004150793196297641, '15': 5.028785184554167e-13, '20': 0.004150793196297641}
 Missing cell prob  {'19': 1.0162046071821316e-22, '4': 0.006923364287881249, '15': 8.387821342008401e-13, '20': 0.006923364287881249}
 Missing cell prob  {'19': 2.4917472845139988e-23, '4': 0.07631642531068947, '15': 9.245917365453108e-12, '20': 0.07631642531068947}
 Missing cell prob  {'19': 2.92801958714977e-25, '4': 0.04031493887385222, '15': 4.884251219884128e-12, '20': 0.04031493887385222}
 Missing cell prob  {'19': 3.622079533468601e-25, '4': 0.04987122204676311, '15': 1.3440146304436156e-13, '20': 0.04987122204676311}
 Missing cell prob  {'19': 1.5095375290535695e-18, '4': 0.0011319987117903193, '15': 1.2459824540520733e-08, '20': 0.0011319987117903193}
 Missing cell prob  {'19': 3.1101344551642985e-24, '4': 0.00952561864234329, '15': 1.154051470091452e-12, '20': 0.00952561864234329}
 Missing cell prob  {'19': 3.256611708541619e-25, '4': 0.04483921574224471, '15': 5.4323781780493025e-12, '20': 0.04483921574224471}
 Missing cell prob  {'19': 1.3162912054031793e-23, '4': 0.040314938873852235, '15': 2.19571513589891e-10, '20': 0.040314938873852235}
 Missing cell prob  {'19': 8.141529271354045e-22, '4': 0.055467936877725624, '15': 6.105314024855157e-07, '20': 0.055467936877725624}
 Missing cell prob  {'19': 3.695999523947552e-25, '4': 0.050889002088533794, '15': 6.165324256284972e-12, '20': 0.050889002088533794}
 Missing cell prob  {'19': 3.256611708541619e-25, '4': 0.04483921574224471, '15': 5.4323781780493025e-12, '20': 0.04483921574224471}
 Missing cell prob  {'19': 8.307682929953111e-22, '4': 0.0012590353818155036, '15': 6.8572175022633446e-12, '20': 0.0012590353818155036}
 Missing cell prob  {'19': 1.0071403440853633e-21, '4': 0.00015714953701731775, '15': 8.559001369396331e-13, '20': 0.00015714953701731775}
 Missing cell prob  {'19': 1.827339124634909e-24, '4': 0.005596714830962517, '15': 3.048197965549853e-11, '20': 0.005596714830962517}
 Missing cell prob  {'19': 2.4917472845139988e-23, '4': 0.07631642531068947, '15': 9.245917365453108e-12, '20': 0.07631642531068947}
 Missing cell prob  {'19': 1.5726494484154338e-21, '4': 0.10714402347286474, '15': 1.298075457805173e-11, '20': 0.10714402347286474}
 Missing cell prob  {'19': 5.917387113889992e-22, '4': 0.040314938873852235, '15': 9.870837393433548e-09, '20': 0.040314938873852235}
 Missing cell prob  {'19': 7.385929408585293e-23, '4': 0.005032006304518396, '15': 2.740634790825873e-11, '20': 0.005032006304518396}
 Missing cell prob  {'19': 3.2566117085416197e-25, '4': 0.00010269400621466121, '15': 5.4323781780493025e-12, '20': 0.00010269400621466121}
 Missing cell prob  {'19': 9.055198833671501e-22, '4': 0.061692733708959654, '15': 1.5105044427898178e-08, '20': 0.061692733708959654}
 Missing cell prob  {'19': 2.195523383836405e-23, '4': 0.006923364287881247, '15': 1.8658261243484377e-14, '20': 0.006923364287881247}
 Missing cell prob  {'19': 1.6429606069592468e-24, '4': 1.1524663804982e-05, '15': 1.3962405703843532e-15, '20': 1.1524663804982e-05}
 Missing cell prob  {'19': 1.6453640067539744e-18, '4': 0.05546793687772564, '15': 1.3580945445123255e-08, '20': 0.05546793687772564}
 Missing cell prob  {'19': 1.4938875444641686e-23, '4': 0.04575430177780074, '15': 5.54324303882582e-12, '20': 0.04575430177780074}
 Missing cell prob  {'19': 1.5073325323643457e-24, '4': 0.0046166090493800944, '15': 5.593132226175252e-13, '20': 0.0046166090493800944}
 Missing cell prob  {'19': 3.3230731719812438e-25, '4': 0.04575430177780074, '15': 5.543243038825817e-12, '20': 0.04575430177780074}
 Missing cell prob  {'19': 3.622079533468601e-25, '4': 0.04987122204676311, '15': 2.7161890890246506e-10, '20': 0.04987122204676311}
 Missing cell prob  {'19': 2.92801958714977e-25, '4': 0.04031493887385222, '15': 4.884251219884128e-12, '20': 0.04031493887385222}
 Missing cell prob  {'19': 1.434729597703387e-23, '4': 0.004524276868392491, '15': 5.481269581651746e-13, '20': 0.004524276868392491}
 Missing cell prob  {'19': 2.6325824108063574e-25, '4': 0.036247161541480534, '15': 9.768502439768254e-14, '20': 0.036247161541480534}
 Missing cell prob  {'19': 3.3529808305290747e-26, '4': 0.004616609049380093, '15': 2.514392592277083e-11, '20': 0.004616609049380093}
 Missing cell prob  {'19': 7.536662661821729e-23, '4': 0.00513470031073306, '15': 6.220812174591538e-13, '20': 0.00513470031073306}
 Missing cell prob  {'19': 2.2403299835065357e-23, '4': 0.0686160979968409, '15': 1.8491834730906218e-13, '20': 0.0686160979968409}
 Missing cell prob  {'19': 2.8694591954067754e-25, '4': 0.004067777332371688, '15': 4.786566195486445e-12, '20': 0.004067777332371688}
 Timepoint  2
SortedDict({2: {'17': ['0', '1', '2', '3', '5', '6', '7', '8', '9', '10', '11', '12', '13', '25', '26', '27', '33', '43', '62', '69', '70', '71', '73', '74', '82', '84'], '11': ['14', '15', '16', '17', '18', '19', '20', '21', '22', '23', '24', '28', '29', '30', '31', '32', '34', '35', '36', '37', '38', '39', '40', '41', '42', '45', '46', '47', '48', '49', '50', '51', '53', '54', '55', '56', '57', '58', '59', '60', '61', '63', '64', '65', '66', '67', '68', '72', '75', '76', '77', '78', '79', '80', '81', '83', '85', '86', '87', '88', '89', '90', '91', '92', '93', '94', '95'], '4': ['4', '44', '52', '96', '97', '98', '99', '100']}, 3: {'15': ['100', '102'], '19': ['103', '104', '105', '106', '107'], '20': ['101', '203', '305', '336'], '4': ['108', '109', '110', '112', '113', '114', '117', '119', '120', '122', '123', '124', '125', '126', '127', '130', '131', '132', '134', '135', '136', '137', '138', '140', '143', '144', '145', '146', '147', '148', '149', '150', '152', '153', '155', '156', '157', '158', '159', '160', '162', '163', '164', '165', '166', '167', '168', '169', '171', '172', '173', '174', '175', '176', '177', '178', '179', '180', '181', '183', '184', '185', '187', '189', '190', '191', '192', '193', '194', '195', '196', '197', '198', '199', '200', '201', '202', '204', '205', '206', '207', '208', '209', '212', '213', '216', '217', '218', '219', '221', '223', '224', '225', '226', '228', '229', '230', '231', '232', '234', '235', '236', '237', '238', '239', '240', '241', '244', '245', '247', '248', '249', '250', '252', '253', '254', '256', '257', '258', '259', '260', '262', '263', '264', '265', '266', '267', '268', '269', '270', '271', '272', '273', '274', '275', '276', '277', '279', '281', '282', '283', '284', '285', '286', '287', '289', '290', '291', '292', '293', '294', '295', '296', '297', '298', '299', '300', '301', '306', '307', '309', '310', '311', '312', '313', '314', '315', '316', '317', '318', '320', '321', '322', '323', '324', '325', '327', '328', '330', '331', '332', '333', '334', '335', '337', '338', '340', '341', '342', '343', '345', '346', '347', '348', '350', '351', '352', '353', '355', '357', '359', '360', '361', '362', '363', '365', '366', '369', '370', '373', '374', '375', '376', '377', '380', '381', '382', '383', '384', '385', '386', '388', '389', '390', '391', '392', '394', '395', '396', '397', '398', '399', '400', '402', '403', '404', '405', '407', '408', '410', '411', '413', '414', '415', '416', '417', '418', '420', '421', '423', '425', '426', '428', '430', '432', '433', '435', '436', '437', '440', '442', '443', '444', '445', '446', '447', '448', '449', '450', '451', '452', '453', '455', '456', '457', '458', '461', '462', '465', '466', '467', '468', '470', '472', '474', '475', '476', '477', '479', '481', '482', '483', '484', '485', '487', '488', '490', '491', '492', '493', '494', '495', '496', '497', '498', '499', '502', '503', '505', '506', '507', '508', '509', '510', '511', '512', '514', '515', '517', '518', '519', '520', '521', '522', '523', '524', '525', '526', '527', '528', '530', '531', '532', '533', '534', '535', '536', '537', '538', '539', '542', '543', '545', '546', '547', '548', '550', '551', '552', '553', '554', '555', '556', '557', '558', '559', '561', '562', '565', '566', '567', '568', '569', '570', '571', '573', '574', '575', '576', '577', '578', '579', '581', '582', '583', '585', '588', '589', '590', '592', '594', '595', '596', '597', '598', '513', '516', '529', '540', '541', '544', '549', '560', '563', '564', '572', '580', '584', '586', '587', '591', '593', '599', '111', '115', '116', '118', '121', '128', '129', '133', '139', '141', '142', '151', '154', '161', '170', '182', '186', '188', '210', '211', '214', '215', '220', '222', '227', '233', '242', '243', '246', '251', '255', '261', '278', '280', '288', '302', '303', '304', '308', '319', '326', '329', '339', '344', '349', '354', '356', '358', '364', '367', '368', '371', '372', '378', '379', '387', '393', '401', '406', '409', '412', '419', '422', '424', '427', '429', '431', '434', '438', '439', '441', '454', '459', '460', '463', '464', '469', '471', '473', '478', '480', '486', '489', '500', '501', '504']}})
 Cluster1  17
 Cluster to drop  11
 Timepoint  3
 After reassigning and merging cells 
 Timepoint  2
 Cluster  17  # of cells  93
 Cluster  4  # of cells  8
 Timepoint  3
 Cluster  15  # of cells  2
 Cluster  19  # of cells  5
 Cluster  20  # of cells  4
 Cluster  4  # of cells  489
 Tp cluster cell dict  {'17_2': 93, '4_2': 8, '15_3': 2, '19_3': 5, '20_3': 4, '4_3': 489}
 New Graph is here 
 ID  0  Timepoint  1  Mutations  []  Type  subclone
 ID  1  Timepoint  2  Mutations  [0, 1, 2, 3, 4, 5, 6, 7, 8, 9, 10, 11, 12, 14, 15, 16, 17]  Type  subclone
 ID  2  Timepoint  2  Mutations  [13]  Type  subclone
 ID  3  Timepoint  3  Mutations  [13, 18, 19, 20, 21, 22, 23, 24]  Type  subclone
 ID  4  Timepoint  3  Mutations  [13, 18, 19, 20, 21, 22, 23, 24, 28, 29, 30, 31, 32, 33, 34, 35, 36]  Type  subclone
 ID  5  Timepoint  3  Mutations  [10, 13]  Type  subclone
 ID  6  Timepoint  3  Mutations  [13]  Type  subclone
Timepoints  SortedDict({1: [0], 2: [1, 2], 3: [3, 4, 5, 6]})
 Clone to nodes  {'17_2': 1, '4_2': 2, '15_3': 3, '19_3': 4, '20_3': 5, '4_3': 6}
 Timepoint ====  1
 Hash table  {'0': [0, 1, 2, 3, 4, 5, 6, 7, 8, 9, 10, 11, 12, 14, 15, 16, 17], '1': [13]}
 Final possible usc  [[0, 1, 2, 3, 4, 5, 6, 7, 8, 9, 10, 11, 12, 14, 15, 16, 17], [13]]
 Time  1  USC keys  {'0,1,2,3,4,5,6,7,8,9,10,11,12,14,15,16,17_0', '13_0'}
 USC children  {'0,1,2,3,4,5,6,7,8,9,10,11,12,14,15,16,17_0': [1], '13_0': [2]}
 USC children  {'0,1,2,3,4,5,6,7,8,9,10,11,12,14,15,16,17_0': [1], '13_0': [2]}
 Timepoint ====  2
 Hash table  {'0,1,2': [13], '0,1': [18, 19, 20, 21, 22, 23, 24], '1': [28, 29, 30, 31, 32, 33, 34, 35, 36], '2': [10]}
====== Inside find superset of t nodes ==========
 Final possible usc  []
 Time  2  USC keys  set()
 USC children  {'0,1,2,3,4,5,6,7,8,9,10,11,12,14,15,16,17_0': [1], '13_0': [2]}
 USC children  {'0,1,2,3,4,5,6,7,8,9,10,11,12,14,15,16,17_0': [1], '13_0': [2]}
 Node s  {'1': ['0', '1', '2', '3', '4', '5', '6', '7', '8', '9', '10', '11', '12', '14', '15', '16', '17'], '2': ['13']}
 Enroll USC nodes  ['1']  len  1
 Enroll USC nodes  ['2']  len  1
 Node TP  SortedDict({1: [0], 2: [1, 2], 3: [3, 4, 5, 6]})
 Unobserved subclones at timepoints  {}
 ============== Inside finding node v ============ 
 Time  2
 largest_v_mut  [[]]
 largest_v_mut  [[]]
 Time  3
 largest_v_mut  [[13]]
 largest_v_mut  [[13]]
 largest_v_mut  [[13]]
 Sorted all timepoints  [1, 2, 3]
 Timepoint  2
 Timepoint  3
0   1   [-1]   subclone   []   []
1   2   [0]   subclone   [0, 1, 2, 3, 4, 5, 6, 7, 8, 9, 10, 11, 12, 14, 15, 16, 17]   [17]
2   2   [0]   subclone   [13]   [1]
3   3   [2]   subclone   [13, 18, 19, 20, 21, 22, 23, 24]   [7]
4   3   [2]   subclone   [13, 18, 19, 20, 21, 22, 23, 24, 28, 29, 30, 31, 32, 33, 34, 35, 36]   [16]
5   3   [2]   subclone   [10, 13]   [1]
6   3   [2]   subclone   [13]   [0]
14
 Total estimated FP  155  True negatives  15852
 Total estimated FN  352  True positives  1401
 Estimated FP rate  0.09961
 Estimated FN rate  0.02
 No. of Cells in each cluster  {'3_2': 87, '9_2': 9, '11_3': 3, '7_3': 5, '13_3': 1, '5_3': 6, '2_3': 485, '2_2': 4}
 Cells in each cluster  {'3_2': [0, 2, 3, 5, 8, 11, 14, 15, 16, 17, 18, 19, 20, 21, 22, 23, 24, 25, 26, 27, 28, 29, 30, 31, 32, 33, 34, 35, 36, 37, 38, 39, 40, 41, 42, 43, 44, 45, 46, 47, 48, 49, 50, 51, 52, 53, 54, 55, 56, 57, 58, 59, 60, 61, 62, 63, 64, 65, 66, 67, 68, 69, 71, 72, 73, 74, 75, 76, 77, 78, 79, 80, 81, 82, 83, 84, 85, 86, 87, 88, 89, 90, 91, 92, 93, 94, 95], '9_2': [1, 4, 6, 7, 9, 10, 12, 13, 70], '11_3': [100, 101, 102], '7_3': [103, 104, 105, 106, 107], '13_3': [191], '5_3': [348, 405, 472, 476, 507, 545], '2_3': [122, 174, 221, 234, 291, 350, 426, 427, 457, 460, 119, 127, 353, 512, 520, 571, 109, 155, 185, 249, 439, 489, 113, 120, 133, 177, 203, 229, 240, 255, 295, 305, 336, 370, 401, 437, 441, 458, 483, 498, 500, 510, 521, 536, 563, 587, 592, 598, 165, 271, 290, 297, 343, 381, 408, 487, 505, 514, 529, 142, 184, 201, 235, 278, 303, 440, 469, 108, 110, 111, 112, 114, 115, 116, 117, 118, 121, 123, 124, 125, 126, 128, 129, 130, 131, 132, 134, 135, 136, 137, 138, 139, 140, 141, 143, 144, 145, 146, 147, 148, 149, 150, 151, 152, 153, 154, 156, 157, 158, 159, 160, 161, 162, 163, 164, 166, 167, 168, 169, 170, 171, 172, 173, 175, 176, 178, 179, 180, 181, 182, 183, 186, 187, 188, 189, 190, 192, 193, 194, 195, 196, 197, 198, 199, 200, 202, 204, 205, 206, 207, 208, 209, 210, 211, 212, 213, 214, 215, 216, 217, 218, 219, 220, 222, 223, 224, 225, 226, 227, 228, 231, 232, 233, 236, 237, 238, 239, 241, 242, 243, 244, 245, 246, 247, 250, 251, 252, 253, 254, 256, 257, 258, 259, 260, 261, 262, 264, 265, 266, 267, 268, 269, 270, 272, 273, 274, 275, 276, 277, 279, 280, 281, 282, 283, 284, 285, 287, 288, 289, 292, 293, 294, 296, 298, 299, 300, 301, 302, 304, 306, 307, 308, 309, 310, 311, 313, 314, 315, 316, 317, 318, 320, 321, 322, 323, 324, 325, 326, 327, 328, 329, 330, 331, 332, 333, 334, 335, 337, 338, 339, 340, 341, 342, 344, 345, 346, 347, 349, 351, 352, 354, 355, 356, 357, 358, 359, 360, 361, 362, 363, 364, 365, 366, 367, 368, 369, 372, 373, 374, 375, 376, 377, 378, 379, 380, 382, 383, 384, 385, 386, 387, 388, 389, 390, 391, 392, 393, 394, 395, 396, 397, 398, 399, 400, 402, 403, 404, 406, 407, 409, 410, 411, 412, 413, 414, 415, 416, 417, 418, 419, 420, 421, 422, 423, 424, 425, 428, 429, 430, 431, 432, 433, 434, 435, 436, 438, 442, 443, 444, 445, 446, 447, 448, 449, 450, 451, 452, 453, 454, 455, 456, 459, 461, 462, 463, 464, 465, 466, 467, 468, 470, 471, 473, 474, 475, 478, 479, 480, 481, 482, 484, 485, 486, 488, 490, 491, 493, 494, 495, 496, 497, 499, 501, 502, 503, 504, 506, 508, 509, 511, 513, 515, 516, 518, 519, 522, 523, 524, 525, 526, 527, 528, 530, 531, 532, 533, 534, 535, 537, 538, 539, 540, 541, 542, 543, 544, 546, 547, 548, 549, 550, 551, 552, 553, 554, 555, 556, 557, 558, 559, 560, 561, 562, 564, 565, 566, 567, 568, 569, 572, 573, 574, 575, 576, 577, 578, 579, 580, 581, 582, 583, 584, 585, 586, 588, 589, 590, 591, 593, 594, 595, 596, 597, 599, 230, 248, 263, 286, 312, 319, 371, 477, 492, 517, 570], '2_2': [96, 97, 98, 99]}
FP rate  0.09961 FN rate  0.02
 Before reassigning cells 
 Timepoint  2
 Cluster  3  # of cells  65
 Cluster  9  # of cells  28
 Cluster  2  # of cells  8
 Timepoint  3
 Cluster  11  # of cells  2
 Cluster  7  # of cells  5
 Cluster  13  # of cells  6
 Cluster  5  # of cells  3
 Cluster  2  # of cells  428
 Cells absent at timepoint  2   set()
 Cells absent at timepoint  3   {262, 519, 396, 141, 272, 275, 148, 276, 410, 411, 412, 542, 416, 544, 293, 167, 423, 169, 424, 427, 302, 177, 178, 307, 433, 437, 310, 561, 565, 568, 189, 573, 578, 323, 453, 330, 203, 205, 589, 207, 341, 349, 351, 233, 362, 489, 493, 378, 505, 247, 248, 377, 122, 379, 510, 511}
 Missing cell prob  {'11': 9.289162139586878e-14, '5': 0.000773357937146537, '13': 1.717828801178461e-05, '2': 0.000773357937146537, '7': 5.5051759650498615e-27}
 Missing cell prob  {'11': 2.2916337684622445e-15, '5': 4.237878971281099e-07, '13': 0.0008589144005892302, '2': 0.0008589144005892302, '7': 1.3581254103716248e-28}
 Missing cell prob  {'11': 3.105657643951423e-11, '5': 2.8337111622180116e-06, '13': 0.0057432393440998335, '2': 0.0057432393440998335, '7': 3.730349947807646e-21}
 Missing cell prob  {'11': 7.691646365277711e-12, '5': 0.06403586972566697, '13': 3.211432826067901e-06, '2': 0.06403586972566697, '7': 9.238794454099004e-22}
 Missing cell prob  {'11': 7.764144109878556e-08, '5': 0.007084277905545028, '13': 1.5994541190231185e-05, '2': 0.007084277905545028, '7': 2.038036943938919e-18}
 Missing cell prob  {'11': 2.8645422105778074e-10, '5': 0.05297348714101374, '13': 2.6137089683945705e-05, '2': 0.05297348714101374, '7': 1.6976567629645313e-23}
 Missing cell prob  {'11': 6.235634261522783e-12, '5': 0.05191401739819345, '13': 2.6035155034178313e-06, '2': 0.05191401739819345, '7': 1.6637036277052404e-23}
 Missing cell prob  {'11': 7.691646365277714e-12, '5': 0.06403586972566697, '13': 3.211432826067901e-06, '2': 0.06403586972566697, '7': 2.0521761579091293e-23}
 Missing cell prob  {'11': 6.362892103594679e-12, '5': 0.05297348714101374, '13': 2.6137089683945705e-05, '2': 0.05297348714101374, '7': 1.697656762964532e-23}
 Missing cell prob  {'11': 3.1394474960317194e-15, '5': 5.805726337241796e-07, '13': 0.001176678709026394, '2': 0.0011766787090263936, '7': 1.6976567629645313e-23}
 Missing cell prob  {'11': 6.319052644406267e-07, '5': 0.05765725674229328, '13': 0.00013017577517089165, '2': 0.05765725674229328, '7': 8.318518138526199e-22}
 Missing cell prob  {'11': 6.3628921035946775e-12, '5': 5.805726337241796e-07, '13': 0.0011766787090263936, '2': 0.0011766787090263936, '7': 7.642765864028171e-22}
 Missing cell prob  {'11': 1.9362521043637672e-13, '5': 3.580677763222257e-05, '13': 0.0016120032256138443, '2': 0.0016120032256138443, '7': 1.1475102261154724e-26}
 Missing cell prob  {'11': 1.0316820643928607e-13, '5': 4.237878971281099e-07, '13': 0.0008589144005892304, '2': 0.0008589144005892302, '7': 6.1142126912225374e-27}
 Missing cell prob  {'11': 3.1814460517973393e-10, '5': 0.058833935451319694, '13': 2.902863168620899e-05, '2': 0.058833935451319694, '7': 8.488283814822653e-22}
 Missing cell prob  {'11': 4.644581069793437e-12, '5': 1.907871923475895e-05, '13': 0.0008589144005892302, '2': 0.0008589144005892302, '7': 2.7525879825249293e-25}
 Missing cell prob  {'11': 5.158410321964301e-12, '5': 4.706714836105575e-07, '13': 0.0009539359617379474, '2': 0.0009539359617379471, '7': 6.790627051858124e-27}
 Missing cell prob  {'11': 1.272578420718936e-13, '5': 0.0010594697428202746, '13': 0.0010594697428202749, '2': 0.0010594697428202746, '7': 3.3953135259290626e-25}
 Missing cell prob  {'11': 7.066817827379999e-12, '5': 0.0013068544841972852, '13': 2.902863168620898e-05, '2': 0.0013068544841972852, '7': 8.488283814822653e-22}
 Missing cell prob  {'11': 8.682914211611626e-13, '5': 7.922596030488323e-08, '13': 0.00016057164130339505, '2': 0.00016057164130339505, '7': 1.0260880789545647e-21}
 Missing cell prob  {'11': 7.8486187400793e-12, '5': 7.161355526444515e-07, '13': 0.0014514315843104494, '2': 0.0014514315843104494, '7': 4.651445049342858e-25}
 Missing cell prob  {'11': 2.5352307297562644e-16, '5': 2.1106756216465516e-06, '13': 9.502156114871695e-05, '2': 9.502156114871695e-05, '7': 1.5024919437923302e-29}
 Missing cell prob  {'11': 1.9621546850198243e-08, '5': 3.976807564746674e-05, '13': 0.08060016128069221, '2': 0.08060016128069221, '7': 2.356835319923215e-18}
 Missing cell prob  {'11': 1.8578324279173753e-15, '5': 3.435657602356921e-07, '13': 0.0006963237530273705, '2': 0.0006963237530273705, '7': 2.445685076489015e-30}
 Missing cell prob  {'11': 5.158410321964301e-12, '5': 4.7067148361055744e-07, '13': 0.0009539359617379474, '2': 0.0009539359617379471, '7': 6.790627051858124e-27}
 Missing cell prob  {'11': 2.2303278297148084e-10, '5': 0.004192266708691969, '13': 2.1024439867221294e-07, '2': 0.004192266708691969, '7': 1.3217927492084711e-23}
 Missing cell prob  {'11': 5.0552421155250175e-12, '5': 2.110675621646551e-06, '13': 0.004277823172134661, '2': 0.004277823172134661, '7': 2.995964218699044e-25}
 Missing cell prob  {'11': 3.4867640644961837e-15, '5': 6.448012902455376e-07, '13': 0.0013068544841972857, '2': 0.0013068544841972852, '7': 1.885468255938572e-23}
 Missing cell prob  {'11': 7.066817827379998e-12, '5': 0.058833935451319694, '13': 0.0013068544841972857, '2': 0.058833935451319694, '7': 1.8854682559385718e-23}
 Missing cell prob  {'11': 1.922911591319428e-08, '5': 0.07898815805507835, '13': 3.961298015244162e-06, '2': 0.07898815805507835, '7': 2.3096986135247507e-18}
 Missing cell prob  {'11': 5.055242115525014e-12, '5': 0.04208680562887227, '13': 2.1106756216465508e-06, '2': 0.04208680562887227, '7': 2.9959642186990434e-25}
 Missing cell prob  {'11': 7.530743737768923e-14, '5': 3.093431748586148e-07, '13': 0.0006269629439883142, '2': 0.0006269629439883142, '7': 9.91361077434249e-29}
 Missing cell prob  {'11': 3.9243093700396486e-10, '5': 0.0016120032256138443, '13': 0.07257157921552246, '2': 0.07257157921552246, '7': 4.71367063984643e-20}
 Missing cell prob  {'11': 1.56972374801586e-13, '5': 0.0013068544841972857, '13': 0.0013068544841972857, '2': 0.0013068544841972857, '7': 4.188114607977815e-25}
 Missing cell prob  {'11': 4.840630260909417e-10, '5': 4.4167611421125e-05, '13': 0.001988403782373337, '2': 0.001988403782373337, '7': 1.291508415615138e-21}
 Missing cell prob  {'11': 1.4036256831831247e-08, '5': 0.05765725674229328, '13': 2.8915420022632763e-06, '2': 0.05765725674229328, '7': 3.7449552733738025e-20}
 Missing cell prob  {'11': 3.9090045634964936e-11, '5': 3.566713119945691e-06, '13': 0.00016057164130339508, '2': 0.00016057164130339508, '7': 1.0429452402516754e-22}
 Missing cell prob  {'11': 7.018128415915623e-07, '5': 0.06403586972566697, '13': 3.2114328260678996e-06, '2': 0.06403586972566697, '7': 1.8724776366869013e-18}
 Missing cell prob  {'11': 3.1178171307613917e-10, '5': 0.05765725674229328, '13': 2.891542002263277e-06, '2': 0.05765725674229328, '7': 8.318518138526201e-22}
 Missing cell prob  {'11': 3.1814460517973393e-10, '5': 6.448012902455377e-07, '13': 0.0013068544841972857, '2': 0.0013068544841972852, '7': 3.821382932014085e-20}
 Missing cell prob  {'11': 1.5589085653806956e-08, '5': 0.06403586972566697, '13': 0.0001445771001131639, '2': 0.06403586972566697, '7': 4.159259069263099e-20}
 Missing cell prob  {'11': 2.275844724198784e-10, '5': 0.04208680562887227, '13': 9.502156114871695e-05, '2': 0.04208680562887227, '7': 1.3487681114372153e-23}
 Missing cell prob  {'11': 6.925481470832398e-12, '5': 0.05765725674229328, '13': 2.891542002263277e-06, '2': 0.05765725674229328, '7': 8.318518138526201e-22}
 Missing cell prob  {'11': 6.3628921035946775e-12, '5': 2.6137089683945712e-05, '13': 0.05297348714101374, '2': 0.05297348714101374, '7': 1.6976567629645307e-23}
 Missing cell prob  {'11': 3.4627407354162e-10, '5': 0.06403586972566697, '13': 3.211432826067901e-06, '2': 0.06403586972566697, '7': 9.238794454099006e-22}
 Missing cell prob  {'11': 2.569146260854321e-11, '5': 2.3441793241223818e-06, '13': 0.004751078057435845, '2': 0.004751078057435845, '7': 3.382071803177939e-26}
 Missing cell prob  {'11': 1.0316820643928607e-13, '5': 4.237878971281099e-07, '13': 0.0008589144005892304, '2': 0.0008589144005892302, '7': 6.1142126912225374e-27}
 Missing cell prob  {'11': 9.48763531138246e-12, '5': 0.07898815805507835, '13': 0.0001783356559972846, '2': 0.07898815805507835, '7': 2.531356494605671e-23}
 Missing cell prob  {'11': 1.7529510336563984e-10, '5': 3.5528029387779035e-07, '13': 1.5994541190231182e-05, '2': 1.5994541190231182e-05, '7': 2.1055510769659665e-20}
 Missing cell prob  {'11': 2.0633641287857207e-15, '5': 1.717828801178461e-05, '13': 0.0007733579371465371, '2': 0.000773357937146537, '7': 1.2228425382445075e-28}
 Missing cell prob  {'11': 2.7963030860374214e-11, '5': 0.00517115527303405, '13': 2.593361792954503e-07, '2': 0.00517115527303405, '7': 7.340112335812653e-22}
 Missing cell prob  {'11': 2.2916337684622445e-15, '5': 1.907871923475894e-05, '13': 0.0008589144005892304, '2': 0.0008589144005892302, '7': 1.3581254103716248e-28}
 Missing cell prob  {'11': 1.7246180232740384e-09, '5': 0.0070842779055450295, '13': 1.5994541190231185e-05, '2': 0.0070842779055450295, '7': 2.0715189794464874e-19}
 Missing cell prob  {'11': 5.055242115525014e-12, '5': 0.04208680562887227, '13': 2.1106756216465516e-06, '2': 0.04208680562887227, '7': 2.9959642186990434e-25}
 Missing cell prob  {'11': 2.853370495956554e-11, '5': 2.6035155034178326e-06, '13': 0.005276689054116379, '2': 0.005276689054116379, '7': 1.6637036277052406e-23}
 Missing cell prob  {'11': 2.0491478312213432e-10, '5': 0.037894538920180305, '13': 1.9004312229743382e-06, '2': 0.037894538920180305, '7': 5.467246053130015e-22}
 Timepoint  2
SortedDict({2: {'3': ['14', '15', '17', '19', '20', '21', '22', '23', '24', '27', '28', '29', '30', '31', '32', '33', '34', '35', '36', '37', '38', '39', '40', '41', '42', '45', '46', '47', '48', '49', '50', '53', '54', '55', '56', '57', '58', '59', '60', '61', '63', '64', '66', '67', '72', '73', '75', '76', '77', '78', '79', '81', '82', '83', '85', '86', '87', '88', '89', '90', '91', '92', '93', '94', '95'], '9': ['0', '1', '2', '3', '4', '5', '6', '8', '9', '10', '11', '12', '13', '16', '18', '25', '26', '43', '51', '62', '65', '68', '69', '70', '71', '74', '80', '84'], '2': ['7', '44', '52', '96', '97', '98', '99', '100']}, 3: {'11': ['100', '102'], '7': ['103', '104', '105', '106', '107'], '13': ['191', '226', '236', '328', '384', '569', '519', '396', '411', '542', '416', '544', '167', '423', '169', '427', '302', '177', '178', '307', '433', '310', '561', '573', '578', '453', '203', '207', '233', '489', '493', '505', '247', '377', '510'], '5': ['101', '476', '545', '262', '141', '272', '275', '148', '276', '410', '412', '293', '424', '437', '565', '568', '189', '323', '330', '205', '589', '341', '349', '351', '362', '378', '248', '122', '379', '511'], '2': ['108', '109', '110', '111', '112', '113', '114', '115', '116', '117', '118', '119', '120', '121', '123', '124', '125', '126', '127', '128', '129', '130', '131', '132', '133', '134', '135', '136', '137', '138', '139', '140', '142', '143', '144', '145', '146', '147', '149', '150', '151', '152', '153', '154', '155', '156', '157', '158', '159', '160', '161', '162', '163', '164', '165', '166', '168', '170', '171', '172', '173', '174', '175', '176', '179', '180', '181', '182', '183', '184', '185', '186', '187', '188', '190', '192', '193', '194', '195', '196', '197', '198', '199', '200', '201', '202', '204', '206', '208', '209', '210', '211', '212', '213', '214', '215', '216', '217', '218', '219', '220', '221', '222', '223', '224', '225', '227', '228', '229', '230', '231', '232', '234', '235', '237', '238', '239', '240', '241', '242', '243', '244', '245', '246', '249', '250', '251', '252', '253', '254', '255', '256', '257', '258', '259', '260', '261', '263', '264', '265', '266', '267', '268', '269', '270', '271', '273', '274', '277', '278', '279', '280', '281', '282', '283', '284', '285', '286', '287', '288', '289', '290', '291', '292', '294', '295', '296', '297', '298', '299', '300', '301', '303', '304', '305', '306', '308', '309', '311', '312', '313', '314', '315', '316', '317', '318', '319', '320', '321', '322', '324', '325', '326', '327', '329', '331', '332', '333', '334', '335', '336', '337', '338', '339', '340', '342', '343', '344', '345', '346', '347', '348', '350', '352', '353', '354', '355', '356', '357', '358', '359', '360', '361', '363', '364', '365', '366', '367', '368', '369', '370', '371', '372', '373', '374', '375', '376', '380', '381', '382', '383', '385', '386', '387', '388', '389', '390', '391', '392', '393', '394', '395', '397', '398', '399', '400', '401', '402', '403', '404', '405', '406', '407', '408', '409', '413', '414', '415', '417', '418', '419', '420', '421', '422', '425', '426', '428', '429', '430', '431', '432', '434', '435', '436', '438', '439', '440', '441', '442', '443', '444', '445', '446', '447', '448', '449', '450', '451', '452', '454', '455', '456', '457', '458', '459', '460', '461', '462', '463', '464', '465', '466', '467', '468', '469', '470', '471', '472', '473', '474', '475', '477', '478', '479', '480', '481', '482', '483', '484', '485', '486', '487', '488', '490', '491', '492', '494', '495', '496', '497', '498', '499', '500', '501', '502', '503', '504', '506', '507', '508', '509', '512', '513', '514', '515', '516', '517', '518', '520', '521', '522', '523', '524', '525', '526', '527', '528', '529', '530', '531', '532', '533', '534', '535', '536', '537', '538', '539', '540', '541', '543', '546', '547', '548', '549', '550', '551', '552', '553', '554', '555', '556', '557', '558', '559', '560', '562', '563', '564', '566', '567', '570', '571', '572', '574', '575', '576', '577', '579', '580', '581', '582', '583', '584', '585', '586', '587', '588', '590', '591', '592', '593', '594', '595', '596', '597', '598', '599']}})
 Cluster1  3
 Cluster to drop  9
 Timepoint  3
SortedDict({2: {'3': ['14', '15', '17', '19', '20', '21', '22', '23', '24', '27', '28', '29', '30', '31', '32', '33', '34', '35', '36', '37', '38', '39', '40', '41', '42', '45', '46', '47', '48', '49', '50', '53', '54', '55', '56', '57', '58', '59', '60', '61', '63', '64', '66', '67', '72', '73', '75', '76', '77', '78', '79', '81', '82', '83', '85', '86', '87', '88', '89', '90', '91', '92', '93', '94', '95', '0', '1', '2', '3', '4', '5', '6', '8', '9', '10', '11', '12', '13', '16', '18', '25', '26', '43', '51', '62', '65', '68', '69', '70', '71', '74', '80', '84'], '2': ['7', '44', '52', '96', '97', '98', '99', '100']}, 3: {'11': ['100', '102'], '7': ['103', '104', '105', '106', '107'], '13': ['191', '226', '236', '328', '384', '569', '519', '396', '411', '542', '416', '544', '167', '423', '169', '427', '302', '177', '178', '307', '433', '310', '561', '573', '578', '453', '203', '207', '233', '489', '493', '505', '247', '377', '510'], '5': ['101', '476', '545', '262', '141', '272', '275', '148', '276', '410', '412', '293', '424', '437', '565', '568', '189', '323', '330', '205', '589', '341', '349', '351', '362', '378', '248', '122', '379', '511'], '2': ['108', '109', '110', '111', '112', '113', '114', '115', '116', '117', '118', '119', '120', '121', '123', '124', '125', '126', '127', '128', '129', '130', '131', '132', '133', '134', '135', '136', '137', '138', '139', '140', '142', '143', '144', '145', '146', '147', '149', '150', '151', '152', '153', '154', '155', '156', '157', '158', '159', '160', '161', '162', '163', '164', '165', '166', '168', '170', '171', '172', '173', '174', '175', '176', '179', '180', '181', '182', '183', '184', '185', '186', '187', '188', '190', '192', '193', '194', '195', '196', '197', '198', '199', '200', '201', '202', '204', '206', '208', '209', '210', '211', '212', '213', '214', '215', '216', '217', '218', '219', '220', '221', '222', '223', '224', '225', '227', '228', '229', '230', '231', '232', '234', '235', '237', '238', '239', '240', '241', '242', '243', '244', '245', '246', '249', '250', '251', '252', '253', '254', '255', '256', '257', '258', '259', '260', '261', '263', '264', '265', '266', '267', '268', '269', '270', '271', '273', '274', '277', '278', '279', '280', '281', '282', '283', '284', '285', '286', '287', '288', '289', '290', '291', '292', '294', '295', '296', '297', '298', '299', '300', '301', '303', '304', '305', '306', '308', '309', '311', '312', '313', '314', '315', '316', '317', '318', '319', '320', '321', '322', '324', '325', '326', '327', '329', '331', '332', '333', '334', '335', '336', '337', '338', '339', '340', '342', '343', '344', '345', '346', '347', '348', '350', '352', '353', '354', '355', '356', '357', '358', '359', '360', '361', '363', '364', '365', '366', '367', '368', '369', '370', '371', '372', '373', '374', '375', '376', '380', '381', '382', '383', '385', '386', '387', '388', '389', '390', '391', '392', '393', '394', '395', '397', '398', '399', '400', '401', '402', '403', '404', '405', '406', '407', '408', '409', '413', '414', '415', '417', '418', '419', '420', '421', '422', '425', '426', '428', '429', '430', '431', '432', '434', '435', '436', '438', '439', '440', '441', '442', '443', '444', '445', '446', '447', '448', '449', '450', '451', '452', '454', '455', '456', '457', '458', '459', '460', '461', '462', '463', '464', '465', '466', '467', '468', '469', '470', '471', '472', '473', '474', '475', '477', '478', '479', '480', '481', '482', '483', '484', '485', '486', '487', '488', '490', '491', '492', '494', '495', '496', '497', '498', '499', '500', '501', '502', '503', '504', '506', '507', '508', '509', '512', '513', '514', '515', '516', '517', '518', '520', '521', '522', '523', '524', '525', '526', '527', '528', '529', '530', '531', '532', '533', '534', '535', '536', '537', '538', '539', '540', '541', '543', '546', '547', '548', '549', '550', '551', '552', '553', '554', '555', '556', '557', '558', '559', '560', '562', '563', '564', '566', '567', '570', '571', '572', '574', '575', '576', '577', '579', '580', '581', '582', '583', '584', '585', '586', '587', '588', '590', '591', '592', '593', '594', '595', '596', '597', '598', '599']}})
 Cluster1  13
SortedDict({2: {'3': ['14', '15', '17', '19', '20', '21', '22', '23', '24', '27', '28', '29', '30', '31', '32', '33', '34', '35', '36', '37', '38', '39', '40', '41', '42', '45', '46', '47', '48', '49', '50', '53', '54', '55', '56', '57', '58', '59', '60', '61', '63', '64', '66', '67', '72', '73', '75', '76', '77', '78', '79', '81', '82', '83', '85', '86', '87', '88', '89', '90', '91', '92', '93', '94', '95', '0', '1', '2', '3', '4', '5', '6', '8', '9', '10', '11', '12', '13', '16', '18', '25', '26', '43', '51', '62', '65', '68', '69', '70', '71', '74', '80', '84'], '2': ['7', '44', '52', '96', '97', '98', '99', '100']}, 3: {'11': ['100', '102'], '7': ['103', '104', '105', '106', '107'], '13': ['191', '226', '236', '328', '384', '569', '519', '396', '411', '542', '416', '544', '167', '423', '169', '427', '302', '177', '178', '307', '433', '310', '561', '573', '578', '453', '203', '207', '233', '489', '493', '505', '247', '377', '510', '101', '476', '545', '262', '141', '272', '275', '148', '276', '410', '412', '293', '424', '437', '565', '568', '189', '323', '330', '205', '589', '341', '349', '351', '362', '378', '248', '122', '379', '511'], '5': ['101', '476', '545', '262', '141', '272', '275', '148', '276', '410', '412', '293', '424', '437', '565', '568', '189', '323', '330', '205', '589', '341', '349', '351', '362', '378', '248', '122', '379', '511'], '2': ['108', '109', '110', '111', '112', '113', '114', '115', '116', '117', '118', '119', '120', '121', '123', '124', '125', '126', '127', '128', '129', '130', '131', '132', '133', '134', '135', '136', '137', '138', '139', '140', '142', '143', '144', '145', '146', '147', '149', '150', '151', '152', '153', '154', '155', '156', '157', '158', '159', '160', '161', '162', '163', '164', '165', '166', '168', '170', '171', '172', '173', '174', '175', '176', '179', '180', '181', '182', '183', '184', '185', '186', '187', '188', '190', '192', '193', '194', '195', '196', '197', '198', '199', '200', '201', '202', '204', '206', '208', '209', '210', '211', '212', '213', '214', '215', '216', '217', '218', '219', '220', '221', '222', '223', '224', '225', '227', '228', '229', '230', '231', '232', '234', '235', '237', '238', '239', '240', '241', '242', '243', '244', '245', '246', '249', '250', '251', '252', '253', '254', '255', '256', '257', '258', '259', '260', '261', '263', '264', '265', '266', '267', '268', '269', '270', '271', '273', '274', '277', '278', '279', '280', '281', '282', '283', '284', '285', '286', '287', '288', '289', '290', '291', '292', '294', '295', '296', '297', '298', '299', '300', '301', '303', '304', '305', '306', '308', '309', '311', '312', '313', '314', '315', '316', '317', '318', '319', '320', '321', '322', '324', '325', '326', '327', '329', '331', '332', '333', '334', '335', '336', '337', '338', '339', '340', '342', '343', '344', '345', '346', '347', '348', '350', '352', '353', '354', '355', '356', '357', '358', '359', '360', '361', '363', '364', '365', '366', '367', '368', '369', '370', '371', '372', '373', '374', '375', '376', '380', '381', '382', '383', '385', '386', '387', '388', '389', '390', '391', '392', '393', '394', '395', '397', '398', '399', '400', '401', '402', '403', '404', '405', '406', '407', '408', '409', '413', '414', '415', '417', '418', '419', '420', '421', '422', '425', '426', '428', '429', '430', '431', '432', '434', '435', '436', '438', '439', '440', '441', '442', '443', '444', '445', '446', '447', '448', '449', '450', '451', '452', '454', '455', '456', '457', '458', '459', '460', '461', '462', '463', '464', '465', '466', '467', '468', '469', '470', '471', '472', '473', '474', '475', '477', '478', '479', '480', '481', '482', '483', '484', '485', '486', '487', '488', '490', '491', '492', '494', '495', '496', '497', '498', '499', '500', '501', '502', '503', '504', '506', '507', '508', '509', '512', '513', '514', '515', '516', '517', '518', '520', '521', '522', '523', '524', '525', '526', '527', '528', '529', '530', '531', '532', '533', '534', '535', '536', '537', '538', '539', '540', '541', '543', '546', '547', '548', '549', '550', '551', '552', '553', '554', '555', '556', '557', '558', '559', '560', '562', '563', '564', '566', '567', '570', '571', '572', '574', '575', '576', '577', '579', '580', '581', '582', '583', '584', '585', '586', '587', '588', '590', '591', '592', '593', '594', '595', '596', '597', '598', '599']}})
 Cluster1  13
 Cluster to drop  5
 Cluster to drop  2
 After reassigning and merging cells 
 Timepoint  2
 Cluster  3  # of cells  93
 Cluster  2  # of cells  8
 Timepoint  3
 Cluster  11  # of cells  2
 Cluster  7  # of cells  5
 Cluster  13  # of cells  493
 Tp cluster cell dict  {'3_2': 93, '2_2': 8, '11_3': 2, '7_3': 5, '13_3': 493}
 New Graph is here 
 ID  0  Timepoint  1  Mutations  []  Type  subclone
 ID  1  Timepoint  2  Mutations  [0, 1, 2, 3, 4, 5, 6, 7, 8, 9, 10, 11, 12, 14, 15, 16, 17]  Type  subclone
 ID  2  Timepoint  2  Mutations  [13]  Type  subclone
 ID  3  Timepoint  3  Mutations  [13, 18, 19, 20, 21, 22, 23, 24]  Type  subclone
 ID  4  Timepoint  3  Mutations  [13, 18, 19, 20, 21, 22, 23, 24, 28, 29, 30, 31, 32, 33, 34, 35, 36]  Type  subclone
 ID  5  Timepoint  3  Mutations  [13]  Type  subclone
Timepoints  SortedDict({1: [0], 2: [1, 2], 3: [3, 4, 5]})
 Clone to nodes  {'3_2': 1, '2_2': 2, '11_3': 3, '7_3': 4, '13_3': 5}
 Timepoint ====  1
 Hash table  {'0': [0, 1, 2, 3, 4, 5, 6, 7, 8, 9, 10, 11, 12, 14, 15, 16, 17], '1': [13]}
 Final possible usc  [[0, 1, 2, 3, 4, 5, 6, 7, 8, 9, 10, 11, 12, 14, 15, 16, 17], [13]]
 Time  1  USC keys  {'0,1,2,3,4,5,6,7,8,9,10,11,12,14,15,16,17_0', '13_0'}
 USC children  {'0,1,2,3,4,5,6,7,8,9,10,11,12,14,15,16,17_0': [1], '13_0': [2]}
 USC children  {'0,1,2,3,4,5,6,7,8,9,10,11,12,14,15,16,17_0': [1], '13_0': [2]}
 Timepoint ====  2
 Hash table  {'0,1': [13, 18, 19, 20, 21, 22, 23, 24], '1': [28, 29, 30, 31, 32, 33, 34, 35, 36]}
====== Inside find superset of t nodes ==========
 Final possible usc  [[13, 18, 19, 20, 21, 22, 23, 24]]
 Time  2  USC keys  {'13,18,19,20,21,22,23,24_2'}
 USC children  {'0,1,2,3,4,5,6,7,8,9,10,11,12,14,15,16,17_0': [1], '13_0': [2], '13,18,19,20,21,22,23,24_2': [3, 4]}
 USC children  {'0,1,2,3,4,5,6,7,8,9,10,11,12,14,15,16,17_0': [1], '13_0': [2], '13,18,19,20,21,22,23,24_2': [3, 4]}
 Node s  {'1': ['0', '1', '2', '3', '4', '5', '6', '7', '8', '9', '10', '11', '12', '14', '15', '16', '17'], '2': ['13'], '3,4': ['13', '18', '19', '20', '21', '22', '23', '24']}
 Enroll USC nodes  ['1']  len  1
 Enroll USC nodes  ['2']  len  1
 Enroll USC nodes  ['3', '4']  len  2
 Node TP  SortedDict({1: [0], 2: [1, 2], 3: [3, 4, 5]})
 Unobserved subclones at timepoints  {2.5: [6]}
 ============== Inside finding node v ============ 
 Time  2
 largest_v_mut  [[]]
 largest_v_mut  [[]]
 Time  3
 Sorted all timepoints  [1, 2, 2.5, 3]
 Timepoint  2
 Timepoint  3
 Inside usc_node check  3
0   1   [-1]   subclone   []   []
1   2   [0]   subclone   [0, 1, 2, 3, 4, 5, 6, 7, 8, 9, 10, 11, 12, 14, 15, 16, 17]   [17]
2   2   [0]   subclone   [13]   [1]
3   3   [6]   subclone   [13, 18, 19, 20, 21, 22, 23, 24]   [0]
4   3   [6]   subclone   [13, 18, 19, 20, 21, 22, 23, 24, 28, 29, 30, 31, 32, 33, 34, 35, 36]   [9]
5   3   [2]   subclone   [13]   [0]
6   2.5   [2]   unobserved subclone   [13, 18, 19, 20, 21, 22, 23, 24]   [7]
 List of tree files  ['all_trees/v1v2_rep1_m1_tree.csv', 'all_trees/v1v2_rep1_m2_tree.csv', 'all_trees/v1v2_rep1_m3_tree.csv', 'all_trees/v1v2_rep1_m4_tree.csv', 'all_trees/v1v2_rep1_m5_tree.csv']
{'1': ['0', '1', '2', '3', '4', '5', '6', '7', '8', '9', '10', '11', '12', '14', '15', '16', '17'], '2': ['13'], '3': ['13', '18', '19', '20', '21', '22', '23', '24'], '4': ['13', '18', '19', '20', '21', '22', '23', '24', '28', '29', '30', '31', '32', '33', '34', '35', '36'], '5': ['13'], '6': ['13', '18', '19', '20', '21', '22', '23', '24']}
 Actual mutation of  3   []
 Actual mutation of  4   ['32', '34', '33', '28', '29', '31', '35', '30', '36']
 Actual mutation of  5   []
 Actual mutation of  6   ['24', '19', '23', '21', '18', '20', '22']
 Updated node mutation  {'1': ['0', '1', '2', '3', '4', '5', '6', '7', '8', '9', '10', '11', '12', '14', '15', '16', '17'], '2': ['13'], '3': [], '4': ['32', '34', '33', '28', '29', '31', '35', '30', '36'], '5': [], '6': ['24', '19', '23', '21', '18', '20', '22']}
{'1': ['0', '1', '2', '3', '4', '5', '6', '7', '8', '9', '10', '11', '12', '14', '15', '16', '17'], '2': ['13'], '3': ['13', '18', '19', '20', '21', '22', '23', '24'], '4': ['13', '18', '19', '20', '21', '22', '23', '24', '28', '29', '30', '31', '32', '33', '34', '35', '36'], '5': ['13'], '6': ['13', '18', '19', '20', '21', '22', '23', '24']}
 Actual mutation of  3   []
 Actual mutation of  4   ['32', '34', '33', '28', '29', '31', '35', '30', '36']
 Actual mutation of  5   []
 Actual mutation of  6   ['24', '19', '23', '21', '18', '20', '22']
 Updated node mutation  {'1': ['0', '1', '2', '3', '4', '5', '6', '7', '8', '9', '10', '11', '12', '14', '15', '16', '17'], '2': ['13'], '3': [], '4': ['32', '34', '33', '28', '29', '31', '35', '30', '36'], '5': [], '6': ['24', '19', '23', '21', '18', '20', '22']}
{'1': ['0', '1', '2', '3', '4', '5', '6', '7', '8', '9', '10', '11', '12', '14', '15', '16', '17'], '2': ['13'], '3': ['13', '18', '19', '20', '21', '22', '23', '24'], '4': ['13', '18', '19', '20', '21', '22', '23', '24', '28', '29', '30', '31', '32', '33', '34', '35', '36'], '5': ['13'], '6': ['13', '18', '19', '20', '21', '22', '23', '24']}
 Actual mutation of  3   []
 Actual mutation of  4   ['32', '34', '33', '28', '29', '31', '35', '30', '36']
 Actual mutation of  5   []
 Actual mutation of  6   ['24', '19', '23', '21', '18', '20', '22']
 Updated node mutation  {'1': ['0', '1', '2', '3', '4', '5', '6', '7', '8', '9', '10', '11', '12', '14', '15', '16', '17'], '2': ['13'], '3': [], '4': ['32', '34', '33', '28', '29', '31', '35', '30', '36'], '5': [], '6': ['24', '19', '23', '21', '18', '20', '22']}
{'1': ['0', '1', '2', '3', '4', '5', '6', '7', '8', '9', '10', '11', '12', '14', '15', '16', '17'], '2': ['13'], '3': ['13', '18', '19', '20', '21', '22', '23', '24'], '4': ['13', '18', '19', '20', '21', '22', '23', '24', '28', '29', '30', '31', '32', '33', '34', '35', '36'], '5': ['10', '13'], '6': ['13']}
 Actual mutation of  3   ['24', '19', '23', '21', '18', '20', '22']
 Actual mutation of  4   ['24', '32', '33', '35', '28', '29', '30', '36', '20', '19', '23', '21', '18', '34', '31', '22']
 Actual mutation of  5   ['10']
 Actual mutation of  6   []
 Updated node mutation  {'1': ['0', '1', '2', '3', '4', '5', '6', '7', '8', '9', '10', '11', '12', '14', '15', '16', '17'], '2': ['13'], '3': ['24', '19', '23', '21', '18', '20', '22'], '4': ['24', '32', '33', '35', '28', '29', '30', '36', '20', '19', '23', '21', '18', '34', '31', '22'], '5': ['10'], '6': []}
{'1': ['0', '1', '2', '3', '4', '5', '6', '7', '8', '9', '10', '11', '12', '14', '15', '16', '17'], '2': ['13'], '3': ['13', '18', '19', '20', '21', '22', '23', '24'], '4': ['13', '18', '19', '20', '21', '22', '23', '24', '28', '29', '30', '31', '32', '33', '34', '35', '36'], '5': ['13'], '6': ['13', '18', '19', '20', '21', '22', '23', '24']}
 Actual mutation of  3   []
 Actual mutation of  4   ['32', '34', '33', '28', '29', '31', '35', '30', '36']
 Actual mutation of  5   []
 Actual mutation of  6   ['24', '19', '23', '21', '18', '20', '22']
 Updated node mutation  {'1': ['0', '1', '2', '3', '4', '5', '6', '7', '8', '9', '10', '11', '12', '14', '15', '16', '17'], '2': ['13'], '3': [], '4': ['32', '34', '33', '28', '29', '31', '35', '30', '36'], '5': [], '6': ['24', '19', '23', '21', '18', '20', '22']}
 Parallel mutation count  {'m1': 0, 'm2': 0, 'm3': 0, 'm4': 8, 'm5': 0}
 Clusters with least parallel mutations  ['m1', 'm2', 'm3', 'm5']
 Cluster nos for each run  {'m1': 24, 'm2': 13, 'm3': 17, 'm5': 14}
 Run  m2
 Base path  ['v1v2', 'rep1', 'm1', 'tree.csv']
 Best tree path  v1v2_rep1_m2_tree.csv
