6
 Total estimated FP  142  True negatives  14072
 Total estimated FN  410  True positives  1696
 Estimated FP rate  0.07726
 Estimated FN rate  0.03
 No. of Cells in each cluster  {'2_2': 25, '2_3': 74, '5_3': 1, '4_3': 49, '3_3': 1, '1_2': 75, '1_3': 375}
 Cells in each cluster  {'2_2': [75, 76, 77, 78, 79, 80, 81, 82, 83, 84, 85, 86, 87, 88, 89, 90, 91, 92, 93, 94, 95, 96, 97, 98, 99], '2_3': [100, 101, 102, 103, 104, 105, 106, 107, 108, 110, 111, 112, 113, 114, 115, 116, 117, 118, 119, 120, 121, 122, 123, 124, 125, 126, 127, 128, 129, 130, 131, 132, 133, 134, 135, 136, 137, 138, 139, 140, 141, 142, 143, 144, 145, 146, 147, 148, 149, 150, 151, 152, 153, 154, 155, 156, 157, 158, 159, 160, 161, 162, 163, 164, 165, 166, 167, 168, 169, 170, 171, 172, 173, 174], '5_3': [109], '4_3': [175, 176, 177, 178, 179, 180, 181, 182, 183, 184, 185, 186, 187, 188, 189, 190, 191, 192, 193, 194, 195, 196, 197, 198, 199, 200, 201, 202, 203, 204, 205, 206, 207, 208, 209, 210, 211, 213, 214, 215, 216, 217, 218, 219, 220, 221, 222, 223, 224], '3_3': [212], '1_2': [0, 1, 2, 3, 4, 5, 6, 7, 8, 9, 10, 11, 12, 13, 14, 15, 16, 17, 18, 19, 20, 21, 22, 23, 24, 25, 26, 27, 28, 29, 30, 31, 32, 33, 34, 35, 36, 37, 38, 39, 40, 41, 42, 43, 44, 45, 46, 47, 48, 49, 50, 51, 52, 53, 54, 55, 56, 57, 58, 59, 60, 61, 62, 63, 64, 65, 66, 67, 68, 69, 70, 71, 72, 73, 74], '1_3': [225, 226, 227, 228, 229, 230, 231, 232, 233, 234, 235, 236, 237, 239, 240, 241, 242, 243, 244, 245, 246, 247, 248, 249, 250, 251, 252, 253, 254, 255, 256, 257, 258, 259, 261, 262, 263, 264, 265, 266, 267, 268, 269, 270, 271, 272, 273, 274, 275, 276, 277, 278, 279, 280, 281, 282, 283, 284, 285, 286, 287, 288, 289, 290, 291, 292, 293, 294, 295, 296, 297, 298, 299, 300, 301, 302, 303, 304, 305, 306, 307, 308, 309, 310, 311, 312, 313, 314, 315, 316, 317, 318, 319, 320, 321, 322, 323, 324, 325, 326, 327, 328, 329, 330, 331, 332, 333, 334, 335, 336, 337, 338, 339, 340, 341, 342, 343, 344, 345, 346, 347, 348, 349, 350, 351, 352, 353, 354, 355, 357, 358, 359, 360, 361, 362, 363, 364, 365, 366, 368, 369, 370, 371, 372, 373, 374, 375, 376, 377, 378, 379, 380, 381, 382, 383, 384, 385, 386, 387, 388, 389, 390, 391, 392, 393, 394, 395, 396, 397, 398, 399, 400, 401, 402, 403, 404, 405, 406, 407, 408, 409, 410, 411, 412, 413, 414, 415, 416, 417, 418, 419, 420, 421, 422, 423, 424, 425, 426, 427, 428, 429, 430, 431, 432, 433, 434, 435, 436, 437, 438, 439, 440, 441, 442, 443, 444, 445, 446, 447, 448, 450, 451, 452, 453, 454, 455, 456, 457, 458, 459, 460, 461, 462, 463, 464, 465, 466, 467, 468, 469, 470, 471, 472, 473, 474, 475, 476, 477, 478, 479, 480, 481, 482, 483, 484, 485, 486, 487, 488, 489, 490, 491, 492, 493, 494, 495, 496, 497, 498, 499, 500, 501, 502, 503, 504, 505, 506, 507, 508, 509, 510, 511, 512, 513, 514, 515, 516, 517, 518, 519, 520, 521, 522, 523, 524, 525, 526, 527, 528, 529, 531, 532, 533, 534, 535, 536, 537, 538, 539, 540, 541, 542, 543, 544, 545, 546, 547, 548, 549, 550, 551, 552, 553, 554, 555, 556, 557, 559, 560, 561, 562, 563, 564, 565, 566, 567, 568, 569, 570, 571, 572, 573, 574, 575, 576, 577, 578, 579, 580, 581, 582, 583, 584, 585, 586, 587, 588, 589, 590, 591, 592, 593, 594, 595, 596, 597, 598, 599, 238, 260, 356, 367, 449, 530, 558]}
FP rate  0.07726 FN rate  0.03
 Before reassigning cells 
 Timepoint  2
 Cluster  2  # of cells  22
 Cluster  1  # of cells  78
 Timepoint  3
 Cluster  2  # of cells  67
 Cluster  5  # of cells  1
 Cluster  4  # of cells  49
 Cluster  3  # of cells  1
 Cluster  1  # of cells  382
 Cells absent at timepoint  3   set()
 Cells absent at timepoint  2   set()
 Timepoint  2
 Timepoint  3
 After reassigning and merging cells 
 Timepoint  2
 Cluster  2  # of cells  22
 Cluster  1  # of cells  78
 Timepoint  3
 Cluster  2  # of cells  67
 Cluster  5  # of cells  1
 Cluster  4  # of cells  49
 Cluster  3  # of cells  1
 Cluster  1  # of cells  382
 Tp cluster cell dict  {'2_2': 22, '1_2': 78, '2_3': 67, '5_3': 1, '4_3': 49, '3_3': 1, '1_3': 382}
 New Graph is here 
 ID  0  Timepoint  1  Mutations  []  Type  subclone
 ID  1  Timepoint  2  Mutations  [12, 13, 14, 15, 16, 17, 18, 19, 20, 21, 22]  Type  subclone
 ID  2  Timepoint  2  Mutations  [12]  Type  subclone
 ID  3  Timepoint  3  Mutations  [12, 13, 14, 15, 16, 17, 18, 19, 20, 21, 22]  Type  subclone
 ID  4  Timepoint  3  Mutations  [6, 7, 8, 13, 17, 20]  Type  subclone
 ID  5  Timepoint  3  Mutations  [12, 13, 14, 15, 16, 17, 18, 19, 20, 21, 22, 23, 24, 25, 26, 27, 28, 29, 30, 31, 32, 33]  Type  subclone
 ID  6  Timepoint  3  Mutations  [5, 12, 13, 17, 19, 20, 23, 28, 29, 30, 32]  Type  subclone
 ID  7  Timepoint  3  Mutations  [12]  Type  subclone
Timepoints  SortedDict({1: [0], 2: [1, 2], 3: [3, 4, 5, 6, 7]})
 Clone to nodes  {'2_2': 1, '1_2': 2, '2_3': 3, '5_3': 4, '4_3': 5, '3_3': 6, '1_3': 7}
 Timepoint ====  1
 Hash table  {'0,1': [12], '0': [13, 14, 15, 16, 17, 18, 19, 20, 21, 22]}
 Final possible usc  [[12], [13, 14, 15, 16, 17, 18, 19, 20, 21, 22]]
 Time  1  USC keys  {'13,14,15,16,17,18,19,20,21,22_0', '12_0'}
 USC children  {'12_0': [1, 2], '13,14,15,16,17,18,19,20,21,22_0': [1]}
 USC children  {'12_0': [1, 2], '13,14,15,16,17,18,19,20,21,22_0': [1]}
 Timepoint ====  2
 Hash table  {'0': [6, 7, 8], '0,1,2': [13, 17, 20], '1,2': [12, 19, 23, 28, 29, 30, 32], '1': [14, 15, 16, 18, 21, 22, 24, 25, 26, 27, 31, 33], '2': [5]}
====== Inside find superset of t nodes ==========
 Final possible usc  [[12, 19, 23, 28, 29, 30, 32]]
 Time  2  USC keys  {'12,19,23,28,29,30,32_2'}
 USC children  {'12_0': [1, 2], '13,14,15,16,17,18,19,20,21,22_0': [1], '12,19,23,28,29,30,32_2': [5, 6]}
 USC children  {'12_0': [1, 2], '13,14,15,16,17,18,19,20,21,22_0': [1], '12,19,23,28,29,30,32_2': [5, 6]}
 Node s  {'1,2': ['12'], '5,6': ['12', '19', '23', '28', '29', '30', '32']}
 Enroll USC nodes  ['1', '2']  len  2
 Enroll USC nodes  ['5', '6']  len  2
 Node TP  SortedDict({1: [0], 2: [1, 2], 3: [3, 4, 5, 6, 7]})
 Unobserved subclones at timepoints  {1.5: [8], 2.5: [9]}
 ============== Inside finding node v ============ 
 Time  2
 Time  3
 largest_v_mut  []
 Sorted all timepoints  [1, 1.5, 2, 2.5, 3]
 Timepoint  2
 Inside usc_node check  2
 Timepoint  3
 Inside usc_node check  3
 Node  4  has no parent 
 USC nodes  [9]
 Node with minimum mutation sets  {9: 7}
0   1   [-1]   subclone   []   []
1   2   [8]   subclone   [12, 13, 14, 15, 16, 17, 18, 19, 20, 21, 22]   [10]
2   2   [8]   subclone   [12]   [0]
3   3   [1]   subclone   [12, 13, 14, 15, 16, 17, 18, 19, 20, 21, 22]   [0]
4   3   [9]   subclone   [6, 7, 8, 13, 17, 20]   [6]
5   3   [9]   subclone   [12, 13, 14, 15, 16, 17, 18, 19, 20, 21, 22, 23, 24, 25, 26, 27, 28, 29, 30, 31, 32, 33]   [15]
6   3   [9]   subclone   [5, 12, 13, 17, 19, 20, 23, 28, 29, 30, 32]   [4]
7   3   [2]   subclone   [12]   [0]
8   1.5   [0]   unobserved subclone   [12]   [1]
9   2.5   [2]   unobserved subclone   [12, 19, 23, 28, 29, 30, 32]   [6]
8
 Total estimated FP  143  True negatives  14072
 Total estimated FN  410  True positives  1695
 Estimated FP rate  0.0778
 Estimated FN rate  0.03
 No. of Cells in each cluster  {'6_2': 25, '6_3': 74, '5_3': 1, '4_3': 49, '7_3': 1, '0_3': 375, '0_2': 75}
 Cells in each cluster  {'6_2': [75, 76, 77, 78, 79, 80, 81, 82, 83, 84, 85, 86, 87, 88, 89, 90, 91, 92, 93, 94, 95, 96, 97, 98, 99], '6_3': [100, 101, 102, 103, 104, 105, 106, 107, 108, 110, 111, 112, 113, 114, 115, 116, 117, 118, 119, 120, 121, 122, 123, 124, 125, 126, 127, 128, 129, 130, 131, 132, 133, 134, 135, 136, 137, 138, 139, 140, 141, 142, 143, 144, 145, 146, 147, 148, 149, 150, 151, 152, 153, 154, 155, 156, 157, 158, 159, 160, 161, 162, 163, 164, 165, 166, 167, 168, 169, 170, 171, 172, 173, 174], '5_3': [109], '4_3': [175, 176, 177, 178, 179, 180, 181, 182, 183, 184, 185, 186, 187, 188, 189, 190, 191, 192, 193, 194, 195, 196, 197, 198, 199, 200, 201, 202, 203, 204, 205, 206, 207, 208, 209, 210, 211, 213, 214, 215, 216, 217, 218, 219, 220, 221, 222, 223, 224], '7_3': [212], '0_3': [238, 260, 356, 367, 449, 530, 558, 248, 256, 270, 283, 299, 301, 304, 307, 333, 335, 422, 435, 478, 234, 305, 485, 512, 541, 598, 225, 226, 227, 228, 229, 230, 231, 232, 233, 235, 236, 237, 239, 240, 241, 242, 243, 244, 245, 246, 247, 249, 250, 251, 252, 253, 254, 255, 257, 258, 259, 261, 262, 263, 264, 265, 266, 267, 268, 269, 271, 272, 273, 274, 275, 276, 277, 278, 279, 280, 281, 282, 284, 285, 286, 287, 288, 289, 290, 291, 292, 293, 294, 295, 296, 297, 298, 300, 302, 303, 306, 308, 309, 310, 311, 312, 313, 314, 315, 316, 317, 318, 319, 320, 321, 322, 323, 324, 325, 326, 327, 328, 329, 330, 331, 332, 334, 336, 337, 338, 339, 340, 341, 342, 343, 344, 345, 346, 347, 348, 349, 350, 351, 352, 353, 354, 355, 357, 358, 359, 360, 361, 362, 363, 364, 365, 366, 368, 369, 370, 371, 372, 373, 374, 375, 376, 377, 378, 379, 380, 381, 382, 383, 384, 385, 386, 387, 388, 389, 390, 391, 392, 393, 394, 395, 396, 397, 398, 399, 400, 401, 402, 403, 404, 405, 406, 407, 408, 409, 410, 411, 412, 413, 414, 415, 416, 417, 418, 419, 420, 421, 423, 424, 425, 426, 427, 428, 429, 430, 431, 432, 433, 434, 436, 437, 438, 439, 440, 441, 442, 443, 444, 445, 446, 447, 448, 450, 451, 452, 453, 454, 455, 456, 457, 458, 459, 460, 461, 462, 463, 464, 465, 466, 467, 468, 469, 470, 471, 472, 473, 474, 475, 476, 477, 479, 480, 481, 482, 483, 484, 486, 487, 488, 489, 490, 491, 492, 493, 494, 495, 496, 497, 498, 499, 500, 501, 502, 503, 504, 505, 506, 507, 508, 509, 510, 511, 513, 514, 515, 516, 517, 518, 519, 520, 521, 522, 523, 524, 525, 526, 527, 528, 529, 531, 532, 533, 534, 535, 536, 537, 538, 539, 540, 542, 543, 544, 545, 546, 547, 548, 549, 550, 551, 552, 553, 554, 555, 556, 557, 559, 560, 561, 562, 563, 564, 565, 566, 567, 568, 569, 570, 571, 572, 573, 574, 575, 576, 577, 578, 579, 580, 581, 582, 583, 584, 585, 586, 587, 588, 589, 590, 591, 592, 593, 594, 595, 596, 597, 599], '0_2': [39, 0, 1, 2, 3, 4, 5, 6, 7, 8, 9, 10, 11, 12, 13, 14, 15, 16, 17, 18, 19, 20, 21, 22, 23, 24, 25, 26, 27, 28, 29, 30, 31, 32, 33, 34, 35, 36, 37, 38, 40, 41, 42, 43, 44, 45, 46, 47, 48, 49, 50, 51, 52, 53, 54, 55, 56, 57, 58, 59, 60, 61, 62, 63, 64, 65, 66, 67, 68, 69, 70, 71, 72, 73, 74]}
FP rate  0.0778 FN rate  0.03
 Before reassigning cells 
 Timepoint  2
 Cluster  6  # of cells  22
 Cluster  0  # of cells  78
 Timepoint  3
 Cluster  6  # of cells  66
 Cluster  5  # of cells  2
 Cluster  4  # of cells  49
 Cluster  7  # of cells  1
 Cluster  0  # of cells  381
 Cells absent at timepoint  2   set()
 Cells absent at timepoint  3   {462}
 Missing cell prob  {'7': 4.967276055369637e-15, '0': 0.003960492560214319, '5': 0.003960492560214317, '6': 4.967276055369637e-15, '4': 6.22999059715778e-27}
 Timepoint  2
 Timepoint  3
 After reassigning and merging cells 
 Timepoint  2
 Cluster  6  # of cells  22
 Cluster  0  # of cells  78
 Timepoint  3
 Cluster  6  # of cells  66
 Cluster  5  # of cells  2
 Cluster  4  # of cells  49
 Cluster  7  # of cells  1
 Cluster  0  # of cells  382
 Tp cluster cell dict  {'6_2': 22, '0_2': 78, '6_3': 66, '5_3': 2, '4_3': 49, '7_3': 1, '0_3': 382}
 New Graph is here 
 ID  0  Timepoint  1  Mutations  []  Type  subclone
 ID  1  Timepoint  2  Mutations  [12, 13, 14, 15, 16, 17, 18, 19, 20, 21, 22]  Type  subclone
 ID  2  Timepoint  2  Mutations  [12]  Type  subclone
 ID  3  Timepoint  3  Mutations  [12, 13, 14, 15, 16, 17, 18, 19, 20, 21, 22]  Type  subclone
 ID  4  Timepoint  3  Mutations  [1, 12, 13, 14, 15, 16, 17, 18, 19, 20, 21, 22, 27]  Type  subclone
 ID  5  Timepoint  3  Mutations  [12, 13, 14, 15, 16, 17, 18, 19, 20, 21, 22, 23, 24, 25, 26, 27, 28, 29, 30, 31, 32, 33]  Type  subclone
 ID  6  Timepoint  3  Mutations  [4, 12, 13, 17, 19, 20, 23, 28, 29, 30, 32]  Type  subclone
 ID  7  Timepoint  3  Mutations  [12]  Type  subclone
Timepoints  SortedDict({1: [0], 2: [1, 2], 3: [3, 4, 5, 6, 7]})
 Clone to nodes  {'6_2': 1, '0_2': 2, '6_3': 3, '5_3': 4, '4_3': 5, '7_3': 6, '0_3': 7}
 Timepoint ====  1
 Hash table  {'0,1': [12], '0': [13, 14, 15, 16, 17, 18, 19, 20, 21, 22]}
 Final possible usc  [[12], [13, 14, 15, 16, 17, 18, 19, 20, 21, 22]]
 Time  1  USC keys  {'12_0', '13,14,15,16,17,18,19,20,21,22_0'}
 USC children  {'12_0': [1, 2], '13,14,15,16,17,18,19,20,21,22_0': [1]}
 USC children  {'12_0': [1, 2], '13,14,15,16,17,18,19,20,21,22_0': [1]}
 Timepoint ====  2
 Hash table  {'0': [1], '0,1,2': [12, 13, 17, 19, 20], '0,1': [14, 15, 16, 18, 21, 22, 27], '1,2': [23, 28, 29, 30, 32], '1': [24, 25, 26, 31, 33], '2': [4]}
====== Inside find superset of t nodes ==========
 Final possible usc  [[12, 13, 17, 19, 20]]
 Time  2  USC keys  {'12,13,17,19,20_2'}
 USC children  {'12_0': [1, 2], '13,14,15,16,17,18,19,20,21,22_0': [1], '12,13,17,19,20_2': [3, 4, 5, 6]}
 USC children  {'12_0': [1, 2], '13,14,15,16,17,18,19,20,21,22_0': [1], '12,13,17,19,20_2': [3, 4, 5, 6]}
 Node s  {'1,2': ['12'], '3,4,5,6': ['12', '13', '17', '19', '20']}
 Enroll USC nodes  ['1', '2']  len  2
 Enroll USC nodes  ['3', '4', '5', '6']  len  4
 Node TP  SortedDict({1: [0], 2: [1, 2], 3: [3, 4, 5, 6, 7]})
 Unobserved subclones at timepoints  {1.5: [8], 2.5: [9]}
 ============== Inside finding node v ============ 
 Time  2
 Time  3
 Sorted all timepoints  [1, 1.5, 2, 2.5, 3]
 Timepoint  2
 Inside usc_node check  2
 Timepoint  3
 Inside usc_node check  3
0   1   [-1]   subclone   []   []
1   2   [8]   subclone   [12, 13, 14, 15, 16, 17, 18, 19, 20, 21, 22]   [10]
2   2   [8]   subclone   [12]   [0]
3   3   [1]   subclone   [12, 13, 14, 15, 16, 17, 18, 19, 20, 21, 22]   [0, 6]
4   3   [9]   subclone   [1, 12, 13, 14, 15, 16, 17, 18, 19, 20, 21, 22, 27]   [8]
5   3   [9]   subclone   [12, 13, 14, 15, 16, 17, 18, 19, 20, 21, 22, 23, 24, 25, 26, 27, 28, 29, 30, 31, 32, 33]   [17]
6   3   [9]   subclone   [4, 12, 13, 17, 19, 20, 23, 28, 29, 30, 32]   [6]
7   3   [2]   subclone   [12]   [0]
8   1.5   [0]   unobserved subclone   [12]   [1]
9   2.5   [2]   unobserved subclone   [12, 13, 17, 19, 20]   [4]
6
 Total estimated FP  143  True negatives  14072
 Total estimated FN  410  True positives  1695
 Estimated FP rate  0.0778
 Estimated FN rate  0.03
 No. of Cells in each cluster  {'2_2': 25, '2_3': 74, '5_3': 1, '4_3': 49, '3_3': 1, '0_3': 375, '0_2': 75}
 Cells in each cluster  {'2_2': [75, 76, 77, 78, 79, 80, 81, 82, 83, 84, 85, 86, 87, 88, 89, 90, 91, 92, 93, 94, 95, 96, 97, 98, 99], '2_3': [100, 101, 102, 103, 104, 105, 106, 107, 108, 110, 111, 112, 113, 114, 115, 116, 117, 118, 119, 120, 121, 122, 123, 124, 125, 126, 127, 128, 129, 130, 131, 132, 133, 134, 135, 136, 137, 138, 139, 140, 141, 142, 143, 144, 145, 146, 147, 148, 149, 150, 151, 152, 153, 154, 155, 156, 157, 158, 159, 160, 161, 162, 163, 164, 165, 166, 167, 168, 169, 170, 171, 172, 173, 174], '5_3': [109], '4_3': [175, 176, 177, 178, 179, 180, 181, 182, 183, 184, 185, 186, 187, 188, 189, 190, 191, 192, 193, 194, 195, 196, 197, 198, 199, 200, 201, 202, 203, 204, 205, 206, 207, 208, 209, 210, 211, 213, 214, 215, 216, 217, 218, 219, 220, 221, 222, 223, 224], '3_3': [212], '0_3': [234, 238, 260, 305, 356, 367, 449, 485, 512, 530, 541, 558, 598, 225, 226, 227, 228, 229, 230, 231, 232, 233, 235, 236, 237, 239, 240, 241, 242, 243, 244, 245, 246, 247, 248, 249, 250, 251, 252, 253, 254, 255, 256, 257, 258, 259, 261, 262, 263, 264, 265, 266, 267, 268, 269, 270, 271, 272, 273, 274, 275, 276, 277, 278, 279, 280, 281, 282, 283, 284, 285, 286, 287, 288, 289, 290, 291, 292, 293, 294, 295, 296, 297, 298, 299, 300, 301, 302, 303, 304, 306, 307, 308, 309, 310, 311, 312, 313, 314, 315, 316, 317, 318, 319, 320, 321, 322, 323, 324, 325, 326, 327, 328, 329, 330, 331, 332, 333, 334, 335, 336, 337, 338, 339, 340, 341, 342, 343, 344, 345, 346, 347, 348, 349, 350, 351, 352, 353, 354, 355, 357, 358, 359, 360, 361, 362, 363, 364, 365, 366, 368, 369, 370, 371, 372, 373, 374, 375, 376, 377, 378, 379, 380, 381, 382, 383, 384, 385, 386, 387, 388, 389, 390, 391, 392, 393, 394, 395, 396, 397, 398, 399, 400, 401, 402, 403, 404, 405, 406, 407, 408, 409, 410, 411, 412, 413, 414, 415, 416, 417, 418, 419, 420, 421, 422, 423, 424, 425, 426, 427, 428, 429, 430, 431, 432, 433, 434, 435, 436, 437, 438, 439, 440, 441, 442, 443, 444, 445, 446, 447, 448, 450, 451, 452, 453, 454, 455, 456, 457, 458, 459, 460, 461, 462, 463, 464, 465, 466, 467, 468, 469, 470, 471, 472, 473, 474, 475, 476, 477, 478, 479, 480, 481, 482, 483, 484, 486, 487, 488, 489, 490, 491, 492, 493, 494, 495, 496, 497, 498, 499, 500, 501, 502, 503, 504, 505, 506, 507, 508, 509, 510, 511, 513, 514, 515, 516, 517, 518, 519, 520, 521, 522, 523, 524, 525, 526, 527, 528, 529, 531, 532, 533, 534, 535, 536, 537, 538, 539, 540, 542, 543, 544, 545, 546, 547, 548, 549, 550, 551, 552, 553, 554, 555, 556, 557, 559, 560, 561, 562, 563, 564, 565, 566, 567, 568, 569, 570, 571, 572, 573, 574, 575, 576, 577, 578, 579, 580, 581, 582, 583, 584, 585, 586, 587, 588, 589, 590, 591, 592, 593, 594, 595, 596, 597, 599], '0_2': [0, 1, 2, 3, 4, 5, 6, 7, 8, 9, 10, 11, 12, 13, 14, 15, 16, 17, 18, 19, 20, 21, 22, 23, 24, 25, 26, 27, 28, 29, 30, 31, 32, 33, 34, 35, 36, 37, 38, 39, 40, 41, 42, 43, 44, 45, 46, 47, 48, 49, 50, 51, 52, 53, 54, 55, 56, 57, 58, 59, 60, 61, 62, 63, 64, 65, 66, 67, 68, 69, 70, 71, 72, 73, 74]}
FP rate  0.0778 FN rate  0.03
 Before reassigning cells 
 Timepoint  2
 Cluster  2  # of cells  22
 Cluster  0  # of cells  78
 Timepoint  3
 Cluster  2  # of cells  66
 Cluster  5  # of cells  68
 Cluster  4  # of cells  49
 Cluster  3  # of cells  1
 Cluster  0  # of cells  253
 Cells absent at timepoint  3   {512, 259, 262, 391, 264, 265, 393, 267, 519, 141, 269, 272, 276, 405, 539, 541, 420, 550, 167, 423, 300, 301, 559, 433, 562, 564, 440, 442, 316, 572, 319, 320, 322, 451, 324, 580, 455, 456, 585, 330, 588, 333, 338, 466, 340, 343, 471, 346, 477, 479, 352, 482, 483, 484, 229, 360, 363, 236, 492, 247, 250, 253, 510}
 Missing cell prob  {'4': 1.6718815226513816e-28, '2': 1.2596332897062724e-13, '3': 4.097701007502514e-15, '5': 0.008055321857556134, '0': 0.008055321857556134}
 Missing cell prob  {'4': 1.9150991095663024e-25, '2': 4.6938155870590075e-12, '3': 4.9672760553696386e-15, '5': 0.12174554130098815, '0': 0.12174554130098815}
 Missing cell prob  {'4': 6.22999059715778e-27, '2': 4.967276055369637e-15, '3': 1.615899822826818e-16, '5': 0.12174554130098815, '0': 0.12174554130098815}
 Missing cell prob  {'4': 1.8689971791473339e-28, '2': 4.58082197826188e-15, '3': 4.847699468480452e-18, '5': 0.11227373818777127, '0': 0.11227373818777127}
 Missing cell prob  {'4': 2.1976494065765415e-28, '2': 5.3863327427560595e-15, '3': 1.7522227530110799e-16, '5': 0.13201641867381061, '0': 0.13201641867381061}
 Missing cell prob  {'4': 2.076663532385927e-25, '2': 5.0898021980687555e-12, '3': 5.0898021980687555e-12, '5': 0.13201641867381061, '0': 0.13201641867381061}
 Missing cell prob  {'4': 1.723589198609672e-28, '2': 1.2985910203157447e-13, '3': 4.224434028353105e-15, '5': 0.10353884135676267, '0': 0.10353884135676267}
 Missing cell prob  {'4': 1.4658313289509197e-28, '2': 3.3948961548487952e-12, '3': 1.1687319182841705e-16, '5': 0.08805490168216827, '0': 0.08805490168216827}
 Missing cell prob  {'4': 6.192153787597711e-24, '2': 4.190566873864215e-16, '3': 5.224742760473376e-15, '5': 0.010270877372822465, '0': 0.010270877372822465}
 Missing cell prob  {'4': 6.809093681520232e-21, '2': 1.6688760334342458e-07, '3': 1.2023318467682292e-15, '5': 6.16695786814996e-06, '0': 6.16695786814996e-06}
 Missing cell prob  {'4': 1.723589198609672e-28, '2': 4.224434028353107e-15, '3': 4.224434028353105e-15, '5': 0.10353884135676267, '0': 0.10353884135676267}
 Missing cell prob  {'4': 5.745297328698907e-27, '2': 4.328636734385817e-12, '3': 1.4901828166108917e-16, '5': 0.11227373818777127, '0': 0.11227373818777127}
 Missing cell prob  {'4': 5.298313196526131e-27, '2': 1.2985910203157447e-13, '3': 1.374246593478564e-16, '5': 0.10353884135676267, '0': 0.10353884135676267}
 Missing cell prob  {'4': 5.887014662806813e-24, '2': 4.6938155870590075e-12, '3': 5.256668259033239e-18, '5': 0.12174554130098815, '0': 0.12174554130098815}
 Missing cell prob  {'4': 6.755574275816288e-27, '2': 5.0898021980687555e-12, '3': 5.70013907941145e-18, '5': 0.13201641867381061, '0': 0.13201641867381061}
 Missing cell prob  {'4': 5.2661347743792296e-24, '2': 3.367679379352165e-13, '3': 1.0955365580195722e-14, '5': 0.008734896831008605, '0': 0.008734896831008605}
 Missing cell prob  {'4': 1.709771238316549e-29, '2': 1.2881802570258596e-14, '3': 1.3632293018426202e-17, '5': 0.010270877372822467, '0': 0.010270877372822467}
 Missing cell prob  {'4': 5.298313196526131e-27, '2': 1.2985910203157447e-13, '3': 1.374246593478564e-16, '5': 0.10353884135676267, '0': 0.10353884135676267}
 Missing cell prob  {'4': 7.162026535539608e-21, '2': 1.7553781743995e-07, '3': 1.7553781743994996e-07, '5': 5.202660183713586e-07, '0': 5.202660183713586e-07}
 Missing cell prob  {'4': 2.0266722827448863e-28, '2': 4.967276055369637e-15, '3': 1.615899822826818e-16, '5': 0.12174554130098815, '0': 0.12174554130098815}
 Missing cell prob  {'4': 6.592948219729624e-30, '2': 4.9672760553696386e-15, '3': 4.9672760553696386e-15, '5': 0.12174554130098815, '0': 0.12174554130098815}
 Missing cell prob  {'4': 1.7131212668767828e-25, '2': 3.367679379352165e-13, '3': 1.1593622313232731e-17, '5': 0.008734896831008603, '0': 0.008734896831008603}
 Missing cell prob  {'4': 4.7684818768735176e-30, '2': 3.59268191680554e-15, '3': 1.236821934130707e-19, '5': 0.08805490168216827, '0': 0.08805490168216827}
 Missing cell prob  {'4': 1.9150991095663024e-25, '2': 1.5269406594206266e-13, '3': 4.9672760553696386e-15, '5': 0.12174554130098815, '0': 0.12174554130098815}
 Missing cell prob  {'4': 1.723589198609672e-28, '2': 4.224434028353107e-15, '3': 1.4543098405441356e-19, '5': 0.10353884135676267, '0': 0.10353884135676267}
 Missing cell prob  {'4': 1.9150991095663024e-25, '2': 4.6938155870590075e-12, '3': 4.9672760553696386e-15, '5': 0.12174554130098815, '0': 0.12174554130098815}
 Missing cell prob  {'4': 1.8096683073468146e-22, '2': 4.435409773834e-09, '3': 4.6938155870590075e-12, '5': 0.12174554130098815, '0': 0.12174554130098815}
 Missing cell prob  {'4': 5.298313196526131e-27, '2': 3.9918687964506005e-12, '3': 4.224434028353105e-15, '5': 0.10353884135676267, '0': 0.10353884135676267}
 Missing cell prob  {'4': 1.8689971791473339e-28, '2': 1.4081446761177016e-13, '3': 1.490182816610891e-16, '5': 0.11227373818777127, '0': 0.11227373818777127}
 Missing cell prob  {'4': 5.298313196526131e-27, '2': 1.2985910203157447e-13, '3': 1.2985910203157447e-13, '5': 0.10353884135676267, '0': 0.10353884135676267}
 Missing cell prob  {'4': 6.22999059715778e-27, '2': 4.967276055369637e-15, '3': 5.256668259033239e-18, '5': 0.12174554130098815, '0': 0.12174554130098815}
 Missing cell prob  {'4': 5.170767595829016e-30, '2': 3.895773060947235e-15, '3': 4.122739780435692e-18, '5': 0.09548351949920654, '0': 0.09548351949920654}
 Missing cell prob  {'4': 2.368577693754717e-25, '2': 1.5146992242695777e-14, '3': 1.5146992242695777e-14, '5': 0.012076951113270977, '0': 0.012076951113270977}
 Missing cell prob  {'4': 5.699237461055162e-28, '2': 1.3968556246214043e-14, '3': 4.2939341900861986e-13, '5': 0.011137364316658495, '0': 0.011137364316658495}
 Missing cell prob  {'4': 2.0266722827448863e-28, '2': 4.967276055369637e-15, '3': 4.9672760553696386e-15, '5': 0.12174554130098815, '0': 0.12174554130098815}
 Missing cell prob  {'4': 2.0266722827448863e-28, '2': 1.5269406594206264e-13, '3': 4.9672760553696386e-15, '5': 0.12174554130098815, '0': 0.12174554130098815}
 Missing cell prob  {'4': 7.506193639795876e-24, '2': 6.3334878660127206e-15, '3': 6.33348786601272e-15, '5': 0.15523073410374008, '0': 0.15523073410374008}
 Missing cell prob  {'4': 1.5767510359755214e-29, '2': 3.864540771077577e-16, '3': 4.089687905527861e-19, '5': 0.009471803113216876, '0': 0.009471803113216876}
 Missing cell prob  {'4': 1.9150991095663024e-25, '2': 1.442878911461939e-10, '3': 4.9672760553696386e-15, '5': 0.12174554130098815, '0': 0.12174554130098815}
 Missing cell prob  {'4': 4.469841321727748e-28, '2': 3.5638794990877414e-16, '3': 1.0955365580195722e-14, '5': 0.008734896831008603, '0': 0.008734896831008603}
 Missing cell prob  {'4': 5.298313196526131e-27, '2': 1.2985910203157447e-13, '3': 4.470548449832674e-18, '5': 0.10353884135676267, '0': 0.10353884135676267}
 Missing cell prob  {'4': 6.714545421381162e-24, '2': 1.3968556246214046e-14, '3': 4.544097672808731e-16, '5': 0.011137364316658495, '0': 0.011137364316658495}
 Missing cell prob  {'4': 1.9150991095663024e-25, '2': 1.5269406594206266e-13, '3': 4.9672760553696386e-15, '5': 0.12174554130098815, '0': 0.12174554130098815}
 Missing cell prob  {'4': 2.3830507553421614e-28, '2': 1.7954442475853527e-13, '3': 1.9000463598038163e-16, '5': 0.1431537829904691, '0': 0.1431537829904691}
 Missing cell prob  {'4': 1.8576461362793133e-25, '2': 3.8645407710775795e-16, '3': 1.481132439638008e-13, '5': 0.009471803113216878, '0': 0.009471803113216878}
 Missing cell prob  {'4': 1.7661043988420438e-25, '2': 1.4081446761177018e-13, '3': 1.4901828166108914e-16, '5': 0.11227373818777127, '0': 0.11227373818777127}
 Missing cell prob  {'4': 7.943502517807204e-27, '2': 6.3334878660127206e-15, '3': 6.702475212395609e-18, '5': 0.15523073410374008, '0': 0.15523073410374008}
 Missing cell prob  {'4': 1.977884465918887e-31, '2': 4.5808219782618805e-15, '3': 1.5770004777099715e-19, '5': 0.11227373818777127, '0': 0.11227373818777127}
 Missing cell prob  {'4': 2.1843023491806e-25, '2': 4.544097672808731e-16, '3': 1.478236067927369e-17, '5': 0.011137364316658495, '0': 0.011137364316658495}
 Missing cell prob  {'4': 5.606991537442001e-30, '2': 4.224434028353105e-15, '3': 4.224434028353104e-15, '5': 0.10353884135676267, '0': 0.10353884135676267}
 Missing cell prob  {'4': 4.886104429836399e-27, '2': 1.1975606389351798e-13, '3': 4.122739780435693e-18, '5': 0.09548351949920654, '0': 0.09548351949920654}
 Missing cell prob  {'4': 1.5894939589578392e-28, '2': 3.895773060947235e-15, '3': 1.2673302085059316e-16, '5': 0.09548351949920654, '0': 0.09548351949920654}
 Missing cell prob  {'4': 2.127887899518114e-22, '2': 5.2153506522877855e-09, '3': 1.6966007326895852e-10, '5': 0.1431537829904691, '0': 0.1431537829904691}
 Missing cell prob  {'4': 5.5729384088379394e-27, '2': 4.443397318914024e-15, '3': 1.4454773321125648e-16, '5': 0.008734896831008606, '0': 0.008734896831008606}
 Missing cell prob  {'4': 1.9150991095663024e-25, '2': 4.6938155870590075e-12, '3': 4.9672760553696386e-15, '5': 0.12174554130098815, '0': 0.12174554130098815}
 Missing cell prob  {'4': 2.076663532385927e-25, '2': 1.6557586851232123e-13, '3': 1.7522227530110789e-16, '5': 0.13201641867381061, '0': 0.13201641867381061}
 Missing cell prob  {'4': 6.3836636985543414e-24, '2': 5.089802198068756e-12, '3': 1.7522227530110796e-16, '5': 0.13201641867381061, '0': 0.13201641867381061}
 Missing cell prob  {'4': 1.7519455955283576e-26, '2': 1.3968556246214052e-14, '3': 4.544097672808732e-16, '5': 0.011137364316658495, '0': 0.011137364316658495}
 Missing cell prob  {'4': 1.6820974612326003e-31, '2': 3.8957730609472334e-15, '3': 4.12273978043569e-18, '5': 0.09548351949920654, '0': 0.09548351949920654}
 Missing cell prob  {'4': 1.6156442281962508e-26, '2': 3.9598661100974913e-13, '3': 4.190566873864213e-16, '5': 0.010270877372822463, '0': 0.010270877372822463}
 Missing cell prob  {'4': 1.5512302787487046e-31, '2': 3.59268191680554e-15, '3': 3.801990625517794e-18, '5': 0.08805490168216827, '0': 0.08805490168216827}
 Missing cell prob  {'4': 6.3836636985543414e-24, '2': 1.6557586851232126e-13, '3': 1.7522227530110796e-16, '5': 0.13201641867381061, '0': 0.13201641867381061}
 Missing cell prob  {'4': 1.5798404323137687e-25, '2': 1.2596332897062724e-13, '3': 1.0691638497263227e-17, '5': 0.008055321857556134, '0': 0.008055321857556134}
 Cells absent at timepoint  2   set()
 Timepoint  2
 Timepoint  3
SortedDict({2: {'2': ['75', '76', '78', '79', '80', '81', '82', '84', '85', '86', '87', '88', '89', '90', '92', '93', '94', '95', '96', '97', '98', '99'], '0': ['0', '1', '2', '3', '4', '5', '6', '7', '8', '9', '10', '11', '12', '13', '14', '15', '16', '17', '18', '19', '20', '21', '22', '23', '24', '25', '26', '27', '28', '29', '30', '31', '32', '33', '34', '35', '36', '37', '38', '39', '40', '41', '42', '43', '44', '45', '46', '47', '48', '49', '50', '51', '52', '53', '54', '55', '56', '57', '58', '59', '60', '61', '62', '63', '64', '65', '66', '67', '68', '69', '70', '71', '72', '73', '74', '77', '83', '91']}, 3: {'2': ['100', '101', '102', '104', '106', '107', '108', '110', '111', '113', '114', '115', '116', '117', '118', '119', '120', '121', '122', '123', '124', '125', '126', '127', '128', '129', '130', '131', '132', '133', '134', '136', '137', '138', '139', '140', '142', '143', '144', '146', '147', '149', '150', '151', '152', '153', '154', '155', '156', '157', '158', '159', '160', '161', '162', '163', '164', '165', '166', '168', '169', '170', '171', '172', '173', '174'], '5': ['103', '105', '109', '234', '238', '240', '257', '271', '278', '279', '280', '282', '283', '287', '296', '306', '307', '326', '331', '350', '353', '354', '356', '358', '361', '362', '367', '381', '382', '388', '394', '398', '402', '403', '404', '409', '415', '421', '427', '430', '434', '437', '438', '452', '459', '460', '462', '467', '469', '476', '493', '499', '502', '505', '509', '526', '538', '544', '549', '556', '558', '563', '566', '567', '573', '578', '581', '597', '512', '259', '262', '391', '264', '265', '393', '267', '519', '141', '269', '272', '276', '405', '539', '541', '420', '550', '167', '423', '300', '301', '559', '433', '562', '564', '440', '442', '316', '572', '319', '320', '322', '451', '324', '580', '455', '456', '585', '330', '588', '333', '338', '466', '340', '343', '471', '346', '477', '479', '352', '482', '483', '484', '229', '360', '363', '236', '492', '247', '250', '253', '510'], '4': ['175', '176', '177', '178', '179', '180', '181', '182', '183', '184', '185', '186', '187', '188', '189', '190', '191', '192', '193', '194', '195', '196', '197', '198', '199', '200', '201', '202', '203', '204', '205', '206', '207', '208', '209', '210', '211', '213', '214', '215', '216', '217', '218', '219', '220', '221', '222', '223', '224'], '3': ['212'], '0': ['112', '135', '145', '148', '225', '226', '227', '228', '230', '231', '232', '233', '235', '237', '239', '241', '242', '243', '244', '245', '246', '248', '249', '251', '252', '254', '255', '256', '258', '260', '261', '263', '266', '268', '270', '273', '274', '275', '277', '281', '284', '285', '286', '288', '289', '290', '291', '292', '293', '294', '295', '297', '298', '299', '302', '303', '304', '305', '308', '309', '310', '311', '312', '313', '314', '315', '317', '318', '321', '323', '325', '327', '328', '329', '332', '334', '335', '336', '337', '339', '341', '342', '344', '345', '347', '348', '349', '351', '355', '357', '359', '364', '365', '366', '368', '369', '370', '371', '372', '373', '374', '375', '376', '377', '378', '379', '380', '383', '384', '385', '386', '387', '389', '390', '392', '395', '396', '397', '399', '400', '401', '406', '407', '408', '410', '411', '412', '413', '414', '416', '417', '418', '419', '422', '424', '425', '426', '428', '429', '431', '432', '435', '436', '439', '441', '443', '444', '445', '446', '447', '448', '449', '450', '453', '454', '457', '458', '461', '463', '464', '465', '468', '470', '472', '473', '474', '475', '478', '480', '481', '485', '486', '487', '488', '489', '490', '491', '494', '495', '496', '497', '498', '500', '501', '503', '504', '506', '507', '508', '511', '513', '514', '515', '516', '517', '518', '520', '521', '522', '523', '524', '525', '527', '528', '529', '530', '531', '532', '533', '534', '535', '536', '537', '540', '542', '543', '545', '546', '547', '548', '551', '552', '553', '554', '555', '557', '560', '561', '565', '568', '569', '570', '571', '574', '575', '576', '577', '579', '582', '583', '584', '586', '587', '589', '590', '591', '592', '593', '594', '595', '596', '598', '599']}})
 Cluster1  5
 Cluster to drop  0
 After reassigning and merging cells 
 Timepoint  2
 Cluster  2  # of cells  22
 Cluster  0  # of cells  78
 Timepoint  3
 Cluster  2  # of cells  66
 Cluster  5  # of cells  384
 Cluster  4  # of cells  49
 Cluster  3  # of cells  1
 Tp cluster cell dict  {'2_2': 22, '0_2': 78, '2_3': 66, '5_3': 384, '4_3': 49, '3_3': 1}
 New Graph is here 
 ID  0  Timepoint  1  Mutations  []  Type  subclone
 ID  1  Timepoint  2  Mutations  [12, 13, 14, 15, 16, 17, 18, 19, 20, 21, 22]  Type  subclone
 ID  2  Timepoint  2  Mutations  [12]  Type  subclone
 ID  3  Timepoint  3  Mutations  [12, 13, 14, 15, 16, 17, 18, 19, 20, 21, 22]  Type  subclone
 ID  4  Timepoint  3  Mutations  [12]  Type  subclone
 ID  5  Timepoint  3  Mutations  [12, 13, 14, 15, 16, 17, 18, 19, 20, 21, 22, 23, 24, 25, 26, 27, 28, 29, 30, 31, 32, 33]  Type  subclone
 ID  6  Timepoint  3  Mutations  [0, 12, 13, 14, 17, 19, 20, 21, 23, 28, 29, 30, 32]  Type  subclone
Timepoints  SortedDict({1: [0], 2: [1, 2], 3: [3, 4, 5, 6]})
 Clone to nodes  {'2_2': 1, '0_2': 2, '2_3': 3, '5_3': 4, '4_3': 5, '3_3': 6}
 Timepoint ====  1
 Hash table  {'0,1': [12], '0': [13, 14, 15, 16, 17, 18, 19, 20, 21, 22]}
 Final possible usc  [[12], [13, 14, 15, 16, 17, 18, 19, 20, 21, 22]]
 Time  1  USC keys  {'12_0', '13,14,15,16,17,18,19,20,21,22_0'}
 USC children  {'12_0': [1, 2], '13,14,15,16,17,18,19,20,21,22_0': [1]}
 USC children  {'12_0': [1, 2], '13,14,15,16,17,18,19,20,21,22_0': [1]}
 Timepoint ====  2
 Hash table  {'0,1': [12, 13, 14, 17, 19, 20, 21, 23, 28, 29, 30, 32], '0': [15, 16, 18, 22, 24, 25, 26, 27, 31, 33], '1': [0]}
====== Inside find superset of t nodes ==========
 Final possible usc  [[12, 13, 14, 17, 19, 20, 21, 23, 28, 29, 30, 32]]
 Time  2  USC keys  {'12,13,14,17,19,20,21,23,28,29,30,32_2'}
 USC children  {'12_0': [1, 2], '13,14,15,16,17,18,19,20,21,22_0': [1], '12,13,14,17,19,20,21,23,28,29,30,32_2': [5, 6]}
 USC children  {'12_0': [1, 2], '13,14,15,16,17,18,19,20,21,22_0': [1], '12,13,14,17,19,20,21,23,28,29,30,32_2': [5, 6]}
 Node s  {'1,2': ['12'], '5,6': ['12', '13', '14', '17', '19', '20', '21', '23', '28', '29', '30', '32']}
 Enroll USC nodes  ['1', '2']  len  2
 Enroll USC nodes  ['5', '6']  len  2
 Node TP  SortedDict({1: [0], 2: [1, 2], 3: [3, 4, 5, 6]})
 Unobserved subclones at timepoints  {1.5: [7], 2.5: [8]}
 ============== Inside finding node v ============ 
 Time  2
 Time  3
 Sorted all timepoints  [1, 1.5, 2, 2.5, 3]
 Timepoint  2
 Inside usc_node check  2
 Timepoint  3
 Inside usc_node check  3
0   1   [-1]   subclone   []   []
1   2   [7]   subclone   [12, 13, 14, 15, 16, 17, 18, 19, 20, 21, 22]   [10]
2   2   [7]   subclone   [12]   [0]
3   3   [1]   subclone   [12, 13, 14, 15, 16, 17, 18, 19, 20, 21, 22]   [0]
4   3   [2]   subclone   [12]   [0]
5   3   [8]   subclone   [12, 13, 14, 15, 16, 17, 18, 19, 20, 21, 22, 23, 24, 25, 26, 27, 28, 29, 30, 31, 32, 33]   [10]
6   3   [8]   subclone   [0, 12, 13, 14, 17, 19, 20, 21, 23, 28, 29, 30, 32]   [1]
7   1.5   [0]   unobserved subclone   [12]   [1]
8   2.5   [2]   unobserved subclone   [12, 13, 14, 17, 19, 20, 21, 23, 28, 29, 30, 32]   [11]
10
 Total estimated FP  139  True negatives  14072
 Total estimated FN  410  True positives  1699
 Estimated FP rate  0.07563
 Estimated FN rate  0.03
 No. of Cells in each cluster  {'5_2': 25, '5_3': 74, '9_3': 1, '4_3': 49, '7_3': 1, '8_3': 2, '6_2': 75, '6_3': 373}
 Cells in each cluster  {'5_2': [75, 76, 77, 78, 79, 80, 81, 82, 83, 84, 85, 86, 87, 88, 89, 90, 91, 92, 93, 94, 95, 96, 97, 98, 99], '5_3': [100, 101, 102, 103, 104, 105, 106, 107, 108, 110, 111, 112, 113, 114, 115, 116, 117, 118, 119, 120, 121, 122, 123, 124, 125, 126, 127, 128, 129, 130, 131, 132, 133, 134, 135, 136, 137, 138, 139, 140, 141, 142, 143, 144, 145, 146, 147, 148, 149, 150, 151, 152, 153, 154, 155, 156, 157, 158, 159, 160, 161, 162, 163, 164, 165, 166, 167, 168, 169, 170, 171, 172, 173, 174], '9_3': [109], '4_3': [175, 176, 177, 178, 179, 180, 181, 182, 183, 184, 185, 186, 187, 188, 189, 190, 191, 192, 193, 194, 195, 196, 197, 198, 199, 200, 201, 202, 203, 204, 205, 206, 207, 208, 209, 210, 211, 213, 214, 215, 216, 217, 218, 219, 220, 221, 222, 223, 224], '7_3': [212], '8_3': [356, 558], '6_2': [39, 0, 1, 2, 3, 4, 5, 6, 7, 8, 9, 10, 11, 12, 13, 14, 15, 16, 17, 18, 19, 20, 21, 22, 23, 24, 25, 26, 27, 28, 29, 30, 31, 32, 33, 34, 35, 36, 37, 38, 40, 41, 42, 43, 44, 45, 46, 47, 48, 50, 51, 52, 53, 54, 55, 56, 57, 58, 59, 60, 61, 62, 63, 64, 65, 66, 67, 68, 69, 70, 71, 72, 73, 74, 49], '6_3': [248, 283, 299, 307, 335, 422, 426, 435, 478, 520, 579, 225, 226, 227, 228, 229, 231, 232, 233, 235, 236, 237, 239, 240, 241, 242, 243, 244, 245, 246, 247, 249, 250, 251, 252, 253, 254, 255, 257, 258, 259, 261, 262, 263, 264, 265, 266, 267, 268, 269, 271, 272, 273, 274, 275, 276, 277, 278, 279, 280, 281, 282, 284, 285, 286, 287, 288, 289, 290, 291, 292, 293, 294, 295, 296, 297, 298, 300, 302, 303, 306, 308, 309, 310, 311, 312, 313, 314, 315, 316, 317, 318, 319, 320, 321, 322, 323, 324, 325, 327, 328, 329, 330, 331, 332, 334, 336, 337, 338, 339, 340, 341, 342, 343, 344, 345, 346, 347, 348, 349, 350, 351, 352, 353, 354, 355, 357, 358, 359, 360, 361, 362, 363, 364, 365, 366, 368, 369, 370, 371, 372, 373, 374, 375, 376, 377, 378, 379, 380, 381, 382, 383, 384, 385, 386, 387, 388, 389, 390, 391, 392, 393, 394, 395, 396, 397, 398, 399, 400, 401, 402, 403, 404, 405, 406, 407, 408, 409, 410, 411, 412, 413, 414, 415, 416, 417, 418, 419, 420, 421, 423, 424, 425, 427, 428, 429, 430, 431, 432, 433, 434, 436, 437, 438, 439, 440, 441, 442, 443, 444, 445, 446, 447, 448, 450, 451, 452, 453, 454, 455, 456, 457, 458, 459, 460, 461, 462, 463, 464, 465, 466, 467, 468, 469, 470, 471, 472, 473, 474, 475, 476, 477, 479, 480, 481, 482, 483, 484, 486, 487, 488, 489, 490, 491, 492, 493, 494, 495, 496, 497, 498, 499, 500, 501, 502, 503, 504, 505, 506, 507, 508, 509, 510, 511, 513, 514, 515, 516, 517, 518, 521, 522, 523, 524, 525, 526, 527, 528, 529, 531, 532, 533, 534, 535, 536, 537, 538, 539, 540, 542, 543, 544, 545, 546, 547, 548, 549, 550, 551, 552, 553, 554, 555, 556, 557, 559, 560, 561, 562, 563, 564, 565, 566, 567, 568, 569, 570, 571, 572, 573, 574, 575, 576, 577, 578, 580, 581, 582, 583, 584, 585, 586, 587, 588, 589, 590, 591, 592, 593, 594, 595, 596, 597, 599, 238, 260, 305, 367, 449, 485, 530, 541, 598, 230, 256, 270, 301, 326, 333, 519, 234, 304, 512]}
FP rate  0.07563 FN rate  0.03
 Before reassigning cells 
 Timepoint  2
 Cluster  5  # of cells  22
 Cluster  6  # of cells  78
 Timepoint  3
 Cluster  5  # of cells  65
 Cluster  9  # of cells  5
 Cluster  4  # of cells  49
 Cluster  7  # of cells  1
 Cluster  8  # of cells  6
 Cluster  6  # of cells  340
 Cells absent at timepoint  3   {256, 257, 509, 259, 394, 398, 526, 403, 405, 279, 541, 549, 167, 427, 430, 306, 307, 563, 437, 438, 567, 451, 326, 460, 597, 352, 353, 354, 358, 361, 234, 362, 502, 253}
 Missing cell prob  {'9': 7.465991601112972e-08, '7': 1.362524796790715e-11, '6': 0.0009091055432633959, '4': 1.6770565798013388e-23, '5': 3.2733418907197743e-11, '8': 0.0009091055432633961}
 Missing cell prob  {'9': 9.952360326255063e-05, '7': 1.2249811092622317e-16, '6': 0.003066554438260133, '4': 4.893370550762855e-30, '5': 3.77445262656243e-15, '8': 0.0030665544382601313}
 Missing cell prob  {'9': 9.952360326255063e-05, '7': 1.2249811092622317e-16, '6': 0.003066554438260133, '4': 4.893370550762855e-30, '5': 1.2249811092622312e-16, '8': 0.003066554438260132}
 Missing cell prob  {'9': 0.00013631470952867538, '7': 1.592924520320433e-13, '6': 0.12941716961091712, '4': 1.9606428846084384e-25, '5': 4.908172129495329e-12, '8': 0.12941716961091712}
 Missing cell prob  {'9': 0.0001260052280470217, '7': 4.778773560961299e-15, '6': 0.0038825150883275133, '4': 5.881928653825315e-27, '5': 4.5369670713415976e-12, '8': 0.003882515088327514}
 Missing cell prob  {'9': 0.003882515088327515, '7': 4.778773560961301e-15, '6': 0.0038825150883275133, '4': 5.881928653825315e-27, '5': 4.778773560961299e-15, '8': 0.0038825150883275133}
 Missing cell prob  {'9': 0.00023192351216561383, '7': 9.264532129350253e-18, '6': 0.00023192351216561383, '4': 3.898100478292619e-34, '5': 3.0067609710452256e-19, '8': 7.526970114746709e-06}
 Missing cell prob  {'9': 0.005752861799363555, '7': 6.722586765512062e-12, '6': 0.005752861799363557, '4': 8.274461055639135e-24, '5': 2.181784382502264e-13, '8': 0.00018670646384121798}
 Missing cell prob  {'9': 0.0001363147095286754, '7': 5.169762715104665e-15, '6': 0.12941716961091712, '4': 6.041198210818341e-24, '5': 4.908172129495329e-12, '8': 0.12941716961091712}
 Missing cell prob  {'9': 0.0045438236509558454, '7': 1.723254238368222e-13, '6': 0.0045438236509558454, '4': 2.121058542151344e-25, '5': 1.8150984266882557e-16, '8': 0.0045438236509558454}
 Missing cell prob  {'9': 0.009047567670409403, '7': 1.057266119062654e-11, '6': 0.009047567670409403, '4': 5.416773318430124e-24, '5': 3.4313081960556495e-13, '8': 9.529775397196246e-06}
 Missing cell prob  {'9': 9.529775397196253e-06, '7': 1.1136151744611953e-14, '6': 0.00029363461613021003, '4': 1.4437409178861554e-29, '5': 1.113615174461195e-14, '8': 0.0002936346161302099}
 Missing cell prob  {'9': 1.9750870194417415e-07, '7': 4.3890442702467975e-07, '6': 4.744966912736902e-07, '4': 7.297964061396758e-21, '5': 1.8269346289117656e-07, '8': 4.997859158699635e-10}
 Missing cell prob  {'9': 0.004915589699964134, '7': 1.680358174570962e-07, '6': 0.004915589699964132, '4': 2.178492094009376e-22, '5': 5.744180794560738e-12, '8': 0.004915589699964133}
 Missing cell prob  {'9': 0.004915589699964132, '7': 1.8642472585309148e-13, '6': 0.004915589699964134, '4': 7.44701495007522e-27, '5': 6.050328088960853e-15, '8': 0.004915589699964132}
 Missing cell prob  {'9': 0.0030665544382601313, '7': 1.2249811092622317e-16, '6': 0.0030665544382601313, '4': 1.50776164533622e-28, '5': 1.162996924805171e-13, '8': 0.003066554438260132}
 Missing cell prob  {'9': 0.00027142703011228205, '7': 1.0842559332465095e-17, '6': 0.00027142703011228216, '4': 5.273966038044411e-27, '5': 1.029392458816695e-14, '8': 8.809038483906296e-06}
 Missing cell prob  {'9': 9.529775397196251e-06, '7': 3.8068115443927127e-19, '6': 0.0002936346161302099, '4': 1.443740917886155e-29, '5': 1.113615174461195e-14, '8': 0.0002936346161302099}
 Missing cell prob  {'9': 0.00011647545264982544, '7': 1.43363206828839e-16, '6': 0.0035888804721973034, '4': 1.7645785961475945e-28, '5': 4.4173549165457964e-15, '8': 0.0035888804721973043}
 Missing cell prob  {'9': 0.004915589699964132, '7': 1.864247258530915e-13, '6': 0.004915589699964132, '4': 2.2945990698003443e-25, '5': 1.8642472585309148e-13, '8': 0.00015953318584433068}
 Missing cell prob  {'9': 0.00015953318584433073, '7': 1.864247258530915e-13, '6': 0.004915589699964132, '4': 2.178492094009376e-22, '5': 5.744180794560738e-12, '8': 0.004915589699964132}
 Missing cell prob  {'9': 0.011454979424059692, '7': 1.4099302016269307e-14, '6': 0.011454979424059692, '4': 5.632177406741891e-28, '5': 1.4099302016269307e-14, '8': 1.2065494845406737e-05}
 Missing cell prob  {'9': 0.00034364938272179053, '7': 5.424959522324964e-15, '6': 0.0003436493827217907, '4': 2.167081350471889e-28, '5': 4.229790604880792e-16, '8': 0.00034364938272179053}
 Missing cell prob  {'9': 0.0035888804721973034, '7': 1.36109012140248e-13, '6': 0.003588880472197305, '4': 5.4370783897365064e-27, '5': 1.3610901214024792e-13, '8': 0.00011647545264982542}
 Missing cell prob  {'9': 0.0045438236509558454, '7': 1.6360573764984426e-10, '6': 0.004543823650955847, '4': 2.0137327369394472e-22, '5': 1.7232542383682217e-13, '8': 0.0045438236509558454}
 Missing cell prob  {'9': 0.0033174534420850215, '7': 4.083270364207438e-15, '6': 0.10221848127533772, '4': 5.025872151120733e-27, '5': 1.2581508755208096e-13, '8': 0.10221848127533772}
 Missing cell prob  {'9': 0.0033174534420850215, '7': 1.2581508755208093e-13, '6': 0.0033174534420850215, '4': 1.7180574191425885e-31, '5': 4.083270364207438e-15, '8': 0.0001076664141659191}
 Missing cell prob  {'9': 0.00014746769099892402, '7': 5.309748401068111e-12, '6': 0.0045438236509558454, '4': 6.535476282028128e-24, '5': 5.30974840106811e-12, '8': 0.0045438236509558454}
 Missing cell prob  {'9': 0.003882515088327514, '7': 4.778773560961299e-15, '6': 0.0038825150883275133, '4': 6.1954174884609285e-30, '5': 4.7787735609612975e-15, '8': 0.00012600522804702164}
 Missing cell prob  {'9': 0.0035888804721973034, '7': 4.4173549165457964e-15, '6': 0.0035888804721973034, '4': 1.6752907170402444e-25, '5': 1.361090121402479e-13, '8': 0.0035888804721973043}
 Missing cell prob  {'9': 7.207369132899526e-07, '7': 1.3854297469926465e-13, '6': 2.2207586017927773e-05, '4': 5.5343066703842366e-27, '5': 1.0802067192273589e-14, '8': 2.220758601792777e-05}
 Missing cell prob  {'9': 0.0045438236509558454, '7': 1.723254238368222e-13, '6': 0.0045438236509558454, '4': 2.121058542151344e-25, '5': 5.592741775592744e-15, '8': 0.0045438236509558454}
 Missing cell prob  {'9': 0.0035888804721973034, '7': 4.417354916545797e-15, '6': 0.0035888804721973034, '4': 5.7268580638086286e-30, '5': 4.4173549165457964e-15, '8': 0.00011647545264982539}
 Missing cell prob  {'9': 0.00014746769099892396, '7': 5.592741775592744e-15, '6': 0.14000580894113518, '4': 6.535476282028128e-24, '5': 1.7232542383682217e-13, '8': 0.14000580894113518}
 Cells absent at timepoint  2   set()
 Timepoint  2
 Timepoint  3
SortedDict({2: {'5': ['75', '76', '78', '79', '80', '81', '82', '84', '85', '86', '87', '88', '89', '90', '92', '93', '94', '95', '96', '97', '98', '99'], '6': ['0', '1', '2', '3', '4', '5', '6', '7', '8', '9', '10', '11', '12', '13', '14', '15', '16', '17', '18', '19', '20', '21', '22', '23', '24', '25', '26', '27', '28', '29', '30', '31', '32', '33', '34', '35', '36', '37', '38', '39', '40', '41', '42', '43', '44', '45', '46', '47', '48', '49', '50', '51', '52', '53', '54', '55', '56', '57', '58', '59', '60', '61', '62', '63', '64', '65', '66', '67', '68', '69', '70', '71', '72', '73', '74', '77', '83', '91']}, 3: {'5': ['100', '101', '102', '104', '106', '107', '108', '110', '111', '113', '114', '115', '116', '117', '118', '119', '120', '121', '122', '123', '124', '125', '126', '127', '128', '129', '130', '131', '133', '134', '136', '137', '138', '139', '140', '142', '143', '144', '146', '147', '149', '150', '151', '152', '153', '154', '155', '156', '157', '158', '159', '160', '161', '162', '163', '164', '165', '166', '168', '169', '170', '171', '172', '173', '174'], '9': ['105', '109', '238', '478', '566', '398', '526', '279', '541', '427', '438', '451', '353', '358', '362', '502'], '4': ['175', '176', '177', '178', '179', '180', '181', '182', '183', '184', '185', '186', '187', '188', '189', '190', '191', '192', '193', '194', '195', '196', '197', '198', '199', '200', '201', '202', '203', '204', '205', '206', '207', '208', '209', '210', '211', '213', '214', '215', '216', '217', '218', '219', '220', '221', '222', '223', '224'], '7': ['212'], '8': ['103', '132', '356', '367', '388', '558', '256', '394', '306', '437', '361'], '6': ['112', '135', '141', '145', '148', '225', '226', '227', '228', '229', '230', '231', '232', '233', '235', '236', '237', '239', '240', '241', '242', '243', '244', '245', '246', '247', '248', '249', '250', '251', '252', '254', '255', '258', '260', '261', '262', '263', '264', '265', '266', '267', '268', '269', '270', '271', '272', '273', '274', '275', '276', '277', '278', '280', '281', '282', '283', '284', '285', '286', '287', '288', '289', '290', '291', '292', '293', '294', '295', '296', '297', '298', '299', '300', '301', '302', '303', '304', '305', '308', '309', '310', '311', '312', '313', '314', '315', '316', '317', '318', '319', '320', '321', '322', '323', '324', '325', '327', '328', '329', '330', '331', '332', '333', '334', '335', '336', '337', '338', '339', '340', '341', '342', '343', '344', '345', '346', '347', '348', '349', '350', '351', '355', '357', '359', '360', '363', '364', '365', '366', '368', '369', '370', '371', '372', '373', '374', '375', '376', '377', '378', '379', '380', '381', '382', '383', '384', '385', '386', '387', '389', '390', '391', '392', '393', '395', '396', '397', '399', '400', '401', '402', '404', '406', '407', '408', '409', '410', '411', '412', '413', '414', '415', '416', '417', '418', '419', '420', '421', '422', '423', '424', '425', '426', '428', '429', '431', '432', '433', '434', '435', '436', '439', '440', '441', '442', '443', '444', '445', '446', '447', '448', '449', '450', '452', '453', '454', '455', '456', '457', '458', '459', '461', '462', '463', '464', '465', '466', '467', '468', '469', '470', '471', '472', '473', '474', '475', '476', '477', '479', '480', '481', '482', '483', '484', '485', '486', '487', '488', '489', '490', '491', '492', '493', '494', '495', '496', '497', '498', '499', '500', '501', '503', '504', '505', '506', '507', '508', '510', '511', '512', '513', '514', '515', '516', '517', '518', '519', '520', '521', '522', '523', '524', '525', '527', '528', '529', '530', '531', '532', '533', '534', '535', '536', '537', '538', '539', '540', '542', '543', '544', '545', '546', '547', '548', '550', '551', '552', '553', '554', '555', '556', '557', '559', '560', '561', '562', '564', '565', '568', '569', '570', '571', '572', '573', '574', '575', '576', '577', '578', '579', '580', '581', '582', '583', '584', '585', '586', '587', '588', '589', '590', '591', '592', '593', '594', '595', '596', '598', '599', '257', '509', '259', '403', '405', '549', '167', '430', '307', '563', '567', '326', '460', '597', '352', '354', '234', '253']}})
 Cluster1  9
SortedDict({2: {'5': ['75', '76', '78', '79', '80', '81', '82', '84', '85', '86', '87', '88', '89', '90', '92', '93', '94', '95', '96', '97', '98', '99'], '6': ['0', '1', '2', '3', '4', '5', '6', '7', '8', '9', '10', '11', '12', '13', '14', '15', '16', '17', '18', '19', '20', '21', '22', '23', '24', '25', '26', '27', '28', '29', '30', '31', '32', '33', '34', '35', '36', '37', '38', '39', '40', '41', '42', '43', '44', '45', '46', '47', '48', '49', '50', '51', '52', '53', '54', '55', '56', '57', '58', '59', '60', '61', '62', '63', '64', '65', '66', '67', '68', '69', '70', '71', '72', '73', '74', '77', '83', '91']}, 3: {'5': ['100', '101', '102', '104', '106', '107', '108', '110', '111', '113', '114', '115', '116', '117', '118', '119', '120', '121', '122', '123', '124', '125', '126', '127', '128', '129', '130', '131', '133', '134', '136', '137', '138', '139', '140', '142', '143', '144', '146', '147', '149', '150', '151', '152', '153', '154', '155', '156', '157', '158', '159', '160', '161', '162', '163', '164', '165', '166', '168', '169', '170', '171', '172', '173', '174'], '9': ['105', '109', '238', '478', '566', '398', '526', '279', '541', '427', '438', '451', '353', '358', '362', '502', '103', '132', '356', '367', '388', '558', '256', '394', '306', '437', '361'], '4': ['175', '176', '177', '178', '179', '180', '181', '182', '183', '184', '185', '186', '187', '188', '189', '190', '191', '192', '193', '194', '195', '196', '197', '198', '199', '200', '201', '202', '203', '204', '205', '206', '207', '208', '209', '210', '211', '213', '214', '215', '216', '217', '218', '219', '220', '221', '222', '223', '224'], '7': ['212'], '8': ['103', '132', '356', '367', '388', '558', '256', '394', '306', '437', '361'], '6': ['112', '135', '141', '145', '148', '225', '226', '227', '228', '229', '230', '231', '232', '233', '235', '236', '237', '239', '240', '241', '242', '243', '244', '245', '246', '247', '248', '249', '250', '251', '252', '254', '255', '258', '260', '261', '262', '263', '264', '265', '266', '267', '268', '269', '270', '271', '272', '273', '274', '275', '276', '277', '278', '280', '281', '282', '283', '284', '285', '286', '287', '288', '289', '290', '291', '292', '293', '294', '295', '296', '297', '298', '299', '300', '301', '302', '303', '304', '305', '308', '309', '310', '311', '312', '313', '314', '315', '316', '317', '318', '319', '320', '321', '322', '323', '324', '325', '327', '328', '329', '330', '331', '332', '333', '334', '335', '336', '337', '338', '339', '340', '341', '342', '343', '344', '345', '346', '347', '348', '349', '350', '351', '355', '357', '359', '360', '363', '364', '365', '366', '368', '369', '370', '371', '372', '373', '374', '375', '376', '377', '378', '379', '380', '381', '382', '383', '384', '385', '386', '387', '389', '390', '391', '392', '393', '395', '396', '397', '399', '400', '401', '402', '404', '406', '407', '408', '409', '410', '411', '412', '413', '414', '415', '416', '417', '418', '419', '420', '421', '422', '423', '424', '425', '426', '428', '429', '431', '432', '433', '434', '435', '436', '439', '440', '441', '442', '443', '444', '445', '446', '447', '448', '449', '450', '452', '453', '454', '455', '456', '457', '458', '459', '461', '462', '463', '464', '465', '466', '467', '468', '469', '470', '471', '472', '473', '474', '475', '476', '477', '479', '480', '481', '482', '483', '484', '485', '486', '487', '488', '489', '490', '491', '492', '493', '494', '495', '496', '497', '498', '499', '500', '501', '503', '504', '505', '506', '507', '508', '510', '511', '512', '513', '514', '515', '516', '517', '518', '519', '520', '521', '522', '523', '524', '525', '527', '528', '529', '530', '531', '532', '533', '534', '535', '536', '537', '538', '539', '540', '542', '543', '544', '545', '546', '547', '548', '550', '551', '552', '553', '554', '555', '556', '557', '559', '560', '561', '562', '564', '565', '568', '569', '570', '571', '572', '573', '574', '575', '576', '577', '578', '579', '580', '581', '582', '583', '584', '585', '586', '587', '588', '589', '590', '591', '592', '593', '594', '595', '596', '598', '599', '257', '509', '259', '403', '405', '549', '167', '430', '307', '563', '567', '326', '460', '597', '352', '354', '234', '253']}})
 Cluster1  9
 Cluster to drop  8
 Cluster to drop  6
 After reassigning and merging cells 
 Timepoint  2
 Cluster  5  # of cells  22
 Cluster  6  # of cells  78
 Timepoint  3
 Cluster  5  # of cells  65
 Cluster  9  # of cells  385
 Cluster  4  # of cells  49
 Cluster  7  # of cells  1
 Tp cluster cell dict  {'5_2': 22, '6_2': 78, '5_3': 65, '9_3': 385, '4_3': 49, '7_3': 1}
 New Graph is here 
 ID  0  Timepoint  1  Mutations  []  Type  subclone
 ID  1  Timepoint  2  Mutations  [12, 13, 14, 15, 16, 17, 18, 19, 20, 21, 22]  Type  subclone
 ID  2  Timepoint  2  Mutations  [12]  Type  subclone
 ID  3  Timepoint  3  Mutations  [12, 13, 14, 15, 16, 17, 18, 19, 20, 21, 22]  Type  subclone
 ID  4  Timepoint  3  Mutations  [12]  Type  subclone
 ID  5  Timepoint  3  Mutations  [12, 13, 14, 15, 16, 17, 18, 19, 20, 21, 22, 23, 24, 25, 26, 27, 28, 29, 30, 31, 32, 33]  Type  subclone
 ID  6  Timepoint  3  Mutations  [4, 12, 13, 14, 17, 19, 20, 23, 28, 30, 32]  Type  subclone
Timepoints  SortedDict({1: [0], 2: [1, 2], 3: [3, 4, 5, 6]})
 Clone to nodes  {'5_2': 1, '6_2': 2, '5_3': 3, '9_3': 4, '4_3': 5, '7_3': 6}
 Timepoint ====  1
 Hash table  {'0,1': [12], '0': [13, 14, 15, 16, 17, 18, 19, 20, 21, 22]}
 Final possible usc  [[12], [13, 14, 15, 16, 17, 18, 19, 20, 21, 22]]
 Time  1  USC keys  {'12_0', '13,14,15,16,17,18,19,20,21,22_0'}
 USC children  {'12_0': [1, 2], '13,14,15,16,17,18,19,20,21,22_0': [1]}
 USC children  {'12_0': [1, 2], '13,14,15,16,17,18,19,20,21,22_0': [1]}
 Timepoint ====  2
 Hash table  {'0,1': [12, 13, 14, 17, 19, 20, 23, 28, 30, 32], '0': [15, 16, 18, 21, 22, 24, 25, 26, 27, 29, 31, 33], '1': [4]}
====== Inside find superset of t nodes ==========
 Final possible usc  [[12, 13, 14, 17, 19, 20, 23, 28, 30, 32]]
 Time  2  USC keys  {'12,13,14,17,19,20,23,28,30,32_2'}
 USC children  {'12_0': [1, 2], '13,14,15,16,17,18,19,20,21,22_0': [1], '12,13,14,17,19,20,23,28,30,32_2': [5, 6]}
 USC children  {'12_0': [1, 2], '13,14,15,16,17,18,19,20,21,22_0': [1], '12,13,14,17,19,20,23,28,30,32_2': [5, 6]}
 Node s  {'1,2': ['12'], '5,6': ['12', '13', '14', '17', '19', '20', '23', '28', '30', '32']}
 Enroll USC nodes  ['1', '2']  len  2
 Enroll USC nodes  ['5', '6']  len  2
 Node TP  SortedDict({1: [0], 2: [1, 2], 3: [3, 4, 5, 6]})
 Unobserved subclones at timepoints  {1.5: [7], 2.5: [8]}
 ============== Inside finding node v ============ 
 Time  2
 Time  3
 Sorted all timepoints  [1, 1.5, 2, 2.5, 3]
 Timepoint  2
 Inside usc_node check  2
 Timepoint  3
 Inside usc_node check  3
0   1   [-1]   subclone   []   []
1   2   [7]   subclone   [12, 13, 14, 15, 16, 17, 18, 19, 20, 21, 22]   [10]
2   2   [7]   subclone   [12]   [0]
3   3   [1]   subclone   [12, 13, 14, 15, 16, 17, 18, 19, 20, 21, 22]   [0]
4   3   [2]   subclone   [12]   [0]
5   3   [8]   subclone   [12, 13, 14, 15, 16, 17, 18, 19, 20, 21, 22, 23, 24, 25, 26, 27, 28, 29, 30, 31, 32, 33]   [12]
6   3   [8]   subclone   [4, 12, 13, 14, 17, 19, 20, 23, 28, 30, 32]   [1]
7   1.5   [0]   unobserved subclone   [12]   [1]
8   2.5   [2]   unobserved subclone   [12, 13, 14, 17, 19, 20, 23, 28, 30, 32]   [9]
6
 Total estimated FP  142  True negatives  14070
 Total estimated FN  412  True positives  1696
 Estimated FP rate  0.07726
 Estimated FN rate  0.03
 No. of Cells in each cluster  {'2_2': 25, '2_3': 74, '5_3': 1, '4_3': 49, '3_3': 1, '1_2': 75, '1_3': 375}
 Cells in each cluster  {'2_2': [75, 76, 77, 78, 79, 80, 81, 82, 83, 84, 85, 86, 87, 88, 89, 90, 91, 92, 93, 94, 95, 96, 97, 98, 99], '2_3': [100, 101, 102, 103, 104, 105, 106, 107, 108, 110, 111, 112, 113, 114, 115, 116, 117, 118, 119, 120, 121, 122, 123, 124, 125, 126, 127, 128, 129, 130, 131, 132, 133, 134, 135, 136, 137, 138, 139, 140, 141, 142, 143, 144, 145, 146, 147, 148, 149, 150, 151, 152, 153, 154, 155, 156, 157, 158, 159, 160, 161, 162, 163, 164, 165, 166, 167, 168, 169, 170, 171, 172, 173, 174], '5_3': [109], '4_3': [175, 176, 177, 178, 179, 180, 181, 182, 183, 184, 185, 186, 187, 188, 189, 190, 191, 192, 193, 194, 195, 196, 197, 198, 199, 200, 201, 202, 203, 204, 205, 206, 207, 208, 209, 210, 211, 213, 214, 215, 216, 217, 218, 219, 220, 221, 222, 223, 224], '3_3': [212], '1_2': [0, 1, 2, 3, 4, 5, 6, 7, 8, 9, 10, 11, 12, 13, 14, 15, 16, 17, 18, 19, 20, 21, 22, 23, 24, 25, 26, 27, 28, 29, 30, 31, 32, 33, 34, 35, 36, 37, 38, 39, 40, 41, 42, 43, 44, 45, 46, 47, 48, 50, 51, 52, 53, 54, 55, 56, 57, 58, 59, 60, 61, 62, 63, 64, 65, 66, 67, 68, 69, 70, 71, 72, 73, 74, 49], '1_3': [225, 226, 227, 228, 229, 231, 232, 233, 234, 235, 236, 237, 239, 240, 241, 242, 243, 244, 245, 246, 247, 248, 249, 250, 251, 252, 253, 254, 255, 257, 258, 259, 260, 261, 262, 263, 264, 265, 266, 267, 268, 269, 271, 272, 273, 274, 275, 276, 277, 278, 279, 280, 281, 282, 283, 284, 285, 286, 287, 288, 289, 290, 291, 292, 293, 294, 295, 296, 297, 298, 299, 300, 302, 303, 304, 305, 306, 307, 308, 309, 310, 311, 312, 313, 314, 315, 316, 317, 318, 319, 320, 321, 322, 323, 324, 325, 327, 328, 329, 330, 331, 332, 334, 335, 336, 337, 338, 339, 340, 341, 342, 343, 344, 345, 346, 347, 348, 349, 350, 351, 352, 353, 354, 355, 357, 358, 359, 360, 361, 362, 363, 364, 365, 366, 368, 369, 370, 371, 372, 373, 374, 375, 376, 377, 378, 379, 380, 381, 382, 383, 384, 385, 386, 387, 388, 389, 390, 391, 392, 393, 394, 395, 396, 397, 398, 399, 400, 401, 402, 403, 404, 405, 406, 407, 408, 409, 410, 411, 412, 413, 414, 415, 416, 417, 418, 419, 420, 421, 422, 423, 424, 425, 426, 427, 428, 429, 430, 431, 432, 433, 434, 435, 436, 437, 438, 439, 440, 441, 442, 443, 444, 445, 446, 447, 448, 449, 450, 451, 452, 453, 454, 455, 456, 457, 458, 459, 460, 461, 462, 463, 464, 465, 466, 467, 468, 469, 470, 471, 472, 473, 474, 475, 476, 477, 478, 479, 480, 481, 482, 483, 484, 485, 486, 487, 488, 489, 490, 491, 492, 493, 494, 495, 496, 497, 498, 499, 500, 501, 502, 503, 504, 505, 506, 507, 508, 509, 510, 511, 512, 513, 514, 515, 516, 517, 518, 520, 521, 522, 523, 524, 525, 526, 527, 528, 529, 530, 531, 532, 533, 534, 535, 536, 537, 538, 539, 540, 541, 542, 543, 544, 545, 546, 547, 548, 549, 550, 551, 552, 553, 554, 555, 556, 557, 559, 560, 561, 562, 563, 564, 565, 566, 567, 568, 569, 570, 571, 572, 573, 574, 575, 576, 577, 578, 579, 580, 581, 582, 583, 584, 585, 586, 587, 588, 589, 590, 591, 592, 593, 594, 595, 596, 597, 598, 599, 230, 238, 256, 270, 301, 326, 333, 356, 367, 519, 558]}
FP rate  0.07726 FN rate  0.03
 Before reassigning cells 
 Timepoint  2
 Cluster  2  # of cells  22
 Cluster  1  # of cells  78
 Timepoint  3
 Cluster  2  # of cells  67
 Cluster  4  # of cells  49
 Cluster  3  # of cells  1
 Cluster  1  # of cells  383
 Cells absent at timepoint  3   set()
 Cells absent at timepoint  2   set()
 Timepoint  2
 Timepoint  3
 After reassigning and merging cells 
 Timepoint  2
 Cluster  2  # of cells  22
 Cluster  1  # of cells  78
 Timepoint  3
 Cluster  2  # of cells  67
 Cluster  4  # of cells  49
 Cluster  3  # of cells  1
 Cluster  1  # of cells  383
 Tp cluster cell dict  {'2_2': 22, '1_2': 78, '2_3': 67, '4_3': 49, '3_3': 1, '1_3': 383}
 New Graph is here 
 ID  0  Timepoint  1  Mutations  []  Type  subclone
 ID  1  Timepoint  2  Mutations  [12, 13, 14, 15, 16, 17, 18, 19, 20, 21, 22]  Type  subclone
 ID  2  Timepoint  2  Mutations  [12]  Type  subclone
 ID  3  Timepoint  3  Mutations  [12, 13, 14, 15, 16, 17, 18, 19, 20, 21, 22]  Type  subclone
 ID  4  Timepoint  3  Mutations  [12, 13, 14, 15, 16, 17, 18, 19, 20, 21, 22, 23, 24, 25, 26, 27, 28, 29, 30, 31, 32, 33]  Type  subclone
 ID  5  Timepoint  3  Mutations  [4, 5, 12, 13, 17, 19, 20, 23, 28, 29, 30, 32]  Type  subclone
 ID  6  Timepoint  3  Mutations  [12]  Type  subclone
Timepoints  SortedDict({1: [0], 2: [1, 2], 3: [3, 4, 5, 6]})
 Clone to nodes  {'2_2': 1, '1_2': 2, '2_3': 3, '4_3': 4, '3_3': 5, '1_3': 6}
 Timepoint ====  1
 Hash table  {'0,1': [12], '0': [13, 14, 15, 16, 17, 18, 19, 20, 21, 22]}
 Final possible usc  [[12], [13, 14, 15, 16, 17, 18, 19, 20, 21, 22]]
 Time  1  USC keys  {'13,14,15,16,17,18,19,20,21,22_0', '12_0'}
 USC children  {'12_0': [1, 2], '13,14,15,16,17,18,19,20,21,22_0': [1]}
 USC children  {'12_0': [1, 2], '13,14,15,16,17,18,19,20,21,22_0': [1]}
 Timepoint ====  2
 Hash table  {'0,1': [12, 13, 17, 19, 20, 23, 28, 29, 30, 32], '0': [14, 15, 16, 18, 21, 22, 24, 25, 26, 27, 31, 33], '1': [4, 5]}
====== Inside find superset of t nodes ==========
 Final possible usc  [[12, 13, 17, 19, 20, 23, 28, 29, 30, 32]]
 Time  2  USC keys  {'12,13,17,19,20,23,28,29,30,32_2'}
 USC children  {'12_0': [1, 2], '13,14,15,16,17,18,19,20,21,22_0': [1], '12,13,17,19,20,23,28,29,30,32_2': [4, 5]}
 USC children  {'12_0': [1, 2], '13,14,15,16,17,18,19,20,21,22_0': [1], '12,13,17,19,20,23,28,29,30,32_2': [4, 5]}
 Node s  {'1,2': ['12'], '4,5': ['12', '13', '17', '19', '20', '23', '28', '29', '30', '32']}
 Enroll USC nodes  ['1', '2']  len  2
 Enroll USC nodes  ['4', '5']  len  2
 Node TP  SortedDict({1: [0], 2: [1, 2], 3: [3, 4, 5, 6]})
 Unobserved subclones at timepoints  {1.5: [7], 2.5: [8]}
 ============== Inside finding node v ============ 
 Time  2
 Time  3
 Sorted all timepoints  [1, 1.5, 2, 2.5, 3]
 Timepoint  2
 Inside usc_node check  2
 Timepoint  3
 Inside usc_node check  3
0   1   [-1]   subclone   []   []
1   2   [7]   subclone   [12, 13, 14, 15, 16, 17, 18, 19, 20, 21, 22]   [10]
2   2   [7]   subclone   [12]   [0]
3   3   [1]   subclone   [12, 13, 14, 15, 16, 17, 18, 19, 20, 21, 22]   [0]
4   3   [8]   subclone   [12, 13, 14, 15, 16, 17, 18, 19, 20, 21, 22, 23, 24, 25, 26, 27, 28, 29, 30, 31, 32, 33]   [12]
5   3   [8]   subclone   [4, 5, 12, 13, 17, 19, 20, 23, 28, 29, 30, 32]   [2]
6   3   [2]   subclone   [12]   [0]
7   1.5   [0]   unobserved subclone   [12]   [1]
8   2.5   [2]   unobserved subclone   [12, 13, 17, 19, 20, 23, 28, 29, 30, 32]   [9]
 List of tree files  ['all_trees/mc2_rep5_m1_tree.csv', 'all_trees/mc2_rep5_m2_tree.csv', 'all_trees/mc2_rep5_m3_tree.csv', 'all_trees/mc2_rep5_m4_tree.csv', 'all_trees/mc2_rep5_m5_tree.csv']
{'1': ['12', '13', '14', '15', '16', '17', '18', '19', '20', '21', '22'], '2': ['12'], '3': ['12', '13', '14', '15', '16', '17', '18', '19', '20', '21', '22'], '4': ['6', '7', '8', '13', '17', '20'], '5': ['12', '13', '14', '15', '16', '17', '18', '19', '20', '21', '22', '23', '24', '25', '26', '27', '28', '29', '30', '31', '32', '33'], '6': ['5', '12', '13', '17', '19', '20', '23', '28', '29', '30', '32'], '7': ['12'], '8': ['12'], '9': ['12', '19', '23', '28', '29', '30', '32']}
 Actual mutation of  1   ['15', '22', '21', '20', '18', '13', '19', '14', '17', '16']
 Actual mutation of  2   []
 Actual mutation of  3   []
 Actual mutation of  4   ['7', '20', '8', '13', '6', '17']
 Actual mutation of  5   ['22', '15', '21', '33', '20', '31', '26', '18', '24', '13', '27', '14', '17', '25', '16']
 Actual mutation of  6   ['13', '20', '5', '17']
 Actual mutation of  7   []
 Actual mutation of  9   ['32', '29', '23', '28', '19', '30']
 Updated node mutation  {'1': ['15', '22', '21', '20', '18', '13', '19', '14', '17', '16'], '2': [], '3': [], '4': ['7', '20', '8', '13', '6', '17'], '5': ['22', '15', '21', '33', '20', '31', '26', '18', '24', '13', '27', '14', '17', '25', '16'], '6': ['13', '20', '5', '17'], '7': [], '8': ['12'], '9': ['32', '29', '23', '28', '19', '30']}
{'1': ['12', '13', '14', '15', '16', '17', '18', '19', '20', '21', '22'], '2': ['12'], '3': ['12', '13', '14', '15', '16', '17', '18', '19', '20', '21', '22'], '4': ['1', '12', '13', '14', '15', '16', '17', '18', '19', '20', '21', '22', '27'], '5': ['12', '13', '14', '15', '16', '17', '18', '19', '20', '21', '22', '23', '24', '25', '26', '27', '28', '29', '30', '31', '32', '33'], '6': ['4', '12', '13', '17', '19', '20', '23', '28', '29', '30', '32'], '7': ['12'], '8': ['12'], '9': ['12', '13', '17', '19', '20']}
 Actual mutation of  1   ['15', '22', '21', '20', '18', '13', '19', '14', '17', '16']
 Actual mutation of  2   []
 Actual mutation of  3   []
 Actual mutation of  4   ['15', '22', '21', '18', '27', '14', '1', '16']
 Actual mutation of  5   ['22', '15', '21', '31', '33', '26', '32', '18', '24', '29', '23', '28', '27', '14', '25', '30', '16']
 Actual mutation of  6   ['32', '29', '23', '28', '4', '30']
 Actual mutation of  7   []
 Actual mutation of  9   ['13', '20', '19', '17']
 Updated node mutation  {'1': ['15', '22', '21', '20', '18', '13', '19', '14', '17', '16'], '2': [], '3': [], '4': ['15', '22', '21', '18', '27', '14', '1', '16'], '5': ['22', '15', '21', '31', '33', '26', '32', '18', '24', '29', '23', '28', '27', '14', '25', '30', '16'], '6': ['32', '29', '23', '28', '4', '30'], '7': [], '8': ['12'], '9': ['13', '20', '19', '17']}
{'1': ['12', '13', '14', '15', '16', '17', '18', '19', '20', '21', '22'], '2': ['12'], '3': ['12', '13', '14', '15', '16', '17', '18', '19', '20', '21', '22'], '4': ['12'], '5': ['12', '13', '14', '15', '16', '17', '18', '19', '20', '21', '22', '23', '24', '25', '26', '27', '28', '29', '30', '31', '32', '33'], '6': ['0', '12', '13', '14', '17', '19', '20', '21', '23', '28', '29', '30', '32'], '7': ['12'], '8': ['12', '13', '14', '17', '19', '20', '21', '23', '28', '29', '30', '32']}
 Actual mutation of  1   ['15', '22', '21', '20', '18', '13', '19', '14', '17', '16']
 Actual mutation of  2   []
 Actual mutation of  3   []
 Actual mutation of  4   []
 Actual mutation of  5   ['22', '15', '33', '31', '26', '18', '24', '27', '25', '16']
 Actual mutation of  6   ['0']
 Actual mutation of  8   ['21', '20', '32', '13', '29', '23', '28', '19', '14', '17', '30']
 Updated node mutation  {'1': ['15', '22', '21', '20', '18', '13', '19', '14', '17', '16'], '2': [], '3': [], '4': [], '5': ['22', '15', '33', '31', '26', '18', '24', '27', '25', '16'], '6': ['0'], '7': ['12'], '8': ['21', '20', '32', '13', '29', '23', '28', '19', '14', '17', '30']}
{'1': ['12', '13', '14', '15', '16', '17', '18', '19', '20', '21', '22'], '2': ['12'], '3': ['12', '13', '14', '15', '16', '17', '18', '19', '20', '21', '22'], '4': ['12'], '5': ['12', '13', '14', '15', '16', '17', '18', '19', '20', '21', '22', '23', '24', '25', '26', '27', '28', '29', '30', '31', '32', '33'], '6': ['4', '12', '13', '14', '17', '19', '20', '23', '28', '30', '32'], '7': ['12'], '8': ['12', '13', '14', '17', '19', '20', '23', '28', '30', '32']}
 Actual mutation of  1   ['15', '22', '21', '20', '18', '13', '19', '14', '17', '16']
 Actual mutation of  2   []
 Actual mutation of  3   []
 Actual mutation of  4   []
 Actual mutation of  5   ['22', '15', '21', '33', '31', '26', '18', '24', '29', '27', '25', '16']
 Actual mutation of  6   ['4']
 Actual mutation of  8   ['20', '32', '13', '23', '28', '19', '14', '17', '30']
 Updated node mutation  {'1': ['15', '22', '21', '20', '18', '13', '19', '14', '17', '16'], '2': [], '3': [], '4': [], '5': ['22', '15', '21', '33', '31', '26', '18', '24', '29', '27', '25', '16'], '6': ['4'], '7': ['12'], '8': ['20', '32', '13', '23', '28', '19', '14', '17', '30']}
{'1': ['12', '13', '14', '15', '16', '17', '18', '19', '20', '21', '22'], '2': ['12'], '3': ['12', '13', '14', '15', '16', '17', '18', '19', '20', '21', '22'], '4': ['12', '13', '14', '15', '16', '17', '18', '19', '20', '21', '22', '23', '24', '25', '26', '27', '28', '29', '30', '31', '32', '33'], '5': ['4', '5', '12', '13', '17', '19', '20', '23', '28', '29', '30', '32'], '6': ['12'], '7': ['12'], '8': ['12', '13', '17', '19', '20', '23', '28', '29', '30', '32']}
 Actual mutation of  1   ['15', '22', '21', '20', '18', '13', '19', '14', '17', '16']
 Actual mutation of  2   []
 Actual mutation of  3   []
 Actual mutation of  4   ['22', '15', '21', '33', '31', '26', '18', '24', '27', '14', '25', '16']
 Actual mutation of  5   ['4', '5']
 Actual mutation of  6   []
 Actual mutation of  8   ['20', '32', '13', '29', '23', '28', '19', '17', '30']
 Updated node mutation  {'1': ['15', '22', '21', '20', '18', '13', '19', '14', '17', '16'], '2': [], '3': [], '4': ['22', '15', '21', '33', '31', '26', '18', '24', '27', '14', '25', '16'], '5': ['4', '5'], '6': [], '7': ['12'], '8': ['20', '32', '13', '29', '23', '28', '19', '17', '30']}
 Parallel mutation count  {'m1': 10, 'm2': 16, 'm3': 10, 'm4': 10, 'm5': 10}
 Clusters with least parallel mutations  ['m1', 'm3', 'm4', 'm5']
 Cluster nos for each run  {'m1': 6, 'm3': 6, 'm4': 10, 'm5': 6}
 Run  m1
 Base path  ['mc2', 'rep5', 'm1', 'tree.csv']
 Best tree path  mc2_rep5_m1_tree.csv
