6
 Total estimated FP  260  True negatives  8533
 Total estimated FN  2535  True positives  10272
 Estimated FP rate  0.02469
 Estimated FN rate  0.23
 No. of Cells in each cluster  {'5_2': 69, '1_2': 30, '1_3': 71, '3_3': 1, '4_3': 1, '2_2': 1, '2_3': 427}
 Cells in each cluster  {'5_2': [0, 1, 2, 3, 4, 5, 6, 7, 8, 9, 10, 11, 12, 13, 14, 15, 16, 17, 18, 19, 20, 21, 22, 23, 24, 25, 26, 27, 28, 29, 30, 31, 32, 33, 34, 35, 36, 37, 38, 39, 40, 41, 42, 43, 44, 45, 46, 47, 48, 49, 50, 51, 52, 53, 54, 55, 56, 57, 58, 59, 60, 61, 62, 63, 64, 65, 66, 67, 68], '1_2': [69, 70, 71, 72, 73, 74, 75, 76, 77, 78, 79, 80, 81, 82, 83, 84, 85, 86, 87, 88, 89, 90, 91, 92, 93, 94, 96, 97, 98, 99], '1_3': [100, 101, 102, 103, 104, 105, 106, 107, 108, 109, 110, 111, 112, 113, 114, 115, 116, 117, 118, 119, 120, 121, 123, 124, 125, 126, 127, 128, 129, 130, 131, 132, 133, 134, 135, 136, 137, 138, 139, 140, 141, 142, 143, 144, 145, 146, 147, 148, 149, 150, 151, 152, 153, 154, 155, 156, 157, 158, 159, 160, 161, 162, 163, 164, 165, 201, 264, 269, 371, 385, 454], '3_3': [358], '4_3': [512], '2_2': [95], '2_3': [166, 167, 168, 169, 170, 171, 172, 173, 174, 175, 176, 177, 178, 179, 180, 181, 182, 183, 184, 185, 186, 187, 188, 189, 190, 191, 192, 193, 194, 195, 196, 197, 198, 199, 200, 202, 203, 204, 205, 206, 207, 208, 209, 210, 211, 212, 213, 214, 215, 216, 217, 218, 219, 220, 221, 222, 223, 224, 225, 226, 227, 228, 229, 230, 231, 232, 233, 234, 235, 236, 237, 238, 239, 240, 241, 242, 243, 244, 245, 246, 247, 248, 249, 250, 251, 252, 253, 254, 255, 256, 257, 258, 259, 260, 261, 262, 263, 265, 266, 267, 268, 270, 271, 272, 273, 274, 275, 276, 277, 278, 279, 280, 281, 282, 283, 284, 285, 286, 287, 288, 289, 290, 291, 292, 293, 294, 295, 296, 297, 298, 299, 300, 301, 302, 303, 304, 305, 306, 307, 308, 309, 310, 311, 312, 313, 314, 315, 316, 317, 318, 319, 320, 321, 322, 323, 324, 325, 326, 327, 328, 329, 330, 331, 332, 333, 334, 335, 336, 337, 338, 339, 340, 341, 342, 343, 344, 345, 346, 347, 348, 349, 350, 351, 352, 353, 354, 355, 356, 357, 359, 360, 361, 362, 363, 364, 365, 366, 367, 368, 369, 370, 372, 373, 374, 375, 376, 377, 378, 379, 380, 381, 382, 383, 384, 386, 387, 388, 389, 390, 391, 392, 393, 394, 395, 396, 397, 398, 399, 400, 401, 402, 403, 404, 405, 406, 407, 408, 409, 410, 411, 412, 413, 414, 415, 416, 417, 418, 419, 420, 421, 422, 423, 424, 425, 426, 427, 428, 429, 430, 431, 432, 433, 434, 435, 436, 437, 438, 439, 440, 441, 442, 443, 444, 445, 446, 447, 448, 449, 450, 451, 452, 453, 455, 456, 457, 458, 459, 460, 461, 462, 463, 464, 465, 466, 467, 468, 469, 470, 471, 472, 473, 474, 475, 476, 477, 478, 479, 480, 481, 482, 483, 484, 485, 486, 487, 488, 489, 490, 491, 492, 493, 494, 495, 496, 497, 498, 499, 500, 501, 502, 503, 504, 505, 506, 507, 508, 509, 510, 511, 513, 514, 515, 516, 517, 518, 519, 520, 521, 522, 523, 524, 525, 526, 527, 528, 529, 530, 531, 532, 533, 534, 535, 536, 537, 538, 539, 540, 541, 542, 543, 544, 545, 546, 547, 548, 549, 550, 551, 552, 553, 555, 556, 557, 558, 559, 560, 561, 562, 563, 564, 565, 566, 567, 568, 569, 570, 571, 572, 573, 574, 575, 576, 577, 578, 579, 580, 581, 582, 583, 584, 585, 586, 587, 588, 589, 590, 591, 592, 593, 594, 595, 596, 597, 598, 599, 122, 554]}
FP rate  0.02469 FN rate  0.23
 Before reassigning cells 
 Timepoint  2
 Cluster  5  # of cells  69
 Cluster  1  # of cells  30
 Cluster  2  # of cells  1
 Timepoint  3
 Cluster  1  # of cells  73
 Cluster  3  # of cells  1
 Cluster  4  # of cells  2
 Cluster  2  # of cells  424
 Cells absent at timepoint  2   set()
 Cells absent at timepoint  3   set()
 Timepoint  2
 Timepoint  3
 After reassigning and merging cells 
 Timepoint  2
 Cluster  5  # of cells  69
 Cluster  1  # of cells  30
 Cluster  2  # of cells  1
 Timepoint  3
 Cluster  1  # of cells  73
 Cluster  3  # of cells  1
 Cluster  4  # of cells  2
 Cluster  2  # of cells  424
 Tp cluster cell dict  {'5_2': 69, '1_2': 30, '2_2': 1, '1_3': 73, '3_3': 1, '4_3': 2, '2_3': 424}
 New Graph is here 
 ID  0  Timepoint  1  Mutations  []  Type  subclone
 ID  1  Timepoint  2  Mutations  [7, 8, 9, 10, 11, 12, 13, 14, 15, 16, 17, 18, 19, 20, 21, 22, 23, 24, 25]  Type  subclone
 ID  2  Timepoint  2  Mutations  [7, 8, 9, 10, 11, 12, 13, 14, 15, 16, 26, 27, 28, 29, 30, 31, 32, 33, 34, 35, 36, 37]  Type  subclone
 ID  3  Timepoint  2  Mutations  [7, 8, 9, 10, 11, 12, 13, 14, 15, 16, 26, 27, 28, 29, 30, 31, 32, 33, 34, 35, 36, 37, 38, 39, 40, 41, 42, 43, 44]  Type  subclone
 ID  4  Timepoint  3  Mutations  [7, 8, 9, 10, 11, 12, 13, 14, 15, 16, 26, 27, 28, 29, 30, 31, 32, 33, 34, 35, 36, 37]  Type  subclone
 ID  5  Timepoint  3  Mutations  [5, 7, 9, 10, 11, 12, 15, 17, 18, 19, 20, 23, 26, 27, 28, 29, 30, 32, 34, 35, 37, 38, 40, 42, 43]  Type  subclone
 ID  6  Timepoint  3  Mutations  [0, 5, 7, 8, 9, 10, 11, 12, 13, 14, 15, 16, 22, 24, 26, 27, 28, 29, 30, 31, 32, 33, 34, 35, 36, 37, 38, 39, 40, 41, 42, 43, 44]  Type  subclone
 ID  7  Timepoint  3  Mutations  [7, 8, 9, 10, 11, 12, 13, 14, 15, 16, 26, 27, 28, 29, 30, 31, 32, 33, 34, 35, 36, 37, 38, 39, 40, 41, 42, 43, 44]  Type  subclone
Timepoints  SortedDict({1: [0], 2: [1, 2, 3], 3: [4, 5, 6, 7]})
 Clone to nodes  {'5_2': 1, '1_2': 2, '2_2': 3, '1_3': 4, '3_3': 5, '4_3': 6, '2_3': 7}
 Timepoint ====  1
 Hash table  {'0,1,2': [7, 8, 9, 10, 11, 12, 13, 14, 15, 16], '0': [17, 18, 19, 20, 21, 22, 23, 24, 25], '1,2': [26, 27, 28, 29, 30, 31, 32, 33, 34, 35, 36, 37], '2': [38, 39, 40, 41, 42, 43, 44]}
 Final possible usc  [[7, 8, 9, 10, 11, 12, 13, 14, 15, 16], [17, 18, 19, 20, 21, 22, 23, 24, 25], [26, 27, 28, 29, 30, 31, 32, 33, 34, 35, 36, 37], [38, 39, 40, 41, 42, 43, 44]]
 Time  1  USC keys  {'7,8,9,10,11,12,13,14,15,16_0', '26,27,28,29,30,31,32,33,34,35,36,37_0', '17,18,19,20,21,22,23,24,25_0', '38,39,40,41,42,43,44_0'}
 USC children  {'7,8,9,10,11,12,13,14,15,16_0': [1, 2, 3], '17,18,19,20,21,22,23,24,25_0': [1], '26,27,28,29,30,31,32,33,34,35,36,37_0': [2, 3], '38,39,40,41,42,43,44_0': [3]}
 USC children  {'7,8,9,10,11,12,13,14,15,16_0': [1, 2, 3], '17,18,19,20,21,22,23,24,25_0': [1], '26,27,28,29,30,31,32,33,34,35,36,37_0': [2, 3], '38,39,40,41,42,43,44_0': [3]}
 Timepoint ====  2
 Hash table  {'0,1': [5, 7, 9, 10, 11, 12, 15, 26, 27, 28, 29, 30, 32, 34, 35, 37, 38, 40, 42, 43], '0': [17, 18, 19, 20, 23], '1': [0, 8, 13, 14, 16, 22, 24, 31, 33, 36, 39, 41, 44]}
====== Inside find superset of t nodes ==========
 Final possible usc  []
 Time  2  USC keys  set()
 USC children  {'7,8,9,10,11,12,13,14,15,16_0': [1, 2, 3], '17,18,19,20,21,22,23,24,25_0': [1], '26,27,28,29,30,31,32,33,34,35,36,37_0': [2, 3], '38,39,40,41,42,43,44_0': [3]}
 USC children  {'7,8,9,10,11,12,13,14,15,16_0': [1, 2, 3], '17,18,19,20,21,22,23,24,25_0': [1], '26,27,28,29,30,31,32,33,34,35,36,37_0': [2, 3], '38,39,40,41,42,43,44_0': [3]}
 Node s  {'1,2,3': ['7', '8', '9', '10', '11', '12', '13', '14', '15', '16']}
 Enroll USC nodes  ['1', '2', '3']  len  3
 Node TP  SortedDict({1: [0], 2: [1, 2, 3], 3: [4, 5, 6, 7]})
 Unobserved subclones at timepoints  {1.5: [8]}
 ============== Inside finding node v ============ 
 Time  2
 Time  3
 largest_v_mut  []
 largest_v_mut  [[7, 8, 9, 10, 11, 12, 13, 14, 15, 16, 26, 27, 28, 29, 30, 31, 32, 33, 34, 35, 36, 37, 38, 39, 40, 41, 42, 43, 44]]
 Sorted all timepoints  [1, 1.5, 2, 3]
 Timepoint  2
 Inside usc_node check  2
 Timepoint  3
 Node  5  has no parent 
 USC nodes  []
 Node with minimum mutation sets  {1: 8, 2: 7, 3: 10}
0   1   [-1]   subclone   []   []
1   2   [8]   subclone   [7, 8, 9, 10, 11, 12, 13, 14, 15, 16, 17, 18, 19, 20, 21, 22, 23, 24, 25]   [9]
2   2   [8]   subclone   [7, 8, 9, 10, 11, 12, 13, 14, 15, 16, 26, 27, 28, 29, 30, 31, 32, 33, 34, 35, 36, 37]   [12]
3   2   [8]   subclone   [7, 8, 9, 10, 11, 12, 13, 14, 15, 16, 26, 27, 28, 29, 30, 31, 32, 33, 34, 35, 36, 37, 38, 39, 40, 41, 42, 43, 44]   [19]
4   3   [2]   subclone   [7, 8, 9, 10, 11, 12, 13, 14, 15, 16, 26, 27, 28, 29, 30, 31, 32, 33, 34, 35, 36, 37]   [0]
5   3   [2]   subclone   [5, 7, 9, 10, 11, 12, 15, 17, 18, 19, 20, 23, 26, 27, 28, 29, 30, 32, 34, 35, 37, 38, 40, 42, 43]   [10]
6   3   [3]   subclone   [0, 5, 7, 8, 9, 10, 11, 12, 13, 14, 15, 16, 22, 24, 26, 27, 28, 29, 30, 31, 32, 33, 34, 35, 36, 37, 38, 39, 40, 41, 42, 43, 44]   [4]
7   3   [3]   subclone   [7, 8, 9, 10, 11, 12, 13, 14, 15, 16, 26, 27, 28, 29, 30, 31, 32, 33, 34, 35, 36, 37, 38, 39, 40, 41, 42, 43, 44]   [0]
8   1.5   [0]   unobserved subclone   [7, 8, 9, 10, 11, 12, 13, 14, 15, 16]   [10]
11
 Total estimated FP  269  True negatives  8568
 Total estimated FN  2500  True positives  10263
 Estimated FP rate  0.02554
 Estimated FN rate  0.23
 No. of Cells in each cluster  {'5_2': 69, '4_2': 30, '4_3': 71, '2_3': 7, '7_3': 1, '6_3': 1, '0_3': 420, '0_2': 1}
 Cells in each cluster  {'5_2': [0, 1, 2, 3, 4, 5, 6, 7, 8, 9, 10, 11, 12, 13, 14, 15, 16, 17, 18, 19, 20, 21, 22, 23, 24, 25, 26, 27, 28, 29, 30, 31, 32, 33, 34, 35, 36, 37, 38, 39, 40, 41, 42, 43, 44, 45, 46, 47, 48, 49, 50, 51, 52, 53, 54, 55, 56, 57, 58, 59, 60, 61, 62, 63, 64, 65, 66, 67, 68], '4_2': [69, 70, 71, 72, 73, 74, 75, 76, 77, 78, 79, 80, 81, 82, 83, 84, 85, 86, 87, 88, 89, 90, 91, 92, 93, 94, 96, 97, 98, 99], '4_3': [100, 101, 102, 103, 104, 105, 106, 107, 108, 109, 110, 111, 112, 113, 114, 115, 116, 117, 118, 119, 120, 121, 122, 123, 124, 125, 126, 127, 128, 129, 130, 132, 133, 134, 135, 136, 137, 138, 139, 140, 141, 142, 143, 144, 145, 146, 147, 148, 149, 150, 151, 152, 153, 154, 155, 156, 157, 158, 159, 160, 161, 162, 163, 164, 165, 201, 264, 269, 371, 385, 454], '2_3': [250, 276, 343, 367, 383, 530, 532], '7_3': [358], '6_3': [512], '0_3': [180, 216, 252, 309, 381, 389, 409, 442, 444, 469, 495, 500, 514, 528, 533, 537, 553, 589, 598, 306, 322, 335, 355, 407, 490, 181, 211, 225, 316, 357, 366, 373, 395, 401, 416, 429, 489, 571, 585, 167, 204, 248, 305, 324, 356, 368, 379, 396, 417, 475, 550, 554, 555, 559, 587, 596, 199, 221, 235, 278, 299, 398, 447, 477, 535, 590, 131, 166, 168, 169, 170, 171, 172, 173, 174, 175, 176, 177, 178, 179, 182, 183, 184, 185, 186, 187, 188, 189, 190, 191, 192, 193, 194, 195, 196, 197, 198, 200, 202, 203, 205, 206, 207, 208, 209, 210, 212, 213, 214, 215, 217, 218, 219, 220, 222, 223, 224, 226, 227, 228, 229, 230, 231, 232, 233, 234, 236, 237, 238, 239, 240, 241, 242, 243, 244, 245, 246, 247, 249, 251, 253, 254, 255, 256, 257, 258, 259, 260, 261, 262, 263, 265, 266, 267, 268, 270, 271, 272, 273, 274, 275, 277, 279, 280, 281, 282, 283, 284, 285, 286, 287, 288, 289, 290, 291, 292, 293, 294, 295, 296, 297, 298, 300, 301, 302, 303, 304, 307, 308, 310, 311, 312, 313, 314, 315, 317, 318, 319, 320, 321, 323, 325, 326, 327, 328, 329, 330, 331, 332, 333, 334, 336, 337, 338, 339, 340, 341, 342, 344, 345, 346, 347, 348, 349, 350, 351, 352, 353, 354, 359, 360, 361, 362, 363, 364, 365, 369, 370, 372, 374, 375, 376, 377, 378, 380, 382, 384, 386, 387, 388, 390, 391, 392, 393, 394, 397, 399, 400, 402, 403, 404, 405, 406, 408, 410, 411, 412, 413, 414, 415, 418, 419, 420, 421, 422, 423, 424, 425, 426, 427, 428, 430, 431, 432, 433, 434, 435, 436, 437, 438, 439, 440, 441, 443, 445, 446, 448, 449, 450, 451, 452, 453, 455, 456, 457, 458, 459, 460, 461, 462, 463, 464, 465, 466, 467, 468, 470, 471, 472, 473, 474, 476, 478, 479, 480, 481, 482, 483, 484, 485, 486, 487, 488, 491, 492, 493, 494, 496, 497, 498, 499, 501, 502, 503, 504, 505, 506, 507, 508, 509, 510, 511, 513, 515, 516, 517, 518, 519, 520, 521, 522, 523, 524, 525, 526, 527, 529, 531, 534, 536, 538, 539, 540, 541, 542, 543, 544, 545, 546, 547, 548, 549, 551, 552, 556, 557, 558, 560, 561, 562, 563, 564, 565, 566, 567, 568, 569, 570, 572, 573, 574, 575, 576, 577, 578, 579, 580, 581, 582, 583, 584, 586, 588, 591, 592, 593, 594, 595, 597, 599], '0_2': [95]}
FP rate  0.02554 FN rate  0.23
 Before reassigning cells 
 Timepoint  2
 Cluster  5  # of cells  69
 Cluster  4  # of cells  30
 Cluster  0  # of cells  1
 Timepoint  3
 Cluster  4  # of cells  73
 Cluster  2  # of cells  9
 Cluster  7  # of cells  2
 Cluster  6  # of cells  1
 Cluster  0  # of cells  415
 Cells absent at timepoint  2   set()
 Cells absent at timepoint  3   set()
 Timepoint  2
 Timepoint  3
 After reassigning and merging cells 
 Timepoint  2
 Cluster  5  # of cells  69
 Cluster  4  # of cells  30
 Cluster  0  # of cells  1
 Timepoint  3
 Cluster  4  # of cells  73
 Cluster  2  # of cells  9
 Cluster  7  # of cells  2
 Cluster  6  # of cells  1
 Cluster  0  # of cells  415
 Tp cluster cell dict  {'5_2': 69, '4_2': 30, '0_2': 1, '4_3': 73, '2_3': 9, '7_3': 2, '6_3': 1, '0_3': 415}
 New Graph is here 
 ID  0  Timepoint  1  Mutations  []  Type  subclone
 ID  1  Timepoint  2  Mutations  [7, 8, 9, 10, 11, 12, 13, 14, 15, 16, 17, 18, 19, 20, 21, 22, 23, 24, 25]  Type  subclone
 ID  2  Timepoint  2  Mutations  [7, 8, 9, 10, 11, 12, 13, 14, 15, 16, 26, 27, 28, 29, 30, 31, 32, 33, 34, 35, 36, 37]  Type  subclone
 ID  3  Timepoint  2  Mutations  [7, 8, 9, 10, 11, 12, 13, 14, 15, 16, 26, 27, 28, 29, 30, 31, 32, 33, 34, 35, 36, 37, 38, 39, 40, 41, 42, 43, 44]  Type  subclone
 ID  4  Timepoint  3  Mutations  [7, 8, 9, 10, 11, 12, 13, 14, 15, 16, 26, 27, 28, 29, 30, 31, 32, 33, 34, 35, 36, 37]  Type  subclone
 ID  5  Timepoint  3  Mutations  [7, 8, 9, 10, 11, 12, 15, 16, 28, 31, 32, 33, 35, 36, 37, 38, 39, 40, 41, 42, 43, 44]  Type  subclone
 ID  6  Timepoint  3  Mutations  [7, 8, 9, 10, 11, 12, 13, 14, 15, 16, 17, 18, 20, 23, 26, 27, 28, 29, 30, 31, 32, 33, 34, 35, 36, 37, 38, 39, 40, 41, 42, 43, 44]  Type  subclone
 ID  7  Timepoint  3  Mutations  [1, 2, 5, 8, 11, 12, 13, 14, 22, 25, 27, 28, 29, 30, 31, 32, 36, 37, 38, 39, 42]  Type  subclone
 ID  8  Timepoint  3  Mutations  [7, 8, 9, 10, 11, 12, 13, 14, 15, 16, 26, 27, 28, 29, 30, 31, 32, 33, 34, 35, 36, 37, 38, 39, 40, 41, 42, 43, 44]  Type  subclone
Timepoints  SortedDict({1: [0], 2: [1, 2, 3], 3: [4, 5, 6, 7, 8]})
 Clone to nodes  {'5_2': 1, '4_2': 2, '0_2': 3, '4_3': 4, '2_3': 5, '7_3': 6, '6_3': 7, '0_3': 8}
 Timepoint ====  1
 Hash table  {'0,1,2': [7, 8, 9, 10, 11, 12, 13, 14, 15, 16], '0': [17, 18, 19, 20, 21, 22, 23, 24, 25], '1,2': [26, 27, 28, 29, 30, 31, 32, 33, 34, 35, 36, 37], '2': [38, 39, 40, 41, 42, 43, 44]}
 Final possible usc  [[7, 8, 9, 10, 11, 12, 13, 14, 15, 16], [17, 18, 19, 20, 21, 22, 23, 24, 25], [26, 27, 28, 29, 30, 31, 32, 33, 34, 35, 36, 37], [38, 39, 40, 41, 42, 43, 44]]
 Time  1  USC keys  {'7,8,9,10,11,12,13,14,15,16_0', '17,18,19,20,21,22,23,24,25_0', '38,39,40,41,42,43,44_0', '26,27,28,29,30,31,32,33,34,35,36,37_0'}
 USC children  {'7,8,9,10,11,12,13,14,15,16_0': [1, 2, 3], '17,18,19,20,21,22,23,24,25_0': [1], '26,27,28,29,30,31,32,33,34,35,36,37_0': [2, 3], '38,39,40,41,42,43,44_0': [3]}
 USC children  {'7,8,9,10,11,12,13,14,15,16_0': [1, 2, 3], '17,18,19,20,21,22,23,24,25_0': [1], '26,27,28,29,30,31,32,33,34,35,36,37_0': [2, 3], '38,39,40,41,42,43,44_0': [3]}
 Timepoint ====  2
 Hash table  {'0,1': [7, 9, 10, 15, 16, 33, 35, 40, 41, 43, 44], '0,1,2': [8, 11, 12, 28, 31, 32, 36, 37, 38, 39, 42], '1,2': [13, 14, 27, 29, 30], '1': [17, 18, 20, 23, 26, 34], '2': [1, 2, 5, 22, 25]}
====== Inside find superset of t nodes ==========
 Final possible usc  []
 Time  2  USC keys  set()
 USC children  {'7,8,9,10,11,12,13,14,15,16_0': [1, 2, 3], '17,18,19,20,21,22,23,24,25_0': [1], '26,27,28,29,30,31,32,33,34,35,36,37_0': [2, 3], '38,39,40,41,42,43,44_0': [3]}
 USC children  {'7,8,9,10,11,12,13,14,15,16_0': [1, 2, 3], '17,18,19,20,21,22,23,24,25_0': [1], '26,27,28,29,30,31,32,33,34,35,36,37_0': [2, 3], '38,39,40,41,42,43,44_0': [3]}
 Node s  {'1,2,3': ['7', '8', '9', '10', '11', '12', '13', '14', '15', '16']}
 Enroll USC nodes  ['1', '2', '3']  len  3
 Node TP  SortedDict({1: [0], 2: [1, 2, 3], 3: [4, 5, 6, 7, 8]})
 Unobserved subclones at timepoints  {1.5: [9]}
 ============== Inside finding node v ============ 
 Time  2
 Time  3
 largest_v_mut  []
 largest_v_mut  [[7, 8, 9, 10, 11, 12, 13, 14, 15, 16, 26, 27, 28, 29, 30, 31, 32, 33, 34, 35, 36, 37, 38, 39, 40, 41, 42, 43, 44]]
 largest_v_mut  []
 Sorted all timepoints  [1, 1.5, 2, 3]
 Timepoint  2
 Inside usc_node check  2
 Timepoint  3
 Node  5  has no parent 
 USC nodes  []
 Node with minimum mutation sets  {1: 11, 2: 7, 3: 7}
 Node  7  has no parent 
 USC nodes  []
 Node with minimum mutation sets  {1: 12, 2: 9, 3: 13}
0   1   [-1]   subclone   []   []
1   2   [9]   subclone   [7, 8, 9, 10, 11, 12, 13, 14, 15, 16, 17, 18, 19, 20, 21, 22, 23, 24, 25]   [9]
2   2   [9]   subclone   [7, 8, 9, 10, 11, 12, 13, 14, 15, 16, 26, 27, 28, 29, 30, 31, 32, 33, 34, 35, 36, 37]   [12]
3   2   [9]   subclone   [7, 8, 9, 10, 11, 12, 13, 14, 15, 16, 26, 27, 28, 29, 30, 31, 32, 33, 34, 35, 36, 37, 38, 39, 40, 41, 42, 43, 44]   [19]
4   3   [2]   subclone   [7, 8, 9, 10, 11, 12, 13, 14, 15, 16, 26, 27, 28, 29, 30, 31, 32, 33, 34, 35, 36, 37]   [0]
5   3   [2]   subclone   [7, 8, 9, 10, 11, 12, 15, 16, 28, 31, 32, 33, 35, 36, 37, 38, 39, 40, 41, 42, 43, 44]   [7]
6   3   [3]   subclone   [7, 8, 9, 10, 11, 12, 13, 14, 15, 16, 17, 18, 20, 23, 26, 27, 28, 29, 30, 31, 32, 33, 34, 35, 36, 37, 38, 39, 40, 41, 42, 43, 44]   [4]
7   3   [2]   subclone   [1, 2, 5, 8, 11, 12, 13, 14, 22, 25, 27, 28, 29, 30, 31, 32, 36, 37, 38, 39, 42]   [8]
8   3   [3]   subclone   [7, 8, 9, 10, 11, 12, 13, 14, 15, 16, 26, 27, 28, 29, 30, 31, 32, 33, 34, 35, 36, 37, 38, 39, 40, 41, 42, 43, 44]   [0]
9   1.5   [0]   unobserved subclone   [7, 8, 9, 10, 11, 12, 13, 14, 15, 16]   [10]
12
 Total estimated FP  260  True negatives  8533
 Total estimated FN  2535  True positives  10272
 Estimated FP rate  0.02469
 Estimated FN rate  0.23
 No. of Cells in each cluster  {'11_2': 69, '3_2': 30, '3_3': 71, '7_3': 1, '9_3': 1, '10_3': 427, '10_2': 1}
 Cells in each cluster  {'11_2': [0, 1, 2, 3, 4, 5, 6, 7, 8, 9, 10, 11, 12, 13, 14, 15, 16, 17, 18, 19, 20, 21, 22, 23, 24, 25, 26, 27, 28, 29, 30, 31, 32, 33, 34, 35, 36, 37, 38, 39, 40, 41, 42, 43, 44, 45, 46, 47, 48, 49, 50, 51, 52, 53, 54, 55, 56, 57, 58, 59, 60, 61, 62, 63, 64, 65, 66, 67, 68], '3_2': [69, 70, 71, 72, 73, 74, 75, 76, 77, 78, 79, 80, 81, 82, 83, 84, 85, 86, 87, 88, 89, 90, 91, 92, 93, 94, 96, 97, 98, 99], '3_3': [100, 101, 102, 103, 104, 105, 106, 107, 108, 109, 110, 111, 112, 113, 114, 115, 116, 117, 118, 119, 120, 121, 123, 124, 125, 126, 127, 128, 129, 130, 131, 132, 133, 134, 135, 136, 137, 138, 139, 140, 141, 142, 143, 144, 145, 146, 147, 148, 149, 150, 151, 152, 153, 154, 155, 156, 157, 158, 159, 160, 161, 162, 163, 164, 165, 201, 264, 269, 371, 385, 454], '7_3': [358], '9_3': [512], '10_3': [216, 252, 274, 309, 381, 392, 442, 444, 471, 485, 500, 514, 528, 533, 543, 598, 250, 276, 367, 383, 530, 532, 167, 180, 204, 222, 225, 234, 241, 248, 251, 268, 305, 316, 324, 341, 346, 357, 368, 387, 407, 417, 422, 469, 476, 489, 535, 550, 555, 559, 567, 571, 573, 579, 587, 596, 166, 168, 169, 170, 171, 172, 173, 174, 175, 176, 177, 178, 179, 181, 182, 183, 184, 185, 186, 187, 188, 189, 190, 191, 192, 193, 194, 195, 196, 197, 198, 200, 202, 205, 206, 207, 208, 209, 210, 211, 212, 213, 215, 217, 218, 219, 220, 224, 226, 227, 228, 229, 230, 231, 232, 233, 236, 237, 238, 239, 240, 242, 243, 244, 245, 246, 247, 249, 253, 254, 255, 256, 257, 258, 259, 260, 261, 262, 263, 265, 266, 267, 270, 271, 272, 273, 275, 277, 278, 279, 280, 281, 282, 283, 284, 285, 286, 287, 288, 289, 290, 291, 292, 293, 295, 296, 297, 298, 299, 300, 301, 302, 303, 304, 307, 308, 310, 311, 312, 314, 315, 317, 318, 319, 320, 321, 323, 325, 326, 327, 329, 330, 331, 332, 333, 334, 336, 337, 338, 339, 340, 342, 344, 345, 348, 349, 350, 351, 352, 353, 354, 356, 359, 360, 362, 363, 364, 365, 366, 369, 370, 372, 373, 374, 375, 376, 377, 378, 380, 382, 386, 388, 390, 391, 393, 394, 395, 397, 399, 400, 401, 402, 403, 404, 406, 408, 409, 410, 411, 412, 413, 414, 415, 416, 418, 419, 420, 421, 423, 424, 425, 426, 427, 428, 429, 430, 431, 432, 433, 434, 435, 436, 437, 438, 439, 440, 441, 443, 445, 446, 448, 449, 450, 451, 452, 453, 455, 456, 457, 458, 459, 460, 461, 463, 464, 465, 466, 467, 468, 470, 472, 473, 474, 475, 479, 480, 481, 482, 483, 484, 486, 487, 488, 491, 492, 493, 494, 496, 497, 498, 499, 501, 502, 503, 504, 505, 506, 507, 508, 509, 510, 511, 513, 515, 516, 517, 518, 519, 520, 521, 522, 523, 524, 525, 526, 527, 529, 531, 534, 536, 538, 539, 540, 541, 542, 544, 545, 546, 547, 548, 549, 551, 552, 556, 557, 558, 560, 561, 563, 564, 566, 568, 569, 570, 572, 574, 575, 576, 577, 578, 580, 581, 582, 583, 584, 585, 586, 588, 591, 592, 594, 595, 597, 599, 203, 214, 223, 294, 313, 347, 361, 384, 389, 405, 478, 495, 537, 553, 565, 589, 122, 554, 306, 322, 328, 335, 343, 355, 379, 396, 462, 490, 562, 593, 199, 221, 235, 398, 447, 477, 590], '10_2': [95]}
FP rate  0.02469 FN rate  0.23
 Before reassigning cells 
 Timepoint  2
 Cluster  11  # of cells  69
 Cluster  3  # of cells  30
 Cluster  10  # of cells  1
 Timepoint  3
 Cluster  3  # of cells  73
 Cluster  7  # of cells  1
 Cluster  9  # of cells  1
 Cluster  10  # of cells  423
 Cells absent at timepoint  2   set()
 Cells absent at timepoint  3   {272, 225}
 Missing cell prob  {'10': 4.210435665504625e-06, '3': 2.566306605705027e-12, '7': 4.210435665504624e-06, '9': 4.705111871169734e-18}
 Missing cell prob  {'10': 1.0265259035646082e-08, '3': 1.9512865641824987e-13, '7': 1.026525903564608e-08, '9': 2.6531772213527868e-14}
 Timepoint  2
 Timepoint  3
 After reassigning and merging cells 
 Timepoint  2
 Cluster  11  # of cells  69
 Cluster  3  # of cells  30
 Cluster  10  # of cells  1
 Timepoint  3
 Cluster  3  # of cells  73
 Cluster  7  # of cells  1
 Cluster  9  # of cells  1
 Cluster  10  # of cells  425
 Tp cluster cell dict  {'11_2': 69, '3_2': 30, '10_2': 1, '3_3': 73, '7_3': 1, '9_3': 1, '10_3': 425}
 New Graph is here 
 ID  0  Timepoint  1  Mutations  []  Type  subclone
 ID  1  Timepoint  2  Mutations  [7, 8, 9, 10, 11, 12, 13, 14, 15, 16, 17, 18, 19, 20, 21, 22, 23, 24, 25]  Type  subclone
 ID  2  Timepoint  2  Mutations  [7, 8, 9, 10, 11, 12, 13, 14, 15, 16, 26, 27, 28, 29, 30, 31, 32, 33, 34, 35, 36, 37]  Type  subclone
 ID  3  Timepoint  2  Mutations  [7, 8, 9, 10, 11, 12, 13, 14, 15, 16, 26, 27, 28, 29, 30, 31, 32, 33, 34, 35, 36, 37, 38, 39, 40, 41, 42, 43, 44]  Type  subclone
 ID  4  Timepoint  3  Mutations  [7, 8, 9, 10, 11, 12, 13, 14, 15, 16, 26, 27, 28, 29, 30, 31, 32, 33, 34, 35, 36, 37]  Type  subclone
 ID  5  Timepoint  3  Mutations  [7, 9, 10, 11, 12, 13, 14, 15, 17, 18, 20, 23, 26, 27, 28, 29, 30, 32, 33, 34, 35, 37, 38, 39, 40, 42, 43]  Type  subclone
 ID  6  Timepoint  3  Mutations  [0, 5, 8, 11, 12, 13, 14, 25, 26, 27, 28, 29, 30, 31, 32, 36, 37, 38, 39, 41, 42]  Type  subclone
 ID  7  Timepoint  3  Mutations  [7, 8, 9, 10, 11, 12, 13, 14, 15, 16, 26, 27, 28, 29, 30, 31, 32, 33, 34, 35, 36, 37, 38, 39, 40, 41, 42, 43, 44]  Type  subclone
Timepoints  SortedDict({1: [0], 2: [1, 2, 3], 3: [4, 5, 6, 7]})
 Clone to nodes  {'11_2': 1, '3_2': 2, '10_2': 3, '3_3': 4, '7_3': 5, '9_3': 6, '10_3': 7}
 Timepoint ====  1
 Hash table  {'0,1,2': [7, 8, 9, 10, 11, 12, 13, 14, 15, 16], '0': [17, 18, 19, 20, 21, 22, 23, 24, 25], '1,2': [26, 27, 28, 29, 30, 31, 32, 33, 34, 35, 36, 37], '2': [38, 39, 40, 41, 42, 43, 44]}
 Final possible usc  [[7, 8, 9, 10, 11, 12, 13, 14, 15, 16], [17, 18, 19, 20, 21, 22, 23, 24, 25], [26, 27, 28, 29, 30, 31, 32, 33, 34, 35, 36, 37], [38, 39, 40, 41, 42, 43, 44]]
 Time  1  USC keys  {'26,27,28,29,30,31,32,33,34,35,36,37_0', '17,18,19,20,21,22,23,24,25_0', '7,8,9,10,11,12,13,14,15,16_0', '38,39,40,41,42,43,44_0'}
 USC children  {'7,8,9,10,11,12,13,14,15,16_0': [1, 2, 3], '17,18,19,20,21,22,23,24,25_0': [1], '26,27,28,29,30,31,32,33,34,35,36,37_0': [2, 3], '38,39,40,41,42,43,44_0': [3]}
 USC children  {'7,8,9,10,11,12,13,14,15,16_0': [1, 2, 3], '17,18,19,20,21,22,23,24,25_0': [1], '26,27,28,29,30,31,32,33,34,35,36,37_0': [2, 3], '38,39,40,41,42,43,44_0': [3]}
 Timepoint ====  2
 Hash table  {'0': [7, 9, 10, 15, 17, 18, 20, 23, 33, 34, 35, 40, 43], '0,1': [11, 12, 13, 14, 26, 27, 28, 29, 30, 32, 37, 38, 39, 42], '1': [0, 5, 8, 25, 31, 36, 41]}
====== Inside find superset of t nodes ==========
 Final possible usc  []
 Time  2  USC keys  set()
 USC children  {'7,8,9,10,11,12,13,14,15,16_0': [1, 2, 3], '17,18,19,20,21,22,23,24,25_0': [1], '26,27,28,29,30,31,32,33,34,35,36,37_0': [2, 3], '38,39,40,41,42,43,44_0': [3]}
 USC children  {'7,8,9,10,11,12,13,14,15,16_0': [1, 2, 3], '17,18,19,20,21,22,23,24,25_0': [1], '26,27,28,29,30,31,32,33,34,35,36,37_0': [2, 3], '38,39,40,41,42,43,44_0': [3]}
 Node s  {'1,2,3': ['7', '8', '9', '10', '11', '12', '13', '14', '15', '16']}
 Enroll USC nodes  ['1', '2', '3']  len  3
 Node TP  SortedDict({1: [0], 2: [1, 2, 3], 3: [4, 5, 6, 7]})
 Unobserved subclones at timepoints  {1.5: [8]}
 ============== Inside finding node v ============ 
 Time  2
 Time  3
 largest_v_mut  []
 largest_v_mut  []
 Sorted all timepoints  [1, 1.5, 2, 3]
 Timepoint  2
 Inside usc_node check  2
 Timepoint  3
 Node  5  has no parent 
 USC nodes  []
 Node with minimum mutation sets  {1: 7, 2: 4, 3: 6}
 Node  6  has no parent 
 USC nodes  []
 Node with minimum mutation sets  {1: 13, 2: 8, 3: 11}
0   1   [-1]   subclone   []   []
1   2   [8]   subclone   [7, 8, 9, 10, 11, 12, 13, 14, 15, 16, 17, 18, 19, 20, 21, 22, 23, 24, 25]   [9]
2   2   [8]   subclone   [7, 8, 9, 10, 11, 12, 13, 14, 15, 16, 26, 27, 28, 29, 30, 31, 32, 33, 34, 35, 36, 37]   [12]
3   2   [8]   subclone   [7, 8, 9, 10, 11, 12, 13, 14, 15, 16, 26, 27, 28, 29, 30, 31, 32, 33, 34, 35, 36, 37, 38, 39, 40, 41, 42, 43, 44]   [19]
4   3   [2]   subclone   [7, 8, 9, 10, 11, 12, 13, 14, 15, 16, 26, 27, 28, 29, 30, 31, 32, 33, 34, 35, 36, 37]   [0]
5   3   [2]   subclone   [7, 9, 10, 11, 12, 13, 14, 15, 17, 18, 20, 23, 26, 27, 28, 29, 30, 32, 33, 34, 35, 37, 38, 39, 40, 42, 43]   [9]
6   3   [2]   subclone   [0, 5, 8, 11, 12, 13, 14, 25, 26, 27, 28, 29, 30, 31, 32, 36, 37, 38, 39, 41, 42]   [7]
7   3   [3]   subclone   [7, 8, 9, 10, 11, 12, 13, 14, 15, 16, 26, 27, 28, 29, 30, 31, 32, 33, 34, 35, 36, 37, 38, 39, 40, 41, 42, 43, 44]   [0]
8   1.5   [0]   unobserved subclone   [7, 8, 9, 10, 11, 12, 13, 14, 15, 16]   [10]
5
 Total estimated FP  261  True negatives  8536
 Total estimated FN  2532  True positives  10271
 Estimated FP rate  0.02478
 Estimated FN rate  0.23
 No. of Cells in each cluster  {'2_2': 69, '1_2': 30, '1_3': 72, '0_2': 1, '0_3': 426, '3_3': 1, '4_3': 1}
 Cells in each cluster  {'2_2': [0, 1, 2, 3, 4, 5, 6, 7, 8, 9, 10, 11, 12, 13, 14, 15, 16, 17, 18, 19, 20, 21, 22, 23, 24, 25, 26, 27, 28, 29, 30, 31, 32, 33, 34, 35, 36, 37, 38, 39, 40, 41, 42, 43, 44, 45, 46, 47, 48, 49, 50, 51, 52, 53, 54, 55, 56, 57, 58, 59, 60, 61, 62, 63, 64, 65, 66, 67, 68], '1_2': [69, 70, 71, 72, 73, 74, 75, 76, 77, 78, 79, 80, 81, 82, 83, 84, 85, 86, 87, 88, 89, 90, 91, 92, 93, 94, 96, 97, 98, 99], '1_3': [100, 101, 102, 103, 104, 105, 106, 107, 108, 109, 110, 111, 112, 113, 114, 115, 116, 117, 118, 119, 120, 121, 122, 123, 124, 125, 126, 127, 128, 129, 130, 131, 132, 133, 134, 135, 136, 137, 138, 139, 140, 141, 142, 143, 144, 145, 146, 147, 148, 149, 150, 151, 152, 153, 154, 155, 156, 157, 158, 159, 160, 161, 162, 163, 164, 165, 201, 264, 269, 371, 385, 454], '0_2': [95], '0_3': [166, 167, 168, 169, 170, 171, 172, 173, 174, 175, 176, 177, 178, 179, 180, 181, 182, 183, 184, 185, 186, 187, 188, 189, 190, 191, 192, 193, 194, 195, 196, 197, 198, 199, 200, 202, 203, 204, 205, 206, 207, 208, 209, 210, 211, 212, 213, 214, 215, 216, 217, 218, 219, 220, 221, 222, 223, 224, 225, 226, 227, 228, 229, 230, 231, 232, 233, 234, 235, 236, 237, 238, 239, 240, 241, 242, 243, 244, 245, 246, 247, 248, 249, 250, 251, 252, 253, 254, 255, 256, 257, 258, 259, 260, 261, 262, 263, 265, 266, 267, 268, 270, 271, 272, 273, 274, 275, 276, 277, 278, 279, 280, 281, 282, 283, 284, 285, 286, 287, 288, 289, 290, 291, 292, 293, 294, 295, 296, 297, 298, 299, 300, 301, 302, 303, 304, 305, 306, 307, 308, 309, 310, 311, 312, 313, 314, 315, 316, 317, 318, 319, 320, 321, 322, 323, 324, 325, 326, 327, 328, 329, 330, 331, 332, 333, 334, 335, 336, 337, 338, 339, 340, 341, 342, 343, 344, 345, 346, 347, 348, 349, 350, 351, 352, 353, 354, 355, 356, 357, 359, 360, 361, 362, 363, 364, 365, 366, 367, 368, 369, 370, 372, 373, 374, 375, 376, 377, 378, 379, 380, 381, 382, 383, 384, 386, 387, 388, 389, 390, 391, 392, 393, 394, 395, 396, 397, 398, 399, 400, 401, 402, 403, 404, 405, 406, 407, 408, 409, 410, 411, 412, 413, 414, 415, 416, 417, 418, 419, 420, 421, 422, 423, 424, 425, 426, 427, 428, 429, 430, 431, 432, 433, 434, 435, 436, 437, 438, 439, 440, 441, 442, 443, 444, 445, 446, 447, 448, 449, 450, 451, 452, 453, 455, 456, 457, 458, 459, 460, 461, 462, 463, 464, 465, 466, 467, 468, 469, 470, 471, 472, 473, 474, 475, 476, 477, 478, 479, 480, 481, 482, 483, 484, 485, 486, 487, 488, 489, 490, 491, 492, 493, 494, 495, 496, 497, 498, 499, 500, 501, 502, 503, 504, 505, 506, 507, 508, 509, 510, 511, 513, 514, 515, 516, 517, 518, 519, 520, 521, 522, 523, 524, 525, 526, 527, 528, 529, 530, 531, 532, 533, 534, 535, 536, 537, 538, 539, 540, 541, 542, 543, 544, 545, 546, 547, 548, 549, 550, 551, 552, 553, 554, 555, 556, 557, 558, 559, 560, 561, 562, 563, 564, 565, 566, 567, 568, 569, 570, 571, 572, 573, 574, 575, 576, 577, 578, 579, 580, 581, 582, 583, 584, 585, 586, 587, 588, 589, 590, 591, 592, 593, 594, 595, 596, 597, 598, 599], '3_3': [358], '4_3': [512]}
FP rate  0.02478 FN rate  0.23
 Before reassigning cells 
 Timepoint  2
 Cluster  2  # of cells  69
 Cluster  1  # of cells  30
 Cluster  0  # of cells  1
 Timepoint  3
 Cluster  1  # of cells  73
 Cluster  0  # of cells  425
 Cluster  3  # of cells  1
 Cluster  4  # of cells  1
 Cells absent at timepoint  2   set()
 Cells absent at timepoint  3   set()
 Timepoint  2
 Timepoint  3
 After reassigning and merging cells 
 Timepoint  2
 Cluster  2  # of cells  69
 Cluster  1  # of cells  30
 Cluster  0  # of cells  1
 Timepoint  3
 Cluster  1  # of cells  73
 Cluster  0  # of cells  425
 Cluster  3  # of cells  1
 Cluster  4  # of cells  1
 Tp cluster cell dict  {'2_2': 69, '1_2': 30, '0_2': 1, '1_3': 73, '0_3': 425, '3_3': 1, '4_3': 1}
 New Graph is here 
 ID  0  Timepoint  1  Mutations  []  Type  subclone
 ID  1  Timepoint  2  Mutations  [7, 8, 9, 10, 11, 12, 13, 14, 15, 16, 17, 18, 19, 20, 21, 22, 23, 24, 25]  Type  subclone
 ID  2  Timepoint  2  Mutations  [7, 8, 9, 10, 11, 12, 13, 14, 15, 16, 26, 27, 28, 29, 30, 31, 32, 33, 34, 35, 36, 37]  Type  subclone
 ID  3  Timepoint  2  Mutations  [7, 8, 9, 10, 11, 12, 13, 14, 15, 16, 26, 27, 28, 29, 30, 31, 32, 33, 34, 35, 36, 37, 38, 39, 40, 41, 42, 43, 44]  Type  subclone
 ID  4  Timepoint  3  Mutations  [7, 8, 9, 10, 11, 12, 13, 14, 15, 16, 26, 27, 28, 29, 30, 31, 32, 33, 34, 35, 36, 37]  Type  subclone
 ID  5  Timepoint  3  Mutations  [7, 8, 9, 10, 11, 12, 13, 14, 15, 16, 26, 27, 28, 29, 30, 31, 32, 33, 34, 35, 36, 37, 38, 39, 40, 41, 42, 43, 44]  Type  subclone
 ID  6  Timepoint  3  Mutations  [5, 9, 10, 11, 12, 13, 15, 17, 18, 19, 20, 23, 26, 27, 28, 29, 30, 32, 34, 35, 37, 38, 39, 40, 42, 43]  Type  subclone
 ID  7  Timepoint  3  Mutations  [2, 5, 8, 11, 12, 13, 14, 22, 25, 28, 29, 30, 31, 32, 36, 37, 38, 39, 42]  Type  subclone
Timepoints  SortedDict({1: [0], 2: [1, 2, 3], 3: [4, 5, 6, 7]})
 Clone to nodes  {'2_2': 1, '1_2': 2, '0_2': 3, '1_3': 4, '0_3': 5, '3_3': 6, '4_3': 7}
 Timepoint ====  1
 Hash table  {'0,1,2': [7, 8, 9, 10, 11, 12, 13, 14, 15, 16], '0': [17, 18, 19, 20, 21, 22, 23, 24, 25], '1,2': [26, 27, 28, 29, 30, 31, 32, 33, 34, 35, 36, 37], '2': [38, 39, 40, 41, 42, 43, 44]}
 Final possible usc  [[7, 8, 9, 10, 11, 12, 13, 14, 15, 16], [17, 18, 19, 20, 21, 22, 23, 24, 25], [26, 27, 28, 29, 30, 31, 32, 33, 34, 35, 36, 37], [38, 39, 40, 41, 42, 43, 44]]
 Time  1  USC keys  {'17,18,19,20,21,22,23,24,25_0', '26,27,28,29,30,31,32,33,34,35,36,37_0', '7,8,9,10,11,12,13,14,15,16_0', '38,39,40,41,42,43,44_0'}
 USC children  {'7,8,9,10,11,12,13,14,15,16_0': [1, 2, 3], '17,18,19,20,21,22,23,24,25_0': [1], '26,27,28,29,30,31,32,33,34,35,36,37_0': [2, 3], '38,39,40,41,42,43,44_0': [3]}
 USC children  {'7,8,9,10,11,12,13,14,15,16_0': [1, 2, 3], '17,18,19,20,21,22,23,24,25_0': [1], '26,27,28,29,30,31,32,33,34,35,36,37_0': [2, 3], '38,39,40,41,42,43,44_0': [3]}
 Timepoint ====  2
 Hash table  {'0,1': [5, 11, 12, 13, 28, 29, 30, 32, 37, 38, 39, 42], '0': [9, 10, 15, 17, 18, 19, 20, 23, 26, 27, 34, 35, 40, 43], '1': [2, 8, 14, 22, 25, 31, 36]}
====== Inside find superset of t nodes ==========
 Final possible usc  []
 Time  2  USC keys  set()
 USC children  {'7,8,9,10,11,12,13,14,15,16_0': [1, 2, 3], '17,18,19,20,21,22,23,24,25_0': [1], '26,27,28,29,30,31,32,33,34,35,36,37_0': [2, 3], '38,39,40,41,42,43,44_0': [3]}
 USC children  {'7,8,9,10,11,12,13,14,15,16_0': [1, 2, 3], '17,18,19,20,21,22,23,24,25_0': [1], '26,27,28,29,30,31,32,33,34,35,36,37_0': [2, 3], '38,39,40,41,42,43,44_0': [3]}
 Node s  {'1,2,3': ['7', '8', '9', '10', '11', '12', '13', '14', '15', '16']}
 Enroll USC nodes  ['1', '2', '3']  len  3
 Node TP  SortedDict({1: [0], 2: [1, 2, 3], 3: [4, 5, 6, 7]})
 Unobserved subclones at timepoints  {1.5: [8]}
 ============== Inside finding node v ============ 
 Time  2
 Time  3
 largest_v_mut  []
 largest_v_mut  []
 Sorted all timepoints  [1, 1.5, 2, 3]
 Timepoint  2
 Inside usc_node check  2
 Timepoint  3
 Node  6  has no parent 
 USC nodes  []
 Node with minimum mutation sets  {1: 8, 2: 7, 3: 9}
 Node  7  has no parent 
 USC nodes  []
 Node with minimum mutation sets  {1: 12, 2: 10, 3: 14}
0   1   [-1]   subclone   []   []
1   2   [8]   subclone   [7, 8, 9, 10, 11, 12, 13, 14, 15, 16, 17, 18, 19, 20, 21, 22, 23, 24, 25]   [9]
2   2   [8]   subclone   [7, 8, 9, 10, 11, 12, 13, 14, 15, 16, 26, 27, 28, 29, 30, 31, 32, 33, 34, 35, 36, 37]   [12]
3   2   [8]   subclone   [7, 8, 9, 10, 11, 12, 13, 14, 15, 16, 26, 27, 28, 29, 30, 31, 32, 33, 34, 35, 36, 37, 38, 39, 40, 41, 42, 43, 44]   [19]
4   3   [2]   subclone   [7, 8, 9, 10, 11, 12, 13, 14, 15, 16, 26, 27, 28, 29, 30, 31, 32, 33, 34, 35, 36, 37]   [0]
5   3   [3]   subclone   [7, 8, 9, 10, 11, 12, 13, 14, 15, 16, 26, 27, 28, 29, 30, 31, 32, 33, 34, 35, 36, 37, 38, 39, 40, 41, 42, 43, 44]   [0]
6   3   [2]   subclone   [5, 9, 10, 11, 12, 13, 15, 17, 18, 19, 20, 23, 26, 27, 28, 29, 30, 32, 34, 35, 37, 38, 39, 40, 42, 43]   [11]
7   3   [2]   subclone   [2, 5, 8, 11, 12, 13, 14, 22, 25, 28, 29, 30, 31, 32, 36, 37, 38, 39, 42]   [7]
8   1.5   [0]   unobserved subclone   [7, 8, 9, 10, 11, 12, 13, 14, 15, 16]   [10]
8
 Total estimated FP  258  True negatives  8527
 Total estimated FN  2541  True positives  10274
 Estimated FP rate  0.0245
 Estimated FN rate  0.23
 No. of Cells in each cluster  {'5_2': 69, '3_2': 30, '3_3': 69, '7_3': 1, '4_3': 1, '0_3': 429, '0_2': 1}
 Cells in each cluster  {'5_2': [0, 1, 2, 3, 4, 5, 6, 7, 8, 9, 10, 11, 12, 13, 14, 15, 16, 17, 18, 19, 20, 21, 22, 23, 24, 25, 26, 27, 28, 29, 30, 31, 32, 33, 34, 35, 36, 37, 38, 39, 40, 41, 42, 43, 44, 45, 46, 47, 48, 49, 50, 51, 52, 53, 54, 55, 56, 57, 58, 59, 60, 61, 62, 63, 64, 65, 66, 67, 68], '3_2': [69, 70, 71, 72, 73, 74, 75, 76, 77, 78, 79, 80, 81, 82, 83, 84, 85, 86, 87, 88, 89, 90, 91, 92, 93, 94, 96, 97, 98, 99], '3_3': [100, 101, 102, 103, 104, 105, 106, 107, 108, 109, 110, 111, 112, 113, 114, 115, 116, 117, 118, 119, 120, 121, 123, 124, 125, 126, 127, 128, 129, 130, 132, 133, 134, 135, 136, 137, 138, 139, 140, 141, 142, 143, 144, 145, 146, 147, 148, 149, 150, 151, 152, 153, 154, 155, 156, 157, 158, 159, 160, 161, 162, 163, 164, 165, 201, 264, 269, 385, 454], '7_3': [358], '4_3': [512], '0_3': [276, 306, 355, 367, 383, 490, 530, 532, 180, 187, 199, 204, 221, 225, 228, 235, 248, 250, 267, 305, 322, 323, 324, 328, 343, 356, 357, 379, 396, 398, 407, 411, 417, 439, 443, 447, 469, 477, 489, 495, 503, 535, 550, 555, 559, 587, 590, 596, 122, 131, 371, 554, 166, 167, 168, 169, 170, 171, 172, 173, 174, 175, 176, 177, 178, 179, 181, 182, 183, 184, 185, 186, 188, 189, 190, 191, 192, 193, 194, 195, 196, 197, 198, 200, 202, 203, 205, 206, 207, 208, 209, 210, 211, 212, 213, 214, 215, 216, 217, 218, 219, 220, 222, 223, 224, 226, 227, 229, 230, 231, 232, 233, 234, 236, 237, 238, 239, 240, 241, 242, 243, 244, 245, 246, 247, 249, 251, 252, 253, 254, 255, 256, 257, 258, 259, 260, 261, 262, 263, 265, 266, 268, 270, 271, 272, 273, 274, 275, 277, 278, 279, 280, 281, 282, 283, 284, 285, 286, 287, 288, 289, 290, 291, 292, 293, 294, 295, 296, 297, 298, 299, 300, 301, 302, 303, 304, 307, 308, 309, 310, 311, 312, 313, 314, 315, 316, 317, 318, 319, 320, 321, 325, 326, 327, 329, 330, 331, 332, 333, 334, 335, 336, 337, 338, 339, 340, 341, 342, 344, 345, 346, 347, 348, 349, 350, 351, 352, 353, 354, 359, 360, 361, 362, 363, 364, 365, 366, 368, 369, 370, 372, 373, 374, 375, 376, 377, 378, 380, 381, 382, 384, 386, 387, 388, 389, 390, 391, 392, 393, 394, 395, 397, 399, 400, 401, 402, 403, 404, 405, 406, 408, 409, 410, 412, 413, 414, 415, 416, 418, 419, 420, 421, 422, 423, 424, 425, 426, 427, 428, 429, 430, 431, 432, 433, 434, 435, 436, 437, 438, 440, 441, 442, 444, 445, 446, 448, 449, 450, 451, 452, 453, 455, 456, 457, 458, 459, 460, 461, 462, 463, 464, 465, 466, 467, 468, 470, 471, 472, 473, 474, 475, 476, 478, 479, 480, 481, 482, 483, 484, 485, 486, 487, 488, 491, 492, 493, 494, 496, 497, 498, 499, 500, 501, 502, 504, 505, 506, 507, 508, 509, 510, 511, 513, 514, 515, 516, 517, 518, 519, 520, 521, 522, 523, 524, 525, 526, 527, 528, 529, 531, 533, 534, 536, 537, 538, 539, 540, 541, 542, 543, 544, 545, 546, 547, 548, 549, 551, 552, 553, 556, 557, 558, 560, 561, 562, 563, 564, 565, 566, 567, 568, 569, 570, 571, 572, 573, 574, 575, 576, 577, 578, 579, 580, 581, 582, 583, 584, 585, 586, 588, 589, 591, 592, 593, 594, 595, 597, 598, 599], '0_2': [95]}
FP rate  0.0245 FN rate  0.23
 Before reassigning cells 
 Timepoint  2
 Cluster  5  # of cells  69
 Cluster  3  # of cells  30
 Cluster  0  # of cells  1
 Timepoint  3
 Cluster  3  # of cells  73
 Cluster  7  # of cells  2
 Cluster  4  # of cells  1
 Cluster  0  # of cells  424
 Cells absent at timepoint  2   set()
 Cells absent at timepoint  3   set()
 Timepoint  2
 Timepoint  3
 After reassigning and merging cells 
 Timepoint  2
 Cluster  5  # of cells  69
 Cluster  3  # of cells  30
 Cluster  0  # of cells  1
 Timepoint  3
 Cluster  3  # of cells  73
 Cluster  7  # of cells  2
 Cluster  4  # of cells  1
 Cluster  0  # of cells  424
 Tp cluster cell dict  {'5_2': 69, '3_2': 30, '0_2': 1, '3_3': 73, '7_3': 2, '4_3': 1, '0_3': 424}
 New Graph is here 
 ID  0  Timepoint  1  Mutations  []  Type  subclone
 ID  1  Timepoint  2  Mutations  [7, 8, 9, 10, 11, 12, 13, 14, 15, 16, 17, 18, 19, 20, 21, 22, 23, 24, 25]  Type  subclone
 ID  2  Timepoint  2  Mutations  [7, 8, 9, 10, 11, 12, 13, 14, 15, 16, 26, 27, 28, 29, 30, 31, 32, 33, 34, 35, 36, 37]  Type  subclone
 ID  3  Timepoint  2  Mutations  [7, 8, 9, 10, 11, 12, 13, 14, 15, 16, 26, 27, 28, 29, 30, 31, 32, 33, 34, 35, 36, 37, 38, 39, 40, 41, 42, 43, 44]  Type  subclone
 ID  4  Timepoint  3  Mutations  [7, 8, 9, 10, 11, 12, 13, 14, 15, 16, 26, 27, 28, 29, 30, 31, 32, 33, 34, 35, 36, 37]  Type  subclone
 ID  5  Timepoint  3  Mutations  [7, 8, 9, 10, 11, 12, 13, 14, 15, 16, 17, 18, 20, 23, 26, 27, 28, 29, 30, 31, 32, 33, 34, 35, 36, 37, 38, 39, 40, 41, 42, 43, 44]  Type  subclone
 ID  6  Timepoint  3  Mutations  [1, 5, 8, 11, 12, 13, 24, 25, 26, 28, 29, 30, 31, 32, 36, 37, 38, 39, 41, 42]  Type  subclone
 ID  7  Timepoint  3  Mutations  [7, 8, 9, 10, 11, 12, 13, 14, 15, 16, 26, 27, 28, 29, 30, 31, 32, 33, 34, 35, 36, 37, 38, 39, 40, 41, 42, 43, 44]  Type  subclone
Timepoints  SortedDict({1: [0], 2: [1, 2, 3], 3: [4, 5, 6, 7]})
 Clone to nodes  {'5_2': 1, '3_2': 2, '0_2': 3, '3_3': 4, '7_3': 5, '4_3': 6, '0_3': 7}
 Timepoint ====  1
 Hash table  {'0,1,2': [7, 8, 9, 10, 11, 12, 13, 14, 15, 16], '0': [17, 18, 19, 20, 21, 22, 23, 24, 25], '1,2': [26, 27, 28, 29, 30, 31, 32, 33, 34, 35, 36, 37], '2': [38, 39, 40, 41, 42, 43, 44]}
 Final possible usc  [[7, 8, 9, 10, 11, 12, 13, 14, 15, 16], [17, 18, 19, 20, 21, 22, 23, 24, 25], [26, 27, 28, 29, 30, 31, 32, 33, 34, 35, 36, 37], [38, 39, 40, 41, 42, 43, 44]]
 Time  1  USC keys  {'17,18,19,20,21,22,23,24,25_0', '26,27,28,29,30,31,32,33,34,35,36,37_0', '38,39,40,41,42,43,44_0', '7,8,9,10,11,12,13,14,15,16_0'}
 USC children  {'7,8,9,10,11,12,13,14,15,16_0': [1, 2, 3], '17,18,19,20,21,22,23,24,25_0': [1], '26,27,28,29,30,31,32,33,34,35,36,37_0': [2, 3], '38,39,40,41,42,43,44_0': [3]}
 USC children  {'7,8,9,10,11,12,13,14,15,16_0': [1, 2, 3], '17,18,19,20,21,22,23,24,25_0': [1], '26,27,28,29,30,31,32,33,34,35,36,37_0': [2, 3], '38,39,40,41,42,43,44_0': [3]}
 Timepoint ====  2
 Hash table  {'0': [7, 9, 10, 14, 15, 16, 17, 18, 20, 23, 27, 33, 34, 35, 40, 43, 44], '0,1': [8, 11, 12, 13, 26, 28, 29, 30, 31, 32, 36, 37, 38, 39, 41, 42], '1': [1, 5, 24, 25]}
====== Inside find superset of t nodes ==========
 Final possible usc  []
 Time  2  USC keys  set()
 USC children  {'7,8,9,10,11,12,13,14,15,16_0': [1, 2, 3], '17,18,19,20,21,22,23,24,25_0': [1], '26,27,28,29,30,31,32,33,34,35,36,37_0': [2, 3], '38,39,40,41,42,43,44_0': [3]}
 USC children  {'7,8,9,10,11,12,13,14,15,16_0': [1, 2, 3], '17,18,19,20,21,22,23,24,25_0': [1], '26,27,28,29,30,31,32,33,34,35,36,37_0': [2, 3], '38,39,40,41,42,43,44_0': [3]}
 Node s  {'1,2,3': ['7', '8', '9', '10', '11', '12', '13', '14', '15', '16']}
 Enroll USC nodes  ['1', '2', '3']  len  3
 Node TP  SortedDict({1: [0], 2: [1, 2, 3], 3: [4, 5, 6, 7]})
 Unobserved subclones at timepoints  {1.5: [8]}
 ============== Inside finding node v ============ 
 Time  2
 Time  3
 largest_v_mut  [[7, 8, 9, 10, 11, 12, 13, 14, 15, 16, 26, 27, 28, 29, 30, 31, 32, 33, 34, 35, 36, 37, 38, 39, 40, 41, 42, 43, 44]]
 largest_v_mut  []
 Sorted all timepoints  [1, 1.5, 2, 3]
 Timepoint  2
 Inside usc_node check  2
 Timepoint  3
 Node  6  has no parent 
 USC nodes  []
 Node with minimum mutation sets  {1: 13, 2: 10, 3: 13}
0   1   [-1]   subclone   []   []
1   2   [8]   subclone   [7, 8, 9, 10, 11, 12, 13, 14, 15, 16, 17, 18, 19, 20, 21, 22, 23, 24, 25]   [9]
2   2   [8]   subclone   [7, 8, 9, 10, 11, 12, 13, 14, 15, 16, 26, 27, 28, 29, 30, 31, 32, 33, 34, 35, 36, 37]   [12]
3   2   [8]   subclone   [7, 8, 9, 10, 11, 12, 13, 14, 15, 16, 26, 27, 28, 29, 30, 31, 32, 33, 34, 35, 36, 37, 38, 39, 40, 41, 42, 43, 44]   [19]
4   3   [2]   subclone   [7, 8, 9, 10, 11, 12, 13, 14, 15, 16, 26, 27, 28, 29, 30, 31, 32, 33, 34, 35, 36, 37]   [0]
5   3   [3]   subclone   [7, 8, 9, 10, 11, 12, 13, 14, 15, 16, 17, 18, 20, 23, 26, 27, 28, 29, 30, 31, 32, 33, 34, 35, 36, 37, 38, 39, 40, 41, 42, 43, 44]   [4]
6   3   [2]   subclone   [1, 5, 8, 11, 12, 13, 24, 25, 26, 28, 29, 30, 31, 32, 36, 37, 38, 39, 41, 42]   [8]
7   3   [3]   subclone   [7, 8, 9, 10, 11, 12, 13, 14, 15, 16, 26, 27, 28, 29, 30, 31, 32, 33, 34, 35, 36, 37, 38, 39, 40, 41, 42, 43, 44]   [0]
8   1.5   [0]   unobserved subclone   [7, 8, 9, 10, 11, 12, 13, 14, 15, 16]   [10]
 List of tree files  ['all_trees/ap03_rep4_m1_tree.csv', 'all_trees/ap03_rep4_m2_tree.csv', 'all_trees/ap03_rep4_m3_tree.csv', 'all_trees/ap03_rep4_m4_tree.csv', 'all_trees/ap03_rep4_m5_tree.csv']
{'1': ['7', '8', '9', '10', '11', '12', '13', '14', '15', '16', '17', '18', '19', '20', '21', '22', '23', '24', '25'], '2': ['7', '8', '9', '10', '11', '12', '13', '14', '15', '16', '26', '27', '28', '29', '30', '31', '32', '33', '34', '35', '36', '37'], '3': ['7', '8', '9', '10', '11', '12', '13', '14', '15', '16', '26', '27', '28', '29', '30', '31', '32', '33', '34', '35', '36', '37', '38', '39', '40', '41', '42', '43', '44'], '4': ['7', '8', '9', '10', '11', '12', '13', '14', '15', '16', '26', '27', '28', '29', '30', '31', '32', '33', '34', '35', '36', '37'], '5': ['5', '7', '9', '10', '11', '12', '15', '17', '18', '19', '20', '23', '26', '27', '28', '29', '30', '32', '34', '35', '37', '38', '40', '42', '43'], '6': ['0', '5', '7', '8', '9', '10', '11', '12', '13', '14', '15', '16', '22', '24', '26', '27', '28', '29', '30', '31', '32', '33', '34', '35', '36', '37', '38', '39', '40', '41', '42', '43', '44'], '7': ['7', '8', '9', '10', '11', '12', '13', '14', '15', '16', '26', '27', '28', '29', '30', '31', '32', '33', '34', '35', '36', '37', '38', '39', '40', '41', '42', '43', '44'], '8': ['7', '8', '9', '10', '11', '12', '13', '14', '15', '16']}
 Actual mutation of  1   ['23', '25', '20', '21', '18', '19', '24', '22', '17']
 Actual mutation of  2   ['30', '26', '37', '27', '32', '28', '29', '31', '35', '33', '34', '36']
 Actual mutation of  3   ['30', '26', '27', '36', '38', '44', '40', '41', '32', '39', '29', '31', '34', '37', '42', '43', '28', '35', '33']
 Actual mutation of  4   []
 Actual mutation of  5   ['23', '38', '43', '20', '5', '18', '19', '40', '17', '42']
 Actual mutation of  6   ['24', '5', '0', '22']
 Actual mutation of  7   []
 Updated node mutation  {'1': ['23', '25', '20', '21', '18', '19', '24', '22', '17'], '2': ['30', '26', '37', '27', '32', '28', '29', '31', '35', '33', '34', '36'], '3': ['30', '26', '27', '36', '38', '44', '40', '41', '32', '39', '29', '31', '34', '37', '42', '43', '28', '35', '33'], '4': [], '5': ['23', '38', '43', '20', '5', '18', '19', '40', '17', '42'], '6': ['24', '5', '0', '22'], '7': [], '8': ['7', '8', '9', '10', '11', '12', '13', '14', '15', '16']}
{'1': ['7', '8', '9', '10', '11', '12', '13', '14', '15', '16', '17', '18', '19', '20', '21', '22', '23', '24', '25'], '2': ['7', '8', '9', '10', '11', '12', '13', '14', '15', '16', '26', '27', '28', '29', '30', '31', '32', '33', '34', '35', '36', '37'], '3': ['7', '8', '9', '10', '11', '12', '13', '14', '15', '16', '26', '27', '28', '29', '30', '31', '32', '33', '34', '35', '36', '37', '38', '39', '40', '41', '42', '43', '44'], '4': ['7', '8', '9', '10', '11', '12', '13', '14', '15', '16', '26', '27', '28', '29', '30', '31', '32', '33', '34', '35', '36', '37'], '5': ['7', '8', '9', '10', '11', '12', '15', '16', '28', '31', '32', '33', '35', '36', '37', '38', '39', '40', '41', '42', '43', '44'], '6': ['7', '8', '9', '10', '11', '12', '13', '14', '15', '16', '17', '18', '20', '23', '26', '27', '28', '29', '30', '31', '32', '33', '34', '35', '36', '37', '38', '39', '40', '41', '42', '43', '44'], '7': ['1', '2', '5', '8', '11', '12', '13', '14', '22', '25', '27', '28', '29', '30', '31', '32', '36', '37', '38', '39', '42'], '8': ['7', '8', '9', '10', '11', '12', '13', '14', '15', '16', '26', '27', '28', '29', '30', '31', '32', '33', '34', '35', '36', '37', '38', '39', '40', '41', '42', '43', '44'], '9': ['7', '8', '9', '10', '11', '12', '13', '14', '15', '16']}
 Actual mutation of  1   ['23', '25', '20', '21', '18', '19', '24', '22', '17']
 Actual mutation of  2   ['30', '26', '37', '27', '32', '28', '29', '31', '35', '33', '34', '36']
 Actual mutation of  3   ['30', '26', '27', '36', '38', '44', '40', '41', '32', '39', '29', '31', '34', '37', '42', '43', '28', '35', '33']
 Actual mutation of  4   []
 Actual mutation of  5   ['38', '43', '39', '44', '40', '41', '42']
 Actual mutation of  6   ['23', '18', '17', '20']
 Actual mutation of  7   ['38', '25', '2', '5', '39', '1', '22', '42']
 Actual mutation of  8   []
 Updated node mutation  {'1': ['23', '25', '20', '21', '18', '19', '24', '22', '17'], '2': ['30', '26', '37', '27', '32', '28', '29', '31', '35', '33', '34', '36'], '3': ['30', '26', '27', '36', '38', '44', '40', '41', '32', '39', '29', '31', '34', '37', '42', '43', '28', '35', '33'], '4': [], '5': ['38', '43', '39', '44', '40', '41', '42'], '6': ['23', '18', '17', '20'], '7': ['38', '25', '2', '5', '39', '1', '22', '42'], '8': [], '9': ['7', '8', '9', '10', '11', '12', '13', '14', '15', '16']}
{'1': ['7', '8', '9', '10', '11', '12', '13', '14', '15', '16', '17', '18', '19', '20', '21', '22', '23', '24', '25'], '2': ['7', '8', '9', '10', '11', '12', '13', '14', '15', '16', '26', '27', '28', '29', '30', '31', '32', '33', '34', '35', '36', '37'], '3': ['7', '8', '9', '10', '11', '12', '13', '14', '15', '16', '26', '27', '28', '29', '30', '31', '32', '33', '34', '35', '36', '37', '38', '39', '40', '41', '42', '43', '44'], '4': ['7', '8', '9', '10', '11', '12', '13', '14', '15', '16', '26', '27', '28', '29', '30', '31', '32', '33', '34', '35', '36', '37'], '5': ['7', '9', '10', '11', '12', '13', '14', '15', '17', '18', '20', '23', '26', '27', '28', '29', '30', '32', '33', '34', '35', '37', '38', '39', '40', '42', '43'], '6': ['0', '5', '8', '11', '12', '13', '14', '25', '26', '27', '28', '29', '30', '31', '32', '36', '37', '38', '39', '41', '42'], '7': ['7', '8', '9', '10', '11', '12', '13', '14', '15', '16', '26', '27', '28', '29', '30', '31', '32', '33', '34', '35', '36', '37', '38', '39', '40', '41', '42', '43', '44'], '8': ['7', '8', '9', '10', '11', '12', '13', '14', '15', '16']}
 Actual mutation of  1   ['23', '25', '20', '21', '18', '19', '24', '22', '17']
 Actual mutation of  2   ['30', '26', '37', '27', '32', '28', '29', '31', '35', '33', '34', '36']
 Actual mutation of  3   ['30', '26', '27', '36', '38', '44', '40', '41', '32', '39', '29', '31', '34', '37', '42', '43', '28', '35', '33']
 Actual mutation of  4   []
 Actual mutation of  5   ['23', '38', '43', '20', '39', '18', '40', '17', '42']
 Actual mutation of  6   ['0', '38', '25', '5', '39', '41', '42']
 Actual mutation of  7   []
 Updated node mutation  {'1': ['23', '25', '20', '21', '18', '19', '24', '22', '17'], '2': ['30', '26', '37', '27', '32', '28', '29', '31', '35', '33', '34', '36'], '3': ['30', '26', '27', '36', '38', '44', '40', '41', '32', '39', '29', '31', '34', '37', '42', '43', '28', '35', '33'], '4': [], '5': ['23', '38', '43', '20', '39', '18', '40', '17', '42'], '6': ['0', '38', '25', '5', '39', '41', '42'], '7': [], '8': ['7', '8', '9', '10', '11', '12', '13', '14', '15', '16']}
{'1': ['7', '8', '9', '10', '11', '12', '13', '14', '15', '16', '17', '18', '19', '20', '21', '22', '23', '24', '25'], '2': ['7', '8', '9', '10', '11', '12', '13', '14', '15', '16', '26', '27', '28', '29', '30', '31', '32', '33', '34', '35', '36', '37'], '3': ['7', '8', '9', '10', '11', '12', '13', '14', '15', '16', '26', '27', '28', '29', '30', '31', '32', '33', '34', '35', '36', '37', '38', '39', '40', '41', '42', '43', '44'], '4': ['7', '8', '9', '10', '11', '12', '13', '14', '15', '16', '26', '27', '28', '29', '30', '31', '32', '33', '34', '35', '36', '37'], '5': ['7', '8', '9', '10', '11', '12', '13', '14', '15', '16', '26', '27', '28', '29', '30', '31', '32', '33', '34', '35', '36', '37', '38', '39', '40', '41', '42', '43', '44'], '6': ['5', '9', '10', '11', '12', '13', '15', '17', '18', '19', '20', '23', '26', '27', '28', '29', '30', '32', '34', '35', '37', '38', '39', '40', '42', '43'], '7': ['2', '5', '8', '11', '12', '13', '14', '22', '25', '28', '29', '30', '31', '32', '36', '37', '38', '39', '42'], '8': ['7', '8', '9', '10', '11', '12', '13', '14', '15', '16']}
 Actual mutation of  1   ['23', '25', '20', '21', '18', '19', '24', '22', '17']
 Actual mutation of  2   ['30', '26', '37', '27', '32', '28', '29', '31', '35', '33', '34', '36']
 Actual mutation of  3   ['30', '26', '27', '36', '38', '44', '40', '41', '32', '39', '29', '31', '34', '37', '42', '43', '28', '35', '33']
 Actual mutation of  4   []
 Actual mutation of  5   []
 Actual mutation of  6   ['23', '38', '43', '20', '5', '39', '18', '19', '40', '17', '42']
 Actual mutation of  7   ['38', '25', '2', '5', '39', '22', '42']
 Updated node mutation  {'1': ['23', '25', '20', '21', '18', '19', '24', '22', '17'], '2': ['30', '26', '37', '27', '32', '28', '29', '31', '35', '33', '34', '36'], '3': ['30', '26', '27', '36', '38', '44', '40', '41', '32', '39', '29', '31', '34', '37', '42', '43', '28', '35', '33'], '4': [], '5': [], '6': ['23', '38', '43', '20', '5', '39', '18', '19', '40', '17', '42'], '7': ['38', '25', '2', '5', '39', '22', '42'], '8': ['7', '8', '9', '10', '11', '12', '13', '14', '15', '16']}
{'1': ['7', '8', '9', '10', '11', '12', '13', '14', '15', '16', '17', '18', '19', '20', '21', '22', '23', '24', '25'], '2': ['7', '8', '9', '10', '11', '12', '13', '14', '15', '16', '26', '27', '28', '29', '30', '31', '32', '33', '34', '35', '36', '37'], '3': ['7', '8', '9', '10', '11', '12', '13', '14', '15', '16', '26', '27', '28', '29', '30', '31', '32', '33', '34', '35', '36', '37', '38', '39', '40', '41', '42', '43', '44'], '4': ['7', '8', '9', '10', '11', '12', '13', '14', '15', '16', '26', '27', '28', '29', '30', '31', '32', '33', '34', '35', '36', '37'], '5': ['7', '8', '9', '10', '11', '12', '13', '14', '15', '16', '17', '18', '20', '23', '26', '27', '28', '29', '30', '31', '32', '33', '34', '35', '36', '37', '38', '39', '40', '41', '42', '43', '44'], '6': ['1', '5', '8', '11', '12', '13', '24', '25', '26', '28', '29', '30', '31', '32', '36', '37', '38', '39', '41', '42'], '7': ['7', '8', '9', '10', '11', '12', '13', '14', '15', '16', '26', '27', '28', '29', '30', '31', '32', '33', '34', '35', '36', '37', '38', '39', '40', '41', '42', '43', '44'], '8': ['7', '8', '9', '10', '11', '12', '13', '14', '15', '16']}
 Actual mutation of  1   ['23', '25', '20', '21', '18', '19', '24', '22', '17']
 Actual mutation of  2   ['30', '26', '37', '27', '32', '28', '29', '31', '35', '33', '34', '36']
 Actual mutation of  3   ['30', '26', '27', '36', '38', '44', '40', '41', '32', '39', '29', '31', '34', '37', '42', '43', '28', '35', '33']
 Actual mutation of  4   []
 Actual mutation of  5   ['23', '18', '17', '20']
 Actual mutation of  6   ['38', '25', '5', '39', '24', '1', '41', '42']
 Actual mutation of  7   []
 Updated node mutation  {'1': ['23', '25', '20', '21', '18', '19', '24', '22', '17'], '2': ['30', '26', '37', '27', '32', '28', '29', '31', '35', '33', '34', '36'], '3': ['30', '26', '27', '36', '38', '44', '40', '41', '32', '39', '29', '31', '34', '37', '42', '43', '28', '35', '33'], '4': [], '5': ['23', '18', '17', '20'], '6': ['38', '25', '5', '39', '24', '1', '41', '42'], '7': [], '8': ['7', '8', '9', '10', '11', '12', '13', '14', '15', '16']}
 Parallel mutation count  {'m1': 24, 'm2': 25, 'm3': 23, 'm4': 25, 'm5': 22}
 Clusters with least parallel mutations  ['m5']
 Best tree path  ap03_rep4_m5_tree.csv
