11
 Total estimated FP  94  True negatives  9818
 Total estimated FN  411  True positives  1677
 Estimated FP rate  0.05308
 Estimated FN rate  0.04
 No. of Cells in each cluster  {'5_2': 25, '5_3': 75, '8_3': 49, '9_3': 1, '2_3': 5, '1_3': 370, '1_2': 75}
 Cells in each cluster  {'5_2': [75, 76, 77, 78, 79, 80, 81, 82, 83, 84, 85, 86, 87, 88, 89, 90, 91, 92, 93, 94, 95, 96, 97, 98, 99], '5_3': [100, 101, 102, 103, 104, 105, 106, 107, 108, 109, 110, 111, 112, 113, 114, 115, 116, 117, 118, 119, 120, 121, 122, 123, 124, 125, 126, 127, 128, 129, 130, 131, 132, 133, 134, 135, 136, 137, 138, 139, 140, 141, 142, 143, 144, 145, 146, 147, 148, 149, 150, 151, 152, 153, 154, 155, 156, 157, 158, 159, 160, 161, 162, 163, 164, 165, 166, 167, 168, 169, 170, 171, 172, 173, 174], '8_3': [175, 176, 177, 178, 179, 180, 181, 182, 183, 184, 185, 186, 187, 188, 189, 190, 191, 193, 194, 195, 196, 197, 198, 199, 200, 201, 202, 203, 204, 205, 206, 207, 208, 209, 210, 211, 212, 213, 214, 215, 216, 217, 218, 219, 220, 221, 222, 223, 224], '9_3': [192], '2_3': [317, 447, 479, 515, 560], '1_3': [252, 255, 346, 363, 385, 512, 513, 302, 303, 422, 430, 449, 488, 497, 228, 424, 440, 495, 576, 581, 225, 226, 227, 229, 230, 231, 232, 233, 234, 235, 236, 237, 238, 239, 240, 241, 242, 243, 244, 245, 246, 247, 248, 249, 250, 251, 253, 254, 256, 257, 258, 259, 260, 261, 262, 263, 264, 265, 266, 267, 268, 269, 270, 271, 272, 273, 274, 275, 277, 278, 279, 280, 283, 284, 285, 286, 287, 288, 289, 290, 291, 292, 293, 294, 295, 296, 297, 298, 300, 301, 304, 305, 307, 308, 310, 311, 312, 313, 314, 315, 316, 318, 319, 320, 321, 323, 324, 325, 327, 329, 330, 331, 332, 333, 334, 335, 336, 337, 338, 339, 340, 341, 342, 343, 344, 345, 347, 348, 349, 350, 351, 352, 354, 355, 356, 357, 358, 359, 360, 361, 362, 364, 365, 366, 367, 368, 369, 370, 371, 372, 373, 374, 375, 376, 377, 378, 379, 380, 381, 382, 383, 384, 387, 388, 389, 390, 391, 392, 393, 394, 395, 396, 397, 398, 399, 400, 401, 402, 403, 405, 406, 407, 408, 409, 410, 411, 412, 413, 414, 415, 416, 417, 418, 419, 420, 421, 423, 425, 426, 427, 428, 429, 431, 432, 433, 434, 435, 436, 437, 438, 439, 441, 442, 443, 444, 445, 446, 448, 450, 451, 452, 453, 455, 456, 457, 458, 459, 460, 461, 462, 463, 464, 465, 466, 467, 468, 469, 470, 471, 472, 473, 475, 476, 477, 478, 480, 481, 482, 483, 484, 485, 486, 487, 489, 490, 491, 492, 493, 496, 498, 499, 500, 501, 502, 503, 505, 506, 507, 508, 509, 510, 511, 514, 516, 517, 518, 519, 520, 521, 522, 524, 525, 526, 527, 528, 529, 530, 531, 532, 533, 534, 535, 536, 537, 538, 539, 540, 541, 542, 543, 544, 545, 546, 547, 548, 549, 550, 551, 552, 553, 554, 555, 556, 557, 558, 559, 561, 562, 563, 564, 565, 566, 567, 568, 569, 570, 571, 572, 573, 574, 575, 577, 578, 579, 580, 582, 583, 584, 585, 586, 587, 588, 590, 591, 592, 593, 594, 595, 596, 597, 598, 599, 276, 326, 386, 404, 474, 306, 322, 353, 504, 589, 281, 282, 299, 309, 328, 454, 494, 523], '1_2': [3, 60, 1, 7, 19, 66, 0, 2, 4, 5, 6, 8, 9, 10, 11, 12, 13, 14, 15, 16, 17, 18, 20, 21, 23, 24, 25, 26, 27, 28, 29, 30, 31, 32, 33, 34, 35, 36, 37, 38, 39, 40, 41, 42, 43, 44, 45, 46, 47, 48, 49, 50, 51, 52, 53, 54, 55, 56, 57, 58, 59, 61, 62, 63, 64, 65, 67, 68, 69, 70, 71, 72, 73, 74, 22]}
FP rate  0.05308 FN rate  0.04
 Before reassigning cells 
 Timepoint  2
 Cluster  5  # of cells  23
 Cluster  1  # of cells  77
 Timepoint  3
 Cluster  5  # of cells  73
 Cluster  8  # of cells  43
 Cluster  9  # of cells  6
 Cluster  2  # of cells  5
 Cluster  1  # of cells  306
 Cells absent at timepoint  2   set()
 Cells absent at timepoint  3   {256, 384, 386, 259, 387, 261, 517, 391, 521, 527, 402, 403, 276, 531, 539, 284, 547, 420, 165, 424, 305, 562, 436, 309, 564, 439, 312, 567, 442, 444, 318, 576, 580, 326, 584, 333, 334, 463, 590, 337, 592, 467, 468, 341, 342, 343, 472, 593, 599, 475, 476, 480, 353, 226, 481, 484, 489, 363, 237, 497, 498, 371, 501, 503, 249, 250, 251}
 Missing cell prob  {'8': 1.4003318084757879e-24, '2': 0.3225054228837998, '9': 1.3812024458058598e-13, '1': 0.3225054228837998, '5': 5.834505325923457e-15}
 Missing cell prob  {'8': 5.915311994575205e-26, '2': 0.3225054228837998, '9': 1.38120244580586e-13, '1': 0.3225054228837998, '5': 5.8345053259234574e-15}
 Missing cell prob  {'8': 1.3443185361367562e-24, '2': 0.017118587846672088, '9': 3.096955427000171e-16, '1': 0.017118587846672088, '5': 7.331422582337502e-15}
 Missing cell prob  {'8': 5.470046126858546e-19, '2': 0.401128818107539, '9': 2.2791036429388493e-09, '1': 0.401128818107539, '5': 4.066843676667215e-12}
 Missing cell prob  {'8': 9.116743544764245e-22, '2': 0.015826537518432948, '9': 3.798506071564751e-12, '1': 0.015826537518432948, '5': 8.992203423215233e-11}
 Missing cell prob  {'8': 5.470046126858546e-19, '2': 0.401128818107539, '9': 9.6274390357743e-11, '1': 0.401128818107539, '5': 2.27910364293885e-09}
 Missing cell prob  {'8': 9.760777036627969e-22, '2': 0.401128818107539, '9': 4.0668436766672154e-12, '1': 0.401128818107539, '5': 7.256895728147402e-15}
 Missing cell prob  {'8': 5.601327233903152e-26, '2': 0.3053868350371277, '9': 1.307888219982485e-13, '1': 0.3053868350371277, '5': 1.3078882199824846e-13}
 Missing cell prob  {'8': 1.3864012487285633e-17, '2': 0.023745876199208822, '9': 5.6992159410904805e-12, '1': 0.023745876199208822, '5': 1.3491753897343488e-10}
 Missing cell prob  {'8': 1.4586789671622792e-24, '2': 0.014190983349693381, '9': 3.4059589062043877e-12, '1': 0.014190983349693381, '5': 1.4387525477144374e-13}
 Missing cell prob  {'8': 2.4401942591569922e-20, '2': 0.4236142631980938, '9': 1.0167109191668039e-10, '1': 0.4236142631980938, '5': 4.294812314310836e-12}
 Missing cell prob  {'8': 5.601327233903152e-26, '2': 0.3053868350371277, '9': 1.3078882199824846e-13, '1': 0.3053868350371277, '5': 1.3078882199824846e-13}
 Missing cell prob  {'8': 5.601327233903152e-26, '2': 0.016885347087261186, '9': 3.054759409307294e-16, '1': 0.016885347087261186, '5': 7.231531949653158e-15}
 Missing cell prob  {'8': 3.5008295211894696e-23, '2': 0.3405836003926412, '9': 3.45300611451465e-12, '1': 0.3405836003926412, '5': 3.4530061145146483e-12}
 Missing cell prob  {'8': 5.697964715477654e-19, '2': 0.41784251886201973, '9': 4.236295496528351e-12, '1': 0.41784251886201973, '5': 4.236295496528351e-12}
 Missing cell prob  {'8': 5.915311994575205e-26, '2': 0.3225054228837998, '9': 3.269720549956212e-12, '1': 0.3225054228837998, '5': 1.38120244580586e-13}
 Missing cell prob  {'8': 5.834715868649117e-26, '2': 0.013437725953491656, '9': 3.2251706074630578e-12, '1': 0.013437725953491656, '5': 5.755010190857752e-15}
 Missing cell prob  {'8': 3.851114579801567e-23, '2': 0.37466162267386316, '9': 3.798506071564751e-12, '1': 0.37466162267386316, '5': 8.992203423215233e-11}
 Missing cell prob  {'8': 1.7901029647105556e-13, '2': 2.984581482321276e-06, '9': 0.0007458493207351642, '1': 7.065399743099159e-05, '5': 0.0007458493207351642}
 Missing cell prob  {'8': 1.400331808475788e-24, '2': 0.01783186234028343, '9': 7.636898523268236e-15, '1': 0.01783186234028343, '5': 7.636898523268234e-15}
 Missing cell prob  {'8': 8.752073802973673e-22, '2': 0.3596751577669087, '9': 8.632515286286621e-11, '1': 0.3596751577669087, '5': 3.646565828702159e-12}
 Missing cell prob  {'8': 3.646697417905698e-23, '2': 0.014986464906954527, '9': 1.5194024286259002e-13, '1': 0.014986464906954527, '5': 1.5194024286259002e-13}
 Missing cell prob  {'8': 1.4003318084757879e-24, '2': 0.3225054228837998, '9': 3.2697205499562118e-12, '1': 0.3225054228837998, '5': 3.2697205499562106e-12}
 Missing cell prob  {'8': 8.401990850854727e-22, '2': 0.019091557374267515, '9': 3.500703195554073e-12, '1': 0.019091557374267515, '5': 1.9355971418751062e-13}
 Missing cell prob  {'8': 9.116743544764245e-22, '2': 0.37466162267386316, '9': 3.798506071564751e-12, '1': 0.37466162267386316, '5': 8.992203423215233e-11}
 Missing cell prob  {'8': 2.4069466123759792e-20, '2': 0.41784251886201973, '9': 4.236295496528349e-12, '1': 0.41784251886201973, '5': 1.0028582328931564e-10}
 Missing cell prob  {'8': 1.444167967425587e-17, '2': 0.4473601393973026, '9': 1.073703078577709e-10, '1': 0.4473601393973026, '5': 1.9159210197660312e-13}
 Missing cell prob  {'8': 5.470046126858546e-19, '2': 0.401128818107539, '9': 9.627439035774298e-11, '1': 0.401128818107539, '5': 5.395322053929138e-08}
 Missing cell prob  {'8': 1.0167476079820804e-21, '2': 0.41784251886201973, '9': 1.0028582328931564e-10, '1': 0.41784251886201973, '5': 1.0028582328931564e-10}
 Missing cell prob  {'8': 2.240530893561261e-27, '2': 0.289176901833357, '9': 1.2384655132658144e-13, '1': 0.289176901833357, '5': 1.2384655132658144e-13}
 Missing cell prob  {'8': 2.3661247978300822e-27, '2': 0.3053868350371277, '9': 1.307888219982485e-13, '1': 0.3053868350371277, '5': 1.307888219982485e-13}
 Missing cell prob  {'8': 5.470046126858547e-19, '2': 0.02217908090119601, '9': 1.260154389241606e-10, '1': 0.02217908090119601, '5': 1.2601543892416062e-10}
 Missing cell prob  {'8': 1.444167967425587e-17, '2': 0.4473601393973026, '9': 6.017149397358939e-08, '1': 0.4473601393973026, '5': 1.4244397768367817e-06}
 Missing cell prob  {'8': 5.915311994575205e-26, '2': 0.0007532573962017245, '9': 1.3627319040503995e-17, '1': 0.0007532573962017245, '5': 3.2259952364585117e-16}
 Missing cell prob  {'8': 1.561724325860475e-24, '2': 0.3596751577669087, '9': 1.5403902457238878e-13, '1': 0.3596751577669087, '5': 8.632515286286622e-11}
 Missing cell prob  {'8': 5.601327233903152e-26, '2': 0.3053868350371277, '9': 1.307888219982485e-13, '1': 0.3053868350371277, '5': 1.3078882199824846e-13}
 Missing cell prob  {'8': 1.4003318084757879e-24, '2': 0.3225054228837998, '9': 3.269720549956212e-12, '1': 0.3225054228837998, '5': 3.2697205499562106e-12}
 Missing cell prob  {'8': 4.123168604160002e-23, '2': 0.401128818107539, '9': 1.7179249257243347e-13, '1': 0.401128818107539, '5': 4.066843676667217e-12}
 Missing cell prob  {'8': 9.116743544764245e-22, '2': 0.37466162267386316, '9': 3.798506071564751e-12, '1': 0.37466162267386316, '5': 3.798506071564751e-12}
 Missing cell prob  {'8': 5.915311994575205e-26, '2': 0.3225054228837998, '9': 1.38120244580586e-13, '1': 0.3225054228837998, '5': 5.8345053259234574e-15}
 Missing cell prob  {'8': 1.561724325860475e-24, '2': 0.3596751577669087, '9': 8.632515286286626e-11, '1': 0.3596751577669087, '5': 1.5403902457238883e-13}
 Missing cell prob  {'8': 3.3607963403418906e-23, '2': 0.01807817750884139, '9': 1.832855645584376e-13, '1': 0.01807817750884139, '5': 1.832855645584376e-13}
 Missing cell prob  {'8': 1.6267961727713287e-24, '2': 0.015826537518432948, '9': 6.778072794445362e-15, '1': 0.015826537518432948, '5': 3.798506071564751e-12}
 Missing cell prob  {'8': 5.915311994575205e-26, '2': 0.3225054228837998, '9': 1.3812024458058603e-13, '1': 0.3225054228837998, '5': 1.38120244580586e-13}
 Missing cell prob  {'8': 6.017366530939948e-19, '2': 0.44126485749801436, '9': 1.0590738741320877e-10, '1': 0.44126485749801436, '5': 1.0590738741320877e-10}
 Missing cell prob  {'8': 3.5008295211894696e-23, '2': 0.3405836003926412, '9': 8.17430137489053e-11, '1': 0.3405836003926412, '5': 3.4530061145146483e-12}
 Missing cell prob  {'8': 9.627786449503917e-22, '2': 0.01671370075448079, '9': 4.011432931572626e-12, '1': 0.01671370075448079, '5': 1.6945181986113403e-13}
 Missing cell prob  {'8': 3.851114579801567e-23, '2': 0.015826537518432948, '9': 1.60457317262905e-13, '1': 0.015826537518432948, '5': 3.798506071564751e-12}
 Missing cell prob  {'8': 6.100485647892481e-19, '2': 0.4473601393973026, '9': 1.0737030785777089e-10, '1': 0.4473601393973026, '5': 6.017149397358936e-08}
 Missing cell prob  {'8': 6.507184691085315e-26, '2': 0.014986464906954527, '9': 3.5968813692860935e-12, '1': 0.014986464906954527, '5': 6.418292690516202e-15}
 Missing cell prob  {'8': 2.3106687478809393e-20, '2': 0.401128818107539, '9': 9.627439035774303e-11, '1': 0.401128818107539, '5': 2.27910364293885e-09}
 Missing cell prob  {'8': 2.3425864887907124e-20, '2': 0.022485445090554817, '9': 5.396701558937398e-12, '1': 0.022485445090554817, '5': 2.279686376436192e-13}
 Missing cell prob  {'8': 5.1104290473966786e-23, '2': 0.02100181528696052, '9': 1.1932653942606617e-10, '1': 0.02100181528696052, '5': 2.1292686000787494e-13}
 Missing cell prob  {'8': 2.3106687478809393e-20, '2': 0.401128818107539, '9': 4.066843676667217e-12, '1': 0.401128818107539, '5': 4.0668436766672154e-12}
 Missing cell prob  {'8': 8.752073802973673e-22, '2': 0.3596751577669087, '9': 2.0435753437226325e-09, '1': 0.3596751577669087, '5': 2.0435753437226325e-09}
 Missing cell prob  {'8': 1.561724325860475e-24, '2': 0.3596751577669087, '9': 1.5403902457238886e-13, '1': 0.3596751577669087, '5': 1.5403902457238883e-13}
 Missing cell prob  {'8': 5.601327233903152e-26, '2': 0.3053868350371277, '9': 1.3078882199824846e-13, '1': 0.3053868350371277, '5': 1.3078882199824846e-13}
 Missing cell prob  {'8': 5.470046126858547e-19, '2': 0.0009368935454397839, '9': 9.627439035774301e-11, '1': 0.0009368935454397839, '5': 4.0124585963548347e-16}
 Missing cell prob  {'8': 3.646697417905698e-23, '2': 0.014986464906954527, '9': 2.0157316296644116e-09, '1': 0.014986464906954527, '5': 3.5968813692860935e-12}
 Missing cell prob  {'8': 8.401990850854727e-22, '2': 0.0010556040264855413, '9': 1.9355971418751065e-13, '1': 0.0010556040264855413, '5': 1.9355971418751067e-13}
 Missing cell prob  {'8': 9.627786449503917e-22, '2': 0.3956634379608237, '9': 4.011432931572625e-12, '1': 0.3956634379608237, '5': 9.496265178911876e-11}
 Missing cell prob  {'8': 7.849619016801296e-26, '2': 0.01807817750884139, '9': 3.270556569720959e-16, '1': 0.01807817750884139, '5': 1.8328556455843755e-13}
 Missing cell prob  {'8': 3.9043108146511876e-23, '2': 0.3798369004423908, '9': 1.6267374706668863e-13, '1': 0.3798369004423908, '5': 9.1164145717554e-11}
 Missing cell prob  {'8': 3.5008295211894696e-23, '2': 0.3405836003926412, '9': 1.4586263314808643e-13, '1': 0.3405836003926412, '5': 3.4530061145146483e-12}
 Missing cell prob  {'8': 3.646697417905698e-23, '2': 0.3547745837423345, '9': 8.51489726551097e-11, '1': 0.3547745837423345, '5': 1.5194024286259002e-13}
 Missing cell prob  {'8': 6.507184691085315e-26, '2': 0.3547745837423345, '9': 6.418292690516202e-15, '1': 0.3547745837423345, '5': 6.418292690516202e-15}
 Missing cell prob  {'8': 9.760777036627969e-22, '2': 0.401128818107539, '9': 4.066843676667216e-12, '1': 0.401128818107539, '5': 9.6274390357743e-11}
 Timepoint  2
 Timepoint  3
SortedDict({2: {'5': ['75', '77', '78', '79', '80', '81', '82', '83', '84', '85', '86', '87', '88', '89', '90', '92', '93', '94', '95', '96', '97', '98', '99'], '1': ['0', '1', '2', '3', '4', '5', '6', '7', '8', '9', '10', '11', '12', '13', '14', '15', '16', '17', '18', '19', '20', '21', '22', '23', '24', '25', '26', '27', '28', '29', '30', '31', '32', '33', '34', '35', '36', '37', '38', '39', '40', '41', '42', '43', '44', '45', '46', '47', '48', '49', '50', '51', '52', '53', '54', '55', '56', '57', '58', '59', '60', '61', '62', '63', '64', '65', '66', '67', '68', '69', '70', '71', '72', '73', '74', '76', '91']}, 3: {'5': ['100', '101', '102', '103', '104', '105', '106', '107', '108', '109', '110', '111', '112', '113', '114', '116', '117', '118', '119', '120', '121', '122', '123', '124', '125', '126', '127', '128', '129', '130', '131', '132', '134', '135', '136', '137', '138', '139', '140', '141', '142', '143', '144', '145', '146', '147', '148', '149', '150', '151', '152', '153', '154', '155', '156', '157', '158', '159', '160', '161', '162', '163', '164', '166', '167', '168', '169', '170', '171', '172', '173', '174', '188'], '8': ['175', '176', '177', '178', '179', '180', '181', '182', '184', '185', '186', '187', '189', '190', '191', '193', '194', '196', '197', '198', '199', '200', '201', '202', '203', '204', '205', '206', '207', '208', '209', '210', '211', '212', '213', '214', '215', '219', '220', '221', '222', '223', '224'], '9': ['183', '192', '195', '216', '217', '218', '165'], '2': ['317', '447', '479', '515', '560', '256', '384', '386', '259', '387', '261', '517', '391', '521', '527', '402', '403', '276', '531', '539', '284', '547', '420', '424', '305', '562', '436', '309', '564', '439', '312', '567', '442', '444', '318', '576', '580', '326', '584', '333', '334', '463', '590', '337', '592', '467', '468', '341', '342', '343', '472', '593', '599', '475', '476', '480', '353', '226', '481', '484', '489', '363', '237', '497', '498', '371', '501', '503', '249', '250', '251'], '1': ['115', '133', '225', '227', '228', '229', '230', '231', '232', '233', '234', '235', '236', '238', '239', '240', '241', '242', '243', '244', '245', '246', '247', '248', '252', '253', '254', '255', '257', '258', '260', '262', '263', '264', '265', '266', '267', '268', '269', '270', '271', '272', '273', '274', '275', '277', '278', '279', '280', '281', '282', '283', '285', '286', '287', '288', '289', '290', '291', '292', '293', '294', '295', '296', '297', '298', '299', '300', '301', '302', '303', '304', '306', '307', '308', '310', '311', '313', '314', '315', '316', '319', '320', '321', '322', '323', '324', '325', '327', '328', '329', '330', '331', '332', '335', '336', '338', '339', '340', '344', '345', '346', '347', '348', '349', '350', '351', '352', '354', '355', '356', '357', '358', '359', '360', '361', '362', '364', '365', '366', '367', '368', '369', '370', '372', '373', '374', '375', '376', '377', '378', '379', '380', '381', '382', '383', '385', '388', '389', '390', '392', '393', '394', '395', '396', '397', '398', '399', '400', '401', '404', '405', '406', '407', '408', '409', '410', '411', '412', '413', '414', '415', '416', '417', '418', '419', '421', '422', '423', '425', '426', '427', '428', '429', '430', '431', '432', '433', '434', '435', '437', '438', '440', '441', '443', '445', '446', '448', '449', '450', '451', '452', '453', '454', '455', '456', '457', '458', '459', '460', '461', '462', '464', '465', '466', '469', '470', '471', '473', '474', '477', '478', '482', '483', '485', '486', '487', '488', '490', '491', '492', '493', '494', '495', '496', '499', '500', '502', '504', '505', '506', '507', '508', '509', '510', '511', '512', '513', '514', '516', '518', '519', '520', '522', '523', '524', '525', '526', '528', '529', '530', '532', '533', '534', '535', '536', '537', '538', '540', '541', '542', '543', '544', '545', '546', '548', '549', '550', '551', '552', '553', '554', '555', '556', '557', '558', '559', '561', '563', '565', '566', '568', '569', '570', '571', '572', '573', '574', '575', '577', '578', '579', '581', '582', '583', '585', '586', '587', '588', '589', '591', '594', '595', '596', '597', '598']}})
 Cluster1  8
SortedDict({2: {'5': ['75', '77', '78', '79', '80', '81', '82', '83', '84', '85', '86', '87', '88', '89', '90', '92', '93', '94', '95', '96', '97', '98', '99'], '1': ['0', '1', '2', '3', '4', '5', '6', '7', '8', '9', '10', '11', '12', '13', '14', '15', '16', '17', '18', '19', '20', '21', '22', '23', '24', '25', '26', '27', '28', '29', '30', '31', '32', '33', '34', '35', '36', '37', '38', '39', '40', '41', '42', '43', '44', '45', '46', '47', '48', '49', '50', '51', '52', '53', '54', '55', '56', '57', '58', '59', '60', '61', '62', '63', '64', '65', '66', '67', '68', '69', '70', '71', '72', '73', '74', '76', '91']}, 3: {'5': ['100', '101', '102', '103', '104', '105', '106', '107', '108', '109', '110', '111', '112', '113', '114', '116', '117', '118', '119', '120', '121', '122', '123', '124', '125', '126', '127', '128', '129', '130', '131', '132', '134', '135', '136', '137', '138', '139', '140', '141', '142', '143', '144', '145', '146', '147', '148', '149', '150', '151', '152', '153', '154', '155', '156', '157', '158', '159', '160', '161', '162', '163', '164', '166', '167', '168', '169', '170', '171', '172', '173', '174', '188'], '8': ['175', '176', '177', '178', '179', '180', '181', '182', '184', '185', '186', '187', '189', '190', '191', '193', '194', '196', '197', '198', '199', '200', '201', '202', '203', '204', '205', '206', '207', '208', '209', '210', '211', '212', '213', '214', '215', '219', '220', '221', '222', '223', '224', '183', '192', '195', '216', '217', '218', '165'], '9': ['183', '192', '195', '216', '217', '218', '165'], '2': ['317', '447', '479', '515', '560', '256', '384', '386', '259', '387', '261', '517', '391', '521', '527', '402', '403', '276', '531', '539', '284', '547', '420', '424', '305', '562', '436', '309', '564', '439', '312', '567', '442', '444', '318', '576', '580', '326', '584', '333', '334', '463', '590', '337', '592', '467', '468', '341', '342', '343', '472', '593', '599', '475', '476', '480', '353', '226', '481', '484', '489', '363', '237', '497', '498', '371', '501', '503', '249', '250', '251'], '1': ['115', '133', '225', '227', '228', '229', '230', '231', '232', '233', '234', '235', '236', '238', '239', '240', '241', '242', '243', '244', '245', '246', '247', '248', '252', '253', '254', '255', '257', '258', '260', '262', '263', '264', '265', '266', '267', '268', '269', '270', '271', '272', '273', '274', '275', '277', '278', '279', '280', '281', '282', '283', '285', '286', '287', '288', '289', '290', '291', '292', '293', '294', '295', '296', '297', '298', '299', '300', '301', '302', '303', '304', '306', '307', '308', '310', '311', '313', '314', '315', '316', '319', '320', '321', '322', '323', '324', '325', '327', '328', '329', '330', '331', '332', '335', '336', '338', '339', '340', '344', '345', '346', '347', '348', '349', '350', '351', '352', '354', '355', '356', '357', '358', '359', '360', '361', '362', '364', '365', '366', '367', '368', '369', '370', '372', '373', '374', '375', '376', '377', '378', '379', '380', '381', '382', '383', '385', '388', '389', '390', '392', '393', '394', '395', '396', '397', '398', '399', '400', '401', '404', '405', '406', '407', '408', '409', '410', '411', '412', '413', '414', '415', '416', '417', '418', '419', '421', '422', '423', '425', '426', '427', '428', '429', '430', '431', '432', '433', '434', '435', '437', '438', '440', '441', '443', '445', '446', '448', '449', '450', '451', '452', '453', '454', '455', '456', '457', '458', '459', '460', '461', '462', '464', '465', '466', '469', '470', '471', '473', '474', '477', '478', '482', '483', '485', '486', '487', '488', '490', '491', '492', '493', '494', '495', '496', '499', '500', '502', '504', '505', '506', '507', '508', '509', '510', '511', '512', '513', '514', '516', '518', '519', '520', '522', '523', '524', '525', '526', '528', '529', '530', '532', '533', '534', '535', '536', '537', '538', '540', '541', '542', '543', '544', '545', '546', '548', '549', '550', '551', '552', '553', '554', '555', '556', '557', '558', '559', '561', '563', '565', '566', '568', '569', '570', '571', '572', '573', '574', '575', '577', '578', '579', '581', '582', '583', '585', '586', '587', '588', '589', '591', '594', '595', '596', '597', '598']}})
 Cluster1  2
 Cluster to drop  9
 Cluster to drop  1
 After reassigning and merging cells 
 Timepoint  2
 Cluster  5  # of cells  23
 Cluster  1  # of cells  77
 Timepoint  3
 Cluster  5  # of cells  73
 Cluster  8  # of cells  50
 Cluster  2  # of cells  377
 Tp cluster cell dict  {'5_2': 23, '1_2': 77, '5_3': 73, '8_3': 50, '2_3': 377}
 New Graph is here 
 ID  0  Timepoint  1  Mutations  []  Type  subclone
 ID  1  Timepoint  2  Mutations  [4, 5, 6, 7, 8, 9, 10, 11, 12, 13, 14]  Type  subclone
 ID  2  Timepoint  2  Mutations  [4]  Type  subclone
 ID  3  Timepoint  3  Mutations  [4, 5, 6, 7, 8, 9, 10, 11, 12, 13, 14]  Type  subclone
 ID  4  Timepoint  3  Mutations  [4, 5, 6, 7, 8, 9, 10, 11, 12, 13, 14, 15, 16, 17, 18, 19, 20, 21, 22, 23, 24]  Type  subclone
 ID  5  Timepoint  3  Mutations  [4]  Type  subclone
Timepoints  SortedDict({1: [0], 2: [1, 2], 3: [3, 4, 5]})
 Clone to nodes  {'5_2': 1, '1_2': 2, '5_3': 3, '8_3': 4, '2_3': 5}
 Timepoint ====  1
 Hash table  {'0,1': [4], '0': [5, 6, 7, 8, 9, 10, 11, 12, 13, 14]}
 Final possible usc  [[4], [5, 6, 7, 8, 9, 10, 11, 12, 13, 14]]
 Time  1  USC keys  {'5,6,7,8,9,10,11,12,13,14_0', '4_0'}
 USC children  {'4_0': [1, 2], '5,6,7,8,9,10,11,12,13,14_0': [1]}
 USC children  {'4_0': [1, 2], '5,6,7,8,9,10,11,12,13,14_0': [1]}
 Timepoint ====  2
 Hash table  {'0': [4, 5, 6, 7, 8, 9, 10, 11, 12, 13, 14, 15, 16, 17, 18, 19, 20, 21, 22, 23, 24]}
====== Inside find superset of t nodes ==========
 Final possible usc  [[4, 5, 6, 7, 8, 9, 10, 11, 12, 13, 14, 15, 16, 17, 18, 19, 20, 21, 22, 23, 24]]
 Time  2  USC keys  {'4,5,6,7,8,9,10,11,12,13,14,15,16,17,18,19,20,21,22,23,24_2', '4,5,6,7,8,9,10,11,12,13,14,15,16,17,18,19,20,21,22,23,24_1'}
 USC children  {'4_0': [1, 2], '5,6,7,8,9,10,11,12,13,14_0': [1], '4,5,6,7,8,9,10,11,12,13,14,15,16,17,18,19,20,21,22,23,24_2': [4], '4,5,6,7,8,9,10,11,12,13,14,15,16,17,18,19,20,21,22,23,24_1': [4]}
 USC children  {'4_0': [1, 2], '5,6,7,8,9,10,11,12,13,14_0': [1], '4,5,6,7,8,9,10,11,12,13,14,15,16,17,18,19,20,21,22,23,24_2': [4], '4,5,6,7,8,9,10,11,12,13,14,15,16,17,18,19,20,21,22,23,24_1': [4]}
 Node s  {'1,2': ['4'], '4': ['4', '5', '6', '7', '8', '9', '10', '11', '12', '13', '14', '15', '16', '17', '18', '19', '20', '21', '22', '23', '24']}
 Enroll USC nodes  ['1', '2']  len  2
 Enroll USC nodes  ['4']  len  1
 Node TP  SortedDict({1: [0], 2: [1, 2], 3: [3, 4, 5]})
 Unobserved subclones at timepoints  {1.5: [6]}
 ============== Inside finding node v ============ 
 Time  2
 Time  3
 largest_v_mut  [[4, 5, 6, 7, 8, 9, 10, 11, 12, 13, 14]]
 Sorted all timepoints  [1, 1.5, 2, 3]
 Timepoint  2
 Inside usc_node check  2
 Timepoint  3
0   1   [-1]   subclone   []   []
1   2   [6]   subclone   [4, 5, 6, 7, 8, 9, 10, 11, 12, 13, 14]   [10]
2   2   [6]   subclone   [4]   [0]
3   3   [1]   subclone   [4, 5, 6, 7, 8, 9, 10, 11, 12, 13, 14]   [0]
4   3   [1]   subclone   [4, 5, 6, 7, 8, 9, 10, 11, 12, 13, 14, 15, 16, 17, 18, 19, 20, 21, 22, 23, 24]   [10]
5   3   [2]   subclone   [4]   [0]
6   1.5   [0]   unobserved subclone   [4]   [1]
18
 Total estimated FP  98  True negatives  9818
 Total estimated FN  411  True positives  1673
 Estimated FP rate  0.05534
 Estimated FN rate  0.04
 No. of Cells in each cluster  {'11_2': 25, '11_3': 75, '8_3': 49, '13_3': 1, '9_3': 1, '4_2': 75, '4_3': 374}
 Cells in each cluster  {'11_2': [75, 76, 77, 78, 79, 80, 81, 82, 83, 84, 85, 86, 87, 88, 89, 90, 91, 92, 93, 94, 95, 96, 97, 98, 99], '11_3': [100, 101, 102, 103, 104, 105, 106, 107, 108, 109, 110, 111, 112, 113, 114, 115, 116, 117, 118, 119, 120, 121, 122, 123, 124, 125, 126, 127, 128, 129, 130, 131, 132, 133, 134, 135, 136, 137, 138, 139, 140, 141, 142, 143, 144, 145, 146, 147, 148, 149, 150, 151, 152, 153, 154, 155, 156, 157, 158, 159, 160, 161, 162, 163, 164, 165, 166, 167, 168, 169, 170, 171, 172, 173, 174], '8_3': [175, 176, 177, 178, 179, 180, 181, 182, 183, 184, 185, 186, 187, 188, 189, 190, 191, 193, 194, 195, 196, 197, 198, 199, 200, 201, 202, 203, 204, 205, 206, 207, 208, 209, 210, 211, 212, 213, 214, 215, 216, 217, 218, 219, 220, 221, 222, 223, 224], '13_3': [192], '9_3': [474], '4_2': [9, 42, 22, 1, 7, 19, 66, 0, 2, 4, 5, 6, 8, 10, 11, 12, 13, 14, 15, 16, 17, 18, 20, 21, 23, 24, 25, 26, 27, 28, 29, 30, 31, 32, 33, 34, 35, 36, 37, 38, 39, 40, 41, 43, 44, 45, 46, 47, 48, 49, 50, 51, 52, 53, 54, 55, 56, 57, 58, 59, 61, 62, 63, 64, 65, 67, 68, 69, 70, 71, 72, 73, 74, 3, 60], '4_3': [371, 234, 441, 518, 588, 306, 322, 353, 504, 589, 228, 424, 440, 495, 576, 581, 252, 255, 346, 363, 385, 512, 513, 281, 299, 497, 515, 317, 447, 479, 544, 560, 376, 425, 429, 587, 350, 374, 506, 597, 282, 309, 328, 454, 494, 523, 225, 226, 227, 229, 230, 231, 232, 233, 235, 236, 237, 238, 239, 240, 241, 242, 243, 244, 245, 246, 247, 248, 249, 250, 251, 253, 254, 256, 257, 258, 259, 260, 261, 262, 263, 264, 265, 266, 267, 268, 269, 270, 271, 272, 273, 274, 275, 277, 278, 279, 280, 283, 284, 285, 286, 287, 288, 289, 290, 292, 293, 294, 295, 296, 297, 298, 300, 301, 304, 305, 307, 308, 310, 311, 312, 313, 314, 315, 316, 318, 319, 320, 321, 323, 324, 325, 327, 329, 330, 331, 332, 333, 334, 335, 336, 337, 338, 339, 340, 341, 342, 343, 344, 345, 347, 348, 349, 351, 352, 354, 355, 356, 357, 358, 359, 360, 361, 362, 364, 365, 366, 368, 369, 370, 372, 373, 375, 377, 378, 379, 380, 381, 382, 383, 384, 387, 388, 389, 390, 391, 392, 393, 394, 395, 396, 397, 398, 399, 400, 401, 402, 403, 405, 406, 407, 408, 409, 410, 411, 412, 413, 414, 415, 416, 417, 418, 419, 420, 421, 423, 426, 427, 428, 431, 432, 433, 434, 435, 436, 437, 438, 439, 442, 443, 444, 445, 446, 448, 450, 451, 452, 453, 455, 456, 457, 458, 459, 460, 461, 462, 463, 464, 465, 466, 467, 468, 469, 470, 471, 472, 473, 475, 476, 477, 478, 480, 481, 482, 483, 484, 485, 486, 487, 489, 490, 491, 492, 493, 496, 498, 499, 500, 501, 502, 503, 505, 507, 508, 509, 510, 511, 514, 516, 517, 519, 520, 521, 522, 524, 525, 526, 527, 528, 529, 530, 531, 532, 533, 534, 535, 536, 537, 538, 539, 540, 541, 542, 543, 545, 546, 547, 548, 549, 550, 551, 552, 553, 554, 555, 556, 557, 558, 559, 561, 562, 563, 564, 565, 566, 567, 568, 570, 571, 572, 573, 574, 575, 577, 578, 579, 580, 582, 583, 584, 585, 586, 590, 591, 592, 593, 594, 595, 596, 598, 599, 291, 367, 569, 276, 326, 386, 404, 302, 303, 422, 430, 449, 488]}
FP rate  0.05534 FN rate  0.04
 Before reassigning cells 
 Timepoint  2
 Cluster  11  # of cells  23
 Cluster  4  # of cells  77
 Timepoint  3
 Cluster  11  # of cells  72
 Cluster  8  # of cells  44
 Cluster  13  # of cells  6
 Cluster  9  # of cells  3
 Cluster  4  # of cells  352
 Cells absent at timepoint  3   {390, 263, 398, 404, 281, 546, 419, 420, 549, 562, 440, 447, 581, 459, 336, 593, 466, 472, 473, 227, 485, 363, 509}
 Missing cell prob  {'8': 1.4482596516632289e-24, '9': 0.32026577156537406, '11': 3.309681833411342e-12, '13': 5.934104311644526e-15, '4': 0.32026577156537406}
 Missing cell prob  {'8': 1.3681129625401857e-24, '9': 0.30254226376694626, '11': 3.1265240407503584e-12, '13': 5.605710979038117e-15, '4': 0.30254226376694626}
 Missing cell prob  {'8': 8.550706015876161e-22, '9': 0.014355537719160306, '11': 1.483526077911131e-13, '13': 3.503569361898822e-12, '4': 0.014355537719160306}
 Missing cell prob  {'8': 8.689557909979373e-22, '9': 0.0008409750146913507, '11': 4.84718821218702e-12, '13': 8.690781143649777e-15, '4': 0.0008409750146913509}
 Missing cell prob  {'8': 5.253553776154314e-26, '9': 0.0006697075550745123, '11': 2.9305246825757384e-16, '13': 2.1525930159506378e-16, '4': 0.0006697075550745123}
 Missing cell prob  {'8': 2.1376765039690403e-20, '9': 0.015196512733851655, '11': 1.5704338893476286e-13, '13': 3.708815194777827e-12, '4': 0.015196512733851655}
 Missing cell prob  {'8': 8.550706015876161e-22, '9': 0.014355537719160304, '11': 1.483526077911131e-13, '13': 6.2817355573905146e-15, '4': 0.014355537719160306}
 Missing cell prob  {'8': 3.832753720024212e-23, '9': 0.3588884429790077, '11': 8.758923404747054e-11, '13': 1.5704338893476276e-13, '4': 0.3588884429790077}
 Missing cell prob  {'8': 2.3172154426611666e-27, '9': 0.012101690550677849, '11': 5.295490933458146e-15, '13': 2.2422843916152466e-16, '4': 0.012101690550677849}
 Missing cell prob  {'8': 3.620649129158072e-23, '9': 0.014355537719160306, '11': 1.483526077911131e-13, '13': 6.2817355573905146e-15, '4': 0.014355537719160306}
 Missing cell prob  {'8': 2.0521694438102785e-20, '9': 0.0008409750146913507, '11': 4.847188212187022e-12, '13': 8.690781143649777e-15, '4': 0.0008409750146913507}
 Missing cell prob  {'8': 1.2823470259686892e-28, '9': 0.0006697075550745123, '11': 2.9305246825757384e-16, '13': 1.240880182319877e-17, '4': 0.0006697075550745124}
 Missing cell prob  {'8': 5.213734745987624e-19, '9': 0.02136578277114773, '11': 5.214468686189865e-12, '13': 2.207976917066401e-13, '4': 0.021365782771147725}
 Missing cell prob  {'8': 1.3681129625401857e-24, '9': 0.012810630862614959, '11': 5.605710979038115e-15, '13': 5.6057109790381174e-15, '4': 0.01281063086261496}
 Missing cell prob  {'8': 5.793038606652916e-26, '9': 0.01281063086261496, '11': 3.1265240407503584e-12, '13': 5.605710979038116e-15, '4': 0.01281063086261496}
 Missing cell prob  {'8': 3.832753720024212e-23, '9': 0.015196512733851655, '11': 3.708815194777826e-12, '13': 3.708815194777827e-12, '4': 0.015196512733851654}
 Missing cell prob  {'8': 9.58188430006053e-22, '9': 0.3799128183462914, '11': 1.662432927558728e-13, '13': 7.039285785610601e-15, '4': 0.3799128183462914}
 Missing cell prob  {'8': 9.58188430006053e-22, '9': 0.016086753682649474, '11': 1.662432927558728e-13, '13': 3.926084723369069e-12, '4': 0.016086753682649474}
 Missing cell prob  {'8': 8.550706015876161e-22, '9': 0.014355537719160304, '11': 8.274204583528356e-11, '13': 3.503569361898822e-12, '4': 0.014355537719160306}
 Missing cell prob  {'8': 1.3681129625401857e-24, '9': 0.01281063086261496, '11': 1.3238727333645368e-13, '13': 1.3238727333645365e-13, '4': 0.01281063086261496}
 Missing cell prob  {'8': 3.420282406350464e-23, '9': 0.013561102261781975, '11': 3.309681833411342e-12, '13': 1.4014277447595287e-13, '4': 0.013561102261781975}
 Missing cell prob  {'8': 5.430973693737108e-19, '9': 0.0009423929760949147, '11': 4.123749024788716e-16, '13': 3.989839026140948e-12, '4': 0.0009423929760949147}
 Missing cell prob  {'8': 3.620649129158072e-23, '9': 0.014355537719160306, '11': 8.274204583528356e-11, '13': 3.5035693618988225e-12, '4': 0.014355537719160306}
 Cells absent at timepoint  2   set()
 Timepoint  2
 Timepoint  3
SortedDict({2: {'11': ['75', '77', '78', '79', '80', '81', '82', '83', '84', '85', '86', '87', '88', '89', '90', '92', '93', '94', '95', '96', '97', '98', '99'], '4': ['0', '1', '2', '3', '4', '5', '6', '7', '8', '9', '10', '11', '12', '13', '14', '15', '16', '17', '18', '19', '20', '21', '22', '23', '24', '25', '26', '27', '28', '29', '30', '31', '32', '33', '34', '35', '36', '37', '38', '39', '40', '41', '42', '43', '44', '45', '46', '47', '48', '49', '50', '51', '52', '53', '54', '55', '56', '57', '58', '59', '60', '61', '62', '63', '64', '65', '66', '67', '68', '69', '70', '71', '72', '73', '74', '76', '91']}, 3: {'11': ['101', '102', '103', '104', '105', '106', '107', '108', '109', '110', '111', '112', '113', '114', '116', '117', '118', '119', '120', '121', '122', '123', '124', '125', '126', '127', '128', '129', '130', '131', '132', '134', '135', '136', '137', '138', '139', '140', '141', '142', '143', '144', '145', '146', '147', '148', '149', '150', '151', '152', '153', '154', '155', '156', '157', '158', '159', '160', '161', '162', '163', '164', '165', '166', '167', '168', '169', '170', '171', '172', '173', '174'], '8': ['175', '176', '177', '178', '179', '180', '181', '182', '183', '184', '185', '186', '187', '189', '190', '191', '193', '194', '195', '196', '197', '198', '199', '200', '201', '202', '203', '204', '206', '207', '209', '210', '211', '212', '213', '214', '215', '218', '219', '220', '221', '222', '223', '224'], '13': ['188', '192', '205', '208', '216', '217'], '9': ['100', '278', '474', '390', '263', '398', '281', '546', '420', '549', '562', '440', '581', '336', '593', '466', '472', '227', '485', '363', '509'], '4': ['115', '133', '225', '226', '228', '229', '230', '231', '232', '233', '234', '235', '236', '237', '238', '239', '240', '241', '242', '243', '244', '245', '246', '247', '248', '249', '250', '251', '252', '253', '254', '255', '256', '257', '258', '259', '260', '261', '262', '264', '265', '266', '267', '268', '269', '270', '271', '272', '273', '274', '275', '276', '277', '279', '280', '282', '283', '284', '285', '286', '287', '288', '289', '290', '291', '292', '293', '294', '295', '296', '297', '298', '299', '300', '301', '302', '303', '304', '305', '306', '307', '308', '309', '310', '311', '312', '313', '314', '315', '316', '317', '318', '319', '320', '321', '322', '323', '324', '325', '326', '327', '328', '329', '330', '331', '332', '333', '334', '335', '337', '338', '339', '340', '341', '342', '343', '344', '345', '346', '347', '348', '349', '350', '351', '352', '353', '354', '355', '356', '357', '358', '359', '360', '361', '362', '364', '365', '366', '367', '368', '369', '370', '371', '372', '373', '374', '375', '376', '377', '378', '379', '380', '381', '382', '383', '384', '385', '386', '387', '388', '389', '391', '392', '393', '394', '395', '396', '397', '399', '400', '401', '402', '403', '405', '406', '407', '408', '409', '410', '411', '412', '413', '414', '415', '416', '417', '418', '421', '422', '423', '424', '425', '426', '427', '428', '429', '430', '431', '432', '433', '434', '435', '436', '437', '438', '439', '441', '442', '443', '444', '445', '446', '448', '449', '450', '451', '452', '453', '454', '455', '456', '457', '458', '460', '461', '462', '463', '464', '465', '467', '468', '469', '470', '471', '475', '476', '477', '478', '479', '480', '481', '482', '483', '484', '486', '487', '488', '489', '490', '491', '492', '493', '494', '495', '496', '497', '498', '499', '500', '501', '502', '503', '504', '505', '506', '507', '508', '510', '511', '512', '513', '514', '515', '516', '517', '518', '519', '520', '521', '522', '523', '524', '525', '526', '527', '528', '529', '530', '531', '532', '533', '534', '535', '536', '537', '538', '539', '540', '541', '542', '543', '544', '545', '547', '548', '550', '551', '552', '553', '554', '555', '556', '557', '558', '559', '560', '561', '563', '564', '565', '566', '567', '568', '569', '570', '571', '572', '573', '574', '575', '576', '577', '578', '579', '580', '582', '583', '584', '585', '586', '587', '588', '589', '590', '591', '592', '594', '595', '596', '597', '598', '599', '404', '419', '447', '459', '473']}})
 Cluster1  8
SortedDict({2: {'11': ['75', '77', '78', '79', '80', '81', '82', '83', '84', '85', '86', '87', '88', '89', '90', '92', '93', '94', '95', '96', '97', '98', '99'], '4': ['0', '1', '2', '3', '4', '5', '6', '7', '8', '9', '10', '11', '12', '13', '14', '15', '16', '17', '18', '19', '20', '21', '22', '23', '24', '25', '26', '27', '28', '29', '30', '31', '32', '33', '34', '35', '36', '37', '38', '39', '40', '41', '42', '43', '44', '45', '46', '47', '48', '49', '50', '51', '52', '53', '54', '55', '56', '57', '58', '59', '60', '61', '62', '63', '64', '65', '66', '67', '68', '69', '70', '71', '72', '73', '74', '76', '91']}, 3: {'11': ['101', '102', '103', '104', '105', '106', '107', '108', '109', '110', '111', '112', '113', '114', '116', '117', '118', '119', '120', '121', '122', '123', '124', '125', '126', '127', '128', '129', '130', '131', '132', '134', '135', '136', '137', '138', '139', '140', '141', '142', '143', '144', '145', '146', '147', '148', '149', '150', '151', '152', '153', '154', '155', '156', '157', '158', '159', '160', '161', '162', '163', '164', '165', '166', '167', '168', '169', '170', '171', '172', '173', '174'], '8': ['175', '176', '177', '178', '179', '180', '181', '182', '183', '184', '185', '186', '187', '189', '190', '191', '193', '194', '195', '196', '197', '198', '199', '200', '201', '202', '203', '204', '206', '207', '209', '210', '211', '212', '213', '214', '215', '218', '219', '220', '221', '222', '223', '224', '188', '192', '205', '208', '216', '217'], '13': ['188', '192', '205', '208', '216', '217'], '9': ['100', '278', '474', '390', '263', '398', '281', '546', '420', '549', '562', '440', '581', '336', '593', '466', '472', '227', '485', '363', '509'], '4': ['115', '133', '225', '226', '228', '229', '230', '231', '232', '233', '234', '235', '236', '237', '238', '239', '240', '241', '242', '243', '244', '245', '246', '247', '248', '249', '250', '251', '252', '253', '254', '255', '256', '257', '258', '259', '260', '261', '262', '264', '265', '266', '267', '268', '269', '270', '271', '272', '273', '274', '275', '276', '277', '279', '280', '282', '283', '284', '285', '286', '287', '288', '289', '290', '291', '292', '293', '294', '295', '296', '297', '298', '299', '300', '301', '302', '303', '304', '305', '306', '307', '308', '309', '310', '311', '312', '313', '314', '315', '316', '317', '318', '319', '320', '321', '322', '323', '324', '325', '326', '327', '328', '329', '330', '331', '332', '333', '334', '335', '337', '338', '339', '340', '341', '342', '343', '344', '345', '346', '347', '348', '349', '350', '351', '352', '353', '354', '355', '356', '357', '358', '359', '360', '361', '362', '364', '365', '366', '367', '368', '369', '370', '371', '372', '373', '374', '375', '376', '377', '378', '379', '380', '381', '382', '383', '384', '385', '386', '387', '388', '389', '391', '392', '393', '394', '395', '396', '397', '399', '400', '401', '402', '403', '405', '406', '407', '408', '409', '410', '411', '412', '413', '414', '415', '416', '417', '418', '421', '422', '423', '424', '425', '426', '427', '428', '429', '430', '431', '432', '433', '434', '435', '436', '437', '438', '439', '441', '442', '443', '444', '445', '446', '448', '449', '450', '451', '452', '453', '454', '455', '456', '457', '458', '460', '461', '462', '463', '464', '465', '467', '468', '469', '470', '471', '475', '476', '477', '478', '479', '480', '481', '482', '483', '484', '486', '487', '488', '489', '490', '491', '492', '493', '494', '495', '496', '497', '498', '499', '500', '501', '502', '503', '504', '505', '506', '507', '508', '510', '511', '512', '513', '514', '515', '516', '517', '518', '519', '520', '521', '522', '523', '524', '525', '526', '527', '528', '529', '530', '531', '532', '533', '534', '535', '536', '537', '538', '539', '540', '541', '542', '543', '544', '545', '547', '548', '550', '551', '552', '553', '554', '555', '556', '557', '558', '559', '560', '561', '563', '564', '565', '566', '567', '568', '569', '570', '571', '572', '573', '574', '575', '576', '577', '578', '579', '580', '582', '583', '584', '585', '586', '587', '588', '589', '590', '591', '592', '594', '595', '596', '597', '598', '599', '404', '419', '447', '459', '473']}})
 Cluster1  9
 Cluster to drop  13
 Cluster to drop  4
 After reassigning and merging cells 
 Timepoint  2
 Cluster  11  # of cells  23
 Cluster  4  # of cells  77
 Timepoint  3
 Cluster  11  # of cells  72
 Cluster  8  # of cells  50
 Cluster  9  # of cells  378
 Tp cluster cell dict  {'11_2': 23, '4_2': 77, '11_3': 72, '8_3': 50, '9_3': 378}
 New Graph is here 
 ID  0  Timepoint  1  Mutations  []  Type  subclone
 ID  1  Timepoint  2  Mutations  [4, 5, 6, 7, 8, 9, 10, 11, 12, 13, 14]  Type  subclone
 ID  2  Timepoint  2  Mutations  [4]  Type  subclone
 ID  3  Timepoint  3  Mutations  [4, 5, 6, 7, 8, 9, 10, 11, 12, 13, 14]  Type  subclone
 ID  4  Timepoint  3  Mutations  [4, 5, 6, 7, 8, 9, 10, 11, 12, 13, 14, 15, 16, 17, 18, 19, 20, 21, 22, 23, 24]  Type  subclone
 ID  5  Timepoint  3  Mutations  [4]  Type  subclone
Timepoints  SortedDict({1: [0], 2: [1, 2], 3: [3, 4, 5]})
 Clone to nodes  {'11_2': 1, '4_2': 2, '11_3': 3, '8_3': 4, '9_3': 5}
 Timepoint ====  1
 Hash table  {'0,1': [4], '0': [5, 6, 7, 8, 9, 10, 11, 12, 13, 14]}
 Final possible usc  [[4], [5, 6, 7, 8, 9, 10, 11, 12, 13, 14]]
 Time  1  USC keys  {'5,6,7,8,9,10,11,12,13,14_0', '4_0'}
 USC children  {'4_0': [1, 2], '5,6,7,8,9,10,11,12,13,14_0': [1]}
 USC children  {'4_0': [1, 2], '5,6,7,8,9,10,11,12,13,14_0': [1]}
 Timepoint ====  2
 Hash table  {'0': [4, 5, 6, 7, 8, 9, 10, 11, 12, 13, 14, 15, 16, 17, 18, 19, 20, 21, 22, 23, 24]}
====== Inside find superset of t nodes ==========
 Final possible usc  [[4, 5, 6, 7, 8, 9, 10, 11, 12, 13, 14, 15, 16, 17, 18, 19, 20, 21, 22, 23, 24]]
 Time  2  USC keys  {'4,5,6,7,8,9,10,11,12,13,14,15,16,17,18,19,20,21,22,23,24_1', '4,5,6,7,8,9,10,11,12,13,14,15,16,17,18,19,20,21,22,23,24_2'}
 USC children  {'4_0': [1, 2], '5,6,7,8,9,10,11,12,13,14_0': [1], '4,5,6,7,8,9,10,11,12,13,14,15,16,17,18,19,20,21,22,23,24_1': [4], '4,5,6,7,8,9,10,11,12,13,14,15,16,17,18,19,20,21,22,23,24_2': [4]}
 USC children  {'4_0': [1, 2], '5,6,7,8,9,10,11,12,13,14_0': [1], '4,5,6,7,8,9,10,11,12,13,14,15,16,17,18,19,20,21,22,23,24_1': [4], '4,5,6,7,8,9,10,11,12,13,14,15,16,17,18,19,20,21,22,23,24_2': [4]}
 Node s  {'1,2': ['4'], '4': ['4', '5', '6', '7', '8', '9', '10', '11', '12', '13', '14', '15', '16', '17', '18', '19', '20', '21', '22', '23', '24']}
 Enroll USC nodes  ['1', '2']  len  2
 Enroll USC nodes  ['4']  len  1
 Node TP  SortedDict({1: [0], 2: [1, 2], 3: [3, 4, 5]})
 Unobserved subclones at timepoints  {1.5: [6]}
 ============== Inside finding node v ============ 
 Time  2
 Time  3
 largest_v_mut  [[4, 5, 6, 7, 8, 9, 10, 11, 12, 13, 14]]
 Sorted all timepoints  [1, 1.5, 2, 3]
 Timepoint  2
 Inside usc_node check  2
 Timepoint  3
0   1   [-1]   subclone   []   []
1   2   [6]   subclone   [4, 5, 6, 7, 8, 9, 10, 11, 12, 13, 14]   [10]
2   2   [6]   subclone   [4]   [0]
3   3   [1]   subclone   [4, 5, 6, 7, 8, 9, 10, 11, 12, 13, 14]   [0]
4   3   [1]   subclone   [4, 5, 6, 7, 8, 9, 10, 11, 12, 13, 14, 15, 16, 17, 18, 19, 20, 21, 22, 23, 24]   [10]
5   3   [2]   subclone   [4]   [0]
6   1.5   [0]   unobserved subclone   [4]   [1]
10
 Total estimated FP  96  True negatives  9813
 Total estimated FN  416  True positives  1675
 Estimated FP rate  0.05421
 Estimated FN rate  0.04
 No. of Cells in each cluster  {'5_2': 25, '5_3': 75, '8_3': 50, '9_3': 4, '3_2': 75, '3_3': 371}
 Cells in each cluster  {'5_2': [75, 76, 77, 78, 79, 80, 81, 82, 83, 84, 85, 86, 87, 88, 89, 90, 91, 92, 93, 94, 95, 96, 97, 98, 99], '5_3': [100, 101, 102, 103, 104, 105, 106, 107, 108, 109, 110, 111, 112, 113, 114, 115, 116, 117, 118, 119, 120, 121, 122, 123, 124, 125, 126, 127, 128, 129, 130, 131, 132, 133, 134, 135, 136, 137, 138, 139, 140, 141, 142, 143, 144, 145, 146, 147, 148, 149, 150, 151, 152, 153, 154, 155, 156, 157, 158, 159, 160, 161, 162, 163, 164, 165, 166, 167, 168, 169, 170, 171, 172, 173, 174], '8_3': [175, 176, 177, 178, 179, 180, 181, 182, 183, 184, 185, 186, 187, 188, 189, 190, 191, 192, 193, 194, 195, 196, 197, 198, 199, 200, 201, 202, 203, 204, 205, 206, 207, 208, 209, 210, 211, 212, 213, 214, 215, 216, 217, 218, 219, 220, 221, 222, 223, 224], '9_3': [276, 326, 386, 404], '3_2': [0, 2, 4, 5, 6, 8, 9, 10, 11, 12, 13, 14, 15, 16, 17, 18, 20, 21, 23, 24, 25, 26, 27, 28, 29, 30, 31, 32, 33, 34, 35, 36, 37, 38, 39, 40, 41, 42, 43, 44, 45, 46, 47, 48, 49, 50, 51, 52, 53, 54, 55, 56, 57, 58, 59, 61, 62, 63, 64, 65, 67, 68, 69, 70, 71, 72, 73, 74, 3, 60, 22, 1, 7, 19, 66], '3_3': [225, 226, 227, 229, 230, 231, 232, 233, 235, 236, 237, 238, 239, 240, 241, 242, 243, 244, 245, 246, 247, 248, 249, 250, 251, 253, 254, 256, 257, 258, 259, 260, 261, 262, 263, 264, 265, 266, 267, 268, 269, 270, 271, 272, 273, 274, 275, 277, 278, 279, 280, 282, 283, 284, 285, 286, 287, 288, 289, 290, 291, 292, 293, 294, 295, 296, 297, 298, 300, 301, 304, 305, 307, 308, 309, 310, 311, 312, 313, 314, 315, 316, 318, 319, 320, 321, 323, 324, 325, 327, 328, 329, 330, 331, 332, 333, 334, 335, 336, 337, 338, 339, 340, 341, 342, 343, 344, 345, 347, 348, 349, 350, 351, 352, 354, 355, 356, 357, 358, 359, 360, 361, 362, 364, 365, 366, 367, 368, 369, 370, 371, 372, 373, 374, 375, 376, 377, 378, 379, 380, 381, 382, 383, 384, 387, 388, 389, 390, 391, 392, 393, 394, 395, 396, 397, 398, 399, 400, 401, 402, 403, 405, 406, 407, 408, 409, 410, 411, 412, 413, 414, 415, 416, 417, 418, 419, 420, 421, 423, 425, 426, 427, 428, 429, 431, 432, 433, 434, 435, 436, 437, 438, 439, 442, 443, 444, 445, 446, 448, 450, 451, 452, 453, 454, 455, 456, 457, 458, 459, 460, 461, 462, 463, 464, 465, 466, 467, 468, 469, 470, 471, 472, 473, 474, 475, 476, 477, 478, 480, 481, 482, 483, 484, 485, 486, 487, 489, 490, 491, 492, 493, 494, 496, 498, 499, 500, 501, 502, 503, 505, 506, 507, 508, 509, 510, 511, 514, 516, 517, 519, 520, 521, 522, 523, 524, 525, 526, 527, 528, 529, 530, 531, 532, 533, 534, 535, 536, 537, 538, 539, 540, 541, 542, 543, 545, 546, 547, 548, 549, 550, 551, 552, 553, 554, 555, 556, 557, 558, 559, 561, 562, 563, 564, 565, 566, 567, 568, 569, 570, 571, 572, 573, 574, 575, 577, 578, 579, 580, 582, 583, 584, 585, 586, 587, 590, 591, 592, 593, 594, 595, 596, 597, 598, 599, 302, 303, 422, 430, 449, 488, 234, 252, 255, 346, 363, 385, 441, 512, 513, 518, 588, 281, 299, 497, 515, 317, 447, 479, 544, 560, 306, 322, 353, 504, 589, 228, 424, 440, 495, 576, 581]}
FP rate  0.05421 FN rate  0.04
 Before reassigning cells 
 Timepoint  2
 Cluster  5  # of cells  23
 Cluster  3  # of cells  77
 Timepoint  3
 Cluster  5  # of cells  75
 Cluster  8  # of cells  48
 Cluster  9  # of cells  16
 Cluster  3  # of cells  299
 Cells absent at timepoint  3   {386, 387, 133, 266, 398, 399, 527, 401, 274, 278, 534, 281, 538, 539, 541, 546, 419, 547, 549, 296, 424, 302, 303, 431, 561, 434, 562, 308, 563, 310, 438, 564, 570, 443, 574, 447, 321, 328, 585, 459, 588, 590, 591, 336, 593, 466, 468, 342, 473, 475, 348, 351, 227, 357, 485, 363, 491, 237, 493, 369, 509, 511}
 Missing cell prob  {'8': 1.3395115792109158e-24, '9': 0.01707045106677417, '5': 7.389796150677857e-15, '3': 0.01707045106677417}
 Missing cell prob  {'8': 9.084144281758058e-22, '9': 0.015508514288042067, '5': 8.874866633949878e-11, '3': 0.015508514288042067}
 Missing cell prob  {'8': 1.824331185362726e-20, '9': 1.3393306994407852e-07, '5': 1.7823028195140573e-09, '3': 1.3393306994407852e-07}
 Missing cell prob  {'8': 1.4193975440246966e-17, '9': 0.4334317960656892, '5': 1.876325707867127e-13, '3': 0.4334317960656892}
 Missing cell prob  {'8': 8.591692820243954e-22, '9': 0.014667797728487307, '5': 1.5013678104356998e-13, '3': 0.014667797728487307}
 Missing cell prob  {'8': 9.835337384113019e-29, '9': 0.012409350914994422, '5': 5.372006472783012e-15, '3': 0.012409350914994422}
 Missing cell prob  {'8': 1.4534630850812893e-24, '9': 0.01387265641362601, '5': 1.4199786614319806e-13, '3': 0.01387265641362601}
 Missing cell prob  {'8': 9.084144281758058e-22, '9': 0.015508514288042067, '5': 8.874866633949878e-11, '3': 0.015508514288042067}
 Missing cell prob  {'8': 8.591692820243954e-22, '9': 0.34681641034065036, '5': 3.549946653579952e-12, '3': 0.34681641034065036}
 Missing cell prob  {'8': 5.677590176098786e-19, '9': 0.017337271842627566, '5': 4.19602119549333e-12, '3': 0.017337271842627566}
 Missing cell prob  {'8': 3.436677128097582e-23, '9': 0.013872656413626012, '5': 1.4199786614319806e-13, '3': 0.01387265641362601}
 Missing cell prob  {'8': 5.278736068757885e-26, '9': 0.0006727109131018477, '5': 2.9121647088956716e-16, '3': 0.0006727109131018476}
 Missing cell prob  {'8': 5.498683404956131e-26, '9': 0.012409350914994422, '5': 5.372006472783012e-15, '3': 0.012409350914994422}
 Missing cell prob  {'8': 5.677590176098786e-19, '9': 0.40993545840096823, '5': 4.19602119549333e-12, '3': 0.40993545840096823}
 Missing cell prob  {'8': 9.835337384113019e-29, '9': 0.012409350914994422, '5': 5.372006472783012e-15, '3': 0.012409350914994422}
 Missing cell prob  {'8': 2.1479232050609886e-20, '9': 0.015508514288042067, '5': 1.5874219545942543e-13, '3': 0.015508514288042067}
 Missing cell prob  {'8': 8.591692820243954e-22, '9': 0.014667797728487308, '5': 1.5013678104356998e-13, '3': 0.014667797728487307}
 Missing cell prob  {'8': 5.813852340325157e-26, '9': 0.013120619709443346, '5': 5.6799146457279226e-15, '3': 0.013120619709443344}
 Missing cell prob  {'8': 2.325540936130063e-27, '9': 0.012409350914994422, '5': 5.372006472783012e-15, '3': 0.012409350914994422}
 Missing cell prob  {'8': 1.3746708512390328e-24, '9': 0.013120619709443344, '5': 3.175493751183404e-12, '3': 0.013120619709443344}
 Missing cell prob  {'8': 1.3953245616780378e-24, '9': 0.017781719861223098, '5': 7.697704323622768e-15, '3': 0.017781719861223098}
 Missing cell prob  {'8': 3.0405519756045423e-23, '9': 0.0009253891523298277, '5': 1.6774068723239066e-13, '3': 0.0009253891523298277}
 Missing cell prob  {'8': 2.2325192986848603e-27, '9': 0.0006727109131018477, '5': 5.157126213871692e-15, '3': 0.0006727109131018476}
 Missing cell prob  {'8': 3.436677128097582e-23, '9': 0.3280154927360837, '5': 1.4199786614319806e-13, '3': 0.3280154927360837}
 Missing cell prob  {'8': 5.498683404956131e-26, '9': 0.012409350914994422, '5': 5.372006472783012e-15, '3': 0.012409350914994422}
 Missing cell prob  {'8': 9.084144281758058e-22, '9': 0.36669494321218277, '5': 3.75341952608925e-12, '3': 0.36669494321218277}
 Missing cell prob  {'8': 3.633657712703223e-23, '9': 0.014667797728487307, '5': 1.5013678104356998e-13, '3': 0.014667797728487307}
 Missing cell prob  {'8': 9.084144281758058e-22, '9': 0.36669494321218277, '5': 3.75341952608925e-12, '3': 0.36669494321218277}
 Missing cell prob  {'8': 3.633657712703223e-23, '9': 0.014667797728487307, '5': 8.393760113723455e-11, '3': 0.014667797728487307}
 Missing cell prob  {'8': 1.3746708512390328e-24, '9': 0.013120619709443346, '5': 1.343001618195753e-13, '3': 0.013120619709443344}
 Missing cell prob  {'8': 1.3746708512390328e-24, '9': 0.31023377287486065, '5': 5.6799146457279226e-15, '3': 0.31023377287486065}
 Missing cell prob  {'8': 9.084144281758058e-22, '9': 0.36669494321218277, '5': 8.874866633949878e-11, '3': 0.36669494321218277}
 Missing cell prob  {'8': 8.591692820243954e-22, '9': 0.014667797728487307, '5': 3.549946653579952e-12, '3': 0.014667797728487307}
 Missing cell prob  {'8': 1.4534630850812893e-24, '9': 0.01387265641362601, '5': 3.357504045489383e-12, '3': 0.01387265641362601}
 Missing cell prob  {'8': 3.436677128097582e-23, '9': 0.013872656413626012, '5': 1.4199786614319806e-13, '3': 0.01387265641362601}
 Missing cell prob  {'8': 1.2606757414761078e-28, '9': 0.0006727109131018477, '5': 2.912164708895673e-16, '3': 0.0006727109131018477}
 Missing cell prob  {'8': 3.436677128097582e-23, '9': 0.3280154927360837, '5': 3.357504045489383e-12, '3': 0.3280154927360837}
 Missing cell prob  {'8': 3.2992100429736784e-23, '9': 0.0007520367041826659, '5': 1.8201029430597946e-13, '3': 0.0007520367041826659}
 Missing cell prob  {'8': 3.436677128097582e-23, '9': 0.01387265641362601, '5': 3.357504045489383e-12, '3': 0.01387265641362601}
 Missing cell prob  {'8': 1.3746708512390328e-24, '9': 0.013120619709443346, '5': 5.6799146457279226e-15, '3': 0.013120619709443344}
 Missing cell prob  {'8': 1.3953245616780376e-24, '9': 0.0007520367041826659, '5': 7.697704323622766e-15, '3': 0.0007520367041826659}
 Missing cell prob  {'8': 9.084144281758058e-22, '9': 0.36669494321218277, '5': 3.75341952608925e-12, '3': 0.36669494321218277}
 Missing cell prob  {'8': 5.813852340325157e-26, '9': 0.013120619709443344, '5': 1.343001618195753e-13, '3': 0.013120619709443344}
 Missing cell prob  {'8': 5.813852340325157e-26, '9': 0.013120619709443344, '5': 3.175493751183404e-12, '3': 0.013120619709443344}
 Missing cell prob  {'8': 3.841928665669148e-23, '9': 0.015508514288042067, '5': 3.75341952608925e-12, '3': 0.015508514288042067}
 Missing cell prob  {'8': 9.60482166417287e-22, '9': 0.38771285720105175, '5': 1.6784084781973318e-13, '3': 0.38771285720105175}
 Missing cell prob  {'8': 1.6248548475535364e-24, '9': 0.015508514288042067, '5': 3.7534195260892495e-12, '3': 0.015508514288042067}
 Missing cell prob  {'8': 6.003013540108044e-19, '9': 0.4334317960656892, '5': 1.0490052988733322e-10, '3': 0.4334317960656892}
 Missing cell prob  {'8': 8.591692820243954e-22, '9': 0.014667797728487307, '5': 8.393760113723455e-11, '3': 0.014667797728487307}
 Missing cell prob  {'8': 6.499419390214146e-26, '9': 0.014667797728487307, '5': 6.349687818377018e-15, '3': 0.014667797728487307}
 Missing cell prob  {'8': 5.813852340325157e-26, '9': 0.013120619709443344, '5': 1.343001618195753e-13, '3': 0.013120619709443344}
 Missing cell prob  {'8': 8.79789344792981e-29, '9': 0.011100396747389978, '5': 4.805360375890802e-15, '3': 0.011100396747389978}
 Missing cell prob  {'8': 1.3746708512390328e-24, '9': 0.013120619709443346, '5': 1.343001618195753e-13, '3': 0.013120619709443344}
 Missing cell prob  {'8': 2.1479232050609886e-20, '9': 0.015508514288042067, '5': 8.874866633949878e-11, '3': 0.015508514288042067}
 Missing cell prob  {'8': 3.436677128097582e-23, '9': 0.01387265641362601, '5': 3.357504045489383e-12, '3': 0.01387265641362601}
 Missing cell prob  {'8': 5.450486569054835e-19, '9': 0.0009398535065888405, '5': 4.068624664939078e-16, '3': 0.0009398535065888405}
 Missing cell prob  {'8': 3.720865497808101e-30, '9': 0.011100396747389978, '5': 2.0323160007573778e-16, '3': 0.011100396747389978}
 Missing cell prob  {'8': 3.633657712703223e-23, '9': 0.014667797728487307, '5': 3.549946653579952e-12, '3': 0.014667797728487307}
 Missing cell prob  {'8': 2.1479232050609886e-20, '9': 0.36669494321218277, '5': 3.75341952608925e-12, '3': 0.36669494321218277}
 Missing cell prob  {'8': 1.3746708512390328e-24, '9': 0.013120619709443346, '5': 1.343001618195753e-13, '3': 0.013120619709443344}
 Missing cell prob  {'8': 3.633657712703223e-23, '9': 0.014667797728487307, '5': 8.393760113723455e-11, '3': 0.014667797728487307}
 Missing cell prob  {'8': 3.633657712703223e-23, '9': 0.014667797728487307, '5': 8.393760113723455e-11, '3': 0.014667797728487307}
 Cells absent at timepoint  2   set()
 Timepoint  2
 Timepoint  3
SortedDict({2: {'5': ['75', '77', '78', '79', '80', '81', '82', '83', '84', '85', '86', '87', '88', '89', '90', '92', '93', '94', '95', '96', '97', '98', '99'], '3': ['0', '1', '2', '3', '4', '5', '6', '7', '8', '9', '10', '11', '12', '13', '14', '15', '16', '17', '18', '19', '20', '21', '22', '23', '24', '25', '26', '27', '28', '29', '30', '31', '32', '33', '34', '35', '36', '37', '38', '39', '40', '41', '42', '43', '44', '45', '46', '47', '48', '49', '50', '51', '52', '53', '54', '55', '56', '57', '58', '59', '60', '61', '62', '63', '64', '65', '66', '67', '68', '69', '70', '71', '72', '73', '74', '76', '91']}, 3: {'5': ['100', '101', '102', '103', '104', '105', '106', '107', '108', '109', '110', '111', '112', '113', '114', '116', '117', '118', '119', '120', '121', '122', '123', '124', '125', '126', '127', '128', '129', '130', '131', '132', '134', '135', '136', '137', '138', '139', '140', '141', '142', '143', '144', '145', '146', '147', '148', '149', '150', '151', '152', '153', '154', '155', '156', '157', '158', '159', '160', '161', '162', '163', '164', '165', '166', '167', '168', '169', '170', '171', '172', '173', '174', '188', '192'], '8': ['175', '176', '177', '178', '179', '180', '181', '182', '183', '184', '185', '186', '187', '189', '190', '191', '193', '194', '195', '196', '197', '198', '199', '200', '201', '202', '203', '204', '205', '206', '207', '208', '209', '210', '211', '212', '213', '214', '215', '216', '217', '218', '219', '220', '221', '222', '223', '224'], '9': ['272', '276', '297', '326', '365', '367', '368', '372', '374', '375', '382', '404', '411', '440', '465', '472', '386', '387', '133', '266', '398', '399', '527', '401', '274', '278', '534', '281', '538', '539', '541', '546', '419', '547', '549', '296', '424', '302', '303', '431', '561', '434', '562', '308', '563', '310', '438', '564', '570', '443', '574', '447', '321', '328', '585', '459', '588', '590', '591', '336', '593', '466', '468', '342', '473', '475', '348', '351', '227', '357', '485', '363', '491', '237', '493', '369', '509', '511'], '3': ['115', '225', '226', '228', '229', '230', '231', '232', '233', '234', '235', '236', '238', '239', '240', '241', '242', '243', '244', '245', '246', '247', '248', '249', '250', '251', '252', '253', '254', '255', '256', '257', '258', '259', '260', '261', '262', '263', '264', '265', '267', '268', '269', '270', '271', '273', '275', '277', '279', '280', '282', '283', '284', '285', '286', '287', '288', '289', '290', '291', '292', '293', '294', '295', '298', '299', '300', '301', '304', '305', '306', '307', '309', '311', '312', '313', '314', '315', '316', '317', '318', '319', '320', '322', '323', '324', '325', '327', '329', '330', '331', '332', '333', '334', '335', '337', '338', '339', '340', '341', '343', '344', '345', '346', '347', '349', '350', '352', '353', '354', '355', '356', '358', '359', '360', '361', '362', '364', '366', '370', '371', '373', '376', '377', '378', '379', '380', '381', '383', '384', '385', '388', '389', '390', '391', '392', '393', '394', '395', '396', '397', '400', '402', '403', '405', '406', '407', '408', '409', '410', '412', '413', '414', '415', '416', '417', '418', '420', '421', '422', '423', '425', '426', '427', '428', '429', '430', '432', '433', '435', '436', '437', '439', '441', '442', '444', '445', '446', '448', '449', '450', '451', '452', '453', '454', '455', '456', '457', '458', '460', '461', '462', '463', '464', '467', '469', '470', '471', '474', '476', '477', '478', '479', '480', '481', '482', '483', '484', '486', '487', '488', '489', '490', '492', '494', '495', '496', '497', '498', '499', '500', '501', '502', '503', '504', '505', '506', '507', '508', '510', '512', '513', '514', '515', '516', '517', '518', '519', '520', '521', '522', '523', '524', '525', '526', '528', '529', '530', '531', '532', '533', '535', '536', '537', '540', '542', '543', '544', '545', '548', '550', '551', '552', '553', '554', '555', '556', '557', '558', '559', '560', '565', '566', '567', '568', '569', '571', '572', '573', '575', '576', '577', '578', '579', '580', '581', '582', '583', '584', '586', '587', '589', '592', '594', '595', '596', '597', '598', '599']}})
 Cluster1  9
 Cluster to drop  3
 After reassigning and merging cells 
 Timepoint  2
 Cluster  5  # of cells  23
 Cluster  3  # of cells  77
 Timepoint  3
 Cluster  5  # of cells  75
 Cluster  8  # of cells  48
 Cluster  9  # of cells  377
 Tp cluster cell dict  {'5_2': 23, '3_2': 77, '5_3': 75, '8_3': 48, '9_3': 377}
 New Graph is here 
 ID  0  Timepoint  1  Mutations  []  Type  subclone
 ID  1  Timepoint  2  Mutations  [4, 5, 6, 7, 8, 9, 10, 11, 12, 13, 14]  Type  subclone
 ID  2  Timepoint  2  Mutations  [4]  Type  subclone
 ID  3  Timepoint  3  Mutations  [4, 5, 6, 7, 8, 9, 10, 11, 12, 13, 14]  Type  subclone
 ID  4  Timepoint  3  Mutations  [4, 5, 6, 7, 8, 9, 10, 11, 12, 13, 14, 15, 16, 17, 18, 19, 20, 21, 22, 23, 24]  Type  subclone
 ID  5  Timepoint  3  Mutations  [4]  Type  subclone
Timepoints  SortedDict({1: [0], 2: [1, 2], 3: [3, 4, 5]})
 Clone to nodes  {'5_2': 1, '3_2': 2, '5_3': 3, '8_3': 4, '9_3': 5}
 Timepoint ====  1
 Hash table  {'0,1': [4], '0': [5, 6, 7, 8, 9, 10, 11, 12, 13, 14]}
 Final possible usc  [[4], [5, 6, 7, 8, 9, 10, 11, 12, 13, 14]]
 Time  1  USC keys  {'5,6,7,8,9,10,11,12,13,14_0', '4_0'}
 USC children  {'4_0': [1, 2], '5,6,7,8,9,10,11,12,13,14_0': [1]}
 USC children  {'4_0': [1, 2], '5,6,7,8,9,10,11,12,13,14_0': [1]}
 Timepoint ====  2
 Hash table  {'0': [4, 5, 6, 7, 8, 9, 10, 11, 12, 13, 14, 15, 16, 17, 18, 19, 20, 21, 22, 23, 24]}
====== Inside find superset of t nodes ==========
 Final possible usc  [[4, 5, 6, 7, 8, 9, 10, 11, 12, 13, 14, 15, 16, 17, 18, 19, 20, 21, 22, 23, 24]]
 Time  2  USC keys  {'4,5,6,7,8,9,10,11,12,13,14,15,16,17,18,19,20,21,22,23,24_1', '4,5,6,7,8,9,10,11,12,13,14,15,16,17,18,19,20,21,22,23,24_2'}
 USC children  {'4_0': [1, 2], '5,6,7,8,9,10,11,12,13,14_0': [1], '4,5,6,7,8,9,10,11,12,13,14,15,16,17,18,19,20,21,22,23,24_1': [4], '4,5,6,7,8,9,10,11,12,13,14,15,16,17,18,19,20,21,22,23,24_2': [4]}
 USC children  {'4_0': [1, 2], '5,6,7,8,9,10,11,12,13,14_0': [1], '4,5,6,7,8,9,10,11,12,13,14,15,16,17,18,19,20,21,22,23,24_1': [4], '4,5,6,7,8,9,10,11,12,13,14,15,16,17,18,19,20,21,22,23,24_2': [4]}
 Node s  {'1,2': ['4'], '4': ['4', '5', '6', '7', '8', '9', '10', '11', '12', '13', '14', '15', '16', '17', '18', '19', '20', '21', '22', '23', '24']}
 Enroll USC nodes  ['1', '2']  len  2
 Enroll USC nodes  ['4']  len  1
 Node TP  SortedDict({1: [0], 2: [1, 2], 3: [3, 4, 5]})
 Unobserved subclones at timepoints  {1.5: [6]}
 ============== Inside finding node v ============ 
 Time  2
 Time  3
 largest_v_mut  [[4, 5, 6, 7, 8, 9, 10, 11, 12, 13, 14]]
 Sorted all timepoints  [1, 1.5, 2, 3]
 Timepoint  2
 Inside usc_node check  2
 Timepoint  3
0   1   [-1]   subclone   []   []
1   2   [6]   subclone   [4, 5, 6, 7, 8, 9, 10, 11, 12, 13, 14]   [10]
2   2   [6]   subclone   [4]   [0]
3   3   [1]   subclone   [4, 5, 6, 7, 8, 9, 10, 11, 12, 13, 14]   [0]
4   3   [1]   subclone   [4, 5, 6, 7, 8, 9, 10, 11, 12, 13, 14, 15, 16, 17, 18, 19, 20, 21, 22, 23, 24]   [10]
5   3   [2]   subclone   [4]   [0]
6   1.5   [0]   unobserved subclone   [4]   [1]
14
 Total estimated FP  98  True negatives  9811
 Total estimated FN  418  True positives  1673
 Estimated FP rate  0.05534
 Estimated FN rate  0.04
 No. of Cells in each cluster  {'11_2': 25, '11_3': 75, '3_3': 50, '10_3': 1, '4_3': 374, '4_2': 75}
 Cells in each cluster  {'11_2': [75, 76, 77, 78, 79, 80, 81, 82, 83, 84, 85, 86, 87, 88, 89, 90, 91, 92, 93, 94, 95, 96, 97, 98, 99], '11_3': [100, 101, 102, 103, 104, 105, 106, 107, 108, 109, 110, 111, 112, 113, 114, 115, 116, 117, 118, 119, 120, 121, 122, 123, 124, 125, 126, 127, 128, 129, 130, 131, 132, 133, 134, 135, 136, 137, 138, 139, 140, 141, 142, 143, 144, 145, 146, 147, 148, 149, 150, 151, 152, 153, 154, 155, 156, 157, 158, 159, 160, 161, 162, 163, 164, 165, 166, 167, 168, 169, 170, 171, 172, 173, 174], '3_3': [175, 176, 177, 178, 179, 180, 181, 182, 183, 184, 185, 186, 187, 188, 189, 190, 191, 192, 193, 194, 195, 196, 197, 198, 199, 200, 201, 202, 203, 204, 205, 206, 207, 208, 209, 210, 211, 212, 213, 214, 215, 216, 217, 218, 219, 220, 221, 222, 223, 224], '10_3': [474], '4_3': [252, 255, 346, 363, 385, 512, 513, 306, 322, 353, 504, 589, 276, 326, 386, 404, 291, 367, 569, 225, 226, 227, 229, 230, 231, 232, 233, 235, 236, 237, 238, 239, 240, 241, 242, 243, 244, 245, 246, 247, 248, 249, 250, 251, 253, 254, 256, 257, 258, 259, 260, 261, 262, 263, 264, 265, 266, 267, 268, 269, 270, 271, 272, 273, 274, 275, 277, 278, 279, 280, 283, 284, 285, 286, 287, 288, 289, 290, 292, 293, 294, 295, 296, 297, 298, 300, 301, 304, 305, 307, 308, 310, 311, 312, 313, 314, 315, 316, 318, 319, 320, 321, 323, 324, 325, 327, 329, 330, 331, 332, 333, 334, 335, 336, 337, 338, 339, 340, 341, 342, 343, 344, 345, 347, 348, 349, 350, 351, 352, 354, 355, 356, 357, 358, 359, 360, 361, 362, 364, 365, 366, 368, 369, 370, 371, 372, 373, 374, 375, 376, 377, 378, 379, 380, 381, 382, 383, 384, 387, 388, 389, 390, 391, 392, 393, 394, 395, 396, 397, 398, 399, 400, 401, 402, 403, 405, 406, 407, 408, 409, 410, 411, 412, 413, 414, 415, 416, 417, 418, 419, 420, 421, 423, 425, 426, 427, 428, 429, 431, 432, 433, 434, 435, 436, 437, 438, 439, 442, 443, 444, 445, 446, 448, 450, 451, 452, 453, 455, 456, 457, 458, 459, 460, 461, 462, 463, 464, 465, 466, 467, 468, 469, 470, 471, 472, 473, 475, 476, 477, 478, 480, 481, 482, 483, 484, 485, 486, 487, 489, 490, 491, 492, 493, 496, 498, 499, 500, 501, 502, 503, 505, 506, 507, 508, 509, 510, 511, 514, 516, 517, 519, 520, 521, 522, 524, 525, 526, 527, 528, 529, 530, 531, 532, 533, 534, 535, 536, 537, 538, 539, 540, 541, 542, 543, 544, 545, 546, 547, 548, 549, 550, 551, 552, 553, 554, 555, 556, 557, 558, 559, 561, 562, 563, 564, 565, 566, 567, 568, 570, 571, 572, 573, 574, 575, 577, 578, 579, 580, 582, 583, 584, 585, 586, 587, 590, 591, 592, 593, 594, 595, 596, 597, 598, 599, 234, 441, 518, 588, 317, 447, 479, 560, 302, 303, 422, 430, 449, 488, 282, 309, 328, 454, 494, 523, 228, 424, 440, 495, 576, 581, 281, 299, 497, 515], '4_2': [22, 0, 2, 4, 5, 6, 8, 9, 10, 11, 12, 13, 14, 15, 16, 17, 18, 20, 21, 23, 24, 25, 26, 27, 28, 29, 30, 31, 32, 33, 34, 35, 36, 37, 38, 39, 40, 41, 42, 43, 44, 45, 46, 47, 48, 49, 50, 51, 52, 53, 54, 55, 56, 57, 58, 59, 61, 62, 63, 64, 65, 67, 68, 69, 70, 71, 72, 73, 74, 3, 60, 1, 7, 19, 66]}
FP rate  0.05534 FN rate  0.04
 Before reassigning cells 
 Timepoint  2
 Cluster  11  # of cells  23
 Cluster  4  # of cells  77
 Timepoint  3
 Cluster  11  # of cells  73
 Cluster  3  # of cells  48
 Cluster  10  # of cells  4
 Cluster  4  # of cells  375
 Cells absent at timepoint  3   set()
 Cells absent at timepoint  2   set()
 Timepoint  2
 Timepoint  3
SortedDict({2: {'11': ['75', '77', '78', '79', '80', '81', '82', '83', '84', '85', '86', '87', '88', '89', '90', '92', '93', '94', '95', '96', '97', '98', '99'], '4': ['0', '1', '2', '3', '4', '5', '6', '7', '8', '9', '10', '11', '12', '13', '14', '15', '16', '17', '18', '19', '20', '21', '22', '23', '24', '25', '26', '27', '28', '29', '30', '31', '32', '33', '34', '35', '36', '37', '38', '39', '40', '41', '42', '43', '44', '45', '46', '47', '48', '49', '50', '51', '52', '53', '54', '55', '56', '57', '58', '59', '60', '61', '62', '63', '64', '65', '66', '67', '68', '69', '70', '71', '72', '73', '74', '76', '91']}, 3: {'11': ['101', '102', '103', '104', '105', '106', '107', '108', '109', '110', '111', '112', '113', '114', '116', '117', '118', '119', '120', '122', '123', '124', '125', '126', '127', '128', '129', '130', '131', '132', '134', '135', '136', '137', '138', '139', '140', '141', '142', '143', '144', '145', '146', '147', '148', '149', '150', '151', '152', '153', '154', '155', '156', '157', '158', '159', '160', '161', '162', '163', '164', '165', '166', '167', '168', '169', '170', '171', '172', '173', '174', '188', '192'], '3': ['175', '176', '177', '178', '179', '180', '181', '182', '183', '184', '185', '186', '187', '189', '190', '191', '193', '194', '195', '196', '197', '198', '199', '200', '201', '202', '203', '204', '205', '206', '207', '208', '209', '210', '211', '212', '213', '214', '215', '216', '217', '218', '219', '220', '221', '222', '223', '224'], '10': ['100', '115', '121', '474'], '4': ['133', '225', '226', '227', '228', '229', '230', '231', '232', '233', '234', '235', '236', '237', '238', '239', '240', '241', '242', '243', '244', '245', '246', '247', '248', '249', '250', '251', '252', '253', '254', '255', '256', '257', '258', '259', '260', '261', '262', '263', '264', '265', '266', '267', '268', '269', '270', '271', '272', '273', '274', '275', '276', '277', '278', '279', '280', '281', '282', '283', '284', '285', '286', '287', '288', '289', '290', '291', '292', '293', '294', '295', '296', '297', '298', '299', '300', '301', '302', '303', '304', '305', '306', '307', '308', '309', '310', '311', '312', '313', '314', '315', '316', '317', '318', '319', '320', '321', '322', '323', '324', '325', '326', '327', '328', '329', '330', '331', '332', '333', '334', '335', '336', '337', '338', '339', '340', '341', '342', '343', '344', '345', '346', '347', '348', '349', '350', '351', '352', '353', '354', '355', '356', '357', '358', '359', '360', '361', '362', '363', '364', '365', '366', '367', '368', '369', '370', '371', '372', '373', '374', '375', '376', '377', '378', '379', '380', '381', '382', '383', '384', '385', '386', '387', '388', '389', '390', '391', '392', '393', '394', '395', '396', '397', '398', '399', '400', '401', '402', '403', '404', '405', '406', '407', '408', '409', '410', '411', '412', '413', '414', '415', '416', '417', '418', '419', '420', '421', '422', '423', '424', '425', '426', '427', '428', '429', '430', '431', '432', '433', '434', '435', '436', '437', '438', '439', '440', '441', '442', '443', '444', '445', '446', '447', '448', '449', '450', '451', '452', '453', '454', '455', '456', '457', '458', '459', '460', '461', '462', '463', '464', '465', '466', '467', '468', '469', '470', '471', '472', '473', '475', '476', '477', '478', '479', '480', '481', '482', '483', '484', '485', '486', '487', '488', '489', '490', '491', '492', '493', '494', '495', '496', '497', '498', '499', '500', '501', '502', '503', '504', '505', '506', '507', '508', '509', '510', '511', '512', '513', '514', '515', '516', '517', '518', '519', '520', '521', '522', '523', '524', '525', '526', '527', '528', '529', '530', '531', '532', '533', '534', '535', '536', '537', '538', '539', '540', '541', '542', '543', '544', '545', '546', '547', '548', '549', '550', '551', '552', '553', '554', '555', '556', '557', '558', '559', '560', '561', '562', '563', '564', '565', '566', '567', '568', '569', '570', '571', '572', '573', '574', '575', '576', '577', '578', '579', '580', '581', '582', '583', '584', '585', '586', '587', '588', '589', '590', '591', '592', '593', '594', '595', '596', '597', '598', '599']}})
 Cluster1  11
 Cluster to drop  10
 After reassigning and merging cells 
 Timepoint  2
 Cluster  11  # of cells  23
 Cluster  4  # of cells  77
 Timepoint  3
 Cluster  11  # of cells  77
 Cluster  3  # of cells  48
 Cluster  4  # of cells  375
 Tp cluster cell dict  {'11_2': 23, '4_2': 77, '11_3': 77, '3_3': 48, '4_3': 375}
 New Graph is here 
 ID  0  Timepoint  1  Mutations  []  Type  subclone
 ID  1  Timepoint  2  Mutations  [4, 5, 6, 7, 8, 9, 10, 11, 12, 13, 14]  Type  subclone
 ID  2  Timepoint  2  Mutations  [4]  Type  subclone
 ID  3  Timepoint  3  Mutations  [4, 5, 6, 7, 8, 9, 10, 11, 12, 13, 14]  Type  subclone
 ID  4  Timepoint  3  Mutations  [4, 5, 6, 7, 8, 9, 10, 11, 12, 13, 14, 15, 16, 17, 18, 19, 20, 21, 22, 23, 24]  Type  subclone
 ID  5  Timepoint  3  Mutations  [4]  Type  subclone
Timepoints  SortedDict({1: [0], 2: [1, 2], 3: [3, 4, 5]})
 Clone to nodes  {'11_2': 1, '4_2': 2, '11_3': 3, '3_3': 4, '4_3': 5}
 Timepoint ====  1
 Hash table  {'0,1': [4], '0': [5, 6, 7, 8, 9, 10, 11, 12, 13, 14]}
 Final possible usc  [[4], [5, 6, 7, 8, 9, 10, 11, 12, 13, 14]]
 Time  1  USC keys  {'4_0', '5,6,7,8,9,10,11,12,13,14_0'}
 USC children  {'4_0': [1, 2], '5,6,7,8,9,10,11,12,13,14_0': [1]}
 USC children  {'4_0': [1, 2], '5,6,7,8,9,10,11,12,13,14_0': [1]}
 Timepoint ====  2
 Hash table  {'0': [4, 5, 6, 7, 8, 9, 10, 11, 12, 13, 14, 15, 16, 17, 18, 19, 20, 21, 22, 23, 24]}
====== Inside find superset of t nodes ==========
 Final possible usc  [[4, 5, 6, 7, 8, 9, 10, 11, 12, 13, 14, 15, 16, 17, 18, 19, 20, 21, 22, 23, 24]]
 Time  2  USC keys  {'4,5,6,7,8,9,10,11,12,13,14,15,16,17,18,19,20,21,22,23,24_1', '4,5,6,7,8,9,10,11,12,13,14,15,16,17,18,19,20,21,22,23,24_2'}
 USC children  {'4_0': [1, 2], '5,6,7,8,9,10,11,12,13,14_0': [1], '4,5,6,7,8,9,10,11,12,13,14,15,16,17,18,19,20,21,22,23,24_1': [4], '4,5,6,7,8,9,10,11,12,13,14,15,16,17,18,19,20,21,22,23,24_2': [4]}
 USC children  {'4_0': [1, 2], '5,6,7,8,9,10,11,12,13,14_0': [1], '4,5,6,7,8,9,10,11,12,13,14,15,16,17,18,19,20,21,22,23,24_1': [4], '4,5,6,7,8,9,10,11,12,13,14,15,16,17,18,19,20,21,22,23,24_2': [4]}
 Node s  {'1,2': ['4'], '4': ['4', '5', '6', '7', '8', '9', '10', '11', '12', '13', '14', '15', '16', '17', '18', '19', '20', '21', '22', '23', '24']}
 Enroll USC nodes  ['1', '2']  len  2
 Enroll USC nodes  ['4']  len  1
 Node TP  SortedDict({1: [0], 2: [1, 2], 3: [3, 4, 5]})
 Unobserved subclones at timepoints  {1.5: [6]}
 ============== Inside finding node v ============ 
 Time  2
 Time  3
 largest_v_mut  [[4, 5, 6, 7, 8, 9, 10, 11, 12, 13, 14]]
 Sorted all timepoints  [1, 1.5, 2, 3]
 Timepoint  2
 Inside usc_node check  2
 Timepoint  3
0   1   [-1]   subclone   []   []
1   2   [6]   subclone   [4, 5, 6, 7, 8, 9, 10, 11, 12, 13, 14]   [10]
2   2   [6]   subclone   [4]   [0]
3   3   [1]   subclone   [4, 5, 6, 7, 8, 9, 10, 11, 12, 13, 14]   [0]
4   3   [1]   subclone   [4, 5, 6, 7, 8, 9, 10, 11, 12, 13, 14, 15, 16, 17, 18, 19, 20, 21, 22, 23, 24]   [10]
5   3   [2]   subclone   [4]   [0]
6   1.5   [0]   unobserved subclone   [4]   [1]
8
 Total estimated FP  99  True negatives  9811
 Total estimated FN  418  True positives  1672
 Estimated FP rate  0.0559
 Estimated FN rate  0.04
 No. of Cells in each cluster  {'5_2': 25, '5_3': 75, '3_3': 50, '7_2': 75, '7_3': 375}
 Cells in each cluster  {'5_2': [75, 76, 77, 78, 79, 80, 81, 82, 83, 84, 85, 86, 87, 88, 89, 90, 91, 92, 93, 94, 95, 96, 97, 98, 99], '5_3': [100, 101, 102, 103, 104, 105, 106, 107, 108, 109, 110, 111, 112, 113, 114, 115, 116, 117, 118, 119, 120, 121, 122, 123, 124, 125, 126, 127, 128, 129, 130, 131, 132, 133, 134, 135, 136, 137, 138, 139, 140, 141, 142, 143, 144, 145, 146, 147, 148, 149, 150, 151, 152, 153, 154, 155, 156, 157, 158, 159, 160, 161, 162, 163, 164, 165, 166, 167, 168, 169, 170, 171, 172, 173, 174], '3_3': [175, 176, 177, 178, 179, 180, 181, 182, 183, 184, 185, 186, 187, 188, 189, 190, 191, 192, 193, 194, 195, 196, 197, 198, 199, 200, 201, 202, 203, 204, 205, 206, 207, 208, 209, 210, 211, 212, 213, 214, 215, 216, 217, 218, 219, 220, 221, 222, 223, 224], '7_2': [1, 7, 19, 66, 3, 60, 0, 2, 4, 5, 6, 8, 9, 10, 11, 12, 13, 14, 15, 16, 17, 18, 20, 21, 23, 24, 25, 26, 27, 28, 29, 30, 31, 32, 33, 34, 35, 36, 37, 38, 39, 40, 41, 42, 43, 44, 45, 46, 47, 48, 49, 50, 51, 52, 53, 54, 55, 56, 57, 58, 59, 61, 62, 63, 64, 65, 67, 68, 69, 70, 71, 72, 73, 74, 22], '7_3': [228, 424, 440, 449, 495, 576, 581, 281, 299, 317, 447, 479, 497, 515, 560, 252, 255, 282, 291, 309, 328, 346, 350, 363, 367, 374, 385, 454, 494, 506, 512, 513, 523, 569, 597, 276, 302, 303, 326, 386, 404, 422, 430, 488, 225, 226, 227, 229, 230, 231, 232, 233, 234, 235, 236, 237, 238, 239, 240, 241, 242, 243, 244, 245, 246, 247, 248, 249, 250, 251, 253, 254, 256, 257, 258, 259, 260, 261, 262, 263, 264, 265, 266, 267, 268, 269, 270, 271, 272, 273, 274, 275, 277, 278, 279, 280, 283, 284, 285, 286, 287, 288, 289, 290, 292, 293, 294, 295, 296, 297, 298, 300, 301, 304, 305, 307, 308, 310, 311, 312, 313, 314, 315, 316, 318, 319, 320, 321, 323, 324, 325, 327, 329, 330, 331, 332, 333, 334, 335, 336, 337, 338, 339, 340, 341, 342, 343, 344, 345, 347, 348, 349, 351, 352, 354, 355, 356, 357, 358, 359, 360, 361, 362, 364, 365, 366, 368, 369, 370, 371, 372, 373, 375, 376, 377, 378, 379, 380, 381, 382, 383, 384, 387, 388, 389, 390, 391, 392, 393, 394, 395, 396, 397, 398, 399, 400, 401, 402, 403, 405, 406, 407, 408, 409, 410, 411, 412, 413, 414, 415, 416, 417, 418, 419, 420, 421, 423, 425, 426, 427, 428, 429, 431, 432, 433, 434, 435, 436, 437, 438, 439, 441, 442, 443, 444, 445, 446, 448, 450, 451, 452, 453, 455, 456, 457, 458, 459, 460, 461, 462, 463, 464, 465, 466, 467, 468, 469, 470, 471, 472, 473, 474, 475, 476, 477, 478, 480, 481, 482, 483, 484, 485, 486, 487, 489, 490, 491, 492, 493, 496, 498, 499, 500, 501, 502, 503, 505, 507, 508, 509, 510, 511, 514, 516, 517, 518, 519, 520, 521, 522, 524, 525, 526, 527, 528, 529, 530, 531, 532, 533, 534, 535, 536, 537, 538, 539, 540, 541, 542, 543, 544, 545, 546, 547, 548, 549, 550, 551, 552, 553, 554, 555, 556, 557, 558, 559, 561, 562, 563, 564, 565, 566, 567, 568, 570, 571, 572, 573, 574, 575, 577, 578, 579, 580, 582, 583, 584, 585, 586, 587, 588, 590, 591, 592, 593, 594, 595, 596, 598, 599, 306, 322, 353, 504, 589]}
FP rate  0.0559 FN rate  0.04
 Before reassigning cells 
 Timepoint  2
 Cluster  5  # of cells  23
 Cluster  7  # of cells  77
 Timepoint  3
 Cluster  5  # of cells  75
 Cluster  3  # of cells  48
 Cluster  7  # of cells  377
 Cells absent at timepoint  2   set()
 Cells absent at timepoint  3   set()
 Timepoint  2
 Timepoint  3
 After reassigning and merging cells 
 Timepoint  2
 Cluster  5  # of cells  23
 Cluster  7  # of cells  77
 Timepoint  3
 Cluster  5  # of cells  75
 Cluster  3  # of cells  48
 Cluster  7  # of cells  377
 Tp cluster cell dict  {'5_2': 23, '7_2': 77, '5_3': 75, '3_3': 48, '7_3': 377}
 New Graph is here 
 ID  0  Timepoint  1  Mutations  []  Type  subclone
 ID  1  Timepoint  2  Mutations  [4, 5, 6, 7, 8, 9, 10, 11, 12, 13, 14]  Type  subclone
 ID  2  Timepoint  2  Mutations  [4]  Type  subclone
 ID  3  Timepoint  3  Mutations  [4, 5, 6, 7, 8, 9, 10, 11, 12, 13, 14]  Type  subclone
 ID  4  Timepoint  3  Mutations  [4, 5, 6, 7, 8, 9, 10, 11, 12, 13, 14, 15, 16, 17, 18, 19, 20, 21, 22, 23, 24]  Type  subclone
 ID  5  Timepoint  3  Mutations  [4]  Type  subclone
Timepoints  SortedDict({1: [0], 2: [1, 2], 3: [3, 4, 5]})
 Clone to nodes  {'5_2': 1, '7_2': 2, '5_3': 3, '3_3': 4, '7_3': 5}
 Timepoint ====  1
 Hash table  {'0,1': [4], '0': [5, 6, 7, 8, 9, 10, 11, 12, 13, 14]}
 Final possible usc  [[4], [5, 6, 7, 8, 9, 10, 11, 12, 13, 14]]
 Time  1  USC keys  {'5,6,7,8,9,10,11,12,13,14_0', '4_0'}
 USC children  {'4_0': [1, 2], '5,6,7,8,9,10,11,12,13,14_0': [1]}
 USC children  {'4_0': [1, 2], '5,6,7,8,9,10,11,12,13,14_0': [1]}
 Timepoint ====  2
 Hash table  {'0': [4, 5, 6, 7, 8, 9, 10, 11, 12, 13, 14, 15, 16, 17, 18, 19, 20, 21, 22, 23, 24]}
====== Inside find superset of t nodes ==========
 Final possible usc  [[4, 5, 6, 7, 8, 9, 10, 11, 12, 13, 14, 15, 16, 17, 18, 19, 20, 21, 22, 23, 24]]
 Time  2  USC keys  {'4,5,6,7,8,9,10,11,12,13,14,15,16,17,18,19,20,21,22,23,24_2', '4,5,6,7,8,9,10,11,12,13,14,15,16,17,18,19,20,21,22,23,24_1'}
 USC children  {'4_0': [1, 2], '5,6,7,8,9,10,11,12,13,14_0': [1], '4,5,6,7,8,9,10,11,12,13,14,15,16,17,18,19,20,21,22,23,24_2': [4], '4,5,6,7,8,9,10,11,12,13,14,15,16,17,18,19,20,21,22,23,24_1': [4]}
 USC children  {'4_0': [1, 2], '5,6,7,8,9,10,11,12,13,14_0': [1], '4,5,6,7,8,9,10,11,12,13,14,15,16,17,18,19,20,21,22,23,24_2': [4], '4,5,6,7,8,9,10,11,12,13,14,15,16,17,18,19,20,21,22,23,24_1': [4]}
 Node s  {'1,2': ['4'], '4': ['4', '5', '6', '7', '8', '9', '10', '11', '12', '13', '14', '15', '16', '17', '18', '19', '20', '21', '22', '23', '24']}
 Enroll USC nodes  ['1', '2']  len  2
 Enroll USC nodes  ['4']  len  1
 Node TP  SortedDict({1: [0], 2: [1, 2], 3: [3, 4, 5]})
 Unobserved subclones at timepoints  {1.5: [6]}
 ============== Inside finding node v ============ 
 Time  2
 Time  3
 largest_v_mut  [[4, 5, 6, 7, 8, 9, 10, 11, 12, 13, 14]]
 Sorted all timepoints  [1, 1.5, 2, 3]
 Timepoint  2
 Inside usc_node check  2
 Timepoint  3
0   1   [-1]   subclone   []   []
1   2   [6]   subclone   [4, 5, 6, 7, 8, 9, 10, 11, 12, 13, 14]   [10]
2   2   [6]   subclone   [4]   [0]
3   3   [1]   subclone   [4, 5, 6, 7, 8, 9, 10, 11, 12, 13, 14]   [0]
4   3   [1]   subclone   [4, 5, 6, 7, 8, 9, 10, 11, 12, 13, 14, 15, 16, 17, 18, 19, 20, 21, 22, 23, 24]   [10]
5   3   [2]   subclone   [4]   [0]
6   1.5   [0]   unobserved subclone   [4]   [1]
 List of tree files  ['all_trees/mc12_rep5_m1_tree.csv', 'all_trees/mc12_rep5_m2_tree.csv', 'all_trees/mc12_rep5_m3_tree.csv', 'all_trees/mc12_rep5_m4_tree.csv', 'all_trees/mc12_rep5_m5_tree.csv']
{'1': ['4', '5', '6', '7', '8', '9', '10', '11', '12', '13', '14'], '2': ['4'], '3': ['4', '5', '6', '7', '8', '9', '10', '11', '12', '13', '14'], '4': ['4', '5', '6', '7', '8', '9', '10', '11', '12', '13', '14', '15', '16', '17', '18', '19', '20', '21', '22', '23', '24'], '5': ['4'], '6': ['4']}
 Actual mutation of  1   ['12', '13', '14', '8', '6', '11', '7', '5', '10', '9']
 Actual mutation of  2   []
 Actual mutation of  3   []
 Actual mutation of  4   ['21', '24', '17', '16', '23', '20', '22', '15', '19', '18']
 Actual mutation of  5   []
 Updated node mutation  {'1': ['12', '13', '14', '8', '6', '11', '7', '5', '10', '9'], '2': [], '3': [], '4': ['21', '24', '17', '16', '23', '20', '22', '15', '19', '18'], '5': [], '6': ['4']}
{'1': ['4', '5', '6', '7', '8', '9', '10', '11', '12', '13', '14'], '2': ['4'], '3': ['4', '5', '6', '7', '8', '9', '10', '11', '12', '13', '14'], '4': ['4', '5', '6', '7', '8', '9', '10', '11', '12', '13', '14', '15', '16', '17', '18', '19', '20', '21', '22', '23', '24'], '5': ['4'], '6': ['4']}
 Actual mutation of  1   ['12', '13', '14', '8', '6', '11', '7', '5', '10', '9']
 Actual mutation of  2   []
 Actual mutation of  3   []
 Actual mutation of  4   ['21', '24', '17', '16', '23', '20', '22', '15', '19', '18']
 Actual mutation of  5   []
 Updated node mutation  {'1': ['12', '13', '14', '8', '6', '11', '7', '5', '10', '9'], '2': [], '3': [], '4': ['21', '24', '17', '16', '23', '20', '22', '15', '19', '18'], '5': [], '6': ['4']}
{'1': ['4', '5', '6', '7', '8', '9', '10', '11', '12', '13', '14'], '2': ['4'], '3': ['4', '5', '6', '7', '8', '9', '10', '11', '12', '13', '14'], '4': ['4', '5', '6', '7', '8', '9', '10', '11', '12', '13', '14', '15', '16', '17', '18', '19', '20', '21', '22', '23', '24'], '5': ['4'], '6': ['4']}
 Actual mutation of  1   ['12', '13', '14', '8', '6', '11', '7', '5', '10', '9']
 Actual mutation of  2   []
 Actual mutation of  3   []
 Actual mutation of  4   ['21', '24', '17', '16', '23', '20', '22', '15', '19', '18']
 Actual mutation of  5   []
 Updated node mutation  {'1': ['12', '13', '14', '8', '6', '11', '7', '5', '10', '9'], '2': [], '3': [], '4': ['21', '24', '17', '16', '23', '20', '22', '15', '19', '18'], '5': [], '6': ['4']}
{'1': ['4', '5', '6', '7', '8', '9', '10', '11', '12', '13', '14'], '2': ['4'], '3': ['4', '5', '6', '7', '8', '9', '10', '11', '12', '13', '14'], '4': ['4', '5', '6', '7', '8', '9', '10', '11', '12', '13', '14', '15', '16', '17', '18', '19', '20', '21', '22', '23', '24'], '5': ['4'], '6': ['4']}
 Actual mutation of  1   ['12', '13', '14', '8', '6', '11', '7', '5', '10', '9']
 Actual mutation of  2   []
 Actual mutation of  3   []
 Actual mutation of  4   ['21', '24', '17', '16', '23', '20', '22', '15', '19', '18']
 Actual mutation of  5   []
 Updated node mutation  {'1': ['12', '13', '14', '8', '6', '11', '7', '5', '10', '9'], '2': [], '3': [], '4': ['21', '24', '17', '16', '23', '20', '22', '15', '19', '18'], '5': [], '6': ['4']}
{'1': ['4', '5', '6', '7', '8', '9', '10', '11', '12', '13', '14'], '2': ['4'], '3': ['4', '5', '6', '7', '8', '9', '10', '11', '12', '13', '14'], '4': ['4', '5', '6', '7', '8', '9', '10', '11', '12', '13', '14', '15', '16', '17', '18', '19', '20', '21', '22', '23', '24'], '5': ['4'], '6': ['4']}
 Actual mutation of  1   ['12', '13', '14', '8', '6', '11', '7', '5', '10', '9']
 Actual mutation of  2   []
 Actual mutation of  3   []
 Actual mutation of  4   ['21', '24', '17', '16', '23', '20', '22', '15', '19', '18']
 Actual mutation of  5   []
 Updated node mutation  {'1': ['12', '13', '14', '8', '6', '11', '7', '5', '10', '9'], '2': [], '3': [], '4': ['21', '24', '17', '16', '23', '20', '22', '15', '19', '18'], '5': [], '6': ['4']}
 Parallel mutation count  {'m1': 0, 'm2': 0, 'm3': 0, 'm4': 0, 'm5': 0}
 Clusters with least parallel mutations  ['m1', 'm2', 'm3', 'm4', 'm5']
 Cluster nos for each run  {'m1': 11, 'm2': 18, 'm3': 10, 'm4': 14, 'm5': 8}
 Run  m5
 Base path  ['mc12', 'rep5', 'm1', 'tree.csv']
 Best tree path  mc12_rep5_m5_tree.csv
