9
 Total estimated FP  210  True negatives  20300
 Total estimated FN  1139  True positives  4751
 Estimated FP rate  0.04233
 Estimated FN rate  0.05
 No. of Cells in each cluster  {'5_2': 37, '3_2': 1, '3_3': 1, '1_2': 26, '1_3': 108, '4_2': 33, '4_3': 172, '8_2': 3, '8_3': 12, '0_3': 193, '2_3': 4, '7_3': 1, '6_3': 9}
 Cells in each cluster  {'5_2': [0, 1, 2, 3, 4, 5, 6, 7, 8, 9, 10, 11, 12, 13, 14, 15, 16, 17, 18, 19, 20, 21, 22, 23, 24, 25, 26, 27, 28, 29, 30, 31, 32, 33, 34, 35, 36], '3_2': [37], '3_3': [443], '1_2': [38, 39, 40, 41, 42, 43, 44, 45, 46, 47, 48, 49, 50, 51, 52, 53, 54, 55, 56, 57, 58, 59, 60, 61, 62, 63], '1_3': [100, 101, 102, 103, 104, 105, 106, 107, 108, 109, 110, 111, 112, 113, 114, 115, 116, 117, 118, 119, 120, 121, 122, 123, 124, 125, 126, 127, 128, 129, 130, 131, 132, 133, 134, 135, 136, 137, 138, 139, 140, 141, 142, 143, 144, 145, 146, 147, 148, 149, 150, 151, 152, 153, 154, 155, 156, 157, 158, 159, 160, 161, 162, 163, 164, 165, 166, 167, 168, 169, 170, 171, 172, 173, 174, 175, 176, 177, 178, 179, 180, 181, 182, 183, 184, 185, 186, 187, 188, 189, 190, 191, 192, 193, 194, 195, 196, 197, 198, 199, 200, 201, 202, 203, 204, 205, 206, 207], '4_2': [64, 65, 66, 67, 68, 69, 70, 71, 72, 73, 74, 75, 76, 77, 78, 79, 80, 81, 82, 83, 84, 85, 86, 87, 88, 89, 90, 91, 92, 93, 94, 95, 96], '4_3': [427, 428, 429, 430, 431, 432, 433, 434, 435, 436, 437, 438, 439, 440, 441, 442, 444, 445, 446, 447, 448, 449, 450, 451, 452, 453, 454, 455, 456, 457, 458, 459, 460, 461, 462, 463, 464, 465, 466, 467, 468, 469, 470, 471, 472, 473, 474, 475, 476, 477, 478, 479, 480, 481, 482, 483, 484, 485, 486, 487, 488, 489, 490, 491, 492, 493, 494, 495, 496, 497, 498, 499, 500, 501, 502, 503, 504, 505, 506, 507, 508, 509, 510, 511, 512, 513, 514, 515, 516, 517, 518, 519, 520, 521, 522, 523, 524, 525, 526, 527, 528, 529, 530, 531, 532, 533, 534, 535, 536, 537, 538, 539, 540, 541, 542, 543, 544, 545, 546, 547, 548, 549, 550, 551, 552, 553, 554, 555, 556, 557, 558, 559, 560, 561, 562, 563, 564, 565, 566, 567, 568, 569, 570, 571, 572, 573, 574, 575, 576, 577, 578, 579, 580, 581, 582, 583, 584, 585, 586, 587, 588, 589, 590, 591, 592, 593, 594, 595, 596, 597, 598, 599], '8_2': [97, 98, 99], '8_3': [406, 407, 408, 409, 410, 411, 412, 413, 414, 415, 417, 422], '0_3': [208, 209, 210, 211, 212, 213, 214, 215, 216, 217, 218, 219, 220, 221, 222, 223, 224, 225, 226, 227, 228, 229, 230, 232, 233, 234, 235, 236, 237, 238, 239, 240, 241, 242, 243, 244, 245, 246, 247, 248, 249, 250, 251, 252, 253, 254, 255, 256, 257, 258, 259, 260, 261, 262, 263, 264, 265, 266, 267, 268, 269, 270, 271, 272, 273, 274, 275, 276, 277, 278, 279, 280, 281, 282, 283, 284, 286, 287, 288, 289, 290, 291, 292, 293, 294, 295, 296, 297, 298, 299, 300, 301, 302, 303, 304, 305, 306, 307, 308, 309, 310, 311, 312, 313, 314, 315, 316, 317, 318, 319, 320, 321, 322, 323, 324, 325, 326, 327, 328, 329, 330, 331, 332, 333, 334, 335, 336, 337, 338, 339, 340, 341, 342, 343, 344, 345, 346, 347, 348, 349, 350, 351, 352, 353, 354, 355, 356, 357, 359, 360, 361, 363, 364, 365, 366, 367, 368, 369, 370, 371, 372, 373, 374, 375, 376, 377, 378, 379, 380, 381, 382, 383, 384, 385, 386, 387, 388, 389, 390, 392, 393, 394, 395, 396, 397, 398, 399, 400, 401, 402, 403, 404, 405], '2_3': [231, 285, 358, 362], '7_3': [391], '6_3': [416, 418, 419, 420, 421, 423, 424, 425, 426]}
FP rate  0.04233 FN rate  0.05
 Before reassigning cells 
 Timepoint  2
 Cluster  5  # of cells  37
 Cluster  3  # of cells  2
 Cluster  1  # of cells  25
 Cluster  4  # of cells  33
 Cluster  8  # of cells  3
 Timepoint  3
 Cluster  3  # of cells  1
 Cluster  1  # of cells  106
 Cluster  4  # of cells  174
 Cluster  8  # of cells  12
 Cluster  0  # of cells  187
 Cluster  2  # of cells  10
 Cluster  7  # of cells  1
 Cluster  6  # of cells  9
 Cells absent at timepoint  2   set()
 Cells absent at timepoint  3   set()
 Timepoint  2
 Timepoint  3
SortedDict({2: {'5': ['0', '1', '2', '3', '4', '5', '6', '7', '8', '9', '10', '11', '12', '13', '14', '15', '16', '17', '18', '19', '20', '21', '22', '23', '24', '25', '26', '27', '28', '29', '30', '31', '32', '33', '34', '35', '36'], '3': ['37', '50'], '1': ['38', '39', '40', '41', '42', '43', '44', '45', '46', '47', '48', '49', '51', '52', '53', '54', '55', '56', '57', '58', '59', '60', '61', '62', '63'], '4': ['64', '65', '66', '67', '68', '69', '70', '71', '72', '73', '74', '75', '76', '77', '78', '79', '80', '81', '82', '83', '84', '85', '86', '87', '88', '89', '90', '91', '92', '93', '94', '95', '96'], '8': ['97', '98', '99']}, 3: {'3': ['443'], '1': ['100', '101', '102', '103', '104', '105', '106', '107', '108', '109', '110', '111', '112', '113', '114', '115', '116', '117', '118', '119', '120', '121', '122', '124', '125', '126', '127', '128', '129', '130', '131', '132', '133', '134', '135', '136', '137', '138', '139', '140', '141', '142', '143', '144', '145', '146', '147', '148', '149', '150', '151', '152', '153', '154', '155', '156', '157', '158', '159', '160', '161', '162', '163', '164', '165', '166', '168', '169', '170', '171', '172', '173', '174', '175', '176', '177', '178', '179', '180', '181', '182', '183', '184', '185', '186', '187', '188', '189', '190', '191', '192', '193', '194', '195', '196', '197', '198', '199', '200', '201', '202', '203', '204', '205', '206', '207'], '4': ['123', '167', '427', '428', '429', '430', '431', '432', '433', '434', '435', '436', '437', '438', '439', '440', '441', '442', '444', '445', '446', '447', '448', '449', '450', '451', '452', '453', '454', '455', '456', '457', '458', '459', '460', '461', '462', '463', '464', '465', '466', '467', '468', '469', '470', '471', '472', '473', '474', '475', '476', '477', '478', '479', '480', '481', '482', '483', '484', '485', '486', '487', '488', '489', '490', '491', '492', '493', '494', '495', '496', '497', '498', '499', '500', '501', '502', '503', '504', '505', '506', '507', '508', '509', '510', '511', '512', '513', '514', '515', '516', '517', '518', '519', '520', '521', '522', '523', '524', '525', '526', '527', '528', '529', '530', '531', '532', '533', '534', '535', '536', '537', '538', '539', '540', '541', '542', '543', '544', '545', '546', '547', '548', '549', '550', '551', '552', '553', '554', '555', '556', '557', '558', '559', '560', '561', '562', '563', '564', '565', '566', '567', '568', '569', '570', '571', '572', '573', '574', '575', '576', '577', '578', '579', '580', '581', '582', '583', '584', '585', '586', '587', '588', '589', '590', '591', '592', '593', '594', '595', '596', '597', '598', '599'], '8': ['406', '407', '408', '409', '410', '411', '412', '413', '414', '415', '417', '422'], '0': ['208', '209', '210', '211', '212', '213', '214', '215', '216', '217', '218', '219', '220', '221', '222', '223', '224', '225', '226', '227', '228', '229', '230', '232', '233', '234', '237', '238', '239', '240', '241', '242', '243', '244', '245', '246', '247', '248', '249', '250', '251', '252', '253', '254', '255', '256', '257', '258', '259', '260', '261', '262', '263', '264', '265', '266', '267', '268', '269', '270', '271', '272', '273', '274', '275', '276', '277', '278', '279', '280', '281', '282', '283', '284', '286', '287', '288', '289', '290', '292', '293', '294', '295', '296', '297', '299', '301', '302', '303', '304', '305', '306', '307', '308', '309', '310', '311', '312', '313', '314', '315', '316', '317', '318', '319', '320', '321', '322', '323', '324', '325', '326', '327', '328', '329', '330', '331', '332', '333', '334', '335', '336', '337', '338', '339', '340', '342', '343', '344', '345', '346', '347', '348', '349', '350', '351', '352', '353', '354', '355', '356', '357', '359', '360', '361', '363', '364', '365', '366', '367', '368', '369', '370', '371', '372', '373', '374', '375', '376', '377', '378', '379', '380', '381', '382', '383', '384', '385', '386', '387', '388', '389', '390', '392', '393', '394', '395', '396', '397', '398', '399', '400', '401', '402', '403', '404', '405'], '2': ['231', '235', '236', '285', '291', '298', '300', '341', '358', '362'], '7': ['391'], '6': ['416', '418', '419', '420', '421', '423', '424', '425', '426']}})
 Cluster1  0
 Cluster to drop  2
 After reassigning and merging cells 
 Timepoint  2
 Cluster  5  # of cells  37
 Cluster  3  # of cells  2
 Cluster  1  # of cells  25
 Cluster  4  # of cells  33
 Cluster  8  # of cells  3
 Timepoint  3
 Cluster  3  # of cells  1
 Cluster  1  # of cells  106
 Cluster  4  # of cells  174
 Cluster  8  # of cells  12
 Cluster  0  # of cells  197
 Cluster  7  # of cells  1
 Cluster  6  # of cells  9
 Tp cluster cell dict  {'5_2': 37, '3_2': 2, '1_2': 25, '4_2': 33, '8_2': 3, '3_3': 1, '1_3': 106, '4_3': 174, '8_3': 12, '0_3': 197, '7_3': 1, '6_3': 9}
 New Graph is here 
 ID  0  Timepoint  1  Mutations  []  Type  subclone
 ID  1  Timepoint  2  Mutations  [0, 1, 2, 3, 4, 5, 7, 8, 9, 10, 11, 12, 13]  Type  subclone
 ID  2  Timepoint  2  Mutations  [0, 1, 2, 3, 4, 5, 7, 9, 13, 14, 15, 16, 17]  Type  subclone
 ID  3  Timepoint  2  Mutations  [0, 1, 2, 3, 4, 5, 14, 15, 16, 17]  Type  subclone
 ID  4  Timepoint  2  Mutations  [6]  Type  subclone
 ID  5  Timepoint  2  Mutations  [6, 18, 19, 20, 21, 22, 23, 24, 25, 26, 27, 28, 29, 30, 31, 32]  Type  subclone
 ID  6  Timepoint  3  Mutations  [2, 7, 9, 13]  Type  subclone
 ID  7  Timepoint  3  Mutations  [0, 1, 2, 3, 4, 5, 14, 15, 16, 17]  Type  subclone
 ID  8  Timepoint  3  Mutations  [6]  Type  subclone
 ID  9  Timepoint  3  Mutations  [6, 18, 19, 20, 21, 22, 23, 24, 25, 26, 27, 28, 29, 30, 31, 32]  Type  subclone
 ID  10  Timepoint  3  Mutations  [0, 1, 2, 3, 4, 5, 14, 15, 16, 17, 33, 34, 35, 36, 37, 38, 39, 40, 41, 42, 43, 44, 45, 46, 47]  Type  subclone
 ID  11  Timepoint  3  Mutations  [1, 2, 3, 10, 15, 17, 26, 34, 35, 36, 37, 39, 40, 43, 45, 46, 47]  Type  subclone
 ID  12  Timepoint  3  Mutations  [6, 19, 20, 21, 22, 23, 24, 25, 26, 27, 28, 29, 31, 32, 48, 49, 50, 51, 52, 53, 54]  Type  subclone
Timepoints  SortedDict({1: [0], 2: [1, 2, 3, 4, 5], 3: [6, 7, 8, 9, 10, 11, 12]})
 Clone to nodes  {'5_2': 1, '3_2': 2, '1_2': 3, '4_2': 4, '8_2': 5, '3_3': 6, '1_3': 7, '4_3': 8, '8_3': 9, '0_3': 10, '7_3': 11, '6_3': 12}
 Timepoint ====  1
 Hash table  {'0,1,2': [0, 1, 2, 3, 4, 5], '0,1': [7, 9, 13], '0': [8, 10, 11, 12], '1,2': [14, 15, 16, 17], '3,4': [6], '4': [18, 19, 20, 21, 22, 23, 24, 25, 26, 27, 28, 29, 30, 31, 32]}
 Final possible usc  [[0, 1, 2, 3, 4, 5], [7, 9, 13], [8, 10, 11, 12], [14, 15, 16, 17], [6], [18, 19, 20, 21, 22, 23, 24, 25, 26, 27, 28, 29, 30, 31, 32]]
 Time  1  USC keys  {'6_0', '7,9,13_0', '14,15,16,17_0', '8,10,11,12_0', '18,19,20,21,22,23,24,25,26,27,28,29,30,31,32_0', '0,1,2,3,4,5_0'}
 USC children  {'0,1,2,3,4,5_0': [1, 2, 3], '7,9,13_0': [1, 2], '8,10,11,12_0': [1], '14,15,16,17_0': [2, 3], '6_0': [4, 5], '18,19,20,21,22,23,24,25,26,27,28,29,30,31,32_0': [5]}
 USC children  {'0,1,2,3,4,5_0': [1, 2, 3], '7,9,13_0': [1, 2], '8,10,11,12_0': [1], '14,15,16,17_0': [2, 3], '6_0': [4, 5], '18,19,20,21,22,23,24,25,26,27,28,29,30,31,32_0': [5]}
 Timepoint ====  2
 Hash table  {'0,1,2': [2], '0': [7, 9, 13], '1': [0, 4, 5, 14, 16, 33, 38, 41, 42, 44], '1,2': [1, 3, 15, 17, 34, 35, 36, 37, 39, 40, 43, 45, 46, 47], '2': [10], '2,3': [26], '3': [6, 19, 20, 21, 22, 23, 24, 25, 27, 28, 29, 31, 32, 48, 49, 50, 51, 52, 53, 54]}
====== Inside find superset of t nodes ==========
 Final possible usc  [[6, 19, 20, 21, 22, 23, 24, 25, 27, 28, 29, 31, 32, 48, 49, 50, 51, 52, 53, 54]]
 Time  2  USC keys  {'6,19,20,21,22,23,24,25,27,28,29,31,32,48,49,50,51,52,53,54_4'}
 USC children  {'0,1,2,3,4,5_0': [1, 2, 3], '7,9,13_0': [1, 2], '8,10,11,12_0': [1], '14,15,16,17_0': [2, 3], '6_0': [4, 5], '18,19,20,21,22,23,24,25,26,27,28,29,30,31,32_0': [5], '6,19,20,21,22,23,24,25,27,28,29,31,32,48,49,50,51,52,53,54_4': [12]}
 USC children  {'0,1,2,3,4,5_0': [1, 2, 3], '7,9,13_0': [1, 2], '8,10,11,12_0': [1], '14,15,16,17_0': [2, 3], '6_0': [4, 5], '18,19,20,21,22,23,24,25,26,27,28,29,30,31,32_0': [5], '6,19,20,21,22,23,24,25,27,28,29,31,32,48,49,50,51,52,53,54_4': [12]}
 Node s  {'1,2,3': ['0', '1', '2', '3', '4', '5'], '4,5': ['6'], '12': ['6', '19', '20', '21', '22', '23', '24', '25', '27', '28', '29', '31', '32', '48', '49', '50', '51', '52', '53', '54']}
 Enroll USC nodes  ['1', '2', '3']  len  3
 Enroll USC nodes  ['4', '5']  len  2
 Enroll USC nodes  ['12']  len  1
 Node TP  SortedDict({1: [0], 2: [1, 2, 3, 4, 5], 3: [6, 7, 8, 9, 10, 11, 12]})
 Unobserved subclones at timepoints  {1.5: [13, 14]}
 ============== Inside finding node v ============ 
 Time  2
 Time  3
 largest_v_mut  []
 largest_v_mut  [[0, 1, 2, 3, 4, 5, 14, 15, 16, 17]]
 largest_v_mut  []
 largest_v_mut  [[6]]
 Sorted all timepoints  [1, 1.5, 2, 3]
 Timepoint  2
 Inside usc_node check  2
 Timepoint  3
 Node  6  has no parent 
 USC nodes  []
 Node with minimum mutation sets  {1: 9, 2: 9, 3: 9, 4: 1, 5: 16}
 Node  11  has no parent 
 USC nodes  []
 Node with minimum mutation sets  {1: 9, 2: 8, 3: 5, 4: 1, 5: 15}
0   1   [-1]   subclone   []   []
1   2   [13]   subclone   [0, 1, 2, 3, 4, 5, 7, 8, 9, 10, 11, 12, 13]   [7]
2   2   [13]   subclone   [0, 1, 2, 3, 4, 5, 7, 9, 13, 14, 15, 16, 17]   [7]
3   2   [13]   subclone   [0, 1, 2, 3, 4, 5, 14, 15, 16, 17]   [4]
4   2   [14]   subclone   [6]   [0]
5   2   [14]   subclone   [6, 18, 19, 20, 21, 22, 23, 24, 25, 26, 27, 28, 29, 30, 31, 32]   [15]
6   3   [4]   subclone   [2, 7, 9, 13]   [4]
7   3   [3]   subclone   [0, 1, 2, 3, 4, 5, 14, 15, 16, 17]   [0]
8   3   [4]   subclone   [6]   [0]
9   3   [5]   subclone   [6, 18, 19, 20, 21, 22, 23, 24, 25, 26, 27, 28, 29, 30, 31, 32]   [0]
10   3   [3]   subclone   [0, 1, 2, 3, 4, 5, 14, 15, 16, 17, 33, 34, 35, 36, 37, 38, 39, 40, 41, 42, 43, 44, 45, 46, 47]   [15]
11   3   [4]   subclone   [1, 2, 3, 10, 15, 17, 26, 34, 35, 36, 37, 39, 40, 43, 45, 46, 47]   [17]
12   3   [4]   subclone   [6, 19, 20, 21, 22, 23, 24, 25, 26, 27, 28, 29, 31, 32, 48, 49, 50, 51, 52, 53, 54]   [20]
13   1.5   [0]   unobserved subclone   [0, 1, 2, 3, 4, 5]   [6]
14   1.5   [0]   unobserved subclone   [6]   [1]
6
 Total estimated FP  212  True negatives  20266
 Total estimated FN  1173  True positives  4749
 Estimated FP rate  0.04273
 Estimated FN rate  0.05
 No. of Cells in each cluster  {'1_2': 38, '2_2': 26, '2_3': 108, '4_2': 33, '4_3': 173, '3_2': 3, '3_3': 12, '0_3': 198, '5_3': 9}
 Cells in each cluster  {'1_2': [0, 1, 2, 3, 4, 5, 6, 7, 8, 9, 10, 11, 12, 13, 14, 15, 16, 17, 18, 19, 20, 21, 22, 23, 24, 25, 26, 27, 28, 29, 30, 31, 32, 33, 34, 35, 36, 37], '2_2': [38, 39, 40, 41, 42, 43, 44, 45, 46, 47, 48, 49, 50, 51, 52, 53, 54, 55, 56, 57, 58, 59, 60, 61, 62, 63], '2_3': [100, 101, 102, 103, 104, 105, 106, 107, 108, 109, 110, 111, 112, 113, 114, 115, 116, 117, 118, 119, 120, 121, 122, 123, 124, 125, 126, 127, 128, 129, 130, 131, 132, 133, 134, 135, 136, 137, 138, 139, 140, 141, 142, 143, 144, 145, 146, 147, 148, 149, 150, 151, 152, 153, 154, 155, 156, 157, 158, 159, 160, 161, 162, 163, 164, 165, 166, 167, 168, 169, 170, 171, 172, 173, 174, 175, 176, 177, 178, 179, 180, 181, 182, 183, 184, 185, 186, 187, 188, 189, 190, 191, 192, 193, 194, 195, 196, 197, 198, 199, 200, 201, 202, 203, 204, 205, 206, 207], '4_2': [64, 65, 66, 67, 68, 69, 70, 71, 72, 73, 74, 75, 76, 77, 78, 79, 80, 81, 82, 83, 84, 85, 86, 87, 88, 89, 90, 91, 92, 93, 94, 95, 96], '4_3': [427, 428, 429, 430, 431, 432, 433, 434, 435, 436, 437, 438, 439, 440, 441, 442, 443, 444, 445, 446, 447, 448, 449, 450, 451, 452, 453, 454, 455, 456, 457, 458, 459, 460, 461, 462, 463, 464, 465, 466, 467, 468, 469, 470, 471, 472, 473, 474, 475, 476, 477, 478, 479, 480, 481, 482, 483, 484, 485, 486, 487, 488, 489, 490, 491, 492, 493, 494, 495, 496, 497, 498, 499, 500, 501, 502, 503, 504, 505, 506, 507, 508, 509, 510, 511, 512, 513, 514, 515, 516, 517, 518, 519, 520, 521, 522, 523, 524, 525, 526, 527, 528, 529, 530, 531, 532, 533, 534, 535, 536, 537, 538, 539, 540, 541, 542, 543, 544, 545, 546, 547, 548, 549, 550, 551, 552, 553, 554, 555, 556, 557, 558, 559, 560, 561, 562, 563, 564, 565, 566, 567, 568, 569, 570, 571, 572, 573, 574, 575, 576, 577, 578, 579, 580, 581, 582, 583, 584, 585, 586, 587, 588, 589, 590, 591, 592, 593, 594, 595, 596, 597, 598, 599], '3_2': [97, 98, 99], '3_3': [406, 407, 408, 409, 410, 411, 412, 413, 414, 415, 417, 422], '0_3': [208, 209, 210, 211, 212, 213, 214, 215, 216, 217, 218, 219, 220, 221, 222, 223, 224, 225, 226, 227, 228, 229, 230, 231, 232, 233, 234, 235, 236, 237, 238, 239, 240, 241, 242, 243, 244, 245, 246, 247, 248, 249, 250, 251, 252, 253, 254, 255, 256, 257, 258, 259, 260, 261, 262, 263, 264, 265, 266, 267, 268, 269, 270, 271, 272, 273, 274, 275, 276, 277, 278, 279, 280, 281, 282, 283, 284, 285, 286, 287, 288, 289, 290, 291, 292, 293, 294, 295, 296, 297, 298, 299, 300, 301, 302, 303, 304, 305, 306, 307, 308, 309, 310, 311, 312, 313, 314, 315, 316, 317, 318, 319, 320, 321, 322, 323, 324, 325, 326, 327, 328, 329, 330, 331, 332, 333, 334, 335, 336, 337, 338, 339, 340, 341, 342, 343, 344, 345, 346, 347, 348, 349, 350, 351, 352, 353, 354, 355, 356, 357, 358, 359, 360, 361, 362, 363, 364, 365, 366, 367, 368, 369, 370, 371, 372, 373, 374, 375, 376, 377, 378, 379, 380, 381, 382, 383, 384, 385, 386, 387, 388, 389, 390, 391, 392, 393, 394, 395, 396, 397, 398, 399, 400, 401, 402, 403, 404, 405], '5_3': [416, 418, 419, 420, 421, 423, 424, 425, 426]}
FP rate  0.04273 FN rate  0.05
 Before reassigning cells 
 Timepoint  2
 Cluster  1  # of cells  37
 Cluster  2  # of cells  25
 Cluster  4  # of cells  35
 Cluster  3  # of cells  3
 Timepoint  3
 Cluster  2  # of cells  106
 Cluster  4  # of cells  175
 Cluster  3  # of cells  12
 Cluster  0  # of cells  198
 Cluster  5  # of cells  9
 Cells absent at timepoint  2   set()
 Cells absent at timepoint  3   set()
 Timepoint  2
 Timepoint  3
 After reassigning and merging cells 
 Timepoint  2
 Cluster  1  # of cells  37
 Cluster  2  # of cells  25
 Cluster  4  # of cells  35
 Cluster  3  # of cells  3
 Timepoint  3
 Cluster  2  # of cells  106
 Cluster  4  # of cells  175
 Cluster  3  # of cells  12
 Cluster  0  # of cells  198
 Cluster  5  # of cells  9
 Tp cluster cell dict  {'1_2': 37, '2_2': 25, '4_2': 35, '3_2': 3, '2_3': 106, '4_3': 175, '3_3': 12, '0_3': 198, '5_3': 9}
 New Graph is here 
 ID  0  Timepoint  1  Mutations  []  Type  subclone
 ID  1  Timepoint  2  Mutations  [0, 1, 2, 3, 4, 5, 7, 8, 9, 10, 11, 12, 13]  Type  subclone
 ID  2  Timepoint  2  Mutations  [0, 1, 2, 3, 4, 5, 14, 15, 16, 17]  Type  subclone
 ID  3  Timepoint  2  Mutations  [6]  Type  subclone
 ID  4  Timepoint  2  Mutations  [6, 18, 19, 20, 21, 22, 23, 24, 25, 26, 27, 28, 29, 30, 31, 32]  Type  subclone
 ID  5  Timepoint  3  Mutations  [0, 1, 2, 3, 4, 5, 14, 15, 16, 17]  Type  subclone
 ID  6  Timepoint  3  Mutations  [6]  Type  subclone
 ID  7  Timepoint  3  Mutations  [6, 18, 19, 20, 21, 22, 23, 24, 25, 26, 27, 28, 29, 30, 31, 32]  Type  subclone
 ID  8  Timepoint  3  Mutations  [0, 1, 2, 3, 4, 5, 14, 15, 16, 17, 33, 34, 35, 36, 37, 38, 39, 40, 41, 42, 43, 44, 45, 46, 47]  Type  subclone
 ID  9  Timepoint  3  Mutations  [6, 19, 20, 21, 22, 23, 24, 25, 26, 27, 28, 29, 31, 32, 48, 49, 50, 51, 52, 53, 54]  Type  subclone
Timepoints  SortedDict({1: [0], 2: [1, 2, 3, 4], 3: [5, 6, 7, 8, 9]})
 Clone to nodes  {'1_2': 1, '2_2': 2, '4_2': 3, '3_2': 4, '2_3': 5, '4_3': 6, '3_3': 7, '0_3': 8, '5_3': 9}
 Timepoint ====  1
 Hash table  {'0,1': [0, 1, 2, 3, 4, 5], '0': [7, 8, 9, 10, 11, 12, 13], '1': [14, 15, 16, 17], '2,3': [6], '3': [18, 19, 20, 21, 22, 23, 24, 25, 26, 27, 28, 29, 30, 31, 32]}
 Final possible usc  [[0, 1, 2, 3, 4, 5], [7, 8, 9, 10, 11, 12, 13], [14, 15, 16, 17], [6], [18, 19, 20, 21, 22, 23, 24, 25, 26, 27, 28, 29, 30, 31, 32]]
 Time  1  USC keys  {'14,15,16,17_0', '0,1,2,3,4,5_0', '7,8,9,10,11,12,13_0', '6_0', '18,19,20,21,22,23,24,25,26,27,28,29,30,31,32_0'}
 USC children  {'0,1,2,3,4,5_0': [1, 2], '7,8,9,10,11,12,13_0': [1], '14,15,16,17_0': [2], '6_0': [3, 4], '18,19,20,21,22,23,24,25,26,27,28,29,30,31,32_0': [4]}
 USC children  {'0,1,2,3,4,5_0': [1, 2], '7,8,9,10,11,12,13_0': [1], '14,15,16,17_0': [2], '6_0': [3, 4], '18,19,20,21,22,23,24,25,26,27,28,29,30,31,32_0': [4]}
 Timepoint ====  2
 Hash table  {'0': [0, 1, 2, 3, 4, 5, 14, 15, 16, 17, 33, 34, 35, 36, 37, 38, 39, 40, 41, 42, 43, 44, 45, 46, 47], '1': [6, 19, 20, 21, 22, 23, 24, 25, 26, 27, 28, 29, 31, 32, 48, 49, 50, 51, 52, 53, 54]}
====== Inside find superset of t nodes ==========
 Final possible usc  [[0, 1, 2, 3, 4, 5, 14, 15, 16, 17, 33, 34, 35, 36, 37, 38, 39, 40, 41, 42, 43, 44, 45, 46, 47], [6, 19, 20, 21, 22, 23, 24, 25, 26, 27, 28, 29, 31, 32, 48, 49, 50, 51, 52, 53, 54]]
 Time  2  USC keys  {'6,19,20,21,22,23,24,25,26,27,28,29,31,32,48,49,50,51,52,53,54_3', '0,1,2,3,4,5,14,15,16,17,33,34,35,36,37,38,39,40,41,42,43,44,45,46,47_2'}
 USC children  {'0,1,2,3,4,5_0': [1, 2], '7,8,9,10,11,12,13_0': [1], '14,15,16,17_0': [2], '6_0': [3, 4], '18,19,20,21,22,23,24,25,26,27,28,29,30,31,32_0': [4], '0,1,2,3,4,5,14,15,16,17,33,34,35,36,37,38,39,40,41,42,43,44,45,46,47_2': [8], '6,19,20,21,22,23,24,25,26,27,28,29,31,32,48,49,50,51,52,53,54_3': [9]}
 USC children  {'0,1,2,3,4,5_0': [1, 2], '7,8,9,10,11,12,13_0': [1], '14,15,16,17_0': [2], '6_0': [3, 4], '18,19,20,21,22,23,24,25,26,27,28,29,30,31,32_0': [4], '0,1,2,3,4,5,14,15,16,17,33,34,35,36,37,38,39,40,41,42,43,44,45,46,47_2': [8], '6,19,20,21,22,23,24,25,26,27,28,29,31,32,48,49,50,51,52,53,54_3': [9]}
 Node s  {'1,2': ['0', '1', '2', '3', '4', '5'], '3,4': ['6'], '8': ['0', '1', '2', '3', '4', '5', '14', '15', '16', '17', '33', '34', '35', '36', '37', '38', '39', '40', '41', '42', '43', '44', '45', '46', '47'], '9': ['6', '19', '20', '21', '22', '23', '24', '25', '26', '27', '28', '29', '31', '32', '48', '49', '50', '51', '52', '53', '54']}
 Enroll USC nodes  ['1', '2']  len  2
 Enroll USC nodes  ['3', '4']  len  2
 Enroll USC nodes  ['8']  len  1
 Enroll USC nodes  ['9']  len  1
 Node TP  SortedDict({1: [0], 2: [1, 2, 3, 4], 3: [5, 6, 7, 8, 9]})
 Unobserved subclones at timepoints  {1.5: [10, 11]}
 ============== Inside finding node v ============ 
 Time  2
 Time  3
 largest_v_mut  [[0, 1, 2, 3, 4, 5, 14, 15, 16, 17]]
 largest_v_mut  [[6]]
 Sorted all timepoints  [1, 1.5, 2, 3]
 Timepoint  2
 Inside usc_node check  2
 Timepoint  3
0   1   [-1]   subclone   []   []
1   2   [10]   subclone   [0, 1, 2, 3, 4, 5, 7, 8, 9, 10, 11, 12, 13]   [7]
2   2   [10]   subclone   [0, 1, 2, 3, 4, 5, 14, 15, 16, 17]   [4]
3   2   [11]   subclone   [6]   [0]
4   2   [11]   subclone   [6, 18, 19, 20, 21, 22, 23, 24, 25, 26, 27, 28, 29, 30, 31, 32]   [15]
5   3   [2]   subclone   [0, 1, 2, 3, 4, 5, 14, 15, 16, 17]   [0]
6   3   [3]   subclone   [6]   [0]
7   3   [4]   subclone   [6, 18, 19, 20, 21, 22, 23, 24, 25, 26, 27, 28, 29, 30, 31, 32]   [0]
8   3   [2]   subclone   [0, 1, 2, 3, 4, 5, 14, 15, 16, 17, 33, 34, 35, 36, 37, 38, 39, 40, 41, 42, 43, 44, 45, 46, 47]   [15]
9   3   [3]   subclone   [6, 19, 20, 21, 22, 23, 24, 25, 26, 27, 28, 29, 31, 32, 48, 49, 50, 51, 52, 53, 54]   [20]
10   1.5   [0]   unobserved subclone   [0, 1, 2, 3, 4, 5]   [6]
11   1.5   [0]   unobserved subclone   [6]   [1]
9
 Total estimated FP  210  True negatives  20284
 Total estimated FN  1155  True positives  4751
 Estimated FP rate  0.04233
 Estimated FN rate  0.05
 No. of Cells in each cluster  {'5_2': 37, '3_2': 1, '3_3': 1, '1_2': 26, '1_3': 108, '4_2': 33, '4_3': 172, '7_2': 3, '7_3': 12, '8_3': 1, '6_3': 9, '2_3': 197}
 Cells in each cluster  {'5_2': [0, 1, 2, 3, 4, 5, 6, 7, 8, 9, 10, 11, 12, 13, 14, 15, 16, 17, 18, 19, 20, 21, 22, 23, 24, 25, 26, 27, 28, 29, 30, 31, 32, 33, 34, 35, 36], '3_2': [37], '3_3': [443], '1_2': [38, 39, 40, 41, 42, 43, 44, 45, 46, 47, 48, 49, 50, 51, 52, 53, 54, 55, 56, 57, 58, 59, 60, 61, 62, 63], '1_3': [100, 101, 102, 103, 104, 105, 106, 107, 108, 109, 110, 111, 112, 113, 114, 115, 116, 117, 118, 119, 120, 121, 122, 123, 124, 125, 126, 127, 128, 129, 130, 131, 132, 133, 134, 135, 136, 137, 138, 139, 140, 141, 142, 143, 144, 145, 146, 147, 148, 149, 150, 151, 152, 153, 154, 155, 156, 157, 158, 159, 160, 161, 162, 163, 164, 165, 166, 167, 168, 169, 170, 171, 172, 173, 174, 175, 176, 177, 178, 179, 180, 181, 182, 183, 184, 185, 186, 187, 188, 189, 190, 191, 192, 193, 194, 195, 196, 197, 198, 199, 200, 201, 202, 203, 204, 205, 206, 207], '4_2': [64, 65, 66, 67, 68, 69, 70, 71, 72, 73, 74, 75, 76, 77, 78, 79, 80, 81, 82, 83, 84, 85, 86, 87, 88, 89, 90, 91, 92, 93, 94, 95, 96], '4_3': [427, 428, 429, 430, 431, 432, 433, 434, 435, 436, 437, 438, 439, 440, 441, 442, 444, 445, 446, 447, 448, 449, 450, 451, 452, 453, 454, 455, 456, 457, 458, 459, 460, 461, 462, 463, 464, 465, 466, 467, 468, 469, 470, 471, 472, 473, 474, 475, 476, 477, 478, 479, 480, 481, 482, 483, 484, 485, 486, 487, 488, 489, 490, 491, 492, 493, 494, 495, 496, 497, 498, 499, 500, 501, 502, 503, 504, 505, 506, 507, 508, 509, 510, 511, 512, 513, 514, 515, 516, 517, 518, 519, 520, 521, 522, 523, 524, 525, 526, 527, 528, 529, 530, 531, 532, 533, 534, 535, 536, 537, 538, 539, 540, 541, 542, 543, 544, 545, 546, 547, 548, 549, 550, 551, 552, 553, 554, 555, 556, 557, 558, 559, 560, 561, 562, 563, 564, 565, 566, 567, 568, 569, 570, 571, 572, 573, 574, 575, 576, 577, 578, 579, 580, 581, 582, 583, 584, 585, 586, 587, 588, 589, 590, 591, 592, 593, 594, 595, 596, 597, 598, 599], '7_2': [97, 98, 99], '7_3': [406, 407, 408, 409, 410, 411, 412, 413, 414, 415, 417, 422], '8_3': [391], '6_3': [416, 418, 419, 420, 421, 423, 424, 425, 426], '2_3': [209, 210, 211, 212, 213, 214, 215, 216, 217, 218, 219, 220, 222, 223, 224, 225, 226, 227, 228, 229, 230, 232, 233, 234, 235, 236, 237, 238, 239, 240, 241, 242, 243, 244, 245, 246, 247, 248, 249, 250, 251, 252, 253, 254, 255, 256, 257, 258, 259, 260, 261, 262, 263, 264, 265, 266, 267, 268, 269, 270, 271, 272, 273, 274, 275, 276, 277, 278, 279, 281, 282, 283, 284, 286, 287, 288, 289, 290, 292, 293, 294, 295, 296, 297, 298, 299, 300, 301, 302, 303, 304, 305, 306, 307, 308, 310, 311, 312, 313, 314, 315, 316, 317, 318, 319, 320, 321, 322, 323, 324, 325, 326, 327, 328, 329, 330, 331, 332, 333, 334, 335, 336, 337, 338, 339, 340, 341, 342, 343, 344, 345, 346, 347, 348, 349, 350, 351, 352, 353, 354, 355, 356, 357, 359, 360, 361, 363, 364, 365, 366, 367, 368, 369, 370, 371, 372, 373, 374, 375, 376, 377, 378, 379, 380, 381, 382, 383, 384, 385, 386, 387, 388, 389, 390, 392, 393, 394, 395, 396, 397, 398, 399, 400, 401, 402, 403, 404, 405, 208, 221, 231, 280, 285, 291, 309, 358, 362]}
FP rate  0.04233 FN rate  0.05
 Before reassigning cells 
 Timepoint  2
 Cluster  5  # of cells  37
 Cluster  3  # of cells  2
 Cluster  1  # of cells  25
 Cluster  4  # of cells  32
 Cluster  7  # of cells  3
 Timepoint  3
 Cluster  3  # of cells  3
 Cluster  1  # of cells  106
 Cluster  4  # of cells  162
 Cluster  7  # of cells  12
 Cluster  8  # of cells  1
 Cluster  6  # of cells  9
 Cluster  2  # of cells  197
 Cells absent at timepoint  2   {50}
 Missing cell prob  {'3': 7.019953627587776e-07, '5': 3.078441186642658e-09, '1': 5.8962615424241504e-08, '7': 5.516067588478768e-21, '4': 7.019953627587777e-07}
 Cells absent at timepoint  3   {485, 463, 592, 502, 566, 536, 441, 442, 123, 511}
 Missing cell prob  {'3': 0.006548118062575659, '8': 1.4025555778186777e-19, '2': 1.4831973117178446e-28, '6': 2.840827139025656e-27, '1': 6.924610518699076e-12, '7': 7.32274989202271e-21, '4': 0.006548118062575659}
 Missing cell prob  {'3': 0.00037519201696836063, '8': 4.1957662880961546e-22, '2': 1.3401363595145423e-24, '6': 2.190611738958177e-23, '1': 6.25670115383195e-08, '7': 2.9481455776600438e-18, '4': 0.00037519201696836063}
 Missing cell prob  {'3': 0.007784898767365492, '8': 1.6674643133461465e-19, '2': 9.206393199905574e-30, '6': 8.705839763938237e-21, '1': 4.298193280670762e-13, '7': 6.117138381298535e-17, '4': 0.007784898767365492}
 Missing cell prob  {'3': 0.006005487494583139, '8': 3.506388944546695e-22, '2': 1.9359451999616838e-32, '6': 4.990251715506887e-26, '1': 1.7311526296747697e-14, '7': 1.2863283622187393e-19, '4': 0.0060054874945831395}
 Missing cell prob  {'3': 0.006826892638911702, '8': 6.515553494541423e-21, '2': 1.8781851724836467e-32, '6': 3.985977973691346e-22, '1': 4.578138747965348e-17, '7': 2.8007382987770423e-18, '4': 0.006826892638911707}
 Missing cell prob  {'3': 0.1625799861615272, '8': 1.2775044391697627e-15, '2': 1.3509561972803076e-24, '6': 2.5875404428988618e-23, '1': 1.719277312268305e-10, '7': 3.4823359055752945e-18, '4': 0.1625799861615272}
 Missing cell prob  {'3': 0.008128999308076364, '8': 3.334928626692291e-18, '2': 1.2937702214494313e-24, '6': 1.293770221449432e-24, '1': 3.153607891573813e-09, '7': 1.7411679527876467e-19, '4': 0.008128999308076364}
 Missing cell prob  {'3': 1.888157969869378e-05, '8': 1.0424885591266274e-15, '2': 2.1115240192453464e-23, '6': 5.552656669067064e-22, '1': 7.325021996744551e-12, '7': 3.901561497745525e-18, '4': 1.888157969869378e-05}
 Missing cell prob  {'3': 1.9716164961514696e-05, '8': 8.088572830042762e-21, '2': 1.58049519928628e-24, '6': 1.5492367084294108e-19, '1': 1.413303651615213e-06, '7': 5.683417183203526e-17, '4': 1.97161649615147e-05}
 Missing cell prob  {'3': 0.007784898767365492, '8': 3.193761097924407e-18, '2': 9.206393199905574e-30, '6': 8.705839763938237e-21, '1': 4.298193280670762e-13, '7': 6.117138381298535e-17, '4': 0.007784898767365492}
 Timepoint  2
 Timepoint  3
SortedDict({2: {'5': ['0', '1', '2', '3', '4', '5', '6', '7', '8', '9', '10', '11', '12', '13', '14', '15', '16', '17', '18', '19', '20', '21', '22', '23', '24', '25', '26', '27', '28', '29', '30', '31', '32', '33', '34', '35', '36'], '3': ['37', '81'], '1': ['38', '39', '40', '41', '42', '43', '44', '45', '46', '47', '48', '49', '51', '52', '53', '54', '55', '56', '57', '58', '59', '60', '61', '62', '63'], '4': ['64', '65', '66', '67', '68', '69', '70', '71', '72', '73', '74', '75', '76', '77', '78', '79', '80', '82', '83', '84', '85', '86', '87', '88', '89', '90', '91', '92', '93', '94', '95', '96', '50'], '7': ['97', '98', '99']}, 3: {'3': ['431', '443', '494', '485', '463', '592', '536', '441', '442', '511'], '1': ['100', '101', '102', '103', '104', '105', '106', '107', '108', '109', '110', '111', '112', '113', '114', '115', '116', '117', '118', '119', '120', '121', '122', '124', '125', '126', '127', '128', '129', '130', '131', '132', '133', '134', '135', '136', '137', '138', '139', '140', '141', '142', '143', '144', '145', '146', '147', '148', '149', '150', '151', '152', '153', '154', '155', '156', '157', '158', '159', '160', '161', '162', '163', '164', '165', '166', '168', '169', '170', '171', '172', '173', '174', '175', '176', '177', '178', '179', '180', '181', '182', '183', '184', '185', '186', '187', '188', '189', '190', '191', '192', '193', '194', '195', '196', '197', '198', '199', '200', '201', '202', '203', '204', '205', '206', '207'], '4': ['167', '427', '428', '429', '430', '432', '433', '434', '435', '436', '437', '438', '439', '440', '444', '445', '446', '447', '448', '449', '450', '451', '452', '453', '454', '455', '456', '457', '458', '459', '460', '461', '462', '464', '465', '466', '467', '468', '469', '470', '471', '472', '473', '474', '475', '476', '477', '478', '479', '480', '481', '482', '483', '484', '486', '487', '488', '489', '490', '491', '492', '493', '495', '496', '497', '498', '499', '500', '501', '503', '504', '505', '506', '507', '508', '509', '510', '512', '513', '514', '515', '516', '517', '518', '519', '520', '521', '522', '523', '524', '525', '526', '527', '528', '529', '530', '531', '532', '533', '534', '535', '537', '538', '539', '540', '541', '542', '543', '544', '545', '546', '547', '548', '549', '550', '551', '552', '553', '554', '555', '556', '557', '558', '559', '560', '561', '562', '563', '564', '565', '567', '568', '569', '570', '571', '572', '573', '574', '575', '576', '577', '578', '579', '580', '581', '582', '583', '584', '585', '586', '587', '588', '589', '590', '591', '593', '594', '595', '596', '597', '598', '599', '502', '566', '123'], '7': ['406', '407', '408', '409', '410', '411', '412', '413', '414', '415', '417', '422'], '8': ['391'], '6': ['416', '418', '419', '420', '421', '423', '424', '425', '426'], '2': ['208', '209', '210', '211', '212', '213', '214', '215', '216', '217', '218', '219', '220', '221', '222', '223', '224', '225', '226', '227', '228', '229', '230', '231', '232', '233', '234', '235', '236', '237', '238', '239', '240', '241', '242', '243', '244', '245', '246', '247', '248', '249', '250', '251', '252', '253', '254', '255', '256', '257', '258', '259', '260', '261', '262', '263', '264', '265', '266', '267', '268', '269', '270', '271', '272', '273', '274', '275', '276', '277', '278', '279', '280', '281', '282', '283', '284', '285', '286', '287', '288', '289', '290', '291', '292', '293', '294', '295', '296', '297', '298', '299', '300', '301', '302', '303', '304', '305', '306', '307', '308', '309', '310', '311', '312', '313', '314', '315', '316', '317', '318', '319', '320', '321', '322', '323', '324', '325', '326', '327', '328', '329', '330', '331', '332', '333', '334', '335', '336', '337', '338', '339', '340', '341', '342', '343', '344', '345', '346', '347', '348', '349', '350', '351', '352', '353', '354', '355', '356', '357', '358', '359', '360', '361', '362', '363', '364', '365', '366', '367', '368', '369', '370', '371', '372', '373', '374', '375', '376', '377', '378', '379', '380', '381', '382', '383', '384', '385', '386', '387', '388', '389', '390', '392', '393', '394', '395', '396', '397', '398', '399', '400', '401', '402', '403', '404', '405']}})
 Cluster1  3
 Cluster to drop  4
 After reassigning and merging cells 
 Timepoint  2
 Cluster  5  # of cells  37
 Cluster  3  # of cells  2
 Cluster  1  # of cells  25
 Cluster  4  # of cells  33
 Cluster  7  # of cells  3
 Timepoint  3
 Cluster  3  # of cells  175
 Cluster  1  # of cells  106
 Cluster  7  # of cells  12
 Cluster  8  # of cells  1
 Cluster  6  # of cells  9
 Cluster  2  # of cells  197
 Tp cluster cell dict  {'5_2': 37, '3_2': 2, '1_2': 25, '4_2': 33, '7_2': 3, '3_3': 175, '1_3': 106, '7_3': 12, '8_3': 1, '6_3': 9, '2_3': 197}
 New Graph is here 
 ID  0  Timepoint  1  Mutations  []  Type  subclone
 ID  1  Timepoint  2  Mutations  [0, 1, 2, 3, 4, 5, 7, 8, 9, 10, 11, 12, 13]  Type  subclone
 ID  2  Timepoint  2  Mutations  [6, 7, 9]  Type  subclone
 ID  3  Timepoint  2  Mutations  [0, 1, 2, 3, 4, 5, 14, 15, 16, 17]  Type  subclone
 ID  4  Timepoint  2  Mutations  [6]  Type  subclone
 ID  5  Timepoint  2  Mutations  [6, 18, 19, 20, 21, 22, 23, 24, 25, 26, 27, 28, 29, 30, 31, 32]  Type  subclone
 ID  6  Timepoint  3  Mutations  [6]  Type  subclone
 ID  7  Timepoint  3  Mutations  [0, 1, 2, 3, 4, 5, 14, 15, 16, 17]  Type  subclone
 ID  8  Timepoint  3  Mutations  [6, 18, 19, 20, 21, 22, 23, 24, 25, 26, 27, 28, 29, 30, 31, 32]  Type  subclone
 ID  9  Timepoint  3  Mutations  [2, 3, 10, 15, 17, 26, 34, 35, 36, 37, 39, 40, 43, 45, 46, 47, 48]  Type  subclone
 ID  10  Timepoint  3  Mutations  [6, 19, 20, 21, 22, 23, 24, 25, 26, 27, 28, 29, 31, 32, 48, 49, 50, 51, 52, 53, 54]  Type  subclone
 ID  11  Timepoint  3  Mutations  [0, 1, 2, 3, 4, 5, 14, 15, 16, 17, 33, 34, 35, 36, 37, 38, 39, 40, 41, 42, 43, 44, 45, 46, 47]  Type  subclone
Timepoints  SortedDict({1: [0], 2: [1, 2, 3, 4, 5], 3: [6, 7, 8, 9, 10, 11]})
 Clone to nodes  {'5_2': 1, '3_2': 2, '1_2': 3, '4_2': 4, '7_2': 5, '3_3': 6, '1_3': 7, '7_3': 8, '8_3': 9, '6_3': 10, '2_3': 11}
 Timepoint ====  1
 Hash table  {'0,2': [0, 1, 2, 3, 4, 5], '0,1': [7, 9], '0': [8, 10, 11, 12, 13], '1,3,4': [6], '2': [14, 15, 16, 17], '4': [18, 19, 20, 21, 22, 23, 24, 25, 26, 27, 28, 29, 30, 31, 32]}
 Final possible usc  [[0, 1, 2, 3, 4, 5], [7, 9], [8, 10, 11, 12, 13], [6], [14, 15, 16, 17], [18, 19, 20, 21, 22, 23, 24, 25, 26, 27, 28, 29, 30, 31, 32]]
 Time  1  USC keys  {'6_0', '18,19,20,21,22,23,24,25,26,27,28,29,30,31,32_0', '0,1,2,3,4,5_0', '7,9_0', '8,10,11,12,13_0', '14,15,16,17_0'}
 USC children  {'0,1,2,3,4,5_0': [1, 3], '7,9_0': [1, 2], '8,10,11,12,13_0': [1], '6_0': [2, 4, 5], '14,15,16,17_0': [3], '18,19,20,21,22,23,24,25,26,27,28,29,30,31,32_0': [5]}
 USC children  {'0,1,2,3,4,5_0': [1, 3], '7,9_0': [1, 2], '8,10,11,12,13_0': [1], '6_0': [2, 4, 5], '14,15,16,17_0': [3], '18,19,20,21,22,23,24,25,26,27,28,29,30,31,32_0': [5]}
 Timepoint ====  2
 Hash table  {'0,2': [2, 3, 15, 17, 34, 35, 36, 37, 39, 40, 43, 45, 46, 47], '0': [10], '0,1': [26, 48], '1': [6, 19, 20, 21, 22, 23, 24, 25, 27, 28, 29, 31, 32, 49, 50, 51, 52, 53, 54], '2': [0, 1, 4, 5, 14, 16, 33, 38, 41, 42, 44]}
====== Inside find superset of t nodes ==========
 Final possible usc  [[6, 19, 20, 21, 22, 23, 24, 25, 27, 28, 29, 31, 32, 49, 50, 51, 52, 53, 54]]
 Time  2  USC keys  {'6,19,20,21,22,23,24,25,27,28,29,31,32,49,50,51,52,53,54_4'}
 USC children  {'0,1,2,3,4,5_0': [1, 3], '7,9_0': [1, 2], '8,10,11,12,13_0': [1], '6_0': [2, 4, 5], '14,15,16,17_0': [3], '18,19,20,21,22,23,24,25,26,27,28,29,30,31,32_0': [5], '6,19,20,21,22,23,24,25,27,28,29,31,32,49,50,51,52,53,54_4': [10]}
 USC children  {'0,1,2,3,4,5_0': [1, 3], '7,9_0': [1, 2], '8,10,11,12,13_0': [1], '6_0': [2, 4, 5], '14,15,16,17_0': [3], '18,19,20,21,22,23,24,25,26,27,28,29,30,31,32_0': [5], '6,19,20,21,22,23,24,25,27,28,29,31,32,49,50,51,52,53,54_4': [10]}
 Node s  {'1,3': ['0', '1', '2', '3', '4', '5'], '1,2': ['7', '9'], '2,4,5': ['6'], '10': ['6', '19', '20', '21', '22', '23', '24', '25', '27', '28', '29', '31', '32', '49', '50', '51', '52', '53', '54']}
 Enroll USC nodes  ['1', '3']  len  2
 Enroll USC nodes  ['1', '2']  len  2
 Enroll USC nodes  ['2', '4', '5']  len  3
 Enroll USC nodes  ['10']  len  1
 Node TP  SortedDict({1: [0], 2: [1, 2, 3, 4, 5], 3: [6, 7, 8, 9, 10, 11]})
 Unobserved subclones at timepoints  {1.5: [12, 13, 14]}
 ============== Inside finding node v ============ 
 Time  2
 Time  3
 largest_v_mut  []
 largest_v_mut  [[6]]
 largest_v_mut  [[0, 1, 2, 3, 4, 5, 14, 15, 16, 17]]
 Sorted all timepoints  [1, 1.5, 2, 3]
 Timepoint  2
 Inside usc_node check  2
 Timepoint  3
 Node  9  has no parent 
 USC nodes  []
 Node with minimum mutation sets  {1: 10, 2: 3, 3: 6, 4: 1, 5: 15}
0   1   [-1]   subclone   []   []
1   2   [12]   subclone   [0, 1, 2, 3, 4, 5, 7, 8, 9, 10, 11, 12, 13]   [7, 11]
2   2   [13]   subclone   [6, 7, 9]   [1, 2]
3   2   [12]   subclone   [0, 1, 2, 3, 4, 5, 14, 15, 16, 17]   [4]
4   2   [14]   subclone   [6]   [0]
5   2   [14]   subclone   [6, 18, 19, 20, 21, 22, 23, 24, 25, 26, 27, 28, 29, 30, 31, 32]   [15]
6   3   [4]   subclone   [6]   [0]
7   3   [3]   subclone   [0, 1, 2, 3, 4, 5, 14, 15, 16, 17]   [0]
8   3   [5]   subclone   [6, 18, 19, 20, 21, 22, 23, 24, 25, 26, 27, 28, 29, 30, 31, 32]   [0]
9   3   [4]   subclone   [2, 3, 10, 15, 17, 26, 34, 35, 36, 37, 39, 40, 43, 45, 46, 47, 48]   [17]
10   3   [4]   subclone   [6, 19, 20, 21, 22, 23, 24, 25, 26, 27, 28, 29, 31, 32, 48, 49, 50, 51, 52, 53, 54]   [20]
11   3   [3]   subclone   [0, 1, 2, 3, 4, 5, 14, 15, 16, 17, 33, 34, 35, 36, 37, 38, 39, 40, 41, 42, 43, 44, 45, 46, 47]   [15]
12   1.5   [0]   unobserved subclone   [0, 1, 2, 3, 4, 5]   [6]
13   1.5   [0]   unobserved subclone   [7, 9]   [2]
14   1.5   [0]   unobserved subclone   [6]   [1]
9
 Total estimated FP  210  True negatives  20284
 Total estimated FN  1155  True positives  4751
 Estimated FP rate  0.04233
 Estimated FN rate  0.05
 No. of Cells in each cluster  {'5_2': 37, '3_2': 1, '3_3': 1, '4_2': 26, '4_3': 108, '1_2': 33, '1_3': 172, '7_2': 3, '7_3': 12, '8_3': 1, '6_3': 9, '0_3': 197}
 Cells in each cluster  {'5_2': [0, 1, 2, 3, 4, 5, 6, 7, 8, 9, 10, 11, 12, 13, 14, 15, 16, 17, 18, 19, 20, 21, 22, 23, 24, 25, 26, 27, 28, 29, 30, 31, 32, 33, 34, 35, 36], '3_2': [37], '3_3': [443], '4_2': [38, 39, 40, 41, 42, 43, 44, 45, 46, 47, 48, 49, 50, 51, 52, 53, 54, 55, 56, 57, 58, 59, 60, 61, 62, 63], '4_3': [100, 101, 102, 103, 104, 105, 106, 107, 108, 109, 110, 111, 112, 113, 114, 115, 116, 117, 118, 119, 120, 121, 122, 123, 124, 125, 126, 127, 128, 129, 130, 131, 132, 133, 134, 135, 136, 137, 138, 139, 140, 141, 142, 143, 144, 145, 146, 147, 148, 149, 150, 151, 152, 153, 154, 155, 156, 157, 158, 159, 160, 161, 162, 163, 164, 165, 166, 167, 168, 169, 170, 171, 172, 173, 174, 175, 176, 177, 178, 179, 180, 181, 182, 183, 184, 185, 186, 187, 188, 189, 190, 191, 192, 193, 194, 195, 196, 197, 198, 199, 200, 201, 202, 203, 204, 205, 206, 207], '1_2': [64, 65, 66, 67, 68, 69, 70, 71, 72, 73, 74, 75, 76, 77, 78, 79, 80, 81, 82, 83, 84, 85, 86, 87, 88, 89, 90, 91, 92, 93, 94, 95, 96], '1_3': [427, 428, 429, 430, 431, 432, 433, 434, 435, 436, 437, 438, 439, 440, 441, 442, 444, 445, 446, 447, 448, 449, 450, 451, 452, 453, 454, 455, 456, 457, 458, 459, 460, 461, 462, 463, 464, 465, 466, 467, 468, 469, 470, 471, 472, 473, 474, 475, 476, 477, 478, 479, 480, 481, 482, 483, 484, 485, 486, 487, 488, 489, 490, 491, 492, 493, 494, 495, 496, 497, 498, 499, 500, 501, 502, 503, 504, 505, 506, 507, 508, 509, 510, 511, 512, 513, 514, 515, 516, 517, 518, 519, 520, 521, 522, 523, 524, 525, 526, 527, 528, 529, 530, 531, 532, 533, 534, 535, 536, 537, 538, 539, 540, 541, 542, 543, 544, 545, 546, 547, 548, 549, 550, 551, 552, 553, 554, 555, 556, 557, 558, 559, 560, 561, 562, 563, 564, 565, 566, 567, 568, 569, 570, 571, 572, 573, 574, 575, 576, 577, 578, 579, 580, 581, 582, 583, 584, 585, 586, 587, 588, 589, 590, 591, 592, 593, 594, 595, 596, 597, 598, 599], '7_2': [97, 98, 99], '7_3': [406, 407, 408, 409, 410, 411, 412, 413, 414, 415, 417, 422], '8_3': [391], '6_3': [416, 418, 419, 420, 421, 423, 424, 425, 426], '0_3': [208, 210, 231, 246, 265, 279, 285, 291, 309, 327, 341, 352, 358, 362, 370, 377, 393, 394, 209, 211, 212, 213, 214, 215, 216, 217, 218, 219, 220, 221, 222, 223, 224, 225, 226, 227, 228, 229, 230, 232, 233, 234, 235, 236, 237, 238, 239, 240, 241, 242, 243, 244, 245, 247, 248, 249, 250, 251, 252, 253, 254, 255, 256, 257, 258, 259, 260, 261, 262, 263, 264, 266, 267, 268, 269, 270, 271, 272, 273, 274, 275, 276, 277, 278, 280, 281, 282, 283, 284, 286, 287, 288, 289, 290, 292, 293, 294, 295, 296, 297, 298, 299, 300, 301, 302, 303, 304, 305, 306, 307, 308, 310, 311, 312, 313, 314, 315, 316, 317, 318, 319, 320, 321, 322, 323, 324, 325, 326, 328, 329, 330, 331, 332, 333, 334, 335, 336, 337, 338, 339, 340, 342, 343, 344, 345, 346, 347, 348, 349, 350, 351, 353, 354, 355, 356, 357, 359, 360, 361, 363, 364, 365, 366, 367, 368, 369, 371, 372, 373, 374, 375, 376, 378, 379, 380, 381, 382, 383, 384, 385, 386, 387, 388, 389, 390, 392, 395, 396, 397, 398, 399, 400, 401, 402, 403, 404, 405]}
FP rate  0.04233 FN rate  0.05
 Before reassigning cells 
 Timepoint  2
 Cluster  5  # of cells  37
 Cluster  3  # of cells  2
 Cluster  4  # of cells  25
 Cluster  1  # of cells  31
 Cluster  7  # of cells  3
 Timepoint  3
 Cluster  3  # of cells  4
 Cluster  4  # of cells  106
 Cluster  1  # of cells  160
 Cluster  7  # of cells  12
 Cluster  8  # of cells  1
 Cluster  6  # of cells  9
 Cluster  0  # of cells  197
 Cells absent at timepoint  2   {50, 76}
 Missing cell prob  {'1': 7.019953627587777e-07, '7': 5.516067588478768e-21, '3': 7.019953627587782e-07, '5': 3.078441186642658e-09, '4': 5.8962615424241504e-08}
 Missing cell prob  {'1': 0.169766188939329, '7': 6.964671811150585e-17, '3': 0.169766188939329, '5': 4.893710705038826e-13, '4': 6.586001214559948e-08}
 Cells absent at timepoint  3   {551, 456, 556, 494, 431, 592, 439, 441, 477, 542, 511}
 Missing cell prob  {'1': 0.00037519201696836063, '7': 3.454445801055197e-18, '3': 0.00037519201696836063, '0': 1.1437195166175077e-24, '4': 2.7878543141232257e-09, '8': 4.9163268415078395e-22, '6': 2.190611738958178e-23}
 Missing cell prob  {'1': 0.0003917758904093901, '7': 2.5345457562861414e-14, '3': 0.0003917758904093901, '0': 1.69967549646342e-28, '4': 1.5198765467920546e-10, '8': 2.2874390332350155e-23, '6': 1.8832874905227247e-19}
 Missing cell prob  {'1': 0.007139778444315269, '7': 7.984402744811019e-21, '3': 0.007139778444315268, '0': 3.0975123199386946e-27, '4': 1.4461370866162827e-10, '8': 4.168660783365363e-22, '6': 2.1764599409845588e-23}
 Missing cell prob  {'1': 0.008128999308076364, '7': 9.090646844882098e-21, '3': 0.008128999308076363, '0': 1.2937702214494313e-24, '4': 3.153607891573813e-09, '8': 1.7411679527876467e-19, '6': 6.754780986401533e-26}
 Missing cell prob  {'1': 0.008128999308076364, '7': 6.387522195848817e-17, '3': 0.008128999308076361, '0': 9.613325258080106e-30, '4': 8.596386561341525e-12, '8': 2.4780098559509546e-23, '6': 9.0906468448821e-21}
 Missing cell prob  {'1': 0.007784898767365492, '7': 6.117138381298535e-17, '3': 0.007784898767365487, '0': 9.206393199905574e-30, '4': 4.298193280670762e-13, '8': 8.705839763938236e-21, '6': 8.705839763938237e-21}
 Missing cell prob  {'1': 0.0003155855582276413, '7': 2.9056407311168038e-18, '3': 0.0003155855582276413, '0': 7.148246978859426e-30, '4': 1.742408946327017e-14, '8': 5.0226993764013054e-26, '6': 7.920455488394193e-21}
 Missing cell prob  {'1': 0.008128999308076364, '7': 1.7411679527876467e-19, '3': 0.008128999308076361, '0': 1.2937702214494313e-24, '4': 3.153607891573813e-09, '8': 9.090646844882087e-21, '6': 1.293770221449432e-24}
 Missing cell prob  {'1': 0.15569797534730975, '7': 3.334928626692291e-18, '3': 0.15569797534730975, '0': 3.5266746303014275e-27, '4': 8.596386561341525e-12, '8': 4.746231397497098e-22, '6': 4.746231397497101e-22}
 Missing cell prob  {'1': 0.00030222682154786533, '7': 3.379797681878504e-22, '3': 0.0003022268215478652, '0': 5.636149784527809e-26, '4': 3.1960374072732373e-13, '8': 7.585182607570469e-21, '6': 2.511349688200653e-27}
 Missing cell prob  {'1': 0.007784898767365492, '7': 6.117138381298535e-17, '3': 0.007784898767365487, '0': 9.206393199905574e-30, '4': 4.298193280670762e-13, '8': 1.6674643133461458e-19, '6': 8.705839763938237e-21}
 Timepoint  2
 Timepoint  3
SortedDict({2: {'5': ['0', '1', '2', '3', '4', '5', '6', '7', '8', '9', '10', '11', '12', '13', '14', '15', '16', '17', '18', '19', '20', '21', '22', '23', '24', '25', '26', '27', '28', '29', '30', '31', '32', '33', '34', '35', '36'], '3': ['37', '81', '50'], '4': ['38', '39', '40', '41', '42', '43', '44', '45', '46', '47', '48', '49', '51', '52', '53', '54', '55', '56', '57', '58', '59', '60', '61', '62', '63'], '1': ['64', '65', '66', '67', '68', '69', '70', '71', '72', '73', '74', '75', '77', '78', '79', '80', '82', '83', '84', '85', '86', '87', '88', '89', '90', '91', '92', '93', '94', '95', '96', '76'], '7': ['97', '98', '99']}, 3: {'3': ['443', '463', '526', '533'], '4': ['100', '101', '102', '103', '104', '105', '106', '107', '108', '109', '110', '111', '112', '113', '114', '115', '116', '117', '118', '119', '120', '121', '122', '124', '125', '126', '127', '128', '129', '130', '131', '132', '133', '134', '135', '136', '137', '138', '139', '140', '141', '142', '143', '144', '145', '146', '147', '148', '149', '150', '151', '152', '153', '154', '155', '156', '157', '158', '159', '160', '161', '162', '163', '164', '165', '166', '168', '169', '170', '171', '172', '173', '174', '175', '176', '177', '178', '179', '180', '181', '182', '183', '184', '185', '186', '187', '188', '189', '190', '191', '192', '193', '194', '195', '196', '197', '198', '199', '200', '201', '202', '203', '204', '205', '206', '207'], '1': ['123', '167', '427', '428', '429', '430', '432', '433', '434', '435', '436', '437', '438', '440', '442', '444', '445', '446', '447', '448', '449', '450', '451', '452', '453', '454', '455', '457', '458', '459', '460', '461', '462', '464', '465', '466', '467', '468', '469', '470', '471', '472', '473', '474', '475', '476', '478', '479', '480', '481', '482', '483', '484', '485', '486', '487', '488', '489', '490', '491', '492', '493', '495', '496', '497', '498', '499', '500', '501', '502', '503', '504', '505', '506', '507', '508', '509', '510', '512', '513', '514', '515', '516', '517', '518', '519', '520', '521', '522', '523', '524', '525', '527', '528', '529', '530', '531', '532', '534', '535', '536', '537', '538', '539', '540', '541', '543', '544', '545', '546', '547', '548', '549', '550', '552', '553', '554', '555', '557', '558', '559', '560', '561', '562', '563', '564', '565', '566', '567', '568', '569', '570', '571', '572', '573', '574', '575', '576', '577', '578', '579', '580', '581', '582', '583', '584', '585', '586', '587', '588', '589', '590', '591', '593', '594', '595', '596', '597', '598', '599', '551', '456', '556', '494', '431', '592', '439', '441', '477', '542', '511'], '7': ['406', '407', '408', '409', '410', '411', '412', '413', '414', '415', '417', '422'], '8': ['391'], '6': ['416', '418', '419', '420', '421', '423', '424', '425', '426'], '0': ['208', '209', '210', '211', '212', '213', '214', '215', '216', '217', '218', '219', '220', '221', '222', '223', '224', '225', '226', '227', '228', '229', '230', '231', '232', '233', '234', '235', '236', '237', '238', '239', '240', '241', '242', '243', '244', '245', '246', '247', '248', '249', '250', '251', '252', '253', '254', '255', '256', '257', '258', '259', '260', '261', '262', '263', '264', '265', '266', '267', '268', '269', '270', '271', '272', '273', '274', '275', '276', '277', '278', '279', '280', '281', '282', '283', '284', '285', '286', '287', '288', '289', '290', '291', '292', '293', '294', '295', '296', '297', '298', '299', '300', '301', '302', '303', '304', '305', '306', '307', '308', '309', '310', '311', '312', '313', '314', '315', '316', '317', '318', '319', '320', '321', '322', '323', '324', '325', '326', '327', '328', '329', '330', '331', '332', '333', '334', '335', '336', '337', '338', '339', '340', '341', '342', '343', '344', '345', '346', '347', '348', '349', '350', '351', '352', '353', '354', '355', '356', '357', '358', '359', '360', '361', '362', '363', '364', '365', '366', '367', '368', '369', '370', '371', '372', '373', '374', '375', '376', '377', '378', '379', '380', '381', '382', '383', '384', '385', '386', '387', '388', '389', '390', '392', '393', '394', '395', '396', '397', '398', '399', '400', '401', '402', '403', '404', '405']}})
 Cluster1  3
 Cluster to drop  1
 After reassigning and merging cells 
 Timepoint  2
 Cluster  5  # of cells  37
 Cluster  3  # of cells  3
 Cluster  4  # of cells  25
 Cluster  1  # of cells  32
 Cluster  7  # of cells  3
 Timepoint  3
 Cluster  3  # of cells  175
 Cluster  4  # of cells  106
 Cluster  7  # of cells  12
 Cluster  8  # of cells  1
 Cluster  6  # of cells  9
 Cluster  0  # of cells  197
 Tp cluster cell dict  {'5_2': 37, '3_2': 3, '4_2': 25, '1_2': 32, '7_2': 3, '3_3': 175, '4_3': 106, '7_3': 12, '8_3': 1, '6_3': 9, '0_3': 197}
 New Graph is here 
 ID  0  Timepoint  1  Mutations  []  Type  subclone
 ID  1  Timepoint  2  Mutations  [0, 1, 2, 3, 4, 5, 7, 8, 9, 10, 11, 12, 13]  Type  subclone
 ID  2  Timepoint  2  Mutations  []  Type  subclone
 ID  3  Timepoint  2  Mutations  [0, 1, 2, 3, 4, 5, 14, 15, 16, 17]  Type  subclone
 ID  4  Timepoint  2  Mutations  [6]  Type  subclone
 ID  5  Timepoint  2  Mutations  [6, 18, 19, 20, 21, 22, 23, 24, 25, 26, 27, 28, 29, 30, 31, 32]  Type  subclone
 ID  6  Timepoint  3  Mutations  [6]  Type  subclone
 ID  7  Timepoint  3  Mutations  [0, 1, 2, 3, 4, 5, 14, 15, 16, 17]  Type  subclone
 ID  8  Timepoint  3  Mutations  [6, 18, 19, 20, 21, 22, 23, 24, 25, 26, 27, 28, 29, 30, 31, 32]  Type  subclone
 ID  9  Timepoint  3  Mutations  [1, 2, 3, 9, 10, 15, 17, 26, 30, 34, 35, 36, 37, 39, 40, 43, 45, 46, 47, 51]  Type  subclone
 ID  10  Timepoint  3  Mutations  [6, 19, 20, 21, 22, 23, 24, 25, 26, 27, 28, 29, 31, 32, 48, 49, 50, 51, 52, 53, 54]  Type  subclone
 ID  11  Timepoint  3  Mutations  [0, 1, 2, 3, 4, 5, 14, 15, 16, 17, 33, 34, 35, 36, 37, 38, 39, 40, 41, 42, 43, 44, 45, 46, 47]  Type  subclone
Timepoints  SortedDict({1: [0], 2: [1, 2, 3, 4, 5], 3: [6, 7, 8, 9, 10, 11]})
 Clone to nodes  {'5_2': 1, '3_2': 2, '4_2': 3, '1_2': 4, '7_2': 5, '3_3': 6, '4_3': 7, '7_3': 8, '8_3': 9, '6_3': 10, '0_3': 11}
 Timepoint ====  1
 Hash table  {'0,1': [0, 1, 2, 3, 4, 5], '0': [7, 8, 9, 10, 11, 12, 13], '1': [14, 15, 16, 17], '2,3': [6], '3': [18, 19, 20, 21, 22, 23, 24, 25, 26, 27, 28, 29, 30, 31, 32]}
 Final possible usc  [[0, 1, 2, 3, 4, 5], [7, 8, 9, 10, 11, 12, 13], [14, 15, 16, 17], [6], [18, 19, 20, 21, 22, 23, 24, 25, 26, 27, 28, 29, 30, 31, 32]]
 Time  1  USC keys  {'6_0', '7,8,9,10,11,12,13_0', '0,1,2,3,4,5_0', '18,19,20,21,22,23,24,25,26,27,28,29,30,31,32_0', '14,15,16,17_0'}
 USC children  {'0,1,2,3,4,5_0': [1, 3], '7,8,9,10,11,12,13_0': [1], '14,15,16,17_0': [3], '6_0': [4, 5], '18,19,20,21,22,23,24,25,26,27,28,29,30,31,32_0': [5]}
 USC children  {'0,1,2,3,4,5_0': [1, 3], '7,8,9,10,11,12,13_0': [1], '14,15,16,17_0': [3], '6_0': [4, 5], '18,19,20,21,22,23,24,25,26,27,28,29,30,31,32_0': [5]}
 Timepoint ====  2
 Hash table  {'0,2': [1, 2, 3, 15, 17, 34, 35, 36, 37, 39, 40, 43, 45, 46, 47], '0': [9, 10, 30], '0,1': [26, 51], '1': [6, 19, 20, 21, 22, 23, 24, 25, 27, 28, 29, 31, 32, 48, 49, 50, 52, 53, 54], '2': [0, 4, 5, 14, 16, 33, 38, 41, 42, 44]}
====== Inside find superset of t nodes ==========
 Final possible usc  [[1, 2, 3, 15, 17, 34, 35, 36, 37, 39, 40, 43, 45, 46, 47], [9, 10, 30], [26, 51], [6, 19, 20, 21, 22, 23, 24, 25, 27, 28, 29, 31, 32, 48, 49, 50, 52, 53, 54], [0, 4, 5, 14, 16, 33, 38, 41, 42, 44]]
 Time  2  USC keys  {'9,10,30_2', '6,19,20,21,22,23,24,25,27,28,29,31,32,48,49,50,52,53,54_4', '26,51_2', '6,19,20,21,22,23,24,25,27,28,29,31,32,48,49,50,52,53,54_2', '0,4,5,14,16,33,38,41,42,44_2', '1,2,3,15,17,34,35,36,37,39,40,43,45,46,47_2'}
 USC children  {'0,1,2,3,4,5_0': [1, 3], '7,8,9,10,11,12,13_0': [1], '14,15,16,17_0': [3], '6_0': [4, 5], '18,19,20,21,22,23,24,25,26,27,28,29,30,31,32_0': [5], '1,2,3,15,17,34,35,36,37,39,40,43,45,46,47_2': [9, 11], '9,10,30_2': [9], '26,51_2': [9, 10], '6,19,20,21,22,23,24,25,27,28,29,31,32,48,49,50,52,53,54_4': [10], '6,19,20,21,22,23,24,25,27,28,29,31,32,48,49,50,52,53,54_2': [10], '0,4,5,14,16,33,38,41,42,44_2': [11]}
 USC children  {'0,1,2,3,4,5_0': [1, 3], '7,8,9,10,11,12,13_0': [1], '14,15,16,17_0': [3], '6_0': [4, 5], '18,19,20,21,22,23,24,25,26,27,28,29,30,31,32_0': [5], '1,2,3,15,17,34,35,36,37,39,40,43,45,46,47_2': [9, 11], '9,10,30_2': [9], '26,51_2': [9, 10], '6,19,20,21,22,23,24,25,27,28,29,31,32,48,49,50,52,53,54_4': [10], '6,19,20,21,22,23,24,25,27,28,29,31,32,48,49,50,52,53,54_2': [10], '0,4,5,14,16,33,38,41,42,44_2': [11]}
 Node s  {'1,3': ['0', '1', '2', '3', '4', '5'], '4,5': ['6'], '9,11': ['1', '2', '3', '15', '17', '34', '35', '36', '37', '39', '40', '43', '45', '46', '47'], '9,10': ['26', '51']}
 Enroll USC nodes  ['1', '3']  len  2
 Enroll USC nodes  ['4', '5']  len  2
 Enroll USC nodes  ['9', '11']  len  2
 Enroll USC nodes  ['9', '10']  len  2
 Node TP  SortedDict({1: [0], 2: [1, 2, 3, 4, 5], 3: [6, 7, 8, 9, 10, 11]})
 Unobserved subclones at timepoints  {1.5: [12, 13], 2.5: [14, 15]}
 ============== Inside finding node v ============ 
 Time  2
 Time  3
 Sorted all timepoints  [1, 1.5, 2, 2.5, 3]
 Timepoint  2
 Inside usc_node check  2
 Timepoint  3
 Inside usc_node check  3
0   1   [-1]   subclone   []   []
1   2   [12]   subclone   [0, 1, 2, 3, 4, 5, 7, 8, 9, 10, 11, 12, 13]   [7]
2   2   [0]   subclone   []   [0]
3   2   [12]   subclone   [0, 1, 2, 3, 4, 5, 14, 15, 16, 17]   [4]
4   2   [13]   subclone   [6]   [0]
5   2   [13]   subclone   [6, 18, 19, 20, 21, 22, 23, 24, 25, 26, 27, 28, 29, 30, 31, 32]   [15]
6   3   [4]   subclone   [6]   [0]
7   3   [3]   subclone   [0, 1, 2, 3, 4, 5, 14, 15, 16, 17]   [0]
8   3   [5]   subclone   [6, 18, 19, 20, 21, 22, 23, 24, 25, 26, 27, 28, 29, 30, 31, 32]   [0]
9   3   [14]   subclone   [1, 2, 3, 9, 10, 15, 17, 26, 30, 34, 35, 36, 37, 39, 40, 43, 45, 46, 47, 51]   [5, 18]
10   3   [15]   subclone   [6, 19, 20, 21, 22, 23, 24, 25, 26, 27, 28, 29, 31, 32, 48, 49, 50, 51, 52, 53, 54]   [19]
11   3   [14]   subclone   [0, 1, 2, 3, 4, 5, 14, 15, 16, 17, 33, 34, 35, 36, 37, 38, 39, 40, 41, 42, 43, 44, 45, 46, 47]   [10]
12   1.5   [0]   unobserved subclone   [0, 1, 2, 3, 4, 5]   [6]
13   1.5   [0]   unobserved subclone   [6]   [1]
14   2.5   [2]   unobserved subclone   [1, 2, 3, 15, 17, 34, 35, 36, 37, 39, 40, 43, 45, 46, 47]   [15]
15   2.5   [2]   unobserved subclone   [26, 51]   [2]
6
 Total estimated FP  215  True negatives  20273
 Total estimated FN  1166  True positives  4746
 Estimated FP rate  0.04334
 Estimated FN rate  0.05
 No. of Cells in each cluster  {'2_2': 37, '1_2': 34, '1_3': 173, '4_2': 26, '4_3': 108, '3_2': 3, '3_3': 12, '0_3': 198, '5_3': 9}
 Cells in each cluster  {'2_2': [0, 1, 2, 3, 4, 5, 6, 7, 8, 9, 10, 11, 12, 13, 14, 15, 16, 17, 18, 19, 20, 21, 22, 23, 24, 25, 26, 27, 28, 29, 30, 31, 32, 33, 34, 35, 36], '1_2': [37, 64, 65, 66, 67, 68, 69, 70, 71, 72, 73, 74, 75, 76, 77, 78, 79, 80, 81, 82, 83, 84, 85, 86, 87, 88, 89, 90, 91, 92, 93, 94, 95, 96], '1_3': [427, 428, 429, 430, 431, 432, 433, 434, 435, 436, 437, 438, 439, 440, 441, 442, 443, 444, 445, 446, 447, 448, 449, 450, 451, 452, 453, 454, 455, 456, 457, 458, 459, 460, 461, 462, 463, 464, 465, 466, 467, 468, 469, 470, 471, 472, 473, 474, 475, 476, 477, 478, 479, 480, 481, 482, 483, 484, 485, 486, 487, 488, 489, 490, 491, 492, 493, 494, 495, 496, 497, 498, 499, 500, 501, 502, 503, 504, 505, 506, 507, 508, 509, 510, 511, 512, 513, 514, 515, 516, 517, 518, 519, 520, 521, 522, 523, 524, 525, 526, 527, 528, 529, 530, 531, 532, 533, 534, 535, 536, 537, 538, 539, 540, 541, 542, 543, 544, 545, 546, 547, 548, 549, 550, 551, 552, 553, 554, 555, 556, 557, 558, 559, 560, 561, 562, 563, 564, 565, 566, 567, 568, 569, 570, 571, 572, 573, 574, 575, 576, 577, 578, 579, 580, 581, 582, 583, 584, 585, 586, 587, 588, 589, 590, 591, 592, 593, 594, 595, 596, 597, 598, 599], '4_2': [38, 39, 40, 41, 42, 43, 44, 45, 46, 47, 48, 49, 50, 51, 52, 53, 54, 55, 56, 57, 58, 59, 60, 61, 62, 63], '4_3': [100, 101, 102, 103, 104, 105, 106, 107, 108, 109, 110, 111, 112, 113, 114, 115, 116, 117, 118, 119, 120, 121, 122, 123, 124, 125, 126, 127, 128, 129, 130, 131, 132, 133, 134, 135, 136, 137, 138, 139, 140, 141, 142, 143, 144, 145, 146, 147, 148, 149, 150, 151, 152, 153, 154, 155, 156, 157, 158, 159, 160, 161, 162, 163, 164, 165, 166, 167, 168, 169, 170, 171, 172, 173, 174, 175, 176, 177, 178, 179, 180, 181, 182, 183, 184, 185, 186, 187, 188, 189, 190, 191, 192, 193, 194, 195, 196, 197, 198, 199, 200, 201, 202, 203, 204, 205, 206, 207], '3_2': [97, 98, 99], '3_3': [406, 407, 408, 409, 410, 411, 412, 413, 414, 415, 417, 422], '0_3': [208, 209, 210, 211, 212, 213, 214, 215, 216, 217, 218, 219, 220, 221, 222, 223, 224, 225, 226, 227, 228, 229, 230, 231, 232, 233, 234, 235, 236, 237, 238, 239, 240, 241, 242, 243, 244, 245, 246, 247, 248, 249, 250, 251, 252, 253, 254, 255, 256, 257, 258, 259, 260, 261, 262, 263, 264, 265, 266, 267, 268, 269, 270, 271, 272, 273, 274, 275, 276, 277, 278, 279, 280, 281, 282, 283, 284, 285, 286, 287, 288, 289, 290, 291, 292, 293, 294, 295, 296, 297, 298, 299, 300, 301, 302, 303, 304, 305, 306, 307, 308, 309, 310, 311, 312, 313, 314, 315, 316, 317, 318, 319, 320, 321, 322, 323, 324, 325, 326, 327, 328, 329, 330, 331, 332, 333, 334, 335, 336, 337, 338, 339, 340, 341, 342, 343, 344, 345, 346, 347, 348, 349, 350, 351, 352, 353, 354, 355, 356, 357, 358, 359, 360, 361, 362, 363, 364, 365, 366, 367, 368, 369, 370, 371, 372, 373, 374, 375, 376, 377, 378, 379, 380, 381, 382, 383, 384, 385, 386, 387, 388, 389, 390, 391, 392, 393, 394, 395, 396, 397, 398, 399, 400, 401, 402, 403, 404, 405], '5_3': [416, 418, 419, 420, 421, 423, 424, 425, 426]}
FP rate  0.04334 FN rate  0.05
 Before reassigning cells 
 Timepoint  2
 Cluster  2  # of cells  37
 Cluster  1  # of cells  35
 Cluster  4  # of cells  25
 Cluster  3  # of cells  3
 Timepoint  3
 Cluster  1  # of cells  175
 Cluster  4  # of cells  106
 Cluster  3  # of cells  12
 Cluster  0  # of cells  198
 Cluster  5  # of cells  9
 Cells absent at timepoint  2   set()
 Cells absent at timepoint  3   set()
 Timepoint  2
 Timepoint  3
 After reassigning and merging cells 
 Timepoint  2
 Cluster  2  # of cells  37
 Cluster  1  # of cells  35
 Cluster  4  # of cells  25
 Cluster  3  # of cells  3
 Timepoint  3
 Cluster  1  # of cells  175
 Cluster  4  # of cells  106
 Cluster  3  # of cells  12
 Cluster  0  # of cells  198
 Cluster  5  # of cells  9
 Tp cluster cell dict  {'2_2': 37, '1_2': 35, '4_2': 25, '3_2': 3, '1_3': 175, '4_3': 106, '3_3': 12, '0_3': 198, '5_3': 9}
 New Graph is here 
 ID  0  Timepoint  1  Mutations  []  Type  subclone
 ID  1  Timepoint  2  Mutations  [0, 1, 2, 3, 4, 5, 7, 8, 9, 10, 11, 12, 13]  Type  subclone
 ID  2  Timepoint  2  Mutations  [6]  Type  subclone
 ID  3  Timepoint  2  Mutations  [0, 1, 2, 3, 4, 5, 14, 15, 16, 17]  Type  subclone
 ID  4  Timepoint  2  Mutations  [6, 18, 19, 20, 21, 22, 23, 24, 25, 26, 27, 28, 29, 30, 31, 32]  Type  subclone
 ID  5  Timepoint  3  Mutations  [6]  Type  subclone
 ID  6  Timepoint  3  Mutations  [0, 1, 2, 3, 4, 5, 14, 15, 16, 17]  Type  subclone
 ID  7  Timepoint  3  Mutations  [6, 18, 19, 20, 21, 22, 23, 24, 25, 26, 27, 28, 29, 30, 31, 32]  Type  subclone
 ID  8  Timepoint  3  Mutations  [0, 1, 2, 3, 4, 5, 14, 15, 16, 17, 33, 34, 35, 36, 37, 38, 39, 40, 41, 42, 43, 44, 45, 46, 47]  Type  subclone
 ID  9  Timepoint  3  Mutations  [6, 19, 20, 21, 22, 23, 24, 25, 26, 27, 28, 29, 31, 32, 48, 49, 50, 51, 52, 53, 54]  Type  subclone
Timepoints  SortedDict({1: [0], 2: [1, 2, 3, 4], 3: [5, 6, 7, 8, 9]})
 Clone to nodes  {'2_2': 1, '1_2': 2, '4_2': 3, '3_2': 4, '1_3': 5, '4_3': 6, '3_3': 7, '0_3': 8, '5_3': 9}
 Timepoint ====  1
 Hash table  {'0,2': [0, 1, 2, 3, 4, 5], '0': [7, 8, 9, 10, 11, 12, 13], '1,3': [6], '2': [14, 15, 16, 17], '3': [18, 19, 20, 21, 22, 23, 24, 25, 26, 27, 28, 29, 30, 31, 32]}
 Final possible usc  [[0, 1, 2, 3, 4, 5], [7, 8, 9, 10, 11, 12, 13], [6], [14, 15, 16, 17], [18, 19, 20, 21, 22, 23, 24, 25, 26, 27, 28, 29, 30, 31, 32]]
 Time  1  USC keys  {'0,1,2,3,4,5_0', '6_0', '18,19,20,21,22,23,24,25,26,27,28,29,30,31,32_0', '14,15,16,17_0', '7,8,9,10,11,12,13_0'}
 USC children  {'0,1,2,3,4,5_0': [1, 3], '7,8,9,10,11,12,13_0': [1], '6_0': [2, 4], '14,15,16,17_0': [3], '18,19,20,21,22,23,24,25,26,27,28,29,30,31,32_0': [4]}
 USC children  {'0,1,2,3,4,5_0': [1, 3], '7,8,9,10,11,12,13_0': [1], '6_0': [2, 4], '14,15,16,17_0': [3], '18,19,20,21,22,23,24,25,26,27,28,29,30,31,32_0': [4]}
 Timepoint ====  2
 Hash table  {'0': [0, 1, 2, 3, 4, 5, 14, 15, 16, 17, 33, 34, 35, 36, 37, 38, 39, 40, 41, 42, 43, 44, 45, 46, 47], '1': [6, 19, 20, 21, 22, 23, 24, 25, 26, 27, 28, 29, 31, 32, 48, 49, 50, 51, 52, 53, 54]}
====== Inside find superset of t nodes ==========
 Final possible usc  [[6, 19, 20, 21, 22, 23, 24, 25, 26, 27, 28, 29, 31, 32, 48, 49, 50, 51, 52, 53, 54], [0, 1, 2, 3, 4, 5, 14, 15, 16, 17, 33, 34, 35, 36, 37, 38, 39, 40, 41, 42, 43, 44, 45, 46, 47]]
 Time  2  USC keys  {'6,19,20,21,22,23,24,25,26,27,28,29,31,32,48,49,50,51,52,53,54_2', '0,1,2,3,4,5,14,15,16,17,33,34,35,36,37,38,39,40,41,42,43,44,45,46,47_3'}
 USC children  {'0,1,2,3,4,5_0': [1, 3], '7,8,9,10,11,12,13_0': [1], '6_0': [2, 4], '14,15,16,17_0': [3], '18,19,20,21,22,23,24,25,26,27,28,29,30,31,32_0': [4], '0,1,2,3,4,5,14,15,16,17,33,34,35,36,37,38,39,40,41,42,43,44,45,46,47_3': [8], '6,19,20,21,22,23,24,25,26,27,28,29,31,32,48,49,50,51,52,53,54_2': [9]}
 USC children  {'0,1,2,3,4,5_0': [1, 3], '7,8,9,10,11,12,13_0': [1], '6_0': [2, 4], '14,15,16,17_0': [3], '18,19,20,21,22,23,24,25,26,27,28,29,30,31,32_0': [4], '0,1,2,3,4,5,14,15,16,17,33,34,35,36,37,38,39,40,41,42,43,44,45,46,47_3': [8], '6,19,20,21,22,23,24,25,26,27,28,29,31,32,48,49,50,51,52,53,54_2': [9]}
 Node s  {'1,3': ['0', '1', '2', '3', '4', '5'], '2,4': ['6'], '8': ['0', '1', '2', '3', '4', '5', '14', '15', '16', '17', '33', '34', '35', '36', '37', '38', '39', '40', '41', '42', '43', '44', '45', '46', '47'], '9': ['6', '19', '20', '21', '22', '23', '24', '25', '26', '27', '28', '29', '31', '32', '48', '49', '50', '51', '52', '53', '54']}
 Enroll USC nodes  ['1', '3']  len  2
 Enroll USC nodes  ['2', '4']  len  2
 Enroll USC nodes  ['8']  len  1
 Enroll USC nodes  ['9']  len  1
 Node TP  SortedDict({1: [0], 2: [1, 2, 3, 4], 3: [5, 6, 7, 8, 9]})
 Unobserved subclones at timepoints  {1.5: [10, 11]}
 ============== Inside finding node v ============ 
 Time  2
 Time  3
 largest_v_mut  [[0, 1, 2, 3, 4, 5, 14, 15, 16, 17]]
 largest_v_mut  [[6]]
 Sorted all timepoints  [1, 1.5, 2, 3]
 Timepoint  2
 Inside usc_node check  2
 Timepoint  3
0   1   [-1]   subclone   []   []
1   2   [10]   subclone   [0, 1, 2, 3, 4, 5, 7, 8, 9, 10, 11, 12, 13]   [7]
2   2   [11]   subclone   [6]   [0]
3   2   [10]   subclone   [0, 1, 2, 3, 4, 5, 14, 15, 16, 17]   [4]
4   2   [11]   subclone   [6, 18, 19, 20, 21, 22, 23, 24, 25, 26, 27, 28, 29, 30, 31, 32]   [15]
5   3   [2]   subclone   [6]   [0]
6   3   [3]   subclone   [0, 1, 2, 3, 4, 5, 14, 15, 16, 17]   [0]
7   3   [4]   subclone   [6, 18, 19, 20, 21, 22, 23, 24, 25, 26, 27, 28, 29, 30, 31, 32]   [0]
8   3   [3]   subclone   [0, 1, 2, 3, 4, 5, 14, 15, 16, 17, 33, 34, 35, 36, 37, 38, 39, 40, 41, 42, 43, 44, 45, 46, 47]   [15]
9   3   [2]   subclone   [6, 19, 20, 21, 22, 23, 24, 25, 26, 27, 28, 29, 31, 32, 48, 49, 50, 51, 52, 53, 54]   [20]
10   1.5   [0]   unobserved subclone   [0, 1, 2, 3, 4, 5]   [6]
11   1.5   [0]   unobserved subclone   [6]   [1]
 List of tree files  ['all_trees/u3_rep3_m1_tree.csv', 'all_trees/u3_rep3_m2_tree.csv', 'all_trees/u3_rep3_m3_tree.csv', 'all_trees/u3_rep3_m4_tree.csv', 'all_trees/u3_rep3_m5_tree.csv']
{'1': ['0', '1', '2', '3', '4', '5', '7', '8', '9', '10', '11', '12', '13'], '2': ['0', '1', '2', '3', '4', '5', '7', '9', '13', '14', '15', '16', '17'], '3': ['0', '1', '2', '3', '4', '5', '14', '15', '16', '17'], '4': ['6'], '5': ['6', '18', '19', '20', '21', '22', '23', '24', '25', '26', '27', '28', '29', '30', '31', '32'], '6': ['2', '7', '9', '13'], '7': ['0', '1', '2', '3', '4', '5', '14', '15', '16', '17'], '8': ['6'], '9': ['6', '18', '19', '20', '21', '22', '23', '24', '25', '26', '27', '28', '29', '30', '31', '32'], '10': ['0', '1', '2', '3', '4', '5', '14', '15', '16', '17', '33', '34', '35', '36', '37', '38', '39', '40', '41', '42', '43', '44', '45', '46', '47'], '11': ['1', '2', '3', '10', '15', '17', '26', '34', '35', '36', '37', '39', '40', '43', '45', '46', '47'], '12': ['6', '19', '20', '21', '22', '23', '24', '25', '26', '27', '28', '29', '31', '32', '48', '49', '50', '51', '52', '53', '54'], '13': ['0', '1', '2', '3', '4', '5'], '14': ['6']}
 Actual mutation of  1   ['13', '10', '7', '8', '12', '9', '11']
 Actual mutation of  2   ['14', '13', '7', '15', '9', '16', '17']
 Actual mutation of  3   ['16', '17', '14', '15']
 Actual mutation of  4   []
 Actual mutation of  5   ['30', '22', '27', '19', '29', '26', '18', '24', '23', '31', '25', '28', '20', '32', '21']
 Actual mutation of  6   ['9', '2', '7', '13']
 Actual mutation of  7   []
 Actual mutation of  8   []
 Actual mutation of  9   []
 Actual mutation of  10   ['37', '34', '40', '38', '47', '36', '41', '46', '43', '33', '45', '35', '39', '44', '42']
 Actual mutation of  11   ['34', '40', '47', '26', '35', '39', '17', '37', '3', '2', '36', '46', '10', '15', '43', '45', '1']
 Actual mutation of  12   ['51', '48', '22', '27', '19', '29', '26', '52', '24', '23', '50', '31', '25', '49', '28', '54', '20', '53', '32', '21']
 Updated node mutation  {'1': ['13', '10', '7', '8', '12', '9', '11'], '2': ['14', '13', '7', '15', '9', '16', '17'], '3': ['16', '17', '14', '15'], '4': [], '5': ['30', '22', '27', '19', '29', '26', '18', '24', '23', '31', '25', '28', '20', '32', '21'], '6': ['9', '2', '7', '13'], '7': [], '8': [], '9': [], '10': ['37', '34', '40', '38', '47', '36', '41', '46', '43', '33', '45', '35', '39', '44', '42'], '11': ['34', '40', '47', '26', '35', '39', '17', '37', '3', '2', '36', '46', '10', '15', '43', '45', '1'], '12': ['51', '48', '22', '27', '19', '29', '26', '52', '24', '23', '50', '31', '25', '49', '28', '54', '20', '53', '32', '21'], '13': ['0', '1', '2', '3', '4', '5'], '14': ['6']}
{'1': ['0', '1', '2', '3', '4', '5', '7', '8', '9', '10', '11', '12', '13'], '2': ['0', '1', '2', '3', '4', '5', '14', '15', '16', '17'], '3': ['6'], '4': ['6', '18', '19', '20', '21', '22', '23', '24', '25', '26', '27', '28', '29', '30', '31', '32'], '5': ['0', '1', '2', '3', '4', '5', '14', '15', '16', '17'], '6': ['6'], '7': ['6', '18', '19', '20', '21', '22', '23', '24', '25', '26', '27', '28', '29', '30', '31', '32'], '8': ['0', '1', '2', '3', '4', '5', '14', '15', '16', '17', '33', '34', '35', '36', '37', '38', '39', '40', '41', '42', '43', '44', '45', '46', '47'], '9': ['6', '19', '20', '21', '22', '23', '24', '25', '26', '27', '28', '29', '31', '32', '48', '49', '50', '51', '52', '53', '54'], '10': ['0', '1', '2', '3', '4', '5'], '11': ['6']}
 Actual mutation of  1   ['13', '10', '7', '8', '12', '9', '11']
 Actual mutation of  2   ['16', '17', '14', '15']
 Actual mutation of  3   []
 Actual mutation of  4   ['30', '22', '27', '19', '29', '26', '18', '24', '23', '31', '25', '28', '20', '32', '21']
 Actual mutation of  5   []
 Actual mutation of  6   []
 Actual mutation of  7   []
 Actual mutation of  8   ['37', '34', '40', '38', '47', '36', '41', '46', '43', '33', '45', '35', '39', '44', '42']
 Actual mutation of  9   ['51', '48', '22', '27', '19', '29', '26', '52', '24', '23', '50', '31', '25', '49', '28', '54', '20', '53', '32', '21']
 Updated node mutation  {'1': ['13', '10', '7', '8', '12', '9', '11'], '2': ['16', '17', '14', '15'], '3': [], '4': ['30', '22', '27', '19', '29', '26', '18', '24', '23', '31', '25', '28', '20', '32', '21'], '5': [], '6': [], '7': [], '8': ['37', '34', '40', '38', '47', '36', '41', '46', '43', '33', '45', '35', '39', '44', '42'], '9': ['51', '48', '22', '27', '19', '29', '26', '52', '24', '23', '50', '31', '25', '49', '28', '54', '20', '53', '32', '21'], '10': ['0', '1', '2', '3', '4', '5'], '11': ['6']}
{'1': ['0', '1', '2', '3', '4', '5', '7', '8', '9', '10', '11', '12', '13'], '2': ['6', '7', '9'], '3': ['0', '1', '2', '3', '4', '5', '14', '15', '16', '17'], '4': ['6'], '5': ['6', '18', '19', '20', '21', '22', '23', '24', '25', '26', '27', '28', '29', '30', '31', '32'], '6': ['6'], '7': ['0', '1', '2', '3', '4', '5', '14', '15', '16', '17'], '8': ['6', '18', '19', '20', '21', '22', '23', '24', '25', '26', '27', '28', '29', '30', '31', '32'], '9': ['2', '3', '10', '15', '17', '26', '34', '35', '36', '37', '39', '40', '43', '45', '46', '47', '48'], '10': ['6', '19', '20', '21', '22', '23', '24', '25', '26', '27', '28', '29', '31', '32', '48', '49', '50', '51', '52', '53', '54'], '11': ['0', '1', '2', '3', '4', '5', '14', '15', '16', '17', '33', '34', '35', '36', '37', '38', '39', '40', '41', '42', '43', '44', '45', '46', '47'], '12': ['0', '1', '2', '3', '4', '5'], '13': ['7', '9'], '14': ['6']}
 Actual mutation of  1   ['13', '10', '7', '8', '12', '9', '11']
 Actual mutation of  2   ['6']
 Actual mutation of  3   ['16', '17', '14', '15']
 Actual mutation of  4   []
 Actual mutation of  5   ['30', '22', '27', '19', '29', '26', '18', '24', '23', '31', '25', '28', '20', '32', '21']
 Actual mutation of  6   []
 Actual mutation of  7   []
 Actual mutation of  8   []
 Actual mutation of  9   ['34', '40', '48', '47', '26', '35', '39', '17', '37', '3', '2', '36', '46', '10', '15', '43', '45']
 Actual mutation of  10   ['51', '48', '22', '27', '19', '29', '26', '52', '24', '23', '50', '31', '25', '49', '28', '54', '20', '53', '32', '21']
 Actual mutation of  11   ['37', '34', '40', '38', '47', '36', '41', '46', '43', '33', '45', '35', '39', '44', '42']
 Updated node mutation  {'1': ['13', '10', '7', '8', '12', '9', '11'], '2': ['6'], '3': ['16', '17', '14', '15'], '4': [], '5': ['30', '22', '27', '19', '29', '26', '18', '24', '23', '31', '25', '28', '20', '32', '21'], '6': [], '7': [], '8': [], '9': ['34', '40', '48', '47', '26', '35', '39', '17', '37', '3', '2', '36', '46', '10', '15', '43', '45'], '10': ['51', '48', '22', '27', '19', '29', '26', '52', '24', '23', '50', '31', '25', '49', '28', '54', '20', '53', '32', '21'], '11': ['37', '34', '40', '38', '47', '36', '41', '46', '43', '33', '45', '35', '39', '44', '42'], '12': ['0', '1', '2', '3', '4', '5'], '13': ['7', '9'], '14': ['6']}
{'1': ['0', '1', '2', '3', '4', '5', '7', '8', '9', '10', '11', '12', '13'], '2': [''], '3': ['0', '1', '2', '3', '4', '5', '14', '15', '16', '17'], '4': ['6'], '5': ['6', '18', '19', '20', '21', '22', '23', '24', '25', '26', '27', '28', '29', '30', '31', '32'], '6': ['6'], '7': ['0', '1', '2', '3', '4', '5', '14', '15', '16', '17'], '8': ['6', '18', '19', '20', '21', '22', '23', '24', '25', '26', '27', '28', '29', '30', '31', '32'], '9': ['1', '2', '3', '9', '10', '15', '17', '26', '30', '34', '35', '36', '37', '39', '40', '43', '45', '46', '47', '51'], '10': ['6', '19', '20', '21', '22', '23', '24', '25', '26', '27', '28', '29', '31', '32', '48', '49', '50', '51', '52', '53', '54'], '11': ['0', '1', '2', '3', '4', '5', '14', '15', '16', '17', '33', '34', '35', '36', '37', '38', '39', '40', '41', '42', '43', '44', '45', '46', '47'], '12': ['0', '1', '2', '3', '4', '5'], '13': ['6'], '14': ['1', '2', '3', '15', '17', '34', '35', '36', '37', '39', '40', '43', '45', '46', '47'], '15': ['26', '51']}
 Actual mutation of  1   ['13', '10', '7', '8', '12', '9', '11']
 Actual mutation of  3   ['16', '17', '14', '15']
 Actual mutation of  4   []
 Actual mutation of  5   ['30', '22', '27', '19', '29', '26', '18', '24', '23', '31', '25', '28', '20', '32', '21']
 Actual mutation of  6   []
 Actual mutation of  7   []
 Actual mutation of  8   []
 Actual mutation of  9   ['51', '30', '10', '26', '9']
 Actual mutation of  10   ['48', '22', '27', '19', '29', '52', '24', '23', '50', '31', '25', '49', '28', '54', '6', '20', '53', '32', '21']
 Actual mutation of  11   ['14', '38', '41', '4', '0', '33', '5', '16', '44', '42']
 Actual mutation of  14   ['37', '34', '3', '40', '47', '2', '36', '46', '15', '43', '45', '35', '1', '39', '17']
 Actual mutation of  15   ['26', '51']
 Updated node mutation  {'1': ['13', '10', '7', '8', '12', '9', '11'], '2': [''], '3': ['16', '17', '14', '15'], '4': [], '5': ['30', '22', '27', '19', '29', '26', '18', '24', '23', '31', '25', '28', '20', '32', '21'], '6': [], '7': [], '8': [], '9': ['51', '30', '10', '26', '9'], '10': ['48', '22', '27', '19', '29', '52', '24', '23', '50', '31', '25', '49', '28', '54', '6', '20', '53', '32', '21'], '11': ['14', '38', '41', '4', '0', '33', '5', '16', '44', '42'], '12': ['0', '1', '2', '3', '4', '5'], '13': ['6'], '14': ['37', '34', '3', '40', '47', '2', '36', '46', '15', '43', '45', '35', '1', '39', '17'], '15': ['26', '51']}
{'1': ['0', '1', '2', '3', '4', '5', '7', '8', '9', '10', '11', '12', '13'], '2': ['6'], '3': ['0', '1', '2', '3', '4', '5', '14', '15', '16', '17'], '4': ['6', '18', '19', '20', '21', '22', '23', '24', '25', '26', '27', '28', '29', '30', '31', '32'], '5': ['6'], '6': ['0', '1', '2', '3', '4', '5', '14', '15', '16', '17'], '7': ['6', '18', '19', '20', '21', '22', '23', '24', '25', '26', '27', '28', '29', '30', '31', '32'], '8': ['0', '1', '2', '3', '4', '5', '14', '15', '16', '17', '33', '34', '35', '36', '37', '38', '39', '40', '41', '42', '43', '44', '45', '46', '47'], '9': ['6', '19', '20', '21', '22', '23', '24', '25', '26', '27', '28', '29', '31', '32', '48', '49', '50', '51', '52', '53', '54'], '10': ['0', '1', '2', '3', '4', '5'], '11': ['6']}
 Actual mutation of  1   ['13', '10', '7', '8', '12', '9', '11']
 Actual mutation of  2   []
 Actual mutation of  3   ['16', '17', '14', '15']
 Actual mutation of  4   ['30', '22', '27', '19', '29', '26', '18', '24', '23', '31', '25', '28', '20', '32', '21']
 Actual mutation of  5   []
 Actual mutation of  6   []
 Actual mutation of  7   []
 Actual mutation of  8   ['37', '34', '40', '38', '47', '36', '41', '46', '43', '33', '45', '35', '39', '44', '42']
 Actual mutation of  9   ['51', '48', '22', '27', '19', '29', '26', '52', '24', '23', '50', '31', '25', '49', '28', '54', '20', '53', '32', '21']
 Updated node mutation  {'1': ['13', '10', '7', '8', '12', '9', '11'], '2': [], '3': ['16', '17', '14', '15'], '4': ['30', '22', '27', '19', '29', '26', '18', '24', '23', '31', '25', '28', '20', '32', '21'], '5': [], '6': [], '7': [], '8': ['37', '34', '40', '38', '47', '36', '41', '46', '43', '33', '45', '35', '39', '44', '42'], '9': ['51', '48', '22', '27', '19', '29', '26', '52', '24', '23', '50', '31', '25', '49', '28', '54', '20', '53', '32', '21'], '10': ['0', '1', '2', '3', '4', '5'], '11': ['6']}
 Parallel mutation count  {'m1': 34, 'm2': 13, 'm3': 32, 'm4': 28, 'm5': 13}
 Clusters with least parallel mutations  ['m2', 'm5']
 Cluster nos for each run  {'m2': 6, 'm5': 6}
 Run  m2
 Base path  ['u3', 'rep3', 'm1', 'tree.csv']
 Best tree path  u3_rep3_m2_tree.csv
