6
 Total estimated FP  322  True negatives  22418
 Total estimated FN  1202  True positives  4858
 Estimated FP rate  0.06216
 Estimated FN rate  0.05
 No. of Cells in each cluster  {'5_2': 6, '5_3': 30, '1_2': 42, '1_3': 198, '0_2': 52, '0_3': 235, '4_3': 7, '3_3': 3, '2_3': 27}
 Cells in each cluster  {'5_2': [0, 1, 2, 3, 4, 5], '5_3': [204, 210, 230, 282, 309, 310, 311, 312, 313, 314, 315, 316, 317, 318, 319, 320, 321, 322, 323, 324, 325, 326, 327, 328, 329, 330, 331, 332, 333, 334], '1_2': [6, 7, 8, 9, 10, 11, 12, 13, 14, 15, 16, 17, 18, 19, 20, 21, 22, 23, 24, 25, 26, 27, 28, 29, 30, 31, 32, 33, 34, 35, 36, 37, 38, 39, 40, 41, 42, 43, 44, 45, 46, 47], '1_3': [100, 101, 102, 103, 104, 105, 106, 107, 108, 109, 110, 111, 112, 113, 114, 115, 116, 117, 118, 119, 120, 121, 122, 123, 124, 125, 126, 127, 128, 129, 130, 131, 132, 133, 134, 135, 136, 137, 138, 139, 140, 141, 142, 143, 144, 145, 146, 147, 148, 149, 150, 151, 152, 153, 154, 155, 156, 157, 158, 159, 160, 161, 162, 163, 164, 165, 166, 167, 168, 169, 170, 171, 172, 173, 174, 175, 176, 177, 178, 179, 180, 181, 182, 183, 184, 185, 186, 187, 188, 189, 190, 191, 192, 193, 194, 195, 196, 197, 198, 199, 200, 201, 202, 203, 205, 206, 207, 208, 209, 211, 212, 213, 214, 215, 216, 217, 218, 219, 220, 221, 222, 223, 224, 225, 226, 227, 228, 229, 231, 232, 233, 234, 235, 236, 237, 238, 239, 240, 241, 242, 243, 244, 245, 246, 247, 248, 249, 250, 251, 252, 253, 254, 255, 256, 257, 258, 259, 260, 261, 262, 263, 264, 265, 266, 267, 268, 269, 270, 271, 272, 273, 274, 275, 276, 277, 278, 279, 280, 281, 283, 284, 285, 286, 287, 288, 289, 290, 291, 292, 293, 294, 295, 296, 297, 298, 299, 300, 301], '0_2': [48, 49, 50, 51, 52, 53, 54, 55, 56, 57, 58, 59, 60, 61, 62, 63, 64, 65, 66, 67, 68, 69, 70, 71, 72, 73, 74, 75, 76, 77, 78, 79, 80, 81, 82, 83, 84, 85, 86, 87, 88, 89, 90, 91, 92, 93, 94, 95, 96, 97, 98, 99], '0_3': [338, 339, 340, 341, 342, 343, 344, 345, 346, 347, 348, 349, 350, 351, 352, 353, 354, 355, 356, 357, 358, 359, 360, 361, 362, 363, 364, 365, 366, 367, 368, 369, 370, 371, 372, 373, 374, 375, 376, 377, 378, 379, 380, 381, 382, 383, 384, 385, 386, 387, 388, 389, 390, 391, 392, 393, 394, 395, 396, 397, 398, 399, 400, 401, 402, 403, 404, 405, 406, 407, 408, 409, 410, 411, 412, 413, 414, 415, 416, 417, 418, 419, 420, 421, 422, 423, 424, 425, 426, 427, 428, 429, 430, 431, 432, 433, 434, 435, 436, 437, 438, 439, 440, 441, 442, 443, 444, 445, 446, 447, 448, 449, 450, 451, 452, 453, 454, 482, 483, 484, 485, 486, 487, 488, 489, 490, 491, 492, 493, 494, 495, 496, 497, 498, 499, 500, 501, 502, 503, 504, 505, 506, 507, 508, 509, 510, 511, 512, 513, 514, 515, 516, 517, 518, 519, 520, 521, 522, 523, 524, 525, 526, 527, 528, 529, 530, 531, 532, 533, 534, 535, 536, 537, 538, 539, 540, 541, 542, 543, 544, 545, 546, 547, 548, 549, 550, 551, 552, 553, 554, 555, 556, 557, 558, 559, 560, 561, 562, 563, 564, 565, 566, 567, 568, 569, 570, 571, 572, 573, 574, 575, 576, 577, 578, 579, 580, 581, 582, 583, 584, 585, 586, 587, 588, 589, 590, 591, 592, 593, 594, 595, 596, 597, 598, 599], '4_3': [302, 303, 304, 305, 306, 307, 308], '3_3': [335, 336, 337], '2_3': [455, 456, 457, 458, 459, 460, 461, 462, 463, 464, 465, 466, 467, 468, 469, 470, 471, 472, 473, 474, 475, 476, 477, 478, 479, 480, 481]}
FP rate  0.06216 FN rate  0.05
 Before reassigning cells 
 Timepoint  2
 Cluster  5  # of cells  8
 Cluster  1  # of cells  40
 Cluster  0  # of cells  52
 Timepoint  3
 Cluster  5  # of cells  68
 Cluster  1  # of cells  159
 Cluster  0  # of cells  237
 Cluster  4  # of cells  7
 Cluster  3  # of cells  3
 Cluster  2  # of cells  25
 Cells absent at timepoint  3   {232}
 Missing cell prob  {'0': 6.776647465739805e-22, '4': 1.98306981718784e-22, '5': 3.760477341584383e-07, '3': 6.976787571056307e-20, '2': 8.296667010704876e-31, '1': 3.760477341584383e-07}
 Cells absent at timepoint  2   set()
 Timepoint  2
 Timepoint  3
SortedDict({2: {'5': ['0', '1', '2', '3', '4', '5', '12', '27'], '1': ['6', '7', '8', '9', '10', '11', '13', '14', '15', '16', '17', '18', '19', '20', '21', '22', '23', '24', '25', '26', '28', '29', '30', '31', '32', '33', '34', '35', '36', '37', '38', '39', '40', '41', '42', '43', '44', '45', '46', '47'], '0': ['48', '49', '50', '51', '52', '53', '54', '55', '56', '57', '58', '59', '60', '61', '62', '63', '64', '65', '66', '67', '68', '69', '70', '71', '72', '73', '74', '75', '76', '77', '78', '79', '80', '81', '82', '83', '84', '85', '86', '87', '88', '89', '90', '91', '92', '93', '94', '95', '96', '97', '98', '99']}, 3: {'5': ['103', '104', '105', '107', '112', '113', '123', '131', '144', '145', '151', '157', '158', '160', '166', '173', '175', '176', '185', '192', '196', '204', '205', '206', '210', '224', '225', '227', '230', '231', '239', '249', '251', '253', '256', '261', '264', '269', '273', '282', '283', '293', '309', '310', '311', '312', '313', '314', '315', '316', '317', '318', '319', '320', '321', '322', '323', '324', '325', '326', '327', '328', '329', '330', '331', '332', '333', '334', '232'], '1': ['100', '101', '102', '106', '108', '109', '110', '111', '114', '115', '116', '117', '118', '119', '120', '121', '122', '124', '125', '126', '127', '128', '129', '130', '132', '133', '134', '135', '136', '137', '138', '139', '140', '141', '142', '143', '146', '147', '148', '149', '150', '152', '153', '154', '155', '156', '159', '161', '162', '163', '164', '165', '167', '168', '169', '170', '171', '172', '174', '177', '178', '179', '180', '181', '182', '183', '184', '186', '187', '188', '189', '190', '191', '193', '194', '195', '197', '198', '199', '200', '201', '202', '203', '207', '208', '209', '211', '212', '213', '214', '215', '216', '217', '218', '219', '220', '221', '222', '223', '226', '228', '229', '233', '234', '235', '236', '237', '238', '240', '241', '242', '243', '244', '245', '246', '247', '248', '250', '252', '254', '255', '257', '258', '259', '260', '262', '263', '265', '266', '267', '268', '270', '271', '272', '274', '275', '276', '277', '278', '279', '280', '281', '284', '285', '286', '287', '288', '289', '290', '291', '292', '294', '295', '296', '297', '298', '299', '300', '301'], '0': ['338', '339', '340', '341', '342', '343', '344', '345', '346', '347', '348', '349', '350', '351', '352', '353', '354', '355', '356', '357', '358', '359', '360', '361', '362', '363', '364', '365', '366', '367', '368', '369', '370', '371', '372', '373', '374', '375', '376', '377', '378', '379', '380', '381', '382', '383', '384', '385', '386', '387', '388', '389', '390', '391', '392', '393', '394', '395', '396', '397', '398', '399', '400', '401', '402', '403', '404', '405', '406', '407', '408', '409', '410', '411', '412', '413', '414', '415', '416', '417', '418', '419', '420', '421', '422', '423', '424', '425', '426', '427', '428', '429', '430', '431', '432', '433', '434', '435', '436', '437', '438', '439', '440', '441', '442', '443', '444', '445', '446', '447', '448', '449', '450', '451', '452', '453', '454', '456', '478', '482', '483', '484', '485', '486', '487', '488', '489', '490', '491', '492', '493', '494', '495', '496', '497', '498', '499', '500', '501', '502', '503', '504', '505', '506', '507', '508', '509', '510', '511', '512', '513', '514', '515', '516', '517', '518', '519', '520', '521', '522', '523', '524', '525', '526', '527', '528', '529', '530', '531', '532', '533', '534', '535', '536', '537', '538', '539', '540', '541', '542', '543', '544', '545', '546', '547', '548', '549', '550', '551', '552', '553', '554', '555', '556', '557', '558', '559', '560', '561', '562', '563', '564', '565', '566', '567', '568', '569', '570', '571', '572', '573', '574', '575', '576', '577', '578', '579', '580', '581', '582', '583', '584', '585', '586', '587', '588', '589', '590', '591', '592', '593', '594', '595', '596', '597', '598', '599'], '4': ['302', '303', '304', '305', '306', '307', '308'], '3': ['335', '336', '337'], '2': ['455', '457', '458', '459', '460', '461', '462', '463', '464', '465', '466', '467', '468', '469', '470', '471', '472', '473', '474', '475', '476', '477', '479', '480', '481']}})
 Cluster1  5
 Cluster to drop  1
 After reassigning and merging cells 
 Timepoint  2
 Cluster  5  # of cells  8
 Cluster  1  # of cells  40
 Cluster  0  # of cells  52
 Timepoint  3
 Cluster  5  # of cells  228
 Cluster  0  # of cells  237
 Cluster  4  # of cells  7
 Cluster  3  # of cells  3
 Cluster  2  # of cells  25
 Tp cluster cell dict  {'5_2': 8, '1_2': 40, '0_2': 52, '5_3': 228, '0_3': 237, '4_3': 7, '3_3': 3, '2_3': 25}
 New Graph is here 
 ID  0  Timepoint  1  Mutations  []  Type  subclone
 ID  1  Timepoint  2  Mutations  [0, 1, 2, 3, 4, 5, 6, 7, 8, 9, 10]  Type  subclone
 ID  2  Timepoint  2  Mutations  [0, 1, 2, 3, 4, 5, 6, 7, 8, 9, 10, 21, 22, 23, 24]  Type  subclone
 ID  3  Timepoint  2  Mutations  [11, 12, 13, 14, 15, 16, 17, 18, 19, 20]  Type  subclone
 ID  4  Timepoint  3  Mutations  [0, 1, 2, 3, 4, 5, 6, 7, 8, 9, 10, 21, 22, 23, 24]  Type  subclone
 ID  5  Timepoint  3  Mutations  [11, 12, 13, 14, 15, 16, 17, 18, 19, 20]  Type  subclone
 ID  6  Timepoint  3  Mutations  [0, 1, 2, 3, 4, 5, 6, 7, 8, 9, 10, 21, 22, 23, 24, 26, 27, 28, 29, 30, 31, 32, 33, 34, 35, 36, 37, 38, 39, 40]  Type  subclone
 ID  7  Timepoint  3  Mutations  [0, 1, 2, 3, 4, 5, 6, 7, 8, 9, 10, 41, 42, 43, 44, 45, 46, 47, 48, 49, 50, 52]  Type  subclone
 ID  8  Timepoint  3  Mutations  [11, 12, 13, 14, 15, 16, 17, 18, 19, 20, 25, 53, 54, 55, 56, 57, 58, 59]  Type  subclone
Timepoints  SortedDict({1: [0], 2: [1, 2, 3], 3: [4, 5, 6, 7, 8]})
 Clone to nodes  {'5_2': 1, '1_2': 2, '0_2': 3, '5_3': 4, '0_3': 5, '4_3': 6, '3_3': 7, '2_3': 8}
 Timepoint ====  1
 Hash table  {'0,1': [0, 1, 2, 3, 4, 5, 6, 7, 8, 9, 10], '1': [21, 22, 23, 24], '2': [11, 12, 13, 14, 15, 16, 17, 18, 19, 20]}
 Final possible usc  [[0, 1, 2, 3, 4, 5, 6, 7, 8, 9, 10], [21, 22, 23, 24], [11, 12, 13, 14, 15, 16, 17, 18, 19, 20]]
 Time  1  USC keys  {'11,12,13,14,15,16,17,18,19,20_0', '21,22,23,24_0', '0,1,2,3,4,5,6,7,8,9,10_0'}
 USC children  {'0,1,2,3,4,5,6,7,8,9,10_0': [1, 2], '21,22,23,24_0': [2], '11,12,13,14,15,16,17,18,19,20_0': [3]}
 USC children  {'0,1,2,3,4,5,6,7,8,9,10_0': [1, 2], '21,22,23,24_0': [2], '11,12,13,14,15,16,17,18,19,20_0': [3]}
 Timepoint ====  2
 Hash table  {'0,1': [0, 1, 2, 3, 4, 5, 6, 7, 8, 9, 10], '0': [21, 22, 23, 24, 26, 27, 28, 29, 30, 31, 32, 33, 34, 35, 36, 37, 38, 39, 40], '1': [41, 42, 43, 44, 45, 46, 47, 48, 49, 50, 52], '2': [11, 12, 13, 14, 15, 16, 17, 18, 19, 20, 25, 53, 54, 55, 56, 57, 58, 59]}
====== Inside find superset of t nodes ==========
 Final possible usc  [[11, 12, 13, 14, 15, 16, 17, 18, 19, 20, 25, 53, 54, 55, 56, 57, 58, 59]]
 Time  2  USC keys  {'11,12,13,14,15,16,17,18,19,20,25,53,54,55,56,57,58,59_3'}
 USC children  {'0,1,2,3,4,5,6,7,8,9,10_0': [1, 2], '21,22,23,24_0': [2], '11,12,13,14,15,16,17,18,19,20_0': [3], '11,12,13,14,15,16,17,18,19,20,25,53,54,55,56,57,58,59_3': [8]}
 USC children  {'0,1,2,3,4,5,6,7,8,9,10_0': [1, 2], '21,22,23,24_0': [2], '11,12,13,14,15,16,17,18,19,20_0': [3], '11,12,13,14,15,16,17,18,19,20,25,53,54,55,56,57,58,59_3': [8]}
 Node s  {'1,2': ['0', '1', '2', '3', '4', '5', '6', '7', '8', '9', '10'], '3': ['11', '12', '13', '14', '15', '16', '17', '18', '19', '20'], '8': ['11', '12', '13', '14', '15', '16', '17', '18', '19', '20', '25', '53', '54', '55', '56', '57', '58', '59']}
 Enroll USC nodes  ['1', '2']  len  2
 Enroll USC nodes  ['3']  len  1
 Enroll USC nodes  ['8']  len  1
 Node TP  SortedDict({1: [0], 2: [1, 2, 3], 3: [4, 5, 6, 7, 8]})
 Unobserved subclones at timepoints  {1.5: [9]}
 ============== Inside finding node v ============ 
 Time  2
 largest_v_mut  [[]]
 Time  3
 largest_v_mut  [[0, 1, 2, 3, 4, 5, 6, 7, 8, 9, 10, 21, 22, 23, 24]]
 largest_v_mut  [[0, 1, 2, 3, 4, 5, 6, 7, 8, 9, 10]]
 largest_v_mut  [[11, 12, 13, 14, 15, 16, 17, 18, 19, 20]]
 Sorted all timepoints  [1, 1.5, 2, 3]
 Timepoint  2
 Inside usc_node check  2
 Timepoint  3
0   1   [-1]   subclone   []   []
1   2   [9]   subclone   [0, 1, 2, 3, 4, 5, 6, 7, 8, 9, 10]   [0]
2   2   [9]   subclone   [0, 1, 2, 3, 4, 5, 6, 7, 8, 9, 10, 21, 22, 23, 24]   [4]
3   2   [0]   subclone   [11, 12, 13, 14, 15, 16, 17, 18, 19, 20]   [10]
4   3   [2]   subclone   [0, 1, 2, 3, 4, 5, 6, 7, 8, 9, 10, 21, 22, 23, 24]   [0]
5   3   [3]   subclone   [11, 12, 13, 14, 15, 16, 17, 18, 19, 20]   [0]
6   3   [2]   subclone   [0, 1, 2, 3, 4, 5, 6, 7, 8, 9, 10, 21, 22, 23, 24, 26, 27, 28, 29, 30, 31, 32, 33, 34, 35, 36, 37, 38, 39, 40]   [15]
7   3   [1]   subclone   [0, 1, 2, 3, 4, 5, 6, 7, 8, 9, 10, 41, 42, 43, 44, 45, 46, 47, 48, 49, 50, 52]   [11]
8   3   [3]   subclone   [11, 12, 13, 14, 15, 16, 17, 18, 19, 20, 25, 53, 54, 55, 56, 57, 58, 59]   [8]
9   1.5   [0]   unobserved subclone   [0, 1, 2, 3, 4, 5, 6, 7, 8, 9, 10]   [11]
6
 Total estimated FP  322  True negatives  22418
 Total estimated FN  1202  True positives  4858
 Estimated FP rate  0.06216
 Estimated FN rate  0.05
 No. of Cells in each cluster  {'5_2': 6, '5_3': 30, '1_2': 42, '1_3': 198, '0_2': 52, '0_3': 235, '4_3': 7, '3_3': 3, '2_3': 27}
 Cells in each cluster  {'5_2': [0, 1, 2, 3, 4, 5], '5_3': [204, 210, 230, 282, 309, 310, 311, 312, 313, 314, 315, 316, 317, 318, 319, 320, 321, 322, 323, 324, 325, 326, 327, 328, 329, 330, 331, 332, 333, 334], '1_2': [6, 7, 8, 9, 10, 11, 12, 13, 14, 15, 16, 17, 18, 19, 20, 21, 22, 23, 24, 25, 26, 27, 28, 29, 30, 31, 32, 33, 34, 35, 36, 37, 38, 39, 40, 41, 42, 43, 44, 45, 46, 47], '1_3': [100, 101, 102, 103, 104, 105, 106, 107, 108, 109, 110, 111, 112, 113, 114, 115, 116, 117, 118, 119, 120, 121, 122, 123, 124, 125, 126, 127, 128, 129, 130, 131, 132, 133, 134, 135, 136, 137, 138, 139, 140, 141, 142, 143, 144, 145, 146, 147, 148, 149, 150, 151, 152, 153, 154, 155, 156, 157, 158, 159, 160, 161, 162, 163, 164, 165, 166, 167, 168, 169, 170, 171, 172, 173, 174, 175, 176, 177, 178, 179, 180, 181, 182, 183, 184, 185, 186, 187, 188, 189, 190, 191, 192, 193, 194, 195, 196, 197, 198, 199, 200, 201, 202, 203, 205, 206, 207, 208, 209, 211, 212, 213, 214, 215, 216, 217, 218, 219, 220, 221, 222, 223, 224, 225, 226, 227, 228, 229, 231, 232, 233, 234, 235, 236, 237, 238, 239, 240, 241, 242, 243, 244, 245, 246, 247, 248, 249, 250, 251, 252, 253, 254, 255, 256, 257, 258, 259, 260, 261, 262, 263, 264, 265, 266, 267, 268, 269, 270, 271, 272, 273, 274, 275, 276, 277, 278, 279, 280, 281, 283, 284, 285, 286, 287, 288, 289, 290, 291, 292, 293, 294, 295, 296, 297, 298, 299, 300, 301], '0_2': [48, 49, 50, 51, 52, 53, 54, 55, 56, 57, 58, 59, 60, 61, 62, 63, 64, 65, 66, 67, 68, 69, 70, 71, 72, 73, 74, 75, 76, 77, 78, 79, 80, 81, 82, 83, 84, 85, 86, 87, 88, 89, 90, 91, 92, 93, 94, 95, 96, 97, 98, 99], '0_3': [338, 339, 340, 341, 342, 343, 344, 345, 346, 347, 348, 349, 350, 351, 352, 353, 354, 355, 356, 357, 358, 359, 360, 361, 362, 363, 364, 365, 366, 367, 368, 369, 370, 371, 372, 373, 374, 375, 376, 377, 378, 379, 380, 381, 382, 383, 384, 385, 386, 387, 388, 389, 390, 391, 392, 393, 394, 395, 396, 397, 398, 399, 400, 401, 402, 403, 404, 405, 406, 407, 408, 409, 410, 411, 412, 413, 414, 415, 416, 417, 418, 419, 420, 421, 422, 423, 424, 425, 426, 427, 428, 429, 430, 431, 432, 433, 434, 435, 436, 437, 438, 439, 440, 441, 442, 443, 444, 445, 446, 447, 448, 449, 450, 451, 452, 453, 454, 482, 483, 484, 485, 486, 487, 488, 489, 490, 491, 492, 493, 494, 495, 496, 497, 498, 499, 500, 501, 502, 503, 504, 505, 506, 507, 508, 509, 510, 511, 512, 513, 514, 515, 516, 517, 518, 519, 520, 521, 522, 523, 524, 525, 526, 527, 528, 529, 530, 531, 532, 533, 534, 535, 536, 537, 538, 539, 540, 541, 542, 543, 544, 545, 546, 547, 548, 549, 550, 551, 552, 553, 554, 555, 556, 557, 558, 559, 560, 561, 562, 563, 564, 565, 566, 567, 568, 569, 570, 571, 572, 573, 574, 575, 576, 577, 578, 579, 580, 581, 582, 583, 584, 585, 586, 587, 588, 589, 590, 591, 592, 593, 594, 595, 596, 597, 598, 599], '4_3': [302, 303, 304, 305, 306, 307, 308], '3_3': [335, 336, 337], '2_3': [455, 456, 457, 458, 459, 460, 461, 462, 463, 464, 465, 466, 467, 468, 469, 470, 471, 472, 473, 474, 475, 476, 477, 478, 479, 480, 481]}
FP rate  0.06216 FN rate  0.05
 Before reassigning cells 
 Timepoint  2
 Cluster  5  # of cells  8
 Cluster  1  # of cells  40
 Cluster  0  # of cells  52
 Timepoint  3
 Cluster  5  # of cells  68
 Cluster  1  # of cells  159
 Cluster  0  # of cells  237
 Cluster  4  # of cells  7
 Cluster  3  # of cells  3
 Cluster  2  # of cells  25
 Cells absent at timepoint  2   set()
 Cells absent at timepoint  3   {232}
 Missing cell prob  {'4': 1.98306981718784e-22, '3': 6.976787571056307e-20, '0': 6.776647465739805e-22, '2': 8.296667010704876e-31, '1': 3.760477341584383e-07, '5': 3.760477341584383e-07}
 Timepoint  2
 Timepoint  3
SortedDict({2: {'5': ['0', '1', '2', '3', '4', '5', '12', '27'], '1': ['6', '7', '8', '9', '10', '11', '13', '14', '15', '16', '17', '18', '19', '20', '21', '22', '23', '24', '25', '26', '28', '29', '30', '31', '32', '33', '34', '35', '36', '37', '38', '39', '40', '41', '42', '43', '44', '45', '46', '47'], '0': ['48', '49', '50', '51', '52', '53', '54', '55', '56', '57', '58', '59', '60', '61', '62', '63', '64', '65', '66', '67', '68', '69', '70', '71', '72', '73', '74', '75', '76', '77', '78', '79', '80', '81', '82', '83', '84', '85', '86', '87', '88', '89', '90', '91', '92', '93', '94', '95', '96', '97', '98', '99']}, 3: {'5': ['103', '104', '105', '107', '112', '113', '123', '131', '144', '145', '151', '157', '158', '160', '166', '173', '175', '176', '185', '192', '196', '204', '205', '206', '210', '224', '225', '227', '230', '231', '239', '249', '251', '253', '256', '261', '264', '269', '273', '282', '283', '293', '309', '310', '311', '312', '313', '314', '315', '316', '317', '318', '319', '320', '321', '322', '323', '324', '325', '326', '327', '328', '329', '330', '331', '332', '333', '334'], '1': ['100', '101', '102', '106', '108', '109', '110', '111', '114', '115', '116', '117', '118', '119', '120', '121', '122', '124', '125', '126', '127', '128', '129', '130', '132', '133', '134', '135', '136', '137', '138', '139', '140', '141', '142', '143', '146', '147', '148', '149', '150', '152', '153', '154', '155', '156', '159', '161', '162', '163', '164', '165', '167', '168', '169', '170', '171', '172', '174', '177', '178', '179', '180', '181', '182', '183', '184', '186', '187', '188', '189', '190', '191', '193', '194', '195', '197', '198', '199', '200', '201', '202', '203', '207', '208', '209', '211', '212', '213', '214', '215', '216', '217', '218', '219', '220', '221', '222', '223', '226', '228', '229', '233', '234', '235', '236', '237', '238', '240', '241', '242', '243', '244', '245', '246', '247', '248', '250', '252', '254', '255', '257', '258', '259', '260', '262', '263', '265', '266', '267', '268', '270', '271', '272', '274', '275', '276', '277', '278', '279', '280', '281', '284', '285', '286', '287', '288', '289', '290', '291', '292', '294', '295', '296', '297', '298', '299', '300', '301', '232'], '0': ['338', '339', '340', '341', '342', '343', '344', '345', '346', '347', '348', '349', '350', '351', '352', '353', '354', '355', '356', '357', '358', '359', '360', '361', '362', '363', '364', '365', '366', '367', '368', '369', '370', '371', '372', '373', '374', '375', '376', '377', '378', '379', '380', '381', '382', '383', '384', '385', '386', '387', '388', '389', '390', '391', '392', '393', '394', '395', '396', '397', '398', '399', '400', '401', '402', '403', '404', '405', '406', '407', '408', '409', '410', '411', '412', '413', '414', '415', '416', '417', '418', '419', '420', '421', '422', '423', '424', '425', '426', '427', '428', '429', '430', '431', '432', '433', '434', '435', '436', '437', '438', '439', '440', '441', '442', '443', '444', '445', '446', '447', '448', '449', '450', '451', '452', '453', '454', '456', '478', '482', '483', '484', '485', '486', '487', '488', '489', '490', '491', '492', '493', '494', '495', '496', '497', '498', '499', '500', '501', '502', '503', '504', '505', '506', '507', '508', '509', '510', '511', '512', '513', '514', '515', '516', '517', '518', '519', '520', '521', '522', '523', '524', '525', '526', '527', '528', '529', '530', '531', '532', '533', '534', '535', '536', '537', '538', '539', '540', '541', '542', '543', '544', '545', '546', '547', '548', '549', '550', '551', '552', '553', '554', '555', '556', '557', '558', '559', '560', '561', '562', '563', '564', '565', '566', '567', '568', '569', '570', '571', '572', '573', '574', '575', '576', '577', '578', '579', '580', '581', '582', '583', '584', '585', '586', '587', '588', '589', '590', '591', '592', '593', '594', '595', '596', '597', '598', '599'], '4': ['302', '303', '304', '305', '306', '307', '308'], '3': ['335', '336', '337'], '2': ['455', '457', '458', '459', '460', '461', '462', '463', '464', '465', '466', '467', '468', '469', '470', '471', '472', '473', '474', '475', '476', '477', '479', '480', '481']}})
 Cluster1  5
 Cluster to drop  1
 After reassigning and merging cells 
 Timepoint  2
 Cluster  5  # of cells  8
 Cluster  1  # of cells  40
 Cluster  0  # of cells  52
 Timepoint  3
 Cluster  5  # of cells  228
 Cluster  0  # of cells  237
 Cluster  4  # of cells  7
 Cluster  3  # of cells  3
 Cluster  2  # of cells  25
 Tp cluster cell dict  {'5_2': 8, '1_2': 40, '0_2': 52, '5_3': 228, '0_3': 237, '4_3': 7, '3_3': 3, '2_3': 25}
 New Graph is here 
 ID  0  Timepoint  1  Mutations  []  Type  subclone
 ID  1  Timepoint  2  Mutations  [0, 1, 2, 3, 4, 5, 6, 7, 8, 9, 10]  Type  subclone
 ID  2  Timepoint  2  Mutations  [0, 1, 2, 3, 4, 5, 6, 7, 8, 9, 10, 21, 22, 23, 24]  Type  subclone
 ID  3  Timepoint  2  Mutations  [11, 12, 13, 14, 15, 16, 17, 18, 19, 20]  Type  subclone
 ID  4  Timepoint  3  Mutations  [0, 1, 2, 3, 4, 5, 6, 7, 8, 9, 10, 21, 22, 23, 24]  Type  subclone
 ID  5  Timepoint  3  Mutations  [11, 12, 13, 14, 15, 16, 17, 18, 19, 20]  Type  subclone
 ID  6  Timepoint  3  Mutations  [0, 1, 2, 3, 4, 5, 6, 7, 8, 9, 10, 21, 22, 23, 24, 26, 27, 28, 29, 30, 31, 32, 33, 34, 35, 36, 37, 38, 39, 40]  Type  subclone
 ID  7  Timepoint  3  Mutations  [0, 1, 2, 3, 4, 5, 6, 7, 8, 9, 10, 33, 41, 42, 43, 44, 45, 46, 47, 48, 49, 50, 52]  Type  subclone
 ID  8  Timepoint  3  Mutations  [11, 12, 13, 14, 15, 16, 17, 18, 19, 20, 25, 53, 54, 55, 56, 57, 58, 59]  Type  subclone
Timepoints  SortedDict({1: [0], 2: [1, 2, 3], 3: [4, 5, 6, 7, 8]})
 Clone to nodes  {'5_2': 1, '1_2': 2, '0_2': 3, '5_3': 4, '0_3': 5, '4_3': 6, '3_3': 7, '2_3': 8}
 Timepoint ====  1
 Hash table  {'0,1': [0, 1, 2, 3, 4, 5, 6, 7, 8, 9, 10], '1': [21, 22, 23, 24], '2': [11, 12, 13, 14, 15, 16, 17, 18, 19, 20]}
 Final possible usc  [[0, 1, 2, 3, 4, 5, 6, 7, 8, 9, 10], [21, 22, 23, 24], [11, 12, 13, 14, 15, 16, 17, 18, 19, 20]]
 Time  1  USC keys  {'11,12,13,14,15,16,17,18,19,20_0', '0,1,2,3,4,5,6,7,8,9,10_0', '21,22,23,24_0'}
 USC children  {'0,1,2,3,4,5,6,7,8,9,10_0': [1, 2], '21,22,23,24_0': [2], '11,12,13,14,15,16,17,18,19,20_0': [3]}
 USC children  {'0,1,2,3,4,5,6,7,8,9,10_0': [1, 2], '21,22,23,24_0': [2], '11,12,13,14,15,16,17,18,19,20_0': [3]}
 Timepoint ====  2
 Hash table  {'0,1': [0, 1, 2, 3, 4, 5, 6, 7, 8, 9, 10, 33], '0': [21, 22, 23, 24, 26, 27, 28, 29, 30, 31, 32, 34, 35, 36, 37, 38, 39, 40], '1': [41, 42, 43, 44, 45, 46, 47, 48, 49, 50, 52], '2': [11, 12, 13, 14, 15, 16, 17, 18, 19, 20, 25, 53, 54, 55, 56, 57, 58, 59]}
====== Inside find superset of t nodes ==========
 Final possible usc  [[0, 1, 2, 3, 4, 5, 6, 7, 8, 9, 10, 33], [11, 12, 13, 14, 15, 16, 17, 18, 19, 20, 25, 53, 54, 55, 56, 57, 58, 59]]
 Time  2  USC keys  {'11,12,13,14,15,16,17,18,19,20,25,53,54,55,56,57,58,59_3', '0,1,2,3,4,5,6,7,8,9,10,33_1'}
 USC children  {'0,1,2,3,4,5,6,7,8,9,10_0': [1, 2], '21,22,23,24_0': [2], '11,12,13,14,15,16,17,18,19,20_0': [3], '0,1,2,3,4,5,6,7,8,9,10,33_1': [6, 7], '11,12,13,14,15,16,17,18,19,20,25,53,54,55,56,57,58,59_3': [8]}
 USC children  {'0,1,2,3,4,5,6,7,8,9,10_0': [1, 2], '21,22,23,24_0': [2], '11,12,13,14,15,16,17,18,19,20_0': [3], '0,1,2,3,4,5,6,7,8,9,10,33_1': [6, 7], '11,12,13,14,15,16,17,18,19,20,25,53,54,55,56,57,58,59_3': [8]}
 Node s  {'1,2': ['0', '1', '2', '3', '4', '5', '6', '7', '8', '9', '10'], '3': ['11', '12', '13', '14', '15', '16', '17', '18', '19', '20'], '6,7': ['0', '1', '2', '3', '4', '5', '6', '7', '8', '9', '10', '33'], '8': ['11', '12', '13', '14', '15', '16', '17', '18', '19', '20', '25', '53', '54', '55', '56', '57', '58', '59']}
 Enroll USC nodes  ['1', '2']  len  2
 Enroll USC nodes  ['3']  len  1
 Enroll USC nodes  ['6', '7']  len  2
 Enroll USC nodes  ['8']  len  1
 Node TP  SortedDict({1: [0], 2: [1, 2, 3], 3: [4, 5, 6, 7, 8]})
 Unobserved subclones at timepoints  {1.5: [9], 2.5: [10]}
 ============== Inside finding node v ============ 
 Time  2
 largest_v_mut  [[]]
 Time  3
 largest_v_mut  [[11, 12, 13, 14, 15, 16, 17, 18, 19, 20]]
 Sorted all timepoints  [1, 1.5, 2, 2.5, 3]
 Timepoint  2
 Inside usc_node check  2
 Timepoint  3
 Inside usc_node check  3
0   1   [-1]   subclone   []   []
1   2   [9]   subclone   [0, 1, 2, 3, 4, 5, 6, 7, 8, 9, 10]   [0]
2   2   [9]   subclone   [0, 1, 2, 3, 4, 5, 6, 7, 8, 9, 10, 21, 22, 23, 24]   [4]
3   2   [0]   subclone   [11, 12, 13, 14, 15, 16, 17, 18, 19, 20]   [10]
4   3   [2]   subclone   [0, 1, 2, 3, 4, 5, 6, 7, 8, 9, 10, 21, 22, 23, 24]   [0]
5   3   [3]   subclone   [11, 12, 13, 14, 15, 16, 17, 18, 19, 20]   [0]
6   3   [10]   subclone   [0, 1, 2, 3, 4, 5, 6, 7, 8, 9, 10, 21, 22, 23, 24, 26, 27, 28, 29, 30, 31, 32, 33, 34, 35, 36, 37, 38, 39, 40]   [18]
7   3   [10]   subclone   [0, 1, 2, 3, 4, 5, 6, 7, 8, 9, 10, 33, 41, 42, 43, 44, 45, 46, 47, 48, 49, 50, 52]   [11]
8   3   [3]   subclone   [11, 12, 13, 14, 15, 16, 17, 18, 19, 20, 25, 53, 54, 55, 56, 57, 58, 59]   [8]
9   1.5   [0]   unobserved subclone   [0, 1, 2, 3, 4, 5, 6, 7, 8, 9, 10]   [11]
10   2.5   [1]   unobserved subclone   [0, 1, 2, 3, 4, 5, 6, 7, 8, 9, 10, 33]   [1]
6
 Total estimated FP  327  True negatives  22425
 Total estimated FN  1195  True positives  4853
 Estimated FP rate  0.06313
 Estimated FN rate  0.05
 No. of Cells in each cluster  {'4_2': 6, '4_3': 31, '1_2': 42, '1_3': 198, '0_2': 52, '0_3': 236, '5_3': 7, '3_3': 2, '2_3': 26}
 Cells in each cluster  {'4_2': [0, 1, 2, 3, 4, 5], '4_3': [204, 210, 230, 282, 309, 310, 311, 312, 313, 314, 315, 316, 317, 318, 319, 320, 321, 322, 323, 324, 325, 326, 327, 328, 329, 330, 331, 332, 333, 334, 335], '1_2': [6, 7, 8, 9, 10, 11, 12, 13, 14, 15, 16, 17, 18, 19, 20, 21, 22, 23, 24, 25, 26, 27, 28, 29, 30, 31, 32, 33, 34, 35, 36, 37, 38, 39, 40, 41, 42, 43, 44, 45, 46, 47], '1_3': [100, 101, 102, 103, 104, 105, 106, 107, 108, 109, 110, 111, 112, 113, 114, 115, 116, 117, 118, 119, 120, 121, 122, 123, 124, 125, 126, 127, 128, 129, 130, 131, 132, 133, 134, 135, 136, 137, 138, 139, 140, 141, 142, 143, 144, 145, 146, 147, 148, 149, 150, 151, 152, 153, 154, 155, 156, 157, 158, 159, 160, 161, 162, 163, 164, 165, 166, 167, 168, 169, 170, 171, 172, 173, 174, 175, 176, 177, 178, 179, 180, 181, 182, 183, 184, 185, 186, 187, 188, 189, 190, 191, 192, 193, 194, 195, 196, 197, 198, 199, 200, 201, 202, 203, 205, 206, 207, 208, 209, 211, 212, 213, 214, 215, 216, 217, 218, 219, 220, 221, 222, 223, 224, 225, 226, 227, 228, 229, 231, 232, 233, 234, 235, 236, 237, 238, 239, 240, 241, 242, 243, 244, 245, 246, 247, 248, 249, 250, 251, 252, 253, 254, 255, 256, 257, 258, 259, 260, 261, 262, 263, 264, 265, 266, 267, 268, 269, 270, 271, 272, 273, 274, 275, 276, 277, 278, 279, 280, 281, 283, 284, 285, 286, 287, 288, 289, 290, 291, 292, 293, 294, 295, 296, 297, 298, 299, 300, 301], '0_2': [48, 49, 50, 51, 52, 53, 54, 55, 56, 57, 58, 59, 60, 61, 62, 63, 64, 65, 66, 67, 68, 69, 70, 71, 72, 73, 74, 75, 76, 77, 78, 79, 80, 81, 82, 83, 84, 85, 86, 87, 88, 89, 90, 91, 92, 93, 94, 95, 96, 97, 98, 99], '0_3': [338, 339, 340, 341, 342, 343, 344, 345, 346, 347, 348, 349, 350, 351, 352, 353, 354, 355, 356, 357, 358, 359, 360, 361, 362, 363, 364, 365, 366, 367, 368, 369, 370, 371, 372, 373, 374, 375, 376, 377, 378, 379, 380, 381, 382, 383, 384, 385, 386, 387, 388, 389, 390, 391, 392, 393, 394, 395, 396, 397, 398, 399, 400, 401, 402, 403, 404, 405, 406, 407, 408, 409, 410, 411, 412, 413, 414, 415, 416, 417, 418, 419, 420, 421, 422, 423, 424, 425, 426, 427, 428, 429, 430, 431, 432, 433, 434, 435, 436, 437, 438, 439, 440, 441, 442, 443, 444, 445, 446, 447, 448, 449, 450, 451, 452, 453, 454, 478, 482, 483, 484, 485, 486, 487, 488, 489, 490, 491, 492, 493, 494, 495, 496, 497, 498, 499, 500, 501, 502, 503, 504, 505, 506, 507, 508, 509, 510, 511, 512, 513, 514, 515, 516, 517, 518, 519, 520, 521, 522, 523, 524, 525, 526, 527, 528, 529, 530, 531, 532, 533, 534, 535, 536, 537, 538, 539, 540, 541, 542, 543, 544, 545, 546, 547, 548, 549, 550, 551, 552, 553, 554, 555, 556, 557, 558, 559, 560, 561, 562, 563, 564, 565, 566, 567, 568, 569, 570, 571, 572, 573, 574, 575, 576, 577, 578, 579, 580, 581, 582, 583, 584, 585, 586, 587, 588, 589, 590, 591, 592, 593, 594, 595, 596, 597, 598, 599], '5_3': [302, 303, 304, 305, 306, 307, 308], '3_3': [336, 337], '2_3': [455, 456, 457, 458, 459, 460, 461, 462, 463, 464, 465, 466, 467, 468, 469, 470, 471, 472, 473, 474, 475, 476, 477, 479, 480, 481]}
FP rate  0.06313 FN rate  0.05
 Before reassigning cells 
 Timepoint  2
 Cluster  4  # of cells  8
 Cluster  1  # of cells  40
 Cluster  0  # of cells  52
 Timepoint  3
 Cluster  4  # of cells  69
 Cluster  1  # of cells  159
 Cluster  0  # of cells  237
 Cluster  5  # of cells  7
 Cluster  3  # of cells  2
 Cluster  2  # of cells  25
 Cells absent at timepoint  3   {232}
 Missing cell prob  {'4': 3.6117327965150707e-07, '2': 8.862728638818783e-31, '3': 2.401182602796286e-22, '0': 7.186753491647901e-22, '5': 1.9284290984247635e-22, '1': 3.6117327965150707e-07}
 Cells absent at timepoint  2   set()
 Timepoint  2
 Timepoint  3
SortedDict({2: {'4': ['0', '1', '2', '3', '4', '5', '12', '27'], '1': ['6', '7', '8', '9', '10', '11', '13', '14', '15', '16', '17', '18', '19', '20', '21', '22', '23', '24', '25', '26', '28', '29', '30', '31', '32', '33', '34', '35', '36', '37', '38', '39', '40', '41', '42', '43', '44', '45', '46', '47'], '0': ['48', '49', '50', '51', '52', '53', '54', '55', '56', '57', '58', '59', '60', '61', '62', '63', '64', '65', '66', '67', '68', '69', '70', '71', '72', '73', '74', '75', '76', '77', '78', '79', '80', '81', '82', '83', '84', '85', '86', '87', '88', '89', '90', '91', '92', '93', '94', '95', '96', '97', '98', '99']}, 3: {'4': ['103', '104', '105', '107', '112', '113', '123', '131', '144', '145', '151', '157', '158', '160', '166', '173', '175', '176', '185', '192', '196', '204', '205', '206', '210', '224', '225', '227', '230', '231', '239', '249', '251', '253', '256', '261', '264', '269', '273', '282', '283', '293', '309', '310', '311', '312', '313', '314', '315', '316', '317', '318', '319', '320', '321', '322', '323', '324', '325', '326', '327', '328', '329', '330', '331', '332', '333', '334', '335', '232'], '1': ['100', '101', '102', '106', '108', '109', '110', '111', '114', '115', '116', '117', '118', '119', '120', '121', '122', '124', '125', '126', '127', '128', '129', '130', '132', '133', '134', '135', '136', '137', '138', '139', '140', '141', '142', '143', '146', '147', '148', '149', '150', '152', '153', '154', '155', '156', '159', '161', '162', '163', '164', '165', '167', '168', '169', '170', '171', '172', '174', '177', '178', '179', '180', '181', '182', '183', '184', '186', '187', '188', '189', '190', '191', '193', '194', '195', '197', '198', '199', '200', '201', '202', '203', '207', '208', '209', '211', '212', '213', '214', '215', '216', '217', '218', '219', '220', '221', '222', '223', '226', '228', '229', '233', '234', '235', '236', '237', '238', '240', '241', '242', '243', '244', '245', '246', '247', '248', '250', '252', '254', '255', '257', '258', '259', '260', '262', '263', '265', '266', '267', '268', '270', '271', '272', '274', '275', '276', '277', '278', '279', '280', '281', '284', '285', '286', '287', '288', '289', '290', '291', '292', '294', '295', '296', '297', '298', '299', '300', '301'], '0': ['338', '339', '340', '341', '342', '343', '344', '345', '346', '347', '348', '349', '350', '351', '352', '353', '354', '355', '356', '357', '358', '359', '360', '361', '362', '363', '364', '365', '366', '367', '368', '369', '370', '371', '372', '373', '374', '375', '376', '377', '378', '379', '380', '381', '382', '383', '384', '385', '386', '387', '388', '389', '390', '391', '392', '393', '394', '395', '396', '397', '398', '399', '400', '401', '402', '403', '404', '405', '406', '407', '408', '409', '410', '411', '412', '413', '414', '415', '416', '417', '418', '419', '420', '421', '422', '423', '424', '425', '426', '427', '428', '429', '430', '431', '432', '433', '434', '435', '436', '437', '438', '439', '440', '441', '442', '443', '444', '445', '446', '447', '448', '449', '450', '451', '452', '453', '454', '456', '478', '482', '483', '484', '485', '486', '487', '488', '489', '490', '491', '492', '493', '494', '495', '496', '497', '498', '499', '500', '501', '502', '503', '504', '505', '506', '507', '508', '509', '510', '511', '512', '513', '514', '515', '516', '517', '518', '519', '520', '521', '522', '523', '524', '525', '526', '527', '528', '529', '530', '531', '532', '533', '534', '535', '536', '537', '538', '539', '540', '541', '542', '543', '544', '545', '546', '547', '548', '549', '550', '551', '552', '553', '554', '555', '556', '557', '558', '559', '560', '561', '562', '563', '564', '565', '566', '567', '568', '569', '570', '571', '572', '573', '574', '575', '576', '577', '578', '579', '580', '581', '582', '583', '584', '585', '586', '587', '588', '589', '590', '591', '592', '593', '594', '595', '596', '597', '598', '599'], '5': ['302', '303', '304', '305', '306', '307', '308'], '3': ['336', '337'], '2': ['455', '457', '458', '459', '460', '461', '462', '463', '464', '465', '466', '467', '468', '469', '470', '471', '472', '473', '474', '475', '476', '477', '479', '480', '481']}})
 Cluster1  4
 Cluster to drop  1
 After reassigning and merging cells 
 Timepoint  2
 Cluster  4  # of cells  8
 Cluster  1  # of cells  40
 Cluster  0  # of cells  52
 Timepoint  3
 Cluster  4  # of cells  229
 Cluster  0  # of cells  237
 Cluster  5  # of cells  7
 Cluster  3  # of cells  2
 Cluster  2  # of cells  25
 Tp cluster cell dict  {'4_2': 8, '1_2': 40, '0_2': 52, '4_3': 229, '0_3': 237, '5_3': 7, '3_3': 2, '2_3': 25}
 New Graph is here 
 ID  0  Timepoint  1  Mutations  []  Type  subclone
 ID  1  Timepoint  2  Mutations  [0, 1, 2, 3, 4, 5, 6, 7, 8, 9, 10]  Type  subclone
 ID  2  Timepoint  2  Mutations  [0, 1, 2, 3, 4, 5, 6, 7, 8, 9, 10, 21, 22, 23, 24]  Type  subclone
 ID  3  Timepoint  2  Mutations  [11, 12, 13, 14, 15, 16, 17, 18, 19, 20]  Type  subclone
 ID  4  Timepoint  3  Mutations  [0, 1, 2, 3, 4, 5, 6, 7, 8, 9, 10, 21, 22, 23, 24]  Type  subclone
 ID  5  Timepoint  3  Mutations  [11, 12, 13, 14, 15, 16, 17, 18, 19, 20]  Type  subclone
 ID  6  Timepoint  3  Mutations  [0, 1, 2, 3, 4, 5, 6, 7, 8, 9, 10, 21, 22, 23, 24, 26, 27, 28, 29, 30, 31, 32, 33, 34, 35, 36, 37, 38, 39, 40]  Type  subclone
 ID  7  Timepoint  3  Mutations  [0, 1, 2, 3, 4, 5, 6, 7, 9, 10, 20, 42, 43, 44, 45, 46, 47, 48, 49, 50, 52, 57]  Type  subclone
 ID  8  Timepoint  3  Mutations  [11, 12, 13, 14, 15, 16, 17, 18, 19, 20, 25, 53, 54, 55, 56, 57, 58, 59]  Type  subclone
Timepoints  SortedDict({1: [0], 2: [1, 2, 3], 3: [4, 5, 6, 7, 8]})
 Clone to nodes  {'4_2': 1, '1_2': 2, '0_2': 3, '4_3': 4, '0_3': 5, '5_3': 6, '3_3': 7, '2_3': 8}
 Timepoint ====  1
 Hash table  {'0,1': [0, 1, 2, 3, 4, 5, 6, 7, 8, 9, 10], '1': [21, 22, 23, 24], '2': [11, 12, 13, 14, 15, 16, 17, 18, 19, 20]}
 Final possible usc  [[0, 1, 2, 3, 4, 5, 6, 7, 8, 9, 10], [21, 22, 23, 24], [11, 12, 13, 14, 15, 16, 17, 18, 19, 20]]
 Time  1  USC keys  {'11,12,13,14,15,16,17,18,19,20_0', '0,1,2,3,4,5,6,7,8,9,10_0', '21,22,23,24_0'}
 USC children  {'0,1,2,3,4,5,6,7,8,9,10_0': [1, 2], '21,22,23,24_0': [2], '11,12,13,14,15,16,17,18,19,20_0': [3]}
 USC children  {'0,1,2,3,4,5,6,7,8,9,10_0': [1, 2], '21,22,23,24_0': [2], '11,12,13,14,15,16,17,18,19,20_0': [3]}
 Timepoint ====  2
 Hash table  {'0,1': [0, 1, 2, 3, 4, 5, 6, 7, 9, 10], '0': [8, 21, 22, 23, 24, 26, 27, 28, 29, 30, 31, 32, 33, 34, 35, 36, 37, 38, 39, 40], '1,2': [20, 57], '1': [42, 43, 44, 45, 46, 47, 48, 49, 50, 52], '2': [11, 12, 13, 14, 15, 16, 17, 18, 19, 25, 53, 54, 55, 56, 58, 59]}
====== Inside find superset of t nodes ==========
 Final possible usc  []
 Time  2  USC keys  set()
 USC children  {'0,1,2,3,4,5,6,7,8,9,10_0': [1, 2], '21,22,23,24_0': [2], '11,12,13,14,15,16,17,18,19,20_0': [3]}
 USC children  {'0,1,2,3,4,5,6,7,8,9,10_0': [1, 2], '21,22,23,24_0': [2], '11,12,13,14,15,16,17,18,19,20_0': [3]}
 Node s  {'1,2': ['0', '1', '2', '3', '4', '5', '6', '7', '8', '9', '10'], '3': ['11', '12', '13', '14', '15', '16', '17', '18', '19', '20']}
 Enroll USC nodes  ['1', '2']  len  2
 Enroll USC nodes  ['3']  len  1
 Node TP  SortedDict({1: [0], 2: [1, 2, 3], 3: [4, 5, 6, 7, 8]})
 Unobserved subclones at timepoints  {1.5: [9]}
 ============== Inside finding node v ============ 
 Time  2
 largest_v_mut  [[]]
 Time  3
 largest_v_mut  [[0, 1, 2, 3, 4, 5, 6, 7, 8, 9, 10, 21, 22, 23, 24]]
 largest_v_mut  []
 largest_v_mut  [[11, 12, 13, 14, 15, 16, 17, 18, 19, 20]]
 Sorted all timepoints  [1, 1.5, 2, 3]
 Timepoint  2
 Inside usc_node check  2
 Timepoint  3
 Node  7  has no parent 
 USC nodes  []
 Node with minimum mutation sets  {1: 1, 2: 5, 3: 9}
0   1   [-1]   subclone   []   []
1   2   [9]   subclone   [0, 1, 2, 3, 4, 5, 6, 7, 8, 9, 10]   [0]
2   2   [9]   subclone   [0, 1, 2, 3, 4, 5, 6, 7, 8, 9, 10, 21, 22, 23, 24]   [4]
3   2   [0]   subclone   [11, 12, 13, 14, 15, 16, 17, 18, 19, 20]   [10]
4   3   [2]   subclone   [0, 1, 2, 3, 4, 5, 6, 7, 8, 9, 10, 21, 22, 23, 24]   [0]
5   3   [3]   subclone   [11, 12, 13, 14, 15, 16, 17, 18, 19, 20]   [0]
6   3   [2]   subclone   [0, 1, 2, 3, 4, 5, 6, 7, 8, 9, 10, 21, 22, 23, 24, 26, 27, 28, 29, 30, 31, 32, 33, 34, 35, 36, 37, 38, 39, 40]   [15]
7   3   [1]   subclone   [0, 1, 2, 3, 4, 5, 6, 7, 9, 10, 20, 42, 43, 44, 45, 46, 47, 48, 49, 50, 52, 57]   [12]
8   3   [3]   subclone   [11, 12, 13, 14, 15, 16, 17, 18, 19, 20, 25, 53, 54, 55, 56, 57, 58, 59]   [8]
9   1.5   [0]   unobserved subclone   [0, 1, 2, 3, 4, 5, 6, 7, 8, 9, 10]   [11]
6
 Total estimated FP  322  True negatives  22418
 Total estimated FN  1202  True positives  4858
 Estimated FP rate  0.06216
 Estimated FN rate  0.05
 No. of Cells in each cluster  {'5_2': 6, '5_3': 30, '1_2': 42, '1_3': 198, '0_2': 52, '0_3': 235, '4_3': 7, '3_3': 3, '2_3': 27}
 Cells in each cluster  {'5_2': [0, 1, 2, 3, 4, 5], '5_3': [204, 210, 230, 282, 309, 310, 311, 312, 313, 314, 315, 316, 317, 318, 319, 320, 321, 322, 323, 324, 325, 326, 327, 328, 329, 330, 331, 332, 333, 334], '1_2': [6, 7, 8, 9, 10, 11, 12, 13, 14, 15, 16, 17, 18, 19, 20, 21, 22, 23, 24, 25, 26, 27, 28, 29, 30, 31, 32, 33, 34, 35, 36, 37, 38, 39, 40, 41, 42, 43, 44, 45, 46, 47], '1_3': [100, 101, 102, 103, 104, 105, 106, 107, 108, 109, 110, 111, 112, 113, 114, 115, 116, 117, 118, 119, 120, 121, 122, 123, 124, 125, 126, 127, 128, 129, 130, 131, 132, 133, 134, 135, 136, 137, 138, 139, 140, 141, 142, 143, 144, 145, 146, 147, 148, 149, 150, 151, 152, 153, 154, 155, 156, 157, 158, 159, 160, 161, 162, 163, 164, 165, 166, 167, 168, 169, 170, 171, 172, 173, 174, 175, 176, 177, 178, 179, 180, 181, 182, 183, 184, 185, 186, 187, 188, 189, 190, 191, 192, 193, 194, 195, 196, 197, 198, 199, 200, 201, 202, 203, 205, 206, 207, 208, 209, 211, 212, 213, 214, 215, 216, 217, 218, 219, 220, 221, 222, 223, 224, 225, 226, 227, 228, 229, 231, 232, 233, 234, 235, 236, 237, 238, 239, 240, 241, 242, 243, 244, 245, 246, 247, 248, 249, 250, 251, 252, 253, 254, 255, 256, 257, 258, 259, 260, 261, 262, 263, 264, 265, 266, 267, 268, 269, 270, 271, 272, 273, 274, 275, 276, 277, 278, 279, 280, 281, 283, 284, 285, 286, 287, 288, 289, 290, 291, 292, 293, 294, 295, 296, 297, 298, 299, 300, 301], '0_2': [48, 49, 50, 51, 52, 53, 54, 55, 56, 57, 58, 59, 60, 61, 62, 63, 64, 65, 66, 67, 68, 69, 70, 71, 72, 73, 74, 75, 76, 77, 78, 79, 80, 81, 82, 83, 84, 85, 86, 87, 88, 89, 90, 91, 92, 93, 94, 95, 96, 97, 98, 99], '0_3': [338, 339, 340, 341, 342, 343, 344, 345, 346, 347, 348, 349, 350, 351, 352, 353, 354, 355, 356, 357, 358, 359, 360, 361, 362, 363, 364, 365, 366, 367, 368, 369, 370, 371, 372, 373, 374, 375, 376, 377, 378, 379, 380, 381, 382, 383, 384, 385, 386, 387, 388, 389, 390, 391, 392, 393, 394, 395, 396, 397, 398, 399, 400, 401, 402, 403, 404, 405, 406, 407, 408, 409, 410, 411, 412, 413, 414, 415, 416, 417, 418, 419, 420, 421, 422, 423, 424, 425, 426, 427, 428, 429, 430, 431, 432, 433, 434, 435, 436, 437, 438, 439, 440, 441, 442, 443, 444, 445, 446, 447, 448, 449, 450, 451, 452, 453, 454, 482, 483, 484, 485, 486, 487, 488, 489, 490, 491, 492, 493, 494, 495, 496, 497, 498, 499, 500, 501, 502, 503, 504, 505, 506, 507, 508, 509, 510, 511, 512, 513, 514, 515, 516, 517, 518, 519, 520, 521, 522, 523, 524, 525, 526, 527, 528, 529, 530, 531, 532, 533, 534, 535, 536, 537, 538, 539, 540, 541, 542, 543, 544, 545, 546, 547, 548, 549, 550, 551, 552, 553, 554, 555, 556, 557, 558, 559, 560, 561, 562, 563, 564, 565, 566, 567, 568, 569, 570, 571, 572, 573, 574, 575, 576, 577, 578, 579, 580, 581, 582, 583, 584, 585, 586, 587, 588, 589, 590, 591, 592, 593, 594, 595, 596, 597, 598, 599], '4_3': [302, 303, 304, 305, 306, 307, 308], '3_3': [335, 336, 337], '2_3': [455, 456, 457, 458, 459, 460, 461, 462, 463, 464, 465, 466, 467, 468, 469, 470, 471, 472, 473, 474, 475, 476, 477, 478, 479, 480, 481]}
FP rate  0.06216 FN rate  0.05
 Before reassigning cells 
 Timepoint  2
 Cluster  5  # of cells  8
 Cluster  1  # of cells  40
 Cluster  0  # of cells  52
 Timepoint  3
 Cluster  5  # of cells  68
 Cluster  1  # of cells  159
 Cluster  0  # of cells  237
 Cluster  4  # of cells  7
 Cluster  3  # of cells  3
 Cluster  2  # of cells  25
 Cells absent at timepoint  3   {232}
 Missing cell prob  {'1': 3.760477341584383e-07, '4': 1.98306981718784e-22, '3': 6.976787571056307e-20, '5': 3.760477341584383e-07, '2': 8.296667010704876e-31, '0': 6.776647465739805e-22}
 Cells absent at timepoint  2   set()
 Timepoint  2
 Timepoint  3
SortedDict({2: {'5': ['0', '1', '2', '3', '4', '5', '12', '27'], '1': ['6', '7', '8', '9', '10', '11', '13', '14', '15', '16', '17', '18', '19', '20', '21', '22', '23', '24', '25', '26', '28', '29', '30', '31', '32', '33', '34', '35', '36', '37', '38', '39', '40', '41', '42', '43', '44', '45', '46', '47'], '0': ['48', '49', '50', '51', '52', '53', '54', '55', '56', '57', '58', '59', '60', '61', '62', '63', '64', '65', '66', '67', '68', '69', '70', '71', '72', '73', '74', '75', '76', '77', '78', '79', '80', '81', '82', '83', '84', '85', '86', '87', '88', '89', '90', '91', '92', '93', '94', '95', '96', '97', '98', '99']}, 3: {'5': ['103', '104', '105', '107', '112', '113', '123', '131', '144', '145', '151', '157', '158', '160', '166', '173', '175', '176', '185', '192', '196', '204', '205', '206', '210', '224', '225', '227', '230', '231', '239', '249', '251', '253', '256', '261', '264', '269', '273', '282', '283', '293', '309', '310', '311', '312', '313', '314', '315', '316', '317', '318', '319', '320', '321', '322', '323', '324', '325', '326', '327', '328', '329', '330', '331', '332', '333', '334'], '1': ['100', '101', '102', '106', '108', '109', '110', '111', '114', '115', '116', '117', '118', '119', '120', '121', '122', '124', '125', '126', '127', '128', '129', '130', '132', '133', '134', '135', '136', '137', '138', '139', '140', '141', '142', '143', '146', '147', '148', '149', '150', '152', '153', '154', '155', '156', '159', '161', '162', '163', '164', '165', '167', '168', '169', '170', '171', '172', '174', '177', '178', '179', '180', '181', '182', '183', '184', '186', '187', '188', '189', '190', '191', '193', '194', '195', '197', '198', '199', '200', '201', '202', '203', '207', '208', '209', '211', '212', '213', '214', '215', '216', '217', '218', '219', '220', '221', '222', '223', '226', '228', '229', '233', '234', '235', '236', '237', '238', '240', '241', '242', '243', '244', '245', '246', '247', '248', '250', '252', '254', '255', '257', '258', '259', '260', '262', '263', '265', '266', '267', '268', '270', '271', '272', '274', '275', '276', '277', '278', '279', '280', '281', '284', '285', '286', '287', '288', '289', '290', '291', '292', '294', '295', '296', '297', '298', '299', '300', '301', '232'], '0': ['338', '339', '340', '341', '342', '343', '344', '345', '346', '347', '348', '349', '350', '351', '352', '353', '354', '355', '356', '357', '358', '359', '360', '361', '362', '363', '364', '365', '366', '367', '368', '369', '370', '371', '372', '373', '374', '375', '376', '377', '378', '379', '380', '381', '382', '383', '384', '385', '386', '387', '388', '389', '390', '391', '392', '393', '394', '395', '396', '397', '398', '399', '400', '401', '402', '403', '404', '405', '406', '407', '408', '409', '410', '411', '412', '413', '414', '415', '416', '417', '418', '419', '420', '421', '422', '423', '424', '425', '426', '427', '428', '429', '430', '431', '432', '433', '434', '435', '436', '437', '438', '439', '440', '441', '442', '443', '444', '445', '446', '447', '448', '449', '450', '451', '452', '453', '454', '456', '478', '482', '483', '484', '485', '486', '487', '488', '489', '490', '491', '492', '493', '494', '495', '496', '497', '498', '499', '500', '501', '502', '503', '504', '505', '506', '507', '508', '509', '510', '511', '512', '513', '514', '515', '516', '517', '518', '519', '520', '521', '522', '523', '524', '525', '526', '527', '528', '529', '530', '531', '532', '533', '534', '535', '536', '537', '538', '539', '540', '541', '542', '543', '544', '545', '546', '547', '548', '549', '550', '551', '552', '553', '554', '555', '556', '557', '558', '559', '560', '561', '562', '563', '564', '565', '566', '567', '568', '569', '570', '571', '572', '573', '574', '575', '576', '577', '578', '579', '580', '581', '582', '583', '584', '585', '586', '587', '588', '589', '590', '591', '592', '593', '594', '595', '596', '597', '598', '599'], '4': ['302', '303', '304', '305', '306', '307', '308'], '3': ['335', '336', '337'], '2': ['455', '457', '458', '459', '460', '461', '462', '463', '464', '465', '466', '467', '468', '469', '470', '471', '472', '473', '474', '475', '476', '477', '479', '480', '481']}})
 Cluster1  5
 Cluster to drop  1
 After reassigning and merging cells 
 Timepoint  2
 Cluster  5  # of cells  8
 Cluster  1  # of cells  40
 Cluster  0  # of cells  52
 Timepoint  3
 Cluster  5  # of cells  228
 Cluster  0  # of cells  237
 Cluster  4  # of cells  7
 Cluster  3  # of cells  3
 Cluster  2  # of cells  25
 Tp cluster cell dict  {'5_2': 8, '1_2': 40, '0_2': 52, '5_3': 228, '0_3': 237, '4_3': 7, '3_3': 3, '2_3': 25}
 New Graph is here 
 ID  0  Timepoint  1  Mutations  []  Type  subclone
 ID  1  Timepoint  2  Mutations  [0, 1, 2, 3, 4, 5, 6, 7, 8, 9, 10]  Type  subclone
 ID  2  Timepoint  2  Mutations  [0, 1, 2, 3, 4, 5, 6, 7, 8, 9, 10, 21, 22, 23, 24]  Type  subclone
 ID  3  Timepoint  2  Mutations  [11, 12, 13, 14, 15, 16, 17, 18, 19, 20]  Type  subclone
 ID  4  Timepoint  3  Mutations  [0, 1, 2, 3, 4, 5, 6, 7, 8, 9, 10, 21, 22, 23, 24]  Type  subclone
 ID  5  Timepoint  3  Mutations  [11, 12, 13, 14, 15, 16, 17, 18, 19, 20]  Type  subclone
 ID  6  Timepoint  3  Mutations  [0, 1, 2, 3, 4, 5, 6, 7, 8, 9, 10, 21, 22, 23, 24, 26, 27, 28, 29, 30, 31, 32, 33, 34, 35, 36, 37, 38, 39, 40]  Type  subclone
 ID  7  Timepoint  3  Mutations  [0, 1, 2, 3, 4, 5, 6, 7, 8, 9, 10, 33, 41, 42, 43, 44, 45, 46, 47, 48, 49, 50, 52]  Type  subclone
 ID  8  Timepoint  3  Mutations  [11, 12, 13, 14, 15, 16, 17, 18, 19, 20, 25, 53, 54, 55, 56, 57, 58, 59]  Type  subclone
Timepoints  SortedDict({1: [0], 2: [1, 2, 3], 3: [4, 5, 6, 7, 8]})
 Clone to nodes  {'5_2': 1, '1_2': 2, '0_2': 3, '5_3': 4, '0_3': 5, '4_3': 6, '3_3': 7, '2_3': 8}
 Timepoint ====  1
 Hash table  {'0,1': [0, 1, 2, 3, 4, 5, 6, 7, 8, 9, 10], '1': [21, 22, 23, 24], '2': [11, 12, 13, 14, 15, 16, 17, 18, 19, 20]}
 Final possible usc  [[0, 1, 2, 3, 4, 5, 6, 7, 8, 9, 10], [21, 22, 23, 24], [11, 12, 13, 14, 15, 16, 17, 18, 19, 20]]
 Time  1  USC keys  {'21,22,23,24_0', '11,12,13,14,15,16,17,18,19,20_0', '0,1,2,3,4,5,6,7,8,9,10_0'}
 USC children  {'0,1,2,3,4,5,6,7,8,9,10_0': [1, 2], '21,22,23,24_0': [2], '11,12,13,14,15,16,17,18,19,20_0': [3]}
 USC children  {'0,1,2,3,4,5,6,7,8,9,10_0': [1, 2], '21,22,23,24_0': [2], '11,12,13,14,15,16,17,18,19,20_0': [3]}
 Timepoint ====  2
 Hash table  {'0,1': [0, 1, 2, 3, 4, 5, 6, 7, 8, 9, 10, 33], '0': [21, 22, 23, 24, 26, 27, 28, 29, 30, 31, 32, 34, 35, 36, 37, 38, 39, 40], '1': [41, 42, 43, 44, 45, 46, 47, 48, 49, 50, 52], '2': [11, 12, 13, 14, 15, 16, 17, 18, 19, 20, 25, 53, 54, 55, 56, 57, 58, 59]}
====== Inside find superset of t nodes ==========
 Final possible usc  [[0, 1, 2, 3, 4, 5, 6, 7, 8, 9, 10, 33], [11, 12, 13, 14, 15, 16, 17, 18, 19, 20, 25, 53, 54, 55, 56, 57, 58, 59]]
 Time  2  USC keys  {'0,1,2,3,4,5,6,7,8,9,10,33_1', '11,12,13,14,15,16,17,18,19,20,25,53,54,55,56,57,58,59_3'}
 USC children  {'0,1,2,3,4,5,6,7,8,9,10_0': [1, 2], '21,22,23,24_0': [2], '11,12,13,14,15,16,17,18,19,20_0': [3], '0,1,2,3,4,5,6,7,8,9,10,33_1': [6, 7], '11,12,13,14,15,16,17,18,19,20,25,53,54,55,56,57,58,59_3': [8]}
 USC children  {'0,1,2,3,4,5,6,7,8,9,10_0': [1, 2], '21,22,23,24_0': [2], '11,12,13,14,15,16,17,18,19,20_0': [3], '0,1,2,3,4,5,6,7,8,9,10,33_1': [6, 7], '11,12,13,14,15,16,17,18,19,20,25,53,54,55,56,57,58,59_3': [8]}
 Node s  {'1,2': ['0', '1', '2', '3', '4', '5', '6', '7', '8', '9', '10'], '3': ['11', '12', '13', '14', '15', '16', '17', '18', '19', '20'], '6,7': ['0', '1', '2', '3', '4', '5', '6', '7', '8', '9', '10', '33'], '8': ['11', '12', '13', '14', '15', '16', '17', '18', '19', '20', '25', '53', '54', '55', '56', '57', '58', '59']}
 Enroll USC nodes  ['1', '2']  len  2
 Enroll USC nodes  ['3']  len  1
 Enroll USC nodes  ['6', '7']  len  2
 Enroll USC nodes  ['8']  len  1
 Node TP  SortedDict({1: [0], 2: [1, 2, 3], 3: [4, 5, 6, 7, 8]})
 Unobserved subclones at timepoints  {1.5: [9], 2.5: [10]}
 ============== Inside finding node v ============ 
 Time  2
 largest_v_mut  [[]]
 Time  3
 largest_v_mut  [[11, 12, 13, 14, 15, 16, 17, 18, 19, 20]]
 Sorted all timepoints  [1, 1.5, 2, 2.5, 3]
 Timepoint  2
 Inside usc_node check  2
 Timepoint  3
 Inside usc_node check  3
0   1   [-1]   subclone   []   []
1   2   [9]   subclone   [0, 1, 2, 3, 4, 5, 6, 7, 8, 9, 10]   [0]
2   2   [9]   subclone   [0, 1, 2, 3, 4, 5, 6, 7, 8, 9, 10, 21, 22, 23, 24]   [4]
3   2   [0]   subclone   [11, 12, 13, 14, 15, 16, 17, 18, 19, 20]   [10]
4   3   [2]   subclone   [0, 1, 2, 3, 4, 5, 6, 7, 8, 9, 10, 21, 22, 23, 24]   [0]
5   3   [3]   subclone   [11, 12, 13, 14, 15, 16, 17, 18, 19, 20]   [0]
6   3   [10]   subclone   [0, 1, 2, 3, 4, 5, 6, 7, 8, 9, 10, 21, 22, 23, 24, 26, 27, 28, 29, 30, 31, 32, 33, 34, 35, 36, 37, 38, 39, 40]   [18]
7   3   [10]   subclone   [0, 1, 2, 3, 4, 5, 6, 7, 8, 9, 10, 33, 41, 42, 43, 44, 45, 46, 47, 48, 49, 50, 52]   [11]
8   3   [3]   subclone   [11, 12, 13, 14, 15, 16, 17, 18, 19, 20, 25, 53, 54, 55, 56, 57, 58, 59]   [8]
9   1.5   [0]   unobserved subclone   [0, 1, 2, 3, 4, 5, 6, 7, 8, 9, 10]   [11]
10   2.5   [1]   unobserved subclone   [0, 1, 2, 3, 4, 5, 6, 7, 8, 9, 10, 33]   [1]
6
 Total estimated FP  324  True negatives  22421
 Total estimated FN  1199  True positives  4856
 Estimated FP rate  0.06255
 Estimated FN rate  0.05
 No. of Cells in each cluster  {'2_2': 6, '2_3': 30, '1_2': 42, '1_3': 198, '0_2': 52, '0_3': 236, '4_3': 7, '3_3': 3, '5_3': 26}
 Cells in each cluster  {'2_2': [0, 1, 2, 3, 4, 5], '2_3': [204, 210, 230, 282, 309, 310, 311, 312, 313, 314, 315, 316, 317, 318, 319, 320, 321, 322, 323, 324, 325, 326, 327, 328, 329, 330, 331, 332, 333, 334], '1_2': [6, 7, 8, 9, 10, 11, 12, 13, 14, 15, 16, 17, 18, 19, 20, 21, 22, 23, 24, 25, 26, 27, 28, 29, 30, 31, 32, 33, 34, 35, 36, 37, 38, 39, 40, 41, 42, 43, 44, 45, 46, 47], '1_3': [100, 101, 102, 103, 104, 105, 106, 107, 108, 109, 110, 111, 112, 113, 114, 115, 116, 117, 118, 119, 120, 121, 122, 123, 124, 125, 126, 127, 128, 129, 130, 131, 132, 133, 134, 135, 136, 137, 138, 139, 140, 141, 142, 143, 144, 145, 146, 147, 148, 149, 150, 151, 152, 153, 154, 155, 156, 157, 158, 159, 160, 161, 162, 163, 164, 165, 166, 167, 168, 169, 170, 171, 172, 173, 174, 175, 176, 177, 178, 179, 180, 181, 182, 183, 184, 185, 186, 187, 188, 189, 190, 191, 192, 193, 194, 195, 196, 197, 198, 199, 200, 201, 202, 203, 205, 206, 207, 208, 209, 211, 212, 213, 214, 215, 216, 217, 218, 219, 220, 221, 222, 223, 224, 225, 226, 227, 228, 229, 231, 232, 233, 234, 235, 236, 237, 238, 239, 240, 241, 242, 243, 244, 245, 246, 247, 248, 249, 250, 251, 252, 253, 254, 255, 256, 257, 258, 259, 260, 261, 262, 263, 264, 265, 266, 267, 268, 269, 270, 271, 272, 273, 274, 275, 276, 277, 278, 279, 280, 281, 283, 284, 285, 286, 287, 288, 289, 290, 291, 292, 293, 294, 295, 296, 297, 298, 299, 300, 301], '0_2': [48, 49, 50, 51, 52, 53, 54, 55, 56, 57, 58, 59, 60, 61, 62, 63, 64, 65, 66, 67, 68, 69, 70, 71, 72, 73, 74, 75, 76, 77, 78, 79, 80, 81, 82, 83, 84, 85, 86, 87, 88, 89, 90, 91, 92, 93, 94, 95, 96, 97, 98, 99], '0_3': [338, 339, 340, 341, 342, 343, 344, 345, 346, 347, 348, 349, 350, 351, 352, 353, 354, 355, 356, 357, 358, 359, 360, 361, 362, 363, 364, 365, 366, 367, 368, 369, 370, 371, 372, 373, 374, 375, 376, 377, 378, 379, 380, 381, 382, 383, 384, 385, 386, 387, 388, 389, 390, 391, 392, 393, 394, 395, 396, 397, 398, 399, 400, 401, 402, 403, 404, 405, 406, 407, 408, 409, 410, 411, 412, 413, 414, 415, 416, 417, 418, 419, 420, 421, 422, 423, 424, 425, 426, 427, 428, 429, 430, 431, 432, 433, 434, 435, 436, 437, 438, 439, 440, 441, 442, 443, 444, 445, 446, 447, 448, 449, 450, 451, 452, 453, 454, 478, 482, 483, 484, 485, 486, 487, 488, 489, 490, 491, 492, 493, 494, 495, 496, 497, 498, 499, 500, 501, 502, 503, 504, 505, 506, 507, 508, 509, 510, 511, 512, 513, 514, 515, 516, 517, 518, 519, 520, 521, 522, 523, 524, 525, 526, 527, 528, 529, 530, 531, 532, 533, 534, 535, 536, 537, 538, 539, 540, 541, 542, 543, 544, 545, 546, 547, 548, 549, 550, 551, 552, 553, 554, 555, 556, 557, 558, 559, 560, 561, 562, 563, 564, 565, 566, 567, 568, 569, 570, 571, 572, 573, 574, 575, 576, 577, 578, 579, 580, 581, 582, 583, 584, 585, 586, 587, 588, 589, 590, 591, 592, 593, 594, 595, 596, 597, 598, 599], '4_3': [302, 303, 304, 305, 306, 307, 308], '3_3': [335, 336, 337], '5_3': [455, 456, 457, 458, 459, 460, 461, 462, 463, 464, 465, 466, 467, 468, 469, 470, 471, 472, 473, 474, 475, 476, 477, 479, 480, 481]}
FP rate  0.06255 FN rate  0.05
 Before reassigning cells 
 Timepoint  2
 Cluster  2  # of cells  8
 Cluster  1  # of cells  40
 Cluster  0  # of cells  52
 Timepoint  3
 Cluster  2  # of cells  68
 Cluster  1  # of cells  159
 Cluster  0  # of cells  237
 Cluster  4  # of cells  7
 Cluster  3  # of cells  3
 Cluster  5  # of cells  25
 Cells absent at timepoint  3   {232}
 Missing cell prob  {'3': 6.89313813017019e-20, '2': 3.699968886582768e-07, '4': 1.9609240055645981e-22, '1': 3.699968886582768e-07, '5': 8.521281384373729e-31, '0': 6.939875351225815e-22}
 Cells absent at timepoint  2   set()
 Timepoint  2
 Timepoint  3
SortedDict({2: {'2': ['0', '1', '2', '3', '4', '5', '12', '27'], '1': ['6', '7', '8', '9', '10', '11', '13', '14', '15', '16', '17', '18', '19', '20', '21', '22', '23', '24', '25', '26', '28', '29', '30', '31', '32', '33', '34', '35', '36', '37', '38', '39', '40', '41', '42', '43', '44', '45', '46', '47'], '0': ['48', '49', '50', '51', '52', '53', '54', '55', '56', '57', '58', '59', '60', '61', '62', '63', '64', '65', '66', '67', '68', '69', '70', '71', '72', '73', '74', '75', '76', '77', '78', '79', '80', '81', '82', '83', '84', '85', '86', '87', '88', '89', '90', '91', '92', '93', '94', '95', '96', '97', '98', '99']}, 3: {'2': ['103', '104', '105', '107', '112', '113', '123', '131', '144', '145', '151', '157', '158', '160', '166', '173', '175', '176', '185', '192', '196', '204', '205', '206', '210', '224', '225', '227', '230', '231', '239', '249', '251', '253', '256', '261', '264', '269', '273', '282', '283', '293', '309', '310', '311', '312', '313', '314', '315', '316', '317', '318', '319', '320', '321', '322', '323', '324', '325', '326', '327', '328', '329', '330', '331', '332', '333', '334', '232'], '1': ['100', '101', '102', '106', '108', '109', '110', '111', '114', '115', '116', '117', '118', '119', '120', '121', '122', '124', '125', '126', '127', '128', '129', '130', '132', '133', '134', '135', '136', '137', '138', '139', '140', '141', '142', '143', '146', '147', '148', '149', '150', '152', '153', '154', '155', '156', '159', '161', '162', '163', '164', '165', '167', '168', '169', '170', '171', '172', '174', '177', '178', '179', '180', '181', '182', '183', '184', '186', '187', '188', '189', '190', '191', '193', '194', '195', '197', '198', '199', '200', '201', '202', '203', '207', '208', '209', '211', '212', '213', '214', '215', '216', '217', '218', '219', '220', '221', '222', '223', '226', '228', '229', '233', '234', '235', '236', '237', '238', '240', '241', '242', '243', '244', '245', '246', '247', '248', '250', '252', '254', '255', '257', '258', '259', '260', '262', '263', '265', '266', '267', '268', '270', '271', '272', '274', '275', '276', '277', '278', '279', '280', '281', '284', '285', '286', '287', '288', '289', '290', '291', '292', '294', '295', '296', '297', '298', '299', '300', '301'], '0': ['338', '339', '340', '341', '342', '343', '344', '345', '346', '347', '348', '349', '350', '351', '352', '353', '354', '355', '356', '357', '358', '359', '360', '361', '362', '363', '364', '365', '366', '367', '368', '369', '370', '371', '372', '373', '374', '375', '376', '377', '378', '379', '380', '381', '382', '383', '384', '385', '386', '387', '388', '389', '390', '391', '392', '393', '394', '395', '396', '397', '398', '399', '400', '401', '402', '403', '404', '405', '406', '407', '408', '409', '410', '411', '412', '413', '414', '415', '416', '417', '418', '419', '420', '421', '422', '423', '424', '425', '426', '427', '428', '429', '430', '431', '432', '433', '434', '435', '436', '437', '438', '439', '440', '441', '442', '443', '444', '445', '446', '447', '448', '449', '450', '451', '452', '453', '454', '456', '478', '482', '483', '484', '485', '486', '487', '488', '489', '490', '491', '492', '493', '494', '495', '496', '497', '498', '499', '500', '501', '502', '503', '504', '505', '506', '507', '508', '509', '510', '511', '512', '513', '514', '515', '516', '517', '518', '519', '520', '521', '522', '523', '524', '525', '526', '527', '528', '529', '530', '531', '532', '533', '534', '535', '536', '537', '538', '539', '540', '541', '542', '543', '544', '545', '546', '547', '548', '549', '550', '551', '552', '553', '554', '555', '556', '557', '558', '559', '560', '561', '562', '563', '564', '565', '566', '567', '568', '569', '570', '571', '572', '573', '574', '575', '576', '577', '578', '579', '580', '581', '582', '583', '584', '585', '586', '587', '588', '589', '590', '591', '592', '593', '594', '595', '596', '597', '598', '599'], '4': ['302', '303', '304', '305', '306', '307', '308'], '3': ['335', '336', '337'], '5': ['455', '457', '458', '459', '460', '461', '462', '463', '464', '465', '466', '467', '468', '469', '470', '471', '472', '473', '474', '475', '476', '477', '479', '480', '481']}})
 Cluster1  2
 Cluster to drop  1
 After reassigning and merging cells 
 Timepoint  2
 Cluster  2  # of cells  8
 Cluster  1  # of cells  40
 Cluster  0  # of cells  52
 Timepoint  3
 Cluster  2  # of cells  228
 Cluster  0  # of cells  237
 Cluster  4  # of cells  7
 Cluster  3  # of cells  3
 Cluster  5  # of cells  25
 Tp cluster cell dict  {'2_2': 8, '1_2': 40, '0_2': 52, '2_3': 228, '0_3': 237, '4_3': 7, '3_3': 3, '5_3': 25}
 New Graph is here 
 ID  0  Timepoint  1  Mutations  []  Type  subclone
 ID  1  Timepoint  2  Mutations  [0, 1, 2, 3, 4, 5, 6, 7, 8, 9, 10]  Type  subclone
 ID  2  Timepoint  2  Mutations  [0, 1, 2, 3, 4, 5, 6, 7, 8, 9, 10, 21, 22, 23, 24]  Type  subclone
 ID  3  Timepoint  2  Mutations  [11, 12, 13, 14, 15, 16, 17, 18, 19, 20]  Type  subclone
 ID  4  Timepoint  3  Mutations  [0, 1, 2, 3, 4, 5, 6, 7, 8, 9, 10, 21, 22, 23, 24]  Type  subclone
 ID  5  Timepoint  3  Mutations  [11, 12, 13, 14, 15, 16, 17, 18, 19, 20]  Type  subclone
 ID  6  Timepoint  3  Mutations  [0, 1, 2, 3, 4, 5, 6, 7, 8, 9, 10, 21, 22, 23, 24, 26, 27, 28, 29, 30, 31, 32, 33, 34, 35, 36, 37, 38, 39, 40]  Type  subclone
 ID  7  Timepoint  3  Mutations  [0, 1, 2, 3, 4, 5, 6, 7, 8, 9, 10, 41, 42, 43, 44, 45, 46, 47, 48, 49, 50, 52]  Type  subclone
 ID  8  Timepoint  3  Mutations  [11, 12, 13, 14, 15, 16, 17, 18, 19, 20, 25, 53, 54, 55, 56, 57, 58, 59]  Type  subclone
Timepoints  SortedDict({1: [0], 2: [1, 2, 3], 3: [4, 5, 6, 7, 8]})
 Clone to nodes  {'2_2': 1, '1_2': 2, '0_2': 3, '2_3': 4, '0_3': 5, '4_3': 6, '3_3': 7, '5_3': 8}
 Timepoint ====  1
 Hash table  {'0,1': [0, 1, 2, 3, 4, 5, 6, 7, 8, 9, 10], '1': [21, 22, 23, 24], '2': [11, 12, 13, 14, 15, 16, 17, 18, 19, 20]}
 Final possible usc  [[0, 1, 2, 3, 4, 5, 6, 7, 8, 9, 10], [21, 22, 23, 24], [11, 12, 13, 14, 15, 16, 17, 18, 19, 20]]
 Time  1  USC keys  {'21,22,23,24_0', '0,1,2,3,4,5,6,7,8,9,10_0', '11,12,13,14,15,16,17,18,19,20_0'}
 USC children  {'0,1,2,3,4,5,6,7,8,9,10_0': [1, 2], '21,22,23,24_0': [2], '11,12,13,14,15,16,17,18,19,20_0': [3]}
 USC children  {'0,1,2,3,4,5,6,7,8,9,10_0': [1, 2], '21,22,23,24_0': [2], '11,12,13,14,15,16,17,18,19,20_0': [3]}
 Timepoint ====  2
 Hash table  {'0,1': [0, 1, 2, 3, 4, 5, 6, 7, 8, 9, 10], '0': [21, 22, 23, 24, 26, 27, 28, 29, 30, 31, 32, 33, 34, 35, 36, 37, 38, 39, 40], '1': [41, 42, 43, 44, 45, 46, 47, 48, 49, 50, 52], '2': [11, 12, 13, 14, 15, 16, 17, 18, 19, 20, 25, 53, 54, 55, 56, 57, 58, 59]}
====== Inside find superset of t nodes ==========
 Final possible usc  [[11, 12, 13, 14, 15, 16, 17, 18, 19, 20, 25, 53, 54, 55, 56, 57, 58, 59]]
 Time  2  USC keys  {'11,12,13,14,15,16,17,18,19,20,25,53,54,55,56,57,58,59_3'}
 USC children  {'0,1,2,3,4,5,6,7,8,9,10_0': [1, 2], '21,22,23,24_0': [2], '11,12,13,14,15,16,17,18,19,20_0': [3], '11,12,13,14,15,16,17,18,19,20,25,53,54,55,56,57,58,59_3': [8]}
 USC children  {'0,1,2,3,4,5,6,7,8,9,10_0': [1, 2], '21,22,23,24_0': [2], '11,12,13,14,15,16,17,18,19,20_0': [3], '11,12,13,14,15,16,17,18,19,20,25,53,54,55,56,57,58,59_3': [8]}
 Node s  {'1,2': ['0', '1', '2', '3', '4', '5', '6', '7', '8', '9', '10'], '3': ['11', '12', '13', '14', '15', '16', '17', '18', '19', '20'], '8': ['11', '12', '13', '14', '15', '16', '17', '18', '19', '20', '25', '53', '54', '55', '56', '57', '58', '59']}
 Enroll USC nodes  ['1', '2']  len  2
 Enroll USC nodes  ['3']  len  1
 Enroll USC nodes  ['8']  len  1
 Node TP  SortedDict({1: [0], 2: [1, 2, 3], 3: [4, 5, 6, 7, 8]})
 Unobserved subclones at timepoints  {1.5: [9]}
 ============== Inside finding node v ============ 
 Time  2
 largest_v_mut  [[]]
 Time  3
 largest_v_mut  [[0, 1, 2, 3, 4, 5, 6, 7, 8, 9, 10, 21, 22, 23, 24]]
 largest_v_mut  [[0, 1, 2, 3, 4, 5, 6, 7, 8, 9, 10]]
 largest_v_mut  [[11, 12, 13, 14, 15, 16, 17, 18, 19, 20]]
 Sorted all timepoints  [1, 1.5, 2, 3]
 Timepoint  2
 Inside usc_node check  2
 Timepoint  3
0   1   [-1]   subclone   []   []
1   2   [9]   subclone   [0, 1, 2, 3, 4, 5, 6, 7, 8, 9, 10]   [0]
2   2   [9]   subclone   [0, 1, 2, 3, 4, 5, 6, 7, 8, 9, 10, 21, 22, 23, 24]   [4]
3   2   [0]   subclone   [11, 12, 13, 14, 15, 16, 17, 18, 19, 20]   [10]
4   3   [2]   subclone   [0, 1, 2, 3, 4, 5, 6, 7, 8, 9, 10, 21, 22, 23, 24]   [0]
5   3   [3]   subclone   [11, 12, 13, 14, 15, 16, 17, 18, 19, 20]   [0]
6   3   [2]   subclone   [0, 1, 2, 3, 4, 5, 6, 7, 8, 9, 10, 21, 22, 23, 24, 26, 27, 28, 29, 30, 31, 32, 33, 34, 35, 36, 37, 38, 39, 40]   [15]
7   3   [1]   subclone   [0, 1, 2, 3, 4, 5, 6, 7, 8, 9, 10, 41, 42, 43, 44, 45, 46, 47, 48, 49, 50, 52]   [11]
8   3   [3]   subclone   [11, 12, 13, 14, 15, 16, 17, 18, 19, 20, 25, 53, 54, 55, 56, 57, 58, 59]   [8]
9   1.5   [0]   unobserved subclone   [0, 1, 2, 3, 4, 5, 6, 7, 8, 9, 10]   [11]
 List of tree files  ['all_trees/v1v2_rep2_m1_tree.csv', 'all_trees/v1v2_rep2_m2_tree.csv', 'all_trees/v1v2_rep2_m3_tree.csv', 'all_trees/v1v2_rep2_m4_tree.csv', 'all_trees/v1v2_rep2_m5_tree.csv']
{'1': ['0', '1', '2', '3', '4', '5', '6', '7', '8', '9', '10'], '2': ['0', '1', '2', '3', '4', '5', '6', '7', '8', '9', '10', '21', '22', '23', '24'], '3': ['11', '12', '13', '14', '15', '16', '17', '18', '19', '20'], '4': ['0', '1', '2', '3', '4', '5', '6', '7', '8', '9', '10', '21', '22', '23', '24'], '5': ['11', '12', '13', '14', '15', '16', '17', '18', '19', '20'], '6': ['0', '1', '2', '3', '4', '5', '6', '7', '8', '9', '10', '21', '22', '23', '24', '26', '27', '28', '29', '30', '31', '32', '33', '34', '35', '36', '37', '38', '39', '40'], '7': ['0', '1', '2', '3', '4', '5', '6', '7', '8', '9', '10', '41', '42', '43', '44', '45', '46', '47', '48', '49', '50', '52'], '8': ['11', '12', '13', '14', '15', '16', '17', '18', '19', '20', '25', '53', '54', '55', '56', '57', '58', '59'], '9': ['0', '1', '2', '3', '4', '5', '6', '7', '8', '9', '10']}
 Actual mutation of  1   []
 Actual mutation of  2   ['23', '21', '24', '22']
 Actual mutation of  4   []
 Actual mutation of  5   []
 Actual mutation of  6   ['32', '28', '40', '27', '34', '37', '35', '29', '26', '36', '30', '39', '38', '31', '33']
 Actual mutation of  7   ['45', '44', '50', '43', '49', '46', '52', '42', '47', '41', '48']
 Actual mutation of  8   ['59', '56', '55', '53', '54', '57', '58', '25']
 Updated node mutation  {'1': [], '2': ['23', '21', '24', '22'], '3': ['11', '12', '13', '14', '15', '16', '17', '18', '19', '20'], '4': [], '5': [], '6': ['32', '28', '40', '27', '34', '37', '35', '29', '26', '36', '30', '39', '38', '31', '33'], '7': ['45', '44', '50', '43', '49', '46', '52', '42', '47', '41', '48'], '8': ['59', '56', '55', '53', '54', '57', '58', '25'], '9': ['0', '1', '2', '3', '4', '5', '6', '7', '8', '9', '10']}
{'1': ['0', '1', '2', '3', '4', '5', '6', '7', '8', '9', '10'], '2': ['0', '1', '2', '3', '4', '5', '6', '7', '8', '9', '10', '21', '22', '23', '24'], '3': ['11', '12', '13', '14', '15', '16', '17', '18', '19', '20'], '4': ['0', '1', '2', '3', '4', '5', '6', '7', '8', '9', '10', '21', '22', '23', '24'], '5': ['11', '12', '13', '14', '15', '16', '17', '18', '19', '20'], '6': ['0', '1', '2', '3', '4', '5', '6', '7', '8', '9', '10', '21', '22', '23', '24', '26', '27', '28', '29', '30', '31', '32', '33', '34', '35', '36', '37', '38', '39', '40'], '7': ['0', '1', '2', '3', '4', '5', '6', '7', '8', '9', '10', '33', '41', '42', '43', '44', '45', '46', '47', '48', '49', '50', '52'], '8': ['11', '12', '13', '14', '15', '16', '17', '18', '19', '20', '25', '53', '54', '55', '56', '57', '58', '59'], '9': ['0', '1', '2', '3', '4', '5', '6', '7', '8', '9', '10'], '10': ['0', '1', '2', '3', '4', '5', '6', '7', '8', '9', '10', '33']}
 Actual mutation of  1   []
 Actual mutation of  2   ['23', '21', '24', '22']
 Actual mutation of  4   []
 Actual mutation of  5   []
 Actual mutation of  6   ['32', '21', '28', '40', '27', '34', '23', '24', '37', '35', '22', '29', '26', '36', '30', '39', '38', '31']
 Actual mutation of  7   ['45', '44', '50', '43', '49', '46', '52', '42', '47', '41', '48']
 Actual mutation of  8   ['59', '56', '55', '53', '54', '57', '58', '25']
 Actual mutation of  10   ['33']
 Updated node mutation  {'1': [], '2': ['23', '21', '24', '22'], '3': ['11', '12', '13', '14', '15', '16', '17', '18', '19', '20'], '4': [], '5': [], '6': ['32', '21', '28', '40', '27', '34', '23', '24', '37', '35', '22', '29', '26', '36', '30', '39', '38', '31'], '7': ['45', '44', '50', '43', '49', '46', '52', '42', '47', '41', '48'], '8': ['59', '56', '55', '53', '54', '57', '58', '25'], '9': ['0', '1', '2', '3', '4', '5', '6', '7', '8', '9', '10'], '10': ['33']}
{'1': ['0', '1', '2', '3', '4', '5', '6', '7', '8', '9', '10'], '2': ['0', '1', '2', '3', '4', '5', '6', '7', '8', '9', '10', '21', '22', '23', '24'], '3': ['11', '12', '13', '14', '15', '16', '17', '18', '19', '20'], '4': ['0', '1', '2', '3', '4', '5', '6', '7', '8', '9', '10', '21', '22', '23', '24'], '5': ['11', '12', '13', '14', '15', '16', '17', '18', '19', '20'], '6': ['0', '1', '2', '3', '4', '5', '6', '7', '8', '9', '10', '21', '22', '23', '24', '26', '27', '28', '29', '30', '31', '32', '33', '34', '35', '36', '37', '38', '39', '40'], '7': ['0', '1', '2', '3', '4', '5', '6', '7', '9', '10', '20', '42', '43', '44', '45', '46', '47', '48', '49', '50', '52', '57'], '8': ['11', '12', '13', '14', '15', '16', '17', '18', '19', '20', '25', '53', '54', '55', '56', '57', '58', '59'], '9': ['0', '1', '2', '3', '4', '5', '6', '7', '8', '9', '10']}
 Actual mutation of  1   []
 Actual mutation of  2   ['23', '21', '24', '22']
 Actual mutation of  4   []
 Actual mutation of  5   []
 Actual mutation of  6   ['32', '28', '40', '27', '34', '37', '35', '29', '26', '36', '30', '39', '38', '31', '33']
 Actual mutation of  7   ['45', '44', '50', '43', '49', '46', '20', '52', '42', '47', '57', '48']
 Actual mutation of  8   ['59', '56', '55', '53', '54', '57', '58', '25']
 Updated node mutation  {'1': [], '2': ['23', '21', '24', '22'], '3': ['11', '12', '13', '14', '15', '16', '17', '18', '19', '20'], '4': [], '5': [], '6': ['32', '28', '40', '27', '34', '37', '35', '29', '26', '36', '30', '39', '38', '31', '33'], '7': ['45', '44', '50', '43', '49', '46', '20', '52', '42', '47', '57', '48'], '8': ['59', '56', '55', '53', '54', '57', '58', '25'], '9': ['0', '1', '2', '3', '4', '5', '6', '7', '8', '9', '10']}
{'1': ['0', '1', '2', '3', '4', '5', '6', '7', '8', '9', '10'], '2': ['0', '1', '2', '3', '4', '5', '6', '7', '8', '9', '10', '21', '22', '23', '24'], '3': ['11', '12', '13', '14', '15', '16', '17', '18', '19', '20'], '4': ['0', '1', '2', '3', '4', '5', '6', '7', '8', '9', '10', '21', '22', '23', '24'], '5': ['11', '12', '13', '14', '15', '16', '17', '18', '19', '20'], '6': ['0', '1', '2', '3', '4', '5', '6', '7', '8', '9', '10', '21', '22', '23', '24', '26', '27', '28', '29', '30', '31', '32', '33', '34', '35', '36', '37', '38', '39', '40'], '7': ['0', '1', '2', '3', '4', '5', '6', '7', '8', '9', '10', '33', '41', '42', '43', '44', '45', '46', '47', '48', '49', '50', '52'], '8': ['11', '12', '13', '14', '15', '16', '17', '18', '19', '20', '25', '53', '54', '55', '56', '57', '58', '59'], '9': ['0', '1', '2', '3', '4', '5', '6', '7', '8', '9', '10'], '10': ['0', '1', '2', '3', '4', '5', '6', '7', '8', '9', '10', '33']}
 Actual mutation of  1   []
 Actual mutation of  2   ['23', '21', '24', '22']
 Actual mutation of  4   []
 Actual mutation of  5   []
 Actual mutation of  6   ['32', '21', '28', '40', '27', '34', '23', '24', '37', '35', '22', '29', '26', '36', '30', '39', '38', '31']
 Actual mutation of  7   ['45', '44', '50', '43', '49', '46', '52', '42', '47', '41', '48']
 Actual mutation of  8   ['59', '56', '55', '53', '54', '57', '58', '25']
 Actual mutation of  10   ['33']
 Updated node mutation  {'1': [], '2': ['23', '21', '24', '22'], '3': ['11', '12', '13', '14', '15', '16', '17', '18', '19', '20'], '4': [], '5': [], '6': ['32', '21', '28', '40', '27', '34', '23', '24', '37', '35', '22', '29', '26', '36', '30', '39', '38', '31'], '7': ['45', '44', '50', '43', '49', '46', '52', '42', '47', '41', '48'], '8': ['59', '56', '55', '53', '54', '57', '58', '25'], '9': ['0', '1', '2', '3', '4', '5', '6', '7', '8', '9', '10'], '10': ['33']}
{'1': ['0', '1', '2', '3', '4', '5', '6', '7', '8', '9', '10'], '2': ['0', '1', '2', '3', '4', '5', '6', '7', '8', '9', '10', '21', '22', '23', '24'], '3': ['11', '12', '13', '14', '15', '16', '17', '18', '19', '20'], '4': ['0', '1', '2', '3', '4', '5', '6', '7', '8', '9', '10', '21', '22', '23', '24'], '5': ['11', '12', '13', '14', '15', '16', '17', '18', '19', '20'], '6': ['0', '1', '2', '3', '4', '5', '6', '7', '8', '9', '10', '21', '22', '23', '24', '26', '27', '28', '29', '30', '31', '32', '33', '34', '35', '36', '37', '38', '39', '40'], '7': ['0', '1', '2', '3', '4', '5', '6', '7', '8', '9', '10', '41', '42', '43', '44', '45', '46', '47', '48', '49', '50', '52'], '8': ['11', '12', '13', '14', '15', '16', '17', '18', '19', '20', '25', '53', '54', '55', '56', '57', '58', '59'], '9': ['0', '1', '2', '3', '4', '5', '6', '7', '8', '9', '10']}
 Actual mutation of  1   []
 Actual mutation of  2   ['23', '21', '24', '22']
 Actual mutation of  4   []
 Actual mutation of  5   []
 Actual mutation of  6   ['32', '28', '40', '27', '34', '37', '35', '29', '26', '36', '30', '39', '38', '31', '33']
 Actual mutation of  7   ['45', '44', '50', '43', '49', '46', '52', '42', '47', '41', '48']
 Actual mutation of  8   ['59', '56', '55', '53', '54', '57', '58', '25']
 Updated node mutation  {'1': [], '2': ['23', '21', '24', '22'], '3': ['11', '12', '13', '14', '15', '16', '17', '18', '19', '20'], '4': [], '5': [], '6': ['32', '28', '40', '27', '34', '37', '35', '29', '26', '36', '30', '39', '38', '31', '33'], '7': ['45', '44', '50', '43', '49', '46', '52', '42', '47', '41', '48'], '8': ['59', '56', '55', '53', '54', '57', '58', '25'], '9': ['0', '1', '2', '3', '4', '5', '6', '7', '8', '9', '10']}
 Parallel mutation count  {'m1': 0, 'm2': 4, 'm3': 2, 'm4': 4, 'm5': 0}
 Clusters with least parallel mutations  ['m1', 'm5']
 Cluster nos for each run  {'m1': 6, 'm5': 6}
 Run  m1
 Base path  ['v1v2', 'rep2', 'm1', 'tree.csv']
 Best tree path  v1v2_rep2_m1_tree.csv
