
DPMM with:
	600 cells
	34 mutations
	learning errors

	Priors:
	params.:	Beta(0.25,0.25)
	CRP a_0:	Gamma(24.49,1)
	FP:		trunc norm(0.01,0.01)
	FN:		trunc norm(0.2,0.1)

Move probabilitites:
	Split/merge:	0.33
		split/merge ratio:	[0.75, 0.25]
		intermediate Gibbs:	3
	CRP a_0 update:	0.25
	Errors update:	0.25

Run MCMC with (1 chains for 5000 steps):

Clustering time:	0:18:20.425122	(0.22 secs. per MCMC step)	Lugsail PSRF:		1.00788

Chain mean - posterior clusters	(#8):
	8 clusters

	A: 436 items
	B: 7 items
	C: 7 items
	D: 10 items
	E: 23 items
	F: 90 items
	G: 6 items
	H: 21 items

Inferred latent variables	--	chain mean - posterior
	CRP a_0:	102.7 +- 18.2
	FP (model|genotypes): 1.5E-03 +- 8.2E-04	|	8.1E-03
	FN (model|genotypes): 0.118   +- 0.015	|	0.157

Writing output to: ./sim_output/v1v2/rep5/m5

Too many cells to plot genotypes/clusters
