
DPMM with:
	600 cells
	42 mutations
	learning errors

	Priors:
	params.:	Beta(0.25,0.25)
	CRP a_0:	Gamma(24.49,1)
	FP:		trunc norm(0.01,0.01)
	FN:		trunc norm(0.2,0.1)

Move probabilitites:
	Split/merge:	0.33
		split/merge ratio:	[0.75, 0.25]
		intermediate Gibbs:	3
	CRP a_0 update:	0.25
	Errors update:	0.25

Run MCMC with (1 chains for 5000 steps):

Clustering time:	0:18:09.429720	(0.22 secs. per MCMC step)	Lugsail PSRF:		1.00813

Chain mean - posterior clusters	(#9):
	9 clusters

	A: 385 items
	B: 42 items
	C: 22 items
	D: 17 items
	E: 37 items
	F: 3 items
	G: 55 items
	H: 31 items
	I: 8 items

Inferred latent variables	--	chain mean - posterior
	CRP a_0:	99.0 +- 19.3
	FP (model|genotypes): 6.5E-04 +- 5.1E-04	|	7.9E-03
	FN (model|genotypes): 0.040   +- 0.007	|	0.080

Writing output to: ./sim_output/bp1/rep1/m1

Too many cells to plot genotypes/clusters
