
DPMM with:
	600 cells
	47 mutations
	learning errors

	Priors:
	params.:	Beta(0.25,0.25)
	CRP a_0:	Gamma(24.49,1)
	FP:		trunc norm(0.01,0.01)
	FN:		trunc norm(0.2,0.1)

Move probabilitites:
	Split/merge:	0.33
		split/merge ratio:	[0.75, 0.25]
		intermediate Gibbs:	3
	CRP a_0 update:	0.25
	Errors update:	0.25

Run MCMC with (1 chains for 5000 steps):

Clustering time:	0:20:09.625025	(0.24 secs. per MCMC step)	Lugsail PSRF:		1.00726

Chain mean - posterior clusters	(#7):
	7 clusters

	A: 396 items
	B: 23 items
	C: 11 items
	D: 1 items
	E: 96 items
	F: 69 items
	G: 4 items

Inferred latent variables	--	chain mean - posterior
	CRP a_0:	98.7 +- 19.0
	FP (model|genotypes): 1.9E-03 +- 1.1E-03	|	6.9E-03
	FN (model|genotypes): 0.124   +- 0.009	|	0.139

Writing output to: ./sim_output/mp3/rep4/m3

Too many cells to plot genotypes/clusters
