
DPMM with:
	600 cells
	46 mutations
	learning errors

	Priors:
	params.:	Beta(0.25,0.25)
	CRP a_0:	Gamma(24.49,1)
	FP:		trunc norm(0.01,0.01)
	FN:		trunc norm(0.2,0.1)

Move probabilitites:
	Split/merge:	0.33
		split/merge ratio:	[0.75, 0.25]
		intermediate Gibbs:	3
	CRP a_0 update:	0.25
	Errors update:	0.25

Run MCMC with (1 chains for 5000 steps):

Clustering time:	0:22:17.467747	(0.27 secs. per MCMC step)	Lugsail PSRF:		1.00815

Chain mean - posterior clusters	(#7):
	7 clusters

	A: 381 items
	B: 6 items
	C: 40 items
	D: 1 items
	E: 97 items
	F: 69 items
	G: 6 items

Inferred latent variables	--	chain mean - posterior
	CRP a_0:	101.7 +- 18.2
	FP (model|genotypes): 1.9E-03 +- 1.1E-03	|	7.8E-03
	FN (model|genotypes): 0.124   +- 0.010	|	0.159

Writing output to: ./sim_output/mc2/rep4/m5

Too many cells to plot genotypes/clusters
