
DPMM with:
	600 cells
	39 mutations
	learning errors

	Priors:
	params.:	Beta(0.25,0.25)
	CRP a_0:	Gamma(24.49,1)
	FP:		trunc norm(0.01,0.01)
	FN:		trunc norm(0.2,0.1)

Move probabilitites:
	Split/merge:	0.33
		split/merge ratio:	[0.75, 0.25]
		intermediate Gibbs:	3
	CRP a_0 update:	0.25
	Errors update:	0.25

Run MCMC with (1 chains for 5000 steps):

Clustering time:	0:19:27.943691	(0.23 secs. per MCMC step)	Lugsail PSRF:		1.00812

Chain mean - posterior clusters	(#25):
	25 clusters

	A: 287 items
	B: 23 items
	C: 6 items
	D: 83 items
	E: 18 items
	F: 21 items
	G: 7 items
	H: 6 items
	I: 4 items
	J: 3 items
	K: 4 items
	L: 9 items
	M: 4 items
	N: 14 items
	O: 7 items
	P: 38 items
	Q: 2 items
	R: 4 items
	S: 8 items
	T: 30 items
	U: 6 items
	V: 6 items
	W: 4 items
	X: 3 items
	Y: 3 items

Inferred latent variables	--	chain mean - posterior
	CRP a_0:	99.9 +- 17.5
	FP (model|genotypes): 7.0E-04 +- 4.1E-04	|	8.4E-03
	FN (model|genotypes): 0.110   +- 0.012	|	0.158

Writing output to: ./sim_output/mc2/rep1/m1

Too many cells to plot genotypes/clusters
