8
 Total estimated FP  230  True negatives  22465
 Total estimated FN  664  True positives  2561
 Estimated FP rate  0.08241
 Estimated FN rate  0.03
 No. of Cells in each cluster  {'4_2': 5, '1_2': 2, '1_3': 31, '5_3': 28, '3_3': 116, '2_2': 93, '2_3': 325}
 Cells in each cluster  {'4_2': [0, 1, 2, 3, 4], '1_2': [5, 6], '1_3': [128, 129, 130, 131, 132, 133, 134, 135, 136, 137, 138, 139, 140, 141, 142, 143, 144, 145, 146, 147, 148, 149, 150, 151, 152, 153, 154, 155, 156, 157, 158], '5_3': [100, 101, 102, 103, 104, 105, 106, 107, 108, 109, 110, 111, 112, 113, 114, 115, 116, 117, 118, 119, 120, 121, 122, 123, 124, 125, 126, 127], '3_3': [318, 483, 484, 485, 486, 487, 488, 489, 490, 491, 492, 493, 494, 495, 496, 497, 498, 499, 500, 501, 502, 503, 504, 505, 506, 507, 508, 509, 510, 511, 512, 513, 514, 515, 516, 517, 518, 519, 520, 521, 522, 523, 524, 525, 526, 527, 528, 529, 530, 531, 532, 533, 534, 535, 536, 537, 538, 539, 540, 541, 542, 543, 544, 545, 546, 547, 548, 550, 551, 552, 553, 554, 555, 556, 557, 558, 559, 561, 562, 563, 564, 565, 566, 567, 568, 569, 570, 571, 572, 573, 574, 575, 576, 577, 578, 579, 580, 581, 582, 583, 584, 585, 586, 587, 588, 589, 590, 591, 592, 593, 594, 595, 596, 597, 598, 599], '2_2': [53, 7, 8, 9, 10, 11, 12, 13, 14, 15, 16, 17, 18, 19, 20, 21, 22, 23, 24, 25, 26, 27, 28, 29, 30, 31, 32, 33, 34, 35, 36, 37, 38, 39, 40, 41, 42, 43, 44, 45, 46, 47, 48, 49, 50, 51, 52, 54, 55, 56, 58, 60, 61, 62, 63, 64, 65, 67, 68, 69, 70, 71, 72, 73, 74, 75, 76, 77, 78, 79, 80, 81, 82, 84, 85, 86, 87, 88, 89, 90, 91, 92, 93, 94, 95, 96, 97, 98, 99, 83, 57, 59, 66], '2_3': [177, 203, 245, 273, 285, 345, 369, 159, 160, 161, 162, 163, 164, 165, 166, 167, 168, 169, 170, 171, 172, 173, 174, 175, 176, 178, 179, 180, 181, 182, 183, 184, 185, 186, 187, 188, 189, 190, 191, 192, 193, 194, 195, 196, 197, 198, 199, 201, 202, 204, 205, 206, 207, 208, 209, 210, 211, 212, 213, 214, 215, 216, 217, 218, 219, 220, 221, 222, 223, 224, 225, 226, 227, 228, 229, 230, 231, 232, 233, 234, 235, 236, 237, 238, 239, 240, 241, 242, 243, 244, 246, 247, 248, 249, 250, 251, 252, 254, 255, 256, 257, 258, 259, 260, 261, 262, 263, 264, 265, 266, 267, 268, 269, 270, 271, 272, 274, 275, 276, 277, 278, 279, 280, 281, 282, 283, 284, 286, 287, 288, 289, 290, 291, 292, 293, 294, 295, 296, 297, 298, 299, 300, 301, 302, 303, 304, 305, 306, 307, 308, 309, 310, 311, 312, 313, 314, 315, 316, 317, 319, 320, 321, 322, 323, 324, 325, 326, 327, 328, 329, 330, 331, 332, 333, 334, 335, 336, 337, 338, 339, 340, 341, 342, 343, 344, 346, 347, 348, 349, 350, 351, 352, 353, 354, 355, 356, 357, 358, 359, 360, 361, 362, 363, 364, 365, 366, 367, 368, 370, 371, 372, 373, 374, 375, 376, 377, 378, 379, 381, 382, 383, 384, 385, 386, 387, 388, 389, 390, 391, 392, 393, 394, 395, 396, 397, 398, 399, 400, 401, 402, 403, 404, 405, 406, 407, 408, 409, 410, 411, 412, 413, 414, 415, 416, 417, 418, 419, 420, 421, 423, 424, 427, 428, 429, 430, 431, 432, 433, 434, 435, 436, 437, 438, 439, 440, 441, 442, 443, 446, 447, 448, 449, 450, 451, 452, 453, 454, 455, 456, 457, 458, 459, 460, 461, 462, 463, 464, 465, 466, 467, 468, 469, 470, 471, 472, 473, 474, 475, 476, 477, 478, 479, 480, 481, 482, 200, 253, 380, 422, 425, 426, 444, 445, 549, 560]}
FP rate  0.08241 FN rate  0.03
 Before reassigning cells 
 Timepoint  2
 Cluster  4  # of cells  5
 Cluster  1  # of cells  2
 Cluster  2  # of cells  93
 Timepoint  3
 Cluster  1  # of cells  31
 Cluster  5  # of cells  28
 Cluster  3  # of cells  91
 Cluster  2  # of cells  350
 Cells absent at timepoint  2   set()
 Cells absent at timepoint  3   set()
 Timepoint  2
 Timepoint  3
 After reassigning and merging cells 
 Timepoint  2
 Cluster  4  # of cells  5
 Cluster  1  # of cells  2
 Cluster  2  # of cells  93
 Timepoint  3
 Cluster  1  # of cells  31
 Cluster  5  # of cells  28
 Cluster  3  # of cells  91
 Cluster  2  # of cells  350
 Tp cluster cell dict  {'4_2': 5, '1_2': 2, '2_2': 93, '1_3': 31, '5_3': 28, '3_3': 91, '2_3': 350}
 New Graph is here 
 ID  0  Timepoint  1  Mutations  []  Type  subclone
 ID  1  Timepoint  2  Mutations  [0, 1, 2, 3, 4, 5, 6, 12, 13, 14, 15, 16, 17, 18, 19]  Type  subclone
 ID  2  Timepoint  2  Mutations  [20, 21, 22, 23, 24, 25, 26, 27, 28, 29, 42, 43, 44, 45, 46, 47, 48]  Type  subclone
 ID  3  Timepoint  2  Mutations  [7, 8, 9, 10, 11]  Type  subclone
 ID  4  Timepoint  3  Mutations  [20, 21, 22, 23, 24, 25, 26, 27, 28, 29, 42, 43, 44, 45, 46, 47, 48]  Type  subclone
 ID  5  Timepoint  3  Mutations  [30, 31, 32, 33, 34, 35, 36, 37]  Type  subclone
 ID  6  Timepoint  3  Mutations  [7, 8, 9, 10, 11, 49, 50, 51, 52, 53]  Type  subclone
 ID  7  Timepoint  3  Mutations  [7, 8, 9, 10, 11]  Type  subclone
Timepoints  SortedDict({1: [0], 2: [1, 2, 3], 3: [4, 5, 6, 7]})
 Clone to nodes  {'4_2': 1, '1_2': 2, '2_2': 3, '1_3': 4, '5_3': 5, '3_3': 6, '2_3': 7}
 Timepoint ====  1
 Hash table  {'0': [0, 1, 2, 3, 4, 5, 6, 12, 13, 14, 15, 16, 17, 18, 19], '1': [20, 21, 22, 23, 24, 25, 26, 27, 28, 29, 42, 43, 44, 45, 46, 47, 48], '2': [7, 8, 9, 10, 11]}
 Final possible usc  [[0, 1, 2, 3, 4, 5, 6, 12, 13, 14, 15, 16, 17, 18, 19], [20, 21, 22, 23, 24, 25, 26, 27, 28, 29, 42, 43, 44, 45, 46, 47, 48], [7, 8, 9, 10, 11]]
 Time  1  USC keys  {'7,8,9,10,11_0', '20,21,22,23,24,25,26,27,28,29,42,43,44,45,46,47,48_0', '0,1,2,3,4,5,6,12,13,14,15,16,17,18,19_0'}
 USC children  {'0,1,2,3,4,5,6,12,13,14,15,16,17,18,19_0': [1], '20,21,22,23,24,25,26,27,28,29,42,43,44,45,46,47,48_0': [2], '7,8,9,10,11_0': [3]}
 USC children  {'0,1,2,3,4,5,6,12,13,14,15,16,17,18,19_0': [1], '20,21,22,23,24,25,26,27,28,29,42,43,44,45,46,47,48_0': [2], '7,8,9,10,11_0': [3]}
 Timepoint ====  2
 Hash table  {'0': [30, 31, 32, 33, 34, 35, 36, 37], '1': [7, 8, 9, 10, 11, 49, 50, 51, 52, 53]}
====== Inside find superset of t nodes ==========
 Final possible usc  [[7, 8, 9, 10, 11, 49, 50, 51, 52, 53]]
 Time  2  USC keys  {'7,8,9,10,11,49,50,51,52,53_3'}
 USC children  {'0,1,2,3,4,5,6,12,13,14,15,16,17,18,19_0': [1], '20,21,22,23,24,25,26,27,28,29,42,43,44,45,46,47,48_0': [2], '7,8,9,10,11_0': [3], '7,8,9,10,11,49,50,51,52,53_3': [6]}
 USC children  {'0,1,2,3,4,5,6,12,13,14,15,16,17,18,19_0': [1], '20,21,22,23,24,25,26,27,28,29,42,43,44,45,46,47,48_0': [2], '7,8,9,10,11_0': [3], '7,8,9,10,11,49,50,51,52,53_3': [6]}
 Node s  {'1': ['0', '1', '2', '3', '4', '5', '6', '12', '13', '14', '15', '16', '17', '18', '19'], '2': ['20', '21', '22', '23', '24', '25', '26', '27', '28', '29', '42', '43', '44', '45', '46', '47', '48'], '3': ['7', '8', '9', '10', '11'], '6': ['7', '8', '9', '10', '11', '49', '50', '51', '52', '53']}
 Enroll USC nodes  ['1']  len  1
 Enroll USC nodes  ['2']  len  1
 Enroll USC nodes  ['3']  len  1
 Enroll USC nodes  ['6']  len  1
 Node TP  SortedDict({1: [0], 2: [1, 2, 3], 3: [4, 5, 6, 7]})
 Unobserved subclones at timepoints  {}
 ============== Inside finding node v ============ 
 Time  2
 largest_v_mut  [[]]
 largest_v_mut  [[]]
 largest_v_mut  [[]]
 Time  3
 largest_v_mut  []
 largest_v_mut  [[7, 8, 9, 10, 11]]
 Sorted all timepoints  [1, 2, 3]
 Timepoint  2
 Timepoint  3
 Node  5  has no parent 
 USC nodes  []
 Node with minimum mutation sets  {1: 15, 2: 17, 3: 5}
0   1   [-1]   subclone   []   []
1   2   [0]   subclone   [0, 1, 2, 3, 4, 5, 6, 12, 13, 14, 15, 16, 17, 18, 19]   [15]
2   2   [0]   subclone   [20, 21, 22, 23, 24, 25, 26, 27, 28, 29, 42, 43, 44, 45, 46, 47, 48]   [17]
3   2   [0]   subclone   [7, 8, 9, 10, 11]   [5]
4   3   [2]   subclone   [20, 21, 22, 23, 24, 25, 26, 27, 28, 29, 42, 43, 44, 45, 46, 47, 48]   [0]
5   3   [3]   subclone   [30, 31, 32, 33, 34, 35, 36, 37]   [8]
6   3   [3]   subclone   [7, 8, 9, 10, 11, 49, 50, 51, 52, 53]   [5]
7   3   [3]   subclone   [7, 8, 9, 10, 11]   [0]
9
 Total estimated FP  227  True negatives  22466
 Total estimated FN  663  True positives  2564
 Estimated FP rate  0.08133
 Estimated FN rate  0.03
 No. of Cells in each cluster  {'4_2': 5, '1_2': 2, '1_3': 31, '8_2': 1, '8_3': 1, '5_3': 28, '3_3': 116, '0_2': 92, '0_3': 324}
 Cells in each cluster  {'4_2': [0, 1, 2, 3, 4], '1_2': [5, 6], '1_3': [128, 129, 130, 131, 132, 133, 134, 135, 136, 137, 138, 139, 140, 141, 142, 143, 144, 145, 146, 147, 148, 149, 150, 151, 152, 153, 154, 155, 156, 157, 158], '8_2': [59], '8_3': [425], '5_3': [100, 101, 102, 103, 104, 105, 106, 107, 108, 109, 110, 111, 112, 113, 114, 115, 116, 117, 118, 119, 120, 121, 122, 123, 124, 125, 126, 127], '3_3': [318, 483, 484, 485, 486, 487, 488, 489, 490, 491, 492, 493, 494, 495, 496, 497, 498, 499, 500, 501, 502, 503, 504, 505, 506, 507, 508, 509, 510, 511, 512, 513, 514, 515, 516, 517, 518, 519, 520, 521, 522, 523, 524, 525, 526, 527, 528, 529, 530, 531, 532, 533, 534, 535, 536, 537, 538, 539, 540, 541, 542, 543, 544, 545, 546, 547, 548, 550, 551, 552, 553, 554, 555, 556, 557, 558, 559, 561, 562, 563, 564, 565, 566, 567, 568, 569, 570, 571, 572, 573, 574, 575, 576, 577, 578, 579, 580, 581, 582, 583, 584, 585, 586, 587, 588, 589, 590, 591, 592, 593, 594, 595, 596, 597, 598, 599], '0_2': [83, 53, 57, 66, 7, 8, 9, 10, 11, 12, 13, 14, 15, 16, 17, 18, 19, 20, 21, 22, 23, 24, 25, 26, 27, 28, 29, 30, 31, 32, 33, 34, 35, 36, 37, 38, 39, 40, 41, 42, 43, 44, 45, 46, 47, 48, 49, 50, 51, 52, 54, 55, 56, 58, 60, 61, 62, 63, 64, 65, 67, 68, 69, 70, 71, 72, 73, 74, 75, 76, 77, 78, 79, 80, 81, 82, 84, 85, 86, 87, 88, 89, 90, 91, 92, 93, 94, 95, 96, 97, 98, 99], '0_3': [200, 253, 380, 422, 177, 203, 245, 273, 285, 345, 369, 426, 444, 445, 549, 560, 159, 160, 161, 162, 163, 164, 165, 166, 167, 168, 169, 170, 171, 172, 173, 174, 175, 176, 178, 179, 180, 181, 182, 183, 184, 185, 186, 187, 188, 189, 190, 191, 192, 193, 194, 195, 196, 197, 198, 199, 201, 202, 204, 205, 206, 207, 208, 209, 210, 211, 212, 213, 214, 215, 216, 217, 218, 219, 220, 221, 222, 223, 224, 225, 226, 227, 228, 229, 230, 231, 232, 233, 234, 235, 236, 237, 238, 239, 240, 241, 242, 243, 244, 246, 247, 248, 249, 250, 251, 252, 254, 255, 256, 257, 258, 259, 260, 261, 262, 263, 264, 265, 266, 267, 268, 269, 270, 271, 272, 274, 275, 276, 277, 278, 279, 280, 281, 282, 283, 284, 286, 287, 288, 289, 290, 291, 292, 293, 294, 295, 296, 297, 298, 299, 300, 301, 302, 303, 304, 305, 306, 307, 308, 309, 310, 311, 312, 313, 314, 315, 316, 317, 319, 320, 321, 322, 323, 324, 325, 326, 327, 328, 329, 330, 331, 332, 333, 334, 335, 336, 337, 338, 339, 340, 341, 342, 343, 344, 346, 347, 348, 349, 350, 351, 352, 353, 354, 355, 356, 357, 358, 359, 360, 361, 362, 363, 364, 365, 366, 367, 368, 370, 371, 372, 373, 374, 375, 376, 377, 378, 379, 381, 382, 383, 384, 385, 386, 387, 388, 389, 390, 391, 392, 393, 394, 395, 396, 397, 398, 399, 400, 401, 402, 403, 404, 405, 406, 407, 408, 409, 410, 411, 412, 413, 414, 415, 416, 417, 418, 419, 420, 421, 423, 424, 427, 428, 429, 430, 431, 432, 433, 434, 435, 436, 437, 438, 439, 440, 441, 442, 443, 446, 447, 448, 449, 450, 451, 452, 453, 454, 455, 456, 457, 458, 459, 460, 461, 462, 463, 464, 465, 466, 467, 468, 469, 470, 471, 472, 473, 474, 475, 476, 477, 478, 479, 480, 481, 482]}
FP rate  0.08133 FN rate  0.03
 Before reassigning cells 
 Timepoint  2
 Cluster  4  # of cells  5
 Cluster  1  # of cells  2
 Cluster  8  # of cells  3
 Cluster  0  # of cells  87
 Timepoint  3
 Cluster  1  # of cells  31
 Cluster  8  # of cells  5
 Cluster  5  # of cells  28
 Cluster  3  # of cells  90
 Cluster  0  # of cells  328
 Cells absent at timepoint  2   {24, 17, 92}
 Missing cell prob  {'8': 3.536881030263269e-06, '1': 4.089937709678256e-22, '0': 3.536881030263269e-06, '4': 3.215676049003739e-20}
 Missing cell prob  {'8': 0.0010644244155745858, '1': 4.286434886221608e-24, '0': 0.0010644244155745858, '4': 1.23086683411477e-19}
 Missing cell prob  {'8': 0.0012530010287938461, '1': 2.452446954103188e-18, '0': 0.001253001028793845, '4': 9.107689672410223e-26}
 Cells absent at timepoint  3   {262, 391, 458, 568, 588, 303, 464, 177, 467, 212, 276, 374, 404, 344, 345, 410, 379, 380}
 Missing cell prob  {'8': 0.0028668172817087677, '3': 9.983554084124131e-08, '0': 0.0028668172817087677, '1': 6.804849601991476e-27, '5': 5.611102584061644e-18}
 Missing cell prob  {'8': 3.3716950039971294e-05, '3': 3.5956029097070704e-08, '0': 3.3716950039971294e-05, '1': 3.7176666366734177e-28, '5': 8.802680932849244e-15}
 Missing cell prob  {'8': 9.651392993306775e-05, '3': 3.3610514541890264e-09, '0': 9.651392993306773e-05, '1': 2.7323069017230666e-27, '5': 2.5197454982404634e-14}
 Missing cell prob  {'8': 6.046155946510789e-07, '3': 2.99506622523724e-09, '0': 6.046155946510794e-07, '1': 2.0414548805974433e-28, '5': 5.765079017386923e-14}
 Missing cell prob  {'8': 0.004381293448732793, '3': 0.0017064164320685323, '0': 0.004381293448732793, '1': 9.752083667286337e-24, '5': 8.575323983349123e-18}
 Missing cell prob  {'8': 8.600451845126301e-05, '3': 9.17159163046231e-08, '0': 8.600451845126298e-05, '1': 6.251411183861509e-27, '5': 1.882638711633206e-15}
 Missing cell prob  {'8': 9.072879382168185e-07, '3': 1.0317916735263147e-12, '0': 9.072879382168189e-07, '1': 1.1733805914477195e-18, '5': 1.0317916735263147e-12}
 Missing cell prob  {'8': 3.850001665737719e-06, '3': 5.2219025270361955e-11, '0': 3.850001665737717e-06, '1': 3.500360356824257e-20, '5': 3.077980577518172e-14}
 Missing cell prob  {'8': 5.312254542025699e-05, '3': 5.665031346479544e-08, '0': 5.3122545420257004e-05, '1': 6.550863637262753e-24, '5': 1.551111707127869e-10}
 Missing cell prob  {'8': 0.02817449303701354, '3': 9.811632461631647e-07, '0': 0.02817449303701354, '1': 8.505875667082941e-28, '5': 6.576961007335811e-16}
 Missing cell prob  {'8': 5.549402772587102e-08, '3': 1.9325529767174022e-12, '0': 5.549402772587097e-08, '1': 7.2977565321926e-30, '5': 1.727960803284661e-16}
 Missing cell prob  {'8': 0.0010901813846257394, '3': 3.7965045363578444e-08, '0': 0.0010901813846257394, '1': 9.450972963425485e-25, '5': 7.307734452595349e-13}
 Missing cell prob  {'8': 2.2282155202289018e-08, '3': 8.274957975151799e-16, '0': 2.228215520228899e-08, '1': 2.5766381745659623e-24, '5': 1.992322656409695e-12}
 Missing cell prob  {'8': 2.427673583955587e-07, '3': 9.015688429705827e-15, '0': 2.427673583955587e-07, '1': 3.13967038003659e-19, '5': 6.338069114594751e-17}
 Missing cell prob  {'8': 7.798314421926458e-07, '3': 3.238969546968389e-10, '0': 7.798314421926458e-07, '1': 7.560944002212749e-24, '5': 6.648583692573744e-18}
 Missing cell prob  {'8': 0.0009485191345202269, '3': 1.0786808729121218e-09, '0': 0.0009485191345202275, '1': 3.0031919885566265e-22, '5': 2.640804279854773e-16}
 Missing cell prob  {'8': 1.1351108333541567e-06, '3': 4.215478421126992e-14, '0': 1.1351108333541565e-06, '1': 1.3126063789750684e-22, '5': 1.0149408844415805e-10}
 Missing cell prob  {'8': 3.7590403127465922e-06, '3': 4.781029087823129e-08, '0': 3.7590403127465922e-06, '1': 1.5875684763783725e-19, '5': 4.2748793759614756e-12}
 Timepoint  2
SortedDict({2: {'4': ['0', '1', '2', '3', '4'], '1': ['5', '6'], '8': ['49', '59', '71', '24', '17', '92'], '0': ['7', '8', '9', '10', '11', '12', '13', '14', '15', '16', '18', '19', '20', '21', '22', '23', '25', '26', '27', '28', '29', '30', '31', '32', '33', '34', '35', '36', '37', '38', '39', '40', '41', '42', '43', '44', '45', '46', '47', '48', '50', '51', '52', '53', '54', '55', '56', '57', '58', '60', '61', '62', '63', '64', '65', '66', '67', '68', '69', '70', '72', '73', '74', '75', '76', '77', '78', '79', '80', '81', '82', '83', '84', '85', '86', '87', '88', '89', '90', '91', '93', '94', '95', '96', '97', '98', '99']}, 3: {'1': ['128', '129', '130', '131', '132', '133', '134', '135', '136', '137', '138', '139', '140', '141', '142', '143', '144', '145', '146', '147', '148', '149', '150', '151', '152', '153', '154', '155', '156', '157', '158'], '8': ['201', '425', '445', '484', '526', '262', '391', '458', '588', '303', '177', '212', '276', '374', '404', '344', '345', '379', '380'], '5': ['100', '101', '102', '103', '104', '105', '106', '107', '108', '109', '110', '111', '112', '113', '114', '115', '116', '117', '118', '119', '120', '121', '122', '123', '124', '125', '126', '127'], '3': ['483', '485', '486', '490', '491', '492', '493', '494', '495', '497', '500', '501', '502', '503', '504', '505', '507', '508', '509', '510', '512', '513', '514', '515', '516', '517', '518', '520', '522', '523', '525', '527', '529', '530', '531', '532', '533', '534', '535', '536', '537', '538', '539', '541', '542', '543', '544', '545', '547', '548', '550', '551', '552', '553', '554', '555', '556', '557', '558', '559', '561', '562', '563', '564', '566', '569', '570', '571', '572', '573', '574', '575', '578', '580', '581', '582', '583', '584', '585', '586', '587', '589', '590', '592', '594', '595', '596', '597', '598', '599'], '0': ['159', '160', '161', '162', '163', '164', '165', '166', '167', '168', '169', '170', '171', '172', '173', '174', '175', '176', '178', '179', '180', '181', '182', '183', '184', '185', '186', '187', '188', '189', '190', '191', '192', '193', '194', '195', '196', '197', '198', '199', '200', '202', '203', '204', '205', '206', '207', '208', '209', '210', '211', '213', '214', '215', '216', '217', '218', '219', '220', '221', '222', '223', '224', '225', '226', '227', '228', '229', '230', '231', '232', '233', '234', '235', '236', '237', '238', '239', '240', '241', '242', '243', '244', '245', '246', '247', '248', '249', '250', '251', '252', '253', '254', '255', '256', '257', '258', '259', '260', '261', '263', '264', '265', '266', '267', '268', '269', '270', '271', '272', '273', '274', '275', '277', '278', '279', '280', '281', '282', '283', '284', '285', '286', '287', '288', '289', '290', '291', '292', '293', '294', '295', '296', '297', '298', '299', '300', '301', '302', '304', '305', '306', '307', '308', '309', '310', '311', '312', '313', '314', '315', '316', '317', '318', '319', '320', '321', '322', '323', '324', '325', '326', '327', '328', '329', '330', '331', '332', '333', '334', '335', '336', '337', '338', '339', '340', '341', '342', '343', '346', '347', '348', '349', '350', '351', '352', '353', '354', '355', '356', '357', '358', '359', '360', '361', '362', '363', '364', '365', '366', '367', '368', '369', '370', '371', '372', '373', '375', '376', '377', '378', '381', '382', '383', '384', '385', '386', '387', '388', '389', '390', '392', '393', '394', '395', '396', '397', '398', '399', '400', '401', '402', '403', '405', '406', '407', '408', '409', '411', '412', '413', '414', '415', '416', '417', '418', '419', '420', '421', '422', '423', '424', '426', '427', '428', '429', '430', '431', '432', '433', '434', '435', '436', '437', '438', '439', '440', '441', '442', '443', '444', '446', '447', '448', '449', '450', '451', '452', '453', '454', '455', '456', '457', '459', '460', '461', '462', '463', '465', '466', '468', '469', '470', '471', '472', '473', '474', '475', '476', '477', '478', '479', '480', '481', '482', '487', '488', '489', '496', '498', '499', '506', '511', '519', '521', '524', '528', '540', '546', '549', '560', '565', '567', '576', '577', '579', '591', '593', '568', '464', '467', '410']}})
 Cluster1  8
 Cluster to drop  0
 Timepoint  3
SortedDict({2: {'4': ['0', '1', '2', '3', '4'], '1': ['5', '6'], '8': ['49', '59', '71', '24', '17', '92', '7', '8', '9', '10', '11', '12', '13', '14', '15', '16', '18', '19', '20', '21', '22', '23', '25', '26', '27', '28', '29', '30', '31', '32', '33', '34', '35', '36', '37', '38', '39', '40', '41', '42', '43', '44', '45', '46', '47', '48', '50', '51', '52', '53', '54', '55', '56', '57', '58', '60', '61', '62', '63', '64', '65', '66', '67', '68', '69', '70', '72', '73', '74', '75', '76', '77', '78', '79', '80', '81', '82', '83', '84', '85', '86', '87', '88', '89', '90', '91', '93', '94', '95', '96', '97', '98', '99']}, 3: {'1': ['128', '129', '130', '131', '132', '133', '134', '135', '136', '137', '138', '139', '140', '141', '142', '143', '144', '145', '146', '147', '148', '149', '150', '151', '152', '153', '154', '155', '156', '157', '158'], '8': ['201', '425', '445', '484', '526', '262', '391', '458', '588', '303', '177', '212', '276', '374', '404', '344', '345', '379', '380'], '5': ['100', '101', '102', '103', '104', '105', '106', '107', '108', '109', '110', '111', '112', '113', '114', '115', '116', '117', '118', '119', '120', '121', '122', '123', '124', '125', '126', '127'], '3': ['483', '485', '486', '490', '491', '492', '493', '494', '495', '497', '500', '501', '502', '503', '504', '505', '507', '508', '509', '510', '512', '513', '514', '515', '516', '517', '518', '520', '522', '523', '525', '527', '529', '530', '531', '532', '533', '534', '535', '536', '537', '538', '539', '541', '542', '543', '544', '545', '547', '548', '550', '551', '552', '553', '554', '555', '556', '557', '558', '559', '561', '562', '563', '564', '566', '569', '570', '571', '572', '573', '574', '575', '578', '580', '581', '582', '583', '584', '585', '586', '587', '589', '590', '592', '594', '595', '596', '597', '598', '599'], '0': ['159', '160', '161', '162', '163', '164', '165', '166', '167', '168', '169', '170', '171', '172', '173', '174', '175', '176', '178', '179', '180', '181', '182', '183', '184', '185', '186', '187', '188', '189', '190', '191', '192', '193', '194', '195', '196', '197', '198', '199', '200', '202', '203', '204', '205', '206', '207', '208', '209', '210', '211', '213', '214', '215', '216', '217', '218', '219', '220', '221', '222', '223', '224', '225', '226', '227', '228', '229', '230', '231', '232', '233', '234', '235', '236', '237', '238', '239', '240', '241', '242', '243', '244', '245', '246', '247', '248', '249', '250', '251', '252', '253', '254', '255', '256', '257', '258', '259', '260', '261', '263', '264', '265', '266', '267', '268', '269', '270', '271', '272', '273', '274', '275', '277', '278', '279', '280', '281', '282', '283', '284', '285', '286', '287', '288', '289', '290', '291', '292', '293', '294', '295', '296', '297', '298', '299', '300', '301', '302', '304', '305', '306', '307', '308', '309', '310', '311', '312', '313', '314', '315', '316', '317', '318', '319', '320', '321', '322', '323', '324', '325', '326', '327', '328', '329', '330', '331', '332', '333', '334', '335', '336', '337', '338', '339', '340', '341', '342', '343', '346', '347', '348', '349', '350', '351', '352', '353', '354', '355', '356', '357', '358', '359', '360', '361', '362', '363', '364', '365', '366', '367', '368', '369', '370', '371', '372', '373', '375', '376', '377', '378', '381', '382', '383', '384', '385', '386', '387', '388', '389', '390', '392', '393', '394', '395', '396', '397', '398', '399', '400', '401', '402', '403', '405', '406', '407', '408', '409', '411', '412', '413', '414', '415', '416', '417', '418', '419', '420', '421', '422', '423', '424', '426', '427', '428', '429', '430', '431', '432', '433', '434', '435', '436', '437', '438', '439', '440', '441', '442', '443', '444', '446', '447', '448', '449', '450', '451', '452', '453', '454', '455', '456', '457', '459', '460', '461', '462', '463', '465', '466', '468', '469', '470', '471', '472', '473', '474', '475', '476', '477', '478', '479', '480', '481', '482', '487', '488', '489', '496', '498', '499', '506', '511', '519', '521', '524', '528', '540', '546', '549', '560', '565', '567', '576', '577', '579', '591', '593', '568', '464', '467', '410']}})
 Cluster1  8
 Cluster to drop  0
 After reassigning and merging cells 
 Timepoint  2
 Cluster  4  # of cells  5
 Cluster  1  # of cells  2
 Cluster  8  # of cells  93
 Timepoint  3
 Cluster  1  # of cells  31
 Cluster  8  # of cells  351
 Cluster  5  # of cells  28
 Cluster  3  # of cells  90
 Tp cluster cell dict  {'4_2': 5, '1_2': 2, '8_2': 93, '1_3': 31, '8_3': 351, '5_3': 28, '3_3': 90}
 New Graph is here 
 ID  0  Timepoint  1  Mutations  []  Type  subclone
 ID  1  Timepoint  2  Mutations  [0, 1, 2, 3, 4, 5, 6, 12, 13, 14, 15, 16, 17, 18, 19]  Type  subclone
 ID  2  Timepoint  2  Mutations  [20, 21, 22, 23, 24, 25, 26, 27, 28, 29, 42, 43, 44, 45, 46, 47, 48]  Type  subclone
 ID  3  Timepoint  2  Mutations  [7, 8, 9, 10, 11]  Type  subclone
 ID  4  Timepoint  3  Mutations  [20, 21, 22, 23, 24, 25, 26, 27, 28, 29, 42, 43, 44, 45, 46, 47, 48]  Type  subclone
 ID  5  Timepoint  3  Mutations  [7, 8, 9, 10, 11]  Type  subclone
 ID  6  Timepoint  3  Mutations  [30, 31, 32, 33, 34, 35, 36, 37]  Type  subclone
 ID  7  Timepoint  3  Mutations  [7, 8, 9, 10, 11, 49, 50, 51, 52, 53]  Type  subclone
Timepoints  SortedDict({1: [0], 2: [1, 2, 3], 3: [4, 5, 6, 7]})
 Clone to nodes  {'4_2': 1, '1_2': 2, '8_2': 3, '1_3': 4, '8_3': 5, '5_3': 6, '3_3': 7}
 Timepoint ====  1
 Hash table  {'0': [0, 1, 2, 3, 4, 5, 6, 12, 13, 14, 15, 16, 17, 18, 19], '1': [20, 21, 22, 23, 24, 25, 26, 27, 28, 29, 42, 43, 44, 45, 46, 47, 48], '2': [7, 8, 9, 10, 11]}
 Final possible usc  [[0, 1, 2, 3, 4, 5, 6, 12, 13, 14, 15, 16, 17, 18, 19], [20, 21, 22, 23, 24, 25, 26, 27, 28, 29, 42, 43, 44, 45, 46, 47, 48], [7, 8, 9, 10, 11]]
 Time  1  USC keys  {'0,1,2,3,4,5,6,12,13,14,15,16,17,18,19_0', '20,21,22,23,24,25,26,27,28,29,42,43,44,45,46,47,48_0', '7,8,9,10,11_0'}
 USC children  {'0,1,2,3,4,5,6,12,13,14,15,16,17,18,19_0': [1], '20,21,22,23,24,25,26,27,28,29,42,43,44,45,46,47,48_0': [2], '7,8,9,10,11_0': [3]}
 USC children  {'0,1,2,3,4,5,6,12,13,14,15,16,17,18,19_0': [1], '20,21,22,23,24,25,26,27,28,29,42,43,44,45,46,47,48_0': [2], '7,8,9,10,11_0': [3]}
 Timepoint ====  2
 Hash table  {'0': [30, 31, 32, 33, 34, 35, 36, 37], '1': [7, 8, 9, 10, 11, 49, 50, 51, 52, 53]}
====== Inside find superset of t nodes ==========
 Final possible usc  [[7, 8, 9, 10, 11, 49, 50, 51, 52, 53]]
 Time  2  USC keys  {'7,8,9,10,11,49,50,51,52,53_3'}
 USC children  {'0,1,2,3,4,5,6,12,13,14,15,16,17,18,19_0': [1], '20,21,22,23,24,25,26,27,28,29,42,43,44,45,46,47,48_0': [2], '7,8,9,10,11_0': [3], '7,8,9,10,11,49,50,51,52,53_3': [7]}
 USC children  {'0,1,2,3,4,5,6,12,13,14,15,16,17,18,19_0': [1], '20,21,22,23,24,25,26,27,28,29,42,43,44,45,46,47,48_0': [2], '7,8,9,10,11_0': [3], '7,8,9,10,11,49,50,51,52,53_3': [7]}
 Node s  {'1': ['0', '1', '2', '3', '4', '5', '6', '12', '13', '14', '15', '16', '17', '18', '19'], '2': ['20', '21', '22', '23', '24', '25', '26', '27', '28', '29', '42', '43', '44', '45', '46', '47', '48'], '3': ['7', '8', '9', '10', '11'], '7': ['7', '8', '9', '10', '11', '49', '50', '51', '52', '53']}
 Enroll USC nodes  ['1']  len  1
 Enroll USC nodes  ['2']  len  1
 Enroll USC nodes  ['3']  len  1
 Enroll USC nodes  ['7']  len  1
 Node TP  SortedDict({1: [0], 2: [1, 2, 3], 3: [4, 5, 6, 7]})
 Unobserved subclones at timepoints  {}
 ============== Inside finding node v ============ 
 Time  2
 largest_v_mut  [[]]
 largest_v_mut  [[]]
 largest_v_mut  [[]]
 Time  3
 largest_v_mut  []
 largest_v_mut  [[7, 8, 9, 10, 11]]
 Sorted all timepoints  [1, 2, 3]
 Timepoint  2
 Timepoint  3
 Node  6  has no parent 
 USC nodes  []
 Node with minimum mutation sets  {1: 15, 2: 17, 3: 5}
0   1   [-1]   subclone   []   []
1   2   [0]   subclone   [0, 1, 2, 3, 4, 5, 6, 12, 13, 14, 15, 16, 17, 18, 19]   [15]
2   2   [0]   subclone   [20, 21, 22, 23, 24, 25, 26, 27, 28, 29, 42, 43, 44, 45, 46, 47, 48]   [17]
3   2   [0]   subclone   [7, 8, 9, 10, 11]   [5]
4   3   [2]   subclone   [20, 21, 22, 23, 24, 25, 26, 27, 28, 29, 42, 43, 44, 45, 46, 47, 48]   [0]
5   3   [3]   subclone   [7, 8, 9, 10, 11]   [0]
6   3   [3]   subclone   [30, 31, 32, 33, 34, 35, 36, 37]   [8]
7   3   [3]   subclone   [7, 8, 9, 10, 11, 49, 50, 51, 52, 53]   [5]
6
 Total estimated FP  230  True negatives  22465
 Total estimated FN  664  True positives  2561
 Estimated FP rate  0.08241
 Estimated FN rate  0.03
 No. of Cells in each cluster  {'4_2': 5, '3_2': 2, '3_3': 31, '5_3': 28, '1_3': 116, '2_2': 93, '2_3': 325}
 Cells in each cluster  {'4_2': [0, 1, 2, 3, 4], '3_2': [5, 6], '3_3': [128, 129, 130, 131, 132, 133, 134, 135, 136, 137, 138, 139, 140, 141, 142, 143, 144, 145, 146, 147, 148, 149, 150, 151, 152, 153, 154, 155, 156, 157, 158], '5_3': [100, 101, 102, 103, 104, 105, 106, 107, 108, 109, 110, 111, 112, 113, 114, 115, 116, 117, 118, 119, 120, 121, 122, 123, 124, 125, 126, 127], '1_3': [318, 483, 484, 485, 486, 487, 488, 489, 490, 491, 492, 493, 494, 495, 496, 497, 498, 499, 500, 501, 502, 503, 504, 505, 506, 507, 508, 509, 510, 511, 512, 513, 514, 515, 516, 517, 518, 519, 520, 521, 522, 523, 524, 525, 526, 527, 528, 529, 530, 531, 532, 533, 534, 535, 536, 537, 538, 539, 540, 541, 542, 543, 544, 545, 546, 547, 548, 550, 551, 552, 553, 554, 555, 556, 557, 558, 559, 561, 562, 563, 564, 565, 566, 567, 568, 569, 570, 571, 572, 573, 574, 575, 576, 577, 578, 579, 580, 581, 582, 583, 584, 585, 586, 587, 588, 589, 590, 591, 592, 593, 594, 595, 596, 597, 598, 599], '2_2': [7, 8, 9, 10, 11, 12, 13, 14, 15, 16, 17, 18, 19, 20, 21, 22, 23, 24, 25, 26, 27, 28, 29, 30, 31, 32, 33, 34, 35, 36, 37, 38, 39, 40, 41, 42, 43, 44, 45, 46, 47, 48, 49, 50, 51, 52, 53, 54, 55, 56, 57, 58, 59, 60, 61, 62, 63, 64, 65, 66, 67, 68, 69, 70, 71, 72, 73, 74, 75, 76, 77, 78, 79, 80, 81, 82, 84, 85, 86, 87, 88, 89, 90, 91, 92, 93, 94, 95, 96, 97, 98, 99, 83], '2_3': [159, 160, 161, 162, 163, 164, 165, 166, 167, 168, 169, 170, 171, 172, 173, 174, 175, 176, 177, 178, 179, 180, 181, 182, 183, 184, 185, 186, 187, 188, 189, 190, 191, 192, 193, 194, 195, 196, 197, 198, 199, 201, 202, 203, 204, 205, 206, 207, 208, 209, 210, 211, 212, 213, 214, 215, 216, 217, 218, 219, 220, 221, 222, 223, 224, 225, 226, 227, 228, 229, 230, 231, 232, 233, 234, 235, 236, 237, 238, 239, 240, 241, 242, 243, 244, 245, 246, 247, 248, 249, 250, 251, 252, 254, 255, 256, 257, 258, 259, 260, 261, 262, 263, 264, 265, 266, 267, 268, 269, 270, 271, 272, 273, 274, 275, 276, 277, 278, 279, 280, 281, 282, 283, 284, 285, 286, 287, 288, 289, 290, 291, 292, 293, 294, 295, 296, 297, 298, 299, 300, 301, 302, 303, 304, 305, 306, 307, 308, 309, 310, 311, 312, 313, 314, 315, 316, 317, 319, 320, 321, 322, 323, 324, 325, 326, 327, 328, 329, 330, 331, 332, 333, 334, 335, 336, 337, 338, 339, 340, 341, 342, 343, 344, 345, 346, 347, 348, 349, 350, 351, 352, 353, 354, 355, 356, 357, 358, 359, 360, 361, 362, 363, 364, 365, 366, 367, 368, 369, 370, 371, 372, 373, 374, 375, 376, 377, 378, 379, 381, 382, 383, 384, 385, 386, 387, 388, 389, 390, 391, 392, 393, 394, 395, 396, 397, 398, 399, 400, 401, 402, 403, 404, 405, 406, 407, 408, 409, 410, 411, 412, 413, 414, 415, 416, 417, 418, 419, 420, 421, 423, 424, 425, 427, 428, 429, 430, 431, 432, 433, 434, 435, 436, 437, 438, 439, 440, 441, 442, 443, 444, 445, 446, 447, 448, 449, 450, 451, 452, 453, 454, 455, 456, 457, 458, 459, 460, 461, 462, 463, 464, 465, 466, 467, 468, 469, 470, 471, 472, 473, 474, 475, 476, 477, 478, 479, 480, 481, 482, 549, 560, 200, 253, 380, 422, 426]}
FP rate  0.08241 FN rate  0.03
 Before reassigning cells 
 Timepoint  2
 Cluster  4  # of cells  5
 Cluster  3  # of cells  2
 Cluster  2  # of cells  93
 Timepoint  3
 Cluster  3  # of cells  31
 Cluster  5  # of cells  28
 Cluster  1  # of cells  91
 Cluster  2  # of cells  350
 Cells absent at timepoint  2   set()
 Cells absent at timepoint  3   set()
 Timepoint  2
 Timepoint  3
 After reassigning and merging cells 
 Timepoint  2
 Cluster  4  # of cells  5
 Cluster  3  # of cells  2
 Cluster  2  # of cells  93
 Timepoint  3
 Cluster  3  # of cells  31
 Cluster  5  # of cells  28
 Cluster  1  # of cells  91
 Cluster  2  # of cells  350
 Tp cluster cell dict  {'4_2': 5, '3_2': 2, '2_2': 93, '3_3': 31, '5_3': 28, '1_3': 91, '2_3': 350}
 New Graph is here 
 ID  0  Timepoint  1  Mutations  []  Type  subclone
 ID  1  Timepoint  2  Mutations  [0, 1, 2, 3, 4, 5, 6, 12, 13, 14, 15, 16, 17, 18, 19]  Type  subclone
 ID  2  Timepoint  2  Mutations  [20, 21, 22, 23, 24, 25, 26, 27, 28, 29, 42, 43, 44, 45, 46, 47, 48]  Type  subclone
 ID  3  Timepoint  2  Mutations  [7, 8, 9, 10, 11]  Type  subclone
 ID  4  Timepoint  3  Mutations  [20, 21, 22, 23, 24, 25, 26, 27, 28, 29, 42, 43, 44, 45, 46, 47, 48]  Type  subclone
 ID  5  Timepoint  3  Mutations  [30, 31, 32, 33, 34, 35, 36, 37]  Type  subclone
 ID  6  Timepoint  3  Mutations  [7, 8, 9, 10, 11, 49, 50, 51, 52, 53]  Type  subclone
 ID  7  Timepoint  3  Mutations  [7, 8, 9, 10, 11]  Type  subclone
Timepoints  SortedDict({1: [0], 2: [1, 2, 3], 3: [4, 5, 6, 7]})
 Clone to nodes  {'4_2': 1, '3_2': 2, '2_2': 3, '3_3': 4, '5_3': 5, '1_3': 6, '2_3': 7}
 Timepoint ====  1
 Hash table  {'0': [0, 1, 2, 3, 4, 5, 6, 12, 13, 14, 15, 16, 17, 18, 19], '1': [20, 21, 22, 23, 24, 25, 26, 27, 28, 29, 42, 43, 44, 45, 46, 47, 48], '2': [7, 8, 9, 10, 11]}
 Final possible usc  [[0, 1, 2, 3, 4, 5, 6, 12, 13, 14, 15, 16, 17, 18, 19], [20, 21, 22, 23, 24, 25, 26, 27, 28, 29, 42, 43, 44, 45, 46, 47, 48], [7, 8, 9, 10, 11]]
 Time  1  USC keys  {'0,1,2,3,4,5,6,12,13,14,15,16,17,18,19_0', '20,21,22,23,24,25,26,27,28,29,42,43,44,45,46,47,48_0', '7,8,9,10,11_0'}
 USC children  {'0,1,2,3,4,5,6,12,13,14,15,16,17,18,19_0': [1], '20,21,22,23,24,25,26,27,28,29,42,43,44,45,46,47,48_0': [2], '7,8,9,10,11_0': [3]}
 USC children  {'0,1,2,3,4,5,6,12,13,14,15,16,17,18,19_0': [1], '20,21,22,23,24,25,26,27,28,29,42,43,44,45,46,47,48_0': [2], '7,8,9,10,11_0': [3]}
 Timepoint ====  2
 Hash table  {'0': [30, 31, 32, 33, 34, 35, 36, 37], '1': [7, 8, 9, 10, 11, 49, 50, 51, 52, 53]}
====== Inside find superset of t nodes ==========
 Final possible usc  [[7, 8, 9, 10, 11, 49, 50, 51, 52, 53]]
 Time  2  USC keys  {'7,8,9,10,11,49,50,51,52,53_3'}
 USC children  {'0,1,2,3,4,5,6,12,13,14,15,16,17,18,19_0': [1], '20,21,22,23,24,25,26,27,28,29,42,43,44,45,46,47,48_0': [2], '7,8,9,10,11_0': [3], '7,8,9,10,11,49,50,51,52,53_3': [6]}
 USC children  {'0,1,2,3,4,5,6,12,13,14,15,16,17,18,19_0': [1], '20,21,22,23,24,25,26,27,28,29,42,43,44,45,46,47,48_0': [2], '7,8,9,10,11_0': [3], '7,8,9,10,11,49,50,51,52,53_3': [6]}
 Node s  {'1': ['0', '1', '2', '3', '4', '5', '6', '12', '13', '14', '15', '16', '17', '18', '19'], '2': ['20', '21', '22', '23', '24', '25', '26', '27', '28', '29', '42', '43', '44', '45', '46', '47', '48'], '3': ['7', '8', '9', '10', '11'], '6': ['7', '8', '9', '10', '11', '49', '50', '51', '52', '53']}
 Enroll USC nodes  ['1']  len  1
 Enroll USC nodes  ['2']  len  1
 Enroll USC nodes  ['3']  len  1
 Enroll USC nodes  ['6']  len  1
 Node TP  SortedDict({1: [0], 2: [1, 2, 3], 3: [4, 5, 6, 7]})
 Unobserved subclones at timepoints  {}
 ============== Inside finding node v ============ 
 Time  2
 largest_v_mut  [[]]
 largest_v_mut  [[]]
 largest_v_mut  [[]]
 Time  3
 largest_v_mut  []
 largest_v_mut  [[7, 8, 9, 10, 11]]
 Sorted all timepoints  [1, 2, 3]
 Timepoint  2
 Timepoint  3
 Node  5  has no parent 
 USC nodes  []
 Node with minimum mutation sets  {1: 15, 2: 17, 3: 5}
0   1   [-1]   subclone   []   []
1   2   [0]   subclone   [0, 1, 2, 3, 4, 5, 6, 12, 13, 14, 15, 16, 17, 18, 19]   [15]
2   2   [0]   subclone   [20, 21, 22, 23, 24, 25, 26, 27, 28, 29, 42, 43, 44, 45, 46, 47, 48]   [17]
3   2   [0]   subclone   [7, 8, 9, 10, 11]   [5]
4   3   [2]   subclone   [20, 21, 22, 23, 24, 25, 26, 27, 28, 29, 42, 43, 44, 45, 46, 47, 48]   [0]
5   3   [3]   subclone   [30, 31, 32, 33, 34, 35, 36, 37]   [8]
6   3   [3]   subclone   [7, 8, 9, 10, 11, 49, 50, 51, 52, 53]   [5]
7   3   [3]   subclone   [7, 8, 9, 10, 11]   [0]
11
 Total estimated FP  222  True negatives  22477
 Total estimated FN  652  True positives  2569
 Estimated FP rate  0.07954
 Estimated FN rate  0.03
 No. of Cells in each cluster  {'5_2': 5, '7_2': 2, '4_2': 1, '4_3': 1, '9_3': 28, '8_3': 31, '10_3': 1, '6_3': 115, '0_2': 92, '0_3': 324}
 Cells in each cluster  {'5_2': [0, 1, 2, 3, 4], '7_2': [5, 6], '4_2': [59], '4_3': [425], '9_3': [100, 101, 102, 103, 104, 105, 106, 107, 108, 109, 110, 111, 112, 113, 114, 115, 116, 117, 118, 119, 120, 121, 122, 123, 124, 125, 126, 127], '8_3': [128, 129, 130, 131, 132, 133, 134, 135, 136, 137, 138, 139, 140, 141, 142, 143, 144, 145, 146, 147, 148, 149, 150, 151, 152, 153, 154, 155, 156, 157, 158], '10_3': [318], '6_3': [483, 484, 485, 486, 487, 488, 489, 490, 491, 492, 493, 494, 495, 496, 497, 498, 499, 500, 501, 502, 503, 504, 505, 506, 507, 508, 509, 510, 511, 512, 513, 514, 515, 516, 517, 518, 519, 520, 521, 522, 523, 524, 525, 526, 527, 528, 529, 530, 531, 532, 533, 534, 535, 536, 537, 538, 539, 540, 541, 542, 543, 544, 545, 546, 547, 548, 550, 551, 552, 553, 554, 555, 556, 557, 558, 559, 561, 562, 563, 564, 565, 566, 567, 568, 569, 570, 571, 572, 573, 574, 575, 576, 577, 578, 579, 580, 581, 582, 583, 584, 585, 586, 587, 588, 589, 590, 591, 592, 593, 594, 595, 596, 597, 598, 599], '0_2': [53, 57, 66, 83, 7, 8, 9, 10, 11, 12, 13, 14, 15, 16, 17, 18, 19, 20, 21, 22, 23, 24, 25, 26, 27, 28, 29, 30, 31, 32, 33, 34, 35, 36, 37, 38, 39, 40, 41, 42, 43, 44, 45, 46, 47, 48, 49, 50, 51, 52, 54, 55, 56, 58, 60, 61, 62, 63, 64, 65, 67, 68, 69, 70, 71, 72, 73, 74, 75, 76, 77, 78, 79, 80, 81, 82, 84, 85, 86, 87, 88, 89, 90, 91, 92, 93, 94, 95, 96, 97, 98, 99], '0_3': [177, 203, 245, 273, 285, 345, 369, 426, 444, 445, 549, 560, 200, 253, 380, 422, 159, 160, 161, 162, 163, 164, 165, 166, 167, 168, 169, 170, 171, 172, 173, 174, 175, 176, 178, 179, 180, 181, 182, 183, 184, 185, 186, 187, 188, 189, 190, 191, 192, 193, 194, 195, 196, 197, 198, 199, 201, 202, 204, 205, 206, 207, 208, 209, 210, 211, 212, 213, 214, 215, 216, 217, 218, 219, 220, 221, 222, 223, 224, 225, 226, 227, 228, 229, 230, 231, 232, 233, 234, 235, 236, 237, 238, 239, 240, 241, 242, 243, 244, 246, 247, 248, 249, 250, 251, 252, 254, 255, 256, 257, 258, 259, 260, 261, 262, 263, 264, 265, 266, 267, 268, 269, 270, 271, 272, 274, 275, 276, 277, 278, 279, 280, 281, 282, 283, 284, 286, 287, 288, 289, 290, 291, 292, 293, 294, 295, 296, 297, 298, 299, 300, 301, 302, 303, 304, 305, 306, 307, 308, 309, 310, 311, 312, 313, 314, 315, 316, 317, 319, 320, 321, 322, 323, 324, 325, 326, 327, 328, 329, 330, 331, 332, 333, 334, 335, 336, 337, 338, 339, 340, 341, 342, 343, 344, 346, 347, 348, 349, 350, 351, 352, 353, 354, 355, 356, 357, 358, 359, 360, 361, 362, 363, 364, 365, 366, 367, 368, 370, 371, 372, 373, 374, 375, 376, 377, 378, 379, 381, 382, 383, 384, 385, 386, 387, 388, 389, 390, 391, 392, 393, 394, 395, 396, 397, 398, 399, 400, 401, 402, 403, 404, 405, 406, 407, 408, 409, 410, 411, 412, 413, 414, 415, 416, 417, 418, 419, 420, 421, 423, 424, 427, 428, 429, 430, 431, 432, 433, 434, 435, 436, 437, 438, 439, 440, 441, 442, 443, 446, 447, 448, 449, 450, 451, 452, 453, 454, 455, 456, 457, 458, 459, 460, 461, 462, 463, 464, 465, 466, 467, 468, 469, 470, 471, 472, 473, 474, 475, 476, 477, 478, 479, 480, 481, 482]}
FP rate  0.07954 FN rate  0.03
 Before reassigning cells 
 Timepoint  2
 Cluster  5  # of cells  5
 Cluster  7  # of cells  2
 Cluster  4  # of cells  6
 Cluster  0  # of cells  73
 Timepoint  3
 Cluster  4  # of cells  14
 Cluster  9  # of cells  28
 Cluster  8  # of cells  31
 Cluster  10  # of cells  3
 Cluster  6  # of cells  82
 Cluster  0  # of cells  279
 Cells absent at timepoint  2   {96, 97, 66, 68, 43, 45, 47, 17, 19, 93, 23, 24, 61, 94}
 Missing cell prob  {'7': 9.325080395816328e-21, '0': 3.341780114291768e-05, '5': 9.325080395816328e-21, '4': 3.341780114291767e-05}
 Missing cell prob  {'7': 2.4656153861090846e-24, '0': 0.003112345211235494, '5': 7.565001127659897e-23, '4': 0.003112345211235494}
 Missing cell prob  {'7': 1.0130891506221152e-20, '0': 2.9770546180379904e-06, '5': 3.507491826269493e-25, '4': 2.9770546180379896e-06}
 Missing cell prob  {'7': 1.7305438244832072e-27, '0': 0.025078324102310832, '5': 1.7305438244832072e-27, '4': 0.025078324102310832}
 Missing cell prob  {'7': 7.878995278060402e-25, '0': 0.0009945652254269896, '5': 7.878995278060402e-25, '4': 0.0009945652254269896}
 Missing cell prob  {'7': 6.555129089233797e-20, '0': 0.0011386628821593273, '5': 2.1364738573866756e-21, '4': 0.0011386628821593273}
 Missing cell prob  {'7': 2.4723896489441035e-20, '0': 0.033152174180899656, '5': 2.789858998614755e-26, '4': 0.033152174180899656}
 Missing cell prob  {'7': 1.199028231935448e-16, '0': 0.0011483780461483731, '5': 1.273685127762278e-19, '4': 0.0011483780461483731}
 Missing cell prob  {'7': 3.6587261481520825e-23, '0': 0.001505250113550963, '5': 1.1225703567760224e-21, '4': 0.001505250113550963}
 Missing cell prob  {'7': 1.3249629345298664e-21, '0': 0.054510792196328026, '5': 4.0652512757245373e-20, '4': 0.054510792196328026}
 Missing cell prob  {'7': 2.3274708362475612e-17, '0': 3.521637779874208e-05, '5': 8.559845379549793e-25, '4': 3.521637779874206e-05}
 Missing cell prob  {'7': 1.1862383736917196e-17, '0': 3.7029152793353715e-06, '5': 3.170313103536961e-20, '4': 3.7029152793353715e-06}
 Missing cell prob  {'7': 2.626331759353466e-23, '0': 2.8877429794968505e-06, '5': 2.4723896489441038e-20, '4': 2.8877429794968493e-06}
 Missing cell prob  {'7': 8.953456782275904e-19, '0': 4.15656755855736e-05, '5': 9.510939310610882e-22, '4': 4.156567558557358e-05}
 Cells absent at timepoint  3   {512, 385, 260, 261, 262, 383, 264, 391, 528, 404, 281, 410, 537, 286, 159, 546, 164, 292, 421, 296, 424, 176, 177, 305, 307, 180, 309, 310, 311, 437, 438, 186, 187, 315, 565, 446, 568, 322, 581, 327, 457, 588, 207, 591, 210, 212, 213, 214, 471, 344, 345, 222, 355, 356, 488, 489, 362, 237, 369, 374, 379, 380, 255}
 Missing cell prob  {'0': 1.600969542084413e-06, '10': 2.073967211522186e-08, '4': 1.6009695420844132e-06, '8': 9.059015718946586e-33, '9': 7.114597542660122e-21, '6': 3.084424764310211e-06}
 Missing cell prob  {'0': 9.227924772002999e-07, '10': 3.1948689502157345e-11, '4': 9.227924772003002e-07, '8': 2.9056553337672148e-28, '9': 2.1482298821250596e-13, '6': 3.1948689502157345e-11}
 Missing cell prob  {'0': 0.033152174180899656, '10': 3.5216377798742055e-05, '4': 0.033152174180899656, '8': 2.789858998614755e-26, '9': 2.1910464217872934e-14, '6': 3.7409108027016224e-08}
 Missing cell prob  {'0': 0.0010805089036210042, '10': 1.147786252484912e-06, '4': 0.0010805089036210046, '8': 2.626331759353467e-23, '9': 6.722568631327775e-13, '6': 3.973836751112313e-11}
 Missing cell prob  {'0': 0.0030189748548984296, '10': 3.2069498209942274e-06, '4': 0.0030189748548984296, '8': 6.391859976895784e-27, '9': 5.3324801335801356e-18, '6': 1.0452218958979947e-07}
 Missing cell prob  {'0': 2.7463725221895816e-05, '10': 2.9173740397767122e-08, '4': 2.7463725221895806e-05, '8': 2.0481621986403793e-23, '9': 5.569069970152767e-16, '6': 1.0100459167294383e-12}
 Missing cell prob  {'0': 0.00142837373146301, '10': 1.5173107106194404e-06, '4': 0.00142837373146301, '8': 4.233984247332245e-22, '9': 3.7521820393411707e-16, '6': 4.945279677398605e-08}
 Missing cell prob  {'0': 3.630554412241453e-05, '10': 3.856609074950128e-08, '4': 3.630554412241453e-05, '8': 3.7258840583394342e-28, '9': 8.978056348723618e-15, '6': 3.856609074950129e-08}
 Missing cell prob  {'0': 9.237438844414058e-06, '10': 1.196658948102962e-07, '4': 9.237438844414057e-06, '8': 1.733221211432913e-23, '9': 1.535990953164592e-17, '6': 4.756339810355805e-08}
 Missing cell prob  {'0': 2.4180395861379104e-08, '10': 8.371675956421637e-13, '4': 2.4180395861379094e-08, '8': 2.681887789072545e-24, '9': 2.1062500458984163e-12, '6': 8.892934191322146e-16}
 Missing cell prob  {'0': 0.0014725502386216597, '10': 1.5642378459994228e-06, '4': 0.0014725502386216597, '8': 5.654527493406801e-24, '9': 4.440845303464622e-12, '6': 1.6616343365963603e-09}
 Missing cell prob  {'0': 0.0010253249746669999, '10': 3.5498543891285954e-08, '4': 0.0010253249746669999, '8': 3.039267451866347e-22, '9': 2.693416904617084e-16, '6': 1.1569827224850381e-09}
 Missing cell prob  {'0': 4.951452192013647e-08, '10': 1.9680452159976403e-08, '4': 4.9514521920136496e-08, '8': 3.216503382913683e-30, '9': 3.2724434749781297e-20, '6': 9.539458033949102e-08}
 Missing cell prob  {'0': 2.5222994376808196e-06, '10': 2.679349156234191e-09, '4': 2.5222994376808188e-06, '8': 2.9717105650215245e-25, '9': 2.333865547796819e-13, '6': 2.8461774973131934e-12}
 Missing cell prob  {'0': 2.5279260517746224e-05, '10': 8.752122119330132e-10, '4': 2.5279260517746213e-05, '8': 2.127328725076309e-29, '9': 1.5727918873250824e-14, '6': 9.29706864512779e-13}
 Missing cell prob  {'0': 2.545130343530451e-08, '10': 2.545130343530451e-08, '4': 2.08700688169497e-09, '8': 2.3147339290122276e-25, '9': 5.92497792620015e-15, '6': 4.020823344836866e-09}
 Missing cell prob  {'0': 0.0016353237658898409, '10': 5.661776891639379e-08, '4': 0.0016353237658898406, '8': 1.2195753827173608e-21, '9': 3.121722601189423e-11, '6': 6.014304610616917e-11}
 Missing cell prob  {'0': 8.493935635637877e-07, '10': 9.022806308587765e-10, '4': 8.493935635637883e-07, '8': 2.3701928304758907e-22, '9': 6.44468964637518e-15, '6': 9.584606850647198e-13}
 Missing cell prob  {'0': 0.0010253249746669999, '10': 1.089166323672436e-06, '4': 0.0010253249746669999, '8': 9.905701883405083e-24, '9': 2.6934169046170855e-16, '6': 1.1569827224850381e-09}
 Missing cell prob  {'0': 6.702374605271781e-05, '10': 2.3204793112383964e-09, '4': 6.702374605271787e-05, '8': 6.87836287774673e-28, '9': 1.279438036878892e-12, '6': 2.4649628001115466e-12}
 Missing cell prob  {'0': 0.0010253249746669999, '10': 1.0891663236724357e-06, '4': 0.0010253249746669999, '8': 3.429527240339116e-28, '9': 2.693416904617085e-16, '6': 3.549854389128594e-08}
 Missing cell prob  {'0': 0.0013147608848624423, '10': 4.5519321318583225e-08, '4': 0.0013147608848624428, '8': 4.139871175932709e-25, '9': 3.251293320268714e-13, '6': 1.4835839032195815e-09}
 Missing cell prob  {'0': 4.022896464089011e-06, '10': 4.273380109296279e-09, '4': 4.022896464089009e-06, '8': 3.444270368660193e-20, '9': 3.0523328999309916e-14, '6': 5.535926821888452e-11}
 Missing cell prob  {'0': 0.0382792682049458, '10': 0.0012476132000829733, '4': 0.0382792682049458, '8': 4.790779258987953e-24, '9': 1.2262861404081144e-13, '6': 1.3252952147594947e-06}
 Missing cell prob  {'0': 7.339891363651185e-08, '10': 2.5411987630015956e-12, '4': 7.339891363651188e-08, '8': 6.675452052149077e-25, '9': 5.569069970152767e-16, '6': 8.282376517181393e-14}
 Missing cell prob  {'0': 0.0007996064651602986, '10': 8.493935635637883e-07, '4': 0.0007996064651602989, '8': 7.725027151019788e-24, '9': 6.44468964637518e-15, '6': 2.940749073915575e-11}
 Missing cell prob  {'0': 5.664696079494394e-05, '10': 5.664696079494394e-05, '4': 5.664696079494394e-05, '8': 5.914542295046857e-18, '9': 4.934272559405137e-09, '6': 6.392076321199829e-11}
 Missing cell prob  {'0': 8.756634675915337e-07, '10': 3.0317000762016234e-11, '4': 8.756634675915342e-07, '8': 1.0316849534874451e-25, '9': 2.3402778287760185e-09, '6': 3.220467371865568e-14}
 Missing cell prob  {'0': 1.0025340342875304e-06, '10': 3.470948167455114e-11, '4': 1.0025340342875304e-06, '8': 9.11780235559904e-24, '9': 2.4791825240238424e-16, '6': 3.470948167455116e-11}
 Missing cell prob  {'0': 1.5173107106194404e-06, '10': 1.5173107106194404e-06, '4': 1.244194782707941e-07, '8': 3.985809785688911e-19, '9': 3.3252060550828234e-10, '6': 5.253195054098396e-11}
 Missing cell prob  {'0': 0.001551804240774189, '10': 1.6484265591328688e-06, '4': 0.001551804240774189, '8': 4.886264659252732e-25, '9': 3.612548133631903e-10, '6': 5.372617688328232e-08}
 Missing cell prob  {'0': 2.98369567628097e-05, '10': 1.0330076272364213e-09, '4': 2.9836956762809685e-05, '8': 7.703860841594812e-28, '9': 1.8563566567175892e-14, '6': 3.366819722431461e-11}
 Missing cell prob  {'0': 8.068442021435084e-06, '10': 1.0452218958979944e-07, '4': 8.068442021435084e-06, '8': 7.3380510938301e-23, '9': 1.636111554585059e-16, '6': 2.9673676284896077e-13}
 Missing cell prob  {'0': 7.738919134692289e-05, '10': 8.220779081157745e-08, '4': 7.738919134692289e-05, '8': 1.1811607047834212e-25, '9': 7.606627820209954e-15, '6': 8.732641797256339e-11}
 Missing cell prob  {'0': 2.2053741525255892e-05, '10': 2.8569398487878505e-07, '4': 2.2053741525255885e-05, '8': 8.468538764678883e-26, '9': 5.4537051819501905e-15, '6': 3.484072986326649e-06}
 Missing cell prob  {'0': 7.818327995179247e-07, '10': 2.7068418925763304e-11, '4': 7.818327995179247e-07, '8': 2.461806636011742e-28, '9': 1.8200804885683252e-13, '6': 8.822247221746727e-13}
 Missing cell prob  {'0': 6.089876077301112e-07, '10': 2.1084216084054353e-11, '4': 6.089876077301111e-07, '8': 1.9175579930687368e-28, '9': 5.6349185805764165e-14, '6': 3.1356656876939845e-09}
 Missing cell prob  {'0': 0.0011139267047639222, '10': 1.183284796376198e-06, '4': 0.001113926704763922, '8': 3.301900627801694e-22, '9': 8.978056348723616e-15, '6': 4.096738918672487e-11}
 Missing cell prob  {'0': 1.3820259737063383e-08, '10': 1.7903379668342504e-10, '4': 1.3820259737063382e-08, '8': 1.0948478634283821e-29, '9': 9.133889825696492e-21, '6': 2.662608517005131e-08}
 Missing cell prob  {'0': 2.7463725221895816e-05, '10': 2.9173740397767112e-08, '4': 2.7463725221895806e-05, '8': 2.3111582524784432e-29, '9': 5.569069970152767e-16, '6': 3.099022881709263e-11}
 Missing cell prob  {'0': 8.594367819401467e-05, '10': 9.129491852264988e-08, '4': 8.594367819401473e-05, '8': 6.409421572160025e-23, '9': 1.85127030315131e-18, '6': 3.1607897518347332e-12}
 Missing cell prob  {'0': 0.004569144513566102, '10': 0.0001489193831421062, '4': 0.004569144513566102, '8': 9.10688772045139e-24, '9': 8.070578099222902e-18, '6': 0.0018160900383183678}
 Missing cell prob  {'0': 1.8507803187505395e-06, '10': 6.407725160467484e-11, '4': 1.8507803187505388e-06, '8': 1.5574894420348854e-30, '9': 4.57682439211599e-16, '6': 2.0884313801145573e-12}
 Missing cell prob  {'0': 2.2543473264577776e-05, '10': 2.920381878326587e-07, '4': 2.2543473264577786e-05, '8': 4.772968687244099e-29, '9': 1.221727204147116e-18, '6': 3.561441315032421e-06}
 Missing cell prob  {'0': 2.98369567628097e-05, '10': 1.0330076272364203e-09, '4': 2.9836956762809685e-05, '8': 2.3636985834181204e-26, '9': 1.8563566567175892e-14, '6': 1.0973273327786522e-12}
 Missing cell prob  {'0': 0.0305152502465509, '10': 3.241526710863011e-05, '4': 0.0305152502465509, '8': 8.369576995844267e-28, '9': 6.57313926536188e-16, '6': 1.056491333962262e-06}
 Missing cell prob  {'0': 0.0013439568439335464, '10': 4.653013648464347e-08, '4': 0.0013439568439335462, '8': 2.6786773853389437e-24, '9': 7.283476765815331e-17, '6': 4.6530136484643484e-08}
 Missing cell prob  {'0': 9.134198979064158e-05, '10': 9.702935330284824e-08, '4': 9.134198979064165e-05, '8': 1.076168642136006e-23, '9': 2.754647248915382e-13, '6': 3.3593259133114396e-12}
 Missing cell prob  {'0': 2.225708717456501e-08, '10': 7.705792850847862e-13, '4': 2.2257087174565e-08, '8': 8.546622590583479e-29, '9': 1.938718917247656e-12, '6': 7.705792850847863e-13}
 Missing cell prob  {'0': 2.4953944396190977e-07, '10': 2.650768931865018e-10, '4': 2.495394439619096e-07, '8': 3.177385272734496e-19, '9': 6.170901010504365e-17, '6': 9.177425655122496e-15}
 Missing cell prob  {'0': 7.80896892002013e-07, '10': 2.703601617068309e-11, '4': 7.80896892002013e-07, '8': 7.10206664099532e-24, '9': 6.2938937265383765e-18, '6': 3.2970751427662304e-10}
 Missing cell prob  {'0': 0.03493645455041248, '10': 3.711175549701218e-05, '4': 0.03493645455041248, '8': 2.5609175090438846e-30, '9': 6.170901010504368e-17, '6': 1.2095611595401913e-06}
 Missing cell prob  {'0': 3.0431639507549976e-06, '10': 3.232645038859777e-09, '4': 3.0431639507549963e-06, '8': 9.020544095521044e-25, '9': 5.809194412965377e-14, '6': 1.0535965839449115e-10}
 Missing cell prob  {'0': 0.0012476132000829728, '10': 4.3194551031858845e-08, '4': 0.0012476132000829737, '8': 4.7907792589879536e-24, '9': 1.2262861404081144e-13, '6': 4.588403824390458e-11}
 Missing cell prob  {'0': 0.0003079146281471352, '10': 0.00012238629948565027, '4': 0.0003079146281471353, '8': 6.519256643562335e-28, '9': 1.5709091474998675e-14, '6': 4.8644672687112275e-05}
 Missing cell prob  {'0': 0.00022102937862151237, '10': 2.8633129612653768e-06, '4': 0.00022102937862151245, '8': 1.8600312532766735e-28, '9': 1.1978527071156364e-17, '6': 2.8633129612653764e-06}
 Missing cell prob  {'0': 9.513324507219582e-07, '10': 3.293679330119315e-11, '4': 9.513324507219588e-07, '8': 1.0551385914300598e-22, '9': 2.8689820795360657e-15, '6': 1.0734891239551895e-12}
 Missing cell prob  {'0': 0.0012753180583165687, '10': 1.3547251021958666e-06, '4': 0.0012753180583165687, '8': 1.01031332109842e-24, '9': 2.747099609937891e-17, '6': 4.41537416790257e-08}
 Missing cell prob  {'0': 5.431722559880291e-08, '10': 1.8805573497302275e-12, '4': 5.431722559880291e-08, '8': 2.0857573307753417e-28, '9': 1.6380724397114916e-16, '6': 1.880557349730227e-12}
 Missing cell prob  {'0': 0.0011738792599580688, '10': 1.2469702675672077e-06, '4': 0.0011738792599580688, '8': 9.299529995382515e-25, '9': 7.303488072624312e-13, '6': 4.0641753065875994e-08}
 Missing cell prob  {'0': 1.2198812333775234e-06, '10': 4.2234421841984404e-11, '4': 1.2198812333775238e-06, '8': 1.352990498033701e-22, '9': 1.0625859553837283e-10, '6': 4.486412708810172e-14}
 Missing cell prob  {'0': 3.935503538458254e-06, '10': 4.1805457066668634e-09, '4': 3.935503538458254e-06, '8': 1.6332298802696495e-19, '9': 4.440845303464622e-12, '6': 5.0982264715449566e-08}
 Missing cell prob  {'0': 0.0012753180583165687, '10': 1.354725102195867e-06, '4': 0.0012753180583165687, '8': 2.9181463992816304e-20, '9': 2.4344960242081047e-11, '6': 4.690295241910546e-11}
 Timepoint  2
SortedDict({2: {'5': ['0', '1', '2', '3', '4'], '7': ['5', '6'], '4': ['11', '40', '49', '59', '71', '76'], '0': ['7', '8', '9', '10', '12', '13', '14', '15', '16', '18', '20', '21', '22', '25', '26', '27', '28', '29', '30', '31', '32', '33', '34', '35', '36', '37', '38', '39', '41', '42', '44', '46', '48', '50', '51', '52', '53', '54', '55', '56', '57', '58', '60', '62', '63', '64', '65', '67', '69', '70', '72', '73', '74', '75', '77', '78', '79', '80', '81', '82', '83', '84', '85', '86', '87', '88', '89', '90', '91', '92', '95', '98', '99', '96', '97', '66', '68', '43', '45', '47', '17', '19', '93', '23', '24', '61', '94']}, 3: {'4': ['201', '276', '303', '425', '445', '458', '464', '467', '484', '490', '526', '534', '572', '599', '385', '261', '292', '296', '176', '307', '180', '310', '457', '591', '214', '356', '488', '489', '362', '379'], '9': ['100', '101', '102', '103', '104', '105', '106', '107', '108', '109', '110', '111', '112', '113', '114', '115', '116', '117', '118', '119', '120', '121', '122', '123', '124', '125', '126', '127'], '8': ['128', '129', '130', '131', '132', '133', '134', '135', '136', '137', '138', '139', '140', '141', '142', '143', '144', '145', '146', '147', '148', '149', '150', '151', '152', '153', '154', '155', '156', '157', '158'], '10': ['318', '392', '597'], '6': ['483', '485', '486', '491', '492', '493', '494', '495', '497', '500', '501', '502', '503', '504', '505', '507', '508', '509', '510', '513', '514', '515', '516', '517', '518', '520', '522', '523', '525', '527', '529', '530', '531', '532', '533', '535', '536', '538', '539', '541', '542', '543', '544', '545', '547', '548', '550', '551', '552', '553', '554', '555', '556', '557', '558', '559', '561', '562', '563', '564', '566', '569', '570', '571', '573', '574', '575', '578', '580', '582', '583', '584', '585', '586', '587', '589', '590', '592', '594', '595', '596', '598', '512', '537', '581'], '0': ['160', '161', '162', '163', '165', '166', '167', '168', '169', '170', '171', '172', '173', '174', '175', '178', '179', '181', '182', '183', '184', '185', '188', '189', '190', '191', '192', '193', '194', '195', '196', '197', '198', '199', '200', '202', '203', '204', '205', '206', '208', '209', '211', '215', '216', '217', '218', '219', '220', '221', '223', '224', '225', '226', '227', '228', '229', '230', '231', '232', '233', '234', '235', '236', '238', '239', '240', '241', '242', '243', '244', '245', '246', '247', '248', '249', '250', '251', '252', '253', '254', '256', '257', '258', '259', '263', '265', '266', '267', '268', '269', '270', '271', '272', '273', '274', '275', '277', '278', '279', '280', '282', '283', '284', '285', '287', '288', '289', '290', '291', '293', '294', '295', '297', '298', '299', '300', '301', '302', '304', '306', '308', '312', '313', '314', '316', '317', '319', '320', '321', '323', '324', '325', '326', '328', '329', '330', '331', '332', '333', '334', '335', '336', '337', '338', '339', '340', '341', '342', '343', '346', '347', '348', '349', '350', '351', '352', '353', '354', '357', '358', '359', '360', '361', '363', '364', '365', '366', '367', '368', '370', '371', '372', '373', '375', '376', '377', '378', '381', '382', '384', '386', '387', '388', '389', '390', '393', '394', '395', '396', '397', '398', '399', '400', '401', '402', '403', '405', '406', '407', '408', '409', '411', '412', '413', '414', '415', '416', '417', '418', '419', '420', '422', '423', '426', '427', '428', '429', '430', '431', '432', '433', '434', '435', '436', '439', '440', '441', '442', '443', '444', '447', '448', '449', '450', '451', '452', '453', '454', '455', '456', '459', '460', '461', '462', '463', '465', '466', '468', '469', '470', '472', '473', '474', '475', '476', '477', '478', '479', '480', '481', '482', '487', '496', '498', '499', '506', '511', '519', '521', '524', '540', '549', '560', '567', '576', '577', '579', '593', '260', '262', '383', '264', '391', '528', '404', '281', '410', '286', '159', '546', '164', '421', '424', '177', '305', '309', '311', '437', '438', '186', '187', '315', '565', '446', '568', '322', '327', '588', '207', '210', '212', '213', '471', '344', '345', '222', '355', '237', '369', '374', '380', '255']}})
 Cluster1  4
 Cluster to drop  0
 Timepoint  3
SortedDict({2: {'5': ['0', '1', '2', '3', '4'], '7': ['5', '6'], '4': ['11', '40', '49', '59', '71', '76', '7', '8', '9', '10', '12', '13', '14', '15', '16', '18', '20', '21', '22', '25', '26', '27', '28', '29', '30', '31', '32', '33', '34', '35', '36', '37', '38', '39', '41', '42', '44', '46', '48', '50', '51', '52', '53', '54', '55', '56', '57', '58', '60', '62', '63', '64', '65', '67', '69', '70', '72', '73', '74', '75', '77', '78', '79', '80', '81', '82', '83', '84', '85', '86', '87', '88', '89', '90', '91', '92', '95', '98', '99', '96', '97', '66', '68', '43', '45', '47', '17', '19', '93', '23', '24', '61', '94']}, 3: {'4': ['201', '276', '303', '425', '445', '458', '464', '467', '484', '490', '526', '534', '572', '599', '385', '261', '292', '296', '176', '307', '180', '310', '457', '591', '214', '356', '488', '489', '362', '379'], '9': ['100', '101', '102', '103', '104', '105', '106', '107', '108', '109', '110', '111', '112', '113', '114', '115', '116', '117', '118', '119', '120', '121', '122', '123', '124', '125', '126', '127'], '8': ['128', '129', '130', '131', '132', '133', '134', '135', '136', '137', '138', '139', '140', '141', '142', '143', '144', '145', '146', '147', '148', '149', '150', '151', '152', '153', '154', '155', '156', '157', '158'], '10': ['318', '392', '597'], '6': ['483', '485', '486', '491', '492', '493', '494', '495', '497', '500', '501', '502', '503', '504', '505', '507', '508', '509', '510', '513', '514', '515', '516', '517', '518', '520', '522', '523', '525', '527', '529', '530', '531', '532', '533', '535', '536', '538', '539', '541', '542', '543', '544', '545', '547', '548', '550', '551', '552', '553', '554', '555', '556', '557', '558', '559', '561', '562', '563', '564', '566', '569', '570', '571', '573', '574', '575', '578', '580', '582', '583', '584', '585', '586', '587', '589', '590', '592', '594', '595', '596', '598', '512', '537', '581'], '0': ['160', '161', '162', '163', '165', '166', '167', '168', '169', '170', '171', '172', '173', '174', '175', '178', '179', '181', '182', '183', '184', '185', '188', '189', '190', '191', '192', '193', '194', '195', '196', '197', '198', '199', '200', '202', '203', '204', '205', '206', '208', '209', '211', '215', '216', '217', '218', '219', '220', '221', '223', '224', '225', '226', '227', '228', '229', '230', '231', '232', '233', '234', '235', '236', '238', '239', '240', '241', '242', '243', '244', '245', '246', '247', '248', '249', '250', '251', '252', '253', '254', '256', '257', '258', '259', '263', '265', '266', '267', '268', '269', '270', '271', '272', '273', '274', '275', '277', '278', '279', '280', '282', '283', '284', '285', '287', '288', '289', '290', '291', '293', '294', '295', '297', '298', '299', '300', '301', '302', '304', '306', '308', '312', '313', '314', '316', '317', '319', '320', '321', '323', '324', '325', '326', '328', '329', '330', '331', '332', '333', '334', '335', '336', '337', '338', '339', '340', '341', '342', '343', '346', '347', '348', '349', '350', '351', '352', '353', '354', '357', '358', '359', '360', '361', '363', '364', '365', '366', '367', '368', '370', '371', '372', '373', '375', '376', '377', '378', '381', '382', '384', '386', '387', '388', '389', '390', '393', '394', '395', '396', '397', '398', '399', '400', '401', '402', '403', '405', '406', '407', '408', '409', '411', '412', '413', '414', '415', '416', '417', '418', '419', '420', '422', '423', '426', '427', '428', '429', '430', '431', '432', '433', '434', '435', '436', '439', '440', '441', '442', '443', '444', '447', '448', '449', '450', '451', '452', '453', '454', '455', '456', '459', '460', '461', '462', '463', '465', '466', '468', '469', '470', '472', '473', '474', '475', '476', '477', '478', '479', '480', '481', '482', '487', '496', '498', '499', '506', '511', '519', '521', '524', '540', '549', '560', '567', '576', '577', '579', '593', '260', '262', '383', '264', '391', '528', '404', '281', '410', '286', '159', '546', '164', '421', '424', '177', '305', '309', '311', '437', '438', '186', '187', '315', '565', '446', '568', '322', '327', '588', '207', '210', '212', '213', '471', '344', '345', '222', '355', '237', '369', '374', '380', '255']}})
 Cluster1  4
 Cluster to drop  0
 After reassigning and merging cells 
 Timepoint  2
 Cluster  5  # of cells  5
 Cluster  7  # of cells  2
 Cluster  4  # of cells  93
 Timepoint  3
 Cluster  4  # of cells  353
 Cluster  9  # of cells  28
 Cluster  8  # of cells  31
 Cluster  10  # of cells  3
 Cluster  6  # of cells  85
 Tp cluster cell dict  {'5_2': 5, '7_2': 2, '4_2': 93, '4_3': 353, '9_3': 28, '8_3': 31, '10_3': 3, '6_3': 85}
 New Graph is here 
 ID  0  Timepoint  1  Mutations  []  Type  subclone
 ID  1  Timepoint  2  Mutations  [0, 1, 2, 3, 4, 5, 6, 12, 13, 14, 15, 16, 17, 18, 19]  Type  subclone
 ID  2  Timepoint  2  Mutations  [1, 2, 4, 6, 21, 22, 23, 24, 25, 26, 27, 28, 29, 36]  Type  subclone
 ID  3  Timepoint  2  Mutations  [7, 8, 9, 10, 11]  Type  subclone
 ID  4  Timepoint  3  Mutations  [7, 8, 9, 10, 11]  Type  subclone
 ID  5  Timepoint  3  Mutations  [30, 31, 32, 33, 34, 35, 36, 37]  Type  subclone
 ID  6  Timepoint  3  Mutations  [20, 21, 22, 23, 24, 25, 26, 27, 28, 29, 42, 43, 44, 45, 46, 47, 48]  Type  subclone
 ID  7  Timepoint  3  Mutations  [7, 8, 9, 10, 11, 53]  Type  subclone
 ID  8  Timepoint  3  Mutations  [7, 8, 9, 10, 11, 49, 50, 51, 52, 53]  Type  subclone
Timepoints  SortedDict({1: [0], 2: [1, 2, 3], 3: [4, 5, 6, 7, 8]})
 Clone to nodes  {'5_2': 1, '7_2': 2, '4_2': 3, '4_3': 4, '9_3': 5, '8_3': 6, '10_3': 7, '6_3': 8}
 Timepoint ====  1
 Hash table  {'0': [0, 3, 5, 12, 13, 14, 15, 16, 17, 18, 19], '0,1': [1, 2, 4, 6], '1': [21, 22, 23, 24, 25, 26, 27, 28, 29, 36], '2': [7, 8, 9, 10, 11]}
 Final possible usc  [[0, 3, 5, 12, 13, 14, 15, 16, 17, 18, 19], [1, 2, 4, 6], [21, 22, 23, 24, 25, 26, 27, 28, 29, 36], [7, 8, 9, 10, 11]]
 Time  1  USC keys  {'7,8,9,10,11_0', '1,2,4,6_0', '0,3,5,12,13,14,15,16,17,18,19_0', '21,22,23,24,25,26,27,28,29,36_0'}
 USC children  {'0,3,5,12,13,14,15,16,17,18,19_0': [1], '1,2,4,6_0': [1, 2], '21,22,23,24,25,26,27,28,29,36_0': [2], '7,8,9,10,11_0': [3]}
 USC children  {'0,3,5,12,13,14,15,16,17,18,19_0': [1], '1,2,4,6_0': [1, 2], '21,22,23,24,25,26,27,28,29,36_0': [2], '7,8,9,10,11_0': [3]}
 Timepoint ====  2
 Hash table  {'0': [30, 31, 32, 33, 34, 35, 36, 37], '1': [20, 21, 22, 23, 24, 25, 26, 27, 28, 29, 42, 43, 44, 45, 46, 47, 48], '2,3': [7, 8, 9, 10, 11, 53], '3': [49, 50, 51, 52]}
====== Inside find superset of t nodes ==========
 Final possible usc  [[7, 8, 9, 10, 11, 53]]
 Time  2  USC keys  {'7,8,9,10,11,53_3'}
 USC children  {'0,3,5,12,13,14,15,16,17,18,19_0': [1], '1,2,4,6_0': [1, 2], '21,22,23,24,25,26,27,28,29,36_0': [2], '7,8,9,10,11_0': [3], '7,8,9,10,11,53_3': [7, 8]}
 USC children  {'0,3,5,12,13,14,15,16,17,18,19_0': [1], '1,2,4,6_0': [1, 2], '21,22,23,24,25,26,27,28,29,36_0': [2], '7,8,9,10,11_0': [3], '7,8,9,10,11,53_3': [7, 8]}
 Node s  {'1,2': ['1', '2', '4', '6'], '3': ['7', '8', '9', '10', '11'], '7,8': ['7', '8', '9', '10', '11', '53']}
 Enroll USC nodes  ['1', '2']  len  2
 Enroll USC nodes  ['3']  len  1
 Enroll USC nodes  ['7', '8']  len  2
 Node TP  SortedDict({1: [0], 2: [1, 2, 3], 3: [4, 5, 6, 7, 8]})
 Unobserved subclones at timepoints  {1.5: [9], 2.5: [10]}
 ============== Inside finding node v ============ 
 Time  2
 largest_v_mut  [[]]
 Time  3
 largest_v_mut  []
 largest_v_mut  []
 Sorted all timepoints  [1, 1.5, 2, 2.5, 3]
 Timepoint  2
 Inside usc_node check  2
 Timepoint  3
 Inside usc_node check  3
 Node  5  has no parent 
 USC nodes  [10]
 Node with minimum mutation sets  {10: 6}
 Node  6  has no parent 
 USC nodes  [10]
 Node with minimum mutation sets  {10: 6}
0   1   [-1]   subclone   []   []
1   2   [9]   subclone   [0, 1, 2, 3, 4, 5, 6, 12, 13, 14, 15, 16, 17, 18, 19]   [11]
2   2   [9]   subclone   [1, 2, 4, 6, 21, 22, 23, 24, 25, 26, 27, 28, 29, 36]   [10]
3   2   [0]   subclone   [7, 8, 9, 10, 11]   [5]
4   3   [3]   subclone   [7, 8, 9, 10, 11]   [0]
5   3   [10]   subclone   [30, 31, 32, 33, 34, 35, 36, 37]   [8]
6   3   [10]   subclone   [20, 21, 22, 23, 24, 25, 26, 27, 28, 29, 42, 43, 44, 45, 46, 47, 48]   [17]
7   3   [10]   subclone   [7, 8, 9, 10, 11, 53]   [0]
8   3   [10]   subclone   [7, 8, 9, 10, 11, 49, 50, 51, 52, 53]   [4]
9   1.5   [0]   unobserved subclone   [1, 2, 4, 6]   [4]
10   2.5   [3]   unobserved subclone   [7, 8, 9, 10, 11, 53]   [1]
8
 Total estimated FP  230  True negatives  22462
 Total estimated FN  667  True positives  2561
 Estimated FP rate  0.08241
 Estimated FN rate  0.03
 No. of Cells in each cluster  {'5_2': 5, '3_2': 2, '3_3': 31, '4_3': 28, '6_3': 2, '1_3': 116, '2_2': 93, '2_3': 323}
 Cells in each cluster  {'5_2': [0, 1, 2, 3, 4], '3_2': [5, 6], '3_3': [128, 129, 130, 131, 132, 133, 134, 135, 136, 137, 138, 139, 140, 141, 142, 143, 144, 145, 146, 147, 148, 149, 150, 151, 152, 153, 154, 155, 156, 157, 158], '4_3': [100, 101, 102, 103, 104, 105, 106, 107, 108, 109, 110, 111, 112, 113, 114, 115, 116, 117, 118, 119, 120, 121, 122, 123, 124, 125, 126, 127], '6_3': [200, 380], '1_3': [318, 483, 484, 485, 486, 487, 488, 489, 490, 491, 492, 493, 494, 495, 496, 497, 498, 499, 500, 501, 502, 503, 504, 505, 506, 507, 508, 509, 510, 511, 512, 513, 514, 515, 516, 517, 518, 519, 520, 521, 522, 523, 524, 525, 526, 527, 528, 529, 530, 531, 532, 533, 534, 535, 536, 537, 538, 539, 540, 541, 542, 543, 544, 545, 546, 547, 548, 550, 551, 552, 553, 554, 555, 556, 557, 558, 559, 561, 562, 563, 564, 565, 566, 567, 568, 569, 570, 571, 572, 573, 574, 575, 576, 577, 578, 579, 580, 581, 582, 583, 584, 585, 586, 587, 588, 589, 590, 591, 592, 593, 594, 595, 596, 597, 598, 599], '2_2': [53, 7, 8, 9, 10, 11, 12, 13, 14, 15, 16, 17, 18, 19, 20, 21, 22, 23, 24, 25, 26, 27, 28, 29, 30, 31, 32, 33, 34, 35, 36, 37, 38, 39, 40, 41, 42, 43, 44, 45, 46, 47, 48, 49, 50, 51, 52, 54, 55, 56, 58, 60, 61, 62, 63, 64, 65, 67, 68, 69, 70, 71, 72, 73, 74, 75, 76, 77, 78, 79, 80, 81, 82, 83, 84, 85, 86, 87, 88, 89, 90, 91, 92, 93, 94, 95, 96, 97, 98, 99, 57, 59, 66], '2_3': [177, 203, 245, 273, 285, 345, 369, 159, 160, 161, 162, 163, 164, 165, 166, 167, 168, 169, 170, 171, 172, 173, 174, 175, 176, 178, 179, 180, 181, 182, 183, 184, 185, 186, 187, 188, 189, 190, 191, 192, 193, 194, 195, 196, 197, 198, 199, 201, 202, 204, 205, 206, 207, 208, 209, 210, 211, 212, 213, 214, 215, 216, 217, 218, 219, 220, 221, 222, 223, 224, 225, 226, 227, 228, 229, 230, 231, 232, 233, 234, 235, 236, 237, 238, 239, 240, 241, 242, 243, 244, 246, 247, 248, 249, 250, 251, 252, 253, 254, 255, 256, 257, 258, 259, 260, 261, 262, 263, 264, 265, 266, 267, 268, 269, 270, 271, 272, 274, 275, 276, 277, 278, 279, 280, 281, 282, 283, 284, 286, 287, 288, 289, 290, 291, 292, 293, 294, 295, 296, 297, 298, 299, 300, 301, 302, 303, 304, 305, 306, 307, 308, 309, 310, 311, 312, 313, 314, 315, 316, 317, 319, 320, 321, 322, 323, 324, 325, 326, 327, 328, 329, 330, 331, 332, 333, 334, 335, 336, 337, 338, 339, 340, 341, 342, 343, 344, 346, 347, 348, 349, 350, 351, 352, 353, 354, 355, 356, 357, 358, 359, 360, 361, 362, 363, 364, 365, 366, 367, 368, 370, 371, 372, 373, 374, 375, 376, 377, 378, 379, 381, 382, 383, 384, 385, 386, 387, 388, 389, 390, 391, 392, 393, 394, 395, 396, 397, 398, 399, 400, 401, 402, 403, 404, 405, 406, 407, 408, 409, 410, 411, 412, 413, 414, 415, 416, 417, 418, 419, 420, 421, 422, 423, 424, 427, 428, 429, 430, 431, 432, 433, 434, 435, 436, 437, 438, 439, 440, 441, 442, 443, 446, 447, 448, 449, 450, 451, 452, 453, 454, 455, 456, 457, 458, 459, 460, 461, 462, 463, 464, 465, 466, 467, 468, 469, 470, 471, 472, 473, 474, 475, 476, 477, 478, 479, 480, 481, 482, 425, 426, 444, 445, 549, 560]}
FP rate  0.08241 FN rate  0.03
 Before reassigning cells 
 Timepoint  2
 Cluster  5  # of cells  5
 Cluster  3  # of cells  2
 Cluster  2  # of cells  93
 Timepoint  3
 Cluster  3  # of cells  31
 Cluster  4  # of cells  28
 Cluster  1  # of cells  91
 Cluster  2  # of cells  350
 Cells absent at timepoint  2   set()
 Cells absent at timepoint  3   set()
 Timepoint  2
 Timepoint  3
 After reassigning and merging cells 
 Timepoint  2
 Cluster  5  # of cells  5
 Cluster  3  # of cells  2
 Cluster  2  # of cells  93
 Timepoint  3
 Cluster  3  # of cells  31
 Cluster  4  # of cells  28
 Cluster  1  # of cells  91
 Cluster  2  # of cells  350
 Tp cluster cell dict  {'5_2': 5, '3_2': 2, '2_2': 93, '3_3': 31, '4_3': 28, '1_3': 91, '2_3': 350}
 New Graph is here 
 ID  0  Timepoint  1  Mutations  []  Type  subclone
 ID  1  Timepoint  2  Mutations  [0, 1, 2, 3, 4, 5, 6, 12, 13, 14, 15, 16, 17, 18, 19]  Type  subclone
 ID  2  Timepoint  2  Mutations  [20, 21, 22, 23, 24, 25, 26, 27, 28, 29, 42, 43, 44, 45, 46, 47, 48]  Type  subclone
 ID  3  Timepoint  2  Mutations  [7, 8, 9, 10, 11]  Type  subclone
 ID  4  Timepoint  3  Mutations  [20, 21, 22, 23, 24, 25, 26, 27, 28, 29, 42, 43, 44, 45, 46, 47, 48]  Type  subclone
 ID  5  Timepoint  3  Mutations  [30, 31, 32, 33, 34, 35, 36, 37]  Type  subclone
 ID  6  Timepoint  3  Mutations  [7, 8, 9, 10, 11, 49, 50, 51, 52, 53]  Type  subclone
 ID  7  Timepoint  3  Mutations  [7, 8, 9, 10, 11]  Type  subclone
Timepoints  SortedDict({1: [0], 2: [1, 2, 3], 3: [4, 5, 6, 7]})
 Clone to nodes  {'5_2': 1, '3_2': 2, '2_2': 3, '3_3': 4, '4_3': 5, '1_3': 6, '2_3': 7}
 Timepoint ====  1
 Hash table  {'0': [0, 1, 2, 3, 4, 5, 6, 12, 13, 14, 15, 16, 17, 18, 19], '1': [20, 21, 22, 23, 24, 25, 26, 27, 28, 29, 42, 43, 44, 45, 46, 47, 48], '2': [7, 8, 9, 10, 11]}
 Final possible usc  [[0, 1, 2, 3, 4, 5, 6, 12, 13, 14, 15, 16, 17, 18, 19], [20, 21, 22, 23, 24, 25, 26, 27, 28, 29, 42, 43, 44, 45, 46, 47, 48], [7, 8, 9, 10, 11]]
 Time  1  USC keys  {'20,21,22,23,24,25,26,27,28,29,42,43,44,45,46,47,48_0', '7,8,9,10,11_0', '0,1,2,3,4,5,6,12,13,14,15,16,17,18,19_0'}
 USC children  {'0,1,2,3,4,5,6,12,13,14,15,16,17,18,19_0': [1], '20,21,22,23,24,25,26,27,28,29,42,43,44,45,46,47,48_0': [2], '7,8,9,10,11_0': [3]}
 USC children  {'0,1,2,3,4,5,6,12,13,14,15,16,17,18,19_0': [1], '20,21,22,23,24,25,26,27,28,29,42,43,44,45,46,47,48_0': [2], '7,8,9,10,11_0': [3]}
 Timepoint ====  2
 Hash table  {'0': [30, 31, 32, 33, 34, 35, 36, 37], '1': [7, 8, 9, 10, 11, 49, 50, 51, 52, 53]}
====== Inside find superset of t nodes ==========
 Final possible usc  [[7, 8, 9, 10, 11, 49, 50, 51, 52, 53]]
 Time  2  USC keys  {'7,8,9,10,11,49,50,51,52,53_3'}
 USC children  {'0,1,2,3,4,5,6,12,13,14,15,16,17,18,19_0': [1], '20,21,22,23,24,25,26,27,28,29,42,43,44,45,46,47,48_0': [2], '7,8,9,10,11_0': [3], '7,8,9,10,11,49,50,51,52,53_3': [6]}
 USC children  {'0,1,2,3,4,5,6,12,13,14,15,16,17,18,19_0': [1], '20,21,22,23,24,25,26,27,28,29,42,43,44,45,46,47,48_0': [2], '7,8,9,10,11_0': [3], '7,8,9,10,11,49,50,51,52,53_3': [6]}
 Node s  {'1': ['0', '1', '2', '3', '4', '5', '6', '12', '13', '14', '15', '16', '17', '18', '19'], '2': ['20', '21', '22', '23', '24', '25', '26', '27', '28', '29', '42', '43', '44', '45', '46', '47', '48'], '3': ['7', '8', '9', '10', '11'], '6': ['7', '8', '9', '10', '11', '49', '50', '51', '52', '53']}
 Enroll USC nodes  ['1']  len  1
 Enroll USC nodes  ['2']  len  1
 Enroll USC nodes  ['3']  len  1
 Enroll USC nodes  ['6']  len  1
 Node TP  SortedDict({1: [0], 2: [1, 2, 3], 3: [4, 5, 6, 7]})
 Unobserved subclones at timepoints  {}
 ============== Inside finding node v ============ 
 Time  2
 largest_v_mut  [[]]
 largest_v_mut  [[]]
 largest_v_mut  [[]]
 Time  3
 largest_v_mut  []
 largest_v_mut  [[7, 8, 9, 10, 11]]
 Sorted all timepoints  [1, 2, 3]
 Timepoint  2
 Timepoint  3
 Node  5  has no parent 
 USC nodes  []
 Node with minimum mutation sets  {1: 15, 2: 17, 3: 5}
0   1   [-1]   subclone   []   []
1   2   [0]   subclone   [0, 1, 2, 3, 4, 5, 6, 12, 13, 14, 15, 16, 17, 18, 19]   [15]
2   2   [0]   subclone   [20, 21, 22, 23, 24, 25, 26, 27, 28, 29, 42, 43, 44, 45, 46, 47, 48]   [17]
3   2   [0]   subclone   [7, 8, 9, 10, 11]   [5]
4   3   [2]   subclone   [20, 21, 22, 23, 24, 25, 26, 27, 28, 29, 42, 43, 44, 45, 46, 47, 48]   [0]
5   3   [3]   subclone   [30, 31, 32, 33, 34, 35, 36, 37]   [8]
6   3   [3]   subclone   [7, 8, 9, 10, 11, 49, 50, 51, 52, 53]   [5]
7   3   [3]   subclone   [7, 8, 9, 10, 11]   [0]
 List of tree files  ['all_trees/u1_rep1_m1_tree.csv', 'all_trees/u1_rep1_m2_tree.csv', 'all_trees/u1_rep1_m3_tree.csv', 'all_trees/u1_rep1_m4_tree.csv', 'all_trees/u1_rep1_m5_tree.csv']
{'1': ['0', '1', '2', '3', '4', '5', '6', '12', '13', '14', '15', '16', '17', '18', '19'], '2': ['20', '21', '22', '23', '24', '25', '26', '27', '28', '29', '42', '43', '44', '45', '46', '47', '48'], '3': ['7', '8', '9', '10', '11'], '4': ['20', '21', '22', '23', '24', '25', '26', '27', '28', '29', '42', '43', '44', '45', '46', '47', '48'], '5': ['30', '31', '32', '33', '34', '35', '36', '37'], '6': ['7', '8', '9', '10', '11', '49', '50', '51', '52', '53'], '7': ['7', '8', '9', '10', '11']}
 Actual mutation of  4   []
 Actual mutation of  5   ['33', '35', '31', '34', '36', '30', '32', '37']
 Actual mutation of  6   ['50', '53', '52', '51', '49']
 Actual mutation of  7   []
 Updated node mutation  {'1': ['0', '1', '2', '3', '4', '5', '6', '12', '13', '14', '15', '16', '17', '18', '19'], '2': ['20', '21', '22', '23', '24', '25', '26', '27', '28', '29', '42', '43', '44', '45', '46', '47', '48'], '3': ['7', '8', '9', '10', '11'], '4': [], '5': ['33', '35', '31', '34', '36', '30', '32', '37'], '6': ['50', '53', '52', '51', '49'], '7': []}
{'1': ['0', '1', '2', '3', '4', '5', '6', '12', '13', '14', '15', '16', '17', '18', '19'], '2': ['20', '21', '22', '23', '24', '25', '26', '27', '28', '29', '42', '43', '44', '45', '46', '47', '48'], '3': ['7', '8', '9', '10', '11'], '4': ['20', '21', '22', '23', '24', '25', '26', '27', '28', '29', '42', '43', '44', '45', '46', '47', '48'], '5': ['7', '8', '9', '10', '11'], '6': ['30', '31', '32', '33', '34', '35', '36', '37'], '7': ['7', '8', '9', '10', '11', '49', '50', '51', '52', '53']}
 Actual mutation of  4   []
 Actual mutation of  5   []
 Actual mutation of  6   ['33', '35', '31', '34', '36', '30', '32', '37']
 Actual mutation of  7   ['50', '53', '52', '51', '49']
 Updated node mutation  {'1': ['0', '1', '2', '3', '4', '5', '6', '12', '13', '14', '15', '16', '17', '18', '19'], '2': ['20', '21', '22', '23', '24', '25', '26', '27', '28', '29', '42', '43', '44', '45', '46', '47', '48'], '3': ['7', '8', '9', '10', '11'], '4': [], '5': [], '6': ['33', '35', '31', '34', '36', '30', '32', '37'], '7': ['50', '53', '52', '51', '49']}
{'1': ['0', '1', '2', '3', '4', '5', '6', '12', '13', '14', '15', '16', '17', '18', '19'], '2': ['20', '21', '22', '23', '24', '25', '26', '27', '28', '29', '42', '43', '44', '45', '46', '47', '48'], '3': ['7', '8', '9', '10', '11'], '4': ['20', '21', '22', '23', '24', '25', '26', '27', '28', '29', '42', '43', '44', '45', '46', '47', '48'], '5': ['30', '31', '32', '33', '34', '35', '36', '37'], '6': ['7', '8', '9', '10', '11', '49', '50', '51', '52', '53'], '7': ['7', '8', '9', '10', '11']}
 Actual mutation of  4   []
 Actual mutation of  5   ['33', '35', '31', '34', '36', '30', '32', '37']
 Actual mutation of  6   ['50', '53', '52', '51', '49']
 Actual mutation of  7   []
 Updated node mutation  {'1': ['0', '1', '2', '3', '4', '5', '6', '12', '13', '14', '15', '16', '17', '18', '19'], '2': ['20', '21', '22', '23', '24', '25', '26', '27', '28', '29', '42', '43', '44', '45', '46', '47', '48'], '3': ['7', '8', '9', '10', '11'], '4': [], '5': ['33', '35', '31', '34', '36', '30', '32', '37'], '6': ['50', '53', '52', '51', '49'], '7': []}
{'1': ['0', '1', '2', '3', '4', '5', '6', '12', '13', '14', '15', '16', '17', '18', '19'], '2': ['1', '2', '4', '6', '21', '22', '23', '24', '25', '26', '27', '28', '29', '36'], '3': ['7', '8', '9', '10', '11'], '4': ['7', '8', '9', '10', '11'], '5': ['30', '31', '32', '33', '34', '35', '36', '37'], '6': ['20', '21', '22', '23', '24', '25', '26', '27', '28', '29', '42', '43', '44', '45', '46', '47', '48'], '7': ['7', '8', '9', '10', '11', '53'], '8': ['7', '8', '9', '10', '11', '49', '50', '51', '52', '53'], '9': ['1', '2', '4', '6'], '10': ['7', '8', '9', '10', '11', '53']}
 Actual mutation of  1   ['5', '0', '15', '18', '3', '16', '19', '12', '17', '13', '14']
 Actual mutation of  2   ['22', '23', '21', '24', '27', '36', '25', '28', '26', '29']
 Actual mutation of  4   []
 Actual mutation of  5   ['33', '35', '31', '34', '36', '30', '32', '37']
 Actual mutation of  6   ['23', '22', '44', '43', '21', '24', '47', '27', '42', '45', '25', '28', '46', '48', '20', '26', '29']
 Actual mutation of  7   []
 Actual mutation of  8   ['51', '50', '52', '49']
 Actual mutation of  10   ['53']
 Updated node mutation  {'1': ['5', '0', '15', '18', '3', '16', '19', '12', '17', '13', '14'], '2': ['22', '23', '21', '24', '27', '36', '25', '28', '26', '29'], '3': ['7', '8', '9', '10', '11'], '4': [], '5': ['33', '35', '31', '34', '36', '30', '32', '37'], '6': ['23', '22', '44', '43', '21', '24', '47', '27', '42', '45', '25', '28', '46', '48', '20', '26', '29'], '7': [], '8': ['51', '50', '52', '49'], '9': ['1', '2', '4', '6'], '10': ['53']}
{'1': ['0', '1', '2', '3', '4', '5', '6', '12', '13', '14', '15', '16', '17', '18', '19'], '2': ['20', '21', '22', '23', '24', '25', '26', '27', '28', '29', '42', '43', '44', '45', '46', '47', '48'], '3': ['7', '8', '9', '10', '11'], '4': ['20', '21', '22', '23', '24', '25', '26', '27', '28', '29', '42', '43', '44', '45', '46', '47', '48'], '5': ['30', '31', '32', '33', '34', '35', '36', '37'], '6': ['7', '8', '9', '10', '11', '49', '50', '51', '52', '53'], '7': ['7', '8', '9', '10', '11']}
 Actual mutation of  4   []
 Actual mutation of  5   ['33', '35', '31', '34', '36', '30', '32', '37']
 Actual mutation of  6   ['50', '53', '52', '51', '49']
 Actual mutation of  7   []
 Updated node mutation  {'1': ['0', '1', '2', '3', '4', '5', '6', '12', '13', '14', '15', '16', '17', '18', '19'], '2': ['20', '21', '22', '23', '24', '25', '26', '27', '28', '29', '42', '43', '44', '45', '46', '47', '48'], '3': ['7', '8', '9', '10', '11'], '4': [], '5': ['33', '35', '31', '34', '36', '30', '32', '37'], '6': ['50', '53', '52', '51', '49'], '7': []}
 Parallel mutation count  {'m1': 0, 'm2': 0, 'm3': 0, 'm4': 10, 'm5': 0}
 Clusters with least parallel mutations  ['m1', 'm2', 'm3', 'm5']
 Cluster nos for each run  {'m1': 8, 'm2': 9, 'm3': 6, 'm5': 8}
 Run  m3
 Base path  ['u1', 'rep1', 'm1', 'tree.csv']
 Best tree path  u1_rep1_m3_tree.csv
