
DPMM with:
	600 cells
	25 mutations
	learning errors

	Priors:
	params.:	Beta(0.25,0.25)
	CRP a_0:	Gamma(24.49,1)
	FP:		trunc norm(0.01,0.01)
	FN:		trunc norm(0.2,0.1)

Move probabilitites:
	Split/merge:	0.33
		split/merge ratio:	[0.75, 0.25]
		intermediate Gibbs:	3
	CRP a_0 update:	0.25
	Errors update:	0.25

Run MCMC with (1 chains for 5000 steps):

Clustering time:	0:15:36.289191	(0.19 secs. per MCMC step)	Lugsail PSRF:		1.00772

Chain mean - posterior clusters	(#18):
	18 clusters

	A: 381 items
	B: 10 items
	C: 6 items
	D: 3 items
	E: 8 items
	F: 6 items
	G: 4 items
	H: 5 items
	I: 49 items
	J: 1 items
	K: 4 items
	L: 100 items
	M: 7 items
	N: 1 items
	O: 4 items
	P: 3 items
	Q: 4 items
	R: 4 items

Inferred latent variables	--	chain mean - posterior
	CRP a_0:	101.1 +- 17.9
	FP (model|genotypes): 1.4E-03 +- 1.1E-03	|	7.9E-03
	FN (model|genotypes): 0.137   +- 0.017	|	0.159

Writing output to: ./sim_output/mc12/rep5/m2

Too many cells to plot genotypes/clusters
