
DPMM with:
	600 cells
	43 mutations
	learning errors

	Priors:
	params.:	Beta(0.25,0.25)
	CRP a_0:	Gamma(24.49,1)
	FP:		trunc norm(0.01,0.01)
	FN:		trunc norm(0.2,0.1)

Move probabilitites:
	Split/merge:	0.33
		split/merge ratio:	[0.75, 0.25]
		intermediate Gibbs:	3
	CRP a_0 update:	0.25
	Errors update:	0.25

Run MCMC with (1 chains for 5000 steps):

Clustering time:	0:21:35.835695	(0.26 secs. per MCMC step)	Lugsail PSRF:		1.00849

Chain mean - posterior clusters	(#9):
	9 clusters

	A: 277 items
	B: 93 items
	C: 5 items
	D: 51 items
	E: 1 items
	F: 69 items
	G: 3 items
	H: 1 items
	I: 100 items

Inferred latent variables	--	chain mean - posterior
	CRP a_0:	110.1 +- 19.9
	FP (model|genotypes): 1.7E-03 +- 9.4E-04	|	8.2E-03
	FN (model|genotypes): 0.278   +- 0.015	|	0.319

Writing output to: ./sim_output/bp4/rep4/m4

Too many cells to plot genotypes/clusters
