6
 Total estimated FP  185  True negatives  18113
 Total estimated FN  845  True positives  3417
 Estimated FP rate  0.05136
 Estimated FN rate  0.04
 No. of Cells in each cluster  {'0_2': 68, '0_3': 339, '2_2': 25, '2_3': 40, '5_2': 3, '5_3': 11, '4_2': 4, '4_3': 20, '1_3': 86, '3_3': 4}
 Cells in each cluster  {'0_2': [0, 1, 2, 3, 4, 5, 6, 7, 8, 9, 10, 11, 12, 13, 14, 15, 16, 17, 18, 19, 20, 21, 22, 23, 24, 25, 26, 27, 28, 29, 30, 31, 32, 33, 34, 35, 36, 37, 38, 39, 40, 41, 42, 43, 44, 45, 46, 47, 48, 49, 50, 51, 52, 53, 54, 55, 56, 57, 58, 59, 60, 61, 62, 63, 64, 65, 66, 84], '0_3': [113, 119, 128, 228, 229, 230, 231, 232, 233, 234, 235, 236, 237, 238, 239, 240, 241, 242, 243, 244, 245, 246, 247, 248, 249, 250, 251, 252, 253, 254, 255, 256, 257, 258, 259, 260, 261, 262, 263, 264, 265, 266, 267, 268, 269, 270, 271, 272, 273, 274, 275, 276, 277, 278, 279, 280, 281, 282, 283, 284, 285, 286, 287, 288, 289, 290, 291, 292, 293, 294, 295, 296, 297, 298, 299, 300, 301, 302, 303, 304, 305, 306, 307, 308, 309, 310, 311, 312, 313, 314, 315, 316, 317, 318, 319, 320, 321, 322, 323, 324, 325, 326, 327, 328, 329, 330, 331, 332, 333, 334, 335, 336, 337, 338, 339, 340, 341, 342, 343, 344, 345, 346, 347, 348, 349, 350, 351, 352, 353, 354, 355, 356, 357, 358, 359, 360, 361, 362, 363, 364, 365, 366, 367, 368, 369, 370, 371, 372, 373, 374, 375, 376, 377, 378, 379, 380, 381, 382, 383, 384, 385, 386, 387, 388, 389, 390, 391, 392, 393, 394, 395, 396, 397, 398, 399, 400, 401, 402, 403, 404, 405, 406, 407, 408, 409, 410, 411, 412, 413, 414, 415, 416, 417, 418, 419, 420, 421, 422, 423, 424, 425, 426, 427, 428, 429, 430, 431, 432, 433, 434, 435, 436, 437, 438, 439, 440, 441, 442, 443, 444, 445, 446, 447, 448, 449, 450, 451, 452, 453, 454, 455, 456, 457, 458, 459, 460, 461, 462, 463, 464, 465, 466, 467, 468, 469, 470, 471, 472, 473, 474, 475, 476, 477, 478, 479, 480, 481, 482, 483, 484, 485, 486, 487, 488, 489, 490, 491, 492, 493, 494, 495, 496, 497, 498, 499, 500, 501, 502, 503, 504, 505, 506, 507, 508, 509, 510, 511, 512, 513, 514, 515, 516, 517, 518, 519, 520, 521, 522, 523, 524, 525, 526, 527, 528, 529, 530, 531, 532, 533, 534, 535, 536, 537, 538, 539, 540, 541, 542, 543, 544, 545, 546, 547, 548, 549, 550, 551, 552, 553, 554, 555, 556, 557, 558, 559, 561, 562, 563, 564], '2_2': [67, 68, 69, 70, 71, 72, 73, 74, 75, 76, 77, 78, 79, 80, 81, 82, 83, 85, 86, 87, 88, 89, 90, 91, 92], '2_3': [100, 101, 102, 103, 104, 105, 106, 107, 108, 109, 110, 111, 112, 114, 115, 116, 117, 118, 120, 121, 122, 123, 124, 125, 126, 127, 129, 130, 131, 132, 133, 134, 135, 136, 137, 138, 139, 140, 141, 560], '5_2': [93, 94, 95], '5_3': [585, 586, 587, 588, 589, 590, 591, 592, 593, 594, 595], '4_2': [96, 97, 98, 99], '4_3': [565, 566, 567, 568, 569, 570, 571, 572, 573, 574, 575, 576, 577, 578, 579, 580, 581, 582, 583, 584], '1_3': [142, 143, 144, 145, 146, 147, 148, 149, 150, 151, 152, 153, 154, 155, 156, 157, 158, 159, 160, 161, 162, 163, 164, 165, 166, 167, 168, 169, 170, 171, 172, 173, 174, 175, 176, 177, 178, 179, 180, 181, 182, 183, 184, 185, 186, 187, 188, 189, 190, 191, 192, 193, 194, 195, 196, 197, 198, 199, 200, 201, 202, 203, 204, 205, 206, 207, 208, 209, 210, 211, 212, 213, 214, 215, 216, 217, 218, 219, 220, 221, 222, 223, 224, 225, 226, 227], '3_3': [596, 597, 598, 599]}
FP rate  0.05136 FN rate  0.04
 Before reassigning cells 
 Timepoint  2
 Cluster  0  # of cells  69
 Cluster  2  # of cells  24
 Cluster  5  # of cells  4
 Cluster  4  # of cells  3
 Timepoint  3
 Cluster  0  # of cells  343
 Cluster  2  # of cells  46
 Cluster  5  # of cells  12
 Cluster  4  # of cells  19
 Cluster  1  # of cells  76
 Cluster  3  # of cells  4
 Cells absent at timepoint  3   set()
 Cells absent at timepoint  2   set()
 Timepoint  2
 Timepoint  3
 After reassigning and merging cells 
 Timepoint  2
 Cluster  0  # of cells  69
 Cluster  2  # of cells  24
 Cluster  5  # of cells  4
 Cluster  4  # of cells  3
 Timepoint  3
 Cluster  0  # of cells  343
 Cluster  2  # of cells  46
 Cluster  5  # of cells  12
 Cluster  4  # of cells  19
 Cluster  1  # of cells  76
 Cluster  3  # of cells  4
 Tp cluster cell dict  {'0_2': 69, '2_2': 24, '5_2': 4, '4_2': 3, '0_3': 343, '2_3': 46, '5_3': 12, '4_3': 19, '1_3': 76, '3_3': 4}
 New Graph is here 
 ID  0  Timepoint  1  Mutations  []  Type  subclone
 ID  1  Timepoint  2  Mutations  [0, 1, 2, 3, 4, 5]  Type  subclone
 ID  2  Timepoint  2  Mutations  [0, 1, 2, 3, 4, 5, 14, 15, 16, 17]  Type  subclone
 ID  3  Timepoint  2  Mutations  [6, 7, 8, 9, 10, 11, 12, 13]  Type  subclone
 ID  4  Timepoint  2  Mutations  [6, 7, 8, 9, 10, 11, 12, 13, 18, 19, 20, 21, 22, 23, 24, 25, 26, 27, 28, 29]  Type  subclone
 ID  5  Timepoint  3  Mutations  [0, 1, 2, 3, 4, 5]  Type  subclone
 ID  6  Timepoint  3  Mutations  [0, 1, 2, 3, 4, 5, 14, 15, 16, 17]  Type  subclone
 ID  7  Timepoint  3  Mutations  [6, 7, 8, 9, 10, 11, 12, 13]  Type  subclone
 ID  8  Timepoint  3  Mutations  [6, 7, 8, 9, 10, 11, 12, 13, 18, 19, 20, 21, 22, 23, 24, 25, 26, 27, 28, 29]  Type  subclone
 ID  9  Timepoint  3  Mutations  [0, 1, 2, 3, 4, 5, 14, 15, 16, 17, 30, 31, 32, 33, 34, 35, 36, 37, 38]  Type  subclone
 ID  10  Timepoint  3  Mutations  [6, 7, 8, 9, 11, 12, 13, 39, 40, 41, 42, 43, 44, 45, 46]  Type  subclone
Timepoints  SortedDict({1: [0], 2: [1, 2, 3, 4], 3: [5, 6, 7, 8, 9, 10]})
 Clone to nodes  {'0_2': 1, '2_2': 2, '5_2': 3, '4_2': 4, '0_3': 5, '2_3': 6, '5_3': 7, '4_3': 8, '1_3': 9, '3_3': 10}
 Timepoint ====  1
 Hash table  {'0,1': [0, 1, 2, 3, 4, 5], '1': [14, 15, 16, 17], '2,3': [6, 7, 8, 9, 10, 11, 12, 13], '3': [18, 19, 20, 21, 22, 23, 24, 25, 26, 27, 28, 29]}
 Final possible usc  [[0, 1, 2, 3, 4, 5], [14, 15, 16, 17], [6, 7, 8, 9, 10, 11, 12, 13], [18, 19, 20, 21, 22, 23, 24, 25, 26, 27, 28, 29]]
 Time  1  USC keys  {'0,1,2,3,4,5_0', '18,19,20,21,22,23,24,25,26,27,28,29_0', '6,7,8,9,10,11,12,13_0', '14,15,16,17_0'}
 USC children  {'0,1,2,3,4,5_0': [1, 2], '14,15,16,17_0': [2], '6,7,8,9,10,11,12,13_0': [3, 4], '18,19,20,21,22,23,24,25,26,27,28,29_0': [4]}
 USC children  {'0,1,2,3,4,5_0': [1, 2], '14,15,16,17_0': [2], '6,7,8,9,10,11,12,13_0': [3, 4], '18,19,20,21,22,23,24,25,26,27,28,29_0': [4]}
 Timepoint ====  2
 Hash table  {'0': [0, 1, 2, 3, 4, 5, 14, 15, 16, 17, 30, 31, 32, 33, 34, 35, 36, 37, 38], '1': [6, 7, 8, 9, 11, 12, 13, 39, 40, 41, 42, 43, 44, 45, 46]}
====== Inside find superset of t nodes ==========
 Final possible usc  [[0, 1, 2, 3, 4, 5, 14, 15, 16, 17, 30, 31, 32, 33, 34, 35, 36, 37, 38]]
 Time  2  USC keys  {'0,1,2,3,4,5,14,15,16,17,30,31,32,33,34,35,36,37,38_1', '0,1,2,3,4,5,14,15,16,17,30,31,32,33,34,35,36,37,38_2'}
 USC children  {'0,1,2,3,4,5_0': [1, 2], '14,15,16,17_0': [2], '6,7,8,9,10,11,12,13_0': [3, 4], '18,19,20,21,22,23,24,25,26,27,28,29_0': [4], '0,1,2,3,4,5,14,15,16,17,30,31,32,33,34,35,36,37,38_1': [9], '0,1,2,3,4,5,14,15,16,17,30,31,32,33,34,35,36,37,38_2': [9]}
 USC children  {'0,1,2,3,4,5_0': [1, 2], '14,15,16,17_0': [2], '6,7,8,9,10,11,12,13_0': [3, 4], '18,19,20,21,22,23,24,25,26,27,28,29_0': [4], '0,1,2,3,4,5,14,15,16,17,30,31,32,33,34,35,36,37,38_1': [9], '0,1,2,3,4,5,14,15,16,17,30,31,32,33,34,35,36,37,38_2': [9]}
 Node s  {'1,2': ['0', '1', '2', '3', '4', '5'], '3,4': ['6', '7', '8', '9', '10', '11', '12', '13'], '9': ['0', '1', '2', '3', '4', '5', '14', '15', '16', '17', '30', '31', '32', '33', '34', '35', '36', '37', '38']}
 Enroll USC nodes  ['1', '2']  len  2
 Enroll USC nodes  ['3', '4']  len  2
 Enroll USC nodes  ['9']  len  1
 Node TP  SortedDict({1: [0], 2: [1, 2, 3, 4], 3: [5, 6, 7, 8, 9, 10]})
 Unobserved subclones at timepoints  {1.5: [11, 12]}
 ============== Inside finding node v ============ 
 Time  2
 Time  3
 largest_v_mut  [[0, 1, 2, 3, 4, 5, 14, 15, 16, 17]]
 largest_v_mut  []
 Sorted all timepoints  [1, 1.5, 2, 3]
 Timepoint  2
 Inside usc_node check  2
 Timepoint  3
 Node  10  has no parent 
 USC nodes  []
 Node with minimum mutation sets  {1: 6, 2: 10, 3: 1, 4: 13}
0   1   [-1]   subclone   []   []
1   2   [11]   subclone   [0, 1, 2, 3, 4, 5]   [0]
2   2   [11]   subclone   [0, 1, 2, 3, 4, 5, 14, 15, 16, 17]   [4]
3   2   [12]   subclone   [6, 7, 8, 9, 10, 11, 12, 13]   [0]
4   2   [12]   subclone   [6, 7, 8, 9, 10, 11, 12, 13, 18, 19, 20, 21, 22, 23, 24, 25, 26, 27, 28, 29]   [12]
5   3   [1]   subclone   [0, 1, 2, 3, 4, 5]   [0]
6   3   [2]   subclone   [0, 1, 2, 3, 4, 5, 14, 15, 16, 17]   [0]
7   3   [3]   subclone   [6, 7, 8, 9, 10, 11, 12, 13]   [0]
8   3   [4]   subclone   [6, 7, 8, 9, 10, 11, 12, 13, 18, 19, 20, 21, 22, 23, 24, 25, 26, 27, 28, 29]   [0]
9   3   [2]   subclone   [0, 1, 2, 3, 4, 5, 14, 15, 16, 17, 30, 31, 32, 33, 34, 35, 36, 37, 38]   [9]
10   3   [3]   subclone   [6, 7, 8, 9, 11, 12, 13, 39, 40, 41, 42, 43, 44, 45, 46]   [8]
11   1.5   [0]   unobserved subclone   [0, 1, 2, 3, 4, 5]   [6]
12   1.5   [0]   unobserved subclone   [6, 7, 8, 9, 10, 11, 12, 13]   [8]
8
 Total estimated FP  185  True negatives  18113
 Total estimated FN  845  True positives  3417
 Estimated FP rate  0.05136
 Estimated FN rate  0.04
 No. of Cells in each cluster  {'6_2': 25, '6_3': 40, '5_2': 3, '5_3': 11, '4_2': 4, '4_3': 20, '1_3': 86, '7_3': 4, '3_2': 68, '3_3': 339}
 Cells in each cluster  {'6_2': [67, 68, 69, 70, 71, 72, 73, 74, 75, 76, 77, 78, 79, 80, 81, 82, 83, 85, 86, 87, 88, 89, 90, 91, 92], '6_3': [100, 101, 102, 103, 104, 105, 106, 107, 108, 109, 110, 111, 112, 114, 115, 116, 117, 118, 120, 121, 122, 123, 124, 125, 126, 127, 129, 130, 131, 132, 133, 134, 135, 136, 137, 138, 139, 140, 141, 560], '5_2': [93, 94, 95], '5_3': [585, 586, 587, 588, 589, 590, 591, 592, 593, 594, 595], '4_2': [96, 97, 98, 99], '4_3': [565, 566, 567, 568, 569, 570, 571, 572, 573, 574, 575, 576, 577, 578, 579, 580, 581, 582, 583, 584], '1_3': [142, 143, 144, 145, 146, 147, 148, 149, 150, 151, 152, 153, 154, 155, 156, 157, 158, 159, 160, 161, 162, 163, 164, 165, 166, 167, 168, 169, 170, 171, 172, 173, 174, 175, 176, 177, 178, 179, 180, 181, 182, 183, 184, 185, 186, 187, 188, 189, 190, 191, 192, 193, 194, 195, 196, 197, 198, 199, 200, 201, 202, 203, 204, 205, 206, 207, 208, 209, 210, 211, 212, 213, 214, 215, 216, 217, 218, 219, 220, 221, 222, 223, 224, 225, 226, 227], '7_3': [596, 597, 598, 599], '3_2': [25, 0, 1, 2, 3, 4, 6, 7, 8, 9, 10, 11, 12, 13, 14, 15, 16, 17, 18, 19, 20, 21, 22, 24, 26, 27, 28, 29, 30, 31, 32, 33, 34, 35, 36, 37, 38, 39, 40, 41, 42, 43, 44, 45, 46, 47, 48, 49, 50, 51, 52, 53, 55, 56, 57, 58, 59, 60, 61, 62, 63, 64, 65, 66, 84, 5, 23, 54], '3_3': [113, 119, 128, 230, 242, 272, 278, 361, 432, 474, 488, 228, 229, 231, 232, 233, 234, 235, 236, 237, 238, 239, 240, 241, 243, 244, 245, 246, 247, 248, 249, 250, 251, 252, 253, 254, 255, 256, 257, 258, 259, 260, 261, 262, 263, 264, 265, 266, 267, 269, 270, 271, 273, 274, 275, 276, 277, 279, 280, 281, 282, 283, 284, 285, 286, 287, 288, 289, 290, 291, 292, 293, 294, 295, 296, 297, 298, 299, 300, 301, 302, 303, 304, 305, 306, 307, 308, 309, 310, 311, 312, 313, 314, 315, 316, 317, 318, 319, 320, 321, 322, 323, 324, 325, 326, 327, 328, 329, 330, 331, 332, 333, 335, 336, 337, 338, 339, 340, 341, 342, 343, 344, 345, 346, 347, 348, 349, 350, 351, 352, 353, 354, 355, 356, 357, 358, 359, 360, 362, 363, 364, 365, 366, 367, 368, 369, 370, 371, 372, 373, 374, 375, 376, 377, 378, 379, 380, 381, 382, 383, 384, 385, 386, 387, 388, 389, 390, 391, 392, 393, 394, 396, 397, 398, 399, 400, 401, 402, 403, 404, 405, 406, 407, 408, 409, 410, 411, 412, 413, 414, 415, 416, 417, 418, 419, 420, 421, 422, 423, 424, 425, 426, 427, 428, 429, 430, 431, 433, 434, 435, 436, 437, 438, 439, 440, 441, 442, 443, 444, 445, 446, 447, 448, 449, 450, 451, 452, 453, 454, 455, 456, 457, 459, 460, 461, 462, 463, 464, 465, 466, 467, 468, 469, 470, 471, 473, 475, 476, 477, 478, 479, 480, 481, 482, 483, 484, 485, 486, 487, 489, 490, 491, 492, 493, 494, 495, 496, 497, 498, 499, 500, 501, 502, 503, 504, 505, 506, 507, 508, 509, 510, 511, 512, 513, 514, 515, 516, 517, 518, 519, 520, 521, 522, 523, 524, 525, 526, 527, 529, 530, 531, 532, 533, 534, 535, 536, 537, 538, 539, 540, 541, 542, 543, 544, 545, 546, 547, 548, 549, 550, 551, 552, 553, 554, 555, 556, 557, 558, 559, 561, 562, 563, 564, 268, 334, 395, 458, 472, 528]}
FP rate  0.05136 FN rate  0.04
 Before reassigning cells 
 Timepoint  2
 Cluster  6  # of cells  24
 Cluster  5  # of cells  4
 Cluster  4  # of cells  3
 Cluster  3  # of cells  69
 Timepoint  3
 Cluster  6  # of cells  46
 Cluster  5  # of cells  12
 Cluster  4  # of cells  19
 Cluster  1  # of cells  76
 Cluster  7  # of cells  4
 Cluster  3  # of cells  343
 Cells absent at timepoint  3   set()
 Cells absent at timepoint  2   set()
 Timepoint  2
 Timepoint  3
 After reassigning and merging cells 
 Timepoint  2
 Cluster  6  # of cells  24
 Cluster  5  # of cells  4
 Cluster  4  # of cells  3
 Cluster  3  # of cells  69
 Timepoint  3
 Cluster  6  # of cells  46
 Cluster  5  # of cells  12
 Cluster  4  # of cells  19
 Cluster  1  # of cells  76
 Cluster  7  # of cells  4
 Cluster  3  # of cells  343
 Tp cluster cell dict  {'6_2': 24, '5_2': 4, '4_2': 3, '3_2': 69, '6_3': 46, '5_3': 12, '4_3': 19, '1_3': 76, '7_3': 4, '3_3': 343}
 New Graph is here 
 ID  0  Timepoint  1  Mutations  []  Type  subclone
 ID  1  Timepoint  2  Mutations  [0, 1, 2, 3, 4, 5, 14, 15, 16, 17]  Type  subclone
 ID  2  Timepoint  2  Mutations  [6, 7, 8, 9, 10, 11, 12, 13]  Type  subclone
 ID  3  Timepoint  2  Mutations  [6, 7, 8, 9, 10, 11, 12, 13, 18, 19, 20, 21, 22, 23, 24, 25, 26, 27, 28, 29]  Type  subclone
 ID  4  Timepoint  2  Mutations  [0, 1, 2, 3, 4, 5]  Type  subclone
 ID  5  Timepoint  3  Mutations  [0, 1, 2, 3, 4, 5, 14, 15, 16, 17]  Type  subclone
 ID  6  Timepoint  3  Mutations  [6, 7, 8, 9, 10, 11, 12, 13]  Type  subclone
 ID  7  Timepoint  3  Mutations  [6, 7, 8, 9, 10, 11, 12, 13, 18, 19, 20, 21, 22, 23, 24, 25, 26, 27, 28, 29]  Type  subclone
 ID  8  Timepoint  3  Mutations  [0, 1, 2, 3, 4, 5, 14, 15, 16, 17, 30, 31, 32, 33, 34, 35, 36, 37, 38]  Type  subclone
 ID  9  Timepoint  3  Mutations  [6, 7, 8, 9, 11, 12, 13, 39, 40, 41, 42, 43, 44, 45, 46]  Type  subclone
 ID  10  Timepoint  3  Mutations  [0, 1, 2, 3, 4, 5]  Type  subclone
Timepoints  SortedDict({1: [0], 2: [1, 2, 3, 4], 3: [5, 6, 7, 8, 9, 10]})
 Clone to nodes  {'6_2': 1, '5_2': 2, '4_2': 3, '3_2': 4, '6_3': 5, '5_3': 6, '4_3': 7, '1_3': 8, '7_3': 9, '3_3': 10}
 Timepoint ====  1
 Hash table  {'0,3': [0, 1, 2, 3, 4, 5], '0': [14, 15, 16, 17], '1,2': [6, 7, 8, 9, 10, 11, 12, 13], '2': [18, 19, 20, 21, 22, 23, 24, 25, 26, 27, 28, 29]}
 Final possible usc  [[0, 1, 2, 3, 4, 5], [14, 15, 16, 17], [6, 7, 8, 9, 10, 11, 12, 13], [18, 19, 20, 21, 22, 23, 24, 25, 26, 27, 28, 29]]
 Time  1  USC keys  {'0,1,2,3,4,5_0', '14,15,16,17_0', '6,7,8,9,10,11,12,13_0', '18,19,20,21,22,23,24,25,26,27,28,29_0'}
 USC children  {'0,1,2,3,4,5_0': [1, 4], '14,15,16,17_0': [1], '6,7,8,9,10,11,12,13_0': [2, 3], '18,19,20,21,22,23,24,25,26,27,28,29_0': [3]}
 USC children  {'0,1,2,3,4,5_0': [1, 4], '14,15,16,17_0': [1], '6,7,8,9,10,11,12,13_0': [2, 3], '18,19,20,21,22,23,24,25,26,27,28,29_0': [3]}
 Timepoint ====  2
 Hash table  {'0': [0, 1, 2, 3, 4, 5, 14, 15, 16, 17, 30, 31, 32, 33, 34, 35, 36, 37, 38], '1': [6, 7, 8, 9, 11, 12, 13, 39, 40, 41, 42, 43, 44, 45, 46]}
====== Inside find superset of t nodes ==========
 Final possible usc  [[0, 1, 2, 3, 4, 5, 14, 15, 16, 17, 30, 31, 32, 33, 34, 35, 36, 37, 38]]
 Time  2  USC keys  {'0,1,2,3,4,5,14,15,16,17,30,31,32,33,34,35,36,37,38_4', '0,1,2,3,4,5,14,15,16,17,30,31,32,33,34,35,36,37,38_1'}
 USC children  {'0,1,2,3,4,5_0': [1, 4], '14,15,16,17_0': [1], '6,7,8,9,10,11,12,13_0': [2, 3], '18,19,20,21,22,23,24,25,26,27,28,29_0': [3], '0,1,2,3,4,5,14,15,16,17,30,31,32,33,34,35,36,37,38_4': [8], '0,1,2,3,4,5,14,15,16,17,30,31,32,33,34,35,36,37,38_1': [8]}
 USC children  {'0,1,2,3,4,5_0': [1, 4], '14,15,16,17_0': [1], '6,7,8,9,10,11,12,13_0': [2, 3], '18,19,20,21,22,23,24,25,26,27,28,29_0': [3], '0,1,2,3,4,5,14,15,16,17,30,31,32,33,34,35,36,37,38_4': [8], '0,1,2,3,4,5,14,15,16,17,30,31,32,33,34,35,36,37,38_1': [8]}
 Node s  {'1,4': ['0', '1', '2', '3', '4', '5'], '2,3': ['6', '7', '8', '9', '10', '11', '12', '13'], '8': ['0', '1', '2', '3', '4', '5', '14', '15', '16', '17', '30', '31', '32', '33', '34', '35', '36', '37', '38']}
 Enroll USC nodes  ['1', '4']  len  2
 Enroll USC nodes  ['2', '3']  len  2
 Enroll USC nodes  ['8']  len  1
 Node TP  SortedDict({1: [0], 2: [1, 2, 3, 4], 3: [5, 6, 7, 8, 9, 10]})
 Unobserved subclones at timepoints  {1.5: [11, 12]}
 ============== Inside finding node v ============ 
 Time  2
 Time  3
 largest_v_mut  [[0, 1, 2, 3, 4, 5, 14, 15, 16, 17]]
 largest_v_mut  []
 Sorted all timepoints  [1, 1.5, 2, 3]
 Timepoint  2
 Inside usc_node check  2
 Timepoint  3
 Node  9  has no parent 
 USC nodes  []
 Node with minimum mutation sets  {1: 10, 2: 1, 3: 13, 4: 6}
0   1   [-1]   subclone   []   []
1   2   [11]   subclone   [0, 1, 2, 3, 4, 5, 14, 15, 16, 17]   [4]
2   2   [12]   subclone   [6, 7, 8, 9, 10, 11, 12, 13]   [0]
3   2   [12]   subclone   [6, 7, 8, 9, 10, 11, 12, 13, 18, 19, 20, 21, 22, 23, 24, 25, 26, 27, 28, 29]   [12]
4   2   [11]   subclone   [0, 1, 2, 3, 4, 5]   [0]
5   3   [1]   subclone   [0, 1, 2, 3, 4, 5, 14, 15, 16, 17]   [0]
6   3   [2]   subclone   [6, 7, 8, 9, 10, 11, 12, 13]   [0]
7   3   [3]   subclone   [6, 7, 8, 9, 10, 11, 12, 13, 18, 19, 20, 21, 22, 23, 24, 25, 26, 27, 28, 29]   [0]
8   3   [1]   subclone   [0, 1, 2, 3, 4, 5, 14, 15, 16, 17, 30, 31, 32, 33, 34, 35, 36, 37, 38]   [9]
9   3   [2]   subclone   [6, 7, 8, 9, 11, 12, 13, 39, 40, 41, 42, 43, 44, 45, 46]   [8]
10   3   [4]   subclone   [0, 1, 2, 3, 4, 5]   [0]
11   1.5   [0]   unobserved subclone   [0, 1, 2, 3, 4, 5]   [6]
12   1.5   [0]   unobserved subclone   [6, 7, 8, 9, 10, 11, 12, 13]   [8]
6
 Total estimated FP  189  True negatives  18122
 Total estimated FN  836  True positives  3413
 Estimated FP rate  0.05247
 Estimated FN rate  0.04
 No. of Cells in each cluster  {'0_2': 68, '0_3': 339, '1_2': 25, '1_3': 42, '5_2': 3, '5_3': 11, '4_2': 4, '4_3': 20, '2_3': 84, '3_3': 4}
 Cells in each cluster  {'0_2': [0, 1, 2, 3, 4, 5, 6, 7, 8, 9, 10, 11, 12, 13, 14, 15, 16, 17, 18, 19, 20, 21, 22, 23, 24, 25, 26, 27, 28, 29, 30, 31, 32, 33, 34, 35, 36, 37, 38, 39, 40, 41, 42, 43, 44, 45, 46, 47, 48, 49, 50, 51, 52, 53, 54, 55, 56, 57, 58, 59, 60, 61, 62, 63, 64, 65, 66, 84], '0_3': [113, 119, 128, 228, 229, 230, 231, 232, 233, 234, 235, 236, 237, 238, 239, 240, 241, 242, 243, 244, 245, 246, 247, 248, 249, 250, 251, 252, 253, 254, 255, 256, 257, 258, 259, 260, 261, 262, 263, 264, 265, 266, 267, 268, 269, 270, 271, 272, 273, 274, 275, 276, 277, 278, 279, 280, 281, 282, 283, 284, 285, 286, 287, 288, 289, 290, 291, 292, 293, 294, 295, 296, 297, 298, 299, 300, 301, 302, 303, 304, 305, 306, 307, 308, 309, 310, 311, 312, 313, 314, 315, 316, 317, 318, 319, 320, 321, 322, 323, 324, 325, 326, 327, 328, 329, 330, 331, 332, 333, 334, 335, 336, 337, 338, 339, 340, 341, 342, 343, 344, 345, 346, 347, 348, 349, 350, 351, 352, 353, 354, 355, 356, 357, 358, 359, 360, 361, 362, 363, 364, 365, 366, 367, 368, 369, 370, 371, 372, 373, 374, 375, 376, 377, 378, 379, 380, 381, 382, 383, 384, 385, 386, 387, 388, 389, 390, 391, 392, 393, 394, 395, 396, 397, 398, 399, 400, 401, 402, 403, 404, 405, 406, 407, 408, 409, 410, 411, 412, 413, 414, 415, 416, 417, 418, 419, 420, 421, 422, 423, 424, 425, 426, 427, 428, 429, 430, 431, 432, 433, 434, 435, 436, 437, 438, 439, 440, 441, 442, 443, 444, 445, 446, 447, 448, 449, 450, 451, 452, 453, 454, 455, 456, 457, 458, 459, 460, 461, 462, 463, 464, 465, 466, 467, 468, 469, 470, 471, 472, 473, 474, 475, 476, 477, 478, 479, 480, 481, 482, 483, 484, 485, 486, 487, 488, 489, 490, 491, 492, 493, 494, 495, 496, 497, 498, 499, 500, 501, 502, 503, 504, 505, 506, 507, 508, 509, 510, 511, 512, 513, 514, 515, 516, 517, 518, 519, 520, 521, 522, 523, 524, 525, 526, 527, 528, 529, 530, 531, 532, 533, 534, 535, 536, 537, 538, 539, 540, 541, 542, 543, 544, 545, 546, 547, 548, 549, 550, 551, 552, 553, 554, 555, 556, 557, 558, 559, 561, 562, 563, 564], '1_2': [67, 68, 69, 70, 71, 72, 73, 74, 75, 76, 77, 78, 79, 80, 81, 82, 83, 85, 86, 87, 88, 89, 90, 91, 92], '1_3': [100, 101, 102, 103, 104, 105, 106, 107, 108, 109, 110, 111, 112, 114, 115, 116, 117, 118, 120, 121, 122, 123, 124, 125, 126, 127, 129, 130, 131, 132, 133, 134, 135, 136, 137, 138, 139, 140, 141, 154, 163, 560], '5_2': [93, 94, 95], '5_3': [585, 586, 587, 588, 589, 590, 591, 592, 593, 594, 595], '4_2': [96, 97, 98, 99], '4_3': [565, 566, 567, 568, 569, 570, 571, 572, 573, 574, 575, 576, 577, 578, 579, 580, 581, 582, 583, 584], '2_3': [142, 143, 144, 145, 146, 147, 148, 149, 150, 151, 152, 153, 155, 156, 157, 158, 159, 160, 161, 162, 164, 165, 166, 167, 168, 169, 170, 171, 172, 173, 174, 175, 176, 177, 178, 179, 180, 181, 182, 183, 184, 185, 186, 187, 188, 189, 190, 191, 192, 193, 194, 195, 196, 197, 198, 199, 200, 201, 202, 203, 204, 205, 206, 207, 208, 209, 210, 211, 212, 213, 214, 215, 216, 217, 218, 219, 220, 221, 222, 223, 224, 225, 226, 227], '3_3': [596, 597, 598, 599]}
FP rate  0.05247 FN rate  0.04
 Before reassigning cells 
 Timepoint  2
 Cluster  0  # of cells  69
 Cluster  1  # of cells  24
 Cluster  5  # of cells  4
 Cluster  4  # of cells  3
 Timepoint  3
 Cluster  0  # of cells  343
 Cluster  1  # of cells  46
 Cluster  5  # of cells  12
 Cluster  4  # of cells  19
 Cluster  2  # of cells  76
 Cluster  3  # of cells  4
 Cells absent at timepoint  3   set()
 Cells absent at timepoint  2   set()
 Timepoint  2
 Timepoint  3
 After reassigning and merging cells 
 Timepoint  2
 Cluster  0  # of cells  69
 Cluster  1  # of cells  24
 Cluster  5  # of cells  4
 Cluster  4  # of cells  3
 Timepoint  3
 Cluster  0  # of cells  343
 Cluster  1  # of cells  46
 Cluster  5  # of cells  12
 Cluster  4  # of cells  19
 Cluster  2  # of cells  76
 Cluster  3  # of cells  4
 Tp cluster cell dict  {'0_2': 69, '1_2': 24, '5_2': 4, '4_2': 3, '0_3': 343, '1_3': 46, '5_3': 12, '4_3': 19, '2_3': 76, '3_3': 4}
 New Graph is here 
 ID  0  Timepoint  1  Mutations  []  Type  subclone
 ID  1  Timepoint  2  Mutations  [0, 1, 2, 3, 4, 5]  Type  subclone
 ID  2  Timepoint  2  Mutations  [0, 1, 2, 3, 4, 5, 14, 15, 16, 17]  Type  subclone
 ID  3  Timepoint  2  Mutations  [6, 7, 8, 9, 10, 11, 12, 13]  Type  subclone
 ID  4  Timepoint  2  Mutations  [6, 7, 8, 9, 10, 11, 12, 13, 18, 19, 20, 21, 22, 23, 24, 25, 26, 27, 28, 29]  Type  subclone
 ID  5  Timepoint  3  Mutations  [0, 1, 2, 3, 4, 5]  Type  subclone
 ID  6  Timepoint  3  Mutations  [0, 1, 2, 3, 4, 5, 14, 15, 16, 17]  Type  subclone
 ID  7  Timepoint  3  Mutations  [6, 7, 8, 9, 10, 11, 12, 13]  Type  subclone
 ID  8  Timepoint  3  Mutations  [6, 7, 8, 9, 10, 11, 12, 13, 18, 19, 20, 21, 22, 23, 24, 25, 26, 27, 28, 29]  Type  subclone
 ID  9  Timepoint  3  Mutations  [0, 1, 2, 3, 4, 5, 14, 15, 16, 17, 30, 31, 32, 33, 34, 35, 36, 37, 38]  Type  subclone
 ID  10  Timepoint  3  Mutations  [6, 7, 8, 9, 11, 12, 13, 39, 40, 41, 42, 43, 44, 45, 46]  Type  subclone
Timepoints  SortedDict({1: [0], 2: [1, 2, 3, 4], 3: [5, 6, 7, 8, 9, 10]})
 Clone to nodes  {'0_2': 1, '1_2': 2, '5_2': 3, '4_2': 4, '0_3': 5, '1_3': 6, '5_3': 7, '4_3': 8, '2_3': 9, '3_3': 10}
 Timepoint ====  1
 Hash table  {'0,1': [0, 1, 2, 3, 4, 5], '1': [14, 15, 16, 17], '2,3': [6, 7, 8, 9, 10, 11, 12, 13], '3': [18, 19, 20, 21, 22, 23, 24, 25, 26, 27, 28, 29]}
 Final possible usc  [[0, 1, 2, 3, 4, 5], [14, 15, 16, 17], [6, 7, 8, 9, 10, 11, 12, 13], [18, 19, 20, 21, 22, 23, 24, 25, 26, 27, 28, 29]]
 Time  1  USC keys  {'18,19,20,21,22,23,24,25,26,27,28,29_0', '6,7,8,9,10,11,12,13_0', '0,1,2,3,4,5_0', '14,15,16,17_0'}
 USC children  {'0,1,2,3,4,5_0': [1, 2], '14,15,16,17_0': [2], '6,7,8,9,10,11,12,13_0': [3, 4], '18,19,20,21,22,23,24,25,26,27,28,29_0': [4]}
 USC children  {'0,1,2,3,4,5_0': [1, 2], '14,15,16,17_0': [2], '6,7,8,9,10,11,12,13_0': [3, 4], '18,19,20,21,22,23,24,25,26,27,28,29_0': [4]}
 Timepoint ====  2
 Hash table  {'0': [0, 1, 2, 3, 4, 5, 14, 15, 16, 17, 30, 31, 32, 33, 34, 35, 36, 37, 38], '1': [6, 7, 8, 9, 11, 12, 13, 39, 40, 41, 42, 43, 44, 45, 46]}
====== Inside find superset of t nodes ==========
 Final possible usc  [[0, 1, 2, 3, 4, 5, 14, 15, 16, 17, 30, 31, 32, 33, 34, 35, 36, 37, 38]]
 Time  2  USC keys  {'0,1,2,3,4,5,14,15,16,17,30,31,32,33,34,35,36,37,38_1', '0,1,2,3,4,5,14,15,16,17,30,31,32,33,34,35,36,37,38_2'}
 USC children  {'0,1,2,3,4,5_0': [1, 2], '14,15,16,17_0': [2], '6,7,8,9,10,11,12,13_0': [3, 4], '18,19,20,21,22,23,24,25,26,27,28,29_0': [4], '0,1,2,3,4,5,14,15,16,17,30,31,32,33,34,35,36,37,38_1': [9], '0,1,2,3,4,5,14,15,16,17,30,31,32,33,34,35,36,37,38_2': [9]}
 USC children  {'0,1,2,3,4,5_0': [1, 2], '14,15,16,17_0': [2], '6,7,8,9,10,11,12,13_0': [3, 4], '18,19,20,21,22,23,24,25,26,27,28,29_0': [4], '0,1,2,3,4,5,14,15,16,17,30,31,32,33,34,35,36,37,38_1': [9], '0,1,2,3,4,5,14,15,16,17,30,31,32,33,34,35,36,37,38_2': [9]}
 Node s  {'1,2': ['0', '1', '2', '3', '4', '5'], '3,4': ['6', '7', '8', '9', '10', '11', '12', '13'], '9': ['0', '1', '2', '3', '4', '5', '14', '15', '16', '17', '30', '31', '32', '33', '34', '35', '36', '37', '38']}
 Enroll USC nodes  ['1', '2']  len  2
 Enroll USC nodes  ['3', '4']  len  2
 Enroll USC nodes  ['9']  len  1
 Node TP  SortedDict({1: [0], 2: [1, 2, 3, 4], 3: [5, 6, 7, 8, 9, 10]})
 Unobserved subclones at timepoints  {1.5: [11, 12]}
 ============== Inside finding node v ============ 
 Time  2
 Time  3
 largest_v_mut  [[0, 1, 2, 3, 4, 5, 14, 15, 16, 17]]
 largest_v_mut  []
 Sorted all timepoints  [1, 1.5, 2, 3]
 Timepoint  2
 Inside usc_node check  2
 Timepoint  3
 Node  10  has no parent 
 USC nodes  []
 Node with minimum mutation sets  {1: 6, 2: 10, 3: 1, 4: 13}
0   1   [-1]   subclone   []   []
1   2   [11]   subclone   [0, 1, 2, 3, 4, 5]   [0]
2   2   [11]   subclone   [0, 1, 2, 3, 4, 5, 14, 15, 16, 17]   [4]
3   2   [12]   subclone   [6, 7, 8, 9, 10, 11, 12, 13]   [0]
4   2   [12]   subclone   [6, 7, 8, 9, 10, 11, 12, 13, 18, 19, 20, 21, 22, 23, 24, 25, 26, 27, 28, 29]   [12]
5   3   [1]   subclone   [0, 1, 2, 3, 4, 5]   [0]
6   3   [2]   subclone   [0, 1, 2, 3, 4, 5, 14, 15, 16, 17]   [0]
7   3   [3]   subclone   [6, 7, 8, 9, 10, 11, 12, 13]   [0]
8   3   [4]   subclone   [6, 7, 8, 9, 10, 11, 12, 13, 18, 19, 20, 21, 22, 23, 24, 25, 26, 27, 28, 29]   [0]
9   3   [2]   subclone   [0, 1, 2, 3, 4, 5, 14, 15, 16, 17, 30, 31, 32, 33, 34, 35, 36, 37, 38]   [9]
10   3   [3]   subclone   [6, 7, 8, 9, 11, 12, 13, 39, 40, 41, 42, 43, 44, 45, 46]   [8]
11   1.5   [0]   unobserved subclone   [0, 1, 2, 3, 4, 5]   [6]
12   1.5   [0]   unobserved subclone   [6, 7, 8, 9, 10, 11, 12, 13]   [8]
11
 Total estimated FP  181  True negatives  18110
 Total estimated FN  848  True positives  3421
 Estimated FP rate  0.05025
 Estimated FN rate  0.04
 No. of Cells in each cluster  {'8_2': 1, '8_3': 2, '6_2': 25, '6_3': 40, '5_2': 3, '5_3': 11, '9_2': 4, '9_3': 20, '3_3': 86, '7_3': 4, '1_3': 337, '1_2': 67}
 Cells in each cluster  {'8_2': [59], '8_3': [309, 370], '6_2': [67, 68, 69, 70, 71, 72, 73, 74, 75, 76, 77, 78, 79, 80, 81, 82, 83, 85, 86, 87, 88, 89, 90, 91, 92], '6_3': [100, 101, 102, 103, 104, 105, 106, 107, 108, 109, 110, 111, 112, 114, 115, 116, 117, 118, 120, 121, 122, 123, 124, 125, 126, 127, 129, 130, 131, 132, 133, 134, 135, 136, 137, 138, 139, 140, 141, 560], '5_2': [93, 94, 95], '5_3': [585, 586, 587, 588, 589, 590, 591, 592, 593, 594, 595], '9_2': [96, 97, 98, 99], '9_3': [565, 566, 567, 568, 569, 570, 571, 572, 573, 574, 575, 576, 577, 578, 579, 580, 581, 582, 583, 584], '3_3': [142, 143, 144, 145, 146, 147, 148, 149, 150, 151, 152, 153, 154, 155, 156, 157, 158, 159, 160, 161, 162, 163, 164, 165, 166, 167, 168, 169, 170, 171, 172, 173, 174, 175, 176, 177, 178, 179, 180, 181, 182, 183, 184, 185, 186, 187, 188, 189, 190, 191, 192, 193, 194, 195, 196, 197, 198, 199, 200, 201, 202, 203, 204, 205, 206, 207, 208, 209, 210, 211, 212, 213, 214, 215, 216, 217, 218, 219, 220, 221, 222, 223, 224, 225, 226, 227], '7_3': [596, 597, 598, 599], '1_3': [270, 446, 452, 535, 228, 229, 231, 232, 233, 234, 235, 236, 237, 238, 239, 240, 241, 244, 245, 246, 247, 248, 249, 250, 251, 252, 253, 254, 255, 256, 257, 258, 259, 260, 261, 262, 263, 264, 265, 266, 267, 269, 271, 273, 274, 275, 277, 279, 280, 281, 282, 283, 284, 285, 286, 287, 288, 289, 290, 291, 292, 293, 294, 295, 296, 297, 298, 299, 300, 301, 302, 303, 304, 305, 306, 307, 308, 310, 311, 312, 313, 314, 315, 316, 317, 318, 319, 320, 321, 322, 323, 325, 326, 327, 328, 329, 330, 331, 332, 333, 335, 336, 337, 338, 339, 340, 341, 342, 343, 344, 345, 346, 347, 348, 349, 350, 351, 352, 353, 354, 355, 356, 357, 358, 359, 360, 362, 363, 364, 365, 366, 369, 371, 374, 375, 377, 378, 379, 380, 381, 382, 383, 384, 385, 386, 387, 388, 389, 390, 391, 392, 393, 394, 396, 397, 398, 399, 400, 401, 402, 403, 404, 405, 406, 407, 408, 409, 410, 411, 412, 413, 414, 415, 416, 417, 418, 419, 420, 421, 422, 423, 424, 426, 427, 428, 429, 430, 431, 433, 434, 435, 436, 437, 438, 439, 440, 441, 442, 443, 444, 445, 447, 448, 449, 450, 451, 453, 454, 455, 456, 457, 459, 460, 462, 463, 464, 465, 466, 467, 468, 469, 470, 471, 473, 475, 476, 477, 478, 479, 480, 481, 482, 483, 484, 485, 486, 487, 489, 490, 491, 492, 493, 494, 495, 496, 497, 498, 499, 500, 502, 503, 504, 505, 506, 507, 508, 509, 510, 511, 512, 513, 515, 516, 517, 518, 519, 520, 521, 522, 523, 524, 525, 526, 527, 529, 530, 531, 532, 533, 534, 536, 537, 538, 539, 540, 541, 542, 543, 544, 545, 546, 547, 549, 550, 551, 552, 553, 554, 555, 557, 558, 559, 561, 562, 563, 564, 276, 324, 367, 368, 243, 268, 334, 372, 373, 376, 395, 425, 458, 461, 472, 501, 514, 528, 548, 556, 113, 119, 128, 230, 242, 272, 278, 361, 432, 474, 488], '1_2': [0, 1, 2, 3, 4, 6, 7, 8, 10, 11, 12, 13, 14, 15, 16, 17, 18, 19, 20, 21, 22, 24, 26, 27, 29, 30, 31, 32, 33, 34, 36, 37, 38, 40, 41, 42, 43, 44, 45, 46, 47, 48, 49, 50, 51, 52, 53, 55, 56, 57, 58, 60, 61, 62, 63, 64, 65, 66, 84, 9, 28, 39, 5, 23, 35, 54, 25]}
FP rate  0.05025 FN rate  0.04
 Before reassigning cells 
 Timepoint  2
 Cluster  8  # of cells  2
 Cluster  6  # of cells  24
 Cluster  5  # of cells  4
 Cluster  9  # of cells  3
 Cluster  1  # of cells  65
 Timepoint  3
 Cluster  8  # of cells  4
 Cluster  6  # of cells  45
 Cluster  5  # of cells  12
 Cluster  9  # of cells  19
 Cluster  3  # of cells  76
 Cluster  7  # of cells  4
 Cluster  1  # of cells  323
 Cells absent at timepoint  3   {353, 258, 513, 262, 294, 328, 330, 236, 300, 527, 113, 466, 467, 436, 278, 344, 282}
 Missing cell prob  {'9': 2.2684342578999658e-27, '6': 2.1388194168735913e-08, '8': 0.0002863004632957795, '1': 0.0002863004632957794, '7': 3.036505905403241e-23, '3': 1.1936534365310412e-16, '5': 5.440890622995236e-15}
 Missing cell prob  {'9': 3.5799614239615824e-27, '6': 2.7158896728081624e-08, '8': 0.0003635465740823479, '1': 0.0003635465740823483, '7': 2.018259329497835e-24, '3': 2.895685725472512e-15, '5': 8.586618049204318e-15}
 Missing cell prob  {'9': 6.426298362580167e-26, '6': 2.053266640198648e-08, '8': 0.00027484844476394844, '1': 0.00027484844476394834, '7': 1.5258442174651292e-24, '3': 4.826142875787519e-18, '5': 6.491654123169592e-15}
 Missing cell prob  {'9': 8.704175007763233e-33, '6': 3.722716918603245e-11, '8': 1.183197536113665e-05, '1': 1.1831975361136645e-05, '7': 1.5596368212680736e-24, '3': 1.671667902399809e-19, '5': 1.176982577952267e-17}
 Missing cell prob  {'9': 9.553816300710571e-29, '6': 5.078359352939231e-07, '8': 0.0067978466253791605, '1': 0.006797846625379162, '7': 3.036505905403242e-23, '3': 6.729408223064071e-14, '5': 1.2918714672974311e-13}
 Missing cell prob  {'9': 1.4177714111874784e-24, '6': 5.629953716434827e-07, '8': 0.00031739745955870215, '1': 0.00031739745955870194, '7': 3.3663209944382687e-23, '3': 7.460333978319e-14, '5': 3.4005566393720223e-12}
 Missing cell prob  {'9': 1.9240749283018486e-23, '6': 3.713228154294432e-11, '8': 1.1801817057949934e-05, '1': 1.180181705794994e-05, '7': 4.568475407886701e-22, '3': 2.0723149939775022e-19, '5': 1.9436428620134906e-12}
 Missing cell prob  {'9': 4.377170744043774e-30, '6': 9.799202207431542e-10, '8': 0.00031144973311757424, '1': 0.0003114497331175742, '7': 5.859241795066095e-26, '3': 1.298506610722443e-16, '5': 2.4927951832971233e-16}
 Missing cell prob  {'9': 8.617781745761968e-29, '6': 8.125374964702775e-10, '8': 0.00025825019329815446, '1': 0.0002582501932981544, '7': 2.739004429102978e-23, '3': 4.534689405381424e-18, '5': 4.9078197042629414e-15}
 Missing cell prob  {'9': 1.507748954550811e-28, '6': 1.1438335026304445e-09, '8': 0.0003635465740823479, '1': 0.0003635465740823481, '7': 4.7921044954764205e-23, '3': 2.8956857254725126e-15, '5': 8.586618049204318e-15}
 Missing cell prob  {'9': 3.063282319243217e-31, '6': 5.942974963390963e-07, '8': 1.7537486733732476e-05, '1': 1.753748673373247e-05, '7': 5.488869300961947e-23, '3': 5.8831431175275134e-18, '5': 1.7445367926027534e-17}
 Missing cell prob  {'9': 6.287059950454442e-26, '6': 5.927827024411504e-07, '8': 0.007934936488967549, '1': 0.00793493648896755, '7': 1.1265318295534095e-17, '3': 1.393318315442777e-16, '5': 3.580475535006078e-12}
 Missing cell prob  {'9': 2.188996567586611e-24, '6': 6.994063104674063e-07, '8': 0.009362190615022121, '1': 0.009362190615022121, '7': 1.2340811035559986e-21, '3': 5.224943682910414e-11, '5': 2.2112587669944853e-13}
 Missing cell prob  {'9': 1.4927837969860262e-24, '6': 2.496584164005899e-08, '8': 0.007934936488967552, '1': 0.007934936488967552, '7': 1.9982271027923412e-20, '3': 1.3933183154427774e-16, '5': 1.5079654793392273e-13}
 Missing cell prob  {'9': 2.5982611963472335e-27, '6': 1.0317664866998204e-09, '8': 0.00032792812120829075, '1': 0.0003279281212082908, '7': 8.258098353745479e-22, '3': 2.4251367950832295e-19, '5': 1.4797076408352769e-13}
 Missing cell prob  {'9': 5.301099151238859e-29, '6': 2.6162466249058375e-11, '8': 8.315261751397727e-06, '1': 8.315261751397732e-06, '7': 7.09600413668887e-25, '3': 1.0907742651486043e-23, '5': 3.018971660717227e-15}
 Missing cell prob  {'9': 3.436762967003119e-27, '6': 1.0980801625252266e-09, '8': 0.0003490047111190541, '1': 0.00034900471111905403, '7': 1.0141753130726623e-25, '3': 6.1282740807578274e-18, '5': 1.8172258256278693e-17}
 Cells absent at timepoint  2   {10, 14}
 Missing cell prob  {'9': 1.2001981727767655e-28, '1': 0.0002893903077272423, '8': 0.0002893903077272423, '6': 1.2188062447054158e-05, '5': 1.622913530792398e-13}
 Missing cell prob  {'9': 1.2788653457870984e-24, '1': 0.0002863004632957794, '8': 0.0002863004632957794, '6': 2.1388194168735913e-08, '5': 5.440890622995236e-15}
 Timepoint  2
 Timepoint  3
SortedDict({2: {'8': ['26', '59'], '6': ['67', '68', '69', '70', '71', '73', '74', '75', '76', '77', '78', '79', '80', '81', '82', '83', '85', '86', '87', '88', '89', '90', '91', '92'], '5': ['93', '94', '95', '98'], '9': ['96', '97', '99'], '1': ['0', '1', '2', '3', '4', '5', '6', '7', '8', '9', '11', '12', '13', '15', '16', '17', '18', '19', '20', '21', '22', '23', '24', '25', '27', '28', '29', '30', '31', '32', '33', '34', '35', '36', '37', '38', '39', '40', '41', '42', '43', '44', '45', '46', '47', '48', '49', '50', '51', '52', '53', '54', '55', '56', '57', '58', '60', '61', '62', '63', '64', '65', '66', '72', '84', '10', '14']}, 3: {'8': ['139', '309', '365', '458', '353', '513', '262', '328', '236', '300', '113', '467', '436', '282'], '6': ['100', '101', '102', '104', '105', '106', '107', '108', '109', '110', '111', '112', '114', '115', '116', '117', '118', '120', '121', '122', '123', '124', '125', '126', '127', '129', '130', '131', '132', '133', '134', '135', '136', '137', '138', '140', '141', '154', '158', '163', '177', '203', '217', '222', '226'], '5': ['584', '585', '586', '587', '588', '589', '590', '591', '592', '593', '594', '595'], '9': ['565', '566', '567', '568', '569', '570', '571', '572', '573', '574', '575', '576', '577', '578', '579', '580', '581', '582', '583'], '3': ['142', '143', '144', '145', '146', '147', '148', '149', '150', '151', '152', '153', '155', '157', '159', '160', '161', '162', '164', '165', '166', '167', '168', '169', '170', '171', '172', '173', '174', '175', '176', '178', '179', '180', '181', '182', '183', '184', '185', '186', '187', '188', '189', '190', '191', '192', '193', '194', '195', '196', '197', '198', '199', '200', '201', '202', '204', '205', '206', '207', '208', '209', '210', '211', '212', '214', '215', '216', '218', '219', '220', '221', '223', '224', '225', '227'], '7': ['596', '597', '598', '599'], '1': ['103', '119', '128', '156', '213', '228', '229', '230', '231', '232', '233', '234', '235', '237', '238', '239', '240', '241', '242', '243', '244', '245', '246', '247', '248', '249', '250', '251', '252', '253', '254', '255', '256', '257', '259', '260', '261', '263', '264', '265', '266', '267', '268', '269', '270', '271', '272', '273', '274', '275', '276', '277', '279', '280', '281', '283', '284', '285', '286', '287', '288', '289', '290', '291', '292', '293', '295', '296', '297', '298', '299', '301', '302', '303', '304', '305', '306', '307', '308', '310', '311', '312', '313', '314', '315', '316', '317', '318', '319', '320', '321', '322', '323', '324', '325', '326', '327', '329', '331', '332', '333', '334', '335', '336', '337', '338', '339', '340', '341', '342', '343', '345', '346', '347', '348', '349', '350', '351', '352', '354', '355', '356', '357', '358', '359', '360', '361', '362', '363', '364', '366', '367', '368', '369', '370', '371', '372', '373', '374', '375', '376', '377', '378', '379', '380', '381', '382', '383', '384', '385', '386', '387', '388', '389', '390', '391', '392', '393', '394', '395', '396', '397', '398', '399', '400', '401', '402', '403', '404', '405', '406', '407', '408', '409', '410', '411', '412', '413', '414', '415', '416', '417', '418', '419', '420', '421', '422', '423', '424', '425', '426', '427', '428', '429', '430', '431', '432', '433', '434', '435', '437', '438', '439', '440', '441', '442', '443', '444', '445', '446', '447', '448', '449', '450', '451', '452', '453', '454', '455', '456', '457', '459', '460', '461', '462', '463', '464', '465', '468', '469', '470', '471', '472', '473', '474', '475', '476', '477', '478', '479', '480', '481', '482', '483', '484', '485', '486', '487', '488', '489', '490', '491', '492', '493', '494', '495', '496', '497', '498', '499', '500', '501', '502', '503', '504', '505', '506', '507', '508', '509', '510', '511', '512', '514', '515', '516', '517', '518', '519', '520', '521', '522', '523', '524', '525', '526', '528', '529', '530', '531', '532', '533', '534', '535', '536', '537', '538', '539', '540', '541', '542', '543', '544', '545', '546', '547', '548', '549', '550', '551', '552', '553', '554', '555', '556', '557', '558', '559', '560', '561', '562', '563', '564', '258', '294', '330', '527', '466', '278', '344']}})
 Cluster1  8
 Cluster to drop  1
 After reassigning and merging cells 
 Timepoint  2
 Cluster  8  # of cells  2
 Cluster  6  # of cells  24
 Cluster  5  # of cells  4
 Cluster  9  # of cells  3
 Cluster  1  # of cells  67
 Timepoint  3
 Cluster  8  # of cells  344
 Cluster  6  # of cells  45
 Cluster  5  # of cells  12
 Cluster  9  # of cells  19
 Cluster  3  # of cells  76
 Cluster  7  # of cells  4
 Tp cluster cell dict  {'8_2': 2, '6_2': 24, '5_2': 4, '9_2': 3, '1_2': 67, '8_3': 344, '6_3': 45, '5_3': 12, '9_3': 19, '3_3': 76, '7_3': 4}
 New Graph is here 
 ID  0  Timepoint  1  Mutations  []  Type  subclone
 ID  1  Timepoint  2  Mutations  [0, 1, 2, 3, 4, 5, 26, 34]  Type  subclone
 ID  2  Timepoint  2  Mutations  [0, 1, 2, 3, 4, 5, 14, 15, 16, 17]  Type  subclone
 ID  3  Timepoint  2  Mutations  [6, 7, 8, 9, 10, 11, 12, 13]  Type  subclone
 ID  4  Timepoint  2  Mutations  [6, 7, 8, 9, 10, 11, 12, 13, 18, 19, 20, 21, 22, 23, 24, 25, 26, 27, 28, 29]  Type  subclone
 ID  5  Timepoint  2  Mutations  [0, 1, 2, 3, 4, 5]  Type  subclone
 ID  6  Timepoint  3  Mutations  [0, 1, 2, 3, 4, 5]  Type  subclone
 ID  7  Timepoint  3  Mutations  [0, 1, 2, 3, 4, 5, 14, 15, 16, 17]  Type  subclone
 ID  8  Timepoint  3  Mutations  [6, 7, 8, 9, 10, 11, 12, 13]  Type  subclone
 ID  9  Timepoint  3  Mutations  [6, 7, 8, 9, 10, 11, 12, 13, 18, 19, 20, 21, 22, 23, 24, 25, 26, 27, 28, 29]  Type  subclone
 ID  10  Timepoint  3  Mutations  [0, 1, 2, 3, 4, 5, 14, 15, 16, 17, 30, 31, 32, 33, 34, 35, 36, 37, 38]  Type  subclone
 ID  11  Timepoint  3  Mutations  [6, 7, 8, 9, 10, 11, 12, 13, 39, 40, 41, 42, 43, 44, 45, 46]  Type  subclone
Timepoints  SortedDict({1: [0], 2: [1, 2, 3, 4, 5], 3: [6, 7, 8, 9, 10, 11]})
 Clone to nodes  {'8_2': 1, '6_2': 2, '5_2': 3, '9_2': 4, '1_2': 5, '8_3': 6, '6_3': 7, '5_3': 8, '9_3': 9, '3_3': 10, '7_3': 11}
 Timepoint ====  1
 Hash table  {'0,1,4': [0, 1, 2, 3, 4, 5], '0,3': [26], '0': [34], '1': [14, 15, 16, 17], '2,3': [6, 7, 8, 9, 10, 11, 12, 13], '3': [18, 19, 20, 21, 22, 23, 24, 25, 27, 28, 29]}
 Final possible usc  [[0, 1, 2, 3, 4, 5], [26], [34], [14, 15, 16, 17], [6, 7, 8, 9, 10, 11, 12, 13], [18, 19, 20, 21, 22, 23, 24, 25, 27, 28, 29]]
 Time  1  USC keys  {'0,1,2,3,4,5_0', '14,15,16,17_0', '6,7,8,9,10,11,12,13_0', '18,19,20,21,22,23,24,25,27,28,29_0', '26_0', '34_0'}
 USC children  {'0,1,2,3,4,5_0': [1, 2, 5], '26_0': [1, 4], '34_0': [1], '14,15,16,17_0': [2], '6,7,8,9,10,11,12,13_0': [3, 4], '18,19,20,21,22,23,24,25,27,28,29_0': [4]}
 USC children  {'0,1,2,3,4,5_0': [1, 2, 5], '26_0': [1, 4], '34_0': [1], '14,15,16,17_0': [2], '6,7,8,9,10,11,12,13_0': [3, 4], '18,19,20,21,22,23,24,25,27,28,29_0': [4]}
 Timepoint ====  2
 Hash table  {'0': [0, 1, 2, 3, 4, 5, 14, 15, 16, 17, 30, 31, 32, 33, 34, 35, 36, 37, 38], '1': [6, 7, 8, 9, 10, 11, 12, 13, 39, 40, 41, 42, 43, 44, 45, 46]}
====== Inside find superset of t nodes ==========
 Final possible usc  [[0, 1, 2, 3, 4, 5, 14, 15, 16, 17, 30, 31, 32, 33, 34, 35, 36, 37, 38], [6, 7, 8, 9, 10, 11, 12, 13, 39, 40, 41, 42, 43, 44, 45, 46]]
 Time  2  USC keys  {'6,7,8,9,10,11,12,13,39,40,41,42,43,44,45,46_3', '0,1,2,3,4,5,14,15,16,17,30,31,32,33,34,35,36,37,38_2', '0,1,2,3,4,5,14,15,16,17,30,31,32,33,34,35,36,37,38_5'}
 USC children  {'0,1,2,3,4,5_0': [1, 2, 5], '26_0': [1, 4], '34_0': [1], '14,15,16,17_0': [2], '6,7,8,9,10,11,12,13_0': [3, 4], '18,19,20,21,22,23,24,25,27,28,29_0': [4], '0,1,2,3,4,5,14,15,16,17,30,31,32,33,34,35,36,37,38_2': [10], '0,1,2,3,4,5,14,15,16,17,30,31,32,33,34,35,36,37,38_5': [10], '6,7,8,9,10,11,12,13,39,40,41,42,43,44,45,46_3': [11]}
 USC children  {'0,1,2,3,4,5_0': [1, 2, 5], '26_0': [1, 4], '34_0': [1], '14,15,16,17_0': [2], '6,7,8,9,10,11,12,13_0': [3, 4], '18,19,20,21,22,23,24,25,27,28,29_0': [4], '0,1,2,3,4,5,14,15,16,17,30,31,32,33,34,35,36,37,38_2': [10], '0,1,2,3,4,5,14,15,16,17,30,31,32,33,34,35,36,37,38_5': [10], '6,7,8,9,10,11,12,13,39,40,41,42,43,44,45,46_3': [11]}
 Node s  {'1,2,5': ['0', '1', '2', '3', '4', '5'], '1,4': ['26'], '3,4': ['6', '7', '8', '9', '10', '11', '12', '13'], '10': ['0', '1', '2', '3', '4', '5', '14', '15', '16', '17', '30', '31', '32', '33', '34', '35', '36', '37', '38'], '11': ['6', '7', '8', '9', '10', '11', '12', '13', '39', '40', '41', '42', '43', '44', '45', '46']}
 Enroll USC nodes  ['1', '2', '5']  len  3
 Enroll USC nodes  ['1', '4']  len  2
 Enroll USC nodes  ['3', '4']  len  2
 Enroll USC nodes  ['10']  len  1
 Enroll USC nodes  ['11']  len  1
 Node TP  SortedDict({1: [0], 2: [1, 2, 3, 4, 5], 3: [6, 7, 8, 9, 10, 11]})
 Unobserved subclones at timepoints  {1.5: [12, 13, 14]}
 ============== Inside finding node v ============ 
 Time  2
 Time  3
 largest_v_mut  [[0, 1, 2, 3, 4, 5, 14, 15, 16, 17]]
 largest_v_mut  [[6, 7, 8, 9, 10, 11, 12, 13]]
 Sorted all timepoints  [1, 1.5, 2, 3]
 Timepoint  2
 Inside usc_node check  2
 Timepoint  3
0   1   [-1]   subclone   []   []
1   2   [12]   subclone   [0, 1, 2, 3, 4, 5, 26, 34]   [2, 7]
2   2   [12]   subclone   [0, 1, 2, 3, 4, 5, 14, 15, 16, 17]   [4]
3   2   [14]   subclone   [6, 7, 8, 9, 10, 11, 12, 13]   [0]
4   2   [13]   subclone   [6, 7, 8, 9, 10, 11, 12, 13, 18, 19, 20, 21, 22, 23, 24, 25, 26, 27, 28, 29]   [19, 12]
5   2   [12]   subclone   [0, 1, 2, 3, 4, 5]   [0]
6   3   [5]   subclone   [0, 1, 2, 3, 4, 5]   [0]
7   3   [2]   subclone   [0, 1, 2, 3, 4, 5, 14, 15, 16, 17]   [0]
8   3   [3]   subclone   [6, 7, 8, 9, 10, 11, 12, 13]   [0]
9   3   [4]   subclone   [6, 7, 8, 9, 10, 11, 12, 13, 18, 19, 20, 21, 22, 23, 24, 25, 26, 27, 28, 29]   [0]
10   3   [2]   subclone   [0, 1, 2, 3, 4, 5, 14, 15, 16, 17, 30, 31, 32, 33, 34, 35, 36, 37, 38]   [9]
11   3   [3]   subclone   [6, 7, 8, 9, 10, 11, 12, 13, 39, 40, 41, 42, 43, 44, 45, 46]   [8]
12   1.5   [0]   unobserved subclone   [0, 1, 2, 3, 4, 5]   [6]
13   1.5   [0]   unobserved subclone   [26]   [1]
14   1.5   [0]   unobserved subclone   [6, 7, 8, 9, 10, 11, 12, 13]   [8]
12
 Total estimated FP  185  True negatives  18113
 Total estimated FN  845  True positives  3417
 Estimated FP rate  0.05136
 Estimated FN rate  0.04
 No. of Cells in each cluster  {'6_2': 25, '6_3': 40, '11_2': 3, '11_3': 11, '9_2': 4, '9_3': 20, '3_3': 86, '7_3': 4, '5_2': 68, '5_3': 339}
 Cells in each cluster  {'6_2': [67, 68, 69, 70, 71, 72, 73, 74, 75, 76, 77, 78, 79, 80, 81, 82, 83, 85, 86, 87, 88, 89, 90, 91, 92], '6_3': [100, 101, 102, 103, 104, 105, 106, 107, 108, 109, 110, 111, 112, 114, 115, 116, 117, 118, 120, 121, 122, 123, 124, 125, 126, 127, 129, 130, 131, 132, 133, 134, 135, 136, 137, 138, 139, 140, 141, 560], '11_2': [93, 94, 95], '11_3': [585, 586, 587, 588, 589, 590, 591, 592, 593, 594, 595], '9_2': [96, 97, 98, 99], '9_3': [565, 566, 567, 568, 569, 570, 571, 572, 573, 574, 575, 576, 577, 578, 579, 580, 581, 582, 583, 584], '3_3': [142, 143, 144, 145, 146, 147, 148, 149, 150, 151, 152, 153, 154, 155, 156, 157, 158, 159, 160, 161, 162, 163, 164, 165, 166, 167, 168, 169, 170, 171, 172, 173, 174, 175, 176, 177, 178, 179, 180, 181, 182, 183, 184, 185, 186, 187, 188, 189, 190, 191, 192, 193, 194, 195, 196, 197, 198, 199, 200, 201, 202, 203, 204, 205, 206, 207, 208, 209, 210, 211, 212, 213, 214, 215, 216, 217, 218, 219, 220, 221, 222, 223, 224, 225, 226, 227], '7_3': [596, 597, 598, 599], '5_2': [23, 54, 25, 1, 37, 47, 59, 0, 2, 3, 4, 5, 6, 7, 8, 10, 11, 12, 13, 14, 15, 16, 17, 18, 19, 20, 21, 22, 24, 26, 27, 28, 29, 30, 31, 32, 33, 34, 35, 36, 38, 39, 40, 41, 42, 43, 44, 45, 46, 48, 49, 50, 51, 52, 53, 55, 56, 57, 58, 60, 61, 62, 63, 64, 65, 66, 84, 9], '5_3': [268, 395, 472, 528, 113, 119, 128, 230, 242, 272, 278, 361, 432, 474, 488, 254, 262, 270, 329, 343, 345, 371, 388, 391, 393, 525, 538, 540, 236, 239, 282, 309, 360, 362, 370, 420, 534, 446, 452, 535, 228, 229, 231, 232, 233, 234, 235, 237, 238, 240, 241, 243, 244, 245, 246, 247, 248, 249, 250, 251, 252, 253, 255, 256, 257, 258, 259, 260, 261, 263, 264, 265, 266, 267, 269, 271, 273, 274, 275, 277, 279, 280, 281, 283, 284, 285, 286, 287, 288, 289, 290, 291, 292, 293, 294, 295, 296, 297, 298, 299, 300, 301, 302, 303, 304, 305, 306, 307, 308, 310, 311, 312, 313, 314, 315, 316, 317, 318, 319, 320, 321, 322, 323, 324, 325, 326, 327, 328, 330, 331, 332, 333, 334, 335, 336, 337, 338, 339, 340, 341, 342, 344, 346, 347, 348, 349, 350, 351, 352, 353, 354, 355, 356, 357, 358, 359, 363, 364, 365, 366, 367, 369, 372, 373, 374, 375, 376, 377, 378, 379, 380, 381, 382, 383, 384, 385, 386, 387, 389, 390, 392, 394, 396, 397, 398, 399, 400, 401, 402, 403, 404, 405, 406, 407, 408, 409, 410, 411, 412, 413, 414, 415, 416, 417, 418, 419, 421, 422, 423, 424, 425, 426, 427, 428, 429, 430, 431, 433, 434, 435, 436, 437, 438, 439, 440, 441, 442, 443, 444, 445, 447, 448, 449, 450, 451, 453, 454, 455, 456, 457, 458, 459, 460, 461, 462, 463, 464, 465, 466, 467, 468, 469, 470, 471, 473, 475, 476, 477, 478, 479, 480, 481, 482, 483, 484, 485, 486, 487, 489, 490, 491, 492, 493, 494, 495, 496, 497, 498, 499, 500, 501, 502, 503, 504, 505, 506, 507, 508, 509, 510, 511, 512, 513, 514, 515, 516, 517, 518, 519, 520, 521, 522, 523, 524, 526, 527, 529, 530, 531, 532, 533, 536, 537, 539, 541, 542, 543, 544, 545, 546, 547, 548, 549, 550, 551, 552, 553, 554, 555, 556, 557, 558, 559, 561, 562, 563, 564, 276, 368]}
FP rate  0.05136 FN rate  0.04
 Before reassigning cells 
 Timepoint  2
 Cluster  6  # of cells  24
 Cluster  11  # of cells  4
 Cluster  9  # of cells  3
 Cluster  5  # of cells  69
 Timepoint  3
 Cluster  6  # of cells  46
 Cluster  11  # of cells  12
 Cluster  9  # of cells  19
 Cluster  3  # of cells  76
 Cluster  7  # of cells  4
 Cluster  5  # of cells  343
 Cells absent at timepoint  3   set()
 Cells absent at timepoint  2   set()
 Timepoint  2
 Timepoint  3
 After reassigning and merging cells 
 Timepoint  2
 Cluster  6  # of cells  24
 Cluster  11  # of cells  4
 Cluster  9  # of cells  3
 Cluster  5  # of cells  69
 Timepoint  3
 Cluster  6  # of cells  46
 Cluster  11  # of cells  12
 Cluster  9  # of cells  19
 Cluster  3  # of cells  76
 Cluster  7  # of cells  4
 Cluster  5  # of cells  343
 Tp cluster cell dict  {'6_2': 24, '11_2': 4, '9_2': 3, '5_2': 69, '6_3': 46, '11_3': 12, '9_3': 19, '3_3': 76, '7_3': 4, '5_3': 343}
 New Graph is here 
 ID  0  Timepoint  1  Mutations  []  Type  subclone
 ID  1  Timepoint  2  Mutations  [0, 1, 2, 3, 4, 5, 14, 15, 16, 17]  Type  subclone
 ID  2  Timepoint  2  Mutations  [6, 7, 8, 9, 10, 11, 12, 13]  Type  subclone
 ID  3  Timepoint  2  Mutations  [6, 7, 8, 9, 10, 11, 12, 13, 18, 19, 20, 21, 22, 23, 24, 25, 26, 27, 28, 29]  Type  subclone
 ID  4  Timepoint  2  Mutations  [0, 1, 2, 3, 4, 5]  Type  subclone
 ID  5  Timepoint  3  Mutations  [0, 1, 2, 3, 4, 5, 14, 15, 16, 17]  Type  subclone
 ID  6  Timepoint  3  Mutations  [6, 7, 8, 9, 10, 11, 12, 13]  Type  subclone
 ID  7  Timepoint  3  Mutations  [6, 7, 8, 9, 10, 11, 12, 13, 18, 19, 20, 21, 22, 23, 24, 25, 26, 27, 28, 29]  Type  subclone
 ID  8  Timepoint  3  Mutations  [0, 1, 2, 3, 4, 5, 14, 15, 16, 17, 30, 31, 32, 33, 34, 35, 36, 37, 38]  Type  subclone
 ID  9  Timepoint  3  Mutations  [6, 7, 8, 9, 11, 12, 13, 39, 40, 41, 42, 43, 44, 45, 46]  Type  subclone
 ID  10  Timepoint  3  Mutations  [0, 1, 2, 3, 4, 5]  Type  subclone
Timepoints  SortedDict({1: [0], 2: [1, 2, 3, 4], 3: [5, 6, 7, 8, 9, 10]})
 Clone to nodes  {'6_2': 1, '11_2': 2, '9_2': 3, '5_2': 4, '6_3': 5, '11_3': 6, '9_3': 7, '3_3': 8, '7_3': 9, '5_3': 10}
 Timepoint ====  1
 Hash table  {'0,3': [0, 1, 2, 3, 4, 5], '0': [14, 15, 16, 17], '1,2': [6, 7, 8, 9, 10, 11, 12, 13], '2': [18, 19, 20, 21, 22, 23, 24, 25, 26, 27, 28, 29]}
 Final possible usc  [[0, 1, 2, 3, 4, 5], [14, 15, 16, 17], [6, 7, 8, 9, 10, 11, 12, 13], [18, 19, 20, 21, 22, 23, 24, 25, 26, 27, 28, 29]]
 Time  1  USC keys  {'6,7,8,9,10,11,12,13_0', '0,1,2,3,4,5_0', '18,19,20,21,22,23,24,25,26,27,28,29_0', '14,15,16,17_0'}
 USC children  {'0,1,2,3,4,5_0': [1, 4], '14,15,16,17_0': [1], '6,7,8,9,10,11,12,13_0': [2, 3], '18,19,20,21,22,23,24,25,26,27,28,29_0': [3]}
 USC children  {'0,1,2,3,4,5_0': [1, 4], '14,15,16,17_0': [1], '6,7,8,9,10,11,12,13_0': [2, 3], '18,19,20,21,22,23,24,25,26,27,28,29_0': [3]}
 Timepoint ====  2
 Hash table  {'0': [0, 1, 2, 3, 4, 5, 14, 15, 16, 17, 30, 31, 32, 33, 34, 35, 36, 37, 38], '1': [6, 7, 8, 9, 11, 12, 13, 39, 40, 41, 42, 43, 44, 45, 46]}
====== Inside find superset of t nodes ==========
 Final possible usc  [[0, 1, 2, 3, 4, 5, 14, 15, 16, 17, 30, 31, 32, 33, 34, 35, 36, 37, 38]]
 Time  2  USC keys  {'0,1,2,3,4,5,14,15,16,17,30,31,32,33,34,35,36,37,38_1', '0,1,2,3,4,5,14,15,16,17,30,31,32,33,34,35,36,37,38_4'}
 USC children  {'0,1,2,3,4,5_0': [1, 4], '14,15,16,17_0': [1], '6,7,8,9,10,11,12,13_0': [2, 3], '18,19,20,21,22,23,24,25,26,27,28,29_0': [3], '0,1,2,3,4,5,14,15,16,17,30,31,32,33,34,35,36,37,38_1': [8], '0,1,2,3,4,5,14,15,16,17,30,31,32,33,34,35,36,37,38_4': [8]}
 USC children  {'0,1,2,3,4,5_0': [1, 4], '14,15,16,17_0': [1], '6,7,8,9,10,11,12,13_0': [2, 3], '18,19,20,21,22,23,24,25,26,27,28,29_0': [3], '0,1,2,3,4,5,14,15,16,17,30,31,32,33,34,35,36,37,38_1': [8], '0,1,2,3,4,5,14,15,16,17,30,31,32,33,34,35,36,37,38_4': [8]}
 Node s  {'1,4': ['0', '1', '2', '3', '4', '5'], '2,3': ['6', '7', '8', '9', '10', '11', '12', '13'], '8': ['0', '1', '2', '3', '4', '5', '14', '15', '16', '17', '30', '31', '32', '33', '34', '35', '36', '37', '38']}
 Enroll USC nodes  ['1', '4']  len  2
 Enroll USC nodes  ['2', '3']  len  2
 Enroll USC nodes  ['8']  len  1
 Node TP  SortedDict({1: [0], 2: [1, 2, 3, 4], 3: [5, 6, 7, 8, 9, 10]})
 Unobserved subclones at timepoints  {1.5: [11, 12]}
 ============== Inside finding node v ============ 
 Time  2
 Time  3
 largest_v_mut  [[0, 1, 2, 3, 4, 5, 14, 15, 16, 17]]
 largest_v_mut  []
 Sorted all timepoints  [1, 1.5, 2, 3]
 Timepoint  2
 Inside usc_node check  2
 Timepoint  3
 Node  9  has no parent 
 USC nodes  []
 Node with minimum mutation sets  {1: 10, 2: 1, 3: 13, 4: 6}
0   1   [-1]   subclone   []   []
1   2   [11]   subclone   [0, 1, 2, 3, 4, 5, 14, 15, 16, 17]   [4]
2   2   [12]   subclone   [6, 7, 8, 9, 10, 11, 12, 13]   [0]
3   2   [12]   subclone   [6, 7, 8, 9, 10, 11, 12, 13, 18, 19, 20, 21, 22, 23, 24, 25, 26, 27, 28, 29]   [12]
4   2   [11]   subclone   [0, 1, 2, 3, 4, 5]   [0]
5   3   [1]   subclone   [0, 1, 2, 3, 4, 5, 14, 15, 16, 17]   [0]
6   3   [2]   subclone   [6, 7, 8, 9, 10, 11, 12, 13]   [0]
7   3   [3]   subclone   [6, 7, 8, 9, 10, 11, 12, 13, 18, 19, 20, 21, 22, 23, 24, 25, 26, 27, 28, 29]   [0]
8   3   [1]   subclone   [0, 1, 2, 3, 4, 5, 14, 15, 16, 17, 30, 31, 32, 33, 34, 35, 36, 37, 38]   [9]
9   3   [2]   subclone   [6, 7, 8, 9, 11, 12, 13, 39, 40, 41, 42, 43, 44, 45, 46]   [8]
10   3   [4]   subclone   [0, 1, 2, 3, 4, 5]   [0]
11   1.5   [0]   unobserved subclone   [0, 1, 2, 3, 4, 5]   [6]
12   1.5   [0]   unobserved subclone   [6, 7, 8, 9, 10, 11, 12, 13]   [8]
 List of tree files  ['all_trees/sp5_rep3_m1_tree.csv', 'all_trees/sp5_rep3_m2_tree.csv', 'all_trees/sp5_rep3_m3_tree.csv', 'all_trees/sp5_rep3_m4_tree.csv', 'all_trees/sp5_rep3_m5_tree.csv']
{'1': ['0', '1', '2', '3', '4', '5'], '2': ['0', '1', '2', '3', '4', '5', '14', '15', '16', '17'], '3': ['6', '7', '8', '9', '10', '11', '12', '13'], '4': ['6', '7', '8', '9', '10', '11', '12', '13', '18', '19', '20', '21', '22', '23', '24', '25', '26', '27', '28', '29'], '5': ['0', '1', '2', '3', '4', '5'], '6': ['0', '1', '2', '3', '4', '5', '14', '15', '16', '17'], '7': ['6', '7', '8', '9', '10', '11', '12', '13'], '8': ['6', '7', '8', '9', '10', '11', '12', '13', '18', '19', '20', '21', '22', '23', '24', '25', '26', '27', '28', '29'], '9': ['0', '1', '2', '3', '4', '5', '14', '15', '16', '17', '30', '31', '32', '33', '34', '35', '36', '37', '38'], '10': ['6', '7', '8', '9', '11', '12', '13', '39', '40', '41', '42', '43', '44', '45', '46'], '11': ['0', '1', '2', '3', '4', '5'], '12': ['6', '7', '8', '9', '10', '11', '12', '13']}
 Actual mutation of  1   []
 Actual mutation of  2   ['15', '17', '16', '14']
 Actual mutation of  3   []
 Actual mutation of  4   ['19', '24', '21', '23', '18', '27', '22', '20', '25', '26', '29', '28']
 Actual mutation of  5   []
 Actual mutation of  6   []
 Actual mutation of  7   []
 Actual mutation of  8   []
 Actual mutation of  9   ['34', '33', '32', '31', '36', '35', '38', '37', '30']
 Actual mutation of  10   ['44', '39', '41', '43', '45', '42', '40', '46']
 Updated node mutation  {'1': [], '2': ['15', '17', '16', '14'], '3': [], '4': ['19', '24', '21', '23', '18', '27', '22', '20', '25', '26', '29', '28'], '5': [], '6': [], '7': [], '8': [], '9': ['34', '33', '32', '31', '36', '35', '38', '37', '30'], '10': ['44', '39', '41', '43', '45', '42', '40', '46'], '11': ['0', '1', '2', '3', '4', '5'], '12': ['6', '7', '8', '9', '10', '11', '12', '13']}
{'1': ['0', '1', '2', '3', '4', '5', '14', '15', '16', '17'], '2': ['6', '7', '8', '9', '10', '11', '12', '13'], '3': ['6', '7', '8', '9', '10', '11', '12', '13', '18', '19', '20', '21', '22', '23', '24', '25', '26', '27', '28', '29'], '4': ['0', '1', '2', '3', '4', '5'], '5': ['0', '1', '2', '3', '4', '5', '14', '15', '16', '17'], '6': ['6', '7', '8', '9', '10', '11', '12', '13'], '7': ['6', '7', '8', '9', '10', '11', '12', '13', '18', '19', '20', '21', '22', '23', '24', '25', '26', '27', '28', '29'], '8': ['0', '1', '2', '3', '4', '5', '14', '15', '16', '17', '30', '31', '32', '33', '34', '35', '36', '37', '38'], '9': ['6', '7', '8', '9', '11', '12', '13', '39', '40', '41', '42', '43', '44', '45', '46'], '10': ['0', '1', '2', '3', '4', '5'], '11': ['0', '1', '2', '3', '4', '5'], '12': ['6', '7', '8', '9', '10', '11', '12', '13']}
 Actual mutation of  1   ['15', '17', '16', '14']
 Actual mutation of  2   []
 Actual mutation of  3   ['19', '24', '21', '23', '18', '27', '22', '20', '25', '26', '29', '28']
 Actual mutation of  4   []
 Actual mutation of  5   []
 Actual mutation of  6   []
 Actual mutation of  7   []
 Actual mutation of  8   ['34', '33', '32', '31', '36', '35', '38', '37', '30']
 Actual mutation of  9   ['44', '39', '41', '43', '45', '42', '40', '46']
 Actual mutation of  10   []
 Updated node mutation  {'1': ['15', '17', '16', '14'], '2': [], '3': ['19', '24', '21', '23', '18', '27', '22', '20', '25', '26', '29', '28'], '4': [], '5': [], '6': [], '7': [], '8': ['34', '33', '32', '31', '36', '35', '38', '37', '30'], '9': ['44', '39', '41', '43', '45', '42', '40', '46'], '10': [], '11': ['0', '1', '2', '3', '4', '5'], '12': ['6', '7', '8', '9', '10', '11', '12', '13']}
{'1': ['0', '1', '2', '3', '4', '5'], '2': ['0', '1', '2', '3', '4', '5', '14', '15', '16', '17'], '3': ['6', '7', '8', '9', '10', '11', '12', '13'], '4': ['6', '7', '8', '9', '10', '11', '12', '13', '18', '19', '20', '21', '22', '23', '24', '25', '26', '27', '28', '29'], '5': ['0', '1', '2', '3', '4', '5'], '6': ['0', '1', '2', '3', '4', '5', '14', '15', '16', '17'], '7': ['6', '7', '8', '9', '10', '11', '12', '13'], '8': ['6', '7', '8', '9', '10', '11', '12', '13', '18', '19', '20', '21', '22', '23', '24', '25', '26', '27', '28', '29'], '9': ['0', '1', '2', '3', '4', '5', '14', '15', '16', '17', '30', '31', '32', '33', '34', '35', '36', '37', '38'], '10': ['6', '7', '8', '9', '11', '12', '13', '39', '40', '41', '42', '43', '44', '45', '46'], '11': ['0', '1', '2', '3', '4', '5'], '12': ['6', '7', '8', '9', '10', '11', '12', '13']}
 Actual mutation of  1   []
 Actual mutation of  2   ['15', '17', '16', '14']
 Actual mutation of  3   []
 Actual mutation of  4   ['19', '24', '21', '23', '18', '27', '22', '20', '25', '26', '29', '28']
 Actual mutation of  5   []
 Actual mutation of  6   []
 Actual mutation of  7   []
 Actual mutation of  8   []
 Actual mutation of  9   ['34', '33', '32', '31', '36', '35', '38', '37', '30']
 Actual mutation of  10   ['44', '39', '41', '43', '45', '42', '40', '46']
 Updated node mutation  {'1': [], '2': ['15', '17', '16', '14'], '3': [], '4': ['19', '24', '21', '23', '18', '27', '22', '20', '25', '26', '29', '28'], '5': [], '6': [], '7': [], '8': [], '9': ['34', '33', '32', '31', '36', '35', '38', '37', '30'], '10': ['44', '39', '41', '43', '45', '42', '40', '46'], '11': ['0', '1', '2', '3', '4', '5'], '12': ['6', '7', '8', '9', '10', '11', '12', '13']}
{'1': ['0', '1', '2', '3', '4', '5', '26', '34'], '2': ['0', '1', '2', '3', '4', '5', '14', '15', '16', '17'], '3': ['6', '7', '8', '9', '10', '11', '12', '13'], '4': ['6', '7', '8', '9', '10', '11', '12', '13', '18', '19', '20', '21', '22', '23', '24', '25', '26', '27', '28', '29'], '5': ['0', '1', '2', '3', '4', '5'], '6': ['0', '1', '2', '3', '4', '5'], '7': ['0', '1', '2', '3', '4', '5', '14', '15', '16', '17'], '8': ['6', '7', '8', '9', '10', '11', '12', '13'], '9': ['6', '7', '8', '9', '10', '11', '12', '13', '18', '19', '20', '21', '22', '23', '24', '25', '26', '27', '28', '29'], '10': ['0', '1', '2', '3', '4', '5', '14', '15', '16', '17', '30', '31', '32', '33', '34', '35', '36', '37', '38'], '11': ['6', '7', '8', '9', '10', '11', '12', '13', '39', '40', '41', '42', '43', '44', '45', '46'], '12': ['0', '1', '2', '3', '4', '5'], '13': ['26'], '14': ['6', '7', '8', '9', '10', '11', '12', '13']}
 Actual mutation of  1   ['34', '26']
 Actual mutation of  2   ['15', '17', '16', '14']
 Actual mutation of  3   []
 Actual mutation of  4   ['19', '7', '21', '9', '27', '22', '13', '25', '29', '28', '11', '24', '23', '18', '8', '10', '20', '6', '12']
 Actual mutation of  5   []
 Actual mutation of  6   []
 Actual mutation of  7   []
 Actual mutation of  8   []
 Actual mutation of  9   []
 Actual mutation of  10   ['34', '33', '32', '31', '36', '35', '38', '37', '30']
 Actual mutation of  11   ['44', '39', '41', '43', '45', '42', '40', '46']
 Updated node mutation  {'1': ['34', '26'], '2': ['15', '17', '16', '14'], '3': [], '4': ['19', '7', '21', '9', '27', '22', '13', '25', '29', '28', '11', '24', '23', '18', '8', '10', '20', '6', '12'], '5': [], '6': [], '7': [], '8': [], '9': [], '10': ['34', '33', '32', '31', '36', '35', '38', '37', '30'], '11': ['44', '39', '41', '43', '45', '42', '40', '46'], '12': ['0', '1', '2', '3', '4', '5'], '13': ['26'], '14': ['6', '7', '8', '9', '10', '11', '12', '13']}
{'1': ['0', '1', '2', '3', '4', '5', '14', '15', '16', '17'], '2': ['6', '7', '8', '9', '10', '11', '12', '13'], '3': ['6', '7', '8', '9', '10', '11', '12', '13', '18', '19', '20', '21', '22', '23', '24', '25', '26', '27', '28', '29'], '4': ['0', '1', '2', '3', '4', '5'], '5': ['0', '1', '2', '3', '4', '5', '14', '15', '16', '17'], '6': ['6', '7', '8', '9', '10', '11', '12', '13'], '7': ['6', '7', '8', '9', '10', '11', '12', '13', '18', '19', '20', '21', '22', '23', '24', '25', '26', '27', '28', '29'], '8': ['0', '1', '2', '3', '4', '5', '14', '15', '16', '17', '30', '31', '32', '33', '34', '35', '36', '37', '38'], '9': ['6', '7', '8', '9', '11', '12', '13', '39', '40', '41', '42', '43', '44', '45', '46'], '10': ['0', '1', '2', '3', '4', '5'], '11': ['0', '1', '2', '3', '4', '5'], '12': ['6', '7', '8', '9', '10', '11', '12', '13']}
 Actual mutation of  1   ['15', '17', '16', '14']
 Actual mutation of  2   []
 Actual mutation of  3   ['19', '24', '21', '23', '18', '27', '22', '20', '25', '26', '29', '28']
 Actual mutation of  4   []
 Actual mutation of  5   []
 Actual mutation of  6   []
 Actual mutation of  7   []
 Actual mutation of  8   ['34', '33', '32', '31', '36', '35', '38', '37', '30']
 Actual mutation of  9   ['44', '39', '41', '43', '45', '42', '40', '46']
 Actual mutation of  10   []
 Updated node mutation  {'1': ['15', '17', '16', '14'], '2': [], '3': ['19', '24', '21', '23', '18', '27', '22', '20', '25', '26', '29', '28'], '4': [], '5': [], '6': [], '7': [], '8': ['34', '33', '32', '31', '36', '35', '38', '37', '30'], '9': ['44', '39', '41', '43', '45', '42', '40', '46'], '10': [], '11': ['0', '1', '2', '3', '4', '5'], '12': ['6', '7', '8', '9', '10', '11', '12', '13']}
 Parallel mutation count  {'m1': 0, 'm2': 0, 'm3': 0, 'm4': 10, 'm5': 0}
 Clusters with least parallel mutations  ['m1', 'm2', 'm3', 'm5']
 Cluster nos for each run  {'m1': 6, 'm2': 8, 'm3': 6, 'm5': 12}
 Run  m1
 Base path  ['sp5', 'rep3', 'm1', 'tree.csv']
 Best tree path  sp5_rep3_m1_tree.csv
