6
 Total estimated FP  99  True negatives  9805
 Total estimated FN  1281  True positives  5135
 Estimated FP rate  0.01891
 Estimated FN rate  0.12
 No. of Cells in each cluster  {'4_2': 14, '4_3': 87, '3_2': 10, '2_2': 66, '2_3': 2, '5_3': 411, '5_2': 10}
 Cells in each cluster  {'4_2': [0, 1, 2, 3, 4, 5, 6, 7, 8, 9, 10, 11, 12, 13], '4_3': [100, 101, 102, 103, 104, 105, 106, 107, 108, 109, 110, 111, 112, 113, 114, 115, 116, 117, 118, 119, 120, 121, 122, 123, 124, 125, 126, 127, 128, 129, 130, 131, 132, 133, 134, 135, 136, 137, 138, 139, 140, 141, 142, 143, 144, 145, 146, 147, 148, 149, 150, 151, 152, 153, 154, 155, 156, 157, 158, 159, 160, 161, 162, 163, 164, 165, 166, 167, 168, 169, 170, 171, 172, 173, 174, 175, 176, 177, 178, 179, 180, 181, 182, 183, 184, 185, 186], '3_2': [14, 15, 16, 17, 18, 19, 20, 21, 22, 23], '2_2': [24, 25, 26, 27, 28, 29, 30, 31, 32, 33, 34, 35, 36, 37, 38, 39, 40, 41, 42, 43, 44, 45, 46, 47, 48, 49, 50, 51, 52, 53, 54, 55, 56, 57, 58, 59, 60, 61, 62, 63, 64, 65, 66, 67, 68, 69, 70, 71, 72, 73, 74, 75, 76, 77, 78, 79, 80, 81, 82, 83, 84, 85, 86, 87, 88, 89], '2_3': [266, 424], '5_3': [275, 287, 343, 599, 187, 188, 189, 190, 191, 192, 193, 194, 195, 196, 197, 198, 199, 200, 201, 202, 203, 204, 205, 206, 207, 208, 209, 210, 211, 212, 213, 214, 215, 216, 217, 218, 219, 220, 221, 222, 223, 224, 225, 226, 227, 228, 229, 230, 231, 232, 233, 234, 235, 236, 237, 238, 239, 240, 241, 242, 243, 244, 245, 246, 247, 248, 249, 250, 251, 252, 253, 254, 255, 256, 257, 258, 259, 260, 261, 262, 263, 264, 265, 267, 268, 269, 270, 271, 272, 273, 274, 276, 277, 278, 279, 280, 281, 283, 284, 285, 286, 288, 289, 290, 291, 292, 293, 294, 295, 296, 297, 298, 299, 300, 301, 302, 303, 304, 305, 306, 307, 308, 309, 310, 311, 312, 313, 314, 315, 316, 317, 318, 319, 320, 321, 322, 323, 324, 325, 326, 327, 328, 329, 330, 331, 332, 333, 334, 335, 336, 337, 338, 339, 340, 341, 342, 344, 345, 346, 347, 348, 349, 350, 351, 352, 353, 354, 355, 356, 357, 358, 359, 360, 361, 362, 363, 364, 365, 366, 367, 368, 369, 370, 371, 372, 373, 374, 375, 376, 377, 378, 379, 380, 381, 382, 383, 384, 385, 386, 387, 388, 389, 390, 391, 392, 393, 394, 395, 397, 399, 400, 401, 402, 403, 404, 405, 406, 407, 408, 409, 410, 411, 412, 413, 414, 415, 416, 417, 418, 419, 420, 421, 422, 423, 425, 426, 427, 428, 429, 430, 431, 432, 433, 434, 435, 436, 437, 438, 439, 440, 441, 442, 443, 444, 445, 446, 447, 448, 449, 450, 451, 452, 453, 454, 455, 456, 457, 458, 459, 460, 461, 462, 463, 464, 465, 466, 467, 468, 469, 470, 471, 472, 473, 474, 475, 476, 477, 478, 479, 480, 481, 482, 483, 484, 485, 486, 487, 488, 489, 490, 491, 492, 493, 494, 495, 496, 497, 498, 499, 500, 501, 502, 503, 504, 505, 506, 508, 509, 510, 511, 512, 513, 514, 515, 516, 517, 518, 519, 520, 521, 522, 523, 524, 526, 527, 528, 529, 530, 531, 532, 533, 534, 535, 536, 537, 538, 539, 540, 541, 542, 543, 544, 545, 546, 547, 548, 549, 550, 551, 552, 553, 554, 555, 556, 557, 558, 559, 560, 561, 562, 563, 564, 565, 566, 567, 568, 569, 570, 571, 572, 573, 574, 575, 576, 577, 578, 579, 580, 581, 582, 583, 584, 585, 586, 587, 588, 589, 590, 591, 592, 593, 594, 595, 597, 598, 282, 396, 398, 507, 525, 596], '5_2': [90, 91, 92, 93, 94, 95, 96, 97, 98, 99]}
FP rate  0.01891 FN rate  0.12
 Before reassigning cells 
 Timepoint  2
 Cluster  4  # of cells  14
 Cluster  3  # of cells  10
 Cluster  2  # of cells  66
 Cluster  5  # of cells  10
 Timepoint  3
 Cluster  4  # of cells  87
 Cluster  2  # of cells  5
 Cluster  5  # of cells  404
 Cells absent at timepoint  3   {248, 201, 396, 285}
 Missing cell prob  {'2': 0.0004492163448097572, '5': 0.00044921634480975725, '4': 3.7371763703960314e-20}
 Missing cell prob  {'2': 7.51339212234308e-05, '5': 7.51339212234308e-05, '4': 7.397571906816229e-15}
 Missing cell prob  {'2': 1.0413968157921097e-06, '5': 1.0413968157921095e-06, '4': 8.382952177531704e-16}
 Missing cell prob  {'2': 1.7991125129228737e-07, '5': 1.799112512922874e-07, '4': 1.459528222464628e-11}
 Cells absent at timepoint  2   set()
 Timepoint  2
 Timepoint  3
SortedDict({2: {'4': ['0', '1', '2', '3', '4', '5', '6', '7', '8', '9', '10', '11', '12', '13'], '3': ['14', '15', '16', '17', '18', '19', '20', '21', '22', '23'], '2': ['24', '25', '26', '27', '28', '29', '30', '31', '32', '33', '34', '35', '36', '37', '38', '39', '40', '41', '42', '43', '44', '45', '46', '47', '48', '49', '50', '51', '52', '53', '54', '55', '56', '57', '58', '59', '60', '61', '62', '63', '64', '65', '66', '67', '68', '69', '70', '71', '72', '73', '74', '75', '76', '77', '78', '79', '80', '81', '82', '83', '84', '85', '86', '87', '88', '89'], '5': ['90', '91', '92', '93', '94', '95', '96', '97', '98', '99']}, 3: {'4': ['100', '101', '102', '103', '104', '105', '106', '107', '108', '109', '110', '111', '112', '113', '114', '115', '116', '117', '118', '119', '120', '121', '122', '123', '124', '125', '126', '127', '128', '129', '130', '131', '132', '133', '134', '135', '136', '137', '138', '139', '140', '141', '142', '143', '144', '145', '146', '147', '148', '149', '150', '151', '152', '153', '154', '155', '156', '157', '158', '159', '160', '161', '162', '163', '164', '165', '166', '167', '168', '169', '170', '171', '172', '173', '174', '175', '176', '177', '178', '179', '180', '181', '182', '183', '184', '185', '186'], '2': ['266', '292', '398', '424', '525', '201', '396'], '5': ['187', '188', '189', '190', '191', '192', '193', '194', '195', '196', '197', '198', '199', '200', '202', '203', '204', '205', '206', '207', '208', '209', '210', '211', '212', '213', '214', '215', '216', '217', '218', '219', '220', '221', '222', '223', '224', '225', '226', '227', '228', '229', '230', '231', '232', '233', '234', '235', '236', '237', '238', '239', '240', '241', '242', '243', '244', '245', '246', '247', '249', '250', '251', '252', '253', '254', '255', '256', '257', '258', '259', '260', '261', '262', '263', '264', '265', '267', '268', '269', '270', '271', '272', '273', '274', '275', '276', '277', '278', '279', '280', '281', '282', '283', '284', '286', '287', '288', '289', '290', '291', '293', '294', '295', '296', '297', '298', '299', '300', '301', '302', '303', '304', '305', '306', '307', '308', '309', '310', '311', '312', '313', '314', '315', '316', '317', '318', '319', '320', '321', '322', '323', '324', '325', '326', '327', '328', '329', '330', '331', '332', '333', '334', '335', '336', '337', '338', '339', '340', '341', '342', '343', '344', '345', '346', '347', '348', '349', '350', '351', '352', '353', '354', '355', '356', '357', '358', '359', '360', '361', '362', '363', '364', '365', '366', '367', '368', '369', '370', '371', '372', '373', '374', '375', '376', '377', '378', '379', '380', '381', '382', '383', '384', '385', '386', '387', '388', '389', '390', '391', '392', '393', '394', '395', '397', '399', '400', '401', '402', '403', '404', '405', '406', '407', '408', '409', '410', '411', '412', '413', '414', '415', '416', '417', '418', '419', '420', '421', '422', '423', '425', '426', '427', '428', '429', '430', '431', '432', '433', '434', '435', '436', '437', '438', '439', '440', '441', '442', '443', '444', '445', '446', '447', '448', '449', '450', '451', '452', '453', '454', '455', '456', '457', '458', '459', '460', '461', '462', '463', '464', '465', '466', '467', '468', '469', '470', '471', '472', '473', '474', '475', '476', '477', '478', '479', '480', '481', '482', '483', '484', '485', '486', '487', '488', '489', '490', '491', '492', '493', '494', '495', '496', '497', '498', '499', '500', '501', '502', '503', '504', '505', '506', '507', '508', '509', '510', '511', '512', '513', '514', '515', '516', '517', '518', '519', '520', '521', '522', '523', '524', '526', '527', '528', '529', '530', '531', '532', '533', '534', '535', '536', '537', '538', '539', '540', '541', '542', '543', '544', '545', '546', '547', '548', '549', '550', '551', '552', '553', '554', '555', '556', '557', '558', '559', '560', '561', '562', '563', '564', '565', '566', '567', '568', '569', '570', '571', '572', '573', '574', '575', '576', '577', '578', '579', '580', '581', '582', '583', '584', '585', '586', '587', '588', '589', '590', '591', '592', '593', '594', '595', '596', '597', '598', '599', '248', '285']}})
 Cluster1  2
 Cluster to drop  5
 After reassigning and merging cells 
 Timepoint  2
 Cluster  4  # of cells  14
 Cluster  3  # of cells  10
 Cluster  2  # of cells  66
 Cluster  5  # of cells  10
 Timepoint  3
 Cluster  4  # of cells  87
 Cluster  2  # of cells  413
 Tp cluster cell dict  {'4_2': 14, '3_2': 10, '2_2': 66, '5_2': 10, '4_3': 87, '2_3': 413}
 New Graph is here 
 ID  0  Timepoint  1  Mutations  []  Type  subclone
 ID  1  Timepoint  2  Mutations  [0, 1, 2, 3, 4, 5]  Type  subclone
 ID  2  Timepoint  2  Mutations  [0, 1, 2, 3, 4, 5, 17, 18, 19, 20, 21, 22, 23, 24, 25, 26]  Type  subclone
 ID  3  Timepoint  2  Mutations  [6, 7, 8, 9, 10, 11, 12, 13, 14, 15, 16, 27, 28, 29]  Type  subclone
 ID  4  Timepoint  2  Mutations  [6, 7, 8, 9, 10, 11, 12, 13, 14, 15, 16, 30, 31, 32, 33]  Type  subclone
 ID  5  Timepoint  3  Mutations  [0, 1, 2, 3, 4, 5]  Type  subclone
 ID  6  Timepoint  3  Mutations  [6, 7, 8, 9, 10, 11, 12, 13, 14, 15, 16, 30, 31, 32, 33]  Type  subclone
Timepoints  SortedDict({1: [0], 2: [1, 2, 3, 4], 3: [5, 6]})
 Clone to nodes  {'4_2': 1, '3_2': 2, '2_2': 3, '5_2': 4, '4_3': 5, '2_3': 6}
 Timepoint ====  1
 Hash table  {'0,1': [0, 1, 2, 3, 4, 5], '1': [17, 18, 19, 20, 21, 22, 23, 24, 25, 26], '2,3': [6, 7, 8, 9, 10, 11, 12, 13, 14, 15, 16], '2': [27, 28, 29], '3': [30, 31, 32, 33]}
 Final possible usc  [[0, 1, 2, 3, 4, 5], [17, 18, 19, 20, 21, 22, 23, 24, 25, 26], [6, 7, 8, 9, 10, 11, 12, 13, 14, 15, 16], [27, 28, 29], [30, 31, 32, 33]]
 Time  1  USC keys  {'27,28,29_0', '30,31,32,33_0', '0,1,2,3,4,5_0', '17,18,19,20,21,22,23,24,25,26_0', '6,7,8,9,10,11,12,13,14,15,16_0'}
 USC children  {'0,1,2,3,4,5_0': [1, 2], '17,18,19,20,21,22,23,24,25,26_0': [2], '6,7,8,9,10,11,12,13,14,15,16_0': [3, 4], '27,28,29_0': [3], '30,31,32,33_0': [4]}
 USC children  {'0,1,2,3,4,5_0': [1, 2], '17,18,19,20,21,22,23,24,25,26_0': [2], '6,7,8,9,10,11,12,13,14,15,16_0': [3, 4], '27,28,29_0': [3], '30,31,32,33_0': [4]}
 Timepoint ====  2
 Hash table  {}
====== Inside find superset of t nodes ==========
 Final possible usc  []
 Time  2  USC keys  set()
 USC children  {'0,1,2,3,4,5_0': [1, 2], '17,18,19,20,21,22,23,24,25,26_0': [2], '6,7,8,9,10,11,12,13,14,15,16_0': [3, 4], '27,28,29_0': [3], '30,31,32,33_0': [4]}
 USC children  {'0,1,2,3,4,5_0': [1, 2], '17,18,19,20,21,22,23,24,25,26_0': [2], '6,7,8,9,10,11,12,13,14,15,16_0': [3, 4], '27,28,29_0': [3], '30,31,32,33_0': [4]}
 Node s  {'1,2': ['0', '1', '2', '3', '4', '5'], '3,4': ['6', '7', '8', '9', '10', '11', '12', '13', '14', '15', '16']}
 Enroll USC nodes  ['1', '2']  len  2
 Enroll USC nodes  ['3', '4']  len  2
 Node TP  SortedDict({1: [0], 2: [1, 2, 3, 4], 3: [5, 6]})
 Unobserved subclones at timepoints  {1.5: [7, 8]}
 ============== Inside finding node v ============ 
 Time  2
 Time  3
 Sorted all timepoints  [1, 1.5, 2, 3]
 Timepoint  2
 Inside usc_node check  2
 Timepoint  3
0   1   [-1]   subclone   []   []
1   2   [7]   subclone   [0, 1, 2, 3, 4, 5]   [0]
2   2   [7]   subclone   [0, 1, 2, 3, 4, 5, 17, 18, 19, 20, 21, 22, 23, 24, 25, 26]   [10]
3   2   [8]   subclone   [6, 7, 8, 9, 10, 11, 12, 13, 14, 15, 16, 27, 28, 29]   [3]
4   2   [8]   subclone   [6, 7, 8, 9, 10, 11, 12, 13, 14, 15, 16, 30, 31, 32, 33]   [4]
5   3   [1]   subclone   [0, 1, 2, 3, 4, 5]   [0]
6   3   [4]   subclone   [6, 7, 8, 9, 10, 11, 12, 13, 14, 15, 16, 30, 31, 32, 33]   [0]
7   1.5   [0]   unobserved subclone   [0, 1, 2, 3, 4, 5]   [6]
8   1.5   [0]   unobserved subclone   [6, 7, 8, 9, 10, 11, 12, 13, 14, 15, 16]   [11]
7
 Total estimated FP  96  True negatives  9808
 Total estimated FN  1278  True positives  5138
 Estimated FP rate  0.01834
 Estimated FN rate  0.12
 No. of Cells in each cluster  {'4_2': 14, '4_3': 87, '3_2': 10, '5_2': 66, '5_3': 2, '6_3': 4, '2_2': 10, '2_3': 407}
 Cells in each cluster  {'4_2': [0, 1, 2, 3, 4, 5, 6, 7, 8, 9, 10, 11, 12, 13], '4_3': [100, 101, 102, 103, 104, 105, 106, 107, 108, 109, 110, 111, 112, 113, 114, 115, 116, 117, 118, 119, 120, 121, 122, 123, 124, 125, 126, 127, 128, 129, 130, 131, 132, 133, 134, 135, 136, 137, 138, 139, 140, 141, 142, 143, 144, 145, 146, 147, 148, 149, 150, 151, 152, 153, 154, 155, 156, 157, 158, 159, 160, 161, 162, 163, 164, 165, 166, 167, 168, 169, 170, 171, 172, 173, 174, 175, 176, 177, 178, 179, 180, 181, 182, 183, 184, 185, 186], '3_2': [14, 15, 16, 17, 18, 19, 20, 21, 22, 23], '5_2': [24, 25, 26, 27, 28, 29, 30, 31, 32, 33, 34, 35, 36, 37, 38, 39, 40, 41, 42, 43, 44, 45, 46, 47, 48, 49, 50, 51, 52, 53, 54, 55, 56, 57, 58, 59, 60, 61, 62, 63, 64, 65, 66, 67, 68, 69, 70, 71, 72, 73, 74, 75, 76, 77, 78, 79, 80, 81, 82, 83, 84, 85, 86, 87, 88, 89], '5_3': [266, 424], '6_3': [275, 287, 343, 599], '2_2': [90, 91, 92, 93, 94, 95, 96, 97, 98, 99], '2_3': [187, 188, 189, 190, 191, 192, 193, 194, 195, 196, 197, 198, 199, 200, 201, 202, 203, 204, 205, 206, 207, 208, 209, 210, 211, 212, 213, 214, 215, 216, 217, 218, 219, 220, 221, 222, 223, 224, 225, 226, 227, 228, 229, 230, 231, 232, 233, 234, 235, 236, 237, 238, 239, 240, 241, 242, 243, 244, 245, 246, 247, 248, 249, 250, 251, 252, 253, 254, 255, 256, 257, 258, 260, 261, 262, 263, 264, 265, 267, 268, 269, 270, 271, 272, 273, 274, 276, 277, 278, 279, 280, 281, 284, 286, 288, 289, 290, 291, 292, 293, 294, 295, 296, 297, 298, 299, 301, 302, 303, 304, 305, 306, 307, 308, 309, 310, 311, 312, 313, 314, 315, 316, 317, 318, 319, 320, 321, 322, 323, 324, 325, 326, 327, 329, 330, 331, 332, 333, 334, 335, 336, 337, 338, 339, 340, 341, 342, 344, 345, 346, 347, 348, 349, 350, 352, 353, 354, 355, 356, 357, 358, 359, 360, 361, 362, 363, 364, 365, 366, 367, 368, 369, 370, 371, 372, 373, 374, 375, 376, 377, 378, 379, 380, 381, 382, 383, 384, 385, 386, 387, 388, 389, 390, 391, 392, 393, 394, 395, 397, 399, 400, 401, 402, 403, 404, 405, 406, 407, 408, 409, 410, 411, 412, 413, 414, 415, 416, 417, 418, 419, 420, 421, 422, 423, 425, 426, 427, 428, 429, 430, 431, 432, 433, 434, 435, 436, 437, 438, 439, 440, 441, 442, 443, 444, 445, 446, 447, 448, 449, 450, 451, 452, 453, 455, 456, 457, 458, 459, 460, 461, 462, 463, 464, 465, 466, 467, 468, 469, 470, 471, 472, 473, 474, 475, 476, 477, 478, 479, 480, 481, 483, 484, 485, 486, 487, 488, 489, 490, 491, 492, 493, 494, 495, 496, 497, 498, 499, 500, 501, 502, 503, 504, 505, 506, 508, 509, 510, 511, 512, 514, 515, 516, 517, 518, 520, 521, 522, 523, 524, 526, 527, 528, 529, 530, 531, 532, 533, 534, 535, 536, 537, 538, 539, 540, 541, 542, 543, 544, 545, 546, 547, 548, 549, 550, 551, 552, 553, 554, 555, 556, 557, 558, 559, 560, 561, 562, 563, 564, 565, 566, 567, 568, 569, 570, 571, 572, 573, 574, 575, 576, 577, 578, 579, 580, 581, 582, 583, 584, 585, 586, 587, 588, 589, 590, 591, 592, 593, 594, 595, 597, 598, 282, 396, 398, 507, 525, 596, 259, 283, 285, 300, 328, 351, 454, 482, 513, 519]}
FP rate  0.01834 FN rate  0.12
 Before reassigning cells 
 Timepoint  2
 Cluster  4  # of cells  14
 Cluster  3  # of cells  10
 Cluster  5  # of cells  66
 Cluster  2  # of cells  10
 Timepoint  3
 Cluster  4  # of cells  87
 Cluster  5  # of cells  4
 Cluster  6  # of cells  18
 Cluster  2  # of cells  372
 Cells absent at timepoint  3   {384, 388, 516, 522, 396, 525, 532, 300, 440, 193, 577, 201, 209, 471, 347, 350, 486, 373, 248}
 Missing cell prob  {'5': 3.472262011944801e-09, '2': 6.53971797187871e-05, '6': 6.53971797187871e-05, '4': 1.3651984449055508e-17}
 Missing cell prob  {'5': 2.4016577533158195e-08, '2': 7.711771579288403e-05, '6': 7.711771579288403e-05, '4': 6.3190837670323315e-15}
 Missing cell prob  {'5': 2.739155819784909e-09, '2': 0.003452414777143151, '6': 0.003452414777143151, '4': 3.130351098402637e-19}
 Missing cell prob  {'5': 1.1884947288274763e-13, '2': 8.786319271090457e-07, '6': 8.786319271090457e-07, '4': 9.738615402338188e-24}
 Missing cell prob  {'5': 1.050509379972184e-06, '2': 1.0505093799721842e-06, '6': 4.562819121980526e-10, '4': 7.041735994051948e-16}
 Missing cell prob  {'5': 6.563678665525405e-06, '2': 6.5636786655254064e-06, '6': 1.3679303037015446e-07, '4': 1.8534221814754398e-25}
 Missing cell prob  {'5': 4.7522508241011384e-11, '2': 0.00035132501629223914, '6': 0.00035132501629223925, '4': 8.115512835281826e-23}
 Missing cell prob  {'5': 2.111988652873584e-07, '2': 8.290004576800693e-05, '6': 8.290004576800693e-05, '4': 4.870554062089826e-15}
 Missing cell prob  {'5': 2.5911945605785935e-09, '2': 5.9657727349033675e-06, '6': 5.9657727349033675e-06, '4': 4.4250342613314215e-21}
 Missing cell prob  {'5': 7.371706795709178e-11, '2': 0.0005449764976565595, '6': 0.0005449764976565595, '4': 1.1376653707546253e-16}
 Missing cell prob  {'5': 6.251337052668277e-11, '2': 0.0037806152751833602, '6': 0.0037806152751833594, '4': 3.004528737548134e-20}
 Missing cell prob  {'5': 7.570337688524255e-05, '2': 7.570337688524255e-05, '6': 1.5777271955401682e-06, '4': 6.203191770744958e-15}
 Missing cell prob  {'5': 1.549869803473142e-07, '2': 6.083568558361283e-05, '6': 6.083568558361283e-05, '4': 1.7712160099253498e-17}
 Missing cell prob  {'5': 2.322852324948722e-09, '2': 0.0029277084691019944, '6': 0.0029277084691019944, '4': 1.0105900662352449e-23}
 Missing cell prob  {'5': 1.7682815801570752e-06, '2': 0.03330411930123419, '6': 0.03330411930123419, '4': 2.646743353552063e-19}
 Missing cell prob  {'5': 1.703425038295729e-08, '2': 0.0026245170963569405, '6': 0.0026245170963569405, '4': 1.5445184845628667e-24}
 Missing cell prob  {'5': 2.3646033209258635e-08, '2': 5.4440859962640385e-05, '6': 5.444085996264038e-05, '4': 2.895333213521104e-20}
 Missing cell prob  {'5': 1.652675296538186e-13, '2': 0.00047957931793777235, '6': 0.00047957931793777235, '4': 2.0864782899639826e-18}
 Missing cell prob  {'5': 0.00045367383302200324, '2': 0.0004536738330220031, '6': 2.4087803525924078e-08, '4': 2.949425680501502e-20}
 Cells absent at timepoint  2   set()
 Timepoint  2
 Timepoint  3
SortedDict({2: {'4': ['0', '1', '2', '3', '4', '5', '6', '7', '8', '9', '10', '11', '12', '13'], '3': ['14', '15', '16', '17', '18', '19', '20', '21', '22', '23'], '5': ['24', '25', '26', '27', '28', '29', '30', '31', '32', '33', '34', '35', '36', '37', '38', '39', '40', '41', '42', '43', '44', '45', '46', '47', '48', '49', '50', '51', '52', '53', '54', '55', '56', '57', '58', '59', '60', '61', '62', '63', '64', '65', '66', '67', '68', '69', '70', '71', '72', '73', '74', '75', '76', '77', '78', '79', '80', '81', '82', '83', '84', '85', '86', '87', '88', '89'], '2': ['90', '91', '92', '93', '94', '95', '96', '97', '98', '99']}, 3: {'4': ['100', '101', '102', '103', '104', '105', '106', '107', '108', '109', '110', '111', '112', '113', '114', '115', '116', '117', '118', '119', '120', '121', '122', '123', '124', '125', '126', '127', '128', '129', '130', '131', '132', '133', '134', '135', '136', '137', '138', '139', '140', '141', '142', '143', '144', '145', '146', '147', '148', '149', '150', '151', '152', '153', '154', '155', '156', '157', '158', '159', '160', '161', '162', '163', '164', '165', '166', '167', '168', '169', '170', '171', '172', '173', '174', '175', '176', '177', '178', '179', '180', '181', '182', '183', '184', '185', '186'], '5': ['266', '292', '398', '424', '201', '248'], '6': ['242', '275', '283', '285', '287', '328', '343', '351', '419', '426', '436', '464', '503', '513', '515', '526', '560', '599', '532'], '2': ['187', '188', '189', '190', '191', '192', '194', '195', '196', '197', '198', '199', '200', '202', '203', '204', '205', '206', '207', '208', '210', '211', '212', '213', '214', '215', '216', '217', '218', '219', '220', '221', '222', '223', '224', '225', '226', '227', '228', '229', '230', '231', '232', '233', '234', '235', '236', '237', '238', '239', '240', '241', '243', '244', '245', '246', '247', '249', '250', '251', '252', '253', '254', '255', '256', '257', '258', '259', '260', '261', '262', '263', '264', '265', '267', '268', '269', '270', '271', '272', '273', '274', '276', '277', '278', '279', '280', '281', '282', '284', '286', '288', '289', '290', '291', '293', '294', '295', '296', '297', '298', '299', '301', '302', '303', '304', '305', '306', '307', '308', '309', '310', '311', '312', '313', '314', '315', '316', '317', '318', '319', '320', '321', '322', '323', '324', '325', '326', '327', '329', '330', '331', '332', '333', '334', '335', '336', '337', '338', '339', '340', '341', '342', '344', '345', '346', '348', '349', '352', '353', '354', '355', '356', '357', '358', '359', '360', '361', '362', '363', '364', '365', '366', '367', '368', '369', '370', '371', '372', '374', '375', '376', '377', '378', '379', '380', '381', '382', '383', '385', '386', '387', '389', '390', '391', '392', '393', '394', '395', '397', '399', '400', '401', '402', '403', '404', '405', '406', '407', '408', '409', '410', '411', '412', '413', '414', '415', '416', '417', '418', '420', '421', '422', '423', '425', '427', '428', '429', '430', '431', '432', '433', '434', '435', '437', '438', '439', '441', '442', '443', '444', '445', '446', '447', '448', '449', '450', '451', '452', '453', '454', '455', '456', '457', '458', '459', '460', '461', '462', '463', '465', '466', '467', '468', '469', '470', '472', '473', '474', '475', '476', '477', '478', '479', '480', '481', '482', '483', '484', '485', '487', '488', '489', '490', '491', '492', '493', '494', '495', '496', '497', '498', '499', '500', '501', '502', '504', '505', '506', '507', '508', '509', '510', '511', '512', '514', '517', '518', '519', '520', '521', '523', '524', '527', '528', '529', '530', '531', '533', '534', '535', '536', '537', '538', '539', '540', '541', '542', '543', '544', '545', '546', '547', '548', '549', '550', '551', '552', '553', '554', '555', '556', '557', '558', '559', '561', '562', '563', '564', '565', '566', '567', '568', '569', '570', '571', '572', '573', '574', '575', '576', '578', '579', '580', '581', '582', '583', '584', '585', '586', '587', '588', '589', '590', '591', '592', '593', '594', '595', '596', '597', '598', '384', '388', '516', '522', '396', '525', '300', '440', '193', '577', '209', '471', '347', '350', '486', '373']}})
 Cluster1  5
SortedDict({2: {'4': ['0', '1', '2', '3', '4', '5', '6', '7', '8', '9', '10', '11', '12', '13'], '3': ['14', '15', '16', '17', '18', '19', '20', '21', '22', '23'], '5': ['24', '25', '26', '27', '28', '29', '30', '31', '32', '33', '34', '35', '36', '37', '38', '39', '40', '41', '42', '43', '44', '45', '46', '47', '48', '49', '50', '51', '52', '53', '54', '55', '56', '57', '58', '59', '60', '61', '62', '63', '64', '65', '66', '67', '68', '69', '70', '71', '72', '73', '74', '75', '76', '77', '78', '79', '80', '81', '82', '83', '84', '85', '86', '87', '88', '89'], '2': ['90', '91', '92', '93', '94', '95', '96', '97', '98', '99']}, 3: {'4': ['100', '101', '102', '103', '104', '105', '106', '107', '108', '109', '110', '111', '112', '113', '114', '115', '116', '117', '118', '119', '120', '121', '122', '123', '124', '125', '126', '127', '128', '129', '130', '131', '132', '133', '134', '135', '136', '137', '138', '139', '140', '141', '142', '143', '144', '145', '146', '147', '148', '149', '150', '151', '152', '153', '154', '155', '156', '157', '158', '159', '160', '161', '162', '163', '164', '165', '166', '167', '168', '169', '170', '171', '172', '173', '174', '175', '176', '177', '178', '179', '180', '181', '182', '183', '184', '185', '186'], '5': ['266', '292', '398', '424', '201', '248', '242', '275', '283', '285', '287', '328', '343', '351', '419', '426', '436', '464', '503', '513', '515', '526', '560', '599', '532'], '6': ['242', '275', '283', '285', '287', '328', '343', '351', '419', '426', '436', '464', '503', '513', '515', '526', '560', '599', '532'], '2': ['187', '188', '189', '190', '191', '192', '194', '195', '196', '197', '198', '199', '200', '202', '203', '204', '205', '206', '207', '208', '210', '211', '212', '213', '214', '215', '216', '217', '218', '219', '220', '221', '222', '223', '224', '225', '226', '227', '228', '229', '230', '231', '232', '233', '234', '235', '236', '237', '238', '239', '240', '241', '243', '244', '245', '246', '247', '249', '250', '251', '252', '253', '254', '255', '256', '257', '258', '259', '260', '261', '262', '263', '264', '265', '267', '268', '269', '270', '271', '272', '273', '274', '276', '277', '278', '279', '280', '281', '282', '284', '286', '288', '289', '290', '291', '293', '294', '295', '296', '297', '298', '299', '301', '302', '303', '304', '305', '306', '307', '308', '309', '310', '311', '312', '313', '314', '315', '316', '317', '318', '319', '320', '321', '322', '323', '324', '325', '326', '327', '329', '330', '331', '332', '333', '334', '335', '336', '337', '338', '339', '340', '341', '342', '344', '345', '346', '348', '349', '352', '353', '354', '355', '356', '357', '358', '359', '360', '361', '362', '363', '364', '365', '366', '367', '368', '369', '370', '371', '372', '374', '375', '376', '377', '378', '379', '380', '381', '382', '383', '385', '386', '387', '389', '390', '391', '392', '393', '394', '395', '397', '399', '400', '401', '402', '403', '404', '405', '406', '407', '408', '409', '410', '411', '412', '413', '414', '415', '416', '417', '418', '420', '421', '422', '423', '425', '427', '428', '429', '430', '431', '432', '433', '434', '435', '437', '438', '439', '441', '442', '443', '444', '445', '446', '447', '448', '449', '450', '451', '452', '453', '454', '455', '456', '457', '458', '459', '460', '461', '462', '463', '465', '466', '467', '468', '469', '470', '472', '473', '474', '475', '476', '477', '478', '479', '480', '481', '482', '483', '484', '485', '487', '488', '489', '490', '491', '492', '493', '494', '495', '496', '497', '498', '499', '500', '501', '502', '504', '505', '506', '507', '508', '509', '510', '511', '512', '514', '517', '518', '519', '520', '521', '523', '524', '527', '528', '529', '530', '531', '533', '534', '535', '536', '537', '538', '539', '540', '541', '542', '543', '544', '545', '546', '547', '548', '549', '550', '551', '552', '553', '554', '555', '556', '557', '558', '559', '561', '562', '563', '564', '565', '566', '567', '568', '569', '570', '571', '572', '573', '574', '575', '576', '578', '579', '580', '581', '582', '583', '584', '585', '586', '587', '588', '589', '590', '591', '592', '593', '594', '595', '596', '597', '598', '384', '388', '516', '522', '396', '525', '300', '440', '193', '577', '209', '471', '347', '350', '486', '373']}})
 Cluster1  5
 Cluster to drop  6
 Cluster to drop  2
 After reassigning and merging cells 
 Timepoint  2
 Cluster  4  # of cells  14
 Cluster  3  # of cells  10
 Cluster  5  # of cells  66
 Cluster  2  # of cells  10
 Timepoint  3
 Cluster  4  # of cells  87
 Cluster  5  # of cells  413
 Tp cluster cell dict  {'4_2': 14, '3_2': 10, '5_2': 66, '2_2': 10, '4_3': 87, '5_3': 413}
 New Graph is here 
 ID  0  Timepoint  1  Mutations  []  Type  subclone
 ID  1  Timepoint  2  Mutations  [0, 1, 2, 3, 4, 5]  Type  subclone
 ID  2  Timepoint  2  Mutations  [0, 1, 2, 3, 4, 5, 17, 18, 19, 20, 21, 22, 23, 24, 25, 26]  Type  subclone
 ID  3  Timepoint  2  Mutations  [6, 7, 8, 9, 10, 11, 12, 13, 14, 15, 16, 27, 28, 29]  Type  subclone
 ID  4  Timepoint  2  Mutations  [6, 7, 8, 9, 10, 11, 12, 13, 14, 15, 16, 30, 31, 32, 33]  Type  subclone
 ID  5  Timepoint  3  Mutations  [0, 1, 2, 3, 4, 5]  Type  subclone
 ID  6  Timepoint  3  Mutations  [6, 7, 8, 9, 10, 11, 12, 13, 14, 15, 16, 30, 31, 32, 33]  Type  subclone
Timepoints  SortedDict({1: [0], 2: [1, 2, 3, 4], 3: [5, 6]})
 Clone to nodes  {'4_2': 1, '3_2': 2, '5_2': 3, '2_2': 4, '4_3': 5, '5_3': 6}
 Timepoint ====  1
 Hash table  {'0,1': [0, 1, 2, 3, 4, 5], '1': [17, 18, 19, 20, 21, 22, 23, 24, 25, 26], '2,3': [6, 7, 8, 9, 10, 11, 12, 13, 14, 15, 16], '2': [27, 28, 29], '3': [30, 31, 32, 33]}
 Final possible usc  [[0, 1, 2, 3, 4, 5], [17, 18, 19, 20, 21, 22, 23, 24, 25, 26], [6, 7, 8, 9, 10, 11, 12, 13, 14, 15, 16], [27, 28, 29], [30, 31, 32, 33]]
 Time  1  USC keys  {'0,1,2,3,4,5_0', '17,18,19,20,21,22,23,24,25,26_0', '6,7,8,9,10,11,12,13,14,15,16_0', '30,31,32,33_0', '27,28,29_0'}
 USC children  {'0,1,2,3,4,5_0': [1, 2], '17,18,19,20,21,22,23,24,25,26_0': [2], '6,7,8,9,10,11,12,13,14,15,16_0': [3, 4], '27,28,29_0': [3], '30,31,32,33_0': [4]}
 USC children  {'0,1,2,3,4,5_0': [1, 2], '17,18,19,20,21,22,23,24,25,26_0': [2], '6,7,8,9,10,11,12,13,14,15,16_0': [3, 4], '27,28,29_0': [3], '30,31,32,33_0': [4]}
 Timepoint ====  2
 Hash table  {}
====== Inside find superset of t nodes ==========
 Final possible usc  []
 Time  2  USC keys  set()
 USC children  {'0,1,2,3,4,5_0': [1, 2], '17,18,19,20,21,22,23,24,25,26_0': [2], '6,7,8,9,10,11,12,13,14,15,16_0': [3, 4], '27,28,29_0': [3], '30,31,32,33_0': [4]}
 USC children  {'0,1,2,3,4,5_0': [1, 2], '17,18,19,20,21,22,23,24,25,26_0': [2], '6,7,8,9,10,11,12,13,14,15,16_0': [3, 4], '27,28,29_0': [3], '30,31,32,33_0': [4]}
 Node s  {'1,2': ['0', '1', '2', '3', '4', '5'], '3,4': ['6', '7', '8', '9', '10', '11', '12', '13', '14', '15', '16']}
 Enroll USC nodes  ['1', '2']  len  2
 Enroll USC nodes  ['3', '4']  len  2
 Node TP  SortedDict({1: [0], 2: [1, 2, 3, 4], 3: [5, 6]})
 Unobserved subclones at timepoints  {1.5: [7, 8]}
 ============== Inside finding node v ============ 
 Time  2
 Time  3
 Sorted all timepoints  [1, 1.5, 2, 3]
 Timepoint  2
 Inside usc_node check  2
 Timepoint  3
0   1   [-1]   subclone   []   []
1   2   [7]   subclone   [0, 1, 2, 3, 4, 5]   [0]
2   2   [7]   subclone   [0, 1, 2, 3, 4, 5, 17, 18, 19, 20, 21, 22, 23, 24, 25, 26]   [10]
3   2   [8]   subclone   [6, 7, 8, 9, 10, 11, 12, 13, 14, 15, 16, 27, 28, 29]   [3]
4   2   [8]   subclone   [6, 7, 8, 9, 10, 11, 12, 13, 14, 15, 16, 30, 31, 32, 33]   [4]
5   3   [1]   subclone   [0, 1, 2, 3, 4, 5]   [0]
6   3   [4]   subclone   [6, 7, 8, 9, 10, 11, 12, 13, 14, 15, 16, 30, 31, 32, 33]   [0]
7   1.5   [0]   unobserved subclone   [0, 1, 2, 3, 4, 5]   [6]
8   1.5   [0]   unobserved subclone   [6, 7, 8, 9, 10, 11, 12, 13, 14, 15, 16]   [11]
5
 Total estimated FP  99  True negatives  9805
 Total estimated FN  1281  True positives  5135
 Estimated FP rate  0.01891
 Estimated FN rate  0.12
 No. of Cells in each cluster  {'4_2': 14, '4_3': 87, '3_2': 10, '2_2': 66, '2_3': 2, '1_2': 10, '1_3': 411}
 Cells in each cluster  {'4_2': [0, 1, 2, 3, 4, 5, 6, 7, 8, 9, 10, 11, 12, 13], '4_3': [100, 101, 102, 103, 104, 105, 106, 107, 108, 109, 110, 111, 112, 113, 114, 115, 116, 117, 118, 119, 120, 121, 122, 123, 124, 125, 126, 127, 128, 129, 130, 131, 132, 133, 134, 135, 136, 137, 138, 139, 140, 141, 142, 143, 144, 145, 146, 147, 148, 149, 150, 151, 152, 153, 154, 155, 156, 157, 158, 159, 160, 161, 162, 163, 164, 165, 166, 167, 168, 169, 170, 171, 172, 173, 174, 175, 176, 177, 178, 179, 180, 181, 182, 183, 184, 185, 186], '3_2': [14, 15, 16, 17, 18, 19, 20, 21, 22, 23], '2_2': [24, 25, 26, 27, 28, 29, 30, 31, 32, 33, 34, 35, 36, 37, 38, 39, 40, 41, 42, 43, 44, 45, 46, 47, 48, 49, 50, 51, 52, 53, 54, 55, 56, 57, 58, 59, 60, 61, 62, 63, 64, 65, 66, 67, 68, 69, 70, 71, 72, 73, 74, 75, 76, 77, 78, 79, 80, 81, 82, 83, 84, 85, 86, 87, 88, 89], '2_3': [266, 424], '1_2': [90, 91, 92, 93, 94, 95, 96, 97, 98, 99], '1_3': [187, 188, 189, 190, 191, 192, 193, 194, 195, 196, 197, 198, 199, 200, 201, 202, 203, 204, 205, 206, 207, 208, 209, 210, 211, 212, 213, 214, 215, 216, 217, 218, 219, 220, 221, 222, 223, 224, 225, 226, 227, 228, 229, 230, 231, 232, 233, 234, 235, 236, 237, 238, 239, 240, 241, 242, 243, 244, 245, 246, 247, 248, 249, 250, 251, 252, 253, 254, 255, 256, 257, 258, 259, 260, 261, 262, 263, 264, 265, 267, 268, 269, 270, 271, 272, 273, 274, 276, 277, 278, 279, 280, 281, 282, 283, 284, 285, 286, 288, 289, 290, 291, 292, 293, 294, 295, 296, 297, 298, 299, 300, 301, 302, 303, 304, 305, 306, 307, 308, 309, 310, 311, 312, 313, 314, 315, 316, 317, 318, 319, 320, 321, 322, 323, 324, 325, 326, 327, 328, 329, 330, 331, 332, 333, 334, 335, 336, 337, 338, 339, 340, 341, 342, 344, 345, 346, 347, 348, 349, 350, 351, 352, 353, 354, 355, 356, 357, 358, 359, 360, 361, 362, 363, 364, 365, 366, 367, 368, 369, 370, 371, 372, 373, 374, 375, 376, 377, 378, 379, 380, 381, 382, 383, 384, 385, 386, 387, 388, 389, 390, 391, 392, 393, 394, 395, 396, 397, 398, 399, 400, 401, 402, 403, 404, 405, 406, 407, 408, 409, 410, 411, 412, 413, 414, 415, 416, 417, 418, 419, 420, 421, 422, 423, 425, 426, 427, 428, 429, 430, 431, 432, 433, 434, 435, 436, 437, 438, 439, 440, 441, 442, 443, 444, 445, 446, 447, 448, 449, 450, 451, 452, 453, 454, 455, 456, 457, 458, 459, 460, 461, 462, 463, 464, 465, 466, 467, 468, 469, 470, 471, 472, 473, 474, 475, 476, 477, 478, 479, 480, 481, 482, 483, 484, 485, 486, 487, 488, 489, 490, 491, 492, 493, 494, 495, 496, 497, 498, 499, 500, 501, 502, 503, 504, 505, 506, 507, 508, 509, 510, 511, 512, 513, 514, 515, 516, 517, 518, 519, 520, 521, 522, 523, 524, 525, 526, 527, 528, 529, 530, 531, 532, 533, 534, 535, 536, 537, 538, 539, 540, 541, 542, 543, 544, 545, 546, 547, 548, 549, 550, 551, 552, 553, 554, 555, 556, 557, 558, 559, 560, 561, 562, 563, 564, 565, 566, 567, 568, 569, 570, 571, 572, 573, 574, 575, 576, 577, 578, 579, 580, 581, 582, 583, 584, 585, 586, 587, 588, 589, 590, 591, 592, 593, 594, 595, 596, 597, 598, 275, 287, 343, 599]}
FP rate  0.01891 FN rate  0.12
 Before reassigning cells 
 Timepoint  2
 Cluster  4  # of cells  14
 Cluster  3  # of cells  10
 Cluster  2  # of cells  66
 Cluster  1  # of cells  10
 Timepoint  3
 Cluster  4  # of cells  87
 Cluster  2  # of cells  5
 Cluster  1  # of cells  404
 Cells absent at timepoint  3   {248, 201, 396, 285}
 Missing cell prob  {'4': 3.7371763703960314e-20, '1': 0.00044921634480975725, '2': 0.0004492163448097572}
 Missing cell prob  {'4': 7.397571906816229e-15, '1': 7.51339212234308e-05, '2': 7.51339212234308e-05}
 Missing cell prob  {'4': 8.382952177531704e-16, '1': 1.0413968157921095e-06, '2': 1.0413968157921097e-06}
 Missing cell prob  {'4': 1.459528222464628e-11, '1': 1.799112512922874e-07, '2': 1.7991125129228737e-07}
 Cells absent at timepoint  2   set()
 Timepoint  2
 Timepoint  3
SortedDict({2: {'4': ['0', '1', '2', '3', '4', '5', '6', '7', '8', '9', '10', '11', '12', '13'], '3': ['14', '15', '16', '17', '18', '19', '20', '21', '22', '23'], '2': ['24', '25', '26', '27', '28', '29', '30', '31', '32', '33', '34', '35', '36', '37', '38', '39', '40', '41', '42', '43', '44', '45', '46', '47', '48', '49', '50', '51', '52', '53', '54', '55', '56', '57', '58', '59', '60', '61', '62', '63', '64', '65', '66', '67', '68', '69', '70', '71', '72', '73', '74', '75', '76', '77', '78', '79', '80', '81', '82', '83', '84', '85', '86', '87', '88', '89'], '1': ['90', '91', '92', '93', '94', '95', '96', '97', '98', '99']}, 3: {'4': ['100', '101', '102', '103', '104', '105', '106', '107', '108', '109', '110', '111', '112', '113', '114', '115', '116', '117', '118', '119', '120', '121', '122', '123', '124', '125', '126', '127', '128', '129', '130', '131', '132', '133', '134', '135', '136', '137', '138', '139', '140', '141', '142', '143', '144', '145', '146', '147', '148', '149', '150', '151', '152', '153', '154', '155', '156', '157', '158', '159', '160', '161', '162', '163', '164', '165', '166', '167', '168', '169', '170', '171', '172', '173', '174', '175', '176', '177', '178', '179', '180', '181', '182', '183', '184', '185', '186'], '2': ['266', '292', '398', '424', '525', '396'], '1': ['187', '188', '189', '190', '191', '192', '193', '194', '195', '196', '197', '198', '199', '200', '202', '203', '204', '205', '206', '207', '208', '209', '210', '211', '212', '213', '214', '215', '216', '217', '218', '219', '220', '221', '222', '223', '224', '225', '226', '227', '228', '229', '230', '231', '232', '233', '234', '235', '236', '237', '238', '239', '240', '241', '242', '243', '244', '245', '246', '247', '249', '250', '251', '252', '253', '254', '255', '256', '257', '258', '259', '260', '261', '262', '263', '264', '265', '267', '268', '269', '270', '271', '272', '273', '274', '275', '276', '277', '278', '279', '280', '281', '282', '283', '284', '286', '287', '288', '289', '290', '291', '293', '294', '295', '296', '297', '298', '299', '300', '301', '302', '303', '304', '305', '306', '307', '308', '309', '310', '311', '312', '313', '314', '315', '316', '317', '318', '319', '320', '321', '322', '323', '324', '325', '326', '327', '328', '329', '330', '331', '332', '333', '334', '335', '336', '337', '338', '339', '340', '341', '342', '343', '344', '345', '346', '347', '348', '349', '350', '351', '352', '353', '354', '355', '356', '357', '358', '359', '360', '361', '362', '363', '364', '365', '366', '367', '368', '369', '370', '371', '372', '373', '374', '375', '376', '377', '378', '379', '380', '381', '382', '383', '384', '385', '386', '387', '388', '389', '390', '391', '392', '393', '394', '395', '397', '399', '400', '401', '402', '403', '404', '405', '406', '407', '408', '409', '410', '411', '412', '413', '414', '415', '416', '417', '418', '419', '420', '421', '422', '423', '425', '426', '427', '428', '429', '430', '431', '432', '433', '434', '435', '436', '437', '438', '439', '440', '441', '442', '443', '444', '445', '446', '447', '448', '449', '450', '451', '452', '453', '454', '455', '456', '457', '458', '459', '460', '461', '462', '463', '464', '465', '466', '467', '468', '469', '470', '471', '472', '473', '474', '475', '476', '477', '478', '479', '480', '481', '482', '483', '484', '485', '486', '487', '488', '489', '490', '491', '492', '493', '494', '495', '496', '497', '498', '499', '500', '501', '502', '503', '504', '505', '506', '507', '508', '509', '510', '511', '512', '513', '514', '515', '516', '517', '518', '519', '520', '521', '522', '523', '524', '526', '527', '528', '529', '530', '531', '532', '533', '534', '535', '536', '537', '538', '539', '540', '541', '542', '543', '544', '545', '546', '547', '548', '549', '550', '551', '552', '553', '554', '555', '556', '557', '558', '559', '560', '561', '562', '563', '564', '565', '566', '567', '568', '569', '570', '571', '572', '573', '574', '575', '576', '577', '578', '579', '580', '581', '582', '583', '584', '585', '586', '587', '588', '589', '590', '591', '592', '593', '594', '595', '596', '597', '598', '599', '248', '201', '285']}})
 Cluster1  2
 Cluster to drop  1
 After reassigning and merging cells 
 Timepoint  2
 Cluster  4  # of cells  14
 Cluster  3  # of cells  10
 Cluster  2  # of cells  66
 Cluster  1  # of cells  10
 Timepoint  3
 Cluster  4  # of cells  87
 Cluster  2  # of cells  413
 Tp cluster cell dict  {'4_2': 14, '3_2': 10, '2_2': 66, '1_2': 10, '4_3': 87, '2_3': 413}
 New Graph is here 
 ID  0  Timepoint  1  Mutations  []  Type  subclone
 ID  1  Timepoint  2  Mutations  [0, 1, 2, 3, 4, 5]  Type  subclone
 ID  2  Timepoint  2  Mutations  [0, 1, 2, 3, 4, 5, 17, 18, 19, 20, 21, 22, 23, 24, 25, 26]  Type  subclone
 ID  3  Timepoint  2  Mutations  [6, 7, 8, 9, 10, 11, 12, 13, 14, 15, 16, 27, 28, 29]  Type  subclone
 ID  4  Timepoint  2  Mutations  [6, 7, 8, 9, 10, 11, 12, 13, 14, 15, 16, 30, 31, 32, 33]  Type  subclone
 ID  5  Timepoint  3  Mutations  [0, 1, 2, 3, 4, 5]  Type  subclone
 ID  6  Timepoint  3  Mutations  [6, 7, 8, 9, 10, 11, 12, 13, 14, 15, 16, 30, 31, 32, 33]  Type  subclone
Timepoints  SortedDict({1: [0], 2: [1, 2, 3, 4], 3: [5, 6]})
 Clone to nodes  {'4_2': 1, '3_2': 2, '2_2': 3, '1_2': 4, '4_3': 5, '2_3': 6}
 Timepoint ====  1
 Hash table  {'0,1': [0, 1, 2, 3, 4, 5], '1': [17, 18, 19, 20, 21, 22, 23, 24, 25, 26], '2,3': [6, 7, 8, 9, 10, 11, 12, 13, 14, 15, 16], '2': [27, 28, 29], '3': [30, 31, 32, 33]}
 Final possible usc  [[0, 1, 2, 3, 4, 5], [17, 18, 19, 20, 21, 22, 23, 24, 25, 26], [6, 7, 8, 9, 10, 11, 12, 13, 14, 15, 16], [27, 28, 29], [30, 31, 32, 33]]
 Time  1  USC keys  {'30,31,32,33_0', '27,28,29_0', '6,7,8,9,10,11,12,13,14,15,16_0', '0,1,2,3,4,5_0', '17,18,19,20,21,22,23,24,25,26_0'}
 USC children  {'0,1,2,3,4,5_0': [1, 2], '17,18,19,20,21,22,23,24,25,26_0': [2], '6,7,8,9,10,11,12,13,14,15,16_0': [3, 4], '27,28,29_0': [3], '30,31,32,33_0': [4]}
 USC children  {'0,1,2,3,4,5_0': [1, 2], '17,18,19,20,21,22,23,24,25,26_0': [2], '6,7,8,9,10,11,12,13,14,15,16_0': [3, 4], '27,28,29_0': [3], '30,31,32,33_0': [4]}
 Timepoint ====  2
 Hash table  {}
====== Inside find superset of t nodes ==========
 Final possible usc  []
 Time  2  USC keys  set()
 USC children  {'0,1,2,3,4,5_0': [1, 2], '17,18,19,20,21,22,23,24,25,26_0': [2], '6,7,8,9,10,11,12,13,14,15,16_0': [3, 4], '27,28,29_0': [3], '30,31,32,33_0': [4]}
 USC children  {'0,1,2,3,4,5_0': [1, 2], '17,18,19,20,21,22,23,24,25,26_0': [2], '6,7,8,9,10,11,12,13,14,15,16_0': [3, 4], '27,28,29_0': [3], '30,31,32,33_0': [4]}
 Node s  {'1,2': ['0', '1', '2', '3', '4', '5'], '3,4': ['6', '7', '8', '9', '10', '11', '12', '13', '14', '15', '16']}
 Enroll USC nodes  ['1', '2']  len  2
 Enroll USC nodes  ['3', '4']  len  2
 Node TP  SortedDict({1: [0], 2: [1, 2, 3, 4], 3: [5, 6]})
 Unobserved subclones at timepoints  {1.5: [7, 8]}
 ============== Inside finding node v ============ 
 Time  2
 Time  3
 Sorted all timepoints  [1, 1.5, 2, 3]
 Timepoint  2
 Inside usc_node check  2
 Timepoint  3
0   1   [-1]   subclone   []   []
1   2   [7]   subclone   [0, 1, 2, 3, 4, 5]   [0]
2   2   [7]   subclone   [0, 1, 2, 3, 4, 5, 17, 18, 19, 20, 21, 22, 23, 24, 25, 26]   [10]
3   2   [8]   subclone   [6, 7, 8, 9, 10, 11, 12, 13, 14, 15, 16, 27, 28, 29]   [3]
4   2   [8]   subclone   [6, 7, 8, 9, 10, 11, 12, 13, 14, 15, 16, 30, 31, 32, 33]   [4]
5   3   [1]   subclone   [0, 1, 2, 3, 4, 5]   [0]
6   3   [4]   subclone   [6, 7, 8, 9, 10, 11, 12, 13, 14, 15, 16, 30, 31, 32, 33]   [0]
7   1.5   [0]   unobserved subclone   [0, 1, 2, 3, 4, 5]   [6]
8   1.5   [0]   unobserved subclone   [6, 7, 8, 9, 10, 11, 12, 13, 14, 15, 16]   [11]
6
 Total estimated FP  99  True negatives  9808
 Total estimated FN  1278  True positives  5135
 Estimated FP rate  0.01891
 Estimated FN rate  0.12
 No. of Cells in each cluster  {'4_2': 14, '4_3': 87, '3_2': 10, '5_2': 66, '5_3': 1, '1_3': 4, '0_3': 408, '0_2': 10}
 Cells in each cluster  {'4_2': [0, 1, 2, 3, 4, 5, 6, 7, 8, 9, 10, 11, 12, 13], '4_3': [100, 101, 102, 103, 104, 105, 106, 107, 108, 109, 110, 111, 112, 113, 114, 115, 116, 117, 118, 119, 120, 121, 122, 123, 124, 125, 126, 127, 128, 129, 130, 131, 132, 133, 134, 135, 136, 137, 138, 139, 140, 141, 142, 143, 144, 145, 146, 147, 148, 149, 150, 151, 152, 153, 154, 155, 156, 157, 158, 159, 160, 161, 162, 163, 164, 165, 166, 167, 168, 169, 170, 171, 172, 173, 174, 175, 176, 177, 178, 179, 180, 181, 182, 183, 184, 185, 186], '3_2': [14, 15, 16, 17, 18, 19, 20, 21, 22, 23], '5_2': [24, 25, 26, 27, 28, 29, 30, 31, 32, 33, 34, 35, 36, 37, 38, 39, 40, 41, 42, 43, 44, 45, 46, 47, 48, 49, 50, 51, 52, 53, 54, 55, 56, 57, 58, 59, 60, 61, 62, 63, 64, 65, 66, 67, 68, 69, 70, 71, 72, 73, 74, 75, 76, 77, 78, 79, 80, 81, 82, 83, 84, 85, 86, 87, 88, 89], '5_3': [266], '1_3': [275, 287, 343, 599], '0_3': [282, 396, 398, 424, 507, 525, 596, 187, 188, 189, 190, 191, 192, 193, 194, 195, 196, 197, 198, 199, 200, 201, 202, 203, 204, 205, 206, 207, 208, 209, 210, 211, 212, 213, 214, 215, 216, 217, 218, 219, 220, 221, 222, 223, 224, 225, 226, 227, 228, 229, 230, 231, 232, 233, 234, 235, 236, 237, 238, 239, 240, 241, 242, 243, 244, 245, 246, 247, 248, 249, 250, 251, 252, 253, 254, 255, 256, 257, 258, 259, 260, 261, 262, 263, 264, 265, 267, 268, 269, 270, 271, 272, 273, 274, 276, 277, 278, 279, 280, 281, 283, 284, 285, 286, 288, 289, 290, 291, 292, 293, 294, 295, 296, 297, 298, 299, 300, 301, 302, 303, 304, 305, 306, 307, 308, 309, 310, 311, 312, 313, 314, 315, 316, 317, 318, 319, 320, 321, 322, 323, 324, 325, 326, 327, 328, 329, 330, 331, 332, 333, 334, 335, 336, 337, 338, 339, 340, 341, 342, 344, 345, 346, 347, 348, 349, 350, 351, 352, 353, 354, 355, 356, 357, 358, 359, 360, 361, 362, 363, 364, 365, 366, 367, 368, 369, 370, 371, 372, 373, 374, 375, 376, 377, 378, 379, 380, 381, 382, 383, 384, 385, 386, 387, 388, 389, 390, 391, 392, 393, 394, 395, 397, 399, 400, 401, 402, 403, 404, 405, 406, 407, 408, 409, 410, 411, 412, 413, 414, 415, 416, 417, 418, 419, 420, 421, 422, 423, 425, 426, 427, 428, 429, 430, 431, 432, 433, 434, 435, 436, 437, 438, 439, 440, 441, 442, 443, 444, 445, 446, 447, 448, 449, 450, 451, 452, 453, 454, 455, 456, 457, 458, 459, 460, 461, 462, 463, 464, 465, 466, 467, 468, 469, 470, 471, 472, 473, 474, 475, 476, 477, 478, 479, 480, 481, 482, 483, 484, 485, 486, 487, 488, 489, 490, 491, 492, 493, 494, 495, 496, 497, 498, 499, 500, 501, 502, 503, 504, 505, 506, 508, 509, 510, 511, 512, 513, 514, 515, 516, 517, 518, 519, 520, 521, 522, 523, 524, 526, 527, 528, 529, 530, 531, 532, 533, 534, 535, 536, 537, 538, 539, 540, 541, 542, 543, 544, 545, 546, 547, 548, 549, 550, 551, 552, 553, 554, 555, 556, 557, 558, 559, 560, 561, 562, 563, 564, 565, 566, 567, 568, 569, 570, 571, 572, 573, 574, 575, 576, 577, 578, 579, 580, 581, 582, 583, 584, 585, 586, 587, 588, 589, 590, 591, 592, 593, 594, 595, 597, 598], '0_2': [90, 91, 92, 93, 94, 95, 96, 97, 98, 99]}
FP rate  0.01891 FN rate  0.12
 Before reassigning cells 
 Timepoint  2
 Cluster  4  # of cells  14
 Cluster  3  # of cells  10
 Cluster  5  # of cells  66
 Cluster  0  # of cells  10
 Timepoint  3
 Cluster  4  # of cells  87
 Cluster  5  # of cells  4
 Cluster  1  # of cells  13
 Cluster  0  # of cells  368
 Cells absent at timepoint  3   {513, 518, 522, 396, 525, 276, 532, 286, 287, 419, 560, 306, 308, 315, 443, 318, 448, 201, 204, 333, 343, 354, 228, 367, 373, 248, 378, 379}
 Missing cell prob  {'1': 7.912075791530444e-07, '5': 3.653491928395361e-10, '4': 3.597172729865309e-20, '0': 7.912075791530444e-07}
 Missing cell prob  {'1': 0.18405267333896846, '5': 5.871138839451746e-10, '4': 2.273011004756708e-24, '0': 0.18405267333896846}
 Missing cell prob  {'1': 8.970383220852247e-07, '5': 1.331626290187682e-13, '4': 1.3110990447811608e-23, '0': 8.97038322085225e-07}
 Missing cell prob  {'1': 5.88174721859922e-11, '5': 1.0413968157921097e-06, '4': 8.382952177531704e-16, '0': 1.0413968157921095e-06}
 Missing cell prob  {'1': 1.4408289649464366e-07, '5': 6.705073977540269e-06, '4': 2.5757833505236547e-25, '0': 6.705073977540268e-06}
 Missing cell prob  {'1': 8.67830679826758e-06, '5': 1.0532560596942365e-11, '4': 8.544529225179855e-16, '0': 8.678306798267583e-06}
 Missing cell prob  {'1': 0.00034787313742067587, '5': 5.164071634783888e-11, '4': 1.092582537317634e-22, '0': 0.00034787313742067587}
 Missing cell prob  {'1': 6.486756212032427e-05, '5': 2.4489103844772634e-07, '4': 2.053214710692889e-18, '0': 6.486756212032427e-05}
 Missing cell prob  {'1': 8.357289801424254e-05, '5': 3.2607543318819056e-14, '4': 1.231015145869475e-16, '0': 8.357289801424256e-05}
 Missing cell prob  {'1': 5.494497077451699e-05, '5': 8.156414926272165e-12, '4': 3.737176370396032e-20, '0': 5.4944970774516974e-05}
 Missing cell prob  {'1': 0.0246234869026539, '5': 9.607318100921045e-12, '4': 9.459219660833677e-22, '0': 0.02462348690265391}
 Missing cell prob  {'1': 0.002954818428318468, '5': 5.365059711566696e-11, '4': 1.1351063593000416e-22, '0': 0.002954818428318469}
 Missing cell prob  {'1': 0.002898942811838966, '5': 2.4494836914492086e-09, '4': 1.3621276311600495e-23, '0': 0.0028989428118389657}
 Missing cell prob  {'1': 4.835157428157493e-05, '5': 3.3402050337943745e-10, '4': 5.7778029472111816e-21, '0': 4.8351574281574916e-05}
 Missing cell prob  {'1': 0.00040292978567979114, '5': 7.315990515772768e-12, '4': 5.889167097015748e-21, '0': 0.0004029297856797911}
 Missing cell prob  {'1': 6.960997078663592e-05, '5': 8.448321227914995e-11, '4': 8.382952177531704e-16, '0': 6.960997078663591e-05}
 Missing cell prob  {'1': 0.003128990551131735, '5': 9.981239402697402e-12, '4': 8.034617670850513e-21, '0': 0.003128990551131735}
 Missing cell prob  {'1': 3.469395162168943e-08, '5': 7.51339212234308e-05, '4': 7.397571906816229e-15, '0': 7.51339212234308e-05}
 Missing cell prob  {'1': 0.00042668052969978206, '5': 5.178473910942568e-10, '4': 4.168526203434547e-19, '0': 0.00042668052969978206}
 Missing cell prob  {'1': 1.0614691983325784e-06, '5': 4.007307901871883e-09, '4': 8.544529225179855e-16, '0': 1.0614691983325782e-06}
 Missing cell prob  {'1': 1.3685469664521911e-07, '5': 2.940820810864878e-09, '4': 1.6353541355482895e-23, '0': 1.3685469664521911e-07}
 Missing cell prob  {'1': 0.0003478731374206759, '5': 6.316327718905162e-12, '4': 1.336369797654813e-23, '0': 0.00034787313742067587}
 Missing cell prob  {'1': 0.0022882113908898223, '5': 8.927888564823904e-13, '4': 3.318541228060896e-25, '0': 0.002288211390889821}
 Missing cell prob  {'1': 0.0004492163448097571, '5': 6.668480933346966e-11, '4': 3.055421971026536e-19, '0': 0.0004492163448097571}
 Missing cell prob  {'1': 0.00047569545554904444, '5': 1.8560155914106738e-13, '4': 2.6452836827717918e-18, '0': 0.00047569545554904444}
 Missing cell prob  {'1': 1.1806924969842227e-06, '5': 0.0004492163448097572, '4': 3.7371763703960314e-20, '0': 0.00044921634480975725}
 Missing cell prob  {'1': 0.0006381840709774402, '5': 2.0516326914954072e-07, '4': 9.400347192602845e-16, '0': 0.0006381840709774402}
 Missing cell prob  {'1': 0.02415785676532471, '5': 4.3863386936841414e-10, '4': 1.388381933522969e-23, '0': 0.02415785676532472}
 Cells absent at timepoint  2   set()
 Timepoint  2
 Timepoint  3
SortedDict({2: {'4': ['0', '1', '2', '3', '4', '5', '6', '7', '8', '9', '10', '11', '12', '13'], '3': ['14', '15', '16', '17', '18', '19', '20', '21', '22', '23'], '5': ['24', '25', '26', '27', '28', '29', '30', '31', '32', '33', '34', '35', '36', '37', '38', '39', '40', '41', '42', '43', '44', '45', '46', '47', '48', '49', '50', '51', '52', '53', '54', '55', '56', '57', '58', '59', '60', '61', '62', '63', '64', '65', '66', '67', '68', '69', '70', '71', '72', '73', '74', '75', '76', '77', '78', '79', '80', '81', '82', '83', '84', '85', '86', '87', '88', '89'], '0': ['90', '91', '92', '93', '94', '95', '96', '97', '98', '99']}, 3: {'4': ['100', '101', '102', '103', '104', '105', '106', '107', '108', '109', '110', '111', '112', '113', '114', '115', '116', '117', '118', '119', '120', '121', '122', '123', '124', '125', '126', '127', '128', '129', '130', '131', '132', '133', '134', '135', '136', '137', '138', '139', '140', '141', '142', '143', '144', '145', '146', '147', '148', '149', '150', '151', '152', '153', '154', '155', '156', '157', '158', '159', '160', '161', '162', '163', '164', '165', '166', '167', '168', '169', '170', '171', '172', '173', '174', '175', '176', '177', '178', '179', '180', '181', '182', '183', '184', '185', '186'], '5': ['266', '292', '398', '424', '396', '525', '201'], '1': ['199', '226', '234', '242', '244', '275', '285', '347', '364', '375', '554', '584', '599', '513', '518', '532', '286', '419', '308', '315', '443', '318', '448', '204', '333', '343', '354', '228', '367', '373', '378'], '0': ['187', '188', '189', '190', '191', '192', '193', '194', '195', '196', '197', '198', '200', '202', '203', '205', '206', '207', '208', '209', '210', '211', '212', '213', '214', '215', '216', '217', '218', '219', '220', '221', '222', '223', '224', '225', '227', '229', '230', '231', '232', '233', '235', '236', '237', '238', '239', '240', '241', '243', '245', '246', '247', '249', '250', '251', '252', '253', '254', '255', '256', '257', '258', '259', '260', '261', '262', '263', '264', '265', '267', '268', '269', '270', '271', '272', '273', '274', '277', '278', '279', '280', '281', '282', '283', '284', '288', '289', '290', '291', '293', '294', '295', '296', '297', '298', '299', '300', '301', '302', '303', '304', '305', '307', '309', '310', '311', '312', '313', '314', '316', '317', '319', '320', '321', '322', '323', '324', '325', '326', '327', '328', '329', '330', '331', '332', '334', '335', '336', '337', '338', '339', '340', '341', '342', '344', '345', '346', '348', '349', '350', '351', '352', '353', '355', '356', '357', '358', '359', '360', '361', '362', '363', '365', '366', '368', '369', '370', '371', '372', '374', '376', '377', '380', '381', '382', '383', '384', '385', '386', '387', '388', '389', '390', '391', '392', '393', '394', '395', '397', '399', '400', '401', '402', '403', '404', '405', '406', '407', '408', '409', '410', '411', '412', '413', '414', '415', '416', '417', '418', '420', '421', '422', '423', '425', '426', '427', '428', '429', '430', '431', '432', '433', '434', '435', '436', '437', '438', '439', '440', '441', '442', '444', '445', '446', '447', '449', '450', '451', '452', '453', '454', '455', '456', '457', '458', '459', '460', '461', '462', '463', '464', '465', '466', '467', '468', '469', '470', '471', '472', '473', '474', '475', '476', '477', '478', '479', '480', '481', '482', '483', '484', '485', '486', '487', '488', '489', '490', '491', '492', '493', '494', '495', '496', '497', '498', '499', '500', '501', '502', '503', '504', '505', '506', '507', '508', '509', '510', '511', '512', '514', '515', '516', '517', '519', '520', '521', '523', '524', '526', '527', '528', '529', '530', '531', '533', '534', '535', '536', '537', '538', '539', '540', '541', '542', '543', '544', '545', '546', '547', '548', '549', '550', '551', '552', '553', '555', '556', '557', '558', '559', '561', '562', '563', '564', '565', '566', '567', '568', '569', '570', '571', '572', '573', '574', '575', '576', '577', '578', '579', '580', '581', '582', '583', '585', '586', '587', '588', '589', '590', '591', '592', '593', '594', '595', '596', '597', '598', '522', '276', '287', '560', '306', '248', '379']}})
 Cluster1  5
SortedDict({2: {'4': ['0', '1', '2', '3', '4', '5', '6', '7', '8', '9', '10', '11', '12', '13'], '3': ['14', '15', '16', '17', '18', '19', '20', '21', '22', '23'], '5': ['24', '25', '26', '27', '28', '29', '30', '31', '32', '33', '34', '35', '36', '37', '38', '39', '40', '41', '42', '43', '44', '45', '46', '47', '48', '49', '50', '51', '52', '53', '54', '55', '56', '57', '58', '59', '60', '61', '62', '63', '64', '65', '66', '67', '68', '69', '70', '71', '72', '73', '74', '75', '76', '77', '78', '79', '80', '81', '82', '83', '84', '85', '86', '87', '88', '89'], '0': ['90', '91', '92', '93', '94', '95', '96', '97', '98', '99']}, 3: {'4': ['100', '101', '102', '103', '104', '105', '106', '107', '108', '109', '110', '111', '112', '113', '114', '115', '116', '117', '118', '119', '120', '121', '122', '123', '124', '125', '126', '127', '128', '129', '130', '131', '132', '133', '134', '135', '136', '137', '138', '139', '140', '141', '142', '143', '144', '145', '146', '147', '148', '149', '150', '151', '152', '153', '154', '155', '156', '157', '158', '159', '160', '161', '162', '163', '164', '165', '166', '167', '168', '169', '170', '171', '172', '173', '174', '175', '176', '177', '178', '179', '180', '181', '182', '183', '184', '185', '186'], '5': ['266', '292', '398', '424', '396', '525', '201', '199', '226', '234', '242', '244', '275', '285', '347', '364', '375', '554', '584', '599', '513', '518', '532', '286', '419', '308', '315', '443', '318', '448', '204', '333', '343', '354', '228', '367', '373', '378'], '1': ['199', '226', '234', '242', '244', '275', '285', '347', '364', '375', '554', '584', '599', '513', '518', '532', '286', '419', '308', '315', '443', '318', '448', '204', '333', '343', '354', '228', '367', '373', '378'], '0': ['187', '188', '189', '190', '191', '192', '193', '194', '195', '196', '197', '198', '200', '202', '203', '205', '206', '207', '208', '209', '210', '211', '212', '213', '214', '215', '216', '217', '218', '219', '220', '221', '222', '223', '224', '225', '227', '229', '230', '231', '232', '233', '235', '236', '237', '238', '239', '240', '241', '243', '245', '246', '247', '249', '250', '251', '252', '253', '254', '255', '256', '257', '258', '259', '260', '261', '262', '263', '264', '265', '267', '268', '269', '270', '271', '272', '273', '274', '277', '278', '279', '280', '281', '282', '283', '284', '288', '289', '290', '291', '293', '294', '295', '296', '297', '298', '299', '300', '301', '302', '303', '304', '305', '307', '309', '310', '311', '312', '313', '314', '316', '317', '319', '320', '321', '322', '323', '324', '325', '326', '327', '328', '329', '330', '331', '332', '334', '335', '336', '337', '338', '339', '340', '341', '342', '344', '345', '346', '348', '349', '350', '351', '352', '353', '355', '356', '357', '358', '359', '360', '361', '362', '363', '365', '366', '368', '369', '370', '371', '372', '374', '376', '377', '380', '381', '382', '383', '384', '385', '386', '387', '388', '389', '390', '391', '392', '393', '394', '395', '397', '399', '400', '401', '402', '403', '404', '405', '406', '407', '408', '409', '410', '411', '412', '413', '414', '415', '416', '417', '418', '420', '421', '422', '423', '425', '426', '427', '428', '429', '430', '431', '432', '433', '434', '435', '436', '437', '438', '439', '440', '441', '442', '444', '445', '446', '447', '449', '450', '451', '452', '453', '454', '455', '456', '457', '458', '459', '460', '461', '462', '463', '464', '465', '466', '467', '468', '469', '470', '471', '472', '473', '474', '475', '476', '477', '478', '479', '480', '481', '482', '483', '484', '485', '486', '487', '488', '489', '490', '491', '492', '493', '494', '495', '496', '497', '498', '499', '500', '501', '502', '503', '504', '505', '506', '507', '508', '509', '510', '511', '512', '514', '515', '516', '517', '519', '520', '521', '523', '524', '526', '527', '528', '529', '530', '531', '533', '534', '535', '536', '537', '538', '539', '540', '541', '542', '543', '544', '545', '546', '547', '548', '549', '550', '551', '552', '553', '555', '556', '557', '558', '559', '561', '562', '563', '564', '565', '566', '567', '568', '569', '570', '571', '572', '573', '574', '575', '576', '577', '578', '579', '580', '581', '582', '583', '585', '586', '587', '588', '589', '590', '591', '592', '593', '594', '595', '596', '597', '598', '522', '276', '287', '560', '306', '248', '379']}})
 Cluster1  5
 Cluster to drop  1
 Cluster to drop  0
 After reassigning and merging cells 
 Timepoint  2
 Cluster  4  # of cells  14
 Cluster  3  # of cells  10
 Cluster  5  # of cells  66
 Cluster  0  # of cells  10
 Timepoint  3
 Cluster  4  # of cells  87
 Cluster  5  # of cells  413
 Tp cluster cell dict  {'4_2': 14, '3_2': 10, '5_2': 66, '0_2': 10, '4_3': 87, '5_3': 413}
 New Graph is here 
 ID  0  Timepoint  1  Mutations  []  Type  subclone
 ID  1  Timepoint  2  Mutations  [0, 1, 2, 3, 4, 5]  Type  subclone
 ID  2  Timepoint  2  Mutations  [0, 1, 2, 3, 4, 5, 17, 18, 19, 20, 21, 22, 23, 24, 25, 26]  Type  subclone
 ID  3  Timepoint  2  Mutations  [6, 7, 8, 9, 10, 11, 12, 13, 14, 15, 16, 27, 28, 29]  Type  subclone
 ID  4  Timepoint  2  Mutations  [6, 7, 8, 9, 10, 11, 12, 13, 14, 15, 16, 30, 31, 32, 33]  Type  subclone
 ID  5  Timepoint  3  Mutations  [0, 1, 2, 3, 4, 5]  Type  subclone
 ID  6  Timepoint  3  Mutations  [6, 7, 8, 9, 10, 11, 12, 13, 14, 15, 16, 30, 31, 32, 33]  Type  subclone
Timepoints  SortedDict({1: [0], 2: [1, 2, 3, 4], 3: [5, 6]})
 Clone to nodes  {'4_2': 1, '3_2': 2, '5_2': 3, '0_2': 4, '4_3': 5, '5_3': 6}
 Timepoint ====  1
 Hash table  {'0,1': [0, 1, 2, 3, 4, 5], '1': [17, 18, 19, 20, 21, 22, 23, 24, 25, 26], '2,3': [6, 7, 8, 9, 10, 11, 12, 13, 14, 15, 16], '2': [27, 28, 29], '3': [30, 31, 32, 33]}
 Final possible usc  [[0, 1, 2, 3, 4, 5], [17, 18, 19, 20, 21, 22, 23, 24, 25, 26], [6, 7, 8, 9, 10, 11, 12, 13, 14, 15, 16], [27, 28, 29], [30, 31, 32, 33]]
 Time  1  USC keys  {'27,28,29_0', '17,18,19,20,21,22,23,24,25,26_0', '0,1,2,3,4,5_0', '6,7,8,9,10,11,12,13,14,15,16_0', '30,31,32,33_0'}
 USC children  {'0,1,2,3,4,5_0': [1, 2], '17,18,19,20,21,22,23,24,25,26_0': [2], '6,7,8,9,10,11,12,13,14,15,16_0': [3, 4], '27,28,29_0': [3], '30,31,32,33_0': [4]}
 USC children  {'0,1,2,3,4,5_0': [1, 2], '17,18,19,20,21,22,23,24,25,26_0': [2], '6,7,8,9,10,11,12,13,14,15,16_0': [3, 4], '27,28,29_0': [3], '30,31,32,33_0': [4]}
 Timepoint ====  2
 Hash table  {}
====== Inside find superset of t nodes ==========
 Final possible usc  []
 Time  2  USC keys  set()
 USC children  {'0,1,2,3,4,5_0': [1, 2], '17,18,19,20,21,22,23,24,25,26_0': [2], '6,7,8,9,10,11,12,13,14,15,16_0': [3, 4], '27,28,29_0': [3], '30,31,32,33_0': [4]}
 USC children  {'0,1,2,3,4,5_0': [1, 2], '17,18,19,20,21,22,23,24,25,26_0': [2], '6,7,8,9,10,11,12,13,14,15,16_0': [3, 4], '27,28,29_0': [3], '30,31,32,33_0': [4]}
 Node s  {'1,2': ['0', '1', '2', '3', '4', '5'], '3,4': ['6', '7', '8', '9', '10', '11', '12', '13', '14', '15', '16']}
 Enroll USC nodes  ['1', '2']  len  2
 Enroll USC nodes  ['3', '4']  len  2
 Node TP  SortedDict({1: [0], 2: [1, 2, 3, 4], 3: [5, 6]})
 Unobserved subclones at timepoints  {1.5: [7, 8]}
 ============== Inside finding node v ============ 
 Time  2
 Time  3
 Sorted all timepoints  [1, 1.5, 2, 3]
 Timepoint  2
 Inside usc_node check  2
 Timepoint  3
0   1   [-1]   subclone   []   []
1   2   [7]   subclone   [0, 1, 2, 3, 4, 5]   [0]
2   2   [7]   subclone   [0, 1, 2, 3, 4, 5, 17, 18, 19, 20, 21, 22, 23, 24, 25, 26]   [10]
3   2   [8]   subclone   [6, 7, 8, 9, 10, 11, 12, 13, 14, 15, 16, 27, 28, 29]   [3]
4   2   [8]   subclone   [6, 7, 8, 9, 10, 11, 12, 13, 14, 15, 16, 30, 31, 32, 33]   [4]
5   3   [1]   subclone   [0, 1, 2, 3, 4, 5]   [0]
6   3   [4]   subclone   [6, 7, 8, 9, 10, 11, 12, 13, 14, 15, 16, 30, 31, 32, 33]   [0]
7   1.5   [0]   unobserved subclone   [0, 1, 2, 3, 4, 5]   [6]
8   1.5   [0]   unobserved subclone   [6, 7, 8, 9, 10, 11, 12, 13, 14, 15, 16]   [11]
4
 Total estimated FP  99  True negatives  9804
 Total estimated FN  1282  True positives  5135
 Estimated FP rate  0.01891
 Estimated FN rate  0.12
 No. of Cells in each cluster  {'1_2': 14, '1_3': 87, '3_2': 10, '2_2': 66, '2_3': 1, '0_2': 10, '0_3': 412}
 Cells in each cluster  {'1_2': [0, 1, 2, 3, 4, 5, 6, 7, 8, 9, 10, 11, 12, 13], '1_3': [100, 101, 102, 103, 104, 105, 106, 107, 108, 109, 110, 111, 112, 113, 114, 115, 116, 117, 118, 119, 120, 121, 122, 123, 124, 125, 126, 127, 128, 129, 130, 131, 132, 133, 134, 135, 136, 137, 138, 139, 140, 141, 142, 143, 144, 145, 146, 147, 148, 149, 150, 151, 152, 153, 154, 155, 156, 157, 158, 159, 160, 161, 162, 163, 164, 165, 166, 167, 168, 169, 170, 171, 172, 173, 174, 175, 176, 177, 178, 179, 180, 181, 182, 183, 184, 185, 186], '3_2': [14, 15, 16, 17, 18, 19, 20, 21, 22, 23], '2_2': [24, 25, 26, 27, 28, 29, 30, 31, 32, 33, 34, 35, 36, 37, 38, 39, 40, 41, 42, 43, 44, 45, 46, 47, 48, 49, 50, 51, 52, 53, 54, 55, 56, 57, 58, 59, 60, 61, 62, 63, 64, 65, 66, 67, 68, 69, 70, 71, 72, 73, 74, 75, 76, 77, 78, 79, 80, 81, 82, 83, 84, 85, 86, 87, 88, 89], '2_3': [266], '0_2': [90, 91, 92, 93, 94, 95, 96, 97, 98, 99], '0_3': [187, 188, 189, 190, 191, 192, 193, 194, 195, 196, 197, 198, 199, 200, 201, 202, 203, 204, 205, 206, 207, 208, 209, 210, 211, 212, 213, 214, 215, 216, 217, 218, 219, 220, 221, 222, 223, 224, 225, 226, 227, 228, 229, 230, 231, 232, 233, 234, 235, 236, 237, 238, 239, 240, 241, 242, 243, 244, 245, 246, 247, 248, 249, 250, 251, 252, 253, 254, 255, 256, 257, 258, 259, 260, 261, 262, 263, 264, 265, 267, 268, 269, 270, 271, 272, 273, 274, 275, 276, 277, 278, 279, 280, 281, 282, 283, 284, 285, 286, 287, 288, 289, 290, 291, 292, 293, 294, 295, 296, 297, 298, 299, 300, 301, 302, 303, 304, 305, 306, 307, 308, 309, 310, 311, 312, 313, 314, 315, 316, 317, 318, 319, 320, 321, 322, 323, 324, 325, 326, 327, 328, 329, 330, 331, 332, 333, 334, 335, 336, 337, 338, 339, 340, 341, 342, 343, 344, 345, 346, 347, 348, 349, 350, 351, 352, 353, 354, 355, 356, 357, 358, 359, 360, 361, 362, 363, 364, 365, 366, 367, 368, 369, 370, 371, 372, 373, 374, 375, 376, 377, 378, 379, 380, 381, 382, 383, 384, 385, 386, 387, 388, 389, 390, 391, 392, 393, 394, 395, 396, 397, 398, 399, 400, 401, 402, 403, 404, 405, 406, 407, 408, 409, 410, 411, 412, 413, 414, 415, 416, 417, 418, 419, 420, 421, 422, 423, 424, 425, 426, 427, 428, 429, 430, 431, 432, 433, 434, 435, 436, 437, 438, 439, 440, 441, 442, 443, 444, 445, 446, 447, 448, 449, 450, 451, 452, 453, 454, 455, 456, 457, 458, 459, 460, 461, 462, 463, 464, 465, 466, 467, 468, 469, 470, 471, 472, 473, 474, 475, 476, 477, 478, 479, 480, 481, 482, 483, 484, 485, 486, 487, 488, 489, 490, 491, 492, 493, 494, 495, 496, 497, 498, 499, 500, 501, 502, 503, 504, 505, 506, 507, 508, 509, 510, 511, 512, 513, 514, 515, 516, 517, 518, 519, 520, 521, 522, 523, 524, 525, 526, 527, 528, 529, 530, 531, 532, 533, 534, 535, 536, 537, 538, 539, 540, 541, 542, 543, 544, 545, 546, 547, 548, 549, 550, 551, 552, 553, 554, 555, 556, 557, 558, 559, 560, 561, 562, 563, 564, 565, 566, 567, 568, 569, 570, 571, 572, 573, 574, 575, 576, 577, 578, 579, 580, 581, 582, 583, 584, 585, 586, 587, 588, 589, 590, 591, 592, 593, 594, 595, 596, 597, 598, 599]}
FP rate  0.01891 FN rate  0.12
 Before reassigning cells 
 Timepoint  2
 Cluster  1  # of cells  14
 Cluster  3  # of cells  10
 Cluster  2  # of cells  66
 Cluster  0  # of cells  10
 Timepoint  3
 Cluster  1  # of cells  87
 Cluster  2  # of cells  5
 Cluster  0  # of cells  404
 Cells absent at timepoint  2   set()
 Cells absent at timepoint  3   {248, 201, 396, 285}
 Missing cell prob  {'2': 0.0004492163448097572, '0': 0.00044921634480975725, '1': 3.7371763703960314e-20}
 Missing cell prob  {'2': 7.51339212234308e-05, '0': 7.51339212234308e-05, '1': 7.397571906816229e-15}
 Missing cell prob  {'2': 1.0413968157921097e-06, '0': 1.0413968157921095e-06, '1': 8.382952177531704e-16}
 Missing cell prob  {'2': 1.7991125129228737e-07, '0': 1.799112512922874e-07, '1': 1.459528222464628e-11}
 Timepoint  2
 Timepoint  3
SortedDict({2: {'1': ['0', '1', '2', '3', '4', '5', '6', '7', '8', '9', '10', '11', '12', '13'], '3': ['14', '15', '16', '17', '18', '19', '20', '21', '22', '23'], '2': ['24', '25', '26', '27', '28', '29', '30', '31', '32', '33', '34', '35', '36', '37', '38', '39', '40', '41', '42', '43', '44', '45', '46', '47', '48', '49', '50', '51', '52', '53', '54', '55', '56', '57', '58', '59', '60', '61', '62', '63', '64', '65', '66', '67', '68', '69', '70', '71', '72', '73', '74', '75', '76', '77', '78', '79', '80', '81', '82', '83', '84', '85', '86', '87', '88', '89'], '0': ['90', '91', '92', '93', '94', '95', '96', '97', '98', '99']}, 3: {'1': ['100', '101', '102', '103', '104', '105', '106', '107', '108', '109', '110', '111', '112', '113', '114', '115', '116', '117', '118', '119', '120', '121', '122', '123', '124', '125', '126', '127', '128', '129', '130', '131', '132', '133', '134', '135', '136', '137', '138', '139', '140', '141', '142', '143', '144', '145', '146', '147', '148', '149', '150', '151', '152', '153', '154', '155', '156', '157', '158', '159', '160', '161', '162', '163', '164', '165', '166', '167', '168', '169', '170', '171', '172', '173', '174', '175', '176', '177', '178', '179', '180', '181', '182', '183', '184', '185', '186'], '2': ['266', '292', '398', '424', '525', '201', '396'], '0': ['187', '188', '189', '190', '191', '192', '193', '194', '195', '196', '197', '198', '199', '200', '202', '203', '204', '205', '206', '207', '208', '209', '210', '211', '212', '213', '214', '215', '216', '217', '218', '219', '220', '221', '222', '223', '224', '225', '226', '227', '228', '229', '230', '231', '232', '233', '234', '235', '236', '237', '238', '239', '240', '241', '242', '243', '244', '245', '246', '247', '249', '250', '251', '252', '253', '254', '255', '256', '257', '258', '259', '260', '261', '262', '263', '264', '265', '267', '268', '269', '270', '271', '272', '273', '274', '275', '276', '277', '278', '279', '280', '281', '282', '283', '284', '286', '287', '288', '289', '290', '291', '293', '294', '295', '296', '297', '298', '299', '300', '301', '302', '303', '304', '305', '306', '307', '308', '309', '310', '311', '312', '313', '314', '315', '316', '317', '318', '319', '320', '321', '322', '323', '324', '325', '326', '327', '328', '329', '330', '331', '332', '333', '334', '335', '336', '337', '338', '339', '340', '341', '342', '343', '344', '345', '346', '347', '348', '349', '350', '351', '352', '353', '354', '355', '356', '357', '358', '359', '360', '361', '362', '363', '364', '365', '366', '367', '368', '369', '370', '371', '372', '373', '374', '375', '376', '377', '378', '379', '380', '381', '382', '383', '384', '385', '386', '387', '388', '389', '390', '391', '392', '393', '394', '395', '397', '399', '400', '401', '402', '403', '404', '405', '406', '407', '408', '409', '410', '411', '412', '413', '414', '415', '416', '417', '418', '419', '420', '421', '422', '423', '425', '426', '427', '428', '429', '430', '431', '432', '433', '434', '435', '436', '437', '438', '439', '440', '441', '442', '443', '444', '445', '446', '447', '448', '449', '450', '451', '452', '453', '454', '455', '456', '457', '458', '459', '460', '461', '462', '463', '464', '465', '466', '467', '468', '469', '470', '471', '472', '473', '474', '475', '476', '477', '478', '479', '480', '481', '482', '483', '484', '485', '486', '487', '488', '489', '490', '491', '492', '493', '494', '495', '496', '497', '498', '499', '500', '501', '502', '503', '504', '505', '506', '507', '508', '509', '510', '511', '512', '513', '514', '515', '516', '517', '518', '519', '520', '521', '522', '523', '524', '526', '527', '528', '529', '530', '531', '532', '533', '534', '535', '536', '537', '538', '539', '540', '541', '542', '543', '544', '545', '546', '547', '548', '549', '550', '551', '552', '553', '554', '555', '556', '557', '558', '559', '560', '561', '562', '563', '564', '565', '566', '567', '568', '569', '570', '571', '572', '573', '574', '575', '576', '577', '578', '579', '580', '581', '582', '583', '584', '585', '586', '587', '588', '589', '590', '591', '592', '593', '594', '595', '596', '597', '598', '599', '248', '285']}})
 Cluster1  2
 Cluster to drop  0
 After reassigning and merging cells 
 Timepoint  2
 Cluster  1  # of cells  14
 Cluster  3  # of cells  10
 Cluster  2  # of cells  66
 Cluster  0  # of cells  10
 Timepoint  3
 Cluster  1  # of cells  87
 Cluster  2  # of cells  413
 Tp cluster cell dict  {'1_2': 14, '3_2': 10, '2_2': 66, '0_2': 10, '1_3': 87, '2_3': 413}
 New Graph is here 
 ID  0  Timepoint  1  Mutations  []  Type  subclone
 ID  1  Timepoint  2  Mutations  [0, 1, 2, 3, 4, 5]  Type  subclone
 ID  2  Timepoint  2  Mutations  [0, 1, 2, 3, 4, 5, 17, 18, 19, 20, 21, 22, 23, 24, 25, 26]  Type  subclone
 ID  3  Timepoint  2  Mutations  [6, 7, 8, 9, 10, 11, 12, 13, 14, 15, 16, 27, 28, 29]  Type  subclone
 ID  4  Timepoint  2  Mutations  [6, 7, 8, 9, 10, 11, 12, 13, 14, 15, 16, 30, 31, 32, 33]  Type  subclone
 ID  5  Timepoint  3  Mutations  [0, 1, 2, 3, 4, 5]  Type  subclone
 ID  6  Timepoint  3  Mutations  [6, 7, 8, 9, 10, 11, 12, 13, 14, 15, 16, 30, 31, 32, 33]  Type  subclone
Timepoints  SortedDict({1: [0], 2: [1, 2, 3, 4], 3: [5, 6]})
 Clone to nodes  {'1_2': 1, '3_2': 2, '2_2': 3, '0_2': 4, '1_3': 5, '2_3': 6}
 Timepoint ====  1
 Hash table  {'0,1': [0, 1, 2, 3, 4, 5], '1': [17, 18, 19, 20, 21, 22, 23, 24, 25, 26], '2,3': [6, 7, 8, 9, 10, 11, 12, 13, 14, 15, 16], '2': [27, 28, 29], '3': [30, 31, 32, 33]}
 Final possible usc  [[0, 1, 2, 3, 4, 5], [17, 18, 19, 20, 21, 22, 23, 24, 25, 26], [6, 7, 8, 9, 10, 11, 12, 13, 14, 15, 16], [27, 28, 29], [30, 31, 32, 33]]
 Time  1  USC keys  {'30,31,32,33_0', '6,7,8,9,10,11,12,13,14,15,16_0', '0,1,2,3,4,5_0', '17,18,19,20,21,22,23,24,25,26_0', '27,28,29_0'}
 USC children  {'0,1,2,3,4,5_0': [1, 2], '17,18,19,20,21,22,23,24,25,26_0': [2], '6,7,8,9,10,11,12,13,14,15,16_0': [3, 4], '27,28,29_0': [3], '30,31,32,33_0': [4]}
 USC children  {'0,1,2,3,4,5_0': [1, 2], '17,18,19,20,21,22,23,24,25,26_0': [2], '6,7,8,9,10,11,12,13,14,15,16_0': [3, 4], '27,28,29_0': [3], '30,31,32,33_0': [4]}
 Timepoint ====  2
 Hash table  {}
====== Inside find superset of t nodes ==========
 Final possible usc  []
 Time  2  USC keys  set()
 USC children  {'0,1,2,3,4,5_0': [1, 2], '17,18,19,20,21,22,23,24,25,26_0': [2], '6,7,8,9,10,11,12,13,14,15,16_0': [3, 4], '27,28,29_0': [3], '30,31,32,33_0': [4]}
 USC children  {'0,1,2,3,4,5_0': [1, 2], '17,18,19,20,21,22,23,24,25,26_0': [2], '6,7,8,9,10,11,12,13,14,15,16_0': [3, 4], '27,28,29_0': [3], '30,31,32,33_0': [4]}
 Node s  {'1,2': ['0', '1', '2', '3', '4', '5'], '3,4': ['6', '7', '8', '9', '10', '11', '12', '13', '14', '15', '16']}
 Enroll USC nodes  ['1', '2']  len  2
 Enroll USC nodes  ['3', '4']  len  2
 Node TP  SortedDict({1: [0], 2: [1, 2, 3, 4], 3: [5, 6]})
 Unobserved subclones at timepoints  {1.5: [7, 8]}
 ============== Inside finding node v ============ 
 Time  2
 Time  3
 Sorted all timepoints  [1, 1.5, 2, 3]
 Timepoint  2
 Inside usc_node check  2
 Timepoint  3
0   1   [-1]   subclone   []   []
1   2   [7]   subclone   [0, 1, 2, 3, 4, 5]   [0]
2   2   [7]   subclone   [0, 1, 2, 3, 4, 5, 17, 18, 19, 20, 21, 22, 23, 24, 25, 26]   [10]
3   2   [8]   subclone   [6, 7, 8, 9, 10, 11, 12, 13, 14, 15, 16, 27, 28, 29]   [3]
4   2   [8]   subclone   [6, 7, 8, 9, 10, 11, 12, 13, 14, 15, 16, 30, 31, 32, 33]   [4]
5   3   [1]   subclone   [0, 1, 2, 3, 4, 5]   [0]
6   3   [4]   subclone   [6, 7, 8, 9, 10, 11, 12, 13, 14, 15, 16, 30, 31, 32, 33]   [0]
7   1.5   [0]   unobserved subclone   [0, 1, 2, 3, 4, 5]   [6]
8   1.5   [0]   unobserved subclone   [6, 7, 8, 9, 10, 11, 12, 13, 14, 15, 16]   [11]
 List of tree files  ['all_trees/default_rep3_m1_tree.csv', 'all_trees/default_rep3_m2_tree.csv', 'all_trees/default_rep3_m3_tree.csv', 'all_trees/default_rep3_m4_tree.csv', 'all_trees/default_rep3_m5_tree.csv']
{'1': ['0', '1', '2', '3', '4', '5'], '2': ['0', '1', '2', '3', '4', '5', '17', '18', '19', '20', '21', '22', '23', '24', '25', '26'], '3': ['6', '7', '8', '9', '10', '11', '12', '13', '14', '15', '16', '27', '28', '29'], '4': ['6', '7', '8', '9', '10', '11', '12', '13', '14', '15', '16', '30', '31', '32', '33'], '5': ['0', '1', '2', '3', '4', '5'], '6': ['6', '7', '8', '9', '10', '11', '12', '13', '14', '15', '16', '30', '31', '32', '33'], '7': ['0', '1', '2', '3', '4', '5'], '8': ['6', '7', '8', '9', '10', '11', '12', '13', '14', '15', '16']}
 Actual mutation of  1   []
 Actual mutation of  2   ['22', '17', '19', '21', '20', '25', '23', '18', '24', '26']
 Actual mutation of  3   ['29', '27', '28']
 Actual mutation of  4   ['30', '31', '32', '33']
 Actual mutation of  5   []
 Actual mutation of  6   []
 Updated node mutation  {'1': [], '2': ['22', '17', '19', '21', '20', '25', '23', '18', '24', '26'], '3': ['29', '27', '28'], '4': ['30', '31', '32', '33'], '5': [], '6': [], '7': ['0', '1', '2', '3', '4', '5'], '8': ['6', '7', '8', '9', '10', '11', '12', '13', '14', '15', '16']}
{'1': ['0', '1', '2', '3', '4', '5'], '2': ['0', '1', '2', '3', '4', '5', '17', '18', '19', '20', '21', '22', '23', '24', '25', '26'], '3': ['6', '7', '8', '9', '10', '11', '12', '13', '14', '15', '16', '27', '28', '29'], '4': ['6', '7', '8', '9', '10', '11', '12', '13', '14', '15', '16', '30', '31', '32', '33'], '5': ['0', '1', '2', '3', '4', '5'], '6': ['6', '7', '8', '9', '10', '11', '12', '13', '14', '15', '16', '30', '31', '32', '33'], '7': ['0', '1', '2', '3', '4', '5'], '8': ['6', '7', '8', '9', '10', '11', '12', '13', '14', '15', '16']}
 Actual mutation of  1   []
 Actual mutation of  2   ['22', '17', '19', '21', '20', '25', '23', '18', '24', '26']
 Actual mutation of  3   ['29', '27', '28']
 Actual mutation of  4   ['30', '31', '32', '33']
 Actual mutation of  5   []
 Actual mutation of  6   []
 Updated node mutation  {'1': [], '2': ['22', '17', '19', '21', '20', '25', '23', '18', '24', '26'], '3': ['29', '27', '28'], '4': ['30', '31', '32', '33'], '5': [], '6': [], '7': ['0', '1', '2', '3', '4', '5'], '8': ['6', '7', '8', '9', '10', '11', '12', '13', '14', '15', '16']}
{'1': ['0', '1', '2', '3', '4', '5'], '2': ['0', '1', '2', '3', '4', '5', '17', '18', '19', '20', '21', '22', '23', '24', '25', '26'], '3': ['6', '7', '8', '9', '10', '11', '12', '13', '14', '15', '16', '27', '28', '29'], '4': ['6', '7', '8', '9', '10', '11', '12', '13', '14', '15', '16', '30', '31', '32', '33'], '5': ['0', '1', '2', '3', '4', '5'], '6': ['6', '7', '8', '9', '10', '11', '12', '13', '14', '15', '16', '30', '31', '32', '33'], '7': ['0', '1', '2', '3', '4', '5'], '8': ['6', '7', '8', '9', '10', '11', '12', '13', '14', '15', '16']}
 Actual mutation of  1   []
 Actual mutation of  2   ['22', '17', '19', '21', '20', '25', '23', '18', '24', '26']
 Actual mutation of  3   ['29', '27', '28']
 Actual mutation of  4   ['30', '31', '32', '33']
 Actual mutation of  5   []
 Actual mutation of  6   []
 Updated node mutation  {'1': [], '2': ['22', '17', '19', '21', '20', '25', '23', '18', '24', '26'], '3': ['29', '27', '28'], '4': ['30', '31', '32', '33'], '5': [], '6': [], '7': ['0', '1', '2', '3', '4', '5'], '8': ['6', '7', '8', '9', '10', '11', '12', '13', '14', '15', '16']}
{'1': ['0', '1', '2', '3', '4', '5'], '2': ['0', '1', '2', '3', '4', '5', '17', '18', '19', '20', '21', '22', '23', '24', '25', '26'], '3': ['6', '7', '8', '9', '10', '11', '12', '13', '14', '15', '16', '27', '28', '29'], '4': ['6', '7', '8', '9', '10', '11', '12', '13', '14', '15', '16', '30', '31', '32', '33'], '5': ['0', '1', '2', '3', '4', '5'], '6': ['6', '7', '8', '9', '10', '11', '12', '13', '14', '15', '16', '30', '31', '32', '33'], '7': ['0', '1', '2', '3', '4', '5'], '8': ['6', '7', '8', '9', '10', '11', '12', '13', '14', '15', '16']}
 Actual mutation of  1   []
 Actual mutation of  2   ['22', '17', '19', '21', '20', '25', '23', '18', '24', '26']
 Actual mutation of  3   ['29', '27', '28']
 Actual mutation of  4   ['30', '31', '32', '33']
 Actual mutation of  5   []
 Actual mutation of  6   []
 Updated node mutation  {'1': [], '2': ['22', '17', '19', '21', '20', '25', '23', '18', '24', '26'], '3': ['29', '27', '28'], '4': ['30', '31', '32', '33'], '5': [], '6': [], '7': ['0', '1', '2', '3', '4', '5'], '8': ['6', '7', '8', '9', '10', '11', '12', '13', '14', '15', '16']}
{'1': ['0', '1', '2', '3', '4', '5'], '2': ['0', '1', '2', '3', '4', '5', '17', '18', '19', '20', '21', '22', '23', '24', '25', '26'], '3': ['6', '7', '8', '9', '10', '11', '12', '13', '14', '15', '16', '27', '28', '29'], '4': ['6', '7', '8', '9', '10', '11', '12', '13', '14', '15', '16', '30', '31', '32', '33'], '5': ['0', '1', '2', '3', '4', '5'], '6': ['6', '7', '8', '9', '10', '11', '12', '13', '14', '15', '16', '30', '31', '32', '33'], '7': ['0', '1', '2', '3', '4', '5'], '8': ['6', '7', '8', '9', '10', '11', '12', '13', '14', '15', '16']}
 Actual mutation of  1   []
 Actual mutation of  2   ['22', '17', '19', '21', '20', '25', '23', '18', '24', '26']
 Actual mutation of  3   ['29', '27', '28']
 Actual mutation of  4   ['30', '31', '32', '33']
 Actual mutation of  5   []
 Actual mutation of  6   []
 Updated node mutation  {'1': [], '2': ['22', '17', '19', '21', '20', '25', '23', '18', '24', '26'], '3': ['29', '27', '28'], '4': ['30', '31', '32', '33'], '5': [], '6': [], '7': ['0', '1', '2', '3', '4', '5'], '8': ['6', '7', '8', '9', '10', '11', '12', '13', '14', '15', '16']}
 Parallel mutation count  {'m1': 0, 'm2': 0, 'm3': 0, 'm4': 0, 'm5': 0}
 Clusters with least parallel mutations  ['m1', 'm2', 'm3', 'm4', 'm5']
 Cluster nos for each run  {'m1': 6, 'm2': 7, 'm3': 5, 'm4': 6, 'm5': 4}
 Run  m5
 Base path  ['default', 'rep3', 'm1', 'tree.csv']
 Best tree path  default_rep3_m5_tree.csv
