
DPMM with:
	600 cells
	64 mutations
	learning errors

	Priors:
	params.:	Beta(0.25,0.25)
	CRP a_0:	Gamma(24.49,1)
	FP:		trunc norm(0.01,0.01)
	FN:		trunc norm(0.2,0.1)

Move probabilitites:
	Split/merge:	0.33
		split/merge ratio:	[0.75, 0.25]
		intermediate Gibbs:	3
	CRP a_0 update:	0.25
	Errors update:	0.25

Run MCMC with (1 chains for 5000 steps):

Clustering time:	0:16:10.838412	(0.19 secs. per MCMC step)	Lugsail PSRF:		1.00831

Chain mean - posterior clusters	(#9):
	9 clusters

	A: 374 items
	B: 96 items
	C: 98 items
	D: 3 items
	E: 17 items
	F: 8 items
	G: 2 items
	H: 1 items
	I: 1 items

Inferred latent variables	--	chain mean - posterior
	CRP a_0:	101.0 +- 18.5
	FP (model|genotypes): 2.0E-03 +- 5.7E-04	|	7.9E-03
	FN (model|genotypes): 0.141   +- 0.016	|	0.159

Writing output to: ./sim_output/sp05/rep3/m2

Too many cells to plot genotypes/clusters
