4
 Total estimated FP  99  True negatives  9840
 Total estimated FN  4218  True positives  9843
 Estimated FP rate  0.00996
 Estimated FN rate  0.3
 No. of Cells in each cluster  {'2_2': 69, '3_2': 31, '3_3': 66, '0_3': 434}
 Cells in each cluster  {'2_2': [0, 1, 2, 3, 4, 5, 6, 7, 8, 9, 10, 11, 12, 13, 14, 15, 16, 17, 18, 19, 20, 21, 22, 23, 24, 25, 26, 27, 28, 29, 30, 31, 32, 33, 34, 35, 36, 37, 38, 39, 40, 41, 42, 43, 44, 45, 46, 47, 48, 49, 50, 51, 52, 53, 54, 55, 56, 57, 58, 59, 60, 61, 62, 63, 64, 65, 66, 67, 68], '3_2': [69, 70, 71, 72, 73, 74, 75, 76, 77, 78, 79, 80, 81, 82, 83, 84, 85, 86, 87, 88, 89, 90, 91, 92, 93, 94, 95, 96, 97, 98, 99], '3_3': [100, 101, 102, 103, 104, 105, 106, 107, 108, 109, 110, 111, 112, 113, 114, 115, 116, 117, 118, 119, 120, 121, 122, 123, 124, 125, 126, 127, 128, 129, 130, 131, 132, 133, 134, 135, 136, 137, 138, 139, 140, 141, 142, 143, 144, 145, 146, 147, 148, 149, 150, 151, 152, 153, 154, 155, 156, 157, 158, 159, 160, 161, 162, 163, 164, 165], '0_3': [167, 168, 169, 170, 172, 175, 178, 179, 184, 186, 189, 190, 197, 199, 200, 201, 203, 204, 205, 206, 208, 210, 211, 212, 214, 220, 225, 227, 229, 230, 233, 235, 236, 239, 242, 243, 244, 245, 246, 249, 253, 254, 257, 260, 262, 265, 266, 268, 270, 272, 276, 281, 286, 288, 290, 291, 294, 295, 297, 298, 299, 301, 303, 305, 306, 307, 309, 310, 312, 314, 318, 320, 321, 326, 327, 329, 331, 333, 335, 336, 338, 353, 354, 355, 357, 359, 360, 362, 363, 367, 370, 374, 375, 376, 378, 380, 381, 382, 383, 386, 390, 391, 395, 396, 398, 399, 400, 402, 403, 404, 407, 408, 409, 410, 417, 418, 420, 421, 424, 431, 433, 435, 440, 446, 448, 450, 452, 454, 455, 457, 459, 461, 463, 464, 465, 472, 473, 481, 484, 488, 490, 493, 494, 498, 499, 500, 504, 505, 506, 507, 508, 509, 510, 511, 512, 513, 514, 516, 517, 519, 523, 524, 527, 529, 533, 539, 541, 546, 547, 548, 549, 555, 559, 565, 566, 567, 569, 572, 574, 575, 578, 579, 580, 584, 586, 587, 589, 590, 593, 594, 597, 598, 166, 171, 173, 174, 176, 177, 180, 181, 182, 183, 185, 187, 188, 191, 192, 193, 194, 195, 196, 198, 202, 207, 209, 213, 215, 216, 217, 218, 219, 221, 222, 223, 224, 226, 228, 231, 232, 234, 237, 238, 240, 241, 247, 248, 250, 251, 252, 255, 256, 258, 259, 261, 263, 264, 267, 269, 271, 273, 274, 275, 277, 278, 279, 280, 282, 283, 284, 285, 287, 289, 292, 293, 296, 300, 302, 304, 308, 311, 313, 315, 316, 317, 319, 322, 323, 324, 325, 328, 330, 332, 334, 337, 339, 340, 341, 342, 343, 344, 345, 346, 347, 348, 349, 350, 351, 352, 356, 358, 361, 364, 365, 366, 368, 369, 371, 372, 373, 377, 379, 384, 385, 387, 388, 389, 392, 393, 394, 397, 401, 405, 406, 411, 412, 413, 414, 415, 416, 419, 422, 423, 425, 426, 427, 428, 429, 430, 432, 434, 436, 437, 438, 439, 441, 442, 443, 444, 445, 447, 449, 451, 453, 456, 458, 460, 462, 466, 467, 468, 469, 470, 471, 474, 475, 476, 477, 478, 479, 480, 482, 483, 485, 486, 487, 489, 491, 492, 495, 496, 497, 501, 502, 503, 515, 518, 520, 521, 522, 525, 526, 528, 530, 531, 532, 534, 535, 536, 537, 538, 540, 542, 543, 544, 545, 550, 551, 552, 553, 554, 556, 557, 558, 560, 561, 562, 563, 564, 568, 570, 571, 573, 576, 577, 581, 582, 583, 585, 588, 591, 592, 595, 596, 599]}
FP rate  0.00996 FN rate  0.3
 Before reassigning cells 
 Timepoint  2
 Cluster  2  # of cells  69
 Cluster  3  # of cells  31
 Timepoint  3
 Cluster  3  # of cells  66
 Cluster  0  # of cells  434
 Cells absent at timepoint  2   set()
 Cells absent at timepoint  3   set()
 Timepoint  2
 Timepoint  3
 After reassigning and merging cells 
 Timepoint  2
 Cluster  2  # of cells  69
 Cluster  3  # of cells  31
 Timepoint  3
 Cluster  3  # of cells  66
 Cluster  0  # of cells  434
 Tp cluster cell dict  {'2_2': 69, '3_2': 31, '3_3': 66, '0_3': 434}
 New Graph is here 
 ID  0  Timepoint  1  Mutations  []  Type  subclone
 ID  1  Timepoint  2  Mutations  [9, 10, 11, 12, 13, 14, 15, 16, 17, 18, 19, 20, 21, 22]  Type  subclone
 ID  2  Timepoint  2  Mutations  [9, 10, 11, 12, 13, 14, 15, 23, 24, 25, 26, 27, 28, 29, 30, 31, 32, 33]  Type  subclone
 ID  3  Timepoint  3  Mutations  [9, 10, 11, 12, 13, 14, 15, 23, 24, 25, 26, 27, 28, 29, 30, 31, 32, 33]  Type  subclone
 ID  4  Timepoint  3  Mutations  [9, 10, 11, 12, 13, 14, 15, 23, 24, 25, 26, 27, 28, 29, 30, 31, 32, 33, 34, 35, 36, 37, 38, 39, 40, 41, 42, 43, 44, 45, 46, 47, 48, 49]  Type  subclone
Timepoints  SortedDict({1: [0], 2: [1, 2], 3: [3, 4]})
 Clone to nodes  {'2_2': 1, '3_2': 2, '3_3': 3, '0_3': 4}
 Timepoint ====  1
 Hash table  {'0,1': [9, 10, 11, 12, 13, 14, 15], '0': [16, 17, 18, 19, 20, 21, 22], '1': [23, 24, 25, 26, 27, 28, 29, 30, 31, 32, 33]}
 Final possible usc  [[9, 10, 11, 12, 13, 14, 15], [16, 17, 18, 19, 20, 21, 22], [23, 24, 25, 26, 27, 28, 29, 30, 31, 32, 33]]
 Time  1  USC keys  {'16,17,18,19,20,21,22_0', '9,10,11,12,13,14,15_0', '23,24,25,26,27,28,29,30,31,32,33_0'}
 USC children  {'9,10,11,12,13,14,15_0': [1, 2], '16,17,18,19,20,21,22_0': [1], '23,24,25,26,27,28,29,30,31,32,33_0': [2]}
 USC children  {'9,10,11,12,13,14,15_0': [1, 2], '16,17,18,19,20,21,22_0': [1], '23,24,25,26,27,28,29,30,31,32,33_0': [2]}
 Timepoint ====  2
 Hash table  {'0': [9, 10, 11, 12, 13, 14, 15, 23, 24, 25, 26, 27, 28, 29, 30, 31, 32, 33, 34, 35, 36, 37, 38, 39, 40, 41, 42, 43, 44, 45, 46, 47, 48, 49]}
====== Inside find superset of t nodes ==========
 Final possible usc  [[9, 10, 11, 12, 13, 14, 15, 23, 24, 25, 26, 27, 28, 29, 30, 31, 32, 33, 34, 35, 36, 37, 38, 39, 40, 41, 42, 43, 44, 45, 46, 47, 48, 49]]
 Time  2  USC keys  {'9,10,11,12,13,14,15,23,24,25,26,27,28,29,30,31,32,33,34,35,36,37,38,39,40,41,42,43,44,45,46,47,48,49_2'}
 USC children  {'9,10,11,12,13,14,15_0': [1, 2], '16,17,18,19,20,21,22_0': [1], '23,24,25,26,27,28,29,30,31,32,33_0': [2], '9,10,11,12,13,14,15,23,24,25,26,27,28,29,30,31,32,33,34,35,36,37,38,39,40,41,42,43,44,45,46,47,48,49_2': [4]}
 USC children  {'9,10,11,12,13,14,15_0': [1, 2], '16,17,18,19,20,21,22_0': [1], '23,24,25,26,27,28,29,30,31,32,33_0': [2], '9,10,11,12,13,14,15,23,24,25,26,27,28,29,30,31,32,33,34,35,36,37,38,39,40,41,42,43,44,45,46,47,48,49_2': [4]}
 Node s  {'1,2': ['9', '10', '11', '12', '13', '14', '15'], '4': ['9', '10', '11', '12', '13', '14', '15', '23', '24', '25', '26', '27', '28', '29', '30', '31', '32', '33', '34', '35', '36', '37', '38', '39', '40', '41', '42', '43', '44', '45', '46', '47', '48', '49']}
 Enroll USC nodes  ['1', '2']  len  2
 Enroll USC nodes  ['4']  len  1
 Node TP  SortedDict({1: [0], 2: [1, 2], 3: [3, 4]})
 Unobserved subclones at timepoints  {1.5: [5]}
 ============== Inside finding node v ============ 
 Time  2
 Time  3
 largest_v_mut  [[32, 33, 9, 10, 11, 12, 13, 14, 15, 23, 24, 25, 26, 27, 28, 29, 30, 31]]
 Sorted all timepoints  [1, 1.5, 2, 3]
 Timepoint  2
 Inside usc_node check  2
 Timepoint  3
0   1   [-1]   subclone   []   []
1   2   [5]   subclone   [9, 10, 11, 12, 13, 14, 15, 16, 17, 18, 19, 20, 21, 22]   [7]
2   2   [5]   subclone   [9, 10, 11, 12, 13, 14, 15, 23, 24, 25, 26, 27, 28, 29, 30, 31, 32, 33]   [11]
3   3   [2]   subclone   [9, 10, 11, 12, 13, 14, 15, 23, 24, 25, 26, 27, 28, 29, 30, 31, 32, 33]   [0]
4   3   [2]   subclone   [9, 10, 11, 12, 13, 14, 15, 23, 24, 25, 26, 27, 28, 29, 30, 31, 32, 33, 34, 35, 36, 37, 38, 39, 40, 41, 42, 43, 44, 45, 46, 47, 48, 49]   [16]
5   1.5   [0]   unobserved subclone   [9, 10, 11, 12, 13, 14, 15]   [7]
6
 Total estimated FP  99  True negatives  9840
 Total estimated FN  4218  True positives  9843
 Estimated FP rate  0.00996
 Estimated FN rate  0.3
 No. of Cells in each cluster  {'5_2': 69, '3_2': 31, '3_3': 66, '4_3': 434}
 Cells in each cluster  {'5_2': [0, 1, 2, 3, 4, 5, 6, 7, 8, 9, 10, 11, 12, 13, 14, 15, 16, 17, 18, 19, 20, 21, 22, 23, 24, 25, 26, 27, 28, 29, 30, 31, 32, 33, 34, 35, 36, 37, 38, 39, 40, 41, 42, 43, 44, 45, 46, 47, 48, 49, 50, 51, 52, 53, 54, 55, 56, 57, 58, 59, 60, 61, 62, 63, 64, 65, 66, 67, 68], '3_2': [69, 70, 71, 72, 73, 74, 75, 76, 77, 78, 79, 80, 81, 82, 83, 84, 85, 86, 87, 88, 89, 90, 91, 92, 93, 94, 95, 96, 97, 98, 99], '3_3': [100, 101, 102, 103, 104, 105, 106, 107, 108, 109, 110, 111, 112, 113, 114, 115, 116, 117, 118, 119, 120, 121, 122, 123, 124, 125, 126, 127, 128, 129, 130, 131, 132, 133, 134, 135, 136, 137, 138, 139, 140, 141, 142, 143, 144, 145, 146, 147, 148, 149, 150, 151, 152, 153, 154, 155, 156, 157, 158, 159, 160, 161, 162, 163, 164, 165], '4_3': [166, 167, 171, 173, 174, 176, 177, 180, 181, 182, 183, 184, 185, 187, 188, 189, 190, 191, 192, 193, 194, 196, 198, 199, 200, 202, 207, 208, 209, 210, 212, 213, 214, 215, 217, 218, 219, 220, 221, 222, 223, 224, 225, 226, 227, 228, 231, 232, 234, 235, 236, 237, 238, 240, 241, 244, 245, 246, 247, 248, 250, 251, 252, 255, 256, 257, 258, 259, 260, 261, 262, 264, 267, 269, 270, 271, 272, 273, 275, 276, 277, 279, 282, 283, 285, 286, 287, 289, 291, 292, 293, 294, 295, 296, 298, 300, 301, 302, 303, 304, 306, 308, 309, 311, 312, 315, 316, 317, 321, 322, 323, 324, 325, 326, 327, 328, 330, 332, 334, 337, 339, 340, 342, 343, 344, 345, 346, 347, 348, 349, 351, 352, 353, 354, 356, 357, 358, 360, 361, 363, 364, 365, 366, 368, 369, 370, 371, 372, 373, 374, 375, 376, 377, 379, 382, 383, 384, 385, 386, 387, 388, 389, 392, 393, 394, 395, 397, 399, 401, 403, 405, 408, 409, 411, 412, 413, 414, 415, 416, 417, 419, 420, 422, 423, 425, 426, 427, 428, 429, 430, 431, 432, 434, 435, 436, 438, 439, 440, 441, 442, 443, 444, 445, 447, 449, 450, 451, 452, 453, 454, 455, 456, 458, 459, 460, 462, 463, 466, 467, 468, 469, 470, 471, 474, 475, 476, 477, 478, 479, 480, 481, 483, 485, 486, 487, 488, 489, 491, 492, 494, 495, 496, 497, 501, 502, 503, 504, 505, 508, 510, 511, 515, 516, 517, 518, 520, 521, 522, 523, 524, 525, 526, 528, 530, 531, 532, 533, 534, 536, 537, 539, 540, 542, 545, 546, 548, 550, 552, 553, 554, 555, 556, 557, 558, 559, 560, 561, 563, 565, 566, 567, 568, 569, 570, 571, 572, 573, 576, 577, 579, 580, 581, 582, 583, 584, 585, 587, 588, 590, 591, 592, 593, 596, 599, 168, 169, 170, 172, 175, 178, 179, 197, 201, 203, 205, 230, 233, 239, 242, 243, 249, 253, 254, 265, 268, 281, 288, 290, 299, 307, 310, 314, 318, 320, 329, 333, 335, 336, 338, 355, 359, 362, 367, 378, 380, 381, 390, 391, 398, 400, 404, 407, 410, 418, 424, 433, 446, 448, 457, 461, 464, 465, 472, 473, 484, 490, 507, 509, 512, 513, 514, 519, 527, 529, 541, 544, 547, 549, 551, 574, 575, 586, 597, 598, 195, 263, 280, 284, 313, 437, 482, 538, 543, 562, 595, 186, 204, 206, 211, 216, 229, 266, 274, 278, 297, 305, 319, 331, 341, 350, 396, 402, 406, 421, 493, 498, 499, 500, 506, 535, 564, 578, 589, 594]}
FP rate  0.00996 FN rate  0.3
 Before reassigning cells 
 Timepoint  2
 Cluster  5  # of cells  69
 Cluster  3  # of cells  31
 Timepoint  3
 Cluster  3  # of cells  66
 Cluster  4  # of cells  434
 Cells absent at timepoint  2   set()
 Cells absent at timepoint  3   set()
 Timepoint  2
 Timepoint  3
 After reassigning and merging cells 
 Timepoint  2
 Cluster  5  # of cells  69
 Cluster  3  # of cells  31
 Timepoint  3
 Cluster  3  # of cells  66
 Cluster  4  # of cells  434
 Tp cluster cell dict  {'5_2': 69, '3_2': 31, '3_3': 66, '4_3': 434}
 New Graph is here 
 ID  0  Timepoint  1  Mutations  []  Type  subclone
 ID  1  Timepoint  2  Mutations  [9, 10, 11, 12, 13, 14, 15, 16, 17, 18, 19, 20, 21, 22]  Type  subclone
 ID  2  Timepoint  2  Mutations  [9, 10, 11, 12, 13, 14, 15, 23, 24, 25, 26, 27, 28, 29, 30, 31, 32, 33]  Type  subclone
 ID  3  Timepoint  3  Mutations  [9, 10, 11, 12, 13, 14, 15, 23, 24, 25, 26, 27, 28, 29, 30, 31, 32, 33]  Type  subclone
 ID  4  Timepoint  3  Mutations  [9, 10, 11, 12, 13, 14, 15, 23, 24, 25, 26, 27, 28, 29, 30, 31, 32, 33, 34, 35, 36, 37, 38, 39, 40, 41, 42, 43, 44, 45, 46, 47, 48, 49]  Type  subclone
Timepoints  SortedDict({1: [0], 2: [1, 2], 3: [3, 4]})
 Clone to nodes  {'5_2': 1, '3_2': 2, '3_3': 3, '4_3': 4}
 Timepoint ====  1
 Hash table  {'0,1': [9, 10, 11, 12, 13, 14, 15], '0': [16, 17, 18, 19, 20, 21, 22], '1': [23, 24, 25, 26, 27, 28, 29, 30, 31, 32, 33]}
 Final possible usc  [[9, 10, 11, 12, 13, 14, 15], [16, 17, 18, 19, 20, 21, 22], [23, 24, 25, 26, 27, 28, 29, 30, 31, 32, 33]]
 Time  1  USC keys  {'9,10,11,12,13,14,15_0', '23,24,25,26,27,28,29,30,31,32,33_0', '16,17,18,19,20,21,22_0'}
 USC children  {'9,10,11,12,13,14,15_0': [1, 2], '16,17,18,19,20,21,22_0': [1], '23,24,25,26,27,28,29,30,31,32,33_0': [2]}
 USC children  {'9,10,11,12,13,14,15_0': [1, 2], '16,17,18,19,20,21,22_0': [1], '23,24,25,26,27,28,29,30,31,32,33_0': [2]}
 Timepoint ====  2
 Hash table  {'0': [9, 10, 11, 12, 13, 14, 15, 23, 24, 25, 26, 27, 28, 29, 30, 31, 32, 33, 34, 35, 36, 37, 38, 39, 40, 41, 42, 43, 44, 45, 46, 47, 48, 49]}
====== Inside find superset of t nodes ==========
 Final possible usc  [[9, 10, 11, 12, 13, 14, 15, 23, 24, 25, 26, 27, 28, 29, 30, 31, 32, 33, 34, 35, 36, 37, 38, 39, 40, 41, 42, 43, 44, 45, 46, 47, 48, 49]]
 Time  2  USC keys  {'9,10,11,12,13,14,15,23,24,25,26,27,28,29,30,31,32,33,34,35,36,37,38,39,40,41,42,43,44,45,46,47,48,49_2'}
 USC children  {'9,10,11,12,13,14,15_0': [1, 2], '16,17,18,19,20,21,22_0': [1], '23,24,25,26,27,28,29,30,31,32,33_0': [2], '9,10,11,12,13,14,15,23,24,25,26,27,28,29,30,31,32,33,34,35,36,37,38,39,40,41,42,43,44,45,46,47,48,49_2': [4]}
 USC children  {'9,10,11,12,13,14,15_0': [1, 2], '16,17,18,19,20,21,22_0': [1], '23,24,25,26,27,28,29,30,31,32,33_0': [2], '9,10,11,12,13,14,15,23,24,25,26,27,28,29,30,31,32,33,34,35,36,37,38,39,40,41,42,43,44,45,46,47,48,49_2': [4]}
 Node s  {'1,2': ['9', '10', '11', '12', '13', '14', '15'], '4': ['9', '10', '11', '12', '13', '14', '15', '23', '24', '25', '26', '27', '28', '29', '30', '31', '32', '33', '34', '35', '36', '37', '38', '39', '40', '41', '42', '43', '44', '45', '46', '47', '48', '49']}
 Enroll USC nodes  ['1', '2']  len  2
 Enroll USC nodes  ['4']  len  1
 Node TP  SortedDict({1: [0], 2: [1, 2], 3: [3, 4]})
 Unobserved subclones at timepoints  {1.5: [5]}
 ============== Inside finding node v ============ 
 Time  2
 Time  3
 largest_v_mut  [[32, 33, 9, 10, 11, 12, 13, 14, 15, 23, 24, 25, 26, 27, 28, 29, 30, 31]]
 Sorted all timepoints  [1, 1.5, 2, 3]
 Timepoint  2
 Inside usc_node check  2
 Timepoint  3
0   1   [-1]   subclone   []   []
1   2   [5]   subclone   [9, 10, 11, 12, 13, 14, 15, 16, 17, 18, 19, 20, 21, 22]   [7]
2   2   [5]   subclone   [9, 10, 11, 12, 13, 14, 15, 23, 24, 25, 26, 27, 28, 29, 30, 31, 32, 33]   [11]
3   3   [2]   subclone   [9, 10, 11, 12, 13, 14, 15, 23, 24, 25, 26, 27, 28, 29, 30, 31, 32, 33]   [0]
4   3   [2]   subclone   [9, 10, 11, 12, 13, 14, 15, 23, 24, 25, 26, 27, 28, 29, 30, 31, 32, 33, 34, 35, 36, 37, 38, 39, 40, 41, 42, 43, 44, 45, 46, 47, 48, 49]   [16]
5   1.5   [0]   unobserved subclone   [9, 10, 11, 12, 13, 14, 15]   [7]
5
 Total estimated FP  99  True negatives  9840
 Total estimated FN  4218  True positives  9843
 Estimated FP rate  0.00996
 Estimated FN rate  0.3
 No. of Cells in each cluster  {'2_2': 69, '3_2': 31, '3_3': 66, '0_3': 434}
 Cells in each cluster  {'2_2': [0, 1, 2, 3, 4, 5, 6, 7, 8, 9, 10, 11, 12, 13, 14, 15, 16, 17, 18, 19, 20, 21, 22, 23, 24, 25, 26, 27, 28, 29, 30, 31, 32, 33, 34, 35, 36, 37, 38, 39, 40, 41, 42, 43, 44, 45, 46, 47, 48, 49, 50, 51, 52, 53, 54, 55, 56, 57, 58, 59, 60, 61, 62, 63, 64, 65, 66, 67, 68], '3_2': [69, 70, 71, 72, 73, 74, 75, 76, 77, 78, 79, 80, 81, 82, 83, 84, 85, 86, 87, 88, 89, 90, 91, 92, 93, 94, 95, 96, 97, 98, 99], '3_3': [100, 101, 102, 103, 104, 105, 106, 107, 108, 109, 110, 111, 112, 113, 114, 115, 116, 117, 118, 119, 120, 121, 122, 123, 124, 125, 126, 127, 128, 129, 130, 131, 132, 133, 134, 135, 136, 137, 138, 139, 140, 141, 142, 143, 144, 145, 146, 147, 148, 149, 150, 151, 152, 153, 154, 155, 156, 157, 158, 159, 160, 161, 162, 163, 164, 165], '0_3': [168, 169, 170, 172, 175, 178, 179, 180, 182, 190, 197, 201, 203, 205, 208, 217, 220, 224, 225, 227, 230, 233, 234, 235, 239, 240, 242, 243, 244, 249, 253, 254, 264, 265, 268, 269, 276, 281, 283, 286, 288, 290, 294, 299, 301, 303, 307, 309, 312, 314, 318, 320, 323, 326, 333, 335, 336, 338, 348, 354, 355, 359, 362, 367, 374, 375, 376, 378, 380, 381, 382, 385, 386, 390, 391, 392, 395, 398, 400, 401, 403, 404, 407, 408, 409, 410, 418, 422, 424, 431, 433, 435, 440, 444, 446, 448, 456, 457, 459, 461, 463, 464, 472, 473, 490, 494, 504, 507, 508, 509, 512, 513, 516, 517, 519, 521, 527, 529, 533, 539, 541, 546, 547, 548, 549, 550, 559, 566, 567, 569, 574, 575, 579, 580, 582, 584, 586, 587, 588, 593, 597, 598, 187, 204, 206, 211, 216, 229, 266, 274, 278, 297, 305, 319, 331, 369, 372, 384, 396, 402, 421, 484, 488, 493, 498, 499, 500, 505, 506, 514, 535, 564, 578, 581, 589, 594, 166, 167, 171, 173, 174, 176, 177, 181, 183, 184, 185, 186, 188, 189, 191, 192, 193, 194, 195, 196, 198, 199, 200, 202, 207, 209, 210, 212, 213, 214, 215, 218, 219, 221, 222, 223, 226, 228, 231, 232, 236, 237, 238, 241, 245, 246, 247, 248, 250, 251, 252, 255, 256, 257, 258, 259, 260, 261, 262, 263, 267, 270, 271, 272, 273, 275, 277, 279, 280, 282, 284, 285, 287, 289, 291, 292, 293, 295, 296, 298, 300, 302, 304, 306, 308, 310, 311, 313, 315, 316, 317, 321, 322, 324, 325, 327, 328, 329, 330, 332, 334, 337, 339, 340, 341, 342, 343, 344, 345, 346, 347, 349, 350, 351, 352, 353, 356, 357, 358, 360, 361, 363, 364, 365, 366, 368, 370, 371, 373, 377, 379, 383, 387, 388, 389, 393, 394, 397, 399, 405, 406, 411, 412, 413, 414, 415, 416, 417, 419, 420, 423, 425, 426, 427, 428, 429, 430, 432, 434, 436, 437, 438, 439, 441, 442, 443, 445, 447, 449, 450, 451, 452, 453, 454, 455, 458, 460, 462, 465, 466, 467, 468, 469, 470, 471, 474, 475, 476, 477, 478, 479, 480, 481, 482, 483, 485, 486, 487, 489, 491, 492, 495, 496, 497, 501, 502, 503, 510, 511, 515, 518, 520, 522, 523, 524, 525, 526, 528, 530, 531, 532, 534, 536, 537, 538, 540, 542, 543, 544, 545, 551, 552, 553, 554, 555, 556, 557, 558, 560, 561, 562, 563, 565, 568, 570, 571, 572, 573, 576, 577, 583, 585, 590, 591, 592, 595, 596, 599]}
FP rate  0.00996 FN rate  0.3
 Before reassigning cells 
 Timepoint  2
 Cluster  2  # of cells  69
 Cluster  3  # of cells  31
 Timepoint  3
 Cluster  3  # of cells  66
 Cluster  0  # of cells  434
 Cells absent at timepoint  2   set()
 Cells absent at timepoint  3   set()
 Timepoint  2
 Timepoint  3
 After reassigning and merging cells 
 Timepoint  2
 Cluster  2  # of cells  69
 Cluster  3  # of cells  31
 Timepoint  3
 Cluster  3  # of cells  66
 Cluster  0  # of cells  434
 Tp cluster cell dict  {'2_2': 69, '3_2': 31, '3_3': 66, '0_3': 434}
 New Graph is here 
 ID  0  Timepoint  1  Mutations  []  Type  subclone
 ID  1  Timepoint  2  Mutations  [9, 10, 11, 12, 13, 14, 15, 16, 17, 18, 19, 20, 21, 22]  Type  subclone
 ID  2  Timepoint  2  Mutations  [9, 10, 11, 12, 13, 14, 15, 23, 24, 25, 26, 27, 28, 29, 30, 31, 32, 33]  Type  subclone
 ID  3  Timepoint  3  Mutations  [9, 10, 11, 12, 13, 14, 15, 23, 24, 25, 26, 27, 28, 29, 30, 31, 32, 33]  Type  subclone
 ID  4  Timepoint  3  Mutations  [9, 10, 11, 12, 13, 14, 15, 23, 24, 25, 26, 27, 28, 29, 30, 31, 32, 33, 34, 35, 36, 37, 38, 39, 40, 41, 42, 43, 44, 45, 46, 47, 48, 49]  Type  subclone
Timepoints  SortedDict({1: [0], 2: [1, 2], 3: [3, 4]})
 Clone to nodes  {'2_2': 1, '3_2': 2, '3_3': 3, '0_3': 4}
 Timepoint ====  1
 Hash table  {'0,1': [9, 10, 11, 12, 13, 14, 15], '0': [16, 17, 18, 19, 20, 21, 22], '1': [23, 24, 25, 26, 27, 28, 29, 30, 31, 32, 33]}
 Final possible usc  [[9, 10, 11, 12, 13, 14, 15], [16, 17, 18, 19, 20, 21, 22], [23, 24, 25, 26, 27, 28, 29, 30, 31, 32, 33]]
 Time  1  USC keys  {'23,24,25,26,27,28,29,30,31,32,33_0', '16,17,18,19,20,21,22_0', '9,10,11,12,13,14,15_0'}
 USC children  {'9,10,11,12,13,14,15_0': [1, 2], '16,17,18,19,20,21,22_0': [1], '23,24,25,26,27,28,29,30,31,32,33_0': [2]}
 USC children  {'9,10,11,12,13,14,15_0': [1, 2], '16,17,18,19,20,21,22_0': [1], '23,24,25,26,27,28,29,30,31,32,33_0': [2]}
 Timepoint ====  2
 Hash table  {'0': [9, 10, 11, 12, 13, 14, 15, 23, 24, 25, 26, 27, 28, 29, 30, 31, 32, 33, 34, 35, 36, 37, 38, 39, 40, 41, 42, 43, 44, 45, 46, 47, 48, 49]}
====== Inside find superset of t nodes ==========
 Final possible usc  [[9, 10, 11, 12, 13, 14, 15, 23, 24, 25, 26, 27, 28, 29, 30, 31, 32, 33, 34, 35, 36, 37, 38, 39, 40, 41, 42, 43, 44, 45, 46, 47, 48, 49]]
 Time  2  USC keys  {'9,10,11,12,13,14,15,23,24,25,26,27,28,29,30,31,32,33,34,35,36,37,38,39,40,41,42,43,44,45,46,47,48,49_2'}
 USC children  {'9,10,11,12,13,14,15_0': [1, 2], '16,17,18,19,20,21,22_0': [1], '23,24,25,26,27,28,29,30,31,32,33_0': [2], '9,10,11,12,13,14,15,23,24,25,26,27,28,29,30,31,32,33,34,35,36,37,38,39,40,41,42,43,44,45,46,47,48,49_2': [4]}
 USC children  {'9,10,11,12,13,14,15_0': [1, 2], '16,17,18,19,20,21,22_0': [1], '23,24,25,26,27,28,29,30,31,32,33_0': [2], '9,10,11,12,13,14,15,23,24,25,26,27,28,29,30,31,32,33,34,35,36,37,38,39,40,41,42,43,44,45,46,47,48,49_2': [4]}
 Node s  {'1,2': ['9', '10', '11', '12', '13', '14', '15'], '4': ['9', '10', '11', '12', '13', '14', '15', '23', '24', '25', '26', '27', '28', '29', '30', '31', '32', '33', '34', '35', '36', '37', '38', '39', '40', '41', '42', '43', '44', '45', '46', '47', '48', '49']}
 Enroll USC nodes  ['1', '2']  len  2
 Enroll USC nodes  ['4']  len  1
 Node TP  SortedDict({1: [0], 2: [1, 2], 3: [3, 4]})
 Unobserved subclones at timepoints  {1.5: [5]}
 ============== Inside finding node v ============ 
 Time  2
 Time  3
 largest_v_mut  [[32, 33, 9, 10, 11, 12, 13, 14, 15, 23, 24, 25, 26, 27, 28, 29, 30, 31]]
 Sorted all timepoints  [1, 1.5, 2, 3]
 Timepoint  2
 Inside usc_node check  2
 Timepoint  3
0   1   [-1]   subclone   []   []
1   2   [5]   subclone   [9, 10, 11, 12, 13, 14, 15, 16, 17, 18, 19, 20, 21, 22]   [7]
2   2   [5]   subclone   [9, 10, 11, 12, 13, 14, 15, 23, 24, 25, 26, 27, 28, 29, 30, 31, 32, 33]   [11]
3   3   [2]   subclone   [9, 10, 11, 12, 13, 14, 15, 23, 24, 25, 26, 27, 28, 29, 30, 31, 32, 33]   [0]
4   3   [2]   subclone   [9, 10, 11, 12, 13, 14, 15, 23, 24, 25, 26, 27, 28, 29, 30, 31, 32, 33, 34, 35, 36, 37, 38, 39, 40, 41, 42, 43, 44, 45, 46, 47, 48, 49]   [16]
5   1.5   [0]   unobserved subclone   [9, 10, 11, 12, 13, 14, 15]   [7]
8
 Total estimated FP  99  True negatives  9840
 Total estimated FN  4218  True positives  9843
 Estimated FP rate  0.00996
 Estimated FN rate  0.3
 No. of Cells in each cluster  {'5_2': 69, '7_2': 31, '7_3': 66, '4_3': 434}
 Cells in each cluster  {'5_2': [0, 1, 2, 3, 4, 5, 6, 7, 8, 9, 10, 11, 12, 13, 14, 15, 16, 17, 18, 19, 20, 21, 22, 23, 24, 25, 26, 27, 28, 29, 30, 31, 32, 33, 34, 35, 36, 37, 38, 39, 40, 41, 42, 43, 44, 45, 46, 47, 48, 49, 50, 51, 52, 53, 54, 55, 56, 57, 58, 59, 60, 61, 62, 63, 64, 65, 66, 67, 68], '7_2': [69, 70, 71, 72, 73, 74, 75, 76, 77, 78, 79, 80, 81, 82, 83, 84, 85, 86, 87, 88, 89, 90, 91, 92, 93, 94, 95, 96, 97, 98, 99], '7_3': [100, 101, 102, 103, 104, 105, 106, 107, 108, 109, 110, 111, 112, 113, 114, 115, 116, 117, 118, 119, 120, 121, 122, 123, 124, 125, 126, 127, 128, 129, 130, 131, 132, 133, 134, 135, 136, 137, 138, 139, 140, 141, 142, 143, 144, 145, 146, 147, 148, 149, 150, 151, 152, 153, 154, 155, 156, 157, 158, 159, 160, 161, 162, 163, 164, 165], '4_3': [216, 274, 406, 535, 564, 166, 171, 173, 174, 176, 177, 178, 180, 181, 182, 183, 184, 185, 186, 187, 188, 191, 192, 193, 196, 198, 199, 200, 202, 203, 206, 207, 208, 210, 212, 213, 214, 215, 217, 218, 219, 220, 221, 222, 225, 226, 227, 228, 231, 232, 234, 235, 236, 237, 238, 241, 244, 245, 246, 247, 248, 250, 251, 252, 255, 256, 257, 258, 259, 260, 261, 263, 267, 269, 270, 271, 272, 273, 275, 276, 277, 279, 283, 285, 286, 287, 289, 292, 293, 296, 298, 300, 302, 303, 304, 306, 307, 309, 311, 312, 315, 316, 317, 321, 322, 323, 324, 325, 328, 330, 332, 334, 336, 337, 339, 342, 343, 344, 345, 346, 347, 348, 349, 351, 352, 354, 356, 357, 358, 361, 364, 365, 366, 368, 369, 370, 371, 372, 373, 374, 377, 379, 383, 384, 385, 386, 387, 388, 389, 392, 393, 394, 395, 397, 399, 401, 403, 405, 409, 412, 413, 414, 415, 416, 419, 420, 422, 423, 424, 425, 426, 427, 428, 429, 430, 432, 434, 435, 436, 438, 439, 440, 442, 443, 445, 449, 450, 451, 452, 453, 455, 456, 458, 460, 462, 466, 467, 468, 470, 471, 474, 475, 476, 477, 478, 479, 480, 481, 483, 485, 486, 487, 489, 491, 492, 494, 495, 496, 497, 501, 502, 503, 504, 506, 508, 510, 511, 515, 516, 517, 518, 519, 520, 521, 522, 524, 525, 526, 528, 530, 531, 532, 533, 534, 536, 537, 538, 539, 540, 542, 545, 546, 552, 553, 554, 555, 556, 557, 559, 560, 561, 562, 563, 566, 567, 568, 569, 570, 571, 572, 576, 577, 579, 581, 582, 583, 584, 585, 587, 588, 590, 591, 592, 596, 599, 319, 447, 514, 589, 194, 204, 209, 211, 223, 224, 229, 240, 266, 278, 297, 305, 331, 340, 341, 350, 353, 362, 367, 375, 396, 402, 411, 417, 421, 441, 444, 463, 469, 484, 488, 493, 498, 499, 500, 513, 548, 550, 558, 573, 578, 594, 167, 168, 169, 170, 172, 175, 179, 189, 190, 197, 201, 205, 230, 233, 239, 242, 243, 249, 253, 254, 262, 264, 265, 268, 281, 288, 290, 291, 294, 295, 299, 301, 308, 310, 314, 318, 320, 326, 327, 329, 333, 335, 338, 355, 359, 360, 363, 376, 378, 380, 381, 382, 390, 391, 398, 400, 404, 407, 408, 410, 418, 431, 433, 446, 448, 454, 457, 459, 461, 464, 465, 472, 473, 490, 505, 507, 509, 512, 523, 527, 529, 541, 544, 547, 549, 551, 565, 574, 575, 580, 586, 593, 597, 598, 195, 280, 282, 284, 313, 437, 482, 543, 595]}
FP rate  0.00996 FN rate  0.3
 Before reassigning cells 
 Timepoint  2
 Cluster  5  # of cells  69
 Cluster  7  # of cells  31
 Timepoint  3
 Cluster  7  # of cells  66
 Cluster  4  # of cells  434
 Cells absent at timepoint  2   set()
 Cells absent at timepoint  3   set()
 Timepoint  2
 Timepoint  3
 After reassigning and merging cells 
 Timepoint  2
 Cluster  5  # of cells  69
 Cluster  7  # of cells  31
 Timepoint  3
 Cluster  7  # of cells  66
 Cluster  4  # of cells  434
 Tp cluster cell dict  {'5_2': 69, '7_2': 31, '7_3': 66, '4_3': 434}
 New Graph is here 
 ID  0  Timepoint  1  Mutations  []  Type  subclone
 ID  1  Timepoint  2  Mutations  [9, 10, 11, 12, 13, 14, 15, 16, 17, 18, 19, 20, 21, 22]  Type  subclone
 ID  2  Timepoint  2  Mutations  [9, 10, 11, 12, 13, 14, 15, 23, 24, 25, 26, 27, 28, 29, 30, 31, 32, 33]  Type  subclone
 ID  3  Timepoint  3  Mutations  [9, 10, 11, 12, 13, 14, 15, 23, 24, 25, 26, 27, 28, 29, 30, 31, 32, 33]  Type  subclone
 ID  4  Timepoint  3  Mutations  [9, 10, 11, 12, 13, 14, 15, 23, 24, 25, 26, 27, 28, 29, 30, 31, 32, 33, 34, 35, 36, 37, 38, 39, 40, 41, 42, 43, 44, 45, 46, 47, 48, 49]  Type  subclone
Timepoints  SortedDict({1: [0], 2: [1, 2], 3: [3, 4]})
 Clone to nodes  {'5_2': 1, '7_2': 2, '7_3': 3, '4_3': 4}
 Timepoint ====  1
 Hash table  {'0,1': [9, 10, 11, 12, 13, 14, 15], '0': [16, 17, 18, 19, 20, 21, 22], '1': [23, 24, 25, 26, 27, 28, 29, 30, 31, 32, 33]}
 Final possible usc  [[9, 10, 11, 12, 13, 14, 15], [16, 17, 18, 19, 20, 21, 22], [23, 24, 25, 26, 27, 28, 29, 30, 31, 32, 33]]
 Time  1  USC keys  {'16,17,18,19,20,21,22_0', '9,10,11,12,13,14,15_0', '23,24,25,26,27,28,29,30,31,32,33_0'}
 USC children  {'9,10,11,12,13,14,15_0': [1, 2], '16,17,18,19,20,21,22_0': [1], '23,24,25,26,27,28,29,30,31,32,33_0': [2]}
 USC children  {'9,10,11,12,13,14,15_0': [1, 2], '16,17,18,19,20,21,22_0': [1], '23,24,25,26,27,28,29,30,31,32,33_0': [2]}
 Timepoint ====  2
 Hash table  {'0': [9, 10, 11, 12, 13, 14, 15, 23, 24, 25, 26, 27, 28, 29, 30, 31, 32, 33, 34, 35, 36, 37, 38, 39, 40, 41, 42, 43, 44, 45, 46, 47, 48, 49]}
====== Inside find superset of t nodes ==========
 Final possible usc  [[9, 10, 11, 12, 13, 14, 15, 23, 24, 25, 26, 27, 28, 29, 30, 31, 32, 33, 34, 35, 36, 37, 38, 39, 40, 41, 42, 43, 44, 45, 46, 47, 48, 49]]
 Time  2  USC keys  {'9,10,11,12,13,14,15,23,24,25,26,27,28,29,30,31,32,33,34,35,36,37,38,39,40,41,42,43,44,45,46,47,48,49_2'}
 USC children  {'9,10,11,12,13,14,15_0': [1, 2], '16,17,18,19,20,21,22_0': [1], '23,24,25,26,27,28,29,30,31,32,33_0': [2], '9,10,11,12,13,14,15,23,24,25,26,27,28,29,30,31,32,33,34,35,36,37,38,39,40,41,42,43,44,45,46,47,48,49_2': [4]}
 USC children  {'9,10,11,12,13,14,15_0': [1, 2], '16,17,18,19,20,21,22_0': [1], '23,24,25,26,27,28,29,30,31,32,33_0': [2], '9,10,11,12,13,14,15,23,24,25,26,27,28,29,30,31,32,33,34,35,36,37,38,39,40,41,42,43,44,45,46,47,48,49_2': [4]}
 Node s  {'1,2': ['9', '10', '11', '12', '13', '14', '15'], '4': ['9', '10', '11', '12', '13', '14', '15', '23', '24', '25', '26', '27', '28', '29', '30', '31', '32', '33', '34', '35', '36', '37', '38', '39', '40', '41', '42', '43', '44', '45', '46', '47', '48', '49']}
 Enroll USC nodes  ['1', '2']  len  2
 Enroll USC nodes  ['4']  len  1
 Node TP  SortedDict({1: [0], 2: [1, 2], 3: [3, 4]})
 Unobserved subclones at timepoints  {1.5: [5]}
 ============== Inside finding node v ============ 
 Time  2
 Time  3
 largest_v_mut  [[32, 33, 9, 10, 11, 12, 13, 14, 15, 23, 24, 25, 26, 27, 28, 29, 30, 31]]
 Sorted all timepoints  [1, 1.5, 2, 3]
 Timepoint  2
 Inside usc_node check  2
 Timepoint  3
0   1   [-1]   subclone   []   []
1   2   [5]   subclone   [9, 10, 11, 12, 13, 14, 15, 16, 17, 18, 19, 20, 21, 22]   [7]
2   2   [5]   subclone   [9, 10, 11, 12, 13, 14, 15, 23, 24, 25, 26, 27, 28, 29, 30, 31, 32, 33]   [11]
3   3   [2]   subclone   [9, 10, 11, 12, 13, 14, 15, 23, 24, 25, 26, 27, 28, 29, 30, 31, 32, 33]   [0]
4   3   [2]   subclone   [9, 10, 11, 12, 13, 14, 15, 23, 24, 25, 26, 27, 28, 29, 30, 31, 32, 33, 34, 35, 36, 37, 38, 39, 40, 41, 42, 43, 44, 45, 46, 47, 48, 49]   [16]
5   1.5   [0]   unobserved subclone   [9, 10, 11, 12, 13, 14, 15]   [7]
5
 Total estimated FP  99  True negatives  9840
 Total estimated FN  4218  True positives  9843
 Estimated FP rate  0.00996
 Estimated FN rate  0.3
 No. of Cells in each cluster  {'2_2': 69, '3_2': 31, '3_3': 66, '4_3': 434}
 Cells in each cluster  {'2_2': [0, 1, 2, 3, 4, 5, 6, 7, 8, 9, 10, 11, 12, 13, 14, 15, 16, 17, 18, 19, 20, 21, 22, 23, 24, 25, 26, 27, 28, 29, 30, 31, 32, 33, 34, 35, 36, 37, 38, 39, 40, 41, 42, 43, 44, 45, 46, 47, 48, 49, 50, 51, 52, 53, 54, 55, 56, 57, 58, 59, 60, 61, 62, 63, 64, 65, 66, 67, 68], '3_2': [69, 70, 71, 72, 73, 74, 75, 76, 77, 78, 79, 80, 81, 82, 83, 84, 85, 86, 87, 88, 89, 90, 91, 92, 93, 94, 95, 96, 97, 98, 99], '3_3': [100, 101, 102, 103, 104, 105, 106, 107, 108, 109, 110, 111, 112, 113, 114, 115, 116, 117, 118, 119, 120, 121, 122, 123, 124, 125, 126, 127, 128, 129, 130, 131, 132, 133, 134, 135, 136, 137, 138, 139, 140, 141, 142, 143, 144, 145, 146, 147, 148, 149, 150, 151, 152, 153, 154, 155, 156, 157, 158, 159, 160, 161, 162, 163, 164, 165], '4_3': [166, 167, 169, 171, 173, 174, 176, 177, 178, 180, 181, 182, 183, 184, 185, 187, 188, 189, 191, 192, 193, 194, 196, 198, 199, 200, 202, 203, 205, 207, 208, 209, 210, 212, 213, 214, 215, 217, 218, 219, 220, 221, 222, 223, 224, 225, 226, 227, 228, 231, 232, 234, 235, 236, 237, 238, 241, 244, 245, 247, 248, 249, 250, 251, 252, 255, 256, 257, 258, 259, 260, 262, 263, 264, 266, 267, 269, 270, 271, 272, 273, 275, 276, 277, 279, 283, 284, 285, 286, 287, 289, 291, 292, 293, 294, 295, 296, 298, 299, 300, 301, 302, 303, 304, 306, 307, 308, 309, 311, 312, 315, 316, 317, 320, 321, 322, 323, 324, 325, 326, 327, 328, 330, 332, 334, 336, 337, 339, 340, 342, 343, 344, 345, 346, 347, 348, 351, 353, 354, 356, 357, 361, 364, 365, 366, 368, 369, 370, 371, 372, 373, 374, 375, 377, 379, 383, 385, 386, 387, 388, 389, 390, 392, 393, 394, 395, 398, 399, 400, 401, 403, 405, 409, 411, 412, 414, 415, 416, 417, 419, 422, 423, 424, 425, 426, 427, 428, 429, 430, 431, 432, 434, 435, 436, 438, 439, 440, 442, 443, 444, 445, 447, 449, 450, 451, 452, 453, 455, 458, 459, 460, 462, 464, 465, 466, 467, 468, 470, 471, 474, 475, 476, 477, 478, 479, 480, 481, 483, 485, 486, 487, 488, 489, 491, 492, 495, 496, 497, 501, 502, 503, 504, 506, 508, 510, 511, 516, 517, 518, 519, 520, 521, 522, 523, 524, 525, 526, 528, 530, 531, 532, 533, 534, 536, 537, 538, 539, 540, 542, 545, 546, 547, 548, 550, 551, 552, 553, 554, 555, 556, 557, 558, 559, 560, 562, 563, 565, 566, 568, 569, 570, 571, 572, 576, 577, 579, 581, 582, 583, 584, 585, 587, 588, 590, 591, 592, 593, 596, 599, 186, 195, 204, 206, 211, 216, 254, 261, 274, 278, 280, 282, 297, 305, 313, 319, 331, 341, 349, 350, 352, 358, 396, 397, 402, 406, 413, 421, 437, 441, 469, 482, 493, 498, 499, 500, 515, 535, 543, 561, 564, 573, 578, 589, 594, 595, 168, 170, 172, 175, 179, 190, 197, 201, 229, 230, 233, 239, 240, 242, 243, 246, 253, 265, 268, 281, 288, 290, 310, 314, 318, 329, 333, 335, 338, 355, 359, 360, 362, 363, 367, 376, 378, 380, 381, 382, 384, 391, 404, 407, 408, 410, 418, 420, 433, 446, 448, 454, 456, 457, 461, 463, 472, 473, 484, 490, 494, 505, 507, 509, 512, 513, 514, 527, 529, 541, 544, 549, 567, 574, 575, 580, 586, 597, 598]}
FP rate  0.00996 FN rate  0.3
 Before reassigning cells 
 Timepoint  2
 Cluster  2  # of cells  69
 Cluster  3  # of cells  31
 Timepoint  3
 Cluster  3  # of cells  66
 Cluster  4  # of cells  434
 Cells absent at timepoint  2   set()
 Cells absent at timepoint  3   set()
 Timepoint  2
 Timepoint  3
 After reassigning and merging cells 
 Timepoint  2
 Cluster  2  # of cells  69
 Cluster  3  # of cells  31
 Timepoint  3
 Cluster  3  # of cells  66
 Cluster  4  # of cells  434
 Tp cluster cell dict  {'2_2': 69, '3_2': 31, '3_3': 66, '4_3': 434}
 New Graph is here 
 ID  0  Timepoint  1  Mutations  []  Type  subclone
 ID  1  Timepoint  2  Mutations  [9, 10, 11, 12, 13, 14, 15, 16, 17, 18, 19, 20, 21, 22]  Type  subclone
 ID  2  Timepoint  2  Mutations  [9, 10, 11, 12, 13, 14, 15, 23, 24, 25, 26, 27, 28, 29, 30, 31, 32, 33]  Type  subclone
 ID  3  Timepoint  3  Mutations  [9, 10, 11, 12, 13, 14, 15, 23, 24, 25, 26, 27, 28, 29, 30, 31, 32, 33]  Type  subclone
 ID  4  Timepoint  3  Mutations  [9, 10, 11, 12, 13, 14, 15, 23, 24, 25, 26, 27, 28, 29, 30, 31, 32, 33, 34, 35, 36, 37, 38, 39, 40, 41, 42, 43, 44, 45, 46, 47, 48, 49]  Type  subclone
Timepoints  SortedDict({1: [0], 2: [1, 2], 3: [3, 4]})
 Clone to nodes  {'2_2': 1, '3_2': 2, '3_3': 3, '4_3': 4}
 Timepoint ====  1
 Hash table  {'0,1': [9, 10, 11, 12, 13, 14, 15], '0': [16, 17, 18, 19, 20, 21, 22], '1': [23, 24, 25, 26, 27, 28, 29, 30, 31, 32, 33]}
 Final possible usc  [[9, 10, 11, 12, 13, 14, 15], [16, 17, 18, 19, 20, 21, 22], [23, 24, 25, 26, 27, 28, 29, 30, 31, 32, 33]]
 Time  1  USC keys  {'16,17,18,19,20,21,22_0', '23,24,25,26,27,28,29,30,31,32,33_0', '9,10,11,12,13,14,15_0'}
 USC children  {'9,10,11,12,13,14,15_0': [1, 2], '16,17,18,19,20,21,22_0': [1], '23,24,25,26,27,28,29,30,31,32,33_0': [2]}
 USC children  {'9,10,11,12,13,14,15_0': [1, 2], '16,17,18,19,20,21,22_0': [1], '23,24,25,26,27,28,29,30,31,32,33_0': [2]}
 Timepoint ====  2
 Hash table  {'0': [9, 10, 11, 12, 13, 14, 15, 23, 24, 25, 26, 27, 28, 29, 30, 31, 32, 33, 34, 35, 36, 37, 38, 39, 40, 41, 42, 43, 44, 45, 46, 47, 48, 49]}
====== Inside find superset of t nodes ==========
 Final possible usc  [[9, 10, 11, 12, 13, 14, 15, 23, 24, 25, 26, 27, 28, 29, 30, 31, 32, 33, 34, 35, 36, 37, 38, 39, 40, 41, 42, 43, 44, 45, 46, 47, 48, 49]]
 Time  2  USC keys  {'9,10,11,12,13,14,15,23,24,25,26,27,28,29,30,31,32,33,34,35,36,37,38,39,40,41,42,43,44,45,46,47,48,49_2'}
 USC children  {'9,10,11,12,13,14,15_0': [1, 2], '16,17,18,19,20,21,22_0': [1], '23,24,25,26,27,28,29,30,31,32,33_0': [2], '9,10,11,12,13,14,15,23,24,25,26,27,28,29,30,31,32,33,34,35,36,37,38,39,40,41,42,43,44,45,46,47,48,49_2': [4]}
 USC children  {'9,10,11,12,13,14,15_0': [1, 2], '16,17,18,19,20,21,22_0': [1], '23,24,25,26,27,28,29,30,31,32,33_0': [2], '9,10,11,12,13,14,15,23,24,25,26,27,28,29,30,31,32,33,34,35,36,37,38,39,40,41,42,43,44,45,46,47,48,49_2': [4]}
 Node s  {'1,2': ['9', '10', '11', '12', '13', '14', '15'], '4': ['9', '10', '11', '12', '13', '14', '15', '23', '24', '25', '26', '27', '28', '29', '30', '31', '32', '33', '34', '35', '36', '37', '38', '39', '40', '41', '42', '43', '44', '45', '46', '47', '48', '49']}
 Enroll USC nodes  ['1', '2']  len  2
 Enroll USC nodes  ['4']  len  1
 Node TP  SortedDict({1: [0], 2: [1, 2], 3: [3, 4]})
 Unobserved subclones at timepoints  {1.5: [5]}
 ============== Inside finding node v ============ 
 Time  2
 Time  3
 largest_v_mut  [[32, 33, 9, 10, 11, 12, 13, 14, 15, 23, 24, 25, 26, 27, 28, 29, 30, 31]]
 Sorted all timepoints  [1, 1.5, 2, 3]
 Timepoint  2
 Inside usc_node check  2
 Timepoint  3
0   1   [-1]   subclone   []   []
1   2   [5]   subclone   [9, 10, 11, 12, 13, 14, 15, 16, 17, 18, 19, 20, 21, 22]   [7]
2   2   [5]   subclone   [9, 10, 11, 12, 13, 14, 15, 23, 24, 25, 26, 27, 28, 29, 30, 31, 32, 33]   [11]
3   3   [2]   subclone   [9, 10, 11, 12, 13, 14, 15, 23, 24, 25, 26, 27, 28, 29, 30, 31, 32, 33]   [0]
4   3   [2]   subclone   [9, 10, 11, 12, 13, 14, 15, 23, 24, 25, 26, 27, 28, 29, 30, 31, 32, 33, 34, 35, 36, 37, 38, 39, 40, 41, 42, 43, 44, 45, 46, 47, 48, 49]   [16]
5   1.5   [0]   unobserved subclone   [9, 10, 11, 12, 13, 14, 15]   [7]
 List of tree files  ['all_trees/bp3_rep4_m1_tree.csv', 'all_trees/bp3_rep4_m2_tree.csv', 'all_trees/bp3_rep4_m3_tree.csv', 'all_trees/bp3_rep4_m4_tree.csv', 'all_trees/bp3_rep4_m5_tree.csv']
{'1': ['9', '10', '11', '12', '13', '14', '15', '16', '17', '18', '19', '20', '21', '22'], '2': ['9', '10', '11', '12', '13', '14', '15', '23', '24', '25', '26', '27', '28', '29', '30', '31', '32', '33'], '3': ['9', '10', '11', '12', '13', '14', '15', '23', '24', '25', '26', '27', '28', '29', '30', '31', '32', '33'], '4': ['9', '10', '11', '12', '13', '14', '15', '23', '24', '25', '26', '27', '28', '29', '30', '31', '32', '33', '34', '35', '36', '37', '38', '39', '40', '41', '42', '43', '44', '45', '46', '47', '48', '49'], '5': ['9', '10', '11', '12', '13', '14', '15']}
 Actual mutation of  1   ['18', '17', '22', '19', '20', '21', '16']
 Actual mutation of  2   ['29', '30', '24', '23', '27', '25', '31', '32', '33', '28', '26']
 Actual mutation of  3   []
 Actual mutation of  4   ['36', '44', '43', '35', '38', '39', '46', '49', '47', '41', '34', '37', '42', '48', '40', '45']
 Updated node mutation  {'1': ['18', '17', '22', '19', '20', '21', '16'], '2': ['29', '30', '24', '23', '27', '25', '31', '32', '33', '28', '26'], '3': [], '4': ['36', '44', '43', '35', '38', '39', '46', '49', '47', '41', '34', '37', '42', '48', '40', '45'], '5': ['9', '10', '11', '12', '13', '14', '15']}
{'1': ['9', '10', '11', '12', '13', '14', '15', '16', '17', '18', '19', '20', '21', '22'], '2': ['9', '10', '11', '12', '13', '14', '15', '23', '24', '25', '26', '27', '28', '29', '30', '31', '32', '33'], '3': ['9', '10', '11', '12', '13', '14', '15', '23', '24', '25', '26', '27', '28', '29', '30', '31', '32', '33'], '4': ['9', '10', '11', '12', '13', '14', '15', '23', '24', '25', '26', '27', '28', '29', '30', '31', '32', '33', '34', '35', '36', '37', '38', '39', '40', '41', '42', '43', '44', '45', '46', '47', '48', '49'], '5': ['9', '10', '11', '12', '13', '14', '15']}
 Actual mutation of  1   ['18', '17', '22', '19', '20', '21', '16']
 Actual mutation of  2   ['29', '30', '24', '23', '27', '25', '31', '32', '33', '28', '26']
 Actual mutation of  3   []
 Actual mutation of  4   ['36', '44', '43', '35', '38', '39', '46', '49', '47', '41', '34', '37', '42', '48', '40', '45']
 Updated node mutation  {'1': ['18', '17', '22', '19', '20', '21', '16'], '2': ['29', '30', '24', '23', '27', '25', '31', '32', '33', '28', '26'], '3': [], '4': ['36', '44', '43', '35', '38', '39', '46', '49', '47', '41', '34', '37', '42', '48', '40', '45'], '5': ['9', '10', '11', '12', '13', '14', '15']}
{'1': ['9', '10', '11', '12', '13', '14', '15', '16', '17', '18', '19', '20', '21', '22'], '2': ['9', '10', '11', '12', '13', '14', '15', '23', '24', '25', '26', '27', '28', '29', '30', '31', '32', '33'], '3': ['9', '10', '11', '12', '13', '14', '15', '23', '24', '25', '26', '27', '28', '29', '30', '31', '32', '33'], '4': ['9', '10', '11', '12', '13', '14', '15', '23', '24', '25', '26', '27', '28', '29', '30', '31', '32', '33', '34', '35', '36', '37', '38', '39', '40', '41', '42', '43', '44', '45', '46', '47', '48', '49'], '5': ['9', '10', '11', '12', '13', '14', '15']}
 Actual mutation of  1   ['18', '17', '22', '19', '20', '21', '16']
 Actual mutation of  2   ['29', '30', '24', '23', '27', '25', '31', '32', '33', '28', '26']
 Actual mutation of  3   []
 Actual mutation of  4   ['36', '44', '43', '35', '38', '39', '46', '49', '47', '41', '34', '37', '42', '48', '40', '45']
 Updated node mutation  {'1': ['18', '17', '22', '19', '20', '21', '16'], '2': ['29', '30', '24', '23', '27', '25', '31', '32', '33', '28', '26'], '3': [], '4': ['36', '44', '43', '35', '38', '39', '46', '49', '47', '41', '34', '37', '42', '48', '40', '45'], '5': ['9', '10', '11', '12', '13', '14', '15']}
{'1': ['9', '10', '11', '12', '13', '14', '15', '16', '17', '18', '19', '20', '21', '22'], '2': ['9', '10', '11', '12', '13', '14', '15', '23', '24', '25', '26', '27', '28', '29', '30', '31', '32', '33'], '3': ['9', '10', '11', '12', '13', '14', '15', '23', '24', '25', '26', '27', '28', '29', '30', '31', '32', '33'], '4': ['9', '10', '11', '12', '13', '14', '15', '23', '24', '25', '26', '27', '28', '29', '30', '31', '32', '33', '34', '35', '36', '37', '38', '39', '40', '41', '42', '43', '44', '45', '46', '47', '48', '49'], '5': ['9', '10', '11', '12', '13', '14', '15']}
 Actual mutation of  1   ['18', '17', '22', '19', '20', '21', '16']
 Actual mutation of  2   ['29', '30', '24', '23', '27', '25', '31', '32', '33', '28', '26']
 Actual mutation of  3   []
 Actual mutation of  4   ['36', '44', '43', '35', '38', '39', '46', '49', '47', '41', '34', '37', '42', '48', '40', '45']
 Updated node mutation  {'1': ['18', '17', '22', '19', '20', '21', '16'], '2': ['29', '30', '24', '23', '27', '25', '31', '32', '33', '28', '26'], '3': [], '4': ['36', '44', '43', '35', '38', '39', '46', '49', '47', '41', '34', '37', '42', '48', '40', '45'], '5': ['9', '10', '11', '12', '13', '14', '15']}
{'1': ['9', '10', '11', '12', '13', '14', '15', '16', '17', '18', '19', '20', '21', '22'], '2': ['9', '10', '11', '12', '13', '14', '15', '23', '24', '25', '26', '27', '28', '29', '30', '31', '32', '33'], '3': ['9', '10', '11', '12', '13', '14', '15', '23', '24', '25', '26', '27', '28', '29', '30', '31', '32', '33'], '4': ['9', '10', '11', '12', '13', '14', '15', '23', '24', '25', '26', '27', '28', '29', '30', '31', '32', '33', '34', '35', '36', '37', '38', '39', '40', '41', '42', '43', '44', '45', '46', '47', '48', '49'], '5': ['9', '10', '11', '12', '13', '14', '15']}
 Actual mutation of  1   ['18', '17', '22', '19', '20', '21', '16']
 Actual mutation of  2   ['29', '30', '24', '23', '27', '25', '31', '32', '33', '28', '26']
 Actual mutation of  3   []
 Actual mutation of  4   ['36', '44', '43', '35', '38', '39', '46', '49', '47', '41', '34', '37', '42', '48', '40', '45']
 Updated node mutation  {'1': ['18', '17', '22', '19', '20', '21', '16'], '2': ['29', '30', '24', '23', '27', '25', '31', '32', '33', '28', '26'], '3': [], '4': ['36', '44', '43', '35', '38', '39', '46', '49', '47', '41', '34', '37', '42', '48', '40', '45'], '5': ['9', '10', '11', '12', '13', '14', '15']}
 Parallel mutation count  {'m1': 0, 'm2': 0, 'm3': 0, 'm4': 0, 'm5': 0}
 Clusters with least parallel mutations  ['m1', 'm2', 'm3', 'm4', 'm5']
 Cluster nos for each run  {'m1': 4, 'm2': 6, 'm3': 5, 'm4': 8, 'm5': 5}
 Run  m1
 Base path  ['bp3', 'rep4', 'm1', 'tree.csv']
 Best tree path  bp3_rep4_m1_tree.csv
