
DPMM with:
	600 cells
	35 mutations
	learning errors

	Priors:
	params.:	Beta(0.25,0.25)
	CRP a_0:	Gamma(24.49,1)
	FP:		trunc norm(0.01,0.01)
	FN:		trunc norm(0.2,0.1)

Move probabilitites:
	Split/merge:	0.33
		split/merge ratio:	[0.75, 0.25]
		intermediate Gibbs:	3
	CRP a_0 update:	0.25
	Errors update:	0.25

Run MCMC with (1 chains for 5000 steps):

Clustering time:	0:19:18.013658	(0.23 secs. per MCMC step)	Lugsail PSRF:		1.00927

Chain mean - posterior clusters	(#8):
	8 clusters

	A: 388 items
	B: 22 items
	C: 11 items
	D: 10 items
	E: 66 items
	F: 1 items
	G: 101 items
	H: 1 items

Inferred latent variables	--	chain mean - posterior
	CRP a_0:	94.6 +- 18.5
	FP (model|genotypes): 2.6E-04 +- 2.2E-04	|	5.9E-04
	FN (model|genotypes): 0.130   +- 0.019	|	0.158

Writing output to: ./sim_output/ap001/rep3/m5

Too many cells to plot genotypes/clusters
