
DPMM with:
	600 cells
	58 mutations
	learning errors

	Priors:
	params.:	Beta(0.25,0.25)
	CRP a_0:	Gamma(24.49,1)
	FP:		trunc norm(0.01,0.01)
	FN:		trunc norm(0.2,0.1)

Move probabilitites:
	Split/merge:	0.33
		split/merge ratio:	[0.75, 0.25]
		intermediate Gibbs:	3
	CRP a_0 update:	0.25
	Errors update:	0.25

Run MCMC with (1 chains for 5000 steps):

Clustering time:	0:17:56.694618	(0.22 secs. per MCMC step)	Lugsail PSRF:		1.00897

Chain mean - posterior clusters	(#5):
	5 clusters

	A: 213 items
	B: 237 items
	C: 76 items
	D: 66 items
	E: 8 items

Inferred latent variables	--	chain mean - posterior
	CRP a_0:	96.7 +- 18.7
	FP (model|genotypes): 2.5E-03 +- 1.1E-03	|	8.0E-03
	FN (model|genotypes): 0.146   +- 0.016	|	0.160

Writing output to: ./sim_output/u1/rep2/m4

Too many cells to plot genotypes/clusters
