
DPMM with:
	600 cells
	47 mutations
	learning errors

	Priors:
	params.:	Beta(0.25,0.25)
	CRP a_0:	Gamma(24.49,1)
	FP:		trunc norm(0.01,0.01)
	FN:		trunc norm(0.2,0.1)

Move probabilitites:
	Split/merge:	0.33
		split/merge ratio:	[0.75, 0.25]
		intermediate Gibbs:	3
	CRP a_0 update:	0.25
	Errors update:	0.25

Run MCMC with (1 chains for 5000 steps):

Clustering time:	0:22:50.534831	(0.27 secs. per MCMC step)	Lugsail PSRF:		1.00905

Chain mean - posterior clusters	(#12):
	12 clusters

	A: 357 items
	B: 12 items
	C: 10 items
	D: 86 items
	E: 16 items
	F: 3 items
	G: 65 items
	H: 4 items
	I: 6 items
	J: 24 items
	K: 3 items
	L: 14 items

Inferred latent variables	--	chain mean - posterior
	CRP a_0:	101.0 +- 19.4
	FP (model|genotypes): 1.6E-03 +- 1.1E-03	|	8.1E-03
	FN (model|genotypes): 0.146   +- 0.015	|	0.157

Writing output to: ./sim_output/sp5/rep3/m5

Too many cells to plot genotypes/clusters
