9
 Total estimated FP  116  True negatives  11600
 Total estimated FN  843  True positives  7601
 Estimated FP rate  0.01503
 Estimated FN rate  0.07
 No. of Cells in each cluster  {'7_2': 31, '4_2': 37, '5_2': 3, '0_3': 500, '0_2': 29}
 Cells in each cluster  {'7_2': [0, 1, 2, 3, 4, 5, 6, 7, 8, 9, 10, 11, 12, 13, 15, 16, 17, 18, 19, 20, 21, 22, 23, 24, 25, 26, 27, 28, 29, 35, 58], '4_2': [14, 30, 31, 32, 33, 34, 36, 37, 38, 39, 40, 41, 42, 43, 44, 45, 46, 47, 48, 49, 50, 51, 52, 53, 54, 55, 56, 57, 59, 60, 61, 62, 63, 64, 65, 66, 67], '5_2': [68, 69, 70], '0_3': [105, 107, 177, 244, 246, 415, 516, 554, 110, 115, 117, 118, 120, 145, 147, 171, 176, 181, 184, 194, 215, 216, 218, 228, 245, 249, 254, 257, 262, 266, 304, 309, 313, 336, 346, 349, 364, 366, 371, 390, 395, 398, 407, 414, 428, 458, 465, 470, 472, 484, 490, 492, 508, 510, 546, 547, 557, 560, 566, 588, 119, 188, 192, 197, 222, 238, 268, 274, 276, 279, 283, 284, 303, 315, 318, 327, 383, 386, 424, 442, 451, 454, 457, 461, 474, 481, 499, 506, 509, 524, 548, 555, 561, 562, 574, 582, 587, 596, 109, 130, 169, 199, 204, 225, 235, 321, 402, 413, 418, 436, 446, 453, 497, 541, 142, 155, 179, 183, 196, 212, 271, 281, 312, 319, 328, 330, 337, 411, 419, 432, 471, 487, 517, 523, 583, 100, 101, 102, 103, 104, 106, 108, 111, 112, 113, 114, 116, 121, 122, 123, 124, 125, 126, 127, 128, 129, 131, 132, 133, 134, 135, 136, 137, 138, 139, 140, 141, 143, 144, 146, 148, 149, 150, 151, 152, 153, 154, 156, 157, 158, 159, 160, 161, 162, 163, 164, 165, 166, 167, 168, 170, 172, 173, 174, 175, 178, 180, 182, 185, 186, 187, 189, 190, 191, 193, 195, 198, 200, 201, 202, 203, 205, 206, 207, 208, 209, 210, 211, 213, 214, 217, 219, 220, 221, 223, 224, 226, 227, 229, 230, 231, 232, 233, 234, 236, 237, 239, 240, 241, 242, 243, 247, 248, 250, 251, 252, 253, 255, 256, 258, 259, 260, 261, 263, 264, 265, 267, 269, 270, 272, 273, 275, 277, 278, 280, 282, 285, 286, 287, 288, 289, 290, 291, 292, 293, 294, 295, 296, 297, 298, 299, 300, 301, 302, 305, 306, 307, 308, 310, 311, 314, 316, 317, 320, 322, 323, 324, 325, 326, 329, 331, 332, 333, 334, 335, 338, 339, 340, 341, 342, 343, 344, 345, 347, 348, 350, 351, 352, 353, 354, 355, 356, 357, 358, 359, 360, 361, 362, 363, 365, 367, 368, 369, 370, 372, 373, 374, 375, 376, 377, 378, 379, 380, 381, 382, 384, 385, 387, 388, 389, 391, 392, 393, 394, 396, 397, 399, 400, 401, 403, 404, 405, 406, 408, 409, 410, 412, 416, 417, 420, 421, 422, 423, 425, 426, 427, 429, 430, 431, 433, 434, 435, 437, 438, 439, 440, 441, 443, 444, 445, 447, 448, 449, 450, 452, 455, 456, 459, 460, 462, 463, 464, 466, 467, 468, 469, 473, 475, 476, 477, 478, 479, 480, 482, 483, 485, 486, 488, 489, 491, 493, 494, 495, 496, 498, 500, 501, 502, 503, 504, 505, 507, 511, 512, 513, 514, 515, 518, 519, 520, 521, 522, 525, 526, 527, 528, 529, 530, 531, 532, 533, 534, 535, 536, 537, 538, 539, 540, 542, 543, 544, 545, 549, 550, 551, 552, 553, 556, 558, 559, 563, 564, 565, 567, 568, 569, 570, 571, 572, 573, 575, 576, 577, 578, 579, 580, 581, 584, 585, 586, 589, 590, 591, 592, 593, 594, 595, 597, 598, 599], '0_2': [72, 85, 99, 75, 88, 89, 96, 91, 92, 71, 73, 74, 76, 77, 78, 79, 80, 81, 82, 83, 84, 86, 87, 90, 93, 94, 95, 97, 98]}
FP rate  0.01503 FN rate  0.07
 Before reassigning cells 
 Timepoint  2
 Cluster  7  # of cells  29
 Cluster  4  # of cells  37
 Cluster  5  # of cells  3
 Cluster  0  # of cells  29
 Timepoint  3
 Cluster  0  # of cells  500
 Cells absent at timepoint  2   {58, 35}
 Missing cell prob  {'7': 0.0021451604632262513, '5': 2.8567178003217126e-26, '4': 0.0021451604632262513, '0': 5.178959630038094e-32}
 Missing cell prob  {'7': 0.0019063899582468455, '5': 1.0466355418108547e-32, '4': 0.0019063899582468455, '0': 5.286223882034595e-35}
 Cells absent at timepoint  3   set()
 Timepoint  2
 Timepoint  3
 After reassigning and merging cells 
 Timepoint  2
 Cluster  7  # of cells  31
 Cluster  4  # of cells  37
 Cluster  5  # of cells  3
 Cluster  0  # of cells  29
 Timepoint  3
 Cluster  0  # of cells  500
 Tp cluster cell dict  {'7_2': 31, '4_2': 37, '5_2': 3, '0_2': 29, '0_3': 500}
 New Graph is here 
 ID  0  Timepoint  1  Mutations  []  Type  subclone
 ID  1  Timepoint  2  Mutations  [0, 1, 2, 3, 4, 5, 6, 7, 8, 9, 10, 11, 22, 23]  Type  subclone
 ID  2  Timepoint  2  Mutations  [0, 1, 2, 3, 4, 5, 6, 7, 8, 9, 10, 11, 24, 25, 26]  Type  subclone
 ID  3  Timepoint  2  Mutations  [12, 13, 14, 15, 16, 17, 18, 19, 20, 21, 27, 28, 30, 31, 32, 33]  Type  subclone
 ID  4  Timepoint  2  Mutations  [12, 13, 14, 15, 16, 17, 18, 19, 20, 21, 34, 35, 36, 37, 38, 39, 40, 41]  Type  subclone
 ID  5  Timepoint  3  Mutations  [12, 13, 14, 15, 16, 17, 18, 19, 20, 21, 34, 35, 36, 37, 38, 39, 40, 41]  Type  subclone
Timepoints  SortedDict({1: [0], 2: [1, 2, 3, 4], 3: [5]})
 Clone to nodes  {'7_2': 1, '4_2': 2, '5_2': 3, '0_2': 4, '0_3': 5}
 Timepoint ====  1
 Hash table  {'0,1': [0, 1, 2, 3, 4, 5, 6, 7, 8, 9, 10, 11], '0': [22, 23], '1': [24, 25, 26], '2,3': [12, 13, 14, 15, 16, 17, 18, 19, 20, 21], '2': [27, 28, 30, 31, 32, 33], '3': [34, 35, 36, 37, 38, 39, 40, 41]}
 Final possible usc  [[0, 1, 2, 3, 4, 5, 6, 7, 8, 9, 10, 11], [22, 23], [24, 25, 26], [12, 13, 14, 15, 16, 17, 18, 19, 20, 21], [27, 28, 30, 31, 32, 33], [34, 35, 36, 37, 38, 39, 40, 41]]
 Time  1  USC keys  {'27,28,30,31,32,33_0', '24,25,26_0', '22,23_0', '0,1,2,3,4,5,6,7,8,9,10,11_0', '34,35,36,37,38,39,40,41_0', '12,13,14,15,16,17,18,19,20,21_0'}
 USC children  {'0,1,2,3,4,5,6,7,8,9,10,11_0': [1, 2], '22,23_0': [1], '24,25,26_0': [2], '12,13,14,15,16,17,18,19,20,21_0': [3, 4], '27,28,30,31,32,33_0': [3], '34,35,36,37,38,39,40,41_0': [4]}
 USC children  {'0,1,2,3,4,5,6,7,8,9,10,11_0': [1, 2], '22,23_0': [1], '24,25,26_0': [2], '12,13,14,15,16,17,18,19,20,21_0': [3, 4], '27,28,30,31,32,33_0': [3], '34,35,36,37,38,39,40,41_0': [4]}
 Timepoint ====  2
 Hash table  {}
====== Inside find superset of t nodes ==========
 Final possible usc  []
 Time  2  USC keys  set()
 USC children  {'0,1,2,3,4,5,6,7,8,9,10,11_0': [1, 2], '22,23_0': [1], '24,25,26_0': [2], '12,13,14,15,16,17,18,19,20,21_0': [3, 4], '27,28,30,31,32,33_0': [3], '34,35,36,37,38,39,40,41_0': [4]}
 USC children  {'0,1,2,3,4,5,6,7,8,9,10,11_0': [1, 2], '22,23_0': [1], '24,25,26_0': [2], '12,13,14,15,16,17,18,19,20,21_0': [3, 4], '27,28,30,31,32,33_0': [3], '34,35,36,37,38,39,40,41_0': [4]}
 Node s  {'1,2': ['0', '1', '2', '3', '4', '5', '6', '7', '8', '9', '10', '11'], '3,4': ['12', '13', '14', '15', '16', '17', '18', '19', '20', '21']}
 Enroll USC nodes  ['1', '2']  len  2
 Enroll USC nodes  ['3', '4']  len  2
 Node TP  SortedDict({1: [0], 2: [1, 2, 3, 4], 3: [5]})
 Unobserved subclones at timepoints  {1.5: [6, 7]}
 ============== Inside finding node v ============ 
 Time  2
 Time  3
 Sorted all timepoints  [1, 1.5, 2, 3]
 Timepoint  2
 Inside usc_node check  2
 Timepoint  3
0   1   [-1]   subclone   []   []
1   2   [6]   subclone   [0, 1, 2, 3, 4, 5, 6, 7, 8, 9, 10, 11, 22, 23]   [2]
2   2   [6]   subclone   [0, 1, 2, 3, 4, 5, 6, 7, 8, 9, 10, 11, 24, 25, 26]   [3]
3   2   [7]   subclone   [12, 13, 14, 15, 16, 17, 18, 19, 20, 21, 27, 28, 30, 31, 32, 33]   [6]
4   2   [7]   subclone   [12, 13, 14, 15, 16, 17, 18, 19, 20, 21, 34, 35, 36, 37, 38, 39, 40, 41]   [8]
5   3   [4]   subclone   [12, 13, 14, 15, 16, 17, 18, 19, 20, 21, 34, 35, 36, 37, 38, 39, 40, 41]   [0]
6   1.5   [0]   unobserved subclone   [0, 1, 2, 3, 4, 5, 6, 7, 8, 9, 10, 11]   [12]
7   1.5   [0]   unobserved subclone   [12, 13, 14, 15, 16, 17, 18, 19, 20, 21]   [10]
14
 Total estimated FP  116  True negatives  11600
 Total estimated FN  843  True positives  7601
 Estimated FP rate  0.01503
 Estimated FN rate  0.07
 No. of Cells in each cluster  {'7_2': 31, '9_2': 37, '11_2': 3, '2_2': 29, '2_3': 500}
 Cells in each cluster  {'7_2': [0, 1, 2, 3, 4, 5, 6, 7, 8, 9, 10, 11, 12, 13, 15, 16, 17, 18, 19, 20, 21, 22, 23, 24, 25, 26, 27, 28, 29, 35, 58], '9_2': [14, 30, 31, 32, 33, 34, 36, 37, 38, 39, 40, 41, 42, 43, 44, 45, 46, 47, 48, 49, 50, 51, 52, 53, 54, 55, 56, 57, 59, 60, 61, 62, 63, 64, 65, 66, 67], '11_2': [68, 69, 70], '2_2': [97, 92, 88, 89, 78, 96, 71, 72, 73, 74, 75, 76, 77, 79, 80, 81, 82, 83, 84, 85, 86, 87, 90, 91, 93, 94, 95, 98, 99], '2_3': [143, 205, 259, 269, 278, 285, 287, 292, 332, 341, 342, 452, 459, 496, 536, 544, 552, 568, 155, 164, 179, 181, 183, 185, 196, 203, 254, 275, 281, 319, 325, 329, 346, 347, 348, 355, 371, 389, 396, 399, 464, 465, 471, 479, 517, 533, 539, 542, 556, 564, 566, 572, 260, 271, 312, 523, 583, 176, 214, 233, 248, 268, 279, 283, 304, 309, 318, 424, 454, 474, 481, 499, 548, 561, 596, 105, 107, 177, 244, 246, 415, 554, 398, 453, 130, 188, 192, 197, 222, 274, 315, 386, 394, 442, 446, 451, 516, 524, 555, 562, 582, 110, 194, 216, 257, 262, 266, 336, 364, 428, 457, 492, 509, 560, 588, 109, 142, 199, 204, 225, 321, 328, 337, 402, 413, 418, 432, 436, 497, 541, 100, 101, 102, 103, 104, 106, 108, 111, 112, 113, 114, 115, 116, 117, 118, 119, 120, 121, 122, 123, 125, 126, 127, 128, 129, 131, 133, 134, 135, 136, 137, 138, 139, 140, 141, 144, 145, 146, 147, 148, 149, 150, 151, 152, 153, 154, 156, 157, 158, 159, 160, 161, 162, 163, 165, 166, 167, 168, 169, 170, 171, 172, 173, 174, 175, 178, 180, 182, 184, 186, 187, 189, 190, 191, 193, 195, 198, 200, 201, 202, 206, 207, 208, 209, 210, 211, 213, 215, 217, 218, 219, 220, 221, 223, 224, 226, 227, 228, 229, 230, 231, 232, 234, 235, 236, 237, 238, 239, 240, 241, 242, 243, 245, 247, 249, 250, 251, 252, 253, 255, 256, 258, 261, 263, 264, 267, 270, 272, 273, 276, 277, 280, 282, 284, 286, 288, 289, 290, 291, 293, 294, 295, 296, 297, 298, 299, 300, 302, 303, 305, 306, 307, 308, 310, 311, 313, 314, 316, 317, 320, 322, 323, 324, 326, 327, 331, 334, 335, 338, 339, 340, 343, 344, 345, 349, 351, 352, 353, 354, 356, 357, 358, 359, 360, 361, 362, 363, 365, 366, 367, 368, 369, 370, 372, 373, 374, 375, 376, 377, 378, 379, 380, 381, 382, 383, 384, 385, 387, 388, 390, 391, 392, 393, 395, 397, 400, 401, 403, 404, 405, 406, 407, 408, 409, 410, 412, 414, 416, 417, 420, 421, 422, 423, 425, 426, 427, 429, 430, 431, 433, 434, 435, 438, 439, 441, 443, 444, 445, 447, 448, 449, 450, 455, 456, 458, 460, 461, 462, 463, 466, 467, 468, 469, 470, 472, 473, 475, 476, 477, 478, 480, 482, 483, 484, 485, 486, 489, 490, 491, 493, 494, 495, 498, 501, 502, 503, 504, 505, 506, 507, 508, 510, 511, 512, 513, 515, 518, 519, 520, 521, 522, 525, 526, 528, 529, 530, 531, 532, 534, 537, 538, 540, 543, 545, 546, 547, 549, 550, 551, 553, 557, 558, 559, 563, 565, 567, 569, 570, 571, 573, 574, 575, 576, 577, 578, 579, 580, 581, 584, 585, 586, 587, 589, 590, 591, 592, 593, 594, 595, 597, 598, 599, 124, 132, 212, 265, 301, 330, 333, 350, 411, 419, 437, 440, 487, 488, 500, 514, 527, 535]}
FP rate  0.01503 FN rate  0.07
 Before reassigning cells 
 Timepoint  2
 Cluster  7  # of cells  29
 Cluster  9  # of cells  37
 Cluster  11  # of cells  3
 Cluster  2  # of cells  29
 Timepoint  3
 Cluster  2  # of cells  500
 Cells absent at timepoint  2   {58, 35}
 Missing cell prob  {'11': 2.8567178003217126e-26, '9': 0.0021451604632262513, '2': 5.178959630038094e-32, '7': 0.0021451604632262513}
 Missing cell prob  {'11': 1.0466355418108547e-32, '9': 0.0019063899582468455, '2': 5.286223882034595e-35, '7': 0.0019063899582468455}
 Cells absent at timepoint  3   set()
 Timepoint  2
 Timepoint  3
 After reassigning and merging cells 
 Timepoint  2
 Cluster  7  # of cells  29
 Cluster  9  # of cells  39
 Cluster  11  # of cells  3
 Cluster  2  # of cells  29
 Timepoint  3
 Cluster  2  # of cells  500
 Tp cluster cell dict  {'7_2': 29, '9_2': 39, '11_2': 3, '2_2': 29, '2_3': 500}
 New Graph is here 
 ID  0  Timepoint  1  Mutations  []  Type  subclone
 ID  1  Timepoint  2  Mutations  [0, 1, 2, 3, 4, 5, 6, 7, 8, 9, 10, 11, 22, 23]  Type  subclone
 ID  2  Timepoint  2  Mutations  [0, 1, 2, 3, 4, 5, 6, 7, 8, 9, 10, 11, 24, 25, 26]  Type  subclone
 ID  3  Timepoint  2  Mutations  [12, 13, 14, 15, 16, 17, 18, 19, 20, 21, 27, 28, 30, 31, 32, 33]  Type  subclone
 ID  4  Timepoint  2  Mutations  [12, 13, 14, 15, 16, 17, 18, 19, 20, 21, 34, 35, 36, 37, 38, 39, 40, 41]  Type  subclone
 ID  5  Timepoint  3  Mutations  [12, 13, 14, 15, 16, 17, 18, 19, 20, 21, 34, 35, 36, 37, 38, 39, 40, 41]  Type  subclone
Timepoints  SortedDict({1: [0], 2: [1, 2, 3, 4], 3: [5]})
 Clone to nodes  {'7_2': 1, '9_2': 2, '11_2': 3, '2_2': 4, '2_3': 5}
 Timepoint ====  1
 Hash table  {'0,1': [0, 1, 2, 3, 4, 5, 6, 7, 8, 9, 10, 11], '0': [22, 23], '1': [24, 25, 26], '2,3': [12, 13, 14, 15, 16, 17, 18, 19, 20, 21], '2': [27, 28, 30, 31, 32, 33], '3': [34, 35, 36, 37, 38, 39, 40, 41]}
 Final possible usc  [[0, 1, 2, 3, 4, 5, 6, 7, 8, 9, 10, 11], [22, 23], [24, 25, 26], [12, 13, 14, 15, 16, 17, 18, 19, 20, 21], [27, 28, 30, 31, 32, 33], [34, 35, 36, 37, 38, 39, 40, 41]]
 Time  1  USC keys  {'12,13,14,15,16,17,18,19,20,21_0', '24,25,26_0', '22,23_0', '27,28,30,31,32,33_0', '0,1,2,3,4,5,6,7,8,9,10,11_0', '34,35,36,37,38,39,40,41_0'}
 USC children  {'0,1,2,3,4,5,6,7,8,9,10,11_0': [1, 2], '22,23_0': [1], '24,25,26_0': [2], '12,13,14,15,16,17,18,19,20,21_0': [3, 4], '27,28,30,31,32,33_0': [3], '34,35,36,37,38,39,40,41_0': [4]}
 USC children  {'0,1,2,3,4,5,6,7,8,9,10,11_0': [1, 2], '22,23_0': [1], '24,25,26_0': [2], '12,13,14,15,16,17,18,19,20,21_0': [3, 4], '27,28,30,31,32,33_0': [3], '34,35,36,37,38,39,40,41_0': [4]}
 Timepoint ====  2
 Hash table  {}
====== Inside find superset of t nodes ==========
 Final possible usc  []
 Time  2  USC keys  set()
 USC children  {'0,1,2,3,4,5,6,7,8,9,10,11_0': [1, 2], '22,23_0': [1], '24,25,26_0': [2], '12,13,14,15,16,17,18,19,20,21_0': [3, 4], '27,28,30,31,32,33_0': [3], '34,35,36,37,38,39,40,41_0': [4]}
 USC children  {'0,1,2,3,4,5,6,7,8,9,10,11_0': [1, 2], '22,23_0': [1], '24,25,26_0': [2], '12,13,14,15,16,17,18,19,20,21_0': [3, 4], '27,28,30,31,32,33_0': [3], '34,35,36,37,38,39,40,41_0': [4]}
 Node s  {'1,2': ['0', '1', '2', '3', '4', '5', '6', '7', '8', '9', '10', '11'], '3,4': ['12', '13', '14', '15', '16', '17', '18', '19', '20', '21']}
 Enroll USC nodes  ['1', '2']  len  2
 Enroll USC nodes  ['3', '4']  len  2
 Node TP  SortedDict({1: [0], 2: [1, 2, 3, 4], 3: [5]})
 Unobserved subclones at timepoints  {1.5: [6, 7]}
 ============== Inside finding node v ============ 
 Time  2
 Time  3
 Sorted all timepoints  [1, 1.5, 2, 3]
 Timepoint  2
 Inside usc_node check  2
 Timepoint  3
0   1   [-1]   subclone   []   []
1   2   [6]   subclone   [0, 1, 2, 3, 4, 5, 6, 7, 8, 9, 10, 11, 22, 23]   [2]
2   2   [6]   subclone   [0, 1, 2, 3, 4, 5, 6, 7, 8, 9, 10, 11, 24, 25, 26]   [3]
3   2   [7]   subclone   [12, 13, 14, 15, 16, 17, 18, 19, 20, 21, 27, 28, 30, 31, 32, 33]   [6]
4   2   [7]   subclone   [12, 13, 14, 15, 16, 17, 18, 19, 20, 21, 34, 35, 36, 37, 38, 39, 40, 41]   [8]
5   3   [4]   subclone   [12, 13, 14, 15, 16, 17, 18, 19, 20, 21, 34, 35, 36, 37, 38, 39, 40, 41]   [0]
6   1.5   [0]   unobserved subclone   [0, 1, 2, 3, 4, 5, 6, 7, 8, 9, 10, 11]   [12]
7   1.5   [0]   unobserved subclone   [12, 13, 14, 15, 16, 17, 18, 19, 20, 21]   [10]
6
 Total estimated FP  116  True negatives  11600
 Total estimated FN  843  True positives  7601
 Estimated FP rate  0.01503
 Estimated FN rate  0.07
 No. of Cells in each cluster  {'3_2': 31, '4_2': 37, '5_2': 3, '2_2': 29, '2_3': 500}
 Cells in each cluster  {'3_2': [0, 1, 2, 3, 4, 5, 6, 7, 8, 9, 10, 11, 12, 13, 15, 16, 17, 18, 19, 20, 21, 22, 23, 24, 25, 26, 27, 28, 29, 35, 58], '4_2': [14, 30, 31, 32, 33, 34, 36, 37, 38, 39, 40, 41, 42, 43, 44, 45, 46, 47, 48, 49, 50, 51, 52, 53, 54, 55, 56, 57, 59, 60, 61, 62, 63, 64, 65, 66, 67], '5_2': [68, 69, 70], '2_2': [92, 97, 71, 72, 73, 74, 75, 76, 77, 78, 79, 80, 81, 82, 83, 84, 85, 86, 87, 88, 89, 90, 91, 93, 94, 95, 98, 99, 96], '2_3': [105, 107, 125, 131, 143, 177, 202, 205, 241, 244, 246, 255, 259, 260, 269, 271, 278, 285, 287, 292, 312, 326, 332, 341, 342, 353, 377, 415, 452, 459, 463, 480, 496, 507, 516, 523, 536, 544, 552, 554, 568, 583, 100, 101, 102, 103, 104, 106, 108, 109, 110, 111, 112, 113, 114, 115, 116, 117, 118, 119, 120, 121, 122, 123, 124, 126, 127, 128, 129, 132, 133, 134, 135, 136, 137, 138, 139, 140, 141, 142, 144, 145, 146, 147, 148, 149, 150, 151, 152, 153, 154, 155, 156, 157, 158, 159, 160, 161, 162, 163, 164, 165, 166, 167, 168, 169, 170, 171, 172, 173, 174, 175, 176, 178, 179, 180, 181, 182, 183, 184, 185, 186, 187, 189, 190, 191, 193, 194, 195, 196, 198, 199, 200, 201, 203, 204, 206, 207, 208, 209, 210, 211, 212, 213, 214, 215, 216, 217, 218, 219, 220, 221, 223, 224, 225, 226, 227, 228, 229, 230, 231, 232, 233, 234, 235, 236, 237, 238, 239, 240, 242, 243, 245, 247, 248, 249, 250, 251, 252, 253, 254, 256, 257, 258, 261, 262, 263, 264, 265, 266, 267, 268, 270, 272, 273, 275, 276, 277, 280, 281, 282, 283, 284, 286, 288, 289, 290, 291, 293, 294, 295, 296, 297, 298, 299, 300, 301, 302, 303, 304, 305, 306, 307, 308, 309, 310, 311, 313, 314, 315, 316, 317, 318, 319, 320, 321, 322, 323, 324, 325, 327, 328, 329, 330, 331, 333, 334, 335, 336, 337, 338, 339, 340, 343, 344, 345, 346, 347, 348, 349, 350, 351, 352, 354, 355, 356, 357, 358, 359, 360, 361, 362, 363, 364, 365, 366, 367, 368, 369, 370, 371, 372, 373, 374, 375, 376, 378, 379, 380, 381, 382, 383, 384, 385, 386, 387, 388, 389, 390, 391, 392, 393, 395, 396, 397, 398, 399, 400, 401, 402, 403, 404, 405, 406, 407, 408, 409, 410, 411, 412, 413, 414, 416, 417, 418, 419, 420, 421, 422, 423, 424, 425, 426, 427, 428, 429, 430, 431, 432, 433, 434, 435, 436, 437, 438, 439, 440, 441, 443, 444, 445, 447, 448, 449, 450, 454, 455, 456, 457, 458, 460, 461, 462, 464, 465, 466, 467, 468, 469, 470, 471, 472, 473, 474, 475, 476, 477, 478, 479, 481, 482, 483, 484, 485, 486, 487, 488, 489, 490, 491, 492, 493, 494, 495, 497, 498, 499, 500, 501, 502, 503, 504, 505, 506, 508, 509, 510, 511, 512, 513, 514, 515, 517, 518, 519, 520, 521, 522, 525, 526, 527, 528, 529, 530, 531, 532, 533, 534, 535, 537, 538, 539, 540, 541, 542, 543, 545, 546, 547, 548, 549, 550, 551, 553, 556, 557, 558, 559, 560, 561, 563, 564, 565, 566, 567, 569, 570, 571, 572, 573, 574, 575, 576, 577, 578, 579, 580, 581, 584, 585, 586, 587, 588, 589, 590, 591, 592, 593, 594, 595, 596, 597, 598, 599, 130, 188, 192, 197, 222, 274, 279, 394, 442, 446, 451, 453, 524, 555, 562, 582]}
FP rate  0.01503 FN rate  0.07
 Before reassigning cells 
 Timepoint  2
 Cluster  3  # of cells  29
 Cluster  4  # of cells  37
 Cluster  5  # of cells  3
 Cluster  2  # of cells  29
 Timepoint  3
 Cluster  2  # of cells  500
 Cells absent at timepoint  2   {58, 35}
 Missing cell prob  {'3': 0.0021451604632262513, '5': 2.8567178003217126e-26, '4': 0.0021451604632262513, '2': 5.178959630038094e-32}
 Missing cell prob  {'3': 0.0019063899582468455, '5': 1.0466355418108547e-32, '4': 0.0019063899582468455, '2': 5.286223882034595e-35}
 Cells absent at timepoint  3   set()
 Timepoint  2
 Timepoint  3
 After reassigning and merging cells 
 Timepoint  2
 Cluster  3  # of cells  31
 Cluster  4  # of cells  37
 Cluster  5  # of cells  3
 Cluster  2  # of cells  29
 Timepoint  3
 Cluster  2  # of cells  500
 Tp cluster cell dict  {'3_2': 31, '4_2': 37, '5_2': 3, '2_2': 29, '2_3': 500}
 New Graph is here 
 ID  0  Timepoint  1  Mutations  []  Type  subclone
 ID  1  Timepoint  2  Mutations  [0, 1, 2, 3, 4, 5, 6, 7, 8, 9, 10, 11, 22, 23]  Type  subclone
 ID  2  Timepoint  2  Mutations  [0, 1, 2, 3, 4, 5, 6, 7, 8, 9, 10, 11, 24, 25, 26]  Type  subclone
 ID  3  Timepoint  2  Mutations  [12, 13, 14, 15, 16, 17, 18, 19, 20, 21, 27, 28, 30, 31, 32, 33]  Type  subclone
 ID  4  Timepoint  2  Mutations  [12, 13, 14, 15, 16, 17, 18, 19, 20, 21, 34, 35, 36, 37, 38, 39, 40, 41]  Type  subclone
 ID  5  Timepoint  3  Mutations  [12, 13, 14, 15, 16, 17, 18, 19, 20, 21, 34, 35, 36, 37, 38, 39, 40, 41]  Type  subclone
Timepoints  SortedDict({1: [0], 2: [1, 2, 3, 4], 3: [5]})
 Clone to nodes  {'3_2': 1, '4_2': 2, '5_2': 3, '2_2': 4, '2_3': 5}
 Timepoint ====  1
 Hash table  {'0,1': [0, 1, 2, 3, 4, 5, 6, 7, 8, 9, 10, 11], '0': [22, 23], '1': [24, 25, 26], '2,3': [12, 13, 14, 15, 16, 17, 18, 19, 20, 21], '2': [27, 28, 30, 31, 32, 33], '3': [34, 35, 36, 37, 38, 39, 40, 41]}
 Final possible usc  [[0, 1, 2, 3, 4, 5, 6, 7, 8, 9, 10, 11], [22, 23], [24, 25, 26], [12, 13, 14, 15, 16, 17, 18, 19, 20, 21], [27, 28, 30, 31, 32, 33], [34, 35, 36, 37, 38, 39, 40, 41]]
 Time  1  USC keys  {'0,1,2,3,4,5,6,7,8,9,10,11_0', '34,35,36,37,38,39,40,41_0', '22,23_0', '27,28,30,31,32,33_0', '12,13,14,15,16,17,18,19,20,21_0', '24,25,26_0'}
 USC children  {'0,1,2,3,4,5,6,7,8,9,10,11_0': [1, 2], '22,23_0': [1], '24,25,26_0': [2], '12,13,14,15,16,17,18,19,20,21_0': [3, 4], '27,28,30,31,32,33_0': [3], '34,35,36,37,38,39,40,41_0': [4]}
 USC children  {'0,1,2,3,4,5,6,7,8,9,10,11_0': [1, 2], '22,23_0': [1], '24,25,26_0': [2], '12,13,14,15,16,17,18,19,20,21_0': [3, 4], '27,28,30,31,32,33_0': [3], '34,35,36,37,38,39,40,41_0': [4]}
 Timepoint ====  2
 Hash table  {}
====== Inside find superset of t nodes ==========
 Final possible usc  []
 Time  2  USC keys  set()
 USC children  {'0,1,2,3,4,5,6,7,8,9,10,11_0': [1, 2], '22,23_0': [1], '24,25,26_0': [2], '12,13,14,15,16,17,18,19,20,21_0': [3, 4], '27,28,30,31,32,33_0': [3], '34,35,36,37,38,39,40,41_0': [4]}
 USC children  {'0,1,2,3,4,5,6,7,8,9,10,11_0': [1, 2], '22,23_0': [1], '24,25,26_0': [2], '12,13,14,15,16,17,18,19,20,21_0': [3, 4], '27,28,30,31,32,33_0': [3], '34,35,36,37,38,39,40,41_0': [4]}
 Node s  {'1,2': ['0', '1', '2', '3', '4', '5', '6', '7', '8', '9', '10', '11'], '3,4': ['12', '13', '14', '15', '16', '17', '18', '19', '20', '21']}
 Enroll USC nodes  ['1', '2']  len  2
 Enroll USC nodes  ['3', '4']  len  2
 Node TP  SortedDict({1: [0], 2: [1, 2, 3, 4], 3: [5]})
 Unobserved subclones at timepoints  {1.5: [6, 7]}
 ============== Inside finding node v ============ 
 Time  2
 Time  3
 Sorted all timepoints  [1, 1.5, 2, 3]
 Timepoint  2
 Inside usc_node check  2
 Timepoint  3
0   1   [-1]   subclone   []   []
1   2   [6]   subclone   [0, 1, 2, 3, 4, 5, 6, 7, 8, 9, 10, 11, 22, 23]   [2]
2   2   [6]   subclone   [0, 1, 2, 3, 4, 5, 6, 7, 8, 9, 10, 11, 24, 25, 26]   [3]
3   2   [7]   subclone   [12, 13, 14, 15, 16, 17, 18, 19, 20, 21, 27, 28, 30, 31, 32, 33]   [6]
4   2   [7]   subclone   [12, 13, 14, 15, 16, 17, 18, 19, 20, 21, 34, 35, 36, 37, 38, 39, 40, 41]   [8]
5   3   [4]   subclone   [12, 13, 14, 15, 16, 17, 18, 19, 20, 21, 34, 35, 36, 37, 38, 39, 40, 41]   [0]
6   1.5   [0]   unobserved subclone   [0, 1, 2, 3, 4, 5, 6, 7, 8, 9, 10, 11]   [12]
7   1.5   [0]   unobserved subclone   [12, 13, 14, 15, 16, 17, 18, 19, 20, 21]   [10]
6
 Total estimated FP  116  True negatives  11600
 Total estimated FN  843  True positives  7601
 Estimated FP rate  0.01503
 Estimated FN rate  0.07
 No. of Cells in each cluster  {'3_2': 31, '4_2': 37, '5_2': 3, '2_2': 29, '2_3': 500}
 Cells in each cluster  {'3_2': [0, 1, 2, 3, 4, 5, 6, 7, 8, 9, 10, 11, 12, 13, 15, 16, 17, 18, 19, 20, 21, 22, 23, 24, 25, 26, 27, 28, 29, 35, 58], '4_2': [14, 30, 31, 32, 33, 34, 36, 37, 38, 39, 40, 41, 42, 43, 44, 45, 46, 47, 48, 49, 50, 51, 52, 53, 54, 55, 56, 57, 59, 60, 61, 62, 63, 64, 65, 66, 67], '5_2': [68, 69, 70], '2_2': [75, 80, 81, 88, 89, 91, 96, 71, 72, 73, 74, 76, 77, 78, 79, 82, 83, 84, 85, 86, 87, 90, 93, 94, 95, 98, 99, 92, 97], '2_3': [101, 105, 109, 119, 130, 137, 139, 151, 156, 159, 162, 165, 166, 169, 177, 180, 188, 192, 197, 199, 204, 214, 222, 225, 229, 232, 233, 235, 238, 239, 248, 250, 253, 256, 268, 274, 276, 279, 282, 283, 284, 302, 303, 315, 316, 317, 318, 321, 322, 327, 343, 354, 361, 383, 384, 386, 394, 402, 412, 413, 418, 424, 436, 442, 446, 447, 451, 453, 454, 461, 467, 474, 478, 481, 497, 499, 506, 509, 516, 524, 526, 529, 530, 541, 548, 555, 562, 563, 574, 582, 587, 590, 596, 100, 102, 103, 104, 106, 108, 110, 111, 112, 113, 114, 115, 116, 117, 118, 120, 121, 122, 123, 124, 125, 126, 127, 128, 129, 132, 133, 134, 135, 136, 138, 140, 141, 142, 143, 144, 145, 146, 147, 148, 149, 150, 152, 153, 154, 155, 157, 158, 160, 161, 163, 164, 167, 168, 170, 171, 172, 173, 174, 175, 176, 178, 179, 181, 182, 183, 184, 185, 186, 187, 189, 190, 191, 193, 194, 195, 196, 198, 200, 201, 202, 203, 206, 207, 208, 209, 210, 211, 212, 213, 215, 216, 217, 218, 219, 220, 221, 223, 224, 226, 227, 228, 230, 231, 234, 236, 237, 240, 241, 242, 243, 245, 247, 249, 251, 252, 254, 255, 257, 258, 259, 261, 262, 263, 264, 265, 266, 267, 269, 270, 272, 273, 275, 277, 280, 281, 286, 287, 288, 289, 290, 291, 293, 294, 295, 296, 297, 298, 299, 300, 301, 304, 305, 306, 307, 308, 309, 310, 311, 313, 314, 319, 320, 323, 324, 325, 326, 328, 329, 330, 331, 333, 334, 335, 336, 337, 338, 339, 340, 341, 342, 344, 345, 346, 347, 348, 349, 350, 351, 352, 353, 355, 356, 357, 358, 359, 360, 362, 363, 364, 365, 366, 367, 368, 369, 370, 371, 372, 373, 374, 375, 376, 377, 378, 379, 380, 381, 382, 385, 387, 388, 389, 390, 391, 392, 393, 395, 396, 397, 398, 399, 400, 401, 403, 404, 405, 406, 407, 408, 409, 410, 411, 414, 416, 417, 419, 420, 421, 422, 423, 425, 426, 427, 428, 429, 430, 431, 432, 433, 434, 435, 437, 438, 439, 440, 441, 443, 444, 445, 448, 449, 450, 452, 455, 456, 457, 458, 459, 460, 462, 463, 464, 465, 466, 468, 469, 470, 471, 472, 473, 475, 476, 477, 479, 480, 482, 483, 484, 485, 486, 487, 488, 489, 490, 491, 492, 493, 494, 495, 496, 498, 500, 501, 502, 503, 504, 505, 508, 510, 511, 512, 513, 514, 515, 517, 518, 519, 520, 521, 522, 525, 527, 528, 531, 532, 533, 534, 535, 537, 538, 539, 540, 542, 543, 544, 545, 546, 547, 549, 550, 551, 553, 556, 557, 558, 559, 560, 561, 564, 565, 566, 567, 568, 569, 570, 571, 572, 573, 575, 576, 577, 578, 579, 580, 581, 584, 585, 586, 588, 589, 591, 592, 593, 594, 595, 597, 598, 599, 107, 131, 205, 244, 246, 260, 271, 278, 285, 292, 312, 332, 415, 507, 523, 536, 552, 554, 583]}
FP rate  0.01503 FN rate  0.07
 Before reassigning cells 
 Timepoint  2
 Cluster  3  # of cells  29
 Cluster  4  # of cells  37
 Cluster  5  # of cells  3
 Cluster  2  # of cells  29
 Timepoint  3
 Cluster  2  # of cells  500
 Cells absent at timepoint  2   {58, 35}
 Missing cell prob  {'2': 5.178959630038094e-32, '4': 0.0021451604632262513, '3': 0.0021451604632262513, '5': 2.8567178003217126e-26}
 Missing cell prob  {'2': 5.286223882034595e-35, '4': 0.0019063899582468455, '3': 0.0019063899582468455, '5': 1.0466355418108547e-32}
 Cells absent at timepoint  3   set()
 Timepoint  2
 Timepoint  3
 After reassigning and merging cells 
 Timepoint  2
 Cluster  3  # of cells  29
 Cluster  4  # of cells  39
 Cluster  5  # of cells  3
 Cluster  2  # of cells  29
 Timepoint  3
 Cluster  2  # of cells  500
 Tp cluster cell dict  {'3_2': 29, '4_2': 39, '5_2': 3, '2_2': 29, '2_3': 500}
 New Graph is here 
 ID  0  Timepoint  1  Mutations  []  Type  subclone
 ID  1  Timepoint  2  Mutations  [0, 1, 2, 3, 4, 5, 6, 7, 8, 9, 10, 11, 22, 23]  Type  subclone
 ID  2  Timepoint  2  Mutations  [0, 1, 2, 3, 4, 5, 6, 7, 8, 9, 10, 11, 24, 25, 26]  Type  subclone
 ID  3  Timepoint  2  Mutations  [12, 13, 14, 15, 16, 17, 18, 19, 20, 21, 27, 28, 30, 31, 32, 33]  Type  subclone
 ID  4  Timepoint  2  Mutations  [12, 13, 14, 15, 16, 17, 18, 19, 20, 21, 34, 35, 36, 37, 38, 39, 40, 41]  Type  subclone
 ID  5  Timepoint  3  Mutations  [12, 13, 14, 15, 16, 17, 18, 19, 20, 21, 34, 35, 36, 37, 38, 39, 40, 41]  Type  subclone
Timepoints  SortedDict({1: [0], 2: [1, 2, 3, 4], 3: [5]})
 Clone to nodes  {'3_2': 1, '4_2': 2, '5_2': 3, '2_2': 4, '2_3': 5}
 Timepoint ====  1
 Hash table  {'0,1': [0, 1, 2, 3, 4, 5, 6, 7, 8, 9, 10, 11], '0': [22, 23], '1': [24, 25, 26], '2,3': [12, 13, 14, 15, 16, 17, 18, 19, 20, 21], '2': [27, 28, 30, 31, 32, 33], '3': [34, 35, 36, 37, 38, 39, 40, 41]}
 Final possible usc  [[0, 1, 2, 3, 4, 5, 6, 7, 8, 9, 10, 11], [22, 23], [24, 25, 26], [12, 13, 14, 15, 16, 17, 18, 19, 20, 21], [27, 28, 30, 31, 32, 33], [34, 35, 36, 37, 38, 39, 40, 41]]
 Time  1  USC keys  {'0,1,2,3,4,5,6,7,8,9,10,11_0', '24,25,26_0', '12,13,14,15,16,17,18,19,20,21_0', '22,23_0', '34,35,36,37,38,39,40,41_0', '27,28,30,31,32,33_0'}
 USC children  {'0,1,2,3,4,5,6,7,8,9,10,11_0': [1, 2], '22,23_0': [1], '24,25,26_0': [2], '12,13,14,15,16,17,18,19,20,21_0': [3, 4], '27,28,30,31,32,33_0': [3], '34,35,36,37,38,39,40,41_0': [4]}
 USC children  {'0,1,2,3,4,5,6,7,8,9,10,11_0': [1, 2], '22,23_0': [1], '24,25,26_0': [2], '12,13,14,15,16,17,18,19,20,21_0': [3, 4], '27,28,30,31,32,33_0': [3], '34,35,36,37,38,39,40,41_0': [4]}
 Timepoint ====  2
 Hash table  {}
====== Inside find superset of t nodes ==========
 Final possible usc  []
 Time  2  USC keys  set()
 USC children  {'0,1,2,3,4,5,6,7,8,9,10,11_0': [1, 2], '22,23_0': [1], '24,25,26_0': [2], '12,13,14,15,16,17,18,19,20,21_0': [3, 4], '27,28,30,31,32,33_0': [3], '34,35,36,37,38,39,40,41_0': [4]}
 USC children  {'0,1,2,3,4,5,6,7,8,9,10,11_0': [1, 2], '22,23_0': [1], '24,25,26_0': [2], '12,13,14,15,16,17,18,19,20,21_0': [3, 4], '27,28,30,31,32,33_0': [3], '34,35,36,37,38,39,40,41_0': [4]}
 Node s  {'1,2': ['0', '1', '2', '3', '4', '5', '6', '7', '8', '9', '10', '11'], '3,4': ['12', '13', '14', '15', '16', '17', '18', '19', '20', '21']}
 Enroll USC nodes  ['1', '2']  len  2
 Enroll USC nodes  ['3', '4']  len  2
 Node TP  SortedDict({1: [0], 2: [1, 2, 3, 4], 3: [5]})
 Unobserved subclones at timepoints  {1.5: [6, 7]}
 ============== Inside finding node v ============ 
 Time  2
 Time  3
 Sorted all timepoints  [1, 1.5, 2, 3]
 Timepoint  2
 Inside usc_node check  2
 Timepoint  3
0   1   [-1]   subclone   []   []
1   2   [6]   subclone   [0, 1, 2, 3, 4, 5, 6, 7, 8, 9, 10, 11, 22, 23]   [2]
2   2   [6]   subclone   [0, 1, 2, 3, 4, 5, 6, 7, 8, 9, 10, 11, 24, 25, 26]   [3]
3   2   [7]   subclone   [12, 13, 14, 15, 16, 17, 18, 19, 20, 21, 27, 28, 30, 31, 32, 33]   [6]
4   2   [7]   subclone   [12, 13, 14, 15, 16, 17, 18, 19, 20, 21, 34, 35, 36, 37, 38, 39, 40, 41]   [8]
5   3   [4]   subclone   [12, 13, 14, 15, 16, 17, 18, 19, 20, 21, 34, 35, 36, 37, 38, 39, 40, 41]   [0]
6   1.5   [0]   unobserved subclone   [0, 1, 2, 3, 4, 5, 6, 7, 8, 9, 10, 11]   [12]
7   1.5   [0]   unobserved subclone   [12, 13, 14, 15, 16, 17, 18, 19, 20, 21]   [10]
13
 Total estimated FP  116  True negatives  11600
 Total estimated FN  843  True positives  7601
 Estimated FP rate  0.01503
 Estimated FN rate  0.07
 No. of Cells in each cluster  {'7_2': 31, '9_2': 37, '11_2': 3, '0_2': 29, '0_3': 500}
 Cells in each cluster  {'7_2': [0, 1, 2, 3, 4, 5, 6, 7, 8, 9, 10, 11, 12, 13, 15, 16, 17, 18, 19, 20, 21, 22, 23, 24, 25, 26, 27, 28, 29, 35, 58], '9_2': [14, 30, 31, 32, 33, 34, 36, 37, 38, 39, 40, 41, 42, 43, 44, 45, 46, 47, 48, 49, 50, 51, 52, 53, 54, 55, 56, 57, 59, 60, 61, 62, 63, 64, 65, 66, 67], '11_2': [68, 69, 70], '0_2': [73, 74, 78, 79, 83, 86, 92, 88, 96, 97, 71, 72, 75, 76, 77, 80, 81, 82, 84, 85, 87, 89, 90, 91, 93, 94, 95, 98, 99], '0_3': [114, 141, 146, 164, 171, 172, 174, 181, 182, 185, 194, 198, 201, 203, 216, 218, 219, 223, 230, 254, 257, 261, 294, 298, 304, 316, 323, 325, 336, 338, 343, 346, 347, 355, 369, 370, 371, 378, 389, 391, 396, 398, 399, 408, 417, 422, 428, 430, 433, 438, 457, 464, 465, 466, 479, 483, 512, 533, 534, 539, 551, 556, 560, 564, 570, 572, 579, 581, 588, 593, 101, 110, 125, 133, 143, 176, 202, 213, 214, 233, 241, 248, 259, 262, 309, 326, 341, 342, 353, 357, 364, 426, 431, 459, 463, 473, 480, 486, 492, 496, 544, 568, 580, 109, 142, 199, 204, 225, 271, 312, 321, 328, 337, 402, 413, 418, 432, 436, 497, 523, 541, 583, 188, 192, 222, 268, 279, 283, 315, 386, 394, 442, 451, 454, 481, 524, 548, 555, 131, 205, 260, 285, 292, 332, 507, 536, 552, 105, 107, 177, 244, 246, 415, 516, 554, 124, 132, 212, 265, 266, 301, 330, 350, 411, 419, 437, 440, 487, 514, 518, 522, 542, 566, 130, 278, 446, 453, 196, 319, 517, 100, 102, 103, 104, 106, 108, 111, 112, 113, 115, 116, 117, 118, 119, 120, 121, 122, 123, 126, 127, 128, 129, 134, 135, 136, 137, 138, 139, 140, 144, 145, 147, 148, 149, 150, 151, 152, 153, 154, 155, 156, 157, 158, 159, 160, 161, 162, 163, 165, 166, 167, 168, 169, 170, 173, 175, 178, 179, 180, 183, 184, 186, 187, 189, 190, 191, 193, 195, 197, 200, 206, 207, 208, 209, 210, 211, 215, 217, 220, 221, 224, 226, 227, 228, 229, 231, 232, 234, 235, 236, 237, 238, 239, 240, 242, 243, 245, 247, 249, 250, 251, 252, 253, 255, 256, 258, 263, 264, 267, 269, 270, 272, 273, 274, 275, 276, 277, 280, 281, 282, 284, 286, 287, 288, 289, 290, 291, 293, 295, 296, 297, 299, 300, 302, 303, 305, 306, 307, 308, 310, 311, 313, 314, 317, 318, 320, 322, 324, 327, 329, 331, 333, 334, 335, 339, 340, 344, 345, 348, 349, 351, 352, 354, 356, 358, 359, 360, 361, 362, 363, 365, 366, 367, 368, 372, 373, 374, 375, 376, 377, 379, 380, 381, 382, 383, 384, 385, 387, 388, 390, 392, 393, 395, 397, 400, 401, 403, 404, 405, 406, 407, 409, 410, 412, 414, 416, 420, 421, 423, 424, 425, 427, 429, 434, 435, 439, 441, 443, 444, 445, 447, 448, 449, 450, 452, 455, 456, 458, 460, 461, 462, 467, 468, 469, 470, 471, 472, 474, 475, 476, 477, 478, 482, 484, 485, 488, 489, 490, 491, 493, 494, 495, 498, 499, 500, 501, 502, 503, 504, 505, 506, 508, 509, 510, 511, 513, 515, 519, 520, 521, 525, 526, 527, 528, 529, 530, 531, 532, 535, 537, 538, 540, 543, 545, 546, 547, 549, 550, 553, 557, 558, 559, 561, 562, 563, 565, 567, 569, 571, 573, 574, 575, 576, 577, 578, 582, 584, 585, 586, 587, 589, 590, 591, 592, 594, 595, 596, 597, 598, 599]}
FP rate  0.01503 FN rate  0.07
 Before reassigning cells 
 Timepoint  2
 Cluster  7  # of cells  29
 Cluster  9  # of cells  37
 Cluster  11  # of cells  3
 Cluster  0  # of cells  29
 Timepoint  3
 Cluster  0  # of cells  500
 Cells absent at timepoint  2   {58, 35}
 Missing cell prob  {'9': 0.0021451604632262513, '11': 2.8567178003217126e-26, '0': 5.178959630038094e-32, '7': 0.0021451604632262513}
 Missing cell prob  {'9': 0.0019063899582468455, '11': 1.0466355418108547e-32, '0': 5.286223882034595e-35, '7': 0.0019063899582468455}
 Cells absent at timepoint  3   set()
 Timepoint  2
 Timepoint  3
 After reassigning and merging cells 
 Timepoint  2
 Cluster  7  # of cells  29
 Cluster  9  # of cells  39
 Cluster  11  # of cells  3
 Cluster  0  # of cells  29
 Timepoint  3
 Cluster  0  # of cells  500
 Tp cluster cell dict  {'7_2': 29, '9_2': 39, '11_2': 3, '0_2': 29, '0_3': 500}
 New Graph is here 
 ID  0  Timepoint  1  Mutations  []  Type  subclone
 ID  1  Timepoint  2  Mutations  [0, 1, 2, 3, 4, 5, 6, 7, 8, 9, 10, 11, 22, 23]  Type  subclone
 ID  2  Timepoint  2  Mutations  [0, 1, 2, 3, 4, 5, 6, 7, 8, 9, 10, 11, 24, 25, 26]  Type  subclone
 ID  3  Timepoint  2  Mutations  [12, 13, 14, 15, 16, 17, 18, 19, 20, 21, 27, 28, 30, 31, 32, 33]  Type  subclone
 ID  4  Timepoint  2  Mutations  [12, 13, 14, 15, 16, 17, 18, 19, 20, 21, 34, 35, 36, 37, 38, 39, 40, 41]  Type  subclone
 ID  5  Timepoint  3  Mutations  [12, 13, 14, 15, 16, 17, 18, 19, 20, 21, 34, 35, 36, 37, 38, 39, 40, 41]  Type  subclone
Timepoints  SortedDict({1: [0], 2: [1, 2, 3, 4], 3: [5]})
 Clone to nodes  {'7_2': 1, '9_2': 2, '11_2': 3, '0_2': 4, '0_3': 5}
 Timepoint ====  1
 Hash table  {'0,1': [0, 1, 2, 3, 4, 5, 6, 7, 8, 9, 10, 11], '0': [22, 23], '1': [24, 25, 26], '2,3': [12, 13, 14, 15, 16, 17, 18, 19, 20, 21], '2': [27, 28, 30, 31, 32, 33], '3': [34, 35, 36, 37, 38, 39, 40, 41]}
 Final possible usc  [[0, 1, 2, 3, 4, 5, 6, 7, 8, 9, 10, 11], [22, 23], [24, 25, 26], [12, 13, 14, 15, 16, 17, 18, 19, 20, 21], [27, 28, 30, 31, 32, 33], [34, 35, 36, 37, 38, 39, 40, 41]]
 Time  1  USC keys  {'34,35,36,37,38,39,40,41_0', '27,28,30,31,32,33_0', '0,1,2,3,4,5,6,7,8,9,10,11_0', '12,13,14,15,16,17,18,19,20,21_0', '24,25,26_0', '22,23_0'}
 USC children  {'0,1,2,3,4,5,6,7,8,9,10,11_0': [1, 2], '22,23_0': [1], '24,25,26_0': [2], '12,13,14,15,16,17,18,19,20,21_0': [3, 4], '27,28,30,31,32,33_0': [3], '34,35,36,37,38,39,40,41_0': [4]}
 USC children  {'0,1,2,3,4,5,6,7,8,9,10,11_0': [1, 2], '22,23_0': [1], '24,25,26_0': [2], '12,13,14,15,16,17,18,19,20,21_0': [3, 4], '27,28,30,31,32,33_0': [3], '34,35,36,37,38,39,40,41_0': [4]}
 Timepoint ====  2
 Hash table  {}
====== Inside find superset of t nodes ==========
 Final possible usc  []
 Time  2  USC keys  set()
 USC children  {'0,1,2,3,4,5,6,7,8,9,10,11_0': [1, 2], '22,23_0': [1], '24,25,26_0': [2], '12,13,14,15,16,17,18,19,20,21_0': [3, 4], '27,28,30,31,32,33_0': [3], '34,35,36,37,38,39,40,41_0': [4]}
 USC children  {'0,1,2,3,4,5,6,7,8,9,10,11_0': [1, 2], '22,23_0': [1], '24,25,26_0': [2], '12,13,14,15,16,17,18,19,20,21_0': [3, 4], '27,28,30,31,32,33_0': [3], '34,35,36,37,38,39,40,41_0': [4]}
 Node s  {'1,2': ['0', '1', '2', '3', '4', '5', '6', '7', '8', '9', '10', '11'], '3,4': ['12', '13', '14', '15', '16', '17', '18', '19', '20', '21']}
 Enroll USC nodes  ['1', '2']  len  2
 Enroll USC nodes  ['3', '4']  len  2
 Node TP  SortedDict({1: [0], 2: [1, 2, 3, 4], 3: [5]})
 Unobserved subclones at timepoints  {1.5: [6, 7]}
 ============== Inside finding node v ============ 
 Time  2
 Time  3
 Sorted all timepoints  [1, 1.5, 2, 3]
 Timepoint  2
 Inside usc_node check  2
 Timepoint  3
0   1   [-1]   subclone   []   []
1   2   [6]   subclone   [0, 1, 2, 3, 4, 5, 6, 7, 8, 9, 10, 11, 22, 23]   [2]
2   2   [6]   subclone   [0, 1, 2, 3, 4, 5, 6, 7, 8, 9, 10, 11, 24, 25, 26]   [3]
3   2   [7]   subclone   [12, 13, 14, 15, 16, 17, 18, 19, 20, 21, 27, 28, 30, 31, 32, 33]   [6]
4   2   [7]   subclone   [12, 13, 14, 15, 16, 17, 18, 19, 20, 21, 34, 35, 36, 37, 38, 39, 40, 41]   [8]
5   3   [4]   subclone   [12, 13, 14, 15, 16, 17, 18, 19, 20, 21, 34, 35, 36, 37, 38, 39, 40, 41]   [0]
6   1.5   [0]   unobserved subclone   [0, 1, 2, 3, 4, 5, 6, 7, 8, 9, 10, 11]   [12]
7   1.5   [0]   unobserved subclone   [12, 13, 14, 15, 16, 17, 18, 19, 20, 21]   [10]
 List of tree files  ['all_trees/bp1_rep1_m1_tree.csv', 'all_trees/bp1_rep1_m2_tree.csv', 'all_trees/bp1_rep1_m3_tree.csv', 'all_trees/bp1_rep1_m4_tree.csv', 'all_trees/bp1_rep1_m5_tree.csv']
{'1': ['0', '1', '2', '3', '4', '5', '6', '7', '8', '9', '10', '11', '22', '23'], '2': ['0', '1', '2', '3', '4', '5', '6', '7', '8', '9', '10', '11', '24', '25', '26'], '3': ['12', '13', '14', '15', '16', '17', '18', '19', '20', '21', '27', '28', '30', '31', '32', '33'], '4': ['12', '13', '14', '15', '16', '17', '18', '19', '20', '21', '34', '35', '36', '37', '38', '39', '40', '41'], '5': ['12', '13', '14', '15', '16', '17', '18', '19', '20', '21', '34', '35', '36', '37', '38', '39', '40', '41'], '6': ['0', '1', '2', '3', '4', '5', '6', '7', '8', '9', '10', '11'], '7': ['12', '13', '14', '15', '16', '17', '18', '19', '20', '21']}
 Actual mutation of  1   ['22', '23']
 Actual mutation of  2   ['26', '25', '24']
 Actual mutation of  3   ['27', '33', '30', '28', '32', '31']
 Actual mutation of  4   ['41', '38', '37', '34', '39', '40', '35', '36']
 Actual mutation of  5   []
 Updated node mutation  {'1': ['22', '23'], '2': ['26', '25', '24'], '3': ['27', '33', '30', '28', '32', '31'], '4': ['41', '38', '37', '34', '39', '40', '35', '36'], '5': [], '6': ['0', '1', '2', '3', '4', '5', '6', '7', '8', '9', '10', '11'], '7': ['12', '13', '14', '15', '16', '17', '18', '19', '20', '21']}
{'1': ['0', '1', '2', '3', '4', '5', '6', '7', '8', '9', '10', '11', '22', '23'], '2': ['0', '1', '2', '3', '4', '5', '6', '7', '8', '9', '10', '11', '24', '25', '26'], '3': ['12', '13', '14', '15', '16', '17', '18', '19', '20', '21', '27', '28', '30', '31', '32', '33'], '4': ['12', '13', '14', '15', '16', '17', '18', '19', '20', '21', '34', '35', '36', '37', '38', '39', '40', '41'], '5': ['12', '13', '14', '15', '16', '17', '18', '19', '20', '21', '34', '35', '36', '37', '38', '39', '40', '41'], '6': ['0', '1', '2', '3', '4', '5', '6', '7', '8', '9', '10', '11'], '7': ['12', '13', '14', '15', '16', '17', '18', '19', '20', '21']}
 Actual mutation of  1   ['22', '23']
 Actual mutation of  2   ['26', '25', '24']
 Actual mutation of  3   ['27', '33', '30', '28', '32', '31']
 Actual mutation of  4   ['41', '38', '37', '34', '39', '40', '35', '36']
 Actual mutation of  5   []
 Updated node mutation  {'1': ['22', '23'], '2': ['26', '25', '24'], '3': ['27', '33', '30', '28', '32', '31'], '4': ['41', '38', '37', '34', '39', '40', '35', '36'], '5': [], '6': ['0', '1', '2', '3', '4', '5', '6', '7', '8', '9', '10', '11'], '7': ['12', '13', '14', '15', '16', '17', '18', '19', '20', '21']}
{'1': ['0', '1', '2', '3', '4', '5', '6', '7', '8', '9', '10', '11', '22', '23'], '2': ['0', '1', '2', '3', '4', '5', '6', '7', '8', '9', '10', '11', '24', '25', '26'], '3': ['12', '13', '14', '15', '16', '17', '18', '19', '20', '21', '27', '28', '30', '31', '32', '33'], '4': ['12', '13', '14', '15', '16', '17', '18', '19', '20', '21', '34', '35', '36', '37', '38', '39', '40', '41'], '5': ['12', '13', '14', '15', '16', '17', '18', '19', '20', '21', '34', '35', '36', '37', '38', '39', '40', '41'], '6': ['0', '1', '2', '3', '4', '5', '6', '7', '8', '9', '10', '11'], '7': ['12', '13', '14', '15', '16', '17', '18', '19', '20', '21']}
 Actual mutation of  1   ['22', '23']
 Actual mutation of  2   ['26', '25', '24']
 Actual mutation of  3   ['27', '33', '30', '28', '32', '31']
 Actual mutation of  4   ['41', '38', '37', '34', '39', '40', '35', '36']
 Actual mutation of  5   []
 Updated node mutation  {'1': ['22', '23'], '2': ['26', '25', '24'], '3': ['27', '33', '30', '28', '32', '31'], '4': ['41', '38', '37', '34', '39', '40', '35', '36'], '5': [], '6': ['0', '1', '2', '3', '4', '5', '6', '7', '8', '9', '10', '11'], '7': ['12', '13', '14', '15', '16', '17', '18', '19', '20', '21']}
{'1': ['0', '1', '2', '3', '4', '5', '6', '7', '8', '9', '10', '11', '22', '23'], '2': ['0', '1', '2', '3', '4', '5', '6', '7', '8', '9', '10', '11', '24', '25', '26'], '3': ['12', '13', '14', '15', '16', '17', '18', '19', '20', '21', '27', '28', '30', '31', '32', '33'], '4': ['12', '13', '14', '15', '16', '17', '18', '19', '20', '21', '34', '35', '36', '37', '38', '39', '40', '41'], '5': ['12', '13', '14', '15', '16', '17', '18', '19', '20', '21', '34', '35', '36', '37', '38', '39', '40', '41'], '6': ['0', '1', '2', '3', '4', '5', '6', '7', '8', '9', '10', '11'], '7': ['12', '13', '14', '15', '16', '17', '18', '19', '20', '21']}
 Actual mutation of  1   ['22', '23']
 Actual mutation of  2   ['26', '25', '24']
 Actual mutation of  3   ['27', '33', '30', '28', '32', '31']
 Actual mutation of  4   ['41', '38', '37', '34', '39', '40', '35', '36']
 Actual mutation of  5   []
 Updated node mutation  {'1': ['22', '23'], '2': ['26', '25', '24'], '3': ['27', '33', '30', '28', '32', '31'], '4': ['41', '38', '37', '34', '39', '40', '35', '36'], '5': [], '6': ['0', '1', '2', '3', '4', '5', '6', '7', '8', '9', '10', '11'], '7': ['12', '13', '14', '15', '16', '17', '18', '19', '20', '21']}
{'1': ['0', '1', '2', '3', '4', '5', '6', '7', '8', '9', '10', '11', '22', '23'], '2': ['0', '1', '2', '3', '4', '5', '6', '7', '8', '9', '10', '11', '24', '25', '26'], '3': ['12', '13', '14', '15', '16', '17', '18', '19', '20', '21', '27', '28', '30', '31', '32', '33'], '4': ['12', '13', '14', '15', '16', '17', '18', '19', '20', '21', '34', '35', '36', '37', '38', '39', '40', '41'], '5': ['12', '13', '14', '15', '16', '17', '18', '19', '20', '21', '34', '35', '36', '37', '38', '39', '40', '41'], '6': ['0', '1', '2', '3', '4', '5', '6', '7', '8', '9', '10', '11'], '7': ['12', '13', '14', '15', '16', '17', '18', '19', '20', '21']}
 Actual mutation of  1   ['22', '23']
 Actual mutation of  2   ['26', '25', '24']
 Actual mutation of  3   ['27', '33', '30', '28', '32', '31']
 Actual mutation of  4   ['41', '38', '37', '34', '39', '40', '35', '36']
 Actual mutation of  5   []
 Updated node mutation  {'1': ['22', '23'], '2': ['26', '25', '24'], '3': ['27', '33', '30', '28', '32', '31'], '4': ['41', '38', '37', '34', '39', '40', '35', '36'], '5': [], '6': ['0', '1', '2', '3', '4', '5', '6', '7', '8', '9', '10', '11'], '7': ['12', '13', '14', '15', '16', '17', '18', '19', '20', '21']}
 Parallel mutation count  {'m1': 0, 'm2': 0, 'm3': 0, 'm4': 0, 'm5': 0}
 Clusters with least parallel mutations  ['m1', 'm2', 'm3', 'm4', 'm5']
 Cluster nos for each run  {'m1': 9, 'm2': 14, 'm3': 6, 'm4': 6, 'm5': 13}
 Run  m3
 Base path  ['bp1', 'rep1', 'm1', 'tree.csv']
 Best tree path  bp1_rep1_m3_tree.csv
