
DPMM with:
	600 cells
	38 mutations
	learning errors

	Priors:
	params.:	Beta(0.25,0.25)
	CRP a_0:	Gamma(24.49,1)
	FP:		trunc norm(0.01,0.01)
	FN:		trunc norm(0.2,0.1)

Move probabilitites:
	Split/merge:	0.33
		split/merge ratio:	[0.75, 0.25]
		intermediate Gibbs:	3
	CRP a_0 update:	0.25
	Errors update:	0.25

Run MCMC with (1 chains for 5000 steps):

Clustering time:	0:22:40.467988	(0.27 secs. per MCMC step)	Lugsail PSRF:		1.00886

Chain mean - posterior clusters	(#11):
	11 clusters

	A: 327 items
	B: 75 items
	C: 5 items
	D: 7 items
	E: 171 items
	F: 1 items
	G: 3 items
	H: 1 items
	I: 1 items
	J: 5 items
	K: 4 items

Inferred latent variables	--	chain mean - posterior
	CRP a_0:	102.0 +- 20.0
	FP (model|genotypes): 1.5E-03 +- 1.0E-03	|	6.8E-03
	FN (model|genotypes): 0.131   +- 0.012	|	0.139

Writing output to: ./sim_output/mp3/rep2/m2

Too many cells to plot genotypes/clusters
