7
 Total estimated FP  106  True negatives  10803
 Total estimated FN  505  True positives  2026
 Estimated FP rate  0.04972
 Estimated FN rate  0.04
 No. of Cells in each cluster  {'5_2': 50, '4_3': 1, '3_3': 69, '0_2': 50, '0_3': 430}
 Cells in each cluster  {'5_2': [0, 1, 2, 3, 4, 5, 6, 7, 8, 9, 10, 11, 12, 13, 14, 15, 16, 17, 18, 19, 20, 21, 22, 23, 24, 25, 26, 27, 28, 29, 30, 31, 32, 33, 34, 35, 36, 37, 38, 39, 40, 41, 42, 43, 44, 45, 46, 47, 48, 49], '4_3': [359], '3_3': [531, 532, 533, 534, 535, 536, 537, 538, 539, 540, 541, 542, 543, 544, 545, 546, 547, 548, 549, 550, 551, 552, 553, 554, 555, 556, 557, 558, 559, 560, 561, 562, 563, 564, 565, 566, 567, 568, 569, 570, 571, 572, 573, 574, 575, 576, 577, 578, 579, 580, 581, 582, 583, 584, 585, 586, 587, 588, 589, 590, 591, 592, 593, 594, 595, 596, 597, 598, 599], '0_2': [62, 56, 50, 51, 52, 53, 54, 55, 57, 58, 59, 60, 61, 63, 64, 65, 66, 67, 68, 69, 70, 71, 72, 73, 74, 75, 76, 77, 78, 79, 80, 81, 82, 83, 84, 85, 86, 87, 88, 89, 90, 91, 92, 93, 94, 95, 96, 97, 98, 99], '0_3': [155, 166, 174, 181, 202, 239, 199, 244, 288, 295, 324, 368, 379, 438, 491, 316, 357, 422, 445, 521, 100, 101, 102, 103, 104, 105, 106, 107, 108, 109, 110, 111, 112, 113, 114, 115, 116, 117, 118, 119, 120, 121, 122, 123, 124, 125, 126, 127, 128, 129, 130, 131, 132, 133, 134, 135, 136, 137, 138, 139, 140, 141, 142, 143, 144, 145, 146, 147, 148, 149, 150, 151, 152, 153, 154, 156, 157, 158, 159, 160, 161, 162, 163, 164, 165, 167, 168, 169, 170, 171, 172, 173, 175, 176, 177, 178, 179, 180, 182, 183, 184, 185, 186, 187, 188, 189, 190, 191, 192, 193, 194, 195, 196, 197, 198, 200, 201, 203, 204, 205, 206, 207, 208, 209, 210, 211, 212, 213, 214, 215, 216, 217, 218, 219, 220, 221, 222, 223, 224, 225, 226, 227, 228, 229, 230, 231, 232, 233, 234, 235, 236, 237, 238, 240, 241, 242, 243, 245, 246, 247, 248, 249, 250, 251, 252, 253, 254, 255, 256, 257, 258, 259, 260, 261, 262, 263, 264, 265, 266, 267, 268, 269, 270, 271, 272, 273, 274, 275, 276, 277, 278, 279, 280, 281, 282, 283, 284, 285, 286, 287, 289, 290, 291, 292, 293, 294, 296, 297, 298, 299, 300, 301, 302, 303, 304, 305, 306, 307, 308, 309, 310, 311, 312, 313, 314, 315, 317, 318, 319, 320, 321, 322, 323, 325, 326, 327, 328, 329, 330, 331, 332, 333, 334, 335, 336, 337, 338, 339, 340, 341, 342, 343, 344, 345, 346, 347, 348, 349, 350, 351, 352, 353, 354, 355, 356, 358, 360, 361, 362, 363, 364, 365, 366, 367, 369, 370, 371, 372, 373, 374, 375, 376, 377, 378, 380, 381, 382, 383, 384, 385, 386, 387, 388, 389, 390, 391, 392, 393, 394, 395, 396, 397, 398, 399, 400, 401, 402, 403, 404, 405, 406, 407, 408, 409, 410, 411, 412, 413, 414, 415, 416, 417, 418, 419, 420, 421, 423, 424, 425, 426, 427, 428, 429, 430, 431, 432, 433, 434, 435, 436, 437, 439, 440, 441, 442, 443, 444, 446, 447, 448, 449, 450, 451, 452, 453, 454, 455, 456, 457, 458, 459, 460, 461, 462, 463, 464, 465, 466, 467, 468, 469, 470, 471, 472, 473, 474, 475, 476, 477, 478, 479, 480, 481, 482, 483, 484, 485, 486, 487, 488, 489, 490, 492, 493, 494, 495, 496, 497, 498, 499, 500, 501, 502, 503, 504, 505, 506, 507, 508, 509, 510, 511, 512, 513, 514, 515, 516, 517, 518, 519, 520, 522, 523, 524, 525, 526, 527, 528, 529, 530]}
FP rate  0.04972 FN rate  0.04
 Before reassigning cells 
 Timepoint  2
 Cluster  5  # of cells  50
 Cluster  0  # of cells  50
 Timepoint  3
 Cluster  4  # of cells  2
 Cluster  3  # of cells  63
 Cluster  0  # of cells  435
 Cells absent at timepoint  2   set()
 Cells absent at timepoint  3   set()
 Timepoint  2
 Timepoint  3
 After reassigning and merging cells 
 Timepoint  2
 Cluster  5  # of cells  50
 Cluster  0  # of cells  50
 Timepoint  3
 Cluster  4  # of cells  2
 Cluster  3  # of cells  63
 Cluster  0  # of cells  435
 Tp cluster cell dict  {'5_2': 50, '0_2': 50, '4_3': 2, '3_3': 63, '0_3': 435}
 New Graph is here 
 ID  0  Timepoint  1  Mutations  []  Type  subclone
 ID  1  Timepoint  2  Mutations  [0, 1, 2, 3, 4, 5, 9, 10, 11, 12, 13, 14]  Type  subclone
 ID  2  Timepoint  2  Mutations  [6, 7, 8]  Type  subclone
 ID  3  Timepoint  3  Mutations  [3, 6, 7, 8, 9, 15, 16, 17, 18, 19, 20, 21, 22, 23, 24, 25, 26, 27]  Type  subclone
 ID  4  Timepoint  3  Mutations  [6, 7, 8, 15, 16, 17, 18, 19, 20, 21, 22, 23, 24, 25, 26, 27]  Type  subclone
 ID  5  Timepoint  3  Mutations  [6, 7, 8]  Type  subclone
Timepoints  SortedDict({1: [0], 2: [1, 2], 3: [3, 4, 5]})
 Clone to nodes  {'5_2': 1, '0_2': 2, '4_3': 3, '3_3': 4, '0_3': 5}
 Timepoint ====  1
 Hash table  {'0': [0, 1, 2, 3, 4, 5, 9, 10, 11, 12, 13, 14], '1': [6, 7, 8]}
 Final possible usc  [[0, 1, 2, 3, 4, 5, 9, 10, 11, 12, 13, 14], [6, 7, 8]]
 Time  1  USC keys  {'0,1,2,3,4,5,9,10,11,12,13,14_0', '6,7,8_0'}
 USC children  {'0,1,2,3,4,5,9,10,11,12,13,14_0': [1], '6,7,8_0': [2]}
 USC children  {'0,1,2,3,4,5,9,10,11,12,13,14_0': [1], '6,7,8_0': [2]}
 Timepoint ====  2
 Hash table  {'0': [3, 9], '0,1': [6, 7, 8, 15, 16, 17, 18, 19, 20, 21, 22, 23, 24, 25, 26, 27]}
====== Inside find superset of t nodes ==========
 Final possible usc  [[6, 7, 8, 15, 16, 17, 18, 19, 20, 21, 22, 23, 24, 25, 26, 27]]
 Time  2  USC keys  {'6,7,8,15,16,17,18,19,20,21,22,23,24,25,26,27_2'}
 USC children  {'0,1,2,3,4,5,9,10,11,12,13,14_0': [1], '6,7,8_0': [2], '6,7,8,15,16,17,18,19,20,21,22,23,24,25,26,27_2': [3, 4]}
 USC children  {'0,1,2,3,4,5,9,10,11,12,13,14_0': [1], '6,7,8_0': [2], '6,7,8,15,16,17,18,19,20,21,22,23,24,25,26,27_2': [3, 4]}
 Node s  {'1': ['0', '1', '2', '3', '4', '5', '9', '10', '11', '12', '13', '14'], '2': ['6', '7', '8'], '3,4': ['6', '7', '8', '15', '16', '17', '18', '19', '20', '21', '22', '23', '24', '25', '26', '27']}
 Enroll USC nodes  ['1']  len  1
 Enroll USC nodes  ['2']  len  1
 Enroll USC nodes  ['3', '4']  len  2
 Node TP  SortedDict({1: [0], 2: [1, 2], 3: [3, 4, 5]})
 Unobserved subclones at timepoints  {2.5: [6]}
 ============== Inside finding node v ============ 
 Time  2
 largest_v_mut  [[]]
 largest_v_mut  [[]]
 Time  3
 Sorted all timepoints  [1, 2, 2.5, 3]
 Timepoint  2
 Timepoint  3
 Inside usc_node check  3
0   1   [-1]   subclone   []   []
1   2   [0]   subclone   [0, 1, 2, 3, 4, 5, 9, 10, 11, 12, 13, 14]   [12]
2   2   [0]   subclone   [6, 7, 8]   [3]
3   3   [6]   subclone   [3, 6, 7, 8, 9, 15, 16, 17, 18, 19, 20, 21, 22, 23, 24, 25, 26, 27]   [2]
4   3   [6]   subclone   [6, 7, 8, 15, 16, 17, 18, 19, 20, 21, 22, 23, 24, 25, 26, 27]   [0]
5   3   [2]   subclone   [6, 7, 8]   [0]
6   2.5   [2]   unobserved subclone   [6, 7, 8, 15, 16, 17, 18, 19, 20, 21, 22, 23, 24, 25, 26, 27]   [13]
6
 Total estimated FP  103  True negatives  10799
 Total estimated FN  509  True positives  2029
 Estimated FP rate  0.04831
 Estimated FN rate  0.05
 No. of Cells in each cluster  {'5_2': 50, '4_3': 2, '3_3': 69, '2_3': 429, '2_2': 50}
 Cells in each cluster  {'5_2': [0, 1, 2, 3, 4, 5, 6, 7, 8, 9, 10, 11, 12, 13, 14, 15, 16, 17, 18, 19, 20, 21, 22, 23, 24, 25, 26, 27, 28, 29, 30, 31, 32, 33, 34, 35, 36, 37, 38, 39, 40, 41, 42, 43, 44, 45, 46, 47, 48, 49], '4_3': [166, 359], '3_3': [531, 532, 533, 534, 535, 536, 537, 538, 539, 540, 541, 542, 543, 544, 545, 546, 547, 548, 549, 550, 551, 552, 553, 554, 555, 556, 557, 558, 559, 560, 561, 562, 563, 564, 565, 566, 567, 568, 569, 570, 571, 572, 573, 574, 575, 576, 577, 578, 579, 580, 581, 582, 583, 584, 585, 586, 587, 588, 589, 590, 591, 592, 593, 594, 595, 596, 597, 598, 599], '2_3': [199, 244, 288, 295, 324, 368, 375, 379, 387, 438, 491, 524, 100, 101, 102, 103, 104, 105, 106, 107, 108, 109, 110, 111, 112, 113, 114, 115, 116, 117, 118, 119, 120, 121, 122, 123, 124, 125, 126, 127, 128, 129, 130, 131, 132, 133, 134, 135, 136, 137, 138, 139, 140, 141, 142, 143, 144, 145, 146, 147, 148, 149, 150, 151, 152, 153, 154, 155, 156, 157, 158, 159, 160, 161, 162, 163, 164, 165, 167, 168, 169, 170, 171, 172, 173, 174, 175, 176, 177, 178, 179, 180, 181, 182, 183, 184, 185, 186, 187, 188, 189, 190, 191, 192, 193, 194, 195, 196, 197, 198, 200, 201, 202, 203, 204, 205, 206, 207, 208, 209, 210, 211, 212, 213, 214, 215, 216, 217, 218, 219, 220, 221, 222, 223, 224, 225, 226, 227, 228, 229, 230, 231, 232, 233, 234, 235, 236, 237, 238, 239, 240, 241, 242, 243, 245, 246, 247, 248, 249, 250, 251, 252, 253, 254, 255, 256, 257, 258, 259, 260, 261, 262, 263, 264, 265, 266, 267, 268, 269, 270, 271, 272, 273, 274, 275, 276, 277, 278, 279, 280, 281, 282, 283, 284, 285, 286, 287, 289, 290, 291, 292, 293, 294, 296, 297, 298, 299, 300, 301, 302, 303, 304, 305, 306, 307, 308, 309, 310, 311, 312, 313, 314, 315, 317, 318, 319, 321, 322, 323, 325, 326, 327, 328, 329, 330, 331, 332, 333, 334, 335, 336, 337, 338, 339, 340, 341, 342, 343, 344, 345, 346, 347, 348, 349, 350, 351, 352, 353, 354, 355, 356, 358, 360, 361, 362, 363, 364, 365, 366, 367, 369, 370, 371, 372, 373, 374, 376, 377, 378, 380, 381, 382, 383, 384, 385, 386, 388, 389, 390, 391, 392, 393, 394, 395, 396, 397, 398, 399, 400, 401, 402, 403, 404, 405, 406, 407, 408, 409, 410, 411, 412, 413, 414, 415, 416, 417, 418, 419, 420, 421, 423, 424, 425, 426, 427, 428, 429, 430, 431, 432, 433, 434, 435, 436, 437, 439, 440, 441, 442, 443, 444, 446, 447, 448, 449, 450, 451, 452, 453, 454, 455, 456, 457, 458, 459, 460, 461, 462, 463, 464, 465, 466, 467, 468, 469, 470, 471, 472, 473, 474, 475, 476, 477, 478, 479, 480, 481, 482, 483, 484, 485, 486, 487, 488, 489, 490, 492, 493, 494, 495, 496, 497, 498, 500, 501, 502, 503, 504, 505, 506, 507, 508, 509, 510, 511, 512, 513, 514, 515, 516, 517, 518, 519, 520, 522, 523, 525, 526, 527, 528, 529, 530, 316, 320, 357, 422, 445, 499, 521], '2_2': [50, 51, 52, 53, 54, 55, 57, 58, 59, 60, 61, 62, 63, 64, 65, 66, 67, 68, 69, 70, 71, 72, 73, 74, 75, 76, 77, 78, 79, 80, 81, 82, 83, 84, 85, 86, 87, 88, 89, 90, 91, 92, 93, 94, 95, 96, 97, 98, 99, 56]}
FP rate  0.04831 FN rate  0.05
 Before reassigning cells 
 Timepoint  2
 Cluster  5  # of cells  50
 Cluster  2  # of cells  50
 Timepoint  3
 Cluster  4  # of cells  4
 Cluster  3  # of cells  67
 Cluster  2  # of cells  429
 Cells absent at timepoint  2   set()
 Cells absent at timepoint  3   set()
 Timepoint  2
 Timepoint  3
 After reassigning and merging cells 
 Timepoint  2
 Cluster  5  # of cells  50
 Cluster  2  # of cells  50
 Timepoint  3
 Cluster  4  # of cells  4
 Cluster  3  # of cells  67
 Cluster  2  # of cells  429
 Tp cluster cell dict  {'5_2': 50, '2_2': 50, '4_3': 4, '3_3': 67, '2_3': 429}
 New Graph is here 
 ID  0  Timepoint  1  Mutations  []  Type  subclone
 ID  1  Timepoint  2  Mutations  [0, 1, 2, 3, 4, 5, 9, 10, 11, 12, 13, 14]  Type  subclone
 ID  2  Timepoint  2  Mutations  [6, 7, 8]  Type  subclone
 ID  3  Timepoint  3  Mutations  [6, 7, 8, 9, 15, 16, 17, 18, 19, 20, 21, 22, 23, 24, 25, 26, 27]  Type  subclone
 ID  4  Timepoint  3  Mutations  [6, 7, 8, 15, 16, 17, 18, 19, 20, 21, 22, 23, 24, 25, 26, 27]  Type  subclone
 ID  5  Timepoint  3  Mutations  [6, 7, 8]  Type  subclone
Timepoints  SortedDict({1: [0], 2: [1, 2], 3: [3, 4, 5]})
 Clone to nodes  {'5_2': 1, '2_2': 2, '4_3': 3, '3_3': 4, '2_3': 5}
 Timepoint ====  1
 Hash table  {'0': [0, 1, 2, 3, 4, 5, 9, 10, 11, 12, 13, 14], '1': [6, 7, 8]}
 Final possible usc  [[0, 1, 2, 3, 4, 5, 9, 10, 11, 12, 13, 14], [6, 7, 8]]
 Time  1  USC keys  {'0,1,2,3,4,5,9,10,11,12,13,14_0', '6,7,8_0'}
 USC children  {'0,1,2,3,4,5,9,10,11,12,13,14_0': [1], '6,7,8_0': [2]}
 USC children  {'0,1,2,3,4,5,9,10,11,12,13,14_0': [1], '6,7,8_0': [2]}
 Timepoint ====  2
 Hash table  {'0,1': [6, 7, 8, 15, 16, 17, 18, 19, 20, 21, 22, 23, 24, 25, 26, 27], '0': [9]}
====== Inside find superset of t nodes ==========
 Final possible usc  [[6, 7, 8, 15, 16, 17, 18, 19, 20, 21, 22, 23, 24, 25, 26, 27]]
 Time  2  USC keys  {'6,7,8,15,16,17,18,19,20,21,22,23,24,25,26,27_2'}
 USC children  {'0,1,2,3,4,5,9,10,11,12,13,14_0': [1], '6,7,8_0': [2], '6,7,8,15,16,17,18,19,20,21,22,23,24,25,26,27_2': [3, 4]}
 USC children  {'0,1,2,3,4,5,9,10,11,12,13,14_0': [1], '6,7,8_0': [2], '6,7,8,15,16,17,18,19,20,21,22,23,24,25,26,27_2': [3, 4]}
 Node s  {'1': ['0', '1', '2', '3', '4', '5', '9', '10', '11', '12', '13', '14'], '2': ['6', '7', '8'], '3,4': ['6', '7', '8', '15', '16', '17', '18', '19', '20', '21', '22', '23', '24', '25', '26', '27']}
 Enroll USC nodes  ['1']  len  1
 Enroll USC nodes  ['2']  len  1
 Enroll USC nodes  ['3', '4']  len  2
 Node TP  SortedDict({1: [0], 2: [1, 2], 3: [3, 4, 5]})
 Unobserved subclones at timepoints  {2.5: [6]}
 ============== Inside finding node v ============ 
 Time  2
 largest_v_mut  [[]]
 largest_v_mut  [[]]
 Time  3
 Sorted all timepoints  [1, 2, 2.5, 3]
 Timepoint  2
 Timepoint  3
 Inside usc_node check  3
0   1   [-1]   subclone   []   []
1   2   [0]   subclone   [0, 1, 2, 3, 4, 5, 9, 10, 11, 12, 13, 14]   [12]
2   2   [0]   subclone   [6, 7, 8]   [3]
3   3   [6]   subclone   [6, 7, 8, 9, 15, 16, 17, 18, 19, 20, 21, 22, 23, 24, 25, 26, 27]   [1]
4   3   [6]   subclone   [6, 7, 8, 15, 16, 17, 18, 19, 20, 21, 22, 23, 24, 25, 26, 27]   [0]
5   3   [2]   subclone   [6, 7, 8]   [0]
6   2.5   [2]   unobserved subclone   [6, 7, 8, 15, 16, 17, 18, 19, 20, 21, 22, 23, 24, 25, 26, 27]   [13]
9
 Total estimated FP  99  True negatives  10803
 Total estimated FN  505  True positives  2033
 Estimated FP rate  0.04644
 Estimated FN rate  0.04
 No. of Cells in each cluster  {'6_2': 50, '4_2': 1, '4_3': 6, '5_3': 1, '7_3': 69, '1_2': 49, '1_3': 424}
 Cells in each cluster  {'6_2': [0, 1, 2, 3, 4, 5, 6, 7, 8, 9, 10, 11, 12, 13, 14, 15, 16, 17, 18, 19, 20, 21, 22, 23, 24, 25, 26, 27, 28, 29, 30, 31, 32, 33, 34, 35, 36, 37, 38, 39, 40, 41, 42, 43, 44, 45, 46, 47, 48, 49], '4_2': [62], '4_3': [155, 166, 174, 181, 202, 239], '5_3': [359], '7_3': [531, 532, 533, 534, 535, 536, 537, 538, 539, 540, 541, 542, 543, 544, 545, 546, 547, 548, 549, 550, 551, 552, 553, 554, 555, 556, 557, 558, 559, 560, 561, 562, 563, 564, 565, 566, 567, 568, 569, 570, 571, 572, 573, 574, 575, 576, 577, 578, 579, 580, 581, 582, 583, 584, 585, 586, 587, 588, 589, 590, 591, 592, 593, 594, 595, 596, 597, 598, 599], '1_2': [51, 50, 52, 53, 54, 55, 57, 58, 59, 60, 61, 63, 64, 65, 66, 67, 68, 69, 70, 71, 72, 73, 74, 75, 76, 77, 78, 79, 80, 81, 82, 83, 84, 85, 86, 87, 88, 89, 90, 91, 92, 93, 94, 95, 96, 97, 98, 99, 56], '1_3': [246, 361, 453, 368, 375, 387, 524, 199, 244, 288, 295, 324, 379, 438, 491, 100, 101, 102, 103, 104, 105, 106, 107, 108, 109, 110, 111, 112, 113, 114, 115, 116, 117, 118, 119, 120, 121, 122, 123, 124, 125, 126, 127, 128, 129, 130, 131, 132, 133, 134, 135, 136, 137, 138, 139, 140, 141, 142, 143, 144, 145, 146, 147, 148, 149, 150, 151, 152, 153, 154, 156, 157, 158, 159, 160, 161, 162, 163, 164, 165, 167, 168, 169, 170, 171, 172, 173, 175, 176, 177, 178, 179, 180, 182, 183, 184, 185, 186, 187, 188, 189, 190, 191, 192, 193, 194, 195, 196, 197, 198, 200, 201, 203, 204, 205, 206, 207, 208, 209, 210, 211, 212, 213, 214, 215, 216, 217, 218, 219, 220, 221, 222, 223, 224, 225, 226, 227, 228, 229, 230, 231, 232, 233, 234, 235, 236, 237, 238, 240, 241, 242, 243, 245, 247, 248, 249, 250, 251, 252, 253, 254, 255, 256, 257, 258, 259, 260, 261, 262, 263, 264, 265, 266, 267, 268, 269, 270, 271, 272, 273, 274, 275, 276, 277, 278, 279, 280, 281, 282, 283, 284, 285, 286, 287, 289, 290, 291, 292, 293, 294, 296, 297, 298, 299, 300, 301, 302, 303, 304, 305, 306, 307, 308, 309, 310, 311, 312, 313, 314, 315, 317, 318, 319, 321, 322, 323, 325, 326, 327, 328, 329, 330, 331, 332, 333, 334, 335, 336, 337, 338, 339, 340, 341, 342, 343, 344, 345, 346, 347, 348, 349, 350, 351, 352, 353, 354, 355, 356, 358, 360, 362, 363, 364, 365, 366, 367, 369, 370, 371, 372, 373, 374, 376, 377, 378, 380, 381, 382, 383, 384, 385, 386, 388, 389, 390, 391, 392, 393, 394, 395, 396, 397, 398, 399, 400, 401, 402, 403, 404, 405, 406, 407, 408, 409, 410, 411, 412, 413, 414, 415, 416, 417, 418, 419, 420, 421, 423, 424, 425, 426, 427, 428, 429, 430, 431, 432, 433, 434, 435, 436, 437, 439, 440, 441, 442, 443, 444, 446, 447, 448, 449, 450, 451, 452, 454, 455, 456, 457, 458, 459, 460, 461, 462, 463, 464, 465, 466, 467, 468, 469, 470, 471, 472, 473, 474, 475, 476, 477, 478, 479, 480, 481, 482, 483, 484, 485, 486, 487, 488, 489, 490, 492, 493, 494, 495, 496, 497, 498, 500, 501, 502, 503, 504, 505, 506, 507, 508, 509, 510, 511, 512, 513, 514, 515, 516, 517, 518, 519, 520, 522, 523, 525, 526, 527, 528, 529, 530, 316, 320, 357, 422, 445, 499, 521]}
FP rate  0.04644 FN rate  0.04
 Before reassigning cells 
 Timepoint  2
 Cluster  6  # of cells  50
 Cluster  4  # of cells  1
 Cluster  1  # of cells  41
 Timepoint  3
 Cluster  4  # of cells  9
 Cluster  5  # of cells  2
 Cluster  7  # of cells  63
 Cluster  1  # of cells  347
 Cells absent at timepoint  2   {98, 90, 74, 81, 82, 51, 58, 60}
 Missing cell prob  {'6': 8.041996141528345e-15, '4': 0.0007273762521439904, '1': 0.0007273762521439904}
 Missing cell prob  {'6': 7.215399926005188e-15, '4': 0.0006526129164369712, '1': 0.0006526129164369712}
 Missing cell prob  {'6': 3.5140229515046874e-16, '4': 0.018062419244646452, '1': 0.018062419244646452}
 Missing cell prob  {'6': 5.361330761018897e-19, '4': 0.3237419775801711, '1': 0.3237419775801711}
 Missing cell prob  {'6': 4.87493300044862e-19, '4': 0.012348296005653916, '1': 0.012348296005653916}
 Missing cell prob  {'6': 3.916589420829066e-16, '4': 0.01745703005145578, '1': 0.01745703005145578}
 Missing cell prob  {'6': 5.896258989898383e-19, '4': 0.014935333742343314, '1': 0.014935333742343314}
 Missing cell prob  {'6': 3.0267208884622635e-16, '4': 0.3708785636288775, '1': 0.3708785636288775}
 Cells absent at timepoint  3   {517, 521, 522, 523, 545, 550, 100, 104, 105, 108, 112, 115, 121, 122, 124, 128, 132, 138, 140, 144, 153, 156, 170, 178, 182, 200, 214, 218, 221, 229, 237, 253, 260, 264, 271, 274, 275, 277, 281, 282, 284, 290, 302, 308, 329, 348, 349, 354, 355, 356, 365, 379, 380, 382, 383, 395, 398, 407, 412, 431, 441, 443, 455, 456, 462, 468, 471, 472, 474, 478, 481, 482, 489, 491, 492, 493, 496, 502, 505}
 Missing cell prob  {'7': 9.842255389797589e-11, '1': 0.43063652816682424, '4': 0.43063652816682424, '5': 1.3333947196592068e-06}
 Missing cell prob  {'7': 2.7894259708068215e-16, '1': 0.0006935968989944235, '4': 0.0006935968989944235, '5': 2.147607976100186e-09}
 Missing cell prob  {'7': 2.6246014372793586e-16, '1': 0.015557639314940957, '4': 0.015557639314940957, '5': 4.8171654646232304e-08}
 Missing cell prob  {'7': 3.579733296622729e-12, '1': 0.3733833435585829, '4': 0.3733833435585829, '5': 4.8496988611501126e-08}
 Missing cell prob  {'7': 8.0251063276474e-11, '1': 1.8875778187049167e-10, '4': 7.918024324446986e-12, '5': 1.2307726311880555e-10}
 Missing cell prob  {'7': 4.782762743619659e-08, '1': 9.754924127673985e-08, '4': 4.092002234856322e-09, '5': 6.360582073323286e-08}
 Missing cell prob  {'7': 5.766255236809968e-15, '1': 0.34180168424037344, '4': 0.34180168424037344, '5': 4.439499692196768e-08}
 Missing cell prob  {'7': 1.937310629873762e-20, '1': 0.0006526129164369715, '4': 0.0006526129164369715, '5': 8.476479125854892e-11}
 Missing cell prob  {'7': 1.0078469519152732e-17, '1': 0.3395087646085942, '4': 0.3395087646085942, '5': 4.409718048428283e-08}
 Missing cell prob  {'7': 8.79755254978002e-18, '1': 0.29635910413569405, '4': 0.29635910413569405, '5': 1.6146934050275603e-09}
 Missing cell prob  {'7': 6.561503593198396e-15, '1': 0.38894098287352397, '4': 0.38894098287352397, '5': 5.0517696470313666e-08}
 Missing cell prob  {'7': 2.519617379788183e-16, '1': 0.014935333742343314, '4': 0.014935333742343314, '5': 1.939879544460045e-09}
 Missing cell prob  {'7': 6.650430927200726e-15, '1': 0.3942122570868067, '4': 0.3942122570868067, '5': 2.1478399779736373e-09}
 Missing cell prob  {'7': 2.771012886333637e-16, '1': 0.016425510711950277, '4': 0.016425510711950277, '5': 5.085887475512933e-08}
 Missing cell prob  {'7': 5.498470343612513e-15, '1': 0.3259284140242505, '4': 0.3259284140242505, '5': 4.23332932649115e-08}
 Missing cell prob  {'7': 3.4365439647578203e-12, '1': 0.35844800981623964, '4': 0.35844800981623964, '5': 4.655710906704107e-08}
 Missing cell prob  {'7': 2.0972485523420592e-16, '1': 0.29635910413569405, '4': 0.29635910413569405, '5': 3.849267608245201e-08}
 Missing cell prob  {'7': 5.46158477172411e-15, '1': 0.013580350584343764, '4': 0.013580350584343764, '5': 1.7638872193713121e-09}
 Missing cell prob  {'7': 6.00651587167705e-15, '1': 0.014935333742343317, '4': 0.014935333742343317, '5': 4.6244788460383014e-08}
 Missing cell prob  {'7': 1.5016289679192623e-13, '1': 0.3733833435585829, '4': 0.3733833435585829, '5': 1.1561197115095753e-06}
 Missing cell prob  {'7': 6.88106002055287e-15, '1': 0.017109906991614875, '4': 0.017109906991614875, '5': 5.297799453659306e-08}
 Missing cell prob  {'7': 1.2270966810411853e-17, '1': 0.0007273762521439906, '4': 0.0007273762521439906, '5': 3.963062449982309e-12}
 Missing cell prob  {'7': 6.256787366330262e-15, '1': 0.3708785636288775, '4': 0.3708785636288775, '5': 4.8171654646232304e-08}
 Missing cell prob  {'7': 6.047081711491639e-15, '1': 0.017339922474860586, '4': 0.017339922474860586, '5': 1.1098749230491922e-06}
 Missing cell prob  {'7': 6.256787366330262e-15, '1': 0.3708785636288775, '4': 0.3708785636288775, '5': 4.8171654646232304e-08}
 Missing cell prob  {'7': 4.1993622996469716e-19, '1': 0.014146198525358096, '4': 0.014146198525358096, '5': 7.707464743397167e-11}
 Missing cell prob  {'7': 6.650430927200726e-15, '1': 0.3942122570868067, '4': 0.3942122570868067, '5': 5.1202357234913526e-08}
 Missing cell prob  {'7': 1.4318933186490914e-13, '1': 0.3560434210837222, '4': 0.3560434210837222, '5': 4.6244788460383014e-08}
 Missing cell prob  {'7': 1.5747608623676143e-13, '1': 0.3915677498621827, '4': 0.3915677498621827, '5': 2.133431551454731e-09}
 Missing cell prob  {'7': 9.164117239354185e-18, '1': 0.30870740014134795, '4': 0.30870740014134795, '5': 1.6819722969037083e-09}
 Missing cell prob  {'7': 4.0313878076610927e-19, '1': 0.013580350584343764, '4': 0.013580350584343764, '5': 7.39916615366128e-11}
 Missing cell prob  {'7': 3.9369021559190354e-12, '1': 0.410637767798757, '4': 0.410637767798757, '5': 5.333578878636828e-08}
 Missing cell prob  {'7': 1.4318933186490916e-13, '1': 0.3560434210837223, '4': 0.3560434210837223, '5': 1.939879544460045e-09}
 Missing cell prob  {'7': 2.53663396597661e-16, '1': 0.35844800981623964, '4': 0.35844800981623964, '5': 4.655710906704107e-08}
 Missing cell prob  {'7': 5.498470343612513e-15, '1': 0.3259284140242505, '4': 0.3259284140242505, '5': 4.23332932649115e-08}
 Missing cell prob  {'7': 2.2910293098385463e-16, '1': 0.32374197758017104, '4': 0.32374197758017104, '5': 1.7638872193713124e-09}
 Missing cell prob  {'7': 2.519617379788183e-16, '1': 0.3560434210837222, '4': 0.3560434210837222, '5': 1.939879544460045e-09}
 Missing cell prob  {'7': 1.4318933186490916e-13, '1': 0.3560434210837223, '4': 0.3560434210837223, '5': 1.939879544460045e-09}
 Missing cell prob  {'7': 9.226008378895949e-18, '1': 0.31079229847696427, '4': 0.31079229847696427, '5': 1.6933317305964601e-09}
 Missing cell prob  {'7': 5.498470343612513e-15, '1': 0.3259284140242505, '4': 0.3259284140242505, '5': 4.23332932649115e-08}
 Missing cell prob  {'7': 3.4365439647578203e-12, '1': 0.35844800981623964, '4': 0.35844800981623964, '5': 1.9529807905969663e-09}
 Missing cell prob  {'7': 2.3864888644151536e-16, '1': 0.014146198525358096, '4': 0.014146198525358096, '5': 1.8373825201784505e-09}
 Missing cell prob  {'7': 2.624601437279357e-16, '1': 0.015557639314940957, '4': 0.015557639314940957, '5': 8.476479125854886e-11}
 Missing cell prob  {'7': 6.256787366330262e-15, '1': 0.3708785636288775, '4': 0.3708785636288775, '5': 1.148364075111532e-06}
 Missing cell prob  {'7': 7.670182761791176e-15, '1': 0.45465926823282293, '4': 0.45465926823282293, '5': 5.905353233878551e-08}
 Missing cell prob  {'7': 1.3746175859031282e-13, '1': 0.34180168424037344, '4': 0.34180168424037344, '5': 1.0583323316227875e-06}
 Missing cell prob  {'7': 3.754072419798155e-12, '1': 0.3915677498621827, '4': 0.3915677498621827, '5': 1.212424715287528e-06}
 Missing cell prob  {'7': 3.963490571838453e-12, '1': 0.4134110670401514, '4': 0.4134110670401514, '5': 1.2800589308728384e-06}
 Missing cell prob  {'7': 1.2270966810411853e-17, '1': 0.017339922474860592, '4': 0.017339922474860592, '5': 2.2522001511181122e-09}
 Missing cell prob  {'7': 1.1009696032884593e-17, '1': 0.015557639314940957, '4': 0.015557639314940957, '5': 2.0207078588125468e-09}
 Missing cell prob  {'7': 3.754072419798155e-12, '1': 0.016425510711950277, '4': 0.016425510711950277, '5': 5.085887475512933e-08}
 Missing cell prob  {'7': 8.042864902583376e-15, '1': 0.0008389093656641352, '4': 0.0008389093656641352, '5': 4.570743403022e-12}
 Missing cell prob  {'7': 1.5853962287353807e-13, '1': 0.3942122570868067, '4': 0.3942122570868067, '5': 1.2206129941231037e-06}
 Missing cell prob  {'7': 9.10264128620685e-18, '1': 0.0005395699626336184, '4': 0.0005395699626336184, '5': 7.008217903765453e-11}
 Missing cell prob  {'7': 6.9275322158340914e-15, '1': 0.410637767798757, '4': 0.410637767798757, '5': 1.2714718688782334e-06}
 Missing cell prob  {'7': 1.651454404932688e-13, '1': 0.4106377677987569, '4': 0.4106377677987569, '5': 1.2714718688782328e-06}
 Missing cell prob  {'7': 1.5016289679192623e-13, '1': 0.3733833435585829, '4': 0.3733833435585829, '5': 1.1561197115095749e-06}
 Missing cell prob  {'7': 4.1565193295004536e-12, '1': 0.4335448918160906, '4': 0.4335448918160906, '5': 3.200147327182095e-05}
 Missing cell prob  {'7': 2.502714946532105e-16, '1': 0.014835142545155099, '4': 0.014835142545155099, '5': 4.593456300446128e-08}
 Missing cell prob  {'7': 2.624601437279357e-16, '1': 0.015557639314940957, '4': 0.015557639314940957, '5': 2.020707858812547e-09}
 Missing cell prob  {'7': 2.519617379788183e-16, '1': 0.014935333742343314, '4': 0.014935333742343314, '5': 1.9398795444600443e-09}
 Missing cell prob  {'7': 1.5641968415825654e-13, '1': 0.01631532291092428, '4': 0.01631532291092428, '5': 2.1191197814637216e-09}
 Missing cell prob  {'7': 2.6423270478923023e-16, '1': 0.3733833435585829, '4': 0.3733833435585829, '5': 1.1561197115095749e-06}
 Missing cell prob  {'7': 5.9662221610378835e-15, '1': 0.014835142545155099, '4': 0.014835142545155099, '5': 1.9268661858492926e-09}
 Missing cell prob  {'7': 1.5016289679192615e-13, '1': 0.015662709994487302, '4': 0.015662709994487302, '5': 2.7560737802676756e-05}
 Missing cell prob  {'7': 4.128636012331721e-12, '1': 0.01806437049233711, '4': 0.01806437049233711, '5': 5.593333275973014e-08}
 Missing cell prob  {'7': 2.9056520529237727e-16, '1': 0.0007224967697858582, '4': 0.0007224967697858582, '5': 9.384167296325467e-11}
 Missing cell prob  {'7': 4.1565193295004536e-12, '1': 0.4335448918160907, '4': 0.4335448918160907, '5': 1.3423999862335234e-06}
 Missing cell prob  {'7': 5.9662221610378835e-15, '1': 0.014835142545155099, '4': 0.014835142545155099, '5': 1.9268661858492922e-09}
 Missing cell prob  {'7': 6.561503593198396e-15, '1': 0.01631532291092428, '4': 0.01631532291092428, '5': 2.119119781463723e-09}
 Missing cell prob  {'7': 1.0078469519152732e-17, '1': 0.3395087646085942, '4': 0.3395087646085942, '5': 1.8497915384153206e-09}
 Missing cell prob  {'7': 4.128636012331722e-12, '1': 0.43063652816682435, '4': 0.43063652816682435, '5': 1.333394719659207e-06}
 Missing cell prob  {'7': 2.5803975077073264e-09, '1': 0.4736034044091906, '4': 0.4736034044091906, '5': 0.0008333716997870042}
 Missing cell prob  {'7': 5.361909935055586e-19, '1': 3.17833632276238e-05, '4': 3.17833632276238e-05, '5': 9.841192265117526e-11}
 Missing cell prob  {'7': 9.610425394683279e-18, '1': 0.013580350584343768, '4': 0.013580350584343768, '5': 7.39916615366128e-11}
 Missing cell prob  {'7': 9.675330738386625e-18, '1': 0.3259284140242505, '4': 0.3259284140242505, '5': 4.233329326491151e-08}
 Missing cell prob  {'7': 3.5797332966227286e-12, '1': 0.015662709994487302, '4': 0.015662709994487302, '5': 1.1561197115095749e-06}
 Missing cell prob  {'7': 5.727573274596368e-15, '1': 0.01642373648794075, '4': 0.01642373648794075, '5': 4.409718048428283e-08}
 Missing cell prob  {'7': 2.2910293098385463e-16, '1': 0.013580350584343768, '4': 0.013580350584343768, '5': 1.7638872193713124e-09}
 Timepoint  2
SortedDict({2: {'6': ['0', '1', '2', '3', '4', '5', '6', '7', '8', '9', '10', '11', '12', '13', '14', '15', '16', '17', '18', '19', '20', '21', '22', '23', '24', '25', '26', '27', '28', '29', '30', '31', '32', '33', '34', '35', '36', '37', '38', '39', '40', '41', '42', '43', '44', '45', '46', '47', '48', '49'], '4': ['62', '98', '90', '74', '81', '82', '51', '58', '60'], '1': ['50', '52', '53', '54', '55', '56', '57', '59', '61', '63', '64', '65', '66', '67', '68', '69', '70', '71', '72', '73', '75', '76', '77', '78', '79', '80', '83', '84', '85', '86', '87', '88', '89', '91', '92', '93', '94', '95', '96', '97', '99']}, 3: {'4': ['155', '166', '174', '181', '202', '239', '544', '584', '585'], '5': ['359', '598'], '7': ['531', '532', '533', '534', '535', '536', '537', '538', '539', '540', '541', '542', '543', '546', '547', '548', '549', '551', '552', '553', '554', '555', '556', '557', '558', '559', '560', '561', '562', '563', '564', '565', '566', '567', '568', '569', '570', '571', '572', '573', '574', '575', '576', '577', '578', '579', '580', '581', '582', '583', '586', '587', '588', '589', '590', '591', '592', '593', '594', '595', '596', '597', '599'], '1': ['101', '102', '103', '106', '107', '109', '110', '111', '113', '114', '116', '117', '118', '119', '120', '123', '125', '126', '127', '129', '130', '131', '133', '134', '135', '136', '137', '139', '141', '142', '143', '145', '146', '147', '148', '149', '150', '151', '152', '154', '157', '158', '159', '160', '161', '162', '163', '164', '165', '167', '168', '169', '171', '172', '173', '175', '176', '177', '179', '180', '183', '184', '185', '186', '187', '188', '189', '190', '191', '192', '193', '194', '195', '196', '197', '198', '199', '201', '203', '204', '205', '206', '207', '208', '209', '210', '211', '212', '213', '215', '216', '217', '219', '220', '222', '223', '224', '225', '226', '227', '228', '230', '231', '232', '233', '234', '235', '236', '238', '240', '241', '242', '243', '244', '245', '246', '247', '248', '249', '250', '251', '252', '254', '255', '256', '257', '258', '259', '261', '262', '263', '265', '266', '267', '268', '269', '270', '272', '273', '276', '278', '279', '280', '283', '285', '286', '287', '288', '289', '291', '292', '293', '294', '295', '296', '297', '298', '299', '300', '301', '303', '304', '305', '306', '307', '309', '310', '311', '312', '313', '314', '315', '316', '317', '318', '319', '320', '321', '322', '323', '324', '325', '326', '327', '328', '330', '331', '332', '333', '334', '335', '336', '337', '338', '339', '340', '341', '342', '343', '344', '345', '346', '347', '350', '351', '352', '353', '357', '358', '360', '361', '362', '363', '364', '366', '367', '368', '369', '370', '371', '372', '373', '374', '375', '376', '377', '378', '381', '384', '385', '386', '387', '388', '389', '390', '391', '392', '393', '394', '396', '397', '399', '400', '401', '402', '403', '404', '405', '406', '408', '409', '410', '411', '413', '414', '415', '416', '417', '418', '419', '420', '421', '422', '423', '424', '425', '426', '427', '428', '429', '430', '432', '433', '434', '435', '436', '437', '438', '439', '440', '442', '444', '445', '446', '447', '448', '449', '450', '451', '452', '453', '454', '457', '458', '459', '460', '461', '463', '464', '465', '466', '467', '469', '470', '473', '475', '476', '477', '479', '480', '483', '484', '485', '486', '487', '488', '490', '494', '495', '497', '498', '499', '500', '501', '503', '504', '506', '507', '508', '509', '510', '511', '512', '513', '514', '515', '516', '518', '519', '520', '524', '525', '526', '527', '528', '529', '530', '517', '521', '522', '523', '545', '550', '100', '104', '105', '108', '112', '115', '121', '122', '124', '128', '132', '138', '140', '144', '153', '156', '170', '178', '182', '200', '214', '218', '221', '229', '237', '253', '260', '264', '271', '274', '275', '277', '281', '282', '284', '290', '302', '308', '329', '348', '349', '354', '355', '356', '365', '379', '380', '382', '383', '395', '398', '407', '412', '431', '441', '443', '455', '456', '462', '468', '471', '472', '474', '478', '481', '482', '489', '491', '492', '493', '496', '502', '505']}})
 Cluster1  4
 Cluster to drop  1
 Timepoint  3
 After reassigning and merging cells 
 Timepoint  2
 Cluster  6  # of cells  50
 Cluster  4  # of cells  50
 Timepoint  3
 Cluster  4  # of cells  9
 Cluster  5  # of cells  2
 Cluster  7  # of cells  63
 Cluster  1  # of cells  426
 Tp cluster cell dict  {'6_2': 50, '4_2': 50, '4_3': 9, '5_3': 2, '7_3': 63, '1_3': 426}
 New Graph is here 
 ID  0  Timepoint  1  Mutations  []  Type  subclone
 ID  1  Timepoint  2  Mutations  [0, 1, 2, 3, 4, 5, 9, 10, 11, 12, 13, 14]  Type  subclone
 ID  2  Timepoint  2  Mutations  [6, 7, 8]  Type  subclone
 ID  3  Timepoint  3  Mutations  [6, 7, 8, 21]  Type  subclone
 ID  4  Timepoint  3  Mutations  [6, 7, 8, 9, 15, 16, 17, 18, 19, 20, 21, 22, 23, 24, 25, 26, 27]  Type  subclone
 ID  5  Timepoint  3  Mutations  [6, 7, 8, 15, 16, 17, 18, 19, 20, 21, 22, 23, 24, 25, 26, 27]  Type  subclone
 ID  6  Timepoint  3  Mutations  [6, 7, 8]  Type  subclone
Timepoints  SortedDict({1: [0], 2: [1, 2], 3: [3, 4, 5, 6]})
 Clone to nodes  {'6_2': 1, '4_2': 2, '4_3': 3, '5_3': 4, '7_3': 5, '1_3': 6}
 Timepoint ====  1
 Hash table  {'0': [0, 1, 2, 3, 4, 5, 9, 10, 11, 12, 13, 14], '1': [6, 7, 8]}
 Final possible usc  [[0, 1, 2, 3, 4, 5, 9, 10, 11, 12, 13, 14], [6, 7, 8]]
 Time  1  USC keys  {'0,1,2,3,4,5,9,10,11,12,13,14_0', '6,7,8_0'}
 USC children  {'0,1,2,3,4,5,9,10,11,12,13,14_0': [1], '6,7,8_0': [2]}
 USC children  {'0,1,2,3,4,5,9,10,11,12,13,14_0': [1], '6,7,8_0': [2]}
 Timepoint ====  2
 Hash table  {'0,1,2': [6, 7, 8, 21], '1': [9], '1,2': [15, 16, 17, 18, 19, 20, 22, 23, 24, 25, 26, 27]}
====== Inside find superset of t nodes ==========
 Final possible usc  [[6, 7, 8, 21]]
 Time  2  USC keys  {'6,7,8,21_2'}
 USC children  {'0,1,2,3,4,5,9,10,11,12,13,14_0': [1], '6,7,8_0': [2], '6,7,8,21_2': [3, 4, 5]}
 USC children  {'0,1,2,3,4,5,9,10,11,12,13,14_0': [1], '6,7,8_0': [2], '6,7,8,21_2': [3, 4, 5]}
 Node s  {'1': ['0', '1', '2', '3', '4', '5', '9', '10', '11', '12', '13', '14'], '2': ['6', '7', '8'], '3,4,5': ['6', '7', '8', '21']}
 Enroll USC nodes  ['1']  len  1
 Enroll USC nodes  ['2']  len  1
 Enroll USC nodes  ['3', '4', '5']  len  3
 Node TP  SortedDict({1: [0], 2: [1, 2], 3: [3, 4, 5, 6]})
 Unobserved subclones at timepoints  {2.5: [7]}
 ============== Inside finding node v ============ 
 Time  2
 largest_v_mut  [[]]
 largest_v_mut  [[]]
 Time  3
 Sorted all timepoints  [1, 2, 2.5, 3]
 Timepoint  2
 Timepoint  3
 Inside usc_node check  3
0   1   [-1]   subclone   []   []
1   2   [0]   subclone   [0, 1, 2, 3, 4, 5, 9, 10, 11, 12, 13, 14]   [12]
2   2   [0]   subclone   [6, 7, 8]   [3]
3   3   [7]   subclone   [6, 7, 8, 21]   [0]
4   3   [7]   subclone   [6, 7, 8, 9, 15, 16, 17, 18, 19, 20, 21, 22, 23, 24, 25, 26, 27]   [13]
5   3   [7]   subclone   [6, 7, 8, 15, 16, 17, 18, 19, 20, 21, 22, 23, 24, 25, 26, 27]   [12]
6   3   [2]   subclone   [6, 7, 8]   [0]
7   2.5   [2]   unobserved subclone   [6, 7, 8, 21]   [1]
23
 Total estimated FP  90  True negatives  10805
 Total estimated FN  503  True positives  2042
 Estimated FP rate  0.04221
 Estimated FN rate  0.04
 No. of Cells in each cluster  {'19_2': 49, '18_2': 1, '6_2': 1, '6_3': 3, '20_2': 2, '20_3': 3, '16_3': 1, '12_3': 1, '3_3': 4, '1_3': 69, '0_2': 47, '0_3': 419}
 Cells in each cluster  {'19_2': [0, 1, 2, 3, 4, 5, 6, 7, 8, 9, 10, 11, 12, 13, 14, 15, 16, 17, 18, 19, 20, 21, 22, 23, 24, 25, 26, 27, 28, 29, 30, 31, 32, 33, 34, 35, 36, 37, 38, 40, 41, 42, 43, 44, 45, 46, 47, 48, 49], '18_2': [39], '6_2': [51], '6_3': [246, 361, 453], '20_2': [66, 98], '20_3': [169, 195, 213], '16_3': [166], '12_3': [359], '3_3': [368, 375, 387, 524], '1_3': [531, 532, 533, 534, 535, 536, 537, 538, 539, 540, 541, 542, 543, 544, 545, 546, 547, 548, 549, 550, 551, 552, 553, 554, 555, 556, 557, 558, 559, 560, 561, 562, 563, 564, 565, 566, 567, 568, 569, 570, 571, 572, 573, 574, 575, 576, 577, 578, 579, 580, 581, 582, 583, 584, 585, 586, 587, 588, 589, 590, 591, 592, 593, 594, 595, 596, 597, 598, 599], '0_2': [62, 57, 95, 63, 67, 76, 96, 64, 83, 99, 50, 52, 53, 54, 55, 58, 59, 60, 61, 65, 68, 69, 70, 71, 72, 73, 74, 75, 77, 78, 79, 80, 81, 82, 84, 85, 86, 87, 88, 89, 90, 91, 92, 93, 94, 97, 56], '0_3': [152, 155, 174, 181, 192, 202, 239, 392, 217, 328, 347, 465, 516, 355, 433, 507, 156, 262, 495, 187, 245, 500, 525, 101, 194, 342, 471, 120, 135, 454, 357, 422, 445, 159, 204, 339, 399, 388, 446, 199, 244, 324, 379, 438, 491, 119, 130, 137, 288, 295, 100, 102, 103, 104, 105, 106, 107, 108, 109, 110, 111, 112, 113, 114, 115, 116, 117, 118, 121, 122, 123, 124, 125, 126, 127, 128, 129, 131, 132, 133, 134, 136, 138, 139, 140, 141, 142, 143, 144, 145, 146, 147, 148, 149, 150, 151, 153, 154, 157, 158, 160, 161, 162, 163, 164, 165, 167, 168, 170, 171, 172, 173, 175, 176, 177, 178, 179, 180, 182, 183, 184, 185, 186, 188, 189, 190, 191, 193, 196, 197, 198, 200, 201, 203, 205, 206, 207, 208, 209, 210, 211, 212, 214, 215, 216, 218, 219, 220, 221, 222, 223, 224, 225, 226, 227, 228, 229, 230, 231, 232, 233, 234, 235, 236, 237, 238, 240, 241, 242, 243, 247, 248, 249, 250, 251, 252, 253, 254, 255, 256, 257, 258, 259, 260, 261, 263, 264, 265, 266, 267, 268, 269, 270, 271, 272, 273, 274, 275, 276, 277, 278, 279, 280, 281, 282, 283, 284, 285, 286, 287, 289, 290, 291, 292, 293, 294, 296, 297, 298, 299, 300, 301, 302, 303, 304, 305, 306, 307, 308, 309, 310, 311, 312, 313, 314, 315, 317, 318, 319, 321, 322, 323, 325, 326, 327, 329, 330, 331, 332, 333, 334, 335, 336, 337, 338, 340, 341, 343, 344, 345, 346, 348, 349, 350, 351, 352, 353, 354, 356, 358, 360, 362, 363, 364, 365, 366, 367, 369, 370, 371, 372, 373, 374, 376, 377, 378, 380, 381, 382, 383, 384, 385, 386, 389, 390, 391, 393, 394, 395, 396, 397, 398, 400, 401, 402, 403, 404, 405, 406, 407, 408, 409, 410, 411, 412, 413, 414, 415, 416, 417, 418, 419, 420, 421, 423, 424, 425, 426, 427, 428, 429, 430, 431, 432, 434, 435, 436, 437, 439, 440, 441, 442, 443, 444, 447, 448, 449, 450, 451, 452, 455, 456, 457, 458, 459, 460, 461, 462, 463, 464, 466, 467, 468, 469, 470, 472, 473, 474, 475, 476, 477, 478, 479, 480, 481, 482, 483, 484, 485, 486, 487, 488, 489, 490, 492, 493, 494, 496, 497, 498, 501, 502, 503, 504, 505, 506, 508, 509, 510, 511, 512, 513, 514, 515, 517, 518, 519, 520, 522, 523, 526, 527, 528, 529, 530, 316, 320, 499, 521]}
FP rate  0.04221 FN rate  0.04
 Before reassigning cells 
 Timepoint  2
 Cluster  19  # of cells  49
 Cluster  18  # of cells  1
 Cluster  20  # of cells  2
 Cluster  0  # of cells  38
 Timepoint  3
 Cluster  6  # of cells  4
 Cluster  20  # of cells  3
 Cluster  16  # of cells  1
 Cluster  12  # of cells  3
 Cluster  3  # of cells  5
 Cluster  1  # of cells  62
 Cluster  0  # of cells  256
 Cells absent at timepoint  2   {70, 73, 50, 51, 53, 55, 89, 60, 61, 95}
 Missing cell prob  {'0': 0.35767613612950017, '18': 2.8134543066824537e-16, '19': 1.1749775239593035e-17, '20': 0.35767613612950017}
 Missing cell prob  {'0': 0.4437501096476356, '18': 2.0012852215291373e-13, '19': 3.490505882189833e-16, '20': 0.4437501096476356}
 Missing cell prob  {'0': 0.46223969754962047, '18': 1.9800826989472877e-13, '19': 3.453525881042037e-16, '20': 0.019304427799397384}
 Missing cell prob  {'0': 0.01718281927510866, '18': 1.7624662859389547e-13, '19': 3.0739741002687565e-16, '20': 0.01718281927510866}
 Missing cell prob  {'0': 0.40427442325111695, '18': 1.5623686021291172e-13, '19': 6.524890016095876e-15, '20': 0.40427442325111695}
 Missing cell prob  {'0': 0.3568527358577853, '18': 6.384028430223613e-15, '19': 2.6661495443567435e-16, '20': 0.3568527358577853}
 Missing cell prob  {'0': 0.442728559916051, '18': 1.896503408224722e-13, '19': 7.92033079578915e-15, '20': 0.442728559916051}
 Missing cell prob  {'0': 0.4052072440942923, '18': 1.6486894673967512e-13, '19': 2.8755322939204513e-16, '20': 0.01692259238848985}
 Missing cell prob  {'0': 0.0006769036955395939, '18': 3.781111365922539e-12, '19': 6.594757869587004e-15, '20': 0.0006769036955395939}
 Missing cell prob  {'0': 0.016419645862291277, '18': 1.5996897266140462e-13, '19': 2.7900702710224234e-16, '20': 0.016419645862291277}
 Cells absent at timepoint  3   {513, 515, 516, 520, 521, 526, 528, 544, 584, 585, 102, 103, 104, 107, 112, 113, 116, 118, 121, 124, 126, 127, 129, 133, 134, 135, 136, 137, 140, 143, 145, 147, 148, 151, 155, 165, 171, 175, 176, 178, 179, 180, 181, 183, 188, 194, 196, 199, 200, 204, 205, 210, 215, 216, 217, 218, 223, 225, 226, 230, 232, 233, 234, 235, 245, 246, 247, 254, 255, 256, 260, 261, 262, 263, 264, 265, 268, 282, 284, 285, 286, 289, 297, 298, 299, 300, 301, 309, 312, 318, 319, 320, 323, 327, 328, 333, 337, 339, 342, 344, 345, 349, 350, 354, 356, 357, 361, 362, 364, 367, 370, 374, 379, 382, 383, 390, 392, 393, 396, 397, 400, 405, 406, 407, 410, 411, 414, 417, 418, 425, 426, 429, 430, 431, 432, 433, 434, 438, 442, 443, 444, 448, 456, 457, 463, 465, 470, 471, 472, 475, 477, 478, 479, 480, 482, 486, 488, 489, 491, 494, 495, 496, 498, 502, 503, 511}
 Missing cell prob  {'0': 0.01555995817322082, '12': 4.7333345029081134e-08, '3': 0.01555995817322082, '1': 2.511339078016667e-16, '16': 1.1333851133850905e-06, '20': 0.0006498275477180101, '6': 2.713862319372764e-05}
 Missing cell prob  {'0': 0.01555995817322082, '12': 4.733334502908113e-08, '3': 0.01555995817322082, '1': 2.511339078016667e-16, '16': 4.7333345029081134e-08, '20': 0.0006498275477180101, '6': 0.0006498275477180101}
 Missing cell prob  {'0': 0.0007159508031295275, '12': 2.1779201467713825e-09, '3': 2.990011602249042e-05, '1': 3.608003183300376e-12, '16': 5.2149753434404054e-08, '20': 0.0007159508031295275, '6': 1.2487128085484467e-06}
 Missing cell prob  {'0': 0.35767613612950017, '12': 1.89770247039196e-09, '3': 0.35767613612950017, '1': 2.410885514896001e-16, '16': 1.0880497088496868e-06, '20': 0.014937559846291993, '6': 0.00062383444580929}
 Missing cell prob  {'0': 0.0006857305197294301, '12': 2.0859901373761624e-09, '3': 0.0006857305197294301, '1': 2.6500905620770883e-16, '16': 4.9948512341937866e-08, '20': 0.0006857305197294301, '6': 1.196004640899617e-06}
 Missing cell prob  {'0': 0.015524137852842894, '12': 8.236555861076217e-11, '3': 0.015524137852842894, '1': 2.505557766180817e-16, '16': 1.130775966405319e-06, '20': 0.0006483315905508679, '6': 0.0006483315905508679}
 Missing cell prob  {'0': 0.38989652863080604, '12': 4.953336510069952e-08, '3': 0.01628317391623659, '1': 1.5068034468100005e-13, '16': 2.840000701744868e-05, '20': 0.38989652863080604, '6': 0.016283173916236588}
 Missing cell prob  {'0': 1.4707185955176186e-06, '12': 1.2602778548774964e-06, '3': 6.142133851961781e-08, '1': 4.999212203688347e-08, '16': 5.833978850336734e-08, '20': 1.4707185955176186e-06, '6': 1.3969316507660057e-06}
 Missing cell prob  {'0': 2.367409337282702e-09, '12': 6.84034020201982e-15, '3': 9.88696619209932e-11, '1': 7.643476210581355e-11, '16': 2.135819286198826e-09, '20': 9.88696619209932e-11, '6': 4.129074720804902e-12}
 Missing cell prob  {'0': 6.680019728534982e-08, '12': 1.1066306760967523e-10, '3': 6.680019728534982e-08, '1': 5.437008855986552e-08, '16': 2.649799488146771e-09, '20': 2.7897638223556236e-09, '6': 2.7897638223556236e-09}
 Missing cell prob  {'0': 0.014903172338729172, '12': 7.907093626633167e-11, '3': 0.014903172338729172, '1': 1.0045356312066672e-17, '16': 4.533540453540362e-08, '20': 0.0006223983269288329, '6': 2.5993101908720398e-05}
 Missing cell prob  {'0': 0.014274109434311412, '12': 1.8134161814161449e-09, '3': 0.014274109434311412, '1': 9.621341822134338e-18, '16': 4.342179710996423e-08, '20': 0.0005961268935491668, '6': 2.4895933077153318e-05}
 Missing cell prob  {'0': 0.0007067349790033244, '12': 8.978526140599484e-11, '3': 2.9515237327736732e-05, '1': 1.9894494195831637e-20, '16': 1.2326391934656547e-06, '20': 0.0007067349790033244, '6': 2.9515237327736732e-05}
 Missing cell prob  {'0': 0.015559958173220824, '12': 4.7333345029081134e-08, '3': 0.0006498275477180102, '1': 1.0488057206764184e-17, '16': 1.1333851133850903e-06, '20': 0.0006498275477180101, '6': 0.015559958173220824}
 Missing cell prob  {'0': 0.4230648097122462, '12': 5.3747140951279856e-08, '3': 0.01766837447508311, '1': 6.828162243987101e-15, '16': 0.0007378809331934184, '20': 0.4230648097122462, '6': 0.0007378809331934185}
 Missing cell prob  {'0': 0.014903172338729169, '12': 1.893333801163245e-09, '3': 0.014903172338729169, '1': 1.0045356312066669e-17, '16': 4.5335404535403615e-08, '20': 0.0006223983269288329, '6': 2.5993101908720398e-05}
 Missing cell prob  {'0': 0.40707934790591466, '12': 1.238334127517488e-06, '3': 0.40707934790591466, '1': 1.5732085810146277e-13, '16': 1.2383341275174879e-06, '20': 0.40707934790591466, '6': 0.0007100001754362172}
 Missing cell prob  {'0': 0.3725793084682293, '12': 4.7333345029081134e-08, '3': 0.015559958173220824, '1': 1.0488057206764184e-17, '16': 1.1333851133850903e-06, '20': 0.3725793084682293, '6': 0.0006498275477180102}
 Missing cell prob  {'0': 0.4250194175194089, '12': 2.2550019895627347e-09, '3': 0.4250194175194089, '1': 6.8597091344972074e-15, '16': 0.0007412900274968594, '20': 0.017750004385905425, '6': 0.0007412900274968594}
 Missing cell prob  {'0': 0.35767613612950017, '12': 4.5440011227917894e-08, '3': 0.35767613612950017, '1': 5.772805093280603e-15, '16': 2.6053078265978543e-05, '20': 0.014937559846291993, '6': 0.014937559846291993}
 Missing cell prob  {'0': 0.46330626718553714, '12': 3.374716180598894e-05, '3': 0.019348970742460756, '1': 1.0265876268640748e-10, '16': 0.019348970742460753, '20': 0.019348970742460756, '6': 0.46330626718553714}
 Missing cell prob  {'0': 0.0005947545597629758, '12': 7.555900755900607e-11, '3': 0.0005947545597629758, '1': 4.0088924258893074e-19, '16': 1.8092415462485109e-09, '20': 2.4838620564548616e-05, '6': 1.0373305448813882e-06}
 Missing cell prob  {'0': 0.3725793084682293, '12': 1.976773406658292e-09, '3': 0.3725793084682293, '1': 2.511339078016668e-16, '16': 2.713862319372764e-05, '20': 0.015559958173220824, '6': 0.01555995817322082}
 Missing cell prob  {'0': 0.4240409874019945, '12': 1.289931382830717e-06, '3': 0.4240409874019945, '1': 3.923967309401044e-12, '16': 3.0887084479035804e-05, '20': 0.4240409874019945, '6': 0.017709142396642043}
 Missing cell prob  {'0': 0.4230648097122462, '12': 2.244631535149871e-09, '3': 0.4230648097122462, '1': 6.828162243987101e-15, '16': 3.0815979836641364e-05, '20': 0.4230648097122462, '6': 0.0007378809331934185}
 Missing cell prob  {'0': 0.019511137633569476, '12': 3.232269410615815e-05, '3': 0.019511137633569476, '1': 4.323250924780431e-12, '16': 0.0007739588296984302, '20': 0.0008148398974125634, '6': 0.019511137633569476}
 Missing cell prob  {'0': 0.37343899615729975, '12': 1.981334604027981e-09, '3': 0.37343899615729975, '1': 6.027213787240002e-15, '16': 2.720124272124218e-05, '20': 0.015595861145232245, '6': 0.0006513269566494637}
 Missing cell prob  {'0': 0.0007159508031295275, '12': 2.1779201467713825e-09, '3': 0.0007159508031295275, '1': 2.766880591859477e-16, '16': 2.177920146771383e-09, '20': 0.0007159508031295275, '6': 1.2487128085484467e-06}
 Missing cell prob  {'0': 0.01624568869295025, '12': 2.0638902125291476e-09, '3': 0.0006784655798431912, '1': 6.278347695041668e-15, '16': 1.1833336257270281e-06, '20': 0.0006784655798431912, '6': 0.01624568869295025}
 Missing cell prob  {'0': 0.016961639496079782, '12': 1.2354833791614324e-06, '3': 0.016961639496079782, '1': 6.555035754227615e-15, '16': 5.1597255313228675e-08, '20': 0.016961639496079782, '6': 0.016961639496079782}
 Missing cell prob  {'0': 0.38989652863080604, '12': 2.0686524227941213e-09, '3': 0.01628317391623659, '1': 4.583691462719605e-19, '16': 1.186064043994975e-06, '20': 0.38989652863080604, '6': 0.01628317391623659}
 Missing cell prob  {'0': 0.01848958790198482, '12': 2.3489604057945154e-09, '3': 0.01848958790198482, '1': 2.9841741293747445e-16, '16': 3.2248284570767924e-05, '20': 0.01848958790198482, '6': 3.224828457076792e-05}
 Missing cell prob  {'0': 0.01844702332983546, '12': 5.611578837874677e-08, '3': 0.01844702332983546, '1': 2.9773043118477464e-16, '16': 1.3436785237819966e-06, '20': 0.000770399495916034, '6': 0.0007703994959160342}
 Missing cell prob  {'0': 0.0006209655141137158, '12': 3.294622344430488e-12, '3': 2.5933263622034705e-05, '1': 4.1855651300277806e-19, '16': 1.888975188975152e-09, '20': 0.0006209655141137158, '6': 2.5933263622034705e-05}
 Missing cell prob  {'0': 0.016457532473506325, '12': 1.198764296206509e-06, '3': 0.0006873127710043464, '1': 6.0411209510961716e-15, '16': 0.0006528298253098121, '20': 0.0006873127710043464, '6': 0.016457532473506325}
 Missing cell prob  {'0': 0.0006483315905508677, '12': 8.236555861076216e-11, '3': 2.707614782158375e-05, '1': 1.8250446699805776e-20, '16': 1.9722227095450473e-09, '20': 0.0006483315905508677, '6': 2.707614782158375e-05}
 Missing cell prob  {'0': 0.01624568869295025, '12': 8.619385094975503e-11, '3': 0.01624568869295025, '1': 1.5033346597084902e-13, '16': 2.8334627834627264e-05, '20': 0.0006784655798431912, '6': 2.8334627834627257e-05}
 Missing cell prob  {'0': 0.016208289763771692, '12': 2.0591389652690544e-09, '3': 0.0006769036955395941, '1': 2.615978206267363e-16, '16': 4.930556773862619e-08, '20': 0.016208289763771692, '6': 2.8269399160132966e-05}
 Missing cell prob  {'0': 0.37343899615729975, '12': 2.7201242721242176e-05, '3': 0.37343899615729975, '1': 6.027213787240002e-15, '16': 2.720124272124218e-05, '20': 0.015595861145232245, '6': 0.37343899615729975}
 Missing cell prob  {'0': 0.017143262993235753, '12': 1.1860640439949754e-06, '3': 0.0007159508031295275, '1': 6.2928343240585104e-15, '16': 1.2487128085484467e-06, '20': 0.017143262993235753, '6': 0.0007159508031295274}
 Missing cell prob  {'0': 0.3725793084682293, '12': 4.7333345029081134e-08, '3': 0.3725793084682293, '1': 2.511339078016668e-16, '16': 1.1333851133850903e-06, '20': 0.015559958173220824, '6': 0.015559958173220824}
 Missing cell prob  {'0': 0.01624568869295025, '12': 4.94193351664573e-08, '3': 0.0006784655798431912, '1': 1.0950268019883465e-17, '16': 4.941933516645729e-08, '20': 0.01624568869295025, '6': 0.0006784655798431912}
 Missing cell prob  {'0': 0.019421408505032756, '12': 2.4673410702780223e-09, '3': 0.019421408505032756, '1': 4.087465947292754e-12, '16': 3.2174046332328986e-05, '20': 0.0008110925570337028, '6': 3.3873502836058117e-05}
 Missing cell prob  {'0': 0.37343899615729975, '12': 1.981334604027981e-09, '3': 0.015595861145232245, '1': 1.0512257299088126e-17, '16': 1.136000280697947e-06, '20': 0.37343899615729975, '6': 0.0006513269566494636}
 Missing cell prob  {'0': 0.37343899615729975, '12': 1.1360002806979477e-06, '3': 0.015595861145232242, '1': 1.4432012733201506e-13, '16': 1.1360002806979473e-06, '20': 0.37343899615729975, '6': 0.0006513269566494638}
 Missing cell prob  {'0': 0.01645753247350632, '12': 5.006376329702789e-08, '3': 0.01645753247350632, '1': 2.656205368185097e-16, '16': 1.198764296206509e-06, '20': 0.0006873127710043461, '6': 2.8704111381590798e-05}
 Missing cell prob  {'0': 0.0006483315905508679, '12': 1.9722227095450477e-09, '3': 0.0006483315905508679, '1': 1.0463912825069452e-17, '16': 4.722437972437876e-08, '20': 2.7076147821583753e-05, '6': 1.1307759664053187e-06}
 Missing cell prob  {'0': 3.29426047805187e-05, '12': 9.518363397944305e-11, '3': 1.375775682791372e-06, '1': 1.2092351040087162e-17, '16': 2.3995345899210695e-09, '20': 3.29426047805187e-05, '6': 3.128985206064243e-05}
 Missing cell prob  {'0': 0.015524137852842894, '12': 8.236555861076217e-11, '3': 0.0006483315905508679, '1': 4.370023836151745e-19, '16': 1.1307759664053185e-06, '20': 0.015524137852842894, '6': 0.0006483315905508679}
 Missing cell prob  {'0': 0.0006841519109288029, '12': 3.629866911285637e-12, '3': 2.857210498872625e-05, '1': 4.611467653099129e-19, '16': 2.0811880142474115e-09, '20': 0.0006841519109288029, '6': 1.193251338549212e-06}
 Missing cell prob  {'0': 0.01552413785284289, '12': 8.236555861076215e-11, '3': 0.0006483315905508677, '1': 4.370023836151745e-19, '16': 4.722437972437876e-08, '20': 0.01552413785284289, '6': 2.707614782158375e-05}
 Missing cell prob  {'0': 0.0006483315905508679, '12': 8.236555861076217e-11, '3': 0.0006483315905508679, '1': 4.370023836151745e-19, '16': 4.722437972437879e-08, '20': 2.707614782158375e-05, '6': 1.130775966405319e-06}
 Missing cell prob  {'0': 0.3568527358577853, '12': 1.8933338011632456e-09, '3': 0.014903172338729172, '1': 4.1952228827056736e-19, '16': 1.0855449277491056e-06, '20': 0.3568527358577853, '6': 0.000622398326928833}
 Missing cell prob  {'0': 0.014903172338729169, '12': 7.907093626633169e-11, '3': 0.014903172338729169, '1': 2.4053354555335845e-16, '16': 4.5335404535403615e-08, '20': 0.0006223983269288329, '6': 2.5993101908720405e-05}
 Missing cell prob  {'0': 0.0008148398974125634, '12': 2.4787404682146616e-09, '3': 3.403000229330285e-05, '1': 1.7149272836243014e-13, '16': 5.9352820826283027e-08, '20': 0.0008148398974125634, '6': 1.4211884564801405e-06}
 Missing cell prob  {'0': 0.38899895433052056, '12': 4.94193351664573e-08, '3': 0.38899895433052056, '1': 1.5033346597084902e-13, '16': 2.8334627834627264e-05, '20': 0.016245688692950254, '6': 0.016245688692950254}
 Missing cell prob  {'0': 0.015559958173220824, '12': 1.976773406658292e-09, '3': 0.0006498275477180102, '1': 1.0488057206764184e-17, '16': 4.733334502908113e-08, '20': 0.015559958173220824, '6': 0.0006498275477180102}
 Missing cell prob  {'0': 0.016922592388489848, '12': 8.978526140599484e-11, '3': 0.016922592388489848, '1': 4.763686898956392e-19, '16': 5.1478474131726354e-08, '20': 0.016922592388489848, '6': 2.951523732773672e-05}
 Missing cell prob  {'0': 0.38989652863080604, '12': 0.0006800310680310544, '3': 0.38989652863080604, '1': 3.6080031833003764e-12, '16': 1.1860640439949752e-06, '20': 0.01628317391623659, '6': 0.0006800310680310544}
 Missing cell prob  {'0': 0.4417093618770776, '12': 3.217404633232897e-05, '3': 0.018447023329835464, '1': 7.129080742111632e-15, '16': 3.217404633232898e-05, '20': 0.4417093618770776, '6': 0.01844702332983546}
 Missing cell prob  {'0': 0.3417899818772282, '12': 1.813416181416145e-09, '3': 0.014274109434311412, '1': 9.621341822134338e-18, '16': 1.039724076348816e-06, '20': 0.3417899818772282, '6': 0.0005961268935491669}
 Missing cell prob  {'0': 0.40707934790591466, '12': 1.2383341275174885e-06, '3': 0.017000776700776363, '1': 3.767008617025001e-12, '16': 1.238334127517488e-06, '20': 0.017000776700776363, '6': 0.40707934790591466}
 Missing cell prob  {'0': 0.4061422173237563, '12': 1.2354833791614322e-06, '3': 0.4061422173237563, '1': 1.5695869237604174e-13, '16': 1.2354833791614326e-06, '20': 0.4061422173237563, '6': 0.0007083656958656817}
 Missing cell prob  {'0': 0.0006483315905508679, '12': 3.439817020881912e-12, '3': 2.7076147821583753e-05, '1': 1.825044669980578e-20, '16': 1.972222709545048e-09, '20': 0.0006483315905508679, '6': 2.7076147821583753e-05}
 Missing cell prob  {'0': 3.387350283605813e-05, '12': 1.0304309171229693e-10, '3': 1.4146525996745894e-06, '1': 7.129080742111631e-15, '16': 2.467341070278022e-09, '20': 3.387350283605813e-05, '6': 1.4146525996745894e-06}
 Missing cell prob  {'0': 0.0006930732518473146, '12': 3.677200375808802e-12, '3': 2.894468523777924e-05, '1': 4.437223805945098e-19, '16': 1.1481644552636322e-06, '20': 2.8944685237779248e-05, '6': 0.0006583012989402529}
 Missing cell prob  {'0': 0.37343899615729975, '12': 1.136000280697947e-06, '3': 0.015595861145232245, '1': 2.5171337296234047e-16, '16': 1.136000280697947e-06, '20': 0.015595861145232245, '6': 0.37343899615729975}
 Missing cell prob  {'0': 0.01770914239664204, '12': 1.289931382830717e-06, '3': 0.0007395835160793927, '1': 6.8439175124271655e-15, '16': 1.289931382830717e-06, '20': 0.01770914239664204, '6': 0.0007395835160793927}
 Missing cell prob  {'0': 0.46223969754962047, '12': 0.0008062071142691981, '3': 0.46223969754962047, '1': 4.277448445266978e-12, '16': 3.366947302724807e-05, '20': 0.019304427799397384, '6': 0.019304427799397384}
 Missing cell prob  {'0': 0.38989652863080604, '12': 1.1860640439949754e-06, '3': 0.38989652863080604, '1': 6.292834324058511e-15, '16': 2.840000701744868e-05, '20': 0.01628317391623659, '6': 0.0006800310680310545}
 Missing cell prob  {'0': 0.38899895433052056, '12': 2.0638902125291476e-09, '3': 0.38899895433052056, '1': 1.5033346597084902e-13, '16': 0.0006784655798431913, '20': 0.016245688692950254, '6': 0.0006784655798431913}
 Missing cell prob  {'0': 0.3568527358577853, '12': 1.0855449277491062e-06, '3': 0.014903172338729169, '1': 2.4053354555335845e-16, '16': 1.0855449277491058e-06, '20': 0.014903172338729172, '6': 0.3568527358577853}
 Missing cell prob  {'0': 0.01576286002779962, '12': 2.0025505318811158e-09, '3': 0.0006583012989402529, '1': 1.0624821472740388e-17, '16': 4.7950571848260334e-08, '20': 0.01576286002779962, '6': 0.0006583012989402527}
 Missing cell prob  {'0': 0.442728559916051, '12': 3.2248284570767924e-05, '3': 0.018489587901984822, '1': 1.7109793781067914e-13, '16': 1.3467789210899225e-06, '20': 0.442728559916051, '6': 0.442728559916051}
 Missing cell prob  {'0': 0.38989652863080604, '12': 2.0686524227941213e-09, '3': 0.01628317391623659, '1': 2.6280643247720313e-16, '16': 2.8400007017448674e-05, '20': 0.38989652863080604, '6': 0.0006800310680310545}
 Missing cell prob  {'0': 0.018687572514056516, '12': 1.2929077642463254e-06, '3': 0.0007804455053427793, '1': 3.933021452536569e-12, '16': 3.259359589650253e-05, '20': 0.0007804455053427793, '6': 0.018687572514056516}
 Missing cell prob  {'0': 0.01555995817322082, '12': 8.255560850116588e-11, '3': 0.01555995817322082, '1': 2.511339078016667e-16, '16': 4.733334502908113e-08, '20': 0.0006498275477180101, '6': 2.713862319372764e-05}
 Missing cell prob  {'0': 0.35767613612950017, '12': 4.54400112279179e-08, '3': 0.35767613612950017, '1': 5.772805093280603e-15, '16': 2.6053078265978543e-05, '20': 0.014937559846291993, '6': 0.0006238344458092899}
 Missing cell prob  {'0': 0.38989652863080604, '12': 2.0686524227941213e-09, '3': 0.38989652863080604, '1': 3.6080031833003764e-12, '16': 0.0006800310680310544, '20': 0.01628317391623659, '6': 0.0006800310680310545}
 Missing cell prob  {'0': 0.014274109434311412, '12': 7.573335204652983e-11, '3': 0.0005961268935491668, '1': 4.0181425248266677e-19, '16': 4.342179710996423e-08, '20': 0.014274109434311412, '6': 2.4895933077153318e-05}
 Missing cell prob  {'0': 0.0006769036955395939, '12': 8.59954255220478e-11, '3': 2.8269399160132962e-05, '1': 4.562611674951444e-19, '16': 2.0591389652690544e-09, '20': 2.8269399160132962e-05, '6': 0.0006769036955395939}
 Missing cell prob  {'0': 0.38899895433052056, '12': 2.0638902125291472e-09, '3': 0.38899895433052056, '1': 1.0950268019883465e-17, '16': 1.1833336257270286e-06, '20': 0.016245688692950254, '6': 0.0006784655798431912}
 Missing cell prob  {'0': 0.4250194175194089, '12': 1.2929077642463254e-06, '3': 0.01775000438590543, '1': 1.6425402029825197e-13, '16': 3.095835318793721e-05, '20': 0.4250194175194089, '6': 0.01775000438590543}
 Missing cell prob  {'0': 0.442728559916051, '12': 5.624526967664822e-08, '3': 0.018489587901984822, '1': 2.9841741293747445e-16, '16': 3.224828457076792e-05, '20': 0.442728559916051, '6': 0.01848958790198482}
 Missing cell prob  {'0': 0.014903172338729172, '12': 4.533540453540362e-08, '3': 0.014903172338729172, '1': 5.7595156148887794e-15, '16': 4.533540453540363e-08, '20': 0.000622398326928833, '6': 2.5993101908720398e-05}
 Missing cell prob  {'0': 0.016922592388489848, '12': 2.149885638051195e-09, '3': 0.016922592388489848, '1': 6.539945515668407e-15, '16': 1.2326391934656547e-06, '20': 0.0007067349790033241, '6': 2.951523732773673e-05}
 Missing cell prob  {'0': 0.37343899615729975, '12': 4.7442561759799e-08, '3': 0.015595861145232245, '1': 2.5171337296234047e-16, '16': 1.1360002806979469e-06, '20': 0.37343899615729975, '6': 0.015595861145232242}
 Missing cell prob  {'0': 0.4240409874019945, '12': 5.3871156843596895e-08, '3': 0.4240409874019945, '1': 6.8439175124271655e-15, '16': 1.2899313828307168e-06, '20': 0.4240409874019945, '6': 0.0007395835160793928}
 Missing cell prob  {'0': 0.32811838260213916, '12': 1.7408795341594997e-09, '3': 0.013703145056938957, '1': 9.236488149248964e-18, '16': 9.981351132948636e-07, '20': 0.32811838260213916, '6': 0.0005722818178072003}
 Missing cell prob  {'0': 0.4814996849475213, '12': 1.4647205644960477e-06, '3': 0.4814996849475213, '1': 1.0669003506229843e-10, '16': 3.507236773671672e-05, '20': 0.02010877895770561, '6': 0.020108778957705607}
 Missing cell prob  {'0': 0.4052072440942923, '12': 5.147847413172635e-08, '3': 0.4052072440942923, '1': 1.1406529187378611e-17, '16': 2.951523732773674e-05, '20': 0.016922592388489848, '6': 0.01692259238848985}
 Missing cell prob  {'0': 0.017898770078238188, '12': 9.496451332205285e-11, '3': 0.017898770078238188, '1': 1.2064513440296962e-17, '16': 5.444800366928456e-08, '20': 0.017898770078238188, '6': 3.121782021371117e-05}
 Missing cell prob  {'0': 0.40707934790591466, '12': 2.9651601099874382e-05, '3': 0.017000776700776363, '1': 6.5701608119300785e-15, '16': 2.9651601099874385e-05, '20': 0.40707934790591466, '6': 0.017000776700776363}
 Missing cell prob  {'0': 0.016208289763771692, '12': 4.930556773862617e-08, '3': 0.0006769036955395941, '1': 2.615978206267363e-16, '16': 1.1806094931094695e-06, '20': 0.016208289763771692, '6': 2.8269399160132966e-05}
 Missing cell prob  {'0': 0.017143262993235753, '12': 9.0956061214729e-11, '3': 0.017143262993235753, '1': 1.5068034468100005e-13, '16': 1.2487128085484467e-06, '20': 0.0007159508031295275, '6': 2.990011602249042e-05}
 Missing cell prob  {'0': 0.014903172338729172, '12': 1.8933338011632456e-09, '3': 0.014903172338729172, '1': 5.7595156148887794e-15, '16': 1.0855449277491058e-06, '20': 0.000622398326928833, '6': 0.0006223983269288329}
 Missing cell prob  {'0': 0.3568527358577853, '12': 4.5335404535403615e-08, '3': 0.014903172338729172, '1': 1.0045356312066672e-17, '16': 1.0855449277491056e-06, '20': 0.3568527358577853, '6': 0.000622398326928833}
 Missing cell prob  {'0': 0.017143262993235747, '12': 2.1779201467713825e-09, '3': 0.0007159508031295273, '1': 2.7668805918594753e-16, '16': 5.2149753434404054e-08, '20': 0.017143262993235747, '6': 0.0007159508031295273}
 Missing cell prob  {'0': 0.01714326299323575, '12': 2.1779201467713825e-09, '3': 0.01714326299323575, '1': 6.625226405192721e-15, '16': 1.2487128085484467e-06, '20': 0.01714326299323575, '6': 2.9900116022490414e-05}
 Missing cell prob  {'0': 0.4250194175194089, '12': 1.2929077642463254e-06, '3': 0.01775000438590543, '1': 1.6425402029825197e-13, '16': 3.095835318793721e-05, '20': 0.4250194175194089, '6': 0.4250194175194089}
 Missing cell prob  {'0': 0.0006483315905508679, '12': 8.236555861076217e-11, '3': 2.707614782158375e-05, '1': 4.370023836151745e-19, '16': 4.722437972437878e-08, '20': 0.0006483315905508679, '6': 2.7076147821583753e-05}
 Missing cell prob  {'0': 0.4240409874019945, '12': 3.088708447903581e-05, '3': 0.4240409874019945, '1': 3.923967309401044e-12, '16': 3.0887084479035804e-05, '20': 0.017709142396642043, '6': 0.017709142396642043}
 Missing cell prob  {'0': 0.442728559916051, '12': 3.2248284570767924e-05, '3': 0.018489587901984822, '1': 1.7109793781067914e-13, '16': 0.0007721771119758953, '20': 0.442728559916051, '6': 0.018489587901984822}
 Missing cell prob  {'0': 0.4437501096476356, '12': 1.3498864722395573e-06, '3': 0.018532250687421488, '1': 4.106350507456299e-12, '16': 0.0007739588296984303, '20': 0.018532250687421488, '6': 0.4437501096476356}
 Missing cell prob  {'0': 0.016922592388489848, '12': 2.1498856380511955e-09, '3': 0.0007067349790033241, '1': 1.1406529187378611e-17, '16': 2.9515237327736732e-05, '20': 0.016922592388489848, '6': 0.0007067349790033242}
 Missing cell prob  {'0': 0.0007143026247181564, '12': 4.94193351664573e-08, '3': 2.983128346373032e-05, '1': 2.622014301691047e-16, '16': 2.172906393100169e-09, '20': 0.0007143026247181564, '6': 2.9831283463730315e-05}
 Missing cell prob  {'0': 0.01645753247350632, '12': 5.0063763297027884e-08, '3': 0.01645753247350632, '1': 1.4465313089376002e-13, '16': 2.726400673675073e-05, '20': 0.0006873127710043466, '6': 0.0006873127710043466}
 Missing cell prob  {'0': 0.3725793084682293, '12': 4.733334502908114e-08, '3': 0.3725793084682293, '1': 2.511339078016668e-16, '16': 1.1333851133850903e-06, '20': 0.015559958173220824, '6': 0.0006498275477180102}
 Missing cell prob  {'0': 0.4611755832458865, '12': 5.858882257984189e-08, '3': 0.4611755832458865, '1': 3.1085147180986917e-16, '16': 1.4028947094686694e-06, '20': 0.019259987397900854, '6': 0.019259987397900854}
 Missing cell prob  {'0': 0.016208289763771692, '12': 2.0591389652690544e-09, '3': 0.0006769036955395941, '1': 1.0925059590379362e-17, '16': 4.9305567738626186e-08, '20': 0.016208289763771692, '6': 0.0006769036955395939}
 Missing cell prob  {'0': 0.0006025101592222849, '12': 1.7408795341594989e-09, '3': 0.0006025101592222849, '1': 2.211653996117291e-16, '16': 1.8328340560115903e-09, '20': 2.5162516176710337e-05, '6': 1.0508573351866413e-06}
 Missing cell prob  {'0': 0.01555995817322082, '12': 1.9767734066582917e-09, '3': 0.0006498275477180101, '1': 1.0488057206764184e-17, '16': 1.1333851133850905e-06, '20': 0.01555995817322082, '6': 2.713862319372764e-05}
 Missing cell prob  {'0': 0.0008148398974125636, '12': 4.323250924780432e-12, '3': 0.0008148398974125636, '1': 7.540320900185601e-15, '16': 1.421188456480141e-06, '20': 3.403000229330285e-05, '6': 1.421188456480141e-06}
 Missing cell prob  {'0': 0.0005947545597629758, '12': 7.555900755900607e-11, '3': 0.0005947545597629758, '1': 9.599192691481299e-18, '16': 4.3321836514534025e-08, '20': 2.483862056454862e-05, '6': 1.0373305448813884e-06}
 Missing cell prob  {'0': 0.442728559916051, '12': 1.3467789210899223e-06, '3': 0.442728559916051, '1': 7.145530348434589e-15, '16': 0.0007721771119758953, '20': 0.018489587901984822, '6': 0.0007721771119758952}
 Missing cell prob  {'0': 0.01552413785284289, '12': 8.236555861076217e-11, '3': 0.0006483315905508677, '1': 4.370023836151745e-19, '16': 1.1307759664053187e-06, '20': 0.01552413785284289, '6': 0.0006483315905508678}
 Missing cell prob  {'0': 0.0006841519109288029, '12': 8.69162557240068e-11, '3': 2.857210498872625e-05, '1': 1.0488057206764184e-17, '16': 1.1333851133850903e-06, '20': 0.0006841519109288029, '6': 1.193251338549212e-06}
 Missing cell prob  {'0': 0.014903172338729169, '12': 1.893333801163245e-09, '3': 0.0006223983269288329, '1': 4.1952228827056736e-19, '16': 4.533540453540362e-08, '20': 0.014903172338729169, '6': 0.0006223983269288329}
 Missing cell prob  {'0': 0.35767613612950017, '12': 4.5440011227917894e-08, '3': 0.014937559846291993, '1': 1.0068534918493618e-17, '16': 1.0880497088496868e-06, '20': 0.35767613612950017, '6': 0.00062383444580929}
 Missing cell prob  {'0': 0.014274109434311415, '12': 4.342179710996423e-08, '3': 0.014274109434311415, '1': 2.303806245955512e-16, '16': 4.3421797109964234e-08, '20': 0.0005961268935491669, '6': 2.4895933077153318e-05}
 Missing cell prob  {'0': 0.4240409874019945, '12': 3.088708447903581e-05, '3': 0.017709142396642043, '1': 2.8582121393738356e-16, '16': 3.088708447903581e-05, '20': 0.017709142396642043, '6': 0.4240409874019945}
 Missing cell prob  {'0': 0.01844702332983546, '12': 1.3436785237819966e-06, '3': 0.01844702332983546, '1': 2.9773043118477464e-16, '16': 1.343678523781997e-06, '20': 0.000770399495916034, '6': 0.0007703994959160342}
 Missing cell prob  {'0': 0.4061422173237563, '12': 2.154846273743876e-09, '3': 0.016961639496079782, '1': 1.1432848557495343e-17, '16': 1.2354833791614326e-06, '20': 0.4061422173237563, '6': 0.0007083656958656816}
 Missing cell prob  {'0': 0.46330626718553714, '12': 1.4093762434767092e-06, '3': 0.46330626718553714, '1': 4.287318209060755e-12, '16': 0.0008080673526539537, '20': 0.019348970742460756, '6': 0.0008080673526539536}
 Missing cell prob  {'0': 0.015524137852842894, '12': 4.722437972437879e-08, '3': 0.0006483315905508679, '1': 1.0463912825069452e-17, '16': 4.7224379724378776e-08, '20': 0.015524137852842894, '6': 2.7076147821583753e-05}
 Missing cell prob  {'0': 0.3725793084682293, '12': 4.733334502908114e-08, '3': 0.3725793084682293, '1': 6.013338638833961e-15, '16': 2.7138623193727647e-05, '20': 0.3725793084682293, '6': 0.0006498275477180102}
 Missing cell prob  {'0': 0.019215649301911934, '12': 2.4412009408267458e-09, '3': 0.019215649301911934, '1': 3.101358658174736e-16, '16': 5.845394622786123e-08, '20': 0.0008024994749125353, '6': 0.0008024994749125355}
 Missing cell prob  {'0': 0.4611755832458865, '12': 2.4468337560359538e-09, '3': 0.4611755832458865, '1': 7.443260779619366e-15, '16': 1.4028947094686694e-06, '20': 0.019259987397900854, '6': 0.019259987397900857}
 Missing cell prob  {'0': 0.0005947545597629758, '12': 7.555900755900606e-11, '3': 0.0005947545597629758, '1': 4.0088924258893074e-19, '16': 1.8092415462485104e-09, '20': 2.4838620564548616e-05, '6': 1.0373305448813882e-06}
 Missing cell prob  {'0': 0.0006468390772017871, '12': 1.9676824885157825e-09, '3': 2.701381627295283e-05, '1': 4.35996367711227e-19, '16': 1.967682488515782e-09, '20': 0.0006468390772017871, '6': 2.7013816272952826e-05}
 Missing cell prob  {'0': 0.38989652863080604, '12': 2.840000701744868e-05, '3': 0.01628317391623659, '1': 1.5068034468100005e-13, '16': 1.186064043994975e-06, '20': 0.01628317391623659, '6': 0.38989652863080604}
 Missing cell prob  {'0': 0.4417093618770776, '12': 3.217404633232897e-05, '3': 0.4417093618770776, '1': 1.707040560996775e-13, '16': 0.0007703994959160342, '20': 0.018447023329835464, '6': 0.4417093618770776}
 Missing cell prob  {'0': 0.01552413785284289, '12': 8.236555861076217e-11, '3': 0.0006483315905508677, '1': 1.825044669980578e-20, '16': 4.722437972437879e-08, '20': 0.01552413785284289, '6': 2.707614782158375e-05}
 Missing cell prob  {'0': 0.016922592388489848, '12': 2.1498856380511955e-09, '3': 0.0007067349790033241, '1': 2.7312648975948405e-16, '16': 2.951523732773674e-05, '20': 0.016922592388489848, '6': 2.951523732773672e-05}
 Missing cell prob  {'0': 0.38989652863080604, '12': 2.0686524227941205e-09, '3': 0.38989652863080604, '1': 1.5068034468100005e-13, '16': 2.8400007017448687e-05, '20': 0.01628317391623659, '6': 0.0006800310680310544}
 Missing cell prob  {'0': 0.0007457820865932576, '12': 9.474589709867608e-11, '3': 3.114595419009418e-05, '1': 2.882167283186955e-16, '16': 1.300742508904632e-06, '20': 0.0007457820865932576, '6': 1.3007425089046317e-06}
 Missing cell prob  {'0': 0.0007067349790033241, '12': 2.1498856380511947e-09, '3': 2.951523732773673e-05, '1': 1.140652918737861e-17, '16': 2.1498856380511947e-09, '20': 0.0007067349790033241, '6': 2.951523732773672e-05}
 Missing cell prob  {'0': 0.017816456013770916, '12': 5.419760453769301e-08, '3': 0.017816456013770916, '1': 2.8755322939204523e-16, '16': 5.419760453769301e-08, '20': 0.0007440652340814131, '6': 3.107425360805241e-05}
 Missing cell prob  {'0': 0.014903172338729169, '12': 7.907093626633169e-11, '3': 0.0006223983269288329, '1': 1.0045356312066669e-17, '16': 4.5335404535403615e-08, '20': 0.014903172338729169, '6': 2.5993101908720398e-05}
 Missing cell prob  {'0': 0.01766837447508311, '12': 5.374714095127989e-08, '3': 0.0007378809331934185, '1': 1.6349863789171016e-13, '16': 3.081597983664137e-05, '20': 0.01766837447508311, '6': 3.0815979836641364e-05}
 Missing cell prob  {'0': 0.46223969754962047, '12': 5.8724010144862884e-08, '3': 0.46223969754962047, '1': 4.277448445266978e-12, '16': 0.000806207114269198, '20': 0.019304427799397384, '6': 0.000806207114269198}
 Missing cell prob  {'0': 0.3417899818772282, '12': 4.3421797109964234e-08, '3': 0.3417899818772282, '1': 2.303806245955511e-16, '16': 1.039724076348816e-06, '20': 0.014274109434311415, '6': 0.0005961268935491669}
 Missing cell prob  {'0': 0.016208289763771692, '12': 2.0591389652690548e-09, '3': 0.016208289763771692, '1': 6.263894415452042e-15, '16': 1.180609493109469e-06, '20': 0.0006769036955395941, '6': 2.8269399160132966e-05}
 Missing cell prob  {'0': 0.01624568869295025, '12': 4.941933516645729e-08, '3': 0.0006784655798431912, '1': 4.573139422998137e-19, '16': 1.1833336257270286e-06, '20': 0.01624568869295025, '6': 2.8334627834627257e-05}
 Missing cell prob  {'0': 0.01624568869295025, '12': 2.0638902125291472e-09, '3': 0.0006784655798431912, '1': 2.622014301691046e-16, '16': 1.1833336257270284e-06, '20': 0.01624568869295025, '6': 0.0006784655798431912}
 Missing cell prob  {'0': 0.018687572514056512, '12': 2.374112833051321e-09, '3': 0.018687572514056512, '1': 9.417521542562502e-11, '16': 1.361200091732114e-06, '20': 0.0007804455053427793, '6': 3.2593595896502536e-05}
 Missing cell prob  {'0': 0.01844702332983546, '12': 2.343552903193676e-09, '3': 0.01844702332983546, '1': 4.087465947292754e-12, '16': 1.343678523781997e-06, '20': 0.01844702332983546, '6': 3.217404633232897e-05}
 Missing cell prob  {'0': 0.0007143026247181562, '12': 9.074667278214094e-11, '3': 0.0007143026247181562, '1': 2.760511002163633e-16, '16': 5.202970035618526e-08, '20': 2.9831283463730305e-05, '6': 1.2458381676037673e-06}
 Missing cell prob  {'0': 0.46330626718553714, '12': 1.409376243476709e-06, '3': 0.46330626718553714, '1': 4.287318209060755e-12, '16': 3.374716180598893e-05, '20': 0.46330626718553714, '6': 0.019348970742460756}
 Missing cell prob  {'0': 0.38899895433052056, '12': 4.941933516645729e-08, '3': 0.38899895433052056, '1': 2.622014301691046e-16, '16': 1.1833336257270286e-06, '20': 0.016245688692950254, '6': 0.0006784655798431913}
 Missing cell prob  {'0': 0.442728559916051, '12': 1.3467789210899223e-06, '3': 0.442728559916051, '1': 1.7109793781067914e-13, '16': 1.3467789210899223e-06, '20': 0.442728559916051, '6': 0.018489587901984822}
 Missing cell prob  {'0': 0.017668374475083105, '12': 2.244631535149871e-09, '3': 0.017668374475083105, '1': 6.828162243987101e-15, '16': 1.2869618532931584e-06, '20': 0.0007378809331934185, '6': 0.0007378809331934184}
 Missing cell prob  {'0': 0.4250194175194089, '12': 5.399545888958229e-08, '3': 0.01775000438590543, '1': 1.6425402029825197e-13, '16': 3.095835318793719e-05, '20': 0.4250194175194089, '6': 0.0007412900274968596}
 Missing cell prob  {'0': 0.01696163949607978, '12': 5.1597255313228675e-08, '3': 0.01696163949607978, '1': 2.7375670049708664e-16, '16': 1.2354833791614326e-06, '20': 0.01696163949607978, '6': 0.0007083656958656816}
 Missing cell prob  {'0': 0.46223969754962047, '12': 3.366947302724806e-05, '3': 0.019304427799397384, '1': 4.277448445266978e-12, '16': 3.366947302724806e-05, '20': 0.019304427799397384, '6': 0.46223969754962047}
 Missing cell prob  {'0': 0.37343899615729975, '12': 1.9813346040279817e-09, '3': 0.37343899615729975, '1': 6.027213787240002e-15, '16': 1.136000280697947e-06, '20': 0.37343899615729975, '6': 0.0006513269566494637}
 Missing cell prob  {'0': 0.01576286002779962, '12': 4.554485928940704e-08, '3': 0.01576286002779962, '1': 2.4164483804384686e-16, '16': 4.795057184826034e-08, '20': 0.01576286002779962, '6': 2.749251084017386e-05}
 Missing cell prob  {'0': 0.5038794464182488, '12': 3.6702506340539296e-05, '3': 0.02104342064203004, '1': 2.6734052782918615e-09, '16': 0.0008788323386976284, '20': 0.02104342064203004, '6': 0.5038794464182488}
 Missing cell prob  {'0': 3.114595419009419e-05, '12': 9.474589709867608e-11, '3': 1.3007425089046322e-06, '1': 5.026880600123734e-19, '16': 1.3007425089046322e-06, '20': 1.3007425089046322e-06, '6': 3.114595419009419e-05}
 Missing cell prob  {'0': 0.5236661186902503, '12': 0.0009133429098103316, '3': 0.02186976763968094, '1': 4.845872903398024e-12, '16': 0.02186976763968094, '20': 0.5236661186902503, '6': 0.0009133429098103319}
 Missing cell prob  {'0': 0.01645753247350632, '12': 2.0908033409005266e-09, '3': 0.01645753247350632, '1': 1.1093059514862745e-17, '16': 5.006376329702788e-08, '20': 0.0006873127710043461, '6': 2.8704111381590798e-05}
 Missing cell prob  {'0': 0.016961639496079782, '12': 1.2354833791614324e-06, '3': 0.016961639496079782, '1': 3.758336649271225e-12, '16': 1.2354833791614322e-06, '20': 0.0007083656958656817, '6': 2.958334064317571e-05}
 Missing cell prob  {'0': 0.01718281927510865, '12': 5.227008352251315e-08, '3': 0.0007176027845397695, '1': 2.773264878715685e-16, '16': 5.227008352251316e-08, '20': 0.0007176027845397695, '6': 0.01718281927510865}
 Missing cell prob  {'0': 0.016381846469212452, '12': 8.691625572400676e-11, '3': 0.016381846469212452, '1': 6.013338638833961e-15, '16': 1.1932513385492123e-06, '20': 0.0006841519109288031, '6': 2.857210498872625e-05}
 Missing cell prob  {'0': 0.3725793084682293, '12': 1.976773406658292e-09, '3': 0.3725793084682293, '1': 1.0488057206764184e-17, '16': 1.1333851133850903e-06, '20': 0.3725793084682293, '6': 0.01555995817322082}
 Missing cell prob  {'0': 0.38899895433052056, '12': 2.0638902125291472e-09, '3': 0.38899895433052056, '1': 2.622014301691046e-16, '16': 1.1833336257270281e-06, '20': 0.016245688692950254, '6': 0.01624568869295025}
 Timepoint  2
 Timepoint  3
SortedDict({2: {'19': ['0', '1', '2', '3', '4', '5', '6', '7', '8', '9', '10', '11', '12', '13', '14', '15', '16', '17', '18', '19', '20', '21', '22', '23', '24', '25', '26', '27', '28', '29', '30', '31', '32', '33', '34', '35', '36', '37', '38', '40', '41', '42', '43', '44', '45', '46', '47', '48', '49'], '18': ['39'], '20': ['66', '98'], '0': ['52', '54', '56', '57', '58', '59', '62', '63', '64', '65', '67', '68', '69', '71', '72', '74', '75', '76', '77', '78', '79', '80', '81', '82', '83', '84', '85', '86', '87', '88', '90', '91', '92', '93', '94', '96', '97', '99', '70', '73', '50', '51', '53', '55', '89', '60', '61', '95']}, 3: {'6': ['288', '295', '453', '550'], '20': ['169', '195', '213'], '16': ['166'], '12': ['359', '579', '598'], '3': ['368', '375', '387', '524', '545'], '1': ['531', '532', '533', '534', '535', '536', '537', '538', '539', '540', '541', '542', '543', '546', '547', '548', '549', '551', '552', '553', '554', '555', '556', '557', '558', '559', '560', '561', '562', '563', '564', '565', '566', '567', '568', '569', '570', '571', '572', '573', '574', '575', '576', '577', '578', '580', '581', '582', '583', '586', '587', '588', '589', '590', '591', '592', '593', '594', '595', '596', '597', '599'], '0': ['100', '101', '105', '106', '108', '109', '110', '111', '114', '115', '117', '119', '120', '122', '123', '125', '128', '130', '131', '132', '138', '139', '141', '142', '144', '146', '149', '150', '152', '153', '154', '156', '157', '158', '159', '160', '161', '162', '163', '164', '167', '168', '170', '172', '173', '174', '177', '182', '184', '185', '186', '187', '189', '190', '191', '192', '193', '197', '198', '201', '202', '203', '206', '207', '208', '209', '211', '212', '214', '219', '220', '221', '222', '224', '227', '228', '229', '231', '236', '237', '238', '239', '240', '241', '242', '243', '244', '248', '249', '250', '251', '252', '253', '257', '258', '259', '266', '267', '269', '270', '271', '272', '273', '274', '275', '276', '277', '278', '279', '280', '281', '283', '287', '290', '291', '292', '293', '294', '296', '302', '303', '304', '305', '306', '307', '308', '310', '311', '313', '314', '315', '316', '317', '321', '322', '324', '325', '326', '329', '330', '331', '332', '334', '335', '336', '338', '340', '341', '343', '346', '347', '348', '351', '352', '353', '355', '358', '360', '363', '365', '366', '369', '371', '372', '373', '376', '377', '378', '380', '381', '384', '385', '386', '388', '389', '391', '394', '395', '398', '399', '401', '402', '403', '404', '408', '409', '412', '413', '415', '416', '419', '420', '421', '422', '423', '424', '427', '428', '435', '436', '437', '439', '440', '441', '445', '446', '447', '449', '450', '451', '452', '454', '455', '458', '459', '460', '461', '462', '464', '466', '467', '468', '469', '473', '474', '476', '481', '483', '484', '485', '487', '490', '492', '493', '497', '499', '500', '501', '504', '505', '506', '507', '508', '509', '510', '512', '514', '517', '518', '519', '522', '523', '525', '527', '529', '530', '513', '515', '516', '520', '521', '526', '528', '544', '584', '585', '102', '103', '104', '107', '112', '113', '116', '118', '121', '124', '126', '127', '129', '133', '134', '135', '136', '137', '140', '143', '145', '147', '148', '151', '155', '165', '171', '175', '176', '178', '179', '180', '181', '183', '188', '194', '196', '199', '200', '204', '205', '210', '215', '216', '217', '218', '223', '225', '226', '230', '232', '233', '234', '235', '245', '246', '247', '254', '255', '256', '260', '261', '262', '263', '264', '265', '268', '282', '284', '285', '286', '289', '297', '298', '299', '300', '301', '309', '312', '318', '319', '320', '323', '327', '328', '333', '337', '339', '342', '344', '345', '349', '350', '354', '356', '357', '361', '362', '364', '367', '370', '374', '379', '382', '383', '390', '392', '393', '396', '397', '400', '405', '406', '407', '410', '411', '414', '417', '418', '425', '426', '429', '430', '431', '432', '433', '434', '438', '442', '443', '444', '448', '456', '457', '463', '465', '470', '471', '472', '475', '477', '478', '479', '480', '482', '486', '488', '489', '491', '494', '495', '496', '498', '502', '503', '511']}})
 Cluster1  12
 Cluster to drop  1
 After reassigning and merging cells 
 Timepoint  2
 Cluster  19  # of cells  49
 Cluster  18  # of cells  1
 Cluster  20  # of cells  2
 Cluster  0  # of cells  48
 Timepoint  3
 Cluster  6  # of cells  4
 Cluster  20  # of cells  3
 Cluster  16  # of cells  1
 Cluster  12  # of cells  65
 Cluster  3  # of cells  5
 Cluster  0  # of cells  422
 Tp cluster cell dict  {'19_2': 49, '18_2': 1, '20_2': 2, '0_2': 48, '6_3': 4, '20_3': 3, '16_3': 1, '12_3': 65, '3_3': 5, '0_3': 422}
 New Graph is here 
 ID  0  Timepoint  1  Mutations  []  Type  subclone
 ID  1  Timepoint  2  Mutations  [0, 1, 2, 3, 4, 5, 9, 10, 11, 12, 13, 14]  Type  subclone
 ID  2  Timepoint  2  Mutations  [0, 3, 4, 9, 10, 11, 12, 15, 22, 23]  Type  subclone
 ID  3  Timepoint  2  Mutations  [6, 7, 8, 14]  Type  subclone
 ID  4  Timepoint  2  Mutations  [6, 7, 8]  Type  subclone
 ID  5  Timepoint  3  Mutations  [6, 7, 8, 20]  Type  subclone
 ID  6  Timepoint  3  Mutations  [6, 7, 8, 14]  Type  subclone
 ID  7  Timepoint  3  Mutations  [6, 7, 8, 9, 15, 21, 24]  Type  subclone
 ID  8  Timepoint  3  Mutations  [6, 7, 8, 15, 16, 17, 18, 19, 20, 21, 22, 23, 24, 25, 26, 27]  Type  subclone
 ID  9  Timepoint  3  Mutations  [6, 7, 8, 16]  Type  subclone
 ID  10  Timepoint  3  Mutations  [6, 7, 8]  Type  subclone
Timepoints  SortedDict({1: [0], 2: [1, 2, 3, 4], 3: [5, 6, 7, 8, 9, 10]})
 Clone to nodes  {'19_2': 1, '18_2': 2, '20_2': 3, '0_2': 4, '6_3': 5, '20_3': 6, '16_3': 7, '12_3': 8, '3_3': 9, '0_3': 10}
 Timepoint ====  1
 Hash table  {'0,1': [0, 3, 4, 9, 10, 11, 12], '0': [1, 2, 5, 13], '0,2': [14], '1': [15, 22, 23], '2,3': [6, 7, 8]}
 Final possible usc  [[0, 3, 4, 9, 10, 11, 12], [1, 2, 5, 13], [14], [15, 22, 23], [6, 7, 8]]
 Time  1  USC keys  {'0,3,4,9,10,11,12_0', '15,22,23_0', '1,2,5,13_0', '14_0', '6,7,8_0'}
 USC children  {'0,3,4,9,10,11,12_0': [1, 2], '1,2,5,13_0': [1], '14_0': [1, 3], '15,22,23_0': [2], '6,7,8_0': [3, 4]}
 USC children  {'0,3,4,9,10,11,12_0': [1, 2], '1,2,5,13_0': [1], '14_0': [1, 3], '15,22,23_0': [2], '6,7,8_0': [3, 4]}
 Timepoint ====  2
 Hash table  {'0,1,2,3': [6, 7, 8], '0,2': [20], '1': [9], '1,2': [15, 21, 24], '2,3': [16], '2': [17, 18, 19, 22, 23, 25, 26, 27]}
====== Inside find superset of t nodes ==========
 Final possible usc  []
 Time  2  USC keys  set()
 USC children  {'0,3,4,9,10,11,12_0': [1, 2], '1,2,5,13_0': [1], '14_0': [1, 3], '15,22,23_0': [2], '6,7,8_0': [3, 4]}
 USC children  {'0,3,4,9,10,11,12_0': [1, 2], '1,2,5,13_0': [1], '14_0': [1, 3], '15,22,23_0': [2], '6,7,8_0': [3, 4]}
 Node s  {'1,2': ['0', '3', '4', '9', '10', '11', '12'], '1,3': ['14'], '3,4': ['6', '7', '8']}
 Enroll USC nodes  ['1', '2']  len  2
 Enroll USC nodes  ['1', '3']  len  2
 Enroll USC nodes  ['3', '4']  len  2
 Node TP  SortedDict({1: [0], 2: [1, 2, 3, 4], 3: [5, 6, 7, 8, 9, 10]})
 Unobserved subclones at timepoints  {1.5: [11, 12, 13]}
 ============== Inside finding node v ============ 
 Time  2
 Time  3
 largest_v_mut  [[8, 6, 7]]
 largest_v_mut  [[8, 6, 7]]
 largest_v_mut  [[8, 6, 7]]
 largest_v_mut  [[8, 6, 7]]
 Sorted all timepoints  [1, 1.5, 2, 3]
 Timepoint  2
 Inside usc_node check  2
 Timepoint  3
0   1   [-1]   subclone   []   []
1   2   [11]   subclone   [0, 1, 2, 3, 4, 5, 9, 10, 11, 12, 13, 14]   [5, 11]
2   2   [11]   subclone   [0, 3, 4, 9, 10, 11, 12, 15, 22, 23]   [3]
3   2   [12]   subclone   [6, 7, 8, 14]   [3, 1]
4   2   [13]   subclone   [6, 7, 8]   [0]
5   3   [4]   subclone   [6, 7, 8, 20]   [1]
6   3   [3]   subclone   [6, 7, 8, 14]   [0]
7   3   [4]   subclone   [6, 7, 8, 9, 15, 21, 24]   [4]
8   3   [4]   subclone   [6, 7, 8, 15, 16, 17, 18, 19, 20, 21, 22, 23, 24, 25, 26, 27]   [13]
9   3   [4]   subclone   [6, 7, 8, 16]   [1]
10   3   [4]   subclone   [6, 7, 8]   [0]
11   1.5   [0]   unobserved subclone   [0, 3, 4, 9, 10, 11, 12]   [7]
12   1.5   [0]   unobserved subclone   [14]   [1]
13   1.5   [0]   unobserved subclone   [6, 7, 8]   [3]
6
 Total estimated FP  103  True negatives  10799
 Total estimated FN  509  True positives  2029
 Estimated FP rate  0.04831
 Estimated FN rate  0.05
 No. of Cells in each cluster  {'5_2': 50, '4_3': 2, '3_3': 69, '1_2': 50, '1_3': 429}
 Cells in each cluster  {'5_2': [0, 1, 2, 3, 4, 5, 6, 7, 8, 9, 10, 11, 12, 13, 14, 15, 16, 17, 18, 19, 20, 21, 22, 23, 24, 25, 26, 27, 28, 29, 30, 31, 32, 33, 34, 35, 36, 37, 38, 39, 40, 41, 42, 43, 44, 45, 46, 47, 48, 49], '4_3': [166, 359], '3_3': [531, 532, 533, 534, 535, 536, 537, 538, 539, 540, 541, 542, 543, 544, 545, 546, 547, 548, 549, 550, 551, 552, 553, 554, 555, 556, 557, 558, 559, 560, 561, 562, 563, 564, 565, 566, 567, 568, 569, 570, 571, 572, 573, 574, 575, 576, 577, 578, 579, 580, 581, 582, 583, 584, 585, 586, 587, 588, 589, 590, 591, 592, 593, 594, 595, 596, 597, 598, 599], '1_2': [56, 50, 51, 52, 53, 54, 55, 57, 58, 59, 60, 61, 62, 63, 64, 65, 66, 67, 68, 69, 70, 71, 72, 73, 74, 75, 76, 77, 78, 79, 80, 81, 82, 83, 84, 85, 86, 87, 88, 89, 90, 91, 92, 93, 94, 95, 96, 97, 98, 99], '1_3': [316, 320, 357, 422, 445, 499, 521, 100, 101, 102, 103, 104, 105, 106, 107, 108, 109, 110, 111, 112, 113, 114, 115, 116, 117, 118, 119, 120, 121, 122, 123, 124, 125, 126, 127, 128, 129, 130, 131, 132, 133, 134, 135, 136, 137, 138, 139, 140, 141, 142, 143, 144, 145, 146, 147, 148, 149, 150, 151, 152, 153, 154, 155, 156, 157, 158, 159, 160, 161, 162, 163, 164, 165, 167, 168, 169, 170, 171, 172, 173, 174, 175, 176, 177, 178, 179, 180, 181, 182, 183, 184, 185, 186, 187, 188, 189, 190, 191, 192, 193, 194, 195, 196, 197, 198, 200, 201, 202, 203, 204, 205, 206, 207, 208, 209, 210, 211, 212, 213, 214, 215, 216, 217, 218, 219, 220, 221, 222, 223, 224, 225, 226, 227, 228, 229, 230, 231, 232, 233, 234, 235, 236, 237, 238, 239, 240, 241, 242, 243, 245, 246, 247, 248, 249, 250, 251, 252, 253, 254, 255, 256, 257, 258, 259, 260, 261, 262, 263, 264, 265, 266, 267, 268, 269, 270, 271, 272, 273, 274, 275, 276, 277, 278, 279, 280, 281, 282, 283, 284, 285, 286, 287, 289, 290, 291, 292, 293, 294, 296, 297, 298, 299, 300, 301, 302, 303, 304, 305, 306, 307, 308, 309, 310, 311, 312, 313, 314, 315, 317, 318, 319, 321, 322, 323, 325, 326, 327, 328, 329, 330, 331, 332, 333, 334, 335, 336, 337, 338, 339, 340, 341, 342, 343, 344, 345, 346, 347, 348, 349, 350, 351, 352, 353, 354, 355, 356, 358, 360, 361, 362, 363, 364, 365, 366, 367, 369, 370, 371, 372, 373, 374, 376, 377, 378, 380, 381, 382, 383, 384, 385, 386, 388, 389, 390, 391, 392, 393, 394, 395, 396, 397, 398, 399, 400, 401, 402, 403, 404, 405, 406, 407, 408, 409, 410, 411, 412, 413, 414, 415, 416, 417, 418, 419, 420, 421, 423, 424, 425, 426, 427, 428, 429, 430, 431, 432, 433, 434, 435, 436, 437, 439, 440, 441, 442, 443, 444, 446, 447, 448, 449, 450, 451, 452, 453, 454, 455, 456, 457, 458, 459, 460, 461, 462, 463, 464, 465, 466, 467, 468, 469, 470, 471, 472, 473, 474, 475, 476, 477, 478, 479, 480, 481, 482, 483, 484, 485, 486, 487, 488, 489, 490, 492, 493, 494, 495, 496, 497, 498, 500, 501, 502, 503, 504, 505, 506, 507, 508, 509, 510, 511, 512, 513, 514, 515, 516, 517, 518, 519, 520, 522, 523, 525, 526, 527, 528, 529, 530, 199, 244, 288, 295, 324, 368, 375, 379, 387, 438, 491, 524]}
FP rate  0.04831 FN rate  0.05
 Before reassigning cells 
 Timepoint  2
 Cluster  5  # of cells  50
 Cluster  1  # of cells  50
 Timepoint  3
 Cluster  4  # of cells  4
 Cluster  3  # of cells  67
 Cluster  1  # of cells  429
 Cells absent at timepoint  2   set()
 Cells absent at timepoint  3   set()
 Timepoint  2
 Timepoint  3
 After reassigning and merging cells 
 Timepoint  2
 Cluster  5  # of cells  50
 Cluster  1  # of cells  50
 Timepoint  3
 Cluster  4  # of cells  4
 Cluster  3  # of cells  67
 Cluster  1  # of cells  429
 Tp cluster cell dict  {'5_2': 50, '1_2': 50, '4_3': 4, '3_3': 67, '1_3': 429}
 New Graph is here 
 ID  0  Timepoint  1  Mutations  []  Type  subclone
 ID  1  Timepoint  2  Mutations  [0, 1, 2, 3, 4, 5, 9, 10, 11, 12, 13, 14]  Type  subclone
 ID  2  Timepoint  2  Mutations  [6, 7, 8]  Type  subclone
 ID  3  Timepoint  3  Mutations  [6, 7, 8, 9, 15, 16, 17, 18, 19, 20, 21, 22, 23, 24, 25, 26, 27]  Type  subclone
 ID  4  Timepoint  3  Mutations  [6, 7, 8, 15, 16, 17, 18, 19, 20, 21, 22, 23, 24, 25, 26, 27]  Type  subclone
 ID  5  Timepoint  3  Mutations  [6, 7, 8]  Type  subclone
Timepoints  SortedDict({1: [0], 2: [1, 2], 3: [3, 4, 5]})
 Clone to nodes  {'5_2': 1, '1_2': 2, '4_3': 3, '3_3': 4, '1_3': 5}
 Timepoint ====  1
 Hash table  {'0': [0, 1, 2, 3, 4, 5, 9, 10, 11, 12, 13, 14], '1': [6, 7, 8]}
 Final possible usc  [[0, 1, 2, 3, 4, 5, 9, 10, 11, 12, 13, 14], [6, 7, 8]]
 Time  1  USC keys  {'0,1,2,3,4,5,9,10,11,12,13,14_0', '6,7,8_0'}
 USC children  {'0,1,2,3,4,5,9,10,11,12,13,14_0': [1], '6,7,8_0': [2]}
 USC children  {'0,1,2,3,4,5,9,10,11,12,13,14_0': [1], '6,7,8_0': [2]}
 Timepoint ====  2
 Hash table  {'0,1': [6, 7, 8, 15, 16, 17, 18, 19, 20, 21, 22, 23, 24, 25, 26, 27], '0': [9]}
====== Inside find superset of t nodes ==========
 Final possible usc  [[6, 7, 8, 15, 16, 17, 18, 19, 20, 21, 22, 23, 24, 25, 26, 27]]
 Time  2  USC keys  {'6,7,8,15,16,17,18,19,20,21,22,23,24,25,26,27_2'}
 USC children  {'0,1,2,3,4,5,9,10,11,12,13,14_0': [1], '6,7,8_0': [2], '6,7,8,15,16,17,18,19,20,21,22,23,24,25,26,27_2': [3, 4]}
 USC children  {'0,1,2,3,4,5,9,10,11,12,13,14_0': [1], '6,7,8_0': [2], '6,7,8,15,16,17,18,19,20,21,22,23,24,25,26,27_2': [3, 4]}
 Node s  {'1': ['0', '1', '2', '3', '4', '5', '9', '10', '11', '12', '13', '14'], '2': ['6', '7', '8'], '3,4': ['6', '7', '8', '15', '16', '17', '18', '19', '20', '21', '22', '23', '24', '25', '26', '27']}
 Enroll USC nodes  ['1']  len  1
 Enroll USC nodes  ['2']  len  1
 Enroll USC nodes  ['3', '4']  len  2
 Node TP  SortedDict({1: [0], 2: [1, 2], 3: [3, 4, 5]})
 Unobserved subclones at timepoints  {2.5: [6]}
 ============== Inside finding node v ============ 
 Time  2
 largest_v_mut  [[]]
 largest_v_mut  [[]]
 Time  3
 Sorted all timepoints  [1, 2, 2.5, 3]
 Timepoint  2
 Timepoint  3
 Inside usc_node check  3
0   1   [-1]   subclone   []   []
1   2   [0]   subclone   [0, 1, 2, 3, 4, 5, 9, 10, 11, 12, 13, 14]   [12]
2   2   [0]   subclone   [6, 7, 8]   [3]
3   3   [6]   subclone   [6, 7, 8, 9, 15, 16, 17, 18, 19, 20, 21, 22, 23, 24, 25, 26, 27]   [1]
4   3   [6]   subclone   [6, 7, 8, 15, 16, 17, 18, 19, 20, 21, 22, 23, 24, 25, 26, 27]   [0]
5   3   [2]   subclone   [6, 7, 8]   [0]
6   2.5   [2]   unobserved subclone   [6, 7, 8, 15, 16, 17, 18, 19, 20, 21, 22, 23, 24, 25, 26, 27]   [13]
 List of tree files  ['all_trees/sp05_rep4_m1_tree.csv', 'all_trees/sp05_rep4_m2_tree.csv', 'all_trees/sp05_rep4_m3_tree.csv', 'all_trees/sp05_rep4_m4_tree.csv', 'all_trees/sp05_rep4_m5_tree.csv']
{'1': ['0', '1', '2', '3', '4', '5', '9', '10', '11', '12', '13', '14'], '2': ['6', '7', '8'], '3': ['3', '6', '7', '8', '9', '15', '16', '17', '18', '19', '20', '21', '22', '23', '24', '25', '26', '27'], '4': ['6', '7', '8', '15', '16', '17', '18', '19', '20', '21', '22', '23', '24', '25', '26', '27'], '5': ['6', '7', '8'], '6': ['6', '7', '8', '15', '16', '17', '18', '19', '20', '21', '22', '23', '24', '25', '26', '27']}
 Actual mutation of  3   ['3', '9']
 Actual mutation of  4   []
 Actual mutation of  5   []
 Actual mutation of  6   ['25', '24', '20', '21', '26', '16', '15', '22', '18', '27', '23', '19', '17']
 Updated node mutation  {'1': ['0', '1', '2', '3', '4', '5', '9', '10', '11', '12', '13', '14'], '2': ['6', '7', '8'], '3': ['3', '9'], '4': [], '5': [], '6': ['25', '24', '20', '21', '26', '16', '15', '22', '18', '27', '23', '19', '17']}
{'1': ['0', '1', '2', '3', '4', '5', '9', '10', '11', '12', '13', '14'], '2': ['6', '7', '8'], '3': ['6', '7', '8', '9', '15', '16', '17', '18', '19', '20', '21', '22', '23', '24', '25', '26', '27'], '4': ['6', '7', '8', '15', '16', '17', '18', '19', '20', '21', '22', '23', '24', '25', '26', '27'], '5': ['6', '7', '8'], '6': ['6', '7', '8', '15', '16', '17', '18', '19', '20', '21', '22', '23', '24', '25', '26', '27']}
 Actual mutation of  3   ['9']
 Actual mutation of  4   []
 Actual mutation of  5   []
 Actual mutation of  6   ['25', '24', '20', '21', '26', '16', '15', '22', '18', '27', '23', '19', '17']
 Updated node mutation  {'1': ['0', '1', '2', '3', '4', '5', '9', '10', '11', '12', '13', '14'], '2': ['6', '7', '8'], '3': ['9'], '4': [], '5': [], '6': ['25', '24', '20', '21', '26', '16', '15', '22', '18', '27', '23', '19', '17']}
{'1': ['0', '1', '2', '3', '4', '5', '9', '10', '11', '12', '13', '14'], '2': ['6', '7', '8'], '3': ['6', '7', '8', '21'], '4': ['6', '7', '8', '9', '15', '16', '17', '18', '19', '20', '21', '22', '23', '24', '25', '26', '27'], '5': ['6', '7', '8', '15', '16', '17', '18', '19', '20', '21', '22', '23', '24', '25', '26', '27'], '6': ['6', '7', '8'], '7': ['6', '7', '8', '21']}
 Actual mutation of  3   []
 Actual mutation of  4   ['15', '22', '25', '24', '18', '27', '20', '23', '19', '17', '9', '16', '26']
 Actual mutation of  5   ['15', '22', '25', '24', '18', '27', '20', '23', '19', '17', '16', '26']
 Actual mutation of  6   []
 Actual mutation of  7   ['21']
 Updated node mutation  {'1': ['0', '1', '2', '3', '4', '5', '9', '10', '11', '12', '13', '14'], '2': ['6', '7', '8'], '3': [], '4': ['15', '22', '25', '24', '18', '27', '20', '23', '19', '17', '9', '16', '26'], '5': ['15', '22', '25', '24', '18', '27', '20', '23', '19', '17', '16', '26'], '6': [], '7': ['21']}
{'1': ['0', '1', '2', '3', '4', '5', '9', '10', '11', '12', '13', '14'], '2': ['0', '3', '4', '9', '10', '11', '12', '15', '22', '23'], '3': ['6', '7', '8', '14'], '4': ['6', '7', '8'], '5': ['6', '7', '8', '20'], '6': ['6', '7', '8', '14'], '7': ['6', '7', '8', '9', '15', '21', '24'], '8': ['6', '7', '8', '15', '16', '17', '18', '19', '20', '21', '22', '23', '24', '25', '26', '27'], '9': ['6', '7', '8', '16'], '10': ['6', '7', '8'], '11': ['0', '3', '4', '9', '10', '11', '12'], '12': ['14'], '13': ['6', '7', '8']}
 Actual mutation of  1   ['13', '14', '2', '1', '5']
 Actual mutation of  2   ['15', '23', '22']
 Actual mutation of  3   ['7', '6', '8']
 Actual mutation of  4   []
 Actual mutation of  5   ['20']
 Actual mutation of  6   []
 Actual mutation of  7   ['15', '21', '24', '9']
 Actual mutation of  8   ['25', '24', '20', '21', '26', '16', '15', '22', '18', '27', '23', '19', '17']
 Actual mutation of  9   ['16']
 Actual mutation of  10   []
 Updated node mutation  {'1': ['13', '14', '2', '1', '5'], '2': ['15', '23', '22'], '3': ['7', '6', '8'], '4': [], '5': ['20'], '6': [], '7': ['15', '21', '24', '9'], '8': ['25', '24', '20', '21', '26', '16', '15', '22', '18', '27', '23', '19', '17'], '9': ['16'], '10': [], '11': ['0', '3', '4', '9', '10', '11', '12'], '12': ['14'], '13': ['6', '7', '8']}
{'1': ['0', '1', '2', '3', '4', '5', '9', '10', '11', '12', '13', '14'], '2': ['6', '7', '8'], '3': ['6', '7', '8', '9', '15', '16', '17', '18', '19', '20', '21', '22', '23', '24', '25', '26', '27'], '4': ['6', '7', '8', '15', '16', '17', '18', '19', '20', '21', '22', '23', '24', '25', '26', '27'], '5': ['6', '7', '8'], '6': ['6', '7', '8', '15', '16', '17', '18', '19', '20', '21', '22', '23', '24', '25', '26', '27']}
 Actual mutation of  3   ['9']
 Actual mutation of  4   []
 Actual mutation of  5   []
 Actual mutation of  6   ['25', '24', '20', '21', '26', '16', '15', '22', '18', '27', '23', '19', '17']
 Updated node mutation  {'1': ['0', '1', '2', '3', '4', '5', '9', '10', '11', '12', '13', '14'], '2': ['6', '7', '8'], '3': ['9'], '4': [], '5': [], '6': ['25', '24', '20', '21', '26', '16', '15', '22', '18', '27', '23', '19', '17']}
 Parallel mutation count  {'m1': 2, 'm2': 1, 'm3': 13, 'm4': 12, 'm5': 1}
 Clusters with least parallel mutations  ['m2', 'm5']
 Cluster nos for each run  {'m2': 6, 'm5': 6}
 Run  m2
 Base path  ['sp05', 'rep4', 'm1', 'tree.csv']
 Best tree path  sp05_rep4_m2_tree.csv
