
DPMM with:
	600 cells
	109 mutations
	learning errors

	Priors:
	params.:	Beta(0.25,0.25)
	CRP a_0:	Gamma(24.49,1)
	FP:		trunc norm(0.01,0.01)
	FN:		trunc norm(0.2,0.1)

Move probabilitites:
	Split/merge:	0.33
		split/merge ratio:	[0.75, 0.25]
		intermediate Gibbs:	3
	CRP a_0 update:	0.25
	Errors update:	0.25

Run MCMC with (1 chains for 5000 steps):

Clustering time:	0:33:58.528057	(0.41 secs. per MCMC step)	Lugsail PSRF:		1.00704

Chain mean - posterior clusters	(#11):
	11 clusters

	A: 194 items
	B: 80 items
	C: 92 items
	D: 10 items
	E: 19 items
	F: 44 items
	G: 24 items
	H: 65 items
	I: 38 items
	J: 5 items
	K: 29 items

Inferred latent variables	--	chain mean - posterior
	CRP a_0:	108.6 +- 19.4
	FP (model|genotypes): 1.7E-03 +- 4.5E-04	|	8.4E-03
	FN (model|genotypes): 0.162   +- 0.009	|	0.161

Writing output to: ./sim_output/theta5/rep1/m1

Too many cells to plot genotypes/clusters
