
DPMM with:
	600 cells
	56 mutations
	learning errors

	Priors:
	params.:	Beta(0.25,0.25)
	CRP a_0:	Gamma(24.49,1)
	FP:		trunc norm(0.01,0.01)
	FN:		trunc norm(0.2,0.1)

Move probabilitites:
	Split/merge:	0.33
		split/merge ratio:	[0.75, 0.25]
		intermediate Gibbs:	3
	CRP a_0 update:	0.25
	Errors update:	0.25

Run MCMC with (1 chains for 5000 steps):

Clustering time:	0:18:44.091117	(0.22 secs. per MCMC step)	Lugsail PSRF:		1.00574

Chain mean - posterior clusters	(#11):
	11 clusters

	A: 394 items
	B: 8 items
	C: 18 items
	D: 3 items
	E: 4 items
	F: 12 items
	G: 71 items
	H: 38 items
	I: 20 items
	J: 31 items
	K: 1 items

Inferred latent variables	--	chain mean - posterior
	CRP a_0:	101.0 +- 18.2
	FP (model|genotypes): 2.0E-03 +- 9.5E-04	|	7.7E-03
	FN (model|genotypes): 0.145   +- 0.015	|	0.159

Writing output to: ./sim_output/sp05/rep2/m3

Too many cells to plot genotypes/clusters
