
DPMM with:
	600 cells
	59 mutations
	learning errors

	Priors:
	params.:	Beta(0.25,0.25)
	CRP a_0:	Gamma(24.49,1)
	FP:		trunc norm(0.01,0.01)
	FN:		trunc norm(0.2,0.1)

Move probabilitites:
	Split/merge:	0.33
		split/merge ratio:	[0.75, 0.25]
		intermediate Gibbs:	3
	CRP a_0 update:	0.25
	Errors update:	0.25

Run MCMC with (1 chains for 5000 steps):

Clustering time:	0:18:21.339963	(0.22 secs. per MCMC step)	Lugsail PSRF:		1.00736

Chain mean - posterior clusters	(#6):
	6 clusters

	A: 190 items
	B: 176 items
	C: 33 items
	D: 95 items
	E: 81 items
	F: 25 items

Inferred latent variables	--	chain mean - posterior
	CRP a_0:	100.1 +- 18.1
	FP (model|genotypes): 2.2E-03 +- 8.0E-04	|	8.0E-03
	FN (model|genotypes): 0.154   +- 0.014	|	0.160

Writing output to: ./sim_output/theta3/rep1/m2

Too many cells to plot genotypes/clusters
