7
 Total estimated FP  600  True negatives  11454
 Total estimated FN  1420  True positives  5726
 Estimated FP rate  0.09485
 Estimated FN rate  0.11
 No. of Cells in each cluster  {'4_2': 14, '4_3': 87, '3_2': 10, '2_2': 64, '2_3': 1, '5_2': 1, '1_2': 11, '1_3': 412}
 Cells in each cluster  {'4_2': [0, 1, 2, 3, 4, 5, 6, 7, 8, 9, 10, 11, 12, 13], '4_3': [100, 101, 102, 103, 104, 105, 106, 107, 108, 109, 110, 111, 112, 113, 114, 115, 116, 117, 118, 119, 120, 121, 122, 123, 124, 125, 126, 127, 128, 129, 130, 131, 132, 133, 134, 135, 136, 137, 138, 139, 140, 141, 142, 143, 144, 145, 146, 147, 148, 149, 150, 151, 152, 153, 154, 155, 156, 157, 158, 159, 160, 161, 162, 163, 164, 165, 166, 167, 168, 169, 170, 171, 172, 173, 174, 175, 176, 177, 178, 179, 180, 181, 182, 183, 184, 185, 186], '3_2': [14, 15, 16, 17, 18, 19, 20, 21, 22, 23], '2_2': [24, 25, 26, 27, 28, 29, 30, 31, 32, 33, 34, 35, 36, 37, 38, 39, 40, 41, 42, 43, 44, 45, 46, 47, 48, 49, 50, 51, 52, 53, 54, 55, 56, 57, 58, 59, 60, 61, 62, 63, 64, 65, 66, 67, 69, 70, 71, 72, 73, 75, 76, 77, 78, 79, 80, 81, 82, 83, 84, 85, 86, 87, 88, 89], '2_3': [191], '5_2': [68], '1_2': [99, 90, 91, 92, 93, 94, 95, 96, 97, 98, 74], '1_3': [225, 234, 253, 322, 370, 376, 378, 401, 403, 407, 424, 428, 443, 444, 465, 472, 493, 496, 534, 544, 557, 559, 565, 577, 581, 589, 597, 599, 188, 189, 190, 192, 193, 195, 196, 197, 198, 199, 200, 201, 202, 203, 204, 205, 206, 207, 208, 209, 210, 213, 214, 215, 217, 218, 220, 222, 223, 224, 226, 227, 229, 230, 231, 233, 235, 236, 238, 239, 240, 241, 242, 244, 246, 247, 248, 249, 250, 251, 252, 254, 255, 256, 257, 258, 260, 261, 262, 263, 264, 265, 267, 268, 269, 270, 271, 272, 273, 274, 275, 276, 277, 278, 279, 280, 282, 283, 284, 285, 287, 289, 290, 291, 292, 294, 295, 296, 298, 299, 300, 302, 303, 307, 308, 309, 310, 311, 312, 313, 314, 316, 317, 320, 321, 323, 324, 325, 326, 327, 328, 329, 330, 331, 332, 333, 334, 335, 336, 337, 338, 340, 341, 342, 343, 344, 345, 346, 348, 349, 350, 351, 352, 353, 354, 355, 356, 357, 359, 360, 361, 362, 363, 364, 365, 366, 367, 368, 369, 371, 372, 373, 374, 379, 380, 382, 383, 384, 386, 387, 388, 389, 390, 392, 393, 394, 396, 397, 398, 400, 402, 404, 405, 406, 408, 409, 410, 411, 412, 413, 415, 416, 418, 419, 420, 422, 423, 425, 427, 429, 430, 431, 432, 434, 435, 436, 438, 440, 441, 442, 445, 447, 448, 449, 451, 453, 454, 455, 456, 457, 458, 459, 460, 462, 463, 464, 466, 467, 468, 469, 470, 471, 473, 474, 475, 476, 477, 478, 479, 480, 481, 482, 483, 485, 487, 488, 489, 490, 491, 492, 494, 498, 500, 501, 502, 503, 504, 505, 506, 507, 508, 509, 510, 511, 512, 513, 514, 515, 516, 518, 519, 520, 521, 522, 523, 524, 525, 526, 528, 529, 530, 532, 533, 535, 536, 537, 538, 539, 540, 541, 542, 543, 545, 546, 548, 549, 550, 552, 553, 554, 555, 556, 558, 560, 562, 563, 564, 566, 567, 568, 569, 570, 571, 572, 573, 574, 575, 576, 578, 579, 580, 582, 583, 584, 585, 586, 587, 588, 590, 591, 592, 593, 594, 595, 596, 598, 187, 194, 211, 212, 216, 219, 221, 228, 232, 237, 243, 245, 259, 266, 281, 286, 288, 293, 297, 301, 304, 305, 306, 315, 318, 319, 339, 347, 358, 375, 377, 381, 385, 391, 395, 399, 414, 417, 421, 426, 433, 437, 439, 446, 450, 452, 461, 484, 486, 495, 497, 499, 517, 527, 531, 547, 551, 561]}
FP rate  0.09485 FN rate  0.11
 Before reassigning cells 
 Timepoint  2
 Cluster  4  # of cells  14
 Cluster  3  # of cells  10
 Cluster  2  # of cells  65
 Cluster  5  # of cells  1
 Cluster  1  # of cells  10
 Timepoint  3
 Cluster  4  # of cells  87
 Cluster  2  # of cells  1
 Cluster  1  # of cells  411
 Cells absent at timepoint  2   set()
 Cells absent at timepoint  3   {381}
 Missing cell prob  {'1': 2.2762185155358376e-09, '4': 1.2581640627428248e-10, '2': 2.2762185155358384e-09}
 Timepoint  2
 Timepoint  3
 After reassigning and merging cells 
 Timepoint  2
 Cluster  4  # of cells  14
 Cluster  3  # of cells  10
 Cluster  2  # of cells  65
 Cluster  5  # of cells  1
 Cluster  1  # of cells  10
 Timepoint  3
 Cluster  4  # of cells  87
 Cluster  2  # of cells  2
 Cluster  1  # of cells  411
 Tp cluster cell dict  {'4_2': 14, '3_2': 10, '2_2': 65, '5_2': 1, '1_2': 10, '4_3': 87, '2_3': 2, '1_3': 411}
 New Graph is here 
 ID  0  Timepoint  1  Mutations  []  Type  subclone
 ID  1  Timepoint  2  Mutations  [0, 1, 2, 3]  Type  subclone
 ID  2  Timepoint  2  Mutations  [0, 1, 2, 3, 16, 17, 18, 19, 20, 21, 22, 23, 24, 25, 27, 28]  Type  subclone
 ID  3  Timepoint  2  Mutations  [4, 5, 6, 7, 8, 9, 10, 11, 12, 13, 14, 15, 29, 30, 31, 32, 33, 34]  Type  subclone
 ID  4  Timepoint  2  Mutations  [4, 7, 11, 12, 13, 14, 18, 21, 25, 26, 30, 31]  Type  subclone
 ID  5  Timepoint  2  Mutations  [4, 5, 6, 7, 8, 9, 10, 11, 12, 13, 14, 15, 35, 36, 37, 38, 39]  Type  subclone
 ID  6  Timepoint  3  Mutations  [0, 1, 2, 3]  Type  subclone
 ID  7  Timepoint  3  Mutations  [4, 5, 6, 7, 8, 9, 10, 11, 12, 13, 14, 15, 29, 30, 31, 32, 33, 34, 35, 36, 37, 38, 39]  Type  subclone
 ID  8  Timepoint  3  Mutations  [4, 5, 6, 7, 8, 9, 10, 11, 12, 13, 14, 15, 35, 36, 37, 38, 39]  Type  subclone
Timepoints  SortedDict({1: [0], 2: [1, 2, 3, 4, 5], 3: [6, 7, 8]})
 Clone to nodes  {'4_2': 1, '3_2': 2, '2_2': 3, '5_2': 4, '1_2': 5, '4_3': 6, '2_3': 7, '1_3': 8}
 Timepoint ====  1
 Hash table  {'0,1': [0, 1, 2, 3], '1': [16, 17, 19, 20, 22, 23, 24, 27, 28], '1,3': [18, 21, 25], '2,3,4': [4, 7, 11, 12, 13, 14], '2,4': [5, 6, 8, 9, 10, 15], '2': [29, 32, 33, 34], '2,3': [30, 31], '3': [26], '4': [35, 36, 37, 38, 39]}
 Final possible usc  [[0, 1, 2, 3], [16, 17, 19, 20, 22, 23, 24, 27, 28], [18, 21, 25], [4, 7, 11, 12, 13, 14], [5, 6, 8, 9, 10, 15], [29, 32, 33, 34], [30, 31], [26], [35, 36, 37, 38, 39]]
 Time  1  USC keys  {'16,17,19,20,22,23,24,27,28_0', '30,31_0', '26_0', '35,36,37,38,39_0', '0,1,2,3_0', '5,6,8,9,10,15_0', '18,21,25_0', '4,7,11,12,13,14_0', '29,32,33,34_0'}
 USC children  {'0,1,2,3_0': [1, 2], '16,17,19,20,22,23,24,27,28_0': [2], '18,21,25_0': [2, 4], '4,7,11,12,13,14_0': [3, 4, 5], '5,6,8,9,10,15_0': [3, 5], '29,32,33,34_0': [3], '30,31_0': [3, 4], '26_0': [4], '35,36,37,38,39_0': [5]}
 USC children  {'0,1,2,3_0': [1, 2], '16,17,19,20,22,23,24,27,28_0': [2], '18,21,25_0': [2, 4], '4,7,11,12,13,14_0': [3, 4, 5], '5,6,8,9,10,15_0': [3, 5], '29,32,33,34_0': [3], '30,31_0': [3, 4], '26_0': [4], '35,36,37,38,39_0': [5]}
 Timepoint ====  2
 Hash table  {'0': [4, 5, 6, 7, 8, 9, 10, 11, 12, 13, 14, 15, 29, 30, 31, 32, 33, 34, 35, 36, 37, 38, 39]}
====== Inside find superset of t nodes ==========
 Final possible usc  [[4, 5, 6, 7, 8, 9, 10, 11, 12, 13, 14, 15, 29, 30, 31, 32, 33, 34, 35, 36, 37, 38, 39]]
 Time  2  USC keys  {'4,5,6,7,8,9,10,11,12,13,14,15,29,30,31,32,33,34,35,36,37,38,39_3', '4,5,6,7,8,9,10,11,12,13,14,15,29,30,31,32,33,34,35,36,37,38,39_5'}
 USC children  {'0,1,2,3_0': [1, 2], '16,17,19,20,22,23,24,27,28_0': [2], '18,21,25_0': [2, 4], '4,7,11,12,13,14_0': [3, 4, 5], '5,6,8,9,10,15_0': [3, 5], '29,32,33,34_0': [3], '30,31_0': [3, 4], '26_0': [4], '35,36,37,38,39_0': [5], '4,5,6,7,8,9,10,11,12,13,14,15,29,30,31,32,33,34,35,36,37,38,39_3': [7], '4,5,6,7,8,9,10,11,12,13,14,15,29,30,31,32,33,34,35,36,37,38,39_5': [7]}
 USC children  {'0,1,2,3_0': [1, 2], '16,17,19,20,22,23,24,27,28_0': [2], '18,21,25_0': [2, 4], '4,7,11,12,13,14_0': [3, 4, 5], '5,6,8,9,10,15_0': [3, 5], '29,32,33,34_0': [3], '30,31_0': [3, 4], '26_0': [4], '35,36,37,38,39_0': [5], '4,5,6,7,8,9,10,11,12,13,14,15,29,30,31,32,33,34,35,36,37,38,39_3': [7], '4,5,6,7,8,9,10,11,12,13,14,15,29,30,31,32,33,34,35,36,37,38,39_5': [7]}
 Node s  {'1,2': ['0', '1', '2', '3'], '2,4': ['18', '21', '25'], '3,4,5': ['4', '7', '11', '12', '13', '14'], '7': ['4', '5', '6', '7', '8', '9', '10', '11', '12', '13', '14', '15', '29', '30', '31', '32', '33', '34', '35', '36', '37', '38', '39']}
 Enroll USC nodes  ['1', '2']  len  2
 Enroll USC nodes  ['2', '4']  len  2
 Enroll USC nodes  ['3', '4', '5']  len  3
 Enroll USC nodes  ['7']  len  1
 Node TP  SortedDict({1: [0], 2: [1, 2, 3, 4, 5], 3: [6, 7, 8]})
 Unobserved subclones at timepoints  {1.5: [9, 10, 11]}
 ============== Inside finding node v ============ 
 Time  2
 Time  3
 largest_v_mut  [[38, 35, 4, 5, 6, 7, 8, 9, 10, 11, 12, 13, 14, 15, 39, 36, 37], [32, 33, 34, 4, 5, 6, 7, 8, 9, 10, 11, 12, 13, 14, 15, 29, 30, 31]]
 Sorted all timepoints  [1, 1.5, 2, 3]
 Timepoint  2
 Inside usc_node check  2
 Timepoint  3
0   1   [-1]   subclone   []   []
1   2   [9]   subclone   [0, 1, 2, 3]   [0]
2   2   [9]   subclone   [0, 1, 2, 3, 16, 17, 18, 19, 20, 21, 22, 23, 24, 25, 27, 28]   [12, 13]
3   2   [11]   subclone   [4, 5, 6, 7, 8, 9, 10, 11, 12, 13, 14, 15, 29, 30, 31, 32, 33, 34]   [12]
4   2   [10]   subclone   [4, 7, 11, 12, 13, 14, 18, 21, 25, 26, 30, 31]   [9, 6]
5   2   [11]   subclone   [4, 5, 6, 7, 8, 9, 10, 11, 12, 13, 14, 15, 35, 36, 37, 38, 39]   [11]
6   3   [1]   subclone   [0, 1, 2, 3]   [0]
7   3   [3]   subclone   [4, 5, 6, 7, 8, 9, 10, 11, 12, 13, 14, 15, 29, 30, 31, 32, 33, 34, 35, 36, 37, 38, 39]   [5]
8   3   [5]   subclone   [4, 5, 6, 7, 8, 9, 10, 11, 12, 13, 14, 15, 35, 36, 37, 38, 39]   [0]
9   1.5   [0]   unobserved subclone   [0, 1, 2, 3]   [4]
10   1.5   [0]   unobserved subclone   [18, 21, 25]   [3]
11   1.5   [0]   unobserved subclone   [4, 7, 11, 12, 13, 14]   [6]
7
 Total estimated FP  593  True negatives  11461
 Total estimated FN  1413  True positives  5733
 Estimated FP rate  0.09374
 Estimated FN rate  0.11
 No. of Cells in each cluster  {'4_2': 14, '4_3': 87, '3_2': 10, '2_2': 64, '2_3': 1, '5_2': 1, '6_2': 1, '6_3': 1, '0_2': 10, '0_3': 406, '1_3': 5}
 Cells in each cluster  {'4_2': [0, 1, 2, 3, 4, 5, 6, 7, 8, 9, 10, 11, 12, 13], '4_3': [100, 101, 102, 103, 104, 105, 106, 107, 108, 109, 110, 111, 112, 113, 114, 115, 116, 117, 118, 119, 120, 121, 122, 123, 124, 125, 126, 127, 128, 129, 130, 131, 132, 133, 134, 135, 136, 137, 138, 139, 140, 141, 142, 143, 144, 145, 146, 147, 148, 149, 150, 151, 152, 153, 154, 155, 156, 157, 158, 159, 160, 161, 162, 163, 164, 165, 166, 167, 168, 169, 170, 171, 172, 173, 174, 175, 176, 177, 178, 179, 180, 181, 182, 183, 184, 185, 186], '3_2': [14, 15, 16, 17, 18, 19, 20, 21, 22, 23], '2_2': [24, 25, 26, 27, 28, 29, 30, 31, 32, 33, 34, 35, 36, 37, 38, 39, 40, 41, 42, 43, 44, 45, 46, 47, 48, 49, 50, 51, 52, 53, 54, 55, 56, 57, 58, 59, 60, 61, 62, 63, 64, 65, 66, 67, 69, 70, 71, 72, 73, 75, 76, 77, 78, 79, 80, 81, 82, 83, 84, 85, 86, 87, 88, 89], '2_3': [191], '5_2': [68], '6_2': [74], '6_3': [381], '0_2': [90, 91, 92, 93, 94, 95, 96, 97, 98, 99], '0_3': [187, 188, 189, 190, 192, 193, 194, 195, 196, 197, 198, 199, 200, 201, 202, 203, 204, 205, 206, 207, 208, 209, 210, 211, 212, 213, 214, 215, 216, 217, 218, 219, 220, 221, 222, 223, 224, 225, 226, 227, 228, 229, 230, 231, 232, 233, 234, 235, 236, 237, 238, 239, 240, 241, 242, 243, 244, 245, 246, 247, 248, 249, 250, 251, 252, 253, 254, 255, 256, 257, 258, 259, 260, 261, 262, 263, 264, 265, 266, 267, 268, 269, 270, 271, 272, 273, 274, 275, 276, 277, 278, 279, 280, 281, 282, 283, 284, 285, 286, 287, 288, 289, 290, 291, 292, 293, 294, 295, 296, 297, 298, 299, 300, 302, 303, 304, 305, 306, 307, 308, 309, 310, 311, 312, 313, 314, 315, 316, 317, 318, 319, 320, 321, 323, 324, 325, 326, 327, 328, 329, 330, 331, 332, 333, 334, 335, 336, 337, 338, 339, 340, 341, 342, 343, 344, 345, 346, 347, 348, 349, 350, 351, 352, 353, 354, 355, 356, 357, 358, 359, 360, 361, 362, 363, 364, 365, 366, 367, 368, 369, 370, 371, 372, 373, 374, 375, 377, 378, 379, 380, 382, 383, 384, 385, 386, 387, 388, 389, 390, 391, 392, 393, 394, 395, 396, 397, 398, 399, 400, 401, 402, 403, 404, 405, 406, 407, 408, 409, 410, 411, 412, 413, 414, 415, 416, 417, 418, 419, 420, 421, 422, 423, 425, 426, 427, 428, 429, 430, 431, 432, 433, 434, 435, 436, 437, 438, 439, 440, 441, 442, 443, 444, 445, 446, 447, 448, 449, 450, 451, 452, 453, 454, 455, 456, 457, 458, 459, 460, 461, 462, 463, 464, 465, 466, 467, 468, 469, 470, 471, 472, 473, 474, 475, 476, 477, 478, 479, 480, 481, 482, 483, 484, 485, 486, 487, 488, 489, 490, 491, 492, 493, 494, 495, 496, 497, 498, 499, 500, 501, 502, 503, 504, 505, 506, 507, 508, 509, 510, 511, 512, 513, 514, 515, 516, 517, 518, 519, 520, 521, 522, 523, 524, 525, 526, 527, 528, 529, 530, 531, 532, 533, 534, 535, 536, 537, 538, 539, 540, 541, 542, 543, 544, 545, 546, 547, 548, 549, 550, 551, 552, 553, 554, 555, 556, 558, 559, 560, 561, 562, 563, 564, 565, 566, 567, 568, 569, 570, 571, 572, 573, 574, 575, 576, 577, 578, 579, 580, 581, 582, 583, 584, 585, 586, 587, 588, 589, 590, 591, 592, 593, 594, 595, 596, 597, 598, 599], '1_3': [301, 322, 376, 424, 557]}
FP rate  0.09374 FN rate  0.11
 Before reassigning cells 
 Timepoint  2
 Cluster  4  # of cells  14
 Cluster  3  # of cells  10
 Cluster  2  # of cells  62
 Cluster  5  # of cells  1
 Cluster  6  # of cells  3
 Cluster  0  # of cells  10
 Timepoint  3
 Cluster  4  # of cells  87
 Cluster  2  # of cells  1
 Cluster  6  # of cells  3
 Cluster  0  # of cells  398
 Cluster  1  # of cells  8
 Cells absent at timepoint  3   {322, 396, 378}
 Missing cell prob  {'0': 1.0882643860333898e-09, '2': 2.759934263443712e-16, '4': 5.1543596301727175e-12, '6': 2.188889404023589e-17, '1': 1.0882643860333902e-09}
 Missing cell prob  {'0': 1.1718525703637259e-05, '2': 1.9152373776604433e-09, '4': 1.540095267774314e-13, '6': 2.1246749319573745e-11, '1': 1.1718525703637259e-05}
 Missing cell prob  {'0': 4.293246721226907e-07, '2': 1.2078696061747816e-15, '4': 8.428302217880146e-20, '6': 7.892330447420427e-16, '1': 4.293246721226908e-07}
 Cells absent at timepoint  2   set()
 Timepoint  2
SortedDict({2: {'4': ['0', '1', '2', '3', '4', '5', '6', '7', '8', '9', '10', '11', '12', '13'], '3': ['14', '15', '16', '17', '18', '19', '20', '21', '22', '23'], '2': ['24', '25', '26', '27', '28', '29', '30', '31', '32', '34', '35', '36', '37', '38', '39', '40', '41', '42', '43', '44', '45', '46', '47', '48', '49', '50', '51', '52', '53', '54', '55', '57', '58', '59', '60', '61', '62', '63', '64', '65', '66', '67', '69', '70', '71', '72', '73', '75', '76', '77', '78', '79', '80', '81', '82', '83', '84', '85', '86', '87', '88', '89'], '5': ['68'], '6': ['33', '56', '74'], '0': ['90', '91', '92', '93', '94', '95', '96', '97', '98', '99']}, 3: {'4': ['100', '101', '102', '103', '104', '105', '106', '107', '108', '109', '110', '111', '112', '113', '114', '115', '116', '117', '118', '119', '120', '121', '122', '123', '124', '125', '126', '127', '128', '129', '130', '131', '132', '133', '134', '135', '136', '137', '138', '139', '140', '141', '142', '143', '144', '145', '146', '147', '148', '149', '150', '151', '152', '153', '154', '155', '156', '157', '158', '159', '160', '161', '162', '163', '164', '165', '166', '167', '168', '169', '170', '171', '172', '173', '174', '175', '176', '177', '178', '179', '180', '181', '182', '183', '184', '185', '186'], '2': ['191'], '6': ['301', '304', '381'], '0': ['187', '188', '189', '190', '192', '193', '194', '195', '196', '197', '198', '199', '200', '201', '202', '203', '204', '205', '206', '207', '208', '209', '210', '211', '212', '213', '214', '215', '216', '217', '218', '219', '220', '221', '222', '223', '224', '226', '227', '228', '229', '230', '231', '232', '233', '234', '235', '236', '237', '238', '239', '240', '241', '242', '243', '244', '245', '246', '247', '248', '249', '250', '251', '252', '254', '255', '256', '257', '258', '259', '260', '261', '262', '263', '264', '265', '266', '267', '268', '269', '270', '271', '272', '273', '274', '275', '276', '277', '278', '279', '280', '281', '282', '283', '284', '285', '286', '287', '288', '289', '290', '291', '292', '293', '294', '295', '296', '297', '298', '299', '300', '302', '303', '305', '306', '307', '308', '309', '310', '311', '312', '313', '314', '315', '316', '317', '318', '319', '320', '321', '323', '324', '325', '326', '327', '328', '329', '330', '331', '332', '333', '334', '335', '336', '337', '338', '339', '340', '341', '342', '343', '344', '345', '346', '347', '348', '349', '350', '351', '352', '353', '354', '355', '356', '357', '358', '359', '360', '361', '362', '363', '364', '365', '366', '367', '368', '369', '370', '371', '372', '373', '374', '375', '377', '379', '380', '382', '383', '384', '385', '386', '387', '388', '389', '390', '391', '392', '393', '394', '395', '397', '398', '399', '400', '401', '402', '403', '404', '405', '406', '407', '408', '409', '410', '411', '412', '413', '414', '415', '416', '417', '418', '419', '420', '421', '422', '423', '425', '426', '427', '428', '429', '430', '431', '432', '433', '434', '435', '436', '437', '438', '439', '440', '441', '442', '443', '444', '445', '446', '447', '448', '449', '450', '451', '452', '453', '454', '455', '456', '457', '458', '459', '460', '461', '462', '463', '464', '465', '466', '467', '468', '469', '470', '471', '472', '473', '474', '475', '476', '477', '478', '479', '480', '481', '482', '483', '484', '485', '486', '487', '488', '489', '490', '491', '492', '493', '494', '495', '496', '497', '498', '499', '500', '501', '502', '503', '504', '505', '506', '507', '509', '510', '511', '512', '513', '514', '515', '516', '517', '518', '519', '520', '521', '522', '523', '524', '525', '526', '527', '528', '529', '530', '531', '532', '533', '534', '535', '536', '538', '539', '540', '541', '542', '543', '544', '545', '546', '547', '548', '549', '550', '551', '552', '553', '554', '555', '556', '558', '559', '560', '561', '562', '563', '564', '565', '566', '567', '568', '569', '570', '571', '572', '573', '574', '575', '576', '578', '579', '580', '581', '582', '583', '584', '585', '586', '587', '588', '589', '590', '591', '592', '593', '594', '595', '596', '597', '598', '599', '396'], '1': ['225', '253', '376', '424', '508', '537', '557', '577', '322', '378']}})
 Cluster1  2
 Cluster to drop  6
 Timepoint  3
SortedDict({2: {'4': ['0', '1', '2', '3', '4', '5', '6', '7', '8', '9', '10', '11', '12', '13'], '3': ['14', '15', '16', '17', '18', '19', '20', '21', '22', '23'], '2': ['24', '25', '26', '27', '28', '29', '30', '31', '32', '34', '35', '36', '37', '38', '39', '40', '41', '42', '43', '44', '45', '46', '47', '48', '49', '50', '51', '52', '53', '54', '55', '57', '58', '59', '60', '61', '62', '63', '64', '65', '66', '67', '69', '70', '71', '72', '73', '75', '76', '77', '78', '79', '80', '81', '82', '83', '84', '85', '86', '87', '88', '89', '33', '56', '74'], '5': ['68'], '0': ['90', '91', '92', '93', '94', '95', '96', '97', '98', '99']}, 3: {'4': ['100', '101', '102', '103', '104', '105', '106', '107', '108', '109', '110', '111', '112', '113', '114', '115', '116', '117', '118', '119', '120', '121', '122', '123', '124', '125', '126', '127', '128', '129', '130', '131', '132', '133', '134', '135', '136', '137', '138', '139', '140', '141', '142', '143', '144', '145', '146', '147', '148', '149', '150', '151', '152', '153', '154', '155', '156', '157', '158', '159', '160', '161', '162', '163', '164', '165', '166', '167', '168', '169', '170', '171', '172', '173', '174', '175', '176', '177', '178', '179', '180', '181', '182', '183', '184', '185', '186'], '2': ['191'], '6': ['301', '304', '381'], '0': ['187', '188', '189', '190', '192', '193', '194', '195', '196', '197', '198', '199', '200', '201', '202', '203', '204', '205', '206', '207', '208', '209', '210', '211', '212', '213', '214', '215', '216', '217', '218', '219', '220', '221', '222', '223', '224', '226', '227', '228', '229', '230', '231', '232', '233', '234', '235', '236', '237', '238', '239', '240', '241', '242', '243', '244', '245', '246', '247', '248', '249', '250', '251', '252', '254', '255', '256', '257', '258', '259', '260', '261', '262', '263', '264', '265', '266', '267', '268', '269', '270', '271', '272', '273', '274', '275', '276', '277', '278', '279', '280', '281', '282', '283', '284', '285', '286', '287', '288', '289', '290', '291', '292', '293', '294', '295', '296', '297', '298', '299', '300', '302', '303', '305', '306', '307', '308', '309', '310', '311', '312', '313', '314', '315', '316', '317', '318', '319', '320', '321', '323', '324', '325', '326', '327', '328', '329', '330', '331', '332', '333', '334', '335', '336', '337', '338', '339', '340', '341', '342', '343', '344', '345', '346', '347', '348', '349', '350', '351', '352', '353', '354', '355', '356', '357', '358', '359', '360', '361', '362', '363', '364', '365', '366', '367', '368', '369', '370', '371', '372', '373', '374', '375', '377', '379', '380', '382', '383', '384', '385', '386', '387', '388', '389', '390', '391', '392', '393', '394', '395', '397', '398', '399', '400', '401', '402', '403', '404', '405', '406', '407', '408', '409', '410', '411', '412', '413', '414', '415', '416', '417', '418', '419', '420', '421', '422', '423', '425', '426', '427', '428', '429', '430', '431', '432', '433', '434', '435', '436', '437', '438', '439', '440', '441', '442', '443', '444', '445', '446', '447', '448', '449', '450', '451', '452', '453', '454', '455', '456', '457', '458', '459', '460', '461', '462', '463', '464', '465', '466', '467', '468', '469', '470', '471', '472', '473', '474', '475', '476', '477', '478', '479', '480', '481', '482', '483', '484', '485', '486', '487', '488', '489', '490', '491', '492', '493', '494', '495', '496', '497', '498', '499', '500', '501', '502', '503', '504', '505', '506', '507', '509', '510', '511', '512', '513', '514', '515', '516', '517', '518', '519', '520', '521', '522', '523', '524', '525', '526', '527', '528', '529', '530', '531', '532', '533', '534', '535', '536', '538', '539', '540', '541', '542', '543', '544', '545', '546', '547', '548', '549', '550', '551', '552', '553', '554', '555', '556', '558', '559', '560', '561', '562', '563', '564', '565', '566', '567', '568', '569', '570', '571', '572', '573', '574', '575', '576', '578', '579', '580', '581', '582', '583', '584', '585', '586', '587', '588', '589', '590', '591', '592', '593', '594', '595', '596', '597', '598', '599', '396'], '1': ['225', '253', '376', '424', '508', '537', '557', '577', '322', '378']}})
 Cluster1  0
 Cluster to drop  1
 After reassigning and merging cells 
 Timepoint  2
 Cluster  4  # of cells  14
 Cluster  3  # of cells  10
 Cluster  2  # of cells  65
 Cluster  5  # of cells  1
 Cluster  0  # of cells  10
 Timepoint  3
 Cluster  4  # of cells  87
 Cluster  2  # of cells  1
 Cluster  6  # of cells  3
 Cluster  0  # of cells  409
 Tp cluster cell dict  {'4_2': 14, '3_2': 10, '2_2': 65, '5_2': 1, '0_2': 10, '4_3': 87, '2_3': 1, '6_3': 3, '0_3': 409}
 New Graph is here 
 ID  0  Timepoint  1  Mutations  []  Type  subclone
 ID  1  Timepoint  2  Mutations  [0, 1, 2, 3]  Type  subclone
 ID  2  Timepoint  2  Mutations  [0, 1, 2, 3, 16, 17, 18, 19, 20, 21, 22, 23, 24, 25, 27, 28]  Type  subclone
 ID  3  Timepoint  2  Mutations  [4, 5, 6, 7, 8, 9, 10, 11, 12, 13, 14, 15, 29, 30, 31, 32, 33, 34]  Type  subclone
 ID  4  Timepoint  2  Mutations  [0, 4, 7, 8, 11, 12, 13, 14, 21, 25, 26, 31]  Type  subclone
 ID  5  Timepoint  2  Mutations  [4, 5, 6, 7, 8, 9, 10, 11, 12, 13, 14, 15, 35, 36, 37, 38, 39]  Type  subclone
 ID  6  Timepoint  3  Mutations  [0, 1, 2, 3]  Type  subclone
 ID  7  Timepoint  3  Mutations  [4, 5, 6, 7, 8, 9, 10, 11, 12, 13, 14, 15, 29, 30, 31, 32, 33, 34]  Type  subclone
 ID  8  Timepoint  3  Mutations  [4, 5, 6, 7, 8, 10, 11, 12, 13, 14, 15, 35, 36, 38, 39]  Type  subclone
 ID  9  Timepoint  3  Mutations  [4, 5, 6, 7, 8, 9, 10, 11, 12, 13, 14, 15, 35, 36, 37, 38, 39]  Type  subclone
Timepoints  SortedDict({1: [0], 2: [1, 2, 3, 4, 5], 3: [6, 7, 8, 9]})
 Clone to nodes  {'4_2': 1, '3_2': 2, '2_2': 3, '5_2': 4, '0_2': 5, '4_3': 6, '2_3': 7, '6_3': 8, '0_3': 9}
 Timepoint ====  1
 Hash table  {'0,1,3': [0], '0,1': [1, 2, 3], '1': [16, 17, 18, 19, 20, 22, 23, 24, 27, 28], '1,3': [21, 25], '2,3,4': [4, 7, 8, 11, 12, 13, 14], '2,4': [5, 6, 9, 10, 15], '2': [29, 30, 32, 33, 34], '2,3': [31], '3': [26], '4': [35, 36, 37, 38, 39]}
 Final possible usc  [[0], [1, 2, 3], [16, 17, 18, 19, 20, 22, 23, 24, 27, 28], [21, 25], [4, 7, 8, 11, 12, 13, 14], [5, 6, 9, 10, 15], [29, 30, 32, 33, 34], [31], [26], [35, 36, 37, 38, 39]]
 Time  1  USC keys  {'4,7,8,11,12,13,14_0', '21,25_0', '16,17,18,19,20,22,23,24,27,28_0', '35,36,37,38,39_0', '31_0', '5,6,9,10,15_0', '26_0', '29,30,32,33,34_0', '1,2,3_0', '0_0'}
 USC children  {'0_0': [1, 2, 4], '1,2,3_0': [1, 2], '16,17,18,19,20,22,23,24,27,28_0': [2], '21,25_0': [2, 4], '4,7,8,11,12,13,14_0': [3, 4, 5], '5,6,9,10,15_0': [3, 5], '29,30,32,33,34_0': [3], '31_0': [3, 4], '26_0': [4], '35,36,37,38,39_0': [5]}
 USC children  {'0_0': [1, 2, 4], '1,2,3_0': [1, 2], '16,17,18,19,20,22,23,24,27,28_0': [2], '21,25_0': [2, 4], '4,7,8,11,12,13,14_0': [3, 4, 5], '5,6,9,10,15_0': [3, 5], '29,30,32,33,34_0': [3], '31_0': [3, 4], '26_0': [4], '35,36,37,38,39_0': [5]}
 Timepoint ====  2
 Hash table  {'0': [4, 5, 6, 7, 8, 10, 11, 12, 13, 14, 15, 35, 36, 38, 39]}
====== Inside find superset of t nodes ==========
 Final possible usc  []
 Time  2  USC keys  set()
 USC children  {'0_0': [1, 2, 4], '1,2,3_0': [1, 2], '16,17,18,19,20,22,23,24,27,28_0': [2], '21,25_0': [2, 4], '4,7,8,11,12,13,14_0': [3, 4, 5], '5,6,9,10,15_0': [3, 5], '29,30,32,33,34_0': [3], '31_0': [3, 4], '26_0': [4], '35,36,37,38,39_0': [5]}
 USC children  {'0_0': [1, 2, 4], '1,2,3_0': [1, 2], '16,17,18,19,20,22,23,24,27,28_0': [2], '21,25_0': [2, 4], '4,7,8,11,12,13,14_0': [3, 4, 5], '5,6,9,10,15_0': [3, 5], '29,30,32,33,34_0': [3], '31_0': [3, 4], '26_0': [4], '35,36,37,38,39_0': [5]}
 Node s  {'1,2,4': ['0'], '3,4,5': ['4', '7', '8', '11', '12', '13', '14']}
 Enroll USC nodes  ['1', '2', '4']  len  3
 Enroll USC nodes  ['3', '4', '5']  len  3
 Node TP  SortedDict({1: [0], 2: [1, 2, 3, 4, 5], 3: [6, 7, 8, 9]})
 Unobserved subclones at timepoints  {1.5: [10, 11]}
 ============== Inside finding node v ============ 
 Time  2
 Time  3
 largest_v_mut  []
 Sorted all timepoints  [1, 1.5, 2, 3]
 Timepoint  2
 Inside usc_node check  2
 Timepoint  3
 Node  8  has no parent 
 USC nodes  []
 Node with minimum mutation sets  {1: 4, 2: 16, 3: 7, 4: 5, 5: 2}
0   1   [-1]   subclone   []   []
1   2   [10]   subclone   [0, 1, 2, 3]   [3]
2   2   [10]   subclone   [0, 1, 2, 3, 16, 17, 18, 19, 20, 21, 22, 23, 24, 25, 27, 28]   [15]
3   2   [11]   subclone   [4, 5, 6, 7, 8, 9, 10, 11, 12, 13, 14, 15, 29, 30, 31, 32, 33, 34]   [11]
4   2   [10]   subclone   [0, 4, 7, 8, 11, 12, 13, 14, 21, 25, 26, 31]   [11, 5]
5   2   [11]   subclone   [4, 5, 6, 7, 8, 9, 10, 11, 12, 13, 14, 15, 35, 36, 37, 38, 39]   [10]
6   3   [1]   subclone   [0, 1, 2, 3]   [0]
7   3   [3]   subclone   [4, 5, 6, 7, 8, 9, 10, 11, 12, 13, 14, 15, 29, 30, 31, 32, 33, 34]   [0]
8   3   [5]   subclone   [4, 5, 6, 7, 8, 10, 11, 12, 13, 14, 15, 35, 36, 38, 39]   [0]
9   3   [5]   subclone   [4, 5, 6, 7, 8, 9, 10, 11, 12, 13, 14, 15, 35, 36, 37, 38, 39]   [0]
10   1.5   [0]   unobserved subclone   [0]   [1]
11   1.5   [0]   unobserved subclone   [4, 7, 8, 11, 12, 13, 14]   [7]
7
 Total estimated FP  600  True negatives  11454
 Total estimated FN  1420  True positives  5726
 Estimated FP rate  0.09485
 Estimated FN rate  0.11
 No. of Cells in each cluster  {'5_2': 14, '5_3': 87, '3_2': 10, '1_2': 64, '1_3': 1, '4_2': 1, '0_2': 11, '0_3': 412}
 Cells in each cluster  {'5_2': [0, 1, 2, 3, 4, 5, 6, 7, 8, 9, 10, 11, 12, 13], '5_3': [100, 101, 102, 103, 104, 105, 106, 107, 108, 109, 110, 111, 112, 113, 114, 115, 116, 117, 118, 119, 120, 121, 122, 123, 124, 125, 126, 127, 128, 129, 130, 131, 132, 133, 134, 135, 136, 137, 138, 139, 140, 141, 142, 143, 144, 145, 146, 147, 148, 149, 150, 151, 152, 153, 154, 155, 156, 157, 158, 159, 160, 161, 162, 163, 164, 165, 166, 167, 168, 169, 170, 171, 172, 173, 174, 175, 176, 177, 178, 179, 180, 181, 182, 183, 184, 185, 186], '3_2': [14, 15, 16, 17, 18, 19, 20, 21, 22, 23], '1_2': [24, 25, 26, 27, 28, 29, 30, 31, 32, 33, 34, 35, 36, 37, 38, 39, 40, 41, 42, 43, 44, 45, 46, 47, 48, 49, 50, 51, 52, 53, 54, 55, 56, 57, 58, 59, 60, 61, 62, 63, 64, 65, 66, 67, 69, 70, 71, 72, 73, 75, 76, 77, 78, 79, 80, 81, 82, 83, 84, 85, 86, 87, 88, 89], '1_3': [191], '4_2': [68], '0_2': [74, 90, 91, 92, 93, 94, 95, 96, 97, 98, 99], '0_3': [187, 237, 293, 301, 304, 319, 375, 381, 426, 486, 499, 234, 252, 267, 286, 343, 376, 397, 404, 431, 474, 534, 557, 577, 188, 189, 190, 192, 193, 194, 195, 196, 197, 198, 199, 200, 201, 202, 203, 204, 205, 206, 207, 208, 209, 210, 211, 212, 213, 214, 215, 216, 217, 218, 219, 220, 221, 222, 223, 224, 225, 226, 227, 228, 229, 230, 231, 232, 233, 235, 236, 238, 239, 240, 241, 242, 243, 244, 245, 246, 247, 248, 249, 250, 251, 253, 254, 255, 256, 257, 258, 259, 260, 261, 262, 263, 264, 265, 266, 268, 269, 270, 271, 272, 273, 274, 275, 276, 277, 278, 279, 280, 281, 282, 283, 284, 285, 287, 288, 289, 290, 291, 292, 294, 295, 296, 297, 298, 299, 300, 302, 303, 305, 306, 307, 308, 309, 310, 311, 312, 313, 314, 315, 316, 317, 318, 320, 321, 322, 323, 324, 325, 326, 327, 328, 329, 330, 331, 332, 333, 334, 335, 336, 337, 338, 339, 340, 341, 342, 344, 345, 346, 347, 348, 349, 350, 351, 352, 353, 354, 355, 356, 357, 358, 359, 360, 361, 362, 363, 364, 365, 366, 367, 368, 369, 370, 371, 372, 373, 374, 377, 378, 379, 380, 382, 383, 384, 385, 386, 387, 388, 389, 390, 391, 392, 393, 394, 395, 396, 398, 399, 400, 401, 402, 403, 405, 406, 407, 408, 409, 410, 411, 412, 413, 414, 415, 416, 417, 418, 419, 420, 421, 422, 423, 424, 425, 427, 428, 429, 430, 432, 433, 434, 435, 436, 437, 438, 439, 440, 441, 442, 443, 444, 445, 446, 447, 448, 449, 450, 451, 452, 453, 454, 455, 456, 457, 458, 459, 460, 461, 462, 463, 464, 465, 466, 467, 468, 469, 470, 471, 472, 473, 475, 476, 477, 478, 479, 480, 481, 482, 483, 484, 485, 487, 488, 489, 490, 491, 492, 493, 494, 495, 496, 497, 498, 500, 501, 502, 503, 504, 505, 506, 507, 508, 509, 510, 511, 512, 513, 514, 515, 516, 517, 518, 519, 520, 521, 522, 523, 524, 525, 526, 527, 528, 529, 530, 531, 532, 533, 535, 536, 537, 538, 539, 540, 541, 542, 543, 544, 545, 546, 547, 548, 549, 550, 551, 552, 553, 554, 555, 556, 558, 559, 560, 561, 562, 563, 564, 565, 566, 567, 568, 569, 570, 571, 572, 573, 574, 575, 576, 578, 579, 580, 581, 582, 583, 584, 585, 586, 587, 588, 589, 590, 591, 592, 593, 594, 595, 596, 597, 598, 599]}
FP rate  0.09485 FN rate  0.11
 Before reassigning cells 
 Timepoint  2
 Cluster  5  # of cells  14
 Cluster  3  # of cells  10
 Cluster  1  # of cells  65
 Cluster  4  # of cells  1
 Cluster  0  # of cells  10
 Timepoint  3
 Cluster  5  # of cells  87
 Cluster  1  # of cells  1
 Cluster  0  # of cells  411
 Cells absent at timepoint  2   set()
 Cells absent at timepoint  3   {381}
 Missing cell prob  {'0': 2.2762185155358376e-09, '1': 2.2762185155358384e-09, '5': 1.2581640627428248e-10}
 Timepoint  2
 Timepoint  3
 After reassigning and merging cells 
 Timepoint  2
 Cluster  5  # of cells  14
 Cluster  3  # of cells  10
 Cluster  1  # of cells  65
 Cluster  4  # of cells  1
 Cluster  0  # of cells  10
 Timepoint  3
 Cluster  5  # of cells  87
 Cluster  1  # of cells  2
 Cluster  0  # of cells  411
 Tp cluster cell dict  {'5_2': 14, '3_2': 10, '1_2': 65, '4_2': 1, '0_2': 10, '5_3': 87, '1_3': 2, '0_3': 411}
 New Graph is here 
 ID  0  Timepoint  1  Mutations  []  Type  subclone
 ID  1  Timepoint  2  Mutations  [0, 1, 2, 3]  Type  subclone
 ID  2  Timepoint  2  Mutations  [0, 1, 2, 3, 16, 17, 18, 19, 20, 21, 22, 23, 24, 25, 27, 28]  Type  subclone
 ID  3  Timepoint  2  Mutations  [4, 5, 6, 7, 8, 9, 10, 11, 12, 13, 14, 15, 29, 30, 31, 32, 33, 34]  Type  subclone
 ID  4  Timepoint  2  Mutations  [0, 4, 7, 8, 11, 12, 13, 14, 21, 25, 26, 31]  Type  subclone
 ID  5  Timepoint  2  Mutations  [4, 5, 6, 7, 8, 9, 10, 11, 12, 13, 14, 15, 35, 36, 37, 38, 39]  Type  subclone
 ID  6  Timepoint  3  Mutations  [0, 1, 2, 3]  Type  subclone
 ID  7  Timepoint  3  Mutations  [4, 5, 6, 7, 8, 9, 10, 11, 12, 13, 14, 15, 29, 30, 31, 32, 33, 34, 35, 36, 37, 38, 39]  Type  subclone
 ID  8  Timepoint  3  Mutations  [4, 5, 6, 7, 8, 9, 10, 11, 12, 13, 14, 15, 35, 36, 37, 38, 39]  Type  subclone
Timepoints  SortedDict({1: [0], 2: [1, 2, 3, 4, 5], 3: [6, 7, 8]})
 Clone to nodes  {'5_2': 1, '3_2': 2, '1_2': 3, '4_2': 4, '0_2': 5, '5_3': 6, '1_3': 7, '0_3': 8}
 Timepoint ====  1
 Hash table  {'0,1,3': [0], '0,1': [1, 2, 3], '1': [16, 17, 18, 19, 20, 22, 23, 24, 27, 28], '1,3': [21, 25], '2,3,4': [4, 7, 8, 11, 12, 13, 14], '2,4': [5, 6, 9, 10, 15], '2': [29, 30, 32, 33, 34], '2,3': [31], '3': [26], '4': [35, 36, 37, 38, 39]}
 Final possible usc  [[0], [1, 2, 3], [16, 17, 18, 19, 20, 22, 23, 24, 27, 28], [21, 25], [4, 7, 8, 11, 12, 13, 14], [5, 6, 9, 10, 15], [29, 30, 32, 33, 34], [31], [26], [35, 36, 37, 38, 39]]
 Time  1  USC keys  {'26_0', '1,2,3_0', '4,7,8,11,12,13,14_0', '35,36,37,38,39_0', '16,17,18,19,20,22,23,24,27,28_0', '21,25_0', '29,30,32,33,34_0', '31_0', '0_0', '5,6,9,10,15_0'}
 USC children  {'0_0': [1, 2, 4], '1,2,3_0': [1, 2], '16,17,18,19,20,22,23,24,27,28_0': [2], '21,25_0': [2, 4], '4,7,8,11,12,13,14_0': [3, 4, 5], '5,6,9,10,15_0': [3, 5], '29,30,32,33,34_0': [3], '31_0': [3, 4], '26_0': [4], '35,36,37,38,39_0': [5]}
 USC children  {'0_0': [1, 2, 4], '1,2,3_0': [1, 2], '16,17,18,19,20,22,23,24,27,28_0': [2], '21,25_0': [2, 4], '4,7,8,11,12,13,14_0': [3, 4, 5], '5,6,9,10,15_0': [3, 5], '29,30,32,33,34_0': [3], '31_0': [3, 4], '26_0': [4], '35,36,37,38,39_0': [5]}
 Timepoint ====  2
 Hash table  {'0': [4, 5, 6, 7, 8, 9, 10, 11, 12, 13, 14, 15, 29, 30, 31, 32, 33, 34, 35, 36, 37, 38, 39]}
====== Inside find superset of t nodes ==========
 Final possible usc  [[4, 5, 6, 7, 8, 9, 10, 11, 12, 13, 14, 15, 29, 30, 31, 32, 33, 34, 35, 36, 37, 38, 39]]
 Time  2  USC keys  {'4,5,6,7,8,9,10,11,12,13,14,15,29,30,31,32,33,34,35,36,37,38,39_5', '4,5,6,7,8,9,10,11,12,13,14,15,29,30,31,32,33,34,35,36,37,38,39_3'}
 USC children  {'0_0': [1, 2, 4], '1,2,3_0': [1, 2], '16,17,18,19,20,22,23,24,27,28_0': [2], '21,25_0': [2, 4], '4,7,8,11,12,13,14_0': [3, 4, 5], '5,6,9,10,15_0': [3, 5], '29,30,32,33,34_0': [3], '31_0': [3, 4], '26_0': [4], '35,36,37,38,39_0': [5], '4,5,6,7,8,9,10,11,12,13,14,15,29,30,31,32,33,34,35,36,37,38,39_5': [7], '4,5,6,7,8,9,10,11,12,13,14,15,29,30,31,32,33,34,35,36,37,38,39_3': [7]}
 USC children  {'0_0': [1, 2, 4], '1,2,3_0': [1, 2], '16,17,18,19,20,22,23,24,27,28_0': [2], '21,25_0': [2, 4], '4,7,8,11,12,13,14_0': [3, 4, 5], '5,6,9,10,15_0': [3, 5], '29,30,32,33,34_0': [3], '31_0': [3, 4], '26_0': [4], '35,36,37,38,39_0': [5], '4,5,6,7,8,9,10,11,12,13,14,15,29,30,31,32,33,34,35,36,37,38,39_5': [7], '4,5,6,7,8,9,10,11,12,13,14,15,29,30,31,32,33,34,35,36,37,38,39_3': [7]}
 Node s  {'1,2,4': ['0'], '3,4,5': ['4', '7', '8', '11', '12', '13', '14'], '7': ['4', '5', '6', '7', '8', '9', '10', '11', '12', '13', '14', '15', '29', '30', '31', '32', '33', '34', '35', '36', '37', '38', '39']}
 Enroll USC nodes  ['1', '2', '4']  len  3
 Enroll USC nodes  ['3', '4', '5']  len  3
 Enroll USC nodes  ['7']  len  1
 Node TP  SortedDict({1: [0], 2: [1, 2, 3, 4, 5], 3: [6, 7, 8]})
 Unobserved subclones at timepoints  {1.5: [9, 10]}
 ============== Inside finding node v ============ 
 Time  2
 Time  3
 largest_v_mut  [[38, 35, 4, 5, 6, 7, 8, 9, 10, 11, 12, 13, 14, 15, 39, 36, 37], [32, 33, 34, 4, 5, 6, 7, 8, 9, 10, 11, 12, 13, 14, 15, 29, 30, 31]]
 Sorted all timepoints  [1, 1.5, 2, 3]
 Timepoint  2
 Inside usc_node check  2
 Timepoint  3
0   1   [-1]   subclone   []   []
1   2   [9]   subclone   [0, 1, 2, 3]   [3]
2   2   [9]   subclone   [0, 1, 2, 3, 16, 17, 18, 19, 20, 21, 22, 23, 24, 25, 27, 28]   [15]
3   2   [10]   subclone   [4, 5, 6, 7, 8, 9, 10, 11, 12, 13, 14, 15, 29, 30, 31, 32, 33, 34]   [11]
4   2   [9]   subclone   [0, 4, 7, 8, 11, 12, 13, 14, 21, 25, 26, 31]   [11, 5]
5   2   [10]   subclone   [4, 5, 6, 7, 8, 9, 10, 11, 12, 13, 14, 15, 35, 36, 37, 38, 39]   [10]
6   3   [1]   subclone   [0, 1, 2, 3]   [0]
7   3   [3]   subclone   [4, 5, 6, 7, 8, 9, 10, 11, 12, 13, 14, 15, 29, 30, 31, 32, 33, 34, 35, 36, 37, 38, 39]   [5]
8   3   [5]   subclone   [4, 5, 6, 7, 8, 9, 10, 11, 12, 13, 14, 15, 35, 36, 37, 38, 39]   [0]
9   1.5   [0]   unobserved subclone   [0]   [1]
10   1.5   [0]   unobserved subclone   [4, 7, 8, 11, 12, 13, 14]   [7]
7
 Total estimated FP  600  True negatives  11454
 Total estimated FN  1420  True positives  5726
 Estimated FP rate  0.09485
 Estimated FN rate  0.11
 No. of Cells in each cluster  {'4_2': 14, '4_3': 87, '3_2': 10, '5_2': 64, '5_3': 1, '6_2': 1, '2_2': 11, '2_3': 412}
 Cells in each cluster  {'4_2': [0, 1, 2, 3, 4, 5, 6, 7, 8, 9, 10, 11, 12, 13], '4_3': [100, 101, 102, 103, 104, 105, 106, 107, 108, 109, 110, 111, 112, 113, 114, 115, 116, 117, 118, 119, 120, 121, 122, 123, 124, 125, 126, 127, 128, 129, 130, 131, 132, 133, 134, 135, 136, 137, 138, 139, 140, 141, 142, 143, 144, 145, 146, 147, 148, 149, 150, 151, 152, 153, 154, 155, 156, 157, 158, 159, 160, 161, 162, 163, 164, 165, 166, 167, 168, 169, 170, 171, 172, 173, 174, 175, 176, 177, 178, 179, 180, 181, 182, 183, 184, 185, 186], '3_2': [14, 15, 16, 17, 18, 19, 20, 21, 22, 23], '5_2': [24, 25, 26, 27, 28, 29, 30, 31, 32, 33, 34, 35, 36, 37, 38, 39, 40, 41, 42, 43, 44, 45, 46, 47, 48, 49, 50, 51, 52, 53, 54, 55, 56, 57, 58, 59, 60, 61, 62, 63, 64, 65, 66, 67, 69, 70, 71, 72, 73, 75, 76, 77, 78, 79, 80, 81, 82, 83, 84, 85, 86, 87, 88, 89], '5_3': [191], '6_2': [68], '2_2': [90, 91, 92, 93, 94, 95, 96, 97, 98, 99, 74], '2_3': [214, 225, 230, 284, 322, 372, 376, 378, 388, 401, 424, 480, 496, 508, 525, 532, 534, 544, 557, 589, 187, 188, 189, 190, 192, 193, 194, 195, 196, 197, 198, 199, 200, 201, 202, 203, 204, 205, 206, 207, 208, 209, 210, 211, 212, 213, 215, 216, 217, 218, 219, 220, 221, 222, 223, 224, 226, 227, 228, 229, 231, 232, 233, 234, 235, 236, 237, 238, 239, 240, 241, 242, 243, 244, 245, 246, 247, 248, 249, 250, 251, 252, 253, 254, 255, 256, 257, 258, 259, 260, 261, 262, 263, 264, 265, 266, 267, 268, 269, 270, 271, 272, 273, 274, 275, 276, 277, 278, 279, 280, 281, 282, 283, 285, 286, 287, 288, 289, 290, 291, 292, 293, 294, 295, 296, 297, 298, 299, 300, 302, 303, 305, 306, 307, 308, 309, 310, 311, 312, 313, 314, 315, 316, 317, 318, 319, 320, 321, 323, 324, 325, 326, 327, 328, 329, 330, 331, 332, 333, 334, 335, 336, 337, 338, 339, 340, 341, 342, 343, 344, 345, 346, 347, 348, 349, 350, 351, 352, 353, 354, 355, 356, 357, 358, 359, 360, 361, 362, 363, 364, 365, 366, 367, 368, 369, 370, 371, 373, 374, 375, 377, 379, 380, 382, 383, 384, 385, 386, 387, 389, 390, 391, 392, 393, 394, 395, 396, 397, 398, 399, 400, 402, 403, 404, 405, 406, 407, 408, 409, 410, 411, 412, 413, 414, 415, 416, 417, 418, 419, 420, 421, 422, 423, 425, 426, 427, 428, 429, 430, 431, 432, 433, 434, 435, 436, 437, 438, 439, 440, 441, 442, 443, 444, 445, 446, 447, 448, 449, 450, 451, 452, 453, 454, 455, 456, 457, 458, 459, 460, 461, 462, 463, 465, 466, 467, 468, 469, 470, 471, 472, 473, 474, 475, 476, 477, 478, 479, 481, 482, 483, 484, 485, 486, 487, 488, 489, 490, 491, 492, 493, 494, 495, 497, 498, 499, 500, 501, 502, 503, 504, 505, 506, 507, 509, 510, 511, 512, 513, 514, 515, 516, 517, 518, 519, 520, 521, 522, 523, 524, 526, 527, 528, 529, 530, 531, 533, 535, 536, 537, 538, 539, 540, 541, 542, 543, 545, 546, 547, 548, 549, 550, 551, 552, 553, 554, 555, 556, 558, 559, 560, 561, 562, 563, 564, 565, 566, 567, 568, 569, 570, 571, 572, 573, 574, 575, 577, 578, 579, 580, 581, 582, 583, 584, 585, 586, 587, 588, 590, 591, 592, 593, 594, 595, 596, 597, 598, 599, 301, 304, 381, 464, 576]}
FP rate  0.09485 FN rate  0.11
 Before reassigning cells 
 Timepoint  2
 Cluster  4  # of cells  14
 Cluster  3  # of cells  10
 Cluster  5  # of cells  65
 Cluster  6  # of cells  1
 Cluster  2  # of cells  10
 Timepoint  3
 Cluster  4  # of cells  87
 Cluster  5  # of cells  1
 Cluster  2  # of cells  411
 Cells absent at timepoint  3   {381}
 Missing cell prob  {'5': 2.2762185155358384e-09, '2': 2.2762185155358376e-09, '4': 1.2581640627428248e-10}
 Cells absent at timepoint  2   set()
 Timepoint  2
 Timepoint  3
 After reassigning and merging cells 
 Timepoint  2
 Cluster  4  # of cells  14
 Cluster  3  # of cells  10
 Cluster  5  # of cells  65
 Cluster  6  # of cells  1
 Cluster  2  # of cells  10
 Timepoint  3
 Cluster  4  # of cells  87
 Cluster  5  # of cells  2
 Cluster  2  # of cells  411
 Tp cluster cell dict  {'4_2': 14, '3_2': 10, '5_2': 65, '6_2': 1, '2_2': 10, '4_3': 87, '5_3': 2, '2_3': 411}
 New Graph is here 
 ID  0  Timepoint  1  Mutations  []  Type  subclone
 ID  1  Timepoint  2  Mutations  [0, 1, 2, 3]  Type  subclone
 ID  2  Timepoint  2  Mutations  [0, 1, 2, 3, 16, 17, 18, 19, 20, 21, 22, 23, 24, 25, 27, 28]  Type  subclone
 ID  3  Timepoint  2  Mutations  [4, 5, 6, 7, 8, 9, 10, 11, 12, 13, 14, 15, 29, 30, 31, 32, 33, 34]  Type  subclone
 ID  4  Timepoint  2  Mutations  [0, 4, 7, 11, 12, 13, 14, 15, 21, 25, 27, 30, 31]  Type  subclone
 ID  5  Timepoint  2  Mutations  [4, 5, 6, 7, 8, 9, 10, 11, 12, 13, 14, 15, 35, 36, 37, 38, 39]  Type  subclone
 ID  6  Timepoint  3  Mutations  [0, 1, 2, 3]  Type  subclone
 ID  7  Timepoint  3  Mutations  [4, 5, 6, 7, 8, 9, 10, 11, 12, 13, 14, 15, 29, 30, 31, 32, 33, 34, 35, 36, 37, 38, 39]  Type  subclone
 ID  8  Timepoint  3  Mutations  [4, 5, 6, 7, 8, 9, 10, 11, 12, 13, 14, 15, 35, 36, 37, 38, 39]  Type  subclone
Timepoints  SortedDict({1: [0], 2: [1, 2, 3, 4, 5], 3: [6, 7, 8]})
 Clone to nodes  {'4_2': 1, '3_2': 2, '5_2': 3, '6_2': 4, '2_2': 5, '4_3': 6, '5_3': 7, '2_3': 8}
 Timepoint ====  1
 Hash table  {'0,1,3': [0], '0,1': [1, 2, 3], '1': [16, 17, 18, 19, 20, 22, 23, 24, 28], '1,3': [21, 25, 27], '2,3,4': [4, 7, 11, 12, 13, 14, 15], '2,4': [5, 6, 8, 9, 10], '2': [29, 32, 33, 34], '2,3': [30, 31], '4': [35, 36, 37, 38, 39]}
 Final possible usc  [[0], [1, 2, 3], [16, 17, 18, 19, 20, 22, 23, 24, 28], [21, 25, 27], [4, 7, 11, 12, 13, 14, 15], [5, 6, 8, 9, 10], [29, 32, 33, 34], [30, 31], [35, 36, 37, 38, 39]]
 Time  1  USC keys  {'5,6,8,9,10_0', '30,31_0', '16,17,18,19,20,22,23,24,28_0', '0_0', '21,25,27_0', '1,2,3_0', '35,36,37,38,39_0', '4,7,11,12,13,14,15_0', '29,32,33,34_0'}
 USC children  {'0_0': [1, 2, 4], '1,2,3_0': [1, 2], '16,17,18,19,20,22,23,24,28_0': [2], '21,25,27_0': [2, 4], '4,7,11,12,13,14,15_0': [3, 4, 5], '5,6,8,9,10_0': [3, 5], '29,32,33,34_0': [3], '30,31_0': [3, 4], '35,36,37,38,39_0': [5]}
 USC children  {'0_0': [1, 2, 4], '1,2,3_0': [1, 2], '16,17,18,19,20,22,23,24,28_0': [2], '21,25,27_0': [2, 4], '4,7,11,12,13,14,15_0': [3, 4, 5], '5,6,8,9,10_0': [3, 5], '29,32,33,34_0': [3], '30,31_0': [3, 4], '35,36,37,38,39_0': [5]}
 Timepoint ====  2
 Hash table  {'0': [4, 5, 6, 7, 8, 9, 10, 11, 12, 13, 14, 15, 29, 30, 31, 32, 33, 34, 35, 36, 37, 38, 39]}
====== Inside find superset of t nodes ==========
 Final possible usc  [[4, 5, 6, 7, 8, 9, 10, 11, 12, 13, 14, 15, 29, 30, 31, 32, 33, 34, 35, 36, 37, 38, 39]]
 Time  2  USC keys  {'4,5,6,7,8,9,10,11,12,13,14,15,29,30,31,32,33,34,35,36,37,38,39_5', '4,5,6,7,8,9,10,11,12,13,14,15,29,30,31,32,33,34,35,36,37,38,39_3'}
 USC children  {'0_0': [1, 2, 4], '1,2,3_0': [1, 2], '16,17,18,19,20,22,23,24,28_0': [2], '21,25,27_0': [2, 4], '4,7,11,12,13,14,15_0': [3, 4, 5], '5,6,8,9,10_0': [3, 5], '29,32,33,34_0': [3], '30,31_0': [3, 4], '35,36,37,38,39_0': [5], '4,5,6,7,8,9,10,11,12,13,14,15,29,30,31,32,33,34,35,36,37,38,39_5': [7], '4,5,6,7,8,9,10,11,12,13,14,15,29,30,31,32,33,34,35,36,37,38,39_3': [7]}
 USC children  {'0_0': [1, 2, 4], '1,2,3_0': [1, 2], '16,17,18,19,20,22,23,24,28_0': [2], '21,25,27_0': [2, 4], '4,7,11,12,13,14,15_0': [3, 4, 5], '5,6,8,9,10_0': [3, 5], '29,32,33,34_0': [3], '30,31_0': [3, 4], '35,36,37,38,39_0': [5], '4,5,6,7,8,9,10,11,12,13,14,15,29,30,31,32,33,34,35,36,37,38,39_5': [7], '4,5,6,7,8,9,10,11,12,13,14,15,29,30,31,32,33,34,35,36,37,38,39_3': [7]}
 Node s  {'1,2,4': ['0'], '3,4,5': ['4', '7', '11', '12', '13', '14', '15'], '7': ['4', '5', '6', '7', '8', '9', '10', '11', '12', '13', '14', '15', '29', '30', '31', '32', '33', '34', '35', '36', '37', '38', '39']}
 Enroll USC nodes  ['1', '2', '4']  len  3
 Enroll USC nodes  ['3', '4', '5']  len  3
 Enroll USC nodes  ['7']  len  1
 Node TP  SortedDict({1: [0], 2: [1, 2, 3, 4, 5], 3: [6, 7, 8]})
 Unobserved subclones at timepoints  {1.5: [9, 10]}
 ============== Inside finding node v ============ 
 Time  2
 Time  3
 largest_v_mut  [[38, 35, 4, 5, 6, 7, 8, 9, 10, 11, 12, 13, 14, 15, 39, 36, 37], [32, 33, 34, 4, 5, 6, 7, 8, 9, 10, 11, 12, 13, 14, 15, 29, 30, 31]]
 Sorted all timepoints  [1, 1.5, 2, 3]
 Timepoint  2
 Inside usc_node check  2
 Timepoint  3
0   1   [-1]   subclone   []   []
1   2   [9]   subclone   [0, 1, 2, 3]   [3]
2   2   [9]   subclone   [0, 1, 2, 3, 16, 17, 18, 19, 20, 21, 22, 23, 24, 25, 27, 28]   [15]
3   2   [10]   subclone   [4, 5, 6, 7, 8, 9, 10, 11, 12, 13, 14, 15, 29, 30, 31, 32, 33, 34]   [11]
4   2   [9]   subclone   [0, 4, 7, 11, 12, 13, 14, 15, 21, 25, 27, 30, 31]   [12, 6]
5   2   [10]   subclone   [4, 5, 6, 7, 8, 9, 10, 11, 12, 13, 14, 15, 35, 36, 37, 38, 39]   [10]
6   3   [1]   subclone   [0, 1, 2, 3]   [0]
7   3   [5]   subclone   [4, 5, 6, 7, 8, 9, 10, 11, 12, 13, 14, 15, 29, 30, 31, 32, 33, 34, 35, 36, 37, 38, 39]   [6]
8   3   [5]   subclone   [4, 5, 6, 7, 8, 9, 10, 11, 12, 13, 14, 15, 35, 36, 37, 38, 39]   [0]
9   1.5   [0]   unobserved subclone   [0]   [1]
10   1.5   [0]   unobserved subclone   [4, 7, 11, 12, 13, 14, 15]   [7]
7
 Total estimated FP  597  True negatives  11483
 Total estimated FN  1391  True positives  5729
 Estimated FP rate  0.09437
 Estimated FN rate  0.11
 No. of Cells in each cluster  {'4_2': 14, '4_3': 87, '3_2': 10, '6_2': 64, '6_3': 1, '5_2': 1, '2_2': 1, '2_3': 2, '0_2': 10, '0_3': 406, '1_3': 4}
 Cells in each cluster  {'4_2': [0, 1, 2, 3, 4, 5, 6, 7, 8, 9, 10, 11, 12, 13], '4_3': [100, 101, 102, 103, 104, 105, 106, 107, 108, 109, 110, 111, 112, 113, 114, 115, 116, 117, 118, 119, 120, 121, 122, 123, 124, 125, 126, 127, 128, 129, 130, 131, 132, 133, 134, 135, 136, 137, 138, 139, 140, 141, 142, 143, 144, 145, 146, 147, 148, 149, 150, 151, 152, 153, 154, 155, 156, 157, 158, 159, 160, 161, 162, 163, 164, 165, 166, 167, 168, 169, 170, 171, 172, 173, 174, 175, 176, 177, 178, 179, 180, 181, 182, 183, 184, 185, 186], '3_2': [14, 15, 16, 17, 18, 19, 20, 21, 22, 23], '6_2': [24, 25, 26, 27, 28, 29, 30, 31, 32, 33, 34, 35, 36, 37, 38, 39, 40, 41, 42, 43, 44, 45, 46, 47, 48, 49, 50, 51, 52, 53, 54, 55, 56, 57, 58, 59, 60, 61, 62, 63, 64, 65, 66, 67, 69, 70, 71, 72, 73, 75, 76, 77, 78, 79, 80, 81, 82, 83, 84, 85, 86, 87, 88, 89], '6_3': [191], '5_2': [68], '2_2': [74], '2_3': [301, 304], '0_2': [90, 91, 92, 93, 94, 95, 96, 97, 98, 99], '0_3': [187, 188, 189, 190, 192, 193, 194, 195, 196, 197, 198, 199, 200, 201, 202, 203, 204, 205, 206, 207, 208, 209, 210, 211, 212, 213, 214, 215, 216, 217, 218, 219, 220, 221, 222, 223, 224, 225, 226, 227, 228, 229, 230, 231, 232, 233, 234, 235, 236, 237, 238, 239, 240, 241, 242, 243, 244, 245, 246, 247, 248, 249, 250, 251, 252, 253, 254, 255, 256, 257, 258, 259, 260, 261, 262, 263, 264, 265, 266, 267, 268, 269, 270, 271, 272, 273, 274, 275, 276, 277, 278, 279, 280, 281, 282, 283, 284, 285, 286, 287, 288, 289, 290, 291, 292, 293, 294, 295, 296, 297, 298, 299, 300, 302, 303, 305, 306, 307, 308, 309, 310, 311, 312, 313, 314, 315, 316, 317, 318, 319, 320, 321, 323, 324, 325, 326, 327, 328, 329, 330, 331, 332, 333, 334, 335, 336, 337, 338, 339, 340, 341, 342, 343, 344, 345, 346, 347, 348, 349, 350, 351, 352, 353, 354, 355, 356, 357, 358, 359, 360, 361, 362, 363, 364, 365, 366, 367, 368, 369, 370, 371, 372, 373, 374, 375, 377, 378, 379, 380, 381, 382, 383, 384, 385, 386, 387, 388, 389, 390, 391, 392, 393, 394, 395, 396, 397, 398, 399, 400, 401, 402, 403, 404, 405, 406, 407, 408, 409, 410, 411, 412, 413, 414, 415, 416, 417, 418, 419, 420, 421, 422, 423, 425, 426, 427, 428, 429, 430, 431, 432, 433, 434, 435, 436, 437, 438, 439, 440, 441, 442, 443, 444, 445, 446, 447, 448, 449, 450, 451, 452, 453, 454, 455, 456, 457, 458, 459, 460, 461, 462, 463, 464, 465, 466, 467, 468, 469, 470, 471, 472, 473, 474, 475, 476, 477, 478, 479, 480, 481, 482, 483, 484, 485, 486, 487, 488, 489, 490, 491, 492, 493, 494, 495, 496, 497, 498, 499, 500, 501, 502, 503, 504, 505, 506, 507, 508, 509, 510, 511, 512, 513, 514, 515, 516, 517, 518, 519, 520, 521, 522, 523, 524, 525, 526, 527, 528, 529, 530, 531, 532, 533, 534, 535, 536, 537, 538, 539, 540, 541, 542, 543, 544, 545, 546, 547, 548, 549, 550, 551, 552, 553, 554, 555, 556, 558, 559, 560, 561, 562, 563, 564, 565, 566, 567, 568, 569, 570, 571, 572, 573, 574, 575, 576, 577, 578, 579, 580, 581, 582, 583, 584, 585, 586, 587, 588, 589, 590, 591, 592, 593, 594, 595, 596, 597, 598, 599], '1_3': [322, 376, 424, 557]}
FP rate  0.09437 FN rate  0.11
 Before reassigning cells 
 Timepoint  2
 Cluster  4  # of cells  14
 Cluster  3  # of cells  10
 Cluster  6  # of cells  64
 Cluster  5  # of cells  1
 Cluster  2  # of cells  1
 Cluster  0  # of cells  10
 Timepoint  3
 Cluster  4  # of cells  87
 Cluster  6  # of cells  1
 Cluster  2  # of cells  13
 Cluster  0  # of cells  385
 Cluster  1  # of cells  11
 Cells absent at timepoint  2   set()
 Cells absent at timepoint  3   {432, 510, 534}
 Missing cell prob  {'0': 9.382965737401526e-05, '2': 7.150629201091331e-05, '6': 2.0044610861817042e-10, '1': 7.150629201091334e-05, '4': 1.1426042768664172e-12}
 Missing cell prob  {'0': 7.800923361015649e-06, '2': 5.944976454342455e-06, '6': 2.024162593441858e-12, '1': 5.944976454342454e-06, '4': 8.958963716531861e-13}
 Missing cell prob  {'0': 4.916323537494455e-07, '2': 3.08462730487584e-06, '6': 1.2030838328027262e-12, '1': 3.08462730487584e-06, '4': 9.365347317900185e-18}
 Timepoint  2
 Timepoint  3
SortedDict({2: {'4': ['0', '1', '2', '3', '4', '5', '6', '7', '8', '9', '10', '11', '12', '13'], '3': ['14', '15', '16', '17', '18', '19', '20', '21', '22', '23'], '6': ['24', '25', '26', '27', '28', '29', '30', '31', '32', '33', '34', '35', '36', '37', '38', '39', '40', '41', '42', '43', '44', '45', '46', '47', '48', '49', '50', '51', '52', '53', '54', '55', '56', '57', '58', '59', '60', '61', '62', '63', '64', '65', '66', '67', '69', '70', '71', '72', '73', '75', '76', '77', '78', '79', '80', '81', '82', '83', '84', '85', '86', '87', '88', '89'], '5': ['68'], '2': ['74'], '0': ['90', '91', '92', '93', '94', '95', '96', '97', '98', '99']}, 3: {'4': ['100', '101', '102', '103', '104', '105', '106', '107', '108', '109', '110', '111', '112', '113', '114', '115', '116', '117', '118', '119', '120', '121', '122', '123', '124', '125', '126', '127', '128', '129', '130', '131', '132', '133', '134', '135', '136', '137', '138', '139', '140', '141', '142', '143', '144', '145', '146', '147', '148', '149', '150', '151', '152', '153', '154', '155', '156', '157', '158', '159', '160', '161', '162', '163', '164', '165', '166', '167', '168', '169', '170', '171', '172', '173', '174', '175', '176', '177', '178', '179', '180', '181', '182', '183', '184', '185', '186'], '6': ['191'], '2': ['293', '301', '304', '306', '315', '355', '381', '389', '396', '428', '431', '452', '470', '534'], '0': ['187', '188', '189', '190', '192', '193', '194', '195', '196', '197', '198', '199', '200', '201', '202', '203', '204', '205', '206', '207', '208', '209', '210', '211', '212', '213', '214', '215', '216', '217', '218', '219', '220', '221', '222', '223', '224', '225', '226', '227', '229', '230', '231', '232', '233', '234', '235', '236', '237', '238', '239', '240', '241', '242', '243', '244', '245', '246', '247', '248', '249', '250', '251', '252', '253', '254', '255', '256', '257', '258', '259', '260', '261', '262', '263', '264', '265', '266', '267', '268', '269', '270', '271', '272', '273', '274', '275', '276', '277', '278', '279', '280', '281', '282', '283', '284', '285', '286', '287', '288', '289', '290', '291', '292', '294', '295', '296', '297', '298', '299', '300', '302', '303', '305', '307', '308', '309', '310', '311', '312', '313', '314', '316', '317', '319', '320', '321', '323', '324', '325', '326', '327', '328', '329', '330', '331', '332', '333', '334', '335', '336', '337', '338', '339', '340', '341', '342', '343', '344', '345', '346', '347', '348', '349', '350', '351', '352', '353', '354', '356', '357', '358', '359', '360', '361', '362', '363', '364', '365', '366', '367', '368', '369', '370', '371', '372', '373', '374', '375', '377', '378', '379', '380', '382', '383', '384', '385', '386', '387', '388', '390', '391', '392', '393', '394', '395', '397', '398', '399', '400', '401', '402', '403', '404', '405', '406', '407', '408', '409', '411', '412', '413', '415', '416', '417', '418', '419', '420', '421', '422', '423', '425', '426', '427', '429', '430', '433', '434', '435', '436', '437', '438', '439', '440', '441', '442', '443', '444', '445', '446', '447', '448', '449', '451', '453', '454', '455', '456', '457', '458', '459', '460', '461', '462', '463', '464', '465', '466', '467', '468', '469', '471', '472', '473', '474', '475', '476', '477', '478', '479', '480', '481', '482', '483', '484', '485', '486', '487', '488', '489', '490', '491', '492', '493', '494', '495', '496', '497', '498', '499', '500', '501', '502', '503', '504', '505', '506', '507', '508', '509', '511', '512', '513', '514', '515', '516', '517', '518', '519', '520', '521', '522', '523', '524', '525', '526', '527', '528', '529', '530', '531', '532', '533', '535', '536', '537', '538', '539', '540', '541', '542', '543', '545', '546', '547', '549', '550', '551', '552', '553', '554', '555', '556', '558', '559', '560', '561', '562', '563', '564', '565', '566', '567', '568', '569', '570', '571', '572', '573', '574', '575', '576', '577', '578', '579', '580', '581', '582', '583', '584', '585', '586', '587', '588', '589', '590', '591', '592', '593', '594', '595', '596', '597', '598', '599', '432', '510'], '1': ['228', '318', '322', '376', '410', '414', '424', '450', '544', '548', '557']}})
 Cluster1  2
SortedDict({2: {'4': ['0', '1', '2', '3', '4', '5', '6', '7', '8', '9', '10', '11', '12', '13'], '3': ['14', '15', '16', '17', '18', '19', '20', '21', '22', '23'], '6': ['24', '25', '26', '27', '28', '29', '30', '31', '32', '33', '34', '35', '36', '37', '38', '39', '40', '41', '42', '43', '44', '45', '46', '47', '48', '49', '50', '51', '52', '53', '54', '55', '56', '57', '58', '59', '60', '61', '62', '63', '64', '65', '66', '67', '69', '70', '71', '72', '73', '75', '76', '77', '78', '79', '80', '81', '82', '83', '84', '85', '86', '87', '88', '89'], '5': ['68'], '2': ['74'], '0': ['90', '91', '92', '93', '94', '95', '96', '97', '98', '99']}, 3: {'4': ['100', '101', '102', '103', '104', '105', '106', '107', '108', '109', '110', '111', '112', '113', '114', '115', '116', '117', '118', '119', '120', '121', '122', '123', '124', '125', '126', '127', '128', '129', '130', '131', '132', '133', '134', '135', '136', '137', '138', '139', '140', '141', '142', '143', '144', '145', '146', '147', '148', '149', '150', '151', '152', '153', '154', '155', '156', '157', '158', '159', '160', '161', '162', '163', '164', '165', '166', '167', '168', '169', '170', '171', '172', '173', '174', '175', '176', '177', '178', '179', '180', '181', '182', '183', '184', '185', '186'], '6': ['191'], '2': ['293', '301', '304', '306', '315', '355', '381', '389', '396', '428', '431', '452', '470', '534', '187', '188', '189', '190', '192', '193', '194', '195', '196', '197', '198', '199', '200', '201', '202', '203', '204', '205', '206', '207', '208', '209', '210', '211', '212', '213', '214', '215', '216', '217', '218', '219', '220', '221', '222', '223', '224', '225', '226', '227', '229', '230', '231', '232', '233', '234', '235', '236', '237', '238', '239', '240', '241', '242', '243', '244', '245', '246', '247', '248', '249', '250', '251', '252', '253', '254', '255', '256', '257', '258', '259', '260', '261', '262', '263', '264', '265', '266', '267', '268', '269', '270', '271', '272', '273', '274', '275', '276', '277', '278', '279', '280', '281', '282', '283', '284', '285', '286', '287', '288', '289', '290', '291', '292', '294', '295', '296', '297', '298', '299', '300', '302', '303', '305', '307', '308', '309', '310', '311', '312', '313', '314', '316', '317', '319', '320', '321', '323', '324', '325', '326', '327', '328', '329', '330', '331', '332', '333', '334', '335', '336', '337', '338', '339', '340', '341', '342', '343', '344', '345', '346', '347', '348', '349', '350', '351', '352', '353', '354', '356', '357', '358', '359', '360', '361', '362', '363', '364', '365', '366', '367', '368', '369', '370', '371', '372', '373', '374', '375', '377', '378', '379', '380', '382', '383', '384', '385', '386', '387', '388', '390', '391', '392', '393', '394', '395', '397', '398', '399', '400', '401', '402', '403', '404', '405', '406', '407', '408', '409', '411', '412', '413', '415', '416', '417', '418', '419', '420', '421', '422', '423', '425', '426', '427', '429', '430', '433', '434', '435', '436', '437', '438', '439', '440', '441', '442', '443', '444', '445', '446', '447', '448', '449', '451', '453', '454', '455', '456', '457', '458', '459', '460', '461', '462', '463', '464', '465', '466', '467', '468', '469', '471', '472', '473', '474', '475', '476', '477', '478', '479', '480', '481', '482', '483', '484', '485', '486', '487', '488', '489', '490', '491', '492', '493', '494', '495', '496', '497', '498', '499', '500', '501', '502', '503', '504', '505', '506', '507', '508', '509', '511', '512', '513', '514', '515', '516', '517', '518', '519', '520', '521', '522', '523', '524', '525', '526', '527', '528', '529', '530', '531', '532', '533', '535', '536', '537', '538', '539', '540', '541', '542', '543', '545', '546', '547', '549', '550', '551', '552', '553', '554', '555', '556', '558', '559', '560', '561', '562', '563', '564', '565', '566', '567', '568', '569', '570', '571', '572', '573', '574', '575', '576', '577', '578', '579', '580', '581', '582', '583', '584', '585', '586', '587', '588', '589', '590', '591', '592', '593', '594', '595', '596', '597', '598', '599', '432', '510'], '0': ['187', '188', '189', '190', '192', '193', '194', '195', '196', '197', '198', '199', '200', '201', '202', '203', '204', '205', '206', '207', '208', '209', '210', '211', '212', '213', '214', '215', '216', '217', '218', '219', '220', '221', '222', '223', '224', '225', '226', '227', '229', '230', '231', '232', '233', '234', '235', '236', '237', '238', '239', '240', '241', '242', '243', '244', '245', '246', '247', '248', '249', '250', '251', '252', '253', '254', '255', '256', '257', '258', '259', '260', '261', '262', '263', '264', '265', '266', '267', '268', '269', '270', '271', '272', '273', '274', '275', '276', '277', '278', '279', '280', '281', '282', '283', '284', '285', '286', '287', '288', '289', '290', '291', '292', '294', '295', '296', '297', '298', '299', '300', '302', '303', '305', '307', '308', '309', '310', '311', '312', '313', '314', '316', '317', '319', '320', '321', '323', '324', '325', '326', '327', '328', '329', '330', '331', '332', '333', '334', '335', '336', '337', '338', '339', '340', '341', '342', '343', '344', '345', '346', '347', '348', '349', '350', '351', '352', '353', '354', '356', '357', '358', '359', '360', '361', '362', '363', '364', '365', '366', '367', '368', '369', '370', '371', '372', '373', '374', '375', '377', '378', '379', '380', '382', '383', '384', '385', '386', '387', '388', '390', '391', '392', '393', '394', '395', '397', '398', '399', '400', '401', '402', '403', '404', '405', '406', '407', '408', '409', '411', '412', '413', '415', '416', '417', '418', '419', '420', '421', '422', '423', '425', '426', '427', '429', '430', '433', '434', '435', '436', '437', '438', '439', '440', '441', '442', '443', '444', '445', '446', '447', '448', '449', '451', '453', '454', '455', '456', '457', '458', '459', '460', '461', '462', '463', '464', '465', '466', '467', '468', '469', '471', '472', '473', '474', '475', '476', '477', '478', '479', '480', '481', '482', '483', '484', '485', '486', '487', '488', '489', '490', '491', '492', '493', '494', '495', '496', '497', '498', '499', '500', '501', '502', '503', '504', '505', '506', '507', '508', '509', '511', '512', '513', '514', '515', '516', '517', '518', '519', '520', '521', '522', '523', '524', '525', '526', '527', '528', '529', '530', '531', '532', '533', '535', '536', '537', '538', '539', '540', '541', '542', '543', '545', '546', '547', '549', '550', '551', '552', '553', '554', '555', '556', '558', '559', '560', '561', '562', '563', '564', '565', '566', '567', '568', '569', '570', '571', '572', '573', '574', '575', '576', '577', '578', '579', '580', '581', '582', '583', '584', '585', '586', '587', '588', '589', '590', '591', '592', '593', '594', '595', '596', '597', '598', '599', '432', '510'], '1': ['228', '318', '322', '376', '410', '414', '424', '450', '544', '548', '557']}})
 Cluster1  2
 Cluster to drop  0
 Cluster to drop  1
 After reassigning and merging cells 
 Timepoint  2
 Cluster  4  # of cells  14
 Cluster  3  # of cells  10
 Cluster  6  # of cells  64
 Cluster  5  # of cells  1
 Cluster  2  # of cells  1
 Cluster  0  # of cells  10
 Timepoint  3
 Cluster  4  # of cells  87
 Cluster  6  # of cells  1
 Cluster  2  # of cells  412
 Tp cluster cell dict  {'4_2': 14, '3_2': 10, '6_2': 64, '5_2': 1, '2_2': 1, '0_2': 10, '4_3': 87, '6_3': 1, '2_3': 412}
 New Graph is here 
 ID  0  Timepoint  1  Mutations  []  Type  subclone
 ID  1  Timepoint  2  Mutations  [0, 1, 2, 3]  Type  subclone
 ID  2  Timepoint  2  Mutations  [0, 1, 2, 3, 16, 17, 18, 19, 20, 21, 22, 23, 24, 25, 27, 28]  Type  subclone
 ID  3  Timepoint  2  Mutations  [4, 5, 6, 7, 8, 9, 10, 11, 12, 13, 14, 15, 29, 30, 31, 32, 33, 34]  Type  subclone
 ID  4  Timepoint  2  Mutations  [0, 4, 11, 12, 13, 15, 18, 21, 25, 26, 30, 31]  Type  subclone
 ID  5  Timepoint  2  Mutations  [5, 6, 7, 8, 10, 11, 13, 14, 15, 23, 35, 38]  Type  subclone
 ID  6  Timepoint  2  Mutations  [4, 5, 6, 7, 8, 9, 10, 11, 12, 13, 14, 15, 35, 36, 37, 38, 39]  Type  subclone
 ID  7  Timepoint  3  Mutations  [0, 1, 2, 3]  Type  subclone
 ID  8  Timepoint  3  Mutations  [4, 5, 6, 7, 8, 9, 10, 11, 12, 13, 14, 15, 29, 30, 31, 32, 33, 34]  Type  subclone
 ID  9  Timepoint  3  Mutations  [4, 5, 6, 7, 8, 9, 10, 11, 12, 13, 14, 15, 35, 36, 37, 38, 39]  Type  subclone
Timepoints  SortedDict({1: [0], 2: [1, 2, 3, 4, 5, 6], 3: [7, 8, 9]})
 Clone to nodes  {'4_2': 1, '3_2': 2, '6_2': 3, '5_2': 4, '2_2': 5, '0_2': 6, '4_3': 7, '6_3': 8, '2_3': 9}
 Timepoint ====  1
 Hash table  {'0,1,3': [0], '0,1': [1, 2, 3], '1': [16, 17, 19, 20, 22, 24, 27, 28], '1,3': [18, 21, 25], '1,4': [23], '2,3,5': [4, 12], '2,4,5': [5, 6, 7, 8, 10, 14], '2,5': [9], '2,3,4,5': [11, 13, 15], '2': [29, 32, 33, 34], '2,3': [30, 31], '3': [26], '4,5': [35, 38], '5': [36, 37, 39]}
 Final possible usc  [[0], [1, 2, 3], [16, 17, 19, 20, 22, 24, 27, 28], [18, 21, 25], [23], [4, 12], [5, 6, 7, 8, 10, 14], [9], [11, 13, 15], [29, 32, 33, 34], [30, 31], [26], [35, 38], [36, 37, 39]]
 Time  1  USC keys  {'30,31_0', '0_0', '16,17,19,20,22,24,27,28_0', '5,6,7,8,10,14_0', '9_0', '4,12_0', '11,13,15_0', '18,21,25_0', '23_0', '29,32,33,34_0', '26_0', '1,2,3_0', '36,37,39_0', '35,38_0'}
 USC children  {'0_0': [1, 2, 4], '1,2,3_0': [1, 2], '16,17,19,20,22,24,27,28_0': [2], '18,21,25_0': [2, 4], '23_0': [2, 5], '4,12_0': [3, 4, 6], '5,6,7,8,10,14_0': [3, 5, 6], '9_0': [3, 6], '11,13,15_0': [3, 4, 5, 6], '29,32,33,34_0': [3], '30,31_0': [3, 4], '26_0': [4], '35,38_0': [5, 6], '36,37,39_0': [6]}
 USC children  {'0_0': [1, 2, 4], '1,2,3_0': [1, 2], '16,17,19,20,22,24,27,28_0': [2], '18,21,25_0': [2, 4], '23_0': [2, 5], '4,12_0': [3, 4, 6], '5,6,7,8,10,14_0': [3, 5, 6], '9_0': [3, 6], '11,13,15_0': [3, 4, 5, 6], '29,32,33,34_0': [3], '30,31_0': [3, 4], '26_0': [4], '35,38_0': [5, 6], '36,37,39_0': [6]}
 Timepoint ====  2
 Hash table  {}
====== Inside find superset of t nodes ==========
 Final possible usc  []
 Time  2  USC keys  set()
 USC children  {'0_0': [1, 2, 4], '1,2,3_0': [1, 2], '16,17,19,20,22,24,27,28_0': [2], '18,21,25_0': [2, 4], '23_0': [2, 5], '4,12_0': [3, 4, 6], '5,6,7,8,10,14_0': [3, 5, 6], '9_0': [3, 6], '11,13,15_0': [3, 4, 5, 6], '29,32,33,34_0': [3], '30,31_0': [3, 4], '26_0': [4], '35,38_0': [5, 6], '36,37,39_0': [6]}
 USC children  {'0_0': [1, 2, 4], '1,2,3_0': [1, 2], '16,17,19,20,22,24,27,28_0': [2], '18,21,25_0': [2, 4], '23_0': [2, 5], '4,12_0': [3, 4, 6], '5,6,7,8,10,14_0': [3, 5, 6], '9_0': [3, 6], '11,13,15_0': [3, 4, 5, 6], '29,32,33,34_0': [3], '30,31_0': [3, 4], '26_0': [4], '35,38_0': [5, 6], '36,37,39_0': [6]}
 Node s  {'1,2,4': ['0'], '2,5': ['23'], '3,4,5,6': ['11', '13', '15']}
 Enroll USC nodes  ['1', '2', '4']  len  3
 Enroll USC nodes  ['2', '5']  len  2
 Enroll USC nodes  ['3', '4', '5', '6']  len  4
 Node TP  SortedDict({1: [0], 2: [1, 2, 3, 4, 5, 6], 3: [7, 8, 9]})
 Unobserved subclones at timepoints  {1.5: [10, 11, 12]}
 ============== Inside finding node v ============ 
 Time  2
 Time  3
 Sorted all timepoints  [1, 1.5, 2, 3]
 Timepoint  2
 Inside usc_node check  2
 Timepoint  3
0   1   [-1]   subclone   []   []
1   2   [10]   subclone   [0, 1, 2, 3]   [3]
2   2   [10]   subclone   [0, 1, 2, 3, 16, 17, 18, 19, 20, 21, 22, 23, 24, 25, 27, 28]   [15, 15]
3   2   [12]   subclone   [4, 5, 6, 7, 8, 9, 10, 11, 12, 13, 14, 15, 29, 30, 31, 32, 33, 34]   [15]
4   2   [10]   subclone   [0, 4, 11, 12, 13, 15, 18, 21, 25, 26, 30, 31]   [11, 9]
5   2   [11]   subclone   [5, 6, 7, 8, 10, 11, 13, 14, 15, 23, 35, 38]   [11, 9]
6   2   [12]   subclone   [4, 5, 6, 7, 8, 9, 10, 11, 12, 13, 14, 15, 35, 36, 37, 38, 39]   [14]
7   3   [1]   subclone   [0, 1, 2, 3]   [0]
8   3   [3]   subclone   [4, 5, 6, 7, 8, 9, 10, 11, 12, 13, 14, 15, 29, 30, 31, 32, 33, 34]   [0]
9   3   [6]   subclone   [4, 5, 6, 7, 8, 9, 10, 11, 12, 13, 14, 15, 35, 36, 37, 38, 39]   [0]
10   1.5   [0]   unobserved subclone   [0]   [1]
11   1.5   [0]   unobserved subclone   [23]   [1]
12   1.5   [0]   unobserved subclone   [11, 13, 15]   [3]
 List of tree files  ['all_trees/ap05_rep3_m1_tree.csv', 'all_trees/ap05_rep3_m2_tree.csv', 'all_trees/ap05_rep3_m3_tree.csv', 'all_trees/ap05_rep3_m4_tree.csv', 'all_trees/ap05_rep3_m5_tree.csv']
{'1': ['0', '1', '2', '3'], '2': ['0', '1', '2', '3', '16', '17', '18', '19', '20', '21', '22', '23', '24', '25', '27', '28'], '3': ['4', '5', '6', '7', '8', '9', '10', '11', '12', '13', '14', '15', '29', '30', '31', '32', '33', '34'], '4': ['4', '7', '11', '12', '13', '14', '18', '21', '25', '26', '30', '31'], '5': ['4', '5', '6', '7', '8', '9', '10', '11', '12', '13', '14', '15', '35', '36', '37', '38', '39'], '6': ['0', '1', '2', '3'], '7': ['4', '5', '6', '7', '8', '9', '10', '11', '12', '13', '14', '15', '29', '30', '31', '32', '33', '34', '35', '36', '37', '38', '39'], '8': ['4', '5', '6', '7', '8', '9', '10', '11', '12', '13', '14', '15', '35', '36', '37', '38', '39'], '9': ['0', '1', '2', '3'], '10': ['18', '21', '25'], '11': ['4', '7', '11', '12', '13', '14']}
 Actual mutation of  1   []
 Actual mutation of  2   ['24', '18', '25', '22', '28', '19', '17', '27', '20', '23', '16', '21']
 Actual mutation of  3   ['10', '31', '30', '33', '8', '5', '32', '15', '9', '6', '29', '34']
 Actual mutation of  4   ['14', '11', '30', '26', '13', '12', '31', '7', '4']
 Actual mutation of  5   ['38', '10', '35', '8', '15', '39', '9', '6', '36', '5', '37']
 Actual mutation of  6   []
 Actual mutation of  7   ['38', '35', '39', '36', '37']
 Actual mutation of  8   []
 Updated node mutation  {'1': [], '2': ['24', '18', '25', '22', '28', '19', '17', '27', '20', '23', '16', '21'], '3': ['10', '31', '30', '33', '8', '5', '32', '15', '9', '6', '29', '34'], '4': ['14', '11', '30', '26', '13', '12', '31', '7', '4'], '5': ['38', '10', '35', '8', '15', '39', '9', '6', '36', '5', '37'], '6': [], '7': ['38', '35', '39', '36', '37'], '8': [], '9': ['0', '1', '2', '3'], '10': ['18', '21', '25'], '11': ['4', '7', '11', '12', '13', '14']}
{'1': ['0', '1', '2', '3'], '2': ['0', '1', '2', '3', '16', '17', '18', '19', '20', '21', '22', '23', '24', '25', '27', '28'], '3': ['4', '5', '6', '7', '8', '9', '10', '11', '12', '13', '14', '15', '29', '30', '31', '32', '33', '34'], '4': ['0', '4', '7', '8', '11', '12', '13', '14', '21', '25', '26', '31'], '5': ['4', '5', '6', '7', '8', '9', '10', '11', '12', '13', '14', '15', '35', '36', '37', '38', '39'], '6': ['0', '1', '2', '3'], '7': ['4', '5', '6', '7', '8', '9', '10', '11', '12', '13', '14', '15', '29', '30', '31', '32', '33', '34'], '8': ['4', '5', '6', '7', '8', '10', '11', '12', '13', '14', '15', '35', '36', '38', '39'], '9': ['4', '5', '6', '7', '8', '9', '10', '11', '12', '13', '14', '15', '35', '36', '37', '38', '39'], '10': ['0'], '11': ['4', '7', '8', '11', '12', '13', '14']}
 Actual mutation of  1   ['1', '2', '3']
 Actual mutation of  2   ['24', '18', '1', '22', '19', '23', '3', '2', '25', '28', '17', '27', '20', '16', '21']
 Actual mutation of  3   ['10', '31', '30', '33', '5', '32', '15', '9', '6', '29', '34']
 Actual mutation of  4   ['7', '14', '25', '11', '31', '26', '13', '12', '8', '4', '21']
 Actual mutation of  5   ['38', '10', '35', '15', '39', '9', '6', '36', '5', '37']
 Actual mutation of  6   []
 Actual mutation of  7   []
 Actual mutation of  8   []
 Actual mutation of  9   []
 Updated node mutation  {'1': ['1', '2', '3'], '2': ['24', '18', '1', '22', '19', '23', '3', '2', '25', '28', '17', '27', '20', '16', '21'], '3': ['10', '31', '30', '33', '5', '32', '15', '9', '6', '29', '34'], '4': ['7', '14', '25', '11', '31', '26', '13', '12', '8', '4', '21'], '5': ['38', '10', '35', '15', '39', '9', '6', '36', '5', '37'], '6': [], '7': [], '8': [], '9': [], '10': ['0'], '11': ['4', '7', '8', '11', '12', '13', '14']}
{'1': ['0', '1', '2', '3'], '2': ['0', '1', '2', '3', '16', '17', '18', '19', '20', '21', '22', '23', '24', '25', '27', '28'], '3': ['4', '5', '6', '7', '8', '9', '10', '11', '12', '13', '14', '15', '29', '30', '31', '32', '33', '34'], '4': ['0', '4', '7', '8', '11', '12', '13', '14', '21', '25', '26', '31'], '5': ['4', '5', '6', '7', '8', '9', '10', '11', '12', '13', '14', '15', '35', '36', '37', '38', '39'], '6': ['0', '1', '2', '3'], '7': ['4', '5', '6', '7', '8', '9', '10', '11', '12', '13', '14', '15', '29', '30', '31', '32', '33', '34', '35', '36', '37', '38', '39'], '8': ['4', '5', '6', '7', '8', '9', '10', '11', '12', '13', '14', '15', '35', '36', '37', '38', '39'], '9': ['0'], '10': ['4', '7', '8', '11', '12', '13', '14']}
 Actual mutation of  1   ['1', '2', '3']
 Actual mutation of  2   ['24', '18', '1', '22', '19', '23', '3', '2', '25', '28', '17', '27', '20', '16', '21']
 Actual mutation of  3   ['10', '31', '30', '33', '5', '32', '15', '9', '6', '29', '34']
 Actual mutation of  4   ['7', '14', '25', '11', '31', '26', '13', '12', '8', '4', '21']
 Actual mutation of  5   ['38', '10', '35', '15', '39', '9', '6', '36', '5', '37']
 Actual mutation of  6   []
 Actual mutation of  7   ['38', '35', '39', '36', '37']
 Actual mutation of  8   []
 Updated node mutation  {'1': ['1', '2', '3'], '2': ['24', '18', '1', '22', '19', '23', '3', '2', '25', '28', '17', '27', '20', '16', '21'], '3': ['10', '31', '30', '33', '5', '32', '15', '9', '6', '29', '34'], '4': ['7', '14', '25', '11', '31', '26', '13', '12', '8', '4', '21'], '5': ['38', '10', '35', '15', '39', '9', '6', '36', '5', '37'], '6': [], '7': ['38', '35', '39', '36', '37'], '8': [], '9': ['0'], '10': ['4', '7', '8', '11', '12', '13', '14']}
{'1': ['0', '1', '2', '3'], '2': ['0', '1', '2', '3', '16', '17', '18', '19', '20', '21', '22', '23', '24', '25', '27', '28'], '3': ['4', '5', '6', '7', '8', '9', '10', '11', '12', '13', '14', '15', '29', '30', '31', '32', '33', '34'], '4': ['0', '4', '7', '11', '12', '13', '14', '15', '21', '25', '27', '30', '31'], '5': ['4', '5', '6', '7', '8', '9', '10', '11', '12', '13', '14', '15', '35', '36', '37', '38', '39'], '6': ['0', '1', '2', '3'], '7': ['4', '5', '6', '7', '8', '9', '10', '11', '12', '13', '14', '15', '29', '30', '31', '32', '33', '34', '35', '36', '37', '38', '39'], '8': ['4', '5', '6', '7', '8', '9', '10', '11', '12', '13', '14', '15', '35', '36', '37', '38', '39'], '9': ['0'], '10': ['4', '7', '11', '12', '13', '14', '15']}
 Actual mutation of  1   ['1', '2', '3']
 Actual mutation of  2   ['24', '18', '1', '22', '19', '23', '3', '2', '25', '28', '17', '27', '20', '16', '21']
 Actual mutation of  3   ['10', '31', '30', '33', '8', '5', '32', '9', '6', '29', '34']
 Actual mutation of  4   ['7', '14', '25', '11', '30', '31', '13', '12', '15', '27', '4', '21']
 Actual mutation of  5   ['38', '10', '35', '8', '39', '9', '6', '36', '5', '37']
 Actual mutation of  6   []
 Actual mutation of  7   ['31', '30', '33', '32', '29', '34']
 Actual mutation of  8   []
 Updated node mutation  {'1': ['1', '2', '3'], '2': ['24', '18', '1', '22', '19', '23', '3', '2', '25', '28', '17', '27', '20', '16', '21'], '3': ['10', '31', '30', '33', '8', '5', '32', '9', '6', '29', '34'], '4': ['7', '14', '25', '11', '30', '31', '13', '12', '15', '27', '4', '21'], '5': ['38', '10', '35', '8', '39', '9', '6', '36', '5', '37'], '6': [], '7': ['31', '30', '33', '32', '29', '34'], '8': [], '9': ['0'], '10': ['4', '7', '11', '12', '13', '14', '15']}
{'1': ['0', '1', '2', '3'], '2': ['0', '1', '2', '3', '16', '17', '18', '19', '20', '21', '22', '23', '24', '25', '27', '28'], '3': ['4', '5', '6', '7', '8', '9', '10', '11', '12', '13', '14', '15', '29', '30', '31', '32', '33', '34'], '4': ['0', '4', '11', '12', '13', '15', '18', '21', '25', '26', '30', '31'], '5': ['5', '6', '7', '8', '10', '11', '13', '14', '15', '23', '35', '38'], '6': ['4', '5', '6', '7', '8', '9', '10', '11', '12', '13', '14', '15', '35', '36', '37', '38', '39'], '7': ['0', '1', '2', '3'], '8': ['4', '5', '6', '7', '8', '9', '10', '11', '12', '13', '14', '15', '29', '30', '31', '32', '33', '34'], '9': ['4', '5', '6', '7', '8', '9', '10', '11', '12', '13', '14', '15', '35', '36', '37', '38', '39'], '10': ['0'], '11': ['23'], '12': ['11', '13', '15']}
 Actual mutation of  1   ['1', '2', '3']
 Actual mutation of  2   ['24', '18', '1', '22', '19', '23', '3', '2', '25', '28', '17', '27', '20', '16', '21']
 Actual mutation of  3   ['14', '31', '30', '33', '32', '7', '9', '4', '34', '10', '12', '8', '6', '29', '5']
 Actual mutation of  4   ['18', '25', '11', '30', '26', '13', '12', '31', '15', '4', '21']
 Actual mutation of  5   ['38', '10', '14', '11', '35', '13', '8', '15', '7', '6', '5']
 Actual mutation of  6   ['14', '7', '9', '4', '36', '37', '38', '10', '35', '12', '8', '39', '6', '5']
 Actual mutation of  7   []
 Actual mutation of  8   []
 Actual mutation of  9   []
 Updated node mutation  {'1': ['1', '2', '3'], '2': ['24', '18', '1', '22', '19', '23', '3', '2', '25', '28', '17', '27', '20', '16', '21'], '3': ['14', '31', '30', '33', '32', '7', '9', '4', '34', '10', '12', '8', '6', '29', '5'], '4': ['18', '25', '11', '30', '26', '13', '12', '31', '15', '4', '21'], '5': ['38', '10', '14', '11', '35', '13', '8', '15', '7', '6', '5'], '6': ['14', '7', '9', '4', '36', '37', '38', '10', '35', '12', '8', '39', '6', '5'], '7': [], '8': [], '9': [], '10': ['0'], '11': ['23'], '12': ['11', '13', '15']}
 Parallel mutation count  {'m1': 22, 'm2': 18, 'm3': 23, 'm4': 24, 'm5': 23}
 Clusters with least parallel mutations  ['m2']
 Best tree path  ap05_rep3_m2_tree.csv
