11
 Total estimated FP  89  True negatives  8969
 Total estimated FN  1121  True positives  4521
 Estimated FP rate  0.01931
 Estimated FN rate  0.11
 No. of Cells in each cluster  {'9_2': 14, '9_3': 87, '7_2': 10, '8_2': 65, '8_3': 1, '6_3': 4, '0_2': 11, '0_3': 408}
 Cells in each cluster  {'9_2': [0, 1, 2, 3, 4, 5, 6, 7, 8, 9, 10, 11, 12, 13], '9_3': [100, 101, 102, 103, 104, 105, 106, 107, 108, 109, 110, 111, 112, 113, 114, 115, 116, 117, 118, 119, 120, 121, 122, 123, 124, 125, 126, 127, 128, 129, 130, 131, 132, 133, 134, 135, 136, 137, 138, 139, 140, 141, 142, 143, 144, 145, 146, 147, 148, 149, 150, 151, 152, 153, 154, 155, 156, 157, 158, 159, 160, 161, 162, 163, 164, 165, 166, 167, 168, 169, 170, 171, 172, 173, 174, 175, 176, 177, 178, 179, 180, 181, 182, 183, 184, 185, 186], '7_2': [14, 15, 16, 17, 18, 19, 20, 21, 22, 23], '8_2': [24, 25, 26, 27, 28, 29, 30, 31, 32, 33, 34, 35, 36, 37, 38, 39, 40, 41, 42, 43, 44, 45, 46, 47, 48, 50, 51, 52, 53, 54, 55, 56, 57, 58, 59, 60, 61, 62, 63, 64, 65, 66, 67, 68, 69, 70, 71, 72, 73, 74, 75, 76, 77, 78, 79, 80, 81, 82, 83, 84, 85, 86, 87, 88, 89], '8_3': [296], '6_3': [458, 555, 560, 562], '0_2': [91, 49, 97, 99, 90, 92, 93, 94, 95, 96, 98], '0_3': [191, 242, 255, 274, 283, 286, 302, 303, 315, 333, 341, 351, 352, 368, 372, 382, 383, 400, 428, 435, 449, 452, 476, 491, 494, 497, 499, 511, 516, 525, 545, 548, 553, 558, 575, 579, 598, 599, 192, 204, 210, 254, 279, 312, 324, 385, 412, 444, 453, 465, 480, 488, 489, 559, 572, 597, 299, 573, 581, 221, 253, 350, 363, 404, 423, 433, 502, 509, 517, 523, 530, 594, 329, 505, 519, 201, 207, 211, 231, 238, 239, 243, 259, 277, 291, 295, 318, 323, 326, 345, 358, 361, 384, 388, 393, 397, 401, 407, 409, 413, 422, 445, 450, 460, 467, 468, 470, 473, 481, 487, 504, 518, 526, 542, 551, 569, 576, 577, 584, 187, 188, 189, 190, 193, 194, 195, 196, 197, 198, 199, 200, 202, 203, 205, 206, 208, 209, 212, 213, 214, 215, 216, 217, 218, 219, 220, 222, 223, 224, 225, 226, 227, 228, 229, 230, 232, 233, 234, 235, 236, 237, 240, 241, 244, 245, 246, 247, 248, 249, 250, 251, 252, 256, 257, 258, 260, 261, 262, 263, 264, 265, 266, 267, 268, 269, 270, 271, 272, 273, 275, 276, 278, 280, 281, 282, 284, 285, 287, 288, 289, 290, 292, 293, 294, 297, 298, 300, 301, 304, 305, 306, 307, 308, 309, 310, 311, 313, 314, 316, 317, 319, 320, 321, 322, 325, 327, 328, 330, 331, 332, 334, 335, 336, 337, 338, 339, 340, 342, 343, 344, 346, 347, 348, 349, 353, 354, 355, 356, 357, 359, 360, 362, 364, 365, 366, 367, 369, 370, 371, 373, 374, 375, 376, 377, 378, 379, 380, 381, 386, 387, 389, 390, 391, 392, 394, 395, 396, 398, 399, 402, 403, 405, 406, 408, 410, 411, 414, 415, 416, 417, 418, 419, 420, 421, 424, 425, 426, 427, 429, 430, 431, 432, 434, 436, 437, 438, 439, 440, 441, 442, 443, 446, 447, 448, 451, 454, 455, 456, 457, 459, 461, 462, 463, 464, 466, 469, 471, 472, 474, 475, 477, 478, 479, 482, 483, 484, 485, 486, 490, 492, 493, 495, 496, 498, 500, 501, 503, 506, 507, 508, 510, 512, 513, 514, 515, 520, 521, 522, 524, 527, 528, 529, 531, 532, 533, 534, 535, 536, 537, 538, 539, 540, 541, 543, 544, 546, 547, 549, 550, 552, 554, 556, 557, 561, 563, 564, 565, 566, 567, 568, 570, 571, 574, 578, 580, 582, 583, 585, 586, 587, 588, 589, 590, 591, 592, 593, 595, 596]}
FP rate  0.01931 FN rate  0.11
 Before reassigning cells 
 Timepoint  2
 Cluster  9  # of cells  14
 Cluster  7  # of cells  10
 Cluster  8  # of cells  66
 Cluster  0  # of cells  10
 Timepoint  3
 Cluster  9  # of cells  87
 Cluster  8  # of cells  5
 Cluster  6  # of cells  21
 Cluster  0  # of cells  351
 Cells absent at timepoint  2   set()
 Cells absent at timepoint  3   {265, 401, 274, 402, 277, 414, 542, 543, 293, 294, 295, 549, 303, 308, 440, 570, 316, 188, 454, 202, 458, 332, 461, 462, 464, 337, 465, 211, 593, 472, 219, 483, 228, 370, 243, 255}
 Missing cell prob  {'0': 0.00045689963511592364, '8': 5.234299284572917e-10, '6': 0.00045689963511592364, '9': 1.0341098650487678e-15}
 Missing cell prob  {'0': 1.0478807268366468e-06, '8': 5.5329573843267444e-11, '6': 1.0478807268366468e-06, '9': 7.584131231567402e-09}
 Missing cell prob  {'0': 0.0005034571945638596, '8': 0.0005034571945638596, '6': 5.647074141882202e-05, '9': 6.607513069653671e-16}
 Missing cell prob  {'0': 0.002761807385143658, '8': 2.8207863150623703e-08, '6': 0.002761807385143658, '9': 9.009462310365875e-23}
 Missing cell prob  {'0': 1.247196705396157e-07, '8': 5.871100157063097e-11, '6': 1.247196705396157e-07, '9': 1.0341098650487678e-15}
 Missing cell prob  {'0': 6.345027125710339e-05, '8': 1.3766570089602992e-06, '6': 6.345027125710339e-05, '9': 3.0506671024333406e-13}
 Missing cell prob  {'0': 0.000430939250329876, '8': 5.537512630436794e-11, '6': 0.000430939250329876, '9': 1.227110856301158e-17}
 Missing cell prob  {'0': 0.0005034571945638597, '8': 5.767668500435746e-10, '6': 0.0005034571945638597, '9': 5.890838174798781e-15}
 Missing cell prob  {'0': 0.0004937354361368315, '8': 2.60699243464846e-08, '6': 0.0004937354361368315, '9': 6.47992199227866e-16}
 Missing cell prob  {'0': 0.03703114902163926, '8': 2.1931765751470728e-07, '6': 0.037031149021639266, '9': 1.1827579410694362e-16}
 Missing cell prob  {'0': 4.7403317536286375e-05, '8': 2.502961731109955e-09, '6': 4.740331753628636e-05, '9': 1.2034153456659825e-17}
 Missing cell prob  {'0': 9.137806466177388e-08, '8': 9.137806466177388e-08, '6': 1.9825959872121952e-09, '9': 4.487248207720834e-21}
 Missing cell prob  {'0': 6.712582895792874e-06, '8': 1.4564042215478695e-07, '6': 6.712582895792874e-06, '9': 3.2273866457678104e-14}
 Missing cell prob  {'0': 0.034943142060124076, '8': 1.8450469690075843e-06, '6': 0.034943142060124076, '9': 2.716088045645217e-19}
 Missing cell prob  {'0': 0.002761807385143658, '8': 8.636649002307265e-13, '6': 0.002761807385143658, '9': 8.032263266502468e-22}
 Missing cell prob  {'0': 0.0005656822410829881, '8': 0.0005656822410829881, '6': 2.986881667755434e-08, '9': 2.7197806551685023e-12}
 Missing cell prob  {'0': 0.00047485147573708545, '8': 2.812316551808938e-09, '6': 0.00047485147573708534, '9': 6.232083612977644e-16}
 Missing cell prob  {'0': 8.652365000055033e-06, '8': 5.124378999596885e-11, '6': 8.652365000055033e-06, '9': 1.0123935578827436e-16}
 Missing cell prob  {'0': 0.0007003647481475518, '8': 1.9117822369098971e-07, '6': 0.0007003647481475518, '9': 8.999594805557863e-11}
 Missing cell prob  {'0': 0.005243824070834989, '8': 3.1056643988084824e-08, '6': 0.005243824070834989, '9': 3.171986461640841e-13}
 Missing cell prob  {'0': 0.0008853218749932413, '8': 1.1138406708860603e-05, '6': 0.0008853218749932413, '9': 6.006830063321521e-15}
 Missing cell prob  {'0': 0.0036253494892184847, '8': 1.0107431918510305e-11, '6': 0.003625349489218484, '9': 2.5122961426255902e-19}
 Missing cell prob  {'0': 0.0005879082107569781, '8': 0.000587908210756978, '6': 1.4307466280264e-06, '9': 1.8384905801888094e-13}
 Missing cell prob  {'0': 0.004488503964880286, '8': 2.658324684302338e-08, '6': 0.004488503964880286, '9': 5.2518964451303774e-14}
 Missing cell prob  {'0': 0.00485260147281107, '8': 6.994138723723792e-11, '6': 0.00485260147281107, '9': 5.062070956552449e-13}
 Missing cell prob  {'0': 0.03850380897409335, '8': 1.0734816849143803e-10, '6': 0.03850380897409335, '9': 1.2297940255355755e-16}
 Missing cell prob  {'0': 9.305790664827001e-08, '8': 9.305790664827002e-08, '6': 2.0190428959304424e-09, '9': 1.4613004984953263e-11}
 Missing cell prob  {'0': 0.0005034571945638597, '8': 1.2252247379746666e-06, '6': 0.0005034571945638596, '9': 5.890838174798781e-15}
 Missing cell prob  {'0': 0.0033533344222902817, '8': 1.0267198276603804e-07, '6': 0.0033533344222902825, '9': 2.0717477730943673e-18}
 Missing cell prob  {'0': 0.0039947685287434545, '8': 2.653743655927958e-09, '6': 0.0039947685287434545, '9': 1.1375208515536445e-16}
 Missing cell prob  {'0': 0.0045768835869441785, '8': 5.881235151205527e-10, '6': 0.0045768835869441785, '9': 5.355307431635255e-14}
 Missing cell prob  {'0': 0.0005768206477918489, '8': 5.891387640894532e-09, '6': 0.0005768206477918489, '9': 2.773333729484854e-12}
 Missing cell prob  {'0': 0.037760300422803594, '8': 2.5084346432575017e-08, '6': 0.037760300422803594, '9': 1.2060467029024835e-16}
 Missing cell prob  {'0': 0.0004937354361368315, '8': 0.0004937354361368314, '6': 1.0712394687418217e-05, '9': 6.479921992278658e-16}
 Missing cell prob  {'0': 8.020665412807711e-05, '8': 4.750253763441962e-10, '6': 8.020665412807711e-05, '9': 2.0361848794309833e-17}
 Missing cell prob  {'0': 0.0045768835869441785, '8': 1.2493496803012844e-06, '6': 0.004576883586944179, '9': 6.00683006332152e-15}
 Timepoint  2
 Timepoint  3
SortedDict({2: {'9': ['0', '1', '2', '3', '4', '5', '6', '7', '8', '9', '10', '11', '12', '13'], '7': ['14', '15', '16', '17', '18', '19', '20', '21', '22', '23'], '8': ['24', '25', '26', '27', '28', '29', '30', '31', '32', '33', '34', '35', '36', '37', '38', '39', '40', '41', '42', '43', '44', '45', '46', '47', '48', '49', '50', '51', '52', '53', '54', '55', '56', '57', '58', '59', '60', '61', '62', '63', '64', '65', '66', '67', '68', '69', '70', '71', '72', '73', '74', '75', '76', '77', '78', '79', '80', '81', '82', '83', '84', '85', '86', '87', '88', '89'], '0': ['90', '91', '92', '93', '94', '95', '96', '97', '98', '99']}, 3: {'9': ['100', '101', '102', '103', '104', '105', '106', '107', '108', '109', '110', '111', '112', '113', '114', '115', '116', '117', '118', '119', '120', '121', '122', '123', '124', '125', '126', '127', '128', '129', '130', '131', '132', '133', '134', '135', '136', '137', '138', '139', '140', '141', '142', '143', '144', '145', '146', '147', '148', '149', '150', '151', '152', '153', '154', '155', '156', '157', '158', '159', '160', '161', '162', '163', '164', '165', '166', '167', '168', '169', '170', '171', '172', '173', '174', '175', '176', '177', '178', '179', '180', '181', '182', '183', '184', '185', '186'], '8': ['286', '296', '299', '573', '581', '465'], '6': ['213', '225', '311', '315', '319', '326', '331', '384', '424', '425', '447', '450', '468', '480', '486', '488', '517', '555', '560', '562', '585', '294', '593', '255'], '0': ['187', '189', '190', '191', '192', '193', '194', '195', '196', '197', '198', '199', '200', '201', '203', '204', '205', '206', '207', '208', '209', '210', '212', '214', '215', '216', '217', '218', '220', '221', '222', '223', '224', '226', '227', '229', '230', '231', '232', '233', '234', '235', '236', '237', '238', '239', '240', '241', '242', '244', '245', '246', '247', '248', '249', '250', '251', '252', '253', '254', '256', '257', '258', '259', '260', '261', '262', '263', '264', '266', '267', '268', '269', '270', '271', '272', '273', '275', '276', '278', '279', '280', '281', '282', '283', '284', '285', '287', '288', '289', '290', '291', '292', '297', '298', '300', '301', '302', '304', '305', '306', '307', '309', '310', '312', '313', '314', '317', '318', '320', '321', '322', '323', '324', '325', '327', '328', '329', '330', '333', '334', '335', '336', '338', '339', '340', '341', '342', '343', '344', '345', '346', '347', '348', '349', '350', '351', '352', '353', '354', '355', '356', '357', '358', '359', '360', '361', '362', '363', '364', '365', '366', '367', '368', '369', '371', '372', '373', '374', '375', '376', '377', '378', '379', '380', '381', '382', '383', '385', '386', '387', '388', '389', '390', '391', '392', '393', '394', '395', '396', '397', '398', '399', '400', '403', '404', '405', '406', '407', '408', '409', '410', '411', '412', '413', '415', '416', '417', '418', '419', '420', '421', '422', '423', '426', '427', '428', '429', '430', '431', '432', '433', '434', '435', '436', '437', '438', '439', '441', '442', '443', '444', '445', '446', '448', '449', '451', '452', '453', '455', '456', '457', '459', '460', '463', '466', '467', '469', '470', '471', '473', '474', '475', '476', '477', '478', '479', '481', '482', '484', '485', '487', '489', '490', '491', '492', '493', '494', '495', '496', '497', '498', '499', '500', '501', '502', '503', '504', '505', '506', '507', '508', '509', '510', '511', '512', '513', '514', '515', '516', '518', '519', '520', '521', '522', '523', '524', '525', '526', '527', '528', '529', '530', '531', '532', '533', '534', '535', '536', '537', '538', '539', '540', '541', '544', '545', '546', '547', '548', '550', '551', '552', '553', '554', '556', '557', '558', '559', '561', '563', '564', '565', '566', '567', '568', '569', '571', '572', '574', '575', '576', '577', '578', '579', '580', '582', '583', '584', '586', '587', '588', '589', '590', '591', '592', '594', '595', '596', '597', '598', '599', '265', '401', '274', '402', '277', '414', '542', '543', '293', '295', '549', '303', '308', '440', '570', '316', '188', '454', '202', '458', '332', '461', '462', '464', '337', '211', '472', '219', '483', '228', '370', '243']}})
 Cluster1  8
SortedDict({2: {'9': ['0', '1', '2', '3', '4', '5', '6', '7', '8', '9', '10', '11', '12', '13'], '7': ['14', '15', '16', '17', '18', '19', '20', '21', '22', '23'], '8': ['24', '25', '26', '27', '28', '29', '30', '31', '32', '33', '34', '35', '36', '37', '38', '39', '40', '41', '42', '43', '44', '45', '46', '47', '48', '49', '50', '51', '52', '53', '54', '55', '56', '57', '58', '59', '60', '61', '62', '63', '64', '65', '66', '67', '68', '69', '70', '71', '72', '73', '74', '75', '76', '77', '78', '79', '80', '81', '82', '83', '84', '85', '86', '87', '88', '89'], '0': ['90', '91', '92', '93', '94', '95', '96', '97', '98', '99']}, 3: {'9': ['100', '101', '102', '103', '104', '105', '106', '107', '108', '109', '110', '111', '112', '113', '114', '115', '116', '117', '118', '119', '120', '121', '122', '123', '124', '125', '126', '127', '128', '129', '130', '131', '132', '133', '134', '135', '136', '137', '138', '139', '140', '141', '142', '143', '144', '145', '146', '147', '148', '149', '150', '151', '152', '153', '154', '155', '156', '157', '158', '159', '160', '161', '162', '163', '164', '165', '166', '167', '168', '169', '170', '171', '172', '173', '174', '175', '176', '177', '178', '179', '180', '181', '182', '183', '184', '185', '186'], '8': ['286', '296', '299', '573', '581', '465', '213', '225', '311', '315', '319', '326', '331', '384', '424', '425', '447', '450', '468', '480', '486', '488', '517', '555', '560', '562', '585', '294', '593', '255'], '6': ['213', '225', '311', '315', '319', '326', '331', '384', '424', '425', '447', '450', '468', '480', '486', '488', '517', '555', '560', '562', '585', '294', '593', '255'], '0': ['187', '189', '190', '191', '192', '193', '194', '195', '196', '197', '198', '199', '200', '201', '203', '204', '205', '206', '207', '208', '209', '210', '212', '214', '215', '216', '217', '218', '220', '221', '222', '223', '224', '226', '227', '229', '230', '231', '232', '233', '234', '235', '236', '237', '238', '239', '240', '241', '242', '244', '245', '246', '247', '248', '249', '250', '251', '252', '253', '254', '256', '257', '258', '259', '260', '261', '262', '263', '264', '266', '267', '268', '269', '270', '271', '272', '273', '275', '276', '278', '279', '280', '281', '282', '283', '284', '285', '287', '288', '289', '290', '291', '292', '297', '298', '300', '301', '302', '304', '305', '306', '307', '309', '310', '312', '313', '314', '317', '318', '320', '321', '322', '323', '324', '325', '327', '328', '329', '330', '333', '334', '335', '336', '338', '339', '340', '341', '342', '343', '344', '345', '346', '347', '348', '349', '350', '351', '352', '353', '354', '355', '356', '357', '358', '359', '360', '361', '362', '363', '364', '365', '366', '367', '368', '369', '371', '372', '373', '374', '375', '376', '377', '378', '379', '380', '381', '382', '383', '385', '386', '387', '388', '389', '390', '391', '392', '393', '394', '395', '396', '397', '398', '399', '400', '403', '404', '405', '406', '407', '408', '409', '410', '411', '412', '413', '415', '416', '417', '418', '419', '420', '421', '422', '423', '426', '427', '428', '429', '430', '431', '432', '433', '434', '435', '436', '437', '438', '439', '441', '442', '443', '444', '445', '446', '448', '449', '451', '452', '453', '455', '456', '457', '459', '460', '463', '466', '467', '469', '470', '471', '473', '474', '475', '476', '477', '478', '479', '481', '482', '484', '485', '487', '489', '490', '491', '492', '493', '494', '495', '496', '497', '498', '499', '500', '501', '502', '503', '504', '505', '506', '507', '508', '509', '510', '511', '512', '513', '514', '515', '516', '518', '519', '520', '521', '522', '523', '524', '525', '526', '527', '528', '529', '530', '531', '532', '533', '534', '535', '536', '537', '538', '539', '540', '541', '544', '545', '546', '547', '548', '550', '551', '552', '553', '554', '556', '557', '558', '559', '561', '563', '564', '565', '566', '567', '568', '569', '571', '572', '574', '575', '576', '577', '578', '579', '580', '582', '583', '584', '586', '587', '588', '589', '590', '591', '592', '594', '595', '596', '597', '598', '599', '265', '401', '274', '402', '277', '414', '542', '543', '293', '295', '549', '303', '308', '440', '570', '316', '188', '454', '202', '458', '332', '461', '462', '464', '337', '211', '472', '219', '483', '228', '370', '243']}})
 Cluster1  8
 Cluster to drop  6
 Cluster to drop  0
 After reassigning and merging cells 
 Timepoint  2
 Cluster  9  # of cells  14
 Cluster  7  # of cells  10
 Cluster  8  # of cells  66
 Cluster  0  # of cells  10
 Timepoint  3
 Cluster  9  # of cells  87
 Cluster  8  # of cells  413
 Tp cluster cell dict  {'9_2': 14, '7_2': 10, '8_2': 66, '0_2': 10, '9_3': 87, '8_3': 413}
 New Graph is here 
 ID  0  Timepoint  1  Mutations  []  Type  subclone
 ID  1  Timepoint  2  Mutations  [0, 1, 2, 3, 4, 5]  Type  subclone
 ID  2  Timepoint  2  Mutations  [0, 1, 2, 3, 4, 17, 18, 19, 20, 21, 22, 23, 24, 25, 26, 27]  Type  subclone
 ID  3  Timepoint  2  Mutations  [6, 7, 8, 9, 10, 11, 12, 13, 14, 15, 16, 28, 29, 30]  Type  subclone
 ID  4  Timepoint  2  Mutations  [6, 7, 8, 9, 10, 11, 12, 13, 14, 15, 16, 31, 32, 33, 34]  Type  subclone
 ID  5  Timepoint  3  Mutations  [0, 1, 2, 3, 4, 5]  Type  subclone
 ID  6  Timepoint  3  Mutations  [6, 7, 8, 9, 10, 11, 12, 13, 14, 15, 16, 31, 32, 33, 34]  Type  subclone
Timepoints  SortedDict({1: [0], 2: [1, 2, 3, 4], 3: [5, 6]})
 Clone to nodes  {'9_2': 1, '7_2': 2, '8_2': 3, '0_2': 4, '9_3': 5, '8_3': 6}
 Timepoint ====  1
 Hash table  {'0,1': [0, 1, 2, 3, 4], '0': [5], '1': [17, 18, 19, 20, 21, 22, 23, 24, 25, 26, 27], '2,3': [6, 7, 8, 9, 10, 11, 12, 13, 14, 15, 16], '2': [28, 29, 30], '3': [31, 32, 33, 34]}
 Final possible usc  [[0, 1, 2, 3, 4], [5], [17, 18, 19, 20, 21, 22, 23, 24, 25, 26, 27], [6, 7, 8, 9, 10, 11, 12, 13, 14, 15, 16], [28, 29, 30], [31, 32, 33, 34]]
 Time  1  USC keys  {'5_0', '17,18,19,20,21,22,23,24,25,26,27_0', '0,1,2,3,4_0', '31,32,33,34_0', '6,7,8,9,10,11,12,13,14,15,16_0', '28,29,30_0'}
 USC children  {'0,1,2,3,4_0': [1, 2], '5_0': [1], '17,18,19,20,21,22,23,24,25,26,27_0': [2], '6,7,8,9,10,11,12,13,14,15,16_0': [3, 4], '28,29,30_0': [3], '31,32,33,34_0': [4]}
 USC children  {'0,1,2,3,4_0': [1, 2], '5_0': [1], '17,18,19,20,21,22,23,24,25,26,27_0': [2], '6,7,8,9,10,11,12,13,14,15,16_0': [3, 4], '28,29,30_0': [3], '31,32,33,34_0': [4]}
 Timepoint ====  2
 Hash table  {}
====== Inside find superset of t nodes ==========
 Final possible usc  []
 Time  2  USC keys  set()
 USC children  {'0,1,2,3,4_0': [1, 2], '5_0': [1], '17,18,19,20,21,22,23,24,25,26,27_0': [2], '6,7,8,9,10,11,12,13,14,15,16_0': [3, 4], '28,29,30_0': [3], '31,32,33,34_0': [4]}
 USC children  {'0,1,2,3,4_0': [1, 2], '5_0': [1], '17,18,19,20,21,22,23,24,25,26,27_0': [2], '6,7,8,9,10,11,12,13,14,15,16_0': [3, 4], '28,29,30_0': [3], '31,32,33,34_0': [4]}
 Node s  {'1,2': ['0', '1', '2', '3', '4'], '3,4': ['6', '7', '8', '9', '10', '11', '12', '13', '14', '15', '16']}
 Enroll USC nodes  ['1', '2']  len  2
 Enroll USC nodes  ['3', '4']  len  2
 Node TP  SortedDict({1: [0], 2: [1, 2, 3, 4], 3: [5, 6]})
 Unobserved subclones at timepoints  {1.5: [7, 8]}
 ============== Inside finding node v ============ 
 Time  2
 Time  3
 Sorted all timepoints  [1, 1.5, 2, 3]
 Timepoint  2
 Inside usc_node check  2
 Timepoint  3
0   1   [-1]   subclone   []   []
1   2   [7]   subclone   [0, 1, 2, 3, 4, 5]   [1]
2   2   [7]   subclone   [0, 1, 2, 3, 4, 17, 18, 19, 20, 21, 22, 23, 24, 25, 26, 27]   [11]
3   2   [8]   subclone   [6, 7, 8, 9, 10, 11, 12, 13, 14, 15, 16, 28, 29, 30]   [3]
4   2   [8]   subclone   [6, 7, 8, 9, 10, 11, 12, 13, 14, 15, 16, 31, 32, 33, 34]   [4]
5   3   [1]   subclone   [0, 1, 2, 3, 4, 5]   [0]
6   3   [4]   subclone   [6, 7, 8, 9, 10, 11, 12, 13, 14, 15, 16, 31, 32, 33, 34]   [0]
7   1.5   [0]   unobserved subclone   [0, 1, 2, 3, 4]   [5]
8   1.5   [0]   unobserved subclone   [6, 7, 8, 9, 10, 11, 12, 13, 14, 15, 16]   [11]
10
 Total estimated FP  92  True negatives  8966
 Total estimated FN  1124  True positives  4518
 Estimated FP rate  0.01996
 Estimated FN rate  0.11
 No. of Cells in each cluster  {'9_2': 14, '9_3': 87, '7_2': 10, '5_2': 65, '5_3': 1, '8_3': 412, '8_2': 11}
 Cells in each cluster  {'9_2': [0, 1, 2, 3, 4, 5, 6, 7, 8, 9, 10, 11, 12, 13], '9_3': [100, 101, 102, 103, 104, 105, 106, 107, 108, 109, 110, 111, 112, 113, 114, 115, 116, 117, 118, 119, 120, 121, 122, 123, 124, 125, 126, 127, 128, 129, 130, 131, 132, 133, 134, 135, 136, 137, 138, 139, 140, 141, 142, 143, 144, 145, 146, 147, 148, 149, 150, 151, 152, 153, 154, 155, 156, 157, 158, 159, 160, 161, 162, 163, 164, 165, 166, 167, 168, 169, 170, 171, 172, 173, 174, 175, 176, 177, 178, 179, 180, 181, 182, 183, 184, 185, 186], '7_2': [14, 15, 16, 17, 18, 19, 20, 21, 22, 23], '5_2': [24, 25, 26, 27, 28, 29, 30, 31, 32, 33, 34, 35, 36, 37, 38, 39, 40, 41, 42, 43, 44, 45, 46, 47, 48, 50, 51, 52, 53, 54, 55, 56, 57, 58, 59, 60, 61, 62, 63, 64, 65, 66, 67, 68, 69, 70, 71, 72, 73, 74, 75, 76, 77, 78, 79, 80, 81, 82, 83, 84, 85, 86, 87, 88, 89], '5_3': [296], '8_3': [204, 210, 213, 233, 234, 244, 279, 324, 329, 331, 379, 385, 405, 415, 433, 444, 446, 475, 496, 502, 505, 519, 524, 535, 549, 187, 189, 191, 193, 196, 198, 200, 202, 203, 205, 207, 208, 209, 214, 216, 217, 219, 223, 225, 228, 229, 230, 235, 240, 241, 242, 245, 246, 248, 249, 250, 251, 255, 258, 259, 260, 261, 267, 268, 269, 270, 271, 272, 273, 274, 275, 278, 280, 282, 283, 284, 285, 286, 287, 288, 289, 292, 293, 294, 297, 298, 300, 301, 302, 303, 304, 305, 307, 309, 313, 315, 316, 319, 320, 321, 325, 327, 328, 330, 332, 333, 334, 339, 340, 341, 342, 343, 344, 346, 348, 349, 350, 352, 354, 356, 357, 358, 360, 362, 363, 365, 366, 368, 369, 370, 371, 372, 373, 375, 376, 377, 378, 380, 381, 382, 383, 386, 390, 391, 392, 394, 395, 397, 398, 399, 400, 402, 403, 406, 410, 411, 414, 416, 417, 418, 420, 421, 423, 424, 425, 426, 428, 429, 430, 431, 432, 435, 437, 438, 440, 441, 442, 443, 447, 449, 451, 452, 454, 455, 456, 457, 466, 469, 472, 474, 476, 478, 484, 485, 490, 491, 492, 493, 497, 498, 499, 503, 506, 507, 508, 509, 510, 511, 512, 513, 515, 516, 521, 523, 525, 527, 528, 530, 532, 534, 538, 540, 541, 543, 544, 545, 546, 548, 550, 552, 553, 554, 558, 563, 566, 567, 568, 570, 571, 574, 575, 576, 578, 579, 583, 585, 586, 587, 588, 589, 590, 591, 592, 593, 595, 598, 599, 254, 453, 465, 597, 299, 573, 581, 221, 238, 253, 291, 326, 361, 384, 388, 401, 404, 409, 422, 450, 460, 467, 468, 470, 504, 517, 569, 584, 192, 232, 263, 266, 281, 290, 306, 310, 312, 322, 347, 355, 359, 364, 412, 419, 448, 458, 461, 462, 463, 477, 480, 482, 486, 488, 489, 501, 514, 522, 547, 555, 556, 559, 560, 562, 572, 582, 188, 190, 194, 195, 197, 199, 201, 206, 211, 212, 215, 218, 220, 222, 224, 226, 227, 231, 236, 237, 239, 243, 247, 252, 256, 257, 262, 264, 265, 276, 277, 295, 308, 311, 314, 317, 318, 323, 335, 336, 337, 338, 345, 351, 353, 367, 374, 387, 389, 393, 396, 407, 408, 413, 427, 434, 436, 439, 445, 459, 464, 471, 473, 479, 481, 483, 487, 494, 495, 500, 518, 520, 526, 529, 531, 533, 536, 537, 539, 542, 551, 557, 561, 564, 565, 577, 580, 594, 596], '8_2': [49, 90, 93, 94, 95, 96, 98, 99, 91, 92, 97]}
FP rate  0.01996 FN rate  0.11
 Before reassigning cells 
 Timepoint  2
 Cluster  9  # of cells  14
 Cluster  7  # of cells  10
 Cluster  5  # of cells  66
 Cluster  8  # of cells  10
 Timepoint  3
 Cluster  9  # of cells  87
 Cluster  5  # of cells  5
 Cluster  8  # of cells  402
 Cells absent at timepoint  3   {549, 461, 465, 274, 370, 570}
 Missing cell prob  {'9': 5.985015547061735e-21, '5': 9.351925542742448e-08, '8': 9.351925542742449e-08}
 Missing cell prob  {'9': 2.0780466045614556e-13, '5': 0.0005809336208750631, '8': 0.000580933620875063}
 Missing cell prob  {'9': 1.6495197365285076e-11, '5': 9.219811577364724e-08, '8': 9.219811577364724e-08}
 Missing cell prob  {'9': 7.995622236605498e-16, '5': 0.0004988055973246773, '8': 0.0004988055973246773}
 Missing cell prob  {'9': 7.836029616762853e-16, '5': 0.0004888494376020767, '8': 0.0004888494376020767}
 Missing cell prob  {'9': 3.179757227517957e-12, '5': 0.0005604557273310979, '8': 0.0005604557273310979}
 Cells absent at timepoint  2   set()
 Timepoint  2
 Timepoint  3
SortedDict({2: {'9': ['0', '1', '2', '3', '4', '5', '6', '7', '8', '9', '10', '11', '12', '13'], '7': ['14', '15', '16', '17', '18', '19', '20', '21', '22', '23'], '5': ['24', '25', '26', '27', '28', '29', '30', '31', '32', '33', '34', '35', '36', '37', '38', '39', '40', '41', '42', '43', '44', '45', '46', '47', '48', '49', '50', '51', '52', '53', '54', '55', '56', '57', '58', '59', '60', '61', '62', '63', '64', '65', '66', '67', '68', '69', '70', '71', '72', '73', '74', '75', '76', '77', '78', '79', '80', '81', '82', '83', '84', '85', '86', '87', '88', '89'], '8': ['90', '91', '92', '93', '94', '95', '96', '97', '98', '99']}, 3: {'9': ['100', '101', '102', '103', '104', '105', '106', '107', '108', '109', '110', '111', '112', '113', '114', '115', '116', '117', '118', '119', '120', '121', '122', '123', '124', '125', '126', '127', '128', '129', '130', '131', '132', '133', '134', '135', '136', '137', '138', '139', '140', '141', '142', '143', '144', '145', '146', '147', '148', '149', '150', '151', '152', '153', '154', '155', '156', '157', '158', '159', '160', '161', '162', '163', '164', '165', '166', '167', '168', '169', '170', '171', '172', '173', '174', '175', '176', '177', '178', '179', '180', '181', '182', '183', '184', '185', '186'], '5': ['286', '296', '299', '573', '581', '461', '465', '274', '370', '570'], '8': ['187', '188', '189', '190', '191', '192', '193', '194', '195', '196', '197', '198', '199', '200', '201', '202', '203', '204', '205', '206', '207', '208', '209', '210', '211', '212', '213', '214', '215', '216', '217', '218', '219', '220', '221', '222', '223', '224', '225', '226', '227', '228', '229', '230', '231', '232', '233', '234', '235', '236', '237', '238', '239', '240', '241', '242', '243', '244', '245', '246', '247', '248', '249', '250', '251', '252', '253', '254', '255', '256', '257', '258', '259', '260', '261', '262', '263', '264', '265', '266', '267', '268', '269', '270', '271', '272', '273', '275', '276', '277', '278', '279', '280', '281', '282', '283', '284', '285', '287', '288', '289', '290', '291', '292', '293', '294', '295', '297', '298', '300', '301', '302', '303', '304', '305', '306', '307', '308', '309', '310', '311', '312', '313', '314', '315', '316', '317', '318', '319', '320', '321', '322', '323', '324', '325', '326', '327', '328', '329', '330', '331', '332', '333', '334', '335', '336', '337', '338', '339', '340', '341', '342', '343', '344', '345', '346', '347', '348', '349', '350', '351', '352', '353', '354', '355', '356', '357', '358', '359', '360', '361', '362', '363', '364', '365', '366', '367', '368', '369', '371', '372', '373', '374', '375', '376', '377', '378', '379', '380', '381', '382', '383', '384', '385', '386', '387', '388', '389', '390', '391', '392', '393', '394', '395', '396', '397', '398', '399', '400', '401', '402', '403', '404', '405', '406', '407', '408', '409', '410', '411', '412', '413', '414', '415', '416', '417', '418', '419', '420', '421', '422', '423', '424', '425', '426', '427', '428', '429', '430', '431', '432', '433', '434', '435', '436', '437', '438', '439', '440', '441', '442', '443', '444', '445', '446', '447', '448', '449', '450', '451', '452', '453', '454', '455', '456', '457', '458', '459', '460', '462', '463', '464', '466', '467', '468', '469', '470', '471', '472', '473', '474', '475', '476', '477', '478', '479', '480', '481', '482', '483', '484', '485', '486', '487', '488', '489', '490', '491', '492', '493', '494', '495', '496', '497', '498', '499', '500', '501', '502', '503', '504', '505', '506', '507', '508', '509', '510', '511', '512', '513', '514', '515', '516', '517', '518', '519', '520', '521', '522', '523', '524', '525', '526', '527', '528', '529', '530', '531', '532', '533', '534', '535', '536', '537', '538', '539', '540', '541', '542', '543', '544', '545', '546', '547', '548', '550', '551', '552', '553', '554', '555', '556', '557', '558', '559', '560', '561', '562', '563', '564', '565', '566', '567', '568', '569', '571', '572', '574', '575', '576', '577', '578', '579', '580', '582', '583', '584', '585', '586', '587', '588', '589', '590', '591', '592', '593', '594', '595', '596', '597', '598', '599', '549']}})
 Cluster1  5
 Cluster to drop  8
 After reassigning and merging cells 
 Timepoint  2
 Cluster  9  # of cells  14
 Cluster  7  # of cells  10
 Cluster  5  # of cells  66
 Cluster  8  # of cells  10
 Timepoint  3
 Cluster  9  # of cells  87
 Cluster  5  # of cells  413
 Tp cluster cell dict  {'9_2': 14, '7_2': 10, '5_2': 66, '8_2': 10, '9_3': 87, '5_3': 413}
 New Graph is here 
 ID  0  Timepoint  1  Mutations  []  Type  subclone
 ID  1  Timepoint  2  Mutations  [0, 1, 2, 3, 4, 5]  Type  subclone
 ID  2  Timepoint  2  Mutations  [0, 1, 2, 3, 4, 17, 18, 19, 20, 21, 22, 23, 24, 25, 26, 27]  Type  subclone
 ID  3  Timepoint  2  Mutations  [6, 7, 8, 9, 10, 11, 12, 13, 14, 15, 16, 28, 29, 30]  Type  subclone
 ID  4  Timepoint  2  Mutations  [6, 7, 8, 9, 10, 11, 12, 13, 14, 15, 16, 31, 32, 33, 34]  Type  subclone
 ID  5  Timepoint  3  Mutations  [0, 1, 2, 3, 4, 5]  Type  subclone
 ID  6  Timepoint  3  Mutations  [6, 7, 8, 9, 10, 11, 12, 13, 14, 15, 16, 31, 32, 33, 34]  Type  subclone
Timepoints  SortedDict({1: [0], 2: [1, 2, 3, 4], 3: [5, 6]})
 Clone to nodes  {'9_2': 1, '7_2': 2, '5_2': 3, '8_2': 4, '9_3': 5, '5_3': 6}
 Timepoint ====  1
 Hash table  {'0,1': [0, 1, 2, 3, 4], '0': [5], '1': [17, 18, 19, 20, 21, 22, 23, 24, 25, 26, 27], '2,3': [6, 7, 8, 9, 10, 11, 12, 13, 14, 15, 16], '2': [28, 29, 30], '3': [31, 32, 33, 34]}
 Final possible usc  [[0, 1, 2, 3, 4], [5], [17, 18, 19, 20, 21, 22, 23, 24, 25, 26, 27], [6, 7, 8, 9, 10, 11, 12, 13, 14, 15, 16], [28, 29, 30], [31, 32, 33, 34]]
 Time  1  USC keys  {'0,1,2,3,4_0', '17,18,19,20,21,22,23,24,25,26,27_0', '6,7,8,9,10,11,12,13,14,15,16_0', '5_0', '31,32,33,34_0', '28,29,30_0'}
 USC children  {'0,1,2,3,4_0': [1, 2], '5_0': [1], '17,18,19,20,21,22,23,24,25,26,27_0': [2], '6,7,8,9,10,11,12,13,14,15,16_0': [3, 4], '28,29,30_0': [3], '31,32,33,34_0': [4]}
 USC children  {'0,1,2,3,4_0': [1, 2], '5_0': [1], '17,18,19,20,21,22,23,24,25,26,27_0': [2], '6,7,8,9,10,11,12,13,14,15,16_0': [3, 4], '28,29,30_0': [3], '31,32,33,34_0': [4]}
 Timepoint ====  2
 Hash table  {}
====== Inside find superset of t nodes ==========
 Final possible usc  []
 Time  2  USC keys  set()
 USC children  {'0,1,2,3,4_0': [1, 2], '5_0': [1], '17,18,19,20,21,22,23,24,25,26,27_0': [2], '6,7,8,9,10,11,12,13,14,15,16_0': [3, 4], '28,29,30_0': [3], '31,32,33,34_0': [4]}
 USC children  {'0,1,2,3,4_0': [1, 2], '5_0': [1], '17,18,19,20,21,22,23,24,25,26,27_0': [2], '6,7,8,9,10,11,12,13,14,15,16_0': [3, 4], '28,29,30_0': [3], '31,32,33,34_0': [4]}
 Node s  {'1,2': ['0', '1', '2', '3', '4'], '3,4': ['6', '7', '8', '9', '10', '11', '12', '13', '14', '15', '16']}
 Enroll USC nodes  ['1', '2']  len  2
 Enroll USC nodes  ['3', '4']  len  2
 Node TP  SortedDict({1: [0], 2: [1, 2, 3, 4], 3: [5, 6]})
 Unobserved subclones at timepoints  {1.5: [7, 8]}
 ============== Inside finding node v ============ 
 Time  2
 Time  3
 Sorted all timepoints  [1, 1.5, 2, 3]
 Timepoint  2
 Inside usc_node check  2
 Timepoint  3
0   1   [-1]   subclone   []   []
1   2   [7]   subclone   [0, 1, 2, 3, 4, 5]   [1]
2   2   [7]   subclone   [0, 1, 2, 3, 4, 17, 18, 19, 20, 21, 22, 23, 24, 25, 26, 27]   [11]
3   2   [8]   subclone   [6, 7, 8, 9, 10, 11, 12, 13, 14, 15, 16, 28, 29, 30]   [3]
4   2   [8]   subclone   [6, 7, 8, 9, 10, 11, 12, 13, 14, 15, 16, 31, 32, 33, 34]   [4]
5   3   [1]   subclone   [0, 1, 2, 3, 4, 5]   [0]
6   3   [4]   subclone   [6, 7, 8, 9, 10, 11, 12, 13, 14, 15, 16, 31, 32, 33, 34]   [0]
7   1.5   [0]   unobserved subclone   [0, 1, 2, 3, 4]   [5]
8   1.5   [0]   unobserved subclone   [6, 7, 8, 9, 10, 11, 12, 13, 14, 15, 16]   [11]
5
 Total estimated FP  92  True negatives  8970
 Total estimated FN  1120  True positives  4518
 Estimated FP rate  0.01996
 Estimated FN rate  0.11
 No. of Cells in each cluster  {'4_2': 14, '4_3': 87, '3_2': 10, '2_2': 66, '2_3': 4, '0_3': 409, '0_2': 10}
 Cells in each cluster  {'4_2': [0, 1, 2, 3, 4, 5, 6, 7, 8, 9, 10, 11, 12, 13], '4_3': [100, 101, 102, 103, 104, 105, 106, 107, 108, 109, 110, 111, 112, 113, 114, 115, 116, 117, 118, 119, 120, 121, 122, 123, 124, 125, 126, 127, 128, 129, 130, 131, 132, 133, 134, 135, 136, 137, 138, 139, 140, 141, 142, 143, 144, 145, 146, 147, 148, 149, 150, 151, 152, 153, 154, 155, 156, 157, 158, 159, 160, 161, 162, 163, 164, 165, 166, 167, 168, 169, 170, 171, 172, 173, 174, 175, 176, 177, 178, 179, 180, 181, 182, 183, 184, 185, 186], '3_2': [14, 15, 16, 17, 18, 19, 20, 21, 22, 23], '2_2': [24, 25, 26, 27, 28, 29, 30, 31, 32, 33, 34, 35, 36, 37, 38, 39, 40, 41, 42, 43, 44, 45, 46, 47, 48, 49, 50, 51, 52, 53, 54, 55, 56, 57, 58, 59, 60, 61, 62, 63, 64, 65, 66, 67, 68, 69, 70, 71, 72, 73, 74, 75, 76, 77, 78, 79, 80, 81, 82, 83, 84, 85, 86, 87, 88, 89], '2_3': [296, 299, 573, 581], '0_3': [192, 204, 210, 232, 254, 263, 266, 279, 290, 306, 308, 310, 312, 324, 329, 346, 347, 355, 359, 364, 385, 412, 414, 419, 444, 448, 453, 458, 461, 462, 463, 465, 469, 477, 482, 486, 489, 501, 505, 514, 519, 522, 527, 547, 555, 556, 559, 560, 562, 572, 582, 595, 597, 187, 188, 189, 190, 191, 193, 194, 195, 196, 197, 198, 199, 200, 201, 202, 203, 205, 206, 207, 208, 209, 211, 212, 213, 214, 215, 216, 217, 218, 219, 220, 221, 222, 223, 224, 225, 226, 227, 228, 229, 230, 231, 233, 234, 235, 236, 237, 238, 239, 240, 241, 242, 243, 244, 245, 246, 247, 248, 249, 250, 251, 252, 253, 255, 256, 257, 258, 259, 260, 261, 262, 264, 265, 267, 268, 269, 270, 271, 272, 273, 274, 275, 276, 277, 278, 280, 281, 282, 283, 284, 285, 286, 287, 288, 289, 291, 292, 293, 294, 295, 297, 298, 300, 301, 302, 303, 304, 305, 307, 309, 311, 313, 314, 315, 316, 317, 318, 319, 320, 321, 322, 323, 325, 326, 327, 328, 330, 331, 332, 333, 334, 335, 336, 337, 338, 339, 340, 341, 342, 343, 344, 345, 348, 349, 350, 351, 352, 353, 354, 356, 357, 358, 360, 361, 362, 363, 365, 366, 367, 368, 369, 370, 371, 372, 373, 374, 375, 376, 377, 378, 379, 380, 381, 382, 383, 384, 386, 387, 388, 389, 390, 391, 392, 393, 394, 395, 396, 397, 398, 399, 400, 401, 402, 403, 404, 405, 406, 407, 408, 409, 410, 411, 413, 415, 416, 417, 418, 420, 421, 422, 423, 424, 425, 426, 427, 428, 429, 430, 431, 432, 433, 434, 435, 436, 437, 438, 439, 440, 441, 442, 443, 445, 446, 447, 449, 450, 451, 452, 454, 455, 456, 457, 459, 460, 464, 466, 467, 468, 470, 471, 472, 473, 474, 475, 476, 478, 479, 480, 481, 483, 484, 485, 487, 488, 490, 491, 492, 493, 494, 495, 496, 497, 498, 499, 500, 502, 503, 504, 506, 507, 508, 509, 510, 511, 512, 513, 515, 516, 517, 518, 520, 521, 523, 524, 525, 526, 528, 529, 530, 531, 532, 533, 534, 535, 536, 537, 538, 539, 540, 541, 542, 543, 544, 545, 546, 548, 549, 550, 551, 552, 553, 554, 557, 558, 561, 563, 564, 565, 566, 567, 568, 569, 570, 571, 574, 575, 576, 577, 578, 579, 580, 583, 584, 585, 586, 587, 588, 589, 590, 591, 592, 593, 594, 596, 598, 599], '0_2': [90, 91, 92, 93, 94, 95, 96, 97, 98, 99]}
FP rate  0.01996 FN rate  0.11
 Before reassigning cells 
 Timepoint  2
 Cluster  4  # of cells  14
 Cluster  3  # of cells  10
 Cluster  2  # of cells  66
 Cluster  0  # of cells  10
 Timepoint  3
 Cluster  4  # of cells  87
 Cluster  2  # of cells  5
 Cluster  0  # of cells  402
 Cells absent at timepoint  2   set()
 Cells absent at timepoint  3   {549, 461, 465, 274, 370, 570}
 Missing cell prob  {'4': 5.985015547061735e-21, '2': 9.351925542742448e-08, '0': 9.351925542742449e-08}
 Missing cell prob  {'4': 2.0780466045614556e-13, '2': 0.0005809336208750631, '0': 0.000580933620875063}
 Missing cell prob  {'4': 1.6495197365285076e-11, '2': 9.219811577364724e-08, '0': 9.219811577364724e-08}
 Missing cell prob  {'4': 7.995622236605498e-16, '2': 0.0004988055973246773, '0': 0.0004988055973246773}
 Missing cell prob  {'4': 7.836029616762853e-16, '2': 0.0004888494376020767, '0': 0.0004888494376020767}
 Missing cell prob  {'4': 3.179757227517957e-12, '2': 0.0005604557273310979, '0': 0.0005604557273310979}
 Timepoint  2
 Timepoint  3
SortedDict({2: {'4': ['0', '1', '2', '3', '4', '5', '6', '7', '8', '9', '10', '11', '12', '13'], '3': ['14', '15', '16', '17', '18', '19', '20', '21', '22', '23'], '2': ['24', '25', '26', '27', '28', '29', '30', '31', '32', '33', '34', '35', '36', '37', '38', '39', '40', '41', '42', '43', '44', '45', '46', '47', '48', '49', '50', '51', '52', '53', '54', '55', '56', '57', '58', '59', '60', '61', '62', '63', '64', '65', '66', '67', '68', '69', '70', '71', '72', '73', '74', '75', '76', '77', '78', '79', '80', '81', '82', '83', '84', '85', '86', '87', '88', '89'], '0': ['90', '91', '92', '93', '94', '95', '96', '97', '98', '99']}, 3: {'4': ['100', '101', '102', '103', '104', '105', '106', '107', '108', '109', '110', '111', '112', '113', '114', '115', '116', '117', '118', '119', '120', '121', '122', '123', '124', '125', '126', '127', '128', '129', '130', '131', '132', '133', '134', '135', '136', '137', '138', '139', '140', '141', '142', '143', '144', '145', '146', '147', '148', '149', '150', '151', '152', '153', '154', '155', '156', '157', '158', '159', '160', '161', '162', '163', '164', '165', '166', '167', '168', '169', '170', '171', '172', '173', '174', '175', '176', '177', '178', '179', '180', '181', '182', '183', '184', '185', '186'], '2': ['286', '296', '299', '573', '581', '461', '465', '274', '370', '570'], '0': ['187', '188', '189', '190', '191', '192', '193', '194', '195', '196', '197', '198', '199', '200', '201', '202', '203', '204', '205', '206', '207', '208', '209', '210', '211', '212', '213', '214', '215', '216', '217', '218', '219', '220', '221', '222', '223', '224', '225', '226', '227', '228', '229', '230', '231', '232', '233', '234', '235', '236', '237', '238', '239', '240', '241', '242', '243', '244', '245', '246', '247', '248', '249', '250', '251', '252', '253', '254', '255', '256', '257', '258', '259', '260', '261', '262', '263', '264', '265', '266', '267', '268', '269', '270', '271', '272', '273', '275', '276', '277', '278', '279', '280', '281', '282', '283', '284', '285', '287', '288', '289', '290', '291', '292', '293', '294', '295', '297', '298', '300', '301', '302', '303', '304', '305', '306', '307', '308', '309', '310', '311', '312', '313', '314', '315', '316', '317', '318', '319', '320', '321', '322', '323', '324', '325', '326', '327', '328', '329', '330', '331', '332', '333', '334', '335', '336', '337', '338', '339', '340', '341', '342', '343', '344', '345', '346', '347', '348', '349', '350', '351', '352', '353', '354', '355', '356', '357', '358', '359', '360', '361', '362', '363', '364', '365', '366', '367', '368', '369', '371', '372', '373', '374', '375', '376', '377', '378', '379', '380', '381', '382', '383', '384', '385', '386', '387', '388', '389', '390', '391', '392', '393', '394', '395', '396', '397', '398', '399', '400', '401', '402', '403', '404', '405', '406', '407', '408', '409', '410', '411', '412', '413', '414', '415', '416', '417', '418', '419', '420', '421', '422', '423', '424', '425', '426', '427', '428', '429', '430', '431', '432', '433', '434', '435', '436', '437', '438', '439', '440', '441', '442', '443', '444', '445', '446', '447', '448', '449', '450', '451', '452', '453', '454', '455', '456', '457', '458', '459', '460', '462', '463', '464', '466', '467', '468', '469', '470', '471', '472', '473', '474', '475', '476', '477', '478', '479', '480', '481', '482', '483', '484', '485', '486', '487', '488', '489', '490', '491', '492', '493', '494', '495', '496', '497', '498', '499', '500', '501', '502', '503', '504', '505', '506', '507', '508', '509', '510', '511', '512', '513', '514', '515', '516', '517', '518', '519', '520', '521', '522', '523', '524', '525', '526', '527', '528', '529', '530', '531', '532', '533', '534', '535', '536', '537', '538', '539', '540', '541', '542', '543', '544', '545', '546', '547', '548', '550', '551', '552', '553', '554', '555', '556', '557', '558', '559', '560', '561', '562', '563', '564', '565', '566', '567', '568', '569', '571', '572', '574', '575', '576', '577', '578', '579', '580', '582', '583', '584', '585', '586', '587', '588', '589', '590', '591', '592', '593', '594', '595', '596', '597', '598', '599', '549']}})
 Cluster1  2
 Cluster to drop  0
 After reassigning and merging cells 
 Timepoint  2
 Cluster  4  # of cells  14
 Cluster  3  # of cells  10
 Cluster  2  # of cells  66
 Cluster  0  # of cells  10
 Timepoint  3
 Cluster  4  # of cells  87
 Cluster  2  # of cells  413
 Tp cluster cell dict  {'4_2': 14, '3_2': 10, '2_2': 66, '0_2': 10, '4_3': 87, '2_3': 413}
 New Graph is here 
 ID  0  Timepoint  1  Mutations  []  Type  subclone
 ID  1  Timepoint  2  Mutations  [0, 1, 2, 3, 4, 5]  Type  subclone
 ID  2  Timepoint  2  Mutations  [0, 1, 2, 3, 4, 17, 18, 19, 20, 21, 22, 23, 24, 25, 26, 27]  Type  subclone
 ID  3  Timepoint  2  Mutations  [6, 7, 8, 9, 10, 11, 12, 13, 14, 15, 16, 28, 29, 30]  Type  subclone
 ID  4  Timepoint  2  Mutations  [6, 7, 8, 9, 10, 11, 12, 13, 14, 15, 16, 31, 32, 33, 34]  Type  subclone
 ID  5  Timepoint  3  Mutations  [0, 1, 2, 3, 4, 5]  Type  subclone
 ID  6  Timepoint  3  Mutations  [6, 7, 8, 9, 10, 11, 12, 13, 14, 15, 16, 31, 32, 33, 34]  Type  subclone
Timepoints  SortedDict({1: [0], 2: [1, 2, 3, 4], 3: [5, 6]})
 Clone to nodes  {'4_2': 1, '3_2': 2, '2_2': 3, '0_2': 4, '4_3': 5, '2_3': 6}
 Timepoint ====  1
 Hash table  {'0,1': [0, 1, 2, 3, 4], '0': [5], '1': [17, 18, 19, 20, 21, 22, 23, 24, 25, 26, 27], '2,3': [6, 7, 8, 9, 10, 11, 12, 13, 14, 15, 16], '2': [28, 29, 30], '3': [31, 32, 33, 34]}
 Final possible usc  [[0, 1, 2, 3, 4], [5], [17, 18, 19, 20, 21, 22, 23, 24, 25, 26, 27], [6, 7, 8, 9, 10, 11, 12, 13, 14, 15, 16], [28, 29, 30], [31, 32, 33, 34]]
 Time  1  USC keys  {'28,29,30_0', '17,18,19,20,21,22,23,24,25,26,27_0', '31,32,33,34_0', '0,1,2,3,4_0', '5_0', '6,7,8,9,10,11,12,13,14,15,16_0'}
 USC children  {'0,1,2,3,4_0': [1, 2], '5_0': [1], '17,18,19,20,21,22,23,24,25,26,27_0': [2], '6,7,8,9,10,11,12,13,14,15,16_0': [3, 4], '28,29,30_0': [3], '31,32,33,34_0': [4]}
 USC children  {'0,1,2,3,4_0': [1, 2], '5_0': [1], '17,18,19,20,21,22,23,24,25,26,27_0': [2], '6,7,8,9,10,11,12,13,14,15,16_0': [3, 4], '28,29,30_0': [3], '31,32,33,34_0': [4]}
 Timepoint ====  2
 Hash table  {}
====== Inside find superset of t nodes ==========
 Final possible usc  []
 Time  2  USC keys  set()
 USC children  {'0,1,2,3,4_0': [1, 2], '5_0': [1], '17,18,19,20,21,22,23,24,25,26,27_0': [2], '6,7,8,9,10,11,12,13,14,15,16_0': [3, 4], '28,29,30_0': [3], '31,32,33,34_0': [4]}
 USC children  {'0,1,2,3,4_0': [1, 2], '5_0': [1], '17,18,19,20,21,22,23,24,25,26,27_0': [2], '6,7,8,9,10,11,12,13,14,15,16_0': [3, 4], '28,29,30_0': [3], '31,32,33,34_0': [4]}
 Node s  {'1,2': ['0', '1', '2', '3', '4'], '3,4': ['6', '7', '8', '9', '10', '11', '12', '13', '14', '15', '16']}
 Enroll USC nodes  ['1', '2']  len  2
 Enroll USC nodes  ['3', '4']  len  2
 Node TP  SortedDict({1: [0], 2: [1, 2, 3, 4], 3: [5, 6]})
 Unobserved subclones at timepoints  {1.5: [7, 8]}
 ============== Inside finding node v ============ 
 Time  2
 Time  3
 Sorted all timepoints  [1, 1.5, 2, 3]
 Timepoint  2
 Inside usc_node check  2
 Timepoint  3
0   1   [-1]   subclone   []   []
1   2   [7]   subclone   [0, 1, 2, 3, 4, 5]   [1]
2   2   [7]   subclone   [0, 1, 2, 3, 4, 17, 18, 19, 20, 21, 22, 23, 24, 25, 26, 27]   [11]
3   2   [8]   subclone   [6, 7, 8, 9, 10, 11, 12, 13, 14, 15, 16, 28, 29, 30]   [3]
4   2   [8]   subclone   [6, 7, 8, 9, 10, 11, 12, 13, 14, 15, 16, 31, 32, 33, 34]   [4]
5   3   [1]   subclone   [0, 1, 2, 3, 4, 5]   [0]
6   3   [4]   subclone   [6, 7, 8, 9, 10, 11, 12, 13, 14, 15, 16, 31, 32, 33, 34]   [0]
7   1.5   [0]   unobserved subclone   [0, 1, 2, 3, 4]   [5]
8   1.5   [0]   unobserved subclone   [6, 7, 8, 9, 10, 11, 12, 13, 14, 15, 16]   [11]
7
 Total estimated FP  92  True negatives  8966
 Total estimated FN  1124  True positives  4518
 Estimated FP rate  0.01996
 Estimated FN rate  0.11
 No. of Cells in each cluster  {'4_2': 14, '4_3': 87, '3_2': 10, '5_2': 65, '5_3': 1, '2_3': 412, '2_2': 11}
 Cells in each cluster  {'4_2': [0, 1, 2, 3, 4, 5, 6, 7, 8, 9, 10, 11, 12, 13], '4_3': [100, 101, 102, 103, 104, 105, 106, 107, 108, 109, 110, 111, 112, 113, 114, 115, 116, 117, 118, 119, 120, 121, 122, 123, 124, 125, 126, 127, 128, 129, 130, 131, 132, 133, 134, 135, 136, 137, 138, 139, 140, 141, 142, 143, 144, 145, 146, 147, 148, 149, 150, 151, 152, 153, 154, 155, 156, 157, 158, 159, 160, 161, 162, 163, 164, 165, 166, 167, 168, 169, 170, 171, 172, 173, 174, 175, 176, 177, 178, 179, 180, 181, 182, 183, 184, 185, 186], '3_2': [14, 15, 16, 17, 18, 19, 20, 21, 22, 23], '5_2': [24, 25, 26, 27, 28, 29, 30, 31, 32, 33, 34, 35, 36, 37, 38, 39, 40, 41, 42, 43, 44, 45, 46, 47, 48, 50, 51, 52, 53, 54, 55, 56, 57, 58, 59, 60, 61, 62, 63, 64, 65, 66, 67, 68, 69, 70, 71, 72, 73, 74, 75, 76, 77, 78, 79, 80, 81, 82, 83, 84, 85, 86, 87, 88, 89], '5_3': [296], '2_3': [192, 204, 210, 254, 279, 308, 310, 312, 324, 329, 341, 347, 359, 364, 368, 385, 408, 412, 442, 444, 448, 453, 461, 462, 465, 480, 482, 486, 488, 489, 501, 504, 505, 519, 522, 535, 556, 557, 559, 572, 582, 595, 597, 187, 188, 189, 190, 191, 193, 194, 195, 196, 197, 199, 200, 201, 202, 203, 205, 206, 207, 208, 209, 211, 212, 213, 214, 215, 216, 217, 218, 219, 220, 222, 223, 224, 225, 226, 227, 228, 229, 230, 231, 232, 233, 235, 236, 237, 238, 239, 240, 241, 243, 244, 245, 247, 248, 249, 250, 251, 252, 255, 256, 257, 259, 260, 261, 262, 263, 265, 266, 267, 268, 269, 270, 271, 272, 273, 275, 276, 277, 278, 280, 281, 282, 284, 285, 286, 287, 288, 289, 290, 291, 292, 293, 294, 295, 297, 298, 299, 300, 301, 304, 305, 306, 307, 309, 311, 313, 314, 316, 317, 318, 319, 320, 321, 322, 323, 325, 326, 328, 330, 332, 333, 334, 335, 336, 337, 338, 339, 340, 342, 343, 344, 345, 346, 348, 349, 351, 352, 353, 354, 355, 356, 357, 358, 360, 361, 363, 365, 366, 367, 369, 371, 372, 373, 374, 375, 376, 377, 378, 379, 380, 382, 383, 384, 386, 387, 388, 389, 390, 391, 392, 393, 394, 395, 396, 397, 398, 399, 400, 401, 402, 403, 405, 406, 407, 409, 410, 411, 413, 414, 415, 416, 417, 418, 419, 420, 421, 422, 424, 425, 426, 427, 429, 430, 431, 432, 433, 434, 436, 437, 438, 439, 440, 441, 443, 445, 446, 447, 449, 450, 451, 452, 454, 455, 456, 457, 459, 463, 464, 466, 468, 469, 470, 471, 472, 473, 474, 475, 476, 477, 478, 479, 481, 483, 484, 485, 487, 490, 491, 492, 493, 494, 495, 496, 497, 498, 499, 500, 502, 503, 506, 507, 508, 510, 511, 512, 513, 514, 515, 516, 518, 520, 521, 523, 525, 526, 527, 528, 529, 531, 532, 533, 534, 536, 537, 538, 539, 540, 541, 542, 543, 544, 545, 546, 547, 548, 549, 550, 551, 552, 553, 554, 561, 563, 564, 565, 566, 567, 568, 569, 570, 571, 574, 576, 577, 578, 580, 583, 585, 586, 587, 588, 589, 590, 591, 592, 593, 594, 596, 283, 315, 428, 458, 555, 560, 562, 598, 198, 221, 234, 242, 246, 253, 258, 264, 274, 302, 303, 327, 331, 350, 362, 370, 381, 404, 423, 435, 460, 467, 509, 517, 524, 530, 558, 573, 575, 579, 581, 584, 599], '2_2': [49, 90, 91, 92, 93, 94, 95, 96, 97, 98, 99]}
FP rate  0.01996 FN rate  0.11
 Before reassigning cells 
 Timepoint  2
 Cluster  4  # of cells  14
 Cluster  3  # of cells  10
 Cluster  5  # of cells  66
 Cluster  2  # of cells  10
 Timepoint  3
 Cluster  4  # of cells  87
 Cluster  5  # of cells  5
 Cluster  2  # of cells  402
 Cells absent at timepoint  2   set()
 Cells absent at timepoint  3   {549, 461, 465, 274, 370, 570}
 Missing cell prob  {'5': 9.351925542742448e-08, '2': 9.351925542742449e-08, '4': 5.985015547061735e-21}
 Missing cell prob  {'5': 0.0005809336208750631, '2': 0.000580933620875063, '4': 2.0780466045614556e-13}
 Missing cell prob  {'5': 9.219811577364724e-08, '2': 9.219811577364724e-08, '4': 1.6495197365285076e-11}
 Missing cell prob  {'5': 0.0004988055973246773, '2': 0.0004988055973246773, '4': 7.995622236605498e-16}
 Missing cell prob  {'5': 0.0004888494376020767, '2': 0.0004888494376020767, '4': 7.836029616762853e-16}
 Missing cell prob  {'5': 0.0005604557273310979, '2': 0.0005604557273310979, '4': 3.179757227517957e-12}
 Timepoint  2
 Timepoint  3
SortedDict({2: {'4': ['0', '1', '2', '3', '4', '5', '6', '7', '8', '9', '10', '11', '12', '13'], '3': ['14', '15', '16', '17', '18', '19', '20', '21', '22', '23'], '5': ['24', '25', '26', '27', '28', '29', '30', '31', '32', '33', '34', '35', '36', '37', '38', '39', '40', '41', '42', '43', '44', '45', '46', '47', '48', '49', '50', '51', '52', '53', '54', '55', '56', '57', '58', '59', '60', '61', '62', '63', '64', '65', '66', '67', '68', '69', '70', '71', '72', '73', '74', '75', '76', '77', '78', '79', '80', '81', '82', '83', '84', '85', '86', '87', '88', '89'], '2': ['90', '91', '92', '93', '94', '95', '96', '97', '98', '99']}, 3: {'4': ['100', '101', '102', '103', '104', '105', '106', '107', '108', '109', '110', '111', '112', '113', '114', '115', '116', '117', '118', '119', '120', '121', '122', '123', '124', '125', '126', '127', '128', '129', '130', '131', '132', '133', '134', '135', '136', '137', '138', '139', '140', '141', '142', '143', '144', '145', '146', '147', '148', '149', '150', '151', '152', '153', '154', '155', '156', '157', '158', '159', '160', '161', '162', '163', '164', '165', '166', '167', '168', '169', '170', '171', '172', '173', '174', '175', '176', '177', '178', '179', '180', '181', '182', '183', '184', '185', '186'], '5': ['286', '296', '299', '573', '581', '461', '465', '274', '370', '570'], '2': ['187', '188', '189', '190', '191', '192', '193', '194', '195', '196', '197', '198', '199', '200', '201', '202', '203', '204', '205', '206', '207', '208', '209', '210', '211', '212', '213', '214', '215', '216', '217', '218', '219', '220', '221', '222', '223', '224', '225', '226', '227', '228', '229', '230', '231', '232', '233', '234', '235', '236', '237', '238', '239', '240', '241', '242', '243', '244', '245', '246', '247', '248', '249', '250', '251', '252', '253', '254', '255', '256', '257', '258', '259', '260', '261', '262', '263', '264', '265', '266', '267', '268', '269', '270', '271', '272', '273', '275', '276', '277', '278', '279', '280', '281', '282', '283', '284', '285', '287', '288', '289', '290', '291', '292', '293', '294', '295', '297', '298', '300', '301', '302', '303', '304', '305', '306', '307', '308', '309', '310', '311', '312', '313', '314', '315', '316', '317', '318', '319', '320', '321', '322', '323', '324', '325', '326', '327', '328', '329', '330', '331', '332', '333', '334', '335', '336', '337', '338', '339', '340', '341', '342', '343', '344', '345', '346', '347', '348', '349', '350', '351', '352', '353', '354', '355', '356', '357', '358', '359', '360', '361', '362', '363', '364', '365', '366', '367', '368', '369', '371', '372', '373', '374', '375', '376', '377', '378', '379', '380', '381', '382', '383', '384', '385', '386', '387', '388', '389', '390', '391', '392', '393', '394', '395', '396', '397', '398', '399', '400', '401', '402', '403', '404', '405', '406', '407', '408', '409', '410', '411', '412', '413', '414', '415', '416', '417', '418', '419', '420', '421', '422', '423', '424', '425', '426', '427', '428', '429', '430', '431', '432', '433', '434', '435', '436', '437', '438', '439', '440', '441', '442', '443', '444', '445', '446', '447', '448', '449', '450', '451', '452', '453', '454', '455', '456', '457', '458', '459', '460', '462', '463', '464', '466', '467', '468', '469', '470', '471', '472', '473', '474', '475', '476', '477', '478', '479', '480', '481', '482', '483', '484', '485', '486', '487', '488', '489', '490', '491', '492', '493', '494', '495', '496', '497', '498', '499', '500', '501', '502', '503', '504', '505', '506', '507', '508', '509', '510', '511', '512', '513', '514', '515', '516', '517', '518', '519', '520', '521', '522', '523', '524', '525', '526', '527', '528', '529', '530', '531', '532', '533', '534', '535', '536', '537', '538', '539', '540', '541', '542', '543', '544', '545', '546', '547', '548', '550', '551', '552', '553', '554', '555', '556', '557', '558', '559', '560', '561', '562', '563', '564', '565', '566', '567', '568', '569', '571', '572', '574', '575', '576', '577', '578', '579', '580', '582', '583', '584', '585', '586', '587', '588', '589', '590', '591', '592', '593', '594', '595', '596', '597', '598', '599', '549']}})
 Cluster1  5
 Cluster to drop  2
 After reassigning and merging cells 
 Timepoint  2
 Cluster  4  # of cells  14
 Cluster  3  # of cells  10
 Cluster  5  # of cells  66
 Cluster  2  # of cells  10
 Timepoint  3
 Cluster  4  # of cells  87
 Cluster  5  # of cells  413
 Tp cluster cell dict  {'4_2': 14, '3_2': 10, '5_2': 66, '2_2': 10, '4_3': 87, '5_3': 413}
 New Graph is here 
 ID  0  Timepoint  1  Mutations  []  Type  subclone
 ID  1  Timepoint  2  Mutations  [0, 1, 2, 3, 4, 5]  Type  subclone
 ID  2  Timepoint  2  Mutations  [0, 1, 2, 3, 4, 17, 18, 19, 20, 21, 22, 23, 24, 25, 26, 27]  Type  subclone
 ID  3  Timepoint  2  Mutations  [6, 7, 8, 9, 10, 11, 12, 13, 14, 15, 16, 28, 29, 30]  Type  subclone
 ID  4  Timepoint  2  Mutations  [6, 7, 8, 9, 10, 11, 12, 13, 14, 15, 16, 31, 32, 33, 34]  Type  subclone
 ID  5  Timepoint  3  Mutations  [0, 1, 2, 3, 4, 5]  Type  subclone
 ID  6  Timepoint  3  Mutations  [6, 7, 8, 9, 10, 11, 12, 13, 14, 15, 16, 31, 32, 33, 34]  Type  subclone
Timepoints  SortedDict({1: [0], 2: [1, 2, 3, 4], 3: [5, 6]})
 Clone to nodes  {'4_2': 1, '3_2': 2, '5_2': 3, '2_2': 4, '4_3': 5, '5_3': 6}
 Timepoint ====  1
 Hash table  {'0,1': [0, 1, 2, 3, 4], '0': [5], '1': [17, 18, 19, 20, 21, 22, 23, 24, 25, 26, 27], '2,3': [6, 7, 8, 9, 10, 11, 12, 13, 14, 15, 16], '2': [28, 29, 30], '3': [31, 32, 33, 34]}
 Final possible usc  [[0, 1, 2, 3, 4], [5], [17, 18, 19, 20, 21, 22, 23, 24, 25, 26, 27], [6, 7, 8, 9, 10, 11, 12, 13, 14, 15, 16], [28, 29, 30], [31, 32, 33, 34]]
 Time  1  USC keys  {'17,18,19,20,21,22,23,24,25,26,27_0', '28,29,30_0', '6,7,8,9,10,11,12,13,14,15,16_0', '5_0', '0,1,2,3,4_0', '31,32,33,34_0'}
 USC children  {'0,1,2,3,4_0': [1, 2], '5_0': [1], '17,18,19,20,21,22,23,24,25,26,27_0': [2], '6,7,8,9,10,11,12,13,14,15,16_0': [3, 4], '28,29,30_0': [3], '31,32,33,34_0': [4]}
 USC children  {'0,1,2,3,4_0': [1, 2], '5_0': [1], '17,18,19,20,21,22,23,24,25,26,27_0': [2], '6,7,8,9,10,11,12,13,14,15,16_0': [3, 4], '28,29,30_0': [3], '31,32,33,34_0': [4]}
 Timepoint ====  2
 Hash table  {}
====== Inside find superset of t nodes ==========
 Final possible usc  []
 Time  2  USC keys  set()
 USC children  {'0,1,2,3,4_0': [1, 2], '5_0': [1], '17,18,19,20,21,22,23,24,25,26,27_0': [2], '6,7,8,9,10,11,12,13,14,15,16_0': [3, 4], '28,29,30_0': [3], '31,32,33,34_0': [4]}
 USC children  {'0,1,2,3,4_0': [1, 2], '5_0': [1], '17,18,19,20,21,22,23,24,25,26,27_0': [2], '6,7,8,9,10,11,12,13,14,15,16_0': [3, 4], '28,29,30_0': [3], '31,32,33,34_0': [4]}
 Node s  {'1,2': ['0', '1', '2', '3', '4'], '3,4': ['6', '7', '8', '9', '10', '11', '12', '13', '14', '15', '16']}
 Enroll USC nodes  ['1', '2']  len  2
 Enroll USC nodes  ['3', '4']  len  2
 Node TP  SortedDict({1: [0], 2: [1, 2, 3, 4], 3: [5, 6]})
 Unobserved subclones at timepoints  {1.5: [7, 8]}
 ============== Inside finding node v ============ 
 Time  2
 Time  3
 Sorted all timepoints  [1, 1.5, 2, 3]
 Timepoint  2
 Inside usc_node check  2
 Timepoint  3
0   1   [-1]   subclone   []   []
1   2   [7]   subclone   [0, 1, 2, 3, 4, 5]   [1]
2   2   [7]   subclone   [0, 1, 2, 3, 4, 17, 18, 19, 20, 21, 22, 23, 24, 25, 26, 27]   [11]
3   2   [8]   subclone   [6, 7, 8, 9, 10, 11, 12, 13, 14, 15, 16, 28, 29, 30]   [3]
4   2   [8]   subclone   [6, 7, 8, 9, 10, 11, 12, 13, 14, 15, 16, 31, 32, 33, 34]   [4]
5   3   [1]   subclone   [0, 1, 2, 3, 4, 5]   [0]
6   3   [4]   subclone   [6, 7, 8, 9, 10, 11, 12, 13, 14, 15, 16, 31, 32, 33, 34]   [0]
7   1.5   [0]   unobserved subclone   [0, 1, 2, 3, 4]   [5]
8   1.5   [0]   unobserved subclone   [6, 7, 8, 9, 10, 11, 12, 13, 14, 15, 16]   [11]
5
 Total estimated FP  92  True negatives  8969
 Total estimated FN  1121  True positives  4518
 Estimated FP rate  0.01996
 Estimated FN rate  0.11
 No. of Cells in each cluster  {'4_2': 14, '4_3': 87, '3_2': 10, '2_2': 65, '2_3': 4, '1_2': 11, '1_3': 409}
 Cells in each cluster  {'4_2': [0, 1, 2, 3, 4, 5, 6, 7, 8, 9, 10, 11, 12, 13], '4_3': [100, 101, 102, 103, 104, 105, 106, 107, 108, 109, 110, 111, 112, 113, 114, 115, 116, 117, 118, 119, 120, 121, 122, 123, 124, 125, 126, 127, 128, 129, 130, 131, 132, 133, 134, 135, 136, 137, 138, 139, 140, 141, 142, 143, 144, 145, 146, 147, 148, 149, 150, 151, 152, 153, 154, 155, 156, 157, 158, 159, 160, 161, 162, 163, 164, 165, 166, 167, 168, 169, 170, 171, 172, 173, 174, 175, 176, 177, 178, 179, 180, 181, 182, 183, 184, 185, 186], '3_2': [14, 15, 16, 17, 18, 19, 20, 21, 22, 23], '2_2': [24, 25, 26, 27, 28, 29, 30, 31, 32, 33, 34, 35, 36, 37, 38, 39, 40, 41, 42, 43, 44, 45, 46, 47, 48, 50, 51, 52, 53, 54, 55, 56, 57, 58, 59, 60, 61, 62, 63, 64, 65, 66, 67, 68, 69, 70, 71, 72, 73, 74, 75, 76, 77, 78, 79, 80, 81, 82, 83, 84, 85, 86, 87, 88, 89], '2_3': [296, 299, 573, 581], '1_2': [49, 90, 91, 92, 93, 94, 95, 96, 97, 98, 99], '1_3': [187, 188, 189, 190, 191, 192, 193, 194, 195, 196, 197, 198, 199, 200, 201, 202, 203, 204, 205, 206, 207, 208, 209, 210, 211, 212, 213, 214, 215, 216, 217, 218, 219, 220, 221, 222, 223, 224, 225, 226, 227, 228, 229, 230, 231, 233, 234, 235, 236, 237, 238, 239, 240, 241, 242, 243, 244, 245, 246, 247, 248, 249, 250, 251, 252, 253, 255, 256, 257, 258, 259, 260, 261, 262, 264, 265, 267, 268, 269, 270, 271, 272, 273, 274, 275, 276, 277, 278, 279, 280, 281, 282, 283, 284, 285, 286, 287, 288, 289, 291, 292, 293, 294, 295, 297, 298, 300, 301, 302, 303, 304, 305, 307, 308, 309, 310, 311, 312, 313, 314, 315, 316, 317, 318, 319, 320, 321, 322, 323, 324, 325, 326, 327, 328, 330, 331, 332, 333, 334, 335, 336, 337, 338, 339, 340, 341, 342, 343, 344, 345, 346, 347, 348, 349, 350, 351, 352, 353, 354, 356, 357, 358, 359, 360, 361, 362, 363, 364, 365, 366, 367, 369, 370, 371, 372, 373, 374, 375, 376, 377, 378, 379, 380, 381, 382, 383, 384, 385, 386, 387, 389, 390, 391, 392, 393, 394, 395, 396, 397, 398, 399, 400, 401, 402, 403, 404, 405, 406, 407, 408, 409, 410, 411, 412, 413, 414, 415, 416, 417, 418, 420, 421, 422, 423, 424, 425, 426, 427, 428, 429, 430, 431, 432, 433, 434, 435, 436, 437, 438, 439, 440, 441, 443, 444, 445, 446, 447, 448, 449, 451, 452, 454, 455, 456, 457, 459, 460, 461, 462, 464, 466, 467, 468, 469, 470, 471, 472, 473, 474, 475, 476, 478, 479, 481, 482, 483, 484, 485, 486, 487, 489, 490, 491, 492, 493, 494, 495, 496, 497, 498, 499, 500, 501, 502, 503, 506, 507, 508, 509, 510, 511, 512, 513, 515, 516, 517, 518, 520, 521, 522, 523, 524, 525, 526, 528, 529, 530, 531, 532, 533, 534, 535, 536, 537, 538, 539, 540, 541, 542, 543, 544, 545, 546, 548, 549, 550, 551, 552, 553, 554, 556, 557, 558, 559, 561, 563, 564, 565, 566, 567, 568, 569, 570, 571, 572, 574, 575, 576, 577, 578, 579, 580, 582, 583, 584, 585, 586, 587, 588, 589, 590, 591, 592, 593, 594, 595, 596, 598, 599, 232, 254, 263, 266, 290, 306, 329, 355, 368, 388, 419, 442, 450, 453, 458, 463, 465, 477, 480, 488, 504, 505, 514, 519, 527, 547, 555, 560, 562, 597]}
FP rate  0.01996 FN rate  0.11
 Before reassigning cells 
 Timepoint  2
 Cluster  4  # of cells  14
 Cluster  3  # of cells  10
 Cluster  2  # of cells  66
 Cluster  1  # of cells  10
 Timepoint  3
 Cluster  4  # of cells  87
 Cluster  2  # of cells  5
 Cluster  1  # of cells  402
 Cells absent at timepoint  3   {549, 461, 465, 274, 370, 570}
 Missing cell prob  {'2': 9.351925542742448e-08, '1': 9.351925542742449e-08, '4': 5.985015547061735e-21}
 Missing cell prob  {'2': 0.0005809336208750631, '1': 0.000580933620875063, '4': 2.0780466045614556e-13}
 Missing cell prob  {'2': 9.219811577364724e-08, '1': 9.219811577364724e-08, '4': 1.6495197365285076e-11}
 Missing cell prob  {'2': 0.0004988055973246773, '1': 0.0004988055973246773, '4': 7.995622236605498e-16}
 Missing cell prob  {'2': 0.0004888494376020767, '1': 0.0004888494376020767, '4': 7.836029616762853e-16}
 Missing cell prob  {'2': 0.0005604557273310979, '1': 0.0005604557273310979, '4': 3.179757227517957e-12}
 Cells absent at timepoint  2   set()
 Timepoint  2
 Timepoint  3
SortedDict({2: {'4': ['0', '1', '2', '3', '4', '5', '6', '7', '8', '9', '10', '11', '12', '13'], '3': ['14', '15', '16', '17', '18', '19', '20', '21', '22', '23'], '2': ['24', '25', '26', '27', '28', '29', '30', '31', '32', '33', '34', '35', '36', '37', '38', '39', '40', '41', '42', '43', '44', '45', '46', '47', '48', '49', '50', '51', '52', '53', '54', '55', '56', '57', '58', '59', '60', '61', '62', '63', '64', '65', '66', '67', '68', '69', '70', '71', '72', '73', '74', '75', '76', '77', '78', '79', '80', '81', '82', '83', '84', '85', '86', '87', '88', '89'], '1': ['90', '91', '92', '93', '94', '95', '96', '97', '98', '99']}, 3: {'4': ['100', '101', '102', '103', '104', '105', '106', '107', '108', '109', '110', '111', '112', '113', '114', '115', '116', '117', '118', '119', '120', '121', '122', '123', '124', '125', '126', '127', '128', '129', '130', '131', '132', '133', '134', '135', '136', '137', '138', '139', '140', '141', '142', '143', '144', '145', '146', '147', '148', '149', '150', '151', '152', '153', '154', '155', '156', '157', '158', '159', '160', '161', '162', '163', '164', '165', '166', '167', '168', '169', '170', '171', '172', '173', '174', '175', '176', '177', '178', '179', '180', '181', '182', '183', '184', '185', '186'], '2': ['286', '296', '299', '573', '581', '461', '465', '274', '370', '570'], '1': ['187', '188', '189', '190', '191', '192', '193', '194', '195', '196', '197', '198', '199', '200', '201', '202', '203', '204', '205', '206', '207', '208', '209', '210', '211', '212', '213', '214', '215', '216', '217', '218', '219', '220', '221', '222', '223', '224', '225', '226', '227', '228', '229', '230', '231', '232', '233', '234', '235', '236', '237', '238', '239', '240', '241', '242', '243', '244', '245', '246', '247', '248', '249', '250', '251', '252', '253', '254', '255', '256', '257', '258', '259', '260', '261', '262', '263', '264', '265', '266', '267', '268', '269', '270', '271', '272', '273', '275', '276', '277', '278', '279', '280', '281', '282', '283', '284', '285', '287', '288', '289', '290', '291', '292', '293', '294', '295', '297', '298', '300', '301', '302', '303', '304', '305', '306', '307', '308', '309', '310', '311', '312', '313', '314', '315', '316', '317', '318', '319', '320', '321', '322', '323', '324', '325', '326', '327', '328', '329', '330', '331', '332', '333', '334', '335', '336', '337', '338', '339', '340', '341', '342', '343', '344', '345', '346', '347', '348', '349', '350', '351', '352', '353', '354', '355', '356', '357', '358', '359', '360', '361', '362', '363', '364', '365', '366', '367', '368', '369', '371', '372', '373', '374', '375', '376', '377', '378', '379', '380', '381', '382', '383', '384', '385', '386', '387', '388', '389', '390', '391', '392', '393', '394', '395', '396', '397', '398', '399', '400', '401', '402', '403', '404', '405', '406', '407', '408', '409', '410', '411', '412', '413', '414', '415', '416', '417', '418', '419', '420', '421', '422', '423', '424', '425', '426', '427', '428', '429', '430', '431', '432', '433', '434', '435', '436', '437', '438', '439', '440', '441', '442', '443', '444', '445', '446', '447', '448', '449', '450', '451', '452', '453', '454', '455', '456', '457', '458', '459', '460', '462', '463', '464', '466', '467', '468', '469', '470', '471', '472', '473', '474', '475', '476', '477', '478', '479', '480', '481', '482', '483', '484', '485', '486', '487', '488', '489', '490', '491', '492', '493', '494', '495', '496', '497', '498', '499', '500', '501', '502', '503', '504', '505', '506', '507', '508', '509', '510', '511', '512', '513', '514', '515', '516', '517', '518', '519', '520', '521', '522', '523', '524', '525', '526', '527', '528', '529', '530', '531', '532', '533', '534', '535', '536', '537', '538', '539', '540', '541', '542', '543', '544', '545', '546', '547', '548', '550', '551', '552', '553', '554', '555', '556', '557', '558', '559', '560', '561', '562', '563', '564', '565', '566', '567', '568', '569', '571', '572', '574', '575', '576', '577', '578', '579', '580', '582', '583', '584', '585', '586', '587', '588', '589', '590', '591', '592', '593', '594', '595', '596', '597', '598', '599', '549']}})
 Cluster1  2
 Cluster to drop  1
 After reassigning and merging cells 
 Timepoint  2
 Cluster  4  # of cells  14
 Cluster  3  # of cells  10
 Cluster  2  # of cells  66
 Cluster  1  # of cells  10
 Timepoint  3
 Cluster  4  # of cells  87
 Cluster  2  # of cells  413
 Tp cluster cell dict  {'4_2': 14, '3_2': 10, '2_2': 66, '1_2': 10, '4_3': 87, '2_3': 413}
 New Graph is here 
 ID  0  Timepoint  1  Mutations  []  Type  subclone
 ID  1  Timepoint  2  Mutations  [0, 1, 2, 3, 4, 5]  Type  subclone
 ID  2  Timepoint  2  Mutations  [0, 1, 2, 3, 4, 17, 18, 19, 20, 21, 22, 23, 24, 25, 26, 27]  Type  subclone
 ID  3  Timepoint  2  Mutations  [6, 7, 8, 9, 10, 11, 12, 13, 14, 15, 16, 28, 29, 30]  Type  subclone
 ID  4  Timepoint  2  Mutations  [6, 7, 8, 9, 10, 11, 12, 13, 14, 15, 16, 31, 32, 33, 34]  Type  subclone
 ID  5  Timepoint  3  Mutations  [0, 1, 2, 3, 4, 5]  Type  subclone
 ID  6  Timepoint  3  Mutations  [6, 7, 8, 9, 10, 11, 12, 13, 14, 15, 16, 31, 32, 33, 34]  Type  subclone
Timepoints  SortedDict({1: [0], 2: [1, 2, 3, 4], 3: [5, 6]})
 Clone to nodes  {'4_2': 1, '3_2': 2, '2_2': 3, '1_2': 4, '4_3': 5, '2_3': 6}
 Timepoint ====  1
 Hash table  {'0,1': [0, 1, 2, 3, 4], '0': [5], '1': [17, 18, 19, 20, 21, 22, 23, 24, 25, 26, 27], '2,3': [6, 7, 8, 9, 10, 11, 12, 13, 14, 15, 16], '2': [28, 29, 30], '3': [31, 32, 33, 34]}
 Final possible usc  [[0, 1, 2, 3, 4], [5], [17, 18, 19, 20, 21, 22, 23, 24, 25, 26, 27], [6, 7, 8, 9, 10, 11, 12, 13, 14, 15, 16], [28, 29, 30], [31, 32, 33, 34]]
 Time  1  USC keys  {'31,32,33,34_0', '28,29,30_0', '17,18,19,20,21,22,23,24,25,26,27_0', '0,1,2,3,4_0', '6,7,8,9,10,11,12,13,14,15,16_0', '5_0'}
 USC children  {'0,1,2,3,4_0': [1, 2], '5_0': [1], '17,18,19,20,21,22,23,24,25,26,27_0': [2], '6,7,8,9,10,11,12,13,14,15,16_0': [3, 4], '28,29,30_0': [3], '31,32,33,34_0': [4]}
 USC children  {'0,1,2,3,4_0': [1, 2], '5_0': [1], '17,18,19,20,21,22,23,24,25,26,27_0': [2], '6,7,8,9,10,11,12,13,14,15,16_0': [3, 4], '28,29,30_0': [3], '31,32,33,34_0': [4]}
 Timepoint ====  2
 Hash table  {}
====== Inside find superset of t nodes ==========
 Final possible usc  []
 Time  2  USC keys  set()
 USC children  {'0,1,2,3,4_0': [1, 2], '5_0': [1], '17,18,19,20,21,22,23,24,25,26,27_0': [2], '6,7,8,9,10,11,12,13,14,15,16_0': [3, 4], '28,29,30_0': [3], '31,32,33,34_0': [4]}
 USC children  {'0,1,2,3,4_0': [1, 2], '5_0': [1], '17,18,19,20,21,22,23,24,25,26,27_0': [2], '6,7,8,9,10,11,12,13,14,15,16_0': [3, 4], '28,29,30_0': [3], '31,32,33,34_0': [4]}
 Node s  {'1,2': ['0', '1', '2', '3', '4'], '3,4': ['6', '7', '8', '9', '10', '11', '12', '13', '14', '15', '16']}
 Enroll USC nodes  ['1', '2']  len  2
 Enroll USC nodes  ['3', '4']  len  2
 Node TP  SortedDict({1: [0], 2: [1, 2, 3, 4], 3: [5, 6]})
 Unobserved subclones at timepoints  {1.5: [7, 8]}
 ============== Inside finding node v ============ 
 Time  2
 Time  3
 Sorted all timepoints  [1, 1.5, 2, 3]
 Timepoint  2
 Inside usc_node check  2
 Timepoint  3
0   1   [-1]   subclone   []   []
1   2   [7]   subclone   [0, 1, 2, 3, 4, 5]   [1]
2   2   [7]   subclone   [0, 1, 2, 3, 4, 17, 18, 19, 20, 21, 22, 23, 24, 25, 26, 27]   [11]
3   2   [8]   subclone   [6, 7, 8, 9, 10, 11, 12, 13, 14, 15, 16, 28, 29, 30]   [3]
4   2   [8]   subclone   [6, 7, 8, 9, 10, 11, 12, 13, 14, 15, 16, 31, 32, 33, 34]   [4]
5   3   [1]   subclone   [0, 1, 2, 3, 4, 5]   [0]
6   3   [4]   subclone   [6, 7, 8, 9, 10, 11, 12, 13, 14, 15, 16, 31, 32, 33, 34]   [0]
7   1.5   [0]   unobserved subclone   [0, 1, 2, 3, 4]   [5]
8   1.5   [0]   unobserved subclone   [6, 7, 8, 9, 10, 11, 12, 13, 14, 15, 16]   [11]
 List of tree files  ['all_trees/mp3_rep3_m1_tree.csv', 'all_trees/mp3_rep3_m2_tree.csv', 'all_trees/mp3_rep3_m3_tree.csv', 'all_trees/mp3_rep3_m4_tree.csv', 'all_trees/mp3_rep3_m5_tree.csv']
{'1': ['0', '1', '2', '3', '4', '5'], '2': ['0', '1', '2', '3', '4', '17', '18', '19', '20', '21', '22', '23', '24', '25', '26', '27'], '3': ['6', '7', '8', '9', '10', '11', '12', '13', '14', '15', '16', '28', '29', '30'], '4': ['6', '7', '8', '9', '10', '11', '12', '13', '14', '15', '16', '31', '32', '33', '34'], '5': ['0', '1', '2', '3', '4', '5'], '6': ['6', '7', '8', '9', '10', '11', '12', '13', '14', '15', '16', '31', '32', '33', '34'], '7': ['0', '1', '2', '3', '4'], '8': ['6', '7', '8', '9', '10', '11', '12', '13', '14', '15', '16']}
 Actual mutation of  1   ['5']
 Actual mutation of  2   ['24', '17', '23', '20', '26', '19', '22', '21', '25', '18', '27']
 Actual mutation of  3   ['29', '28', '30']
 Actual mutation of  4   ['32', '31', '34', '33']
 Actual mutation of  5   []
 Actual mutation of  6   []
 Updated node mutation  {'1': ['5'], '2': ['24', '17', '23', '20', '26', '19', '22', '21', '25', '18', '27'], '3': ['29', '28', '30'], '4': ['32', '31', '34', '33'], '5': [], '6': [], '7': ['0', '1', '2', '3', '4'], '8': ['6', '7', '8', '9', '10', '11', '12', '13', '14', '15', '16']}
{'1': ['0', '1', '2', '3', '4', '5'], '2': ['0', '1', '2', '3', '4', '17', '18', '19', '20', '21', '22', '23', '24', '25', '26', '27'], '3': ['6', '7', '8', '9', '10', '11', '12', '13', '14', '15', '16', '28', '29', '30'], '4': ['6', '7', '8', '9', '10', '11', '12', '13', '14', '15', '16', '31', '32', '33', '34'], '5': ['0', '1', '2', '3', '4', '5'], '6': ['6', '7', '8', '9', '10', '11', '12', '13', '14', '15', '16', '31', '32', '33', '34'], '7': ['0', '1', '2', '3', '4'], '8': ['6', '7', '8', '9', '10', '11', '12', '13', '14', '15', '16']}
 Actual mutation of  1   ['5']
 Actual mutation of  2   ['24', '17', '23', '20', '26', '19', '22', '21', '25', '18', '27']
 Actual mutation of  3   ['29', '28', '30']
 Actual mutation of  4   ['32', '31', '34', '33']
 Actual mutation of  5   []
 Actual mutation of  6   []
 Updated node mutation  {'1': ['5'], '2': ['24', '17', '23', '20', '26', '19', '22', '21', '25', '18', '27'], '3': ['29', '28', '30'], '4': ['32', '31', '34', '33'], '5': [], '6': [], '7': ['0', '1', '2', '3', '4'], '8': ['6', '7', '8', '9', '10', '11', '12', '13', '14', '15', '16']}
{'1': ['0', '1', '2', '3', '4', '5'], '2': ['0', '1', '2', '3', '4', '17', '18', '19', '20', '21', '22', '23', '24', '25', '26', '27'], '3': ['6', '7', '8', '9', '10', '11', '12', '13', '14', '15', '16', '28', '29', '30'], '4': ['6', '7', '8', '9', '10', '11', '12', '13', '14', '15', '16', '31', '32', '33', '34'], '5': ['0', '1', '2', '3', '4', '5'], '6': ['6', '7', '8', '9', '10', '11', '12', '13', '14', '15', '16', '31', '32', '33', '34'], '7': ['0', '1', '2', '3', '4'], '8': ['6', '7', '8', '9', '10', '11', '12', '13', '14', '15', '16']}
 Actual mutation of  1   ['5']
 Actual mutation of  2   ['24', '17', '23', '20', '26', '19', '22', '21', '25', '18', '27']
 Actual mutation of  3   ['29', '28', '30']
 Actual mutation of  4   ['32', '31', '34', '33']
 Actual mutation of  5   []
 Actual mutation of  6   []
 Updated node mutation  {'1': ['5'], '2': ['24', '17', '23', '20', '26', '19', '22', '21', '25', '18', '27'], '3': ['29', '28', '30'], '4': ['32', '31', '34', '33'], '5': [], '6': [], '7': ['0', '1', '2', '3', '4'], '8': ['6', '7', '8', '9', '10', '11', '12', '13', '14', '15', '16']}
{'1': ['0', '1', '2', '3', '4', '5'], '2': ['0', '1', '2', '3', '4', '17', '18', '19', '20', '21', '22', '23', '24', '25', '26', '27'], '3': ['6', '7', '8', '9', '10', '11', '12', '13', '14', '15', '16', '28', '29', '30'], '4': ['6', '7', '8', '9', '10', '11', '12', '13', '14', '15', '16', '31', '32', '33', '34'], '5': ['0', '1', '2', '3', '4', '5'], '6': ['6', '7', '8', '9', '10', '11', '12', '13', '14', '15', '16', '31', '32', '33', '34'], '7': ['0', '1', '2', '3', '4'], '8': ['6', '7', '8', '9', '10', '11', '12', '13', '14', '15', '16']}
 Actual mutation of  1   ['5']
 Actual mutation of  2   ['24', '17', '23', '20', '26', '19', '22', '21', '25', '18', '27']
 Actual mutation of  3   ['29', '28', '30']
 Actual mutation of  4   ['32', '31', '34', '33']
 Actual mutation of  5   []
 Actual mutation of  6   []
 Updated node mutation  {'1': ['5'], '2': ['24', '17', '23', '20', '26', '19', '22', '21', '25', '18', '27'], '3': ['29', '28', '30'], '4': ['32', '31', '34', '33'], '5': [], '6': [], '7': ['0', '1', '2', '3', '4'], '8': ['6', '7', '8', '9', '10', '11', '12', '13', '14', '15', '16']}
{'1': ['0', '1', '2', '3', '4', '5'], '2': ['0', '1', '2', '3', '4', '17', '18', '19', '20', '21', '22', '23', '24', '25', '26', '27'], '3': ['6', '7', '8', '9', '10', '11', '12', '13', '14', '15', '16', '28', '29', '30'], '4': ['6', '7', '8', '9', '10', '11', '12', '13', '14', '15', '16', '31', '32', '33', '34'], '5': ['0', '1', '2', '3', '4', '5'], '6': ['6', '7', '8', '9', '10', '11', '12', '13', '14', '15', '16', '31', '32', '33', '34'], '7': ['0', '1', '2', '3', '4'], '8': ['6', '7', '8', '9', '10', '11', '12', '13', '14', '15', '16']}
 Actual mutation of  1   ['5']
 Actual mutation of  2   ['24', '17', '23', '20', '26', '19', '22', '21', '25', '18', '27']
 Actual mutation of  3   ['29', '28', '30']
 Actual mutation of  4   ['32', '31', '34', '33']
 Actual mutation of  5   []
 Actual mutation of  6   []
 Updated node mutation  {'1': ['5'], '2': ['24', '17', '23', '20', '26', '19', '22', '21', '25', '18', '27'], '3': ['29', '28', '30'], '4': ['32', '31', '34', '33'], '5': [], '6': [], '7': ['0', '1', '2', '3', '4'], '8': ['6', '7', '8', '9', '10', '11', '12', '13', '14', '15', '16']}
 Parallel mutation count  {'m1': 0, 'm2': 0, 'm3': 0, 'm4': 0, 'm5': 0}
 Clusters with least parallel mutations  ['m1', 'm2', 'm3', 'm4', 'm5']
 Cluster nos for each run  {'m1': 11, 'm2': 10, 'm3': 5, 'm4': 7, 'm5': 5}
 Run  m3
 Base path  ['mp3', 'rep3', 'm1', 'tree.csv']
 Best tree path  mp3_rep3_m3_tree.csv
