
DPMM with:
	600 cells
	42 mutations
	learning errors

	Priors:
	params.:	Beta(0.25,0.25)
	CRP a_0:	Gamma(24.49,1)
	FP:		trunc norm(0.01,0.01)
	FN:		trunc norm(0.2,0.1)

Move probabilitites:
	Split/merge:	0.33
		split/merge ratio:	[0.75, 0.25]
		intermediate Gibbs:	3
	CRP a_0 update:	0.25
	Errors update:	0.25

Run MCMC with (1 chains for 5000 steps):

Clustering time:	0:17:52.889101	(0.21 secs. per MCMC step)	Lugsail PSRF:		1.00497

Chain mean - posterior clusters	(#4):
	4 clusters

	A: 311 items
	B: 159 items
	C: 97 items
	D: 33 items

Inferred latent variables	--	chain mean - posterior
	CRP a_0:	93.9 +- 17.5
	FP (model|genotypes): 2.7E-03 +- 8.6E-04	|	8.0E-03
	FN (model|genotypes): 0.152   +- 0.013	|	0.159

Writing output to: ./sim_output/u3/rep2/m1

Too many cells to plot genotypes/clusters
