7
 Total estimated FP  255  True negatives  25088
 Total estimated FN  1263  True positives  5074
 Estimated FP rate  0.04785
 Estimated FN rate  0.05
 No. of Cells in each cluster  {'1_2': 29, '1_3': 117, '0_2': 36, '0_3': 205, '6_2': 11, '2_2': 24, '2_3': 43, '5_3': 10, '4_3': 60, '3_3': 65}
 Cells in each cluster  {'1_2': [0, 1, 2, 3, 4, 5, 6, 7, 8, 9, 10, 11, 12, 13, 14, 15, 16, 17, 18, 19, 20, 21, 22, 23, 24, 25, 26, 27, 28], '1_3': [315, 316, 317, 318, 319, 320, 321, 322, 323, 324, 325, 326, 327, 328, 329, 330, 331, 332, 333, 334, 335, 336, 337, 338, 339, 340, 341, 342, 343, 344, 345, 346, 347, 348, 349, 350, 351, 352, 353, 354, 355, 356, 357, 358, 359, 360, 361, 362, 363, 364, 365, 366, 367, 368, 369, 370, 371, 372, 373, 374, 375, 376, 377, 378, 379, 380, 381, 382, 383, 384, 385, 386, 387, 388, 389, 390, 391, 392, 393, 394, 395, 396, 397, 398, 399, 400, 401, 402, 403, 404, 405, 406, 407, 408, 409, 410, 411, 412, 413, 414, 415, 416, 417, 418, 419, 420, 421, 422, 423, 424, 425, 426, 427, 428, 429, 430, 431], '0_2': [29, 30, 31, 32, 33, 34, 35, 36, 37, 38, 39, 40, 41, 42, 43, 44, 45, 46, 47, 48, 49, 50, 51, 52, 53, 54, 55, 56, 57, 58, 59, 60, 61, 62, 63, 64], '0_3': [100, 101, 102, 103, 104, 105, 106, 107, 108, 109, 110, 111, 112, 113, 114, 115, 116, 117, 118, 119, 120, 121, 122, 123, 124, 125, 126, 127, 128, 129, 130, 131, 132, 133, 134, 135, 136, 137, 138, 139, 140, 141, 142, 143, 144, 145, 146, 147, 148, 149, 150, 151, 152, 153, 154, 155, 156, 157, 158, 159, 160, 161, 162, 163, 164, 165, 166, 167, 168, 169, 170, 171, 172, 173, 174, 175, 176, 177, 178, 179, 180, 181, 182, 183, 184, 185, 186, 187, 188, 189, 190, 191, 192, 193, 194, 195, 196, 197, 198, 199, 200, 201, 202, 203, 204, 205, 206, 207, 208, 209, 210, 211, 212, 213, 214, 215, 216, 217, 218, 219, 220, 221, 222, 223, 224, 225, 226, 227, 228, 229, 230, 231, 232, 233, 234, 235, 236, 237, 238, 239, 240, 241, 242, 243, 244, 245, 246, 247, 248, 249, 250, 251, 252, 253, 254, 255, 256, 257, 258, 259, 260, 261, 262, 263, 264, 265, 266, 267, 268, 269, 270, 271, 272, 273, 274, 275, 276, 277, 278, 279, 280, 281, 282, 283, 284, 285, 286, 287, 288, 289, 290, 291, 292, 293, 294, 295, 296, 297, 298, 299, 300, 301, 302, 303, 304], '6_2': [65, 66, 67, 68, 69, 70, 71, 72, 73, 74, 75], '2_2': [76, 77, 78, 79, 80, 81, 82, 83, 84, 85, 86, 87, 88, 89, 90, 91, 92, 93, 94, 95, 96, 97, 98, 99], '2_3': [492, 493, 494, 495, 496, 497, 498, 499, 500, 501, 502, 503, 504, 505, 506, 507, 508, 509, 510, 511, 512, 513, 514, 515, 516, 517, 518, 519, 520, 521, 522, 523, 524, 525, 526, 527, 528, 529, 530, 531, 532, 533, 567], '5_3': [305, 306, 307, 308, 309, 310, 311, 312, 313, 314], '4_3': [432, 433, 434, 435, 436, 437, 438, 439, 440, 441, 442, 443, 444, 445, 446, 447, 448, 449, 450, 451, 452, 453, 454, 455, 456, 457, 458, 459, 460, 461, 462, 463, 464, 465, 466, 467, 468, 469, 470, 471, 472, 473, 474, 475, 476, 477, 478, 479, 480, 481, 482, 483, 484, 485, 486, 487, 488, 489, 490, 491], '3_3': [534, 535, 536, 537, 538, 539, 540, 541, 542, 543, 544, 545, 546, 547, 548, 549, 550, 551, 552, 553, 554, 555, 556, 557, 558, 559, 560, 561, 562, 563, 564, 565, 566, 568, 569, 570, 571, 572, 573, 574, 575, 576, 577, 578, 579, 580, 581, 582, 583, 584, 585, 586, 587, 588, 589, 590, 591, 592, 593, 594, 595, 596, 597, 598, 599]}
FP rate  0.04785 FN rate  0.05
 Before reassigning cells 
 Timepoint  2
 Cluster  1  # of cells  29
 Cluster  0  # of cells  36
 Cluster  6  # of cells  11
 Cluster  2  # of cells  24
 Timepoint  3
 Cluster  1  # of cells  119
 Cluster  0  # of cells  204
 Cluster  2  # of cells  44
 Cluster  5  # of cells  10
 Cluster  4  # of cells  59
 Cluster  3  # of cells  64
 Cells absent at timepoint  2   set()
 Cells absent at timepoint  3   set()
 Timepoint  2
 Timepoint  3
 After reassigning and merging cells 
 Timepoint  2
 Cluster  1  # of cells  29
 Cluster  0  # of cells  36
 Cluster  6  # of cells  11
 Cluster  2  # of cells  24
 Timepoint  3
 Cluster  1  # of cells  119
 Cluster  0  # of cells  204
 Cluster  2  # of cells  44
 Cluster  5  # of cells  10
 Cluster  4  # of cells  59
 Cluster  3  # of cells  64
 Tp cluster cell dict  {'1_2': 29, '0_2': 36, '6_2': 11, '2_2': 24, '1_3': 119, '0_3': 204, '2_3': 44, '5_3': 10, '4_3': 59, '3_3': 64}
 New Graph is here 
 ID  0  Timepoint  1  Mutations  []  Type  subclone
 ID  1  Timepoint  2  Mutations  [0, 1, 2]  Type  subclone
 ID  2  Timepoint  2  Mutations  [0, 1, 2, 8, 9, 10, 11, 12, 13, 14, 15, 16, 17, 18, 19, 20]  Type  subclone
 ID  3  Timepoint  2  Mutations  [3, 4, 5, 6, 7, 21, 22, 23, 24, 25]  Type  subclone
 ID  4  Timepoint  2  Mutations  [3, 4, 5, 6, 7, 26, 27, 28, 29, 30, 31, 32, 33, 34, 35]  Type  subclone
 ID  5  Timepoint  3  Mutations  [0, 1, 2]  Type  subclone
 ID  6  Timepoint  3  Mutations  [0, 1, 2, 8, 9, 10, 11, 12, 13, 14, 15, 16, 17, 18, 19, 20]  Type  subclone
 ID  7  Timepoint  3  Mutations  [3, 4, 5, 6, 7, 26, 27, 28, 29, 30, 31, 32, 33, 34, 35]  Type  subclone
 ID  8  Timepoint  3  Mutations  [0, 1, 2, 8, 9, 10, 11, 12, 13, 14, 15, 16, 17, 18, 19, 20, 36, 37, 38, 39, 40, 41, 42, 43, 44, 45, 46, 47]  Type  subclone
 ID  9  Timepoint  3  Mutations  [0, 1, 2, 48, 49, 50, 51, 52, 53, 54, 55]  Type  subclone
 ID  10  Timepoint  3  Mutations  [3, 4, 5, 6, 7, 26, 27, 28, 29, 30, 31, 32, 33, 34, 35, 56, 57, 58, 59, 60, 61, 62, 63, 64, 65]  Type  subclone
Timepoints  SortedDict({1: [0], 2: [1, 2, 3, 4], 3: [5, 6, 7, 8, 9, 10]})
 Clone to nodes  {'1_2': 1, '0_2': 2, '6_2': 3, '2_2': 4, '1_3': 5, '0_3': 6, '2_3': 7, '5_3': 8, '4_3': 9, '3_3': 10}
 Timepoint ====  1
 Hash table  {'0,1': [0, 1, 2], '1': [8, 9, 10, 11, 12, 13, 14, 15, 16, 17, 18, 19, 20], '2,3': [3, 4, 5, 6, 7], '2': [21, 22, 23, 24, 25], '3': [26, 27, 28, 29, 30, 31, 32, 33, 34, 35]}
 Final possible usc  [[0, 1, 2], [8, 9, 10, 11, 12, 13, 14, 15, 16, 17, 18, 19, 20], [3, 4, 5, 6, 7], [21, 22, 23, 24, 25], [26, 27, 28, 29, 30, 31, 32, 33, 34, 35]]
 Time  1  USC keys  {'0,1,2_0', '3,4,5,6,7_0', '26,27,28,29,30,31,32,33,34,35_0', '21,22,23,24,25_0', '8,9,10,11,12,13,14,15,16,17,18,19,20_0'}
 USC children  {'0,1,2_0': [1, 2], '8,9,10,11,12,13,14,15,16,17,18,19,20_0': [2], '3,4,5,6,7_0': [3, 4], '21,22,23,24,25_0': [3], '26,27,28,29,30,31,32,33,34,35_0': [4]}
 USC children  {'0,1,2_0': [1, 2], '8,9,10,11,12,13,14,15,16,17,18,19,20_0': [2], '3,4,5,6,7_0': [3, 4], '21,22,23,24,25_0': [3], '26,27,28,29,30,31,32,33,34,35_0': [4]}
 Timepoint ====  2
 Hash table  {'0,1': [0, 1, 2], '0': [8, 9, 10, 11, 12, 13, 14, 15, 16, 17, 18, 19, 20, 36, 37, 38, 39, 40, 41, 42, 43, 44, 45, 46, 47], '1': [48, 49, 50, 51, 52, 53, 54, 55], '2': [3, 4, 5, 6, 7, 26, 27, 28, 29, 30, 31, 32, 33, 34, 35, 56, 57, 58, 59, 60, 61, 62, 63, 64, 65]}
====== Inside find superset of t nodes ==========
 Final possible usc  [[3, 4, 5, 6, 7, 26, 27, 28, 29, 30, 31, 32, 33, 34, 35, 56, 57, 58, 59, 60, 61, 62, 63, 64, 65]]
 Time  2  USC keys  {'3,4,5,6,7,26,27,28,29,30,31,32,33,34,35,56,57,58,59,60,61,62,63,64,65_4'}
 USC children  {'0,1,2_0': [1, 2], '8,9,10,11,12,13,14,15,16,17,18,19,20_0': [2], '3,4,5,6,7_0': [3, 4], '21,22,23,24,25_0': [3], '26,27,28,29,30,31,32,33,34,35_0': [4], '3,4,5,6,7,26,27,28,29,30,31,32,33,34,35,56,57,58,59,60,61,62,63,64,65_4': [10]}
 USC children  {'0,1,2_0': [1, 2], '8,9,10,11,12,13,14,15,16,17,18,19,20_0': [2], '3,4,5,6,7_0': [3, 4], '21,22,23,24,25_0': [3], '26,27,28,29,30,31,32,33,34,35_0': [4], '3,4,5,6,7,26,27,28,29,30,31,32,33,34,35,56,57,58,59,60,61,62,63,64,65_4': [10]}
 Node s  {'1,2': ['0', '1', '2'], '3,4': ['3', '4', '5', '6', '7'], '10': ['3', '4', '5', '6', '7', '26', '27', '28', '29', '30', '31', '32', '33', '34', '35', '56', '57', '58', '59', '60', '61', '62', '63', '64', '65']}
 Enroll USC nodes  ['1', '2']  len  2
 Enroll USC nodes  ['3', '4']  len  2
 Enroll USC nodes  ['10']  len  1
 Node TP  SortedDict({1: [0], 2: [1, 2, 3, 4], 3: [5, 6, 7, 8, 9, 10]})
 Unobserved subclones at timepoints  {1.5: [11, 12]}
 ============== Inside finding node v ============ 
 Time  2
 Time  3
 largest_v_mut  [[0, 1, 2, 8, 9, 10, 11, 12, 13, 14, 15, 16, 17, 18, 19, 20]]
 largest_v_mut  [[0, 1, 2]]
 largest_v_mut  [[32, 33, 34, 3, 4, 5, 6, 7, 35, 26, 27, 28, 29, 30, 31]]
 Sorted all timepoints  [1, 1.5, 2, 3]
 Timepoint  2
 Inside usc_node check  2
 Timepoint  3
0   1   [-1]   subclone   []   []
1   2   [11]   subclone   [0, 1, 2]   [0]
2   2   [11]   subclone   [0, 1, 2, 8, 9, 10, 11, 12, 13, 14, 15, 16, 17, 18, 19, 20]   [13]
3   2   [12]   subclone   [3, 4, 5, 6, 7, 21, 22, 23, 24, 25]   [5]
4   2   [12]   subclone   [3, 4, 5, 6, 7, 26, 27, 28, 29, 30, 31, 32, 33, 34, 35]   [10]
5   3   [1]   subclone   [0, 1, 2]   [0]
6   3   [2]   subclone   [0, 1, 2, 8, 9, 10, 11, 12, 13, 14, 15, 16, 17, 18, 19, 20]   [0]
7   3   [4]   subclone   [3, 4, 5, 6, 7, 26, 27, 28, 29, 30, 31, 32, 33, 34, 35]   [0]
8   3   [2]   subclone   [0, 1, 2, 8, 9, 10, 11, 12, 13, 14, 15, 16, 17, 18, 19, 20, 36, 37, 38, 39, 40, 41, 42, 43, 44, 45, 46, 47]   [12]
9   3   [1]   subclone   [0, 1, 2, 48, 49, 50, 51, 52, 53, 54, 55]   [8]
10   3   [4]   subclone   [3, 4, 5, 6, 7, 26, 27, 28, 29, 30, 31, 32, 33, 34, 35, 56, 57, 58, 59, 60, 61, 62, 63, 64, 65]   [10]
11   1.5   [0]   unobserved subclone   [0, 1, 2]   [3]
12   1.5   [0]   unobserved subclone   [3, 4, 5, 6, 7]   [5]
7
 Total estimated FP  255  True negatives  25088
 Total estimated FN  1263  True positives  5074
 Estimated FP rate  0.04785
 Estimated FN rate  0.05
 No. of Cells in each cluster  {'1_2': 29, '1_3': 117, '0_2': 36, '0_3': 205, '6_2': 11, '2_2': 24, '2_3': 43, '5_3': 10, '3_3': 60, '4_3': 65}
 Cells in each cluster  {'1_2': [0, 1, 2, 3, 4, 5, 6, 7, 8, 9, 10, 11, 12, 13, 14, 15, 16, 17, 18, 19, 20, 21, 22, 23, 24, 25, 26, 27, 28], '1_3': [315, 316, 317, 318, 319, 320, 321, 322, 323, 324, 325, 326, 327, 328, 329, 330, 331, 332, 333, 334, 335, 336, 337, 338, 339, 340, 341, 342, 343, 344, 345, 346, 347, 348, 349, 350, 351, 352, 353, 354, 355, 356, 357, 358, 359, 360, 361, 362, 363, 364, 365, 366, 367, 368, 369, 370, 371, 372, 373, 374, 375, 376, 377, 378, 379, 380, 381, 382, 383, 384, 385, 386, 387, 388, 389, 390, 391, 392, 393, 394, 395, 396, 397, 398, 399, 400, 401, 402, 403, 404, 405, 406, 407, 408, 409, 410, 411, 412, 413, 414, 415, 416, 417, 418, 419, 420, 421, 422, 423, 424, 425, 426, 427, 428, 429, 430, 431], '0_2': [29, 30, 31, 32, 33, 34, 35, 36, 37, 38, 39, 40, 41, 42, 43, 44, 45, 46, 47, 48, 49, 50, 51, 52, 53, 54, 55, 56, 57, 58, 59, 60, 61, 62, 63, 64], '0_3': [100, 101, 102, 103, 104, 105, 106, 107, 108, 109, 110, 111, 112, 113, 114, 115, 116, 117, 118, 119, 120, 121, 122, 123, 124, 125, 126, 127, 128, 129, 130, 131, 132, 133, 134, 135, 136, 137, 138, 139, 140, 141, 142, 143, 144, 145, 146, 147, 148, 149, 150, 151, 152, 153, 154, 155, 156, 157, 158, 159, 160, 161, 162, 163, 164, 165, 166, 167, 168, 169, 170, 171, 172, 173, 174, 175, 176, 177, 178, 179, 180, 181, 182, 183, 184, 185, 186, 187, 188, 189, 190, 191, 192, 193, 194, 195, 196, 197, 198, 199, 200, 201, 202, 203, 204, 205, 206, 207, 208, 209, 210, 211, 212, 213, 214, 215, 216, 217, 218, 219, 220, 221, 222, 223, 224, 225, 226, 227, 228, 229, 230, 231, 232, 233, 234, 235, 236, 237, 238, 239, 240, 241, 242, 243, 244, 245, 246, 247, 248, 249, 250, 251, 252, 253, 254, 255, 256, 257, 258, 259, 260, 261, 262, 263, 264, 265, 266, 267, 268, 269, 270, 271, 272, 273, 274, 275, 276, 277, 278, 279, 280, 281, 282, 283, 284, 285, 286, 287, 288, 289, 290, 291, 292, 293, 294, 295, 296, 297, 298, 299, 300, 301, 302, 303, 304], '6_2': [65, 66, 67, 68, 69, 70, 71, 72, 73, 74, 75], '2_2': [76, 77, 78, 79, 80, 81, 82, 83, 84, 85, 86, 87, 88, 89, 90, 91, 92, 93, 94, 95, 96, 97, 98, 99], '2_3': [492, 493, 494, 495, 496, 497, 498, 499, 500, 501, 502, 503, 504, 505, 506, 507, 508, 509, 510, 511, 512, 513, 514, 515, 516, 517, 518, 519, 520, 521, 522, 523, 524, 525, 526, 527, 528, 529, 530, 531, 532, 533, 567], '5_3': [305, 306, 307, 308, 309, 310, 311, 312, 313, 314], '3_3': [432, 433, 434, 435, 436, 437, 438, 439, 440, 441, 442, 443, 444, 445, 446, 447, 448, 449, 450, 451, 452, 453, 454, 455, 456, 457, 458, 459, 460, 461, 462, 463, 464, 465, 466, 467, 468, 469, 470, 471, 472, 473, 474, 475, 476, 477, 478, 479, 480, 481, 482, 483, 484, 485, 486, 487, 488, 489, 490, 491], '4_3': [534, 535, 536, 537, 538, 539, 540, 541, 542, 543, 544, 545, 546, 547, 548, 549, 550, 551, 552, 553, 554, 555, 556, 557, 558, 559, 560, 561, 562, 563, 564, 565, 566, 568, 569, 570, 571, 572, 573, 574, 575, 576, 577, 578, 579, 580, 581, 582, 583, 584, 585, 586, 587, 588, 589, 590, 591, 592, 593, 594, 595, 596, 597, 598, 599]}
FP rate  0.04785 FN rate  0.05
 Before reassigning cells 
 Timepoint  2
 Cluster  1  # of cells  29
 Cluster  0  # of cells  36
 Cluster  6  # of cells  11
 Cluster  2  # of cells  24
 Timepoint  3
 Cluster  1  # of cells  119
 Cluster  0  # of cells  204
 Cluster  2  # of cells  44
 Cluster  5  # of cells  10
 Cluster  3  # of cells  59
 Cluster  4  # of cells  64
 Cells absent at timepoint  2   set()
 Cells absent at timepoint  3   set()
 Timepoint  2
 Timepoint  3
 After reassigning and merging cells 
 Timepoint  2
 Cluster  1  # of cells  29
 Cluster  0  # of cells  36
 Cluster  6  # of cells  11
 Cluster  2  # of cells  24
 Timepoint  3
 Cluster  1  # of cells  119
 Cluster  0  # of cells  204
 Cluster  2  # of cells  44
 Cluster  5  # of cells  10
 Cluster  3  # of cells  59
 Cluster  4  # of cells  64
 Tp cluster cell dict  {'1_2': 29, '0_2': 36, '6_2': 11, '2_2': 24, '1_3': 119, '0_3': 204, '2_3': 44, '5_3': 10, '3_3': 59, '4_3': 64}
 New Graph is here 
 ID  0  Timepoint  1  Mutations  []  Type  subclone
 ID  1  Timepoint  2  Mutations  [0, 1, 2]  Type  subclone
 ID  2  Timepoint  2  Mutations  [0, 1, 2, 8, 9, 10, 11, 12, 13, 14, 15, 16, 17, 18, 19, 20]  Type  subclone
 ID  3  Timepoint  2  Mutations  [3, 4, 5, 6, 7, 21, 22, 23, 24, 25]  Type  subclone
 ID  4  Timepoint  2  Mutations  [3, 4, 5, 6, 7, 26, 27, 28, 29, 30, 31, 32, 33, 34, 35]  Type  subclone
 ID  5  Timepoint  3  Mutations  [0, 1, 2]  Type  subclone
 ID  6  Timepoint  3  Mutations  [0, 1, 2, 8, 9, 10, 11, 12, 13, 14, 15, 16, 17, 18, 19, 20]  Type  subclone
 ID  7  Timepoint  3  Mutations  [3, 4, 5, 6, 7, 26, 27, 28, 29, 30, 31, 32, 33, 34, 35]  Type  subclone
 ID  8  Timepoint  3  Mutations  [0, 1, 2, 8, 9, 10, 11, 12, 13, 14, 15, 16, 17, 18, 19, 20, 36, 37, 38, 39, 40, 41, 42, 43, 44, 45, 46, 47]  Type  subclone
 ID  9  Timepoint  3  Mutations  [0, 1, 2, 48, 49, 50, 51, 52, 53, 54, 55]  Type  subclone
 ID  10  Timepoint  3  Mutations  [3, 4, 5, 6, 7, 26, 27, 28, 29, 30, 31, 32, 33, 34, 35, 56, 57, 58, 59, 60, 61, 62, 63, 64, 65]  Type  subclone
Timepoints  SortedDict({1: [0], 2: [1, 2, 3, 4], 3: [5, 6, 7, 8, 9, 10]})
 Clone to nodes  {'1_2': 1, '0_2': 2, '6_2': 3, '2_2': 4, '1_3': 5, '0_3': 6, '2_3': 7, '5_3': 8, '3_3': 9, '4_3': 10}
 Timepoint ====  1
 Hash table  {'0,1': [0, 1, 2], '1': [8, 9, 10, 11, 12, 13, 14, 15, 16, 17, 18, 19, 20], '2,3': [3, 4, 5, 6, 7], '2': [21, 22, 23, 24, 25], '3': [26, 27, 28, 29, 30, 31, 32, 33, 34, 35]}
 Final possible usc  [[0, 1, 2], [8, 9, 10, 11, 12, 13, 14, 15, 16, 17, 18, 19, 20], [3, 4, 5, 6, 7], [21, 22, 23, 24, 25], [26, 27, 28, 29, 30, 31, 32, 33, 34, 35]]
 Time  1  USC keys  {'0,1,2_0', '21,22,23,24,25_0', '8,9,10,11,12,13,14,15,16,17,18,19,20_0', '26,27,28,29,30,31,32,33,34,35_0', '3,4,5,6,7_0'}
 USC children  {'0,1,2_0': [1, 2], '8,9,10,11,12,13,14,15,16,17,18,19,20_0': [2], '3,4,5,6,7_0': [3, 4], '21,22,23,24,25_0': [3], '26,27,28,29,30,31,32,33,34,35_0': [4]}
 USC children  {'0,1,2_0': [1, 2], '8,9,10,11,12,13,14,15,16,17,18,19,20_0': [2], '3,4,5,6,7_0': [3, 4], '21,22,23,24,25_0': [3], '26,27,28,29,30,31,32,33,34,35_0': [4]}
 Timepoint ====  2
 Hash table  {'0,1': [0, 1, 2], '0': [8, 9, 10, 11, 12, 13, 14, 15, 16, 17, 18, 19, 20, 36, 37, 38, 39, 40, 41, 42, 43, 44, 45, 46, 47], '1': [48, 49, 50, 51, 52, 53, 54, 55], '2': [3, 4, 5, 6, 7, 26, 27, 28, 29, 30, 31, 32, 33, 34, 35, 56, 57, 58, 59, 60, 61, 62, 63, 64, 65]}
====== Inside find superset of t nodes ==========
 Final possible usc  [[3, 4, 5, 6, 7, 26, 27, 28, 29, 30, 31, 32, 33, 34, 35, 56, 57, 58, 59, 60, 61, 62, 63, 64, 65]]
 Time  2  USC keys  {'3,4,5,6,7,26,27,28,29,30,31,32,33,34,35,56,57,58,59,60,61,62,63,64,65_4'}
 USC children  {'0,1,2_0': [1, 2], '8,9,10,11,12,13,14,15,16,17,18,19,20_0': [2], '3,4,5,6,7_0': [3, 4], '21,22,23,24,25_0': [3], '26,27,28,29,30,31,32,33,34,35_0': [4], '3,4,5,6,7,26,27,28,29,30,31,32,33,34,35,56,57,58,59,60,61,62,63,64,65_4': [10]}
 USC children  {'0,1,2_0': [1, 2], '8,9,10,11,12,13,14,15,16,17,18,19,20_0': [2], '3,4,5,6,7_0': [3, 4], '21,22,23,24,25_0': [3], '26,27,28,29,30,31,32,33,34,35_0': [4], '3,4,5,6,7,26,27,28,29,30,31,32,33,34,35,56,57,58,59,60,61,62,63,64,65_4': [10]}
 Node s  {'1,2': ['0', '1', '2'], '3,4': ['3', '4', '5', '6', '7'], '10': ['3', '4', '5', '6', '7', '26', '27', '28', '29', '30', '31', '32', '33', '34', '35', '56', '57', '58', '59', '60', '61', '62', '63', '64', '65']}
 Enroll USC nodes  ['1', '2']  len  2
 Enroll USC nodes  ['3', '4']  len  2
 Enroll USC nodes  ['10']  len  1
 Node TP  SortedDict({1: [0], 2: [1, 2, 3, 4], 3: [5, 6, 7, 8, 9, 10]})
 Unobserved subclones at timepoints  {1.5: [11, 12]}
 ============== Inside finding node v ============ 
 Time  2
 Time  3
 largest_v_mut  [[0, 1, 2, 8, 9, 10, 11, 12, 13, 14, 15, 16, 17, 18, 19, 20]]
 largest_v_mut  [[0, 1, 2]]
 largest_v_mut  [[32, 33, 34, 3, 4, 5, 6, 7, 35, 26, 27, 28, 29, 30, 31]]
 Sorted all timepoints  [1, 1.5, 2, 3]
 Timepoint  2
 Inside usc_node check  2
 Timepoint  3
0   1   [-1]   subclone   []   []
1   2   [11]   subclone   [0, 1, 2]   [0]
2   2   [11]   subclone   [0, 1, 2, 8, 9, 10, 11, 12, 13, 14, 15, 16, 17, 18, 19, 20]   [13]
3   2   [12]   subclone   [3, 4, 5, 6, 7, 21, 22, 23, 24, 25]   [5]
4   2   [12]   subclone   [3, 4, 5, 6, 7, 26, 27, 28, 29, 30, 31, 32, 33, 34, 35]   [10]
5   3   [1]   subclone   [0, 1, 2]   [0]
6   3   [2]   subclone   [0, 1, 2, 8, 9, 10, 11, 12, 13, 14, 15, 16, 17, 18, 19, 20]   [0]
7   3   [4]   subclone   [3, 4, 5, 6, 7, 26, 27, 28, 29, 30, 31, 32, 33, 34, 35]   [0]
8   3   [2]   subclone   [0, 1, 2, 8, 9, 10, 11, 12, 13, 14, 15, 16, 17, 18, 19, 20, 36, 37, 38, 39, 40, 41, 42, 43, 44, 45, 46, 47]   [12]
9   3   [1]   subclone   [0, 1, 2, 48, 49, 50, 51, 52, 53, 54, 55]   [8]
10   3   [4]   subclone   [3, 4, 5, 6, 7, 26, 27, 28, 29, 30, 31, 32, 33, 34, 35, 56, 57, 58, 59, 60, 61, 62, 63, 64, 65]   [10]
11   1.5   [0]   unobserved subclone   [0, 1, 2]   [3]
12   1.5   [0]   unobserved subclone   [3, 4, 5, 6, 7]   [5]
7
 Total estimated FP  255  True negatives  25088
 Total estimated FN  1263  True positives  5074
 Estimated FP rate  0.04785
 Estimated FN rate  0.05
 No. of Cells in each cluster  {'1_2': 29, '1_3': 117, '0_2': 36, '0_3': 205, '6_2': 11, '2_2': 24, '2_3': 43, '5_3': 10, '4_3': 60, '3_3': 65}
 Cells in each cluster  {'1_2': [0, 1, 2, 3, 4, 5, 6, 7, 8, 9, 10, 11, 12, 13, 14, 15, 16, 17, 18, 19, 20, 21, 22, 23, 24, 25, 26, 27, 28], '1_3': [315, 316, 317, 318, 319, 320, 321, 322, 323, 324, 325, 326, 327, 328, 329, 330, 331, 332, 333, 334, 335, 336, 337, 338, 339, 340, 341, 342, 343, 344, 345, 346, 347, 348, 349, 350, 351, 352, 353, 354, 355, 356, 357, 358, 359, 360, 361, 362, 363, 364, 365, 366, 367, 368, 369, 370, 371, 372, 373, 374, 375, 376, 377, 378, 379, 380, 381, 382, 383, 384, 385, 386, 387, 388, 389, 390, 391, 392, 393, 394, 395, 396, 397, 398, 399, 400, 401, 402, 403, 404, 405, 406, 407, 408, 409, 410, 411, 412, 413, 414, 415, 416, 417, 418, 419, 420, 421, 422, 423, 424, 425, 426, 427, 428, 429, 430, 431], '0_2': [29, 30, 31, 32, 33, 34, 35, 36, 37, 38, 39, 40, 41, 42, 43, 44, 45, 46, 47, 48, 49, 50, 51, 52, 53, 54, 55, 56, 57, 58, 59, 60, 61, 62, 63, 64], '0_3': [100, 101, 102, 103, 104, 105, 106, 107, 108, 109, 110, 111, 112, 113, 114, 115, 116, 117, 118, 119, 120, 121, 122, 123, 124, 125, 126, 127, 128, 129, 130, 131, 132, 133, 134, 135, 136, 137, 138, 139, 140, 141, 142, 143, 144, 145, 146, 147, 148, 149, 150, 151, 152, 153, 154, 155, 156, 157, 158, 159, 160, 161, 162, 163, 164, 165, 166, 167, 168, 169, 170, 171, 172, 173, 174, 175, 176, 177, 178, 179, 180, 181, 182, 183, 184, 185, 186, 187, 188, 189, 190, 191, 192, 193, 194, 195, 196, 197, 198, 199, 200, 201, 202, 203, 204, 205, 206, 207, 208, 209, 210, 211, 212, 213, 214, 215, 216, 217, 218, 219, 220, 221, 222, 223, 224, 225, 226, 227, 228, 229, 230, 231, 232, 233, 234, 235, 236, 237, 238, 239, 240, 241, 242, 243, 244, 245, 246, 247, 248, 249, 250, 251, 252, 253, 254, 255, 256, 257, 258, 259, 260, 261, 262, 263, 264, 265, 266, 267, 268, 269, 270, 271, 272, 273, 274, 275, 276, 277, 278, 279, 280, 281, 282, 283, 284, 285, 286, 287, 288, 289, 290, 291, 292, 293, 294, 295, 296, 297, 298, 299, 300, 301, 302, 303, 304], '6_2': [65, 66, 67, 68, 69, 70, 71, 72, 73, 74, 75], '2_2': [76, 77, 78, 79, 80, 81, 82, 83, 84, 85, 86, 87, 88, 89, 90, 91, 92, 93, 94, 95, 96, 97, 98, 99], '2_3': [492, 493, 494, 495, 496, 497, 498, 499, 500, 501, 502, 503, 504, 505, 506, 507, 508, 509, 510, 511, 512, 513, 514, 515, 516, 517, 518, 519, 520, 521, 522, 523, 524, 525, 526, 527, 528, 529, 530, 531, 532, 533, 567], '5_3': [305, 306, 307, 308, 309, 310, 311, 312, 313, 314], '4_3': [432, 433, 434, 435, 436, 437, 438, 439, 440, 441, 442, 443, 444, 445, 446, 447, 448, 449, 450, 451, 452, 453, 454, 455, 456, 457, 458, 459, 460, 461, 462, 463, 464, 465, 466, 467, 468, 469, 470, 471, 472, 473, 474, 475, 476, 477, 478, 479, 480, 481, 482, 483, 484, 485, 486, 487, 488, 489, 490, 491], '3_3': [534, 535, 536, 537, 538, 539, 540, 541, 542, 543, 544, 545, 546, 547, 548, 549, 550, 551, 552, 553, 554, 555, 556, 557, 558, 559, 560, 561, 562, 563, 564, 565, 566, 568, 569, 570, 571, 572, 573, 574, 575, 576, 577, 578, 579, 580, 581, 582, 583, 584, 585, 586, 587, 588, 589, 590, 591, 592, 593, 594, 595, 596, 597, 598, 599]}
FP rate  0.04785 FN rate  0.05
 Before reassigning cells 
 Timepoint  2
 Cluster  1  # of cells  29
 Cluster  0  # of cells  36
 Cluster  6  # of cells  11
 Cluster  2  # of cells  24
 Timepoint  3
 Cluster  1  # of cells  119
 Cluster  0  # of cells  204
 Cluster  2  # of cells  44
 Cluster  5  # of cells  10
 Cluster  4  # of cells  59
 Cluster  3  # of cells  64
 Cells absent at timepoint  3   set()
 Cells absent at timepoint  2   set()
 Timepoint  2
 Timepoint  3
 After reassigning and merging cells 
 Timepoint  2
 Cluster  1  # of cells  29
 Cluster  0  # of cells  36
 Cluster  6  # of cells  11
 Cluster  2  # of cells  24
 Timepoint  3
 Cluster  1  # of cells  119
 Cluster  0  # of cells  204
 Cluster  2  # of cells  44
 Cluster  5  # of cells  10
 Cluster  4  # of cells  59
 Cluster  3  # of cells  64
 Tp cluster cell dict  {'1_2': 29, '0_2': 36, '6_2': 11, '2_2': 24, '1_3': 119, '0_3': 204, '2_3': 44, '5_3': 10, '4_3': 59, '3_3': 64}
 New Graph is here 
 ID  0  Timepoint  1  Mutations  []  Type  subclone
 ID  1  Timepoint  2  Mutations  [0, 1, 2]  Type  subclone
 ID  2  Timepoint  2  Mutations  [0, 1, 2, 8, 9, 10, 11, 12, 13, 14, 15, 16, 17, 18, 19, 20]  Type  subclone
 ID  3  Timepoint  2  Mutations  [3, 4, 5, 6, 7, 21, 22, 23, 24, 25]  Type  subclone
 ID  4  Timepoint  2  Mutations  [3, 4, 5, 6, 7, 26, 27, 28, 29, 30, 31, 32, 33, 34, 35]  Type  subclone
 ID  5  Timepoint  3  Mutations  [0, 1, 2]  Type  subclone
 ID  6  Timepoint  3  Mutations  [0, 1, 2, 8, 9, 10, 11, 12, 13, 14, 15, 16, 17, 18, 19, 20]  Type  subclone
 ID  7  Timepoint  3  Mutations  [3, 4, 5, 6, 7, 26, 27, 28, 29, 30, 31, 32, 33, 34, 35]  Type  subclone
 ID  8  Timepoint  3  Mutations  [0, 1, 2, 8, 9, 10, 11, 12, 13, 14, 15, 16, 17, 18, 19, 20, 36, 37, 38, 39, 40, 41, 42, 43, 44, 45, 46, 47]  Type  subclone
 ID  9  Timepoint  3  Mutations  [0, 1, 2, 48, 49, 50, 51, 52, 53, 54, 55]  Type  subclone
 ID  10  Timepoint  3  Mutations  [3, 4, 5, 6, 7, 26, 27, 28, 29, 30, 31, 32, 33, 34, 35, 56, 57, 58, 59, 60, 61, 62, 63, 64, 65]  Type  subclone
Timepoints  SortedDict({1: [0], 2: [1, 2, 3, 4], 3: [5, 6, 7, 8, 9, 10]})
 Clone to nodes  {'1_2': 1, '0_2': 2, '6_2': 3, '2_2': 4, '1_3': 5, '0_3': 6, '2_3': 7, '5_3': 8, '4_3': 9, '3_3': 10}
 Timepoint ====  1
 Hash table  {'0,1': [0, 1, 2], '1': [8, 9, 10, 11, 12, 13, 14, 15, 16, 17, 18, 19, 20], '2,3': [3, 4, 5, 6, 7], '2': [21, 22, 23, 24, 25], '3': [26, 27, 28, 29, 30, 31, 32, 33, 34, 35]}
 Final possible usc  [[0, 1, 2], [8, 9, 10, 11, 12, 13, 14, 15, 16, 17, 18, 19, 20], [3, 4, 5, 6, 7], [21, 22, 23, 24, 25], [26, 27, 28, 29, 30, 31, 32, 33, 34, 35]]
 Time  1  USC keys  {'21,22,23,24,25_0', '0,1,2_0', '3,4,5,6,7_0', '26,27,28,29,30,31,32,33,34,35_0', '8,9,10,11,12,13,14,15,16,17,18,19,20_0'}
 USC children  {'0,1,2_0': [1, 2], '8,9,10,11,12,13,14,15,16,17,18,19,20_0': [2], '3,4,5,6,7_0': [3, 4], '21,22,23,24,25_0': [3], '26,27,28,29,30,31,32,33,34,35_0': [4]}
 USC children  {'0,1,2_0': [1, 2], '8,9,10,11,12,13,14,15,16,17,18,19,20_0': [2], '3,4,5,6,7_0': [3, 4], '21,22,23,24,25_0': [3], '26,27,28,29,30,31,32,33,34,35_0': [4]}
 Timepoint ====  2
 Hash table  {'0,1': [0, 1, 2], '0': [8, 9, 10, 11, 12, 13, 14, 15, 16, 17, 18, 19, 20, 36, 37, 38, 39, 40, 41, 42, 43, 44, 45, 46, 47], '1': [48, 49, 50, 51, 52, 53, 54, 55], '2': [3, 4, 5, 6, 7, 26, 27, 28, 29, 30, 31, 32, 33, 34, 35, 56, 57, 58, 59, 60, 61, 62, 63, 64, 65]}
====== Inside find superset of t nodes ==========
 Final possible usc  [[3, 4, 5, 6, 7, 26, 27, 28, 29, 30, 31, 32, 33, 34, 35, 56, 57, 58, 59, 60, 61, 62, 63, 64, 65]]
 Time  2  USC keys  {'3,4,5,6,7,26,27,28,29,30,31,32,33,34,35,56,57,58,59,60,61,62,63,64,65_4'}
 USC children  {'0,1,2_0': [1, 2], '8,9,10,11,12,13,14,15,16,17,18,19,20_0': [2], '3,4,5,6,7_0': [3, 4], '21,22,23,24,25_0': [3], '26,27,28,29,30,31,32,33,34,35_0': [4], '3,4,5,6,7,26,27,28,29,30,31,32,33,34,35,56,57,58,59,60,61,62,63,64,65_4': [10]}
 USC children  {'0,1,2_0': [1, 2], '8,9,10,11,12,13,14,15,16,17,18,19,20_0': [2], '3,4,5,6,7_0': [3, 4], '21,22,23,24,25_0': [3], '26,27,28,29,30,31,32,33,34,35_0': [4], '3,4,5,6,7,26,27,28,29,30,31,32,33,34,35,56,57,58,59,60,61,62,63,64,65_4': [10]}
 Node s  {'1,2': ['0', '1', '2'], '3,4': ['3', '4', '5', '6', '7'], '10': ['3', '4', '5', '6', '7', '26', '27', '28', '29', '30', '31', '32', '33', '34', '35', '56', '57', '58', '59', '60', '61', '62', '63', '64', '65']}
 Enroll USC nodes  ['1', '2']  len  2
 Enroll USC nodes  ['3', '4']  len  2
 Enroll USC nodes  ['10']  len  1
 Node TP  SortedDict({1: [0], 2: [1, 2, 3, 4], 3: [5, 6, 7, 8, 9, 10]})
 Unobserved subclones at timepoints  {1.5: [11, 12]}
 ============== Inside finding node v ============ 
 Time  2
 Time  3
 largest_v_mut  [[0, 1, 2, 8, 9, 10, 11, 12, 13, 14, 15, 16, 17, 18, 19, 20]]
 largest_v_mut  [[0, 1, 2]]
 largest_v_mut  [[32, 33, 34, 3, 4, 5, 6, 7, 35, 26, 27, 28, 29, 30, 31]]
 Sorted all timepoints  [1, 1.5, 2, 3]
 Timepoint  2
 Inside usc_node check  2
 Timepoint  3
0   1   [-1]   subclone   []   []
1   2   [11]   subclone   [0, 1, 2]   [0]
2   2   [11]   subclone   [0, 1, 2, 8, 9, 10, 11, 12, 13, 14, 15, 16, 17, 18, 19, 20]   [13]
3   2   [12]   subclone   [3, 4, 5, 6, 7, 21, 22, 23, 24, 25]   [5]
4   2   [12]   subclone   [3, 4, 5, 6, 7, 26, 27, 28, 29, 30, 31, 32, 33, 34, 35]   [10]
5   3   [1]   subclone   [0, 1, 2]   [0]
6   3   [2]   subclone   [0, 1, 2, 8, 9, 10, 11, 12, 13, 14, 15, 16, 17, 18, 19, 20]   [0]
7   3   [4]   subclone   [3, 4, 5, 6, 7, 26, 27, 28, 29, 30, 31, 32, 33, 34, 35]   [0]
8   3   [2]   subclone   [0, 1, 2, 8, 9, 10, 11, 12, 13, 14, 15, 16, 17, 18, 19, 20, 36, 37, 38, 39, 40, 41, 42, 43, 44, 45, 46, 47]   [12]
9   3   [1]   subclone   [0, 1, 2, 48, 49, 50, 51, 52, 53, 54, 55]   [8]
10   3   [4]   subclone   [3, 4, 5, 6, 7, 26, 27, 28, 29, 30, 31, 32, 33, 34, 35, 56, 57, 58, 59, 60, 61, 62, 63, 64, 65]   [10]
11   1.5   [0]   unobserved subclone   [0, 1, 2]   [3]
12   1.5   [0]   unobserved subclone   [3, 4, 5, 6, 7]   [5]
8
 Total estimated FP  252  True negatives  25092
 Total estimated FN  1259  True positives  5077
 Estimated FP rate  0.04729
 Estimated FN rate  0.05
 No. of Cells in each cluster  {'3_2': 29, '3_3': 117, '0_2': 35, '0_3': 203, '1_2': 1, '1_3': 2, '6_2': 11, '2_2': 24, '2_3': 43, '5_3': 10, '4_3': 60, '7_3': 65}
 Cells in each cluster  {'3_2': [0, 1, 2, 3, 4, 5, 6, 7, 8, 9, 10, 11, 12, 13, 14, 15, 16, 17, 18, 19, 20, 21, 22, 23, 24, 25, 26, 27, 28], '3_3': [315, 316, 317, 318, 319, 320, 321, 322, 323, 324, 325, 326, 327, 328, 329, 330, 331, 332, 333, 334, 335, 336, 337, 338, 339, 340, 341, 342, 343, 344, 345, 346, 347, 348, 349, 350, 351, 352, 353, 354, 355, 356, 357, 358, 359, 360, 361, 362, 363, 364, 365, 366, 367, 368, 369, 370, 371, 372, 373, 374, 375, 376, 377, 378, 379, 380, 381, 382, 383, 384, 385, 386, 387, 388, 389, 390, 391, 392, 393, 394, 395, 396, 397, 398, 399, 400, 401, 402, 403, 404, 405, 406, 407, 408, 409, 410, 411, 412, 413, 414, 415, 416, 417, 418, 419, 420, 421, 422, 423, 424, 425, 426, 427, 428, 429, 430, 431], '0_2': [29, 30, 31, 32, 33, 34, 35, 36, 37, 39, 40, 41, 42, 43, 44, 45, 46, 47, 48, 49, 50, 51, 52, 53, 54, 55, 56, 57, 58, 59, 60, 61, 62, 63, 64], '0_3': [100, 101, 102, 103, 104, 105, 106, 107, 108, 109, 110, 111, 112, 113, 114, 115, 116, 117, 118, 119, 120, 121, 122, 123, 124, 125, 126, 127, 128, 129, 130, 131, 132, 134, 135, 136, 137, 138, 139, 140, 141, 142, 143, 144, 145, 146, 147, 148, 149, 150, 151, 152, 153, 154, 155, 156, 157, 158, 159, 160, 161, 162, 163, 164, 165, 166, 167, 168, 169, 170, 171, 172, 173, 174, 175, 176, 177, 178, 179, 180, 181, 182, 183, 184, 185, 186, 187, 188, 189, 190, 191, 192, 193, 194, 195, 196, 197, 198, 199, 200, 201, 202, 203, 204, 205, 206, 207, 208, 209, 210, 211, 212, 213, 214, 215, 216, 217, 218, 219, 220, 221, 222, 223, 224, 225, 226, 227, 228, 229, 230, 231, 232, 233, 234, 235, 236, 237, 238, 239, 240, 241, 242, 243, 244, 245, 246, 247, 248, 249, 250, 251, 252, 253, 254, 255, 256, 257, 258, 259, 260, 261, 262, 263, 264, 265, 266, 267, 268, 269, 270, 271, 272, 273, 274, 275, 276, 277, 278, 279, 280, 281, 282, 283, 284, 285, 286, 287, 288, 289, 290, 291, 292, 293, 294, 295, 296, 297, 298, 299, 300, 301, 302, 303], '1_2': [38], '1_3': [133, 304], '6_2': [65, 66, 67, 68, 69, 70, 71, 72, 73, 74, 75], '2_2': [76, 77, 78, 79, 80, 81, 82, 83, 84, 85, 86, 87, 88, 89, 90, 91, 92, 93, 94, 95, 96, 97, 98, 99], '2_3': [492, 493, 494, 495, 496, 497, 498, 499, 500, 501, 502, 503, 504, 505, 506, 507, 508, 509, 510, 511, 512, 513, 514, 515, 516, 517, 518, 519, 520, 521, 522, 523, 524, 525, 526, 527, 528, 529, 530, 531, 532, 533, 567], '5_3': [305, 306, 307, 308, 309, 310, 311, 312, 313, 314], '4_3': [432, 433, 434, 435, 436, 437, 438, 439, 440, 441, 442, 443, 444, 445, 446, 447, 448, 449, 450, 451, 452, 453, 454, 455, 456, 457, 458, 459, 460, 461, 462, 463, 464, 465, 466, 467, 468, 469, 470, 471, 472, 473, 474, 475, 476, 477, 478, 479, 480, 481, 482, 483, 484, 485, 486, 487, 488, 489, 490, 491], '7_3': [534, 535, 536, 537, 538, 539, 540, 541, 542, 543, 544, 545, 546, 547, 548, 549, 550, 551, 552, 553, 554, 555, 556, 557, 558, 559, 560, 561, 562, 563, 564, 565, 566, 568, 569, 570, 571, 572, 573, 574, 575, 576, 577, 578, 579, 580, 581, 582, 583, 584, 585, 586, 587, 588, 589, 590, 591, 592, 593, 594, 595, 596, 597, 598, 599]}
FP rate  0.04729 FN rate  0.05
 Before reassigning cells 
 Timepoint  2
 Cluster  3  # of cells  29
 Cluster  0  # of cells  35
 Cluster  1  # of cells  1
 Cluster  6  # of cells  11
 Cluster  2  # of cells  24
 Timepoint  3
 Cluster  3  # of cells  119
 Cluster  0  # of cells  191
 Cluster  1  # of cells  6
 Cluster  2  # of cells  44
 Cluster  5  # of cells  10
 Cluster  4  # of cells  59
 Cluster  7  # of cells  64
 Cells absent at timepoint  2   set()
 Cells absent at timepoint  3   {200, 233, 143, 279, 280, 127, 255}
 Missing cell prob  {'5': 4.96820944759422e-21, '1': 5.971697635336258e-07, '4': 1.3134087464809414e-18, '2': 1.2957992505623395e-27, '3': 6.285563534906728e-11, '0': 5.971697635336255e-07, '7': 3.914003860030049e-39}
 Missing cell prob  {'5': 5.229694155362338e-21, '1': 1.7313814726633264e-09, '4': 7.255804613216605e-20, '2': 2.740112604276464e-26, '3': 6.616382668322874e-11, '0': 1.7313814726633253e-09, '7': 1.5770398043938373e-36}
 Missing cell prob  {'5': 1.3935167218350567e-18, '1': 2.4212405565995974e-08, '4': 5.050989458367563e-20, '2': 3.4011380581978282e-34, '3': 1.20327941576218e-13, '0': 2.4212405565995997e-08, '7': 1.0273248331100941e-45}
 Missing cell prob  {'5': 6.384216892282292e-21, '1': 4.027307836713592e-08, '4': 3.574583973002621e-17, '2': 3.390485816953999e-17, '3': 3.2595717092986213e-08, '0': 4.027307836713592e-08, '7': 1.9513545104768023e-27}
 Missing cell prob  {'5': 3.402307183143793e-17, '1': 0.0002146252016930391, '4': 6.823554303486291e-20, '2': 2.444161569885415e-26, '3': 6.222224665161185e-11, '0': 0.0002146252016930391, '7': 7.382669665009494e-38}
 Missing cell prob  {'5': 2.599992280059751e-22, '1': 4.284836373135436e-12, '4': 6.519413003021247e-20, '2': 2.335219742012542e-26, '3': 3.1199871898661634e-12, '0': 4.284836373135435e-12, '7': 4.879591172821949e-34}
 Missing cell prob  {'5': 6.530187564722913e-16, '1': 5.954711038584085e-07, '4': 4.75493105806746e-16, '2': 1.7715967538504802e-31, '3': 1.194257071632279e-09, '0': 5.954711038584085e-07, '7': 2.8083917050339593e-44}
 Timepoint  2
 Timepoint  3
SortedDict({2: {'3': ['0', '1', '2', '3', '4', '5', '6', '7', '8', '9', '10', '11', '12', '13', '14', '15', '16', '17', '18', '19', '20', '21', '22', '23', '24', '25', '26', '27', '28'], '0': ['29', '30', '31', '32', '33', '34', '35', '36', '37', '39', '40', '41', '42', '43', '44', '45', '46', '47', '48', '49', '50', '51', '52', '53', '54', '55', '56', '57', '58', '59', '60', '61', '62', '63', '64'], '1': ['38'], '6': ['65', '66', '67', '68', '69', '70', '71', '72', '73', '74', '75'], '2': ['76', '77', '78', '79', '80', '81', '82', '83', '84', '85', '86', '87', '88', '89', '90', '91', '92', '93', '94', '95', '96', '97', '98', '99']}, 3: {'3': ['283', '315', '316', '317', '318', '319', '320', '321', '322', '323', '324', '325', '326', '327', '328', '329', '330', '331', '332', '333', '334', '335', '336', '337', '338', '339', '340', '341', '342', '343', '344', '345', '346', '347', '348', '349', '350', '351', '352', '353', '354', '355', '356', '357', '358', '359', '360', '361', '362', '363', '364', '365', '366', '367', '368', '369', '370', '371', '372', '373', '374', '375', '376', '377', '378', '379', '380', '381', '382', '383', '384', '385', '386', '387', '388', '389', '390', '391', '392', '393', '394', '395', '396', '397', '398', '399', '400', '401', '402', '403', '404', '405', '406', '407', '408', '409', '410', '411', '412', '413', '414', '415', '416', '417', '418', '419', '420', '421', '422', '423', '424', '425', '426', '427', '428', '429', '430', '431', '487'], '0': ['100', '101', '102', '103', '104', '105', '106', '107', '108', '109', '110', '111', '112', '113', '114', '115', '116', '117', '118', '119', '120', '121', '122', '123', '124', '125', '126', '128', '129', '130', '131', '132', '134', '135', '136', '137', '138', '139', '140', '141', '142', '144', '145', '146', '147', '148', '149', '150', '151', '152', '153', '154', '155', '156', '157', '158', '159', '160', '161', '162', '163', '164', '165', '166', '167', '168', '169', '170', '171', '172', '173', '174', '175', '176', '177', '178', '179', '180', '181', '182', '183', '184', '185', '186', '187', '188', '189', '190', '191', '192', '193', '194', '195', '196', '197', '198', '199', '201', '202', '203', '205', '206', '207', '208', '209', '210', '211', '212', '213', '214', '215', '216', '217', '218', '219', '220', '221', '222', '223', '224', '225', '226', '227', '228', '229', '230', '231', '232', '234', '235', '236', '237', '238', '239', '240', '241', '242', '243', '244', '245', '247', '248', '249', '250', '251', '252', '253', '254', '256', '257', '258', '259', '260', '261', '262', '263', '264', '266', '267', '268', '269', '270', '271', '272', '273', '274', '275', '276', '277', '278', '281', '282', '284', '285', '286', '287', '288', '289', '290', '291', '292', '293', '294', '296', '297', '298', '299', '300', '301', '302', '303', '143'], '1': ['133', '204', '246', '265', '295', '304', '200', '233', '279', '280', '127', '255'], '2': ['492', '493', '494', '495', '496', '497', '498', '499', '500', '501', '502', '503', '504', '505', '506', '507', '508', '509', '510', '511', '512', '513', '514', '515', '516', '517', '518', '519', '520', '521', '522', '523', '524', '525', '526', '527', '528', '529', '530', '531', '532', '533', '550', '567'], '5': ['305', '306', '307', '308', '309', '310', '311', '312', '313', '314'], '4': ['432', '433', '434', '435', '436', '437', '438', '439', '440', '441', '442', '443', '444', '445', '446', '447', '448', '449', '450', '451', '452', '453', '454', '455', '456', '457', '458', '459', '460', '461', '462', '463', '464', '465', '466', '467', '468', '469', '470', '471', '472', '473', '474', '475', '476', '477', '478', '479', '480', '481', '482', '483', '484', '485', '486', '488', '489', '490', '491'], '7': ['534', '535', '536', '537', '538', '539', '540', '541', '542', '543', '544', '545', '546', '547', '548', '549', '551', '552', '553', '554', '555', '556', '557', '558', '559', '560', '561', '562', '563', '564', '565', '566', '568', '569', '570', '571', '572', '573', '574', '575', '576', '577', '578', '579', '580', '581', '582', '583', '584', '585', '586', '587', '588', '589', '590', '591', '592', '593', '594', '595', '596', '597', '598', '599']}})
 Cluster1  0
 Cluster to drop  1
 After reassigning and merging cells 
 Timepoint  2
 Cluster  3  # of cells  29
 Cluster  0  # of cells  35
 Cluster  1  # of cells  1
 Cluster  6  # of cells  11
 Cluster  2  # of cells  24
 Timepoint  3
 Cluster  3  # of cells  119
 Cluster  0  # of cells  204
 Cluster  2  # of cells  44
 Cluster  5  # of cells  10
 Cluster  4  # of cells  59
 Cluster  7  # of cells  64
 Tp cluster cell dict  {'3_2': 29, '0_2': 35, '1_2': 1, '6_2': 11, '2_2': 24, '3_3': 119, '0_3': 204, '2_3': 44, '5_3': 10, '4_3': 59, '7_3': 64}
 New Graph is here 
 ID  0  Timepoint  1  Mutations  []  Type  subclone
 ID  1  Timepoint  2  Mutations  [0, 1, 2]  Type  subclone
 ID  2  Timepoint  2  Mutations  [0, 1, 2, 8, 9, 10, 11, 12, 13, 14, 15, 16, 17, 18, 19, 20]  Type  subclone
 ID  3  Timepoint  2  Mutations  [0, 1, 2, 4, 8, 9, 10, 11, 14, 15, 16, 17, 18, 19, 20, 52]  Type  subclone
 ID  4  Timepoint  2  Mutations  [3, 4, 5, 6, 7, 21, 22, 23, 24, 25]  Type  subclone
 ID  5  Timepoint  2  Mutations  [3, 4, 5, 6, 7, 26, 27, 28, 29, 30, 31, 32, 33, 34, 35]  Type  subclone
 ID  6  Timepoint  3  Mutations  [0, 1, 2]  Type  subclone
 ID  7  Timepoint  3  Mutations  [0, 1, 2, 8, 9, 10, 11, 12, 13, 14, 15, 16, 17, 18, 19, 20]  Type  subclone
 ID  8  Timepoint  3  Mutations  [3, 4, 5, 6, 7, 26, 27, 28, 29, 30, 31, 32, 33, 34, 35]  Type  subclone
 ID  9  Timepoint  3  Mutations  [0, 1, 2, 8, 9, 10, 11, 12, 13, 14, 15, 16, 17, 18, 19, 20, 36, 37, 38, 39, 40, 41, 42, 43, 44, 45, 46, 47]  Type  subclone
 ID  10  Timepoint  3  Mutations  [0, 1, 2, 48, 49, 50, 51, 52, 53, 54, 55]  Type  subclone
 ID  11  Timepoint  3  Mutations  [3, 4, 5, 6, 7, 26, 27, 28, 29, 30, 31, 32, 33, 34, 35, 56, 57, 58, 59, 60, 61, 62, 63, 64, 65]  Type  subclone
Timepoints  SortedDict({1: [0], 2: [1, 2, 3, 4, 5], 3: [6, 7, 8, 9, 10, 11]})
 Clone to nodes  {'3_2': 1, '0_2': 2, '1_2': 3, '6_2': 4, '2_2': 5, '3_3': 6, '0_3': 7, '2_3': 8, '5_3': 9, '4_3': 10, '7_3': 11}
 Timepoint ====  1
 Hash table  {'0,1,2': [0, 1, 2], '1,2': [8, 9, 10, 11, 14, 15, 16, 17, 18, 19, 20], '1': [12, 13], '2,3,4': [4], '2': [52], '3,4': [3, 5, 6, 7], '3': [21, 22, 23, 24, 25], '4': [26, 27, 28, 29, 30, 31, 32, 33, 34, 35]}
 Final possible usc  [[0, 1, 2], [8, 9, 10, 11, 14, 15, 16, 17, 18, 19, 20], [12, 13], [4], [52], [3, 5, 6, 7], [21, 22, 23, 24, 25], [26, 27, 28, 29, 30, 31, 32, 33, 34, 35]]
 Time  1  USC keys  {'26,27,28,29,30,31,32,33,34,35_0', '4_0', '8,9,10,11,14,15,16,17,18,19,20_0', '21,22,23,24,25_0', '52_0', '0,1,2_0', '12,13_0', '3,5,6,7_0'}
 USC children  {'0,1,2_0': [1, 2, 3], '8,9,10,11,14,15,16,17,18,19,20_0': [2, 3], '12,13_0': [2], '4_0': [3, 4, 5], '52_0': [3], '3,5,6,7_0': [4, 5], '21,22,23,24,25_0': [4], '26,27,28,29,30,31,32,33,34,35_0': [5]}
 USC children  {'0,1,2_0': [1, 2, 3], '8,9,10,11,14,15,16,17,18,19,20_0': [2, 3], '12,13_0': [2], '4_0': [3, 4, 5], '52_0': [3], '3,5,6,7_0': [4, 5], '21,22,23,24,25_0': [4], '26,27,28,29,30,31,32,33,34,35_0': [5]}
 Timepoint ====  2
 Hash table  {'0,1': [0, 1, 2], '0': [8, 9, 10, 11, 12, 13, 14, 15, 16, 17, 18, 19, 20, 36, 37, 38, 39, 40, 41, 42, 43, 44, 45, 46, 47], '1': [48, 49, 50, 51, 52, 53, 54, 55], '2': [3, 4, 5, 6, 7, 26, 27, 28, 29, 30, 31, 32, 33, 34, 35, 56, 57, 58, 59, 60, 61, 62, 63, 64, 65]}
====== Inside find superset of t nodes ==========
 Final possible usc  [[3, 4, 5, 6, 7, 26, 27, 28, 29, 30, 31, 32, 33, 34, 35, 56, 57, 58, 59, 60, 61, 62, 63, 64, 65]]
 Time  2  USC keys  {'3,4,5,6,7,26,27,28,29,30,31,32,33,34,35,56,57,58,59,60,61,62,63,64,65_5'}
 USC children  {'0,1,2_0': [1, 2, 3], '8,9,10,11,14,15,16,17,18,19,20_0': [2, 3], '12,13_0': [2], '4_0': [3, 4, 5], '52_0': [3], '3,5,6,7_0': [4, 5], '21,22,23,24,25_0': [4], '26,27,28,29,30,31,32,33,34,35_0': [5], '3,4,5,6,7,26,27,28,29,30,31,32,33,34,35,56,57,58,59,60,61,62,63,64,65_5': [11]}
 USC children  {'0,1,2_0': [1, 2, 3], '8,9,10,11,14,15,16,17,18,19,20_0': [2, 3], '12,13_0': [2], '4_0': [3, 4, 5], '52_0': [3], '3,5,6,7_0': [4, 5], '21,22,23,24,25_0': [4], '26,27,28,29,30,31,32,33,34,35_0': [5], '3,4,5,6,7,26,27,28,29,30,31,32,33,34,35,56,57,58,59,60,61,62,63,64,65_5': [11]}
 Node s  {'1,2,3': ['0', '1', '2'], '3,4,5': ['4'], '11': ['3', '4', '5', '6', '7', '26', '27', '28', '29', '30', '31', '32', '33', '34', '35', '56', '57', '58', '59', '60', '61', '62', '63', '64', '65']}
 Enroll USC nodes  ['1', '2', '3']  len  3
 Enroll USC nodes  ['3', '4', '5']  len  3
 Enroll USC nodes  ['11']  len  1
 Node TP  SortedDict({1: [0], 2: [1, 2, 3, 4, 5], 3: [6, 7, 8, 9, 10, 11]})
 Unobserved subclones at timepoints  {1.5: [12, 13]}
 ============== Inside finding node v ============ 
 Time  2
 Time  3
 largest_v_mut  [[0, 1, 2, 8, 9, 10, 11, 12, 13, 14, 15, 16, 17, 18, 19, 20]]
 largest_v_mut  [[0, 1, 2]]
 largest_v_mut  [[32, 33, 34, 3, 4, 5, 6, 7, 35, 26, 27, 28, 29, 30, 31]]
 Sorted all timepoints  [1, 1.5, 2, 3]
 Timepoint  2
 Inside usc_node check  2
 Timepoint  3
0   1   [-1]   subclone   []   []
1   2   [12]   subclone   [0, 1, 2]   [0]
2   2   [12]   subclone   [0, 1, 2, 8, 9, 10, 11, 12, 13, 14, 15, 16, 17, 18, 19, 20]   [13]
3   2   [12]   subclone   [0, 1, 2, 4, 8, 9, 10, 11, 14, 15, 16, 17, 18, 19, 20, 52]   [13, 15]
4   2   [13]   subclone   [3, 4, 5, 6, 7, 21, 22, 23, 24, 25]   [9]
5   2   [13]   subclone   [3, 4, 5, 6, 7, 26, 27, 28, 29, 30, 31, 32, 33, 34, 35]   [14]
6   3   [1]   subclone   [0, 1, 2]   [0]
7   3   [2]   subclone   [0, 1, 2, 8, 9, 10, 11, 12, 13, 14, 15, 16, 17, 18, 19, 20]   [0]
8   3   [5]   subclone   [3, 4, 5, 6, 7, 26, 27, 28, 29, 30, 31, 32, 33, 34, 35]   [0]
9   3   [2]   subclone   [0, 1, 2, 8, 9, 10, 11, 12, 13, 14, 15, 16, 17, 18, 19, 20, 36, 37, 38, 39, 40, 41, 42, 43, 44, 45, 46, 47]   [12]
10   3   [1]   subclone   [0, 1, 2, 48, 49, 50, 51, 52, 53, 54, 55]   [8]
11   3   [5]   subclone   [3, 4, 5, 6, 7, 26, 27, 28, 29, 30, 31, 32, 33, 34, 35, 56, 57, 58, 59, 60, 61, 62, 63, 64, 65]   [10]
12   1.5   [0]   unobserved subclone   [0, 1, 2]   [3]
13   1.5   [0]   unobserved subclone   [4]   [1]
7
 Total estimated FP  255  True negatives  25088
 Total estimated FN  1263  True positives  5074
 Estimated FP rate  0.04785
 Estimated FN rate  0.05
 No. of Cells in each cluster  {'1_2': 29, '1_3': 117, '0_2': 36, '0_3': 205, '6_2': 11, '2_2': 24, '2_3': 43, '5_3': 10, '4_3': 60, '3_3': 65}
 Cells in each cluster  {'1_2': [0, 1, 2, 3, 4, 5, 6, 7, 8, 9, 10, 11, 12, 13, 14, 15, 16, 17, 18, 19, 20, 21, 22, 23, 24, 25, 26, 27, 28], '1_3': [315, 316, 317, 318, 319, 320, 321, 322, 323, 324, 325, 326, 327, 328, 329, 330, 331, 332, 333, 334, 335, 336, 337, 338, 339, 340, 341, 342, 343, 344, 345, 346, 347, 348, 349, 350, 351, 352, 353, 354, 355, 356, 357, 358, 359, 360, 361, 362, 363, 364, 365, 366, 367, 368, 369, 370, 371, 372, 373, 374, 375, 376, 377, 378, 379, 380, 381, 382, 383, 384, 385, 386, 387, 388, 389, 390, 391, 392, 393, 394, 395, 396, 397, 398, 399, 400, 401, 402, 403, 404, 405, 406, 407, 408, 409, 410, 411, 412, 413, 414, 415, 416, 417, 418, 419, 420, 421, 422, 423, 424, 425, 426, 427, 428, 429, 430, 431], '0_2': [29, 30, 31, 32, 33, 34, 35, 36, 37, 38, 39, 40, 41, 42, 43, 44, 45, 46, 47, 48, 49, 50, 51, 52, 53, 54, 55, 56, 57, 58, 59, 60, 61, 62, 63, 64], '0_3': [100, 101, 102, 103, 104, 105, 106, 107, 108, 109, 110, 111, 112, 113, 114, 115, 116, 117, 118, 119, 120, 121, 122, 123, 124, 125, 126, 127, 128, 129, 130, 131, 132, 133, 134, 135, 136, 137, 138, 139, 140, 141, 142, 143, 144, 145, 146, 147, 148, 149, 150, 151, 152, 153, 154, 155, 156, 157, 158, 159, 160, 161, 162, 163, 164, 165, 166, 167, 168, 169, 170, 171, 172, 173, 174, 175, 176, 177, 178, 179, 180, 181, 182, 183, 184, 185, 186, 187, 188, 189, 190, 191, 192, 193, 194, 195, 196, 197, 198, 199, 200, 201, 202, 203, 204, 205, 206, 207, 208, 209, 210, 211, 212, 213, 214, 215, 216, 217, 218, 219, 220, 221, 222, 223, 224, 225, 226, 227, 228, 229, 230, 231, 232, 233, 234, 235, 236, 237, 238, 239, 240, 241, 242, 243, 244, 245, 246, 247, 248, 249, 250, 251, 252, 253, 254, 255, 256, 257, 258, 259, 260, 261, 262, 263, 264, 265, 266, 267, 268, 269, 270, 271, 272, 273, 274, 275, 276, 277, 278, 279, 280, 281, 282, 283, 284, 285, 286, 287, 288, 289, 290, 291, 292, 293, 294, 295, 296, 297, 298, 299, 300, 301, 302, 303, 304], '6_2': [65, 66, 67, 68, 69, 70, 71, 72, 73, 74, 75], '2_2': [76, 77, 78, 79, 80, 81, 82, 83, 84, 85, 86, 87, 88, 89, 90, 91, 92, 93, 94, 95, 96, 97, 98, 99], '2_3': [492, 493, 494, 495, 496, 497, 498, 499, 500, 501, 502, 503, 504, 505, 506, 507, 508, 509, 510, 511, 512, 513, 514, 515, 516, 517, 518, 519, 520, 521, 522, 523, 524, 525, 526, 527, 528, 529, 530, 531, 532, 533, 567], '5_3': [305, 306, 307, 308, 309, 310, 311, 312, 313, 314], '4_3': [432, 433, 434, 435, 436, 437, 438, 439, 440, 441, 442, 443, 444, 445, 446, 447, 448, 449, 450, 451, 452, 453, 454, 455, 456, 457, 458, 459, 460, 461, 462, 463, 464, 465, 466, 467, 468, 469, 470, 471, 472, 473, 474, 475, 476, 477, 478, 479, 480, 481, 482, 483, 484, 485, 486, 487, 488, 489, 490, 491], '3_3': [534, 535, 536, 537, 538, 539, 540, 541, 542, 543, 544, 545, 546, 547, 548, 549, 550, 551, 552, 553, 554, 555, 556, 557, 558, 559, 560, 561, 562, 563, 564, 565, 566, 568, 569, 570, 571, 572, 573, 574, 575, 576, 577, 578, 579, 580, 581, 582, 583, 584, 585, 586, 587, 588, 589, 590, 591, 592, 593, 594, 595, 596, 597, 598, 599]}
FP rate  0.04785 FN rate  0.05
 Before reassigning cells 
 Timepoint  2
 Cluster  1  # of cells  29
 Cluster  0  # of cells  36
 Cluster  6  # of cells  11
 Cluster  2  # of cells  24
 Timepoint  3
 Cluster  1  # of cells  119
 Cluster  0  # of cells  204
 Cluster  2  # of cells  44
 Cluster  5  # of cells  10
 Cluster  4  # of cells  59
 Cluster  3  # of cells  64
 Cells absent at timepoint  2   set()
 Cells absent at timepoint  3   set()
 Timepoint  2
 Timepoint  3
 After reassigning and merging cells 
 Timepoint  2
 Cluster  1  # of cells  29
 Cluster  0  # of cells  36
 Cluster  6  # of cells  11
 Cluster  2  # of cells  24
 Timepoint  3
 Cluster  1  # of cells  119
 Cluster  0  # of cells  204
 Cluster  2  # of cells  44
 Cluster  5  # of cells  10
 Cluster  4  # of cells  59
 Cluster  3  # of cells  64
 Tp cluster cell dict  {'1_2': 29, '0_2': 36, '6_2': 11, '2_2': 24, '1_3': 119, '0_3': 204, '2_3': 44, '5_3': 10, '4_3': 59, '3_3': 64}
 New Graph is here 
 ID  0  Timepoint  1  Mutations  []  Type  subclone
 ID  1  Timepoint  2  Mutations  [0, 1, 2]  Type  subclone
 ID  2  Timepoint  2  Mutations  [0, 1, 2, 8, 9, 10, 11, 12, 13, 14, 15, 16, 17, 18, 19, 20]  Type  subclone
 ID  3  Timepoint  2  Mutations  [3, 4, 5, 6, 7, 21, 22, 23, 24, 25]  Type  subclone
 ID  4  Timepoint  2  Mutations  [3, 4, 5, 6, 7, 26, 27, 28, 29, 30, 31, 32, 33, 34, 35]  Type  subclone
 ID  5  Timepoint  3  Mutations  [0, 1, 2]  Type  subclone
 ID  6  Timepoint  3  Mutations  [0, 1, 2, 8, 9, 10, 11, 12, 13, 14, 15, 16, 17, 18, 19, 20]  Type  subclone
 ID  7  Timepoint  3  Mutations  [3, 4, 5, 6, 7, 26, 27, 28, 29, 30, 31, 32, 33, 34, 35]  Type  subclone
 ID  8  Timepoint  3  Mutations  [0, 1, 2, 8, 9, 10, 11, 12, 13, 14, 15, 16, 17, 18, 19, 20, 36, 37, 38, 39, 40, 41, 42, 43, 44, 45, 46, 47]  Type  subclone
 ID  9  Timepoint  3  Mutations  [0, 1, 2, 48, 49, 50, 51, 52, 53, 54, 55]  Type  subclone
 ID  10  Timepoint  3  Mutations  [3, 4, 5, 6, 7, 26, 27, 28, 29, 30, 31, 32, 33, 34, 35, 56, 57, 58, 59, 60, 61, 62, 63, 64, 65]  Type  subclone
Timepoints  SortedDict({1: [0], 2: [1, 2, 3, 4], 3: [5, 6, 7, 8, 9, 10]})
 Clone to nodes  {'1_2': 1, '0_2': 2, '6_2': 3, '2_2': 4, '1_3': 5, '0_3': 6, '2_3': 7, '5_3': 8, '4_3': 9, '3_3': 10}
 Timepoint ====  1
 Hash table  {'0,1': [0, 1, 2], '1': [8, 9, 10, 11, 12, 13, 14, 15, 16, 17, 18, 19, 20], '2,3': [3, 4, 5, 6, 7], '2': [21, 22, 23, 24, 25], '3': [26, 27, 28, 29, 30, 31, 32, 33, 34, 35]}
 Final possible usc  [[0, 1, 2], [8, 9, 10, 11, 12, 13, 14, 15, 16, 17, 18, 19, 20], [3, 4, 5, 6, 7], [21, 22, 23, 24, 25], [26, 27, 28, 29, 30, 31, 32, 33, 34, 35]]
 Time  1  USC keys  {'0,1,2_0', '3,4,5,6,7_0', '8,9,10,11,12,13,14,15,16,17,18,19,20_0', '21,22,23,24,25_0', '26,27,28,29,30,31,32,33,34,35_0'}
 USC children  {'0,1,2_0': [1, 2], '8,9,10,11,12,13,14,15,16,17,18,19,20_0': [2], '3,4,5,6,7_0': [3, 4], '21,22,23,24,25_0': [3], '26,27,28,29,30,31,32,33,34,35_0': [4]}
 USC children  {'0,1,2_0': [1, 2], '8,9,10,11,12,13,14,15,16,17,18,19,20_0': [2], '3,4,5,6,7_0': [3, 4], '21,22,23,24,25_0': [3], '26,27,28,29,30,31,32,33,34,35_0': [4]}
 Timepoint ====  2
 Hash table  {'0,1': [0, 1, 2], '0': [8, 9, 10, 11, 12, 13, 14, 15, 16, 17, 18, 19, 20, 36, 37, 38, 39, 40, 41, 42, 43, 44, 45, 46, 47], '1': [48, 49, 50, 51, 52, 53, 54, 55], '2': [3, 4, 5, 6, 7, 26, 27, 28, 29, 30, 31, 32, 33, 34, 35, 56, 57, 58, 59, 60, 61, 62, 63, 64, 65]}
====== Inside find superset of t nodes ==========
 Final possible usc  [[3, 4, 5, 6, 7, 26, 27, 28, 29, 30, 31, 32, 33, 34, 35, 56, 57, 58, 59, 60, 61, 62, 63, 64, 65]]
 Time  2  USC keys  {'3,4,5,6,7,26,27,28,29,30,31,32,33,34,35,56,57,58,59,60,61,62,63,64,65_4'}
 USC children  {'0,1,2_0': [1, 2], '8,9,10,11,12,13,14,15,16,17,18,19,20_0': [2], '3,4,5,6,7_0': [3, 4], '21,22,23,24,25_0': [3], '26,27,28,29,30,31,32,33,34,35_0': [4], '3,4,5,6,7,26,27,28,29,30,31,32,33,34,35,56,57,58,59,60,61,62,63,64,65_4': [10]}
 USC children  {'0,1,2_0': [1, 2], '8,9,10,11,12,13,14,15,16,17,18,19,20_0': [2], '3,4,5,6,7_0': [3, 4], '21,22,23,24,25_0': [3], '26,27,28,29,30,31,32,33,34,35_0': [4], '3,4,5,6,7,26,27,28,29,30,31,32,33,34,35,56,57,58,59,60,61,62,63,64,65_4': [10]}
 Node s  {'1,2': ['0', '1', '2'], '3,4': ['3', '4', '5', '6', '7'], '10': ['3', '4', '5', '6', '7', '26', '27', '28', '29', '30', '31', '32', '33', '34', '35', '56', '57', '58', '59', '60', '61', '62', '63', '64', '65']}
 Enroll USC nodes  ['1', '2']  len  2
 Enroll USC nodes  ['3', '4']  len  2
 Enroll USC nodes  ['10']  len  1
 Node TP  SortedDict({1: [0], 2: [1, 2, 3, 4], 3: [5, 6, 7, 8, 9, 10]})
 Unobserved subclones at timepoints  {1.5: [11, 12]}
 ============== Inside finding node v ============ 
 Time  2
 Time  3
 largest_v_mut  [[0, 1, 2, 8, 9, 10, 11, 12, 13, 14, 15, 16, 17, 18, 19, 20]]
 largest_v_mut  [[0, 1, 2]]
 largest_v_mut  [[32, 33, 34, 3, 4, 5, 6, 7, 35, 26, 27, 28, 29, 30, 31]]
 Sorted all timepoints  [1, 1.5, 2, 3]
 Timepoint  2
 Inside usc_node check  2
 Timepoint  3
0   1   [-1]   subclone   []   []
1   2   [11]   subclone   [0, 1, 2]   [0]
2   2   [11]   subclone   [0, 1, 2, 8, 9, 10, 11, 12, 13, 14, 15, 16, 17, 18, 19, 20]   [13]
3   2   [12]   subclone   [3, 4, 5, 6, 7, 21, 22, 23, 24, 25]   [5]
4   2   [12]   subclone   [3, 4, 5, 6, 7, 26, 27, 28, 29, 30, 31, 32, 33, 34, 35]   [10]
5   3   [1]   subclone   [0, 1, 2]   [0]
6   3   [2]   subclone   [0, 1, 2, 8, 9, 10, 11, 12, 13, 14, 15, 16, 17, 18, 19, 20]   [0]
7   3   [4]   subclone   [3, 4, 5, 6, 7, 26, 27, 28, 29, 30, 31, 32, 33, 34, 35]   [0]
8   3   [2]   subclone   [0, 1, 2, 8, 9, 10, 11, 12, 13, 14, 15, 16, 17, 18, 19, 20, 36, 37, 38, 39, 40, 41, 42, 43, 44, 45, 46, 47]   [12]
9   3   [1]   subclone   [0, 1, 2, 48, 49, 50, 51, 52, 53, 54, 55]   [8]
10   3   [4]   subclone   [3, 4, 5, 6, 7, 26, 27, 28, 29, 30, 31, 32, 33, 34, 35, 56, 57, 58, 59, 60, 61, 62, 63, 64, 65]   [10]
11   1.5   [0]   unobserved subclone   [0, 1, 2]   [3]
12   1.5   [0]   unobserved subclone   [3, 4, 5, 6, 7]   [5]
 List of tree files  ['all_trees/u1_rep3_m1_tree.csv', 'all_trees/u1_rep3_m2_tree.csv', 'all_trees/u1_rep3_m3_tree.csv', 'all_trees/u1_rep3_m4_tree.csv', 'all_trees/u1_rep3_m5_tree.csv']
{'1': ['0', '1', '2'], '2': ['0', '1', '2', '8', '9', '10', '11', '12', '13', '14', '15', '16', '17', '18', '19', '20'], '3': ['3', '4', '5', '6', '7', '21', '22', '23', '24', '25'], '4': ['3', '4', '5', '6', '7', '26', '27', '28', '29', '30', '31', '32', '33', '34', '35'], '5': ['0', '1', '2'], '6': ['0', '1', '2', '8', '9', '10', '11', '12', '13', '14', '15', '16', '17', '18', '19', '20'], '7': ['3', '4', '5', '6', '7', '26', '27', '28', '29', '30', '31', '32', '33', '34', '35'], '8': ['0', '1', '2', '8', '9', '10', '11', '12', '13', '14', '15', '16', '17', '18', '19', '20', '36', '37', '38', '39', '40', '41', '42', '43', '44', '45', '46', '47'], '9': ['0', '1', '2', '48', '49', '50', '51', '52', '53', '54', '55'], '10': ['3', '4', '5', '6', '7', '26', '27', '28', '29', '30', '31', '32', '33', '34', '35', '56', '57', '58', '59', '60', '61', '62', '63', '64', '65'], '11': ['0', '1', '2'], '12': ['3', '4', '5', '6', '7']}
 Actual mutation of  1   []
 Actual mutation of  2   ['11', '19', '17', '14', '18', '16', '20', '9', '10', '12', '15', '8', '13']
 Actual mutation of  3   ['22', '24', '25', '23', '21']
 Actual mutation of  4   ['28', '31', '26', '30', '34', '27', '33', '35', '32', '29']
 Actual mutation of  5   []
 Actual mutation of  6   []
 Actual mutation of  7   []
 Actual mutation of  8   ['47', '43', '39', '36', '41', '44', '37', '46', '38', '42', '45', '40']
 Actual mutation of  9   ['54', '50', '51', '53', '48', '52', '55', '49']
 Actual mutation of  10   ['65', '62', '64', '58', '63', '59', '60', '56', '57', '61']
 Updated node mutation  {'1': [], '2': ['11', '19', '17', '14', '18', '16', '20', '9', '10', '12', '15', '8', '13'], '3': ['22', '24', '25', '23', '21'], '4': ['28', '31', '26', '30', '34', '27', '33', '35', '32', '29'], '5': [], '6': [], '7': [], '8': ['47', '43', '39', '36', '41', '44', '37', '46', '38', '42', '45', '40'], '9': ['54', '50', '51', '53', '48', '52', '55', '49'], '10': ['65', '62', '64', '58', '63', '59', '60', '56', '57', '61'], '11': ['0', '1', '2'], '12': ['3', '4', '5', '6', '7']}
{'1': ['0', '1', '2'], '2': ['0', '1', '2', '8', '9', '10', '11', '12', '13', '14', '15', '16', '17', '18', '19', '20'], '3': ['3', '4', '5', '6', '7', '21', '22', '23', '24', '25'], '4': ['3', '4', '5', '6', '7', '26', '27', '28', '29', '30', '31', '32', '33', '34', '35'], '5': ['0', '1', '2'], '6': ['0', '1', '2', '8', '9', '10', '11', '12', '13', '14', '15', '16', '17', '18', '19', '20'], '7': ['3', '4', '5', '6', '7', '26', '27', '28', '29', '30', '31', '32', '33', '34', '35'], '8': ['0', '1', '2', '8', '9', '10', '11', '12', '13', '14', '15', '16', '17', '18', '19', '20', '36', '37', '38', '39', '40', '41', '42', '43', '44', '45', '46', '47'], '9': ['0', '1', '2', '48', '49', '50', '51', '52', '53', '54', '55'], '10': ['3', '4', '5', '6', '7', '26', '27', '28', '29', '30', '31', '32', '33', '34', '35', '56', '57', '58', '59', '60', '61', '62', '63', '64', '65'], '11': ['0', '1', '2'], '12': ['3', '4', '5', '6', '7']}
 Actual mutation of  1   []
 Actual mutation of  2   ['11', '19', '17', '14', '18', '16', '20', '9', '10', '12', '15', '8', '13']
 Actual mutation of  3   ['22', '24', '25', '23', '21']
 Actual mutation of  4   ['28', '31', '26', '30', '34', '27', '33', '35', '32', '29']
 Actual mutation of  5   []
 Actual mutation of  6   []
 Actual mutation of  7   []
 Actual mutation of  8   ['47', '43', '39', '36', '41', '44', '37', '46', '38', '42', '45', '40']
 Actual mutation of  9   ['54', '50', '51', '53', '48', '52', '55', '49']
 Actual mutation of  10   ['65', '62', '64', '58', '63', '59', '60', '56', '57', '61']
 Updated node mutation  {'1': [], '2': ['11', '19', '17', '14', '18', '16', '20', '9', '10', '12', '15', '8', '13'], '3': ['22', '24', '25', '23', '21'], '4': ['28', '31', '26', '30', '34', '27', '33', '35', '32', '29'], '5': [], '6': [], '7': [], '8': ['47', '43', '39', '36', '41', '44', '37', '46', '38', '42', '45', '40'], '9': ['54', '50', '51', '53', '48', '52', '55', '49'], '10': ['65', '62', '64', '58', '63', '59', '60', '56', '57', '61'], '11': ['0', '1', '2'], '12': ['3', '4', '5', '6', '7']}
{'1': ['0', '1', '2'], '2': ['0', '1', '2', '8', '9', '10', '11', '12', '13', '14', '15', '16', '17', '18', '19', '20'], '3': ['3', '4', '5', '6', '7', '21', '22', '23', '24', '25'], '4': ['3', '4', '5', '6', '7', '26', '27', '28', '29', '30', '31', '32', '33', '34', '35'], '5': ['0', '1', '2'], '6': ['0', '1', '2', '8', '9', '10', '11', '12', '13', '14', '15', '16', '17', '18', '19', '20'], '7': ['3', '4', '5', '6', '7', '26', '27', '28', '29', '30', '31', '32', '33', '34', '35'], '8': ['0', '1', '2', '8', '9', '10', '11', '12', '13', '14', '15', '16', '17', '18', '19', '20', '36', '37', '38', '39', '40', '41', '42', '43', '44', '45', '46', '47'], '9': ['0', '1', '2', '48', '49', '50', '51', '52', '53', '54', '55'], '10': ['3', '4', '5', '6', '7', '26', '27', '28', '29', '30', '31', '32', '33', '34', '35', '56', '57', '58', '59', '60', '61', '62', '63', '64', '65'], '11': ['0', '1', '2'], '12': ['3', '4', '5', '6', '7']}
 Actual mutation of  1   []
 Actual mutation of  2   ['11', '19', '17', '14', '18', '16', '20', '9', '10', '12', '15', '8', '13']
 Actual mutation of  3   ['22', '24', '25', '23', '21']
 Actual mutation of  4   ['28', '31', '26', '30', '34', '27', '33', '35', '32', '29']
 Actual mutation of  5   []
 Actual mutation of  6   []
 Actual mutation of  7   []
 Actual mutation of  8   ['47', '43', '39', '36', '41', '44', '37', '46', '38', '42', '45', '40']
 Actual mutation of  9   ['54', '50', '51', '53', '48', '52', '55', '49']
 Actual mutation of  10   ['65', '62', '64', '58', '63', '59', '60', '56', '57', '61']
 Updated node mutation  {'1': [], '2': ['11', '19', '17', '14', '18', '16', '20', '9', '10', '12', '15', '8', '13'], '3': ['22', '24', '25', '23', '21'], '4': ['28', '31', '26', '30', '34', '27', '33', '35', '32', '29'], '5': [], '6': [], '7': [], '8': ['47', '43', '39', '36', '41', '44', '37', '46', '38', '42', '45', '40'], '9': ['54', '50', '51', '53', '48', '52', '55', '49'], '10': ['65', '62', '64', '58', '63', '59', '60', '56', '57', '61'], '11': ['0', '1', '2'], '12': ['3', '4', '5', '6', '7']}
{'1': ['0', '1', '2'], '2': ['0', '1', '2', '8', '9', '10', '11', '12', '13', '14', '15', '16', '17', '18', '19', '20'], '3': ['0', '1', '2', '4', '8', '9', '10', '11', '14', '15', '16', '17', '18', '19', '20', '52'], '4': ['3', '4', '5', '6', '7', '21', '22', '23', '24', '25'], '5': ['3', '4', '5', '6', '7', '26', '27', '28', '29', '30', '31', '32', '33', '34', '35'], '6': ['0', '1', '2'], '7': ['0', '1', '2', '8', '9', '10', '11', '12', '13', '14', '15', '16', '17', '18', '19', '20'], '8': ['3', '4', '5', '6', '7', '26', '27', '28', '29', '30', '31', '32', '33', '34', '35'], '9': ['0', '1', '2', '8', '9', '10', '11', '12', '13', '14', '15', '16', '17', '18', '19', '20', '36', '37', '38', '39', '40', '41', '42', '43', '44', '45', '46', '47'], '10': ['0', '1', '2', '48', '49', '50', '51', '52', '53', '54', '55'], '11': ['3', '4', '5', '6', '7', '26', '27', '28', '29', '30', '31', '32', '33', '34', '35', '56', '57', '58', '59', '60', '61', '62', '63', '64', '65'], '12': ['0', '1', '2'], '13': ['4']}
 Actual mutation of  1   []
 Actual mutation of  2   ['11', '19', '17', '14', '18', '16', '20', '9', '10', '12', '15', '8', '13']
 Actual mutation of  3   ['11', '19', '17', '14', '18', '16', '20', '4', '9', '10', '52', '15', '8']
 Actual mutation of  4   ['22', '6', '24', '23', '25', '21', '7', '5', '3']
 Actual mutation of  5   ['28', '31', '35', '26', '32', '6', '30', '34', '27', '33', '7', '5', '3', '29']
 Actual mutation of  6   []
 Actual mutation of  7   []
 Actual mutation of  8   []
 Actual mutation of  9   ['47', '43', '39', '36', '41', '44', '37', '46', '38', '42', '45', '40']
 Actual mutation of  10   ['54', '50', '51', '53', '48', '52', '55', '49']
 Actual mutation of  11   ['65', '62', '64', '58', '63', '59', '60', '56', '57', '61']
 Updated node mutation  {'1': [], '2': ['11', '19', '17', '14', '18', '16', '20', '9', '10', '12', '15', '8', '13'], '3': ['11', '19', '17', '14', '18', '16', '20', '4', '9', '10', '52', '15', '8'], '4': ['22', '6', '24', '23', '25', '21', '7', '5', '3'], '5': ['28', '31', '35', '26', '32', '6', '30', '34', '27', '33', '7', '5', '3', '29'], '6': [], '7': [], '8': [], '9': ['47', '43', '39', '36', '41', '44', '37', '46', '38', '42', '45', '40'], '10': ['54', '50', '51', '53', '48', '52', '55', '49'], '11': ['65', '62', '64', '58', '63', '59', '60', '56', '57', '61'], '12': ['0', '1', '2'], '13': ['4']}
{'1': ['0', '1', '2'], '2': ['0', '1', '2', '8', '9', '10', '11', '12', '13', '14', '15', '16', '17', '18', '19', '20'], '3': ['3', '4', '5', '6', '7', '21', '22', '23', '24', '25'], '4': ['3', '4', '5', '6', '7', '26', '27', '28', '29', '30', '31', '32', '33', '34', '35'], '5': ['0', '1', '2'], '6': ['0', '1', '2', '8', '9', '10', '11', '12', '13', '14', '15', '16', '17', '18', '19', '20'], '7': ['3', '4', '5', '6', '7', '26', '27', '28', '29', '30', '31', '32', '33', '34', '35'], '8': ['0', '1', '2', '8', '9', '10', '11', '12', '13', '14', '15', '16', '17', '18', '19', '20', '36', '37', '38', '39', '40', '41', '42', '43', '44', '45', '46', '47'], '9': ['0', '1', '2', '48', '49', '50', '51', '52', '53', '54', '55'], '10': ['3', '4', '5', '6', '7', '26', '27', '28', '29', '30', '31', '32', '33', '34', '35', '56', '57', '58', '59', '60', '61', '62', '63', '64', '65'], '11': ['0', '1', '2'], '12': ['3', '4', '5', '6', '7']}
 Actual mutation of  1   []
 Actual mutation of  2   ['11', '19', '17', '14', '18', '16', '20', '9', '10', '12', '15', '8', '13']
 Actual mutation of  3   ['22', '24', '25', '23', '21']
 Actual mutation of  4   ['28', '31', '26', '30', '34', '27', '33', '35', '32', '29']
 Actual mutation of  5   []
 Actual mutation of  6   []
 Actual mutation of  7   []
 Actual mutation of  8   ['47', '43', '39', '36', '41', '44', '37', '46', '38', '42', '45', '40']
 Actual mutation of  9   ['54', '50', '51', '53', '48', '52', '55', '49']
 Actual mutation of  10   ['65', '62', '64', '58', '63', '59', '60', '56', '57', '61']
 Updated node mutation  {'1': [], '2': ['11', '19', '17', '14', '18', '16', '20', '9', '10', '12', '15', '8', '13'], '3': ['22', '24', '25', '23', '21'], '4': ['28', '31', '26', '30', '34', '27', '33', '35', '32', '29'], '5': [], '6': [], '7': [], '8': ['47', '43', '39', '36', '41', '44', '37', '46', '38', '42', '45', '40'], '9': ['54', '50', '51', '53', '48', '52', '55', '49'], '10': ['65', '62', '64', '58', '63', '59', '60', '56', '57', '61'], '11': ['0', '1', '2'], '12': ['3', '4', '5', '6', '7']}
 Parallel mutation count  {'m1': 0, 'm2': 0, 'm3': 0, 'm4': 17, 'm5': 0}
 Clusters with least parallel mutations  ['m1', 'm2', 'm3', 'm5']
 Cluster nos for each run  {'m1': 7, 'm2': 7, 'm3': 7, 'm5': 7}
 Run  m1
 Base path  ['u1', 'rep3', 'm1', 'tree.csv']
 Best tree path  u1_rep3_m1_tree.csv
