8
 Total estimated FP  84  True negatives  8451
 Total estimated FN  1468  True positives  5957
 Estimated FP rate  0.0139
 Estimated FN rate  0.15
 No. of Cells in each cluster  {'2_2': 41, '2_3': 35, '4_3': 171, '5_3': 1, '7_3': 1, '6_3': 292, '6_2': 59}
 Cells in each cluster  {'2_2': [0, 1, 2, 3, 4, 5, 6, 7, 8, 9, 10, 11, 12, 13, 14, 15, 16, 17, 18, 19, 20, 21, 22, 23, 24, 25, 26, 27, 28, 29, 30, 31, 32, 33, 34, 35, 36, 37, 38, 39, 40], '2_3': [256, 269, 365, 395, 396, 397, 398, 399, 400, 401, 402, 403, 404, 405, 406, 407, 408, 409, 410, 411, 412, 413, 414, 415, 416, 417, 418, 419, 420, 421, 422, 423, 424, 425, 426], '4_3': [427, 428, 429, 430, 431, 432, 433, 434, 435, 436, 437, 438, 439, 440, 441, 442, 443, 444, 445, 446, 447, 448, 449, 450, 451, 453, 454, 455, 456, 457, 458, 459, 461, 462, 463, 464, 465, 466, 467, 468, 469, 470, 471, 472, 473, 474, 475, 476, 477, 478, 479, 480, 481, 482, 483, 484, 485, 486, 487, 488, 489, 490, 491, 492, 493, 494, 495, 496, 497, 498, 499, 500, 501, 502, 503, 504, 505, 506, 507, 508, 509, 510, 511, 512, 513, 514, 515, 516, 517, 518, 519, 520, 521, 522, 523, 524, 525, 526, 527, 528, 529, 530, 531, 532, 533, 534, 535, 536, 537, 538, 539, 540, 541, 542, 543, 544, 545, 546, 547, 548, 549, 550, 551, 552, 553, 554, 555, 556, 557, 558, 559, 560, 561, 562, 563, 564, 565, 566, 567, 568, 569, 570, 571, 572, 573, 574, 575, 576, 577, 578, 579, 580, 581, 582, 583, 584, 585, 586, 587, 588, 589, 590, 591, 592, 593, 594, 595, 596, 597, 598, 599], '5_3': [452], '7_3': [460], '6_3': [150, 303, 305, 321, 100, 101, 102, 103, 104, 105, 106, 107, 108, 109, 110, 111, 112, 113, 114, 115, 116, 118, 119, 120, 121, 122, 123, 124, 125, 126, 127, 128, 129, 130, 131, 132, 133, 135, 136, 137, 138, 139, 140, 141, 143, 144, 145, 146, 147, 148, 149, 151, 152, 153, 154, 155, 156, 157, 158, 159, 160, 161, 162, 163, 164, 165, 166, 167, 168, 169, 170, 171, 172, 173, 174, 175, 176, 177, 178, 179, 180, 181, 182, 183, 184, 185, 186, 187, 188, 189, 190, 191, 192, 193, 194, 195, 196, 197, 198, 199, 200, 201, 202, 203, 204, 205, 206, 207, 208, 209, 210, 211, 212, 213, 214, 215, 216, 217, 218, 219, 220, 221, 222, 223, 224, 225, 226, 227, 229, 230, 231, 232, 233, 234, 235, 236, 237, 239, 240, 241, 242, 243, 244, 245, 246, 247, 248, 249, 250, 251, 252, 253, 254, 255, 257, 258, 259, 260, 261, 262, 263, 264, 265, 266, 267, 268, 270, 271, 272, 273, 274, 275, 276, 277, 278, 279, 280, 281, 282, 283, 284, 285, 286, 287, 288, 289, 290, 291, 292, 293, 294, 295, 296, 297, 298, 299, 300, 301, 302, 304, 306, 307, 308, 309, 310, 311, 312, 313, 314, 315, 316, 317, 318, 319, 322, 323, 324, 325, 326, 327, 328, 329, 330, 331, 333, 334, 335, 336, 337, 338, 340, 341, 342, 343, 344, 345, 346, 347, 348, 349, 350, 351, 352, 353, 354, 355, 356, 357, 358, 359, 360, 361, 362, 363, 364, 366, 367, 368, 369, 370, 371, 372, 373, 374, 375, 376, 377, 378, 379, 380, 381, 382, 383, 384, 385, 386, 387, 388, 389, 390, 391, 392, 393, 394, 117, 142, 332, 339, 134, 228, 238, 320], '6_2': [41, 42, 43, 44, 45, 46, 47, 48, 49, 50, 52, 53, 54, 55, 56, 57, 58, 59, 60, 61, 62, 63, 64, 65, 66, 67, 68, 69, 70, 71, 72, 73, 74, 75, 76, 77, 78, 79, 80, 81, 82, 83, 84, 85, 86, 87, 88, 89, 90, 91, 92, 93, 94, 95, 96, 97, 98, 99, 51]}
FP rate  0.0139 FN rate  0.15
 Before reassigning cells 
 Timepoint  2
 Cluster  2  # of cells  41
 Cluster  6  # of cells  59
 Timepoint  3
 Cluster  2  # of cells  36
 Cluster  4  # of cells  170
 Cluster  5  # of cells  3
 Cluster  7  # of cells  1
 Cluster  6  # of cells  289
 Cells absent at timepoint  2   set()
 Cells absent at timepoint  3   {251}
 Missing cell prob  {'6': 0.03790356320629256, '5': 2.053475207634149e-12, '7': 1.086531797959063e-08, '4': 2.5141028549632614e-10, '2': 0.03790356320629256}
 Timepoint  2
 Timepoint  3
 After reassigning and merging cells 
 Timepoint  2
 Cluster  2  # of cells  41
 Cluster  6  # of cells  59
 Timepoint  3
 Cluster  2  # of cells  36
 Cluster  4  # of cells  170
 Cluster  5  # of cells  3
 Cluster  7  # of cells  1
 Cluster  6  # of cells  290
 Tp cluster cell dict  {'2_2': 41, '6_2': 59, '2_3': 36, '4_3': 170, '5_3': 3, '7_3': 1, '6_3': 290}
 New Graph is here 
 ID  0  Timepoint  1  Mutations  []  Type  subclone
 ID  1  Timepoint  2  Mutations  [0, 1, 2, 3, 4, 5, 6, 7, 8, 9]  Type  subclone
 ID  2  Timepoint  2  Mutations  [0, 1, 2, 3, 4, 5, 6, 7, 8, 9, 18, 19, 20, 21, 22, 23]  Type  subclone
 ID  3  Timepoint  3  Mutations  [0, 1, 2, 3, 4, 5, 6, 7, 8, 9]  Type  subclone
 ID  4  Timepoint  3  Mutations  [0, 1, 2, 3, 4, 5, 6, 7, 8, 9, 24, 25, 26, 27, 28, 29, 30, 31, 32, 33, 34, 35, 36, 37]  Type  subclone
 ID  5  Timepoint  3  Mutations  [0, 1, 2, 3, 4, 5, 6, 7, 8, 9, 18, 20, 27, 29, 32, 33, 34, 35, 36, 37]  Type  subclone
 ID  6  Timepoint  3  Mutations  [0, 1, 2, 4, 5, 6, 7, 8, 9, 10, 11, 13, 14, 17, 20, 24, 25, 32, 33, 35, 36]  Type  subclone
 ID  7  Timepoint  3  Mutations  [0, 1, 2, 3, 4, 5, 6, 7, 8, 9, 18, 19, 20, 21, 22, 23]  Type  subclone
Timepoints  SortedDict({1: [0], 2: [1, 2], 3: [3, 4, 5, 6, 7]})
 Clone to nodes  {'2_2': 1, '6_2': 2, '2_3': 3, '4_3': 4, '5_3': 5, '7_3': 6, '6_3': 7}
 Timepoint ====  1
 Hash table  {'0,1': [0, 1, 2, 3, 4, 5, 6, 7, 8, 9], '1': [18, 19, 20, 21, 22, 23]}
 Final possible usc  [[0, 1, 2, 3, 4, 5, 6, 7, 8, 9], [18, 19, 20, 21, 22, 23]]
 Time  1  USC keys  {'18,19,20,21,22,23_0', '0,1,2,3,4,5,6,7,8,9_0'}
 USC children  {'0,1,2,3,4,5,6,7,8,9_0': [1, 2], '18,19,20,21,22,23_0': [2]}
 USC children  {'0,1,2,3,4,5,6,7,8,9_0': [1, 2], '18,19,20,21,22,23_0': [2]}
 Timepoint ====  2
 Hash table  {'0,1,2': [0, 1, 2, 4, 5, 6, 7, 8, 9, 32, 33, 35, 36], '0,1': [3, 27, 29, 34, 37], '0,2': [24, 25], '0': [26, 28, 30, 31], '1': [18], '1,2': [20], '2': [10, 11, 13, 14, 17]}
====== Inside find superset of t nodes ==========
 Final possible usc  []
 Time  2  USC keys  set()
 USC children  {'0,1,2,3,4,5,6,7,8,9_0': [1, 2], '18,19,20,21,22,23_0': [2]}
 USC children  {'0,1,2,3,4,5,6,7,8,9_0': [1, 2], '18,19,20,21,22,23_0': [2]}
 Node s  {'1,2': ['0', '1', '2', '3', '4', '5', '6', '7', '8', '9']}
 Enroll USC nodes  ['1', '2']  len  2
 Node TP  SortedDict({1: [0], 2: [1, 2], 3: [3, 4, 5, 6, 7]})
 Unobserved subclones at timepoints  {1.5: [8]}
 ============== Inside finding node v ============ 
 Time  2
 Time  3
 largest_v_mut  [[0, 1, 2, 3, 4, 5, 6, 7, 8, 9]]
 largest_v_mut  [[0, 1, 2, 3, 4, 5, 6, 7, 8, 9]]
 largest_v_mut  []
 Sorted all timepoints  [1, 1.5, 2, 3]
 Timepoint  2
 Inside usc_node check  2
 Timepoint  3
 Node  6  has no parent 
 USC nodes  []
 Node with minimum mutation sets  {1: 1, 2: 6}
0   1   [-1]   subclone   []   []
1   2   [8]   subclone   [0, 1, 2, 3, 4, 5, 6, 7, 8, 9]   [0]
2   2   [8]   subclone   [0, 1, 2, 3, 4, 5, 6, 7, 8, 9, 18, 19, 20, 21, 22, 23]   [6]
3   3   [1]   subclone   [0, 1, 2, 3, 4, 5, 6, 7, 8, 9]   [0]
4   3   [1]   subclone   [0, 1, 2, 3, 4, 5, 6, 7, 8, 9, 24, 25, 26, 27, 28, 29, 30, 31, 32, 33, 34, 35, 36, 37]   [14]
5   3   [1]   subclone   [0, 1, 2, 3, 4, 5, 6, 7, 8, 9, 18, 20, 27, 29, 32, 33, 34, 35, 36, 37]   [10]
6   3   [1]   subclone   [0, 1, 2, 4, 5, 6, 7, 8, 9, 10, 11, 13, 14, 17, 20, 24, 25, 32, 33, 35, 36]   [12]
7   3   [2]   subclone   [0, 1, 2, 3, 4, 5, 6, 7, 8, 9, 18, 19, 20, 21, 22, 23]   [0]
8   1.5   [0]   unobserved subclone   [0, 1, 2, 3, 4, 5, 6, 7, 8, 9]   [10]
11
 Total estimated FP  83  True negatives  8453
 Total estimated FN  1466  True positives  5958
 Estimated FP rate  0.01374
 Estimated FN rate  0.15
 No. of Cells in each cluster  {'1_2': 41, '1_3': 34, '7_3': 1, '4_3': 171, '5_3': 1, '8_3': 1, '9_2': 59, '9_3': 292}
 Cells in each cluster  {'1_2': [0, 1, 2, 3, 4, 5, 6, 7, 8, 9, 10, 11, 12, 13, 14, 15, 16, 17, 18, 19, 20, 21, 22, 23, 24, 25, 26, 27, 28, 29, 30, 31, 32, 33, 34, 35, 36, 37, 38, 39, 40], '1_3': [256, 269, 395, 396, 397, 398, 399, 400, 401, 402, 403, 404, 405, 406, 407, 408, 409, 410, 411, 412, 413, 414, 415, 416, 417, 418, 419, 420, 421, 422, 423, 424, 425, 426], '7_3': [365], '4_3': [427, 428, 429, 430, 431, 432, 433, 434, 435, 436, 437, 438, 439, 440, 441, 442, 443, 444, 445, 446, 447, 448, 449, 450, 451, 453, 454, 455, 456, 457, 458, 459, 461, 462, 463, 464, 465, 466, 467, 468, 469, 470, 471, 472, 473, 474, 475, 476, 477, 478, 479, 480, 481, 482, 483, 484, 485, 486, 487, 488, 489, 490, 491, 492, 493, 494, 495, 496, 497, 498, 499, 500, 501, 502, 503, 504, 505, 506, 507, 508, 509, 510, 511, 512, 513, 514, 515, 516, 517, 518, 519, 520, 521, 522, 523, 524, 525, 526, 527, 528, 529, 530, 531, 532, 533, 534, 535, 536, 537, 538, 539, 540, 541, 542, 543, 544, 545, 546, 547, 548, 549, 550, 551, 552, 553, 554, 555, 556, 557, 558, 559, 560, 561, 562, 563, 564, 565, 566, 567, 568, 569, 570, 571, 572, 573, 574, 575, 576, 577, 578, 579, 580, 581, 582, 583, 584, 585, 586, 587, 588, 589, 590, 591, 592, 593, 594, 595, 596, 597, 598, 599], '5_3': [452], '8_3': [460], '9_2': [41, 42, 43, 44, 45, 46, 47, 48, 49, 50, 52, 53, 54, 55, 56, 58, 59, 60, 61, 62, 63, 64, 65, 66, 67, 68, 69, 70, 71, 72, 73, 74, 75, 76, 77, 78, 79, 80, 81, 82, 83, 84, 85, 86, 87, 88, 89, 90, 91, 92, 93, 94, 95, 96, 97, 98, 99, 57, 51], '9_3': [100, 101, 102, 103, 104, 105, 106, 107, 108, 109, 110, 111, 112, 113, 114, 115, 116, 118, 119, 120, 121, 122, 123, 124, 125, 126, 127, 128, 129, 130, 131, 132, 133, 135, 136, 137, 138, 139, 140, 141, 143, 144, 145, 146, 147, 148, 149, 151, 152, 153, 154, 155, 156, 157, 158, 159, 160, 161, 162, 163, 164, 165, 166, 168, 169, 170, 171, 172, 173, 174, 175, 176, 177, 178, 179, 180, 181, 182, 183, 184, 185, 186, 187, 188, 189, 190, 191, 192, 193, 194, 195, 196, 197, 198, 199, 200, 201, 202, 203, 204, 205, 206, 207, 208, 210, 211, 212, 213, 214, 215, 216, 218, 219, 220, 221, 222, 223, 224, 225, 226, 227, 229, 230, 231, 232, 233, 234, 235, 236, 237, 240, 241, 242, 243, 244, 245, 246, 247, 248, 249, 250, 252, 253, 254, 255, 257, 259, 260, 261, 262, 263, 264, 265, 266, 267, 268, 271, 272, 273, 274, 275, 276, 277, 278, 279, 280, 281, 282, 283, 284, 285, 286, 287, 288, 289, 290, 291, 292, 293, 294, 295, 298, 299, 300, 301, 302, 304, 306, 307, 308, 309, 310, 311, 312, 313, 314, 315, 316, 317, 318, 319, 322, 323, 324, 325, 326, 327, 328, 329, 330, 331, 333, 334, 335, 336, 337, 338, 340, 341, 342, 343, 344, 345, 346, 347, 348, 349, 350, 351, 352, 353, 354, 355, 356, 357, 358, 359, 360, 361, 362, 363, 364, 366, 368, 369, 370, 371, 372, 373, 374, 375, 376, 377, 378, 379, 380, 381, 382, 383, 384, 385, 386, 387, 388, 389, 390, 391, 392, 393, 394, 167, 228, 251, 296, 320, 367, 142, 258, 270, 297, 332, 117, 339, 134, 209, 238, 239, 150, 217, 303, 305, 321]}
FP rate  0.01374 FN rate  0.15
 Before reassigning cells 
 Timepoint  2
 Cluster  1  # of cells  41
 Cluster  9  # of cells  59
 Timepoint  3
 Cluster  1  # of cells  34
 Cluster  7  # of cells  3
 Cluster  4  # of cells  170
 Cluster  5  # of cells  2
 Cluster  8  # of cells  1
 Cluster  9  # of cells  287
 Cells absent at timepoint  2   set()
 Cells absent at timepoint  3   {251, 164, 411}
 Missing cell prob  {'8': 2.0336547771145998e-05, '9': 0.03800824997819022, '4': 2.516959731752406e-10, '1': 0.03800824997819022, '7': 1.605392740465291e-07, '5': 1.129919896489377e-16}
 Missing cell prob  {'8': 1.1791981333644174e-10, '9': 0.000843435374028522, '4': 1.3731495901257466e-14, '1': 0.0005894133114373776, '7': 0.0005894133114373776, '5': 1.6486245188989486e-17}
 Missing cell prob  {'8': 2.3701180928336825e-12, '9': 2.578308340258788e-06, '4': 5.611339747565134e-07, '1': 0.004818762211767785, '7': 0.004818762211767785, '5': 1.5583684468254314e-11}
 Timepoint  2
 Timepoint  3
SortedDict({2: {'1': ['0', '1', '2', '3', '4', '5', '6', '7', '8', '9', '10', '11', '12', '13', '14', '15', '16', '17', '18', '19', '20', '21', '22', '23', '24', '25', '26', '27', '28', '29', '30', '31', '32', '33', '34', '35', '36', '37', '38', '39', '40'], '9': ['41', '42', '43', '44', '45', '46', '47', '48', '49', '50', '51', '52', '53', '54', '55', '56', '57', '58', '59', '60', '61', '62', '63', '64', '65', '66', '67', '68', '69', '70', '71', '72', '73', '74', '75', '76', '77', '78', '79', '80', '81', '82', '83', '84', '85', '86', '87', '88', '89', '90', '91', '92', '93', '94', '95', '96', '97', '98', '99']}, 3: {'1': ['254', '256', '269', '395', '396', '397', '398', '399', '400', '401', '402', '403', '404', '405', '406', '407', '408', '409', '410', '412', '413', '414', '415', '416', '417', '418', '419', '420', '421', '422', '423', '424', '425', '426', '411'], '7': ['202', '303', '365'], '4': ['427', '428', '429', '430', '431', '432', '433', '434', '435', '436', '437', '438', '439', '440', '441', '442', '443', '444', '445', '446', '447', '448', '449', '450', '451', '453', '454', '455', '456', '457', '458', '459', '461', '462', '463', '464', '465', '466', '467', '468', '469', '470', '471', '472', '473', '474', '475', '476', '477', '478', '479', '480', '481', '482', '483', '484', '485', '486', '487', '488', '489', '490', '491', '492', '493', '494', '495', '496', '497', '498', '500', '501', '502', '503', '504', '505', '506', '507', '508', '509', '510', '511', '512', '513', '514', '515', '516', '517', '518', '519', '520', '521', '522', '523', '524', '525', '526', '527', '528', '529', '530', '531', '532', '533', '534', '535', '536', '537', '538', '539', '540', '541', '542', '543', '544', '545', '546', '547', '548', '549', '550', '551', '552', '553', '554', '555', '556', '557', '558', '559', '560', '561', '562', '563', '564', '565', '566', '567', '568', '569', '570', '571', '572', '573', '574', '575', '576', '577', '578', '579', '580', '581', '582', '583', '584', '585', '586', '587', '588', '589', '590', '591', '592', '593', '594', '595', '596', '597', '598', '599'], '5': ['452', '499'], '8': ['460'], '9': ['100', '101', '102', '103', '104', '105', '106', '107', '108', '109', '110', '111', '112', '113', '114', '115', '116', '117', '118', '119', '120', '121', '122', '123', '124', '125', '126', '127', '128', '129', '130', '131', '132', '133', '134', '135', '136', '137', '138', '139', '140', '141', '142', '143', '144', '145', '146', '147', '148', '149', '150', '151', '152', '153', '154', '155', '156', '157', '158', '159', '160', '161', '162', '163', '165', '166', '167', '168', '169', '170', '171', '172', '173', '174', '175', '176', '177', '178', '179', '180', '181', '182', '183', '184', '185', '186', '187', '188', '189', '190', '191', '192', '193', '194', '195', '196', '197', '198', '199', '200', '201', '203', '204', '205', '206', '207', '208', '209', '210', '211', '212', '213', '214', '215', '216', '217', '218', '219', '220', '221', '222', '223', '224', '225', '226', '227', '228', '229', '230', '231', '232', '233', '234', '235', '236', '237', '238', '239', '240', '241', '242', '243', '244', '245', '246', '247', '248', '249', '250', '252', '253', '255', '257', '258', '259', '260', '261', '262', '263', '264', '265', '266', '267', '268', '270', '271', '272', '273', '274', '275', '276', '277', '278', '279', '280', '281', '282', '283', '284', '285', '286', '287', '288', '289', '290', '291', '292', '293', '294', '295', '296', '297', '298', '299', '300', '301', '302', '304', '305', '306', '307', '308', '309', '310', '311', '312', '313', '314', '315', '316', '317', '318', '319', '320', '321', '322', '323', '324', '325', '326', '327', '328', '329', '330', '331', '332', '333', '334', '335', '336', '337', '338', '339', '340', '341', '342', '343', '344', '345', '346', '347', '348', '349', '350', '351', '352', '353', '354', '355', '356', '357', '358', '359', '360', '361', '362', '363', '364', '366', '367', '368', '369', '370', '371', '372', '373', '374', '375', '376', '377', '378', '379', '380', '381', '382', '383', '384', '385', '386', '387', '388', '389', '390', '391', '392', '393', '394', '251', '164']}})
 Cluster1  7
 Cluster to drop  9
 After reassigning and merging cells 
 Timepoint  2
 Cluster  1  # of cells  41
 Cluster  9  # of cells  59
 Timepoint  3
 Cluster  1  # of cells  35
 Cluster  7  # of cells  292
 Cluster  4  # of cells  170
 Cluster  5  # of cells  2
 Cluster  8  # of cells  1
 Tp cluster cell dict  {'1_2': 41, '9_2': 59, '1_3': 35, '7_3': 292, '4_3': 170, '5_3': 2, '8_3': 1}
 New Graph is here 
 ID  0  Timepoint  1  Mutations  []  Type  subclone
 ID  1  Timepoint  2  Mutations  [0, 1, 2, 3, 4, 5, 6, 7, 8, 9]  Type  subclone
 ID  2  Timepoint  2  Mutations  [0, 1, 2, 3, 4, 5, 6, 7, 8, 9, 18, 19, 20, 21, 22, 23]  Type  subclone
 ID  3  Timepoint  3  Mutations  [0, 1, 2, 3, 4, 5, 6, 7, 8, 9]  Type  subclone
 ID  4  Timepoint  3  Mutations  [0, 1, 2, 3, 4, 5, 6, 7, 8, 9, 18, 19, 20, 21, 22, 23]  Type  subclone
 ID  5  Timepoint  3  Mutations  [0, 1, 2, 3, 4, 5, 6, 7, 8, 9, 24, 25, 26, 27, 28, 29, 30, 31, 32, 33, 34, 35, 36, 37]  Type  subclone
 ID  6  Timepoint  3  Mutations  [0, 1, 2, 3, 4, 5, 6, 7, 8, 9, 14, 19, 20, 24, 25, 26, 27, 28, 29, 30, 31, 32, 33, 34, 35, 36, 37]  Type  subclone
 ID  7  Timepoint  3  Mutations  [1, 2, 4, 5, 6, 7, 8, 9, 10, 13, 19, 22, 32, 33, 35, 36]  Type  subclone
Timepoints  SortedDict({1: [0], 2: [1, 2], 3: [3, 4, 5, 6, 7]})
 Clone to nodes  {'1_2': 1, '9_2': 2, '1_3': 3, '7_3': 4, '4_3': 5, '5_3': 6, '8_3': 7}
 Timepoint ====  1
 Hash table  {'0,1': [0, 1, 2, 3, 4, 5, 6, 7, 8, 9], '1': [18, 19, 20, 21, 22, 23]}
 Final possible usc  [[0, 1, 2, 3, 4, 5, 6, 7, 8, 9], [18, 19, 20, 21, 22, 23]]
 Time  1  USC keys  {'0,1,2,3,4,5,6,7,8,9_0', '18,19,20,21,22,23_0'}
 USC children  {'0,1,2,3,4,5,6,7,8,9_0': [1, 2], '18,19,20,21,22,23_0': [2]}
 USC children  {'0,1,2,3,4,5,6,7,8,9_0': [1, 2], '18,19,20,21,22,23_0': [2]}
 Timepoint ====  2
 Hash table  {'0,1': [0, 3, 24, 25, 26, 27, 28, 29, 30, 31, 34, 37], '0,1,2': [1, 2, 4, 5, 6, 7, 8, 9, 32, 33, 35, 36], '1': [14, 20], '1,2': [19], '2': [10, 13, 22]}
====== Inside find superset of t nodes ==========
 Final possible usc  []
 Time  2  USC keys  set()
 USC children  {'0,1,2,3,4,5,6,7,8,9_0': [1, 2], '18,19,20,21,22,23_0': [2]}
 USC children  {'0,1,2,3,4,5,6,7,8,9_0': [1, 2], '18,19,20,21,22,23_0': [2]}
 Node s  {'1,2': ['0', '1', '2', '3', '4', '5', '6', '7', '8', '9']}
 Enroll USC nodes  ['1', '2']  len  2
 Node TP  SortedDict({1: [0], 2: [1, 2], 3: [3, 4, 5, 6, 7]})
 Unobserved subclones at timepoints  {1.5: [8]}
 ============== Inside finding node v ============ 
 Time  2
 Time  3
 largest_v_mut  [[0, 1, 2, 3, 4, 5, 6, 7, 8, 9]]
 largest_v_mut  [[0, 1, 2, 3, 4, 5, 6, 7, 8, 9]]
 largest_v_mut  []
 Sorted all timepoints  [1, 1.5, 2, 3]
 Timepoint  2
 Inside usc_node check  2
 Timepoint  3
 Node  7  has no parent 
 USC nodes  []
 Node with minimum mutation sets  {1: 2, 2: 6}
0   1   [-1]   subclone   []   []
1   2   [8]   subclone   [0, 1, 2, 3, 4, 5, 6, 7, 8, 9]   [0]
2   2   [8]   subclone   [0, 1, 2, 3, 4, 5, 6, 7, 8, 9, 18, 19, 20, 21, 22, 23]   [6]
3   3   [1]   subclone   [0, 1, 2, 3, 4, 5, 6, 7, 8, 9]   [0]
4   3   [2]   subclone   [0, 1, 2, 3, 4, 5, 6, 7, 8, 9, 18, 19, 20, 21, 22, 23]   [0]
5   3   [1]   subclone   [0, 1, 2, 3, 4, 5, 6, 7, 8, 9, 24, 25, 26, 27, 28, 29, 30, 31, 32, 33, 34, 35, 36, 37]   [14]
6   3   [1]   subclone   [0, 1, 2, 3, 4, 5, 6, 7, 8, 9, 14, 19, 20, 24, 25, 26, 27, 28, 29, 30, 31, 32, 33, 34, 35, 36, 37]   [17]
7   3   [1]   subclone   [1, 2, 4, 5, 6, 7, 8, 9, 10, 13, 19, 22, 32, 33, 35, 36]   [8]
8   1.5   [0]   unobserved subclone   [0, 1, 2, 3, 4, 5, 6, 7, 8, 9]   [10]
9
 Total estimated FP  85  True negatives  8450
 Total estimated FN  1469  True positives  5956
 Estimated FP rate  0.01407
 Estimated FN rate  0.15
 No. of Cells in each cluster  {'2_2': 41, '2_3': 34, '8_3': 1, '3_3': 171, '6_3': 1, '7_3': 1, '4_3': 292, '4_2': 59}
 Cells in each cluster  {'2_2': [0, 1, 2, 3, 4, 5, 6, 7, 8, 9, 10, 11, 12, 13, 14, 15, 16, 17, 18, 19, 20, 21, 22, 23, 24, 25, 26, 27, 28, 29, 30, 31, 32, 33, 34, 35, 36, 37, 38, 39, 40], '2_3': [256, 269, 395, 396, 397, 398, 399, 400, 401, 402, 403, 404, 405, 406, 407, 408, 409, 410, 411, 412, 413, 414, 415, 416, 417, 418, 419, 420, 421, 422, 423, 424, 425, 426], '8_3': [365], '3_3': [427, 428, 429, 430, 431, 432, 433, 434, 435, 436, 437, 438, 439, 440, 441, 442, 443, 444, 445, 446, 447, 448, 449, 450, 451, 453, 454, 455, 456, 457, 458, 459, 461, 462, 463, 464, 465, 466, 467, 468, 469, 470, 471, 472, 473, 474, 475, 476, 477, 478, 479, 480, 481, 482, 483, 484, 485, 486, 487, 488, 489, 490, 491, 492, 493, 494, 495, 496, 497, 498, 499, 500, 501, 502, 503, 504, 505, 506, 507, 508, 509, 510, 511, 512, 513, 514, 515, 516, 517, 518, 519, 520, 521, 522, 523, 524, 525, 526, 527, 528, 529, 530, 531, 532, 533, 534, 535, 536, 537, 538, 539, 540, 541, 542, 543, 544, 545, 546, 547, 548, 549, 550, 551, 552, 553, 554, 555, 556, 557, 558, 559, 560, 561, 562, 563, 564, 565, 566, 567, 568, 569, 570, 571, 572, 573, 574, 575, 576, 577, 578, 579, 580, 581, 582, 583, 584, 585, 586, 587, 588, 589, 590, 591, 592, 593, 594, 595, 596, 597, 598, 599], '6_3': [452], '7_3': [460], '4_3': [143, 150, 202, 305, 316, 321, 100, 101, 102, 103, 104, 105, 106, 107, 108, 109, 110, 111, 112, 113, 114, 115, 116, 118, 119, 120, 121, 122, 123, 124, 125, 126, 127, 128, 129, 130, 131, 132, 133, 135, 136, 137, 138, 139, 140, 141, 144, 145, 146, 147, 148, 149, 151, 152, 153, 154, 155, 156, 157, 158, 159, 160, 161, 162, 163, 164, 165, 166, 167, 168, 169, 170, 171, 172, 173, 174, 175, 176, 177, 178, 179, 180, 181, 182, 183, 184, 185, 186, 187, 188, 189, 190, 191, 192, 193, 194, 195, 196, 197, 198, 199, 200, 201, 203, 204, 205, 206, 207, 208, 210, 211, 212, 213, 214, 215, 216, 217, 218, 219, 220, 221, 222, 223, 224, 225, 226, 227, 229, 230, 231, 232, 233, 234, 235, 236, 237, 240, 241, 242, 243, 244, 245, 246, 247, 248, 249, 250, 251, 252, 253, 254, 255, 257, 258, 259, 260, 261, 262, 263, 264, 265, 266, 267, 268, 270, 271, 272, 273, 274, 275, 276, 277, 278, 279, 280, 281, 282, 283, 284, 285, 286, 287, 288, 289, 290, 291, 292, 293, 294, 295, 296, 297, 298, 299, 300, 301, 302, 303, 304, 306, 307, 308, 309, 310, 311, 312, 313, 314, 315, 317, 318, 319, 322, 323, 324, 325, 326, 327, 328, 329, 330, 331, 333, 334, 335, 336, 337, 338, 340, 341, 342, 343, 344, 345, 346, 347, 348, 349, 350, 351, 352, 353, 354, 355, 356, 357, 358, 359, 360, 361, 362, 363, 364, 366, 368, 369, 370, 371, 372, 373, 374, 375, 376, 377, 378, 379, 380, 381, 382, 383, 384, 385, 386, 387, 388, 389, 390, 391, 392, 393, 394, 134, 209, 228, 238, 239, 320, 367, 117, 142, 332, 339], '4_2': [41, 42, 43, 44, 45, 46, 47, 48, 49, 50, 52, 53, 54, 55, 56, 57, 58, 59, 60, 61, 62, 63, 64, 65, 66, 67, 68, 69, 70, 71, 72, 73, 74, 75, 76, 77, 78, 79, 80, 81, 82, 83, 84, 85, 86, 87, 88, 89, 90, 91, 92, 93, 94, 95, 96, 97, 98, 99, 51]}
FP rate  0.01407 FN rate  0.15
 Before reassigning cells 
 Timepoint  2
 Cluster  2  # of cells  41
 Cluster  4  # of cells  59
 Timepoint  3
 Cluster  2  # of cells  36
 Cluster  3  # of cells  171
 Cluster  6  # of cells  1
 Cluster  7  # of cells  1
 Cluster  4  # of cells  290
 Cells absent at timepoint  2   set()
 Cells absent at timepoint  3   {251}
 Missing cell prob  {'3': 2.511070469277033e-10, '6': 3.2340660356459605e-13, '2': 0.03779263089548276, '7': 8.440795077368364e-10, '4': 0.03779263089548276}
 Timepoint  2
 Timepoint  3
 After reassigning and merging cells 
 Timepoint  2
 Cluster  2  # of cells  41
 Cluster  4  # of cells  59
 Timepoint  3
 Cluster  2  # of cells  37
 Cluster  3  # of cells  171
 Cluster  6  # of cells  1
 Cluster  7  # of cells  1
 Cluster  4  # of cells  290
 Tp cluster cell dict  {'2_2': 41, '4_2': 59, '2_3': 37, '3_3': 171, '6_3': 1, '7_3': 1, '4_3': 290}
 New Graph is here 
 ID  0  Timepoint  1  Mutations  []  Type  subclone
 ID  1  Timepoint  2  Mutations  [0, 1, 2, 3, 4, 5, 6, 7, 8, 9]  Type  subclone
 ID  2  Timepoint  2  Mutations  [0, 1, 2, 3, 4, 5, 6, 7, 8, 9, 18, 19, 20, 21, 22, 23]  Type  subclone
 ID  3  Timepoint  3  Mutations  [0, 1, 2, 3, 4, 5, 6, 7, 8, 9]  Type  subclone
 ID  4  Timepoint  3  Mutations  [0, 1, 2, 3, 4, 5, 6, 7, 8, 9, 24, 25, 26, 27, 28, 29, 30, 31, 32, 33, 34, 35, 36, 37]  Type  subclone
 ID  5  Timepoint  3  Mutations  [0, 1, 2, 3, 4, 9, 18, 19, 20, 22, 27, 28, 31, 32, 33, 34, 35, 36, 37]  Type  subclone
 ID  6  Timepoint  3  Mutations  [1, 5, 6, 7, 8, 9, 10, 13, 17, 19, 20, 24, 28, 32, 33, 35, 36]  Type  subclone
 ID  7  Timepoint  3  Mutations  [0, 1, 2, 3, 4, 5, 6, 7, 8, 9, 18, 19, 20, 21, 22, 23]  Type  subclone
Timepoints  SortedDict({1: [0], 2: [1, 2], 3: [3, 4, 5, 6, 7]})
 Clone to nodes  {'2_2': 1, '4_2': 2, '2_3': 3, '3_3': 4, '6_3': 5, '7_3': 6, '4_3': 7}
 Timepoint ====  1
 Hash table  {'0,1': [0, 1, 2, 3, 4, 5, 6, 7, 8, 9], '1': [18, 19, 20, 21, 22, 23]}
 Final possible usc  [[0, 1, 2, 3, 4, 5, 6, 7, 8, 9], [18, 19, 20, 21, 22, 23]]
 Time  1  USC keys  {'18,19,20,21,22,23_0', '0,1,2,3,4,5,6,7,8,9_0'}
 USC children  {'0,1,2,3,4,5,6,7,8,9_0': [1, 2], '18,19,20,21,22,23_0': [2]}
 USC children  {'0,1,2,3,4,5,6,7,8,9_0': [1, 2], '18,19,20,21,22,23_0': [2]}
 Timepoint ====  2
 Hash table  {'0,1': [0, 2, 3, 4, 27, 31, 34, 37], '0,1,2': [1, 9, 28, 32, 33, 35, 36], '0,2': [5, 6, 7, 8, 24], '0': [25, 26, 29, 30], '1': [18, 22], '1,2': [19, 20], '2': [10, 13, 17]}
====== Inside find superset of t nodes ==========
 Final possible usc  []
 Time  2  USC keys  set()
 USC children  {'0,1,2,3,4,5,6,7,8,9_0': [1, 2], '18,19,20,21,22,23_0': [2]}
 USC children  {'0,1,2,3,4,5,6,7,8,9_0': [1, 2], '18,19,20,21,22,23_0': [2]}
 Node s  {'1,2': ['0', '1', '2', '3', '4', '5', '6', '7', '8', '9']}
 Enroll USC nodes  ['1', '2']  len  2
 Node TP  SortedDict({1: [0], 2: [1, 2], 3: [3, 4, 5, 6, 7]})
 Unobserved subclones at timepoints  {1.5: [8]}
 ============== Inside finding node v ============ 
 Time  2
 Time  3
 largest_v_mut  [[0, 1, 2, 3, 4, 5, 6, 7, 8, 9]]
 largest_v_mut  []
 largest_v_mut  []
 Sorted all timepoints  [1, 1.5, 2, 3]
 Timepoint  2
 Inside usc_node check  2
 Timepoint  3
 Node  5  has no parent 
 USC nodes  []
 Node with minimum mutation sets  {1: 4, 2: 6}
 Node  6  has no parent 
 USC nodes  []
 Node with minimum mutation sets  {1: 4, 2: 8}
0   1   [-1]   subclone   []   []
1   2   [8]   subclone   [0, 1, 2, 3, 4, 5, 6, 7, 8, 9]   [0]
2   2   [8]   subclone   [0, 1, 2, 3, 4, 5, 6, 7, 8, 9, 18, 19, 20, 21, 22, 23]   [6]
3   3   [1]   subclone   [0, 1, 2, 3, 4, 5, 6, 7, 8, 9]   [0]
4   3   [1]   subclone   [0, 1, 2, 3, 4, 5, 6, 7, 8, 9, 24, 25, 26, 27, 28, 29, 30, 31, 32, 33, 34, 35, 36, 37]   [14]
5   3   [1]   subclone   [0, 1, 2, 3, 4, 9, 18, 19, 20, 22, 27, 28, 31, 32, 33, 34, 35, 36, 37]   [13]
6   3   [1]   subclone   [1, 5, 6, 7, 8, 9, 10, 13, 17, 19, 20, 24, 28, 32, 33, 35, 36]   [11]
7   3   [2]   subclone   [0, 1, 2, 3, 4, 5, 6, 7, 8, 9, 18, 19, 20, 21, 22, 23]   [0]
8   1.5   [0]   unobserved subclone   [0, 1, 2, 3, 4, 5, 6, 7, 8, 9]   [10]
7
 Total estimated FP  86  True negatives  8447
 Total estimated FN  1472  True positives  5955
 Estimated FP rate  0.01424
 Estimated FN rate  0.15
 No. of Cells in each cluster  {'2_2': 41, '2_3': 35, '4_3': 3, '1_3': 172, '3_3': 1, '6_2': 59, '6_3': 289}
 Cells in each cluster  {'2_2': [0, 1, 2, 3, 4, 5, 6, 7, 8, 9, 10, 11, 12, 13, 14, 15, 16, 17, 18, 19, 20, 21, 22, 23, 24, 25, 26, 27, 28, 29, 30, 31, 32, 33, 34, 35, 36, 37, 38, 39, 40], '2_3': [256, 269, 365, 395, 396, 397, 398, 399, 400, 401, 402, 403, 404, 405, 406, 407, 408, 409, 410, 411, 412, 413, 414, 415, 416, 417, 418, 419, 420, 421, 422, 423, 424, 425, 426], '4_3': [150, 305, 321], '1_3': [427, 428, 429, 430, 431, 432, 433, 434, 435, 436, 437, 438, 439, 440, 441, 442, 443, 444, 445, 446, 447, 448, 449, 450, 451, 452, 453, 454, 455, 456, 457, 458, 459, 461, 462, 463, 464, 465, 466, 467, 468, 469, 470, 471, 472, 473, 474, 475, 476, 477, 478, 479, 480, 481, 482, 483, 484, 485, 486, 487, 488, 489, 490, 491, 492, 493, 494, 495, 496, 497, 498, 499, 500, 501, 502, 503, 504, 505, 506, 507, 508, 509, 510, 511, 512, 513, 514, 515, 516, 517, 518, 519, 520, 521, 522, 523, 524, 525, 526, 527, 528, 529, 530, 531, 532, 533, 534, 535, 536, 537, 538, 539, 540, 541, 542, 543, 544, 545, 546, 547, 548, 549, 550, 551, 552, 553, 554, 555, 556, 557, 558, 559, 560, 561, 562, 563, 564, 565, 566, 567, 568, 569, 570, 571, 572, 573, 574, 575, 576, 577, 578, 579, 580, 581, 582, 583, 584, 585, 586, 587, 588, 589, 590, 591, 592, 593, 594, 595, 596, 597, 598, 599], '3_3': [460], '6_2': [51, 41, 42, 43, 44, 45, 46, 47, 48, 49, 50, 52, 53, 54, 55, 56, 57, 58, 59, 60, 61, 62, 63, 64, 65, 66, 67, 68, 69, 70, 71, 72, 73, 74, 75, 76, 77, 78, 79, 80, 81, 82, 83, 84, 85, 86, 87, 88, 89, 90, 91, 92, 93, 94, 95, 96, 97, 98, 99], '6_3': [117, 142, 332, 339, 100, 101, 102, 103, 104, 105, 106, 107, 108, 109, 110, 111, 112, 113, 114, 115, 116, 118, 119, 120, 121, 122, 123, 124, 125, 126, 127, 128, 129, 130, 131, 132, 133, 135, 136, 137, 138, 139, 140, 141, 143, 144, 145, 146, 147, 148, 149, 151, 152, 153, 154, 155, 156, 157, 158, 159, 160, 161, 162, 163, 164, 165, 166, 167, 168, 169, 170, 171, 172, 173, 174, 175, 176, 177, 178, 179, 180, 181, 182, 183, 184, 185, 186, 187, 188, 189, 190, 191, 192, 193, 194, 195, 196, 197, 198, 199, 200, 201, 202, 203, 204, 205, 206, 207, 208, 210, 211, 212, 213, 214, 215, 216, 217, 218, 219, 220, 221, 222, 223, 224, 225, 226, 227, 229, 230, 231, 232, 233, 234, 235, 236, 237, 240, 241, 242, 243, 244, 245, 246, 247, 248, 249, 250, 251, 252, 253, 254, 255, 257, 258, 259, 260, 261, 262, 263, 264, 265, 266, 267, 268, 270, 271, 272, 273, 274, 275, 276, 277, 278, 279, 280, 281, 282, 283, 284, 285, 286, 287, 288, 289, 290, 291, 292, 293, 294, 295, 296, 297, 298, 299, 300, 301, 302, 303, 304, 306, 307, 308, 309, 310, 311, 312, 313, 314, 315, 316, 317, 318, 319, 322, 323, 324, 325, 326, 327, 328, 329, 330, 331, 333, 334, 335, 336, 337, 338, 340, 341, 342, 343, 344, 345, 346, 347, 348, 349, 350, 351, 352, 353, 354, 355, 356, 357, 358, 359, 360, 361, 362, 363, 364, 366, 367, 368, 369, 370, 371, 372, 373, 374, 375, 376, 377, 378, 379, 380, 381, 382, 383, 384, 385, 386, 387, 388, 389, 390, 391, 392, 393, 394, 134, 209, 228, 238, 239, 320]}
FP rate  0.01424 FN rate  0.15
 Before reassigning cells 
 Timepoint  2
 Cluster  2  # of cells  41
 Cluster  6  # of cells  59
 Timepoint  3
 Cluster  2  # of cells  34
 Cluster  4  # of cells  12
 Cluster  1  # of cells  172
 Cluster  3  # of cells  1
 Cluster  6  # of cells  272
 Cells absent at timepoint  3   {356, 251, 303, 274, 339, 308, 403, 119, 219}
 Missing cell prob  {'1': 2.7365968431405083e-12, '4': 0.005161646060718163, '2': 1.4486729415112574e-06, '6': 0.005161646060718165, '3': 7.76695195719441e-10}
 Missing cell prob  {'1': 2.5080412191419717e-10, '4': 9.606056238653506e-05, '2': 0.03768200420478846, '6': 0.03768200420478846, '3': 3.3845842387861375e-07}
 Missing cell prob  {'1': 1.221792615172027e-19, '4': 3.904124233985157e-06, '2': 7.927873002870708e-10, '6': 3.904124233985157e-06, '3': 4.250469997168571e-13}
 Missing cell prob  {'1': 1.1445820818240925e-13, '4': 0.006745826010290384, '2': 0.00011301242633710006, '6': 0.006745826010290383, '3': 5.991682604962012e-14}
 Missing cell prob  {'1': 1.587311420470297e-10, '4': 2.142065758236205e-07, '2': 2.142065758236205e-07, '6': 2.960614559302287e-07, '3': 1.2643987717843445e-11}
 Missing cell prob  {'1': 7.975270278124818e-15, '4': 0.005900810643657826, '2': 1.823328001153201e-07, '6': 0.005900810643657826, '3': 9.666903916444241e-17}
 Missing cell prob  {'1': 2.3142248850214273e-09, '4': 0.052908439296395146, '2': 0.052908439296395174, '6': 0.008050910865179431, '3': 1.843433534540372e-10}
 Missing cell prob  {'1': 8.163362134940488e-14, '4': 0.006649765447903846, '2': 8.060246412976955e-05, '6': 0.006649765447903847, '3': 9.08861545737038e-09}
 Missing cell prob  {'1': 1.4180760116701547e-14, '4': 0.0001271767641911611, '2': 9.2015014572301e-05, '6': 0.00012717676419116112, '3': 2.1068866167358867e-12}
 Cells absent at timepoint  2   set()
 Timepoint  2
 Timepoint  3
SortedDict({2: {'2': ['0', '1', '2', '3', '4', '5', '6', '7', '8', '9', '10', '11', '12', '13', '14', '15', '16', '17', '18', '19', '20', '21', '22', '23', '24', '25', '26', '27', '28', '29', '30', '31', '32', '33', '34', '35', '36', '37', '38', '39', '40'], '6': ['41', '42', '43', '44', '45', '46', '47', '48', '49', '50', '51', '52', '53', '54', '55', '56', '57', '58', '59', '60', '61', '62', '63', '64', '65', '66', '67', '68', '69', '70', '71', '72', '73', '74', '75', '76', '77', '78', '79', '80', '81', '82', '83', '84', '85', '86', '87', '88', '89', '90', '91', '92', '93', '94', '95', '96', '97', '98', '99']}, 3: {'2': ['254', '256', '269', '395', '396', '397', '398', '399', '400', '401', '402', '404', '405', '406', '407', '408', '409', '410', '411', '412', '413', '414', '415', '416', '417', '418', '419', '420', '421', '422', '423', '424', '425', '426', '251', '403'], '4': ['102', '130', '173', '183', '305', '312', '321', '331', '357', '365', '372', '392', '303', '274', '308'], '1': ['427', '428', '429', '430', '431', '432', '433', '434', '435', '436', '437', '438', '439', '440', '441', '442', '443', '444', '445', '446', '447', '448', '449', '450', '451', '452', '453', '454', '455', '456', '457', '458', '459', '461', '462', '463', '464', '465', '466', '467', '468', '469', '470', '471', '472', '473', '474', '475', '476', '477', '478', '479', '480', '481', '482', '483', '484', '485', '486', '487', '488', '489', '490', '491', '492', '493', '494', '495', '496', '497', '498', '499', '500', '501', '502', '503', '504', '505', '506', '507', '508', '509', '510', '511', '512', '513', '514', '515', '516', '517', '518', '519', '520', '521', '522', '523', '524', '525', '526', '527', '528', '529', '530', '531', '532', '533', '534', '535', '536', '537', '538', '539', '540', '541', '542', '543', '544', '545', '546', '547', '548', '549', '550', '551', '552', '553', '554', '555', '556', '557', '558', '559', '560', '561', '562', '563', '564', '565', '566', '567', '568', '569', '570', '571', '572', '573', '574', '575', '576', '577', '578', '579', '580', '581', '582', '583', '584', '585', '586', '587', '588', '589', '590', '591', '592', '593', '594', '595', '596', '597', '598', '599'], '3': ['460'], '6': ['100', '101', '103', '104', '105', '106', '107', '108', '109', '110', '111', '112', '113', '114', '115', '116', '117', '118', '120', '121', '122', '123', '124', '125', '126', '127', '128', '129', '131', '132', '133', '134', '135', '136', '137', '138', '139', '140', '141', '142', '143', '144', '145', '146', '147', '148', '149', '150', '151', '152', '153', '154', '155', '156', '157', '158', '159', '160', '161', '162', '163', '164', '165', '166', '167', '168', '169', '170', '171', '172', '174', '175', '176', '177', '178', '179', '180', '181', '182', '184', '185', '186', '187', '188', '189', '190', '191', '192', '193', '194', '195', '196', '197', '198', '199', '200', '201', '202', '203', '204', '205', '206', '207', '208', '209', '210', '211', '212', '213', '214', '215', '216', '217', '218', '220', '221', '222', '223', '224', '225', '226', '227', '228', '229', '230', '231', '232', '233', '234', '235', '236', '237', '238', '239', '240', '241', '242', '243', '244', '245', '246', '247', '248', '249', '250', '252', '253', '255', '257', '258', '259', '260', '261', '262', '263', '264', '265', '266', '267', '268', '270', '271', '272', '273', '275', '276', '277', '278', '279', '280', '281', '282', '283', '284', '285', '286', '287', '288', '289', '290', '291', '292', '293', '294', '295', '296', '297', '298', '299', '300', '301', '302', '304', '306', '307', '309', '310', '311', '313', '314', '315', '316', '317', '318', '319', '320', '322', '323', '324', '325', '326', '327', '328', '329', '330', '332', '333', '334', '335', '336', '337', '338', '340', '341', '342', '343', '344', '345', '346', '347', '348', '349', '350', '351', '352', '353', '354', '355', '358', '359', '360', '361', '362', '363', '364', '366', '367', '368', '369', '370', '371', '373', '374', '375', '376', '377', '378', '379', '380', '381', '382', '383', '384', '385', '386', '387', '388', '389', '390', '391', '393', '394', '356', '339', '119', '219']}})
 Cluster1  4
 Cluster to drop  6
 After reassigning and merging cells 
 Timepoint  2
 Cluster  2  # of cells  41
 Cluster  6  # of cells  59
 Timepoint  3
 Cluster  2  # of cells  36
 Cluster  4  # of cells  291
 Cluster  1  # of cells  172
 Cluster  3  # of cells  1
 Tp cluster cell dict  {'2_2': 41, '6_2': 59, '2_3': 36, '4_3': 291, '1_3': 172, '3_3': 1}
 New Graph is here 
 ID  0  Timepoint  1  Mutations  []  Type  subclone
 ID  1  Timepoint  2  Mutations  [0, 1, 2, 3, 4, 5, 6, 7, 8, 9]  Type  subclone
 ID  2  Timepoint  2  Mutations  [0, 1, 2, 3, 4, 5, 6, 7, 8, 9, 18, 19, 20, 21, 22, 23]  Type  subclone
 ID  3  Timepoint  3  Mutations  [0, 1, 2, 3, 4, 5, 6, 7, 8, 9]  Type  subclone
 ID  4  Timepoint  3  Mutations  [0, 1, 2, 3, 4, 5, 6, 7, 8, 9, 18, 19, 20, 21, 22, 23]  Type  subclone
 ID  5  Timepoint  3  Mutations  [0, 1, 2, 3, 4, 5, 6, 7, 8, 9, 24, 25, 26, 27, 28, 29, 30, 31, 32, 33, 34, 35, 36, 37]  Type  subclone
 ID  6  Timepoint  3  Mutations  [1, 4, 5, 6, 7, 8, 9, 10, 13, 19, 20, 22, 24, 32, 33, 35, 36]  Type  subclone
Timepoints  SortedDict({1: [0], 2: [1, 2], 3: [3, 4, 5, 6]})
 Clone to nodes  {'2_2': 1, '6_2': 2, '2_3': 3, '4_3': 4, '1_3': 5, '3_3': 6}
 Timepoint ====  1
 Hash table  {'0,1': [0, 1, 2, 3, 4, 5, 6, 7, 8, 9], '1': [18, 19, 20, 21, 22, 23]}
 Final possible usc  [[0, 1, 2, 3, 4, 5, 6, 7, 8, 9], [18, 19, 20, 21, 22, 23]]
 Time  1  USC keys  {'0,1,2,3,4,5,6,7,8,9_0', '18,19,20,21,22,23_0'}
 USC children  {'0,1,2,3,4,5,6,7,8,9_0': [1, 2], '18,19,20,21,22,23_0': [2]}
 USC children  {'0,1,2,3,4,5,6,7,8,9_0': [1, 2], '18,19,20,21,22,23_0': [2]}
 Timepoint ====  2
 Hash table  {'0': [0, 2, 3, 25, 26, 27, 28, 29, 30, 31, 34, 37], '0,1': [1, 4, 5, 6, 7, 8, 9, 24, 32, 33, 35, 36], '1': [10, 13, 19, 20, 22]}
====== Inside find superset of t nodes ==========
 Final possible usc  []
 Time  2  USC keys  set()
 USC children  {'0,1,2,3,4,5,6,7,8,9_0': [1, 2], '18,19,20,21,22,23_0': [2]}
 USC children  {'0,1,2,3,4,5,6,7,8,9_0': [1, 2], '18,19,20,21,22,23_0': [2]}
 Node s  {'1,2': ['0', '1', '2', '3', '4', '5', '6', '7', '8', '9']}
 Enroll USC nodes  ['1', '2']  len  2
 Node TP  SortedDict({1: [0], 2: [1, 2], 3: [3, 4, 5, 6]})
 Unobserved subclones at timepoints  {1.5: [7]}
 ============== Inside finding node v ============ 
 Time  2
 Time  3
 largest_v_mut  [[0, 1, 2, 3, 4, 5, 6, 7, 8, 9]]
 largest_v_mut  []
 Sorted all timepoints  [1, 1.5, 2, 3]
 Timepoint  2
 Inside usc_node check  2
 Timepoint  3
 Node  6  has no parent 
 USC nodes  []
 Node with minimum mutation sets  {1: 3, 2: 6}
0   1   [-1]   subclone   []   []
1   2   [7]   subclone   [0, 1, 2, 3, 4, 5, 6, 7, 8, 9]   [0]
2   2   [7]   subclone   [0, 1, 2, 3, 4, 5, 6, 7, 8, 9, 18, 19, 20, 21, 22, 23]   [6]
3   3   [1]   subclone   [0, 1, 2, 3, 4, 5, 6, 7, 8, 9]   [0]
4   3   [2]   subclone   [0, 1, 2, 3, 4, 5, 6, 7, 8, 9, 18, 19, 20, 21, 22, 23]   [0]
5   3   [1]   subclone   [0, 1, 2, 3, 4, 5, 6, 7, 8, 9, 24, 25, 26, 27, 28, 29, 30, 31, 32, 33, 34, 35, 36, 37]   [14]
6   3   [1]   subclone   [1, 4, 5, 6, 7, 8, 9, 10, 13, 19, 20, 22, 24, 32, 33, 35, 36]   [10]
7   1.5   [0]   unobserved subclone   [0, 1, 2, 3, 4, 5, 6, 7, 8, 9]   [10]
4
 Total estimated FP  85  True negatives  8444
 Total estimated FN  1475  True positives  5956
 Estimated FP rate  0.01407
 Estimated FN rate  0.15
 No. of Cells in each cluster  {'2_2': 41, '2_3': 35, '0_2': 59, '0_3': 292, '1_3': 172, '3_3': 1}
 Cells in each cluster  {'2_2': [0, 1, 2, 3, 4, 5, 6, 7, 8, 9, 10, 11, 12, 13, 14, 15, 16, 17, 18, 19, 20, 21, 22, 23, 24, 25, 26, 27, 28, 29, 30, 31, 32, 33, 34, 35, 36, 37, 38, 39, 40], '2_3': [256, 269, 365, 395, 396, 397, 398, 399, 400, 401, 402, 403, 404, 405, 406, 407, 408, 409, 410, 411, 412, 413, 414, 415, 416, 417, 418, 419, 420, 421, 422, 423, 424, 425, 426], '0_2': [41, 42, 43, 44, 45, 46, 47, 48, 49, 50, 51, 52, 53, 54, 55, 56, 57, 58, 59, 60, 61, 62, 63, 64, 65, 66, 67, 68, 69, 70, 71, 72, 73, 74, 75, 76, 77, 78, 79, 80, 81, 82, 83, 84, 85, 86, 87, 88, 89, 90, 91, 92, 93, 94, 95, 96, 97, 98, 99], '0_3': [100, 101, 102, 103, 104, 105, 106, 107, 108, 109, 110, 111, 112, 113, 114, 115, 116, 117, 118, 119, 120, 121, 122, 123, 124, 125, 126, 127, 128, 129, 130, 131, 132, 133, 134, 135, 136, 137, 138, 139, 140, 141, 142, 143, 144, 145, 146, 147, 148, 149, 150, 151, 152, 153, 154, 155, 156, 157, 158, 159, 160, 161, 162, 163, 164, 165, 166, 167, 168, 169, 170, 171, 172, 173, 174, 175, 176, 177, 178, 179, 180, 181, 182, 183, 184, 185, 186, 187, 188, 189, 190, 191, 192, 193, 194, 195, 196, 197, 198, 199, 200, 201, 202, 203, 204, 205, 206, 207, 208, 209, 210, 211, 212, 213, 214, 215, 216, 217, 218, 219, 220, 221, 222, 223, 224, 225, 226, 227, 228, 229, 230, 231, 232, 233, 234, 235, 236, 237, 238, 239, 240, 241, 242, 243, 244, 245, 246, 247, 248, 249, 250, 251, 252, 253, 254, 255, 257, 258, 259, 260, 261, 262, 263, 264, 265, 266, 267, 268, 270, 271, 272, 273, 274, 275, 276, 277, 278, 279, 280, 281, 282, 283, 284, 285, 286, 287, 288, 289, 290, 291, 292, 293, 294, 295, 296, 297, 298, 299, 300, 301, 302, 303, 304, 305, 306, 307, 308, 309, 310, 311, 312, 313, 314, 315, 316, 317, 318, 319, 320, 321, 322, 323, 324, 325, 326, 327, 328, 329, 330, 331, 332, 333, 334, 335, 336, 337, 338, 339, 340, 341, 342, 343, 344, 345, 346, 347, 348, 349, 350, 351, 352, 353, 354, 355, 356, 357, 358, 359, 360, 361, 362, 363, 364, 366, 367, 368, 369, 370, 371, 372, 373, 374, 375, 376, 377, 378, 379, 380, 381, 382, 383, 384, 385, 386, 387, 388, 389, 390, 391, 392, 393, 394], '1_3': [427, 428, 429, 430, 431, 432, 433, 434, 435, 436, 437, 438, 439, 440, 441, 442, 443, 444, 445, 446, 447, 448, 449, 450, 451, 452, 453, 454, 455, 456, 457, 458, 459, 461, 462, 463, 464, 465, 466, 467, 468, 469, 470, 471, 472, 473, 474, 475, 476, 477, 478, 479, 480, 481, 482, 483, 484, 485, 486, 487, 488, 489, 490, 491, 492, 493, 494, 495, 496, 497, 498, 499, 500, 501, 502, 503, 504, 505, 506, 507, 508, 509, 510, 511, 512, 513, 514, 515, 516, 517, 518, 519, 520, 521, 522, 523, 524, 525, 526, 527, 528, 529, 530, 531, 532, 533, 534, 535, 536, 537, 538, 539, 540, 541, 542, 543, 544, 545, 546, 547, 548, 549, 550, 551, 552, 553, 554, 555, 556, 557, 558, 559, 560, 561, 562, 563, 564, 565, 566, 567, 568, 569, 570, 571, 572, 573, 574, 575, 576, 577, 578, 579, 580, 581, 582, 583, 584, 585, 586, 587, 588, 589, 590, 591, 592, 593, 594, 595, 596, 597, 598, 599], '3_3': [460]}
FP rate  0.01407 FN rate  0.15
 Before reassigning cells 
 Timepoint  2
 Cluster  2  # of cells  41
 Cluster  0  # of cells  59
 Timepoint  3
 Cluster  2  # of cells  36
 Cluster  0  # of cells  290
 Cluster  1  # of cells  172
 Cluster  3  # of cells  1
 Cells absent at timepoint  2   set()
 Cells absent at timepoint  3   {251}
 Missing cell prob  {'1': 2.511070469277033e-10, '0': 0.03779263089548276, '2': 0.03779263089548276, '3': 1.2841877837222265e-10}
 Timepoint  2
 Timepoint  3
 After reassigning and merging cells 
 Timepoint  2
 Cluster  2  # of cells  41
 Cluster  0  # of cells  59
 Timepoint  3
 Cluster  2  # of cells  36
 Cluster  0  # of cells  291
 Cluster  1  # of cells  172
 Cluster  3  # of cells  1
 Tp cluster cell dict  {'2_2': 41, '0_2': 59, '2_3': 36, '0_3': 291, '1_3': 172, '3_3': 1}
 New Graph is here 
 ID  0  Timepoint  1  Mutations  []  Type  subclone
 ID  1  Timepoint  2  Mutations  [0, 1, 2, 3, 4, 5, 6, 7, 8, 9]  Type  subclone
 ID  2  Timepoint  2  Mutations  [0, 1, 2, 3, 4, 5, 6, 7, 8, 9, 18, 19, 20, 21, 22, 23]  Type  subclone
 ID  3  Timepoint  3  Mutations  [0, 1, 2, 3, 4, 5, 6, 7, 8, 9]  Type  subclone
 ID  4  Timepoint  3  Mutations  [0, 1, 2, 3, 4, 5, 6, 7, 8, 9, 18, 19, 20, 21, 22, 23]  Type  subclone
 ID  5  Timepoint  3  Mutations  [0, 1, 2, 3, 4, 5, 6, 7, 8, 9, 24, 25, 26, 27, 28, 29, 30, 31, 32, 33, 34, 35, 36, 37]  Type  subclone
 ID  6  Timepoint  3  Mutations  [0, 1, 5, 6, 7, 8, 9, 10, 14, 17, 20, 22, 24, 25, 32, 33, 35, 36]  Type  subclone
Timepoints  SortedDict({1: [0], 2: [1, 2], 3: [3, 4, 5, 6]})
 Clone to nodes  {'2_2': 1, '0_2': 2, '2_3': 3, '0_3': 4, '1_3': 5, '3_3': 6}
 Timepoint ====  1
 Hash table  {'0,1': [0, 1, 2, 3, 4, 5, 6, 7, 8, 9], '1': [18, 19, 20, 21, 22, 23]}
 Final possible usc  [[0, 1, 2, 3, 4, 5, 6, 7, 8, 9], [18, 19, 20, 21, 22, 23]]
 Time  1  USC keys  {'0,1,2,3,4,5,6,7,8,9_0', '18,19,20,21,22,23_0'}
 USC children  {'0,1,2,3,4,5,6,7,8,9_0': [1, 2], '18,19,20,21,22,23_0': [2]}
 USC children  {'0,1,2,3,4,5,6,7,8,9_0': [1, 2], '18,19,20,21,22,23_0': [2]}
 Timepoint ====  2
 Hash table  {'0,1': [0, 1, 5, 6, 7, 8, 9, 24, 25, 32, 33, 35, 36], '0': [2, 3, 4, 26, 27, 28, 29, 30, 31, 34, 37], '1': [10, 14, 17, 20, 22]}
====== Inside find superset of t nodes ==========
 Final possible usc  []
 Time  2  USC keys  set()
 USC children  {'0,1,2,3,4,5,6,7,8,9_0': [1, 2], '18,19,20,21,22,23_0': [2]}
 USC children  {'0,1,2,3,4,5,6,7,8,9_0': [1, 2], '18,19,20,21,22,23_0': [2]}
 Node s  {'1,2': ['0', '1', '2', '3', '4', '5', '6', '7', '8', '9']}
 Enroll USC nodes  ['1', '2']  len  2
 Node TP  SortedDict({1: [0], 2: [1, 2], 3: [3, 4, 5, 6]})
 Unobserved subclones at timepoints  {1.5: [7]}
 ============== Inside finding node v ============ 
 Time  2
 Time  3
 largest_v_mut  [[0, 1, 2, 3, 4, 5, 6, 7, 8, 9]]
 largest_v_mut  []
 Sorted all timepoints  [1, 1.5, 2, 3]
 Timepoint  2
 Inside usc_node check  2
 Timepoint  3
 Node  6  has no parent 
 USC nodes  []
 Node with minimum mutation sets  {1: 3, 2: 7}
0   1   [-1]   subclone   []   []
1   2   [7]   subclone   [0, 1, 2, 3, 4, 5, 6, 7, 8, 9]   [0]
2   2   [7]   subclone   [0, 1, 2, 3, 4, 5, 6, 7, 8, 9, 18, 19, 20, 21, 22, 23]   [6]
3   3   [1]   subclone   [0, 1, 2, 3, 4, 5, 6, 7, 8, 9]   [0]
4   3   [2]   subclone   [0, 1, 2, 3, 4, 5, 6, 7, 8, 9, 18, 19, 20, 21, 22, 23]   [0]
5   3   [1]   subclone   [0, 1, 2, 3, 4, 5, 6, 7, 8, 9, 24, 25, 26, 27, 28, 29, 30, 31, 32, 33, 34, 35, 36, 37]   [14]
6   3   [1]   subclone   [0, 1, 5, 6, 7, 8, 9, 10, 14, 17, 20, 22, 24, 25, 32, 33, 35, 36]   [11]
7   1.5   [0]   unobserved subclone   [0, 1, 2, 3, 4, 5, 6, 7, 8, 9]   [10]
 List of tree files  ['all_trees/mp3_rep2_m1_tree.csv', 'all_trees/mp3_rep2_m2_tree.csv', 'all_trees/mp3_rep2_m3_tree.csv', 'all_trees/mp3_rep2_m4_tree.csv', 'all_trees/mp3_rep2_m5_tree.csv']
{'1': ['0', '1', '2', '3', '4', '5', '6', '7', '8', '9'], '2': ['0', '1', '2', '3', '4', '5', '6', '7', '8', '9', '18', '19', '20', '21', '22', '23'], '3': ['0', '1', '2', '3', '4', '5', '6', '7', '8', '9'], '4': ['0', '1', '2', '3', '4', '5', '6', '7', '8', '9', '24', '25', '26', '27', '28', '29', '30', '31', '32', '33', '34', '35', '36', '37'], '5': ['0', '1', '2', '3', '4', '5', '6', '7', '8', '9', '18', '20', '27', '29', '32', '33', '34', '35', '36', '37'], '6': ['0', '1', '2', '4', '5', '6', '7', '8', '9', '10', '11', '13', '14', '17', '20', '24', '25', '32', '33', '35', '36'], '7': ['0', '1', '2', '3', '4', '5', '6', '7', '8', '9', '18', '19', '20', '21', '22', '23'], '8': ['0', '1', '2', '3', '4', '5', '6', '7', '8', '9']}
 Actual mutation of  1   []
 Actual mutation of  2   ['18', '21', '20', '23', '19', '22']
 Actual mutation of  3   []
 Actual mutation of  4   ['28', '27', '24', '37', '35', '29', '30', '36', '26', '25', '34', '32', '31', '33']
 Actual mutation of  5   ['27', '18', '20', '29', '35', '36', '34', '32', '37', '33']
 Actual mutation of  6   ['10', '24', '35', '20', '17', '25', '32', '13', '11', '36', '33', '14']
 Actual mutation of  7   []
 Updated node mutation  {'1': [], '2': ['18', '21', '20', '23', '19', '22'], '3': [], '4': ['28', '27', '24', '37', '35', '29', '30', '36', '26', '25', '34', '32', '31', '33'], '5': ['27', '18', '20', '29', '35', '36', '34', '32', '37', '33'], '6': ['10', '24', '35', '20', '17', '25', '32', '13', '11', '36', '33', '14'], '7': [], '8': ['0', '1', '2', '3', '4', '5', '6', '7', '8', '9']}
{'1': ['0', '1', '2', '3', '4', '5', '6', '7', '8', '9'], '2': ['0', '1', '2', '3', '4', '5', '6', '7', '8', '9', '18', '19', '20', '21', '22', '23'], '3': ['0', '1', '2', '3', '4', '5', '6', '7', '8', '9'], '4': ['0', '1', '2', '3', '4', '5', '6', '7', '8', '9', '18', '19', '20', '21', '22', '23'], '5': ['0', '1', '2', '3', '4', '5', '6', '7', '8', '9', '24', '25', '26', '27', '28', '29', '30', '31', '32', '33', '34', '35', '36', '37'], '6': ['0', '1', '2', '3', '4', '5', '6', '7', '8', '9', '14', '19', '20', '24', '25', '26', '27', '28', '29', '30', '31', '32', '33', '34', '35', '36', '37'], '7': ['1', '2', '4', '5', '6', '7', '8', '9', '10', '13', '19', '22', '32', '33', '35', '36'], '8': ['0', '1', '2', '3', '4', '5', '6', '7', '8', '9']}
 Actual mutation of  1   []
 Actual mutation of  2   ['18', '21', '20', '23', '19', '22']
 Actual mutation of  3   []
 Actual mutation of  4   []
 Actual mutation of  5   ['28', '27', '24', '37', '35', '29', '30', '36', '26', '25', '34', '32', '31', '33']
 Actual mutation of  6   ['28', '27', '24', '37', '20', '29', '30', '35', '19', '25', '34', '36', '32', '26', '31', '33', '14']
 Actual mutation of  7   ['22', '10', '35', '19', '13', '32', '36', '33']
 Updated node mutation  {'1': [], '2': ['18', '21', '20', '23', '19', '22'], '3': [], '4': [], '5': ['28', '27', '24', '37', '35', '29', '30', '36', '26', '25', '34', '32', '31', '33'], '6': ['28', '27', '24', '37', '20', '29', '30', '35', '19', '25', '34', '36', '32', '26', '31', '33', '14'], '7': ['22', '10', '35', '19', '13', '32', '36', '33'], '8': ['0', '1', '2', '3', '4', '5', '6', '7', '8', '9']}
{'1': ['0', '1', '2', '3', '4', '5', '6', '7', '8', '9'], '2': ['0', '1', '2', '3', '4', '5', '6', '7', '8', '9', '18', '19', '20', '21', '22', '23'], '3': ['0', '1', '2', '3', '4', '5', '6', '7', '8', '9'], '4': ['0', '1', '2', '3', '4', '5', '6', '7', '8', '9', '24', '25', '26', '27', '28', '29', '30', '31', '32', '33', '34', '35', '36', '37'], '5': ['0', '1', '2', '3', '4', '9', '18', '19', '20', '22', '27', '28', '31', '32', '33', '34', '35', '36', '37'], '6': ['1', '5', '6', '7', '8', '9', '10', '13', '17', '19', '20', '24', '28', '32', '33', '35', '36'], '7': ['0', '1', '2', '3', '4', '5', '6', '7', '8', '9', '18', '19', '20', '21', '22', '23'], '8': ['0', '1', '2', '3', '4', '5', '6', '7', '8', '9']}
 Actual mutation of  1   []
 Actual mutation of  2   ['18', '21', '20', '23', '19', '22']
 Actual mutation of  3   []
 Actual mutation of  4   ['28', '27', '24', '37', '35', '29', '30', '36', '26', '25', '34', '32', '31', '33']
 Actual mutation of  5   ['28', '27', '18', '37', '20', '35', '36', '31', '19', '34', '32', '22', '33']
 Actual mutation of  6   ['28', '24', '10', '35', '20', '19', '17', '13', '32', '36', '33']
 Actual mutation of  7   []
 Updated node mutation  {'1': [], '2': ['18', '21', '20', '23', '19', '22'], '3': [], '4': ['28', '27', '24', '37', '35', '29', '30', '36', '26', '25', '34', '32', '31', '33'], '5': ['28', '27', '18', '37', '20', '35', '36', '31', '19', '34', '32', '22', '33'], '6': ['28', '24', '10', '35', '20', '19', '17', '13', '32', '36', '33'], '7': [], '8': ['0', '1', '2', '3', '4', '5', '6', '7', '8', '9']}
{'1': ['0', '1', '2', '3', '4', '5', '6', '7', '8', '9'], '2': ['0', '1', '2', '3', '4', '5', '6', '7', '8', '9', '18', '19', '20', '21', '22', '23'], '3': ['0', '1', '2', '3', '4', '5', '6', '7', '8', '9'], '4': ['0', '1', '2', '3', '4', '5', '6', '7', '8', '9', '18', '19', '20', '21', '22', '23'], '5': ['0', '1', '2', '3', '4', '5', '6', '7', '8', '9', '24', '25', '26', '27', '28', '29', '30', '31', '32', '33', '34', '35', '36', '37'], '6': ['1', '4', '5', '6', '7', '8', '9', '10', '13', '19', '20', '22', '24', '32', '33', '35', '36'], '7': ['0', '1', '2', '3', '4', '5', '6', '7', '8', '9']}
 Actual mutation of  1   []
 Actual mutation of  2   ['18', '21', '20', '23', '19', '22']
 Actual mutation of  3   []
 Actual mutation of  4   []
 Actual mutation of  5   ['28', '27', '24', '37', '35', '29', '30', '36', '26', '25', '34', '32', '31', '33']
 Actual mutation of  6   ['22', '24', '10', '35', '20', '19', '13', '32', '36', '33']
 Updated node mutation  {'1': [], '2': ['18', '21', '20', '23', '19', '22'], '3': [], '4': [], '5': ['28', '27', '24', '37', '35', '29', '30', '36', '26', '25', '34', '32', '31', '33'], '6': ['22', '24', '10', '35', '20', '19', '13', '32', '36', '33'], '7': ['0', '1', '2', '3', '4', '5', '6', '7', '8', '9']}
{'1': ['0', '1', '2', '3', '4', '5', '6', '7', '8', '9'], '2': ['0', '1', '2', '3', '4', '5', '6', '7', '8', '9', '18', '19', '20', '21', '22', '23'], '3': ['0', '1', '2', '3', '4', '5', '6', '7', '8', '9'], '4': ['0', '1', '2', '3', '4', '5', '6', '7', '8', '9', '18', '19', '20', '21', '22', '23'], '5': ['0', '1', '2', '3', '4', '5', '6', '7', '8', '9', '24', '25', '26', '27', '28', '29', '30', '31', '32', '33', '34', '35', '36', '37'], '6': ['0', '1', '5', '6', '7', '8', '9', '10', '14', '17', '20', '22', '24', '25', '32', '33', '35', '36'], '7': ['0', '1', '2', '3', '4', '5', '6', '7', '8', '9']}
 Actual mutation of  1   []
 Actual mutation of  2   ['18', '21', '20', '23', '19', '22']
 Actual mutation of  3   []
 Actual mutation of  4   []
 Actual mutation of  5   ['28', '27', '24', '37', '35', '29', '30', '36', '26', '25', '34', '32', '31', '33']
 Actual mutation of  6   ['22', '24', '10', '35', '20', '17', '25', '32', '36', '33', '14']
 Updated node mutation  {'1': [], '2': ['18', '21', '20', '23', '19', '22'], '3': [], '4': [], '5': ['28', '27', '24', '37', '35', '29', '30', '36', '26', '25', '34', '32', '31', '33'], '6': ['22', '24', '10', '35', '20', '17', '25', '32', '36', '33', '14'], '7': ['0', '1', '2', '3', '4', '5', '6', '7', '8', '9']}
 Parallel mutation count  {'m1': 12, 'm2': 17, 'm3': 14, 'm4': 8, 'm5': 8}
 Clusters with least parallel mutations  ['m4', 'm5']
 Cluster nos for each run  {'m4': 7, 'm5': 4}
 Run  m5
 Base path  ['mp3', 'rep2', 'm1', 'tree.csv']
 Best tree path  mp3_rep2_m5_tree.csv
