11
 Total estimated FP  270  True negatives  9105
 Total estimated FN  1231  True positives  4754
 Estimated FP rate  0.05374
 Estimated FN rate  0.12
 No. of Cells in each cluster  {'7_2': 1, '5_3': 1, '3_3': 172, '9_3': 1, '2_2': 99, '2_3': 326}
 Cells in each cluster  {'7_2': [0], '5_3': [385], '3_3': [427, 428, 429, 430, 431, 432, 433, 434, 435, 436, 437, 438, 439, 440, 441, 442, 443, 444, 445, 446, 447, 448, 449, 450, 451, 452, 453, 454, 455, 456, 457, 458, 459, 460, 461, 462, 463, 464, 465, 466, 467, 468, 469, 470, 471, 472, 473, 474, 475, 476, 477, 478, 479, 480, 481, 482, 483, 484, 485, 486, 487, 488, 489, 490, 491, 492, 493, 494, 495, 496, 497, 498, 499, 500, 501, 502, 503, 504, 505, 506, 507, 508, 509, 510, 511, 512, 513, 514, 515, 516, 517, 518, 519, 520, 521, 522, 523, 525, 526, 527, 528, 529, 530, 531, 532, 533, 534, 535, 536, 537, 538, 539, 540, 541, 542, 543, 544, 545, 546, 547, 548, 549, 550, 551, 552, 553, 554, 555, 556, 557, 558, 559, 560, 561, 562, 563, 564, 565, 566, 567, 568, 569, 570, 571, 572, 573, 574, 575, 576, 577, 578, 579, 580, 581, 582, 583, 584, 585, 586, 587, 588, 589, 590, 591, 592, 593, 594, 595, 596, 597, 598, 599], '9_3': [524], '2_2': [7, 67, 92, 4, 71, 93, 2, 8, 17, 29, 39, 44, 45, 46, 47, 48, 50, 51, 52, 55, 56, 58, 59, 65, 69, 72, 74, 75, 76, 79, 80, 81, 85, 86, 89, 90, 91, 94, 95, 96, 1, 3, 5, 6, 9, 10, 11, 12, 14, 15, 16, 18, 19, 21, 22, 23, 24, 26, 28, 30, 31, 32, 33, 34, 36, 37, 38, 40, 41, 42, 49, 53, 61, 62, 63, 64, 70, 83, 84, 88, 98, 99, 20, 54, 73, 78, 87, 13, 25, 27, 35, 43, 57, 60, 68, 82, 97, 66, 77], '2_3': [105, 173, 208, 236, 267, 293, 360, 394, 399, 420, 112, 130, 138, 327, 383, 100, 101, 103, 106, 111, 113, 115, 116, 120, 122, 126, 127, 128, 129, 132, 134, 135, 136, 137, 139, 140, 141, 142, 144, 145, 146, 147, 148, 149, 150, 152, 154, 155, 156, 157, 158, 161, 162, 163, 164, 168, 169, 178, 180, 181, 183, 185, 187, 188, 190, 192, 193, 195, 196, 199, 201, 202, 203, 205, 206, 207, 210, 212, 213, 215, 216, 218, 222, 224, 226, 231, 232, 234, 235, 237, 239, 240, 242, 243, 244, 247, 249, 250, 253, 255, 257, 260, 262, 263, 268, 270, 271, 275, 277, 278, 279, 281, 283, 284, 286, 287, 288, 290, 291, 292, 295, 296, 297, 299, 300, 301, 302, 303, 304, 305, 308, 309, 310, 311, 312, 313, 316, 317, 319, 320, 321, 322, 325, 326, 329, 331, 332, 334, 336, 337, 338, 339, 340, 341, 342, 344, 345, 351, 352, 353, 354, 357, 359, 362, 363, 364, 367, 370, 371, 372, 373, 377, 378, 379, 381, 382, 386, 388, 390, 391, 392, 393, 397, 401, 404, 409, 419, 104, 107, 118, 119, 123, 151, 160, 166, 167, 170, 171, 172, 175, 176, 179, 182, 189, 191, 194, 197, 214, 220, 221, 227, 230, 233, 241, 246, 254, 256, 259, 261, 264, 265, 272, 273, 280, 282, 285, 289, 298, 306, 314, 318, 323, 328, 330, 333, 335, 343, 348, 349, 355, 358, 365, 366, 368, 369, 380, 384, 387, 389, 395, 398, 400, 403, 405, 407, 408, 410, 411, 412, 413, 414, 415, 416, 417, 418, 422, 423, 424, 425, 426, 165, 184, 211, 356, 421, 102, 108, 109, 114, 117, 121, 124, 125, 133, 143, 153, 159, 198, 200, 204, 209, 217, 219, 223, 228, 229, 238, 248, 251, 252, 258, 266, 274, 294, 307, 315, 324, 346, 347, 361, 374, 375, 376, 396, 402, 110, 131, 174, 177, 186, 225, 245, 269, 276, 350, 406]}
FP rate  0.05374 FN rate  0.12
 Before reassigning cells 
 Timepoint  2
 Cluster  7  # of cells  3
 Cluster  2  # of cells  97
 Timepoint  3
 Cluster  5  # of cells  1
 Cluster  3  # of cells  169
 Cluster  9  # of cells  3
 Cluster  2  # of cells  326
 Cells absent at timepoint  2   set()
 Cells absent at timepoint  3   {430}
 Missing cell prob  {'3': 7.558304986122974e-06, '2': 8.44028458671073e-07, '5': 1.7213507854685547e-09, '9': 7.558304986122974e-06}
 Timepoint  2
SortedDict({2: {'7': ['0', '44', '79'], '2': ['1', '2', '3', '4', '5', '6', '7', '8', '9', '10', '11', '12', '13', '14', '15', '16', '17', '18', '19', '20', '21', '22', '23', '24', '25', '26', '27', '28', '29', '30', '31', '32', '33', '34', '35', '36', '37', '38', '39', '40', '41', '42', '43', '45', '46', '47', '48', '49', '50', '51', '52', '53', '54', '55', '56', '57', '58', '59', '60', '61', '62', '63', '64', '65', '66', '67', '68', '69', '70', '71', '72', '73', '74', '75', '76', '77', '78', '80', '81', '82', '83', '84', '85', '86', '87', '88', '89', '90', '91', '92', '93', '94', '95', '96', '97', '98', '99']}, 3: {'5': ['385'], '3': ['427', '428', '431', '432', '433', '434', '435', '436', '437', '438', '439', '440', '441', '442', '443', '444', '445', '446', '447', '448', '449', '450', '451', '452', '453', '454', '455', '456', '457', '458', '459', '460', '461', '462', '463', '464', '465', '466', '467', '468', '469', '470', '471', '472', '473', '474', '475', '476', '477', '478', '479', '480', '481', '482', '483', '484', '485', '486', '487', '488', '489', '490', '491', '492', '493', '494', '495', '496', '497', '498', '500', '501', '502', '503', '504', '505', '506', '507', '508', '509', '510', '511', '512', '513', '514', '515', '516', '517', '518', '519', '520', '521', '522', '523', '525', '526', '527', '528', '529', '530', '531', '532', '533', '534', '535', '536', '537', '538', '539', '540', '541', '542', '543', '544', '545', '546', '547', '548', '549', '550', '551', '552', '553', '554', '555', '556', '557', '558', '559', '560', '561', '562', '563', '564', '565', '566', '567', '568', '569', '570', '571', '572', '573', '574', '575', '576', '577', '578', '579', '580', '581', '582', '583', '584', '585', '586', '587', '588', '589', '590', '591', '592', '593', '594', '595', '596', '597', '598', '599', '430'], '9': ['429', '499', '524'], '2': ['100', '101', '102', '103', '104', '105', '106', '107', '108', '109', '110', '111', '112', '113', '114', '115', '116', '117', '118', '119', '120', '121', '122', '123', '124', '125', '126', '127', '128', '129', '130', '131', '132', '133', '134', '135', '136', '137', '138', '139', '140', '141', '142', '143', '144', '145', '146', '147', '148', '149', '150', '151', '152', '153', '154', '155', '156', '157', '158', '159', '160', '161', '162', '163', '164', '165', '166', '167', '168', '169', '170', '171', '172', '173', '174', '175', '176', '177', '178', '179', '180', '181', '182', '183', '184', '185', '186', '187', '188', '189', '190', '191', '192', '193', '194', '195', '196', '197', '198', '199', '200', '201', '202', '203', '204', '205', '206', '207', '208', '209', '210', '211', '212', '213', '214', '215', '216', '217', '218', '219', '220', '221', '222', '223', '224', '225', '226', '227', '228', '229', '230', '231', '232', '233', '234', '235', '236', '237', '238', '239', '240', '241', '242', '243', '244', '245', '246', '247', '248', '249', '250', '251', '252', '253', '254', '255', '256', '257', '258', '259', '260', '261', '262', '263', '264', '265', '266', '267', '268', '269', '270', '271', '272', '273', '274', '275', '276', '277', '278', '279', '280', '281', '282', '283', '284', '285', '286', '287', '288', '289', '290', '291', '292', '293', '294', '295', '296', '297', '298', '299', '300', '301', '302', '303', '304', '305', '306', '307', '308', '309', '310', '311', '312', '313', '314', '315', '316', '317', '318', '319', '320', '321', '322', '323', '324', '325', '326', '327', '328', '329', '330', '331', '332', '333', '334', '335', '336', '337', '338', '339', '340', '341', '342', '343', '344', '345', '346', '347', '348', '349', '350', '351', '352', '353', '354', '355', '356', '357', '358', '359', '360', '361', '362', '363', '364', '365', '366', '367', '368', '369', '370', '371', '372', '373', '374', '375', '376', '377', '378', '379', '380', '381', '382', '383', '384', '386', '387', '388', '389', '390', '391', '392', '393', '394', '395', '396', '397', '398', '399', '400', '401', '402', '403', '404', '405', '406', '407', '408', '409', '410', '411', '412', '413', '414', '415', '416', '417', '418', '419', '420', '421', '422', '423', '424', '425', '426']}})
 Cluster1  7
 Cluster to drop  2
 Timepoint  3
SortedDict({2: {'7': ['0', '44', '79', '1', '2', '3', '4', '5', '6', '7', '8', '9', '10', '11', '12', '13', '14', '15', '16', '17', '18', '19', '20', '21', '22', '23', '24', '25', '26', '27', '28', '29', '30', '31', '32', '33', '34', '35', '36', '37', '38', '39', '40', '41', '42', '43', '45', '46', '47', '48', '49', '50', '51', '52', '53', '54', '55', '56', '57', '58', '59', '60', '61', '62', '63', '64', '65', '66', '67', '68', '69', '70', '71', '72', '73', '74', '75', '76', '77', '78', '80', '81', '82', '83', '84', '85', '86', '87', '88', '89', '90', '91', '92', '93', '94', '95', '96', '97', '98', '99']}, 3: {'5': ['385'], '3': ['427', '428', '431', '432', '433', '434', '435', '436', '437', '438', '439', '440', '441', '442', '443', '444', '445', '446', '447', '448', '449', '450', '451', '452', '453', '454', '455', '456', '457', '458', '459', '460', '461', '462', '463', '464', '465', '466', '467', '468', '469', '470', '471', '472', '473', '474', '475', '476', '477', '478', '479', '480', '481', '482', '483', '484', '485', '486', '487', '488', '489', '490', '491', '492', '493', '494', '495', '496', '497', '498', '500', '501', '502', '503', '504', '505', '506', '507', '508', '509', '510', '511', '512', '513', '514', '515', '516', '517', '518', '519', '520', '521', '522', '523', '525', '526', '527', '528', '529', '530', '531', '532', '533', '534', '535', '536', '537', '538', '539', '540', '541', '542', '543', '544', '545', '546', '547', '548', '549', '550', '551', '552', '553', '554', '555', '556', '557', '558', '559', '560', '561', '562', '563', '564', '565', '566', '567', '568', '569', '570', '571', '572', '573', '574', '575', '576', '577', '578', '579', '580', '581', '582', '583', '584', '585', '586', '587', '588', '589', '590', '591', '592', '593', '594', '595', '596', '597', '598', '599', '430'], '9': ['429', '499', '524'], '2': ['100', '101', '102', '103', '104', '105', '106', '107', '108', '109', '110', '111', '112', '113', '114', '115', '116', '117', '118', '119', '120', '121', '122', '123', '124', '125', '126', '127', '128', '129', '130', '131', '132', '133', '134', '135', '136', '137', '138', '139', '140', '141', '142', '143', '144', '145', '146', '147', '148', '149', '150', '151', '152', '153', '154', '155', '156', '157', '158', '159', '160', '161', '162', '163', '164', '165', '166', '167', '168', '169', '170', '171', '172', '173', '174', '175', '176', '177', '178', '179', '180', '181', '182', '183', '184', '185', '186', '187', '188', '189', '190', '191', '192', '193', '194', '195', '196', '197', '198', '199', '200', '201', '202', '203', '204', '205', '206', '207', '208', '209', '210', '211', '212', '213', '214', '215', '216', '217', '218', '219', '220', '221', '222', '223', '224', '225', '226', '227', '228', '229', '230', '231', '232', '233', '234', '235', '236', '237', '238', '239', '240', '241', '242', '243', '244', '245', '246', '247', '248', '249', '250', '251', '252', '253', '254', '255', '256', '257', '258', '259', '260', '261', '262', '263', '264', '265', '266', '267', '268', '269', '270', '271', '272', '273', '274', '275', '276', '277', '278', '279', '280', '281', '282', '283', '284', '285', '286', '287', '288', '289', '290', '291', '292', '293', '294', '295', '296', '297', '298', '299', '300', '301', '302', '303', '304', '305', '306', '307', '308', '309', '310', '311', '312', '313', '314', '315', '316', '317', '318', '319', '320', '321', '322', '323', '324', '325', '326', '327', '328', '329', '330', '331', '332', '333', '334', '335', '336', '337', '338', '339', '340', '341', '342', '343', '344', '345', '346', '347', '348', '349', '350', '351', '352', '353', '354', '355', '356', '357', '358', '359', '360', '361', '362', '363', '364', '365', '366', '367', '368', '369', '370', '371', '372', '373', '374', '375', '376', '377', '378', '379', '380', '381', '382', '383', '384', '386', '387', '388', '389', '390', '391', '392', '393', '394', '395', '396', '397', '398', '399', '400', '401', '402', '403', '404', '405', '406', '407', '408', '409', '410', '411', '412', '413', '414', '415', '416', '417', '418', '419', '420', '421', '422', '423', '424', '425', '426']}})
 Cluster1  3
 Cluster to drop  9
 After reassigning and merging cells 
 Timepoint  2
 Cluster  7  # of cells  100
 Timepoint  3
 Cluster  5  # of cells  1
 Cluster  3  # of cells  173
 Cluster  2  # of cells  326
 Tp cluster cell dict  {'7_2': 100, '5_3': 1, '3_3': 173, '2_3': 326}
 New Graph is here 
 ID  0  Timepoint  1  Mutations  []  Type  subclone
 ID  1  Timepoint  2  Mutations  [0, 1, 2, 3, 4, 5, 6, 7, 18]  Type  subclone
 ID  2  Timepoint  3  Mutations  [1, 2, 4, 5, 7, 8, 11, 17, 18, 20, 26]  Type  subclone
 ID  3  Timepoint  3  Mutations  [0, 1, 2, 3, 4, 5, 6, 7, 19, 20, 21, 22, 23, 24, 25, 26, 27, 28, 29, 30, 31]  Type  subclone
 ID  4  Timepoint  3  Mutations  [0, 1, 2, 3, 4, 5, 6, 7, 18]  Type  subclone
Timepoints  SortedDict({1: [0], 2: [1], 3: [2, 3, 4]})
 Clone to nodes  {'7_2': 1, '5_3': 2, '3_3': 3, '2_3': 4}
 Timepoint ====  1
 Hash table  {'0': [0, 1, 2, 3, 4, 5, 6, 7, 18]}
 Final possible usc  [[0, 1, 2, 3, 4, 5, 6, 7, 18]]
 Time  1  USC keys  {'0,1,2,3,4,5,6,7,18_0'}
 USC children  {'0,1,2,3,4,5,6,7,18_0': [1]}
 USC children  {'0,1,2,3,4,5,6,7,18_0': [1]}
 Timepoint ====  2
 Hash table  {'0,1': [1, 2, 4, 5, 7, 20, 26], '0': [8, 11, 17, 18], '1': [0, 3, 6, 19, 21, 22, 23, 24, 25, 27, 28, 29, 30, 31]}
====== Inside find superset of t nodes ==========
 Final possible usc  []
 Time  2  USC keys  set()
 USC children  {'0,1,2,3,4,5,6,7,18_0': [1]}
 USC children  {'0,1,2,3,4,5,6,7,18_0': [1]}
 Node s  {'1': ['0', '1', '2', '3', '4', '5', '6', '7', '18']}
 Enroll USC nodes  ['1']  len  1
 Node TP  SortedDict({1: [0], 2: [1], 3: [2, 3, 4]})
 Unobserved subclones at timepoints  {}
 ============== Inside finding node v ============ 
 Time  2
 largest_v_mut  [[]]
 Time  3
 largest_v_mut  []
 largest_v_mut  []
 Sorted all timepoints  [1, 2, 3]
 Timepoint  2
 Timepoint  3
 Node  2  has no parent 
 USC nodes  []
 Node with minimum mutation sets  {1: 3}
 Node  3  has no parent 
 USC nodes  []
 Node with minimum mutation sets  {1: 1}
0   1   [-1]   subclone   []   []
1   2   [0]   subclone   [0, 1, 2, 3, 4, 5, 6, 7, 18]   [9]
2   3   [1]   subclone   [1, 2, 4, 5, 7, 8, 11, 17, 18, 20, 26]   [5]
3   3   [1]   subclone   [0, 1, 2, 3, 4, 5, 6, 7, 19, 20, 21, 22, 23, 24, 25, 26, 27, 28, 29, 30, 31]   [13]
4   3   [1]   subclone   [0, 1, 2, 3, 4, 5, 6, 7, 18]   [0]
5
 Total estimated FP  270  True negatives  9099
 Total estimated FN  1237  True positives  4754
 Estimated FP rate  0.05374
 Estimated FN rate  0.12
 No. of Cells in each cluster  {'2_2': 1, '2_3': 1, '1_3': 172, '3_3': 1, '4_2': 99, '4_3': 326}
 Cells in each cluster  {'2_2': [0], '2_3': [385], '1_3': [427, 428, 429, 430, 431, 432, 433, 434, 435, 436, 437, 438, 439, 440, 441, 442, 443, 444, 445, 446, 447, 448, 449, 450, 451, 452, 453, 454, 455, 456, 457, 458, 459, 460, 461, 462, 463, 464, 465, 466, 467, 468, 469, 470, 471, 472, 473, 474, 475, 476, 477, 478, 479, 480, 481, 482, 483, 484, 485, 486, 487, 488, 489, 490, 491, 492, 493, 494, 495, 496, 497, 498, 499, 500, 501, 502, 503, 504, 505, 506, 507, 508, 509, 510, 511, 512, 513, 514, 515, 516, 517, 518, 519, 520, 521, 522, 523, 525, 526, 527, 528, 529, 530, 531, 532, 533, 534, 535, 536, 537, 538, 539, 540, 541, 542, 543, 544, 545, 546, 547, 548, 549, 550, 551, 552, 553, 554, 555, 556, 557, 558, 559, 560, 561, 562, 563, 564, 565, 566, 567, 568, 569, 570, 571, 572, 573, 574, 575, 576, 577, 578, 579, 580, 581, 582, 583, 584, 585, 586, 587, 588, 589, 590, 591, 592, 593, 594, 595, 596, 597, 598, 599], '3_3': [524], '4_2': [1, 3, 5, 6, 8, 9, 12, 13, 14, 15, 16, 17, 18, 19, 20, 21, 22, 24, 26, 28, 30, 32, 33, 34, 36, 37, 38, 39, 40, 41, 42, 43, 44, 45, 46, 47, 48, 49, 50, 51, 52, 54, 55, 56, 58, 59, 60, 61, 62, 63, 64, 65, 66, 67, 68, 69, 70, 72, 73, 74, 75, 76, 77, 78, 79, 80, 81, 82, 83, 85, 86, 87, 88, 89, 90, 91, 92, 93, 94, 95, 96, 97, 98, 99, 2, 4, 7, 10, 11, 23, 25, 27, 29, 31, 35, 53, 57, 71, 84], '4_3': [100, 101, 102, 103, 104, 105, 106, 107, 109, 110, 111, 112, 113, 114, 115, 116, 117, 118, 119, 120, 121, 122, 123, 124, 125, 126, 127, 128, 129, 130, 131, 132, 133, 134, 135, 136, 137, 139, 140, 141, 142, 143, 144, 145, 146, 147, 148, 149, 150, 151, 152, 153, 154, 155, 156, 157, 158, 159, 160, 161, 162, 163, 164, 165, 166, 167, 168, 169, 170, 171, 172, 173, 174, 175, 176, 177, 178, 179, 180, 181, 182, 183, 184, 185, 186, 187, 188, 190, 192, 193, 194, 195, 196, 197, 198, 199, 200, 201, 202, 203, 204, 205, 206, 207, 209, 210, 211, 212, 213, 214, 215, 216, 217, 218, 219, 220, 221, 222, 224, 225, 226, 227, 229, 231, 232, 233, 234, 235, 236, 237, 238, 239, 240, 241, 242, 243, 244, 245, 246, 247, 249, 250, 251, 252, 253, 254, 255, 256, 257, 258, 259, 260, 261, 262, 263, 264, 265, 266, 267, 268, 269, 270, 271, 272, 273, 274, 275, 276, 277, 278, 279, 280, 281, 282, 283, 284, 285, 286, 287, 288, 289, 290, 291, 292, 293, 294, 295, 296, 297, 298, 299, 300, 301, 302, 303, 304, 305, 306, 307, 308, 309, 310, 311, 312, 313, 314, 316, 317, 318, 319, 320, 321, 322, 323, 324, 325, 326, 327, 328, 329, 330, 331, 332, 333, 334, 335, 336, 337, 338, 339, 340, 341, 342, 343, 344, 345, 346, 347, 348, 350, 352, 353, 354, 356, 357, 358, 359, 360, 361, 362, 363, 364, 365, 366, 367, 368, 369, 370, 371, 372, 373, 374, 375, 376, 377, 378, 379, 380, 382, 384, 386, 388, 389, 390, 391, 392, 393, 395, 397, 398, 400, 401, 404, 405, 406, 407, 408, 409, 411, 412, 414, 415, 416, 417, 418, 419, 421, 422, 424, 425, 426, 108, 138, 189, 191, 208, 223, 228, 230, 248, 315, 349, 351, 355, 381, 383, 387, 394, 396, 399, 402, 403, 410, 413, 420, 423]}
FP rate  0.05374 FN rate  0.12
 Before reassigning cells 
 Timepoint  2
 Cluster  2  # of cells  1
 Cluster  4  # of cells  99
 Timepoint  3
 Cluster  2  # of cells  2
 Cluster  1  # of cells  171
 Cluster  3  # of cells  2
 Cluster  4  # of cells  325
 Cells absent at timepoint  2   set()
 Cells absent at timepoint  3   set()
 Timepoint  2
 Timepoint  3
 After reassigning and merging cells 
 Timepoint  2
 Cluster  2  # of cells  1
 Cluster  4  # of cells  99
 Timepoint  3
 Cluster  2  # of cells  2
 Cluster  1  # of cells  171
 Cluster  3  # of cells  2
 Cluster  4  # of cells  325
 Tp cluster cell dict  {'2_2': 1, '4_2': 99, '2_3': 2, '1_3': 171, '3_3': 2, '4_3': 325}
 New Graph is here 
 ID  0  Timepoint  1  Mutations  []  Type  subclone
 ID  1  Timepoint  2  Mutations  [1, 2, 4, 5, 6, 7, 8, 11, 18, 20, 25, 26, 27, 31]  Type  subclone
 ID  2  Timepoint  2  Mutations  [0, 1, 2, 3, 4, 5, 6, 7, 18]  Type  subclone
 ID  3  Timepoint  3  Mutations  [0, 1, 2, 3, 4, 5, 6, 7, 8, 11, 18, 20, 25, 26, 27, 31]  Type  subclone
 ID  4  Timepoint  3  Mutations  [0, 1, 2, 3, 4, 5, 6, 7, 19, 20, 21, 22, 23, 24, 25, 26, 27, 28, 29, 30, 31]  Type  subclone
 ID  5  Timepoint  3  Mutations  [0, 1, 2, 3, 4, 5, 6, 7, 8, 14, 19, 20, 21, 22, 23, 24, 25, 26, 27, 28, 29, 30, 31]  Type  subclone
 ID  6  Timepoint  3  Mutations  [0, 1, 2, 3, 4, 5, 6, 7, 18]  Type  subclone
Timepoints  SortedDict({1: [0], 2: [1, 2], 3: [3, 4, 5, 6]})
 Clone to nodes  {'2_2': 1, '4_2': 2, '2_3': 3, '1_3': 4, '3_3': 5, '4_3': 6}
 Timepoint ====  1
 Hash table  {'0,1': [1, 2, 4, 5, 6, 7, 18], '0': [8, 11, 20, 25, 26, 27, 31], '1': [0, 3]}
 Final possible usc  [[1, 2, 4, 5, 6, 7, 18], [8, 11, 20, 25, 26, 27, 31], [0, 3]]
 Time  1  USC keys  {'0,3_0', '1,2,4,5,6,7,18_0', '8,11,20,25,26,27,31_0'}
 USC children  {'1,2,4,5,6,7,18_0': [1, 2], '8,11,20,25,26,27,31_0': [1], '0,3_0': [2]}
 USC children  {'1,2,4,5,6,7,18_0': [1, 2], '8,11,20,25,26,27,31_0': [1], '0,3_0': [2]}
 Timepoint ====  2
 Hash table  {'0,1,2': [0, 1, 2, 3, 4, 5, 6, 7, 20, 25, 26, 27, 31], '0,2': [8], '0': [11, 18], '1,2': [19, 21, 22, 23, 24, 28, 29, 30], '2': [14]}
====== Inside find superset of t nodes ==========
 Final possible usc  []
 Time  2  USC keys  set()
 USC children  {'1,2,4,5,6,7,18_0': [1, 2], '8,11,20,25,26,27,31_0': [1], '0,3_0': [2]}
 USC children  {'1,2,4,5,6,7,18_0': [1, 2], '8,11,20,25,26,27,31_0': [1], '0,3_0': [2]}
 Node s  {'1,2': ['1', '2', '4', '5', '6', '7', '18']}
 Enroll USC nodes  ['1', '2']  len  2
 Node TP  SortedDict({1: [0], 2: [1, 2], 3: [3, 4, 5, 6]})
 Unobserved subclones at timepoints  {1.5: [7]}
 ============== Inside finding node v ============ 
 Time  2
 Time  3
 largest_v_mut  [[0, 1, 2, 3, 4, 5, 6, 7, 18], [1, 2, 4, 5, 6, 7, 8, 11, 18, 20, 25, 26, 27, 31]]
 largest_v_mut  []
 largest_v_mut  []
 Sorted all timepoints  [1, 1.5, 2, 3]
 Timepoint  2
 Inside usc_node check  2
 Timepoint  3
 Node  4  has no parent 
 USC nodes  []
 Node with minimum mutation sets  {1: 3, 2: 1}
 Node  5  has no parent 
 USC nodes  []
 Node with minimum mutation sets  {1: 2, 2: 1}
0   1   [-1]   subclone   []   []
1   2   [7]   subclone   [1, 2, 4, 5, 6, 7, 8, 11, 18, 20, 25, 26, 27, 31]   [7]
2   2   [7]   subclone   [0, 1, 2, 3, 4, 5, 6, 7, 18]   [2]
3   3   [2]   subclone   [0, 1, 2, 3, 4, 5, 6, 7, 8, 11, 18, 20, 25, 26, 27, 31]   [7]
4   3   [2]   subclone   [0, 1, 2, 3, 4, 5, 6, 7, 19, 20, 21, 22, 23, 24, 25, 26, 27, 28, 29, 30, 31]   [13]
5   3   [2]   subclone   [0, 1, 2, 3, 4, 5, 6, 7, 8, 14, 19, 20, 21, 22, 23, 24, 25, 26, 27, 28, 29, 30, 31]   [15]
6   3   [2]   subclone   [0, 1, 2, 3, 4, 5, 6, 7, 18]   [0]
7   1.5   [0]   unobserved subclone   [1, 2, 4, 5, 6, 7, 18]   [7]
9
 Total estimated FP  270  True negatives  9105
 Total estimated FN  1231  True positives  4754
 Estimated FP rate  0.05374
 Estimated FN rate  0.12
 No. of Cells in each cluster  {'4_2': 1, '5_3': 1, '1_3': 172, '7_3': 1, '3_2': 99, '3_3': 326}
 Cells in each cluster  {'4_2': [0], '5_3': [385], '1_3': [427, 428, 429, 430, 431, 432, 433, 434, 435, 436, 437, 438, 439, 440, 441, 442, 443, 444, 445, 446, 447, 448, 449, 450, 451, 452, 453, 454, 455, 456, 457, 458, 459, 460, 461, 462, 463, 464, 465, 466, 467, 468, 469, 470, 471, 472, 473, 474, 475, 476, 477, 478, 479, 480, 481, 482, 483, 484, 485, 486, 487, 488, 489, 490, 491, 492, 493, 494, 495, 496, 497, 498, 499, 500, 501, 502, 503, 504, 505, 506, 507, 508, 509, 510, 511, 512, 513, 514, 515, 516, 517, 518, 519, 520, 521, 522, 523, 525, 526, 527, 528, 529, 530, 531, 532, 533, 534, 535, 536, 537, 538, 539, 540, 541, 542, 543, 544, 545, 546, 547, 548, 549, 550, 551, 552, 553, 554, 555, 556, 557, 558, 559, 560, 561, 562, 563, 564, 565, 566, 567, 568, 569, 570, 571, 572, 573, 574, 575, 576, 577, 578, 579, 580, 581, 582, 583, 584, 585, 586, 587, 588, 589, 590, 591, 592, 593, 594, 595, 596, 597, 598, 599], '7_3': [524], '3_2': [66, 77, 78, 1, 2, 3, 4, 5, 6, 8, 9, 12, 14, 15, 16, 17, 18, 19, 21, 22, 23, 24, 26, 28, 29, 30, 32, 33, 34, 35, 36, 37, 38, 39, 40, 41, 42, 43, 44, 45, 46, 47, 48, 49, 50, 51, 52, 55, 56, 58, 59, 61, 62, 63, 64, 65, 69, 70, 72, 74, 75, 76, 79, 80, 81, 82, 83, 84, 85, 86, 88, 89, 90, 91, 93, 94, 95, 96, 98, 99, 7, 20, 25, 54, 60, 67, 68, 73, 87, 92, 11, 13, 27, 57, 97, 10, 31, 53, 71], '3_3': [110, 131, 174, 177, 223, 225, 245, 269, 276, 350, 100, 101, 103, 104, 106, 107, 108, 111, 112, 113, 115, 116, 117, 118, 119, 120, 122, 123, 126, 127, 128, 129, 130, 132, 134, 135, 136, 137, 139, 140, 141, 142, 144, 145, 146, 147, 148, 149, 150, 151, 152, 154, 155, 156, 157, 158, 160, 161, 162, 163, 164, 166, 167, 168, 169, 170, 171, 172, 175, 176, 178, 179, 180, 181, 182, 183, 185, 186, 187, 188, 190, 191, 192, 193, 194, 195, 196, 197, 199, 200, 201, 202, 203, 205, 206, 207, 210, 211, 212, 213, 214, 215, 216, 218, 220, 221, 222, 224, 226, 227, 228, 230, 231, 232, 233, 234, 235, 237, 239, 240, 241, 242, 243, 244, 246, 247, 248, 249, 250, 251, 253, 255, 256, 257, 259, 260, 261, 262, 263, 264, 265, 268, 270, 271, 272, 273, 274, 275, 277, 278, 279, 280, 281, 282, 283, 284, 285, 286, 287, 288, 289, 290, 291, 292, 294, 295, 296, 297, 298, 300, 301, 302, 303, 304, 305, 306, 307, 308, 309, 310, 311, 312, 313, 314, 316, 317, 318, 319, 320, 321, 322, 323, 325, 326, 327, 328, 329, 330, 331, 332, 333, 334, 335, 336, 337, 338, 339, 340, 341, 342, 343, 344, 345, 348, 349, 351, 352, 353, 354, 355, 357, 358, 359, 362, 363, 364, 365, 366, 367, 368, 369, 370, 371, 372, 373, 377, 378, 379, 380, 381, 382, 384, 386, 388, 389, 390, 391, 392, 393, 395, 396, 397, 398, 400, 401, 404, 405, 406, 407, 408, 409, 411, 412, 414, 415, 416, 417, 418, 419, 420, 421, 422, 423, 424, 425, 426, 105, 114, 143, 153, 165, 173, 184, 204, 208, 217, 219, 229, 236, 238, 252, 267, 293, 315, 324, 356, 360, 394, 102, 109, 121, 124, 125, 133, 159, 198, 209, 254, 258, 266, 346, 347, 361, 374, 375, 376, 402, 403, 413, 138, 189, 299, 383, 387, 399, 410]}
FP rate  0.05374 FN rate  0.12
 Before reassigning cells 
 Timepoint  2
 Cluster  4  # of cells  1
 Cluster  3  # of cells  99
 Timepoint  3
 Cluster  5  # of cells  2
 Cluster  1  # of cells  170
 Cluster  7  # of cells  3
 Cluster  3  # of cells  325
 Cells absent at timepoint  2   set()
 Cells absent at timepoint  3   set()
 Timepoint  2
 Timepoint  3
SortedDict({2: {'4': ['0'], '3': ['1', '2', '3', '4', '5', '6', '7', '8', '9', '10', '11', '12', '13', '14', '15', '16', '17', '18', '19', '20', '21', '22', '23', '24', '25', '26', '27', '28', '29', '30', '31', '32', '33', '34', '35', '36', '37', '38', '39', '40', '41', '42', '43', '44', '45', '46', '47', '48', '49', '50', '51', '52', '53', '54', '55', '56', '57', '58', '59', '60', '61', '62', '63', '64', '65', '66', '67', '68', '69', '70', '71', '72', '73', '74', '75', '76', '77', '78', '79', '80', '81', '82', '83', '84', '85', '86', '87', '88', '89', '90', '91', '92', '93', '94', '95', '96', '97', '98', '99']}, 3: {'5': ['130', '385'], '1': ['427', '428', '430', '431', '432', '433', '434', '435', '436', '437', '438', '439', '440', '441', '442', '443', '444', '445', '446', '447', '448', '449', '450', '451', '452', '453', '454', '455', '456', '457', '458', '459', '460', '461', '462', '463', '464', '465', '466', '467', '468', '469', '470', '471', '472', '473', '474', '475', '476', '477', '478', '479', '480', '481', '482', '483', '484', '485', '486', '487', '488', '489', '490', '491', '492', '493', '494', '495', '496', '497', '498', '500', '501', '502', '503', '504', '505', '506', '507', '508', '509', '510', '511', '512', '513', '514', '515', '516', '517', '518', '519', '520', '521', '522', '523', '525', '526', '527', '528', '529', '530', '531', '532', '533', '534', '535', '536', '537', '538', '539', '540', '541', '542', '543', '544', '545', '546', '547', '548', '549', '550', '551', '552', '553', '554', '555', '556', '557', '558', '559', '560', '561', '562', '563', '564', '565', '566', '567', '568', '569', '570', '571', '572', '573', '574', '575', '576', '577', '578', '579', '580', '581', '582', '583', '584', '585', '586', '587', '588', '589', '590', '591', '592', '593', '594', '595', '596', '597', '598', '599'], '7': ['429', '499', '524'], '3': ['100', '101', '102', '103', '104', '105', '106', '107', '108', '109', '110', '111', '112', '113', '114', '115', '116', '117', '118', '119', '120', '121', '122', '123', '124', '125', '126', '127', '128', '129', '131', '132', '133', '134', '135', '136', '137', '138', '139', '140', '141', '142', '143', '144', '145', '146', '147', '148', '149', '150', '151', '152', '153', '154', '155', '156', '157', '158', '159', '160', '161', '162', '163', '164', '165', '166', '167', '168', '169', '170', '171', '172', '173', '174', '175', '176', '177', '178', '179', '180', '181', '182', '183', '184', '185', '186', '187', '188', '189', '190', '191', '192', '193', '194', '195', '196', '197', '198', '199', '200', '201', '202', '203', '204', '205', '206', '207', '208', '209', '210', '211', '212', '213', '214', '215', '216', '217', '218', '219', '220', '221', '222', '223', '224', '225', '226', '227', '228', '229', '230', '231', '232', '233', '234', '235', '236', '237', '238', '239', '240', '241', '242', '243', '244', '245', '246', '247', '248', '249', '250', '251', '252', '253', '254', '255', '256', '257', '258', '259', '260', '261', '262', '263', '264', '265', '266', '267', '268', '269', '270', '271', '272', '273', '274', '275', '276', '277', '278', '279', '280', '281', '282', '283', '284', '285', '286', '287', '288', '289', '290', '291', '292', '293', '294', '295', '296', '297', '298', '299', '300', '301', '302', '303', '304', '305', '306', '307', '308', '309', '310', '311', '312', '313', '314', '315', '316', '317', '318', '319', '320', '321', '322', '323', '324', '325', '326', '327', '328', '329', '330', '331', '332', '333', '334', '335', '336', '337', '338', '339', '340', '341', '342', '343', '344', '345', '346', '347', '348', '349', '350', '351', '352', '353', '354', '355', '356', '357', '358', '359', '360', '361', '362', '363', '364', '365', '366', '367', '368', '369', '370', '371', '372', '373', '374', '375', '376', '377', '378', '379', '380', '381', '382', '383', '384', '386', '387', '388', '389', '390', '391', '392', '393', '394', '395', '396', '397', '398', '399', '400', '401', '402', '403', '404', '405', '406', '407', '408', '409', '410', '411', '412', '413', '414', '415', '416', '417', '418', '419', '420', '421', '422', '423', '424', '425', '426']}})
 Cluster1  1
 Cluster to drop  7
 After reassigning and merging cells 
 Timepoint  2
 Cluster  4  # of cells  1
 Cluster  3  # of cells  99
 Timepoint  3
 Cluster  5  # of cells  2
 Cluster  1  # of cells  173
 Cluster  3  # of cells  325
 Tp cluster cell dict  {'4_2': 1, '3_2': 99, '5_3': 2, '1_3': 173, '3_3': 325}
 New Graph is here 
 ID  0  Timepoint  1  Mutations  []  Type  subclone
 ID  1  Timepoint  2  Mutations  [1, 4, 5, 6, 7, 11, 20, 25, 27, 29]  Type  subclone
 ID  2  Timepoint  2  Mutations  [0, 1, 2, 3, 4, 5, 6, 7, 18]  Type  subclone
 ID  3  Timepoint  3  Mutations  [0, 1, 2, 3, 4, 5, 6, 7, 8, 11, 13, 17, 18, 20, 26]  Type  subclone
 ID  4  Timepoint  3  Mutations  [0, 1, 2, 3, 4, 5, 6, 7, 19, 20, 21, 22, 23, 24, 25, 26, 27, 28, 29, 30, 31]  Type  subclone
 ID  5  Timepoint  3  Mutations  [0, 1, 2, 3, 4, 5, 6, 7, 18]  Type  subclone
Timepoints  SortedDict({1: [0], 2: [1, 2], 3: [3, 4, 5]})
 Clone to nodes  {'4_2': 1, '3_2': 2, '5_3': 3, '1_3': 4, '3_3': 5}
 Timepoint ====  1
 Hash table  {'0,1': [1, 4, 5, 6, 7], '0': [11, 20, 25, 27, 29], '1': [0, 2, 3, 18]}
 Final possible usc  [[1, 4, 5, 6, 7], [11, 20, 25, 27, 29], [0, 2, 3, 18]]
 Time  1  USC keys  {'1,4,5,6,7_0', '11,20,25,27,29_0', '0,2,3,18_0'}
 USC children  {'1,4,5,6,7_0': [1, 2], '11,20,25,27,29_0': [1], '0,2,3,18_0': [2]}
 USC children  {'1,4,5,6,7_0': [1, 2], '11,20,25,27,29_0': [1], '0,2,3,18_0': [2]}
 Timepoint ====  2
 Hash table  {'0,1': [0, 1, 2, 3, 4, 5, 6, 7, 20, 26], '0': [8, 11, 13, 17, 18], '1': [19, 21, 22, 23, 24, 25, 27, 28, 29, 30, 31]}
====== Inside find superset of t nodes ==========
 Final possible usc  []
 Time  2  USC keys  set()
 USC children  {'1,4,5,6,7_0': [1, 2], '11,20,25,27,29_0': [1], '0,2,3,18_0': [2]}
 USC children  {'1,4,5,6,7_0': [1, 2], '11,20,25,27,29_0': [1], '0,2,3,18_0': [2]}
 Node s  {'1,2': ['1', '4', '5', '6', '7']}
 Enroll USC nodes  ['1', '2']  len  2
 Node TP  SortedDict({1: [0], 2: [1, 2], 3: [3, 4, 5]})
 Unobserved subclones at timepoints  {1.5: [6]}
 ============== Inside finding node v ============ 
 Time  2
 Time  3
 largest_v_mut  [[0, 1, 2, 3, 4, 5, 6, 7, 18]]
 largest_v_mut  []
 Sorted all timepoints  [1, 1.5, 2, 3]
 Timepoint  2
 Inside usc_node check  2
 Timepoint  3
 Node  4  has no parent 
 USC nodes  []
 Node with minimum mutation sets  {1: 1, 2: 1}
0   1   [-1]   subclone   []   []
1   2   [6]   subclone   [1, 4, 5, 6, 7, 11, 20, 25, 27, 29]   [5]
2   2   [6]   subclone   [0, 1, 2, 3, 4, 5, 6, 7, 18]   [4]
3   3   [2]   subclone   [0, 1, 2, 3, 4, 5, 6, 7, 8, 11, 13, 17, 18, 20, 26]   [6]
4   3   [1]   subclone   [0, 1, 2, 3, 4, 5, 6, 7, 19, 20, 21, 22, 23, 24, 25, 26, 27, 28, 29, 30, 31]   [12]
5   3   [2]   subclone   [0, 1, 2, 3, 4, 5, 6, 7, 18]   [0]
6   1.5   [0]   unobserved subclone   [1, 4, 5, 6, 7]   [5]
5
 Total estimated FP  273  True negatives  9101
 Total estimated FN  1235  True positives  4751
 Estimated FP rate  0.05434
 Estimated FN rate  0.12
 No. of Cells in each cluster  {'3_3': 1, '2_3': 172, '4_3': 1, '1_2': 100, '1_3': 326}
 Cells in each cluster  {'3_3': [385], '2_3': [427, 428, 429, 430, 431, 432, 433, 434, 435, 436, 437, 438, 439, 440, 441, 442, 443, 444, 445, 446, 447, 448, 449, 450, 451, 452, 453, 454, 455, 456, 457, 458, 459, 460, 461, 462, 463, 464, 465, 466, 467, 468, 469, 470, 471, 472, 473, 474, 475, 476, 477, 478, 479, 480, 481, 482, 483, 484, 485, 486, 487, 488, 489, 490, 491, 492, 493, 494, 495, 496, 497, 498, 499, 500, 501, 502, 503, 504, 505, 506, 507, 508, 509, 510, 511, 512, 513, 514, 515, 516, 517, 518, 519, 520, 521, 522, 523, 525, 526, 527, 528, 529, 530, 531, 532, 533, 534, 535, 536, 537, 538, 539, 540, 541, 542, 543, 544, 545, 546, 547, 548, 549, 550, 551, 552, 553, 554, 555, 556, 557, 558, 559, 560, 561, 562, 563, 564, 565, 566, 567, 568, 569, 570, 571, 572, 573, 574, 575, 576, 577, 578, 579, 580, 581, 582, 583, 584, 585, 586, 587, 588, 589, 590, 591, 592, 593, 594, 595, 596, 597, 598, 599], '4_3': [524], '1_2': [1, 2, 3, 4, 5, 6, 7, 8, 9, 10, 11, 12, 13, 14, 15, 16, 17, 18, 19, 20, 21, 22, 23, 24, 25, 26, 27, 28, 29, 30, 31, 32, 33, 34, 35, 36, 37, 38, 39, 40, 41, 42, 43, 45, 46, 48, 49, 50, 51, 52, 53, 54, 55, 57, 59, 60, 61, 62, 63, 64, 65, 67, 68, 69, 70, 71, 72, 73, 74, 75, 76, 77, 79, 80, 81, 82, 83, 84, 85, 86, 87, 88, 89, 90, 91, 92, 93, 94, 95, 96, 97, 98, 99, 0, 44, 47, 56, 58, 66, 78], '1_3': [100, 102, 103, 104, 105, 106, 107, 108, 109, 111, 112, 113, 114, 115, 116, 117, 118, 119, 120, 121, 122, 123, 124, 125, 126, 127, 128, 129, 131, 132, 133, 134, 135, 136, 137, 138, 139, 140, 141, 142, 143, 144, 145, 146, 147, 148, 149, 150, 151, 152, 153, 154, 155, 156, 157, 158, 159, 160, 161, 162, 163, 164, 165, 166, 167, 168, 169, 170, 171, 172, 173, 175, 176, 178, 179, 180, 181, 182, 184, 185, 186, 187, 188, 189, 190, 191, 192, 194, 195, 196, 197, 198, 199, 200, 201, 202, 203, 204, 205, 206, 207, 208, 209, 211, 212, 213, 214, 215, 216, 217, 218, 219, 220, 221, 222, 223, 224, 227, 228, 229, 230, 231, 232, 233, 235, 236, 237, 238, 239, 241, 243, 244, 246, 247, 248, 249, 250, 251, 252, 253, 254, 255, 256, 257, 258, 259, 260, 261, 262, 263, 264, 265, 266, 267, 268, 269, 270, 271, 272, 273, 274, 275, 277, 279, 280, 281, 282, 283, 285, 286, 288, 289, 290, 291, 292, 293, 294, 295, 296, 297, 298, 300, 301, 302, 303, 304, 305, 306, 307, 308, 309, 312, 313, 314, 315, 316, 317, 318, 319, 320, 321, 322, 323, 324, 325, 327, 328, 329, 330, 331, 332, 333, 334, 335, 336, 337, 339, 341, 342, 343, 345, 346, 347, 348, 349, 351, 352, 353, 354, 355, 356, 357, 358, 359, 360, 361, 362, 363, 364, 365, 366, 367, 368, 369, 370, 371, 372, 373, 374, 375, 376, 377, 378, 379, 380, 381, 382, 383, 384, 386, 387, 388, 389, 390, 391, 392, 393, 394, 395, 396, 397, 398, 399, 400, 401, 402, 403, 404, 405, 406, 407, 408, 409, 410, 411, 412, 413, 414, 415, 416, 417, 418, 419, 420, 421, 422, 423, 424, 425, 426, 101, 110, 130, 174, 177, 183, 193, 210, 225, 226, 234, 240, 242, 245, 276, 278, 284, 287, 299, 310, 311, 326, 338, 340, 344, 350]}
FP rate  0.05434 FN rate  0.12
 Before reassigning cells 
 Timepoint  2
 Cluster  1  # of cells  100
 Timepoint  3
 Cluster  3  # of cells  2
 Cluster  2  # of cells  171
 Cluster  4  # of cells  2
 Cluster  1  # of cells  325
 Cells absent at timepoint  3   set()
 Cells absent at timepoint  2   set()
 Timepoint  2
 Timepoint  3
 After reassigning and merging cells 
 Timepoint  2
 Cluster  1  # of cells  100
 Timepoint  3
 Cluster  3  # of cells  2
 Cluster  2  # of cells  171
 Cluster  4  # of cells  2
 Cluster  1  # of cells  325
 Tp cluster cell dict  {'1_2': 100, '3_3': 2, '2_3': 171, '4_3': 2, '1_3': 325}
 New Graph is here 
 ID  0  Timepoint  1  Mutations  []  Type  subclone
 ID  1  Timepoint  2  Mutations  [0, 1, 2, 3, 4, 5, 6, 7, 18]  Type  subclone
 ID  2  Timepoint  3  Mutations  [0, 1, 2, 3, 4, 5, 6, 7, 8, 11, 13, 18, 19, 20, 26]  Type  subclone
 ID  3  Timepoint  3  Mutations  [0, 1, 2, 3, 4, 5, 6, 7, 19, 20, 21, 22, 23, 24, 25, 26, 27, 28, 29, 30, 31]  Type  subclone
 ID  4  Timepoint  3  Mutations  [0, 1, 2, 3, 4, 5, 6, 7, 8, 14, 19, 20, 21, 22, 23, 24, 25, 26, 27, 28, 29, 30, 31]  Type  subclone
 ID  5  Timepoint  3  Mutations  [0, 1, 2, 3, 4, 5, 6, 7, 18]  Type  subclone
Timepoints  SortedDict({1: [0], 2: [1], 3: [2, 3, 4, 5]})
 Clone to nodes  {'1_2': 1, '3_3': 2, '2_3': 3, '4_3': 4, '1_3': 5}
 Timepoint ====  1
 Hash table  {'0': [0, 1, 2, 3, 4, 5, 6, 7, 18]}
 Final possible usc  [[0, 1, 2, 3, 4, 5, 6, 7, 18]]
 Time  1  USC keys  {'0,1,2,3,4,5,6,7,18_0'}
 USC children  {'0,1,2,3,4,5,6,7,18_0': [1]}
 USC children  {'0,1,2,3,4,5,6,7,18_0': [1]}
 Timepoint ====  2
 Hash table  {'0,1,2': [0, 1, 2, 3, 4, 5, 6, 7, 19, 20, 26], '0,2': [8], '0': [11, 13, 18], '1,2': [21, 22, 23, 24, 25, 27, 28, 29, 30, 31], '2': [14]}
====== Inside find superset of t nodes ==========
 Final possible usc  []
 Time  2  USC keys  set()
 USC children  {'0,1,2,3,4,5,6,7,18_0': [1]}
 USC children  {'0,1,2,3,4,5,6,7,18_0': [1]}
 Node s  {'1': ['0', '1', '2', '3', '4', '5', '6', '7', '18']}
 Enroll USC nodes  ['1']  len  1
 Node TP  SortedDict({1: [0], 2: [1], 3: [2, 3, 4, 5]})
 Unobserved subclones at timepoints  {}
 ============== Inside finding node v ============ 
 Time  2
 largest_v_mut  [[]]
 Time  3
 largest_v_mut  [[0, 1, 2, 3, 4, 5, 6, 7, 18]]
 largest_v_mut  []
 largest_v_mut  []
 Sorted all timepoints  [1, 2, 3]
 Timepoint  2
 Timepoint  3
 Node  3  has no parent 
 USC nodes  []
 Node with minimum mutation sets  {1: 1}
 Node  4  has no parent 
 USC nodes  []
 Node with minimum mutation sets  {1: 1}
0   1   [-1]   subclone   []   []
1   2   [0]   subclone   [0, 1, 2, 3, 4, 5, 6, 7, 18]   [9]
2   3   [1]   subclone   [0, 1, 2, 3, 4, 5, 6, 7, 8, 11, 13, 18, 19, 20, 26]   [6]
3   3   [1]   subclone   [0, 1, 2, 3, 4, 5, 6, 7, 19, 20, 21, 22, 23, 24, 25, 26, 27, 28, 29, 30, 31]   [13]
4   3   [1]   subclone   [0, 1, 2, 3, 4, 5, 6, 7, 8, 14, 19, 20, 21, 22, 23, 24, 25, 26, 27, 28, 29, 30, 31]   [15]
5   3   [1]   subclone   [0, 1, 2, 3, 4, 5, 6, 7, 18]   [0]
8
 Total estimated FP  270  True negatives  9105
 Total estimated FN  1231  True positives  4754
 Estimated FP rate  0.05374
 Estimated FN rate  0.12
 No. of Cells in each cluster  {'7_2': 1, '4_3': 1, '1_3': 172, '3_3': 1, '0_2': 99, '0_3': 326}
 Cells in each cluster  {'7_2': [0], '4_3': [385], '1_3': [427, 428, 429, 430, 431, 432, 433, 434, 435, 436, 437, 438, 439, 440, 441, 442, 443, 444, 445, 446, 447, 448, 449, 450, 451, 452, 453, 454, 455, 456, 457, 458, 459, 460, 461, 462, 463, 464, 465, 466, 467, 468, 469, 470, 471, 472, 473, 474, 475, 476, 477, 478, 479, 480, 481, 482, 483, 484, 485, 486, 487, 488, 489, 490, 491, 492, 493, 494, 495, 496, 497, 498, 499, 500, 501, 502, 503, 504, 505, 506, 507, 508, 509, 510, 511, 512, 513, 514, 515, 516, 517, 518, 519, 520, 521, 522, 523, 525, 526, 527, 528, 529, 530, 531, 532, 533, 534, 535, 536, 537, 538, 539, 540, 541, 542, 543, 544, 545, 546, 547, 548, 549, 550, 551, 552, 553, 554, 555, 556, 557, 558, 559, 560, 561, 562, 563, 564, 565, 566, 567, 568, 569, 570, 571, 572, 573, 574, 575, 576, 577, 578, 579, 580, 581, 582, 583, 584, 585, 586, 587, 588, 589, 590, 591, 592, 593, 594, 595, 596, 597, 598, 599], '3_3': [524], '0_2': [66, 77, 78, 7, 25, 60, 67, 68, 92, 4, 10, 31, 53, 71, 93, 1, 2, 3, 5, 6, 8, 9, 11, 12, 13, 14, 15, 16, 17, 18, 19, 20, 21, 22, 23, 24, 26, 27, 28, 29, 30, 32, 33, 34, 35, 36, 37, 38, 39, 40, 41, 42, 43, 44, 45, 46, 47, 48, 49, 50, 51, 52, 54, 55, 56, 57, 58, 59, 61, 62, 63, 64, 65, 69, 70, 72, 73, 74, 75, 76, 79, 80, 81, 82, 83, 84, 85, 86, 87, 88, 89, 90, 91, 94, 95, 96, 97, 98, 99], '0_3': [110, 131, 174, 177, 186, 225, 245, 269, 276, 350, 406, 105, 114, 143, 153, 173, 204, 208, 217, 219, 229, 236, 238, 252, 267, 293, 315, 324, 360, 394, 420, 112, 138, 189, 327, 383, 387, 399, 410, 100, 101, 102, 103, 104, 106, 107, 108, 109, 111, 113, 115, 116, 117, 118, 119, 120, 121, 122, 123, 124, 125, 126, 127, 128, 129, 130, 132, 133, 134, 135, 136, 137, 139, 140, 141, 142, 144, 145, 146, 147, 148, 149, 150, 151, 152, 154, 155, 156, 157, 158, 159, 160, 161, 162, 163, 164, 165, 166, 167, 168, 169, 170, 171, 172, 175, 176, 178, 179, 180, 181, 182, 183, 184, 185, 187, 188, 190, 191, 192, 193, 194, 195, 196, 197, 198, 199, 200, 201, 202, 203, 205, 206, 207, 209, 210, 211, 212, 213, 214, 215, 216, 218, 220, 221, 222, 223, 224, 226, 227, 228, 230, 231, 232, 233, 234, 235, 237, 239, 240, 241, 242, 243, 244, 246, 247, 248, 249, 250, 251, 253, 254, 255, 256, 257, 258, 259, 260, 261, 262, 263, 264, 265, 266, 268, 270, 271, 272, 273, 274, 275, 277, 278, 279, 280, 281, 282, 283, 284, 285, 286, 287, 288, 289, 290, 291, 292, 294, 295, 296, 297, 298, 299, 300, 301, 302, 303, 304, 305, 306, 307, 308, 309, 310, 311, 312, 313, 314, 316, 317, 318, 319, 320, 321, 322, 323, 325, 326, 328, 329, 330, 331, 332, 333, 334, 335, 336, 337, 338, 339, 340, 341, 342, 343, 344, 345, 346, 347, 348, 349, 351, 352, 353, 354, 355, 356, 357, 358, 359, 361, 362, 363, 364, 365, 366, 367, 368, 369, 370, 371, 372, 373, 374, 375, 376, 377, 378, 379, 380, 381, 382, 384, 386, 388, 389, 390, 391, 392, 393, 395, 396, 397, 398, 400, 401, 402, 403, 404, 405, 407, 408, 409, 411, 412, 413, 414, 415, 416, 417, 418, 419, 421, 422, 423, 424, 425, 426]}
FP rate  0.05374 FN rate  0.12
 Before reassigning cells 
 Timepoint  2
 Cluster  7  # of cells  1
 Cluster  0  # of cells  99
 Timepoint  3
 Cluster  4  # of cells  1
 Cluster  1  # of cells  171
 Cluster  3  # of cells  2
 Cluster  0  # of cells  324
 Cells absent at timepoint  2   set()
 Cells absent at timepoint  3   {257, 380}
 Missing cell prob  {'1': 2.6617989659930615e-14, '0': 0.0004051843128322875, '3': 4.9560584806600174e-11, '4': 0.00040518431283228737}
 Missing cell prob  {'1': 1.192880277352446e-11, '0': 0.0029202212492574382, '3': 4.4486356524773045e-14, '4': 0.0029202212492574382}
 Timepoint  2
 Timepoint  3
 After reassigning and merging cells 
 Timepoint  2
 Cluster  7  # of cells  1
 Cluster  0  # of cells  99
 Timepoint  3
 Cluster  4  # of cells  1
 Cluster  1  # of cells  171
 Cluster  3  # of cells  2
 Cluster  0  # of cells  326
 Tp cluster cell dict  {'7_2': 1, '0_2': 99, '4_3': 1, '1_3': 171, '3_3': 2, '0_3': 326}
 New Graph is here 
 ID  0  Timepoint  1  Mutations  []  Type  subclone
 ID  1  Timepoint  2  Mutations  [1, 4, 5, 6, 13, 20, 25, 27, 29]  Type  subclone
 ID  2  Timepoint  2  Mutations  [0, 1, 2, 3, 4, 5, 6, 7, 18]  Type  subclone
 ID  3  Timepoint  3  Mutations  [1, 2, 3, 4, 5, 7, 8, 11, 17, 18, 20, 26]  Type  subclone
 ID  4  Timepoint  3  Mutations  [0, 1, 2, 3, 4, 5, 6, 7, 19, 20, 21, 22, 23, 24, 25, 26, 27, 28, 29, 30, 31]  Type  subclone
 ID  5  Timepoint  3  Mutations  [0, 1, 2, 3, 4, 5, 6, 7, 8, 9, 14, 19, 20, 21, 22, 23, 24, 25, 26, 27, 28, 29, 30, 31]  Type  subclone
 ID  6  Timepoint  3  Mutations  [0, 1, 2, 3, 4, 5, 6, 7, 18]  Type  subclone
Timepoints  SortedDict({1: [0], 2: [1, 2], 3: [3, 4, 5, 6]})
 Clone to nodes  {'7_2': 1, '0_2': 2, '4_3': 3, '1_3': 4, '3_3': 5, '0_3': 6}
 Timepoint ====  1
 Hash table  {'0,1': [1, 4, 5, 6], '0': [13, 20, 25, 27, 29], '1': [0, 2, 3, 7, 18]}
 Final possible usc  [[1, 4, 5, 6], [13, 20, 25, 27, 29], [0, 2, 3, 7, 18]]
 Time  1  USC keys  {'13,20,25,27,29_0', '1,4,5,6_0', '0,2,3,7,18_0'}
 USC children  {'1,4,5,6_0': [1, 2], '13,20,25,27,29_0': [1], '0,2,3,7,18_0': [2]}
 USC children  {'1,4,5,6_0': [1, 2], '13,20,25,27,29_0': [1], '0,2,3,7,18_0': [2]}
 Timepoint ====  2
 Hash table  {'0,1,2': [1, 2, 3, 4, 5, 7, 20, 26], '0,2': [8], '0': [11, 17, 18], '1,2': [0, 6, 19, 21, 22, 23, 24, 25, 27, 28, 29, 30, 31], '2': [9, 14]}
====== Inside find superset of t nodes ==========
 Final possible usc  []
 Time  2  USC keys  set()
 USC children  {'1,4,5,6_0': [1, 2], '13,20,25,27,29_0': [1], '0,2,3,7,18_0': [2]}
 USC children  {'1,4,5,6_0': [1, 2], '13,20,25,27,29_0': [1], '0,2,3,7,18_0': [2]}
 Node s  {'1,2': ['1', '4', '5', '6']}
 Enroll USC nodes  ['1', '2']  len  2
 Node TP  SortedDict({1: [0], 2: [1, 2], 3: [3, 4, 5, 6]})
 Unobserved subclones at timepoints  {1.5: [7]}
 ============== Inside finding node v ============ 
 Time  2
 Time  3
 largest_v_mut  []
 largest_v_mut  []
 largest_v_mut  []
 Sorted all timepoints  [1, 1.5, 2, 3]
 Timepoint  2
 Inside usc_node check  2
 Timepoint  3
 Node  3  has no parent 
 USC nodes  []
 Node with minimum mutation sets  {1: 5, 2: 2}
 Node  4  has no parent 
 USC nodes  []
 Node with minimum mutation sets  {1: 1, 2: 1}
 Node  5  has no parent 
 USC nodes  []
 Node with minimum mutation sets  {1: 1, 2: 1}
0   1   [-1]   subclone   []   []
1   2   [7]   subclone   [1, 4, 5, 6, 13, 20, 25, 27, 29]   [5]
2   2   [7]   subclone   [0, 1, 2, 3, 4, 5, 6, 7, 18]   [5]
3   3   [2]   subclone   [1, 2, 3, 4, 5, 7, 8, 11, 17, 18, 20, 26]   [5]
4   3   [1]   subclone   [0, 1, 2, 3, 4, 5, 6, 7, 19, 20, 21, 22, 23, 24, 25, 26, 27, 28, 29, 30, 31]   [13]
5   3   [1]   subclone   [0, 1, 2, 3, 4, 5, 6, 7, 8, 9, 14, 19, 20, 21, 22, 23, 24, 25, 26, 27, 28, 29, 30, 31]   [16]
6   3   [2]   subclone   [0, 1, 2, 3, 4, 5, 6, 7, 18]   [0]
7   1.5   [0]   unobserved subclone   [1, 4, 5, 6]   [4]
 List of tree files  ['all_trees/ap03_rep2_m1_tree.csv', 'all_trees/ap03_rep2_m2_tree.csv', 'all_trees/ap03_rep2_m3_tree.csv', 'all_trees/ap03_rep2_m4_tree.csv', 'all_trees/ap03_rep2_m5_tree.csv']
{'1': ['0', '1', '2', '3', '4', '5', '6', '7', '18'], '2': ['1', '2', '4', '5', '7', '8', '11', '17', '18', '20', '26'], '3': ['0', '1', '2', '3', '4', '5', '6', '7', '19', '20', '21', '22', '23', '24', '25', '26', '27', '28', '29', '30', '31'], '4': ['0', '1', '2', '3', '4', '5', '6', '7', '18']}
 Actual mutation of  2   ['17', '26', '20', '11', '8']
 Actual mutation of  3   ['24', '22', '30', '23', '29', '19', '26', '21', '20', '28', '27', '31', '25']
 Actual mutation of  4   []
 Updated node mutation  {'1': ['0', '1', '2', '3', '4', '5', '6', '7', '18'], '2': ['17', '26', '20', '11', '8'], '3': ['24', '22', '30', '23', '29', '19', '26', '21', '20', '28', '27', '31', '25'], '4': []}
{'1': ['1', '2', '4', '5', '6', '7', '8', '11', '18', '20', '25', '26', '27', '31'], '2': ['0', '1', '2', '3', '4', '5', '6', '7', '18'], '3': ['0', '1', '2', '3', '4', '5', '6', '7', '8', '11', '18', '20', '25', '26', '27', '31'], '4': ['0', '1', '2', '3', '4', '5', '6', '7', '19', '20', '21', '22', '23', '24', '25', '26', '27', '28', '29', '30', '31'], '5': ['0', '1', '2', '3', '4', '5', '6', '7', '8', '14', '19', '20', '21', '22', '23', '24', '25', '26', '27', '28', '29', '30', '31'], '6': ['0', '1', '2', '3', '4', '5', '6', '7', '18'], '7': ['1', '2', '4', '5', '6', '7', '18']}
 Actual mutation of  1   ['27', '26', '20', '11', '31', '8', '25']
 Actual mutation of  2   ['3', '0']
 Actual mutation of  3   ['27', '26', '20', '11', '31', '8', '25']
 Actual mutation of  4   ['24', '22', '30', '23', '29', '19', '26', '21', '20', '28', '27', '31', '25']
 Actual mutation of  5   ['24', '22', '30', '23', '29', '19', '26', '14', '20', '21', '28', '27', '31', '8', '25']
 Actual mutation of  6   []
 Updated node mutation  {'1': ['27', '26', '20', '11', '31', '8', '25'], '2': ['3', '0'], '3': ['27', '26', '20', '11', '31', '8', '25'], '4': ['24', '22', '30', '23', '29', '19', '26', '21', '20', '28', '27', '31', '25'], '5': ['24', '22', '30', '23', '29', '19', '26', '14', '20', '21', '28', '27', '31', '8', '25'], '6': [], '7': ['1', '2', '4', '5', '6', '7', '18']}
{'1': ['1', '4', '5', '6', '7', '11', '20', '25', '27', '29'], '2': ['0', '1', '2', '3', '4', '5', '6', '7', '18'], '3': ['0', '1', '2', '3', '4', '5', '6', '7', '8', '11', '13', '17', '18', '20', '26'], '4': ['0', '1', '2', '3', '4', '5', '6', '7', '19', '20', '21', '22', '23', '24', '25', '26', '27', '28', '29', '30', '31'], '5': ['0', '1', '2', '3', '4', '5', '6', '7', '18'], '6': ['1', '4', '5', '6', '7']}
 Actual mutation of  1   ['29', '27', '20', '11', '25']
 Actual mutation of  2   ['2', '18', '3', '0']
 Actual mutation of  3   ['17', '8', '26', '20', '11', '13']
 Actual mutation of  4   ['24', '22', '30', '3', '23', '19', '26', '21', '28', '2', '31', '0']
 Actual mutation of  5   []
 Updated node mutation  {'1': ['29', '27', '20', '11', '25'], '2': ['2', '18', '3', '0'], '3': ['17', '8', '26', '20', '11', '13'], '4': ['24', '22', '30', '3', '23', '19', '26', '21', '28', '2', '31', '0'], '5': [], '6': ['1', '4', '5', '6', '7']}
{'1': ['0', '1', '2', '3', '4', '5', '6', '7', '18'], '2': ['0', '1', '2', '3', '4', '5', '6', '7', '8', '11', '13', '18', '19', '20', '26'], '3': ['0', '1', '2', '3', '4', '5', '6', '7', '19', '20', '21', '22', '23', '24', '25', '26', '27', '28', '29', '30', '31'], '4': ['0', '1', '2', '3', '4', '5', '6', '7', '8', '14', '19', '20', '21', '22', '23', '24', '25', '26', '27', '28', '29', '30', '31'], '5': ['0', '1', '2', '3', '4', '5', '6', '7', '18']}
 Actual mutation of  2   ['8', '19', '26', '20', '11', '13']
 Actual mutation of  3   ['24', '22', '30', '23', '29', '19', '26', '21', '20', '28', '27', '31', '25']
 Actual mutation of  4   ['24', '22', '30', '23', '29', '19', '26', '14', '20', '21', '28', '27', '31', '8', '25']
 Actual mutation of  5   []
 Updated node mutation  {'1': ['0', '1', '2', '3', '4', '5', '6', '7', '18'], '2': ['8', '19', '26', '20', '11', '13'], '3': ['24', '22', '30', '23', '29', '19', '26', '21', '20', '28', '27', '31', '25'], '4': ['24', '22', '30', '23', '29', '19', '26', '14', '20', '21', '28', '27', '31', '8', '25'], '5': []}
{'1': ['1', '4', '5', '6', '13', '20', '25', '27', '29'], '2': ['0', '1', '2', '3', '4', '5', '6', '7', '18'], '3': ['1', '2', '3', '4', '5', '7', '8', '11', '17', '18', '20', '26'], '4': ['0', '1', '2', '3', '4', '5', '6', '7', '19', '20', '21', '22', '23', '24', '25', '26', '27', '28', '29', '30', '31'], '5': ['0', '1', '2', '3', '4', '5', '6', '7', '8', '9', '14', '19', '20', '21', '22', '23', '24', '25', '26', '27', '28', '29', '30', '31'], '6': ['0', '1', '2', '3', '4', '5', '6', '7', '18'], '7': ['1', '4', '5', '6']}
 Actual mutation of  1   ['29', '27', '20', '13', '25']
 Actual mutation of  2   ['3', '7', '2', '18', '0']
 Actual mutation of  3   ['17', '26', '20', '11', '8']
 Actual mutation of  4   ['24', '22', '30', '3', '23', '19', '26', '21', '7', '28', '2', '31', '0']
 Actual mutation of  5   ['24', '22', '30', '3', '23', '9', '19', '26', '14', '7', '21', '28', '2', '31', '8', '0']
 Actual mutation of  6   []
 Updated node mutation  {'1': ['29', '27', '20', '13', '25'], '2': ['3', '7', '2', '18', '0'], '3': ['17', '26', '20', '11', '8'], '4': ['24', '22', '30', '3', '23', '19', '26', '21', '7', '28', '2', '31', '0'], '5': ['24', '22', '30', '3', '23', '9', '19', '26', '14', '7', '21', '28', '2', '31', '8', '0'], '6': [], '7': ['1', '4', '5', '6']}
 Parallel mutation count  {'m1': 2, 'm2': 15, 'm3': 6, 'm4': 14, 'm5': 15}
 Clusters with least parallel mutations  ['m1']
 Best tree path  ap03_rep2_m1_tree.csv
