9
 Total estimated FP  817  True negatives  15790
 Total estimated FN  707  True positives  2846
 Estimated FP rate  0.22304
 Estimated FN rate  0.04
 No. of Cells in each cluster  {'3_2': 25, '3_3': 75, '5_3': 50, '8_3': 1, '7_3': 4, '0_2': 75, '0_3': 370}
 Cells in each cluster  {'3_2': [75, 76, 77, 78, 79, 80, 81, 82, 83, 84, 85, 86, 87, 88, 89, 90, 91, 92, 93, 94, 95, 96, 97, 98, 99], '3_3': [100, 101, 102, 103, 104, 105, 106, 107, 108, 109, 110, 111, 112, 113, 114, 115, 116, 117, 118, 119, 120, 121, 122, 123, 124, 125, 126, 127, 128, 129, 130, 131, 132, 133, 134, 135, 136, 137, 138, 139, 140, 141, 142, 143, 144, 145, 146, 147, 148, 149, 150, 151, 152, 153, 154, 155, 156, 157, 158, 159, 160, 161, 162, 163, 164, 165, 166, 167, 168, 169, 170, 171, 172, 173, 174], '5_3': [175, 176, 177, 178, 179, 180, 181, 182, 183, 184, 185, 186, 187, 188, 189, 190, 191, 192, 193, 194, 195, 196, 197, 198, 199, 200, 201, 202, 203, 204, 205, 206, 207, 208, 209, 210, 211, 212, 213, 214, 215, 216, 217, 218, 219, 220, 221, 222, 223, 224], '8_3': [297], '7_3': [392, 413, 450, 501], '0_2': [26, 4, 10, 39, 12, 40, 0, 1, 2, 3, 5, 6, 7, 8, 9, 11, 13, 14, 15, 16, 17, 18, 19, 20, 21, 22, 23, 24, 25, 27, 28, 29, 30, 31, 32, 33, 34, 35, 36, 37, 38, 41, 42, 43, 44, 45, 46, 47, 48, 49, 50, 51, 52, 53, 54, 55, 56, 57, 58, 59, 60, 61, 62, 63, 64, 65, 66, 67, 68, 69, 70, 71, 72, 73, 74], '0_3': [337, 338, 342, 374, 469, 497, 511, 521, 590, 253, 265, 277, 302, 304, 305, 350, 354, 362, 393, 409, 427, 456, 458, 525, 555, 572, 598, 225, 316, 345, 366, 411, 421, 429, 452, 479, 507, 568, 579, 583, 233, 387, 441, 460, 548, 226, 227, 228, 229, 230, 231, 232, 234, 235, 236, 237, 238, 239, 240, 241, 242, 243, 244, 245, 246, 247, 248, 249, 250, 251, 252, 254, 255, 256, 257, 258, 259, 260, 261, 262, 263, 264, 266, 267, 268, 269, 270, 271, 272, 273, 274, 275, 276, 278, 279, 280, 281, 282, 283, 284, 285, 286, 287, 288, 289, 290, 291, 292, 293, 294, 295, 296, 298, 299, 300, 301, 303, 306, 307, 308, 309, 310, 311, 312, 313, 314, 315, 317, 318, 319, 320, 321, 322, 323, 324, 325, 326, 327, 328, 329, 330, 331, 332, 333, 334, 335, 336, 339, 340, 341, 343, 344, 346, 347, 348, 349, 351, 352, 353, 355, 356, 357, 358, 359, 360, 361, 363, 364, 365, 367, 368, 369, 370, 371, 372, 373, 375, 376, 377, 378, 379, 380, 381, 382, 383, 384, 385, 386, 388, 389, 390, 391, 394, 395, 396, 397, 398, 399, 400, 401, 402, 403, 404, 405, 406, 407, 408, 410, 412, 414, 415, 416, 417, 418, 419, 420, 422, 423, 424, 425, 426, 428, 430, 431, 432, 433, 434, 435, 436, 437, 438, 439, 440, 442, 443, 444, 445, 446, 447, 448, 449, 451, 453, 454, 455, 457, 459, 461, 462, 463, 464, 465, 466, 467, 468, 470, 471, 472, 473, 474, 475, 476, 477, 478, 480, 481, 482, 483, 484, 485, 486, 487, 488, 489, 490, 491, 492, 493, 494, 495, 496, 498, 499, 500, 502, 503, 504, 505, 506, 508, 509, 510, 512, 513, 514, 515, 516, 517, 518, 519, 520, 522, 523, 524, 526, 527, 528, 529, 530, 531, 532, 533, 534, 535, 536, 537, 538, 539, 540, 541, 542, 543, 544, 545, 546, 547, 549, 550, 551, 552, 553, 554, 556, 557, 558, 559, 560, 561, 562, 563, 564, 565, 566, 567, 569, 570, 571, 573, 574, 575, 576, 577, 578, 580, 581, 582, 584, 585, 586, 587, 588, 589, 591, 592, 593, 594, 595, 596, 597, 599]}
FP rate  0.22304 FN rate  0.04
 Before reassigning cells 
 Timepoint  2
 Cluster  3  # of cells  25
 Cluster  0  # of cells  75
 Timepoint  3
 Cluster  3  # of cells  69
 Cluster  5  # of cells  35
 Cluster  8  # of cells  3
 Cluster  7  # of cells  3
 Cluster  0  # of cells  385
 Cells absent at timepoint  3   {195, 134, 213, 503, 154}
 Missing cell prob  {'5': 4.0033803745668996e-13, '7': 2.6115405114220894e-14, '3': 4.614365634363335e-13, '8': 2.183352778788923e-12, '0': 2.2892099736077356e-12}
 Missing cell prob  {'5': 5.840130461218984e-23, '7': 3.1690462379839226e-13, '3': 8.672571962188552e-09, '8': 2.215046602717459e-09, '0': 9.996156817398395e-09}
 Missing cell prob  {'5': 5.531892128946772e-12, '7': 3.163242422568223e-11, '3': 2.7443994771893156e-11, '8': 7.009423231022362e-12, '0': 3.3166083708648016e-11}
 Missing cell prob  {'5': 1.5015473802811568e-37, '7': 6.431739359487624e-08, '3': 2.2297922617649794e-23, '8': 1.0497485477536312e-13, '0': 6.431739359487627e-08}
 Missing cell prob  {'5': 1.7677115051440458e-21, '7': 5.177742667230571e-13, '3': 3.139855095828284e-09, '8': 3.6190514254189594e-09, '0': 8.815927172332155e-10}
 Cells absent at timepoint  2   set()
 Timepoint  2
 Timepoint  3
SortedDict({2: {'3': ['75', '76', '77', '78', '79', '80', '81', '82', '83', '84', '85', '86', '87', '88', '89', '90', '91', '92', '93', '94', '95', '96', '97', '98', '99'], '0': ['0', '1', '2', '3', '4', '5', '6', '7', '8', '9', '10', '11', '12', '13', '14', '15', '16', '17', '18', '19', '20', '21', '22', '23', '24', '25', '26', '27', '28', '29', '30', '31', '32', '33', '34', '35', '36', '37', '38', '39', '40', '41', '42', '43', '44', '45', '46', '47', '48', '49', '50', '51', '52', '53', '54', '55', '56', '57', '58', '59', '60', '61', '62', '63', '64', '65', '66', '67', '68', '69', '70', '71', '72', '73', '74']}, 3: {'3': ['100', '101', '103', '104', '106', '107', '109', '110', '111', '112', '113', '114', '115', '116', '117', '118', '119', '121', '122', '123', '124', '125', '126', '128', '129', '131', '132', '133', '136', '137', '138', '140', '141', '143', '144', '146', '147', '148', '149', '150', '151', '152', '156', '157', '158', '159', '160', '162', '163', '164', '165', '166', '167', '168', '169', '170', '171', '172', '173', '174', '182', '183', '190', '192', '194', '200', '207', '216', '219'], '5': ['175', '176', '177', '179', '180', '181', '184', '186', '187', '188', '189', '191', '193', '196', '197', '198', '199', '201', '202', '203', '204', '205', '206', '208', '209', '211', '212', '215', '217', '218', '220', '221', '222', '223', '224'], '8': ['130', '153', '297', '154'], '7': ['105', '392', '501'], '0': ['102', '108', '120', '127', '135', '139', '142', '145', '155', '161', '178', '185', '210', '214', '225', '226', '227', '228', '229', '230', '231', '232', '233', '234', '235', '236', '237', '238', '239', '240', '241', '242', '243', '244', '245', '246', '247', '248', '249', '250', '251', '252', '253', '254', '255', '256', '257', '258', '259', '260', '261', '262', '263', '264', '265', '266', '267', '268', '269', '270', '271', '272', '273', '274', '275', '276', '277', '278', '279', '280', '281', '282', '283', '284', '285', '286', '287', '288', '289', '290', '291', '292', '293', '294', '295', '296', '298', '299', '300', '301', '302', '303', '304', '305', '306', '307', '308', '309', '310', '311', '312', '313', '314', '315', '316', '317', '318', '319', '320', '321', '322', '323', '324', '325', '326', '327', '328', '329', '330', '331', '332', '333', '334', '335', '336', '337', '338', '339', '340', '341', '342', '343', '344', '345', '346', '347', '348', '349', '350', '351', '352', '353', '354', '355', '356', '357', '358', '359', '360', '361', '362', '363', '364', '365', '366', '367', '368', '369', '370', '371', '372', '373', '374', '375', '376', '377', '378', '379', '380', '381', '382', '383', '384', '385', '386', '387', '388', '389', '390', '391', '393', '394', '395', '396', '397', '398', '399', '400', '401', '402', '403', '404', '405', '406', '407', '408', '409', '410', '411', '412', '413', '414', '415', '416', '417', '418', '419', '420', '421', '422', '423', '424', '425', '426', '427', '428', '429', '430', '431', '432', '433', '434', '435', '436', '437', '438', '439', '440', '441', '442', '443', '444', '445', '446', '447', '448', '449', '450', '451', '452', '453', '454', '455', '456', '457', '458', '459', '460', '461', '462', '463', '464', '465', '466', '467', '468', '469', '470', '471', '472', '473', '474', '475', '476', '477', '478', '479', '480', '481', '482', '483', '484', '485', '486', '487', '488', '489', '490', '491', '492', '493', '494', '495', '496', '497', '498', '499', '500', '502', '504', '505', '506', '507', '508', '509', '510', '511', '512', '513', '514', '515', '516', '517', '518', '519', '520', '521', '522', '523', '524', '525', '526', '527', '528', '529', '530', '531', '532', '533', '534', '535', '536', '537', '538', '539', '540', '541', '542', '543', '544', '545', '546', '547', '548', '549', '550', '551', '552', '553', '554', '555', '556', '557', '558', '559', '560', '561', '562', '563', '564', '565', '566', '567', '568', '569', '570', '571', '572', '573', '574', '575', '576', '577', '578', '579', '580', '581', '582', '583', '584', '585', '586', '587', '588', '589', '590', '591', '592', '593', '594', '595', '596', '597', '598', '599', '195', '134', '213', '503']}})
 Cluster1  3
 Cluster to drop  8
 After reassigning and merging cells 
 Timepoint  2
 Cluster  3  # of cells  25
 Cluster  0  # of cells  75
 Timepoint  3
 Cluster  3  # of cells  73
 Cluster  5  # of cells  35
 Cluster  7  # of cells  3
 Cluster  0  # of cells  389
 Tp cluster cell dict  {'3_2': 25, '0_2': 75, '3_3': 73, '5_3': 35, '7_3': 3, '0_3': 389}
 New Graph is here 
 ID  0  Timepoint  1  Mutations  []  Type  subclone
 ID  1  Timepoint  2  Mutations  [13, 14, 15, 16, 17, 18, 19, 20, 21, 22, 23, 24, 25, 26, 27, 28]  Type  subclone
 ID  2  Timepoint  2  Mutations  [13, 14, 15]  Type  subclone
 ID  3  Timepoint  3  Mutations  [13, 14, 15, 16, 17, 18, 19, 20, 21, 22, 23, 24, 25, 26, 27, 28]  Type  subclone
 ID  4  Timepoint  3  Mutations  [13, 14, 15, 16, 17, 18, 19, 20, 21, 22, 23, 24, 25, 26, 27, 28, 29, 30, 31, 32, 33, 34, 35, 36, 37, 38, 39, 40, 41]  Type  subclone
 ID  5  Timepoint  3  Mutations  [8, 14, 19, 20, 35, 40]  Type  subclone
 ID  6  Timepoint  3  Mutations  [13, 14, 15]  Type  subclone
Timepoints  SortedDict({1: [0], 2: [1, 2], 3: [3, 4, 5, 6]})
 Clone to nodes  {'3_2': 1, '0_2': 2, '3_3': 3, '5_3': 4, '7_3': 5, '0_3': 6}
 Timepoint ====  1
 Hash table  {'0,1': [13, 14, 15], '0': [16, 17, 18, 19, 20, 21, 22, 23, 24, 25, 26, 27, 28]}
 Final possible usc  [[13, 14, 15], [16, 17, 18, 19, 20, 21, 22, 23, 24, 25, 26, 27, 28]]
 Time  1  USC keys  {'13,14,15_0', '16,17,18,19,20,21,22,23,24,25,26,27,28_0'}
 USC children  {'13,14,15_0': [1, 2], '16,17,18,19,20,21,22,23,24,25,26,27,28_0': [1]}
 USC children  {'13,14,15_0': [1, 2], '16,17,18,19,20,21,22,23,24,25,26,27,28_0': [1]}
 Timepoint ====  2
 Hash table  {'0': [13, 15, 16, 17, 18, 21, 22, 23, 24, 25, 26, 27, 28, 29, 30, 31, 32, 33, 34, 36, 37, 38, 39, 41], '0,1': [14, 19, 20, 35, 40], '1': [8]}
====== Inside find superset of t nodes ==========
 Final possible usc  []
 Time  2  USC keys  set()
 USC children  {'13,14,15_0': [1, 2], '16,17,18,19,20,21,22,23,24,25,26,27,28_0': [1]}
 USC children  {'13,14,15_0': [1, 2], '16,17,18,19,20,21,22,23,24,25,26,27,28_0': [1]}
 Node s  {'1,2': ['13', '14', '15']}
 Enroll USC nodes  ['1', '2']  len  2
 Node TP  SortedDict({1: [0], 2: [1, 2], 3: [3, 4, 5, 6]})
 Unobserved subclones at timepoints  {1.5: [7]}
 ============== Inside finding node v ============ 
 Time  2
 Time  3
 largest_v_mut  [[13, 14, 15, 16, 17, 18, 19, 20, 21, 22, 23, 24, 25, 26, 27, 28]]
 largest_v_mut  []
 Sorted all timepoints  [1, 1.5, 2, 3]
 Timepoint  2
 Inside usc_node check  2
 Timepoint  3
 Node  5  has no parent 
 USC nodes  []
 Node with minimum mutation sets  {1: 13, 2: 2}
0   1   [-1]   subclone   []   []
1   2   [7]   subclone   [13, 14, 15, 16, 17, 18, 19, 20, 21, 22, 23, 24, 25, 26, 27, 28]   [13]
2   2   [7]   subclone   [13, 14, 15]   [0]
3   3   [1]   subclone   [13, 14, 15, 16, 17, 18, 19, 20, 21, 22, 23, 24, 25, 26, 27, 28]   [0]
4   3   [1]   subclone   [13, 14, 15, 16, 17, 18, 19, 20, 21, 22, 23, 24, 25, 26, 27, 28, 29, 30, 31, 32, 33, 34, 35, 36, 37, 38, 39, 40, 41]   [13]
5   3   [2]   subclone   [8, 14, 19, 20, 35, 40]   [5]
6   3   [2]   subclone   [13, 14, 15]   [0]
7   1.5   [0]   unobserved subclone   [13, 14, 15]   [3]
8
 Total estimated FP  825  True negatives  15790
 Total estimated FN  707  True positives  2838
 Estimated FP rate  0.22523
 Estimated FN rate  0.04
 No. of Cells in each cluster  {'1_2': 25, '1_3': 75, '5_3': 50, '3_3': 2, '4_2': 75, '4_3': 373}
 Cells in each cluster  {'1_2': [75, 76, 77, 78, 79, 80, 81, 82, 83, 84, 85, 86, 87, 88, 89, 90, 91, 92, 93, 94, 95, 96, 97, 98, 99], '1_3': [100, 101, 102, 103, 104, 105, 106, 107, 108, 109, 110, 111, 112, 113, 114, 115, 116, 117, 118, 119, 120, 121, 122, 123, 124, 125, 126, 127, 128, 129, 130, 131, 132, 133, 134, 135, 136, 137, 138, 139, 140, 141, 142, 143, 144, 145, 146, 147, 148, 149, 150, 151, 152, 153, 154, 155, 156, 157, 158, 159, 160, 161, 162, 163, 164, 165, 166, 167, 168, 169, 170, 171, 172, 173, 174], '5_3': [175, 176, 177, 178, 179, 180, 181, 182, 183, 184, 185, 186, 187, 188, 189, 190, 191, 192, 193, 194, 195, 196, 197, 198, 199, 200, 201, 202, 203, 204, 205, 206, 207, 208, 209, 210, 211, 212, 213, 214, 215, 216, 217, 218, 219, 220, 221, 222, 223, 224], '3_3': [225, 297], '4_2': [18, 60, 64, 1, 2, 3, 5, 6, 7, 8, 9, 11, 12, 13, 14, 16, 17, 19, 20, 21, 22, 23, 24, 25, 27, 28, 29, 30, 31, 32, 33, 34, 35, 36, 37, 38, 39, 40, 41, 42, 43, 44, 45, 46, 49, 51, 52, 53, 54, 55, 56, 57, 58, 59, 61, 62, 63, 65, 67, 68, 69, 70, 71, 72, 74, 26, 48, 73, 10, 15, 47, 66, 0, 4, 50], '4_3': [233, 238, 282, 290, 306, 359, 379, 387, 399, 423, 441, 460, 476, 499, 505, 534, 538, 564, 226, 227, 228, 229, 230, 231, 232, 234, 235, 236, 237, 239, 240, 241, 242, 243, 244, 245, 246, 247, 249, 250, 251, 252, 253, 254, 255, 256, 257, 258, 259, 260, 261, 262, 263, 264, 266, 267, 268, 269, 271, 273, 274, 275, 276, 278, 279, 280, 283, 284, 285, 286, 287, 288, 289, 291, 292, 293, 295, 296, 298, 299, 300, 301, 305, 308, 309, 310, 312, 313, 314, 315, 316, 317, 318, 319, 321, 322, 323, 324, 325, 327, 328, 329, 330, 331, 332, 333, 334, 337, 338, 339, 340, 343, 344, 345, 346, 347, 348, 349, 351, 352, 353, 356, 357, 358, 360, 361, 362, 363, 364, 365, 366, 367, 369, 370, 371, 372, 373, 374, 375, 376, 377, 378, 380, 381, 382, 383, 384, 386, 388, 389, 390, 391, 392, 393, 394, 395, 396, 397, 398, 400, 401, 402, 403, 404, 406, 407, 410, 411, 412, 415, 416, 417, 419, 420, 424, 425, 426, 428, 429, 432, 433, 434, 435, 436, 437, 438, 439, 440, 442, 443, 446, 448, 449, 451, 453, 454, 455, 457, 458, 459, 461, 463, 464, 465, 466, 467, 468, 469, 470, 471, 473, 474, 475, 477, 478, 480, 482, 483, 484, 485, 486, 487, 488, 489, 490, 491, 492, 494, 495, 496, 498, 500, 502, 503, 504, 506, 508, 509, 510, 511, 512, 513, 514, 515, 516, 517, 518, 519, 520, 521, 522, 523, 524, 526, 527, 528, 529, 530, 531, 532, 533, 535, 536, 537, 539, 540, 541, 542, 543, 544, 545, 546, 547, 549, 550, 551, 552, 553, 554, 555, 556, 557, 558, 559, 560, 561, 562, 563, 565, 566, 567, 571, 572, 573, 574, 576, 577, 578, 581, 583, 585, 586, 587, 589, 590, 592, 593, 594, 595, 596, 599, 281, 335, 342, 414, 422, 445, 452, 479, 481, 493, 497, 568, 569, 570, 579, 265, 270, 294, 302, 304, 307, 311, 341, 350, 354, 355, 368, 408, 409, 418, 421, 427, 431, 447, 456, 472, 507, 525, 548, 575, 580, 582, 591, 598, 248, 272, 277, 303, 320, 326, 336, 385, 405, 413, 430, 444, 450, 462, 501, 584, 588, 597]}
FP rate  0.22523 FN rate  0.04
 Before reassigning cells 
 Timepoint  2
 Cluster  1  # of cells  25
 Cluster  4  # of cells  75
 Timepoint  3
 Cluster  1  # of cells  70
 Cluster  5  # of cells  35
 Cluster  3  # of cells  6
 Cluster  4  # of cells  386
 Cells absent at timepoint  2   set()
 Cells absent at timepoint  3   {283, 242, 227}
 Missing cell prob  {'3': 1.7449634589513165e-05, '4': 1.744963458951315e-05, '5': 3.1588590202536927e-31, '1': 2.347784820276647e-18}
 Missing cell prob  {'3': 6.820178616319368e-06, '4': 6.820178616319368e-06, '5': 6.374217098562834e-33, '1': 9.176302085198411e-19}
 Missing cell prob  {'3': 4.958879325117524e-08, '4': 4.9588793251175224e-08, '5': 1.43548299536239e-30, '1': 2.0665166246974374e-16}
 Timepoint  2
 Timepoint  3
SortedDict({2: {'1': ['75', '76', '77', '78', '79', '80', '81', '82', '83', '84', '85', '86', '87', '88', '89', '90', '91', '92', '93', '94', '95', '96', '97', '98', '99'], '4': ['0', '1', '2', '3', '4', '5', '6', '7', '8', '9', '10', '11', '12', '13', '14', '15', '16', '17', '18', '19', '20', '21', '22', '23', '24', '25', '26', '27', '28', '29', '30', '31', '32', '33', '34', '35', '36', '37', '38', '39', '40', '41', '42', '43', '44', '45', '46', '47', '48', '49', '50', '51', '52', '53', '54', '55', '56', '57', '58', '59', '60', '61', '62', '63', '64', '65', '66', '67', '68', '69', '70', '71', '72', '73', '74']}, 3: {'1': ['100', '101', '103', '104', '105', '106', '107', '109', '110', '111', '112', '113', '114', '115', '116', '117', '118', '119', '121', '122', '123', '124', '125', '128', '129', '131', '132', '133', '136', '137', '138', '140', '141', '143', '144', '146', '147', '148', '149', '150', '151', '152', '154', '156', '157', '158', '159', '160', '162', '163', '164', '165', '166', '167', '168', '169', '170', '171', '172', '173', '174', '182', '183', '190', '192', '194', '200', '207', '216', '219'], '5': ['175', '176', '177', '179', '180', '181', '184', '186', '187', '188', '189', '191', '193', '196', '197', '198', '199', '201', '202', '203', '204', '205', '206', '208', '209', '211', '212', '215', '217', '218', '220', '221', '222', '223', '224'], '3': ['126', '195', '225', '274', '297', '458', '283', '242', '227'], '4': ['102', '108', '120', '127', '130', '134', '135', '139', '142', '145', '153', '155', '161', '178', '185', '210', '213', '214', '226', '228', '229', '230', '231', '232', '233', '234', '235', '236', '237', '238', '239', '240', '241', '243', '244', '245', '246', '247', '248', '249', '250', '251', '252', '253', '254', '255', '256', '257', '258', '259', '260', '261', '262', '263', '264', '265', '266', '267', '268', '269', '270', '271', '272', '273', '275', '276', '277', '278', '279', '280', '281', '282', '284', '285', '286', '287', '288', '289', '290', '291', '292', '293', '294', '295', '296', '298', '299', '300', '301', '302', '303', '304', '305', '306', '307', '308', '309', '310', '311', '312', '313', '314', '315', '316', '317', '318', '319', '320', '321', '322', '323', '324', '325', '326', '327', '328', '329', '330', '331', '332', '333', '334', '335', '336', '337', '338', '339', '340', '341', '342', '343', '344', '345', '346', '347', '348', '349', '350', '351', '352', '353', '354', '355', '356', '357', '358', '359', '360', '361', '362', '363', '364', '365', '366', '367', '368', '369', '370', '371', '372', '373', '374', '375', '376', '377', '378', '379', '380', '381', '382', '383', '384', '385', '386', '387', '388', '389', '390', '391', '392', '393', '394', '395', '396', '397', '398', '399', '400', '401', '402', '403', '404', '405', '406', '407', '408', '409', '410', '411', '412', '413', '414', '415', '416', '417', '418', '419', '420', '421', '422', '423', '424', '425', '426', '427', '428', '429', '430', '431', '432', '433', '434', '435', '436', '437', '438', '439', '440', '441', '442', '443', '444', '445', '446', '447', '448', '449', '450', '451', '452', '453', '454', '455', '456', '457', '459', '460', '461', '462', '463', '464', '465', '466', '467', '468', '469', '470', '471', '472', '473', '474', '475', '476', '477', '478', '479', '480', '481', '482', '483', '484', '485', '486', '487', '488', '489', '490', '491', '492', '493', '494', '495', '496', '497', '498', '499', '500', '501', '502', '503', '504', '505', '506', '507', '508', '509', '510', '511', '512', '513', '514', '515', '516', '517', '518', '519', '520', '521', '522', '523', '524', '525', '526', '527', '528', '529', '530', '531', '532', '533', '534', '535', '536', '537', '538', '539', '540', '541', '542', '543', '544', '545', '546', '547', '548', '549', '550', '551', '552', '553', '554', '555', '556', '557', '558', '559', '560', '561', '562', '563', '564', '565', '566', '567', '568', '569', '570', '571', '572', '573', '574', '575', '576', '577', '578', '579', '580', '581', '582', '583', '584', '585', '586', '587', '588', '589', '590', '591', '592', '593', '594', '595', '596', '597', '598', '599']}})
 Cluster1  3
 Cluster to drop  4
 After reassigning and merging cells 
 Timepoint  2
 Cluster  1  # of cells  25
 Cluster  4  # of cells  75
 Timepoint  3
 Cluster  1  # of cells  70
 Cluster  5  # of cells  35
 Cluster  3  # of cells  395
 Tp cluster cell dict  {'1_2': 25, '4_2': 75, '1_3': 70, '5_3': 35, '3_3': 395}
 New Graph is here 
 ID  0  Timepoint  1  Mutations  []  Type  subclone
 ID  1  Timepoint  2  Mutations  [13, 14, 15, 16, 17, 18, 19, 20, 21, 22, 23, 24, 25, 26, 27, 28]  Type  subclone
 ID  2  Timepoint  2  Mutations  [13, 14, 15]  Type  subclone
 ID  3  Timepoint  3  Mutations  [13, 14, 15, 16, 17, 18, 19, 20, 21, 22, 23, 24, 25, 26, 27, 28]  Type  subclone
 ID  4  Timepoint  3  Mutations  [13, 14, 15, 16, 17, 18, 19, 20, 21, 22, 23, 24, 25, 26, 27, 28, 29, 30, 31, 32, 33, 34, 35, 36, 37, 38, 39, 40, 41]  Type  subclone
 ID  5  Timepoint  3  Mutations  [13, 14, 15]  Type  subclone
Timepoints  SortedDict({1: [0], 2: [1, 2], 3: [3, 4, 5]})
 Clone to nodes  {'1_2': 1, '4_2': 2, '1_3': 3, '5_3': 4, '3_3': 5}
 Timepoint ====  1
 Hash table  {'0,1': [13, 14, 15], '0': [16, 17, 18, 19, 20, 21, 22, 23, 24, 25, 26, 27, 28]}
 Final possible usc  [[13, 14, 15], [16, 17, 18, 19, 20, 21, 22, 23, 24, 25, 26, 27, 28]]
 Time  1  USC keys  {'13,14,15_0', '16,17,18,19,20,21,22,23,24,25,26,27,28_0'}
 USC children  {'13,14,15_0': [1, 2], '16,17,18,19,20,21,22,23,24,25,26,27,28_0': [1]}
 USC children  {'13,14,15_0': [1, 2], '16,17,18,19,20,21,22,23,24,25,26,27,28_0': [1]}
 Timepoint ====  2
 Hash table  {'0': [13, 14, 15, 16, 17, 18, 19, 20, 21, 22, 23, 24, 25, 26, 27, 28, 29, 30, 31, 32, 33, 34, 35, 36, 37, 38, 39, 40, 41]}
====== Inside find superset of t nodes ==========
 Final possible usc  [[13, 14, 15, 16, 17, 18, 19, 20, 21, 22, 23, 24, 25, 26, 27, 28, 29, 30, 31, 32, 33, 34, 35, 36, 37, 38, 39, 40, 41]]
 Time  2  USC keys  {'13,14,15,16,17,18,19,20,21,22,23,24,25,26,27,28,29,30,31,32,33,34,35,36,37,38,39,40,41_1', '13,14,15,16,17,18,19,20,21,22,23,24,25,26,27,28,29,30,31,32,33,34,35,36,37,38,39,40,41_2'}
 USC children  {'13,14,15_0': [1, 2], '16,17,18,19,20,21,22,23,24,25,26,27,28_0': [1], '13,14,15,16,17,18,19,20,21,22,23,24,25,26,27,28,29,30,31,32,33,34,35,36,37,38,39,40,41_1': [4], '13,14,15,16,17,18,19,20,21,22,23,24,25,26,27,28,29,30,31,32,33,34,35,36,37,38,39,40,41_2': [4]}
 USC children  {'13,14,15_0': [1, 2], '16,17,18,19,20,21,22,23,24,25,26,27,28_0': [1], '13,14,15,16,17,18,19,20,21,22,23,24,25,26,27,28,29,30,31,32,33,34,35,36,37,38,39,40,41_1': [4], '13,14,15,16,17,18,19,20,21,22,23,24,25,26,27,28,29,30,31,32,33,34,35,36,37,38,39,40,41_2': [4]}
 Node s  {'1,2': ['13', '14', '15'], '4': ['13', '14', '15', '16', '17', '18', '19', '20', '21', '22', '23', '24', '25', '26', '27', '28', '29', '30', '31', '32', '33', '34', '35', '36', '37', '38', '39', '40', '41']}
 Enroll USC nodes  ['1', '2']  len  2
 Enroll USC nodes  ['4']  len  1
 Node TP  SortedDict({1: [0], 2: [1, 2], 3: [3, 4, 5]})
 Unobserved subclones at timepoints  {1.5: [6]}
 ============== Inside finding node v ============ 
 Time  2
 Time  3
 largest_v_mut  [[13, 14, 15, 16, 17, 18, 19, 20, 21, 22, 23, 24, 25, 26, 27, 28]]
 Sorted all timepoints  [1, 1.5, 2, 3]
 Timepoint  2
 Inside usc_node check  2
 Timepoint  3
0   1   [-1]   subclone   []   []
1   2   [6]   subclone   [13, 14, 15, 16, 17, 18, 19, 20, 21, 22, 23, 24, 25, 26, 27, 28]   [13]
2   2   [6]   subclone   [13, 14, 15]   [0]
3   3   [1]   subclone   [13, 14, 15, 16, 17, 18, 19, 20, 21, 22, 23, 24, 25, 26, 27, 28]   [0]
4   3   [1]   subclone   [13, 14, 15, 16, 17, 18, 19, 20, 21, 22, 23, 24, 25, 26, 27, 28, 29, 30, 31, 32, 33, 34, 35, 36, 37, 38, 39, 40, 41]   [13]
5   3   [2]   subclone   [13, 14, 15]   [0]
6   1.5   [0]   unobserved subclone   [13, 14, 15]   [3]
5
 Total estimated FP  831  True negatives  15790
 Total estimated FN  707  True positives  2832
 Estimated FP rate  0.22686
 Estimated FN rate  0.04
 No. of Cells in each cluster  {'3_2': 25, '3_3': 75, '2_3': 50, '0_3': 375, '0_2': 75}
 Cells in each cluster  {'3_2': [75, 76, 77, 78, 79, 80, 81, 82, 83, 84, 85, 86, 87, 88, 89, 90, 91, 92, 93, 94, 95, 96, 97, 98, 99], '3_3': [100, 101, 102, 103, 104, 105, 106, 107, 108, 109, 110, 111, 112, 113, 114, 115, 116, 117, 118, 119, 120, 121, 122, 123, 124, 125, 126, 127, 128, 129, 130, 131, 132, 133, 134, 135, 136, 137, 138, 139, 140, 141, 142, 143, 144, 145, 146, 147, 148, 149, 150, 151, 152, 153, 154, 155, 156, 157, 158, 159, 160, 161, 162, 163, 164, 165, 166, 167, 168, 169, 170, 171, 172, 173, 174], '2_3': [175, 176, 177, 178, 179, 180, 181, 182, 183, 184, 185, 186, 187, 188, 189, 190, 191, 192, 193, 194, 195, 196, 197, 198, 199, 200, 201, 202, 203, 204, 205, 206, 207, 208, 209, 210, 211, 212, 213, 214, 215, 216, 217, 218, 219, 220, 221, 222, 223, 224], '0_3': [297, 413, 450, 501, 243, 256, 265, 267, 271, 278, 295, 302, 304, 308, 311, 313, 333, 341, 350, 354, 370, 390, 391, 408, 418, 421, 428, 431, 438, 441, 443, 453, 456, 460, 472, 474, 504, 507, 510, 513, 522, 532, 543, 545, 587, 591, 225, 226, 227, 228, 229, 230, 231, 232, 233, 234, 235, 236, 237, 238, 239, 240, 241, 242, 244, 245, 246, 247, 248, 249, 250, 251, 252, 253, 254, 255, 257, 258, 259, 260, 261, 262, 263, 264, 266, 268, 269, 270, 272, 273, 274, 275, 276, 277, 279, 280, 281, 282, 283, 284, 285, 286, 287, 288, 289, 290, 291, 292, 293, 294, 296, 298, 299, 300, 301, 303, 305, 306, 307, 309, 310, 312, 314, 315, 316, 317, 318, 319, 320, 321, 322, 323, 324, 325, 326, 327, 328, 329, 330, 331, 332, 334, 335, 336, 337, 338, 339, 340, 342, 343, 344, 345, 346, 347, 348, 349, 351, 352, 353, 355, 356, 357, 358, 359, 360, 361, 362, 363, 364, 365, 366, 367, 368, 369, 371, 372, 373, 374, 375, 376, 377, 378, 379, 380, 381, 382, 383, 384, 385, 386, 387, 388, 389, 392, 393, 394, 395, 396, 397, 398, 399, 400, 401, 402, 403, 404, 405, 406, 407, 409, 410, 411, 412, 414, 415, 416, 417, 419, 420, 422, 423, 424, 425, 426, 427, 429, 430, 432, 433, 434, 435, 436, 437, 439, 440, 442, 444, 445, 446, 447, 448, 449, 451, 452, 454, 455, 457, 458, 459, 461, 462, 463, 464, 465, 466, 467, 468, 469, 470, 471, 473, 475, 476, 477, 478, 479, 480, 481, 482, 483, 484, 485, 486, 487, 488, 489, 490, 491, 492, 493, 494, 495, 496, 497, 498, 499, 500, 502, 503, 505, 506, 508, 509, 511, 512, 514, 515, 516, 517, 518, 519, 520, 521, 523, 524, 525, 526, 527, 528, 529, 530, 531, 533, 534, 535, 536, 537, 538, 539, 540, 541, 542, 544, 546, 547, 548, 549, 550, 551, 552, 553, 554, 555, 556, 557, 558, 559, 560, 561, 562, 563, 564, 565, 566, 567, 568, 569, 570, 571, 572, 573, 574, 575, 576, 577, 578, 579, 580, 581, 582, 583, 584, 585, 586, 588, 589, 590, 592, 593, 594, 595, 596, 597, 598, 599], '0_2': [8, 10, 15, 28, 41, 44, 47, 56, 0, 1, 2, 3, 4, 5, 6, 7, 9, 11, 12, 13, 14, 16, 17, 18, 19, 20, 21, 22, 23, 24, 25, 26, 27, 29, 30, 31, 32, 33, 34, 35, 36, 37, 38, 39, 40, 42, 43, 45, 46, 48, 49, 50, 51, 52, 53, 54, 55, 57, 58, 59, 60, 61, 62, 63, 64, 65, 66, 67, 68, 69, 70, 71, 72, 73, 74]}
FP rate  0.22686 FN rate  0.04
 Before reassigning cells 
 Timepoint  2
 Cluster  3  # of cells  25
 Cluster  0  # of cells  75
 Timepoint  3
 Cluster  3  # of cells  71
 Cluster  2  # of cells  35
 Cluster  0  # of cells  394
 Cells absent at timepoint  3   set()
 Cells absent at timepoint  2   set()
 Timepoint  2
 Timepoint  3
 After reassigning and merging cells 
 Timepoint  2
 Cluster  3  # of cells  25
 Cluster  0  # of cells  75
 Timepoint  3
 Cluster  3  # of cells  71
 Cluster  2  # of cells  35
 Cluster  0  # of cells  394
 Tp cluster cell dict  {'3_2': 25, '0_2': 75, '3_3': 71, '2_3': 35, '0_3': 394}
 New Graph is here 
 ID  0  Timepoint  1  Mutations  []  Type  subclone
 ID  1  Timepoint  2  Mutations  [13, 14, 15, 16, 17, 18, 19, 20, 21, 22, 23, 24, 25, 26, 27, 28]  Type  subclone
 ID  2  Timepoint  2  Mutations  [13, 14, 15]  Type  subclone
 ID  3  Timepoint  3  Mutations  [13, 14, 15, 16, 17, 18, 19, 20, 21, 22, 23, 24, 25, 26, 27, 28]  Type  subclone
 ID  4  Timepoint  3  Mutations  [13, 14, 15, 16, 17, 18, 19, 20, 21, 22, 23, 24, 25, 26, 27, 28, 29, 30, 31, 32, 33, 34, 35, 36, 37, 38, 39, 40, 41]  Type  subclone
 ID  5  Timepoint  3  Mutations  [13, 14, 15]  Type  subclone
Timepoints  SortedDict({1: [0], 2: [1, 2], 3: [3, 4, 5]})
 Clone to nodes  {'3_2': 1, '0_2': 2, '3_3': 3, '2_3': 4, '0_3': 5}
 Timepoint ====  1
 Hash table  {'0,1': [13, 14, 15], '0': [16, 17, 18, 19, 20, 21, 22, 23, 24, 25, 26, 27, 28]}
 Final possible usc  [[13, 14, 15], [16, 17, 18, 19, 20, 21, 22, 23, 24, 25, 26, 27, 28]]
 Time  1  USC keys  {'13,14,15_0', '16,17,18,19,20,21,22,23,24,25,26,27,28_0'}
 USC children  {'13,14,15_0': [1, 2], '16,17,18,19,20,21,22,23,24,25,26,27,28_0': [1]}
 USC children  {'13,14,15_0': [1, 2], '16,17,18,19,20,21,22,23,24,25,26,27,28_0': [1]}
 Timepoint ====  2
 Hash table  {'0': [13, 14, 15, 16, 17, 18, 19, 20, 21, 22, 23, 24, 25, 26, 27, 28, 29, 30, 31, 32, 33, 34, 35, 36, 37, 38, 39, 40, 41]}
====== Inside find superset of t nodes ==========
 Final possible usc  [[13, 14, 15, 16, 17, 18, 19, 20, 21, 22, 23, 24, 25, 26, 27, 28, 29, 30, 31, 32, 33, 34, 35, 36, 37, 38, 39, 40, 41]]
 Time  2  USC keys  {'13,14,15,16,17,18,19,20,21,22,23,24,25,26,27,28,29,30,31,32,33,34,35,36,37,38,39,40,41_1', '13,14,15,16,17,18,19,20,21,22,23,24,25,26,27,28,29,30,31,32,33,34,35,36,37,38,39,40,41_2'}
 USC children  {'13,14,15_0': [1, 2], '16,17,18,19,20,21,22,23,24,25,26,27,28_0': [1], '13,14,15,16,17,18,19,20,21,22,23,24,25,26,27,28,29,30,31,32,33,34,35,36,37,38,39,40,41_1': [4], '13,14,15,16,17,18,19,20,21,22,23,24,25,26,27,28,29,30,31,32,33,34,35,36,37,38,39,40,41_2': [4]}
 USC children  {'13,14,15_0': [1, 2], '16,17,18,19,20,21,22,23,24,25,26,27,28_0': [1], '13,14,15,16,17,18,19,20,21,22,23,24,25,26,27,28,29,30,31,32,33,34,35,36,37,38,39,40,41_1': [4], '13,14,15,16,17,18,19,20,21,22,23,24,25,26,27,28,29,30,31,32,33,34,35,36,37,38,39,40,41_2': [4]}
 Node s  {'1,2': ['13', '14', '15'], '4': ['13', '14', '15', '16', '17', '18', '19', '20', '21', '22', '23', '24', '25', '26', '27', '28', '29', '30', '31', '32', '33', '34', '35', '36', '37', '38', '39', '40', '41']}
 Enroll USC nodes  ['1', '2']  len  2
 Enroll USC nodes  ['4']  len  1
 Node TP  SortedDict({1: [0], 2: [1, 2], 3: [3, 4, 5]})
 Unobserved subclones at timepoints  {1.5: [6]}
 ============== Inside finding node v ============ 
 Time  2
 Time  3
 largest_v_mut  [[13, 14, 15, 16, 17, 18, 19, 20, 21, 22, 23, 24, 25, 26, 27, 28]]
 Sorted all timepoints  [1, 1.5, 2, 3]
 Timepoint  2
 Inside usc_node check  2
 Timepoint  3
0   1   [-1]   subclone   []   []
1   2   [6]   subclone   [13, 14, 15, 16, 17, 18, 19, 20, 21, 22, 23, 24, 25, 26, 27, 28]   [13]
2   2   [6]   subclone   [13, 14, 15]   [0]
3   3   [1]   subclone   [13, 14, 15, 16, 17, 18, 19, 20, 21, 22, 23, 24, 25, 26, 27, 28]   [0]
4   3   [1]   subclone   [13, 14, 15, 16, 17, 18, 19, 20, 21, 22, 23, 24, 25, 26, 27, 28, 29, 30, 31, 32, 33, 34, 35, 36, 37, 38, 39, 40, 41]   [13]
5   3   [2]   subclone   [13, 14, 15]   [0]
6   1.5   [0]   unobserved subclone   [13, 14, 15]   [3]
8
 Total estimated FP  818  True negatives  15791
 Total estimated FN  706  True positives  2845
 Estimated FP rate  0.22331
 Estimated FN rate  0.04
 No. of Cells in each cluster  {'1_2': 25, '1_3': 75, '5_3': 50, '3_3': 2, '6_3': 1, '0_2': 75, '0_3': 372}
 Cells in each cluster  {'1_2': [75, 76, 77, 78, 79, 80, 81, 82, 83, 84, 85, 86, 87, 88, 89, 90, 91, 92, 93, 94, 95, 96, 97, 98, 99], '1_3': [100, 101, 102, 103, 104, 105, 106, 107, 108, 109, 110, 111, 112, 113, 114, 115, 116, 117, 118, 119, 120, 121, 122, 123, 124, 125, 126, 127, 128, 129, 130, 131, 132, 133, 134, 135, 136, 137, 138, 139, 140, 141, 142, 143, 144, 145, 146, 147, 148, 149, 150, 151, 152, 153, 154, 155, 156, 157, 158, 159, 160, 161, 162, 163, 164, 165, 166, 167, 168, 169, 170, 171, 172, 173, 174], '5_3': [175, 176, 177, 178, 179, 180, 181, 182, 183, 184, 185, 186, 187, 188, 189, 190, 191, 192, 193, 194, 195, 196, 197, 198, 199, 200, 201, 202, 203, 204, 205, 206, 207, 208, 209, 210, 211, 212, 213, 214, 215, 216, 217, 218, 219, 220, 221, 222, 223, 224], '3_3': [225, 297], '6_3': [450], '0_2': [3, 4, 10, 12, 32, 39, 42, 15, 18, 28, 41, 47, 60, 26, 0, 1, 2, 5, 6, 7, 8, 9, 11, 13, 14, 16, 17, 19, 20, 21, 22, 23, 24, 25, 27, 29, 30, 31, 33, 34, 35, 36, 37, 38, 40, 43, 44, 45, 46, 48, 49, 50, 51, 52, 53, 54, 55, 56, 57, 58, 59, 61, 62, 63, 64, 65, 66, 67, 68, 69, 70, 71, 72, 73, 74], '0_3': [253, 277, 305, 362, 409, 427, 429, 435, 449, 458, 525, 531, 548, 560, 572, 583, 597, 233, 243, 265, 271, 302, 304, 311, 313, 333, 341, 350, 354, 370, 387, 408, 418, 421, 431, 441, 456, 460, 472, 507, 543, 587, 244, 316, 336, 342, 469, 493, 497, 226, 227, 228, 229, 230, 231, 232, 234, 235, 236, 237, 238, 239, 240, 241, 242, 245, 246, 247, 248, 249, 250, 251, 252, 254, 255, 256, 257, 258, 259, 260, 261, 262, 263, 264, 266, 267, 268, 269, 270, 272, 273, 274, 275, 276, 278, 279, 280, 281, 282, 283, 284, 285, 286, 287, 288, 289, 290, 291, 292, 293, 294, 295, 296, 298, 299, 300, 301, 303, 306, 307, 308, 309, 310, 312, 314, 315, 317, 318, 319, 320, 321, 322, 323, 324, 325, 326, 327, 328, 329, 330, 331, 332, 334, 335, 337, 338, 339, 340, 343, 344, 345, 346, 347, 348, 349, 351, 352, 353, 355, 356, 357, 358, 359, 360, 361, 363, 364, 365, 366, 367, 368, 369, 371, 372, 373, 374, 375, 376, 377, 378, 379, 380, 381, 382, 383, 384, 385, 386, 388, 389, 390, 391, 392, 393, 394, 395, 396, 397, 398, 399, 400, 401, 402, 403, 404, 405, 406, 407, 410, 411, 412, 413, 414, 415, 416, 417, 419, 420, 422, 423, 424, 425, 426, 428, 430, 432, 433, 434, 436, 437, 438, 439, 440, 442, 443, 444, 445, 446, 447, 448, 451, 452, 453, 454, 455, 457, 459, 461, 462, 463, 464, 465, 466, 467, 468, 470, 471, 473, 474, 475, 476, 477, 478, 479, 480, 481, 482, 483, 484, 485, 486, 487, 488, 489, 490, 491, 492, 494, 495, 496, 498, 499, 500, 501, 502, 503, 504, 505, 506, 508, 509, 510, 511, 512, 513, 514, 515, 516, 517, 518, 519, 520, 521, 522, 523, 524, 526, 527, 528, 529, 530, 532, 533, 534, 535, 536, 537, 538, 539, 540, 541, 542, 544, 545, 546, 547, 549, 550, 551, 552, 553, 554, 555, 556, 557, 558, 559, 561, 562, 563, 564, 565, 566, 567, 568, 569, 570, 571, 573, 574, 575, 576, 577, 578, 579, 580, 581, 582, 584, 585, 586, 588, 589, 590, 591, 592, 593, 594, 595, 596, 598, 599]}
FP rate  0.22331 FN rate  0.04
 Before reassigning cells 
 Timepoint  2
 Cluster  1  # of cells  25
 Cluster  0  # of cells  75
 Timepoint  3
 Cluster  1  # of cells  64
 Cluster  5  # of cells  34
 Cluster  3  # of cells  6
 Cluster  6  # of cells  5
 Cluster  0  # of cells  383
 Cells absent at timepoint  2   set()
 Cells absent at timepoint  3   {134, 136, 170, 142, 213, 183, 120, 190}
 Missing cell prob  {'1': 8.655835681042943e-09, '5': 5.851188083986671e-23, '6': 1.64278167893907e-14, '0': 1.003907736901403e-08, '3': 2.2226400745620704e-09}
 Missing cell prob  {'1': 3.3886331826592275e-09, '5': 3.712770634593059e-20, '6': 1.926460175856704e-10, '0': 9.142106909427244e-10, '3': 3.74065588496536e-09}
 Missing cell prob  {'1': 1.4567587010670622e-08, '5': 3.7127706345930587e-20, '6': 4.481227311151673e-11, '0': 3.930152090390109e-09, '3': 1.6080917332706747e-08}
 Missing cell prob  {'1': 1.4060573358310017e-11, '5': 1.845549967476534e-24, '6': 1.361252255054233e-09, '0': 1.4302113212959143e-09, '3': 7.010530610947652e-11}
 Missing cell prob  {'1': 2.7476483100970413e-11, '5': 5.510782674085447e-12, '6': 3.1867349363292513e-11, '0': 3.348170309349263e-11, '3': 7.055394152409095e-12}
 Missing cell prob  {'1': 9.076541956641018e-12, '5': 7.448589188862576e-12, '6': 1.1166430320390191e-20, '0': 3.082144327179289e-14, '3': 1.0527014410102803e-11}
 Missing cell prob  {'1': 1.4046929383767496e-09, '5': 7.926240361361902e-22, '6': 1.442534217486531e-16, '0': 1.7117005741755582e-09, '3': 3.6069617450435785e-10}
 Missing cell prob  {'1': 1.1085466333610478e-12, '5': 2.1161405468488115e-13, '6': 1.2237062155504324e-12, '0': 2.990719647123136e-13, '3': 2.8465191145267413e-13}
 Timepoint  2
 Timepoint  3
SortedDict({2: {'1': ['75', '76', '77', '78', '79', '80', '81', '82', '83', '84', '85', '86', '87', '88', '89', '90', '91', '92', '93', '94', '95', '96', '97', '98', '99'], '0': ['0', '1', '2', '3', '4', '5', '6', '7', '8', '9', '10', '11', '12', '13', '14', '15', '16', '17', '18', '19', '20', '21', '22', '23', '24', '25', '26', '27', '28', '29', '30', '31', '32', '33', '34', '35', '36', '37', '38', '39', '40', '41', '42', '43', '44', '45', '46', '47', '48', '49', '50', '51', '52', '53', '54', '55', '56', '57', '58', '59', '60', '61', '62', '63', '64', '65', '66', '67', '68', '69', '70', '71', '72', '73', '74']}, 3: {'1': ['100', '101', '103', '104', '105', '106', '107', '109', '110', '111', '112', '113', '114', '115', '116', '118', '119', '121', '122', '123', '124', '125', '126', '128', '129', '131', '132', '133', '137', '138', '140', '141', '143', '144', '146', '147', '148', '149', '150', '151', '152', '156', '157', '158', '160', '162', '163', '164', '165', '166', '167', '168', '169', '171', '172', '173', '174', '182', '192', '194', '200', '207', '216', '219'], '5': ['175', '176', '177', '179', '180', '181', '184', '186', '187', '188', '189', '191', '193', '196', '197', '198', '199', '201', '202', '203', '204', '205', '206', '208', '211', '212', '215', '217', '218', '220', '221', '222', '223', '224'], '3': ['117', '153', '154', '195', '274', '297', '136', '170', '183'], '6': ['159', '209', '214', '413', '450', '190'], '0': ['102', '108', '127', '130', '135', '139', '145', '155', '161', '178', '185', '210', '225', '226', '227', '228', '229', '230', '231', '232', '233', '234', '235', '236', '237', '238', '239', '240', '241', '242', '243', '244', '245', '246', '247', '248', '249', '250', '251', '252', '253', '254', '255', '256', '257', '258', '259', '260', '261', '262', '263', '264', '265', '266', '267', '268', '269', '270', '271', '272', '273', '275', '276', '277', '278', '279', '280', '281', '282', '283', '284', '285', '286', '287', '288', '289', '290', '291', '292', '293', '294', '295', '296', '298', '299', '300', '301', '302', '303', '304', '305', '306', '307', '308', '309', '310', '311', '312', '313', '314', '315', '316', '317', '318', '319', '320', '321', '322', '323', '324', '325', '326', '327', '328', '329', '330', '331', '332', '333', '334', '335', '336', '337', '338', '339', '340', '341', '342', '343', '344', '345', '346', '347', '348', '349', '350', '351', '352', '353', '354', '355', '356', '357', '358', '359', '360', '361', '362', '363', '364', '365', '366', '367', '368', '369', '370', '371', '372', '373', '374', '375', '376', '377', '378', '379', '380', '381', '382', '383', '384', '385', '386', '387', '388', '389', '390', '391', '392', '393', '394', '395', '396', '397', '398', '399', '400', '401', '402', '403', '404', '405', '406', '407', '408', '409', '410', '411', '412', '414', '415', '416', '417', '418', '419', '420', '421', '422', '423', '424', '425', '426', '427', '428', '429', '430', '431', '432', '433', '434', '435', '436', '437', '438', '439', '440', '441', '442', '443', '444', '445', '446', '447', '448', '449', '451', '452', '453', '454', '455', '456', '457', '458', '459', '460', '461', '462', '463', '464', '465', '466', '467', '468', '469', '470', '471', '472', '473', '474', '475', '476', '477', '478', '479', '480', '481', '482', '483', '484', '485', '486', '487', '488', '489', '490', '491', '492', '493', '494', '495', '496', '497', '498', '499', '500', '501', '502', '503', '504', '505', '506', '507', '508', '509', '510', '511', '512', '513', '514', '515', '516', '517', '518', '519', '520', '521', '522', '523', '524', '525', '526', '527', '528', '529', '530', '531', '532', '533', '534', '535', '536', '537', '538', '539', '540', '541', '542', '543', '544', '545', '546', '547', '548', '549', '550', '551', '552', '553', '554', '555', '556', '557', '558', '559', '560', '561', '562', '563', '564', '565', '566', '567', '568', '569', '570', '571', '572', '573', '574', '575', '576', '577', '578', '579', '580', '581', '582', '583', '584', '585', '586', '587', '588', '589', '590', '591', '592', '593', '594', '595', '596', '597', '598', '599', '134', '142', '213', '120']}})
 Cluster1  1
SortedDict({2: {'1': ['75', '76', '77', '78', '79', '80', '81', '82', '83', '84', '85', '86', '87', '88', '89', '90', '91', '92', '93', '94', '95', '96', '97', '98', '99'], '0': ['0', '1', '2', '3', '4', '5', '6', '7', '8', '9', '10', '11', '12', '13', '14', '15', '16', '17', '18', '19', '20', '21', '22', '23', '24', '25', '26', '27', '28', '29', '30', '31', '32', '33', '34', '35', '36', '37', '38', '39', '40', '41', '42', '43', '44', '45', '46', '47', '48', '49', '50', '51', '52', '53', '54', '55', '56', '57', '58', '59', '60', '61', '62', '63', '64', '65', '66', '67', '68', '69', '70', '71', '72', '73', '74']}, 3: {'1': ['100', '101', '103', '104', '105', '106', '107', '109', '110', '111', '112', '113', '114', '115', '116', '118', '119', '121', '122', '123', '124', '125', '126', '128', '129', '131', '132', '133', '137', '138', '140', '141', '143', '144', '146', '147', '148', '149', '150', '151', '152', '156', '157', '158', '160', '162', '163', '164', '165', '166', '167', '168', '169', '171', '172', '173', '174', '182', '192', '194', '200', '207', '216', '219', '117', '153', '154', '195', '274', '297', '136', '170', '183'], '5': ['175', '176', '177', '179', '180', '181', '184', '186', '187', '188', '189', '191', '193', '196', '197', '198', '199', '201', '202', '203', '204', '205', '206', '208', '211', '212', '215', '217', '218', '220', '221', '222', '223', '224'], '3': ['117', '153', '154', '195', '274', '297', '136', '170', '183'], '6': ['159', '209', '214', '413', '450', '190'], '0': ['102', '108', '127', '130', '135', '139', '145', '155', '161', '178', '185', '210', '225', '226', '227', '228', '229', '230', '231', '232', '233', '234', '235', '236', '237', '238', '239', '240', '241', '242', '243', '244', '245', '246', '247', '248', '249', '250', '251', '252', '253', '254', '255', '256', '257', '258', '259', '260', '261', '262', '263', '264', '265', '266', '267', '268', '269', '270', '271', '272', '273', '275', '276', '277', '278', '279', '280', '281', '282', '283', '284', '285', '286', '287', '288', '289', '290', '291', '292', '293', '294', '295', '296', '298', '299', '300', '301', '302', '303', '304', '305', '306', '307', '308', '309', '310', '311', '312', '313', '314', '315', '316', '317', '318', '319', '320', '321', '322', '323', '324', '325', '326', '327', '328', '329', '330', '331', '332', '333', '334', '335', '336', '337', '338', '339', '340', '341', '342', '343', '344', '345', '346', '347', '348', '349', '350', '351', '352', '353', '354', '355', '356', '357', '358', '359', '360', '361', '362', '363', '364', '365', '366', '367', '368', '369', '370', '371', '372', '373', '374', '375', '376', '377', '378', '379', '380', '381', '382', '383', '384', '385', '386', '387', '388', '389', '390', '391', '392', '393', '394', '395', '396', '397', '398', '399', '400', '401', '402', '403', '404', '405', '406', '407', '408', '409', '410', '411', '412', '414', '415', '416', '417', '418', '419', '420', '421', '422', '423', '424', '425', '426', '427', '428', '429', '430', '431', '432', '433', '434', '435', '436', '437', '438', '439', '440', '441', '442', '443', '444', '445', '446', '447', '448', '449', '451', '452', '453', '454', '455', '456', '457', '458', '459', '460', '461', '462', '463', '464', '465', '466', '467', '468', '469', '470', '471', '472', '473', '474', '475', '476', '477', '478', '479', '480', '481', '482', '483', '484', '485', '486', '487', '488', '489', '490', '491', '492', '493', '494', '495', '496', '497', '498', '499', '500', '501', '502', '503', '504', '505', '506', '507', '508', '509', '510', '511', '512', '513', '514', '515', '516', '517', '518', '519', '520', '521', '522', '523', '524', '525', '526', '527', '528', '529', '530', '531', '532', '533', '534', '535', '536', '537', '538', '539', '540', '541', '542', '543', '544', '545', '546', '547', '548', '549', '550', '551', '552', '553', '554', '555', '556', '557', '558', '559', '560', '561', '562', '563', '564', '565', '566', '567', '568', '569', '570', '571', '572', '573', '574', '575', '576', '577', '578', '579', '580', '581', '582', '583', '584', '585', '586', '587', '588', '589', '590', '591', '592', '593', '594', '595', '596', '597', '598', '599', '134', '142', '213', '120']}})
 Cluster1  5
 Cluster to drop  3
 Cluster to drop  6
 After reassigning and merging cells 
 Timepoint  2
 Cluster  1  # of cells  25
 Cluster  0  # of cells  75
 Timepoint  3
 Cluster  1  # of cells  73
 Cluster  5  # of cells  40
 Cluster  0  # of cells  387
 Tp cluster cell dict  {'1_2': 25, '0_2': 75, '1_3': 73, '5_3': 40, '0_3': 387}
 New Graph is here 
 ID  0  Timepoint  1  Mutations  []  Type  subclone
 ID  1  Timepoint  2  Mutations  [13, 14, 15, 16, 17, 18, 19, 20, 21, 22, 23, 24, 25, 26, 27, 28]  Type  subclone
 ID  2  Timepoint  2  Mutations  [13, 14, 15]  Type  subclone
 ID  3  Timepoint  3  Mutations  [13, 14, 15, 16, 17, 18, 19, 20, 21, 22, 23, 24, 25, 26, 27, 28]  Type  subclone
 ID  4  Timepoint  3  Mutations  [13, 14, 15, 16, 17, 18, 19, 20, 21, 22, 23, 24, 25, 26, 27, 28, 29, 30, 31, 32, 33, 34, 35, 36, 37, 38, 39, 40, 41]  Type  subclone
 ID  5  Timepoint  3  Mutations  [13, 14, 15]  Type  subclone
Timepoints  SortedDict({1: [0], 2: [1, 2], 3: [3, 4, 5]})
 Clone to nodes  {'1_2': 1, '0_2': 2, '1_3': 3, '5_3': 4, '0_3': 5}
 Timepoint ====  1
 Hash table  {'0,1': [13, 14, 15], '0': [16, 17, 18, 19, 20, 21, 22, 23, 24, 25, 26, 27, 28]}
 Final possible usc  [[13, 14, 15], [16, 17, 18, 19, 20, 21, 22, 23, 24, 25, 26, 27, 28]]
 Time  1  USC keys  {'13,14,15_0', '16,17,18,19,20,21,22,23,24,25,26,27,28_0'}
 USC children  {'13,14,15_0': [1, 2], '16,17,18,19,20,21,22,23,24,25,26,27,28_0': [1]}
 USC children  {'13,14,15_0': [1, 2], '16,17,18,19,20,21,22,23,24,25,26,27,28_0': [1]}
 Timepoint ====  2
 Hash table  {'0': [13, 14, 15, 16, 17, 18, 19, 20, 21, 22, 23, 24, 25, 26, 27, 28, 29, 30, 31, 32, 33, 34, 35, 36, 37, 38, 39, 40, 41]}
====== Inside find superset of t nodes ==========
 Final possible usc  [[13, 14, 15, 16, 17, 18, 19, 20, 21, 22, 23, 24, 25, 26, 27, 28, 29, 30, 31, 32, 33, 34, 35, 36, 37, 38, 39, 40, 41]]
 Time  2  USC keys  {'13,14,15,16,17,18,19,20,21,22,23,24,25,26,27,28,29,30,31,32,33,34,35,36,37,38,39,40,41_1', '13,14,15,16,17,18,19,20,21,22,23,24,25,26,27,28,29,30,31,32,33,34,35,36,37,38,39,40,41_2'}
 USC children  {'13,14,15_0': [1, 2], '16,17,18,19,20,21,22,23,24,25,26,27,28_0': [1], '13,14,15,16,17,18,19,20,21,22,23,24,25,26,27,28,29,30,31,32,33,34,35,36,37,38,39,40,41_1': [4], '13,14,15,16,17,18,19,20,21,22,23,24,25,26,27,28,29,30,31,32,33,34,35,36,37,38,39,40,41_2': [4]}
 USC children  {'13,14,15_0': [1, 2], '16,17,18,19,20,21,22,23,24,25,26,27,28_0': [1], '13,14,15,16,17,18,19,20,21,22,23,24,25,26,27,28,29,30,31,32,33,34,35,36,37,38,39,40,41_1': [4], '13,14,15,16,17,18,19,20,21,22,23,24,25,26,27,28,29,30,31,32,33,34,35,36,37,38,39,40,41_2': [4]}
 Node s  {'1,2': ['13', '14', '15'], '4': ['13', '14', '15', '16', '17', '18', '19', '20', '21', '22', '23', '24', '25', '26', '27', '28', '29', '30', '31', '32', '33', '34', '35', '36', '37', '38', '39', '40', '41']}
 Enroll USC nodes  ['1', '2']  len  2
 Enroll USC nodes  ['4']  len  1
 Node TP  SortedDict({1: [0], 2: [1, 2], 3: [3, 4, 5]})
 Unobserved subclones at timepoints  {1.5: [6]}
 ============== Inside finding node v ============ 
 Time  2
 Time  3
 largest_v_mut  [[13, 14, 15, 16, 17, 18, 19, 20, 21, 22, 23, 24, 25, 26, 27, 28]]
 Sorted all timepoints  [1, 1.5, 2, 3]
 Timepoint  2
 Inside usc_node check  2
 Timepoint  3
0   1   [-1]   subclone   []   []
1   2   [6]   subclone   [13, 14, 15, 16, 17, 18, 19, 20, 21, 22, 23, 24, 25, 26, 27, 28]   [13]
2   2   [6]   subclone   [13, 14, 15]   [0]
3   3   [1]   subclone   [13, 14, 15, 16, 17, 18, 19, 20, 21, 22, 23, 24, 25, 26, 27, 28]   [0]
4   3   [1]   subclone   [13, 14, 15, 16, 17, 18, 19, 20, 21, 22, 23, 24, 25, 26, 27, 28, 29, 30, 31, 32, 33, 34, 35, 36, 37, 38, 39, 40, 41]   [13]
5   3   [2]   subclone   [13, 14, 15]   [0]
6   1.5   [0]   unobserved subclone   [13, 14, 15]   [3]
3
 Total estimated FP  827  True negatives  15783
 Total estimated FN  714  True positives  2836
 Estimated FP rate  0.22577
 Estimated FN rate  0.04
 No. of Cells in each cluster  {'0_2': 75, '0_3': 374, '1_2': 25, '1_3': 76, '2_3': 50}
 Cells in each cluster  {'0_2': [0, 1, 2, 3, 4, 5, 6, 7, 8, 9, 10, 11, 12, 13, 14, 15, 16, 17, 18, 19, 20, 21, 22, 23, 24, 25, 26, 27, 28, 29, 30, 31, 32, 33, 34, 35, 36, 37, 38, 39, 40, 41, 42, 43, 44, 45, 46, 47, 48, 49, 50, 51, 52, 53, 54, 55, 56, 57, 58, 59, 60, 61, 62, 63, 64, 65, 66, 67, 68, 69, 70, 71, 72, 73, 74], '0_3': [225, 226, 227, 228, 229, 230, 231, 232, 233, 234, 235, 236, 237, 238, 239, 240, 241, 242, 243, 244, 245, 246, 247, 248, 249, 250, 251, 252, 253, 254, 255, 256, 257, 258, 259, 260, 261, 262, 263, 264, 265, 266, 267, 268, 269, 270, 271, 272, 273, 274, 275, 276, 277, 278, 279, 280, 281, 282, 283, 284, 285, 286, 287, 288, 289, 290, 291, 292, 293, 294, 295, 296, 298, 299, 300, 301, 302, 303, 304, 305, 306, 307, 308, 309, 310, 311, 312, 313, 314, 315, 316, 317, 318, 319, 320, 321, 322, 323, 324, 325, 326, 327, 328, 329, 330, 331, 332, 333, 334, 335, 336, 337, 338, 339, 340, 341, 342, 343, 344, 345, 346, 347, 348, 349, 350, 351, 352, 353, 354, 355, 356, 357, 358, 359, 360, 361, 362, 363, 364, 365, 366, 367, 368, 369, 370, 371, 372, 373, 374, 375, 376, 377, 378, 379, 380, 381, 382, 383, 384, 385, 386, 387, 388, 389, 390, 391, 392, 393, 394, 395, 396, 397, 398, 399, 400, 401, 402, 403, 404, 405, 406, 407, 408, 409, 410, 411, 412, 413, 414, 415, 416, 417, 418, 419, 420, 421, 422, 423, 424, 425, 426, 427, 428, 429, 430, 431, 432, 433, 434, 435, 436, 437, 438, 439, 440, 441, 442, 443, 444, 445, 446, 447, 448, 449, 450, 451, 452, 453, 454, 455, 456, 457, 458, 459, 460, 461, 462, 463, 464, 465, 466, 467, 468, 469, 470, 471, 472, 473, 474, 475, 476, 477, 478, 479, 480, 481, 482, 483, 484, 485, 486, 487, 488, 489, 490, 491, 492, 493, 494, 495, 496, 497, 498, 499, 500, 501, 502, 503, 504, 505, 506, 507, 508, 509, 510, 511, 512, 513, 514, 515, 516, 517, 518, 519, 520, 521, 522, 523, 524, 525, 526, 527, 528, 529, 530, 531, 532, 533, 534, 535, 536, 537, 538, 539, 540, 541, 542, 543, 544, 545, 546, 547, 548, 549, 550, 551, 552, 553, 554, 555, 556, 557, 558, 559, 560, 561, 562, 563, 564, 565, 566, 567, 568, 569, 570, 571, 572, 573, 574, 575, 576, 577, 578, 579, 580, 581, 582, 583, 584, 585, 586, 587, 588, 589, 590, 591, 592, 593, 594, 595, 596, 597, 598, 599], '1_2': [75, 76, 77, 78, 79, 80, 81, 82, 83, 84, 85, 86, 87, 88, 89, 90, 91, 92, 93, 94, 95, 96, 97, 98, 99], '1_3': [100, 101, 102, 103, 104, 105, 106, 107, 108, 109, 110, 111, 112, 113, 114, 115, 116, 117, 118, 119, 120, 121, 122, 123, 124, 125, 126, 127, 128, 129, 130, 131, 132, 133, 134, 135, 136, 137, 138, 139, 140, 141, 142, 143, 144, 145, 146, 147, 148, 149, 150, 151, 152, 153, 154, 155, 156, 157, 158, 159, 160, 161, 162, 163, 164, 165, 166, 167, 168, 169, 170, 171, 172, 173, 174, 297], '2_3': [175, 176, 177, 178, 179, 180, 181, 182, 183, 184, 185, 186, 187, 188, 189, 190, 191, 192, 193, 194, 195, 196, 197, 198, 199, 200, 201, 202, 203, 204, 205, 206, 207, 208, 209, 210, 211, 212, 213, 214, 215, 216, 217, 218, 219, 220, 221, 222, 223, 224]}
FP rate  0.22577 FN rate  0.04
 Before reassigning cells 
 Timepoint  2
 Cluster  0  # of cells  75
 Cluster  1  # of cells  25
 Timepoint  3
 Cluster  0  # of cells  394
 Cluster  1  # of cells  71
 Cluster  2  # of cells  35
 Cells absent at timepoint  2   set()
 Cells absent at timepoint  3   set()
 Timepoint  2
 Timepoint  3
 After reassigning and merging cells 
 Timepoint  2
 Cluster  0  # of cells  75
 Cluster  1  # of cells  25
 Timepoint  3
 Cluster  0  # of cells  394
 Cluster  1  # of cells  71
 Cluster  2  # of cells  35
 Tp cluster cell dict  {'0_2': 75, '1_2': 25, '0_3': 394, '1_3': 71, '2_3': 35}
 New Graph is here 
 ID  0  Timepoint  1  Mutations  []  Type  subclone
 ID  1  Timepoint  2  Mutations  [13, 14, 15]  Type  subclone
 ID  2  Timepoint  2  Mutations  [13, 14, 15, 16, 17, 18, 19, 20, 21, 22, 23, 24, 25, 26, 27, 28]  Type  subclone
 ID  3  Timepoint  3  Mutations  [13, 14, 15]  Type  subclone
 ID  4  Timepoint  3  Mutations  [13, 14, 15, 16, 17, 18, 19, 20, 21, 22, 23, 24, 25, 26, 27, 28]  Type  subclone
 ID  5  Timepoint  3  Mutations  [13, 14, 15, 16, 17, 18, 19, 20, 21, 22, 23, 24, 25, 26, 27, 28, 29, 30, 31, 32, 33, 34, 35, 36, 37, 38, 39, 40, 41]  Type  subclone
Timepoints  SortedDict({1: [0], 2: [1, 2], 3: [3, 4, 5]})
 Clone to nodes  {'0_2': 1, '1_2': 2, '0_3': 3, '1_3': 4, '2_3': 5}
 Timepoint ====  1
 Hash table  {'0,1': [13, 14, 15], '1': [16, 17, 18, 19, 20, 21, 22, 23, 24, 25, 26, 27, 28]}
 Final possible usc  [[13, 14, 15], [16, 17, 18, 19, 20, 21, 22, 23, 24, 25, 26, 27, 28]]
 Time  1  USC keys  {'16,17,18,19,20,21,22,23,24,25,26,27,28_0', '13,14,15_0'}
 USC children  {'13,14,15_0': [1, 2], '16,17,18,19,20,21,22,23,24,25,26,27,28_0': [2]}
 USC children  {'13,14,15_0': [1, 2], '16,17,18,19,20,21,22,23,24,25,26,27,28_0': [2]}
 Timepoint ====  2
 Hash table  {'0': [13, 14, 15, 16, 17, 18, 19, 20, 21, 22, 23, 24, 25, 26, 27, 28, 29, 30, 31, 32, 33, 34, 35, 36, 37, 38, 39, 40, 41]}
====== Inside find superset of t nodes ==========
 Final possible usc  [[13, 14, 15, 16, 17, 18, 19, 20, 21, 22, 23, 24, 25, 26, 27, 28, 29, 30, 31, 32, 33, 34, 35, 36, 37, 38, 39, 40, 41]]
 Time  2  USC keys  {'13,14,15,16,17,18,19,20,21,22,23,24,25,26,27,28,29,30,31,32,33,34,35,36,37,38,39,40,41_1', '13,14,15,16,17,18,19,20,21,22,23,24,25,26,27,28,29,30,31,32,33,34,35,36,37,38,39,40,41_2'}
 USC children  {'13,14,15_0': [1, 2], '16,17,18,19,20,21,22,23,24,25,26,27,28_0': [2], '13,14,15,16,17,18,19,20,21,22,23,24,25,26,27,28,29,30,31,32,33,34,35,36,37,38,39,40,41_1': [5], '13,14,15,16,17,18,19,20,21,22,23,24,25,26,27,28,29,30,31,32,33,34,35,36,37,38,39,40,41_2': [5]}
 USC children  {'13,14,15_0': [1, 2], '16,17,18,19,20,21,22,23,24,25,26,27,28_0': [2], '13,14,15,16,17,18,19,20,21,22,23,24,25,26,27,28,29,30,31,32,33,34,35,36,37,38,39,40,41_1': [5], '13,14,15,16,17,18,19,20,21,22,23,24,25,26,27,28,29,30,31,32,33,34,35,36,37,38,39,40,41_2': [5]}
 Node s  {'1,2': ['13', '14', '15'], '5': ['13', '14', '15', '16', '17', '18', '19', '20', '21', '22', '23', '24', '25', '26', '27', '28', '29', '30', '31', '32', '33', '34', '35', '36', '37', '38', '39', '40', '41']}
 Enroll USC nodes  ['1', '2']  len  2
 Enroll USC nodes  ['5']  len  1
 Node TP  SortedDict({1: [0], 2: [1, 2], 3: [3, 4, 5]})
 Unobserved subclones at timepoints  {1.5: [6]}
 ============== Inside finding node v ============ 
 Time  2
 Time  3
 largest_v_mut  [[13, 14, 15, 16, 17, 18, 19, 20, 21, 22, 23, 24, 25, 26, 27, 28]]
 Sorted all timepoints  [1, 1.5, 2, 3]
 Timepoint  2
 Inside usc_node check  2
 Timepoint  3
0   1   [-1]   subclone   []   []
1   2   [6]   subclone   [13, 14, 15]   [0]
2   2   [6]   subclone   [13, 14, 15, 16, 17, 18, 19, 20, 21, 22, 23, 24, 25, 26, 27, 28]   [13]
3   3   [1]   subclone   [13, 14, 15]   [0]
4   3   [2]   subclone   [13, 14, 15, 16, 17, 18, 19, 20, 21, 22, 23, 24, 25, 26, 27, 28]   [0]
5   3   [2]   subclone   [13, 14, 15, 16, 17, 18, 19, 20, 21, 22, 23, 24, 25, 26, 27, 28, 29, 30, 31, 32, 33, 34, 35, 36, 37, 38, 39, 40, 41]   [13]
6   1.5   [0]   unobserved subclone   [13, 14, 15]   [3]
 List of tree files  ['all_trees/ap05_rep5_m1_tree.csv', 'all_trees/ap05_rep5_m2_tree.csv', 'all_trees/ap05_rep5_m3_tree.csv', 'all_trees/ap05_rep5_m4_tree.csv', 'all_trees/ap05_rep5_m5_tree.csv']
{'1': ['13', '14', '15', '16', '17', '18', '19', '20', '21', '22', '23', '24', '25', '26', '27', '28'], '2': ['13', '14', '15'], '3': ['13', '14', '15', '16', '17', '18', '19', '20', '21', '22', '23', '24', '25', '26', '27', '28'], '4': ['13', '14', '15', '16', '17', '18', '19', '20', '21', '22', '23', '24', '25', '26', '27', '28', '29', '30', '31', '32', '33', '34', '35', '36', '37', '38', '39', '40', '41'], '5': ['8', '14', '19', '20', '35', '40'], '6': ['13', '14', '15'], '7': ['13', '14', '15']}
 Actual mutation of  1   ['23', '20', '17', '21', '26', '19', '28', '25', '22', '27', '24', '16', '18']
 Actual mutation of  2   []
 Actual mutation of  3   []
 Actual mutation of  4   ['30', '37', '38', '29', '40', '35', '34', '31', '41', '32', '36', '33', '39']
 Actual mutation of  5   ['19', '20', '40', '35', '8']
 Actual mutation of  6   []
 Updated node mutation  {'1': ['23', '20', '17', '21', '26', '19', '28', '25', '22', '27', '24', '16', '18'], '2': [], '3': [], '4': ['30', '37', '38', '29', '40', '35', '34', '31', '41', '32', '36', '33', '39'], '5': ['19', '20', '40', '35', '8'], '6': [], '7': ['13', '14', '15']}
{'1': ['13', '14', '15', '16', '17', '18', '19', '20', '21', '22', '23', '24', '25', '26', '27', '28'], '2': ['13', '14', '15'], '3': ['13', '14', '15', '16', '17', '18', '19', '20', '21', '22', '23', '24', '25', '26', '27', '28'], '4': ['13', '14', '15', '16', '17', '18', '19', '20', '21', '22', '23', '24', '25', '26', '27', '28', '29', '30', '31', '32', '33', '34', '35', '36', '37', '38', '39', '40', '41'], '5': ['13', '14', '15'], '6': ['13', '14', '15']}
 Actual mutation of  1   ['23', '20', '17', '21', '26', '19', '28', '25', '22', '27', '24', '16', '18']
 Actual mutation of  2   []
 Actual mutation of  3   []
 Actual mutation of  4   ['30', '37', '38', '29', '40', '35', '34', '31', '41', '32', '36', '33', '39']
 Actual mutation of  5   []
 Updated node mutation  {'1': ['23', '20', '17', '21', '26', '19', '28', '25', '22', '27', '24', '16', '18'], '2': [], '3': [], '4': ['30', '37', '38', '29', '40', '35', '34', '31', '41', '32', '36', '33', '39'], '5': [], '6': ['13', '14', '15']}
{'1': ['13', '14', '15', '16', '17', '18', '19', '20', '21', '22', '23', '24', '25', '26', '27', '28'], '2': ['13', '14', '15'], '3': ['13', '14', '15', '16', '17', '18', '19', '20', '21', '22', '23', '24', '25', '26', '27', '28'], '4': ['13', '14', '15', '16', '17', '18', '19', '20', '21', '22', '23', '24', '25', '26', '27', '28', '29', '30', '31', '32', '33', '34', '35', '36', '37', '38', '39', '40', '41'], '5': ['13', '14', '15'], '6': ['13', '14', '15']}
 Actual mutation of  1   ['23', '20', '17', '21', '26', '19', '28', '25', '22', '27', '24', '16', '18']
 Actual mutation of  2   []
 Actual mutation of  3   []
 Actual mutation of  4   ['30', '37', '38', '29', '40', '35', '34', '31', '41', '32', '36', '33', '39']
 Actual mutation of  5   []
 Updated node mutation  {'1': ['23', '20', '17', '21', '26', '19', '28', '25', '22', '27', '24', '16', '18'], '2': [], '3': [], '4': ['30', '37', '38', '29', '40', '35', '34', '31', '41', '32', '36', '33', '39'], '5': [], '6': ['13', '14', '15']}
{'1': ['13', '14', '15', '16', '17', '18', '19', '20', '21', '22', '23', '24', '25', '26', '27', '28'], '2': ['13', '14', '15'], '3': ['13', '14', '15', '16', '17', '18', '19', '20', '21', '22', '23', '24', '25', '26', '27', '28'], '4': ['13', '14', '15', '16', '17', '18', '19', '20', '21', '22', '23', '24', '25', '26', '27', '28', '29', '30', '31', '32', '33', '34', '35', '36', '37', '38', '39', '40', '41'], '5': ['13', '14', '15'], '6': ['13', '14', '15']}
 Actual mutation of  1   ['23', '20', '17', '21', '26', '19', '28', '25', '22', '27', '24', '16', '18']
 Actual mutation of  2   []
 Actual mutation of  3   []
 Actual mutation of  4   ['30', '37', '38', '29', '40', '35', '34', '31', '41', '32', '36', '33', '39']
 Actual mutation of  5   []
 Updated node mutation  {'1': ['23', '20', '17', '21', '26', '19', '28', '25', '22', '27', '24', '16', '18'], '2': [], '3': [], '4': ['30', '37', '38', '29', '40', '35', '34', '31', '41', '32', '36', '33', '39'], '5': [], '6': ['13', '14', '15']}
{'1': ['13', '14', '15'], '2': ['13', '14', '15', '16', '17', '18', '19', '20', '21', '22', '23', '24', '25', '26', '27', '28'], '3': ['13', '14', '15'], '4': ['13', '14', '15', '16', '17', '18', '19', '20', '21', '22', '23', '24', '25', '26', '27', '28'], '5': ['13', '14', '15', '16', '17', '18', '19', '20', '21', '22', '23', '24', '25', '26', '27', '28', '29', '30', '31', '32', '33', '34', '35', '36', '37', '38', '39', '40', '41'], '6': ['13', '14', '15']}
 Actual mutation of  1   []
 Actual mutation of  2   ['23', '20', '17', '21', '26', '19', '28', '25', '22', '27', '24', '16', '18']
 Actual mutation of  3   []
 Actual mutation of  4   []
 Actual mutation of  5   ['30', '37', '38', '29', '40', '35', '34', '31', '41', '32', '36', '33', '39']
 Updated node mutation  {'1': [], '2': ['23', '20', '17', '21', '26', '19', '28', '25', '22', '27', '24', '16', '18'], '3': [], '4': [], '5': ['30', '37', '38', '29', '40', '35', '34', '31', '41', '32', '36', '33', '39'], '6': ['13', '14', '15']}
 Parallel mutation count  {'m1': 4, 'm2': 0, 'm3': 0, 'm4': 0, 'm5': 0}
 Clusters with least parallel mutations  ['m2', 'm3', 'm4', 'm5']
 Cluster nos for each run  {'m2': 8, 'm3': 5, 'm4': 8, 'm5': 3}
 Run  m5
 Base path  ['ap05', 'rep5', 'm1', 'tree.csv']
 Best tree path  ap05_rep5_m5_tree.csv
