
DPMM with:
	27 cells
	20 mutations
	learning errors

	Priors:
	params.:	Beta(0.25,0.25)
	CRP a_0:	Gamma(5.20,1)
	FP:		trunc norm(0.01,0.01)
	FN:		trunc norm(0.2,0.1)

Move probabilitites:
	Split/merge:	0.33
		split/merge ratio:	[0.75, 0.25]
		intermediate Gibbs:	3
	CRP a_0 update:	0.25
	Errors update:	0.25

Run MCMC with (1 chains for 5000 steps):

Clustering time:	0:02:33.741055	(0.03 secs. per MCMC step)	Lugsail PSRF:		1.00349

Chain mean - posterior clusters	(#3):
	A:    1,    3,    4,    5,    6,    7,    8,    9,   10,   13,   14,   15,   16,   17,   18,   19,   20,   21,   22,   23,   24,   25,   26
	B:    0
	C:    2,   11,   12

Inferred latent variables	--	chain mean - posterior
	CRP a_0:	15.4 +- 6.9
	FP (model|genotypes): 9.3E-03 +- 7.1E-03	|	0.0E+00
	FN (model|genotypes): 0.034   +- 0.019	|	0.064

Writing output to: smallSA501_bnpc/m1/X4

