
DPMM with:
	600 cells
	46 mutations
	learning errors

	Priors:
	params.:	Beta(0.25,0.25)
	CRP a_0:	Gamma(24.49,1)
	FP:		trunc norm(0.01,0.01)
	FN:		trunc norm(0.2,0.1)

Move probabilitites:
	Split/merge:	0.33
		split/merge ratio:	[0.75, 0.25]
		intermediate Gibbs:	3
	CRP a_0 update:	0.25
	Errors update:	0.25

Run MCMC with (1 chains for 5000 steps):

Clustering time:	0:22:12.669711	(0.27 secs. per MCMC step)	Lugsail PSRF:		1.00938

Chain mean - posterior clusters	(#7):
	7 clusters

	A: 416 items
	B: 10 items
	C: 6 items
	D: 1 items
	E: 97 items
	F: 69 items
	G: 1 items

Inferred latent variables	--	chain mean - posterior
	CRP a_0:	101.3 +- 19.1
	FP (model|genotypes): 1.9E-03 +- 9.2E-04	|	7.8E-03
	FN (model|genotypes): 0.120   +- 0.009	|	0.158

Writing output to: ./sim_output/mc2/rep4/m1

Too many cells to plot genotypes/clusters
