7
 Total estimated FP  8  True negatives  9565
 Total estimated FN  1442  True positives  5785
 Estimated FP rate  0.00138
 Estimated FN rate  0.13
 No. of Cells in each cluster  {'5_2': 14, '5_3': 87, '3_2': 10, '4_2': 66, '6_3': 1, '1_2': 10, '1_3': 412}
 Cells in each cluster  {'5_2': [0, 1, 2, 3, 4, 5, 6, 7, 8, 9, 10, 11, 12, 13], '5_3': [100, 101, 102, 103, 104, 105, 106, 107, 108, 109, 110, 111, 112, 113, 114, 115, 116, 117, 118, 119, 120, 121, 122, 123, 124, 125, 126, 127, 128, 129, 130, 131, 132, 133, 134, 135, 136, 137, 138, 139, 140, 141, 142, 143, 144, 145, 146, 147, 148, 149, 150, 151, 152, 153, 154, 155, 156, 157, 158, 159, 160, 161, 162, 163, 164, 165, 166, 167, 168, 169, 170, 171, 172, 173, 174, 175, 176, 177, 178, 179, 180, 181, 182, 183, 184, 185, 186], '3_2': [14, 15, 16, 17, 18, 19, 20, 21, 22, 23], '4_2': [24, 25, 26, 27, 28, 29, 30, 31, 32, 33, 34, 35, 36, 37, 38, 39, 40, 41, 42, 43, 44, 45, 46, 47, 48, 49, 50, 51, 52, 53, 54, 55, 56, 57, 58, 59, 60, 61, 62, 63, 64, 65, 66, 67, 68, 69, 70, 71, 72, 73, 74, 75, 76, 77, 78, 79, 80, 81, 82, 83, 84, 85, 86, 87, 88, 89], '6_3': [507], '1_2': [92, 90, 91, 93, 94, 95, 96, 97, 98, 99], '1_3': [200, 231, 253, 299, 304, 321, 496, 529, 561, 187, 188, 189, 190, 191, 192, 193, 194, 195, 196, 197, 198, 199, 201, 202, 203, 204, 205, 206, 207, 208, 209, 210, 211, 212, 213, 214, 215, 216, 217, 218, 219, 220, 221, 222, 223, 224, 225, 226, 228, 232, 233, 234, 235, 236, 237, 238, 239, 240, 241, 242, 243, 244, 245, 246, 247, 248, 249, 250, 251, 252, 254, 255, 256, 257, 258, 259, 260, 261, 262, 263, 264, 265, 267, 268, 269, 270, 271, 272, 274, 275, 276, 277, 278, 279, 280, 281, 282, 283, 284, 285, 286, 287, 288, 289, 290, 291, 292, 293, 294, 295, 296, 297, 298, 300, 301, 302, 303, 305, 306, 307, 308, 309, 310, 311, 312, 313, 314, 315, 316, 317, 318, 319, 320, 322, 323, 324, 325, 326, 327, 328, 329, 330, 331, 332, 333, 334, 335, 336, 337, 338, 339, 340, 341, 342, 343, 344, 345, 346, 347, 348, 349, 350, 351, 352, 353, 354, 355, 356, 357, 358, 359, 360, 361, 362, 363, 364, 365, 366, 367, 368, 369, 370, 371, 372, 373, 374, 375, 376, 377, 378, 379, 380, 381, 382, 383, 384, 385, 386, 387, 388, 389, 390, 391, 392, 393, 394, 395, 396, 397, 398, 399, 400, 401, 403, 404, 405, 406, 407, 408, 409, 410, 411, 412, 413, 414, 415, 416, 417, 418, 419, 420, 421, 422, 423, 424, 425, 426, 427, 428, 429, 430, 431, 432, 433, 434, 436, 437, 438, 439, 440, 441, 442, 443, 444, 445, 446, 447, 448, 449, 450, 451, 452, 453, 454, 455, 456, 457, 458, 459, 460, 461, 462, 463, 464, 465, 466, 467, 468, 469, 471, 472, 473, 474, 475, 476, 479, 480, 481, 482, 483, 484, 485, 486, 487, 488, 490, 491, 492, 493, 494, 495, 497, 498, 499, 500, 501, 502, 503, 504, 505, 506, 508, 509, 510, 511, 512, 513, 514, 515, 516, 517, 518, 519, 520, 521, 523, 524, 525, 526, 527, 528, 530, 531, 532, 533, 534, 535, 536, 537, 538, 539, 540, 541, 542, 543, 544, 545, 546, 547, 548, 549, 550, 551, 552, 553, 554, 556, 557, 558, 559, 560, 562, 563, 564, 565, 566, 567, 569, 570, 571, 572, 574, 575, 576, 577, 578, 579, 580, 581, 582, 583, 584, 586, 587, 588, 589, 590, 591, 592, 593, 594, 595, 596, 597, 598, 599, 227, 229, 230, 266, 273, 402, 435, 470, 477, 478, 489, 522, 555, 568, 573, 585]}
FP rate  0.00138 FN rate  0.13
 Before reassigning cells 
 Timepoint  2
 Cluster  5  # of cells  14
 Cluster  3  # of cells  10
 Cluster  4  # of cells  66
 Cluster  1  # of cells  10
 Timepoint  3
 Cluster  5  # of cells  87
 Cluster  6  # of cells  6
 Cluster  1  # of cells  407
 Cells absent at timepoint  2   set()
 Cells absent at timepoint  3   set()
 Timepoint  2
 Timepoint  3
SortedDict({2: {'5': ['0', '1', '2', '3', '4', '5', '6', '7', '8', '9', '10', '11', '12', '13'], '3': ['14', '15', '16', '17', '18', '19', '20', '21', '22', '23'], '4': ['24', '25', '26', '27', '28', '29', '30', '31', '32', '33', '34', '35', '36', '37', '38', '39', '40', '41', '42', '43', '44', '45', '46', '47', '48', '49', '50', '51', '52', '53', '54', '55', '56', '57', '58', '59', '60', '61', '62', '63', '64', '65', '66', '67', '68', '69', '70', '71', '72', '73', '74', '75', '76', '77', '78', '79', '80', '81', '82', '83', '84', '85', '86', '87', '88', '89'], '1': ['90', '91', '92', '93', '94', '95', '96', '97', '98', '99']}, 3: {'5': ['100', '101', '102', '103', '104', '105', '106', '107', '108', '109', '110', '111', '112', '113', '114', '115', '116', '117', '118', '119', '120', '121', '122', '123', '124', '125', '126', '127', '128', '129', '130', '131', '132', '133', '134', '135', '136', '137', '138', '139', '140', '141', '142', '143', '144', '145', '146', '147', '148', '149', '150', '151', '152', '153', '154', '155', '156', '157', '158', '159', '160', '161', '162', '163', '164', '165', '166', '167', '168', '169', '170', '171', '172', '173', '174', '175', '176', '177', '178', '179', '180', '181', '182', '183', '184', '185', '186'], '6': ['333', '403', '425', '507', '544', '548'], '1': ['187', '188', '189', '190', '191', '192', '193', '194', '195', '196', '197', '198', '199', '200', '201', '202', '203', '204', '205', '206', '207', '208', '209', '210', '211', '212', '213', '214', '215', '216', '217', '218', '219', '220', '221', '222', '223', '224', '225', '226', '227', '228', '229', '230', '231', '232', '233', '234', '235', '236', '237', '238', '239', '240', '241', '242', '243', '244', '245', '246', '247', '248', '249', '250', '251', '252', '253', '254', '255', '256', '257', '258', '259', '260', '261', '262', '263', '264', '265', '266', '267', '268', '269', '270', '271', '272', '273', '274', '275', '276', '277', '278', '279', '280', '281', '282', '283', '284', '285', '286', '287', '288', '289', '290', '291', '292', '293', '294', '295', '296', '297', '298', '299', '300', '301', '302', '303', '304', '305', '306', '307', '308', '309', '310', '311', '312', '313', '314', '315', '316', '317', '318', '319', '320', '321', '322', '323', '324', '325', '326', '327', '328', '329', '330', '331', '332', '334', '335', '336', '337', '338', '339', '340', '341', '342', '343', '344', '345', '346', '347', '348', '349', '350', '351', '352', '353', '354', '355', '356', '357', '358', '359', '360', '361', '362', '363', '364', '365', '366', '367', '368', '369', '370', '371', '372', '373', '374', '375', '376', '377', '378', '379', '380', '381', '382', '383', '384', '385', '386', '387', '388', '389', '390', '391', '392', '393', '394', '395', '396', '397', '398', '399', '400', '401', '402', '404', '405', '406', '407', '408', '409', '410', '411', '412', '413', '414', '415', '416', '417', '418', '419', '420', '421', '422', '423', '424', '426', '427', '428', '429', '430', '431', '432', '433', '434', '435', '436', '437', '438', '439', '440', '441', '442', '443', '444', '445', '446', '447', '448', '449', '450', '451', '452', '453', '454', '455', '456', '457', '458', '459', '460', '461', '462', '463', '464', '465', '466', '467', '468', '469', '470', '471', '472', '473', '474', '475', '476', '477', '478', '479', '480', '481', '482', '483', '484', '485', '486', '487', '488', '489', '490', '491', '492', '493', '494', '495', '496', '497', '498', '499', '500', '501', '502', '503', '504', '505', '506', '508', '509', '510', '511', '512', '513', '514', '515', '516', '517', '518', '519', '520', '521', '522', '523', '524', '525', '526', '527', '528', '529', '530', '531', '532', '533', '534', '535', '536', '537', '538', '539', '540', '541', '542', '543', '545', '546', '547', '549', '550', '551', '552', '553', '554', '555', '556', '557', '558', '559', '560', '561', '562', '563', '564', '565', '566', '567', '568', '569', '570', '571', '572', '573', '574', '575', '576', '577', '578', '579', '580', '581', '582', '583', '584', '585', '586', '587', '588', '589', '590', '591', '592', '593', '594', '595', '596', '597', '598', '599']}})
 Cluster1  6
 Cluster to drop  1
 After reassigning and merging cells 
 Timepoint  2
 Cluster  5  # of cells  14
 Cluster  3  # of cells  10
 Cluster  4  # of cells  66
 Cluster  1  # of cells  10
 Timepoint  3
 Cluster  5  # of cells  87
 Cluster  6  # of cells  413
 Tp cluster cell dict  {'5_2': 14, '3_2': 10, '4_2': 66, '1_2': 10, '5_3': 87, '6_3': 413}
 New Graph is here 
 ID  0  Timepoint  1  Mutations  []  Type  subclone
 ID  1  Timepoint  2  Mutations  [0, 1, 2, 3, 4, 5]  Type  subclone
 ID  2  Timepoint  2  Mutations  [0, 1, 2, 3, 4, 5, 17, 18, 19, 20, 21]  Type  subclone
 ID  3  Timepoint  2  Mutations  [6, 7, 8, 9, 10, 11, 12, 13, 14, 15, 16, 22, 23, 24, 25, 26, 27, 28]  Type  subclone
 ID  4  Timepoint  2  Mutations  [6, 7, 8, 9, 10, 11, 12, 13, 14, 15, 16, 29, 30, 31, 32, 33, 34]  Type  subclone
 ID  5  Timepoint  3  Mutations  [0, 1, 2, 3, 4, 5]  Type  subclone
 ID  6  Timepoint  3  Mutations  [6, 7, 8, 9, 10, 11, 12, 13, 14, 15, 16, 29, 30, 31, 32, 33, 34]  Type  subclone
Timepoints  SortedDict({1: [0], 2: [1, 2, 3, 4], 3: [5, 6]})
 Clone to nodes  {'5_2': 1, '3_2': 2, '4_2': 3, '1_2': 4, '5_3': 5, '6_3': 6}
 Timepoint ====  1
 Hash table  {'0,1': [0, 1, 2, 3, 4, 5], '1': [17, 18, 19, 20, 21], '2,3': [6, 7, 8, 9, 10, 11, 12, 13, 14, 15, 16], '2': [22, 23, 24, 25, 26, 27, 28], '3': [29, 30, 31, 32, 33, 34]}
 Final possible usc  [[0, 1, 2, 3, 4, 5], [17, 18, 19, 20, 21], [6, 7, 8, 9, 10, 11, 12, 13, 14, 15, 16], [22, 23, 24, 25, 26, 27, 28], [29, 30, 31, 32, 33, 34]]
 Time  1  USC keys  {'29,30,31,32,33,34_0', '0,1,2,3,4,5_0', '6,7,8,9,10,11,12,13,14,15,16_0', '17,18,19,20,21_0', '22,23,24,25,26,27,28_0'}
 USC children  {'0,1,2,3,4,5_0': [1, 2], '17,18,19,20,21_0': [2], '6,7,8,9,10,11,12,13,14,15,16_0': [3, 4], '22,23,24,25,26,27,28_0': [3], '29,30,31,32,33,34_0': [4]}
 USC children  {'0,1,2,3,4,5_0': [1, 2], '17,18,19,20,21_0': [2], '6,7,8,9,10,11,12,13,14,15,16_0': [3, 4], '22,23,24,25,26,27,28_0': [3], '29,30,31,32,33,34_0': [4]}
 Timepoint ====  2
 Hash table  {}
====== Inside find superset of t nodes ==========
 Final possible usc  []
 Time  2  USC keys  set()
 USC children  {'0,1,2,3,4,5_0': [1, 2], '17,18,19,20,21_0': [2], '6,7,8,9,10,11,12,13,14,15,16_0': [3, 4], '22,23,24,25,26,27,28_0': [3], '29,30,31,32,33,34_0': [4]}
 USC children  {'0,1,2,3,4,5_0': [1, 2], '17,18,19,20,21_0': [2], '6,7,8,9,10,11,12,13,14,15,16_0': [3, 4], '22,23,24,25,26,27,28_0': [3], '29,30,31,32,33,34_0': [4]}
 Node s  {'1,2': ['0', '1', '2', '3', '4', '5'], '3,4': ['6', '7', '8', '9', '10', '11', '12', '13', '14', '15', '16']}
 Enroll USC nodes  ['1', '2']  len  2
 Enroll USC nodes  ['3', '4']  len  2
 Node TP  SortedDict({1: [0], 2: [1, 2, 3, 4], 3: [5, 6]})
 Unobserved subclones at timepoints  {1.5: [7, 8]}
 ============== Inside finding node v ============ 
 Time  2
 Time  3
 Sorted all timepoints  [1, 1.5, 2, 3]
 Timepoint  2
 Inside usc_node check  2
 Timepoint  3
0   1   [-1]   subclone   []   []
1   2   [7]   subclone   [0, 1, 2, 3, 4, 5]   [0]
2   2   [7]   subclone   [0, 1, 2, 3, 4, 5, 17, 18, 19, 20, 21]   [5]
3   2   [8]   subclone   [6, 7, 8, 9, 10, 11, 12, 13, 14, 15, 16, 22, 23, 24, 25, 26, 27, 28]   [7]
4   2   [8]   subclone   [6, 7, 8, 9, 10, 11, 12, 13, 14, 15, 16, 29, 30, 31, 32, 33, 34]   [6]
5   3   [1]   subclone   [0, 1, 2, 3, 4, 5]   [0]
6   3   [4]   subclone   [6, 7, 8, 9, 10, 11, 12, 13, 14, 15, 16, 29, 30, 31, 32, 33, 34]   [0]
7   1.5   [0]   unobserved subclone   [0, 1, 2, 3, 4, 5]   [6]
8   1.5   [0]   unobserved subclone   [6, 7, 8, 9, 10, 11, 12, 13, 14, 15, 16]   [11]
4
 Total estimated FP  9  True negatives  9561
 Total estimated FN  1446  True positives  5784
 Estimated FP rate  0.00155
 Estimated FN rate  0.13
 No. of Cells in each cluster  {'2_2': 14, '2_3': 87, '3_2': 10, '1_2': 66, '0_2': 10, '0_3': 413}
 Cells in each cluster  {'2_2': [0, 1, 2, 3, 4, 5, 6, 7, 8, 9, 10, 11, 12, 13], '2_3': [100, 101, 102, 103, 104, 105, 106, 107, 108, 109, 110, 111, 112, 113, 114, 115, 116, 117, 118, 119, 120, 121, 122, 123, 124, 125, 126, 127, 128, 129, 130, 131, 132, 133, 134, 135, 136, 137, 138, 139, 140, 141, 142, 143, 144, 145, 146, 147, 148, 149, 150, 151, 152, 153, 154, 155, 156, 157, 158, 159, 160, 161, 162, 163, 164, 165, 166, 167, 168, 169, 170, 171, 172, 173, 174, 175, 176, 177, 178, 179, 180, 181, 182, 183, 184, 185, 186], '3_2': [14, 15, 16, 17, 18, 19, 20, 21, 22, 23], '1_2': [24, 25, 26, 27, 28, 29, 30, 31, 32, 33, 34, 35, 36, 37, 38, 39, 40, 41, 42, 43, 44, 45, 46, 47, 48, 49, 50, 51, 52, 53, 54, 55, 56, 57, 58, 59, 60, 61, 62, 63, 64, 65, 66, 67, 68, 69, 70, 71, 72, 73, 74, 75, 76, 77, 78, 79, 80, 81, 82, 83, 84, 85, 86, 87, 88, 89], '0_2': [90, 91, 92, 93, 94, 95, 96, 97, 98, 99], '0_3': [187, 188, 189, 190, 191, 192, 193, 194, 195, 196, 197, 198, 199, 200, 201, 202, 203, 204, 205, 206, 207, 208, 209, 210, 211, 212, 213, 214, 215, 216, 217, 218, 219, 220, 221, 222, 223, 224, 225, 226, 227, 228, 229, 230, 231, 232, 233, 234, 235, 236, 237, 238, 239, 240, 241, 242, 243, 244, 245, 246, 247, 248, 249, 250, 251, 252, 253, 254, 255, 256, 257, 258, 259, 260, 261, 262, 263, 264, 265, 266, 267, 268, 269, 270, 271, 272, 273, 274, 275, 276, 277, 278, 279, 280, 281, 282, 283, 284, 285, 286, 287, 288, 289, 290, 291, 292, 293, 294, 295, 296, 297, 298, 299, 300, 301, 302, 303, 304, 305, 306, 307, 308, 309, 310, 311, 312, 313, 314, 315, 316, 317, 318, 319, 320, 321, 322, 323, 324, 325, 326, 327, 328, 329, 330, 331, 332, 333, 334, 335, 336, 337, 338, 339, 340, 341, 342, 343, 344, 345, 346, 347, 348, 349, 350, 351, 352, 353, 354, 355, 356, 357, 358, 359, 360, 361, 362, 363, 364, 365, 366, 367, 368, 369, 370, 371, 372, 373, 374, 375, 376, 377, 378, 379, 380, 381, 382, 383, 384, 385, 386, 387, 388, 389, 390, 391, 392, 393, 394, 395, 396, 397, 398, 399, 400, 401, 402, 403, 404, 405, 406, 407, 408, 409, 410, 411, 412, 413, 414, 415, 416, 417, 418, 419, 420, 421, 422, 423, 424, 425, 426, 427, 428, 429, 430, 431, 432, 433, 434, 435, 436, 437, 438, 439, 440, 441, 442, 443, 444, 445, 446, 447, 448, 449, 450, 451, 452, 453, 454, 455, 456, 457, 458, 459, 460, 461, 462, 463, 464, 465, 466, 467, 468, 469, 470, 471, 472, 473, 474, 475, 476, 477, 478, 479, 480, 481, 482, 483, 484, 485, 486, 487, 488, 489, 490, 491, 492, 493, 494, 495, 496, 497, 498, 499, 500, 501, 502, 503, 504, 505, 506, 507, 508, 509, 510, 511, 512, 513, 514, 515, 516, 517, 518, 519, 520, 521, 522, 523, 524, 525, 526, 527, 528, 529, 530, 531, 532, 533, 534, 535, 536, 537, 538, 539, 540, 541, 542, 543, 544, 545, 546, 547, 548, 549, 550, 551, 552, 553, 554, 555, 556, 557, 558, 559, 560, 561, 562, 563, 564, 565, 566, 567, 568, 569, 570, 571, 572, 573, 574, 575, 576, 577, 578, 579, 580, 581, 582, 583, 584, 585, 586, 587, 588, 589, 590, 591, 592, 593, 594, 595, 596, 597, 598, 599]}
FP rate  0.00155 FN rate  0.13
 Before reassigning cells 
 Timepoint  2
 Cluster  2  # of cells  14
 Cluster  3  # of cells  10
 Cluster  1  # of cells  66
 Cluster  0  # of cells  10
 Timepoint  3
 Cluster  2  # of cells  87
 Cluster  0  # of cells  413
 Cells absent at timepoint  3   set()
 Cells absent at timepoint  2   set()
 Timepoint  2
 Timepoint  3
 After reassigning and merging cells 
 Timepoint  2
 Cluster  2  # of cells  14
 Cluster  3  # of cells  10
 Cluster  1  # of cells  66
 Cluster  0  # of cells  10
 Timepoint  3
 Cluster  2  # of cells  87
 Cluster  0  # of cells  413
 Tp cluster cell dict  {'2_2': 14, '3_2': 10, '1_2': 66, '0_2': 10, '2_3': 87, '0_3': 413}
 New Graph is here 
 ID  0  Timepoint  1  Mutations  []  Type  subclone
 ID  1  Timepoint  2  Mutations  [0, 1, 2, 3, 4, 5]  Type  subclone
 ID  2  Timepoint  2  Mutations  [0, 1, 2, 3, 4, 5, 17, 18, 19, 20, 21]  Type  subclone
 ID  3  Timepoint  2  Mutations  [6, 7, 8, 9, 10, 11, 12, 13, 14, 15, 16, 22, 23, 24, 25, 26, 27, 28]  Type  subclone
 ID  4  Timepoint  2  Mutations  [6, 7, 8, 9, 10, 11, 12, 13, 14, 15, 16, 29, 30, 31, 32, 33, 34]  Type  subclone
 ID  5  Timepoint  3  Mutations  [0, 1, 2, 3, 4, 5]  Type  subclone
 ID  6  Timepoint  3  Mutations  [6, 7, 8, 9, 10, 11, 12, 13, 14, 15, 16, 29, 30, 31, 32, 33, 34]  Type  subclone
Timepoints  SortedDict({1: [0], 2: [1, 2, 3, 4], 3: [5, 6]})
 Clone to nodes  {'2_2': 1, '3_2': 2, '1_2': 3, '0_2': 4, '2_3': 5, '0_3': 6}
 Timepoint ====  1
 Hash table  {'0,1': [0, 1, 2, 3, 4, 5], '1': [17, 18, 19, 20, 21], '2,3': [6, 7, 8, 9, 10, 11, 12, 13, 14, 15, 16], '2': [22, 23, 24, 25, 26, 27, 28], '3': [29, 30, 31, 32, 33, 34]}
 Final possible usc  [[0, 1, 2, 3, 4, 5], [17, 18, 19, 20, 21], [6, 7, 8, 9, 10, 11, 12, 13, 14, 15, 16], [22, 23, 24, 25, 26, 27, 28], [29, 30, 31, 32, 33, 34]]
 Time  1  USC keys  {'17,18,19,20,21_0', '0,1,2,3,4,5_0', '6,7,8,9,10,11,12,13,14,15,16_0', '29,30,31,32,33,34_0', '22,23,24,25,26,27,28_0'}
 USC children  {'0,1,2,3,4,5_0': [1, 2], '17,18,19,20,21_0': [2], '6,7,8,9,10,11,12,13,14,15,16_0': [3, 4], '22,23,24,25,26,27,28_0': [3], '29,30,31,32,33,34_0': [4]}
 USC children  {'0,1,2,3,4,5_0': [1, 2], '17,18,19,20,21_0': [2], '6,7,8,9,10,11,12,13,14,15,16_0': [3, 4], '22,23,24,25,26,27,28_0': [3], '29,30,31,32,33,34_0': [4]}
 Timepoint ====  2
 Hash table  {}
====== Inside find superset of t nodes ==========
 Final possible usc  []
 Time  2  USC keys  set()
 USC children  {'0,1,2,3,4,5_0': [1, 2], '17,18,19,20,21_0': [2], '6,7,8,9,10,11,12,13,14,15,16_0': [3, 4], '22,23,24,25,26,27,28_0': [3], '29,30,31,32,33,34_0': [4]}
 USC children  {'0,1,2,3,4,5_0': [1, 2], '17,18,19,20,21_0': [2], '6,7,8,9,10,11,12,13,14,15,16_0': [3, 4], '22,23,24,25,26,27,28_0': [3], '29,30,31,32,33,34_0': [4]}
 Node s  {'1,2': ['0', '1', '2', '3', '4', '5'], '3,4': ['6', '7', '8', '9', '10', '11', '12', '13', '14', '15', '16']}
 Enroll USC nodes  ['1', '2']  len  2
 Enroll USC nodes  ['3', '4']  len  2
 Node TP  SortedDict({1: [0], 2: [1, 2, 3, 4], 3: [5, 6]})
 Unobserved subclones at timepoints  {1.5: [7, 8]}
 ============== Inside finding node v ============ 
 Time  2
 Time  3
 Sorted all timepoints  [1, 1.5, 2, 3]
 Timepoint  2
 Inside usc_node check  2
 Timepoint  3
0   1   [-1]   subclone   []   []
1   2   [7]   subclone   [0, 1, 2, 3, 4, 5]   [0]
2   2   [7]   subclone   [0, 1, 2, 3, 4, 5, 17, 18, 19, 20, 21]   [5]
3   2   [8]   subclone   [6, 7, 8, 9, 10, 11, 12, 13, 14, 15, 16, 22, 23, 24, 25, 26, 27, 28]   [7]
4   2   [8]   subclone   [6, 7, 8, 9, 10, 11, 12, 13, 14, 15, 16, 29, 30, 31, 32, 33, 34]   [6]
5   3   [1]   subclone   [0, 1, 2, 3, 4, 5]   [0]
6   3   [4]   subclone   [6, 7, 8, 9, 10, 11, 12, 13, 14, 15, 16, 29, 30, 31, 32, 33, 34]   [0]
7   1.5   [0]   unobserved subclone   [0, 1, 2, 3, 4, 5]   [6]
8   1.5   [0]   unobserved subclone   [6, 7, 8, 9, 10, 11, 12, 13, 14, 15, 16]   [11]
5
 Total estimated FP  9  True negatives  9561
 Total estimated FN  1446  True positives  5784
 Estimated FP rate  0.00155
 Estimated FN rate  0.13
 No. of Cells in each cluster  {'4_2': 14, '4_3': 87, '3_2': 10, '2_2': 66, '1_2': 10, '1_3': 413}
 Cells in each cluster  {'4_2': [0, 1, 2, 3, 4, 5, 6, 7, 8, 9, 10, 11, 12, 13], '4_3': [100, 101, 102, 103, 104, 105, 106, 107, 108, 109, 110, 111, 112, 113, 114, 115, 116, 117, 118, 119, 120, 121, 122, 123, 124, 125, 126, 127, 128, 129, 130, 131, 132, 133, 134, 135, 136, 137, 138, 139, 140, 141, 142, 143, 144, 145, 146, 147, 148, 149, 150, 151, 152, 153, 154, 155, 156, 157, 158, 159, 160, 161, 162, 163, 164, 165, 166, 167, 168, 169, 170, 171, 172, 173, 174, 175, 176, 177, 178, 179, 180, 181, 182, 183, 184, 185, 186], '3_2': [14, 15, 16, 17, 18, 19, 20, 21, 22, 23], '2_2': [24, 25, 26, 27, 28, 29, 30, 31, 32, 33, 34, 35, 36, 37, 38, 39, 40, 41, 42, 43, 44, 45, 46, 47, 48, 49, 50, 51, 52, 53, 54, 55, 56, 57, 58, 59, 60, 61, 62, 63, 64, 65, 66, 67, 68, 69, 70, 71, 72, 73, 74, 75, 76, 77, 78, 79, 80, 81, 82, 83, 84, 85, 86, 87, 88, 89], '1_2': [90, 91, 92, 93, 94, 95, 96, 97, 98, 99], '1_3': [187, 188, 189, 190, 191, 192, 193, 194, 195, 196, 197, 198, 199, 201, 202, 203, 204, 205, 206, 207, 208, 209, 210, 211, 212, 213, 214, 215, 216, 217, 218, 219, 220, 221, 222, 223, 224, 225, 226, 227, 228, 229, 230, 232, 233, 234, 235, 236, 237, 238, 239, 240, 241, 242, 243, 244, 245, 246, 247, 248, 249, 250, 251, 252, 253, 254, 255, 256, 257, 258, 259, 260, 261, 262, 263, 264, 265, 266, 267, 268, 269, 270, 271, 272, 273, 274, 275, 276, 277, 278, 279, 280, 281, 282, 283, 284, 285, 286, 287, 288, 289, 290, 291, 292, 293, 294, 295, 296, 297, 298, 299, 300, 301, 302, 303, 304, 305, 306, 307, 308, 309, 310, 311, 312, 313, 314, 315, 316, 317, 318, 319, 320, 321, 322, 323, 324, 325, 326, 327, 328, 329, 330, 331, 332, 333, 334, 335, 336, 337, 338, 339, 340, 341, 342, 343, 344, 345, 346, 347, 348, 349, 350, 351, 352, 353, 354, 355, 356, 357, 358, 359, 360, 361, 362, 363, 364, 365, 366, 367, 368, 369, 370, 371, 372, 373, 374, 375, 376, 377, 378, 379, 380, 381, 382, 383, 384, 385, 386, 387, 388, 389, 390, 391, 392, 393, 394, 395, 396, 397, 398, 399, 400, 401, 402, 403, 404, 405, 406, 407, 408, 409, 410, 411, 412, 413, 414, 415, 416, 417, 418, 419, 420, 421, 422, 423, 424, 425, 426, 427, 428, 429, 430, 431, 432, 433, 434, 435, 436, 437, 438, 439, 440, 441, 442, 443, 444, 445, 446, 447, 448, 449, 450, 451, 452, 453, 454, 455, 456, 457, 458, 459, 460, 461, 462, 463, 464, 465, 466, 467, 468, 469, 470, 471, 472, 473, 474, 475, 476, 477, 478, 479, 480, 481, 482, 483, 484, 485, 486, 487, 488, 489, 490, 491, 492, 493, 494, 495, 497, 498, 499, 500, 501, 502, 503, 504, 505, 506, 507, 508, 509, 510, 511, 512, 513, 514, 515, 516, 517, 518, 519, 520, 521, 522, 523, 524, 525, 526, 527, 528, 530, 531, 532, 533, 534, 535, 536, 537, 538, 539, 540, 541, 542, 543, 544, 545, 546, 547, 548, 549, 550, 551, 552, 553, 554, 555, 556, 557, 558, 559, 560, 561, 562, 563, 564, 565, 566, 567, 568, 569, 570, 571, 572, 573, 574, 575, 576, 577, 578, 579, 580, 581, 582, 583, 584, 585, 586, 587, 588, 589, 590, 591, 592, 593, 594, 595, 596, 597, 598, 599, 200, 231, 496, 529]}
FP rate  0.00155 FN rate  0.13
 Before reassigning cells 
 Timepoint  2
 Cluster  4  # of cells  14
 Cluster  3  # of cells  10
 Cluster  2  # of cells  66
 Cluster  1  # of cells  10
 Timepoint  3
 Cluster  4  # of cells  87
 Cluster  1  # of cells  413
 Cells absent at timepoint  3   set()
 Cells absent at timepoint  2   set()
 Timepoint  2
 Timepoint  3
 After reassigning and merging cells 
 Timepoint  2
 Cluster  4  # of cells  14
 Cluster  3  # of cells  10
 Cluster  2  # of cells  66
 Cluster  1  # of cells  10
 Timepoint  3
 Cluster  4  # of cells  87
 Cluster  1  # of cells  413
 Tp cluster cell dict  {'4_2': 14, '3_2': 10, '2_2': 66, '1_2': 10, '4_3': 87, '1_3': 413}
 New Graph is here 
 ID  0  Timepoint  1  Mutations  []  Type  subclone
 ID  1  Timepoint  2  Mutations  [0, 1, 2, 3, 4, 5]  Type  subclone
 ID  2  Timepoint  2  Mutations  [0, 1, 2, 3, 4, 5, 17, 18, 19, 20, 21]  Type  subclone
 ID  3  Timepoint  2  Mutations  [6, 7, 8, 9, 10, 11, 12, 13, 14, 15, 16, 22, 23, 24, 25, 26, 27, 28]  Type  subclone
 ID  4  Timepoint  2  Mutations  [6, 7, 8, 9, 10, 11, 12, 13, 14, 15, 16, 29, 30, 31, 32, 33, 34]  Type  subclone
 ID  5  Timepoint  3  Mutations  [0, 1, 2, 3, 4, 5]  Type  subclone
 ID  6  Timepoint  3  Mutations  [6, 7, 8, 9, 10, 11, 12, 13, 14, 15, 16, 29, 30, 31, 32, 33, 34]  Type  subclone
Timepoints  SortedDict({1: [0], 2: [1, 2, 3, 4], 3: [5, 6]})
 Clone to nodes  {'4_2': 1, '3_2': 2, '2_2': 3, '1_2': 4, '4_3': 5, '1_3': 6}
 Timepoint ====  1
 Hash table  {'0,1': [0, 1, 2, 3, 4, 5], '1': [17, 18, 19, 20, 21], '2,3': [6, 7, 8, 9, 10, 11, 12, 13, 14, 15, 16], '2': [22, 23, 24, 25, 26, 27, 28], '3': [29, 30, 31, 32, 33, 34]}
 Final possible usc  [[0, 1, 2, 3, 4, 5], [17, 18, 19, 20, 21], [6, 7, 8, 9, 10, 11, 12, 13, 14, 15, 16], [22, 23, 24, 25, 26, 27, 28], [29, 30, 31, 32, 33, 34]]
 Time  1  USC keys  {'22,23,24,25,26,27,28_0', '29,30,31,32,33,34_0', '17,18,19,20,21_0', '0,1,2,3,4,5_0', '6,7,8,9,10,11,12,13,14,15,16_0'}
 USC children  {'0,1,2,3,4,5_0': [1, 2], '17,18,19,20,21_0': [2], '6,7,8,9,10,11,12,13,14,15,16_0': [3, 4], '22,23,24,25,26,27,28_0': [3], '29,30,31,32,33,34_0': [4]}
 USC children  {'0,1,2,3,4,5_0': [1, 2], '17,18,19,20,21_0': [2], '6,7,8,9,10,11,12,13,14,15,16_0': [3, 4], '22,23,24,25,26,27,28_0': [3], '29,30,31,32,33,34_0': [4]}
 Timepoint ====  2
 Hash table  {}
====== Inside find superset of t nodes ==========
 Final possible usc  []
 Time  2  USC keys  set()
 USC children  {'0,1,2,3,4,5_0': [1, 2], '17,18,19,20,21_0': [2], '6,7,8,9,10,11,12,13,14,15,16_0': [3, 4], '22,23,24,25,26,27,28_0': [3], '29,30,31,32,33,34_0': [4]}
 USC children  {'0,1,2,3,4,5_0': [1, 2], '17,18,19,20,21_0': [2], '6,7,8,9,10,11,12,13,14,15,16_0': [3, 4], '22,23,24,25,26,27,28_0': [3], '29,30,31,32,33,34_0': [4]}
 Node s  {'1,2': ['0', '1', '2', '3', '4', '5'], '3,4': ['6', '7', '8', '9', '10', '11', '12', '13', '14', '15', '16']}
 Enroll USC nodes  ['1', '2']  len  2
 Enroll USC nodes  ['3', '4']  len  2
 Node TP  SortedDict({1: [0], 2: [1, 2, 3, 4], 3: [5, 6]})
 Unobserved subclones at timepoints  {1.5: [7, 8]}
 ============== Inside finding node v ============ 
 Time  2
 Time  3
 Sorted all timepoints  [1, 1.5, 2, 3]
 Timepoint  2
 Inside usc_node check  2
 Timepoint  3
0   1   [-1]   subclone   []   []
1   2   [7]   subclone   [0, 1, 2, 3, 4, 5]   [0]
2   2   [7]   subclone   [0, 1, 2, 3, 4, 5, 17, 18, 19, 20, 21]   [5]
3   2   [8]   subclone   [6, 7, 8, 9, 10, 11, 12, 13, 14, 15, 16, 22, 23, 24, 25, 26, 27, 28]   [7]
4   2   [8]   subclone   [6, 7, 8, 9, 10, 11, 12, 13, 14, 15, 16, 29, 30, 31, 32, 33, 34]   [6]
5   3   [1]   subclone   [0, 1, 2, 3, 4, 5]   [0]
6   3   [4]   subclone   [6, 7, 8, 9, 10, 11, 12, 13, 14, 15, 16, 29, 30, 31, 32, 33, 34]   [0]
7   1.5   [0]   unobserved subclone   [0, 1, 2, 3, 4, 5]   [6]
8   1.5   [0]   unobserved subclone   [6, 7, 8, 9, 10, 11, 12, 13, 14, 15, 16]   [11]
4
 Total estimated FP  9  True negatives  9561
 Total estimated FN  1446  True positives  5784
 Estimated FP rate  0.00155
 Estimated FN rate  0.13
 No. of Cells in each cluster  {'2_2': 14, '2_3': 87, '3_2': 10, '1_2': 66, '0_2': 10, '0_3': 413}
 Cells in each cluster  {'2_2': [0, 1, 2, 3, 4, 5, 6, 7, 8, 9, 10, 11, 12, 13], '2_3': [100, 101, 102, 103, 104, 105, 106, 107, 108, 109, 110, 111, 112, 113, 114, 115, 116, 117, 118, 119, 120, 121, 122, 123, 124, 125, 126, 127, 128, 129, 130, 131, 132, 133, 134, 135, 136, 137, 138, 139, 140, 141, 142, 143, 144, 145, 146, 147, 148, 149, 150, 151, 152, 153, 154, 155, 156, 157, 158, 159, 160, 161, 162, 163, 164, 165, 166, 167, 168, 169, 170, 171, 172, 173, 174, 175, 176, 177, 178, 179, 180, 181, 182, 183, 184, 185, 186], '3_2': [14, 15, 16, 17, 18, 19, 20, 21, 22, 23], '1_2': [24, 25, 26, 27, 28, 29, 30, 31, 32, 33, 34, 35, 36, 37, 38, 39, 40, 41, 42, 43, 44, 45, 46, 47, 48, 49, 50, 51, 52, 53, 54, 55, 56, 57, 58, 59, 60, 61, 62, 63, 64, 65, 66, 67, 68, 69, 70, 71, 72, 73, 74, 75, 76, 77, 78, 79, 80, 81, 82, 83, 84, 85, 86, 87, 88, 89], '0_2': [90, 91, 92, 93, 94, 95, 96, 97, 98, 99], '0_3': [187, 188, 189, 190, 191, 192, 193, 194, 195, 196, 197, 198, 199, 200, 201, 202, 203, 204, 205, 206, 207, 208, 209, 210, 211, 212, 213, 214, 215, 216, 217, 218, 219, 220, 221, 222, 223, 224, 225, 226, 227, 228, 229, 230, 231, 232, 233, 234, 235, 236, 237, 238, 239, 240, 241, 242, 243, 244, 245, 246, 247, 248, 249, 250, 251, 252, 253, 254, 255, 256, 257, 258, 259, 260, 261, 262, 263, 264, 265, 266, 267, 268, 269, 270, 271, 272, 273, 274, 275, 276, 277, 278, 279, 280, 281, 282, 283, 284, 285, 286, 287, 288, 289, 290, 291, 292, 293, 294, 295, 296, 297, 298, 299, 300, 301, 302, 303, 304, 305, 306, 307, 308, 309, 310, 311, 312, 313, 314, 315, 316, 317, 318, 319, 320, 321, 322, 323, 324, 325, 326, 327, 328, 329, 330, 331, 332, 333, 334, 335, 336, 337, 338, 339, 340, 341, 342, 343, 344, 345, 346, 347, 348, 349, 350, 351, 352, 353, 354, 355, 356, 357, 358, 359, 360, 361, 362, 363, 364, 365, 366, 367, 368, 369, 370, 371, 372, 373, 374, 375, 376, 377, 378, 379, 380, 381, 382, 383, 384, 385, 386, 387, 388, 389, 390, 391, 392, 393, 394, 395, 396, 397, 398, 399, 400, 401, 402, 403, 404, 405, 406, 407, 408, 409, 410, 411, 412, 413, 414, 415, 416, 417, 418, 419, 420, 421, 422, 423, 424, 425, 426, 427, 428, 429, 430, 431, 432, 433, 434, 435, 436, 437, 438, 439, 440, 441, 442, 443, 444, 445, 446, 447, 448, 449, 450, 451, 452, 453, 454, 455, 456, 457, 458, 459, 460, 461, 462, 463, 464, 465, 466, 467, 468, 469, 470, 471, 472, 473, 474, 475, 476, 477, 478, 479, 480, 481, 482, 483, 484, 485, 486, 487, 488, 489, 490, 491, 492, 493, 494, 495, 496, 497, 498, 499, 500, 501, 502, 503, 504, 505, 506, 507, 508, 509, 510, 511, 512, 513, 514, 515, 516, 517, 518, 519, 520, 521, 522, 523, 524, 525, 526, 527, 528, 529, 530, 531, 532, 533, 534, 535, 536, 537, 538, 539, 540, 541, 542, 543, 544, 545, 546, 547, 548, 549, 550, 551, 552, 553, 554, 555, 556, 557, 558, 559, 560, 561, 562, 563, 564, 565, 566, 567, 568, 569, 570, 571, 572, 573, 574, 575, 576, 577, 578, 579, 580, 581, 582, 583, 584, 585, 586, 587, 588, 589, 590, 591, 592, 593, 594, 595, 596, 597, 598, 599]}
FP rate  0.00155 FN rate  0.13
 Before reassigning cells 
 Timepoint  2
 Cluster  2  # of cells  14
 Cluster  3  # of cells  10
 Cluster  1  # of cells  66
 Cluster  0  # of cells  10
 Timepoint  3
 Cluster  2  # of cells  87
 Cluster  0  # of cells  413
 Cells absent at timepoint  2   set()
 Cells absent at timepoint  3   set()
 Timepoint  2
 Timepoint  3
 After reassigning and merging cells 
 Timepoint  2
 Cluster  2  # of cells  14
 Cluster  3  # of cells  10
 Cluster  1  # of cells  66
 Cluster  0  # of cells  10
 Timepoint  3
 Cluster  2  # of cells  87
 Cluster  0  # of cells  413
 Tp cluster cell dict  {'2_2': 14, '3_2': 10, '1_2': 66, '0_2': 10, '2_3': 87, '0_3': 413}
 New Graph is here 
 ID  0  Timepoint  1  Mutations  []  Type  subclone
 ID  1  Timepoint  2  Mutations  [0, 1, 2, 3, 4, 5]  Type  subclone
 ID  2  Timepoint  2  Mutations  [0, 1, 2, 3, 4, 5, 17, 18, 19, 20, 21]  Type  subclone
 ID  3  Timepoint  2  Mutations  [6, 7, 8, 9, 10, 11, 12, 13, 14, 15, 16, 22, 23, 24, 25, 26, 27, 28]  Type  subclone
 ID  4  Timepoint  2  Mutations  [6, 7, 8, 9, 10, 11, 12, 13, 14, 15, 16, 29, 30, 31, 32, 33, 34]  Type  subclone
 ID  5  Timepoint  3  Mutations  [0, 1, 2, 3, 4, 5]  Type  subclone
 ID  6  Timepoint  3  Mutations  [6, 7, 8, 9, 10, 11, 12, 13, 14, 15, 16, 29, 30, 31, 32, 33, 34]  Type  subclone
Timepoints  SortedDict({1: [0], 2: [1, 2, 3, 4], 3: [5, 6]})
 Clone to nodes  {'2_2': 1, '3_2': 2, '1_2': 3, '0_2': 4, '2_3': 5, '0_3': 6}
 Timepoint ====  1
 Hash table  {'0,1': [0, 1, 2, 3, 4, 5], '1': [17, 18, 19, 20, 21], '2,3': [6, 7, 8, 9, 10, 11, 12, 13, 14, 15, 16], '2': [22, 23, 24, 25, 26, 27, 28], '3': [29, 30, 31, 32, 33, 34]}
 Final possible usc  [[0, 1, 2, 3, 4, 5], [17, 18, 19, 20, 21], [6, 7, 8, 9, 10, 11, 12, 13, 14, 15, 16], [22, 23, 24, 25, 26, 27, 28], [29, 30, 31, 32, 33, 34]]
 Time  1  USC keys  {'17,18,19,20,21_0', '0,1,2,3,4,5_0', '6,7,8,9,10,11,12,13,14,15,16_0', '29,30,31,32,33,34_0', '22,23,24,25,26,27,28_0'}
 USC children  {'0,1,2,3,4,5_0': [1, 2], '17,18,19,20,21_0': [2], '6,7,8,9,10,11,12,13,14,15,16_0': [3, 4], '22,23,24,25,26,27,28_0': [3], '29,30,31,32,33,34_0': [4]}
 USC children  {'0,1,2,3,4,5_0': [1, 2], '17,18,19,20,21_0': [2], '6,7,8,9,10,11,12,13,14,15,16_0': [3, 4], '22,23,24,25,26,27,28_0': [3], '29,30,31,32,33,34_0': [4]}
 Timepoint ====  2
 Hash table  {}
====== Inside find superset of t nodes ==========
 Final possible usc  []
 Time  2  USC keys  set()
 USC children  {'0,1,2,3,4,5_0': [1, 2], '17,18,19,20,21_0': [2], '6,7,8,9,10,11,12,13,14,15,16_0': [3, 4], '22,23,24,25,26,27,28_0': [3], '29,30,31,32,33,34_0': [4]}
 USC children  {'0,1,2,3,4,5_0': [1, 2], '17,18,19,20,21_0': [2], '6,7,8,9,10,11,12,13,14,15,16_0': [3, 4], '22,23,24,25,26,27,28_0': [3], '29,30,31,32,33,34_0': [4]}
 Node s  {'1,2': ['0', '1', '2', '3', '4', '5'], '3,4': ['6', '7', '8', '9', '10', '11', '12', '13', '14', '15', '16']}
 Enroll USC nodes  ['1', '2']  len  2
 Enroll USC nodes  ['3', '4']  len  2
 Node TP  SortedDict({1: [0], 2: [1, 2, 3, 4], 3: [5, 6]})
 Unobserved subclones at timepoints  {1.5: [7, 8]}
 ============== Inside finding node v ============ 
 Time  2
 Time  3
 Sorted all timepoints  [1, 1.5, 2, 3]
 Timepoint  2
 Inside usc_node check  2
 Timepoint  3
0   1   [-1]   subclone   []   []
1   2   [7]   subclone   [0, 1, 2, 3, 4, 5]   [0]
2   2   [7]   subclone   [0, 1, 2, 3, 4, 5, 17, 18, 19, 20, 21]   [5]
3   2   [8]   subclone   [6, 7, 8, 9, 10, 11, 12, 13, 14, 15, 16, 22, 23, 24, 25, 26, 27, 28]   [7]
4   2   [8]   subclone   [6, 7, 8, 9, 10, 11, 12, 13, 14, 15, 16, 29, 30, 31, 32, 33, 34]   [6]
5   3   [1]   subclone   [0, 1, 2, 3, 4, 5]   [0]
6   3   [4]   subclone   [6, 7, 8, 9, 10, 11, 12, 13, 14, 15, 16, 29, 30, 31, 32, 33, 34]   [0]
7   1.5   [0]   unobserved subclone   [0, 1, 2, 3, 4, 5]   [6]
8   1.5   [0]   unobserved subclone   [6, 7, 8, 9, 10, 11, 12, 13, 14, 15, 16]   [11]
8
 Total estimated FP  7  True negatives  9568
 Total estimated FN  1439  True positives  5786
 Estimated FP rate  0.00121
 Estimated FN rate  0.13
 No. of Cells in each cluster  {'6_2': 14, '6_3': 87, '3_2': 10, '4_2': 66, '7_3': 1, '5_3': 1, '0_3': 411, '0_2': 10}
 Cells in each cluster  {'6_2': [0, 1, 2, 3, 4, 5, 6, 7, 8, 9, 10, 11, 12, 13], '6_3': [100, 101, 102, 103, 104, 105, 106, 107, 108, 109, 110, 111, 112, 113, 114, 115, 116, 117, 118, 119, 120, 121, 122, 123, 124, 125, 126, 127, 128, 129, 130, 131, 132, 133, 134, 135, 136, 137, 138, 139, 140, 141, 142, 143, 144, 145, 146, 147, 148, 149, 150, 151, 152, 153, 154, 155, 156, 157, 158, 159, 160, 161, 162, 163, 164, 165, 166, 167, 168, 169, 170, 171, 172, 173, 174, 175, 176, 177, 178, 179, 180, 181, 182, 183, 184, 185, 186], '3_2': [14, 15, 16, 17, 18, 19, 20, 21, 22, 23], '4_2': [24, 25, 26, 27, 28, 29, 30, 31, 32, 33, 34, 35, 36, 37, 38, 39, 40, 41, 42, 43, 44, 45, 46, 47, 48, 49, 50, 51, 52, 53, 54, 55, 56, 57, 58, 59, 60, 61, 62, 63, 64, 65, 66, 67, 68, 69, 70, 71, 72, 73, 74, 75, 76, 77, 78, 79, 80, 81, 82, 83, 84, 85, 86, 87, 88, 89], '7_3': [489], '5_3': [507], '0_3': [200, 231, 299, 304, 321, 340, 496, 500, 525, 529, 585, 191, 193, 207, 227, 230, 253, 260, 266, 273, 288, 324, 402, 435, 449, 463, 469, 477, 478, 522, 554, 555, 568, 187, 188, 189, 190, 192, 194, 195, 196, 197, 198, 199, 201, 202, 203, 204, 205, 206, 208, 209, 210, 211, 212, 213, 214, 215, 216, 217, 218, 219, 220, 221, 222, 223, 224, 225, 226, 228, 229, 232, 233, 234, 235, 236, 237, 238, 239, 240, 241, 242, 243, 244, 245, 246, 247, 248, 249, 250, 251, 252, 254, 255, 256, 257, 258, 259, 261, 262, 263, 264, 265, 267, 268, 269, 270, 271, 272, 274, 275, 276, 277, 278, 279, 280, 281, 282, 283, 284, 285, 286, 287, 289, 290, 291, 292, 293, 294, 295, 296, 297, 298, 300, 301, 302, 303, 305, 306, 307, 308, 309, 310, 311, 312, 313, 314, 315, 316, 317, 318, 319, 320, 322, 323, 325, 326, 327, 328, 329, 330, 331, 332, 333, 334, 335, 336, 337, 338, 339, 341, 342, 343, 344, 345, 346, 347, 348, 349, 350, 351, 352, 353, 354, 355, 356, 357, 358, 359, 360, 361, 362, 363, 364, 365, 366, 367, 368, 369, 370, 371, 372, 373, 374, 375, 376, 377, 378, 379, 380, 381, 382, 383, 384, 385, 386, 387, 388, 389, 390, 391, 392, 393, 394, 395, 396, 397, 398, 399, 400, 401, 403, 404, 405, 406, 407, 408, 409, 410, 411, 412, 413, 414, 415, 416, 417, 418, 419, 420, 421, 422, 423, 424, 425, 426, 427, 428, 429, 430, 431, 432, 433, 434, 436, 437, 438, 439, 440, 441, 442, 443, 444, 445, 446, 447, 448, 450, 451, 452, 453, 454, 455, 456, 457, 458, 459, 460, 461, 462, 464, 465, 466, 467, 468, 470, 471, 472, 473, 474, 475, 476, 479, 480, 481, 482, 483, 484, 485, 486, 487, 488, 490, 491, 492, 493, 494, 495, 497, 498, 499, 501, 502, 503, 504, 505, 506, 508, 509, 510, 511, 512, 513, 514, 515, 516, 517, 518, 519, 520, 521, 523, 524, 526, 527, 528, 530, 531, 532, 533, 534, 535, 536, 537, 538, 539, 540, 541, 542, 543, 544, 545, 546, 547, 548, 549, 550, 551, 552, 553, 556, 557, 558, 559, 560, 561, 562, 563, 564, 565, 566, 567, 569, 570, 571, 572, 573, 574, 575, 576, 577, 578, 579, 580, 581, 582, 583, 584, 586, 587, 588, 589, 590, 591, 592, 593, 594, 595, 596, 597, 598, 599], '0_2': [90, 91, 92, 93, 94, 95, 96, 97, 98, 99]}
FP rate  0.00121 FN rate  0.13
 Before reassigning cells 
 Timepoint  2
 Cluster  6  # of cells  14
 Cluster  3  # of cells  10
 Cluster  4  # of cells  66
 Cluster  0  # of cells  10
 Timepoint  3
 Cluster  6  # of cells  87
 Cluster  7  # of cells  6
 Cluster  5  # of cells  4
 Cluster  0  # of cells  398
 Cells absent at timepoint  2   set()
 Cells absent at timepoint  3   {544, 199, 425, 237, 533}
 Missing cell prob  {'5': 6.967527922584736e-05, '6': 2.455890853291406e-34, '7': 1.8744638572735653e-13, '0': 6.967527922584737e-05}
 Missing cell prob  {'5': 0.0006153047934392934, '6': 2.029661862224303e-31, '7': 9.14436108925373e-09, '0': 0.0006153047934392934}
 Missing cell prob  {'5': 1.3755117743366633e-05, '6': 1.8021722702626825e-26, '7': 2.044218813370177e-10, '0': 1.3755117743366633e-05}
 Missing cell prob  {'5': 1.578197939682864e-09, '6': 8.212815386739404e-24, '7': 0.0008158855409780478, '0': 0.0008158855409780478}
 Missing cell prob  {'5': 1.7827820901188837e-10, '6': 2.1859151613098288e-29, '7': 0.0007081036944810041, '0': 0.0007081036944810041}
 Timepoint  2
 Timepoint  3
SortedDict({2: {'6': ['0', '1', '2', '3', '4', '5', '6', '7', '8', '9', '10', '11', '12', '13'], '3': ['14', '15', '16', '17', '18', '19', '20', '21', '22', '23'], '4': ['24', '25', '26', '27', '28', '29', '30', '31', '32', '33', '34', '35', '36', '37', '38', '39', '40', '41', '42', '43', '44', '45', '46', '47', '48', '49', '50', '51', '52', '53', '54', '55', '56', '57', '58', '59', '60', '61', '62', '63', '64', '65', '66', '67', '68', '69', '70', '71', '72', '73', '74', '75', '76', '77', '78', '79', '80', '81', '82', '83', '84', '85', '86', '87', '88', '89'], '0': ['90', '91', '92', '93', '94', '95', '96', '97', '98', '99']}, 3: {'6': ['100', '101', '102', '103', '104', '105', '106', '107', '108', '109', '110', '111', '112', '113', '114', '115', '116', '117', '118', '119', '120', '121', '122', '123', '124', '125', '126', '127', '128', '129', '130', '131', '132', '133', '134', '135', '136', '137', '138', '139', '140', '141', '142', '143', '144', '145', '146', '147', '148', '149', '150', '151', '152', '153', '154', '155', '156', '157', '158', '159', '160', '161', '162', '163', '164', '165', '166', '167', '168', '169', '170', '171', '172', '173', '174', '175', '176', '177', '178', '179', '180', '181', '182', '183', '184', '185', '186'], '7': ['221', '322', '405', '478', '489', '568', '237', '533'], '5': ['333', '403', '507', '548', '199', '425'], '0': ['187', '188', '189', '190', '191', '192', '193', '194', '195', '196', '197', '198', '200', '201', '202', '203', '204', '205', '206', '207', '208', '209', '210', '211', '212', '213', '214', '215', '216', '217', '218', '219', '220', '222', '223', '224', '225', '226', '227', '228', '229', '230', '231', '232', '233', '234', '235', '236', '238', '239', '240', '241', '242', '243', '244', '245', '246', '247', '248', '249', '250', '251', '252', '253', '254', '255', '256', '257', '258', '259', '260', '261', '262', '263', '264', '265', '266', '267', '268', '269', '270', '271', '272', '273', '274', '275', '276', '277', '278', '279', '280', '281', '282', '283', '284', '285', '286', '287', '288', '289', '290', '291', '292', '293', '294', '295', '296', '297', '298', '299', '300', '301', '302', '303', '304', '305', '306', '307', '308', '309', '310', '311', '312', '313', '314', '315', '316', '317', '318', '319', '320', '321', '323', '324', '325', '326', '327', '328', '329', '330', '331', '332', '334', '335', '336', '337', '338', '339', '340', '341', '342', '343', '344', '345', '346', '347', '348', '349', '350', '351', '352', '353', '354', '355', '356', '357', '358', '359', '360', '361', '362', '363', '364', '365', '366', '367', '368', '369', '370', '371', '372', '373', '374', '375', '376', '377', '378', '379', '380', '381', '382', '383', '384', '385', '386', '387', '388', '389', '390', '391', '392', '393', '394', '395', '396', '397', '398', '399', '400', '401', '402', '404', '406', '407', '408', '409', '410', '411', '412', '413', '414', '415', '416', '417', '418', '419', '420', '421', '422', '423', '424', '426', '427', '428', '429', '430', '431', '432', '433', '434', '435', '436', '437', '438', '439', '440', '441', '442', '443', '444', '445', '446', '447', '448', '449', '450', '451', '452', '453', '454', '455', '456', '457', '458', '459', '460', '461', '462', '463', '464', '465', '466', '467', '468', '469', '470', '471', '472', '473', '474', '475', '476', '477', '479', '480', '481', '482', '483', '484', '485', '486', '487', '488', '490', '491', '492', '493', '494', '495', '496', '497', '498', '499', '500', '501', '502', '503', '504', '505', '506', '508', '509', '510', '511', '512', '513', '514', '515', '516', '517', '518', '519', '520', '521', '522', '523', '524', '525', '526', '527', '528', '529', '530', '531', '532', '534', '535', '536', '537', '538', '539', '540', '541', '542', '543', '545', '546', '547', '549', '550', '551', '552', '553', '554', '555', '556', '557', '558', '559', '560', '561', '562', '563', '564', '565', '566', '567', '569', '570', '571', '572', '573', '574', '575', '576', '577', '578', '579', '580', '581', '582', '583', '584', '585', '586', '587', '588', '589', '590', '591', '592', '593', '594', '595', '596', '597', '598', '599', '544']}})
 Cluster1  7
SortedDict({2: {'6': ['0', '1', '2', '3', '4', '5', '6', '7', '8', '9', '10', '11', '12', '13'], '3': ['14', '15', '16', '17', '18', '19', '20', '21', '22', '23'], '4': ['24', '25', '26', '27', '28', '29', '30', '31', '32', '33', '34', '35', '36', '37', '38', '39', '40', '41', '42', '43', '44', '45', '46', '47', '48', '49', '50', '51', '52', '53', '54', '55', '56', '57', '58', '59', '60', '61', '62', '63', '64', '65', '66', '67', '68', '69', '70', '71', '72', '73', '74', '75', '76', '77', '78', '79', '80', '81', '82', '83', '84', '85', '86', '87', '88', '89'], '0': ['90', '91', '92', '93', '94', '95', '96', '97', '98', '99']}, 3: {'6': ['100', '101', '102', '103', '104', '105', '106', '107', '108', '109', '110', '111', '112', '113', '114', '115', '116', '117', '118', '119', '120', '121', '122', '123', '124', '125', '126', '127', '128', '129', '130', '131', '132', '133', '134', '135', '136', '137', '138', '139', '140', '141', '142', '143', '144', '145', '146', '147', '148', '149', '150', '151', '152', '153', '154', '155', '156', '157', '158', '159', '160', '161', '162', '163', '164', '165', '166', '167', '168', '169', '170', '171', '172', '173', '174', '175', '176', '177', '178', '179', '180', '181', '182', '183', '184', '185', '186'], '7': ['221', '322', '405', '478', '489', '568', '237', '533', '333', '403', '507', '548', '199', '425'], '5': ['333', '403', '507', '548', '199', '425'], '0': ['187', '188', '189', '190', '191', '192', '193', '194', '195', '196', '197', '198', '200', '201', '202', '203', '204', '205', '206', '207', '208', '209', '210', '211', '212', '213', '214', '215', '216', '217', '218', '219', '220', '222', '223', '224', '225', '226', '227', '228', '229', '230', '231', '232', '233', '234', '235', '236', '238', '239', '240', '241', '242', '243', '244', '245', '246', '247', '248', '249', '250', '251', '252', '253', '254', '255', '256', '257', '258', '259', '260', '261', '262', '263', '264', '265', '266', '267', '268', '269', '270', '271', '272', '273', '274', '275', '276', '277', '278', '279', '280', '281', '282', '283', '284', '285', '286', '287', '288', '289', '290', '291', '292', '293', '294', '295', '296', '297', '298', '299', '300', '301', '302', '303', '304', '305', '306', '307', '308', '309', '310', '311', '312', '313', '314', '315', '316', '317', '318', '319', '320', '321', '323', '324', '325', '326', '327', '328', '329', '330', '331', '332', '334', '335', '336', '337', '338', '339', '340', '341', '342', '343', '344', '345', '346', '347', '348', '349', '350', '351', '352', '353', '354', '355', '356', '357', '358', '359', '360', '361', '362', '363', '364', '365', '366', '367', '368', '369', '370', '371', '372', '373', '374', '375', '376', '377', '378', '379', '380', '381', '382', '383', '384', '385', '386', '387', '388', '389', '390', '391', '392', '393', '394', '395', '396', '397', '398', '399', '400', '401', '402', '404', '406', '407', '408', '409', '410', '411', '412', '413', '414', '415', '416', '417', '418', '419', '420', '421', '422', '423', '424', '426', '427', '428', '429', '430', '431', '432', '433', '434', '435', '436', '437', '438', '439', '440', '441', '442', '443', '444', '445', '446', '447', '448', '449', '450', '451', '452', '453', '454', '455', '456', '457', '458', '459', '460', '461', '462', '463', '464', '465', '466', '467', '468', '469', '470', '471', '472', '473', '474', '475', '476', '477', '479', '480', '481', '482', '483', '484', '485', '486', '487', '488', '490', '491', '492', '493', '494', '495', '496', '497', '498', '499', '500', '501', '502', '503', '504', '505', '506', '508', '509', '510', '511', '512', '513', '514', '515', '516', '517', '518', '519', '520', '521', '522', '523', '524', '525', '526', '527', '528', '529', '530', '531', '532', '534', '535', '536', '537', '538', '539', '540', '541', '542', '543', '545', '546', '547', '549', '550', '551', '552', '553', '554', '555', '556', '557', '558', '559', '560', '561', '562', '563', '564', '565', '566', '567', '569', '570', '571', '572', '573', '574', '575', '576', '577', '578', '579', '580', '581', '582', '583', '584', '585', '586', '587', '588', '589', '590', '591', '592', '593', '594', '595', '596', '597', '598', '599', '544']}})
 Cluster1  7
 Cluster to drop  5
 Cluster to drop  0
 After reassigning and merging cells 
 Timepoint  2
 Cluster  6  # of cells  14
 Cluster  3  # of cells  10
 Cluster  4  # of cells  66
 Cluster  0  # of cells  10
 Timepoint  3
 Cluster  6  # of cells  87
 Cluster  7  # of cells  413
 Tp cluster cell dict  {'6_2': 14, '3_2': 10, '4_2': 66, '0_2': 10, '6_3': 87, '7_3': 413}
 New Graph is here 
 ID  0  Timepoint  1  Mutations  []  Type  subclone
 ID  1  Timepoint  2  Mutations  [0, 1, 2, 3, 4, 5]  Type  subclone
 ID  2  Timepoint  2  Mutations  [0, 1, 2, 3, 4, 5, 17, 18, 19, 20, 21]  Type  subclone
 ID  3  Timepoint  2  Mutations  [6, 7, 8, 9, 10, 11, 12, 13, 14, 15, 16, 22, 23, 24, 25, 26, 27, 28]  Type  subclone
 ID  4  Timepoint  2  Mutations  [6, 7, 8, 9, 10, 11, 12, 13, 14, 15, 16, 29, 30, 31, 32, 33, 34]  Type  subclone
 ID  5  Timepoint  3  Mutations  [0, 1, 2, 3, 4, 5]  Type  subclone
 ID  6  Timepoint  3  Mutations  [6, 7, 8, 9, 10, 11, 12, 13, 14, 15, 16, 29, 30, 31, 32, 33, 34]  Type  subclone
Timepoints  SortedDict({1: [0], 2: [1, 2, 3, 4], 3: [5, 6]})
 Clone to nodes  {'6_2': 1, '3_2': 2, '4_2': 3, '0_2': 4, '6_3': 5, '7_3': 6}
 Timepoint ====  1
 Hash table  {'0,1': [0, 1, 2, 3, 4, 5], '1': [17, 18, 19, 20, 21], '2,3': [6, 7, 8, 9, 10, 11, 12, 13, 14, 15, 16], '2': [22, 23, 24, 25, 26, 27, 28], '3': [29, 30, 31, 32, 33, 34]}
 Final possible usc  [[0, 1, 2, 3, 4, 5], [17, 18, 19, 20, 21], [6, 7, 8, 9, 10, 11, 12, 13, 14, 15, 16], [22, 23, 24, 25, 26, 27, 28], [29, 30, 31, 32, 33, 34]]
 Time  1  USC keys  {'0,1,2,3,4,5_0', '29,30,31,32,33,34_0', '17,18,19,20,21_0', '22,23,24,25,26,27,28_0', '6,7,8,9,10,11,12,13,14,15,16_0'}
 USC children  {'0,1,2,3,4,5_0': [1, 2], '17,18,19,20,21_0': [2], '6,7,8,9,10,11,12,13,14,15,16_0': [3, 4], '22,23,24,25,26,27,28_0': [3], '29,30,31,32,33,34_0': [4]}
 USC children  {'0,1,2,3,4,5_0': [1, 2], '17,18,19,20,21_0': [2], '6,7,8,9,10,11,12,13,14,15,16_0': [3, 4], '22,23,24,25,26,27,28_0': [3], '29,30,31,32,33,34_0': [4]}
 Timepoint ====  2
 Hash table  {}
====== Inside find superset of t nodes ==========
 Final possible usc  []
 Time  2  USC keys  set()
 USC children  {'0,1,2,3,4,5_0': [1, 2], '17,18,19,20,21_0': [2], '6,7,8,9,10,11,12,13,14,15,16_0': [3, 4], '22,23,24,25,26,27,28_0': [3], '29,30,31,32,33,34_0': [4]}
 USC children  {'0,1,2,3,4,5_0': [1, 2], '17,18,19,20,21_0': [2], '6,7,8,9,10,11,12,13,14,15,16_0': [3, 4], '22,23,24,25,26,27,28_0': [3], '29,30,31,32,33,34_0': [4]}
 Node s  {'1,2': ['0', '1', '2', '3', '4', '5'], '3,4': ['6', '7', '8', '9', '10', '11', '12', '13', '14', '15', '16']}
 Enroll USC nodes  ['1', '2']  len  2
 Enroll USC nodes  ['3', '4']  len  2
 Node TP  SortedDict({1: [0], 2: [1, 2, 3, 4], 3: [5, 6]})
 Unobserved subclones at timepoints  {1.5: [7, 8]}
 ============== Inside finding node v ============ 
 Time  2
 Time  3
 Sorted all timepoints  [1, 1.5, 2, 3]
 Timepoint  2
 Inside usc_node check  2
 Timepoint  3
0   1   [-1]   subclone   []   []
1   2   [7]   subclone   [0, 1, 2, 3, 4, 5]   [0]
2   2   [7]   subclone   [0, 1, 2, 3, 4, 5, 17, 18, 19, 20, 21]   [5]
3   2   [8]   subclone   [6, 7, 8, 9, 10, 11, 12, 13, 14, 15, 16, 22, 23, 24, 25, 26, 27, 28]   [7]
4   2   [8]   subclone   [6, 7, 8, 9, 10, 11, 12, 13, 14, 15, 16, 29, 30, 31, 32, 33, 34]   [6]
5   3   [1]   subclone   [0, 1, 2, 3, 4, 5]   [0]
6   3   [4]   subclone   [6, 7, 8, 9, 10, 11, 12, 13, 14, 15, 16, 29, 30, 31, 32, 33, 34]   [0]
7   1.5   [0]   unobserved subclone   [0, 1, 2, 3, 4, 5]   [6]
8   1.5   [0]   unobserved subclone   [6, 7, 8, 9, 10, 11, 12, 13, 14, 15, 16]   [11]
 List of tree files  ['all_trees/ap001_rep3_m1_tree.csv', 'all_trees/ap001_rep3_m2_tree.csv', 'all_trees/ap001_rep3_m3_tree.csv', 'all_trees/ap001_rep3_m4_tree.csv', 'all_trees/ap001_rep3_m5_tree.csv']
{'1': ['0', '1', '2', '3', '4', '5'], '2': ['0', '1', '2', '3', '4', '5', '17', '18', '19', '20', '21'], '3': ['6', '7', '8', '9', '10', '11', '12', '13', '14', '15', '16', '22', '23', '24', '25', '26', '27', '28'], '4': ['6', '7', '8', '9', '10', '11', '12', '13', '14', '15', '16', '29', '30', '31', '32', '33', '34'], '5': ['0', '1', '2', '3', '4', '5'], '6': ['6', '7', '8', '9', '10', '11', '12', '13', '14', '15', '16', '29', '30', '31', '32', '33', '34'], '7': ['0', '1', '2', '3', '4', '5'], '8': ['6', '7', '8', '9', '10', '11', '12', '13', '14', '15', '16']}
 Actual mutation of  1   []
 Actual mutation of  2   ['18', '19', '17', '21', '20']
 Actual mutation of  3   ['27', '28', '22', '25', '26', '23', '24']
 Actual mutation of  4   ['33', '34', '30', '31', '32', '29']
 Actual mutation of  5   []
 Actual mutation of  6   []
 Updated node mutation  {'1': [], '2': ['18', '19', '17', '21', '20'], '3': ['27', '28', '22', '25', '26', '23', '24'], '4': ['33', '34', '30', '31', '32', '29'], '5': [], '6': [], '7': ['0', '1', '2', '3', '4', '5'], '8': ['6', '7', '8', '9', '10', '11', '12', '13', '14', '15', '16']}
{'1': ['0', '1', '2', '3', '4', '5'], '2': ['0', '1', '2', '3', '4', '5', '17', '18', '19', '20', '21'], '3': ['6', '7', '8', '9', '10', '11', '12', '13', '14', '15', '16', '22', '23', '24', '25', '26', '27', '28'], '4': ['6', '7', '8', '9', '10', '11', '12', '13', '14', '15', '16', '29', '30', '31', '32', '33', '34'], '5': ['0', '1', '2', '3', '4', '5'], '6': ['6', '7', '8', '9', '10', '11', '12', '13', '14', '15', '16', '29', '30', '31', '32', '33', '34'], '7': ['0', '1', '2', '3', '4', '5'], '8': ['6', '7', '8', '9', '10', '11', '12', '13', '14', '15', '16']}
 Actual mutation of  1   []
 Actual mutation of  2   ['18', '19', '17', '21', '20']
 Actual mutation of  3   ['27', '28', '22', '25', '26', '23', '24']
 Actual mutation of  4   ['33', '34', '30', '31', '32', '29']
 Actual mutation of  5   []
 Actual mutation of  6   []
 Updated node mutation  {'1': [], '2': ['18', '19', '17', '21', '20'], '3': ['27', '28', '22', '25', '26', '23', '24'], '4': ['33', '34', '30', '31', '32', '29'], '5': [], '6': [], '7': ['0', '1', '2', '3', '4', '5'], '8': ['6', '7', '8', '9', '10', '11', '12', '13', '14', '15', '16']}
{'1': ['0', '1', '2', '3', '4', '5'], '2': ['0', '1', '2', '3', '4', '5', '17', '18', '19', '20', '21'], '3': ['6', '7', '8', '9', '10', '11', '12', '13', '14', '15', '16', '22', '23', '24', '25', '26', '27', '28'], '4': ['6', '7', '8', '9', '10', '11', '12', '13', '14', '15', '16', '29', '30', '31', '32', '33', '34'], '5': ['0', '1', '2', '3', '4', '5'], '6': ['6', '7', '8', '9', '10', '11', '12', '13', '14', '15', '16', '29', '30', '31', '32', '33', '34'], '7': ['0', '1', '2', '3', '4', '5'], '8': ['6', '7', '8', '9', '10', '11', '12', '13', '14', '15', '16']}
 Actual mutation of  1   []
 Actual mutation of  2   ['18', '19', '17', '21', '20']
 Actual mutation of  3   ['27', '28', '22', '25', '26', '23', '24']
 Actual mutation of  4   ['33', '34', '30', '31', '32', '29']
 Actual mutation of  5   []
 Actual mutation of  6   []
 Updated node mutation  {'1': [], '2': ['18', '19', '17', '21', '20'], '3': ['27', '28', '22', '25', '26', '23', '24'], '4': ['33', '34', '30', '31', '32', '29'], '5': [], '6': [], '7': ['0', '1', '2', '3', '4', '5'], '8': ['6', '7', '8', '9', '10', '11', '12', '13', '14', '15', '16']}
{'1': ['0', '1', '2', '3', '4', '5'], '2': ['0', '1', '2', '3', '4', '5', '17', '18', '19', '20', '21'], '3': ['6', '7', '8', '9', '10', '11', '12', '13', '14', '15', '16', '22', '23', '24', '25', '26', '27', '28'], '4': ['6', '7', '8', '9', '10', '11', '12', '13', '14', '15', '16', '29', '30', '31', '32', '33', '34'], '5': ['0', '1', '2', '3', '4', '5'], '6': ['6', '7', '8', '9', '10', '11', '12', '13', '14', '15', '16', '29', '30', '31', '32', '33', '34'], '7': ['0', '1', '2', '3', '4', '5'], '8': ['6', '7', '8', '9', '10', '11', '12', '13', '14', '15', '16']}
 Actual mutation of  1   []
 Actual mutation of  2   ['18', '19', '17', '21', '20']
 Actual mutation of  3   ['27', '28', '22', '25', '26', '23', '24']
 Actual mutation of  4   ['33', '34', '30', '31', '32', '29']
 Actual mutation of  5   []
 Actual mutation of  6   []
 Updated node mutation  {'1': [], '2': ['18', '19', '17', '21', '20'], '3': ['27', '28', '22', '25', '26', '23', '24'], '4': ['33', '34', '30', '31', '32', '29'], '5': [], '6': [], '7': ['0', '1', '2', '3', '4', '5'], '8': ['6', '7', '8', '9', '10', '11', '12', '13', '14', '15', '16']}
{'1': ['0', '1', '2', '3', '4', '5'], '2': ['0', '1', '2', '3', '4', '5', '17', '18', '19', '20', '21'], '3': ['6', '7', '8', '9', '10', '11', '12', '13', '14', '15', '16', '22', '23', '24', '25', '26', '27', '28'], '4': ['6', '7', '8', '9', '10', '11', '12', '13', '14', '15', '16', '29', '30', '31', '32', '33', '34'], '5': ['0', '1', '2', '3', '4', '5'], '6': ['6', '7', '8', '9', '10', '11', '12', '13', '14', '15', '16', '29', '30', '31', '32', '33', '34'], '7': ['0', '1', '2', '3', '4', '5'], '8': ['6', '7', '8', '9', '10', '11', '12', '13', '14', '15', '16']}
 Actual mutation of  1   []
 Actual mutation of  2   ['18', '19', '17', '21', '20']
 Actual mutation of  3   ['27', '28', '22', '25', '26', '23', '24']
 Actual mutation of  4   ['33', '34', '30', '31', '32', '29']
 Actual mutation of  5   []
 Actual mutation of  6   []
 Updated node mutation  {'1': [], '2': ['18', '19', '17', '21', '20'], '3': ['27', '28', '22', '25', '26', '23', '24'], '4': ['33', '34', '30', '31', '32', '29'], '5': [], '6': [], '7': ['0', '1', '2', '3', '4', '5'], '8': ['6', '7', '8', '9', '10', '11', '12', '13', '14', '15', '16']}
 Parallel mutation count  {'m1': 0, 'm2': 0, 'm3': 0, 'm4': 0, 'm5': 0}
 Clusters with least parallel mutations  ['m1', 'm2', 'm3', 'm4', 'm5']
 Cluster nos for each run  {'m1': 7, 'm2': 4, 'm3': 5, 'm4': 4, 'm5': 8}
 Run  m2
 Base path  ['ap001', 'rep3', 'm1', 'tree.csv']
 Best tree path  ap001_rep3_m2_tree.csv
