
DPMM with:
	600 cells
	30 mutations
	learning errors

	Priors:
	params.:	Beta(0.25,0.25)
	CRP a_0:	Gamma(24.49,1)
	FP:		trunc norm(0.01,0.01)
	FN:		trunc norm(0.2,0.1)

Move probabilitites:
	Split/merge:	0.33
		split/merge ratio:	[0.75, 0.25]
		intermediate Gibbs:	3
	CRP a_0 update:	0.25
	Errors update:	0.25

Run MCMC with (1 chains for 5000 steps):

Clustering time:	0:12:36.074495	(0.15 secs. per MCMC step)	Lugsail PSRF:		1.00835

Chain mean - posterior clusters	(#9):
	9 clusters

	A: 308 items
	B: 102 items
	C: 26 items
	D: 5 items
	E: 1 items
	F: 1 items
	G: 104 items
	H: 51 items
	I: 2 items

Inferred latent variables	--	chain mean - posterior
	CRP a_0:	103.0 +- 18.7
	FP (model|genotypes): 1.5E-03 +- 1.1E-03	|	8.0E-03
	FN (model|genotypes): 0.140   +- 0.015	|	0.157

Writing output to: ./sim_output/u0/rep3/m4

Too many cells to plot genotypes/clusters
