6
 Total estimated FP  190  True negatives  18572
 Total estimated FN  846  True positives  3432
 Estimated FP rate  0.05246
 Estimated FN rate  0.04
 No. of Cells in each cluster  {'5_2': 10, '1_2': 4, '1_3': 183, '2_2': 86, '4_3': 41, '0_3': 246, '3_3': 30}
 Cells in each cluster  {'5_2': [0, 1, 2, 3, 4, 5, 6, 7, 8, 9], '1_2': [10, 23, 25, 90], '1_3': [100, 101, 102, 104, 105, 106, 107, 108, 109, 110, 111, 112, 113, 114, 115, 116, 117, 118, 119, 120, 121, 122, 123, 124, 125, 126, 127, 128, 129, 130, 131, 132, 133, 134, 135, 136, 137, 138, 139, 140, 141, 142, 143, 144, 145, 146, 147, 148, 149, 150, 151, 152, 153, 154, 155, 156, 157, 158, 159, 160, 161, 162, 163, 164, 165, 166, 167, 168, 169, 170, 171, 172, 173, 174, 175, 176, 177, 178, 179, 180, 181, 182, 183, 184, 185, 186, 187, 188, 189, 190, 191, 192, 193, 194, 195, 196, 197, 198, 199, 200, 201, 202, 203, 204, 205, 206, 207, 208, 209, 210, 211, 212, 213, 214, 215, 216, 217, 218, 219, 220, 221, 222, 223, 224, 225, 226, 227, 228, 229, 230, 231, 232, 233, 234, 235, 236, 237, 238, 239, 240, 241, 242, 243, 244, 245, 246, 247, 248, 249, 250, 251, 252, 253, 254, 255, 256, 257, 258, 259, 260, 261, 262, 263, 264, 265, 266, 267, 268, 269, 270, 271, 272, 273, 274, 275, 276, 277, 278, 279, 280, 281, 282, 283], '2_2': [11, 12, 13, 14, 15, 16, 17, 18, 19, 20, 21, 22, 24, 26, 27, 28, 29, 30, 31, 32, 33, 34, 35, 36, 37, 38, 39, 40, 41, 42, 43, 44, 45, 46, 47, 48, 49, 50, 51, 52, 53, 54, 55, 56, 57, 58, 59, 60, 61, 62, 63, 64, 65, 66, 67, 68, 69, 70, 71, 72, 73, 74, 75, 76, 77, 78, 79, 80, 81, 82, 83, 84, 85, 86, 87, 88, 89, 91, 92, 93, 94, 95, 96, 97, 98, 99], '4_3': [103, 284, 285, 286, 287, 288, 289, 290, 291, 292, 293, 294, 295, 296, 297, 298, 299, 300, 301, 302, 303, 304, 305, 306, 307, 308, 309, 310, 311, 312, 313, 314, 315, 316, 317, 318, 319, 320, 321, 322, 323], '0_3': [324, 325, 326, 327, 328, 329, 330, 331, 332, 333, 334, 335, 336, 337, 338, 339, 340, 341, 342, 343, 344, 345, 346, 347, 348, 349, 350, 351, 352, 353, 354, 355, 356, 357, 358, 359, 360, 361, 362, 363, 364, 365, 366, 367, 368, 369, 370, 371, 372, 373, 374, 375, 376, 377, 378, 379, 380, 381, 382, 383, 384, 385, 386, 387, 388, 389, 390, 391, 392, 393, 394, 395, 396, 397, 398, 399, 400, 401, 402, 403, 404, 405, 406, 407, 408, 409, 410, 411, 412, 413, 414, 415, 416, 417, 418, 419, 420, 421, 422, 423, 424, 425, 426, 427, 428, 429, 430, 431, 432, 433, 434, 435, 436, 437, 438, 439, 440, 441, 442, 443, 444, 445, 446, 447, 448, 449, 450, 451, 452, 453, 454, 455, 456, 457, 458, 459, 460, 461, 462, 463, 464, 465, 466, 467, 468, 469, 470, 471, 472, 473, 474, 475, 476, 477, 478, 479, 480, 481, 482, 483, 484, 485, 486, 487, 488, 489, 490, 491, 492, 493, 494, 495, 496, 497, 498, 499, 500, 501, 502, 503, 504, 505, 506, 507, 508, 509, 510, 511, 512, 513, 514, 515, 516, 517, 518, 519, 520, 521, 522, 523, 524, 525, 526, 527, 528, 529, 530, 531, 532, 533, 534, 535, 536, 537, 538, 539, 540, 541, 542, 543, 544, 545, 546, 547, 548, 549, 550, 551, 552, 553, 554, 555, 556, 557, 558, 559, 560, 561, 562, 563, 564, 565, 566, 567, 580, 596], '3_3': [568, 569, 570, 571, 572, 573, 574, 575, 576, 577, 578, 579, 581, 582, 583, 584, 585, 586, 587, 588, 589, 590, 591, 592, 593, 594, 595, 597, 598, 599]}
FP rate  0.05246 FN rate  0.04
 Before reassigning cells 
 Timepoint  2
 Cluster  5  # of cells  14
 Cluster  1  # of cells  10
 Cluster  2  # of cells  76
 Timepoint  3
 Cluster  1  # of cells  186
 Cluster  4  # of cells  38
 Cluster  0  # of cells  250
 Cluster  3  # of cells  26
 Cells absent at timepoint  2   set()
 Cells absent at timepoint  3   set()
 Timepoint  2
SortedDict({2: {'5': ['0', '1', '2', '3', '4', '5', '6', '7', '8', '9', '16', '33', '54', '69'], '1': ['10', '18', '23', '25', '47', '59', '72', '90', '93', '94'], '2': ['11', '12', '13', '14', '15', '17', '19', '20', '21', '22', '24', '26', '27', '28', '29', '30', '31', '32', '34', '35', '36', '37', '38', '39', '40', '41', '42', '43', '44', '45', '46', '48', '49', '50', '51', '52', '53', '55', '56', '57', '58', '60', '61', '62', '63', '64', '65', '66', '67', '68', '70', '71', '73', '74', '75', '76', '77', '78', '79', '80', '81', '82', '83', '84', '85', '86', '87', '88', '89', '91', '92', '95', '96', '97', '98', '99']}, 3: {'1': ['100', '101', '102', '103', '104', '105', '106', '107', '108', '109', '110', '111', '112', '113', '114', '115', '116', '117', '118', '119', '120', '121', '122', '123', '124', '125', '126', '127', '128', '129', '130', '131', '132', '133', '134', '135', '136', '137', '138', '139', '140', '141', '142', '143', '144', '145', '146', '147', '148', '149', '150', '151', '152', '153', '154', '155', '156', '157', '158', '159', '160', '161', '162', '163', '164', '165', '166', '167', '168', '169', '170', '171', '172', '173', '174', '175', '176', '177', '178', '179', '180', '181', '182', '183', '184', '185', '186', '187', '188', '189', '190', '191', '192', '193', '194', '195', '196', '197', '198', '199', '200', '201', '202', '203', '204', '205', '206', '207', '208', '209', '210', '211', '212', '213', '214', '215', '216', '217', '218', '219', '220', '221', '222', '223', '224', '225', '226', '227', '228', '229', '230', '231', '232', '233', '234', '235', '236', '237', '238', '239', '240', '241', '242', '243', '244', '245', '246', '247', '248', '249', '250', '251', '252', '253', '254', '255', '256', '257', '258', '259', '260', '261', '262', '263', '264', '265', '266', '267', '268', '269', '270', '271', '272', '273', '274', '275', '276', '277', '278', '279', '280', '281', '282', '283', '308', '311'], '4': ['284', '285', '286', '287', '288', '289', '290', '291', '292', '293', '294', '295', '296', '297', '298', '299', '300', '301', '302', '303', '304', '305', '306', '307', '309', '310', '312', '313', '314', '315', '316', '317', '318', '319', '320', '321', '322', '323'], '0': ['324', '325', '326', '327', '328', '329', '330', '331', '332', '333', '334', '335', '336', '337', '338', '339', '340', '341', '342', '343', '344', '345', '346', '347', '348', '349', '350', '351', '352', '353', '354', '355', '356', '357', '358', '359', '360', '361', '362', '363', '364', '365', '366', '367', '368', '369', '370', '371', '372', '373', '374', '375', '376', '377', '378', '379', '380', '381', '382', '383', '384', '385', '386', '387', '388', '389', '390', '391', '392', '393', '394', '395', '396', '397', '398', '399', '400', '401', '402', '403', '404', '405', '406', '407', '408', '409', '410', '411', '412', '413', '414', '415', '416', '417', '418', '419', '420', '421', '422', '423', '424', '425', '426', '427', '428', '429', '430', '431', '432', '433', '434', '435', '436', '437', '438', '439', '440', '441', '442', '443', '444', '445', '446', '447', '448', '449', '450', '451', '452', '453', '454', '455', '456', '457', '458', '459', '460', '461', '462', '463', '464', '465', '466', '467', '468', '469', '470', '471', '472', '473', '474', '475', '476', '477', '478', '479', '480', '481', '482', '483', '484', '485', '486', '487', '488', '489', '490', '491', '492', '493', '494', '495', '496', '497', '498', '499', '500', '501', '502', '503', '504', '505', '506', '507', '508', '509', '510', '511', '512', '513', '514', '515', '516', '517', '518', '519', '520', '521', '522', '523', '524', '525', '526', '527', '528', '529', '530', '531', '532', '533', '534', '535', '536', '537', '538', '539', '540', '541', '542', '543', '544', '545', '546', '547', '548', '549', '550', '551', '552', '553', '554', '555', '556', '557', '558', '559', '560', '561', '562', '563', '564', '565', '566', '567', '577', '580', '596', '597', '598', '599'], '3': ['568', '569', '570', '571', '572', '573', '574', '575', '576', '578', '579', '581', '582', '583', '584', '585', '586', '587', '588', '589', '590', '591', '592', '593', '594', '595']}})
 Cluster1  1
 Cluster to drop  2
 Timepoint  3
 After reassigning and merging cells 
 Timepoint  2
 Cluster  5  # of cells  14
 Cluster  1  # of cells  86
 Timepoint  3
 Cluster  1  # of cells  186
 Cluster  4  # of cells  38
 Cluster  0  # of cells  250
 Cluster  3  # of cells  26
 Tp cluster cell dict  {'5_2': 14, '1_2': 86, '1_3': 186, '4_3': 38, '0_3': 250, '3_3': 26}
 New Graph is here 
 ID  0  Timepoint  1  Mutations  []  Type  subclone
 ID  1  Timepoint  2  Mutations  [0, 1, 2, 3, 4]  Type  subclone
 ID  2  Timepoint  2  Mutations  [0, 1, 2, 3, 4, 10, 11, 12, 13, 14, 15, 16, 17, 18]  Type  subclone
 ID  3  Timepoint  3  Mutations  [10, 11, 12, 13, 14, 15, 16, 17, 18]  Type  subclone
 ID  4  Timepoint  3  Mutations  [10, 11, 12, 13, 14, 15, 16, 17, 18, 37, 38, 39, 40, 41, 42]  Type  subclone
 ID  5  Timepoint  3  Mutations  [31, 32, 33, 34, 35, 36]  Type  subclone
 ID  6  Timepoint  3  Mutations  [31, 32, 33, 34, 35, 36, 43, 44, 45, 46, 47]  Type  subclone
Timepoints  SortedDict({1: [0], 2: [1, 2], 3: [3, 4, 5, 6]})
 Clone to nodes  {'5_2': 1, '1_2': 2, '1_3': 3, '4_3': 4, '0_3': 5, '3_3': 6}
 Timepoint ====  1
 Hash table  {'0,1': [0, 1, 2, 3, 4], '1': [10, 11, 12, 13, 14, 15, 16, 17, 18]}
 Final possible usc  [[0, 1, 2, 3, 4], [10, 11, 12, 13, 14, 15, 16, 17, 18]]
 Time  1  USC keys  {'10,11,12,13,14,15,16,17,18_0', '0,1,2,3,4_0'}
 USC children  {'0,1,2,3,4_0': [1, 2], '10,11,12,13,14,15,16,17,18_0': [2]}
 USC children  {'0,1,2,3,4_0': [1, 2], '10,11,12,13,14,15,16,17,18_0': [2]}
 Timepoint ====  2
 Hash table  {'0,1': [10, 11, 12, 13, 14, 15, 16, 17, 18], '1': [37, 38, 39, 40, 41, 42], '2,3': [31, 32, 33, 34, 35, 36], '3': [43, 44, 45, 46, 47]}
====== Inside find superset of t nodes ==========
 Final possible usc  []
 Time  2  USC keys  set()
 USC children  {'0,1,2,3,4_0': [1, 2], '10,11,12,13,14,15,16,17,18_0': [2]}
 USC children  {'0,1,2,3,4_0': [1, 2], '10,11,12,13,14,15,16,17,18_0': [2]}
 Node s  {'1,2': ['0', '1', '2', '3', '4']}
 Enroll USC nodes  ['1', '2']  len  2
 Node TP  SortedDict({1: [0], 2: [1, 2], 3: [3, 4, 5, 6]})
 Unobserved subclones at timepoints  {1.5: [7]}
 ============== Inside finding node v ============ 
 Time  2
 Time  3
 largest_v_mut  []
 largest_v_mut  []
 largest_v_mut  []
 largest_v_mut  []
 Sorted all timepoints  [1, 1.5, 2, 3]
 Timepoint  2
 Inside usc_node check  2
 Timepoint  3
 Node  3  has no parent 
 USC nodes  []
 Node with minimum mutation sets  {1: 5, 2: 5}
 Node  4  has no parent 
 USC nodes  []
 Node with minimum mutation sets  {1: 5, 2: 5}
 Node  5  has no parent 
 USC nodes  []
 Node with minimum mutation sets  {1: 5, 2: 14}
 Node  6  has no parent 
 USC nodes  []
 Node with minimum mutation sets  {1: 5, 2: 14}
0   1   [-1]   subclone   []   []
1   2   [7]   subclone   [0, 1, 2, 3, 4]   [0]
2   2   [7]   subclone   [0, 1, 2, 3, 4, 10, 11, 12, 13, 14, 15, 16, 17, 18]   [9]
3   3   [1]   subclone   [10, 11, 12, 13, 14, 15, 16, 17, 18]   [9]
4   3   [1]   subclone   [10, 11, 12, 13, 14, 15, 16, 17, 18, 37, 38, 39, 40, 41, 42]   [15]
5   3   [1]   subclone   [31, 32, 33, 34, 35, 36]   [6]
6   3   [1]   subclone   [31, 32, 33, 34, 35, 36, 43, 44, 45, 46, 47]   [11]
7   1.5   [0]   unobserved subclone   [0, 1, 2, 3, 4]   [5]
7
 Total estimated FP  190  True negatives  18572
 Total estimated FN  846  True positives  3432
 Estimated FP rate  0.05246
 Estimated FN rate  0.04
 No. of Cells in each cluster  {'5_2': 10, '1_2': 86, '4_3': 41, '0_3': 246, '3_3': 30, '6_2': 4, '6_3': 183}
 Cells in each cluster  {'5_2': [0, 1, 2, 3, 4, 5, 6, 7, 8, 9], '1_2': [11, 12, 13, 14, 15, 16, 17, 18, 19, 20, 21, 22, 24, 26, 27, 28, 29, 30, 31, 32, 33, 34, 35, 36, 37, 38, 39, 40, 41, 42, 43, 44, 45, 46, 47, 48, 49, 50, 51, 52, 53, 54, 55, 56, 57, 58, 59, 60, 61, 62, 63, 64, 65, 66, 67, 68, 69, 70, 71, 72, 73, 74, 75, 76, 77, 78, 79, 80, 81, 82, 83, 84, 85, 86, 87, 88, 89, 91, 92, 93, 94, 95, 96, 97, 98, 99], '4_3': [103, 284, 285, 286, 287, 288, 289, 290, 291, 292, 293, 294, 295, 296, 297, 298, 299, 300, 301, 302, 303, 304, 305, 306, 307, 308, 309, 310, 311, 312, 313, 314, 315, 316, 317, 318, 319, 320, 321, 322, 323], '0_3': [324, 325, 326, 327, 328, 329, 330, 331, 332, 333, 334, 335, 336, 337, 338, 339, 340, 341, 342, 343, 344, 345, 346, 347, 348, 349, 350, 351, 352, 353, 354, 355, 356, 357, 358, 359, 360, 361, 362, 363, 364, 365, 366, 367, 368, 369, 370, 371, 372, 373, 374, 375, 376, 377, 378, 379, 380, 381, 382, 383, 384, 385, 386, 387, 388, 389, 390, 391, 392, 393, 394, 395, 396, 397, 398, 399, 400, 401, 402, 403, 404, 405, 406, 407, 408, 409, 410, 411, 412, 413, 414, 415, 416, 417, 418, 419, 420, 421, 422, 423, 424, 425, 426, 427, 428, 429, 430, 431, 432, 433, 434, 435, 436, 437, 438, 439, 440, 441, 442, 443, 444, 445, 446, 447, 448, 449, 450, 451, 452, 453, 454, 455, 456, 457, 458, 459, 460, 461, 462, 463, 464, 465, 466, 467, 468, 469, 470, 471, 472, 473, 474, 475, 476, 477, 478, 479, 480, 481, 482, 483, 484, 485, 486, 487, 488, 489, 490, 491, 492, 493, 494, 495, 496, 497, 498, 499, 500, 501, 502, 503, 504, 505, 506, 507, 508, 509, 510, 511, 512, 513, 514, 515, 516, 517, 518, 519, 520, 521, 522, 523, 524, 525, 526, 527, 528, 529, 530, 531, 532, 533, 534, 535, 536, 537, 538, 539, 540, 541, 542, 543, 544, 545, 546, 547, 548, 549, 550, 551, 552, 553, 554, 555, 556, 557, 558, 559, 560, 561, 562, 563, 564, 565, 566, 567, 580, 596], '3_3': [568, 569, 570, 571, 572, 573, 574, 575, 576, 577, 578, 579, 581, 582, 583, 584, 585, 586, 587, 588, 589, 590, 591, 592, 593, 594, 595, 597, 598, 599], '6_2': [10, 25, 90, 23], '6_3': [100, 102, 104, 105, 106, 107, 108, 109, 110, 111, 112, 113, 114, 115, 116, 117, 118, 119, 120, 121, 122, 123, 124, 125, 126, 127, 128, 129, 130, 131, 132, 133, 134, 136, 137, 138, 139, 140, 141, 142, 143, 144, 145, 146, 147, 148, 149, 150, 151, 152, 153, 154, 155, 156, 157, 158, 159, 160, 161, 162, 163, 164, 165, 166, 167, 168, 169, 170, 171, 172, 173, 174, 175, 176, 177, 178, 179, 180, 181, 182, 183, 184, 185, 186, 187, 188, 189, 190, 191, 192, 193, 194, 195, 196, 197, 198, 199, 200, 201, 202, 203, 204, 205, 206, 207, 208, 209, 210, 211, 212, 214, 215, 216, 217, 218, 219, 220, 221, 222, 223, 224, 225, 226, 227, 228, 229, 230, 231, 232, 233, 234, 235, 236, 237, 238, 239, 240, 241, 242, 243, 244, 245, 246, 247, 248, 249, 250, 251, 252, 253, 254, 255, 256, 257, 258, 259, 260, 261, 262, 263, 264, 265, 266, 267, 268, 269, 270, 271, 272, 273, 274, 275, 276, 277, 278, 279, 280, 281, 282, 283, 101, 135, 213]}
FP rate  0.05246 FN rate  0.04
 Before reassigning cells 
 Timepoint  2
 Cluster  5  # of cells  14
 Cluster  1  # of cells  76
 Cluster  6  # of cells  10
 Timepoint  3
 Cluster  4  # of cells  38
 Cluster  0  # of cells  250
 Cluster  3  # of cells  26
 Cluster  6  # of cells  186
 Cells absent at timepoint  2   set()
 Cells absent at timepoint  3   set()
 Timepoint  2
SortedDict({2: {'5': ['0', '1', '2', '3', '4', '5', '6', '7', '8', '9', '16', '33', '54', '69'], '1': ['11', '12', '13', '14', '15', '17', '19', '20', '21', '22', '24', '26', '27', '28', '29', '30', '31', '32', '34', '35', '36', '37', '38', '39', '40', '41', '42', '43', '44', '45', '46', '48', '49', '50', '51', '52', '53', '55', '56', '57', '58', '60', '61', '62', '63', '64', '65', '66', '67', '68', '70', '71', '73', '74', '75', '76', '77', '78', '79', '80', '81', '82', '83', '84', '85', '86', '87', '88', '89', '91', '92', '95', '96', '97', '98', '99'], '6': ['10', '18', '23', '25', '47', '59', '72', '90', '93', '94']}, 3: {'4': ['284', '285', '286', '287', '288', '289', '290', '291', '292', '293', '294', '295', '296', '297', '298', '299', '300', '301', '302', '303', '304', '305', '306', '307', '309', '310', '312', '313', '314', '315', '316', '317', '318', '319', '320', '321', '322', '323'], '0': ['324', '325', '326', '327', '328', '329', '330', '331', '332', '333', '334', '335', '336', '337', '338', '339', '340', '341', '342', '343', '344', '345', '346', '347', '348', '349', '350', '351', '352', '353', '354', '355', '356', '357', '358', '359', '360', '361', '362', '363', '364', '365', '366', '367', '368', '369', '370', '371', '372', '373', '374', '375', '376', '377', '378', '379', '380', '381', '382', '383', '384', '385', '386', '387', '388', '389', '390', '391', '392', '393', '394', '395', '396', '397', '398', '399', '400', '401', '402', '403', '404', '405', '406', '407', '408', '409', '410', '411', '412', '413', '414', '415', '416', '417', '418', '419', '420', '421', '422', '423', '424', '425', '426', '427', '428', '429', '430', '431', '432', '433', '434', '435', '436', '437', '438', '439', '440', '441', '442', '443', '444', '445', '446', '447', '448', '449', '450', '451', '452', '453', '454', '455', '456', '457', '458', '459', '460', '461', '462', '463', '464', '465', '466', '467', '468', '469', '470', '471', '472', '473', '474', '475', '476', '477', '478', '479', '480', '481', '482', '483', '484', '485', '486', '487', '488', '489', '490', '491', '492', '493', '494', '495', '496', '497', '498', '499', '500', '501', '502', '503', '504', '505', '506', '507', '508', '509', '510', '511', '512', '513', '514', '515', '516', '517', '518', '519', '520', '521', '522', '523', '524', '525', '526', '527', '528', '529', '530', '531', '532', '533', '534', '535', '536', '537', '538', '539', '540', '541', '542', '543', '544', '545', '546', '547', '548', '549', '550', '551', '552', '553', '554', '555', '556', '557', '558', '559', '560', '561', '562', '563', '564', '565', '566', '567', '577', '580', '596', '597', '598', '599'], '3': ['568', '569', '570', '571', '572', '573', '574', '575', '576', '578', '579', '581', '582', '583', '584', '585', '586', '587', '588', '589', '590', '591', '592', '593', '594', '595'], '6': ['100', '101', '102', '103', '104', '105', '106', '107', '108', '109', '110', '111', '112', '113', '114', '115', '116', '117', '118', '119', '120', '121', '122', '123', '124', '125', '126', '127', '128', '129', '130', '131', '132', '133', '134', '135', '136', '137', '138', '139', '140', '141', '142', '143', '144', '145', '146', '147', '148', '149', '150', '151', '152', '153', '154', '155', '156', '157', '158', '159', '160', '161', '162', '163', '164', '165', '166', '167', '168', '169', '170', '171', '172', '173', '174', '175', '176', '177', '178', '179', '180', '181', '182', '183', '184', '185', '186', '187', '188', '189', '190', '191', '192', '193', '194', '195', '196', '197', '198', '199', '200', '201', '202', '203', '204', '205', '206', '207', '208', '209', '210', '211', '212', '213', '214', '215', '216', '217', '218', '219', '220', '221', '222', '223', '224', '225', '226', '227', '228', '229', '230', '231', '232', '233', '234', '235', '236', '237', '238', '239', '240', '241', '242', '243', '244', '245', '246', '247', '248', '249', '250', '251', '252', '253', '254', '255', '256', '257', '258', '259', '260', '261', '262', '263', '264', '265', '266', '267', '268', '269', '270', '271', '272', '273', '274', '275', '276', '277', '278', '279', '280', '281', '282', '283', '308', '311']}})
 Cluster1  1
 Cluster to drop  6
 Timepoint  3
 After reassigning and merging cells 
 Timepoint  2
 Cluster  5  # of cells  14
 Cluster  1  # of cells  86
 Timepoint  3
 Cluster  4  # of cells  38
 Cluster  0  # of cells  250
 Cluster  3  # of cells  26
 Cluster  6  # of cells  186
 Tp cluster cell dict  {'5_2': 14, '1_2': 86, '4_3': 38, '0_3': 250, '3_3': 26, '6_3': 186}
 New Graph is here 
 ID  0  Timepoint  1  Mutations  []  Type  subclone
 ID  1  Timepoint  2  Mutations  [0, 1, 2, 3, 4]  Type  subclone
 ID  2  Timepoint  2  Mutations  [0, 1, 2, 3, 4, 10, 11, 12, 13, 14, 15, 16, 17, 18]  Type  subclone
 ID  3  Timepoint  3  Mutations  [10, 11, 12, 13, 14, 15, 16, 17, 18, 37, 38, 39, 40, 41, 42]  Type  subclone
 ID  4  Timepoint  3  Mutations  [31, 32, 33, 34, 35, 36]  Type  subclone
 ID  5  Timepoint  3  Mutations  [31, 32, 33, 34, 35, 36, 43, 44, 45, 46, 47]  Type  subclone
 ID  6  Timepoint  3  Mutations  [10, 11, 12, 13, 14, 15, 16, 17, 18]  Type  subclone
Timepoints  SortedDict({1: [0], 2: [1, 2], 3: [3, 4, 5, 6]})
 Clone to nodes  {'5_2': 1, '1_2': 2, '4_3': 3, '0_3': 4, '3_3': 5, '6_3': 6}
 Timepoint ====  1
 Hash table  {'0,1': [0, 1, 2, 3, 4], '1': [10, 11, 12, 13, 14, 15, 16, 17, 18]}
 Final possible usc  [[0, 1, 2, 3, 4], [10, 11, 12, 13, 14, 15, 16, 17, 18]]
 Time  1  USC keys  {'0,1,2,3,4_0', '10,11,12,13,14,15,16,17,18_0'}
 USC children  {'0,1,2,3,4_0': [1, 2], '10,11,12,13,14,15,16,17,18_0': [2]}
 USC children  {'0,1,2,3,4_0': [1, 2], '10,11,12,13,14,15,16,17,18_0': [2]}
 Timepoint ====  2
 Hash table  {'0,3': [10, 11, 12, 13, 14, 15, 16, 17, 18], '0': [37, 38, 39, 40, 41, 42], '1,2': [31, 32, 33, 34, 35, 36], '2': [43, 44, 45, 46, 47]}
====== Inside find superset of t nodes ==========
 Final possible usc  []
 Time  2  USC keys  set()
 USC children  {'0,1,2,3,4_0': [1, 2], '10,11,12,13,14,15,16,17,18_0': [2]}
 USC children  {'0,1,2,3,4_0': [1, 2], '10,11,12,13,14,15,16,17,18_0': [2]}
 Node s  {'1,2': ['0', '1', '2', '3', '4']}
 Enroll USC nodes  ['1', '2']  len  2
 Node TP  SortedDict({1: [0], 2: [1, 2], 3: [3, 4, 5, 6]})
 Unobserved subclones at timepoints  {1.5: [7]}
 ============== Inside finding node v ============ 
 Time  2
 Time  3
 largest_v_mut  []
 largest_v_mut  []
 largest_v_mut  []
 largest_v_mut  []
 Sorted all timepoints  [1, 1.5, 2, 3]
 Timepoint  2
 Inside usc_node check  2
 Timepoint  3
 Node  3  has no parent 
 USC nodes  []
 Node with minimum mutation sets  {1: 5, 2: 5}
 Node  4  has no parent 
 USC nodes  []
 Node with minimum mutation sets  {1: 5, 2: 14}
 Node  5  has no parent 
 USC nodes  []
 Node with minimum mutation sets  {1: 5, 2: 14}
 Node  6  has no parent 
 USC nodes  []
 Node with minimum mutation sets  {1: 5, 2: 5}
0   1   [-1]   subclone   []   []
1   2   [7]   subclone   [0, 1, 2, 3, 4]   [0]
2   2   [7]   subclone   [0, 1, 2, 3, 4, 10, 11, 12, 13, 14, 15, 16, 17, 18]   [9]
3   3   [1]   subclone   [10, 11, 12, 13, 14, 15, 16, 17, 18, 37, 38, 39, 40, 41, 42]   [15]
4   3   [1]   subclone   [31, 32, 33, 34, 35, 36]   [6]
5   3   [1]   subclone   [31, 32, 33, 34, 35, 36, 43, 44, 45, 46, 47]   [11]
6   3   [1]   subclone   [10, 11, 12, 13, 14, 15, 16, 17, 18]   [9]
7   1.5   [0]   unobserved subclone   [0, 1, 2, 3, 4]   [5]
7
 Total estimated FP  190  True negatives  18572
 Total estimated FN  846  True positives  3432
 Estimated FP rate  0.05246
 Estimated FN rate  0.04
 No. of Cells in each cluster  {'5_2': 10, '0_2': 4, '0_3': 183, '6_2': 86, '4_3': 41, '3_3': 30, '2_3': 246}
 Cells in each cluster  {'5_2': [0, 1, 2, 3, 4, 5, 6, 7, 8, 9], '0_2': [10, 23, 25, 90], '0_3': [100, 101, 102, 104, 105, 106, 107, 108, 109, 110, 111, 112, 113, 114, 115, 116, 117, 118, 119, 120, 121, 122, 123, 124, 125, 126, 127, 128, 129, 130, 131, 132, 133, 134, 135, 136, 137, 138, 139, 140, 141, 142, 143, 144, 145, 146, 147, 148, 149, 150, 151, 152, 153, 154, 155, 156, 157, 158, 159, 160, 161, 162, 163, 164, 165, 166, 167, 168, 169, 170, 171, 172, 173, 174, 175, 176, 177, 178, 179, 180, 181, 182, 183, 184, 185, 186, 187, 188, 189, 190, 191, 192, 193, 194, 195, 196, 197, 198, 199, 200, 201, 202, 203, 204, 205, 206, 207, 208, 209, 210, 211, 212, 213, 214, 215, 216, 217, 218, 219, 220, 221, 222, 223, 224, 225, 226, 227, 228, 229, 230, 231, 232, 233, 234, 235, 236, 237, 238, 239, 240, 241, 242, 243, 244, 245, 246, 247, 248, 249, 250, 251, 252, 253, 254, 255, 256, 257, 258, 259, 260, 261, 262, 263, 264, 265, 266, 267, 268, 269, 270, 271, 272, 273, 274, 275, 276, 277, 278, 279, 280, 281, 282, 283], '6_2': [11, 12, 13, 14, 15, 16, 17, 18, 19, 20, 21, 22, 24, 26, 27, 28, 29, 30, 31, 32, 33, 34, 35, 36, 37, 38, 39, 40, 41, 42, 43, 44, 45, 46, 47, 48, 49, 50, 51, 52, 53, 54, 55, 56, 57, 58, 59, 60, 61, 62, 63, 64, 65, 66, 67, 68, 69, 70, 71, 72, 73, 74, 75, 76, 77, 78, 79, 80, 81, 82, 83, 84, 85, 86, 87, 88, 89, 91, 92, 93, 94, 95, 96, 97, 98, 99], '4_3': [103, 284, 285, 286, 287, 288, 289, 290, 291, 292, 293, 294, 295, 296, 297, 298, 299, 300, 301, 302, 303, 304, 305, 306, 307, 308, 309, 310, 311, 312, 313, 314, 315, 316, 317, 318, 319, 320, 321, 322, 323], '3_3': [568, 569, 570, 571, 572, 573, 574, 575, 576, 577, 578, 579, 581, 582, 583, 584, 585, 586, 587, 588, 589, 590, 591, 592, 593, 594, 595, 597, 598, 599], '2_3': [337, 356, 371, 427, 431, 455, 463, 495, 529, 554, 559, 563, 596, 324, 325, 326, 327, 328, 329, 330, 331, 332, 333, 334, 335, 336, 338, 339, 340, 341, 342, 343, 344, 345, 346, 347, 348, 349, 350, 351, 352, 353, 354, 355, 357, 358, 359, 360, 361, 362, 363, 364, 365, 366, 367, 368, 369, 370, 372, 373, 374, 375, 376, 377, 378, 379, 380, 381, 382, 383, 384, 385, 386, 387, 388, 389, 390, 391, 392, 393, 394, 395, 396, 397, 398, 399, 400, 401, 402, 403, 404, 405, 406, 407, 408, 409, 410, 411, 412, 413, 414, 415, 416, 417, 418, 419, 420, 421, 422, 423, 424, 425, 426, 428, 429, 430, 432, 433, 434, 435, 436, 437, 438, 439, 440, 441, 442, 443, 444, 445, 446, 447, 448, 449, 450, 451, 452, 453, 454, 456, 457, 458, 459, 460, 461, 462, 464, 465, 466, 467, 468, 469, 470, 471, 472, 473, 474, 475, 476, 477, 478, 479, 480, 481, 482, 483, 484, 485, 486, 487, 488, 489, 490, 491, 492, 493, 494, 496, 497, 498, 499, 500, 501, 502, 503, 504, 505, 506, 507, 508, 509, 510, 511, 512, 513, 514, 515, 516, 517, 518, 519, 520, 521, 522, 523, 524, 525, 526, 527, 528, 530, 531, 532, 533, 534, 535, 536, 537, 538, 539, 540, 541, 542, 543, 544, 545, 546, 547, 548, 549, 550, 551, 552, 553, 555, 556, 557, 558, 560, 561, 562, 564, 565, 566, 567, 580]}
FP rate  0.05246 FN rate  0.04
 Before reassigning cells 
 Timepoint  2
 Cluster  5  # of cells  14
 Cluster  0  # of cells  10
 Cluster  6  # of cells  76
 Timepoint  3
 Cluster  0  # of cells  186
 Cluster  4  # of cells  38
 Cluster  3  # of cells  26
 Cluster  2  # of cells  250
 Cells absent at timepoint  2   set()
 Cells absent at timepoint  3   set()
 Timepoint  2
SortedDict({2: {'5': ['0', '1', '2', '3', '4', '5', '6', '7', '8', '9', '16', '33', '54', '69'], '0': ['10', '18', '23', '25', '47', '59', '72', '90', '93', '94'], '6': ['11', '12', '13', '14', '15', '17', '19', '20', '21', '22', '24', '26', '27', '28', '29', '30', '31', '32', '34', '35', '36', '37', '38', '39', '40', '41', '42', '43', '44', '45', '46', '48', '49', '50', '51', '52', '53', '55', '56', '57', '58', '60', '61', '62', '63', '64', '65', '66', '67', '68', '70', '71', '73', '74', '75', '76', '77', '78', '79', '80', '81', '82', '83', '84', '85', '86', '87', '88', '89', '91', '92', '95', '96', '97', '98', '99']}, 3: {'0': ['100', '101', '102', '103', '104', '105', '106', '107', '108', '109', '110', '111', '112', '113', '114', '115', '116', '117', '118', '119', '120', '121', '122', '123', '124', '125', '126', '127', '128', '129', '130', '131', '132', '133', '134', '135', '136', '137', '138', '139', '140', '141', '142', '143', '144', '145', '146', '147', '148', '149', '150', '151', '152', '153', '154', '155', '156', '157', '158', '159', '160', '161', '162', '163', '164', '165', '166', '167', '168', '169', '170', '171', '172', '173', '174', '175', '176', '177', '178', '179', '180', '181', '182', '183', '184', '185', '186', '187', '188', '189', '190', '191', '192', '193', '194', '195', '196', '197', '198', '199', '200', '201', '202', '203', '204', '205', '206', '207', '208', '209', '210', '211', '212', '213', '214', '215', '216', '217', '218', '219', '220', '221', '222', '223', '224', '225', '226', '227', '228', '229', '230', '231', '232', '233', '234', '235', '236', '237', '238', '239', '240', '241', '242', '243', '244', '245', '246', '247', '248', '249', '250', '251', '252', '253', '254', '255', '256', '257', '258', '259', '260', '261', '262', '263', '264', '265', '266', '267', '268', '269', '270', '271', '272', '273', '274', '275', '276', '277', '278', '279', '280', '281', '282', '283', '308', '311'], '4': ['284', '285', '286', '287', '288', '289', '290', '291', '292', '293', '294', '295', '296', '297', '298', '299', '300', '301', '302', '303', '304', '305', '306', '307', '309', '310', '312', '313', '314', '315', '316', '317', '318', '319', '320', '321', '322', '323'], '3': ['568', '569', '570', '571', '572', '573', '574', '575', '576', '578', '579', '581', '582', '583', '584', '585', '586', '587', '588', '589', '590', '591', '592', '593', '594', '595'], '2': ['324', '325', '326', '327', '328', '329', '330', '331', '332', '333', '334', '335', '336', '337', '338', '339', '340', '341', '342', '343', '344', '345', '346', '347', '348', '349', '350', '351', '352', '353', '354', '355', '356', '357', '358', '359', '360', '361', '362', '363', '364', '365', '366', '367', '368', '369', '370', '371', '372', '373', '374', '375', '376', '377', '378', '379', '380', '381', '382', '383', '384', '385', '386', '387', '388', '389', '390', '391', '392', '393', '394', '395', '396', '397', '398', '399', '400', '401', '402', '403', '404', '405', '406', '407', '408', '409', '410', '411', '412', '413', '414', '415', '416', '417', '418', '419', '420', '421', '422', '423', '424', '425', '426', '427', '428', '429', '430', '431', '432', '433', '434', '435', '436', '437', '438', '439', '440', '441', '442', '443', '444', '445', '446', '447', '448', '449', '450', '451', '452', '453', '454', '455', '456', '457', '458', '459', '460', '461', '462', '463', '464', '465', '466', '467', '468', '469', '470', '471', '472', '473', '474', '475', '476', '477', '478', '479', '480', '481', '482', '483', '484', '485', '486', '487', '488', '489', '490', '491', '492', '493', '494', '495', '496', '497', '498', '499', '500', '501', '502', '503', '504', '505', '506', '507', '508', '509', '510', '511', '512', '513', '514', '515', '516', '517', '518', '519', '520', '521', '522', '523', '524', '525', '526', '527', '528', '529', '530', '531', '532', '533', '534', '535', '536', '537', '538', '539', '540', '541', '542', '543', '544', '545', '546', '547', '548', '549', '550', '551', '552', '553', '554', '555', '556', '557', '558', '559', '560', '561', '562', '563', '564', '565', '566', '567', '577', '580', '596', '597', '598', '599']}})
 Cluster1  0
 Cluster to drop  6
 Timepoint  3
 After reassigning and merging cells 
 Timepoint  2
 Cluster  5  # of cells  14
 Cluster  0  # of cells  86
 Timepoint  3
 Cluster  0  # of cells  186
 Cluster  4  # of cells  38
 Cluster  3  # of cells  26
 Cluster  2  # of cells  250
 Tp cluster cell dict  {'5_2': 14, '0_2': 86, '0_3': 186, '4_3': 38, '3_3': 26, '2_3': 250}
 New Graph is here 
 ID  0  Timepoint  1  Mutations  []  Type  subclone
 ID  1  Timepoint  2  Mutations  [0, 1, 2, 3, 4]  Type  subclone
 ID  2  Timepoint  2  Mutations  [0, 1, 2, 3, 4, 10, 11, 12, 13, 14, 15, 16, 17, 18]  Type  subclone
 ID  3  Timepoint  3  Mutations  [10, 11, 12, 13, 14, 15, 16, 17, 18]  Type  subclone
 ID  4  Timepoint  3  Mutations  [10, 11, 12, 13, 14, 15, 16, 17, 18, 37, 38, 39, 40, 41, 42]  Type  subclone
 ID  5  Timepoint  3  Mutations  [31, 32, 33, 34, 35, 36, 43, 44, 45, 46, 47]  Type  subclone
 ID  6  Timepoint  3  Mutations  [31, 32, 33, 34, 35, 36]  Type  subclone
Timepoints  SortedDict({1: [0], 2: [1, 2], 3: [3, 4, 5, 6]})
 Clone to nodes  {'5_2': 1, '0_2': 2, '0_3': 3, '4_3': 4, '3_3': 5, '2_3': 6}
 Timepoint ====  1
 Hash table  {'0,1': [0, 1, 2, 3, 4], '1': [10, 11, 12, 13, 14, 15, 16, 17, 18]}
 Final possible usc  [[0, 1, 2, 3, 4], [10, 11, 12, 13, 14, 15, 16, 17, 18]]
 Time  1  USC keys  {'10,11,12,13,14,15,16,17,18_0', '0,1,2,3,4_0'}
 USC children  {'0,1,2,3,4_0': [1, 2], '10,11,12,13,14,15,16,17,18_0': [2]}
 USC children  {'0,1,2,3,4_0': [1, 2], '10,11,12,13,14,15,16,17,18_0': [2]}
 Timepoint ====  2
 Hash table  {'0,1': [10, 11, 12, 13, 14, 15, 16, 17, 18], '1': [37, 38, 39, 40, 41, 42], '2,3': [31, 32, 33, 34, 35, 36], '2': [43, 44, 45, 46, 47]}
====== Inside find superset of t nodes ==========
 Final possible usc  []
 Time  2  USC keys  set()
 USC children  {'0,1,2,3,4_0': [1, 2], '10,11,12,13,14,15,16,17,18_0': [2]}
 USC children  {'0,1,2,3,4_0': [1, 2], '10,11,12,13,14,15,16,17,18_0': [2]}
 Node s  {'1,2': ['0', '1', '2', '3', '4']}
 Enroll USC nodes  ['1', '2']  len  2
 Node TP  SortedDict({1: [0], 2: [1, 2], 3: [3, 4, 5, 6]})
 Unobserved subclones at timepoints  {1.5: [7]}
 ============== Inside finding node v ============ 
 Time  2
 Time  3
 largest_v_mut  []
 largest_v_mut  []
 largest_v_mut  []
 largest_v_mut  []
 Sorted all timepoints  [1, 1.5, 2, 3]
 Timepoint  2
 Inside usc_node check  2
 Timepoint  3
 Node  3  has no parent 
 USC nodes  []
 Node with minimum mutation sets  {1: 5, 2: 5}
 Node  4  has no parent 
 USC nodes  []
 Node with minimum mutation sets  {1: 5, 2: 5}
 Node  5  has no parent 
 USC nodes  []
 Node with minimum mutation sets  {1: 5, 2: 14}
 Node  6  has no parent 
 USC nodes  []
 Node with minimum mutation sets  {1: 5, 2: 14}
0   1   [-1]   subclone   []   []
1   2   [7]   subclone   [0, 1, 2, 3, 4]   [0]
2   2   [7]   subclone   [0, 1, 2, 3, 4, 10, 11, 12, 13, 14, 15, 16, 17, 18]   [9]
3   3   [1]   subclone   [10, 11, 12, 13, 14, 15, 16, 17, 18]   [9]
4   3   [1]   subclone   [10, 11, 12, 13, 14, 15, 16, 17, 18, 37, 38, 39, 40, 41, 42]   [15]
5   3   [1]   subclone   [31, 32, 33, 34, 35, 36, 43, 44, 45, 46, 47]   [11]
6   3   [1]   subclone   [31, 32, 33, 34, 35, 36]   [6]
7   1.5   [0]   unobserved subclone   [0, 1, 2, 3, 4]   [5]
6
 Total estimated FP  189  True negatives  18570
 Total estimated FN  848  True positives  3433
 Estimated FP rate  0.05218
 Estimated FN rate  0.04
 No. of Cells in each cluster  {'5_2': 10, '1_2': 4, '1_3': 182, '2_2': 86, '2_3': 1, '4_3': 41, '0_3': 246, '3_3': 30}
 Cells in each cluster  {'5_2': [0, 1, 2, 3, 4, 5, 6, 7, 8, 9], '1_2': [10, 23, 25, 90], '1_3': [100, 101, 102, 104, 105, 106, 107, 108, 109, 110, 111, 112, 113, 114, 115, 116, 117, 118, 119, 120, 121, 122, 123, 124, 125, 126, 127, 128, 129, 130, 131, 132, 133, 134, 135, 136, 137, 138, 139, 140, 141, 142, 143, 144, 145, 146, 147, 148, 149, 150, 151, 152, 153, 154, 155, 156, 157, 158, 159, 160, 161, 162, 163, 164, 165, 166, 167, 168, 169, 170, 171, 172, 173, 174, 175, 176, 177, 178, 179, 180, 181, 182, 183, 184, 185, 186, 187, 188, 189, 190, 191, 192, 193, 194, 195, 196, 197, 198, 199, 200, 201, 202, 203, 204, 205, 206, 207, 208, 209, 210, 211, 212, 214, 215, 216, 217, 218, 219, 220, 221, 222, 223, 224, 225, 226, 227, 228, 229, 230, 231, 232, 233, 234, 235, 236, 237, 238, 239, 240, 241, 242, 243, 244, 245, 246, 247, 248, 249, 250, 251, 252, 253, 254, 255, 256, 257, 258, 259, 260, 261, 262, 263, 264, 265, 266, 267, 268, 269, 270, 271, 272, 273, 274, 275, 276, 277, 278, 279, 280, 281, 282, 283], '2_2': [11, 12, 13, 14, 15, 16, 17, 18, 19, 20, 21, 22, 24, 26, 27, 28, 29, 30, 31, 32, 33, 34, 35, 36, 37, 38, 39, 40, 41, 42, 43, 44, 45, 46, 47, 48, 49, 50, 51, 52, 53, 54, 55, 56, 57, 58, 59, 60, 61, 62, 63, 64, 65, 66, 67, 68, 69, 70, 71, 72, 73, 74, 75, 76, 77, 78, 79, 80, 81, 82, 83, 84, 85, 86, 87, 88, 89, 91, 92, 93, 94, 95, 96, 97, 98, 99], '2_3': [213], '4_3': [103, 284, 285, 286, 287, 288, 289, 290, 291, 292, 293, 294, 295, 296, 297, 298, 299, 300, 301, 302, 303, 304, 305, 306, 307, 308, 309, 310, 311, 312, 313, 314, 315, 316, 317, 318, 319, 320, 321, 322, 323], '0_3': [324, 325, 326, 327, 328, 329, 330, 331, 332, 333, 334, 335, 336, 337, 338, 339, 340, 341, 342, 343, 344, 345, 346, 347, 348, 349, 350, 351, 352, 353, 354, 355, 356, 357, 358, 359, 360, 361, 362, 363, 364, 365, 366, 367, 368, 369, 370, 371, 372, 373, 374, 375, 376, 377, 378, 379, 380, 381, 382, 383, 384, 385, 386, 387, 388, 389, 390, 391, 392, 393, 394, 395, 396, 397, 398, 399, 400, 401, 402, 403, 404, 405, 406, 407, 408, 409, 410, 411, 412, 413, 414, 415, 416, 417, 418, 419, 420, 421, 422, 423, 424, 425, 426, 427, 428, 429, 430, 431, 432, 433, 434, 435, 436, 437, 438, 439, 440, 441, 442, 443, 444, 445, 446, 447, 448, 449, 450, 451, 452, 453, 454, 455, 456, 457, 458, 459, 460, 461, 462, 463, 464, 465, 466, 467, 468, 469, 470, 471, 472, 473, 474, 475, 476, 477, 478, 479, 480, 481, 482, 483, 484, 485, 486, 487, 488, 489, 490, 491, 492, 493, 494, 495, 496, 497, 498, 499, 500, 501, 502, 503, 504, 505, 506, 507, 508, 509, 510, 511, 512, 513, 514, 515, 516, 517, 518, 519, 520, 521, 522, 523, 524, 525, 526, 527, 528, 529, 530, 531, 532, 533, 534, 535, 536, 537, 538, 539, 540, 541, 542, 543, 544, 545, 546, 547, 548, 549, 550, 551, 552, 553, 554, 555, 556, 557, 558, 559, 560, 561, 562, 563, 564, 565, 566, 567, 580, 596], '3_3': [568, 569, 570, 571, 572, 573, 574, 575, 576, 577, 578, 579, 581, 582, 583, 584, 585, 586, 587, 588, 589, 590, 591, 592, 593, 594, 595, 597, 598, 599]}
FP rate  0.05218 FN rate  0.04
 Before reassigning cells 
 Timepoint  2
 Cluster  5  # of cells  14
 Cluster  1  # of cells  10
 Cluster  2  # of cells  76
 Timepoint  3
 Cluster  1  # of cells  186
 Cluster  4  # of cells  38
 Cluster  0  # of cells  250
 Cluster  3  # of cells  26
 Cells absent at timepoint  2   set()
 Cells absent at timepoint  3   set()
 Timepoint  2
SortedDict({2: {'5': ['0', '1', '2', '3', '4', '5', '6', '7', '8', '9', '16', '33', '54', '69'], '1': ['10', '18', '23', '25', '47', '59', '72', '90', '93', '94'], '2': ['11', '12', '13', '14', '15', '17', '19', '20', '21', '22', '24', '26', '27', '28', '29', '30', '31', '32', '34', '35', '36', '37', '38', '39', '40', '41', '42', '43', '44', '45', '46', '48', '49', '50', '51', '52', '53', '55', '56', '57', '58', '60', '61', '62', '63', '64', '65', '66', '67', '68', '70', '71', '73', '74', '75', '76', '77', '78', '79', '80', '81', '82', '83', '84', '85', '86', '87', '88', '89', '91', '92', '95', '96', '97', '98', '99']}, 3: {'1': ['100', '101', '102', '103', '104', '105', '106', '107', '108', '109', '110', '111', '112', '113', '114', '115', '116', '117', '118', '119', '120', '121', '122', '123', '124', '125', '126', '127', '128', '129', '130', '131', '132', '133', '134', '135', '136', '137', '138', '139', '140', '141', '142', '143', '144', '145', '146', '147', '148', '149', '150', '151', '152', '153', '154', '155', '156', '157', '158', '159', '160', '161', '162', '163', '164', '165', '166', '167', '168', '169', '170', '171', '172', '173', '174', '175', '176', '177', '178', '179', '180', '181', '182', '183', '184', '185', '186', '187', '188', '189', '190', '191', '192', '193', '194', '195', '196', '197', '198', '199', '200', '201', '202', '203', '204', '205', '206', '207', '208', '209', '210', '211', '212', '213', '214', '215', '216', '217', '218', '219', '220', '221', '222', '223', '224', '225', '226', '227', '228', '229', '230', '231', '232', '233', '234', '235', '236', '237', '238', '239', '240', '241', '242', '243', '244', '245', '246', '247', '248', '249', '250', '251', '252', '253', '254', '255', '256', '257', '258', '259', '260', '261', '262', '263', '264', '265', '266', '267', '268', '269', '270', '271', '272', '273', '274', '275', '276', '277', '278', '279', '280', '281', '282', '283', '308', '311'], '4': ['284', '285', '286', '287', '288', '289', '290', '291', '292', '293', '294', '295', '296', '297', '298', '299', '300', '301', '302', '303', '304', '305', '306', '307', '309', '310', '312', '313', '314', '315', '316', '317', '318', '319', '320', '321', '322', '323'], '0': ['324', '325', '326', '327', '328', '329', '330', '331', '332', '333', '334', '335', '336', '337', '338', '339', '340', '341', '342', '343', '344', '345', '346', '347', '348', '349', '350', '351', '352', '353', '354', '355', '356', '357', '358', '359', '360', '361', '362', '363', '364', '365', '366', '367', '368', '369', '370', '371', '372', '373', '374', '375', '376', '377', '378', '379', '380', '381', '382', '383', '384', '385', '386', '387', '388', '389', '390', '391', '392', '393', '394', '395', '396', '397', '398', '399', '400', '401', '402', '403', '404', '405', '406', '407', '408', '409', '410', '411', '412', '413', '414', '415', '416', '417', '418', '419', '420', '421', '422', '423', '424', '425', '426', '427', '428', '429', '430', '431', '432', '433', '434', '435', '436', '437', '438', '439', '440', '441', '442', '443', '444', '445', '446', '447', '448', '449', '450', '451', '452', '453', '454', '455', '456', '457', '458', '459', '460', '461', '462', '463', '464', '465', '466', '467', '468', '469', '470', '471', '472', '473', '474', '475', '476', '477', '478', '479', '480', '481', '482', '483', '484', '485', '486', '487', '488', '489', '490', '491', '492', '493', '494', '495', '496', '497', '498', '499', '500', '501', '502', '503', '504', '505', '506', '507', '508', '509', '510', '511', '512', '513', '514', '515', '516', '517', '518', '519', '520', '521', '522', '523', '524', '525', '526', '527', '528', '529', '530', '531', '532', '533', '534', '535', '536', '537', '538', '539', '540', '541', '542', '543', '544', '545', '546', '547', '548', '549', '550', '551', '552', '553', '554', '555', '556', '557', '558', '559', '560', '561', '562', '563', '564', '565', '566', '567', '577', '580', '596', '597', '598', '599'], '3': ['568', '569', '570', '571', '572', '573', '574', '575', '576', '578', '579', '581', '582', '583', '584', '585', '586', '587', '588', '589', '590', '591', '592', '593', '594', '595']}})
 Cluster1  1
 Cluster to drop  2
 Timepoint  3
 After reassigning and merging cells 
 Timepoint  2
 Cluster  5  # of cells  14
 Cluster  1  # of cells  86
 Timepoint  3
 Cluster  1  # of cells  186
 Cluster  4  # of cells  38
 Cluster  0  # of cells  250
 Cluster  3  # of cells  26
 Tp cluster cell dict  {'5_2': 14, '1_2': 86, '1_3': 186, '4_3': 38, '0_3': 250, '3_3': 26}
 New Graph is here 
 ID  0  Timepoint  1  Mutations  []  Type  subclone
 ID  1  Timepoint  2  Mutations  [0, 1, 2, 3, 4]  Type  subclone
 ID  2  Timepoint  2  Mutations  [0, 1, 2, 3, 4, 10, 11, 12, 13, 14, 15, 16, 17, 18]  Type  subclone
 ID  3  Timepoint  3  Mutations  [10, 11, 12, 13, 14, 15, 16, 17, 18]  Type  subclone
 ID  4  Timepoint  3  Mutations  [10, 11, 12, 13, 14, 15, 16, 17, 18, 37, 38, 39, 40, 41, 42]  Type  subclone
 ID  5  Timepoint  3  Mutations  [31, 32, 33, 34, 35, 36]  Type  subclone
 ID  6  Timepoint  3  Mutations  [31, 32, 33, 34, 35, 36, 43, 44, 45, 46, 47]  Type  subclone
Timepoints  SortedDict({1: [0], 2: [1, 2], 3: [3, 4, 5, 6]})
 Clone to nodes  {'5_2': 1, '1_2': 2, '1_3': 3, '4_3': 4, '0_3': 5, '3_3': 6}
 Timepoint ====  1
 Hash table  {'0,1': [0, 1, 2, 3, 4], '1': [10, 11, 12, 13, 14, 15, 16, 17, 18]}
 Final possible usc  [[0, 1, 2, 3, 4], [10, 11, 12, 13, 14, 15, 16, 17, 18]]
 Time  1  USC keys  {'10,11,12,13,14,15,16,17,18_0', '0,1,2,3,4_0'}
 USC children  {'0,1,2,3,4_0': [1, 2], '10,11,12,13,14,15,16,17,18_0': [2]}
 USC children  {'0,1,2,3,4_0': [1, 2], '10,11,12,13,14,15,16,17,18_0': [2]}
 Timepoint ====  2
 Hash table  {'0,1': [10, 11, 12, 13, 14, 15, 16, 17, 18], '1': [37, 38, 39, 40, 41, 42], '2,3': [31, 32, 33, 34, 35, 36], '3': [43, 44, 45, 46, 47]}
====== Inside find superset of t nodes ==========
 Final possible usc  []
 Time  2  USC keys  set()
 USC children  {'0,1,2,3,4_0': [1, 2], '10,11,12,13,14,15,16,17,18_0': [2]}
 USC children  {'0,1,2,3,4_0': [1, 2], '10,11,12,13,14,15,16,17,18_0': [2]}
 Node s  {'1,2': ['0', '1', '2', '3', '4']}
 Enroll USC nodes  ['1', '2']  len  2
 Node TP  SortedDict({1: [0], 2: [1, 2], 3: [3, 4, 5, 6]})
 Unobserved subclones at timepoints  {1.5: [7]}
 ============== Inside finding node v ============ 
 Time  2
 Time  3
 largest_v_mut  []
 largest_v_mut  []
 largest_v_mut  []
 largest_v_mut  []
 Sorted all timepoints  [1, 1.5, 2, 3]
 Timepoint  2
 Inside usc_node check  2
 Timepoint  3
 Node  3  has no parent 
 USC nodes  []
 Node with minimum mutation sets  {1: 5, 2: 5}
 Node  4  has no parent 
 USC nodes  []
 Node with minimum mutation sets  {1: 5, 2: 5}
 Node  5  has no parent 
 USC nodes  []
 Node with minimum mutation sets  {1: 5, 2: 14}
 Node  6  has no parent 
 USC nodes  []
 Node with minimum mutation sets  {1: 5, 2: 14}
0   1   [-1]   subclone   []   []
1   2   [7]   subclone   [0, 1, 2, 3, 4]   [0]
2   2   [7]   subclone   [0, 1, 2, 3, 4, 10, 11, 12, 13, 14, 15, 16, 17, 18]   [9]
3   3   [1]   subclone   [10, 11, 12, 13, 14, 15, 16, 17, 18]   [9]
4   3   [1]   subclone   [10, 11, 12, 13, 14, 15, 16, 17, 18, 37, 38, 39, 40, 41, 42]   [15]
5   3   [1]   subclone   [31, 32, 33, 34, 35, 36]   [6]
6   3   [1]   subclone   [31, 32, 33, 34, 35, 36, 43, 44, 45, 46, 47]   [11]
7   1.5   [0]   unobserved subclone   [0, 1, 2, 3, 4]   [5]
7
 Total estimated FP  189  True negatives  18570
 Total estimated FN  848  True positives  3433
 Estimated FP rate  0.05218
 Estimated FN rate  0.04
 No. of Cells in each cluster  {'5_2': 10, '0_2': 4, '0_3': 182, '6_2': 86, '6_3': 1, '4_3': 41, '3_3': 30, '2_3': 246}
 Cells in each cluster  {'5_2': [0, 1, 2, 3, 4, 5, 6, 7, 8, 9], '0_2': [10, 23, 25, 90], '0_3': [100, 101, 102, 104, 105, 106, 107, 108, 109, 110, 111, 112, 113, 114, 115, 116, 117, 118, 119, 120, 121, 122, 123, 124, 125, 126, 127, 128, 129, 130, 131, 132, 133, 134, 135, 136, 137, 138, 139, 140, 141, 142, 143, 144, 145, 146, 147, 148, 149, 150, 151, 152, 153, 154, 155, 156, 157, 158, 159, 160, 161, 162, 163, 164, 165, 166, 167, 168, 169, 170, 171, 172, 173, 174, 175, 176, 177, 178, 179, 180, 181, 182, 183, 184, 185, 186, 187, 188, 189, 190, 191, 192, 193, 194, 195, 196, 197, 198, 199, 200, 201, 202, 203, 204, 205, 206, 207, 208, 209, 210, 211, 212, 214, 215, 216, 217, 218, 219, 220, 221, 222, 223, 224, 225, 226, 227, 228, 229, 230, 231, 232, 233, 234, 235, 236, 237, 238, 239, 240, 241, 242, 243, 244, 245, 246, 247, 248, 249, 250, 251, 252, 253, 254, 255, 256, 257, 258, 259, 260, 261, 262, 263, 264, 265, 266, 267, 268, 269, 270, 271, 272, 273, 274, 275, 276, 277, 278, 279, 280, 281, 282, 283], '6_2': [11, 12, 13, 14, 15, 16, 17, 18, 19, 20, 21, 22, 24, 26, 27, 28, 29, 30, 31, 32, 33, 34, 35, 36, 37, 38, 39, 40, 41, 42, 43, 44, 45, 46, 47, 48, 49, 50, 51, 52, 53, 54, 55, 56, 57, 58, 59, 60, 61, 62, 63, 64, 65, 66, 67, 68, 69, 70, 71, 72, 73, 74, 75, 76, 77, 78, 79, 80, 81, 82, 83, 84, 85, 86, 87, 88, 89, 91, 92, 93, 94, 95, 96, 97, 98, 99], '6_3': [213], '4_3': [103, 284, 285, 286, 287, 288, 289, 290, 291, 292, 293, 294, 295, 296, 297, 298, 299, 300, 301, 302, 303, 304, 305, 306, 307, 308, 309, 310, 311, 312, 313, 314, 315, 316, 317, 318, 319, 320, 321, 322, 323], '3_3': [568, 569, 570, 571, 572, 573, 574, 575, 576, 577, 578, 579, 581, 582, 583, 584, 585, 586, 587, 588, 589, 590, 591, 592, 593, 594, 595, 597, 598, 599], '2_3': [337, 356, 371, 427, 431, 455, 463, 495, 529, 554, 559, 563, 596, 324, 325, 326, 327, 328, 329, 330, 331, 332, 333, 334, 335, 336, 338, 339, 340, 341, 342, 343, 344, 345, 346, 347, 348, 349, 350, 351, 352, 353, 354, 355, 357, 358, 359, 360, 361, 362, 363, 364, 365, 366, 367, 368, 369, 370, 372, 373, 374, 375, 376, 377, 378, 379, 380, 381, 382, 383, 384, 385, 386, 387, 388, 389, 390, 391, 392, 393, 394, 395, 396, 397, 398, 399, 400, 401, 402, 403, 404, 405, 406, 407, 408, 409, 410, 411, 412, 413, 414, 415, 416, 417, 418, 419, 420, 421, 422, 423, 424, 425, 426, 428, 429, 430, 432, 433, 434, 435, 436, 437, 438, 439, 440, 441, 442, 443, 444, 445, 446, 447, 448, 449, 450, 451, 452, 453, 454, 456, 457, 458, 459, 460, 461, 462, 464, 465, 466, 467, 468, 469, 470, 471, 472, 473, 474, 475, 476, 477, 478, 479, 480, 481, 482, 483, 484, 485, 486, 487, 488, 489, 490, 491, 492, 493, 494, 496, 497, 498, 499, 500, 501, 502, 503, 504, 505, 506, 507, 508, 509, 510, 511, 512, 513, 514, 515, 516, 517, 518, 519, 520, 521, 522, 523, 524, 525, 526, 527, 528, 530, 531, 532, 533, 534, 535, 536, 537, 538, 539, 540, 541, 542, 543, 544, 545, 546, 547, 548, 549, 550, 551, 552, 553, 555, 556, 557, 558, 560, 561, 562, 564, 565, 566, 567, 580]}
FP rate  0.05218 FN rate  0.04
 Before reassigning cells 
 Timepoint  2
 Cluster  5  # of cells  14
 Cluster  0  # of cells  10
 Cluster  6  # of cells  76
 Timepoint  3
 Cluster  0  # of cells  186
 Cluster  4  # of cells  38
 Cluster  3  # of cells  26
 Cluster  2  # of cells  250
 Cells absent at timepoint  2   set()
 Cells absent at timepoint  3   set()
 Timepoint  2
SortedDict({2: {'5': ['0', '1', '2', '3', '4', '5', '6', '7', '8', '9', '16', '33', '54', '69'], '0': ['10', '18', '23', '25', '47', '59', '72', '90', '93', '94'], '6': ['11', '12', '13', '14', '15', '17', '19', '20', '21', '22', '24', '26', '27', '28', '29', '30', '31', '32', '34', '35', '36', '37', '38', '39', '40', '41', '42', '43', '44', '45', '46', '48', '49', '50', '51', '52', '53', '55', '56', '57', '58', '60', '61', '62', '63', '64', '65', '66', '67', '68', '70', '71', '73', '74', '75', '76', '77', '78', '79', '80', '81', '82', '83', '84', '85', '86', '87', '88', '89', '91', '92', '95', '96', '97', '98', '99']}, 3: {'0': ['100', '101', '102', '103', '104', '105', '106', '107', '108', '109', '110', '111', '112', '113', '114', '115', '116', '117', '118', '119', '120', '121', '122', '123', '124', '125', '126', '127', '128', '129', '130', '131', '132', '133', '134', '135', '136', '137', '138', '139', '140', '141', '142', '143', '144', '145', '146', '147', '148', '149', '150', '151', '152', '153', '154', '155', '156', '157', '158', '159', '160', '161', '162', '163', '164', '165', '166', '167', '168', '169', '170', '171', '172', '173', '174', '175', '176', '177', '178', '179', '180', '181', '182', '183', '184', '185', '186', '187', '188', '189', '190', '191', '192', '193', '194', '195', '196', '197', '198', '199', '200', '201', '202', '203', '204', '205', '206', '207', '208', '209', '210', '211', '212', '213', '214', '215', '216', '217', '218', '219', '220', '221', '222', '223', '224', '225', '226', '227', '228', '229', '230', '231', '232', '233', '234', '235', '236', '237', '238', '239', '240', '241', '242', '243', '244', '245', '246', '247', '248', '249', '250', '251', '252', '253', '254', '255', '256', '257', '258', '259', '260', '261', '262', '263', '264', '265', '266', '267', '268', '269', '270', '271', '272', '273', '274', '275', '276', '277', '278', '279', '280', '281', '282', '283', '308', '311'], '4': ['284', '285', '286', '287', '288', '289', '290', '291', '292', '293', '294', '295', '296', '297', '298', '299', '300', '301', '302', '303', '304', '305', '306', '307', '309', '310', '312', '313', '314', '315', '316', '317', '318', '319', '320', '321', '322', '323'], '3': ['568', '569', '570', '571', '572', '573', '574', '575', '576', '578', '579', '581', '582', '583', '584', '585', '586', '587', '588', '589', '590', '591', '592', '593', '594', '595'], '2': ['324', '325', '326', '327', '328', '329', '330', '331', '332', '333', '334', '335', '336', '337', '338', '339', '340', '341', '342', '343', '344', '345', '346', '347', '348', '349', '350', '351', '352', '353', '354', '355', '356', '357', '358', '359', '360', '361', '362', '363', '364', '365', '366', '367', '368', '369', '370', '371', '372', '373', '374', '375', '376', '377', '378', '379', '380', '381', '382', '383', '384', '385', '386', '387', '388', '389', '390', '391', '392', '393', '394', '395', '396', '397', '398', '399', '400', '401', '402', '403', '404', '405', '406', '407', '408', '409', '410', '411', '412', '413', '414', '415', '416', '417', '418', '419', '420', '421', '422', '423', '424', '425', '426', '427', '428', '429', '430', '431', '432', '433', '434', '435', '436', '437', '438', '439', '440', '441', '442', '443', '444', '445', '446', '447', '448', '449', '450', '451', '452', '453', '454', '455', '456', '457', '458', '459', '460', '461', '462', '463', '464', '465', '466', '467', '468', '469', '470', '471', '472', '473', '474', '475', '476', '477', '478', '479', '480', '481', '482', '483', '484', '485', '486', '487', '488', '489', '490', '491', '492', '493', '494', '495', '496', '497', '498', '499', '500', '501', '502', '503', '504', '505', '506', '507', '508', '509', '510', '511', '512', '513', '514', '515', '516', '517', '518', '519', '520', '521', '522', '523', '524', '525', '526', '527', '528', '529', '530', '531', '532', '533', '534', '535', '536', '537', '538', '539', '540', '541', '542', '543', '544', '545', '546', '547', '548', '549', '550', '551', '552', '553', '554', '555', '556', '557', '558', '559', '560', '561', '562', '563', '564', '565', '566', '567', '577', '580', '596', '597', '598', '599']}})
 Cluster1  0
 Cluster to drop  6
 Timepoint  3
 After reassigning and merging cells 
 Timepoint  2
 Cluster  5  # of cells  14
 Cluster  0  # of cells  86
 Timepoint  3
 Cluster  0  # of cells  186
 Cluster  4  # of cells  38
 Cluster  3  # of cells  26
 Cluster  2  # of cells  250
 Tp cluster cell dict  {'5_2': 14, '0_2': 86, '0_3': 186, '4_3': 38, '3_3': 26, '2_3': 250}
 New Graph is here 
 ID  0  Timepoint  1  Mutations  []  Type  subclone
 ID  1  Timepoint  2  Mutations  [0, 1, 2, 3, 4]  Type  subclone
 ID  2  Timepoint  2  Mutations  [0, 1, 2, 3, 4, 10, 11, 12, 13, 14, 15, 16, 17, 18]  Type  subclone
 ID  3  Timepoint  3  Mutations  [10, 11, 12, 13, 14, 15, 16, 17, 18]  Type  subclone
 ID  4  Timepoint  3  Mutations  [10, 11, 12, 13, 14, 15, 16, 17, 18, 37, 38, 39, 40, 41, 42]  Type  subclone
 ID  5  Timepoint  3  Mutations  [31, 32, 33, 34, 35, 36, 43, 44, 45, 46, 47]  Type  subclone
 ID  6  Timepoint  3  Mutations  [31, 32, 33, 34, 35, 36]  Type  subclone
Timepoints  SortedDict({1: [0], 2: [1, 2], 3: [3, 4, 5, 6]})
 Clone to nodes  {'5_2': 1, '0_2': 2, '0_3': 3, '4_3': 4, '3_3': 5, '2_3': 6}
 Timepoint ====  1
 Hash table  {'0,1': [0, 1, 2, 3, 4], '1': [10, 11, 12, 13, 14, 15, 16, 17, 18]}
 Final possible usc  [[0, 1, 2, 3, 4], [10, 11, 12, 13, 14, 15, 16, 17, 18]]
 Time  1  USC keys  {'0,1,2,3,4_0', '10,11,12,13,14,15,16,17,18_0'}
 USC children  {'0,1,2,3,4_0': [1, 2], '10,11,12,13,14,15,16,17,18_0': [2]}
 USC children  {'0,1,2,3,4_0': [1, 2], '10,11,12,13,14,15,16,17,18_0': [2]}
 Timepoint ====  2
 Hash table  {'0,1': [10, 11, 12, 13, 14, 15, 16, 17, 18], '1': [37, 38, 39, 40, 41, 42], '2,3': [31, 32, 33, 34, 35, 36], '2': [43, 44, 45, 46, 47]}
====== Inside find superset of t nodes ==========
 Final possible usc  []
 Time  2  USC keys  set()
 USC children  {'0,1,2,3,4_0': [1, 2], '10,11,12,13,14,15,16,17,18_0': [2]}
 USC children  {'0,1,2,3,4_0': [1, 2], '10,11,12,13,14,15,16,17,18_0': [2]}
 Node s  {'1,2': ['0', '1', '2', '3', '4']}
 Enroll USC nodes  ['1', '2']  len  2
 Node TP  SortedDict({1: [0], 2: [1, 2], 3: [3, 4, 5, 6]})
 Unobserved subclones at timepoints  {1.5: [7]}
 ============== Inside finding node v ============ 
 Time  2
 Time  3
 largest_v_mut  []
 largest_v_mut  []
 largest_v_mut  []
 largest_v_mut  []
 Sorted all timepoints  [1, 1.5, 2, 3]
 Timepoint  2
 Inside usc_node check  2
 Timepoint  3
 Node  3  has no parent 
 USC nodes  []
 Node with minimum mutation sets  {1: 5, 2: 5}
 Node  4  has no parent 
 USC nodes  []
 Node with minimum mutation sets  {1: 5, 2: 5}
 Node  5  has no parent 
 USC nodes  []
 Node with minimum mutation sets  {1: 5, 2: 14}
 Node  6  has no parent 
 USC nodes  []
 Node with minimum mutation sets  {1: 5, 2: 14}
0   1   [-1]   subclone   []   []
1   2   [7]   subclone   [0, 1, 2, 3, 4]   [0]
2   2   [7]   subclone   [0, 1, 2, 3, 4, 10, 11, 12, 13, 14, 15, 16, 17, 18]   [9]
3   3   [1]   subclone   [10, 11, 12, 13, 14, 15, 16, 17, 18]   [9]
4   3   [1]   subclone   [10, 11, 12, 13, 14, 15, 16, 17, 18, 37, 38, 39, 40, 41, 42]   [15]
5   3   [1]   subclone   [31, 32, 33, 34, 35, 36, 43, 44, 45, 46, 47]   [11]
6   3   [1]   subclone   [31, 32, 33, 34, 35, 36]   [6]
7   1.5   [0]   unobserved subclone   [0, 1, 2, 3, 4]   [5]
 List of tree files  ['all_trees/theta3_rep5_m1_tree.csv', 'all_trees/theta3_rep5_m2_tree.csv', 'all_trees/theta3_rep5_m3_tree.csv', 'all_trees/theta3_rep5_m4_tree.csv', 'all_trees/theta3_rep5_m5_tree.csv']
{'1': ['0', '1', '2', '3', '4'], '2': ['0', '1', '2', '3', '4', '10', '11', '12', '13', '14', '15', '16', '17', '18'], '3': ['10', '11', '12', '13', '14', '15', '16', '17', '18'], '4': ['10', '11', '12', '13', '14', '15', '16', '17', '18', '37', '38', '39', '40', '41', '42'], '5': ['31', '32', '33', '34', '35', '36'], '6': ['31', '32', '33', '34', '35', '36', '43', '44', '45', '46', '47'], '7': ['0', '1', '2', '3', '4']}
 Actual mutation of  1   []
 Actual mutation of  2   ['11', '13', '10', '16', '17', '18', '15', '14', '12']
 Actual mutation of  3   ['11', '13', '10', '16', '17', '18', '15', '14', '12']
 Actual mutation of  4   ['37', '38', '39', '11', '13', '10', '16', '17', '41', '18', '15', '42', '14', '12', '40']
 Actual mutation of  5   ['34', '35', '32', '36', '31', '33']
 Actual mutation of  6   ['34', '47', '35', '32', '36', '31', '44', '46', '43', '33', '45']
 Updated node mutation  {'1': [], '2': ['11', '13', '10', '16', '17', '18', '15', '14', '12'], '3': ['11', '13', '10', '16', '17', '18', '15', '14', '12'], '4': ['37', '38', '39', '11', '13', '10', '16', '17', '41', '18', '15', '42', '14', '12', '40'], '5': ['34', '35', '32', '36', '31', '33'], '6': ['34', '47', '35', '32', '36', '31', '44', '46', '43', '33', '45'], '7': ['0', '1', '2', '3', '4']}
{'1': ['0', '1', '2', '3', '4'], '2': ['0', '1', '2', '3', '4', '10', '11', '12', '13', '14', '15', '16', '17', '18'], '3': ['10', '11', '12', '13', '14', '15', '16', '17', '18', '37', '38', '39', '40', '41', '42'], '4': ['31', '32', '33', '34', '35', '36'], '5': ['31', '32', '33', '34', '35', '36', '43', '44', '45', '46', '47'], '6': ['10', '11', '12', '13', '14', '15', '16', '17', '18'], '7': ['0', '1', '2', '3', '4']}
 Actual mutation of  1   []
 Actual mutation of  2   ['11', '13', '10', '16', '17', '18', '15', '14', '12']
 Actual mutation of  3   ['37', '38', '39', '11', '13', '10', '16', '17', '41', '18', '15', '42', '14', '12', '40']
 Actual mutation of  4   ['34', '35', '32', '36', '31', '33']
 Actual mutation of  5   ['34', '47', '35', '32', '36', '31', '44', '46', '43', '33', '45']
 Actual mutation of  6   ['11', '13', '10', '16', '17', '18', '15', '14', '12']
 Updated node mutation  {'1': [], '2': ['11', '13', '10', '16', '17', '18', '15', '14', '12'], '3': ['37', '38', '39', '11', '13', '10', '16', '17', '41', '18', '15', '42', '14', '12', '40'], '4': ['34', '35', '32', '36', '31', '33'], '5': ['34', '47', '35', '32', '36', '31', '44', '46', '43', '33', '45'], '6': ['11', '13', '10', '16', '17', '18', '15', '14', '12'], '7': ['0', '1', '2', '3', '4']}
{'1': ['0', '1', '2', '3', '4'], '2': ['0', '1', '2', '3', '4', '10', '11', '12', '13', '14', '15', '16', '17', '18'], '3': ['10', '11', '12', '13', '14', '15', '16', '17', '18'], '4': ['10', '11', '12', '13', '14', '15', '16', '17', '18', '37', '38', '39', '40', '41', '42'], '5': ['31', '32', '33', '34', '35', '36', '43', '44', '45', '46', '47'], '6': ['31', '32', '33', '34', '35', '36'], '7': ['0', '1', '2', '3', '4']}
 Actual mutation of  1   []
 Actual mutation of  2   ['11', '13', '10', '16', '17', '18', '15', '14', '12']
 Actual mutation of  3   ['11', '13', '10', '16', '17', '18', '15', '14', '12']
 Actual mutation of  4   ['37', '38', '39', '11', '13', '10', '16', '17', '41', '18', '15', '42', '14', '12', '40']
 Actual mutation of  5   ['34', '47', '35', '32', '36', '31', '44', '46', '43', '33', '45']
 Actual mutation of  6   ['34', '35', '32', '36', '31', '33']
 Updated node mutation  {'1': [], '2': ['11', '13', '10', '16', '17', '18', '15', '14', '12'], '3': ['11', '13', '10', '16', '17', '18', '15', '14', '12'], '4': ['37', '38', '39', '11', '13', '10', '16', '17', '41', '18', '15', '42', '14', '12', '40'], '5': ['34', '47', '35', '32', '36', '31', '44', '46', '43', '33', '45'], '6': ['34', '35', '32', '36', '31', '33'], '7': ['0', '1', '2', '3', '4']}
{'1': ['0', '1', '2', '3', '4'], '2': ['0', '1', '2', '3', '4', '10', '11', '12', '13', '14', '15', '16', '17', '18'], '3': ['10', '11', '12', '13', '14', '15', '16', '17', '18'], '4': ['10', '11', '12', '13', '14', '15', '16', '17', '18', '37', '38', '39', '40', '41', '42'], '5': ['31', '32', '33', '34', '35', '36'], '6': ['31', '32', '33', '34', '35', '36', '43', '44', '45', '46', '47'], '7': ['0', '1', '2', '3', '4']}
 Actual mutation of  1   []
 Actual mutation of  2   ['11', '13', '10', '16', '17', '18', '15', '14', '12']
 Actual mutation of  3   ['11', '13', '10', '16', '17', '18', '15', '14', '12']
 Actual mutation of  4   ['37', '38', '39', '11', '13', '10', '16', '17', '41', '18', '15', '42', '14', '12', '40']
 Actual mutation of  5   ['34', '35', '32', '36', '31', '33']
 Actual mutation of  6   ['34', '47', '35', '32', '36', '31', '44', '46', '43', '33', '45']
 Updated node mutation  {'1': [], '2': ['11', '13', '10', '16', '17', '18', '15', '14', '12'], '3': ['11', '13', '10', '16', '17', '18', '15', '14', '12'], '4': ['37', '38', '39', '11', '13', '10', '16', '17', '41', '18', '15', '42', '14', '12', '40'], '5': ['34', '35', '32', '36', '31', '33'], '6': ['34', '47', '35', '32', '36', '31', '44', '46', '43', '33', '45'], '7': ['0', '1', '2', '3', '4']}
{'1': ['0', '1', '2', '3', '4'], '2': ['0', '1', '2', '3', '4', '10', '11', '12', '13', '14', '15', '16', '17', '18'], '3': ['10', '11', '12', '13', '14', '15', '16', '17', '18'], '4': ['10', '11', '12', '13', '14', '15', '16', '17', '18', '37', '38', '39', '40', '41', '42'], '5': ['31', '32', '33', '34', '35', '36', '43', '44', '45', '46', '47'], '6': ['31', '32', '33', '34', '35', '36'], '7': ['0', '1', '2', '3', '4']}
 Actual mutation of  1   []
 Actual mutation of  2   ['11', '13', '10', '16', '17', '18', '15', '14', '12']
 Actual mutation of  3   ['11', '13', '10', '16', '17', '18', '15', '14', '12']
 Actual mutation of  4   ['37', '38', '39', '11', '13', '10', '16', '17', '41', '18', '15', '42', '14', '12', '40']
 Actual mutation of  5   ['34', '47', '35', '32', '36', '31', '44', '46', '43', '33', '45']
 Actual mutation of  6   ['34', '35', '32', '36', '31', '33']
 Updated node mutation  {'1': [], '2': ['11', '13', '10', '16', '17', '18', '15', '14', '12'], '3': ['11', '13', '10', '16', '17', '18', '15', '14', '12'], '4': ['37', '38', '39', '11', '13', '10', '16', '17', '41', '18', '15', '42', '14', '12', '40'], '5': ['34', '47', '35', '32', '36', '31', '44', '46', '43', '33', '45'], '6': ['34', '35', '32', '36', '31', '33'], '7': ['0', '1', '2', '3', '4']}
 Parallel mutation count  {'m1': 15, 'm2': 15, 'm3': 15, 'm4': 15, 'm5': 15}
 Clusters with least parallel mutations  ['m1', 'm2', 'm3', 'm4', 'm5']
 Cluster nos for each run  {'m1': 6, 'm2': 7, 'm3': 7, 'm4': 6, 'm5': 7}
 Run  m1
 Base path  ['theta3', 'rep5', 'm1', 'tree.csv']
 Best tree path  theta3_rep5_m1_tree.csv
