8
 Total estimated FP  139  True negatives  13448
 Total estimated FN  1880  True positives  7573
 Estimated FP rate  0.01802
 Estimated FN rate  0.12
 No. of Cells in each cluster  {'4_2': 14, '4_3': 87, '7_2': 10, '5_2': 66, '5_3': 2, '0_3': 411, '0_2': 10}
 Cells in each cluster  {'4_2': [0, 1, 2, 3, 4, 5, 6, 7, 8, 9, 10, 11, 12, 13], '4_3': [100, 101, 102, 103, 104, 105, 106, 107, 108, 109, 110, 111, 112, 113, 114, 115, 116, 117, 118, 119, 120, 121, 122, 123, 124, 125, 126, 127, 128, 129, 130, 131, 132, 133, 134, 135, 136, 137, 138, 139, 140, 141, 142, 143, 144, 145, 146, 147, 148, 149, 150, 151, 152, 153, 154, 155, 156, 157, 158, 159, 160, 161, 162, 163, 164, 165, 166, 167, 168, 169, 170, 171, 172, 173, 174, 175, 176, 177, 178, 179, 180, 181, 182, 183, 184, 185, 186], '7_2': [14, 15, 16, 17, 18, 19, 20, 21, 22, 23], '5_2': [24, 25, 26, 27, 28, 29, 30, 31, 32, 33, 34, 35, 36, 37, 38, 39, 40, 41, 42, 43, 44, 45, 46, 47, 48, 49, 50, 51, 52, 53, 54, 55, 56, 57, 58, 59, 60, 61, 62, 63, 64, 65, 66, 67, 68, 69, 70, 71, 72, 73, 74, 75, 76, 77, 78, 79, 80, 81, 82, 83, 84, 85, 86, 87, 88, 89], '5_3': [265, 526], '0_3': [223, 228, 237, 263, 275, 290, 351, 431, 436, 444, 452, 457, 474, 538, 549, 596, 233, 345, 515, 530, 553, 599, 197, 300, 308, 318, 337, 368, 370, 386, 401, 403, 544, 552, 198, 201, 205, 218, 220, 238, 246, 257, 272, 276, 316, 340, 343, 346, 350, 361, 413, 439, 489, 514, 520, 570, 593, 187, 188, 189, 190, 191, 192, 193, 194, 195, 196, 199, 200, 202, 203, 204, 206, 207, 208, 209, 210, 211, 212, 213, 214, 215, 216, 217, 219, 221, 222, 224, 225, 226, 227, 229, 230, 231, 232, 234, 235, 236, 239, 240, 241, 242, 243, 244, 245, 247, 248, 249, 250, 251, 252, 253, 254, 255, 256, 258, 259, 260, 261, 262, 264, 266, 267, 268, 269, 270, 271, 273, 274, 277, 278, 279, 280, 281, 282, 283, 284, 285, 286, 287, 288, 289, 291, 292, 293, 294, 295, 296, 297, 298, 299, 301, 302, 303, 304, 305, 306, 307, 309, 310, 311, 312, 313, 314, 315, 317, 319, 320, 321, 322, 323, 324, 325, 326, 327, 328, 329, 330, 331, 332, 333, 334, 335, 336, 338, 339, 341, 342, 344, 347, 348, 349, 352, 353, 354, 355, 356, 357, 358, 359, 360, 362, 363, 364, 365, 366, 367, 369, 371, 372, 373, 374, 375, 376, 377, 378, 379, 380, 381, 382, 383, 384, 385, 387, 388, 389, 390, 391, 392, 393, 394, 395, 396, 397, 398, 399, 400, 402, 404, 405, 406, 407, 408, 409, 410, 411, 412, 414, 415, 416, 417, 418, 419, 420, 421, 422, 423, 424, 425, 426, 427, 428, 429, 430, 432, 433, 434, 435, 437, 438, 440, 441, 442, 443, 445, 446, 447, 448, 449, 450, 451, 453, 454, 455, 456, 458, 459, 460, 461, 462, 463, 464, 465, 466, 467, 468, 469, 470, 471, 472, 473, 475, 476, 477, 478, 479, 480, 481, 482, 483, 484, 485, 486, 487, 488, 490, 491, 492, 493, 494, 495, 496, 497, 498, 499, 500, 501, 502, 503, 504, 505, 506, 507, 508, 509, 510, 511, 512, 513, 516, 517, 518, 519, 521, 522, 523, 524, 525, 527, 528, 529, 531, 532, 533, 534, 535, 536, 537, 539, 540, 541, 542, 543, 545, 546, 547, 548, 550, 551, 554, 555, 556, 557, 558, 559, 560, 561, 562, 563, 564, 565, 566, 567, 568, 569, 571, 572, 573, 574, 575, 576, 577, 578, 579, 580, 581, 582, 583, 584, 585, 586, 587, 588, 589, 590, 591, 592, 594, 595, 597, 598], '0_2': [90, 93, 94, 91, 92, 95, 96, 97, 98, 99]}
FP rate  0.01802 FN rate  0.12
 Before reassigning cells 
 Timepoint  2
 Cluster  4  # of cells  14
 Cluster  7  # of cells  10
 Cluster  5  # of cells  66
 Cluster  0  # of cells  10
 Timepoint  3
 Cluster  4  # of cells  87
 Cluster  5  # of cells  2
 Cluster  0  # of cells  411
 Cells absent at timepoint  3   set()
 Cells absent at timepoint  2   set()
 Timepoint  2
 Timepoint  3
 After reassigning and merging cells 
 Timepoint  2
 Cluster  4  # of cells  14
 Cluster  7  # of cells  10
 Cluster  5  # of cells  66
 Cluster  0  # of cells  10
 Timepoint  3
 Cluster  4  # of cells  87
 Cluster  5  # of cells  2
 Cluster  0  # of cells  411
 Tp cluster cell dict  {'4_2': 14, '7_2': 10, '5_2': 66, '0_2': 10, '4_3': 87, '5_3': 2, '0_3': 411}
 New Graph is here 
 ID  0  Timepoint  1  Mutations  []  Type  subclone
 ID  1  Timepoint  2  Mutations  [0, 1, 2, 3, 4, 5, 6, 7, 8, 9, 10]  Type  subclone
 ID  2  Timepoint  2  Mutations  [1, 2, 3, 5, 6, 7, 8, 9, 10, 25, 26, 27, 28, 29, 30, 31, 32, 33, 34, 35]  Type  subclone
 ID  3  Timepoint  2  Mutations  [11, 12, 13, 14, 15, 16, 17, 18, 19, 20, 21, 22, 23, 24, 36, 37, 38, 39]  Type  subclone
 ID  4  Timepoint  2  Mutations  [11, 12, 13, 14, 15, 16, 17, 18, 19, 20, 21, 22, 23, 24, 40, 41, 42, 43, 44, 45, 46, 47]  Type  subclone
 ID  5  Timepoint  3  Mutations  [0, 1, 2, 3, 4, 5, 6, 7, 8, 9, 10]  Type  subclone
 ID  6  Timepoint  3  Mutations  [11, 12, 13, 14, 15, 16, 17, 18, 19, 20, 21, 22, 23, 24, 36, 37, 38, 39]  Type  subclone
 ID  7  Timepoint  3  Mutations  [11, 12, 13, 14, 15, 16, 17, 18, 19, 20, 21, 22, 23, 24, 40, 41, 42, 43, 44, 45, 46, 47]  Type  subclone
Timepoints  SortedDict({1: [0], 2: [1, 2, 3, 4], 3: [5, 6, 7]})
 Clone to nodes  {'4_2': 1, '7_2': 2, '5_2': 3, '0_2': 4, '4_3': 5, '5_3': 6, '0_3': 7}
 Timepoint ====  1
 Hash table  {'0': [0, 4], '0,1': [1, 2, 3, 5, 6, 7, 8, 9, 10], '1': [25, 26, 27, 28, 29, 30, 31, 32, 33, 34, 35], '2,3': [11, 12, 13, 14, 15, 16, 17, 18, 19, 20, 21, 22, 23, 24], '2': [36, 37, 38, 39], '3': [40, 41, 42, 43, 44, 45, 46, 47]}
 Final possible usc  [[0, 4], [1, 2, 3, 5, 6, 7, 8, 9, 10], [25, 26, 27, 28, 29, 30, 31, 32, 33, 34, 35], [11, 12, 13, 14, 15, 16, 17, 18, 19, 20, 21, 22, 23, 24], [36, 37, 38, 39], [40, 41, 42, 43, 44, 45, 46, 47]]
 Time  1  USC keys  {'40,41,42,43,44,45,46,47_0', '0,4_0', '1,2,3,5,6,7,8,9,10_0', '36,37,38,39_0', '11,12,13,14,15,16,17,18,19,20,21,22,23,24_0', '25,26,27,28,29,30,31,32,33,34,35_0'}
 USC children  {'0,4_0': [1], '1,2,3,5,6,7,8,9,10_0': [1, 2], '25,26,27,28,29,30,31,32,33,34,35_0': [2], '11,12,13,14,15,16,17,18,19,20,21,22,23,24_0': [3, 4], '36,37,38,39_0': [3], '40,41,42,43,44,45,46,47_0': [4]}
 USC children  {'0,4_0': [1], '1,2,3,5,6,7,8,9,10_0': [1, 2], '25,26,27,28,29,30,31,32,33,34,35_0': [2], '11,12,13,14,15,16,17,18,19,20,21,22,23,24_0': [3, 4], '36,37,38,39_0': [3], '40,41,42,43,44,45,46,47_0': [4]}
 Timepoint ====  2
 Hash table  {}
====== Inside find superset of t nodes ==========
 Final possible usc  []
 Time  2  USC keys  set()
 USC children  {'0,4_0': [1], '1,2,3,5,6,7,8,9,10_0': [1, 2], '25,26,27,28,29,30,31,32,33,34,35_0': [2], '11,12,13,14,15,16,17,18,19,20,21,22,23,24_0': [3, 4], '36,37,38,39_0': [3], '40,41,42,43,44,45,46,47_0': [4]}
 USC children  {'0,4_0': [1], '1,2,3,5,6,7,8,9,10_0': [1, 2], '25,26,27,28,29,30,31,32,33,34,35_0': [2], '11,12,13,14,15,16,17,18,19,20,21,22,23,24_0': [3, 4], '36,37,38,39_0': [3], '40,41,42,43,44,45,46,47_0': [4]}
 Node s  {'1,2': ['1', '2', '3', '5', '6', '7', '8', '9', '10'], '3,4': ['11', '12', '13', '14', '15', '16', '17', '18', '19', '20', '21', '22', '23', '24']}
 Enroll USC nodes  ['1', '2']  len  2
 Enroll USC nodes  ['3', '4']  len  2
 Node TP  SortedDict({1: [0], 2: [1, 2, 3, 4], 3: [5, 6, 7]})
 Unobserved subclones at timepoints  {1.5: [8, 9]}
 ============== Inside finding node v ============ 
 Time  2
 Time  3
 Sorted all timepoints  [1, 1.5, 2, 3]
 Timepoint  2
 Inside usc_node check  2
 Timepoint  3
0   1   [-1]   subclone   []   []
1   2   [8]   subclone   [0, 1, 2, 3, 4, 5, 6, 7, 8, 9, 10]   [2]
2   2   [8]   subclone   [1, 2, 3, 5, 6, 7, 8, 9, 10, 25, 26, 27, 28, 29, 30, 31, 32, 33, 34, 35]   [11]
3   2   [9]   subclone   [11, 12, 13, 14, 15, 16, 17, 18, 19, 20, 21, 22, 23, 24, 36, 37, 38, 39]   [4]
4   2   [9]   subclone   [11, 12, 13, 14, 15, 16, 17, 18, 19, 20, 21, 22, 23, 24, 40, 41, 42, 43, 44, 45, 46, 47]   [8]
5   3   [1]   subclone   [0, 1, 2, 3, 4, 5, 6, 7, 8, 9, 10]   [0]
6   3   [3]   subclone   [11, 12, 13, 14, 15, 16, 17, 18, 19, 20, 21, 22, 23, 24, 36, 37, 38, 39]   [0]
7   3   [4]   subclone   [11, 12, 13, 14, 15, 16, 17, 18, 19, 20, 21, 22, 23, 24, 40, 41, 42, 43, 44, 45, 46, 47]   [0]
8   1.5   [0]   unobserved subclone   [1, 2, 3, 5, 6, 7, 8, 9, 10]   [9]
9   1.5   [0]   unobserved subclone   [11, 12, 13, 14, 15, 16, 17, 18, 19, 20, 21, 22, 23, 24]   [14]
6
 Total estimated FP  139  True negatives  13448
 Total estimated FN  1880  True positives  7573
 Estimated FP rate  0.01802
 Estimated FN rate  0.12
 No. of Cells in each cluster  {'4_2': 14, '4_3': 87, '3_2': 10, '5_2': 66, '5_3': 2, '1_2': 10, '1_3': 411}
 Cells in each cluster  {'4_2': [0, 1, 2, 3, 4, 5, 6, 7, 8, 9, 10, 11, 12, 13], '4_3': [100, 101, 102, 103, 104, 105, 106, 107, 108, 109, 110, 111, 112, 113, 114, 115, 116, 117, 118, 119, 120, 121, 122, 123, 124, 125, 126, 127, 128, 129, 130, 131, 132, 133, 134, 135, 136, 137, 138, 139, 140, 141, 142, 143, 144, 145, 146, 147, 148, 149, 150, 151, 152, 153, 154, 155, 156, 157, 158, 159, 160, 161, 162, 163, 164, 165, 166, 167, 168, 169, 170, 171, 172, 173, 174, 175, 176, 177, 178, 179, 180, 181, 182, 183, 184, 185, 186], '3_2': [14, 15, 16, 17, 18, 19, 20, 21, 22, 23], '5_2': [24, 25, 26, 27, 28, 29, 30, 31, 32, 33, 34, 35, 36, 37, 38, 39, 40, 41, 42, 43, 44, 45, 46, 47, 48, 49, 50, 51, 52, 53, 54, 55, 56, 57, 58, 59, 60, 61, 62, 63, 64, 65, 66, 67, 68, 69, 70, 71, 72, 73, 74, 75, 76, 77, 78, 79, 80, 81, 82, 83, 84, 85, 86, 87, 88, 89], '5_3': [265, 526], '1_2': [90, 91, 92, 93, 94, 95, 96, 97, 98, 99], '1_3': [237, 243, 284, 300, 308, 337, 368, 370, 386, 401, 452, 474, 529, 187, 188, 189, 190, 191, 192, 193, 194, 195, 196, 197, 198, 199, 200, 201, 202, 203, 204, 205, 206, 207, 208, 209, 210, 211, 212, 213, 214, 215, 216, 217, 218, 219, 220, 221, 222, 223, 224, 225, 226, 227, 228, 229, 230, 231, 232, 234, 235, 236, 238, 239, 240, 241, 242, 244, 245, 246, 247, 248, 249, 250, 251, 252, 253, 254, 255, 256, 257, 258, 259, 260, 261, 262, 263, 264, 266, 267, 268, 269, 270, 271, 272, 273, 274, 275, 276, 277, 278, 279, 280, 281, 282, 283, 285, 286, 287, 288, 289, 290, 291, 292, 293, 294, 295, 296, 297, 299, 301, 302, 303, 304, 305, 306, 307, 309, 310, 311, 312, 313, 314, 315, 316, 317, 318, 319, 320, 321, 322, 323, 324, 325, 326, 327, 328, 329, 330, 331, 332, 333, 334, 335, 336, 338, 339, 340, 341, 342, 343, 344, 346, 347, 348, 349, 350, 351, 352, 353, 354, 355, 356, 357, 358, 359, 360, 361, 362, 363, 364, 365, 366, 367, 369, 371, 372, 373, 374, 375, 376, 377, 378, 379, 380, 381, 382, 383, 384, 385, 387, 388, 389, 390, 391, 392, 393, 394, 395, 396, 397, 398, 399, 400, 402, 403, 404, 405, 406, 407, 408, 409, 410, 411, 412, 413, 414, 415, 416, 417, 418, 419, 420, 421, 422, 423, 424, 425, 426, 427, 428, 429, 430, 431, 432, 433, 434, 436, 437, 438, 439, 440, 441, 442, 443, 444, 445, 446, 447, 448, 449, 450, 451, 453, 454, 455, 456, 457, 458, 459, 460, 461, 462, 463, 464, 465, 466, 467, 468, 469, 470, 471, 472, 473, 475, 476, 477, 478, 479, 480, 481, 482, 483, 484, 485, 486, 487, 488, 489, 490, 491, 492, 493, 494, 495, 496, 497, 498, 499, 500, 501, 502, 503, 504, 505, 506, 507, 508, 509, 510, 511, 512, 513, 514, 516, 517, 518, 519, 520, 521, 522, 523, 524, 525, 527, 528, 531, 532, 533, 534, 535, 536, 537, 538, 539, 540, 541, 542, 543, 544, 545, 546, 547, 548, 549, 550, 551, 552, 554, 555, 556, 557, 558, 560, 561, 562, 563, 564, 565, 566, 567, 568, 570, 571, 572, 573, 574, 575, 576, 577, 578, 579, 580, 581, 582, 583, 584, 585, 586, 587, 588, 589, 590, 591, 592, 593, 594, 595, 596, 597, 598, 233, 298, 345, 435, 515, 530, 553, 559, 569, 599]}
FP rate  0.01802 FN rate  0.12
 Before reassigning cells 
 Timepoint  2
 Cluster  4  # of cells  14
 Cluster  3  # of cells  10
 Cluster  5  # of cells  66
 Cluster  1  # of cells  10
 Timepoint  3
 Cluster  4  # of cells  87
 Cluster  5  # of cells  2
 Cluster  1  # of cells  411
 Cells absent at timepoint  2   set()
 Cells absent at timepoint  3   set()
 Timepoint  2
 Timepoint  3
 After reassigning and merging cells 
 Timepoint  2
 Cluster  4  # of cells  14
 Cluster  3  # of cells  10
 Cluster  5  # of cells  66
 Cluster  1  # of cells  10
 Timepoint  3
 Cluster  4  # of cells  87
 Cluster  5  # of cells  2
 Cluster  1  # of cells  411
 Tp cluster cell dict  {'4_2': 14, '3_2': 10, '5_2': 66, '1_2': 10, '4_3': 87, '5_3': 2, '1_3': 411}
 New Graph is here 
 ID  0  Timepoint  1  Mutations  []  Type  subclone
 ID  1  Timepoint  2  Mutations  [0, 1, 2, 3, 4, 5, 6, 7, 8, 9, 10]  Type  subclone
 ID  2  Timepoint  2  Mutations  [1, 2, 3, 5, 6, 7, 8, 9, 10, 25, 26, 27, 28, 29, 30, 31, 32, 33, 34, 35]  Type  subclone
 ID  3  Timepoint  2  Mutations  [11, 12, 13, 14, 15, 16, 17, 18, 19, 20, 21, 22, 23, 24, 36, 37, 38, 39]  Type  subclone
 ID  4  Timepoint  2  Mutations  [11, 12, 13, 14, 15, 16, 17, 18, 19, 20, 21, 22, 23, 24, 40, 41, 42, 43, 44, 45, 46, 47]  Type  subclone
 ID  5  Timepoint  3  Mutations  [0, 1, 2, 3, 4, 5, 6, 7, 8, 9, 10]  Type  subclone
 ID  6  Timepoint  3  Mutations  [11, 12, 13, 14, 15, 16, 17, 18, 19, 20, 21, 22, 23, 24, 36, 37, 38, 39]  Type  subclone
 ID  7  Timepoint  3  Mutations  [11, 12, 13, 14, 15, 16, 17, 18, 19, 20, 21, 22, 23, 24, 40, 41, 42, 43, 44, 45, 46, 47]  Type  subclone
Timepoints  SortedDict({1: [0], 2: [1, 2, 3, 4], 3: [5, 6, 7]})
 Clone to nodes  {'4_2': 1, '3_2': 2, '5_2': 3, '1_2': 4, '4_3': 5, '5_3': 6, '1_3': 7}
 Timepoint ====  1
 Hash table  {'0': [0, 4], '0,1': [1, 2, 3, 5, 6, 7, 8, 9, 10], '1': [25, 26, 27, 28, 29, 30, 31, 32, 33, 34, 35], '2,3': [11, 12, 13, 14, 15, 16, 17, 18, 19, 20, 21, 22, 23, 24], '2': [36, 37, 38, 39], '3': [40, 41, 42, 43, 44, 45, 46, 47]}
 Final possible usc  [[0, 4], [1, 2, 3, 5, 6, 7, 8, 9, 10], [25, 26, 27, 28, 29, 30, 31, 32, 33, 34, 35], [11, 12, 13, 14, 15, 16, 17, 18, 19, 20, 21, 22, 23, 24], [36, 37, 38, 39], [40, 41, 42, 43, 44, 45, 46, 47]]
 Time  1  USC keys  {'11,12,13,14,15,16,17,18,19,20,21,22,23,24_0', '40,41,42,43,44,45,46,47_0', '1,2,3,5,6,7,8,9,10_0', '0,4_0', '25,26,27,28,29,30,31,32,33,34,35_0', '36,37,38,39_0'}
 USC children  {'0,4_0': [1], '1,2,3,5,6,7,8,9,10_0': [1, 2], '25,26,27,28,29,30,31,32,33,34,35_0': [2], '11,12,13,14,15,16,17,18,19,20,21,22,23,24_0': [3, 4], '36,37,38,39_0': [3], '40,41,42,43,44,45,46,47_0': [4]}
 USC children  {'0,4_0': [1], '1,2,3,5,6,7,8,9,10_0': [1, 2], '25,26,27,28,29,30,31,32,33,34,35_0': [2], '11,12,13,14,15,16,17,18,19,20,21,22,23,24_0': [3, 4], '36,37,38,39_0': [3], '40,41,42,43,44,45,46,47_0': [4]}
 Timepoint ====  2
 Hash table  {}
====== Inside find superset of t nodes ==========
 Final possible usc  []
 Time  2  USC keys  set()
 USC children  {'0,4_0': [1], '1,2,3,5,6,7,8,9,10_0': [1, 2], '25,26,27,28,29,30,31,32,33,34,35_0': [2], '11,12,13,14,15,16,17,18,19,20,21,22,23,24_0': [3, 4], '36,37,38,39_0': [3], '40,41,42,43,44,45,46,47_0': [4]}
 USC children  {'0,4_0': [1], '1,2,3,5,6,7,8,9,10_0': [1, 2], '25,26,27,28,29,30,31,32,33,34,35_0': [2], '11,12,13,14,15,16,17,18,19,20,21,22,23,24_0': [3, 4], '36,37,38,39_0': [3], '40,41,42,43,44,45,46,47_0': [4]}
 Node s  {'1,2': ['1', '2', '3', '5', '6', '7', '8', '9', '10'], '3,4': ['11', '12', '13', '14', '15', '16', '17', '18', '19', '20', '21', '22', '23', '24']}
 Enroll USC nodes  ['1', '2']  len  2
 Enroll USC nodes  ['3', '4']  len  2
 Node TP  SortedDict({1: [0], 2: [1, 2, 3, 4], 3: [5, 6, 7]})
 Unobserved subclones at timepoints  {1.5: [8, 9]}
 ============== Inside finding node v ============ 
 Time  2
 Time  3
 Sorted all timepoints  [1, 1.5, 2, 3]
 Timepoint  2
 Inside usc_node check  2
 Timepoint  3
0   1   [-1]   subclone   []   []
1   2   [8]   subclone   [0, 1, 2, 3, 4, 5, 6, 7, 8, 9, 10]   [2]
2   2   [8]   subclone   [1, 2, 3, 5, 6, 7, 8, 9, 10, 25, 26, 27, 28, 29, 30, 31, 32, 33, 34, 35]   [11]
3   2   [9]   subclone   [11, 12, 13, 14, 15, 16, 17, 18, 19, 20, 21, 22, 23, 24, 36, 37, 38, 39]   [4]
4   2   [9]   subclone   [11, 12, 13, 14, 15, 16, 17, 18, 19, 20, 21, 22, 23, 24, 40, 41, 42, 43, 44, 45, 46, 47]   [8]
5   3   [1]   subclone   [0, 1, 2, 3, 4, 5, 6, 7, 8, 9, 10]   [0]
6   3   [3]   subclone   [11, 12, 13, 14, 15, 16, 17, 18, 19, 20, 21, 22, 23, 24, 36, 37, 38, 39]   [0]
7   3   [4]   subclone   [11, 12, 13, 14, 15, 16, 17, 18, 19, 20, 21, 22, 23, 24, 40, 41, 42, 43, 44, 45, 46, 47]   [0]
8   1.5   [0]   unobserved subclone   [1, 2, 3, 5, 6, 7, 8, 9, 10]   [9]
9   1.5   [0]   unobserved subclone   [11, 12, 13, 14, 15, 16, 17, 18, 19, 20, 21, 22, 23, 24]   [14]
7
 Total estimated FP  139  True negatives  13448
 Total estimated FN  1880  True positives  7573
 Estimated FP rate  0.01802
 Estimated FN rate  0.12
 No. of Cells in each cluster  {'4_2': 14, '4_3': 87, '3_2': 10, '5_2': 66, '5_3': 2, '2_2': 10, '2_3': 411}
 Cells in each cluster  {'4_2': [0, 1, 2, 3, 4, 5, 6, 7, 8, 9, 10, 11, 12, 13], '4_3': [100, 101, 102, 103, 104, 105, 106, 107, 108, 109, 110, 111, 112, 113, 114, 115, 116, 117, 118, 119, 120, 121, 122, 123, 124, 125, 126, 127, 128, 129, 130, 131, 132, 133, 134, 135, 136, 137, 138, 139, 140, 141, 142, 143, 144, 145, 146, 147, 148, 149, 150, 151, 152, 153, 154, 155, 156, 157, 158, 159, 160, 161, 162, 163, 164, 165, 166, 167, 168, 169, 170, 171, 172, 173, 174, 175, 176, 177, 178, 179, 180, 181, 182, 183, 184, 185, 186], '3_2': [14, 15, 16, 17, 18, 19, 20, 21, 22, 23], '5_2': [24, 25, 26, 27, 28, 29, 30, 31, 32, 33, 34, 35, 36, 37, 38, 39, 40, 41, 42, 43, 44, 45, 46, 47, 48, 49, 50, 51, 52, 53, 54, 55, 56, 57, 58, 59, 60, 61, 62, 63, 64, 65, 66, 67, 68, 69, 70, 71, 72, 73, 74, 75, 76, 77, 78, 79, 80, 81, 82, 83, 84, 85, 86, 87, 88, 89], '5_3': [265, 526], '2_2': [90, 91, 92, 93, 94, 95, 96, 97, 98, 99], '2_3': [197, 318, 337, 386, 403, 544, 552, 187, 188, 189, 190, 191, 192, 193, 194, 195, 196, 198, 199, 200, 201, 202, 203, 204, 205, 206, 207, 208, 209, 210, 211, 212, 213, 214, 215, 216, 217, 218, 219, 220, 221, 222, 223, 224, 225, 226, 227, 229, 230, 231, 232, 234, 235, 236, 238, 239, 240, 241, 242, 243, 244, 245, 246, 247, 248, 249, 250, 251, 252, 253, 254, 255, 256, 257, 258, 259, 260, 261, 262, 263, 264, 266, 267, 268, 269, 270, 271, 272, 273, 274, 275, 276, 277, 278, 279, 280, 281, 282, 283, 284, 285, 286, 287, 288, 289, 291, 292, 293, 294, 295, 296, 297, 298, 299, 300, 301, 302, 303, 304, 305, 306, 307, 308, 309, 310, 311, 312, 313, 314, 315, 316, 317, 319, 320, 321, 322, 323, 324, 325, 326, 327, 328, 329, 330, 331, 332, 333, 334, 335, 336, 338, 339, 340, 341, 342, 343, 344, 346, 347, 348, 349, 350, 351, 352, 353, 354, 355, 356, 357, 358, 359, 360, 361, 362, 363, 364, 365, 366, 367, 368, 369, 370, 371, 372, 373, 374, 375, 376, 377, 378, 379, 380, 381, 382, 383, 384, 385, 387, 388, 389, 390, 391, 392, 393, 394, 395, 396, 397, 398, 399, 400, 401, 402, 404, 405, 406, 407, 408, 409, 410, 411, 412, 413, 414, 415, 416, 417, 418, 419, 420, 421, 422, 423, 424, 425, 426, 427, 428, 429, 430, 431, 432, 433, 434, 435, 436, 437, 438, 439, 440, 441, 442, 443, 445, 446, 447, 448, 449, 450, 451, 453, 454, 455, 456, 457, 458, 459, 460, 461, 462, 463, 464, 465, 466, 467, 468, 469, 470, 471, 472, 473, 475, 476, 477, 478, 479, 480, 481, 482, 483, 484, 485, 486, 487, 488, 489, 490, 491, 492, 493, 494, 495, 496, 497, 498, 499, 500, 501, 502, 503, 504, 505, 506, 507, 508, 509, 510, 511, 512, 513, 514, 516, 517, 518, 519, 520, 521, 522, 523, 524, 525, 527, 528, 529, 531, 532, 533, 534, 535, 536, 537, 539, 540, 541, 542, 543, 545, 546, 547, 548, 550, 551, 554, 555, 556, 557, 558, 559, 560, 561, 562, 563, 564, 565, 566, 567, 568, 569, 570, 571, 572, 573, 574, 575, 576, 577, 578, 579, 580, 581, 582, 583, 584, 585, 586, 587, 588, 589, 590, 591, 592, 593, 594, 595, 596, 597, 598, 228, 237, 290, 444, 452, 474, 538, 549, 233, 345, 515, 530, 553, 599]}
FP rate  0.01802 FN rate  0.12
 Before reassigning cells 
 Timepoint  2
 Cluster  4  # of cells  14
 Cluster  3  # of cells  10
 Cluster  5  # of cells  66
 Cluster  2  # of cells  10
 Timepoint  3
 Cluster  4  # of cells  87
 Cluster  5  # of cells  2
 Cluster  2  # of cells  411
 Cells absent at timepoint  3   set()
 Cells absent at timepoint  2   set()
 Timepoint  2
 Timepoint  3
 After reassigning and merging cells 
 Timepoint  2
 Cluster  4  # of cells  14
 Cluster  3  # of cells  10
 Cluster  5  # of cells  66
 Cluster  2  # of cells  10
 Timepoint  3
 Cluster  4  # of cells  87
 Cluster  5  # of cells  2
 Cluster  2  # of cells  411
 Tp cluster cell dict  {'4_2': 14, '3_2': 10, '5_2': 66, '2_2': 10, '4_3': 87, '5_3': 2, '2_3': 411}
 New Graph is here 
 ID  0  Timepoint  1  Mutations  []  Type  subclone
 ID  1  Timepoint  2  Mutations  [0, 1, 2, 3, 4, 5, 6, 7, 8, 9, 10]  Type  subclone
 ID  2  Timepoint  2  Mutations  [1, 2, 3, 5, 6, 7, 8, 9, 10, 25, 26, 27, 28, 29, 30, 31, 32, 33, 34, 35]  Type  subclone
 ID  3  Timepoint  2  Mutations  [11, 12, 13, 14, 15, 16, 17, 18, 19, 20, 21, 22, 23, 24, 36, 37, 38, 39]  Type  subclone
 ID  4  Timepoint  2  Mutations  [11, 12, 13, 14, 15, 16, 17, 18, 19, 20, 21, 22, 23, 24, 40, 41, 42, 43, 44, 45, 46, 47]  Type  subclone
 ID  5  Timepoint  3  Mutations  [0, 1, 2, 3, 4, 5, 6, 7, 8, 9, 10]  Type  subclone
 ID  6  Timepoint  3  Mutations  [11, 12, 13, 14, 15, 16, 17, 18, 19, 20, 21, 22, 23, 24, 36, 37, 38, 39]  Type  subclone
 ID  7  Timepoint  3  Mutations  [11, 12, 13, 14, 15, 16, 17, 18, 19, 20, 21, 22, 23, 24, 40, 41, 42, 43, 44, 45, 46, 47]  Type  subclone
Timepoints  SortedDict({1: [0], 2: [1, 2, 3, 4], 3: [5, 6, 7]})
 Clone to nodes  {'4_2': 1, '3_2': 2, '5_2': 3, '2_2': 4, '4_3': 5, '5_3': 6, '2_3': 7}
 Timepoint ====  1
 Hash table  {'0': [0, 4], '0,1': [1, 2, 3, 5, 6, 7, 8, 9, 10], '1': [25, 26, 27, 28, 29, 30, 31, 32, 33, 34, 35], '2,3': [11, 12, 13, 14, 15, 16, 17, 18, 19, 20, 21, 22, 23, 24], '2': [36, 37, 38, 39], '3': [40, 41, 42, 43, 44, 45, 46, 47]}
 Final possible usc  [[0, 4], [1, 2, 3, 5, 6, 7, 8, 9, 10], [25, 26, 27, 28, 29, 30, 31, 32, 33, 34, 35], [11, 12, 13, 14, 15, 16, 17, 18, 19, 20, 21, 22, 23, 24], [36, 37, 38, 39], [40, 41, 42, 43, 44, 45, 46, 47]]
 Time  1  USC keys  {'0,4_0', '1,2,3,5,6,7,8,9,10_0', '36,37,38,39_0', '11,12,13,14,15,16,17,18,19,20,21,22,23,24_0', '25,26,27,28,29,30,31,32,33,34,35_0', '40,41,42,43,44,45,46,47_0'}
 USC children  {'0,4_0': [1], '1,2,3,5,6,7,8,9,10_0': [1, 2], '25,26,27,28,29,30,31,32,33,34,35_0': [2], '11,12,13,14,15,16,17,18,19,20,21,22,23,24_0': [3, 4], '36,37,38,39_0': [3], '40,41,42,43,44,45,46,47_0': [4]}
 USC children  {'0,4_0': [1], '1,2,3,5,6,7,8,9,10_0': [1, 2], '25,26,27,28,29,30,31,32,33,34,35_0': [2], '11,12,13,14,15,16,17,18,19,20,21,22,23,24_0': [3, 4], '36,37,38,39_0': [3], '40,41,42,43,44,45,46,47_0': [4]}
 Timepoint ====  2
 Hash table  {}
====== Inside find superset of t nodes ==========
 Final possible usc  []
 Time  2  USC keys  set()
 USC children  {'0,4_0': [1], '1,2,3,5,6,7,8,9,10_0': [1, 2], '25,26,27,28,29,30,31,32,33,34,35_0': [2], '11,12,13,14,15,16,17,18,19,20,21,22,23,24_0': [3, 4], '36,37,38,39_0': [3], '40,41,42,43,44,45,46,47_0': [4]}
 USC children  {'0,4_0': [1], '1,2,3,5,6,7,8,9,10_0': [1, 2], '25,26,27,28,29,30,31,32,33,34,35_0': [2], '11,12,13,14,15,16,17,18,19,20,21,22,23,24_0': [3, 4], '36,37,38,39_0': [3], '40,41,42,43,44,45,46,47_0': [4]}
 Node s  {'1,2': ['1', '2', '3', '5', '6', '7', '8', '9', '10'], '3,4': ['11', '12', '13', '14', '15', '16', '17', '18', '19', '20', '21', '22', '23', '24']}
 Enroll USC nodes  ['1', '2']  len  2
 Enroll USC nodes  ['3', '4']  len  2
 Node TP  SortedDict({1: [0], 2: [1, 2, 3, 4], 3: [5, 6, 7]})
 Unobserved subclones at timepoints  {1.5: [8, 9]}
 ============== Inside finding node v ============ 
 Time  2
 Time  3
 Sorted all timepoints  [1, 1.5, 2, 3]
 Timepoint  2
 Inside usc_node check  2
 Timepoint  3
0   1   [-1]   subclone   []   []
1   2   [8]   subclone   [0, 1, 2, 3, 4, 5, 6, 7, 8, 9, 10]   [2]
2   2   [8]   subclone   [1, 2, 3, 5, 6, 7, 8, 9, 10, 25, 26, 27, 28, 29, 30, 31, 32, 33, 34, 35]   [11]
3   2   [9]   subclone   [11, 12, 13, 14, 15, 16, 17, 18, 19, 20, 21, 22, 23, 24, 36, 37, 38, 39]   [4]
4   2   [9]   subclone   [11, 12, 13, 14, 15, 16, 17, 18, 19, 20, 21, 22, 23, 24, 40, 41, 42, 43, 44, 45, 46, 47]   [8]
5   3   [1]   subclone   [0, 1, 2, 3, 4, 5, 6, 7, 8, 9, 10]   [0]
6   3   [3]   subclone   [11, 12, 13, 14, 15, 16, 17, 18, 19, 20, 21, 22, 23, 24, 36, 37, 38, 39]   [0]
7   3   [4]   subclone   [11, 12, 13, 14, 15, 16, 17, 18, 19, 20, 21, 22, 23, 24, 40, 41, 42, 43, 44, 45, 46, 47]   [0]
8   1.5   [0]   unobserved subclone   [1, 2, 3, 5, 6, 7, 8, 9, 10]   [9]
9   1.5   [0]   unobserved subclone   [11, 12, 13, 14, 15, 16, 17, 18, 19, 20, 21, 22, 23, 24]   [14]
5
 Total estimated FP  139  True negatives  13448
 Total estimated FN  1880  True positives  7573
 Estimated FP rate  0.01802
 Estimated FN rate  0.12
 No. of Cells in each cluster  {'4_2': 14, '4_3': 87, '3_2': 10, '2_2': 66, '2_3': 2, '1_2': 10, '1_3': 411}
 Cells in each cluster  {'4_2': [0, 1, 2, 3, 4, 5, 6, 7, 8, 9, 10, 11, 12, 13], '4_3': [100, 101, 102, 103, 104, 105, 106, 107, 108, 109, 110, 111, 112, 113, 114, 115, 116, 117, 118, 119, 120, 121, 122, 123, 124, 125, 126, 127, 128, 129, 130, 131, 132, 133, 134, 135, 136, 137, 138, 139, 140, 141, 142, 143, 144, 145, 146, 147, 148, 149, 150, 151, 152, 153, 154, 155, 156, 157, 158, 159, 160, 161, 162, 163, 164, 165, 166, 167, 168, 169, 170, 171, 172, 173, 174, 175, 176, 177, 178, 179, 180, 181, 182, 183, 184, 185, 186], '3_2': [14, 15, 16, 17, 18, 19, 20, 21, 22, 23], '2_2': [24, 25, 26, 27, 28, 29, 30, 31, 32, 33, 34, 35, 36, 37, 38, 39, 40, 41, 42, 43, 44, 45, 46, 47, 48, 49, 50, 51, 52, 53, 54, 55, 56, 57, 58, 59, 60, 61, 62, 63, 64, 65, 66, 67, 68, 69, 70, 71, 72, 73, 74, 75, 76, 77, 78, 79, 80, 81, 82, 83, 84, 85, 86, 87, 88, 89], '2_3': [265, 526], '1_2': [90, 91, 92, 93, 94, 95, 96, 97, 98, 99], '1_3': [187, 188, 189, 190, 191, 192, 193, 194, 195, 196, 197, 198, 199, 200, 201, 202, 203, 204, 205, 206, 207, 208, 209, 210, 211, 212, 213, 214, 215, 216, 217, 218, 219, 221, 222, 223, 224, 225, 226, 227, 229, 230, 231, 232, 234, 235, 236, 237, 238, 239, 240, 241, 242, 243, 244, 245, 246, 247, 248, 249, 250, 251, 252, 253, 254, 255, 256, 257, 258, 259, 260, 261, 262, 263, 264, 266, 267, 268, 269, 270, 271, 272, 273, 274, 275, 276, 277, 278, 279, 280, 281, 282, 283, 284, 285, 286, 287, 288, 289, 291, 292, 293, 294, 295, 296, 297, 299, 300, 301, 302, 303, 304, 305, 306, 307, 308, 309, 310, 311, 312, 313, 314, 315, 316, 317, 318, 319, 320, 321, 322, 323, 324, 325, 326, 327, 328, 329, 330, 331, 332, 333, 334, 335, 336, 337, 338, 339, 340, 341, 342, 343, 344, 346, 347, 348, 349, 350, 351, 352, 353, 354, 355, 356, 357, 358, 359, 360, 361, 362, 363, 364, 365, 366, 367, 368, 369, 370, 371, 372, 373, 374, 375, 376, 377, 378, 379, 380, 381, 382, 383, 384, 385, 386, 387, 388, 389, 390, 391, 392, 393, 394, 395, 396, 397, 398, 399, 400, 401, 402, 403, 404, 405, 406, 407, 408, 409, 410, 411, 412, 413, 414, 415, 416, 417, 418, 419, 420, 421, 422, 423, 424, 425, 426, 427, 428, 429, 430, 431, 432, 433, 434, 436, 437, 438, 439, 440, 441, 442, 443, 445, 446, 447, 448, 449, 450, 451, 453, 454, 455, 456, 457, 458, 459, 460, 461, 462, 463, 464, 465, 466, 467, 468, 469, 470, 471, 472, 473, 474, 475, 476, 477, 478, 479, 480, 481, 482, 483, 484, 485, 486, 487, 488, 489, 490, 491, 492, 493, 494, 495, 496, 497, 498, 499, 500, 501, 502, 503, 504, 505, 506, 507, 508, 509, 510, 511, 512, 513, 514, 516, 517, 518, 519, 520, 521, 522, 523, 524, 525, 527, 528, 529, 531, 532, 533, 534, 535, 536, 537, 539, 540, 541, 542, 543, 544, 545, 546, 547, 548, 550, 551, 552, 554, 555, 556, 557, 558, 560, 561, 562, 563, 564, 565, 566, 567, 568, 570, 571, 572, 573, 574, 575, 576, 577, 578, 579, 580, 581, 582, 583, 584, 585, 586, 587, 588, 589, 590, 591, 592, 593, 594, 595, 596, 597, 598, 220, 228, 233, 290, 298, 345, 435, 444, 452, 515, 530, 538, 549, 553, 559, 569, 599]}
FP rate  0.01802 FN rate  0.12
 Before reassigning cells 
 Timepoint  2
 Cluster  4  # of cells  14
 Cluster  3  # of cells  10
 Cluster  2  # of cells  66
 Cluster  1  # of cells  10
 Timepoint  3
 Cluster  4  # of cells  87
 Cluster  2  # of cells  2
 Cluster  1  # of cells  411
 Cells absent at timepoint  3   set()
 Cells absent at timepoint  2   set()
 Timepoint  2
 Timepoint  3
 After reassigning and merging cells 
 Timepoint  2
 Cluster  4  # of cells  14
 Cluster  3  # of cells  10
 Cluster  2  # of cells  66
 Cluster  1  # of cells  10
 Timepoint  3
 Cluster  4  # of cells  87
 Cluster  2  # of cells  2
 Cluster  1  # of cells  411
 Tp cluster cell dict  {'4_2': 14, '3_2': 10, '2_2': 66, '1_2': 10, '4_3': 87, '2_3': 2, '1_3': 411}
 New Graph is here 
 ID  0  Timepoint  1  Mutations  []  Type  subclone
 ID  1  Timepoint  2  Mutations  [0, 1, 2, 3, 4, 5, 6, 7, 8, 9, 10]  Type  subclone
 ID  2  Timepoint  2  Mutations  [1, 2, 3, 5, 6, 7, 8, 9, 10, 25, 26, 27, 28, 29, 30, 31, 32, 33, 34, 35]  Type  subclone
 ID  3  Timepoint  2  Mutations  [11, 12, 13, 14, 15, 16, 17, 18, 19, 20, 21, 22, 23, 24, 36, 37, 38, 39]  Type  subclone
 ID  4  Timepoint  2  Mutations  [11, 12, 13, 14, 15, 16, 17, 18, 19, 20, 21, 22, 23, 24, 40, 41, 42, 43, 44, 45, 46, 47]  Type  subclone
 ID  5  Timepoint  3  Mutations  [0, 1, 2, 3, 4, 5, 6, 7, 8, 9, 10]  Type  subclone
 ID  6  Timepoint  3  Mutations  [11, 12, 13, 14, 15, 16, 17, 18, 19, 20, 21, 22, 23, 24, 36, 37, 38, 39]  Type  subclone
 ID  7  Timepoint  3  Mutations  [11, 12, 13, 14, 15, 16, 17, 18, 19, 20, 21, 22, 23, 24, 40, 41, 42, 43, 44, 45, 46, 47]  Type  subclone
Timepoints  SortedDict({1: [0], 2: [1, 2, 3, 4], 3: [5, 6, 7]})
 Clone to nodes  {'4_2': 1, '3_2': 2, '2_2': 3, '1_2': 4, '4_3': 5, '2_3': 6, '1_3': 7}
 Timepoint ====  1
 Hash table  {'0': [0, 4], '0,1': [1, 2, 3, 5, 6, 7, 8, 9, 10], '1': [25, 26, 27, 28, 29, 30, 31, 32, 33, 34, 35], '2,3': [11, 12, 13, 14, 15, 16, 17, 18, 19, 20, 21, 22, 23, 24], '2': [36, 37, 38, 39], '3': [40, 41, 42, 43, 44, 45, 46, 47]}
 Final possible usc  [[0, 4], [1, 2, 3, 5, 6, 7, 8, 9, 10], [25, 26, 27, 28, 29, 30, 31, 32, 33, 34, 35], [11, 12, 13, 14, 15, 16, 17, 18, 19, 20, 21, 22, 23, 24], [36, 37, 38, 39], [40, 41, 42, 43, 44, 45, 46, 47]]
 Time  1  USC keys  {'40,41,42,43,44,45,46,47_0', '36,37,38,39_0', '1,2,3,5,6,7,8,9,10_0', '11,12,13,14,15,16,17,18,19,20,21,22,23,24_0', '25,26,27,28,29,30,31,32,33,34,35_0', '0,4_0'}
 USC children  {'0,4_0': [1], '1,2,3,5,6,7,8,9,10_0': [1, 2], '25,26,27,28,29,30,31,32,33,34,35_0': [2], '11,12,13,14,15,16,17,18,19,20,21,22,23,24_0': [3, 4], '36,37,38,39_0': [3], '40,41,42,43,44,45,46,47_0': [4]}
 USC children  {'0,4_0': [1], '1,2,3,5,6,7,8,9,10_0': [1, 2], '25,26,27,28,29,30,31,32,33,34,35_0': [2], '11,12,13,14,15,16,17,18,19,20,21,22,23,24_0': [3, 4], '36,37,38,39_0': [3], '40,41,42,43,44,45,46,47_0': [4]}
 Timepoint ====  2
 Hash table  {}
====== Inside find superset of t nodes ==========
 Final possible usc  []
 Time  2  USC keys  set()
 USC children  {'0,4_0': [1], '1,2,3,5,6,7,8,9,10_0': [1, 2], '25,26,27,28,29,30,31,32,33,34,35_0': [2], '11,12,13,14,15,16,17,18,19,20,21,22,23,24_0': [3, 4], '36,37,38,39_0': [3], '40,41,42,43,44,45,46,47_0': [4]}
 USC children  {'0,4_0': [1], '1,2,3,5,6,7,8,9,10_0': [1, 2], '25,26,27,28,29,30,31,32,33,34,35_0': [2], '11,12,13,14,15,16,17,18,19,20,21,22,23,24_0': [3, 4], '36,37,38,39_0': [3], '40,41,42,43,44,45,46,47_0': [4]}
 Node s  {'1,2': ['1', '2', '3', '5', '6', '7', '8', '9', '10'], '3,4': ['11', '12', '13', '14', '15', '16', '17', '18', '19', '20', '21', '22', '23', '24']}
 Enroll USC nodes  ['1', '2']  len  2
 Enroll USC nodes  ['3', '4']  len  2
 Node TP  SortedDict({1: [0], 2: [1, 2, 3, 4], 3: [5, 6, 7]})
 Unobserved subclones at timepoints  {1.5: [8, 9]}
 ============== Inside finding node v ============ 
 Time  2
 Time  3
 Sorted all timepoints  [1, 1.5, 2, 3]
 Timepoint  2
 Inside usc_node check  2
 Timepoint  3
0   1   [-1]   subclone   []   []
1   2   [8]   subclone   [0, 1, 2, 3, 4, 5, 6, 7, 8, 9, 10]   [2]
2   2   [8]   subclone   [1, 2, 3, 5, 6, 7, 8, 9, 10, 25, 26, 27, 28, 29, 30, 31, 32, 33, 34, 35]   [11]
3   2   [9]   subclone   [11, 12, 13, 14, 15, 16, 17, 18, 19, 20, 21, 22, 23, 24, 36, 37, 38, 39]   [4]
4   2   [9]   subclone   [11, 12, 13, 14, 15, 16, 17, 18, 19, 20, 21, 22, 23, 24, 40, 41, 42, 43, 44, 45, 46, 47]   [8]
5   3   [1]   subclone   [0, 1, 2, 3, 4, 5, 6, 7, 8, 9, 10]   [0]
6   3   [3]   subclone   [11, 12, 13, 14, 15, 16, 17, 18, 19, 20, 21, 22, 23, 24, 36, 37, 38, 39]   [0]
7   3   [4]   subclone   [11, 12, 13, 14, 15, 16, 17, 18, 19, 20, 21, 22, 23, 24, 40, 41, 42, 43, 44, 45, 46, 47]   [0]
8   1.5   [0]   unobserved subclone   [1, 2, 3, 5, 6, 7, 8, 9, 10]   [9]
9   1.5   [0]   unobserved subclone   [11, 12, 13, 14, 15, 16, 17, 18, 19, 20, 21, 22, 23, 24]   [14]
9
 Total estimated FP  139  True negatives  13448
 Total estimated FN  1880  True positives  7573
 Estimated FP rate  0.01802
 Estimated FN rate  0.12
 No. of Cells in each cluster  {'4_2': 14, '4_3': 87, '7_2': 10, '5_2': 66, '5_3': 2, '3_3': 411, '3_2': 10}
 Cells in each cluster  {'4_2': [0, 1, 2, 3, 4, 5, 6, 7, 8, 9, 10, 11, 12, 13], '4_3': [100, 101, 102, 103, 104, 105, 106, 107, 108, 109, 110, 111, 112, 113, 114, 115, 116, 117, 118, 119, 120, 121, 122, 123, 124, 125, 126, 127, 128, 129, 130, 131, 132, 133, 134, 135, 136, 137, 138, 139, 140, 141, 142, 143, 144, 145, 146, 147, 148, 149, 150, 151, 152, 153, 154, 155, 156, 157, 158, 159, 160, 161, 162, 163, 164, 165, 166, 167, 168, 169, 170, 171, 172, 173, 174, 175, 176, 177, 178, 179, 180, 181, 182, 183, 184, 185, 186], '7_2': [14, 15, 16, 17, 18, 19, 20, 21, 22, 23], '5_2': [24, 25, 26, 27, 28, 29, 30, 31, 32, 33, 34, 35, 36, 37, 38, 39, 40, 41, 42, 43, 44, 45, 46, 47, 48, 49, 50, 51, 52, 53, 54, 55, 56, 57, 58, 59, 60, 61, 62, 63, 64, 65, 66, 67, 68, 69, 70, 71, 72, 73, 74, 75, 76, 77, 78, 79, 80, 81, 82, 83, 84, 85, 86, 87, 88, 89], '5_3': [265, 526], '3_3': [197, 257, 272, 318, 403, 489, 520, 544, 552, 570, 243, 284, 300, 308, 337, 368, 370, 386, 401, 529, 187, 188, 189, 190, 191, 192, 193, 194, 195, 196, 198, 199, 200, 202, 203, 204, 206, 207, 208, 209, 210, 211, 212, 213, 214, 215, 216, 217, 218, 219, 220, 221, 222, 223, 224, 225, 226, 227, 228, 229, 230, 231, 232, 234, 235, 236, 238, 239, 240, 241, 242, 244, 245, 246, 247, 248, 249, 250, 251, 252, 253, 254, 255, 256, 258, 259, 260, 261, 262, 263, 264, 266, 267, 268, 269, 270, 271, 273, 274, 275, 276, 277, 278, 279, 280, 281, 282, 283, 285, 286, 287, 288, 289, 290, 291, 292, 293, 294, 295, 296, 297, 298, 299, 301, 302, 303, 304, 305, 306, 307, 309, 310, 311, 312, 313, 314, 315, 317, 319, 320, 321, 322, 323, 324, 325, 326, 327, 328, 329, 330, 331, 332, 333, 334, 335, 336, 338, 339, 341, 342, 343, 344, 347, 348, 349, 351, 352, 353, 354, 355, 356, 357, 358, 359, 360, 362, 363, 364, 365, 366, 367, 369, 371, 372, 373, 374, 375, 376, 377, 378, 379, 380, 381, 382, 383, 384, 385, 387, 388, 389, 390, 391, 392, 393, 394, 395, 396, 397, 398, 399, 400, 402, 404, 405, 406, 407, 408, 409, 410, 411, 412, 413, 414, 415, 416, 417, 418, 419, 420, 421, 422, 423, 424, 425, 426, 427, 428, 429, 430, 431, 432, 433, 434, 435, 436, 437, 438, 440, 441, 442, 443, 444, 445, 446, 447, 448, 449, 450, 451, 453, 454, 455, 456, 457, 458, 459, 460, 461, 462, 463, 464, 465, 466, 467, 468, 469, 470, 471, 472, 473, 475, 476, 477, 478, 479, 480, 481, 482, 483, 484, 485, 486, 487, 488, 490, 491, 492, 493, 494, 495, 496, 497, 498, 499, 500, 501, 502, 503, 504, 505, 506, 507, 508, 509, 510, 511, 512, 513, 514, 516, 517, 518, 519, 521, 522, 523, 524, 525, 527, 528, 531, 532, 533, 534, 535, 536, 537, 538, 539, 540, 541, 542, 543, 545, 546, 547, 548, 549, 550, 551, 554, 555, 556, 557, 558, 559, 560, 561, 562, 563, 564, 565, 566, 567, 568, 569, 571, 572, 573, 574, 575, 576, 577, 578, 579, 580, 581, 582, 583, 584, 585, 586, 587, 588, 589, 590, 591, 592, 594, 595, 596, 597, 598, 237, 452, 474, 515, 233, 345, 530, 553, 599, 201, 205, 316, 340, 346, 350, 361, 439, 593], '3_2': [90, 91, 92, 95, 96, 97, 98, 99, 93, 94]}
FP rate  0.01802 FN rate  0.12
 Before reassigning cells 
 Timepoint  2
 Cluster  4  # of cells  14
 Cluster  7  # of cells  10
 Cluster  5  # of cells  66
 Cluster  3  # of cells  10
 Timepoint  3
 Cluster  4  # of cells  87
 Cluster  5  # of cells  2
 Cluster  3  # of cells  411
 Cells absent at timepoint  2   set()
 Cells absent at timepoint  3   set()
 Timepoint  2
 Timepoint  3
 After reassigning and merging cells 
 Timepoint  2
 Cluster  4  # of cells  14
 Cluster  7  # of cells  10
 Cluster  5  # of cells  66
 Cluster  3  # of cells  10
 Timepoint  3
 Cluster  4  # of cells  87
 Cluster  5  # of cells  2
 Cluster  3  # of cells  411
 Tp cluster cell dict  {'4_2': 14, '7_2': 10, '5_2': 66, '3_2': 10, '4_3': 87, '5_3': 2, '3_3': 411}
 New Graph is here 
 ID  0  Timepoint  1  Mutations  []  Type  subclone
 ID  1  Timepoint  2  Mutations  [0, 1, 2, 3, 4, 5, 6, 7, 8, 9, 10]  Type  subclone
 ID  2  Timepoint  2  Mutations  [1, 2, 3, 5, 6, 7, 8, 9, 10, 25, 26, 27, 28, 29, 30, 31, 32, 33, 34, 35]  Type  subclone
 ID  3  Timepoint  2  Mutations  [11, 12, 13, 14, 15, 16, 17, 18, 19, 20, 21, 22, 23, 24, 36, 37, 38, 39]  Type  subclone
 ID  4  Timepoint  2  Mutations  [11, 12, 13, 14, 15, 16, 17, 18, 19, 20, 21, 22, 23, 24, 40, 41, 42, 43, 44, 45, 46, 47]  Type  subclone
 ID  5  Timepoint  3  Mutations  [0, 1, 2, 3, 4, 5, 6, 7, 8, 9, 10]  Type  subclone
 ID  6  Timepoint  3  Mutations  [11, 12, 13, 14, 15, 16, 17, 18, 19, 20, 21, 22, 23, 24, 36, 37, 38, 39]  Type  subclone
 ID  7  Timepoint  3  Mutations  [11, 12, 13, 14, 15, 16, 17, 18, 19, 20, 21, 22, 23, 24, 40, 41, 42, 43, 44, 45, 46, 47]  Type  subclone
Timepoints  SortedDict({1: [0], 2: [1, 2, 3, 4], 3: [5, 6, 7]})
 Clone to nodes  {'4_2': 1, '7_2': 2, '5_2': 3, '3_2': 4, '4_3': 5, '5_3': 6, '3_3': 7}
 Timepoint ====  1
 Hash table  {'0': [0, 4], '0,1': [1, 2, 3, 5, 6, 7, 8, 9, 10], '1': [25, 26, 27, 28, 29, 30, 31, 32, 33, 34, 35], '2,3': [11, 12, 13, 14, 15, 16, 17, 18, 19, 20, 21, 22, 23, 24], '2': [36, 37, 38, 39], '3': [40, 41, 42, 43, 44, 45, 46, 47]}
 Final possible usc  [[0, 4], [1, 2, 3, 5, 6, 7, 8, 9, 10], [25, 26, 27, 28, 29, 30, 31, 32, 33, 34, 35], [11, 12, 13, 14, 15, 16, 17, 18, 19, 20, 21, 22, 23, 24], [36, 37, 38, 39], [40, 41, 42, 43, 44, 45, 46, 47]]
 Time  1  USC keys  {'11,12,13,14,15,16,17,18,19,20,21,22,23,24_0', '0,4_0', '1,2,3,5,6,7,8,9,10_0', '40,41,42,43,44,45,46,47_0', '25,26,27,28,29,30,31,32,33,34,35_0', '36,37,38,39_0'}
 USC children  {'0,4_0': [1], '1,2,3,5,6,7,8,9,10_0': [1, 2], '25,26,27,28,29,30,31,32,33,34,35_0': [2], '11,12,13,14,15,16,17,18,19,20,21,22,23,24_0': [3, 4], '36,37,38,39_0': [3], '40,41,42,43,44,45,46,47_0': [4]}
 USC children  {'0,4_0': [1], '1,2,3,5,6,7,8,9,10_0': [1, 2], '25,26,27,28,29,30,31,32,33,34,35_0': [2], '11,12,13,14,15,16,17,18,19,20,21,22,23,24_0': [3, 4], '36,37,38,39_0': [3], '40,41,42,43,44,45,46,47_0': [4]}
 Timepoint ====  2
 Hash table  {}
====== Inside find superset of t nodes ==========
 Final possible usc  []
 Time  2  USC keys  set()
 USC children  {'0,4_0': [1], '1,2,3,5,6,7,8,9,10_0': [1, 2], '25,26,27,28,29,30,31,32,33,34,35_0': [2], '11,12,13,14,15,16,17,18,19,20,21,22,23,24_0': [3, 4], '36,37,38,39_0': [3], '40,41,42,43,44,45,46,47_0': [4]}
 USC children  {'0,4_0': [1], '1,2,3,5,6,7,8,9,10_0': [1, 2], '25,26,27,28,29,30,31,32,33,34,35_0': [2], '11,12,13,14,15,16,17,18,19,20,21,22,23,24_0': [3, 4], '36,37,38,39_0': [3], '40,41,42,43,44,45,46,47_0': [4]}
 Node s  {'1,2': ['1', '2', '3', '5', '6', '7', '8', '9', '10'], '3,4': ['11', '12', '13', '14', '15', '16', '17', '18', '19', '20', '21', '22', '23', '24']}
 Enroll USC nodes  ['1', '2']  len  2
 Enroll USC nodes  ['3', '4']  len  2
 Node TP  SortedDict({1: [0], 2: [1, 2, 3, 4], 3: [5, 6, 7]})
 Unobserved subclones at timepoints  {1.5: [8, 9]}
 ============== Inside finding node v ============ 
 Time  2
 Time  3
 Sorted all timepoints  [1, 1.5, 2, 3]
 Timepoint  2
 Inside usc_node check  2
 Timepoint  3
0   1   [-1]   subclone   []   []
1   2   [8]   subclone   [0, 1, 2, 3, 4, 5, 6, 7, 8, 9, 10]   [2]
2   2   [8]   subclone   [1, 2, 3, 5, 6, 7, 8, 9, 10, 25, 26, 27, 28, 29, 30, 31, 32, 33, 34, 35]   [11]
3   2   [9]   subclone   [11, 12, 13, 14, 15, 16, 17, 18, 19, 20, 21, 22, 23, 24, 36, 37, 38, 39]   [4]
4   2   [9]   subclone   [11, 12, 13, 14, 15, 16, 17, 18, 19, 20, 21, 22, 23, 24, 40, 41, 42, 43, 44, 45, 46, 47]   [8]
5   3   [1]   subclone   [0, 1, 2, 3, 4, 5, 6, 7, 8, 9, 10]   [0]
6   3   [3]   subclone   [11, 12, 13, 14, 15, 16, 17, 18, 19, 20, 21, 22, 23, 24, 36, 37, 38, 39]   [0]
7   3   [4]   subclone   [11, 12, 13, 14, 15, 16, 17, 18, 19, 20, 21, 22, 23, 24, 40, 41, 42, 43, 44, 45, 46, 47]   [0]
8   1.5   [0]   unobserved subclone   [1, 2, 3, 5, 6, 7, 8, 9, 10]   [9]
9   1.5   [0]   unobserved subclone   [11, 12, 13, 14, 15, 16, 17, 18, 19, 20, 21, 22, 23, 24]   [14]
 List of tree files  ['all_trees/mc2_rep3_m1_tree.csv', 'all_trees/mc2_rep3_m2_tree.csv', 'all_trees/mc2_rep3_m3_tree.csv', 'all_trees/mc2_rep3_m4_tree.csv', 'all_trees/mc2_rep3_m5_tree.csv']
{'1': ['0', '1', '2', '3', '4', '5', '6', '7', '8', '9', '10'], '2': ['1', '2', '3', '5', '6', '7', '8', '9', '10', '25', '26', '27', '28', '29', '30', '31', '32', '33', '34', '35'], '3': ['11', '12', '13', '14', '15', '16', '17', '18', '19', '20', '21', '22', '23', '24', '36', '37', '38', '39'], '4': ['11', '12', '13', '14', '15', '16', '17', '18', '19', '20', '21', '22', '23', '24', '40', '41', '42', '43', '44', '45', '46', '47'], '5': ['0', '1', '2', '3', '4', '5', '6', '7', '8', '9', '10'], '6': ['11', '12', '13', '14', '15', '16', '17', '18', '19', '20', '21', '22', '23', '24', '36', '37', '38', '39'], '7': ['11', '12', '13', '14', '15', '16', '17', '18', '19', '20', '21', '22', '23', '24', '40', '41', '42', '43', '44', '45', '46', '47'], '8': ['1', '2', '3', '5', '6', '7', '8', '9', '10'], '9': ['11', '12', '13', '14', '15', '16', '17', '18', '19', '20', '21', '22', '23', '24']}
 Actual mutation of  1   ['0', '4']
 Actual mutation of  2   ['35', '31', '33', '34', '30', '28', '26', '29', '27', '32', '25']
 Actual mutation of  3   ['38', '36', '37', '39']
 Actual mutation of  4   ['44', '45', '41', '42', '43', '46', '47', '40']
 Actual mutation of  5   []
 Actual mutation of  6   []
 Actual mutation of  7   []
 Updated node mutation  {'1': ['0', '4'], '2': ['35', '31', '33', '34', '30', '28', '26', '29', '27', '32', '25'], '3': ['38', '36', '37', '39'], '4': ['44', '45', '41', '42', '43', '46', '47', '40'], '5': [], '6': [], '7': [], '8': ['1', '2', '3', '5', '6', '7', '8', '9', '10'], '9': ['11', '12', '13', '14', '15', '16', '17', '18', '19', '20', '21', '22', '23', '24']}
{'1': ['0', '1', '2', '3', '4', '5', '6', '7', '8', '9', '10'], '2': ['1', '2', '3', '5', '6', '7', '8', '9', '10', '25', '26', '27', '28', '29', '30', '31', '32', '33', '34', '35'], '3': ['11', '12', '13', '14', '15', '16', '17', '18', '19', '20', '21', '22', '23', '24', '36', '37', '38', '39'], '4': ['11', '12', '13', '14', '15', '16', '17', '18', '19', '20', '21', '22', '23', '24', '40', '41', '42', '43', '44', '45', '46', '47'], '5': ['0', '1', '2', '3', '4', '5', '6', '7', '8', '9', '10'], '6': ['11', '12', '13', '14', '15', '16', '17', '18', '19', '20', '21', '22', '23', '24', '36', '37', '38', '39'], '7': ['11', '12', '13', '14', '15', '16', '17', '18', '19', '20', '21', '22', '23', '24', '40', '41', '42', '43', '44', '45', '46', '47'], '8': ['1', '2', '3', '5', '6', '7', '8', '9', '10'], '9': ['11', '12', '13', '14', '15', '16', '17', '18', '19', '20', '21', '22', '23', '24']}
 Actual mutation of  1   ['0', '4']
 Actual mutation of  2   ['35', '31', '33', '34', '30', '28', '26', '29', '27', '32', '25']
 Actual mutation of  3   ['38', '36', '37', '39']
 Actual mutation of  4   ['44', '45', '41', '42', '43', '46', '47', '40']
 Actual mutation of  5   []
 Actual mutation of  6   []
 Actual mutation of  7   []
 Updated node mutation  {'1': ['0', '4'], '2': ['35', '31', '33', '34', '30', '28', '26', '29', '27', '32', '25'], '3': ['38', '36', '37', '39'], '4': ['44', '45', '41', '42', '43', '46', '47', '40'], '5': [], '6': [], '7': [], '8': ['1', '2', '3', '5', '6', '7', '8', '9', '10'], '9': ['11', '12', '13', '14', '15', '16', '17', '18', '19', '20', '21', '22', '23', '24']}
{'1': ['0', '1', '2', '3', '4', '5', '6', '7', '8', '9', '10'], '2': ['1', '2', '3', '5', '6', '7', '8', '9', '10', '25', '26', '27', '28', '29', '30', '31', '32', '33', '34', '35'], '3': ['11', '12', '13', '14', '15', '16', '17', '18', '19', '20', '21', '22', '23', '24', '36', '37', '38', '39'], '4': ['11', '12', '13', '14', '15', '16', '17', '18', '19', '20', '21', '22', '23', '24', '40', '41', '42', '43', '44', '45', '46', '47'], '5': ['0', '1', '2', '3', '4', '5', '6', '7', '8', '9', '10'], '6': ['11', '12', '13', '14', '15', '16', '17', '18', '19', '20', '21', '22', '23', '24', '36', '37', '38', '39'], '7': ['11', '12', '13', '14', '15', '16', '17', '18', '19', '20', '21', '22', '23', '24', '40', '41', '42', '43', '44', '45', '46', '47'], '8': ['1', '2', '3', '5', '6', '7', '8', '9', '10'], '9': ['11', '12', '13', '14', '15', '16', '17', '18', '19', '20', '21', '22', '23', '24']}
 Actual mutation of  1   ['0', '4']
 Actual mutation of  2   ['35', '31', '33', '34', '30', '28', '26', '29', '27', '32', '25']
 Actual mutation of  3   ['38', '36', '37', '39']
 Actual mutation of  4   ['44', '45', '41', '42', '43', '46', '47', '40']
 Actual mutation of  5   []
 Actual mutation of  6   []
 Actual mutation of  7   []
 Updated node mutation  {'1': ['0', '4'], '2': ['35', '31', '33', '34', '30', '28', '26', '29', '27', '32', '25'], '3': ['38', '36', '37', '39'], '4': ['44', '45', '41', '42', '43', '46', '47', '40'], '5': [], '6': [], '7': [], '8': ['1', '2', '3', '5', '6', '7', '8', '9', '10'], '9': ['11', '12', '13', '14', '15', '16', '17', '18', '19', '20', '21', '22', '23', '24']}
{'1': ['0', '1', '2', '3', '4', '5', '6', '7', '8', '9', '10'], '2': ['1', '2', '3', '5', '6', '7', '8', '9', '10', '25', '26', '27', '28', '29', '30', '31', '32', '33', '34', '35'], '3': ['11', '12', '13', '14', '15', '16', '17', '18', '19', '20', '21', '22', '23', '24', '36', '37', '38', '39'], '4': ['11', '12', '13', '14', '15', '16', '17', '18', '19', '20', '21', '22', '23', '24', '40', '41', '42', '43', '44', '45', '46', '47'], '5': ['0', '1', '2', '3', '4', '5', '6', '7', '8', '9', '10'], '6': ['11', '12', '13', '14', '15', '16', '17', '18', '19', '20', '21', '22', '23', '24', '36', '37', '38', '39'], '7': ['11', '12', '13', '14', '15', '16', '17', '18', '19', '20', '21', '22', '23', '24', '40', '41', '42', '43', '44', '45', '46', '47'], '8': ['1', '2', '3', '5', '6', '7', '8', '9', '10'], '9': ['11', '12', '13', '14', '15', '16', '17', '18', '19', '20', '21', '22', '23', '24']}
 Actual mutation of  1   ['0', '4']
 Actual mutation of  2   ['35', '31', '33', '34', '30', '28', '26', '29', '27', '32', '25']
 Actual mutation of  3   ['38', '36', '37', '39']
 Actual mutation of  4   ['44', '45', '41', '42', '43', '46', '47', '40']
 Actual mutation of  5   []
 Actual mutation of  6   []
 Actual mutation of  7   []
 Updated node mutation  {'1': ['0', '4'], '2': ['35', '31', '33', '34', '30', '28', '26', '29', '27', '32', '25'], '3': ['38', '36', '37', '39'], '4': ['44', '45', '41', '42', '43', '46', '47', '40'], '5': [], '6': [], '7': [], '8': ['1', '2', '3', '5', '6', '7', '8', '9', '10'], '9': ['11', '12', '13', '14', '15', '16', '17', '18', '19', '20', '21', '22', '23', '24']}
{'1': ['0', '1', '2', '3', '4', '5', '6', '7', '8', '9', '10'], '2': ['1', '2', '3', '5', '6', '7', '8', '9', '10', '25', '26', '27', '28', '29', '30', '31', '32', '33', '34', '35'], '3': ['11', '12', '13', '14', '15', '16', '17', '18', '19', '20', '21', '22', '23', '24', '36', '37', '38', '39'], '4': ['11', '12', '13', '14', '15', '16', '17', '18', '19', '20', '21', '22', '23', '24', '40', '41', '42', '43', '44', '45', '46', '47'], '5': ['0', '1', '2', '3', '4', '5', '6', '7', '8', '9', '10'], '6': ['11', '12', '13', '14', '15', '16', '17', '18', '19', '20', '21', '22', '23', '24', '36', '37', '38', '39'], '7': ['11', '12', '13', '14', '15', '16', '17', '18', '19', '20', '21', '22', '23', '24', '40', '41', '42', '43', '44', '45', '46', '47'], '8': ['1', '2', '3', '5', '6', '7', '8', '9', '10'], '9': ['11', '12', '13', '14', '15', '16', '17', '18', '19', '20', '21', '22', '23', '24']}
 Actual mutation of  1   ['0', '4']
 Actual mutation of  2   ['35', '31', '33', '34', '30', '28', '26', '29', '27', '32', '25']
 Actual mutation of  3   ['38', '36', '37', '39']
 Actual mutation of  4   ['44', '45', '41', '42', '43', '46', '47', '40']
 Actual mutation of  5   []
 Actual mutation of  6   []
 Actual mutation of  7   []
 Updated node mutation  {'1': ['0', '4'], '2': ['35', '31', '33', '34', '30', '28', '26', '29', '27', '32', '25'], '3': ['38', '36', '37', '39'], '4': ['44', '45', '41', '42', '43', '46', '47', '40'], '5': [], '6': [], '7': [], '8': ['1', '2', '3', '5', '6', '7', '8', '9', '10'], '9': ['11', '12', '13', '14', '15', '16', '17', '18', '19', '20', '21', '22', '23', '24']}
 Parallel mutation count  {'m1': 0, 'm2': 0, 'm3': 0, 'm4': 0, 'm5': 0}
 Clusters with least parallel mutations  ['m1', 'm2', 'm3', 'm4', 'm5']
 Cluster nos for each run  {'m1': 8, 'm2': 6, 'm3': 7, 'm4': 5, 'm5': 9}
 Run  m4
 Base path  ['mc2', 'rep3', 'm1', 'tree.csv']
 Best tree path  mc2_rep3_m4_tree.csv
