9
 Total estimated FP  95  True negatives  9600
 Total estimated FN  2377  True positives  9528
 Estimated FP rate  0.00987
 Estimated FN rate  0.2
 No. of Cells in each cluster  {'5_2': 69, '7_2': 31, '7_3': 66, '4_3': 4, '6_3': 430}
 Cells in each cluster  {'5_2': [0, 1, 2, 3, 4, 5, 6, 7, 8, 9, 10, 11, 12, 13, 14, 15, 16, 17, 18, 19, 20, 21, 22, 23, 24, 25, 26, 27, 28, 29, 30, 31, 32, 33, 34, 35, 36, 37, 38, 39, 40, 41, 42, 43, 44, 45, 46, 47, 48, 49, 50, 51, 52, 53, 54, 55, 56, 57, 58, 59, 60, 61, 62, 63, 64, 65, 66, 67, 68], '7_2': [69, 70, 71, 72, 73, 74, 75, 76, 77, 78, 79, 80, 81, 82, 83, 84, 85, 86, 87, 88, 89, 90, 91, 92, 93, 94, 95, 96, 97, 98, 99], '7_3': [100, 101, 102, 103, 104, 105, 106, 107, 108, 109, 110, 111, 112, 113, 114, 115, 116, 117, 118, 119, 120, 121, 122, 123, 124, 125, 126, 127, 128, 129, 130, 131, 132, 133, 134, 135, 136, 137, 138, 139, 140, 141, 142, 143, 144, 145, 146, 147, 148, 149, 150, 151, 152, 153, 154, 155, 156, 157, 158, 159, 160, 161, 162, 163, 164, 165], '4_3': [235, 296, 424, 585], '6_3': [180, 237, 239, 253, 342, 439, 450, 488, 503, 530, 533, 544, 597, 244, 358, 406, 410, 471, 478, 348, 363, 404, 407, 452, 534, 561, 568, 166, 167, 169, 170, 171, 172, 173, 174, 175, 176, 177, 178, 179, 181, 182, 183, 184, 185, 186, 187, 188, 189, 190, 191, 192, 193, 194, 195, 196, 197, 198, 199, 200, 201, 203, 204, 205, 206, 207, 208, 209, 210, 211, 213, 214, 215, 216, 217, 218, 219, 220, 221, 222, 224, 225, 226, 227, 228, 229, 230, 231, 232, 233, 234, 236, 238, 240, 241, 242, 243, 246, 247, 248, 249, 250, 251, 252, 254, 255, 256, 257, 258, 259, 260, 261, 263, 264, 265, 266, 267, 268, 269, 270, 271, 272, 273, 274, 275, 276, 277, 278, 279, 280, 282, 283, 284, 285, 286, 287, 288, 289, 290, 291, 292, 293, 294, 295, 297, 298, 300, 301, 302, 303, 304, 305, 306, 307, 308, 309, 310, 311, 312, 313, 314, 315, 316, 317, 318, 319, 320, 321, 322, 323, 324, 325, 326, 327, 328, 329, 330, 331, 332, 333, 334, 335, 336, 337, 338, 339, 340, 341, 343, 344, 345, 346, 347, 349, 350, 351, 352, 353, 354, 355, 356, 357, 359, 360, 361, 362, 364, 365, 366, 367, 368, 369, 370, 371, 372, 373, 374, 375, 376, 377, 378, 379, 380, 381, 382, 383, 384, 385, 386, 387, 388, 389, 390, 391, 392, 393, 394, 395, 396, 397, 398, 399, 400, 401, 402, 403, 405, 408, 409, 411, 412, 413, 414, 415, 416, 417, 418, 419, 420, 421, 422, 423, 425, 426, 427, 428, 429, 430, 432, 433, 434, 435, 436, 437, 438, 440, 441, 442, 443, 444, 445, 446, 447, 448, 451, 453, 454, 455, 456, 457, 458, 459, 460, 461, 462, 463, 464, 465, 466, 467, 468, 469, 470, 472, 473, 474, 475, 476, 477, 479, 480, 481, 482, 483, 484, 485, 486, 487, 489, 490, 491, 492, 493, 494, 495, 496, 497, 498, 499, 500, 501, 502, 504, 505, 506, 507, 508, 509, 510, 512, 513, 514, 515, 516, 517, 518, 519, 520, 521, 522, 523, 524, 525, 526, 527, 528, 529, 531, 532, 535, 536, 537, 538, 539, 540, 541, 542, 543, 545, 546, 547, 548, 549, 550, 551, 552, 553, 554, 555, 556, 557, 558, 559, 560, 562, 563, 564, 565, 566, 567, 569, 570, 571, 572, 573, 574, 575, 576, 577, 578, 579, 580, 581, 582, 583, 584, 586, 587, 588, 589, 590, 591, 592, 593, 594, 595, 596, 598, 599, 212, 223, 245, 299, 431, 511, 168, 202, 262, 281, 449]}
FP rate  0.00987 FN rate  0.2
 Before reassigning cells 
 Timepoint  2
 Cluster  5  # of cells  69
 Cluster  7  # of cells  31
 Timepoint  3
 Cluster  7  # of cells  66
 Cluster  4  # of cells  10
 Cluster  6  # of cells  419
 Cells absent at timepoint  2   set()
 Cells absent at timepoint  3   {325, 585, 341, 188, 543}
 Missing cell prob  {'7': 6.687833252988699e-18, '4': 3.10479587581822e-05, '6': 3.104795875818221e-05}
 Missing cell prob  {'7': 2.0707945159790952e-19, '4': 7.923151339063978e-09, '6': 7.92315133906398e-09}
 Missing cell prob  {'7': 1.7170135403004116e-18, '4': 0.0031985739401574767, '6': 0.0031985739401574767}
 Missing cell prob  {'7': 1.3249217567062116e-22, '4': 4.985522522734832e-08, '6': 4.985522522734834e-08}
 Missing cell prob  {'7': 6.97764781031898e-08, '4': 0.00030622516462269897, '6': 0.0003062251646226991}
 Timepoint  2
 Timepoint  3
SortedDict({2: {'5': ['0', '1', '2', '3', '4', '5', '6', '7', '8', '9', '10', '11', '12', '13', '14', '15', '16', '17', '18', '19', '20', '21', '22', '23', '24', '25', '26', '27', '28', '29', '30', '31', '32', '33', '34', '35', '36', '37', '38', '39', '40', '41', '42', '43', '44', '45', '46', '47', '48', '49', '50', '51', '52', '53', '54', '55', '56', '57', '58', '59', '60', '61', '62', '63', '64', '65', '66', '67', '68'], '7': ['69', '70', '71', '72', '73', '74', '75', '76', '77', '78', '79', '80', '81', '82', '83', '84', '85', '86', '87', '88', '89', '90', '91', '92', '93', '94', '95', '96', '97', '98', '99']}, 3: {'7': ['100', '101', '102', '103', '104', '105', '106', '107', '108', '109', '110', '111', '112', '113', '114', '115', '116', '117', '118', '119', '120', '121', '122', '123', '124', '125', '126', '127', '128', '129', '130', '131', '132', '133', '134', '135', '136', '137', '138', '139', '140', '141', '142', '143', '144', '145', '146', '147', '148', '149', '150', '151', '152', '153', '154', '155', '156', '157', '158', '159', '160', '161', '162', '163', '164', '165'], '4': ['167', '204', '235', '296', '309', '363', '424', '475', '502', '525', '341'], '6': ['166', '168', '169', '170', '171', '172', '173', '174', '175', '176', '177', '178', '179', '180', '181', '182', '183', '184', '185', '186', '187', '189', '190', '191', '192', '193', '194', '195', '196', '197', '198', '199', '200', '201', '202', '203', '205', '206', '207', '208', '209', '210', '211', '212', '213', '214', '215', '216', '217', '218', '219', '220', '221', '222', '223', '224', '225', '226', '227', '228', '229', '230', '231', '232', '233', '234', '236', '237', '238', '239', '240', '241', '242', '243', '244', '245', '246', '247', '248', '249', '250', '251', '252', '253', '254', '255', '256', '257', '258', '259', '260', '261', '262', '263', '264', '265', '266', '267', '268', '269', '270', '271', '272', '273', '274', '275', '276', '277', '278', '279', '280', '281', '282', '283', '284', '285', '286', '287', '288', '289', '290', '291', '292', '293', '294', '295', '297', '298', '299', '300', '301', '302', '303', '304', '305', '306', '307', '308', '310', '311', '312', '313', '314', '315', '316', '317', '318', '319', '320', '321', '322', '323', '324', '326', '327', '328', '329', '330', '331', '332', '333', '334', '335', '336', '337', '338', '339', '340', '342', '343', '344', '345', '346', '347', '348', '349', '350', '351', '352', '353', '354', '355', '356', '357', '358', '359', '360', '361', '362', '364', '365', '366', '367', '368', '369', '370', '371', '372', '373', '374', '375', '376', '377', '378', '379', '380', '381', '382', '383', '384', '385', '386', '387', '388', '389', '390', '391', '392', '393', '394', '395', '396', '397', '398', '399', '400', '401', '402', '403', '404', '405', '406', '407', '408', '409', '410', '411', '412', '413', '414', '415', '416', '417', '418', '419', '420', '421', '422', '423', '425', '426', '427', '428', '429', '430', '431', '432', '433', '434', '435', '436', '437', '438', '439', '440', '441', '442', '443', '444', '445', '446', '447', '448', '449', '450', '451', '452', '453', '454', '455', '456', '457', '458', '459', '460', '461', '462', '463', '464', '465', '466', '467', '468', '469', '470', '471', '472', '473', '474', '476', '477', '478', '479', '480', '481', '482', '483', '484', '485', '486', '487', '488', '489', '490', '491', '492', '493', '494', '495', '496', '497', '498', '499', '500', '501', '503', '504', '505', '506', '507', '508', '509', '510', '511', '512', '513', '514', '515', '516', '517', '518', '519', '520', '521', '522', '523', '524', '526', '527', '528', '529', '530', '531', '532', '533', '534', '535', '536', '537', '538', '539', '540', '541', '542', '544', '545', '546', '547', '548', '549', '550', '551', '552', '553', '554', '555', '556', '557', '558', '559', '560', '561', '562', '563', '564', '565', '566', '567', '568', '569', '570', '571', '572', '573', '574', '575', '576', '577', '578', '579', '580', '581', '582', '583', '584', '586', '587', '588', '589', '590', '591', '592', '593', '594', '595', '596', '597', '598', '599', '325', '585', '188', '543']}})
 Cluster1  4
 Cluster to drop  6
 After reassigning and merging cells 
 Timepoint  2
 Cluster  5  # of cells  69
 Cluster  7  # of cells  31
 Timepoint  3
 Cluster  7  # of cells  66
 Cluster  4  # of cells  434
 Tp cluster cell dict  {'5_2': 69, '7_2': 31, '7_3': 66, '4_3': 434}
 New Graph is here 
 ID  0  Timepoint  1  Mutations  []  Type  subclone
 ID  1  Timepoint  2  Mutations  [8, 9, 10, 11, 12, 13, 14, 15, 16, 17, 18, 19, 20, 21, 22, 23, 24, 25]  Type  subclone
 ID  2  Timepoint  2  Mutations  [8, 9, 10, 11, 12, 13, 14, 15, 16, 26, 27, 28, 29, 30, 31, 32]  Type  subclone
 ID  3  Timepoint  3  Mutations  [8, 9, 10, 11, 12, 13, 14, 15, 16, 26, 27, 28, 29, 30, 31, 32]  Type  subclone
 ID  4  Timepoint  3  Mutations  [8, 9, 10, 11, 12, 13, 14, 15, 16, 26, 27, 28, 29, 30, 31, 32, 33, 34, 35, 36, 37, 38, 39, 40, 41, 42, 43, 44]  Type  subclone
Timepoints  SortedDict({1: [0], 2: [1, 2], 3: [3, 4]})
 Clone to nodes  {'5_2': 1, '7_2': 2, '7_3': 3, '4_3': 4}
 Timepoint ====  1
 Hash table  {'0,1': [8, 9, 10, 11, 12, 13, 14, 15, 16], '0': [17, 18, 19, 20, 21, 22, 23, 24, 25], '1': [26, 27, 28, 29, 30, 31, 32]}
 Final possible usc  [[8, 9, 10, 11, 12, 13, 14, 15, 16], [17, 18, 19, 20, 21, 22, 23, 24, 25], [26, 27, 28, 29, 30, 31, 32]]
 Time  1  USC keys  {'17,18,19,20,21,22,23,24,25_0', '8,9,10,11,12,13,14,15,16_0', '26,27,28,29,30,31,32_0'}
 USC children  {'8,9,10,11,12,13,14,15,16_0': [1, 2], '17,18,19,20,21,22,23,24,25_0': [1], '26,27,28,29,30,31,32_0': [2]}
 USC children  {'8,9,10,11,12,13,14,15,16_0': [1, 2], '17,18,19,20,21,22,23,24,25_0': [1], '26,27,28,29,30,31,32_0': [2]}
 Timepoint ====  2
 Hash table  {'0': [8, 9, 10, 11, 12, 13, 14, 15, 16, 26, 27, 28, 29, 30, 31, 32, 33, 34, 35, 36, 37, 38, 39, 40, 41, 42, 43, 44]}
====== Inside find superset of t nodes ==========
 Final possible usc  [[8, 9, 10, 11, 12, 13, 14, 15, 16, 26, 27, 28, 29, 30, 31, 32, 33, 34, 35, 36, 37, 38, 39, 40, 41, 42, 43, 44]]
 Time  2  USC keys  {'8,9,10,11,12,13,14,15,16,26,27,28,29,30,31,32,33,34,35,36,37,38,39,40,41,42,43,44_2'}
 USC children  {'8,9,10,11,12,13,14,15,16_0': [1, 2], '17,18,19,20,21,22,23,24,25_0': [1], '26,27,28,29,30,31,32_0': [2], '8,9,10,11,12,13,14,15,16,26,27,28,29,30,31,32,33,34,35,36,37,38,39,40,41,42,43,44_2': [4]}
 USC children  {'8,9,10,11,12,13,14,15,16_0': [1, 2], '17,18,19,20,21,22,23,24,25_0': [1], '26,27,28,29,30,31,32_0': [2], '8,9,10,11,12,13,14,15,16,26,27,28,29,30,31,32,33,34,35,36,37,38,39,40,41,42,43,44_2': [4]}
 Node s  {'1,2': ['8', '9', '10', '11', '12', '13', '14', '15', '16'], '4': ['8', '9', '10', '11', '12', '13', '14', '15', '16', '26', '27', '28', '29', '30', '31', '32', '33', '34', '35', '36', '37', '38', '39', '40', '41', '42', '43', '44']}
 Enroll USC nodes  ['1', '2']  len  2
 Enroll USC nodes  ['4']  len  1
 Node TP  SortedDict({1: [0], 2: [1, 2], 3: [3, 4]})
 Unobserved subclones at timepoints  {1.5: [5]}
 ============== Inside finding node v ============ 
 Time  2
 Time  3
 largest_v_mut  [[32, 8, 9, 10, 11, 12, 13, 14, 15, 16, 26, 27, 28, 29, 30, 31]]
 Sorted all timepoints  [1, 1.5, 2, 3]
 Timepoint  2
 Inside usc_node check  2
 Timepoint  3
0   1   [-1]   subclone   []   []
1   2   [5]   subclone   [8, 9, 10, 11, 12, 13, 14, 15, 16, 17, 18, 19, 20, 21, 22, 23, 24, 25]   [9]
2   2   [5]   subclone   [8, 9, 10, 11, 12, 13, 14, 15, 16, 26, 27, 28, 29, 30, 31, 32]   [7]
3   3   [2]   subclone   [8, 9, 10, 11, 12, 13, 14, 15, 16, 26, 27, 28, 29, 30, 31, 32]   [0]
4   3   [2]   subclone   [8, 9, 10, 11, 12, 13, 14, 15, 16, 26, 27, 28, 29, 30, 31, 32, 33, 34, 35, 36, 37, 38, 39, 40, 41, 42, 43, 44]   [12]
5   1.5   [0]   unobserved subclone   [8, 9, 10, 11, 12, 13, 14, 15, 16]   [9]
6
 Total estimated FP  99  True negatives  9620
 Total estimated FN  2357  True positives  9524
 Estimated FP rate  0.01029
 Estimated FN rate  0.2
 No. of Cells in each cluster  {'5_2': 69, '3_2': 31, '3_3': 66, '4_3': 6, '1_3': 428}
 Cells in each cluster  {'5_2': [0, 1, 2, 3, 4, 5, 6, 7, 8, 9, 10, 11, 12, 13, 14, 15, 16, 17, 18, 19, 20, 21, 22, 23, 24, 25, 26, 27, 28, 29, 30, 31, 32, 33, 34, 35, 36, 37, 38, 39, 40, 41, 42, 43, 44, 45, 46, 47, 48, 49, 50, 51, 52, 53, 54, 55, 56, 57, 58, 59, 60, 61, 62, 63, 64, 65, 66, 67, 68], '3_2': [69, 70, 71, 72, 73, 74, 75, 76, 77, 78, 79, 80, 81, 82, 83, 84, 85, 86, 87, 88, 89, 90, 91, 92, 93, 94, 95, 96, 97, 98, 99], '3_3': [100, 101, 102, 103, 104, 105, 106, 107, 108, 109, 110, 111, 112, 113, 114, 115, 116, 117, 118, 119, 120, 121, 122, 123, 124, 125, 126, 127, 128, 129, 130, 131, 132, 133, 134, 135, 136, 137, 138, 139, 140, 141, 142, 143, 144, 145, 146, 147, 148, 149, 150, 151, 152, 153, 154, 155, 156, 157, 158, 159, 160, 161, 162, 163, 164, 165], '4_3': [223, 245, 262, 281, 449, 511], '1_3': [304, 363, 452, 480, 517, 524, 578, 166, 167, 168, 169, 170, 171, 172, 173, 174, 175, 176, 177, 178, 179, 180, 181, 182, 183, 184, 185, 186, 187, 188, 189, 190, 191, 192, 193, 194, 195, 196, 197, 198, 199, 200, 201, 202, 203, 204, 205, 206, 207, 208, 209, 210, 211, 212, 213, 214, 215, 216, 217, 218, 219, 220, 221, 222, 224, 225, 226, 227, 228, 229, 230, 231, 232, 233, 234, 236, 237, 238, 239, 240, 241, 242, 243, 246, 247, 248, 249, 250, 251, 252, 253, 254, 255, 256, 257, 258, 259, 260, 261, 263, 264, 265, 266, 267, 268, 269, 270, 271, 272, 273, 274, 275, 276, 277, 278, 279, 280, 282, 283, 284, 285, 286, 287, 288, 289, 290, 291, 292, 293, 294, 295, 296, 297, 298, 299, 300, 301, 302, 303, 305, 306, 307, 308, 309, 310, 311, 312, 313, 314, 315, 316, 317, 318, 319, 320, 321, 322, 323, 324, 325, 326, 327, 328, 329, 330, 331, 332, 333, 334, 335, 336, 337, 338, 339, 340, 341, 342, 343, 344, 345, 346, 347, 348, 349, 350, 351, 352, 353, 354, 355, 356, 357, 359, 360, 361, 362, 364, 365, 366, 367, 368, 369, 370, 371, 372, 373, 374, 375, 376, 377, 378, 379, 380, 381, 382, 383, 384, 385, 386, 387, 388, 389, 390, 391, 392, 393, 394, 395, 396, 397, 398, 399, 400, 401, 402, 403, 404, 405, 407, 408, 409, 411, 412, 413, 414, 415, 416, 417, 418, 419, 420, 421, 422, 423, 424, 425, 426, 427, 428, 429, 430, 431, 432, 433, 434, 435, 436, 437, 438, 439, 440, 441, 442, 443, 444, 445, 446, 447, 448, 450, 451, 453, 454, 455, 456, 457, 458, 459, 460, 461, 462, 463, 464, 465, 466, 467, 468, 469, 470, 472, 473, 474, 475, 476, 477, 478, 479, 481, 482, 483, 484, 485, 486, 487, 488, 489, 490, 491, 492, 493, 494, 495, 496, 497, 498, 499, 500, 501, 502, 503, 504, 505, 506, 507, 508, 509, 510, 512, 513, 514, 515, 516, 518, 519, 520, 521, 522, 523, 525, 526, 527, 528, 529, 530, 531, 532, 533, 534, 535, 536, 537, 538, 539, 540, 541, 542, 543, 544, 545, 546, 547, 548, 549, 550, 551, 552, 553, 554, 555, 556, 557, 558, 559, 560, 561, 562, 563, 564, 565, 566, 567, 568, 569, 570, 571, 572, 573, 574, 575, 576, 577, 579, 580, 581, 582, 583, 584, 585, 586, 587, 588, 589, 590, 591, 592, 593, 594, 595, 596, 597, 598, 599, 235, 244, 358, 406, 410, 471]}
FP rate  0.01029 FN rate  0.2
 Before reassigning cells 
 Timepoint  2
 Cluster  5  # of cells  69
 Cluster  3  # of cells  31
 Timepoint  3
 Cluster  3  # of cells  66
 Cluster  4  # of cells  10
 Cluster  1  # of cells  424
 Cells absent at timepoint  2   set()
 Cells absent at timepoint  3   set()
 Timepoint  2
 Timepoint  3
 After reassigning and merging cells 
 Timepoint  2
 Cluster  5  # of cells  69
 Cluster  3  # of cells  31
 Timepoint  3
 Cluster  3  # of cells  66
 Cluster  4  # of cells  10
 Cluster  1  # of cells  424
 Tp cluster cell dict  {'5_2': 69, '3_2': 31, '3_3': 66, '4_3': 10, '1_3': 424}
 New Graph is here 
 ID  0  Timepoint  1  Mutations  []  Type  subclone
 ID  1  Timepoint  2  Mutations  [8, 9, 10, 11, 12, 13, 14, 15, 16, 17, 18, 19, 20, 21, 22, 23, 24, 25]  Type  subclone
 ID  2  Timepoint  2  Mutations  [8, 9, 10, 11, 12, 13, 14, 15, 16, 26, 27, 28, 29, 30, 31, 32]  Type  subclone
 ID  3  Timepoint  3  Mutations  [8, 9, 10, 11, 12, 13, 14, 15, 16, 26, 27, 28, 29, 30, 31, 32]  Type  subclone
 ID  4  Timepoint  3  Mutations  [8, 9, 10, 12, 13, 14, 15, 26, 27, 28, 29, 30, 31, 32, 33, 34, 36, 37, 39, 40, 41, 43, 44]  Type  subclone
 ID  5  Timepoint  3  Mutations  [8, 9, 10, 11, 12, 13, 14, 15, 16, 26, 27, 28, 29, 30, 31, 32, 33, 34, 35, 36, 37, 38, 39, 40, 41, 42, 43, 44]  Type  subclone
Timepoints  SortedDict({1: [0], 2: [1, 2], 3: [3, 4, 5]})
 Clone to nodes  {'5_2': 1, '3_2': 2, '3_3': 3, '4_3': 4, '1_3': 5}
 Timepoint ====  1
 Hash table  {'0,1': [8, 9, 10, 11, 12, 13, 14, 15, 16], '0': [17, 18, 19, 20, 21, 22, 23, 24, 25], '1': [26, 27, 28, 29, 30, 31, 32]}
 Final possible usc  [[8, 9, 10, 11, 12, 13, 14, 15, 16], [17, 18, 19, 20, 21, 22, 23, 24, 25], [26, 27, 28, 29, 30, 31, 32]]
 Time  1  USC keys  {'8,9,10,11,12,13,14,15,16_0', '17,18,19,20,21,22,23,24,25_0', '26,27,28,29,30,31,32_0'}
 USC children  {'8,9,10,11,12,13,14,15,16_0': [1, 2], '17,18,19,20,21,22,23,24,25_0': [1], '26,27,28,29,30,31,32_0': [2]}
 USC children  {'8,9,10,11,12,13,14,15,16_0': [1, 2], '17,18,19,20,21,22,23,24,25_0': [1], '26,27,28,29,30,31,32_0': [2]}
 Timepoint ====  2
 Hash table  {'0,1': [8, 9, 10, 12, 13, 14, 15, 26, 27, 28, 29, 30, 31, 32, 33, 34, 36, 37, 39, 40, 41, 43, 44], '1': [11, 16, 35, 38, 42]}
====== Inside find superset of t nodes ==========
 Final possible usc  []
 Time  2  USC keys  set()
 USC children  {'8,9,10,11,12,13,14,15,16_0': [1, 2], '17,18,19,20,21,22,23,24,25_0': [1], '26,27,28,29,30,31,32_0': [2]}
 USC children  {'8,9,10,11,12,13,14,15,16_0': [1, 2], '17,18,19,20,21,22,23,24,25_0': [1], '26,27,28,29,30,31,32_0': [2]}
 Node s  {'1,2': ['8', '9', '10', '11', '12', '13', '14', '15', '16']}
 Enroll USC nodes  ['1', '2']  len  2
 Node TP  SortedDict({1: [0], 2: [1, 2], 3: [3, 4, 5]})
 Unobserved subclones at timepoints  {1.5: [6]}
 ============== Inside finding node v ============ 
 Time  2
 Time  3
 largest_v_mut  []
 largest_v_mut  [[32, 8, 9, 10, 11, 12, 13, 14, 15, 16, 26, 27, 28, 29, 30, 31]]
 Sorted all timepoints  [1, 1.5, 2, 3]
 Timepoint  2
 Inside usc_node check  2
 Timepoint  3
 Node  4  has no parent 
 USC nodes  []
 Node with minimum mutation sets  {1: 11, 2: 2}
0   1   [-1]   subclone   []   []
1   2   [6]   subclone   [8, 9, 10, 11, 12, 13, 14, 15, 16, 17, 18, 19, 20, 21, 22, 23, 24, 25]   [9]
2   2   [6]   subclone   [8, 9, 10, 11, 12, 13, 14, 15, 16, 26, 27, 28, 29, 30, 31, 32]   [7]
3   3   [2]   subclone   [8, 9, 10, 11, 12, 13, 14, 15, 16, 26, 27, 28, 29, 30, 31, 32]   [0]
4   3   [2]   subclone   [8, 9, 10, 12, 13, 14, 15, 26, 27, 28, 29, 30, 31, 32, 33, 34, 36, 37, 39, 40, 41, 43, 44]   [9]
5   3   [2]   subclone   [8, 9, 10, 11, 12, 13, 14, 15, 16, 26, 27, 28, 29, 30, 31, 32, 33, 34, 35, 36, 37, 38, 39, 40, 41, 42, 43, 44]   [12]
6   1.5   [0]   unobserved subclone   [8, 9, 10, 11, 12, 13, 14, 15, 16]   [9]
8
 Total estimated FP  94  True negatives  9616
 Total estimated FN  2361  True positives  9529
 Estimated FP rate  0.00977
 Estimated FN rate  0.2
 No. of Cells in each cluster  {'5_2': 69, '7_2': 31, '7_3': 66, '4_3': 2, '3_3': 2, '1_3': 430}
 Cells in each cluster  {'5_2': [0, 1, 2, 3, 4, 5, 6, 7, 8, 9, 10, 11, 12, 13, 14, 15, 16, 17, 18, 19, 20, 21, 22, 23, 24, 25, 26, 27, 28, 29, 30, 31, 32, 33, 34, 35, 36, 37, 38, 39, 40, 41, 42, 43, 44, 45, 46, 47, 48, 49, 50, 51, 52, 53, 54, 55, 56, 57, 58, 59, 60, 61, 62, 63, 64, 65, 66, 67, 68], '7_2': [69, 70, 71, 72, 73, 74, 75, 76, 77, 78, 79, 80, 81, 82, 83, 84, 85, 86, 87, 88, 89, 90, 91, 92, 93, 94, 95, 96, 97, 98, 99], '7_3': [100, 101, 102, 103, 104, 105, 106, 107, 108, 109, 110, 111, 112, 113, 114, 115, 116, 117, 118, 119, 120, 121, 122, 123, 124, 125, 126, 127, 128, 129, 130, 131, 132, 133, 134, 135, 136, 137, 138, 139, 140, 141, 142, 143, 144, 145, 146, 147, 148, 149, 150, 151, 152, 153, 154, 155, 156, 157, 158, 159, 160, 161, 162, 163, 164, 165], '4_3': [235, 585], '3_3': [363, 452], '1_3': [166, 167, 169, 170, 171, 172, 173, 174, 175, 176, 177, 178, 179, 180, 181, 182, 183, 184, 185, 186, 187, 188, 189, 190, 191, 192, 193, 194, 195, 196, 197, 198, 199, 200, 201, 203, 204, 206, 207, 208, 209, 210, 211, 212, 213, 214, 215, 216, 217, 218, 219, 220, 221, 222, 224, 226, 227, 228, 229, 230, 231, 232, 233, 234, 236, 238, 239, 240, 241, 242, 243, 246, 247, 250, 251, 252, 253, 254, 255, 256, 257, 258, 259, 260, 261, 263, 264, 265, 266, 267, 268, 269, 272, 273, 274, 275, 276, 279, 280, 281, 282, 283, 284, 287, 288, 289, 290, 291, 292, 293, 294, 295, 296, 297, 298, 300, 301, 302, 303, 305, 306, 307, 308, 309, 310, 311, 313, 314, 315, 316, 317, 318, 319, 320, 321, 322, 323, 324, 325, 326, 327, 328, 329, 330, 331, 332, 333, 334, 335, 336, 337, 338, 339, 340, 341, 342, 343, 344, 345, 346, 348, 349, 350, 351, 352, 353, 354, 355, 356, 357, 360, 361, 362, 364, 365, 366, 367, 368, 369, 370, 372, 373, 374, 375, 376, 377, 378, 379, 380, 381, 382, 383, 384, 385, 386, 387, 388, 391, 392, 393, 394, 395, 397, 398, 399, 400, 401, 402, 403, 404, 405, 407, 408, 409, 411, 412, 413, 415, 416, 417, 418, 419, 420, 421, 422, 423, 424, 425, 426, 427, 428, 429, 430, 432, 433, 434, 435, 436, 437, 438, 439, 440, 441, 443, 444, 445, 446, 447, 448, 451, 453, 454, 455, 456, 457, 458, 459, 460, 461, 462, 463, 464, 465, 466, 467, 468, 469, 470, 472, 473, 474, 475, 476, 477, 478, 479, 481, 482, 483, 484, 485, 486, 487, 489, 490, 491, 492, 493, 494, 495, 496, 497, 498, 499, 500, 501, 502, 503, 504, 505, 506, 507, 508, 509, 510, 512, 513, 514, 515, 516, 517, 518, 519, 520, 521, 522, 523, 524, 525, 527, 528, 529, 531, 532, 533, 534, 536, 538, 539, 540, 541, 542, 543, 544, 545, 546, 548, 549, 550, 551, 552, 553, 554, 555, 556, 557, 558, 559, 560, 561, 562, 563, 564, 565, 566, 567, 568, 569, 570, 571, 572, 573, 575, 576, 577, 579, 580, 581, 582, 583, 584, 586, 587, 588, 589, 590, 591, 592, 593, 594, 595, 596, 597, 598, 599, 244, 358, 406, 410, 471, 205, 223, 225, 237, 248, 270, 271, 277, 285, 286, 299, 304, 312, 347, 359, 371, 390, 396, 414, 431, 442, 450, 480, 488, 526, 530, 535, 537, 547, 578, 168, 202, 245, 249, 262, 278, 389, 449, 511, 574]}
FP rate  0.00977 FN rate  0.2
 Before reassigning cells 
 Timepoint  2
 Cluster  5  # of cells  69
 Cluster  7  # of cells  31
 Timepoint  3
 Cluster  7  # of cells  66
 Cluster  4  # of cells  6
 Cluster  3  # of cells  4
 Cluster  1  # of cells  424
 Cells absent at timepoint  2   set()
 Cells absent at timepoint  3   set()
 Timepoint  2
 Timepoint  3
SortedDict({2: {'5': ['0', '1', '2', '3', '4', '5', '6', '7', '8', '9', '10', '11', '12', '13', '14', '15', '16', '17', '18', '19', '20', '21', '22', '23', '24', '25', '26', '27', '28', '29', '30', '31', '32', '33', '34', '35', '36', '37', '38', '39', '40', '41', '42', '43', '44', '45', '46', '47', '48', '49', '50', '51', '52', '53', '54', '55', '56', '57', '58', '59', '60', '61', '62', '63', '64', '65', '66', '67', '68'], '7': ['69', '70', '71', '72', '73', '74', '75', '76', '77', '78', '79', '80', '81', '82', '83', '84', '85', '86', '87', '88', '89', '90', '91', '92', '93', '94', '95', '96', '97', '98', '99']}, 3: {'7': ['100', '101', '102', '103', '104', '105', '106', '107', '108', '109', '110', '111', '112', '113', '114', '115', '116', '117', '118', '119', '120', '121', '122', '123', '124', '125', '126', '127', '128', '129', '130', '131', '132', '133', '134', '135', '136', '137', '138', '139', '140', '141', '142', '143', '144', '145', '146', '147', '148', '149', '150', '151', '152', '153', '154', '155', '156', '157', '158', '159', '160', '161', '162', '163', '164', '165'], '4': ['235', '401', '424', '525', '545', '585'], '3': ['189', '363', '452', '455'], '1': ['166', '167', '168', '169', '170', '171', '172', '173', '174', '175', '176', '177', '178', '179', '180', '181', '182', '183', '184', '185', '186', '187', '188', '190', '191', '192', '193', '194', '195', '196', '197', '198', '199', '200', '201', '202', '203', '204', '205', '206', '207', '208', '209', '210', '211', '212', '213', '214', '215', '216', '217', '218', '219', '220', '221', '222', '223', '224', '225', '226', '227', '228', '229', '230', '231', '232', '233', '234', '236', '237', '238', '239', '240', '241', '242', '243', '244', '245', '246', '247', '248', '249', '250', '251', '252', '253', '254', '255', '256', '257', '258', '259', '260', '261', '262', '263', '264', '265', '266', '267', '268', '269', '270', '271', '272', '273', '274', '275', '276', '277', '278', '279', '280', '281', '282', '283', '284', '285', '286', '287', '288', '289', '290', '291', '292', '293', '294', '295', '296', '297', '298', '299', '300', '301', '302', '303', '304', '305', '306', '307', '308', '309', '310', '311', '312', '313', '314', '315', '316', '317', '318', '319', '320', '321', '322', '323', '324', '325', '326', '327', '328', '329', '330', '331', '332', '333', '334', '335', '336', '337', '338', '339', '340', '341', '342', '343', '344', '345', '346', '347', '348', '349', '350', '351', '352', '353', '354', '355', '356', '357', '358', '359', '360', '361', '362', '364', '365', '366', '367', '368', '369', '370', '371', '372', '373', '374', '375', '376', '377', '378', '379', '380', '381', '382', '383', '384', '385', '386', '387', '388', '389', '390', '391', '392', '393', '394', '395', '396', '397', '398', '399', '400', '402', '403', '404', '405', '406', '407', '408', '409', '410', '411', '412', '413', '414', '415', '416', '417', '418', '419', '420', '421', '422', '423', '425', '426', '427', '428', '429', '430', '431', '432', '433', '434', '435', '436', '437', '438', '439', '440', '441', '442', '443', '444', '445', '446', '447', '448', '449', '450', '451', '453', '454', '456', '457', '458', '459', '460', '461', '462', '463', '464', '465', '466', '467', '468', '469', '470', '471', '472', '473', '474', '475', '476', '477', '478', '479', '480', '481', '482', '483', '484', '485', '486', '487', '488', '489', '490', '491', '492', '493', '494', '495', '496', '497', '498', '499', '500', '501', '502', '503', '504', '505', '506', '507', '508', '509', '510', '511', '512', '513', '514', '515', '516', '517', '518', '519', '520', '521', '522', '523', '524', '526', '527', '528', '529', '530', '531', '532', '533', '534', '535', '536', '537', '538', '539', '540', '541', '542', '543', '544', '546', '547', '548', '549', '550', '551', '552', '553', '554', '555', '556', '557', '558', '559', '560', '561', '562', '563', '564', '565', '566', '567', '568', '569', '570', '571', '572', '573', '574', '575', '576', '577', '578', '579', '580', '581', '582', '583', '584', '586', '587', '588', '589', '590', '591', '592', '593', '594', '595', '596', '597', '598', '599']}})
 Cluster1  4
SortedDict({2: {'5': ['0', '1', '2', '3', '4', '5', '6', '7', '8', '9', '10', '11', '12', '13', '14', '15', '16', '17', '18', '19', '20', '21', '22', '23', '24', '25', '26', '27', '28', '29', '30', '31', '32', '33', '34', '35', '36', '37', '38', '39', '40', '41', '42', '43', '44', '45', '46', '47', '48', '49', '50', '51', '52', '53', '54', '55', '56', '57', '58', '59', '60', '61', '62', '63', '64', '65', '66', '67', '68'], '7': ['69', '70', '71', '72', '73', '74', '75', '76', '77', '78', '79', '80', '81', '82', '83', '84', '85', '86', '87', '88', '89', '90', '91', '92', '93', '94', '95', '96', '97', '98', '99']}, 3: {'7': ['100', '101', '102', '103', '104', '105', '106', '107', '108', '109', '110', '111', '112', '113', '114', '115', '116', '117', '118', '119', '120', '121', '122', '123', '124', '125', '126', '127', '128', '129', '130', '131', '132', '133', '134', '135', '136', '137', '138', '139', '140', '141', '142', '143', '144', '145', '146', '147', '148', '149', '150', '151', '152', '153', '154', '155', '156', '157', '158', '159', '160', '161', '162', '163', '164', '165'], '4': ['235', '401', '424', '525', '545', '585', '189', '363', '452', '455'], '3': ['189', '363', '452', '455'], '1': ['166', '167', '168', '169', '170', '171', '172', '173', '174', '175', '176', '177', '178', '179', '180', '181', '182', '183', '184', '185', '186', '187', '188', '190', '191', '192', '193', '194', '195', '196', '197', '198', '199', '200', '201', '202', '203', '204', '205', '206', '207', '208', '209', '210', '211', '212', '213', '214', '215', '216', '217', '218', '219', '220', '221', '222', '223', '224', '225', '226', '227', '228', '229', '230', '231', '232', '233', '234', '236', '237', '238', '239', '240', '241', '242', '243', '244', '245', '246', '247', '248', '249', '250', '251', '252', '253', '254', '255', '256', '257', '258', '259', '260', '261', '262', '263', '264', '265', '266', '267', '268', '269', '270', '271', '272', '273', '274', '275', '276', '277', '278', '279', '280', '281', '282', '283', '284', '285', '286', '287', '288', '289', '290', '291', '292', '293', '294', '295', '296', '297', '298', '299', '300', '301', '302', '303', '304', '305', '306', '307', '308', '309', '310', '311', '312', '313', '314', '315', '316', '317', '318', '319', '320', '321', '322', '323', '324', '325', '326', '327', '328', '329', '330', '331', '332', '333', '334', '335', '336', '337', '338', '339', '340', '341', '342', '343', '344', '345', '346', '347', '348', '349', '350', '351', '352', '353', '354', '355', '356', '357', '358', '359', '360', '361', '362', '364', '365', '366', '367', '368', '369', '370', '371', '372', '373', '374', '375', '376', '377', '378', '379', '380', '381', '382', '383', '384', '385', '386', '387', '388', '389', '390', '391', '392', '393', '394', '395', '396', '397', '398', '399', '400', '402', '403', '404', '405', '406', '407', '408', '409', '410', '411', '412', '413', '414', '415', '416', '417', '418', '419', '420', '421', '422', '423', '425', '426', '427', '428', '429', '430', '431', '432', '433', '434', '435', '436', '437', '438', '439', '440', '441', '442', '443', '444', '445', '446', '447', '448', '449', '450', '451', '453', '454', '456', '457', '458', '459', '460', '461', '462', '463', '464', '465', '466', '467', '468', '469', '470', '471', '472', '473', '474', '475', '476', '477', '478', '479', '480', '481', '482', '483', '484', '485', '486', '487', '488', '489', '490', '491', '492', '493', '494', '495', '496', '497', '498', '499', '500', '501', '502', '503', '504', '505', '506', '507', '508', '509', '510', '511', '512', '513', '514', '515', '516', '517', '518', '519', '520', '521', '522', '523', '524', '526', '527', '528', '529', '530', '531', '532', '533', '534', '535', '536', '537', '538', '539', '540', '541', '542', '543', '544', '546', '547', '548', '549', '550', '551', '552', '553', '554', '555', '556', '557', '558', '559', '560', '561', '562', '563', '564', '565', '566', '567', '568', '569', '570', '571', '572', '573', '574', '575', '576', '577', '578', '579', '580', '581', '582', '583', '584', '586', '587', '588', '589', '590', '591', '592', '593', '594', '595', '596', '597', '598', '599']}})
 Cluster1  4
 Cluster to drop  3
 Cluster to drop  1
 After reassigning and merging cells 
 Timepoint  2
 Cluster  5  # of cells  69
 Cluster  7  # of cells  31
 Timepoint  3
 Cluster  7  # of cells  66
 Cluster  4  # of cells  434
 Tp cluster cell dict  {'5_2': 69, '7_2': 31, '7_3': 66, '4_3': 434}
 New Graph is here 
 ID  0  Timepoint  1  Mutations  []  Type  subclone
 ID  1  Timepoint  2  Mutations  [8, 9, 10, 11, 12, 13, 14, 15, 16, 17, 18, 19, 20, 21, 22, 23, 24, 25]  Type  subclone
 ID  2  Timepoint  2  Mutations  [8, 9, 10, 11, 12, 13, 14, 15, 16, 26, 27, 28, 29, 30, 31, 32]  Type  subclone
 ID  3  Timepoint  3  Mutations  [8, 9, 10, 11, 12, 13, 14, 15, 16, 26, 27, 28, 29, 30, 31, 32]  Type  subclone
 ID  4  Timepoint  3  Mutations  [8, 9, 10, 11, 12, 13, 14, 15, 16, 26, 27, 28, 29, 30, 31, 32, 33, 34, 35, 36, 37, 38, 39, 40, 41, 42, 43, 44]  Type  subclone
Timepoints  SortedDict({1: [0], 2: [1, 2], 3: [3, 4]})
 Clone to nodes  {'5_2': 1, '7_2': 2, '7_3': 3, '4_3': 4}
 Timepoint ====  1
 Hash table  {'0,1': [8, 9, 10, 11, 12, 13, 14, 15, 16], '0': [17, 18, 19, 20, 21, 22, 23, 24, 25], '1': [26, 27, 28, 29, 30, 31, 32]}
 Final possible usc  [[8, 9, 10, 11, 12, 13, 14, 15, 16], [17, 18, 19, 20, 21, 22, 23, 24, 25], [26, 27, 28, 29, 30, 31, 32]]
 Time  1  USC keys  {'26,27,28,29,30,31,32_0', '8,9,10,11,12,13,14,15,16_0', '17,18,19,20,21,22,23,24,25_0'}
 USC children  {'8,9,10,11,12,13,14,15,16_0': [1, 2], '17,18,19,20,21,22,23,24,25_0': [1], '26,27,28,29,30,31,32_0': [2]}
 USC children  {'8,9,10,11,12,13,14,15,16_0': [1, 2], '17,18,19,20,21,22,23,24,25_0': [1], '26,27,28,29,30,31,32_0': [2]}
 Timepoint ====  2
 Hash table  {'0': [8, 9, 10, 11, 12, 13, 14, 15, 16, 26, 27, 28, 29, 30, 31, 32, 33, 34, 35, 36, 37, 38, 39, 40, 41, 42, 43, 44]}
====== Inside find superset of t nodes ==========
 Final possible usc  [[8, 9, 10, 11, 12, 13, 14, 15, 16, 26, 27, 28, 29, 30, 31, 32, 33, 34, 35, 36, 37, 38, 39, 40, 41, 42, 43, 44]]
 Time  2  USC keys  {'8,9,10,11,12,13,14,15,16,26,27,28,29,30,31,32,33,34,35,36,37,38,39,40,41,42,43,44_2'}
 USC children  {'8,9,10,11,12,13,14,15,16_0': [1, 2], '17,18,19,20,21,22,23,24,25_0': [1], '26,27,28,29,30,31,32_0': [2], '8,9,10,11,12,13,14,15,16,26,27,28,29,30,31,32,33,34,35,36,37,38,39,40,41,42,43,44_2': [4]}
 USC children  {'8,9,10,11,12,13,14,15,16_0': [1, 2], '17,18,19,20,21,22,23,24,25_0': [1], '26,27,28,29,30,31,32_0': [2], '8,9,10,11,12,13,14,15,16,26,27,28,29,30,31,32,33,34,35,36,37,38,39,40,41,42,43,44_2': [4]}
 Node s  {'1,2': ['8', '9', '10', '11', '12', '13', '14', '15', '16'], '4': ['8', '9', '10', '11', '12', '13', '14', '15', '16', '26', '27', '28', '29', '30', '31', '32', '33', '34', '35', '36', '37', '38', '39', '40', '41', '42', '43', '44']}
 Enroll USC nodes  ['1', '2']  len  2
 Enroll USC nodes  ['4']  len  1
 Node TP  SortedDict({1: [0], 2: [1, 2], 3: [3, 4]})
 Unobserved subclones at timepoints  {1.5: [5]}
 ============== Inside finding node v ============ 
 Time  2
 Time  3
 largest_v_mut  [[32, 8, 9, 10, 11, 12, 13, 14, 15, 16, 26, 27, 28, 29, 30, 31]]
 Sorted all timepoints  [1, 1.5, 2, 3]
 Timepoint  2
 Inside usc_node check  2
 Timepoint  3
0   1   [-1]   subclone   []   []
1   2   [5]   subclone   [8, 9, 10, 11, 12, 13, 14, 15, 16, 17, 18, 19, 20, 21, 22, 23, 24, 25]   [9]
2   2   [5]   subclone   [8, 9, 10, 11, 12, 13, 14, 15, 16, 26, 27, 28, 29, 30, 31, 32]   [7]
3   3   [2]   subclone   [8, 9, 10, 11, 12, 13, 14, 15, 16, 26, 27, 28, 29, 30, 31, 32]   [0]
4   3   [2]   subclone   [8, 9, 10, 11, 12, 13, 14, 15, 16, 26, 27, 28, 29, 30, 31, 32, 33, 34, 35, 36, 37, 38, 39, 40, 41, 42, 43, 44]   [12]
5   1.5   [0]   unobserved subclone   [8, 9, 10, 11, 12, 13, 14, 15, 16]   [9]
8
 Total estimated FP  92  True negatives  9599
 Total estimated FN  2378  True positives  9531
 Estimated FP rate  0.00956
 Estimated FN rate  0.2
 No. of Cells in each cluster  {'7_2': 69, '5_2': 31, '5_3': 66, '3_3': 2, '4_3': 432}
 Cells in each cluster  {'7_2': [0, 1, 2, 3, 4, 5, 6, 7, 8, 9, 10, 11, 12, 13, 14, 15, 16, 17, 18, 19, 20, 21, 22, 23, 24, 25, 26, 27, 28, 29, 30, 31, 32, 33, 34, 35, 36, 37, 38, 39, 40, 41, 42, 43, 44, 45, 46, 47, 48, 49, 50, 51, 52, 53, 54, 55, 56, 57, 58, 59, 60, 61, 62, 63, 64, 65, 66, 67, 68], '5_2': [69, 70, 71, 72, 73, 74, 75, 76, 77, 78, 79, 80, 81, 82, 83, 84, 85, 86, 87, 88, 89, 90, 91, 92, 93, 94, 95, 96, 97, 98, 99], '5_3': [100, 101, 102, 103, 104, 105, 106, 107, 108, 109, 110, 111, 112, 113, 114, 115, 116, 117, 118, 119, 120, 121, 122, 123, 124, 125, 126, 127, 128, 129, 130, 131, 132, 133, 134, 135, 136, 137, 138, 139, 140, 141, 142, 143, 144, 145, 146, 147, 148, 149, 150, 151, 152, 153, 154, 155, 156, 157, 158, 159, 160, 161, 162, 163, 164, 165], '3_3': [235, 585], '4_3': [166, 167, 169, 170, 171, 172, 173, 174, 175, 176, 177, 178, 179, 181, 182, 183, 184, 185, 186, 187, 188, 189, 190, 191, 192, 193, 194, 195, 196, 197, 198, 199, 200, 201, 203, 204, 205, 206, 207, 208, 209, 210, 211, 212, 213, 214, 215, 216, 217, 218, 219, 220, 221, 222, 224, 225, 226, 227, 228, 229, 230, 231, 232, 233, 234, 236, 238, 240, 241, 242, 243, 246, 247, 248, 249, 250, 251, 252, 254, 255, 256, 257, 258, 259, 260, 261, 263, 264, 265, 266, 267, 268, 269, 270, 271, 272, 273, 274, 275, 276, 277, 279, 280, 282, 283, 284, 285, 286, 287, 288, 289, 290, 291, 292, 293, 294, 295, 296, 297, 298, 299, 300, 301, 302, 303, 304, 305, 306, 307, 308, 309, 310, 311, 312, 313, 314, 315, 316, 317, 318, 319, 320, 321, 322, 323, 324, 325, 326, 327, 328, 329, 330, 332, 333, 334, 335, 336, 337, 338, 339, 340, 341, 343, 344, 345, 346, 347, 348, 349, 350, 351, 352, 353, 354, 355, 356, 357, 359, 360, 361, 362, 364, 365, 366, 367, 368, 369, 370, 371, 372, 373, 374, 376, 377, 378, 379, 380, 381, 382, 383, 384, 385, 386, 387, 388, 390, 391, 392, 393, 394, 395, 396, 397, 398, 399, 400, 401, 402, 403, 404, 405, 407, 408, 409, 411, 412, 413, 414, 415, 416, 417, 418, 419, 420, 421, 422, 423, 424, 425, 426, 427, 428, 429, 430, 431, 432, 433, 434, 435, 436, 437, 438, 440, 441, 442, 443, 444, 445, 446, 447, 448, 451, 453, 454, 455, 456, 457, 458, 459, 460, 461, 462, 463, 464, 465, 466, 467, 468, 469, 470, 472, 473, 474, 475, 476, 477, 478, 479, 480, 481, 482, 483, 484, 485, 486, 487, 489, 490, 491, 492, 493, 494, 495, 496, 497, 498, 499, 500, 501, 502, 504, 505, 506, 507, 508, 509, 510, 512, 513, 514, 515, 516, 517, 518, 519, 520, 521, 522, 523, 524, 525, 526, 527, 528, 529, 531, 532, 534, 535, 536, 537, 538, 539, 540, 541, 542, 543, 545, 546, 547, 548, 549, 550, 551, 552, 553, 554, 555, 556, 557, 558, 559, 560, 561, 562, 563, 564, 565, 566, 567, 568, 569, 570, 571, 572, 573, 574, 575, 576, 577, 578, 579, 580, 581, 582, 583, 584, 586, 587, 588, 589, 590, 591, 592, 593, 594, 595, 596, 598, 599, 223, 237, 363, 450, 452, 488, 530, 244, 358, 406, 410, 471, 180, 239, 253, 342, 439, 503, 533, 544, 597, 168, 202, 245, 262, 278, 281, 331, 375, 389, 449, 511]}
FP rate  0.00956 FN rate  0.2
 Before reassigning cells 
 Timepoint  2
 Cluster  7  # of cells  69
 Cluster  5  # of cells  31
 Timepoint  3
 Cluster  5  # of cells  66
 Cluster  3  # of cells  5
 Cluster  4  # of cells  424
 Cells absent at timepoint  2   set()
 Cells absent at timepoint  3   {545, 591, 401, 306, 406}
 Missing cell prob  {'4': 3.119409093308031e-07, '5': 2.6622204946446594e-19, '3': 3.1194090933080304e-07}
 Missing cell prob  {'4': 1.9584326947013704e-05, '5': 6.926448507609602e-15, '3': 1.958432694701371e-05}
 Missing cell prob  {'4': 2.015691833646804e-05, '5': 8.51910558286291e-17, '3': 2.0156918336468035e-05}
 Missing cell prob  {'4': 1.2185191770734495e-07, '5': 1.2506298426671834e-10, '3': 1.2185191770734495e-07}
 Missing cell prob  {'4': 1.263633667597743e-06, '5': 1.0784322757853541e-18, '3': 1.2636336675977426e-06}
 Timepoint  2
 Timepoint  3
SortedDict({2: {'7': ['0', '1', '2', '3', '4', '5', '6', '7', '8', '9', '10', '11', '12', '13', '14', '15', '16', '17', '18', '19', '20', '21', '22', '23', '24', '25', '26', '27', '28', '29', '30', '31', '32', '33', '34', '35', '36', '37', '38', '39', '40', '41', '42', '43', '44', '45', '46', '47', '48', '49', '50', '51', '52', '53', '54', '55', '56', '57', '58', '59', '60', '61', '62', '63', '64', '65', '66', '67', '68'], '5': ['69', '70', '71', '72', '73', '74', '75', '76', '77', '78', '79', '80', '81', '82', '83', '84', '85', '86', '87', '88', '89', '90', '91', '92', '93', '94', '95', '96', '97', '98', '99']}, 3: {'5': ['100', '101', '102', '103', '104', '105', '106', '107', '108', '109', '110', '111', '112', '113', '114', '115', '116', '117', '118', '119', '120', '121', '122', '123', '124', '125', '126', '127', '128', '129', '130', '131', '132', '133', '134', '135', '136', '137', '138', '139', '140', '141', '142', '143', '144', '145', '146', '147', '148', '149', '150', '151', '152', '153', '154', '155', '156', '157', '158', '159', '160', '161', '162', '163', '164', '165'], '3': ['167', '235', '525', '543', '585', '591'], '4': ['166', '168', '169', '170', '171', '172', '173', '174', '175', '176', '177', '178', '179', '180', '181', '182', '183', '184', '185', '186', '187', '188', '189', '190', '191', '192', '193', '194', '195', '196', '197', '198', '199', '200', '201', '202', '203', '204', '205', '206', '207', '208', '209', '210', '211', '212', '213', '214', '215', '216', '217', '218', '219', '220', '221', '222', '223', '224', '225', '226', '227', '228', '229', '230', '231', '232', '233', '234', '236', '237', '238', '239', '240', '241', '242', '243', '244', '245', '246', '247', '248', '249', '250', '251', '252', '253', '254', '255', '256', '257', '258', '259', '260', '261', '262', '263', '264', '265', '266', '267', '268', '269', '270', '271', '272', '273', '274', '275', '276', '277', '278', '279', '280', '281', '282', '283', '284', '285', '286', '287', '288', '289', '290', '291', '292', '293', '294', '295', '296', '297', '298', '299', '300', '301', '302', '303', '304', '305', '307', '308', '309', '310', '311', '312', '313', '314', '315', '316', '317', '318', '319', '320', '321', '322', '323', '324', '325', '326', '327', '328', '329', '330', '331', '332', '333', '334', '335', '336', '337', '338', '339', '340', '341', '342', '343', '344', '345', '346', '347', '348', '349', '350', '351', '352', '353', '354', '355', '356', '357', '358', '359', '360', '361', '362', '363', '364', '365', '366', '367', '368', '369', '370', '371', '372', '373', '374', '375', '376', '377', '378', '379', '380', '381', '382', '383', '384', '385', '386', '387', '388', '389', '390', '391', '392', '393', '394', '395', '396', '397', '398', '399', '400', '402', '403', '404', '405', '407', '408', '409', '410', '411', '412', '413', '414', '415', '416', '417', '418', '419', '420', '421', '422', '423', '424', '425', '426', '427', '428', '429', '430', '431', '432', '433', '434', '435', '436', '437', '438', '439', '440', '441', '442', '443', '444', '445', '446', '447', '448', '449', '450', '451', '452', '453', '454', '455', '456', '457', '458', '459', '460', '461', '462', '463', '464', '465', '466', '467', '468', '469', '470', '471', '472', '473', '474', '475', '476', '477', '478', '479', '480', '481', '482', '483', '484', '485', '486', '487', '488', '489', '490', '491', '492', '493', '494', '495', '496', '497', '498', '499', '500', '501', '502', '503', '504', '505', '506', '507', '508', '509', '510', '511', '512', '513', '514', '515', '516', '517', '518', '519', '520', '521', '522', '523', '524', '526', '527', '528', '529', '530', '531', '532', '533', '534', '535', '536', '537', '538', '539', '540', '541', '542', '544', '546', '547', '548', '549', '550', '551', '552', '553', '554', '555', '556', '557', '558', '559', '560', '561', '562', '563', '564', '565', '566', '567', '568', '569', '570', '571', '572', '573', '574', '575', '576', '577', '578', '579', '580', '581', '582', '583', '584', '586', '587', '588', '589', '590', '592', '593', '594', '595', '596', '597', '598', '599', '545', '401', '306', '406']}})
 Cluster1  3
 Cluster to drop  4
 After reassigning and merging cells 
 Timepoint  2
 Cluster  7  # of cells  69
 Cluster  5  # of cells  31
 Timepoint  3
 Cluster  5  # of cells  66
 Cluster  3  # of cells  434
 Tp cluster cell dict  {'7_2': 69, '5_2': 31, '5_3': 66, '3_3': 434}
 New Graph is here 
 ID  0  Timepoint  1  Mutations  []  Type  subclone
 ID  1  Timepoint  2  Mutations  [8, 9, 10, 11, 12, 13, 14, 15, 16, 17, 18, 19, 20, 21, 22, 23, 24, 25]  Type  subclone
 ID  2  Timepoint  2  Mutations  [8, 9, 10, 11, 12, 13, 14, 15, 16, 26, 27, 28, 29, 30, 31, 32]  Type  subclone
 ID  3  Timepoint  3  Mutations  [8, 9, 10, 11, 12, 13, 14, 15, 16, 26, 27, 28, 29, 30, 31, 32]  Type  subclone
 ID  4  Timepoint  3  Mutations  [8, 9, 10, 11, 12, 13, 14, 15, 16, 26, 27, 28, 29, 30, 31, 32, 33, 34, 35, 36, 37, 38, 39, 40, 41, 42, 43, 44]  Type  subclone
Timepoints  SortedDict({1: [0], 2: [1, 2], 3: [3, 4]})
 Clone to nodes  {'7_2': 1, '5_2': 2, '5_3': 3, '3_3': 4}
 Timepoint ====  1
 Hash table  {'0,1': [8, 9, 10, 11, 12, 13, 14, 15, 16], '0': [17, 18, 19, 20, 21, 22, 23, 24, 25], '1': [26, 27, 28, 29, 30, 31, 32]}
 Final possible usc  [[8, 9, 10, 11, 12, 13, 14, 15, 16], [17, 18, 19, 20, 21, 22, 23, 24, 25], [26, 27, 28, 29, 30, 31, 32]]
 Time  1  USC keys  {'17,18,19,20,21,22,23,24,25_0', '26,27,28,29,30,31,32_0', '8,9,10,11,12,13,14,15,16_0'}
 USC children  {'8,9,10,11,12,13,14,15,16_0': [1, 2], '17,18,19,20,21,22,23,24,25_0': [1], '26,27,28,29,30,31,32_0': [2]}
 USC children  {'8,9,10,11,12,13,14,15,16_0': [1, 2], '17,18,19,20,21,22,23,24,25_0': [1], '26,27,28,29,30,31,32_0': [2]}
 Timepoint ====  2
 Hash table  {'0': [8, 9, 10, 11, 12, 13, 14, 15, 16, 26, 27, 28, 29, 30, 31, 32, 33, 34, 35, 36, 37, 38, 39, 40, 41, 42, 43, 44]}
====== Inside find superset of t nodes ==========
 Final possible usc  [[8, 9, 10, 11, 12, 13, 14, 15, 16, 26, 27, 28, 29, 30, 31, 32, 33, 34, 35, 36, 37, 38, 39, 40, 41, 42, 43, 44]]
 Time  2  USC keys  {'8,9,10,11,12,13,14,15,16,26,27,28,29,30,31,32,33,34,35,36,37,38,39,40,41,42,43,44_2'}
 USC children  {'8,9,10,11,12,13,14,15,16_0': [1, 2], '17,18,19,20,21,22,23,24,25_0': [1], '26,27,28,29,30,31,32_0': [2], '8,9,10,11,12,13,14,15,16,26,27,28,29,30,31,32,33,34,35,36,37,38,39,40,41,42,43,44_2': [4]}
 USC children  {'8,9,10,11,12,13,14,15,16_0': [1, 2], '17,18,19,20,21,22,23,24,25_0': [1], '26,27,28,29,30,31,32_0': [2], '8,9,10,11,12,13,14,15,16,26,27,28,29,30,31,32,33,34,35,36,37,38,39,40,41,42,43,44_2': [4]}
 Node s  {'1,2': ['8', '9', '10', '11', '12', '13', '14', '15', '16'], '4': ['8', '9', '10', '11', '12', '13', '14', '15', '16', '26', '27', '28', '29', '30', '31', '32', '33', '34', '35', '36', '37', '38', '39', '40', '41', '42', '43', '44']}
 Enroll USC nodes  ['1', '2']  len  2
 Enroll USC nodes  ['4']  len  1
 Node TP  SortedDict({1: [0], 2: [1, 2], 3: [3, 4]})
 Unobserved subclones at timepoints  {1.5: [5]}
 ============== Inside finding node v ============ 
 Time  2
 Time  3
 largest_v_mut  [[32, 8, 9, 10, 11, 12, 13, 14, 15, 16, 26, 27, 28, 29, 30, 31]]
 Sorted all timepoints  [1, 1.5, 2, 3]
 Timepoint  2
 Inside usc_node check  2
 Timepoint  3
0   1   [-1]   subclone   []   []
1   2   [5]   subclone   [8, 9, 10, 11, 12, 13, 14, 15, 16, 17, 18, 19, 20, 21, 22, 23, 24, 25]   [9]
2   2   [5]   subclone   [8, 9, 10, 11, 12, 13, 14, 15, 16, 26, 27, 28, 29, 30, 31, 32]   [7]
3   3   [2]   subclone   [8, 9, 10, 11, 12, 13, 14, 15, 16, 26, 27, 28, 29, 30, 31, 32]   [0]
4   3   [2]   subclone   [8, 9, 10, 11, 12, 13, 14, 15, 16, 26, 27, 28, 29, 30, 31, 32, 33, 34, 35, 36, 37, 38, 39, 40, 41, 42, 43, 44]   [12]
5   1.5   [0]   unobserved subclone   [8, 9, 10, 11, 12, 13, 14, 15, 16]   [9]
4
 Total estimated FP  96  True negatives  9596
 Total estimated FN  2381  True positives  9527
 Estimated FP rate  0.00998
 Estimated FN rate  0.2
 No. of Cells in each cluster  {'2_2': 69, '3_2': 31, '3_3': 66, '1_3': 434}
 Cells in each cluster  {'2_2': [0, 1, 2, 3, 4, 5, 6, 7, 8, 9, 10, 11, 12, 13, 14, 15, 16, 17, 18, 19, 20, 21, 22, 23, 24, 25, 26, 27, 28, 29, 30, 31, 32, 33, 34, 35, 36, 37, 38, 39, 40, 41, 42, 43, 44, 45, 46, 47, 48, 49, 50, 51, 52, 53, 54, 55, 56, 57, 58, 59, 60, 61, 62, 63, 64, 65, 66, 67, 68], '3_2': [69, 70, 71, 72, 73, 74, 75, 76, 77, 78, 79, 80, 81, 82, 83, 84, 85, 86, 87, 88, 89, 90, 91, 92, 93, 94, 95, 96, 97, 98, 99], '3_3': [100, 101, 102, 103, 104, 105, 106, 107, 108, 109, 110, 111, 112, 113, 114, 115, 116, 117, 118, 119, 120, 121, 122, 123, 124, 125, 126, 127, 128, 129, 130, 131, 132, 133, 134, 135, 136, 137, 138, 139, 140, 141, 142, 143, 144, 145, 146, 147, 148, 149, 150, 151, 152, 153, 154, 155, 156, 157, 158, 159, 160, 161, 162, 163, 164, 165], '1_3': [166, 167, 168, 169, 170, 171, 172, 173, 174, 175, 176, 177, 178, 179, 180, 181, 182, 183, 184, 185, 186, 187, 188, 189, 190, 191, 192, 193, 194, 195, 196, 197, 198, 199, 200, 201, 202, 203, 204, 205, 206, 207, 208, 209, 210, 211, 212, 213, 214, 215, 216, 217, 218, 219, 220, 221, 222, 223, 224, 225, 226, 227, 228, 229, 230, 231, 232, 233, 234, 236, 237, 238, 239, 240, 241, 242, 243, 244, 245, 246, 247, 248, 249, 250, 251, 252, 253, 254, 255, 256, 257, 258, 259, 260, 261, 262, 263, 264, 265, 266, 267, 268, 269, 270, 271, 272, 273, 274, 275, 276, 277, 278, 279, 280, 281, 282, 283, 284, 285, 286, 287, 288, 289, 290, 291, 292, 293, 294, 295, 296, 297, 298, 299, 300, 301, 302, 303, 304, 305, 306, 307, 308, 309, 310, 311, 312, 313, 314, 315, 316, 317, 318, 319, 320, 321, 322, 323, 324, 325, 326, 327, 328, 329, 330, 331, 332, 333, 334, 335, 336, 337, 338, 339, 340, 341, 342, 343, 344, 345, 346, 347, 349, 350, 351, 352, 353, 354, 355, 356, 357, 359, 360, 361, 362, 364, 365, 366, 367, 368, 369, 370, 371, 372, 373, 374, 375, 376, 377, 378, 379, 380, 381, 382, 383, 384, 385, 386, 387, 388, 389, 390, 391, 392, 393, 394, 395, 397, 398, 399, 400, 401, 402, 403, 404, 405, 406, 408, 409, 410, 411, 412, 413, 414, 415, 416, 417, 418, 419, 420, 421, 422, 423, 424, 425, 426, 427, 428, 429, 430, 431, 432, 433, 434, 435, 436, 437, 438, 439, 440, 441, 443, 444, 445, 446, 447, 448, 449, 450, 451, 454, 455, 456, 457, 458, 459, 460, 461, 462, 463, 464, 465, 466, 467, 468, 469, 470, 472, 473, 474, 475, 476, 477, 478, 479, 481, 482, 483, 484, 485, 486, 487, 488, 489, 490, 491, 492, 493, 494, 495, 496, 497, 498, 499, 500, 501, 502, 503, 504, 505, 506, 507, 508, 509, 510, 511, 512, 513, 514, 515, 516, 518, 519, 520, 521, 522, 523, 525, 527, 528, 529, 530, 531, 532, 533, 534, 535, 536, 537, 538, 539, 540, 541, 542, 543, 544, 545, 546, 548, 549, 550, 551, 552, 553, 554, 555, 556, 557, 558, 559, 560, 562, 563, 564, 565, 566, 567, 569, 570, 571, 572, 573, 574, 575, 576, 577, 578, 579, 580, 581, 582, 583, 584, 586, 587, 588, 589, 590, 591, 592, 593, 594, 595, 596, 597, 598, 599, 235, 348, 358, 363, 396, 407, 442, 452, 453, 471, 480, 517, 524, 526, 547, 561, 568, 585]}
FP rate  0.00998 FN rate  0.2
 Before reassigning cells 
 Timepoint  2
 Cluster  2  # of cells  69
 Cluster  3  # of cells  31
 Timepoint  3
 Cluster  3  # of cells  66
 Cluster  1  # of cells  434
 Cells absent at timepoint  2   set()
 Cells absent at timepoint  3   set()
 Timepoint  2
 Timepoint  3
 After reassigning and merging cells 
 Timepoint  2
 Cluster  2  # of cells  69
 Cluster  3  # of cells  31
 Timepoint  3
 Cluster  3  # of cells  66
 Cluster  1  # of cells  434
 Tp cluster cell dict  {'2_2': 69, '3_2': 31, '3_3': 66, '1_3': 434}
 New Graph is here 
 ID  0  Timepoint  1  Mutations  []  Type  subclone
 ID  1  Timepoint  2  Mutations  [8, 9, 10, 11, 12, 13, 14, 15, 16, 17, 18, 19, 20, 21, 22, 23, 24, 25]  Type  subclone
 ID  2  Timepoint  2  Mutations  [8, 9, 10, 11, 12, 13, 14, 15, 16, 26, 27, 28, 29, 30, 31, 32]  Type  subclone
 ID  3  Timepoint  3  Mutations  [8, 9, 10, 11, 12, 13, 14, 15, 16, 26, 27, 28, 29, 30, 31, 32]  Type  subclone
 ID  4  Timepoint  3  Mutations  [8, 9, 10, 11, 12, 13, 14, 15, 16, 26, 27, 28, 29, 30, 31, 32, 33, 34, 35, 36, 37, 38, 39, 40, 41, 42, 43, 44]  Type  subclone
Timepoints  SortedDict({1: [0], 2: [1, 2], 3: [3, 4]})
 Clone to nodes  {'2_2': 1, '3_2': 2, '3_3': 3, '1_3': 4}
 Timepoint ====  1
 Hash table  {'0,1': [8, 9, 10, 11, 12, 13, 14, 15, 16], '0': [17, 18, 19, 20, 21, 22, 23, 24, 25], '1': [26, 27, 28, 29, 30, 31, 32]}
 Final possible usc  [[8, 9, 10, 11, 12, 13, 14, 15, 16], [17, 18, 19, 20, 21, 22, 23, 24, 25], [26, 27, 28, 29, 30, 31, 32]]
 Time  1  USC keys  {'8,9,10,11,12,13,14,15,16_0', '26,27,28,29,30,31,32_0', '17,18,19,20,21,22,23,24,25_0'}
 USC children  {'8,9,10,11,12,13,14,15,16_0': [1, 2], '17,18,19,20,21,22,23,24,25_0': [1], '26,27,28,29,30,31,32_0': [2]}
 USC children  {'8,9,10,11,12,13,14,15,16_0': [1, 2], '17,18,19,20,21,22,23,24,25_0': [1], '26,27,28,29,30,31,32_0': [2]}
 Timepoint ====  2
 Hash table  {'0': [8, 9, 10, 11, 12, 13, 14, 15, 16, 26, 27, 28, 29, 30, 31, 32, 33, 34, 35, 36, 37, 38, 39, 40, 41, 42, 43, 44]}
====== Inside find superset of t nodes ==========
 Final possible usc  [[8, 9, 10, 11, 12, 13, 14, 15, 16, 26, 27, 28, 29, 30, 31, 32, 33, 34, 35, 36, 37, 38, 39, 40, 41, 42, 43, 44]]
 Time  2  USC keys  {'8,9,10,11,12,13,14,15,16,26,27,28,29,30,31,32,33,34,35,36,37,38,39,40,41,42,43,44_2'}
 USC children  {'8,9,10,11,12,13,14,15,16_0': [1, 2], '17,18,19,20,21,22,23,24,25_0': [1], '26,27,28,29,30,31,32_0': [2], '8,9,10,11,12,13,14,15,16,26,27,28,29,30,31,32,33,34,35,36,37,38,39,40,41,42,43,44_2': [4]}
 USC children  {'8,9,10,11,12,13,14,15,16_0': [1, 2], '17,18,19,20,21,22,23,24,25_0': [1], '26,27,28,29,30,31,32_0': [2], '8,9,10,11,12,13,14,15,16,26,27,28,29,30,31,32,33,34,35,36,37,38,39,40,41,42,43,44_2': [4]}
 Node s  {'1,2': ['8', '9', '10', '11', '12', '13', '14', '15', '16'], '4': ['8', '9', '10', '11', '12', '13', '14', '15', '16', '26', '27', '28', '29', '30', '31', '32', '33', '34', '35', '36', '37', '38', '39', '40', '41', '42', '43', '44']}
 Enroll USC nodes  ['1', '2']  len  2
 Enroll USC nodes  ['4']  len  1
 Node TP  SortedDict({1: [0], 2: [1, 2], 3: [3, 4]})
 Unobserved subclones at timepoints  {1.5: [5]}
 ============== Inside finding node v ============ 
 Time  2
 Time  3
 largest_v_mut  [[32, 8, 9, 10, 11, 12, 13, 14, 15, 16, 26, 27, 28, 29, 30, 31]]
 Sorted all timepoints  [1, 1.5, 2, 3]
 Timepoint  2
 Inside usc_node check  2
 Timepoint  3
0   1   [-1]   subclone   []   []
1   2   [5]   subclone   [8, 9, 10, 11, 12, 13, 14, 15, 16, 17, 18, 19, 20, 21, 22, 23, 24, 25]   [9]
2   2   [5]   subclone   [8, 9, 10, 11, 12, 13, 14, 15, 16, 26, 27, 28, 29, 30, 31, 32]   [7]
3   3   [2]   subclone   [8, 9, 10, 11, 12, 13, 14, 15, 16, 26, 27, 28, 29, 30, 31, 32]   [0]
4   3   [2]   subclone   [8, 9, 10, 11, 12, 13, 14, 15, 16, 26, 27, 28, 29, 30, 31, 32, 33, 34, 35, 36, 37, 38, 39, 40, 41, 42, 43, 44]   [12]
5   1.5   [0]   unobserved subclone   [8, 9, 10, 11, 12, 13, 14, 15, 16]   [9]
 List of tree files  ['all_trees/default_rep4_m1_tree.csv', 'all_trees/default_rep4_m2_tree.csv', 'all_trees/default_rep4_m3_tree.csv', 'all_trees/default_rep4_m4_tree.csv', 'all_trees/default_rep4_m5_tree.csv']
{'1': ['8', '9', '10', '11', '12', '13', '14', '15', '16', '17', '18', '19', '20', '21', '22', '23', '24', '25'], '2': ['8', '9', '10', '11', '12', '13', '14', '15', '16', '26', '27', '28', '29', '30', '31', '32'], '3': ['8', '9', '10', '11', '12', '13', '14', '15', '16', '26', '27', '28', '29', '30', '31', '32'], '4': ['8', '9', '10', '11', '12', '13', '14', '15', '16', '26', '27', '28', '29', '30', '31', '32', '33', '34', '35', '36', '37', '38', '39', '40', '41', '42', '43', '44'], '5': ['8', '9', '10', '11', '12', '13', '14', '15', '16']}
 Actual mutation of  1   ['23', '22', '17', '24', '20', '25', '19', '21', '18']
 Actual mutation of  2   ['30', '26', '27', '31', '29', '32', '28']
 Actual mutation of  3   []
 Actual mutation of  4   ['44', '38', '41', '35', '40', '33', '37', '43', '42', '39', '34', '36']
 Updated node mutation  {'1': ['23', '22', '17', '24', '20', '25', '19', '21', '18'], '2': ['30', '26', '27', '31', '29', '32', '28'], '3': [], '4': ['44', '38', '41', '35', '40', '33', '37', '43', '42', '39', '34', '36'], '5': ['8', '9', '10', '11', '12', '13', '14', '15', '16']}
{'1': ['8', '9', '10', '11', '12', '13', '14', '15', '16', '17', '18', '19', '20', '21', '22', '23', '24', '25'], '2': ['8', '9', '10', '11', '12', '13', '14', '15', '16', '26', '27', '28', '29', '30', '31', '32'], '3': ['8', '9', '10', '11', '12', '13', '14', '15', '16', '26', '27', '28', '29', '30', '31', '32'], '4': ['8', '9', '10', '12', '13', '14', '15', '26', '27', '28', '29', '30', '31', '32', '33', '34', '36', '37', '39', '40', '41', '43', '44'], '5': ['8', '9', '10', '11', '12', '13', '14', '15', '16', '26', '27', '28', '29', '30', '31', '32', '33', '34', '35', '36', '37', '38', '39', '40', '41', '42', '43', '44'], '6': ['8', '9', '10', '11', '12', '13', '14', '15', '16']}
 Actual mutation of  1   ['23', '22', '17', '24', '20', '25', '19', '21', '18']
 Actual mutation of  2   ['30', '26', '27', '31', '29', '32', '28']
 Actual mutation of  3   []
 Actual mutation of  4   ['44', '41', '40', '33', '37', '43', '39', '34', '36']
 Actual mutation of  5   ['44', '38', '41', '35', '40', '33', '37', '43', '42', '39', '34', '36']
 Updated node mutation  {'1': ['23', '22', '17', '24', '20', '25', '19', '21', '18'], '2': ['30', '26', '27', '31', '29', '32', '28'], '3': [], '4': ['44', '41', '40', '33', '37', '43', '39', '34', '36'], '5': ['44', '38', '41', '35', '40', '33', '37', '43', '42', '39', '34', '36'], '6': ['8', '9', '10', '11', '12', '13', '14', '15', '16']}
{'1': ['8', '9', '10', '11', '12', '13', '14', '15', '16', '17', '18', '19', '20', '21', '22', '23', '24', '25'], '2': ['8', '9', '10', '11', '12', '13', '14', '15', '16', '26', '27', '28', '29', '30', '31', '32'], '3': ['8', '9', '10', '11', '12', '13', '14', '15', '16', '26', '27', '28', '29', '30', '31', '32'], '4': ['8', '9', '10', '11', '12', '13', '14', '15', '16', '26', '27', '28', '29', '30', '31', '32', '33', '34', '35', '36', '37', '38', '39', '40', '41', '42', '43', '44'], '5': ['8', '9', '10', '11', '12', '13', '14', '15', '16']}
 Actual mutation of  1   ['23', '22', '17', '24', '20', '25', '19', '21', '18']
 Actual mutation of  2   ['30', '26', '27', '31', '29', '32', '28']
 Actual mutation of  3   []
 Actual mutation of  4   ['44', '38', '41', '35', '40', '33', '37', '43', '42', '39', '34', '36']
 Updated node mutation  {'1': ['23', '22', '17', '24', '20', '25', '19', '21', '18'], '2': ['30', '26', '27', '31', '29', '32', '28'], '3': [], '4': ['44', '38', '41', '35', '40', '33', '37', '43', '42', '39', '34', '36'], '5': ['8', '9', '10', '11', '12', '13', '14', '15', '16']}
{'1': ['8', '9', '10', '11', '12', '13', '14', '15', '16', '17', '18', '19', '20', '21', '22', '23', '24', '25'], '2': ['8', '9', '10', '11', '12', '13', '14', '15', '16', '26', '27', '28', '29', '30', '31', '32'], '3': ['8', '9', '10', '11', '12', '13', '14', '15', '16', '26', '27', '28', '29', '30', '31', '32'], '4': ['8', '9', '10', '11', '12', '13', '14', '15', '16', '26', '27', '28', '29', '30', '31', '32', '33', '34', '35', '36', '37', '38', '39', '40', '41', '42', '43', '44'], '5': ['8', '9', '10', '11', '12', '13', '14', '15', '16']}
 Actual mutation of  1   ['23', '22', '17', '24', '20', '25', '19', '21', '18']
 Actual mutation of  2   ['30', '26', '27', '31', '29', '32', '28']
 Actual mutation of  3   []
 Actual mutation of  4   ['44', '38', '41', '35', '40', '33', '37', '43', '42', '39', '34', '36']
 Updated node mutation  {'1': ['23', '22', '17', '24', '20', '25', '19', '21', '18'], '2': ['30', '26', '27', '31', '29', '32', '28'], '3': [], '4': ['44', '38', '41', '35', '40', '33', '37', '43', '42', '39', '34', '36'], '5': ['8', '9', '10', '11', '12', '13', '14', '15', '16']}
{'1': ['8', '9', '10', '11', '12', '13', '14', '15', '16', '17', '18', '19', '20', '21', '22', '23', '24', '25'], '2': ['8', '9', '10', '11', '12', '13', '14', '15', '16', '26', '27', '28', '29', '30', '31', '32'], '3': ['8', '9', '10', '11', '12', '13', '14', '15', '16', '26', '27', '28', '29', '30', '31', '32'], '4': ['8', '9', '10', '11', '12', '13', '14', '15', '16', '26', '27', '28', '29', '30', '31', '32', '33', '34', '35', '36', '37', '38', '39', '40', '41', '42', '43', '44'], '5': ['8', '9', '10', '11', '12', '13', '14', '15', '16']}
 Actual mutation of  1   ['23', '22', '17', '24', '20', '25', '19', '21', '18']
 Actual mutation of  2   ['30', '26', '27', '31', '29', '32', '28']
 Actual mutation of  3   []
 Actual mutation of  4   ['44', '38', '41', '35', '40', '33', '37', '43', '42', '39', '34', '36']
 Updated node mutation  {'1': ['23', '22', '17', '24', '20', '25', '19', '21', '18'], '2': ['30', '26', '27', '31', '29', '32', '28'], '3': [], '4': ['44', '38', '41', '35', '40', '33', '37', '43', '42', '39', '34', '36'], '5': ['8', '9', '10', '11', '12', '13', '14', '15', '16']}
 Parallel mutation count  {'m1': 0, 'm2': 9, 'm3': 0, 'm4': 0, 'm5': 0}
 Clusters with least parallel mutations  ['m1', 'm3', 'm4', 'm5']
 Cluster nos for each run  {'m1': 9, 'm3': 8, 'm4': 8, 'm5': 4}
 Run  m5
 Base path  ['default', 'rep4', 'm1', 'tree.csv']
 Best tree path  default_rep4_m5_tree.csv
