10
 Total estimated FP  242  True negatives  24219
 Total estimated FN  1236  True positives  5023
 Estimated FP rate  0.04596
 Estimated FN rate  0.05
 No. of Cells in each cluster  {'1_2': 20, '1_3': 76, '2_2': 76, '2_3': 22, '6_2': 3, '6_3': 5, '4_3': 2, '9_3': 17, '3_3': 2, '7_3': 1, '5_3': 375, '5_2': 1}
 Cells in each cluster  {'1_2': [0, 1, 2, 3, 4, 5, 6, 7, 8, 9, 10, 11, 12, 13, 14, 15, 16, 17, 26, 77], '1_3': [102, 500, 501, 502, 503, 504, 505, 506, 507, 508, 509, 510, 511, 512, 513, 514, 515, 516, 517, 518, 519, 520, 521, 522, 523, 524, 525, 526, 527, 528, 529, 530, 531, 532, 533, 534, 535, 536, 537, 538, 539, 540, 541, 542, 543, 544, 545, 546, 547, 548, 549, 550, 551, 552, 553, 554, 555, 556, 557, 558, 559, 560, 561, 562, 563, 564, 565, 566, 567, 568, 569, 570, 571, 572, 573, 574], '2_2': [18, 19, 20, 21, 22, 23, 24, 25, 27, 28, 29, 30, 31, 32, 33, 34, 35, 36, 37, 38, 39, 40, 41, 43, 44, 45, 46, 47, 48, 49, 50, 51, 52, 53, 54, 55, 56, 57, 58, 59, 60, 61, 62, 63, 64, 65, 66, 67, 68, 69, 70, 71, 72, 73, 74, 75, 76, 78, 79, 80, 81, 82, 83, 84, 85, 86, 87, 88, 89, 90, 91, 92, 93, 94, 95, 96], '2_3': [100, 101, 103, 104, 105, 106, 107, 108, 109, 110, 111, 113, 114, 115, 116, 117, 118, 119, 120, 121, 235, 251], '6_2': [97, 98, 99], '6_3': [592, 593, 594, 595, 596], '4_3': [232, 418], '9_3': [575, 576, 577, 578, 579, 580, 581, 582, 583, 584, 585, 586, 587, 588, 589, 590, 591], '3_3': [597, 598], '7_3': [599], '5_3': [112, 122, 123, 124, 125, 126, 127, 128, 129, 130, 131, 132, 133, 134, 135, 136, 137, 138, 139, 140, 141, 142, 143, 144, 145, 146, 147, 148, 149, 150, 151, 152, 153, 154, 155, 156, 157, 158, 159, 160, 162, 163, 164, 165, 166, 167, 168, 169, 170, 171, 172, 173, 174, 175, 176, 177, 178, 179, 180, 181, 182, 183, 184, 186, 187, 188, 189, 190, 191, 192, 193, 194, 195, 196, 197, 198, 199, 200, 201, 202, 203, 204, 205, 206, 207, 208, 209, 210, 211, 212, 213, 214, 215, 216, 217, 218, 219, 220, 221, 222, 223, 224, 225, 226, 227, 228, 229, 230, 231, 233, 234, 236, 237, 238, 239, 240, 241, 242, 243, 244, 245, 246, 247, 248, 249, 250, 252, 253, 254, 255, 256, 257, 258, 259, 260, 261, 262, 263, 264, 265, 266, 267, 268, 269, 270, 271, 272, 273, 274, 275, 276, 277, 278, 279, 280, 281, 282, 283, 284, 285, 286, 287, 288, 289, 290, 291, 292, 293, 294, 295, 296, 297, 298, 299, 300, 301, 302, 303, 304, 305, 306, 307, 308, 309, 310, 311, 312, 313, 314, 315, 316, 317, 318, 319, 320, 321, 322, 324, 325, 326, 327, 328, 329, 330, 331, 332, 333, 334, 335, 336, 337, 338, 339, 340, 341, 342, 343, 344, 345, 346, 347, 348, 349, 350, 351, 352, 353, 354, 355, 356, 357, 358, 359, 360, 361, 362, 363, 364, 365, 366, 367, 368, 369, 370, 371, 372, 373, 374, 375, 376, 377, 378, 379, 380, 381, 382, 383, 384, 385, 386, 387, 388, 389, 390, 391, 392, 393, 394, 395, 396, 397, 398, 399, 400, 401, 402, 403, 404, 405, 406, 407, 408, 409, 410, 411, 412, 413, 414, 415, 416, 417, 419, 420, 421, 422, 423, 424, 425, 426, 427, 428, 429, 430, 431, 432, 433, 434, 435, 436, 437, 438, 439, 440, 441, 442, 443, 444, 445, 446, 447, 448, 449, 450, 451, 452, 453, 454, 455, 456, 457, 458, 459, 460, 461, 462, 463, 464, 465, 466, 467, 468, 469, 470, 471, 472, 473, 474, 475, 476, 477, 478, 479, 480, 481, 482, 483, 484, 485, 486, 487, 488, 489, 490, 491, 492, 493, 494, 495, 496, 497, 498, 499, 161, 185, 323], '5_2': [42]}
FP rate  0.04596 FN rate  0.05
 Before reassigning cells 
 Timepoint  2
 Cluster  1  # of cells  20
 Cluster  2  # of cells  77
 Cluster  6  # of cells  3
 Timepoint  3
 Cluster  1  # of cells  81
 Cluster  2  # of cells  32
 Cluster  6  # of cells  5
 Cluster  4  # of cells  2
 Cluster  9  # of cells  17
 Cluster  3  # of cells  2
 Cluster  7  # of cells  1
 Cluster  5  # of cells  353
 Cells absent at timepoint  2   set()
 Cells absent at timepoint  3   {480, 388, 237, 241, 309, 152, 159}
 Missing cell prob  {'6': 1.4436903630556421e-22, '1': 2.4267467370571463e-08, '2': 2.847858887915058e-08, '4': 2.1484841222731793e-13, '5': 3.6204244045606976e-08, '7': 2.9915383943264544e-30, '3': 4.665002155605254e-34, '9': 7.238611022009473e-20}
 Missing cell prob  {'6': 5.21639641982397e-16, '1': 8.114297332168207e-11, '2': 4.990549296116389e-12, '4': 1.1174778949055739e-10, '5': 1.1174778949055755e-10, '7': 3.2162141539654574e-26, '3': 1.173856626677368e-32, '9': 3.475481862448462e-17}
 Missing cell prob  {'6': 1.4327731337741407e-18, '1': 6.106433916947707e-07, '2': 7.166080348761163e-07, '4': 4.068479198003143e-08, '5': 8.409606697352015e-07, '7': 8.154640019300333e-29, '3': 1.6897611381165496e-36, '9': 1.265342762024262e-14}
 Missing cell prob  {'6': 5.662136727734902e-20, '1': 1.1674734135437211e-09, '2': 1.3700644926783414e-09, '4': 5.416991000478013e-16, '5': 1.7417347980840986e-09, '7': 6.148997218485476e-29, '3': 2.431203988754153e-35, '9': 1.8250770557568304e-22}
 Missing cell prob  {'6': 2.974157703537599e-17, '1': 1.2675766349270653e-05, '2': 1.4875385761384029e-05, '4': 1.1222301166902249e-10, '5': 1.611444093390681e-05, '7': 3.2298915278412686e-26, '3': 2.6396638545558115e-31, '9': 1.9815654951805046e-18}
 Missing cell prob  {'6': 1.1349861661932043e-14, '1': 3.109714158702677e-08, '2': 3.953315622185744e-08, '4': 6.16479665922412e-12, '5': 4.639332510251149e-08, '7': 1.7742906917537714e-27, '3': 1.3352467151650152e-23, '9': 1.769896358982064e-18}
 Missing cell prob  {'6': 6.585025322825952e-20, '1': 5.801112221100326e-07, '2': 7.374834598719543e-07, '4': 2.691673517350437e-13, '5': 7.989126362484412e-07, '7': 5.395045056209181e-34, '3': 4.060054095391867e-30, '9': 1.2020756239230496e-14}
 Timepoint  2
 Timepoint  3
 After reassigning and merging cells 
 Timepoint  2
 Cluster  1  # of cells  20
 Cluster  2  # of cells  77
 Cluster  6  # of cells  3
 Timepoint  3
 Cluster  1  # of cells  81
 Cluster  2  # of cells  32
 Cluster  6  # of cells  5
 Cluster  4  # of cells  2
 Cluster  9  # of cells  17
 Cluster  3  # of cells  2
 Cluster  7  # of cells  1
 Cluster  5  # of cells  360
 Tp cluster cell dict  {'1_2': 20, '2_2': 77, '6_2': 3, '1_3': 81, '2_3': 32, '6_3': 5, '4_3': 2, '9_3': 17, '3_3': 2, '7_3': 1, '5_3': 360}
 New Graph is here 
 ID  0  Timepoint  1  Mutations  []  Type  subclone
 ID  1  Timepoint  2  Mutations  [0, 1, 2, 3]  Type  subclone
 ID  2  Timepoint  2  Mutations  [0, 1, 2, 3, 6, 7, 8, 9, 10, 11]  Type  subclone
 ID  3  Timepoint  2  Mutations  [4, 5, 12, 13, 14, 15, 16, 18]  Type  subclone
 ID  4  Timepoint  3  Mutations  [0, 1, 2, 3]  Type  subclone
 ID  5  Timepoint  3  Mutations  [0, 1, 2, 3, 6, 7, 8, 9, 10, 11]  Type  subclone
 ID  6  Timepoint  3  Mutations  [4, 5, 12, 13, 14, 15, 16, 18]  Type  subclone
 ID  7  Timepoint  3  Mutations  [0, 1, 2, 3, 6, 7, 8, 11, 20, 21, 22, 24, 47, 55, 56]  Type  subclone
 ID  8  Timepoint  3  Mutations  [0, 1, 2, 3, 25, 26, 27, 28, 29, 30, 31, 32, 33, 34]  Type  subclone
 ID  9  Timepoint  3  Mutations  [2, 4, 5, 12, 14, 15, 16, 17, 18, 29, 36, 37, 38, 39, 41, 42, 43, 45, 46, 47, 49, 50, 57]  Type  subclone
 ID  10  Timepoint  3  Mutations  [4, 16, 27, 32, 40, 49, 50, 51, 52, 53, 54, 55, 56, 57, 58, 59, 60, 61, 62, 63]  Type  subclone
 ID  11  Timepoint  3  Mutations  [0, 1, 2, 3, 6, 7, 8, 9, 10, 11, 19, 20, 21, 22, 23, 24]  Type  subclone
Timepoints  SortedDict({1: [0], 2: [1, 2, 3], 3: [4, 5, 6, 7, 8, 9, 10, 11]})
 Clone to nodes  {'1_2': 1, '2_2': 2, '6_2': 3, '1_3': 4, '2_3': 5, '6_3': 6, '4_3': 7, '9_3': 8, '3_3': 9, '7_3': 10, '5_3': 11}
 Timepoint ====  1
 Hash table  {'0,1': [0, 1, 2, 3], '1': [6, 7, 8, 9, 10, 11], '2': [4, 5, 12, 13, 14, 15, 16, 18]}
 Final possible usc  [[0, 1, 2, 3], [6, 7, 8, 9, 10, 11], [4, 5, 12, 13, 14, 15, 16, 18]]
 Time  1  USC keys  {'6,7,8,9,10,11_0', '0,1,2,3_0', '4,5,12,13,14,15,16,18_0'}
 USC children  {'0,1,2,3_0': [1, 2], '6,7,8,9,10,11_0': [2], '4,5,12,13,14,15,16,18_0': [3]}
 USC children  {'0,1,2,3_0': [1, 2], '6,7,8,9,10,11_0': [2], '4,5,12,13,14,15,16,18_0': [3]}
 Timepoint ====  2
 Hash table  {'0,1,4': [0, 1, 3], '0,1,2,4': [2], '0,4': [6, 7, 8, 11, 20, 21, 22, 24], '0,2': [47], '0,3': [55, 56], '1': [25, 26, 28, 30, 31, 33, 34], '1,3': [27, 32], '1,2': [29], '2,3': [4, 16, 49, 50, 57], '2': [5, 12, 14, 15, 17, 18, 36, 37, 38, 39, 41, 42, 43, 45, 46], '3': [40, 51, 52, 53, 54, 58, 59, 60, 61, 62, 63], '4': [9, 10, 19, 23]}
====== Inside find superset of t nodes ==========
 Final possible usc  []
 Time  2  USC keys  set()
 USC children  {'0,1,2,3_0': [1, 2], '6,7,8,9,10,11_0': [2], '4,5,12,13,14,15,16,18_0': [3]}
 USC children  {'0,1,2,3_0': [1, 2], '6,7,8,9,10,11_0': [2], '4,5,12,13,14,15,16,18_0': [3]}
 Node s  {'1,2': ['0', '1', '2', '3'], '3': ['4', '5', '12', '13', '14', '15', '16', '18']}
 Enroll USC nodes  ['1', '2']  len  2
 Enroll USC nodes  ['3']  len  1
 Node TP  SortedDict({1: [0], 2: [1, 2, 3], 3: [4, 5, 6, 7, 8, 9, 10, 11]})
 Unobserved subclones at timepoints  {1.5: [12]}
 ============== Inside finding node v ============ 
 Time  2
 largest_v_mut  [[]]
 Time  3
 largest_v_mut  [[0, 1, 2, 3]]
 largest_v_mut  [[0, 1, 2, 3]]
 largest_v_mut  []
 largest_v_mut  []
 largest_v_mut  [[0, 1, 2, 3, 6, 7, 8, 9, 10, 11]]
 Sorted all timepoints  [1, 1.5, 2, 3]
 Timepoint  2
 Inside usc_node check  2
 Timepoint  3
 Node  9  has no parent 
 USC nodes  []
 Node with minimum mutation sets  {1: 3, 2: 9, 3: 1}
 Node  10  has no parent 
 USC nodes  []
 Node with minimum mutation sets  {1: 4, 2: 10, 3: 6}
0   1   [-1]   subclone   []   []
1   2   [12]   subclone   [0, 1, 2, 3]   [0]
2   2   [12]   subclone   [0, 1, 2, 3, 6, 7, 8, 9, 10, 11]   [6]
3   2   [0]   subclone   [4, 5, 12, 13, 14, 15, 16, 18]   [8]
4   3   [1]   subclone   [0, 1, 2, 3]   [0]
5   3   [2]   subclone   [0, 1, 2, 3, 6, 7, 8, 9, 10, 11]   [0]
6   3   [3]   subclone   [4, 5, 12, 13, 14, 15, 16, 18]   [0]
7   3   [1]   subclone   [0, 1, 2, 3, 6, 7, 8, 11, 20, 21, 22, 24, 47, 55, 56]   [11]
8   3   [1]   subclone   [0, 1, 2, 3, 25, 26, 27, 28, 29, 30, 31, 32, 33, 34]   [10]
9   3   [3]   subclone   [2, 4, 5, 12, 14, 15, 16, 17, 18, 29, 36, 37, 38, 39, 41, 42, 43, 45, 46, 47, 49, 50, 57]   [16]
10   3   [1]   subclone   [4, 16, 27, 32, 40, 49, 50, 51, 52, 53, 54, 55, 56, 57, 58, 59, 60, 61, 62, 63]   [20]
11   3   [2]   subclone   [0, 1, 2, 3, 6, 7, 8, 9, 10, 11, 19, 20, 21, 22, 23, 24]   [6]
12   1.5   [0]   unobserved subclone   [0, 1, 2, 3]   [4]
8
 Total estimated FP  243  True negatives  24224
 Total estimated FN  1231  True positives  5022
 Estimated FP rate  0.04615
 Estimated FN rate  0.05
 No. of Cells in each cluster  {'1_2': 20, '1_3': 77, '2_2': 76, '2_3': 22, '0_2': 1, '0_3': 372, '5_2': 3, '5_3': 5, '6_3': 4, '4_3': 17, '3_3': 2, '7_3': 1}
 Cells in each cluster  {'1_2': [0, 1, 2, 3, 4, 5, 6, 7, 8, 9, 10, 11, 12, 13, 14, 15, 16, 17, 26, 77], '1_3': [102, 112, 500, 501, 502, 503, 504, 505, 506, 507, 508, 509, 510, 511, 512, 513, 514, 515, 516, 517, 518, 519, 520, 521, 522, 523, 524, 525, 526, 527, 528, 529, 530, 531, 532, 533, 534, 535, 536, 537, 538, 539, 540, 541, 542, 543, 544, 545, 546, 547, 548, 549, 550, 551, 552, 553, 554, 555, 556, 557, 558, 559, 560, 561, 562, 563, 564, 565, 566, 567, 568, 569, 570, 571, 572, 573, 574], '2_2': [18, 19, 20, 21, 22, 23, 24, 25, 27, 28, 29, 30, 31, 32, 33, 34, 35, 36, 37, 38, 39, 40, 41, 43, 44, 45, 46, 47, 48, 49, 50, 51, 52, 53, 54, 55, 56, 57, 58, 59, 60, 61, 62, 63, 64, 65, 66, 67, 68, 69, 70, 71, 72, 73, 74, 75, 76, 78, 79, 80, 81, 82, 83, 84, 85, 86, 87, 88, 89, 90, 91, 92, 93, 94, 95, 96], '2_3': [100, 101, 103, 104, 105, 106, 107, 108, 109, 110, 111, 113, 114, 115, 116, 117, 118, 119, 120, 121, 235, 251], '0_2': [42], '0_3': [122, 123, 124, 125, 126, 127, 128, 129, 130, 131, 132, 133, 134, 135, 136, 137, 138, 139, 140, 141, 142, 143, 144, 145, 146, 147, 148, 149, 150, 151, 152, 153, 154, 155, 156, 157, 158, 159, 160, 162, 163, 164, 165, 166, 167, 168, 169, 170, 171, 172, 173, 174, 175, 176, 177, 178, 179, 180, 181, 182, 183, 184, 186, 187, 188, 189, 190, 191, 192, 193, 194, 195, 196, 197, 198, 199, 200, 201, 202, 203, 204, 205, 206, 207, 208, 209, 210, 211, 212, 213, 214, 215, 216, 217, 218, 219, 220, 221, 222, 223, 224, 225, 226, 227, 228, 229, 230, 231, 233, 234, 236, 237, 238, 239, 240, 241, 242, 243, 244, 245, 246, 247, 248, 249, 250, 252, 253, 254, 255, 256, 257, 258, 259, 260, 261, 262, 263, 264, 265, 266, 267, 268, 269, 270, 271, 272, 273, 274, 275, 276, 277, 278, 279, 280, 281, 282, 283, 284, 285, 286, 287, 288, 289, 290, 291, 292, 293, 294, 295, 296, 297, 298, 299, 300, 301, 302, 303, 304, 305, 306, 307, 308, 309, 310, 311, 312, 313, 314, 315, 316, 317, 318, 319, 320, 321, 322, 323, 324, 325, 326, 327, 328, 329, 330, 331, 332, 333, 334, 335, 336, 337, 338, 339, 340, 341, 342, 343, 344, 345, 346, 347, 348, 349, 350, 351, 352, 353, 354, 355, 356, 357, 358, 359, 360, 361, 362, 363, 364, 365, 366, 367, 368, 369, 370, 371, 372, 373, 374, 375, 376, 377, 378, 379, 380, 381, 382, 383, 384, 385, 386, 387, 388, 389, 390, 391, 392, 393, 394, 395, 396, 397, 398, 399, 400, 401, 402, 403, 404, 405, 406, 407, 408, 409, 410, 411, 412, 413, 414, 415, 416, 417, 419, 420, 421, 422, 423, 424, 425, 426, 427, 428, 429, 430, 431, 432, 433, 434, 435, 436, 437, 438, 439, 440, 441, 442, 443, 444, 445, 446, 447, 448, 449, 450, 451, 452, 453, 454, 455, 456, 457, 458, 459, 460, 461, 462, 463, 464, 465, 466, 467, 468, 469, 470, 471, 472, 473, 474, 475, 476, 477, 478, 479, 480, 481, 482, 483, 484, 485, 486, 487, 488, 489, 490, 491, 492, 493, 494, 495, 496, 497, 498, 499], '5_2': [97, 98, 99], '5_3': [592, 593, 594, 595, 596], '6_3': [161, 185, 232, 418], '4_3': [575, 576, 577, 578, 579, 580, 581, 582, 583, 584, 585, 586, 587, 588, 589, 590, 591], '3_3': [597, 598], '7_3': [599]}
FP rate  0.04615 FN rate  0.05
 Before reassigning cells 
 Timepoint  2
 Cluster  1  # of cells  20
 Cluster  2  # of cells  77
 Cluster  5  # of cells  3
 Timepoint  3
 Cluster  1  # of cells  81
 Cluster  2  # of cells  32
 Cluster  0  # of cells  351
 Cluster  5  # of cells  5
 Cluster  6  # of cells  4
 Cluster  4  # of cells  17
 Cluster  3  # of cells  2
 Cluster  7  # of cells  1
 Cells absent at timepoint  2   set()
 Cells absent at timepoint  3   {480, 263, 237, 241, 309, 152, 159}
 Missing cell prob  {'7': 3.087434535038502e-30, '2': 2.861014336299399e-08, '0': 3.594557992803312e-08, '5': 1.4881894997291246e-22, '1': 2.4571767287138083e-08, '3': 2.331081399022777e-35, '6': 4.446636362667483e-12, '4': 7.34252909741768e-20}
 Missing cell prob  {'7': 8.631027139914987e-29, '2': 1.749198669982516e-09, '0': 7.998061854930317e-07, '5': 2.888372487424681e-17, '1': 2.8659299941260345e-08, '3': 6.516616495664635e-34, '6': 7.99806185493032e-07, '4': 1.6337475152813778e-18}
 Missing cell prob  {'7': 1.5932876100283065e-27, '2': 7.172400882114659e-07, '0': 8.351186754140279e-07, '5': 1.4650914599433127e-18, '1': 6.160002874831537e-07, '3': 1.7327009798882666e-36, '6': 2.8386650896676666e-13, '4': 1.2779693456480548e-14}
 Missing cell prob  {'7': 6.290202160749214e-29, '2': 1.3755712170167151e-09, '0': 1.7282578594811261e-09, '5': 5.784091590887924e-20, '1': 1.1814067270679668e-09, '3': 4.749241833829687e-34, '6': 4.4009512813751485e-12, '4': 1.850540705098229e-22}
 Missing cell prob  {'7': 1.198457719175305e-23, '2': 1.4824256947789974e-05, '0': 1.599612370986064e-05, '5': 3.028120236331374e-17, '1': 1.273178492341942e-05, '3': 1.3033232991329272e-32, '6': 2.85016915345211e-13, '4': 1.9942908491656257e-18}
 Missing cell prob  {'7': 1.8097241998039498e-27, '2': 3.9575906407631475e-08, '0': 4.608021648631875e-08, '5': 1.1553489949698726e-14, '1': 3.149962688902774e-08, '3': 6.586164189926324e-25, '6': 1.2661767988573157e-10, '4': 1.7956627436021163e-18}
 Missing cell prob  {'7': 2.0204389157293843e-31, '2': 7.352414465058077e-07, '0': 7.933627416433262e-07, '5': 6.761397087638391e-20, '1': 5.85200273108996e-07, '3': 2.020438915729384e-31, '6': 2.9099101695183646e-13, '4': 1.214070878365651e-14}
 Timepoint  2
 Timepoint  3
 After reassigning and merging cells 
 Timepoint  2
 Cluster  1  # of cells  20
 Cluster  2  # of cells  77
 Cluster  5  # of cells  3
 Timepoint  3
 Cluster  1  # of cells  81
 Cluster  2  # of cells  32
 Cluster  0  # of cells  357
 Cluster  5  # of cells  5
 Cluster  6  # of cells  5
 Cluster  4  # of cells  17
 Cluster  3  # of cells  2
 Cluster  7  # of cells  1
 Tp cluster cell dict  {'1_2': 20, '2_2': 77, '5_2': 3, '1_3': 81, '2_3': 32, '0_3': 357, '5_3': 5, '6_3': 5, '4_3': 17, '3_3': 2, '7_3': 1}
 New Graph is here 
 ID  0  Timepoint  1  Mutations  []  Type  subclone
 ID  1  Timepoint  2  Mutations  [0, 1, 2, 3]  Type  subclone
 ID  2  Timepoint  2  Mutations  [0, 1, 2, 3, 6, 7, 8, 9, 10, 11]  Type  subclone
 ID  3  Timepoint  2  Mutations  [4, 5, 12, 13, 14, 15, 16, 18]  Type  subclone
 ID  4  Timepoint  3  Mutations  [0, 1, 2, 3]  Type  subclone
 ID  5  Timepoint  3  Mutations  [0, 1, 2, 3, 6, 7, 8, 9, 10, 11]  Type  subclone
 ID  6  Timepoint  3  Mutations  [0, 1, 2, 3, 6, 7, 8, 9, 10, 11, 19, 20, 21, 22, 23, 24]  Type  subclone
 ID  7  Timepoint  3  Mutations  [4, 5, 12, 13, 14, 15, 16, 18]  Type  subclone
 ID  8  Timepoint  3  Mutations  [0, 1, 2, 3, 6, 7, 8, 10, 11, 19, 20, 21, 24, 30, 47, 48, 56]  Type  subclone
 ID  9  Timepoint  3  Mutations  [0, 1, 2, 3, 25, 26, 27, 28, 29, 30, 31, 32, 33, 34]  Type  subclone
 ID  10  Timepoint  3  Mutations  [4, 5, 12, 14, 15, 16, 17, 18, 29, 36, 37, 38, 39, 41, 42, 43, 45, 46, 47, 49, 50, 57]  Type  subclone
 ID  11  Timepoint  3  Mutations  [4, 5, 16, 32, 41, 49, 51, 52, 53, 54, 55, 56, 57, 58, 59, 60, 61, 63]  Type  subclone
Timepoints  SortedDict({1: [0], 2: [1, 2, 3], 3: [4, 5, 6, 7, 8, 9, 10, 11]})
 Clone to nodes  {'1_2': 1, '2_2': 2, '5_2': 3, '1_3': 4, '2_3': 5, '0_3': 6, '5_3': 7, '6_3': 8, '4_3': 9, '3_3': 10, '7_3': 11}
 Timepoint ====  1
 Hash table  {'0,1': [0, 1, 2, 3], '1': [6, 7, 8, 9, 10, 11], '2': [4, 5, 12, 13, 14, 15, 16, 18]}
 Final possible usc  [[0, 1, 2, 3], [6, 7, 8, 9, 10, 11], [4, 5, 12, 13, 14, 15, 16, 18]]
 Time  1  USC keys  {'0,1,2,3_0', '4,5,12,13,14,15,16,18_0', '6,7,8,9,10,11_0'}
 USC children  {'0,1,2,3_0': [1, 2], '6,7,8,9,10,11_0': [2], '4,5,12,13,14,15,16,18_0': [3]}
 USC children  {'0,1,2,3_0': [1, 2], '6,7,8,9,10,11_0': [2], '4,5,12,13,14,15,16,18_0': [3]}
 Timepoint ====  2
 Hash table  {'0,1,2': [0, 1, 2, 3], '0,1': [6, 7, 8, 10, 11, 19, 20, 21, 24], '0': [9, 22, 23], '1,2': [30], '1,3': [47], '1': [48], '1,4': [56], '2': [25, 26, 27, 28, 31, 33, 34], '2,3': [29], '2,4': [32], '3,4': [4, 5, 16, 41, 49, 57], '3': [12, 14, 15, 17, 18, 36, 37, 38, 39, 42, 43, 45, 46, 50], '4': [51, 52, 53, 54, 55, 58, 59, 60, 61, 63]}
====== Inside find superset of t nodes ==========
 Final possible usc  []
 Time  2  USC keys  set()
 USC children  {'0,1,2,3_0': [1, 2], '6,7,8,9,10,11_0': [2], '4,5,12,13,14,15,16,18_0': [3]}
 USC children  {'0,1,2,3_0': [1, 2], '6,7,8,9,10,11_0': [2], '4,5,12,13,14,15,16,18_0': [3]}
 Node s  {'1,2': ['0', '1', '2', '3'], '3': ['4', '5', '12', '13', '14', '15', '16', '18']}
 Enroll USC nodes  ['1', '2']  len  2
 Enroll USC nodes  ['3']  len  1
 Node TP  SortedDict({1: [0], 2: [1, 2, 3], 3: [4, 5, 6, 7, 8, 9, 10, 11]})
 Unobserved subclones at timepoints  {1.5: [12]}
 ============== Inside finding node v ============ 
 Time  2
 largest_v_mut  [[]]
 Time  3
 largest_v_mut  [[0, 1, 2, 3, 6, 7, 8, 9, 10, 11]]
 largest_v_mut  [[0, 1, 2, 3]]
 largest_v_mut  [[0, 1, 2, 3]]
 largest_v_mut  []
 largest_v_mut  []
 Sorted all timepoints  [1, 1.5, 2, 3]
 Timepoint  2
 Inside usc_node check  2
 Timepoint  3
 Node  10  has no parent 
 USC nodes  []
 Node with minimum mutation sets  {1: 4, 2: 10, 3: 1}
 Node  11  has no parent 
 USC nodes  []
 Node with minimum mutation sets  {1: 4, 2: 10, 3: 5}
0   1   [-1]   subclone   []   []
1   2   [12]   subclone   [0, 1, 2, 3]   [0]
2   2   [12]   subclone   [0, 1, 2, 3, 6, 7, 8, 9, 10, 11]   [6]
3   2   [0]   subclone   [4, 5, 12, 13, 14, 15, 16, 18]   [8]
4   3   [1]   subclone   [0, 1, 2, 3]   [0]
5   3   [2]   subclone   [0, 1, 2, 3, 6, 7, 8, 9, 10, 11]   [0]
6   3   [2]   subclone   [0, 1, 2, 3, 6, 7, 8, 9, 10, 11, 19, 20, 21, 22, 23, 24]   [6]
7   3   [3]   subclone   [4, 5, 12, 13, 14, 15, 16, 18]   [0]
8   3   [1]   subclone   [0, 1, 2, 3, 6, 7, 8, 10, 11, 19, 20, 21, 24, 30, 47, 48, 56]   [13]
9   3   [1]   subclone   [0, 1, 2, 3, 25, 26, 27, 28, 29, 30, 31, 32, 33, 34]   [10]
10   3   [3]   subclone   [4, 5, 12, 14, 15, 16, 17, 18, 29, 36, 37, 38, 39, 41, 42, 43, 45, 46, 47, 49, 50, 57]   [15]
11   3   [1]   subclone   [4, 5, 16, 32, 41, 49, 51, 52, 53, 54, 55, 56, 57, 58, 59, 60, 61, 63]   [18]
12   1.5   [0]   unobserved subclone   [0, 1, 2, 3]   [4]
12
 Total estimated FP  241  True negatives  24229
 Total estimated FN  1226  True positives  5024
 Estimated FP rate  0.04577
 Estimated FN rate  0.05
 No. of Cells in each cluster  {'6_2': 20, '6_3': 76, '2_2': 76, '2_3': 22, '8_2': 3, '8_3': 5, '9_3': 1, '1_3': 4, '5_3': 3, '10_3': 17, '11_3': 2, '7_3': 1, '4_3': 369, '4_2': 1}
 Cells in each cluster  {'6_2': [0, 1, 2, 3, 4, 5, 6, 7, 8, 9, 10, 11, 12, 13, 14, 15, 16, 17, 26, 77], '6_3': [102, 500, 501, 502, 503, 504, 505, 506, 507, 508, 509, 510, 511, 512, 513, 514, 515, 516, 517, 518, 519, 520, 521, 522, 523, 524, 525, 526, 527, 528, 529, 530, 531, 532, 533, 534, 535, 536, 537, 538, 539, 540, 541, 542, 543, 544, 545, 546, 547, 548, 549, 550, 551, 552, 553, 554, 555, 556, 557, 558, 559, 560, 561, 562, 563, 564, 565, 566, 567, 568, 569, 570, 571, 572, 573, 574], '2_2': [18, 19, 20, 21, 22, 23, 24, 25, 27, 28, 29, 30, 31, 32, 33, 34, 35, 36, 37, 38, 39, 40, 41, 43, 44, 45, 46, 47, 48, 49, 50, 51, 52, 53, 54, 55, 56, 57, 58, 59, 60, 61, 62, 63, 64, 65, 66, 67, 68, 69, 70, 71, 72, 73, 74, 75, 76, 78, 79, 80, 81, 82, 83, 84, 85, 86, 87, 88, 89, 90, 91, 92, 93, 94, 95, 96], '2_3': [100, 101, 103, 104, 105, 106, 107, 108, 109, 110, 111, 113, 114, 115, 116, 117, 118, 119, 120, 121, 235, 251], '8_2': [97, 98, 99], '8_3': [592, 593, 594, 595, 596], '9_3': [112], '1_3': [161, 185, 232, 418], '5_3': [184, 259, 273], '10_3': [575, 576, 577, 578, 579, 580, 581, 582, 583, 584, 585, 586, 587, 588, 589, 590, 591], '11_3': [597, 598], '7_3': [599], '4_3': [158, 202, 325, 389, 392, 394, 435, 493, 122, 123, 124, 125, 126, 127, 128, 129, 130, 131, 132, 133, 134, 135, 136, 137, 138, 139, 140, 141, 142, 143, 144, 145, 146, 147, 148, 149, 150, 151, 152, 153, 154, 156, 157, 159, 160, 162, 163, 164, 165, 166, 167, 168, 169, 170, 171, 172, 173, 174, 175, 176, 177, 178, 179, 180, 181, 182, 183, 186, 187, 188, 189, 190, 191, 192, 193, 194, 195, 196, 197, 198, 199, 200, 201, 203, 204, 205, 206, 207, 208, 209, 210, 211, 212, 213, 214, 215, 216, 217, 218, 219, 220, 221, 222, 223, 224, 225, 226, 227, 228, 229, 230, 231, 233, 234, 236, 237, 238, 239, 240, 241, 242, 243, 244, 245, 246, 247, 248, 249, 250, 252, 253, 254, 255, 256, 257, 258, 260, 261, 262, 263, 264, 265, 266, 267, 268, 269, 270, 271, 272, 274, 275, 276, 277, 278, 279, 280, 281, 282, 283, 284, 285, 286, 287, 288, 289, 290, 291, 292, 293, 294, 295, 296, 297, 298, 299, 300, 301, 302, 304, 305, 306, 307, 308, 309, 310, 311, 312, 313, 314, 315, 316, 317, 318, 319, 320, 321, 322, 323, 324, 326, 327, 328, 329, 330, 331, 333, 334, 335, 336, 337, 338, 339, 340, 341, 342, 343, 344, 345, 346, 347, 348, 349, 350, 351, 352, 353, 354, 355, 356, 357, 358, 359, 360, 361, 362, 363, 364, 365, 366, 367, 368, 369, 370, 371, 372, 373, 374, 375, 376, 377, 378, 379, 380, 381, 382, 384, 385, 386, 387, 388, 390, 391, 393, 395, 396, 397, 398, 399, 400, 401, 402, 403, 404, 405, 406, 407, 408, 409, 410, 411, 412, 413, 414, 415, 416, 417, 419, 420, 421, 422, 423, 424, 425, 426, 427, 428, 429, 430, 431, 432, 433, 434, 436, 437, 438, 439, 440, 441, 442, 443, 444, 445, 446, 447, 448, 449, 450, 451, 452, 453, 454, 455, 456, 457, 458, 459, 460, 461, 462, 463, 464, 465, 466, 467, 468, 469, 470, 471, 472, 474, 475, 476, 477, 478, 479, 480, 481, 482, 483, 484, 485, 486, 487, 488, 489, 490, 491, 492, 494, 496, 497, 498, 499, 155, 303, 332, 383, 473, 495], '4_2': [42]}
FP rate  0.04577 FN rate  0.05
 Before reassigning cells 
 Timepoint  2
 Cluster  6  # of cells  20
 Cluster  2  # of cells  77
 Cluster  8  # of cells  3
 Timepoint  3
 Cluster  6  # of cells  79
 Cluster  2  # of cells  32
 Cluster  8  # of cells  5
 Cluster  9  # of cells  1
 Cluster  1  # of cells  4
 Cluster  5  # of cells  17
 Cluster  10  # of cells  17
 Cluster  11  # of cells  2
 Cluster  7  # of cells  1
 Cluster  4  # of cells  327
 Cells absent at timepoint  2   set()
 Cells absent at timepoint  3   {288, 480, 344, 263, 237, 239, 241, 146, 371, 498, 309, 470, 499, 152, 159}
 Missing cell prob  {'5': 0.00024100217294586947, '4': 0.00024100217294586936, '8': 1.619395639866207e-26, '9': 1.579362199118572e-13, '7': 1.9099903082466143e-35, '6': 1.3352496638115088e-13, '2': 1.2985246158565773e-09, '11': 1.909990308246614e-35, '1': 1.5359230176135438e-09, '10': 7.587487390590878e-24}
 Missing cell prob  {'5': 2.1367893586490346e-13, '4': 3.646471744272814e-08, '8': 1.4003045280787136e-22, '9': 7.155964953754074e-11, '7': 2.8981717707712356e-30, '6': 2.3964849044237204e-08, '2': 2.8346142084027594e-08, '11': 4.534553887783855e-34, '1': 2.136789358649034e-13, '10': 7.135544860847267e-20}
 Missing cell prob  {'5': 0.0002101523752961852, '4': 0.0002101523752961852, '8': 2.2157350098896525e-21, '9': 1.3771938797926233e-13, '7': 3.4569030610287965e-34, '6': 1.1643292881282324e-13, '2': 1.0411274585372526e-09, '11': 2.6058832460484363e-39, '1': 3.677195075899361e-12, '10': 1.8165409952954688e-26}
 Missing cell prob  {'5': 1.549059717658766e-05, '4': 8.116804741303278e-07, '8': 2.787165886096533e-17, '9': 2.291560171309598e-13, '7': 5.768520582179757e-25, '6': 2.7951420375258447e-08, '2': 1.7323677168823954e-09, '11': 3.2779320876003197e-35, '1': 1.549059717658766e-05, '10': 1.5883250555629196e-18}
 Missing cell prob  {'5': 4.0799973280715853e-08, '4': 8.468423556189656e-07, '8': 1.4009982660172065e-18, '9': 9.470534553569131e-11, '7': 1.519344173366716e-27, '6': 6.052907645713684e-07, '2': 7.159510157154766e-07, '11': 8.633594952183441e-38, '1': 2.827925735461888e-13, '10': 1.2527536488053617e-14}
 Missing cell prob  {'5': 0.00027960527903740694, '4': 0.00027960527903740705, '8': 6.11887493152158e-20, '9': 4.136266109213822e-12, '7': 9.546429237439696e-33, '6': 2.6436138969295394e-08, '2': 3.126923728972722e-08, '11': 1.038246770042575e-32, '1': 1.7819432027124042e-09, '10': 7.871372576342646e-20}
 Missing cell prob  {'5': 2.1349435553943103e-13, '4': 1.7553141145780598e-09, '8': 5.542081819638533e-20, '9': 3.444690420672759e-12, '7': 1.1470294324491393e-27, '6': 1.1536038321742413e-09, '2': 1.3645075783756353e-09, '11': 2.3739752708854963e-35, '1': 2.13494355539431e-13, '10': 1.799807558601643e-22}
 Missing cell prob  {'5': 1.2147154902601678e-05, '4': 1.2147154902601678e-05, '8': 1.3928928769850317e-22, '9': 4.536406037857673e-16, '7': 7.915041978291556e-33, '6': 5.533304067008479e-11, '2': 1.358458861549997e-09, '11': 1.638154470401345e-40, '1': 1.747532993983795e-09, '10': 6.00071641599908e-20}
 Missing cell prob  {'5': 1.5285504518922333e-05, '4': 1.5285504518922333e-05, '8': 1.611622398208387e-22, '9': 1.0017066541995178e-14, '7': 6.365726642884604e-29, '6': 8.468788692068994e-15, '2': 1.5717811215012531e-09, '11': 5.218856659317022e-34, '1': 5.10440595250871e-12, '10': 2.521585740754988e-26}
 Missing cell prob  {'5': 0.0002202324128314823, '4': 0.00022023241283148214, '8': 1.216694911622967e-22, '9': 7.562388003904067e-15, '7': 1.898239792012431e-35, '6': 1.220176779317599e-13, '2': 2.7543877595852444e-12, '11': 5.211766492096874e-38, '1': 7.354390151798727e-11, '10': 1.9036720657445993e-26}
 Missing cell prob  {'5': 1.9744523021744095e-09, '4': 1.6233609482606547e-05, '8': 2.9208533436346916e-17, '9': 3.768163240607771e-08, '7': 1.153704116435951e-23, '6': 1.2619327207274131e-05, '2': 1.4926413321524568e-05, '11': 2.5969028439181206e-31, '1': 2.840517446894524e-13, '10': 1.9688180516280434e-18}
 Missing cell prob  {'5': 3.540207011844146e-12, '4': 2.9106977187837305e-08, '8': 9.189993275711962e-19, '9': 4.318185297615053e-07, '7': 2.7363247383148573e-30, '6': 3.970467481073322e-07, '2': 2.262654337850966e-08, '11': 1.0808173992641948e-36, '1': 9.719916502148055e-15, '10': 6.194568000133376e-20}
 Missing cell prob  {'5': 0.00030435491009455186, '4': 0.00030435491009455186, '8': 5.63102246772081e-20, '9': 4.139842191320304e-12, '7': 6.106689339987808e-29, '6': 6.679555861561953e-11, '2': 3.129627166251721e-08, '11': 5.006488358088515e-34, '1': 1.0163557328701196e-10, '10': 1.3824493066396915e-18}
 Missing cell prob  {'5': 2.2503662793818255e-09, '4': 4.6708498261147765e-08, '8': 1.1148663544386132e-14, '9': 1.2125019342158437e-14, '7': 1.739370861630602e-27, '6': 3.069712830407926e-08, '2': 3.9489046043488166e-08, '11': 6.889979744064153e-25, '1': 6.1785574294557295e-12, '10': 1.7443484933723314e-18}
 Missing cell prob  {'5': 4.714276341076402e-12, '4': 8.045002378380179e-07, '8': 6.412369063560753e-20, '9': 3.5638864054248055e-08, '7': 3.643795668496828e-30, '6': 5.750262263428e-07, '2': 7.397186115694925e-07, '11': 3.962904861510907e-30, '1': 1.4076949208727429e-14, '10': 1.1901159663650931e-14}
 Timepoint  2
 Timepoint  3
SortedDict({2: {'6': ['0', '1', '2', '3', '4', '5', '6', '7', '8', '9', '10', '11', '12', '13', '14', '15', '16', '17', '26', '77'], '2': ['18', '19', '20', '21', '22', '23', '24', '25', '27', '28', '29', '30', '31', '32', '33', '34', '35', '36', '37', '38', '39', '40', '41', '42', '43', '44', '45', '46', '47', '48', '49', '50', '51', '52', '53', '54', '55', '56', '57', '58', '59', '60', '61', '62', '63', '64', '65', '66', '67', '68', '69', '70', '71', '72', '73', '74', '75', '76', '78', '79', '80', '81', '82', '83', '84', '85', '86', '87', '88', '89', '90', '91', '92', '93', '94', '95', '96'], '8': ['97', '98', '99']}, 3: {'6': ['102', '112', '113', '265', '500', '501', '502', '503', '504', '505', '506', '507', '508', '509', '510', '511', '512', '513', '514', '515', '516', '517', '518', '519', '520', '521', '522', '523', '524', '525', '526', '527', '528', '529', '530', '531', '532', '533', '534', '535', '536', '537', '538', '539', '540', '541', '542', '543', '544', '545', '546', '547', '548', '549', '550', '551', '552', '553', '554', '555', '556', '557', '558', '559', '560', '561', '562', '563', '564', '565', '566', '567', '568', '569', '570', '571', '572', '573', '574'], '2': ['100', '101', '103', '104', '105', '106', '107', '108', '109', '110', '111', '114', '115', '116', '117', '118', '119', '120', '121', '133', '151', '191', '230', '235', '251', '266', '267', '279', '332', '385', '457', '494'], '8': ['592', '593', '594', '595', '596'], '9': ['434', '470'], '1': ['161', '185', '232', '418'], '5': ['122', '124', '135', '145', '184', '205', '221', '238', '259', '273', '355', '358', '384', '388', '422', '453', '479', '288', '344', '263', '146', '371', '498', '499'], '10': ['575', '576', '577', '578', '579', '580', '581', '582', '583', '584', '585', '586', '587', '588', '589', '590', '591'], '11': ['597', '598'], '7': ['599'], '4': ['123', '125', '126', '127', '128', '129', '130', '131', '132', '134', '136', '137', '138', '139', '140', '141', '142', '143', '144', '147', '148', '149', '150', '153', '154', '155', '156', '157', '158', '160', '162', '163', '164', '165', '166', '167', '168', '169', '170', '171', '172', '173', '174', '175', '176', '177', '178', '179', '180', '181', '182', '183', '186', '187', '188', '189', '190', '192', '193', '194', '195', '196', '197', '198', '199', '200', '201', '202', '203', '204', '206', '207', '208', '209', '210', '211', '212', '213', '214', '215', '216', '217', '218', '219', '220', '222', '223', '224', '225', '226', '227', '228', '229', '231', '233', '234', '236', '240', '242', '243', '244', '245', '246', '247', '248', '249', '250', '252', '253', '254', '255', '256', '257', '258', '260', '261', '262', '264', '268', '269', '270', '271', '272', '274', '275', '276', '277', '278', '280', '281', '282', '283', '284', '285', '286', '287', '289', '290', '291', '292', '293', '294', '295', '296', '297', '298', '299', '300', '301', '302', '303', '304', '305', '306', '307', '308', '310', '311', '312', '313', '314', '315', '316', '317', '318', '319', '320', '321', '322', '323', '324', '325', '326', '327', '328', '329', '330', '331', '333', '334', '335', '336', '337', '338', '339', '340', '341', '342', '343', '345', '346', '347', '348', '349', '350', '351', '352', '353', '354', '356', '357', '359', '360', '361', '362', '363', '364', '365', '366', '367', '368', '369', '370', '372', '373', '374', '375', '376', '377', '378', '379', '380', '381', '382', '383', '386', '387', '389', '390', '391', '392', '393', '394', '395', '396', '397', '398', '399', '400', '401', '402', '403', '404', '405', '406', '407', '408', '409', '410', '411', '412', '413', '414', '415', '416', '417', '419', '420', '421', '423', '424', '425', '426', '427', '428', '429', '430', '431', '432', '433', '435', '436', '437', '438', '439', '440', '441', '442', '443', '444', '445', '446', '447', '448', '449', '450', '451', '452', '454', '455', '456', '458', '459', '460', '461', '462', '463', '464', '465', '466', '467', '468', '469', '471', '472', '473', '474', '475', '476', '477', '478', '481', '482', '483', '484', '485', '486', '487', '488', '489', '490', '491', '492', '493', '495', '496', '497', '480', '237', '239', '241', '309', '152', '159']}})
 Cluster1  9
SortedDict({2: {'6': ['0', '1', '2', '3', '4', '5', '6', '7', '8', '9', '10', '11', '12', '13', '14', '15', '16', '17', '26', '77'], '2': ['18', '19', '20', '21', '22', '23', '24', '25', '27', '28', '29', '30', '31', '32', '33', '34', '35', '36', '37', '38', '39', '40', '41', '42', '43', '44', '45', '46', '47', '48', '49', '50', '51', '52', '53', '54', '55', '56', '57', '58', '59', '60', '61', '62', '63', '64', '65', '66', '67', '68', '69', '70', '71', '72', '73', '74', '75', '76', '78', '79', '80', '81', '82', '83', '84', '85', '86', '87', '88', '89', '90', '91', '92', '93', '94', '95', '96'], '8': ['97', '98', '99']}, 3: {'6': ['102', '112', '113', '265', '500', '501', '502', '503', '504', '505', '506', '507', '508', '509', '510', '511', '512', '513', '514', '515', '516', '517', '518', '519', '520', '521', '522', '523', '524', '525', '526', '527', '528', '529', '530', '531', '532', '533', '534', '535', '536', '537', '538', '539', '540', '541', '542', '543', '544', '545', '546', '547', '548', '549', '550', '551', '552', '553', '554', '555', '556', '557', '558', '559', '560', '561', '562', '563', '564', '565', '566', '567', '568', '569', '570', '571', '572', '573', '574'], '2': ['100', '101', '103', '104', '105', '106', '107', '108', '109', '110', '111', '114', '115', '116', '117', '118', '119', '120', '121', '133', '151', '191', '230', '235', '251', '266', '267', '279', '332', '385', '457', '494'], '8': ['592', '593', '594', '595', '596'], '9': ['434', '470', '122', '124', '135', '145', '184', '205', '221', '238', '259', '273', '355', '358', '384', '388', '422', '453', '479', '288', '344', '263', '146', '371', '498', '499'], '1': ['161', '185', '232', '418'], '5': ['122', '124', '135', '145', '184', '205', '221', '238', '259', '273', '355', '358', '384', '388', '422', '453', '479', '288', '344', '263', '146', '371', '498', '499'], '10': ['575', '576', '577', '578', '579', '580', '581', '582', '583', '584', '585', '586', '587', '588', '589', '590', '591'], '11': ['597', '598'], '7': ['599'], '4': ['123', '125', '126', '127', '128', '129', '130', '131', '132', '134', '136', '137', '138', '139', '140', '141', '142', '143', '144', '147', '148', '149', '150', '153', '154', '155', '156', '157', '158', '160', '162', '163', '164', '165', '166', '167', '168', '169', '170', '171', '172', '173', '174', '175', '176', '177', '178', '179', '180', '181', '182', '183', '186', '187', '188', '189', '190', '192', '193', '194', '195', '196', '197', '198', '199', '200', '201', '202', '203', '204', '206', '207', '208', '209', '210', '211', '212', '213', '214', '215', '216', '217', '218', '219', '220', '222', '223', '224', '225', '226', '227', '228', '229', '231', '233', '234', '236', '240', '242', '243', '244', '245', '246', '247', '248', '249', '250', '252', '253', '254', '255', '256', '257', '258', '260', '261', '262', '264', '268', '269', '270', '271', '272', '274', '275', '276', '277', '278', '280', '281', '282', '283', '284', '285', '286', '287', '289', '290', '291', '292', '293', '294', '295', '296', '297', '298', '299', '300', '301', '302', '303', '304', '305', '306', '307', '308', '310', '311', '312', '313', '314', '315', '316', '317', '318', '319', '320', '321', '322', '323', '324', '325', '326', '327', '328', '329', '330', '331', '333', '334', '335', '336', '337', '338', '339', '340', '341', '342', '343', '345', '346', '347', '348', '349', '350', '351', '352', '353', '354', '356', '357', '359', '360', '361', '362', '363', '364', '365', '366', '367', '368', '369', '370', '372', '373', '374', '375', '376', '377', '378', '379', '380', '381', '382', '383', '386', '387', '389', '390', '391', '392', '393', '394', '395', '396', '397', '398', '399', '400', '401', '402', '403', '404', '405', '406', '407', '408', '409', '410', '411', '412', '413', '414', '415', '416', '417', '419', '420', '421', '423', '424', '425', '426', '427', '428', '429', '430', '431', '432', '433', '435', '436', '437', '438', '439', '440', '441', '442', '443', '444', '445', '446', '447', '448', '449', '450', '451', '452', '454', '455', '456', '458', '459', '460', '461', '462', '463', '464', '465', '466', '467', '468', '469', '471', '472', '473', '474', '475', '476', '477', '478', '481', '482', '483', '484', '485', '486', '487', '488', '489', '490', '491', '492', '493', '495', '496', '497', '480', '237', '239', '241', '309', '152', '159']}})
 Cluster1  9
 Cluster to drop  5
 Cluster to drop  4
 After reassigning and merging cells 
 Timepoint  2
 Cluster  6  # of cells  20
 Cluster  2  # of cells  77
 Cluster  8  # of cells  3
 Timepoint  3
 Cluster  6  # of cells  79
 Cluster  2  # of cells  32
 Cluster  8  # of cells  5
 Cluster  9  # of cells  360
 Cluster  1  # of cells  4
 Cluster  10  # of cells  17
 Cluster  11  # of cells  2
 Cluster  7  # of cells  1
 Tp cluster cell dict  {'6_2': 20, '2_2': 77, '8_2': 3, '6_3': 79, '2_3': 32, '8_3': 5, '9_3': 360, '1_3': 4, '10_3': 17, '11_3': 2, '7_3': 1}
 New Graph is here 
 ID  0  Timepoint  1  Mutations  []  Type  subclone
 ID  1  Timepoint  2  Mutations  [0, 1, 2, 3]  Type  subclone
 ID  2  Timepoint  2  Mutations  [0, 1, 2, 3, 6, 7, 8, 9, 10, 11]  Type  subclone
 ID  3  Timepoint  2  Mutations  [4, 5, 12, 13, 14, 15, 16, 18]  Type  subclone
 ID  4  Timepoint  3  Mutations  [0, 1, 2, 3]  Type  subclone
 ID  5  Timepoint  3  Mutations  [0, 1, 2, 3, 6, 7, 8, 9, 10, 11]  Type  subclone
 ID  6  Timepoint  3  Mutations  [4, 5, 12, 13, 14, 15, 16, 18]  Type  subclone
 ID  7  Timepoint  3  Mutations  [0, 1, 2, 3, 6, 7, 8, 9, 10, 11, 19, 20, 21, 22, 23, 24]  Type  subclone
 ID  8  Timepoint  3  Mutations  [0, 1, 2, 3, 6, 7, 8, 11, 19, 20, 21, 24, 30, 47, 48, 56]  Type  subclone
 ID  9  Timepoint  3  Mutations  [0, 1, 2, 3, 25, 26, 27, 28, 29, 30, 31, 32, 33, 34]  Type  subclone
 ID  10  Timepoint  3  Mutations  [2, 4, 5, 12, 14, 15, 16, 17, 18, 29, 36, 37, 38, 39, 41, 42, 43, 45, 46, 47, 49, 50, 52, 57]  Type  subclone
 ID  11  Timepoint  3  Mutations  [4, 5, 16, 34, 40, 50, 51, 52, 53, 54, 55, 56, 57, 58, 59, 60, 61, 63]  Type  subclone
Timepoints  SortedDict({1: [0], 2: [1, 2, 3], 3: [4, 5, 6, 7, 8, 9, 10, 11]})
 Clone to nodes  {'6_2': 1, '2_2': 2, '8_2': 3, '6_3': 4, '2_3': 5, '8_3': 6, '9_3': 7, '1_3': 8, '10_3': 9, '11_3': 10, '7_3': 11}
 Timepoint ====  1
 Hash table  {'0,1': [0, 1, 2, 3], '1': [6, 7, 8, 9, 10, 11], '2': [4, 5, 12, 13, 14, 15, 16, 18]}
 Final possible usc  [[0, 1, 2, 3], [6, 7, 8, 9, 10, 11], [4, 5, 12, 13, 14, 15, 16, 18]]
 Time  1  USC keys  {'4,5,12,13,14,15,16,18_0', '0,1,2,3_0', '6,7,8,9,10,11_0'}
 USC children  {'0,1,2,3_0': [1, 2], '6,7,8,9,10,11_0': [2], '4,5,12,13,14,15,16,18_0': [3]}
 USC children  {'0,1,2,3_0': [1, 2], '6,7,8,9,10,11_0': [2], '4,5,12,13,14,15,16,18_0': [3]}
 Timepoint ====  2
 Hash table  {'0,1,2': [0, 1, 3], '0,1,2,3': [2], '0,1': [6, 7, 8, 11, 19, 20, 21, 24], '0': [9, 10, 22, 23], '1,2': [30], '1,3': [47], '1': [48], '1,4': [56], '2': [25, 26, 27, 28, 31, 32, 33], '2,3': [29], '2,4': [34], '3,4': [4, 5, 16, 50, 52, 57], '3': [12, 14, 15, 17, 18, 36, 37, 38, 39, 41, 42, 43, 45, 46, 49], '4': [40, 51, 53, 54, 55, 58, 59, 60, 61, 63]}
====== Inside find superset of t nodes ==========
 Final possible usc  []
 Time  2  USC keys  set()
 USC children  {'0,1,2,3_0': [1, 2], '6,7,8,9,10,11_0': [2], '4,5,12,13,14,15,16,18_0': [3]}
 USC children  {'0,1,2,3_0': [1, 2], '6,7,8,9,10,11_0': [2], '4,5,12,13,14,15,16,18_0': [3]}
 Node s  {'1,2': ['0', '1', '2', '3'], '3': ['4', '5', '12', '13', '14', '15', '16', '18']}
 Enroll USC nodes  ['1', '2']  len  2
 Enroll USC nodes  ['3']  len  1
 Node TP  SortedDict({1: [0], 2: [1, 2, 3], 3: [4, 5, 6, 7, 8, 9, 10, 11]})
 Unobserved subclones at timepoints  {1.5: [12]}
 ============== Inside finding node v ============ 
 Time  2
 largest_v_mut  [[]]
 Time  3
 largest_v_mut  [[0, 1, 2, 3, 6, 7, 8, 9, 10, 11]]
 largest_v_mut  [[0, 1, 2, 3]]
 largest_v_mut  [[0, 1, 2, 3]]
 largest_v_mut  []
 largest_v_mut  []
 Sorted all timepoints  [1, 1.5, 2, 3]
 Timepoint  2
 Inside usc_node check  2
 Timepoint  3
 Node  10  has no parent 
 USC nodes  []
 Node with minimum mutation sets  {1: 3, 2: 9, 3: 1}
 Node  11  has no parent 
 USC nodes  []
 Node with minimum mutation sets  {1: 4, 2: 10, 3: 5}
0   1   [-1]   subclone   []   []
1   2   [12]   subclone   [0, 1, 2, 3]   [0]
2   2   [12]   subclone   [0, 1, 2, 3, 6, 7, 8, 9, 10, 11]   [6]
3   2   [0]   subclone   [4, 5, 12, 13, 14, 15, 16, 18]   [8]
4   3   [1]   subclone   [0, 1, 2, 3]   [0]
5   3   [2]   subclone   [0, 1, 2, 3, 6, 7, 8, 9, 10, 11]   [0]
6   3   [3]   subclone   [4, 5, 12, 13, 14, 15, 16, 18]   [0]
7   3   [2]   subclone   [0, 1, 2, 3, 6, 7, 8, 9, 10, 11, 19, 20, 21, 22, 23, 24]   [6]
8   3   [1]   subclone   [0, 1, 2, 3, 6, 7, 8, 11, 19, 20, 21, 24, 30, 47, 48, 56]   [12]
9   3   [1]   subclone   [0, 1, 2, 3, 25, 26, 27, 28, 29, 30, 31, 32, 33, 34]   [10]
10   3   [3]   subclone   [2, 4, 5, 12, 14, 15, 16, 17, 18, 29, 36, 37, 38, 39, 41, 42, 43, 45, 46, 47, 49, 50, 52, 57]   [17]
11   3   [1]   subclone   [4, 5, 16, 34, 40, 50, 51, 52, 53, 54, 55, 56, 57, 58, 59, 60, 61, 63]   [18]
12   1.5   [0]   unobserved subclone   [0, 1, 2, 3]   [4]
9
 Total estimated FP  247  True negatives  24214
 Total estimated FN  1241  True positives  5018
 Estimated FP rate  0.04691
 Estimated FN rate  0.05
 No. of Cells in each cluster  {'8_2': 20, '8_3': 76, '2_2': 76, '2_3': 22, '5_2': 3, '5_3': 5, '4_3': 17, '6_3': 2, '7_3': 1, '1_2': 1, '1_3': 377}
 Cells in each cluster  {'8_2': [0, 1, 2, 3, 4, 5, 6, 7, 8, 9, 10, 11, 12, 13, 14, 15, 16, 17, 26, 77], '8_3': [102, 500, 501, 502, 503, 504, 505, 506, 507, 508, 509, 510, 511, 512, 513, 514, 515, 516, 517, 518, 519, 520, 521, 522, 523, 524, 525, 526, 527, 528, 529, 530, 531, 532, 533, 534, 535, 536, 537, 538, 539, 540, 541, 542, 543, 544, 545, 546, 547, 548, 549, 550, 551, 552, 553, 554, 555, 556, 557, 558, 559, 560, 561, 562, 563, 564, 565, 566, 567, 568, 569, 570, 571, 572, 573, 574], '2_2': [18, 19, 20, 21, 22, 23, 24, 25, 27, 28, 29, 30, 31, 32, 33, 34, 35, 36, 37, 38, 39, 40, 41, 43, 44, 45, 46, 47, 48, 49, 50, 51, 52, 53, 54, 55, 56, 57, 58, 59, 60, 61, 62, 63, 64, 65, 66, 67, 68, 69, 70, 71, 72, 73, 74, 75, 76, 78, 79, 80, 81, 82, 83, 84, 85, 86, 87, 88, 89, 90, 91, 92, 93, 94, 95, 96], '2_3': [100, 101, 103, 104, 105, 106, 107, 108, 109, 110, 111, 113, 114, 115, 116, 117, 118, 119, 120, 121, 235, 251], '5_2': [97, 98, 99], '5_3': [592, 593, 594, 595, 596], '4_3': [575, 576, 577, 578, 579, 580, 581, 582, 583, 584, 585, 586, 587, 588, 589, 590, 591], '6_3': [597, 598], '7_3': [599], '1_2': [42], '1_3': [112, 122, 123, 124, 125, 126, 127, 128, 129, 130, 131, 132, 133, 134, 135, 136, 137, 138, 139, 140, 141, 142, 143, 144, 145, 146, 147, 148, 149, 150, 151, 152, 153, 154, 156, 157, 158, 159, 160, 162, 163, 164, 165, 166, 167, 168, 169, 170, 171, 172, 173, 174, 175, 176, 177, 178, 179, 180, 181, 182, 183, 184, 186, 187, 188, 189, 190, 191, 192, 193, 194, 195, 196, 197, 198, 199, 200, 201, 202, 203, 204, 205, 206, 207, 208, 209, 210, 211, 212, 213, 214, 215, 216, 217, 218, 219, 220, 221, 222, 223, 224, 225, 226, 227, 228, 229, 230, 231, 233, 234, 236, 237, 238, 239, 240, 241, 242, 243, 244, 245, 246, 247, 248, 249, 250, 252, 253, 254, 255, 256, 257, 258, 259, 260, 261, 262, 263, 264, 265, 266, 267, 268, 269, 270, 271, 272, 273, 274, 275, 276, 277, 278, 279, 280, 281, 282, 283, 284, 285, 286, 287, 288, 289, 290, 291, 292, 293, 294, 295, 296, 297, 298, 299, 300, 301, 302, 304, 305, 306, 307, 308, 309, 310, 311, 312, 313, 314, 315, 316, 317, 318, 319, 320, 321, 322, 324, 325, 326, 327, 328, 329, 330, 331, 333, 334, 335, 336, 337, 338, 339, 340, 341, 342, 343, 344, 345, 346, 347, 348, 349, 350, 351, 352, 353, 354, 355, 356, 357, 358, 359, 360, 361, 362, 363, 364, 365, 366, 367, 368, 369, 370, 371, 372, 373, 374, 375, 376, 377, 378, 379, 380, 381, 382, 384, 385, 386, 387, 388, 389, 390, 391, 392, 393, 394, 395, 396, 397, 398, 399, 400, 401, 402, 403, 404, 405, 406, 407, 408, 409, 410, 411, 412, 413, 414, 415, 416, 417, 419, 420, 421, 422, 423, 424, 425, 426, 427, 428, 429, 430, 431, 432, 433, 434, 435, 436, 437, 438, 439, 440, 441, 442, 443, 444, 445, 446, 447, 448, 449, 450, 451, 452, 453, 454, 455, 456, 457, 458, 459, 460, 461, 462, 463, 464, 465, 466, 467, 468, 469, 470, 471, 472, 474, 475, 476, 477, 478, 479, 480, 481, 482, 483, 484, 485, 486, 487, 488, 489, 490, 491, 492, 493, 494, 496, 497, 498, 499, 161, 185, 323, 155, 232, 303, 332, 383, 418, 473, 495]}
FP rate  0.04691 FN rate  0.05
 Before reassigning cells 
 Timepoint  2
 Cluster  8  # of cells  20
 Cluster  2  # of cells  77
 Cluster  5  # of cells  3
 Timepoint  3
 Cluster  8  # of cells  81
 Cluster  2  # of cells  32
 Cluster  5  # of cells  5
 Cluster  4  # of cells  17
 Cluster  6  # of cells  2
 Cluster  7  # of cells  1
 Cluster  1  # of cells  356
 Cells absent at timepoint  2   set()
 Cells absent at timepoint  3   {480, 237, 241, 309, 152, 159}
 Missing cell prob  {'8': 2.5805484274886604e-08, '4': 7.766705482434347e-20, '6': 5.364769308057608e-34, '7': 1.3501144770625428e-27, '5': 1.6777682226588054e-22, '2': 2.9127320946955283e-08, '1': 3.492877323365666e-08}
 Missing cell prob  {'8': 6.37463245661081e-07, '4': 1.3288369582521254e-14, '6': 1.0037800349351097e-37, '7': 9.178800129819246e-29, '5': 1.599915999248496e-18, '2': 7.195213370332961e-07, '1': 8.121424379679968e-07}
 Missing cell prob  {'8': 1.237760291411155e-09, '4': 1.954328028549857e-22, '6': 2.7338195674154455e-35, '7': 1.3933093858205348e-27, '5': 6.291247199533199e-20, '2': 1.3970922180451132e-09, '1': 1.675358930520012e-09}
 Missing cell prob  {'8': 1.2951606156621613e-05, '4': 2.044958713109707e-18, '6': 1.5006970288476693e-32, '7': 3.5548256204756144e-26, '5': 3.250615944838517e-17, '2': 1.4618814562205596e-05, '1': 1.5531250377613456e-05}
 Missing cell prob  {'8': 3.3133962165054076e-08, '4': 1.900912400181501e-18, '6': 7.553401341186719e-25, '7': 3.962585559174224e-26, '5': 1.239251820346458e-14, '2': 3.973343971123818e-08, '1': 4.484816632261476e-08}
 Missing cell prob  {'8': 6.055900833780267e-07, '4': 1.2623951103395189e-14, '6': 2.3998367593755274e-31, '7': 2.399836759375528e-31, '5': 7.505205952474693e-20, '2': 7.262088653255777e-07, '1': 7.715353160695968e-07}
 Timepoint  2
 Timepoint  3
 After reassigning and merging cells 
 Timepoint  2
 Cluster  8  # of cells  20
 Cluster  2  # of cells  77
 Cluster  5  # of cells  3
 Timepoint  3
 Cluster  8  # of cells  81
 Cluster  2  # of cells  32
 Cluster  5  # of cells  5
 Cluster  4  # of cells  17
 Cluster  6  # of cells  2
 Cluster  7  # of cells  1
 Cluster  1  # of cells  362
 Tp cluster cell dict  {'8_2': 20, '2_2': 77, '5_2': 3, '8_3': 81, '2_3': 32, '5_3': 5, '4_3': 17, '6_3': 2, '7_3': 1, '1_3': 362}
 New Graph is here 
 ID  0  Timepoint  1  Mutations  []  Type  subclone
 ID  1  Timepoint  2  Mutations  [0, 1, 2, 3]  Type  subclone
 ID  2  Timepoint  2  Mutations  [0, 1, 2, 3, 6, 7, 8, 9, 10, 11]  Type  subclone
 ID  3  Timepoint  2  Mutations  [4, 5, 12, 13, 14, 15, 16, 18]  Type  subclone
 ID  4  Timepoint  3  Mutations  [0, 1, 2, 3]  Type  subclone
 ID  5  Timepoint  3  Mutations  [0, 1, 2, 3, 6, 7, 8, 9, 10, 11]  Type  subclone
 ID  6  Timepoint  3  Mutations  [4, 5, 12, 13, 14, 15, 16, 18]  Type  subclone
 ID  7  Timepoint  3  Mutations  [0, 1, 2, 3, 25, 26, 27, 28, 29, 30, 31, 32, 33, 34]  Type  subclone
 ID  8  Timepoint  3  Mutations  [2, 4, 5, 12, 14, 15, 16, 17, 18, 29, 36, 37, 38, 39, 41, 42, 43, 45, 46, 47, 48, 49, 50, 57]  Type  subclone
 ID  9  Timepoint  3  Mutations  [4, 10, 16, 27, 32, 41, 49, 50, 51, 52, 53, 54, 55, 56, 57, 58, 59, 60, 61, 63]  Type  subclone
 ID  10  Timepoint  3  Mutations  [0, 1, 2, 3, 6, 7, 8, 9, 10, 11, 19, 20, 21, 22, 23, 24]  Type  subclone
Timepoints  SortedDict({1: [0], 2: [1, 2, 3], 3: [4, 5, 6, 7, 8, 9, 10]})
 Clone to nodes  {'8_2': 1, '2_2': 2, '5_2': 3, '8_3': 4, '2_3': 5, '5_3': 6, '4_3': 7, '6_3': 8, '7_3': 9, '1_3': 10}
 Timepoint ====  1
 Hash table  {'0,1': [0, 1, 2, 3], '1': [6, 7, 8, 9, 10, 11], '2': [4, 5, 12, 13, 14, 15, 16, 18]}
 Final possible usc  [[0, 1, 2, 3], [6, 7, 8, 9, 10, 11], [4, 5, 12, 13, 14, 15, 16, 18]]
 Time  1  USC keys  {'4,5,12,13,14,15,16,18_0', '0,1,2,3_0', '6,7,8,9,10,11_0'}
 USC children  {'0,1,2,3_0': [1, 2], '6,7,8,9,10,11_0': [2], '4,5,12,13,14,15,16,18_0': [3]}
 USC children  {'0,1,2,3_0': [1, 2], '6,7,8,9,10,11_0': [2], '4,5,12,13,14,15,16,18_0': [3]}
 Timepoint ====  2
 Hash table  {'0,3': [0, 1, 3], '0,1,3': [2], '0': [25, 26, 28, 30, 31, 33, 34], '0,2': [27, 32], '0,1': [29], '1,2': [4, 16, 41, 49, 50, 57], '1': [5, 12, 14, 15, 17, 18, 36, 37, 38, 39, 42, 43, 45, 46, 47, 48], '2,3': [10], '2': [51, 52, 53, 54, 55, 56, 58, 59, 60, 61, 63], '3': [6, 7, 8, 9, 11, 19, 20, 21, 22, 23, 24]}
====== Inside find superset of t nodes ==========
 Final possible usc  []
 Time  2  USC keys  set()
 USC children  {'0,1,2,3_0': [1, 2], '6,7,8,9,10,11_0': [2], '4,5,12,13,14,15,16,18_0': [3]}
 USC children  {'0,1,2,3_0': [1, 2], '6,7,8,9,10,11_0': [2], '4,5,12,13,14,15,16,18_0': [3]}
 Node s  {'1,2': ['0', '1', '2', '3'], '3': ['4', '5', '12', '13', '14', '15', '16', '18']}
 Enroll USC nodes  ['1', '2']  len  2
 Enroll USC nodes  ['3']  len  1
 Node TP  SortedDict({1: [0], 2: [1, 2, 3], 3: [4, 5, 6, 7, 8, 9, 10]})
 Unobserved subclones at timepoints  {1.5: [11]}
 ============== Inside finding node v ============ 
 Time  2
 largest_v_mut  [[]]
 Time  3
 largest_v_mut  [[0, 1, 2, 3]]
 largest_v_mut  []
 largest_v_mut  []
 largest_v_mut  [[0, 1, 2, 3, 6, 7, 8, 9, 10, 11]]
 Sorted all timepoints  [1, 1.5, 2, 3]
 Timepoint  2
 Inside usc_node check  2
 Timepoint  3
 Node  8  has no parent 
 USC nodes  []
 Node with minimum mutation sets  {1: 3, 2: 9, 3: 1}
 Node  9  has no parent 
 USC nodes  []
 Node with minimum mutation sets  {1: 4, 2: 9, 3: 6}
0   1   [-1]   subclone   []   []
1   2   [11]   subclone   [0, 1, 2, 3]   [0]
2   2   [11]   subclone   [0, 1, 2, 3, 6, 7, 8, 9, 10, 11]   [6]
3   2   [0]   subclone   [4, 5, 12, 13, 14, 15, 16, 18]   [8]
4   3   [1]   subclone   [0, 1, 2, 3]   [0]
5   3   [2]   subclone   [0, 1, 2, 3, 6, 7, 8, 9, 10, 11]   [0]
6   3   [3]   subclone   [4, 5, 12, 13, 14, 15, 16, 18]   [0]
7   3   [1]   subclone   [0, 1, 2, 3, 25, 26, 27, 28, 29, 30, 31, 32, 33, 34]   [10]
8   3   [3]   subclone   [2, 4, 5, 12, 14, 15, 16, 17, 18, 29, 36, 37, 38, 39, 41, 42, 43, 45, 46, 47, 48, 49, 50, 57]   [17]
9   3   [1]   subclone   [4, 10, 16, 27, 32, 41, 49, 50, 51, 52, 53, 54, 55, 56, 57, 58, 59, 60, 61, 63]   [20]
10   3   [2]   subclone   [0, 1, 2, 3, 6, 7, 8, 9, 10, 11, 19, 20, 21, 22, 23, 24]   [6]
11   1.5   [0]   unobserved subclone   [0, 1, 2, 3]   [4]
12
 Total estimated FP  241  True negatives  24215
 Total estimated FN  1240  True positives  5024
 Estimated FP rate  0.04577
 Estimated FN rate  0.05
 No. of Cells in each cluster  {'8_2': 20, '8_3': 76, '5_2': 76, '5_3': 22, '11_2': 3, '11_3': 5, '3_3': 4, '10_3': 17, '6_3': 2, '7_3': 1, '9_3': 373, '9_2': 1}
 Cells in each cluster  {'8_2': [0, 1, 2, 3, 4, 5, 6, 7, 8, 9, 10, 11, 12, 13, 14, 15, 16, 17, 26, 77], '8_3': [102, 500, 501, 502, 503, 504, 505, 506, 507, 508, 509, 510, 511, 512, 513, 514, 515, 516, 517, 518, 519, 520, 521, 522, 523, 524, 525, 526, 527, 528, 529, 530, 531, 532, 533, 534, 535, 536, 537, 538, 539, 540, 541, 542, 543, 544, 545, 546, 547, 548, 549, 550, 551, 552, 553, 554, 555, 556, 557, 558, 559, 560, 561, 562, 563, 564, 565, 566, 567, 568, 569, 570, 571, 572, 573, 574], '5_2': [18, 19, 20, 21, 22, 23, 24, 25, 27, 28, 29, 30, 31, 32, 33, 34, 35, 36, 37, 38, 39, 40, 41, 43, 44, 45, 46, 47, 48, 49, 50, 51, 52, 53, 54, 55, 56, 57, 58, 59, 60, 61, 62, 63, 64, 65, 66, 67, 68, 69, 70, 71, 72, 73, 74, 75, 76, 78, 79, 80, 81, 82, 83, 84, 85, 86, 87, 88, 89, 90, 91, 92, 93, 94, 95, 96], '5_3': [100, 101, 103, 104, 105, 106, 107, 108, 109, 110, 111, 113, 114, 115, 116, 117, 118, 119, 120, 121, 235, 251], '11_2': [97, 98, 99], '11_3': [592, 593, 594, 595, 596], '3_3': [232, 332, 418, 473], '10_3': [575, 576, 577, 578, 579, 580, 581, 582, 583, 584, 585, 586, 587, 588, 589, 590, 591], '6_3': [597, 598], '7_3': [599], '9_3': [122, 123, 124, 125, 126, 127, 128, 129, 130, 131, 132, 133, 134, 135, 136, 138, 139, 140, 141, 142, 143, 144, 145, 146, 147, 148, 149, 150, 151, 152, 153, 154, 156, 157, 159, 160, 162, 163, 164, 165, 166, 167, 168, 169, 170, 171, 172, 173, 174, 175, 176, 177, 178, 179, 180, 181, 182, 183, 186, 187, 188, 189, 190, 191, 192, 193, 194, 195, 196, 197, 198, 199, 200, 201, 202, 203, 204, 205, 206, 207, 208, 209, 210, 211, 213, 214, 215, 216, 217, 218, 219, 220, 221, 222, 223, 224, 225, 226, 227, 229, 230, 231, 233, 234, 236, 237, 238, 239, 240, 241, 242, 243, 244, 245, 246, 248, 249, 250, 252, 253, 254, 255, 256, 257, 258, 260, 261, 262, 263, 265, 266, 267, 268, 269, 270, 271, 272, 274, 275, 276, 277, 278, 279, 280, 281, 282, 283, 284, 285, 286, 287, 289, 290, 291, 292, 293, 294, 295, 296, 297, 298, 299, 300, 301, 302, 304, 305, 306, 307, 308, 309, 310, 311, 312, 313, 314, 315, 316, 317, 318, 319, 320, 322, 324, 325, 326, 327, 328, 329, 330, 331, 333, 334, 335, 336, 337, 339, 340, 341, 342, 343, 344, 345, 346, 347, 348, 349, 350, 351, 352, 353, 354, 355, 356, 357, 358, 359, 360, 361, 362, 363, 364, 365, 366, 367, 368, 369, 370, 371, 372, 373, 374, 375, 376, 377, 378, 379, 380, 381, 382, 384, 385, 386, 387, 388, 391, 392, 393, 395, 396, 397, 398, 399, 400, 401, 402, 403, 404, 405, 406, 407, 408, 409, 410, 411, 412, 413, 414, 415, 416, 417, 419, 420, 421, 422, 423, 424, 425, 426, 427, 429, 430, 431, 432, 433, 434, 435, 436, 437, 438, 439, 440, 441, 442, 443, 444, 445, 446, 449, 450, 451, 452, 453, 454, 455, 456, 457, 458, 459, 460, 461, 462, 463, 464, 465, 466, 467, 468, 469, 470, 471, 472, 474, 475, 476, 477, 478, 479, 480, 481, 482, 483, 484, 485, 486, 487, 488, 489, 490, 491, 492, 493, 494, 496, 497, 498, 499, 158, 184, 259, 273, 288, 321, 389, 390, 394, 428, 137, 155, 212, 228, 247, 264, 303, 338, 383, 447, 448, 495, 161, 185, 323, 112], '9_2': [42]}
FP rate  0.04577 FN rate  0.05
 Before reassigning cells 
 Timepoint  2
 Cluster  8  # of cells  20
 Cluster  5  # of cells  77
 Cluster  11  # of cells  3
 Timepoint  3
 Cluster  8  # of cells  81
 Cluster  5  # of cells  31
 Cluster  11  # of cells  5
 Cluster  3  # of cells  5
 Cluster  10  # of cells  17
 Cluster  6  # of cells  2
 Cluster  7  # of cells  1
 Cluster  9  # of cells  350
 Cells absent at timepoint  2   set()
 Cells absent at timepoint  3   {480, 232, 237, 241, 212, 309, 152, 159}
 Missing cell prob  {'6': 4.169413193677499e-34, '10': 7.135544860847267e-20, '7': 5.53104489764607e-29, '5': 2.8346142084027594e-08, '8': 2.3964849044237204e-08, '11': 1.4003045280787136e-22, '3': 2.3239209077023444e-13, '9': 3.646471744272814e-08}
 Missing cell prob  {'6': 7.559300388425468e-33, '10': 6.232913720287182e-20, '7': 7.559300388425468e-33, '5': 6.798166706066373e-11, '8': 1.0968711407547372e-09, '11': 6.4091938250162694e-24, '3': 1.6689901173536666e-09, '9': 1.534596255247641e-09}
 Missing cell prob  {'6': 3.1445448508109495e-35, '10': 1.2527536488053617e-14, '7': 1.519344173366716e-27, '5': 7.159510157154766e-07, '8': 6.052907645713684e-07, '11': 1.4009982660172065e-18, '3': 1.120195322622813e-10, '9': 8.468423556189656e-07}
 Missing cell prob  {'6': 8.646539194113563e-33, '10': 1.799807558601643e-22, '7': 6.010235647847686e-29, '5': 1.3645075783756353e-09, '8': 1.1536038321742413e-09, '11': 5.542081819638533e-20, '3': 4.431278954827607e-12, '9': 1.7553141145780598e-09}
 Missing cell prob  {'6': 8.257920459280609e-33, '10': 2.7734366623052726e-21, '7': 1.0954761905280247e-27, '5': 6.828436437820752e-11, '8': 1.3400364863577777e-13, '11': 1.3362125898285504e-22, '3': 8.076822396040221e-11, '9': 8.784158512387724e-11}
 Missing cell prob  {'6': 2.387789680766705e-31, '10': 1.9688180516280434e-18, '7': 1.153704116435951e-23, '5': 1.4926413321524568e-05, '8': 1.2619327207274131e-05, '11': 2.9208533436346916e-17, '3': 1.125183139690913e-10, '9': 1.6233609482606547e-05}
 Missing cell prob  {'6': 1.209041967278278e-23, '10': 1.7443484933723314e-18, '7': 3.319519714587539e-26, '5': 3.9489046043488166e-08, '8': 3.069712830407926e-08, '11': 1.1148663544386132e-14, '3': 1.559772765509964e-14, '9': 4.6708498261147765e-08}
 Missing cell prob  {'6': 3.643795668496832e-30, '10': 1.1901159663650931e-14, '7': 1.9092858474879372e-31, '5': 7.397186115694925e-07, '8': 5.750262263428e-07, '11': 6.412369063560753e-20, '3': 1.1573827127112977e-10, '9': 8.045002378380179e-07}
 Timepoint  2
 Timepoint  3
 After reassigning and merging cells 
 Timepoint  2
 Cluster  8  # of cells  20
 Cluster  5  # of cells  77
 Cluster  11  # of cells  3
 Timepoint  3
 Cluster  8  # of cells  81
 Cluster  5  # of cells  31
 Cluster  11  # of cells  5
 Cluster  3  # of cells  6
 Cluster  10  # of cells  17
 Cluster  6  # of cells  2
 Cluster  7  # of cells  1
 Cluster  9  # of cells  357
 Tp cluster cell dict  {'8_2': 20, '5_2': 77, '11_2': 3, '8_3': 81, '5_3': 31, '11_3': 5, '3_3': 6, '10_3': 17, '6_3': 2, '7_3': 1, '9_3': 357}
 New Graph is here 
 ID  0  Timepoint  1  Mutations  []  Type  subclone
 ID  1  Timepoint  2  Mutations  [0, 1, 2, 3]  Type  subclone
 ID  2  Timepoint  2  Mutations  [0, 1, 2, 3, 6, 7, 8, 9, 10, 11]  Type  subclone
 ID  3  Timepoint  2  Mutations  [4, 5, 12, 13, 14, 15, 16, 18]  Type  subclone
 ID  4  Timepoint  3  Mutations  [0, 1, 2, 3]  Type  subclone
 ID  5  Timepoint  3  Mutations  [0, 1, 2, 3, 6, 7, 8, 9, 10, 11]  Type  subclone
 ID  6  Timepoint  3  Mutations  [4, 5, 12, 13, 14, 15, 16, 18]  Type  subclone
 ID  7  Timepoint  3  Mutations  [0, 1, 2, 3, 6, 7, 8, 9, 10, 11, 19, 21, 23, 32, 47, 55, 56]  Type  subclone
 ID  8  Timepoint  3  Mutations  [0, 1, 2, 3, 25, 26, 27, 28, 29, 30, 31, 32, 33, 34]  Type  subclone
 ID  9  Timepoint  3  Mutations  [4, 5, 12, 14, 15, 16, 17, 18, 36, 37, 38, 39, 41, 42, 43, 45, 46, 47, 49, 50, 57]  Type  subclone
 ID  10  Timepoint  3  Mutations  [4, 5, 27, 32, 41, 49, 51, 52, 53, 54, 55, 56, 57, 58, 59, 60, 61, 63]  Type  subclone
 ID  11  Timepoint  3  Mutations  [0, 1, 2, 3, 6, 7, 8, 9, 10, 11, 19, 20, 21, 22, 23, 24]  Type  subclone
Timepoints  SortedDict({1: [0], 2: [1, 2, 3], 3: [4, 5, 6, 7, 8, 9, 10, 11]})
 Clone to nodes  {'8_2': 1, '5_2': 2, '11_2': 3, '8_3': 4, '5_3': 5, '11_3': 6, '3_3': 7, '10_3': 8, '6_3': 9, '7_3': 10, '9_3': 11}
 Timepoint ====  1
 Hash table  {'0,1': [0, 1, 2, 3], '1': [6, 7, 8, 9, 10, 11], '2': [4, 5, 12, 13, 14, 15, 16, 18]}
 Final possible usc  [[0, 1, 2, 3], [6, 7, 8, 9, 10, 11], [4, 5, 12, 13, 14, 15, 16, 18]]
 Time  1  USC keys  {'0,1,2,3_0', '6,7,8,9,10,11_0', '4,5,12,13,14,15,16,18_0'}
 USC children  {'0,1,2,3_0': [1, 2], '6,7,8,9,10,11_0': [2], '4,5,12,13,14,15,16,18_0': [3]}
 USC children  {'0,1,2,3_0': [1, 2], '6,7,8,9,10,11_0': [2], '4,5,12,13,14,15,16,18_0': [3]}
 Timepoint ====  2
 Hash table  {'0,1,4': [0, 1, 2, 3], '0,4': [6, 7, 8, 9, 10, 11, 19, 21, 23], '0,1,3': [32], '0,2': [47], '0,3': [55, 56], '1': [25, 26, 28, 29, 30, 31, 33, 34], '1,3': [27], '2,3': [4, 5, 41, 49, 57], '2': [12, 14, 15, 16, 17, 18, 36, 37, 38, 39, 42, 43, 45, 46, 50], '3': [51, 52, 53, 54, 58, 59, 60, 61, 63], '4': [20, 22, 24]}
====== Inside find superset of t nodes ==========
 Final possible usc  []
 Time  2  USC keys  set()
 USC children  {'0,1,2,3_0': [1, 2], '6,7,8,9,10,11_0': [2], '4,5,12,13,14,15,16,18_0': [3]}
 USC children  {'0,1,2,3_0': [1, 2], '6,7,8,9,10,11_0': [2], '4,5,12,13,14,15,16,18_0': [3]}
 Node s  {'1,2': ['0', '1', '2', '3'], '3': ['4', '5', '12', '13', '14', '15', '16', '18']}
 Enroll USC nodes  ['1', '2']  len  2
 Enroll USC nodes  ['3']  len  1
 Node TP  SortedDict({1: [0], 2: [1, 2, 3], 3: [4, 5, 6, 7, 8, 9, 10, 11]})
 Unobserved subclones at timepoints  {1.5: [12]}
 ============== Inside finding node v ============ 
 Time  2
 largest_v_mut  [[]]
 Time  3
 largest_v_mut  [[0, 1, 2, 3, 6, 7, 8, 9, 10, 11]]
 largest_v_mut  [[0, 1, 2, 3]]
 largest_v_mut  []
 largest_v_mut  []
 largest_v_mut  [[0, 1, 2, 3, 6, 7, 8, 9, 10, 11]]
 Sorted all timepoints  [1, 1.5, 2, 3]
 Timepoint  2
 Inside usc_node check  2
 Timepoint  3
 Node  9  has no parent 
 USC nodes  []
 Node with minimum mutation sets  {1: 4, 2: 10, 3: 1}
 Node  10  has no parent 
 USC nodes  []
 Node with minimum mutation sets  {1: 4, 2: 10, 3: 6}
0   1   [-1]   subclone   []   []
1   2   [12]   subclone   [0, 1, 2, 3]   [0]
2   2   [12]   subclone   [0, 1, 2, 3, 6, 7, 8, 9, 10, 11]   [6]
3   2   [0]   subclone   [4, 5, 12, 13, 14, 15, 16, 18]   [8]
4   3   [1]   subclone   [0, 1, 2, 3]   [0]
5   3   [2]   subclone   [0, 1, 2, 3, 6, 7, 8, 9, 10, 11]   [0]
6   3   [3]   subclone   [4, 5, 12, 13, 14, 15, 16, 18]   [0]
7   3   [2]   subclone   [0, 1, 2, 3, 6, 7, 8, 9, 10, 11, 19, 21, 23, 32, 47, 55, 56]   [7]
8   3   [1]   subclone   [0, 1, 2, 3, 25, 26, 27, 28, 29, 30, 31, 32, 33, 34]   [10]
9   3   [3]   subclone   [4, 5, 12, 14, 15, 16, 17, 18, 36, 37, 38, 39, 41, 42, 43, 45, 46, 47, 49, 50, 57]   [14]
10   3   [1]   subclone   [4, 5, 27, 32, 41, 49, 51, 52, 53, 54, 55, 56, 57, 58, 59, 60, 61, 63]   [18]
11   3   [2]   subclone   [0, 1, 2, 3, 6, 7, 8, 9, 10, 11, 19, 20, 21, 22, 23, 24]   [6]
12   1.5   [0]   unobserved subclone   [0, 1, 2, 3]   [4]
 List of tree files  ['all_trees/sp05_rep3_m1_tree.csv', 'all_trees/sp05_rep3_m2_tree.csv', 'all_trees/sp05_rep3_m3_tree.csv', 'all_trees/sp05_rep3_m4_tree.csv', 'all_trees/sp05_rep3_m5_tree.csv']
{'1': ['0', '1', '2', '3'], '2': ['0', '1', '2', '3', '6', '7', '8', '9', '10', '11'], '3': ['4', '5', '12', '13', '14', '15', '16', '18'], '4': ['0', '1', '2', '3'], '5': ['0', '1', '2', '3', '6', '7', '8', '9', '10', '11'], '6': ['4', '5', '12', '13', '14', '15', '16', '18'], '7': ['0', '1', '2', '3', '6', '7', '8', '11', '20', '21', '22', '24', '47', '55', '56'], '8': ['0', '1', '2', '3', '25', '26', '27', '28', '29', '30', '31', '32', '33', '34'], '9': ['2', '4', '5', '12', '14', '15', '16', '17', '18', '29', '36', '37', '38', '39', '41', '42', '43', '45', '46', '47', '49', '50', '57'], '10': ['4', '16', '27', '32', '40', '49', '50', '51', '52', '53', '54', '55', '56', '57', '58', '59', '60', '61', '62', '63'], '11': ['0', '1', '2', '3', '6', '7', '8', '9', '10', '11', '19', '20', '21', '22', '23', '24'], '12': ['0', '1', '2', '3']}
 Actual mutation of  1   []
 Actual mutation of  2   ['11', '10', '6', '7', '8', '9']
 Actual mutation of  4   []
 Actual mutation of  5   []
 Actual mutation of  6   []
 Actual mutation of  7   ['24', '20', '22', '11', '47', '21', '55', '56', '6', '7', '8']
 Actual mutation of  8   ['30', '29', '26', '28', '32', '27', '34', '25', '31', '33']
 Actual mutation of  9   ['38', '29', '17', '50', '43', '41', '49', '39', '36', '45', '2', '42', '37', '47', '57', '46']
 Actual mutation of  10   ['60', '40', '59', '50', '62', '27', '56', '63', '58', '51', '4', '49', '52', '16', '32', '55', '57', '54', '53', '61']
 Actual mutation of  11   ['24', '20', '22', '19', '21', '23']
 Updated node mutation  {'1': [], '2': ['11', '10', '6', '7', '8', '9'], '3': ['4', '5', '12', '13', '14', '15', '16', '18'], '4': [], '5': [], '6': [], '7': ['24', '20', '22', '11', '47', '21', '55', '56', '6', '7', '8'], '8': ['30', '29', '26', '28', '32', '27', '34', '25', '31', '33'], '9': ['38', '29', '17', '50', '43', '41', '49', '39', '36', '45', '2', '42', '37', '47', '57', '46'], '10': ['60', '40', '59', '50', '62', '27', '56', '63', '58', '51', '4', '49', '52', '16', '32', '55', '57', '54', '53', '61'], '11': ['24', '20', '22', '19', '21', '23'], '12': ['0', '1', '2', '3']}
{'1': ['0', '1', '2', '3'], '2': ['0', '1', '2', '3', '6', '7', '8', '9', '10', '11'], '3': ['4', '5', '12', '13', '14', '15', '16', '18'], '4': ['0', '1', '2', '3'], '5': ['0', '1', '2', '3', '6', '7', '8', '9', '10', '11'], '6': ['0', '1', '2', '3', '6', '7', '8', '9', '10', '11', '19', '20', '21', '22', '23', '24'], '7': ['4', '5', '12', '13', '14', '15', '16', '18'], '8': ['0', '1', '2', '3', '6', '7', '8', '10', '11', '19', '20', '21', '24', '30', '47', '48', '56'], '9': ['0', '1', '2', '3', '25', '26', '27', '28', '29', '30', '31', '32', '33', '34'], '10': ['4', '5', '12', '14', '15', '16', '17', '18', '29', '36', '37', '38', '39', '41', '42', '43', '45', '46', '47', '49', '50', '57'], '11': ['4', '5', '16', '32', '41', '49', '51', '52', '53', '54', '55', '56', '57', '58', '59', '60', '61', '63'], '12': ['0', '1', '2', '3']}
 Actual mutation of  1   []
 Actual mutation of  2   ['11', '10', '6', '7', '8', '9']
 Actual mutation of  4   []
 Actual mutation of  5   []
 Actual mutation of  6   ['24', '20', '22', '19', '21', '23']
 Actual mutation of  7   []
 Actual mutation of  8   ['24', '30', '20', '48', '11', '19', '21', '47', '10', '56', '6', '7', '8']
 Actual mutation of  9   ['30', '29', '26', '28', '32', '27', '34', '25', '31', '33']
 Actual mutation of  10   ['38', '29', '17', '50', '43', '41', '49', '39', '36', '45', '42', '37', '47', '57', '46']
 Actual mutation of  11   ['60', '59', '49', '41', '52', '16', '32', '55', '56', '63', '57', '53', '54', '61', '58', '5', '51', '4']
 Updated node mutation  {'1': [], '2': ['11', '10', '6', '7', '8', '9'], '3': ['4', '5', '12', '13', '14', '15', '16', '18'], '4': [], '5': [], '6': ['24', '20', '22', '19', '21', '23'], '7': [], '8': ['24', '30', '20', '48', '11', '19', '21', '47', '10', '56', '6', '7', '8'], '9': ['30', '29', '26', '28', '32', '27', '34', '25', '31', '33'], '10': ['38', '29', '17', '50', '43', '41', '49', '39', '36', '45', '42', '37', '47', '57', '46'], '11': ['60', '59', '49', '41', '52', '16', '32', '55', '56', '63', '57', '53', '54', '61', '58', '5', '51', '4'], '12': ['0', '1', '2', '3']}
{'1': ['0', '1', '2', '3'], '2': ['0', '1', '2', '3', '6', '7', '8', '9', '10', '11'], '3': ['4', '5', '12', '13', '14', '15', '16', '18'], '4': ['0', '1', '2', '3'], '5': ['0', '1', '2', '3', '6', '7', '8', '9', '10', '11'], '6': ['4', '5', '12', '13', '14', '15', '16', '18'], '7': ['0', '1', '2', '3', '6', '7', '8', '9', '10', '11', '19', '20', '21', '22', '23', '24'], '8': ['0', '1', '2', '3', '6', '7', '8', '11', '19', '20', '21', '24', '30', '47', '48', '56'], '9': ['0', '1', '2', '3', '25', '26', '27', '28', '29', '30', '31', '32', '33', '34'], '10': ['2', '4', '5', '12', '14', '15', '16', '17', '18', '29', '36', '37', '38', '39', '41', '42', '43', '45', '46', '47', '49', '50', '52', '57'], '11': ['4', '5', '16', '34', '40', '50', '51', '52', '53', '54', '55', '56', '57', '58', '59', '60', '61', '63'], '12': ['0', '1', '2', '3']}
 Actual mutation of  1   []
 Actual mutation of  2   ['11', '10', '6', '7', '8', '9']
 Actual mutation of  4   []
 Actual mutation of  5   []
 Actual mutation of  6   []
 Actual mutation of  7   ['24', '20', '22', '19', '21', '23']
 Actual mutation of  8   ['24', '30', '20', '48', '11', '19', '21', '47', '56', '6', '7', '8']
 Actual mutation of  9   ['30', '29', '26', '28', '32', '27', '34', '25', '31', '33']
 Actual mutation of  10   ['38', '29', '17', '50', '43', '41', '49', '52', '39', '36', '45', '2', '42', '37', '47', '57', '46']
 Actual mutation of  11   ['60', '40', '59', '50', '52', '16', '55', '34', '56', '57', '63', '53', '54', '61', '58', '5', '51', '4']
 Updated node mutation  {'1': [], '2': ['11', '10', '6', '7', '8', '9'], '3': ['4', '5', '12', '13', '14', '15', '16', '18'], '4': [], '5': [], '6': [], '7': ['24', '20', '22', '19', '21', '23'], '8': ['24', '30', '20', '48', '11', '19', '21', '47', '56', '6', '7', '8'], '9': ['30', '29', '26', '28', '32', '27', '34', '25', '31', '33'], '10': ['38', '29', '17', '50', '43', '41', '49', '52', '39', '36', '45', '2', '42', '37', '47', '57', '46'], '11': ['60', '40', '59', '50', '52', '16', '55', '34', '56', '57', '63', '53', '54', '61', '58', '5', '51', '4'], '12': ['0', '1', '2', '3']}
{'1': ['0', '1', '2', '3'], '2': ['0', '1', '2', '3', '6', '7', '8', '9', '10', '11'], '3': ['4', '5', '12', '13', '14', '15', '16', '18'], '4': ['0', '1', '2', '3'], '5': ['0', '1', '2', '3', '6', '7', '8', '9', '10', '11'], '6': ['4', '5', '12', '13', '14', '15', '16', '18'], '7': ['0', '1', '2', '3', '25', '26', '27', '28', '29', '30', '31', '32', '33', '34'], '8': ['2', '4', '5', '12', '14', '15', '16', '17', '18', '29', '36', '37', '38', '39', '41', '42', '43', '45', '46', '47', '48', '49', '50', '57'], '9': ['4', '10', '16', '27', '32', '41', '49', '50', '51', '52', '53', '54', '55', '56', '57', '58', '59', '60', '61', '63'], '10': ['0', '1', '2', '3', '6', '7', '8', '9', '10', '11', '19', '20', '21', '22', '23', '24'], '11': ['0', '1', '2', '3']}
 Actual mutation of  1   []
 Actual mutation of  2   ['11', '10', '6', '7', '8', '9']
 Actual mutation of  4   []
 Actual mutation of  5   []
 Actual mutation of  6   []
 Actual mutation of  7   ['30', '29', '26', '28', '32', '27', '34', '25', '31', '33']
 Actual mutation of  8   ['38', '29', '17', '50', '43', '41', '48', '49', '39', '36', '45', '2', '42', '37', '47', '57', '46']
 Actual mutation of  9   ['60', '59', '50', '41', '27', '56', '63', '58', '51', '4', '49', '52', '16', '32', '55', '57', '54', '10', '61', '53']
 Actual mutation of  10   ['24', '20', '22', '19', '21', '23']
 Updated node mutation  {'1': [], '2': ['11', '10', '6', '7', '8', '9'], '3': ['4', '5', '12', '13', '14', '15', '16', '18'], '4': [], '5': [], '6': [], '7': ['30', '29', '26', '28', '32', '27', '34', '25', '31', '33'], '8': ['38', '29', '17', '50', '43', '41', '48', '49', '39', '36', '45', '2', '42', '37', '47', '57', '46'], '9': ['60', '59', '50', '41', '27', '56', '63', '58', '51', '4', '49', '52', '16', '32', '55', '57', '54', '10', '61', '53'], '10': ['24', '20', '22', '19', '21', '23'], '11': ['0', '1', '2', '3']}
{'1': ['0', '1', '2', '3'], '2': ['0', '1', '2', '3', '6', '7', '8', '9', '10', '11'], '3': ['4', '5', '12', '13', '14', '15', '16', '18'], '4': ['0', '1', '2', '3'], '5': ['0', '1', '2', '3', '6', '7', '8', '9', '10', '11'], '6': ['4', '5', '12', '13', '14', '15', '16', '18'], '7': ['0', '1', '2', '3', '6', '7', '8', '9', '10', '11', '19', '21', '23', '32', '47', '55', '56'], '8': ['0', '1', '2', '3', '25', '26', '27', '28', '29', '30', '31', '32', '33', '34'], '9': ['4', '5', '12', '14', '15', '16', '17', '18', '36', '37', '38', '39', '41', '42', '43', '45', '46', '47', '49', '50', '57'], '10': ['4', '5', '27', '32', '41', '49', '51', '52', '53', '54', '55', '56', '57', '58', '59', '60', '61', '63'], '11': ['0', '1', '2', '3', '6', '7', '8', '9', '10', '11', '19', '20', '21', '22', '23', '24'], '12': ['0', '1', '2', '3']}
 Actual mutation of  1   []
 Actual mutation of  2   ['11', '10', '6', '7', '8', '9']
 Actual mutation of  4   []
 Actual mutation of  5   []
 Actual mutation of  6   []
 Actual mutation of  7   ['32', '47', '19', '21', '55', '23', '56']
 Actual mutation of  8   ['30', '29', '26', '28', '32', '27', '34', '25', '31', '33']
 Actual mutation of  9   ['38', '49', '17', '50', '43', '41', '39', '36', '45', '42', '37', '47', '57', '46']
 Actual mutation of  10   ['60', '59', '49', '41', '52', '32', '27', '55', '56', '63', '57', '53', '54', '61', '58', '5', '51', '4']
 Actual mutation of  11   ['24', '20', '22', '19', '21', '23']
 Updated node mutation  {'1': [], '2': ['11', '10', '6', '7', '8', '9'], '3': ['4', '5', '12', '13', '14', '15', '16', '18'], '4': [], '5': [], '6': [], '7': ['32', '47', '19', '21', '55', '23', '56'], '8': ['30', '29', '26', '28', '32', '27', '34', '25', '31', '33'], '9': ['38', '49', '17', '50', '43', '41', '39', '36', '45', '42', '37', '47', '57', '46'], '10': ['60', '59', '49', '41', '52', '32', '27', '55', '56', '63', '57', '53', '54', '61', '58', '5', '51', '4'], '11': ['24', '20', '22', '19', '21', '23'], '12': ['0', '1', '2', '3']}
 Parallel mutation count  {'m1': 20, 'm2': 20, 'm3': 20, 'm4': 11, 'm5': 13}
 Clusters with least parallel mutations  ['m4']
 Best tree path  sp05_rep3_m4_tree.csv
