7
 Total estimated FP  87  True negatives  8912
 Total estimated FN  2596  True positives  10485
 Estimated FP rate  0.00823
 Estimated FN rate  0.23
 No. of Cells in each cluster  {'5_2': 69, '4_2': 31, '4_3': 66, '6_3': 1, '3_3': 1, '2_3': 432}
 Cells in each cluster  {'5_2': [0, 1, 2, 3, 4, 5, 6, 7, 8, 9, 10, 11, 12, 13, 14, 15, 16, 17, 18, 19, 20, 21, 22, 23, 24, 25, 26, 27, 28, 29, 30, 31, 32, 33, 34, 35, 36, 37, 38, 39, 40, 41, 42, 43, 44, 45, 46, 47, 48, 49, 50, 51, 52, 53, 54, 55, 56, 57, 58, 59, 60, 61, 62, 63, 64, 65, 66, 67, 68], '4_2': [69, 70, 71, 72, 73, 74, 75, 76, 77, 78, 79, 80, 81, 82, 83, 84, 85, 86, 87, 88, 89, 90, 91, 92, 93, 94, 95, 96, 97, 98, 99], '4_3': [100, 101, 102, 103, 104, 105, 106, 107, 108, 109, 110, 111, 112, 113, 114, 115, 116, 117, 118, 119, 120, 121, 122, 123, 124, 125, 126, 127, 128, 129, 130, 131, 132, 133, 134, 135, 136, 137, 138, 139, 140, 141, 142, 143, 144, 145, 146, 147, 148, 149, 150, 151, 152, 153, 154, 155, 156, 157, 158, 159, 160, 161, 162, 163, 164, 165], '6_3': [469], '3_3': [579], '2_3': [168, 251, 297, 298, 327, 343, 404, 411, 514, 550, 166, 167, 169, 170, 172, 173, 174, 175, 176, 177, 178, 179, 180, 181, 182, 183, 184, 185, 186, 187, 188, 189, 190, 191, 192, 193, 194, 195, 196, 197, 198, 199, 200, 201, 202, 203, 204, 205, 206, 207, 208, 209, 210, 211, 212, 213, 214, 215, 216, 217, 219, 220, 221, 222, 223, 224, 225, 226, 227, 228, 229, 230, 231, 232, 233, 234, 235, 236, 237, 238, 239, 240, 241, 242, 243, 244, 245, 246, 247, 248, 249, 250, 252, 253, 254, 255, 256, 257, 258, 259, 260, 261, 262, 263, 264, 265, 266, 267, 268, 269, 270, 271, 272, 273, 274, 275, 276, 277, 278, 279, 280, 281, 282, 283, 284, 285, 286, 287, 288, 289, 290, 291, 292, 293, 294, 295, 296, 299, 300, 301, 302, 303, 304, 305, 306, 307, 308, 309, 310, 311, 312, 313, 314, 315, 316, 317, 318, 319, 320, 321, 322, 323, 324, 325, 326, 328, 329, 330, 331, 332, 333, 334, 335, 336, 337, 338, 339, 340, 341, 342, 344, 345, 346, 347, 348, 349, 350, 352, 353, 354, 355, 356, 357, 358, 359, 360, 361, 362, 363, 364, 365, 366, 367, 368, 369, 370, 371, 372, 373, 374, 375, 376, 377, 378, 379, 380, 381, 382, 383, 384, 385, 386, 387, 388, 389, 390, 391, 392, 393, 394, 395, 396, 397, 398, 399, 400, 401, 402, 403, 405, 406, 407, 408, 409, 410, 412, 413, 414, 415, 416, 417, 418, 419, 420, 421, 422, 423, 424, 425, 426, 427, 428, 429, 430, 431, 432, 433, 434, 435, 436, 437, 438, 439, 440, 441, 442, 443, 444, 445, 446, 447, 448, 449, 450, 451, 452, 453, 454, 455, 456, 457, 458, 459, 460, 462, 463, 464, 465, 466, 467, 468, 470, 471, 472, 473, 474, 475, 476, 477, 478, 479, 480, 481, 482, 483, 484, 485, 486, 487, 488, 489, 490, 491, 492, 493, 494, 495, 496, 497, 498, 499, 500, 501, 502, 503, 504, 505, 506, 507, 508, 509, 510, 511, 512, 513, 515, 516, 517, 518, 519, 520, 521, 522, 523, 524, 525, 526, 527, 528, 529, 530, 531, 532, 533, 534, 535, 536, 537, 538, 539, 540, 541, 542, 543, 544, 545, 546, 547, 548, 549, 551, 552, 554, 555, 556, 557, 558, 559, 560, 561, 562, 563, 564, 565, 566, 567, 568, 569, 570, 571, 572, 573, 574, 575, 576, 577, 578, 580, 582, 583, 584, 585, 586, 587, 588, 589, 590, 591, 592, 593, 594, 595, 596, 597, 598, 599, 171, 218, 351, 461, 553, 581]}
FP rate  0.00823 FN rate  0.23
 Before reassigning cells 
 Timepoint  2
 Cluster  5  # of cells  69
 Cluster  4  # of cells  31
 Timepoint  3
 Cluster  4  # of cells  66
 Cluster  6  # of cells  1
 Cluster  3  # of cells  1
 Cluster  2  # of cells  432
 Cells absent at timepoint  2   set()
 Cells absent at timepoint  3   set()
 Timepoint  2
 Timepoint  3
 After reassigning and merging cells 
 Timepoint  2
 Cluster  5  # of cells  69
 Cluster  4  # of cells  31
 Timepoint  3
 Cluster  4  # of cells  66
 Cluster  6  # of cells  1
 Cluster  3  # of cells  1
 Cluster  2  # of cells  432
 Tp cluster cell dict  {'5_2': 69, '4_2': 31, '4_3': 66, '6_3': 1, '3_3': 1, '2_3': 432}
 New Graph is here 
 ID  0  Timepoint  1  Mutations  []  Type  subclone
 ID  1  Timepoint  2  Mutations  [6, 7, 8, 9, 10, 11, 12, 13, 14, 15, 16, 17]  Type  subclone
 ID  2  Timepoint  2  Mutations  [6, 7, 8, 9, 10, 18, 19, 20, 21, 22, 23, 24, 25]  Type  subclone
 ID  3  Timepoint  3  Mutations  [6, 7, 8, 9, 10, 18, 19, 20, 21, 22, 23, 24, 25]  Type  subclone
 ID  4  Timepoint  3  Mutations  [0, 7, 10, 18, 23, 24, 26, 27, 28, 30, 32, 33, 36, 37, 39, 40, 42, 43]  Type  subclone
 ID  5  Timepoint  3  Mutations  [5, 6, 7, 8, 10, 12, 14, 15, 17, 18, 19, 20, 23, 26, 28, 29, 33, 34, 35, 36, 40, 42, 44]  Type  subclone
 ID  6  Timepoint  3  Mutations  [6, 7, 8, 9, 10, 18, 19, 20, 21, 22, 23, 24, 25, 26, 27, 28, 29, 30, 31, 32, 33, 34, 35, 36, 37, 38, 39, 40, 41, 42, 43, 44, 45]  Type  subclone
Timepoints  SortedDict({1: [0], 2: [1, 2], 3: [3, 4, 5, 6]})
 Clone to nodes  {'5_2': 1, '4_2': 2, '4_3': 3, '6_3': 4, '3_3': 5, '2_3': 6}
 Timepoint ====  1
 Hash table  {'0,1': [6, 7, 8, 9, 10], '0': [11, 12, 13, 14, 15, 16, 17], '1': [18, 19, 20, 21, 22, 23, 24, 25]}
 Final possible usc  [[6, 7, 8, 9, 10], [11, 12, 13, 14, 15, 16, 17], [18, 19, 20, 21, 22, 23, 24, 25]]
 Time  1  USC keys  {'11,12,13,14,15,16,17_0', '18,19,20,21,22,23,24,25_0', '6,7,8,9,10_0'}
 USC children  {'6,7,8,9,10_0': [1, 2], '11,12,13,14,15,16,17_0': [1], '18,19,20,21,22,23,24,25_0': [2]}
 USC children  {'6,7,8,9,10_0': [1, 2], '11,12,13,14,15,16,17_0': [1], '18,19,20,21,22,23,24,25_0': [2]}
 Timepoint ====  2
 Hash table  {'0': [0], '0,1,2': [7, 10, 18, 23, 26, 28, 33, 36, 40, 42], '0,2': [24, 27, 30, 32, 37, 39, 43], '1': [5, 12, 14, 15, 17], '1,2': [6, 8, 19, 20, 29, 34, 35, 44], '2': [9, 21, 22, 25, 31, 38, 41, 45]}
====== Inside find superset of t nodes ==========
 Final possible usc  []
 Time  2  USC keys  set()
 USC children  {'6,7,8,9,10_0': [1, 2], '11,12,13,14,15,16,17_0': [1], '18,19,20,21,22,23,24,25_0': [2]}
 USC children  {'6,7,8,9,10_0': [1, 2], '11,12,13,14,15,16,17_0': [1], '18,19,20,21,22,23,24,25_0': [2]}
 Node s  {'1,2': ['6', '7', '8', '9', '10']}
 Enroll USC nodes  ['1', '2']  len  2
 Node TP  SortedDict({1: [0], 2: [1, 2], 3: [3, 4, 5, 6]})
 Unobserved subclones at timepoints  {1.5: [7]}
 ============== Inside finding node v ============ 
 Time  2
 Time  3
 largest_v_mut  []
 largest_v_mut  []
 largest_v_mut  [[6, 7, 8, 9, 10, 18, 19, 20, 21, 22, 23, 24, 25]]
 Sorted all timepoints  [1, 1.5, 2, 3]
 Timepoint  2
 Inside usc_node check  2
 Timepoint  3
 Node  4  has no parent 
 USC nodes  []
 Node with minimum mutation sets  {1: 10, 2: 8}
 Node  5  has no parent 
 USC nodes  []
 Node with minimum mutation sets  {1: 4, 2: 5}
0   1   [-1]   subclone   []   []
1   2   [7]   subclone   [6, 7, 8, 9, 10, 11, 12, 13, 14, 15, 16, 17]   [7]
2   2   [7]   subclone   [6, 7, 8, 9, 10, 18, 19, 20, 21, 22, 23, 24, 25]   [8]
3   3   [2]   subclone   [6, 7, 8, 9, 10, 18, 19, 20, 21, 22, 23, 24, 25]   [0]
4   3   [2]   subclone   [0, 7, 10, 18, 23, 24, 26, 27, 28, 30, 32, 33, 36, 37, 39, 40, 42, 43]   [13]
5   3   [1]   subclone   [5, 6, 7, 8, 10, 12, 14, 15, 17, 18, 19, 20, 23, 26, 28, 29, 33, 34, 35, 36, 40, 42, 44]   [15]
6   3   [2]   subclone   [6, 7, 8, 9, 10, 18, 19, 20, 21, 22, 23, 24, 25, 26, 27, 28, 29, 30, 31, 32, 33, 34, 35, 36, 37, 38, 39, 40, 41, 42, 43, 44, 45]   [20]
7   1.5   [0]   unobserved subclone   [6, 7, 8, 9, 10]   [5]
8
 Total estimated FP  85  True negatives  8927
 Total estimated FN  2581  True positives  10487
 Estimated FP rate  0.00804
 Estimated FN rate  0.22
 No. of Cells in each cluster  {'5_2': 69, '4_2': 31, '4_3': 66, '6_3': 2, '7_3': 1, '3_3': 1, '0_3': 430}
 Cells in each cluster  {'5_2': [0, 1, 2, 3, 4, 5, 6, 7, 8, 9, 10, 11, 12, 13, 14, 15, 16, 17, 18, 19, 20, 21, 22, 23, 24, 25, 26, 27, 28, 29, 30, 31, 32, 33, 34, 35, 36, 37, 38, 39, 40, 41, 42, 43, 44, 45, 46, 47, 48, 49, 50, 51, 52, 53, 54, 55, 56, 57, 58, 59, 60, 61, 62, 63, 64, 65, 66, 67, 68], '4_2': [69, 70, 71, 72, 73, 74, 75, 76, 77, 78, 79, 80, 81, 82, 83, 84, 85, 86, 87, 88, 89, 90, 91, 92, 93, 94, 95, 96, 97, 98, 99], '4_3': [100, 101, 102, 103, 104, 105, 106, 107, 108, 109, 110, 111, 112, 113, 114, 115, 116, 117, 118, 119, 120, 121, 122, 123, 124, 125, 126, 127, 128, 129, 130, 131, 132, 133, 134, 135, 136, 137, 138, 139, 140, 141, 142, 143, 144, 145, 146, 147, 148, 149, 150, 151, 152, 153, 154, 155, 156, 157, 158, 159, 160, 161, 162, 163, 164, 165], '6_3': [218, 581], '7_3': [469], '3_3': [579], '0_3': [168, 234, 297, 327, 343, 371, 390, 514, 593, 186, 191, 197, 201, 204, 205, 222, 232, 235, 250, 251, 254, 255, 265, 269, 270, 280, 282, 284, 286, 288, 289, 296, 298, 311, 317, 318, 319, 322, 330, 331, 348, 349, 356, 361, 367, 368, 370, 372, 374, 380, 383, 386, 388, 391, 409, 416, 419, 426, 435, 458, 462, 471, 475, 487, 496, 497, 501, 504, 510, 512, 518, 528, 531, 533, 535, 551, 552, 557, 559, 565, 577, 580, 587, 592, 166, 167, 169, 170, 171, 172, 173, 174, 175, 176, 177, 178, 179, 180, 181, 182, 183, 184, 185, 187, 188, 189, 190, 192, 193, 194, 195, 196, 198, 199, 200, 202, 203, 206, 207, 208, 209, 210, 211, 212, 213, 214, 215, 216, 217, 219, 220, 221, 223, 224, 225, 226, 227, 228, 229, 230, 231, 233, 236, 237, 238, 239, 240, 241, 242, 243, 244, 245, 246, 247, 248, 249, 252, 253, 256, 257, 258, 259, 260, 261, 262, 263, 264, 266, 267, 268, 271, 272, 273, 274, 275, 276, 277, 278, 279, 281, 283, 285, 287, 290, 291, 292, 293, 294, 295, 299, 300, 301, 302, 303, 304, 305, 306, 307, 308, 309, 310, 312, 313, 314, 315, 316, 320, 321, 323, 324, 325, 326, 328, 329, 332, 333, 334, 335, 336, 337, 338, 339, 340, 341, 342, 344, 345, 346, 347, 350, 351, 352, 353, 354, 355, 357, 358, 359, 360, 362, 363, 364, 365, 366, 369, 373, 375, 376, 377, 378, 379, 381, 382, 384, 385, 387, 389, 392, 393, 394, 395, 396, 397, 398, 399, 400, 401, 402, 403, 404, 405, 406, 407, 408, 410, 411, 412, 413, 414, 415, 417, 418, 420, 421, 422, 423, 424, 425, 427, 428, 429, 430, 431, 432, 433, 434, 436, 437, 438, 439, 440, 441, 442, 443, 444, 445, 446, 447, 448, 449, 450, 451, 452, 453, 454, 455, 456, 457, 459, 460, 461, 463, 464, 465, 466, 467, 468, 470, 472, 473, 474, 476, 477, 478, 479, 480, 481, 482, 483, 484, 485, 486, 488, 489, 490, 491, 492, 493, 494, 495, 498, 499, 500, 502, 503, 505, 506, 507, 508, 509, 511, 513, 515, 516, 517, 519, 520, 521, 522, 523, 524, 525, 526, 527, 529, 530, 532, 534, 536, 537, 538, 539, 540, 541, 542, 543, 544, 545, 546, 547, 548, 549, 550, 553, 554, 555, 556, 558, 560, 561, 562, 563, 564, 566, 567, 568, 569, 570, 571, 572, 573, 574, 575, 576, 578, 582, 583, 584, 585, 586, 588, 589, 590, 591, 594, 595, 596, 597, 598, 599]}
FP rate  0.00804 FN rate  0.22
 Before reassigning cells 
 Timepoint  2
 Cluster  5  # of cells  69
 Cluster  4  # of cells  31
 Timepoint  3
 Cluster  4  # of cells  66
 Cluster  6  # of cells  2
 Cluster  7  # of cells  1
 Cluster  3  # of cells  1
 Cluster  0  # of cells  430
 Cells absent at timepoint  2   set()
 Cells absent at timepoint  3   set()
 Timepoint  2
 Timepoint  3
 After reassigning and merging cells 
 Timepoint  2
 Cluster  5  # of cells  69
 Cluster  4  # of cells  31
 Timepoint  3
 Cluster  4  # of cells  66
 Cluster  6  # of cells  2
 Cluster  7  # of cells  1
 Cluster  3  # of cells  1
 Cluster  0  # of cells  430
 Tp cluster cell dict  {'5_2': 69, '4_2': 31, '4_3': 66, '6_3': 2, '7_3': 1, '3_3': 1, '0_3': 430}
 New Graph is here 
 ID  0  Timepoint  1  Mutations  []  Type  subclone
 ID  1  Timepoint  2  Mutations  [6, 7, 8, 9, 10, 11, 12, 13, 14, 15, 16, 17]  Type  subclone
 ID  2  Timepoint  2  Mutations  [6, 7, 8, 9, 10, 18, 19, 20, 21, 22, 23, 24, 25]  Type  subclone
 ID  3  Timepoint  3  Mutations  [6, 7, 8, 9, 10, 18, 19, 20, 21, 22, 23, 24, 25]  Type  subclone
 ID  4  Timepoint  3  Mutations  [6, 8, 10, 14, 18, 19, 20, 21, 23, 24, 25, 26, 28, 29, 31, 32, 33, 35, 36, 38, 39, 41, 42, 44, 45]  Type  subclone
 ID  5  Timepoint  3  Mutations  [7, 10, 18, 23, 24, 26, 27, 28, 30, 32, 33, 36, 37, 39, 40, 42, 43]  Type  subclone
 ID  6  Timepoint  3  Mutations  [6, 7, 8, 10, 12, 15, 17, 18, 19, 20, 22, 23, 26, 27, 28, 29, 33, 34, 35, 36, 40, 42, 44]  Type  subclone
 ID  7  Timepoint  3  Mutations  [6, 7, 8, 9, 10, 18, 19, 20, 21, 22, 23, 24, 25, 26, 27, 28, 29, 30, 31, 32, 33, 34, 35, 36, 37, 38, 39, 40, 41, 42, 43, 44, 45]  Type  subclone
Timepoints  SortedDict({1: [0], 2: [1, 2], 3: [3, 4, 5, 6, 7]})
 Clone to nodes  {'5_2': 1, '4_2': 2, '4_3': 3, '6_3': 4, '7_3': 5, '3_3': 6, '0_3': 7}
 Timepoint ====  1
 Hash table  {'0,1': [6, 7, 8, 9, 10], '0': [11, 12, 13, 14, 15, 16, 17], '1': [18, 19, 20, 21, 22, 23, 24, 25]}
 Final possible usc  [[6, 7, 8, 9, 10], [11, 12, 13, 14, 15, 16, 17], [18, 19, 20, 21, 22, 23, 24, 25]]
 Time  1  USC keys  {'11,12,13,14,15,16,17_0', '6,7,8,9,10_0', '18,19,20,21,22,23,24,25_0'}
 USC children  {'6,7,8,9,10_0': [1, 2], '11,12,13,14,15,16,17_0': [1], '18,19,20,21,22,23,24,25_0': [2]}
 USC children  {'6,7,8,9,10_0': [1, 2], '11,12,13,14,15,16,17_0': [1], '18,19,20,21,22,23,24,25_0': [2]}
 Timepoint ====  2
 Hash table  {'0,2,3': [6, 8, 19, 20, 29, 35, 44], '0,1,2,3': [10, 18, 23, 26, 28, 33, 36, 42], '0': [14], '0,3': [21, 25, 31, 38, 41, 45], '0,1,3': [24, 32, 39], '1,2,3': [7, 27, 40], '1,3': [30, 37, 43], '2': [12, 15, 17], '2,3': [22, 34], '3': [9]}
====== Inside find superset of t nodes ==========
 Final possible usc  []
 Time  2  USC keys  set()
 USC children  {'6,7,8,9,10_0': [1, 2], '11,12,13,14,15,16,17_0': [1], '18,19,20,21,22,23,24,25_0': [2]}
 USC children  {'6,7,8,9,10_0': [1, 2], '11,12,13,14,15,16,17_0': [1], '18,19,20,21,22,23,24,25_0': [2]}
 Node s  {'1,2': ['6', '7', '8', '9', '10']}
 Enroll USC nodes  ['1', '2']  len  2
 Node TP  SortedDict({1: [0], 2: [1, 2], 3: [3, 4, 5, 6, 7]})
 Unobserved subclones at timepoints  {1.5: [8]}
 ============== Inside finding node v ============ 
 Time  2
 Time  3
 largest_v_mut  []
 largest_v_mut  []
 largest_v_mut  []
 largest_v_mut  [[6, 7, 8, 9, 10, 18, 19, 20, 21, 22, 23, 24, 25]]
 Sorted all timepoints  [1, 1.5, 2, 3]
 Timepoint  2
 Inside usc_node check  2
 Timepoint  3
 Node  4  has no parent 
 USC nodes  []
 Node with minimum mutation sets  {1: 8, 2: 3}
 Node  5  has no parent 
 USC nodes  []
 Node with minimum mutation sets  {1: 10, 2: 8}
 Node  6  has no parent 
 USC nodes  []
 Node with minimum mutation sets  {1: 5, 2: 4}
0   1   [-1]   subclone   []   []
1   2   [8]   subclone   [6, 7, 8, 9, 10, 11, 12, 13, 14, 15, 16, 17]   [7]
2   2   [8]   subclone   [6, 7, 8, 9, 10, 18, 19, 20, 21, 22, 23, 24, 25]   [8]
3   3   [2]   subclone   [6, 7, 8, 9, 10, 18, 19, 20, 21, 22, 23, 24, 25]   [0]
4   3   [2]   subclone   [6, 8, 10, 14, 18, 19, 20, 21, 23, 24, 25, 26, 28, 29, 31, 32, 33, 35, 36, 38, 39, 41, 42, 44, 45]   [15]
5   3   [2]   subclone   [7, 10, 18, 23, 24, 26, 27, 28, 30, 32, 33, 36, 37, 39, 40, 42, 43]   [12]
6   3   [2]   subclone   [6, 7, 8, 10, 12, 15, 17, 18, 19, 20, 22, 23, 26, 27, 28, 29, 33, 34, 35, 36, 40, 42, 44]   [14]
7   3   [2]   subclone   [6, 7, 8, 9, 10, 18, 19, 20, 21, 22, 23, 24, 25, 26, 27, 28, 29, 30, 31, 32, 33, 34, 35, 36, 37, 38, 39, 40, 41, 42, 43, 44, 45]   [20]
8   1.5   [0]   unobserved subclone   [6, 7, 8, 9, 10]   [5]
8
 Total estimated FP  85  True negatives  8913
 Total estimated FN  2595  True positives  10487
 Estimated FP rate  0.00804
 Estimated FN rate  0.23
 No. of Cells in each cluster  {'5_2': 69, '4_2': 31, '4_3': 66, '6_3': 2, '7_3': 1, '0_3': 431}
 Cells in each cluster  {'5_2': [0, 1, 2, 3, 4, 5, 6, 7, 8, 9, 10, 11, 12, 13, 14, 15, 16, 17, 18, 19, 20, 21, 22, 23, 24, 25, 26, 27, 28, 29, 30, 31, 32, 33, 34, 35, 36, 37, 38, 39, 40, 41, 42, 43, 44, 45, 46, 47, 48, 49, 50, 51, 52, 53, 54, 55, 56, 57, 58, 59, 60, 61, 62, 63, 64, 65, 66, 67, 68], '4_2': [69, 70, 71, 72, 73, 74, 75, 76, 77, 78, 79, 80, 81, 82, 83, 84, 85, 86, 87, 88, 89, 90, 91, 92, 93, 94, 95, 96, 97, 98, 99], '4_3': [100, 101, 102, 103, 104, 105, 106, 107, 108, 109, 110, 111, 112, 113, 114, 115, 116, 117, 118, 119, 120, 121, 122, 123, 124, 125, 126, 127, 128, 129, 130, 131, 132, 133, 134, 135, 136, 137, 138, 139, 140, 141, 142, 143, 144, 145, 146, 147, 148, 149, 150, 151, 152, 153, 154, 155, 156, 157, 158, 159, 160, 161, 162, 163, 164, 165], '6_3': [218, 581], '7_3': [579], '0_3': [168, 234, 297, 298, 327, 343, 371, 390, 514, 593, 183, 191, 197, 204, 205, 211, 222, 224, 239, 254, 256, 265, 267, 269, 270, 285, 290, 295, 296, 317, 322, 331, 338, 354, 356, 366, 368, 370, 373, 386, 388, 391, 403, 414, 417, 419, 426, 437, 451, 458, 459, 463, 473, 495, 497, 504, 528, 544, 548, 552, 559, 574, 582, 585, 587, 592, 595, 598, 284, 330, 348, 361, 409, 416, 469, 496, 501, 531, 557, 596, 166, 167, 169, 170, 171, 172, 173, 174, 175, 176, 177, 178, 179, 180, 181, 182, 184, 185, 186, 187, 188, 189, 190, 192, 193, 194, 195, 196, 198, 199, 200, 201, 202, 203, 206, 207, 208, 209, 210, 212, 213, 214, 215, 216, 217, 219, 220, 221, 223, 225, 226, 227, 228, 229, 230, 231, 232, 233, 235, 236, 237, 238, 240, 241, 242, 243, 244, 245, 246, 247, 248, 249, 250, 251, 252, 253, 255, 257, 258, 259, 260, 261, 262, 263, 264, 266, 268, 271, 272, 273, 274, 275, 276, 277, 278, 279, 280, 281, 282, 283, 286, 287, 288, 289, 291, 292, 293, 294, 299, 300, 301, 302, 303, 304, 305, 306, 307, 308, 309, 310, 311, 312, 313, 314, 315, 316, 318, 319, 320, 321, 323, 324, 325, 326, 328, 329, 332, 333, 334, 335, 336, 337, 339, 340, 341, 342, 344, 345, 346, 347, 349, 350, 351, 352, 353, 355, 357, 358, 359, 360, 362, 363, 364, 365, 367, 369, 372, 374, 375, 376, 377, 378, 379, 380, 381, 382, 383, 384, 385, 387, 389, 392, 393, 394, 395, 396, 397, 398, 399, 400, 401, 402, 404, 405, 406, 407, 408, 410, 411, 412, 413, 415, 418, 420, 421, 422, 423, 424, 425, 427, 428, 429, 430, 431, 432, 433, 434, 435, 436, 438, 439, 440, 441, 442, 443, 444, 445, 446, 447, 448, 449, 450, 452, 453, 454, 455, 456, 457, 460, 461, 462, 464, 465, 466, 467, 468, 470, 471, 472, 474, 475, 476, 477, 478, 479, 480, 481, 482, 483, 484, 485, 486, 487, 488, 489, 490, 491, 492, 493, 494, 498, 499, 500, 502, 503, 505, 506, 507, 508, 509, 510, 511, 512, 513, 515, 516, 517, 518, 519, 520, 521, 522, 523, 524, 525, 526, 527, 529, 530, 532, 533, 534, 535, 536, 537, 538, 539, 540, 541, 542, 543, 545, 546, 547, 549, 550, 551, 553, 554, 555, 556, 558, 560, 561, 562, 563, 564, 565, 566, 567, 568, 569, 570, 571, 572, 573, 575, 576, 577, 578, 580, 583, 584, 586, 588, 589, 590, 591, 594, 597, 599]}
FP rate  0.00804 FN rate  0.23
 Before reassigning cells 
 Timepoint  2
 Cluster  5  # of cells  69
 Cluster  4  # of cells  31
 Timepoint  3
 Cluster  4  # of cells  66
 Cluster  6  # of cells  2
 Cluster  7  # of cells  1
 Cluster  0  # of cells  431
 Cells absent at timepoint  2   set()
 Cells absent at timepoint  3   set()
 Timepoint  2
 Timepoint  3
 After reassigning and merging cells 
 Timepoint  2
 Cluster  5  # of cells  69
 Cluster  4  # of cells  31
 Timepoint  3
 Cluster  4  # of cells  66
 Cluster  6  # of cells  2
 Cluster  7  # of cells  1
 Cluster  0  # of cells  431
 Tp cluster cell dict  {'5_2': 69, '4_2': 31, '4_3': 66, '6_3': 2, '7_3': 1, '0_3': 431}
 New Graph is here 
 ID  0  Timepoint  1  Mutations  []  Type  subclone
 ID  1  Timepoint  2  Mutations  [6, 7, 8, 9, 10, 11, 12, 13, 14, 15, 16, 17]  Type  subclone
 ID  2  Timepoint  2  Mutations  [6, 7, 8, 9, 10, 18, 19, 20, 21, 22, 23, 24, 25]  Type  subclone
 ID  3  Timepoint  3  Mutations  [6, 7, 8, 9, 10, 18, 19, 20, 21, 22, 23, 24, 25]  Type  subclone
 ID  4  Timepoint  3  Mutations  [6, 8, 10, 14, 18, 19, 20, 21, 23, 24, 25, 26, 28, 29, 31, 32, 33, 35, 36, 38, 39, 41, 42, 44, 45]  Type  subclone
 ID  5  Timepoint  3  Mutations  [6, 7, 9, 10, 12, 17, 18, 20, 22, 23, 24, 26, 27, 28, 29, 33, 34, 35, 36, 40, 42, 44]  Type  subclone
 ID  6  Timepoint  3  Mutations  [6, 7, 8, 9, 10, 18, 19, 20, 21, 22, 23, 24, 25, 26, 27, 28, 29, 30, 31, 32, 33, 34, 35, 36, 37, 38, 39, 40, 41, 42, 43, 44, 45]  Type  subclone
Timepoints  SortedDict({1: [0], 2: [1, 2], 3: [3, 4, 5, 6]})
 Clone to nodes  {'5_2': 1, '4_2': 2, '4_3': 3, '6_3': 4, '7_3': 5, '0_3': 6}
 Timepoint ====  1
 Hash table  {'0,1': [6, 7, 8, 9, 10], '0': [11, 12, 13, 14, 15, 16, 17], '1': [18, 19, 20, 21, 22, 23, 24, 25]}
 Final possible usc  [[6, 7, 8, 9, 10], [11, 12, 13, 14, 15, 16, 17], [18, 19, 20, 21, 22, 23, 24, 25]]
 Time  1  USC keys  {'6,7,8,9,10_0', '18,19,20,21,22,23,24,25_0', '11,12,13,14,15,16,17_0'}
 USC children  {'6,7,8,9,10_0': [1, 2], '11,12,13,14,15,16,17_0': [1], '18,19,20,21,22,23,24,25_0': [2]}
 USC children  {'6,7,8,9,10_0': [1, 2], '11,12,13,14,15,16,17_0': [1], '18,19,20,21,22,23,24,25_0': [2]}
 Timepoint ====  2
 Hash table  {'0,1,2': [6, 10, 18, 20, 23, 24, 26, 28, 29, 33, 35, 36, 42, 44], '0,2': [8, 19, 21, 25, 31, 32, 38, 39, 41, 45], '0': [14], '1,2': [7, 9, 22, 27, 34, 40], '1': [12, 17], '2': [30, 37, 43]}
====== Inside find superset of t nodes ==========
 Final possible usc  []
 Time  2  USC keys  set()
 USC children  {'6,7,8,9,10_0': [1, 2], '11,12,13,14,15,16,17_0': [1], '18,19,20,21,22,23,24,25_0': [2]}
 USC children  {'6,7,8,9,10_0': [1, 2], '11,12,13,14,15,16,17_0': [1], '18,19,20,21,22,23,24,25_0': [2]}
 Node s  {'1,2': ['6', '7', '8', '9', '10']}
 Enroll USC nodes  ['1', '2']  len  2
 Node TP  SortedDict({1: [0], 2: [1, 2], 3: [3, 4, 5, 6]})
 Unobserved subclones at timepoints  {1.5: [7]}
 ============== Inside finding node v ============ 
 Time  2
 Time  3
 largest_v_mut  []
 largest_v_mut  []
 largest_v_mut  [[6, 7, 8, 9, 10, 18, 19, 20, 21, 22, 23, 24, 25]]
 Sorted all timepoints  [1, 1.5, 2, 3]
 Timepoint  2
 Inside usc_node check  2
 Timepoint  3
 Node  4  has no parent 
 USC nodes  []
 Node with minimum mutation sets  {1: 8, 2: 3}
 Node  5  has no parent 
 USC nodes  []
 Node with minimum mutation sets  {1: 6, 2: 4}
0   1   [-1]   subclone   []   []
1   2   [7]   subclone   [6, 7, 8, 9, 10, 11, 12, 13, 14, 15, 16, 17]   [7]
2   2   [7]   subclone   [6, 7, 8, 9, 10, 18, 19, 20, 21, 22, 23, 24, 25]   [8]
3   3   [2]   subclone   [6, 7, 8, 9, 10, 18, 19, 20, 21, 22, 23, 24, 25]   [0]
4   3   [2]   subclone   [6, 8, 10, 14, 18, 19, 20, 21, 23, 24, 25, 26, 28, 29, 31, 32, 33, 35, 36, 38, 39, 41, 42, 44, 45]   [15]
5   3   [2]   subclone   [6, 7, 9, 10, 12, 17, 18, 20, 22, 23, 24, 26, 27, 28, 29, 33, 34, 35, 36, 40, 42, 44]   [13]
6   3   [2]   subclone   [6, 7, 8, 9, 10, 18, 19, 20, 21, 22, 23, 24, 25, 26, 27, 28, 29, 30, 31, 32, 33, 34, 35, 36, 37, 38, 39, 40, 41, 42, 43, 44, 45]   [20]
7   1.5   [0]   unobserved subclone   [6, 7, 8, 9, 10]   [5]
8
 Total estimated FP  85  True negatives  8913
 Total estimated FN  2595  True positives  10487
 Estimated FP rate  0.00804
 Estimated FN rate  0.23
 No. of Cells in each cluster  {'6_2': 69, '4_2': 31, '4_3': 66, '5_3': 2, '7_3': 1, '3_3': 431}
 Cells in each cluster  {'6_2': [0, 1, 2, 3, 4, 5, 6, 7, 8, 9, 10, 11, 12, 13, 14, 15, 16, 17, 18, 19, 20, 21, 22, 23, 24, 25, 26, 27, 28, 29, 30, 31, 32, 33, 34, 35, 36, 37, 38, 39, 40, 41, 42, 43, 44, 45, 46, 47, 48, 49, 50, 51, 52, 53, 54, 55, 56, 57, 58, 59, 60, 61, 62, 63, 64, 65, 66, 67, 68], '4_2': [69, 70, 71, 72, 73, 74, 75, 76, 77, 78, 79, 80, 81, 82, 83, 84, 85, 86, 87, 88, 89, 90, 91, 92, 93, 94, 95, 96, 97, 98, 99], '4_3': [100, 101, 102, 103, 104, 105, 106, 107, 108, 109, 110, 111, 112, 113, 114, 115, 116, 117, 118, 119, 120, 121, 122, 123, 124, 125, 126, 127, 128, 129, 130, 131, 132, 133, 134, 135, 136, 137, 138, 139, 140, 141, 142, 143, 144, 145, 146, 147, 148, 149, 150, 151, 152, 153, 154, 155, 156, 157, 158, 159, 160, 161, 162, 163, 164, 165], '5_3': [218, 581], '7_3': [579], '3_3': [168, 234, 297, 327, 343, 371, 390, 514, 593, 166, 170, 171, 172, 174, 175, 176, 177, 179, 181, 182, 183, 184, 185, 186, 187, 190, 191, 192, 193, 194, 195, 196, 197, 198, 199, 200, 201, 202, 203, 204, 205, 206, 207, 209, 210, 211, 212, 215, 216, 217, 219, 220, 221, 222, 223, 224, 225, 227, 228, 229, 230, 232, 233, 235, 236, 237, 238, 239, 240, 241, 242, 244, 245, 246, 247, 248, 249, 252, 253, 254, 255, 256, 257, 260, 261, 262, 263, 264, 265, 266, 267, 268, 269, 270, 271, 272, 273, 274, 275, 276, 277, 278, 280, 281, 282, 283, 284, 285, 286, 287, 288, 289, 290, 292, 293, 294, 295, 296, 299, 300, 301, 303, 304, 305, 306, 307, 308, 309, 310, 312, 314, 315, 316, 317, 318, 319, 320, 321, 322, 323, 324, 325, 326, 328, 329, 330, 332, 333, 334, 335, 336, 337, 338, 339, 340, 341, 344, 346, 347, 348, 349, 350, 351, 352, 354, 355, 356, 357, 358, 359, 360, 361, 363, 365, 366, 367, 368, 369, 370, 372, 373, 374, 376, 378, 379, 380, 381, 382, 383, 384, 385, 386, 387, 388, 389, 391, 392, 393, 394, 395, 396, 397, 398, 399, 400, 401, 402, 403, 406, 407, 408, 409, 410, 412, 413, 414, 415, 416, 417, 418, 419, 420, 421, 422, 424, 425, 426, 427, 431, 432, 433, 434, 437, 438, 439, 440, 442, 443, 444, 445, 446, 447, 448, 450, 451, 452, 454, 455, 456, 458, 459, 460, 461, 462, 463, 464, 466, 467, 468, 471, 472, 473, 475, 476, 477, 478, 479, 480, 481, 482, 483, 484, 485, 486, 487, 488, 489, 490, 491, 492, 493, 494, 495, 496, 497, 498, 499, 500, 501, 502, 503, 504, 505, 506, 507, 509, 510, 511, 512, 513, 515, 517, 518, 519, 520, 521, 522, 523, 524, 525, 526, 527, 528, 529, 530, 531, 532, 533, 534, 535, 536, 537, 538, 539, 540, 541, 542, 543, 544, 545, 546, 547, 548, 549, 551, 552, 553, 554, 555, 556, 557, 558, 559, 560, 561, 563, 564, 565, 569, 571, 572, 573, 574, 575, 576, 577, 578, 580, 582, 583, 585, 587, 588, 592, 595, 596, 597, 598, 599, 250, 311, 435, 469, 570, 167, 169, 173, 178, 180, 188, 189, 208, 213, 214, 226, 231, 243, 251, 258, 259, 279, 291, 298, 302, 313, 331, 342, 345, 353, 362, 364, 375, 377, 404, 405, 411, 423, 428, 429, 430, 436, 441, 449, 453, 457, 465, 470, 474, 508, 516, 550, 562, 566, 567, 568, 584, 586, 589, 590, 591, 594]}
FP rate  0.00804 FN rate  0.23
 Before reassigning cells 
 Timepoint  2
 Cluster  6  # of cells  69
 Cluster  4  # of cells  31
 Timepoint  3
 Cluster  4  # of cells  66
 Cluster  5  # of cells  2
 Cluster  7  # of cells  1
 Cluster  3  # of cells  431
 Cells absent at timepoint  2   set()
 Cells absent at timepoint  3   set()
 Timepoint  2
 Timepoint  3
 After reassigning and merging cells 
 Timepoint  2
 Cluster  6  # of cells  69
 Cluster  4  # of cells  31
 Timepoint  3
 Cluster  4  # of cells  66
 Cluster  5  # of cells  2
 Cluster  7  # of cells  1
 Cluster  3  # of cells  431
 Tp cluster cell dict  {'6_2': 69, '4_2': 31, '4_3': 66, '5_3': 2, '7_3': 1, '3_3': 431}
 New Graph is here 
 ID  0  Timepoint  1  Mutations  []  Type  subclone
 ID  1  Timepoint  2  Mutations  [6, 7, 8, 9, 10, 11, 12, 13, 14, 15, 16, 17]  Type  subclone
 ID  2  Timepoint  2  Mutations  [6, 7, 8, 9, 10, 18, 19, 20, 21, 22, 23, 24, 25]  Type  subclone
 ID  3  Timepoint  3  Mutations  [6, 7, 8, 9, 10, 18, 19, 20, 21, 22, 23, 24, 25]  Type  subclone
 ID  4  Timepoint  3  Mutations  [6, 8, 10, 14, 18, 19, 20, 21, 23, 24, 25, 26, 28, 29, 31, 32, 33, 35, 36, 38, 39, 41, 42, 44, 45]  Type  subclone
 ID  5  Timepoint  3  Mutations  [6, 7, 8, 9, 10, 12, 14, 15, 17, 18, 19, 20, 22, 23, 24, 26, 27, 28, 29, 33, 34, 35, 36, 40, 42, 44]  Type  subclone
 ID  6  Timepoint  3  Mutations  [6, 7, 8, 9, 10, 18, 19, 20, 21, 22, 23, 24, 25, 26, 27, 28, 29, 30, 31, 32, 33, 34, 35, 36, 37, 38, 39, 40, 41, 42, 43, 44, 45]  Type  subclone
Timepoints  SortedDict({1: [0], 2: [1, 2], 3: [3, 4, 5, 6]})
 Clone to nodes  {'6_2': 1, '4_2': 2, '4_3': 3, '5_3': 4, '7_3': 5, '3_3': 6}
 Timepoint ====  1
 Hash table  {'0,1': [6, 7, 8, 9, 10], '0': [11, 12, 13, 14, 15, 16, 17], '1': [18, 19, 20, 21, 22, 23, 24, 25]}
 Final possible usc  [[6, 7, 8, 9, 10], [11, 12, 13, 14, 15, 16, 17], [18, 19, 20, 21, 22, 23, 24, 25]]
 Time  1  USC keys  {'18,19,20,21,22,23,24,25_0', '11,12,13,14,15,16,17_0', '6,7,8,9,10_0'}
 USC children  {'6,7,8,9,10_0': [1, 2], '11,12,13,14,15,16,17_0': [1], '18,19,20,21,22,23,24,25_0': [2]}
 USC children  {'6,7,8,9,10_0': [1, 2], '11,12,13,14,15,16,17_0': [1], '18,19,20,21,22,23,24,25_0': [2]}
 Timepoint ====  2
 Hash table  {'0,1,2': [6, 8, 10, 18, 19, 20, 23, 24, 26, 28, 29, 33, 35, 36, 42, 44], '0,1': [14], '0,2': [21, 25, 31, 32, 38, 39, 41, 45], '1,2': [7, 9, 22, 27, 34, 40], '1': [12, 15, 17], '2': [30, 37, 43]}
====== Inside find superset of t nodes ==========
 Final possible usc  []
 Time  2  USC keys  set()
 USC children  {'6,7,8,9,10_0': [1, 2], '11,12,13,14,15,16,17_0': [1], '18,19,20,21,22,23,24,25_0': [2]}
 USC children  {'6,7,8,9,10_0': [1, 2], '11,12,13,14,15,16,17_0': [1], '18,19,20,21,22,23,24,25_0': [2]}
 Node s  {'1,2': ['6', '7', '8', '9', '10']}
 Enroll USC nodes  ['1', '2']  len  2
 Node TP  SortedDict({1: [0], 2: [1, 2], 3: [3, 4, 5, 6]})
 Unobserved subclones at timepoints  {1.5: [7]}
 ============== Inside finding node v ============ 
 Time  2
 Time  3
 largest_v_mut  []
 largest_v_mut  []
 largest_v_mut  [[6, 7, 8, 9, 10, 18, 19, 20, 21, 22, 23, 24, 25]]
 Sorted all timepoints  [1, 1.5, 2, 3]
 Timepoint  2
 Inside usc_node check  2
 Timepoint  3
 Node  4  has no parent 
 USC nodes  []
 Node with minimum mutation sets  {1: 8, 2: 3}
 Node  5  has no parent 
 USC nodes  []
 Node with minimum mutation sets  {1: 3, 2: 2}
0   1   [-1]   subclone   []   []
1   2   [7]   subclone   [6, 7, 8, 9, 10, 11, 12, 13, 14, 15, 16, 17]   [7]
2   2   [7]   subclone   [6, 7, 8, 9, 10, 18, 19, 20, 21, 22, 23, 24, 25]   [8]
3   3   [2]   subclone   [6, 7, 8, 9, 10, 18, 19, 20, 21, 22, 23, 24, 25]   [0]
4   3   [2]   subclone   [6, 8, 10, 14, 18, 19, 20, 21, 23, 24, 25, 26, 28, 29, 31, 32, 33, 35, 36, 38, 39, 41, 42, 44, 45]   [15]
5   3   [2]   subclone   [6, 7, 8, 9, 10, 12, 14, 15, 17, 18, 19, 20, 22, 23, 24, 26, 27, 28, 29, 33, 34, 35, 36, 40, 42, 44]   [15]
6   3   [2]   subclone   [6, 7, 8, 9, 10, 18, 19, 20, 21, 22, 23, 24, 25, 26, 27, 28, 29, 30, 31, 32, 33, 34, 35, 36, 37, 38, 39, 40, 41, 42, 43, 44, 45]   [20]
7   1.5   [0]   unobserved subclone   [6, 7, 8, 9, 10]   [5]
7
 Total estimated FP  87  True negatives  8898
 Total estimated FN  2610  True positives  10485
 Estimated FP rate  0.00823
 Estimated FN rate  0.23
 No. of Cells in each cluster  {'5_2': 69, '4_2': 31, '4_3': 66, '3_3': 1, '2_3': 433}
 Cells in each cluster  {'5_2': [0, 1, 2, 3, 4, 5, 6, 7, 8, 9, 10, 11, 12, 13, 14, 15, 16, 17, 18, 19, 20, 21, 22, 23, 24, 25, 26, 27, 28, 29, 30, 31, 32, 33, 34, 35, 36, 37, 38, 39, 40, 41, 42, 43, 44, 45, 46, 47, 48, 49, 50, 51, 52, 53, 54, 55, 56, 57, 58, 59, 60, 61, 62, 63, 64, 65, 66, 67, 68], '4_2': [69, 70, 71, 72, 73, 74, 75, 76, 77, 78, 79, 80, 81, 82, 83, 84, 85, 86, 87, 88, 89, 90, 91, 92, 93, 94, 95, 96, 97, 98, 99], '4_3': [100, 101, 102, 103, 104, 105, 106, 107, 108, 109, 110, 111, 112, 113, 114, 115, 116, 117, 118, 119, 120, 121, 122, 123, 124, 125, 126, 127, 128, 129, 130, 131, 132, 133, 134, 135, 136, 137, 138, 139, 140, 141, 142, 143, 144, 145, 146, 147, 148, 149, 150, 151, 152, 153, 154, 155, 156, 157, 158, 159, 160, 161, 162, 163, 164, 165], '3_3': [579], '2_3': [166, 167, 169, 170, 172, 173, 174, 175, 176, 177, 178, 179, 180, 181, 182, 183, 184, 185, 186, 187, 188, 189, 190, 192, 193, 194, 195, 196, 197, 198, 199, 200, 201, 202, 203, 207, 208, 209, 210, 212, 213, 214, 215, 216, 217, 219, 220, 221, 223, 224, 225, 226, 227, 228, 229, 230, 231, 232, 233, 235, 236, 237, 238, 239, 240, 241, 242, 243, 244, 245, 246, 247, 248, 249, 250, 251, 252, 253, 255, 256, 257, 258, 259, 260, 261, 262, 263, 264, 266, 268, 271, 272, 273, 274, 275, 276, 277, 278, 279, 280, 281, 282, 283, 285, 286, 287, 288, 289, 290, 291, 292, 293, 294, 295, 299, 300, 301, 302, 303, 304, 305, 306, 307, 308, 309, 310, 311, 312, 313, 314, 315, 316, 317, 318, 319, 320, 321, 322, 323, 324, 325, 326, 328, 329, 332, 333, 334, 335, 336, 337, 338, 339, 340, 341, 342, 344, 345, 346, 347, 348, 349, 350, 352, 353, 355, 357, 358, 359, 360, 361, 362, 363, 364, 365, 366, 367, 368, 369, 371, 372, 373, 375, 376, 377, 378, 379, 380, 381, 382, 383, 385, 387, 388, 389, 390, 392, 393, 394, 395, 396, 397, 398, 399, 400, 401, 402, 403, 404, 405, 406, 407, 408, 409, 410, 411, 412, 413, 414, 415, 416, 417, 418, 420, 421, 422, 423, 424, 426, 427, 428, 429, 430, 431, 432, 433, 434, 435, 436, 438, 439, 440, 441, 442, 443, 444, 445, 446, 447, 448, 449, 450, 451, 452, 453, 454, 455, 456, 457, 458, 460, 462, 463, 464, 465, 466, 467, 468, 470, 471, 472, 473, 474, 475, 476, 477, 478, 479, 480, 481, 482, 483, 484, 485, 486, 487, 488, 489, 491, 492, 493, 494, 495, 498, 499, 500, 502, 503, 505, 506, 507, 508, 509, 510, 511, 512, 513, 515, 516, 517, 518, 519, 520, 521, 522, 523, 524, 525, 526, 527, 529, 530, 531, 532, 533, 534, 535, 536, 537, 538, 539, 540, 541, 542, 543, 545, 546, 548, 549, 550, 551, 552, 554, 555, 556, 557, 558, 560, 561, 562, 563, 564, 565, 566, 567, 568, 569, 570, 571, 572, 573, 574, 575, 576, 577, 578, 580, 582, 583, 584, 585, 586, 588, 589, 590, 591, 593, 594, 596, 597, 598, 599, 171, 218, 351, 461, 553, 581, 168, 234, 297, 327, 343, 514, 191, 204, 205, 206, 211, 222, 254, 265, 267, 269, 270, 284, 296, 298, 330, 331, 354, 356, 370, 374, 384, 386, 391, 419, 425, 437, 459, 469, 490, 496, 497, 501, 504, 528, 544, 547, 559, 587, 592, 595]}
FP rate  0.00823 FN rate  0.23
 Before reassigning cells 
 Timepoint  2
 Cluster  5  # of cells  69
 Cluster  4  # of cells  31
 Timepoint  3
 Cluster  4  # of cells  66
 Cluster  3  # of cells  1
 Cluster  2  # of cells  433
 Cells absent at timepoint  2   set()
 Cells absent at timepoint  3   set()
 Timepoint  2
 Timepoint  3
 After reassigning and merging cells 
 Timepoint  2
 Cluster  5  # of cells  69
 Cluster  4  # of cells  31
 Timepoint  3
 Cluster  4  # of cells  66
 Cluster  3  # of cells  1
 Cluster  2  # of cells  433
 Tp cluster cell dict  {'5_2': 69, '4_2': 31, '4_3': 66, '3_3': 1, '2_3': 433}
 New Graph is here 
 ID  0  Timepoint  1  Mutations  []  Type  subclone
 ID  1  Timepoint  2  Mutations  [6, 7, 8, 9, 10, 11, 12, 13, 14, 15, 16, 17]  Type  subclone
 ID  2  Timepoint  2  Mutations  [6, 7, 8, 9, 10, 18, 19, 20, 21, 22, 23, 24, 25]  Type  subclone
 ID  3  Timepoint  3  Mutations  [6, 7, 8, 9, 10, 18, 19, 20, 21, 22, 23, 24, 25]  Type  subclone
 ID  4  Timepoint  3  Mutations  [6, 7, 10, 12, 17, 18, 19, 20, 22, 23, 25, 26, 28, 29, 33, 34, 35, 36, 40, 42, 44]  Type  subclone
 ID  5  Timepoint  3  Mutations  [6, 7, 8, 9, 10, 18, 19, 20, 21, 22, 23, 24, 25, 26, 27, 28, 29, 30, 31, 32, 33, 34, 35, 36, 37, 38, 39, 40, 41, 42, 43, 44, 45]  Type  subclone
Timepoints  SortedDict({1: [0], 2: [1, 2], 3: [3, 4, 5]})
 Clone to nodes  {'5_2': 1, '4_2': 2, '4_3': 3, '3_3': 4, '2_3': 5}
 Timepoint ====  1
 Hash table  {'0,1': [6, 7, 8, 9, 10], '0': [11, 12, 13, 14, 15, 16, 17], '1': [18, 19, 20, 21, 22, 23, 24, 25]}
 Final possible usc  [[6, 7, 8, 9, 10], [11, 12, 13, 14, 15, 16, 17], [18, 19, 20, 21, 22, 23, 24, 25]]
 Time  1  USC keys  {'6,7,8,9,10_0', '18,19,20,21,22,23,24,25_0', '11,12,13,14,15,16,17_0'}
 USC children  {'6,7,8,9,10_0': [1, 2], '11,12,13,14,15,16,17_0': [1], '18,19,20,21,22,23,24,25_0': [2]}
 USC children  {'6,7,8,9,10_0': [1, 2], '11,12,13,14,15,16,17_0': [1], '18,19,20,21,22,23,24,25_0': [2]}
 Timepoint ====  2
 Hash table  {'0,1': [6, 7, 10, 18, 19, 20, 22, 23, 25, 26, 28, 29, 33, 34, 35, 36, 40, 42, 44], '0': [12, 17], '1': [8, 9, 21, 24, 27, 30, 31, 32, 37, 38, 39, 41, 43, 45]}
====== Inside find superset of t nodes ==========
 Final possible usc  []
 Time  2  USC keys  set()
 USC children  {'6,7,8,9,10_0': [1, 2], '11,12,13,14,15,16,17_0': [1], '18,19,20,21,22,23,24,25_0': [2]}
 USC children  {'6,7,8,9,10_0': [1, 2], '11,12,13,14,15,16,17_0': [1], '18,19,20,21,22,23,24,25_0': [2]}
 Node s  {'1,2': ['6', '7', '8', '9', '10']}
 Enroll USC nodes  ['1', '2']  len  2
 Node TP  SortedDict({1: [0], 2: [1, 2], 3: [3, 4, 5]})
 Unobserved subclones at timepoints  {1.5: [6]}
 ============== Inside finding node v ============ 
 Time  2
 Time  3
 largest_v_mut  []
 largest_v_mut  [[6, 7, 8, 9, 10, 18, 19, 20, 21, 22, 23, 24, 25]]
 Sorted all timepoints  [1, 1.5, 2, 3]
 Timepoint  2
 Inside usc_node check  2
 Timepoint  3
 Node  4  has no parent 
 USC nodes  []
 Node with minimum mutation sets  {1: 7, 2: 4}
0   1   [-1]   subclone   []   []
1   2   [6]   subclone   [6, 7, 8, 9, 10, 11, 12, 13, 14, 15, 16, 17]   [7]
2   2   [6]   subclone   [6, 7, 8, 9, 10, 18, 19, 20, 21, 22, 23, 24, 25]   [8]
3   3   [2]   subclone   [6, 7, 8, 9, 10, 18, 19, 20, 21, 22, 23, 24, 25]   [0]
4   3   [2]   subclone   [6, 7, 10, 12, 17, 18, 19, 20, 22, 23, 25, 26, 28, 29, 33, 34, 35, 36, 40, 42, 44]   [12]
5   3   [2]   subclone   [6, 7, 8, 9, 10, 18, 19, 20, 21, 22, 23, 24, 25, 26, 27, 28, 29, 30, 31, 32, 33, 34, 35, 36, 37, 38, 39, 40, 41, 42, 43, 44, 45]   [20]
6   1.5   [0]   unobserved subclone   [6, 7, 8, 9, 10]   [5]
 List of tree files  ['all_trees/mc2_rep4_m1_tree.csv', 'all_trees/mc2_rep4_m2_tree.csv', 'all_trees/mc2_rep4_m3_tree.csv', 'all_trees/mc2_rep4_m4_tree.csv', 'all_trees/mc2_rep4_m5_tree.csv']
{'1': ['6', '7', '8', '9', '10', '11', '12', '13', '14', '15', '16', '17'], '2': ['6', '7', '8', '9', '10', '18', '19', '20', '21', '22', '23', '24', '25'], '3': ['6', '7', '8', '9', '10', '18', '19', '20', '21', '22', '23', '24', '25'], '4': ['0', '7', '10', '18', '23', '24', '26', '27', '28', '30', '32', '33', '36', '37', '39', '40', '42', '43'], '5': ['5', '6', '7', '8', '10', '12', '14', '15', '17', '18', '19', '20', '23', '26', '28', '29', '33', '34', '35', '36', '40', '42', '44'], '6': ['6', '7', '8', '9', '10', '18', '19', '20', '21', '22', '23', '24', '25', '26', '27', '28', '29', '30', '31', '32', '33', '34', '35', '36', '37', '38', '39', '40', '41', '42', '43', '44', '45'], '7': ['6', '7', '8', '9', '10']}
 Actual mutation of  1   ['11', '13', '15', '12', '14', '17', '16']
 Actual mutation of  2   ['20', '18', '23', '25', '22', '19', '24', '21']
 Actual mutation of  3   []
 Actual mutation of  4   ['33', '30', '36', '37', '27', '43', '0', '39', '32', '42', '26', '40', '28']
 Actual mutation of  5   ['20', '33', '42', '34', '18', '36', '23', '44', '19', '35', '29', '5', '40', '26', '28']
 Actual mutation of  6   ['31', '29', '40', '45', '28', '34', '30', '27', '38', '39', '32', '42', '43', '41', '33', '36', '37', '44', '35', '26']
 Updated node mutation  {'1': ['11', '13', '15', '12', '14', '17', '16'], '2': ['20', '18', '23', '25', '22', '19', '24', '21'], '3': [], '4': ['33', '30', '36', '37', '27', '43', '0', '39', '32', '42', '26', '40', '28'], '5': ['20', '33', '42', '34', '18', '36', '23', '44', '19', '35', '29', '5', '40', '26', '28'], '6': ['31', '29', '40', '45', '28', '34', '30', '27', '38', '39', '32', '42', '43', '41', '33', '36', '37', '44', '35', '26'], '7': ['6', '7', '8', '9', '10']}
{'1': ['6', '7', '8', '9', '10', '11', '12', '13', '14', '15', '16', '17'], '2': ['6', '7', '8', '9', '10', '18', '19', '20', '21', '22', '23', '24', '25'], '3': ['6', '7', '8', '9', '10', '18', '19', '20', '21', '22', '23', '24', '25'], '4': ['6', '8', '10', '14', '18', '19', '20', '21', '23', '24', '25', '26', '28', '29', '31', '32', '33', '35', '36', '38', '39', '41', '42', '44', '45'], '5': ['7', '10', '18', '23', '24', '26', '27', '28', '30', '32', '33', '36', '37', '39', '40', '42', '43'], '6': ['6', '7', '8', '10', '12', '15', '17', '18', '19', '20', '22', '23', '26', '27', '28', '29', '33', '34', '35', '36', '40', '42', '44'], '7': ['6', '7', '8', '9', '10', '18', '19', '20', '21', '22', '23', '24', '25', '26', '27', '28', '29', '30', '31', '32', '33', '34', '35', '36', '37', '38', '39', '40', '41', '42', '43', '44', '45'], '8': ['6', '7', '8', '9', '10']}
 Actual mutation of  1   ['11', '13', '15', '12', '14', '17', '16']
 Actual mutation of  2   ['20', '18', '23', '25', '22', '19', '24', '21']
 Actual mutation of  3   []
 Actual mutation of  4   ['33', '36', '44', '38', '14', '39', '32', '35', '31', '26', '29', '42', '45', '41', '28']
 Actual mutation of  5   ['33', '30', '36', '37', '27', '43', '39', '32', '42', '26', '40', '28']
 Actual mutation of  6   ['33', '42', '34', '29', '36', '27', '44', '15', '35', '12', '40', '26', '17', '28']
 Actual mutation of  7   ['31', '29', '40', '45', '28', '34', '30', '27', '38', '39', '32', '42', '43', '41', '33', '36', '37', '44', '35', '26']
 Updated node mutation  {'1': ['11', '13', '15', '12', '14', '17', '16'], '2': ['20', '18', '23', '25', '22', '19', '24', '21'], '3': [], '4': ['33', '36', '44', '38', '14', '39', '32', '35', '31', '26', '29', '42', '45', '41', '28'], '5': ['33', '30', '36', '37', '27', '43', '39', '32', '42', '26', '40', '28'], '6': ['33', '42', '34', '29', '36', '27', '44', '15', '35', '12', '40', '26', '17', '28'], '7': ['31', '29', '40', '45', '28', '34', '30', '27', '38', '39', '32', '42', '43', '41', '33', '36', '37', '44', '35', '26'], '8': ['6', '7', '8', '9', '10']}
{'1': ['6', '7', '8', '9', '10', '11', '12', '13', '14', '15', '16', '17'], '2': ['6', '7', '8', '9', '10', '18', '19', '20', '21', '22', '23', '24', '25'], '3': ['6', '7', '8', '9', '10', '18', '19', '20', '21', '22', '23', '24', '25'], '4': ['6', '8', '10', '14', '18', '19', '20', '21', '23', '24', '25', '26', '28', '29', '31', '32', '33', '35', '36', '38', '39', '41', '42', '44', '45'], '5': ['6', '7', '9', '10', '12', '17', '18', '20', '22', '23', '24', '26', '27', '28', '29', '33', '34', '35', '36', '40', '42', '44'], '6': ['6', '7', '8', '9', '10', '18', '19', '20', '21', '22', '23', '24', '25', '26', '27', '28', '29', '30', '31', '32', '33', '34', '35', '36', '37', '38', '39', '40', '41', '42', '43', '44', '45'], '7': ['6', '7', '8', '9', '10']}
 Actual mutation of  1   ['11', '13', '15', '12', '14', '17', '16']
 Actual mutation of  2   ['20', '18', '23', '25', '22', '19', '24', '21']
 Actual mutation of  3   []
 Actual mutation of  4   ['33', '36', '44', '38', '14', '39', '32', '35', '31', '26', '29', '42', '45', '41', '28']
 Actual mutation of  5   ['33', '42', '34', '29', '36', '27', '44', '35', '12', '40', '26', '17', '28']
 Actual mutation of  6   ['31', '29', '40', '45', '28', '34', '30', '27', '38', '39', '32', '42', '43', '41', '33', '36', '37', '44', '35', '26']
 Updated node mutation  {'1': ['11', '13', '15', '12', '14', '17', '16'], '2': ['20', '18', '23', '25', '22', '19', '24', '21'], '3': [], '4': ['33', '36', '44', '38', '14', '39', '32', '35', '31', '26', '29', '42', '45', '41', '28'], '5': ['33', '42', '34', '29', '36', '27', '44', '35', '12', '40', '26', '17', '28'], '6': ['31', '29', '40', '45', '28', '34', '30', '27', '38', '39', '32', '42', '43', '41', '33', '36', '37', '44', '35', '26'], '7': ['6', '7', '8', '9', '10']}
{'1': ['6', '7', '8', '9', '10', '11', '12', '13', '14', '15', '16', '17'], '2': ['6', '7', '8', '9', '10', '18', '19', '20', '21', '22', '23', '24', '25'], '3': ['6', '7', '8', '9', '10', '18', '19', '20', '21', '22', '23', '24', '25'], '4': ['6', '8', '10', '14', '18', '19', '20', '21', '23', '24', '25', '26', '28', '29', '31', '32', '33', '35', '36', '38', '39', '41', '42', '44', '45'], '5': ['6', '7', '8', '9', '10', '12', '14', '15', '17', '18', '19', '20', '22', '23', '24', '26', '27', '28', '29', '33', '34', '35', '36', '40', '42', '44'], '6': ['6', '7', '8', '9', '10', '18', '19', '20', '21', '22', '23', '24', '25', '26', '27', '28', '29', '30', '31', '32', '33', '34', '35', '36', '37', '38', '39', '40', '41', '42', '43', '44', '45'], '7': ['6', '7', '8', '9', '10']}
 Actual mutation of  1   ['11', '13', '15', '12', '14', '17', '16']
 Actual mutation of  2   ['20', '18', '23', '25', '22', '19', '24', '21']
 Actual mutation of  3   []
 Actual mutation of  4   ['33', '36', '44', '38', '14', '39', '32', '35', '31', '26', '29', '42', '45', '41', '28']
 Actual mutation of  5   ['33', '42', '34', '29', '36', '27', '44', '15', '35', '26', '12', '40', '14', '17', '28']
 Actual mutation of  6   ['31', '29', '40', '45', '28', '34', '30', '27', '38', '39', '32', '42', '43', '41', '33', '36', '37', '44', '35', '26']
 Updated node mutation  {'1': ['11', '13', '15', '12', '14', '17', '16'], '2': ['20', '18', '23', '25', '22', '19', '24', '21'], '3': [], '4': ['33', '36', '44', '38', '14', '39', '32', '35', '31', '26', '29', '42', '45', '41', '28'], '5': ['33', '42', '34', '29', '36', '27', '44', '15', '35', '26', '12', '40', '14', '17', '28'], '6': ['31', '29', '40', '45', '28', '34', '30', '27', '38', '39', '32', '42', '43', '41', '33', '36', '37', '44', '35', '26'], '7': ['6', '7', '8', '9', '10']}
{'1': ['6', '7', '8', '9', '10', '11', '12', '13', '14', '15', '16', '17'], '2': ['6', '7', '8', '9', '10', '18', '19', '20', '21', '22', '23', '24', '25'], '3': ['6', '7', '8', '9', '10', '18', '19', '20', '21', '22', '23', '24', '25'], '4': ['6', '7', '10', '12', '17', '18', '19', '20', '22', '23', '25', '26', '28', '29', '33', '34', '35', '36', '40', '42', '44'], '5': ['6', '7', '8', '9', '10', '18', '19', '20', '21', '22', '23', '24', '25', '26', '27', '28', '29', '30', '31', '32', '33', '34', '35', '36', '37', '38', '39', '40', '41', '42', '43', '44', '45'], '6': ['6', '7', '8', '9', '10']}
 Actual mutation of  1   ['11', '13', '15', '12', '14', '17', '16']
 Actual mutation of  2   ['20', '18', '23', '25', '22', '19', '24', '21']
 Actual mutation of  3   []
 Actual mutation of  4   ['33', '42', '34', '29', '36', '44', '35', '12', '40', '26', '17', '28']
 Actual mutation of  5   ['31', '29', '40', '45', '28', '34', '30', '27', '38', '39', '32', '42', '43', '41', '33', '36', '37', '44', '35', '26']
 Updated node mutation  {'1': ['11', '13', '15', '12', '14', '17', '16'], '2': ['20', '18', '23', '25', '22', '19', '24', '21'], '3': [], '4': ['33', '42', '34', '29', '36', '44', '35', '12', '40', '26', '17', '28'], '5': ['31', '29', '40', '45', '28', '34', '30', '27', '38', '39', '32', '42', '43', '41', '33', '36', '37', '44', '35', '26'], '6': ['6', '7', '8', '9', '10']}
 Parallel mutation count  {'m1': 20, 'm2': 24, 'm3': 20, 'm4': 21, 'm5': 12}
 Clusters with least parallel mutations  ['m5']
 Best tree path  mc2_rep4_m5_tree.csv
