10
 Total estimated FP  84  True negatives  8589
 Total estimated FN  2198  True positives  8869
 Estimated FP rate  0.00938
 Estimated FN rate  0.2
 No. of Cells in each cluster  {'5_2': 69, '4_2': 31, '4_3': 66, '7_3': 1, '9_3': 2, '3_3': 431}
 Cells in each cluster  {'5_2': [0, 1, 2, 3, 4, 5, 6, 7, 8, 9, 10, 11, 12, 13, 14, 15, 16, 17, 18, 19, 20, 21, 22, 23, 24, 25, 26, 27, 28, 29, 30, 31, 32, 33, 34, 35, 36, 37, 38, 39, 40, 41, 42, 43, 44, 45, 46, 47, 48, 49, 50, 51, 52, 53, 54, 55, 56, 57, 58, 59, 60, 61, 62, 63, 64, 65, 66, 67, 68], '4_2': [69, 70, 71, 72, 73, 74, 75, 76, 77, 78, 79, 80, 81, 82, 83, 84, 85, 86, 87, 88, 89, 90, 91, 92, 93, 94, 95, 96, 97, 98, 99], '4_3': [100, 101, 102, 103, 104, 105, 106, 107, 108, 109, 110, 111, 112, 113, 114, 115, 116, 117, 118, 119, 120, 121, 122, 123, 124, 125, 126, 127, 128, 129, 130, 131, 132, 133, 134, 135, 136, 137, 138, 139, 140, 141, 142, 143, 145, 146, 147, 148, 149, 150, 151, 152, 153, 154, 155, 156, 157, 158, 159, 160, 161, 162, 163, 164, 165, 282], '7_3': [144], '9_3': [371, 481], '3_3': [199, 246, 376, 387, 536, 595, 295, 328, 330, 428, 179, 181, 187, 193, 195, 204, 210, 225, 237, 251, 254, 274, 310, 315, 329, 341, 352, 353, 359, 360, 361, 364, 384, 385, 386, 414, 422, 427, 441, 448, 466, 485, 495, 522, 554, 562, 590, 166, 167, 168, 169, 170, 171, 172, 173, 174, 175, 176, 177, 178, 180, 183, 184, 185, 186, 188, 189, 190, 191, 192, 194, 196, 197, 198, 200, 201, 202, 203, 205, 207, 208, 209, 211, 212, 214, 215, 216, 217, 218, 219, 220, 221, 222, 223, 224, 227, 228, 229, 230, 231, 232, 233, 234, 235, 236, 238, 239, 240, 241, 242, 243, 244, 245, 247, 248, 249, 250, 252, 253, 255, 256, 257, 258, 259, 260, 261, 262, 263, 264, 265, 266, 267, 268, 269, 270, 271, 272, 273, 275, 276, 277, 278, 279, 280, 281, 283, 284, 285, 286, 287, 288, 289, 290, 291, 292, 293, 294, 296, 297, 298, 300, 301, 302, 303, 304, 305, 306, 307, 308, 309, 311, 313, 316, 317, 318, 319, 320, 321, 322, 323, 324, 325, 326, 327, 331, 332, 333, 334, 335, 336, 337, 338, 339, 340, 342, 343, 344, 345, 347, 348, 349, 350, 351, 354, 355, 356, 357, 358, 362, 363, 365, 366, 367, 368, 369, 372, 373, 374, 375, 377, 378, 379, 380, 381, 382, 383, 388, 389, 390, 391, 392, 393, 394, 395, 396, 397, 398, 399, 400, 401, 402, 403, 404, 405, 406, 407, 408, 409, 410, 411, 412, 413, 415, 416, 417, 418, 419, 420, 421, 423, 424, 425, 426, 429, 430, 431, 432, 433, 434, 435, 436, 437, 438, 439, 440, 442, 443, 444, 445, 446, 447, 449, 450, 451, 452, 453, 454, 455, 456, 457, 458, 459, 460, 461, 462, 463, 464, 465, 467, 468, 469, 470, 471, 472, 474, 475, 476, 477, 478, 479, 480, 482, 483, 484, 486, 487, 488, 489, 490, 491, 492, 493, 494, 496, 497, 498, 499, 500, 501, 502, 503, 504, 505, 506, 507, 508, 509, 510, 511, 512, 513, 514, 515, 516, 517, 518, 519, 520, 521, 523, 524, 525, 526, 527, 528, 529, 530, 531, 532, 533, 534, 535, 537, 538, 539, 540, 541, 542, 543, 544, 545, 546, 547, 548, 549, 550, 551, 552, 555, 556, 557, 558, 559, 560, 561, 563, 564, 565, 566, 567, 568, 569, 570, 571, 572, 573, 574, 575, 576, 577, 578, 579, 580, 581, 582, 583, 584, 585, 586, 587, 588, 589, 591, 592, 593, 594, 596, 597, 599, 206, 213, 314, 370, 473, 182, 226, 299, 312, 346, 553, 598]}
FP rate  0.00938 FN rate  0.2
 Before reassigning cells 
 Timepoint  2
 Cluster  5  # of cells  69
 Cluster  4  # of cells  31
 Timepoint  3
 Cluster  4  # of cells  66
 Cluster  7  # of cells  1
 Cluster  9  # of cells  9
 Cluster  3  # of cells  421
 Cells absent at timepoint  2   set()
 Cells absent at timepoint  3   {390, 181, 206}
 Missing cell prob  {'7': 5.559232205547668e-23, '4': 5.092591463175991e-13, '9': 9.367428531533743e-05, '3': 9.367428531533741e-05}
 Missing cell prob  {'7': 1.6810715673715742e-31, '4': 1.6450599303631232e-14, '9': 3.025960640902463e-06, '3': 3.025960640902462e-06}
 Missing cell prob  {'7': 2.1249525135656268e-17, '4': 7.93449078242238e-09, '9': 6.76715631763103e-07, '3': 6.767156317631029e-07}
 Timepoint  2
 Timepoint  3
SortedDict({2: {'5': ['0', '1', '2', '3', '4', '5', '6', '7', '8', '9', '10', '11', '12', '13', '14', '15', '16', '17', '18', '19', '20', '21', '22', '23', '24', '25', '26', '27', '28', '29', '30', '31', '32', '33', '34', '35', '36', '37', '38', '39', '40', '41', '42', '43', '44', '45', '46', '47', '48', '49', '50', '51', '52', '53', '54', '55', '56', '57', '58', '59', '60', '61', '62', '63', '64', '65', '66', '67', '68'], '4': ['69', '70', '71', '72', '73', '74', '75', '76', '77', '78', '79', '80', '81', '82', '83', '84', '85', '86', '87', '88', '89', '90', '91', '92', '93', '94', '95', '96', '97', '98', '99']}, 3: {'4': ['100', '101', '102', '103', '104', '105', '106', '107', '108', '109', '110', '111', '112', '113', '114', '115', '116', '117', '118', '119', '120', '121', '122', '123', '124', '125', '126', '127', '128', '129', '130', '131', '132', '133', '134', '135', '136', '137', '138', '139', '140', '141', '142', '143', '145', '146', '147', '148', '149', '150', '151', '152', '153', '154', '155', '156', '157', '158', '159', '160', '161', '162', '163', '164', '165', '282'], '7': ['144'], '9': ['190', '213', '299', '310', '371', '385', '473', '481', '499', '390', '181', '206'], '3': ['166', '167', '168', '169', '170', '171', '172', '173', '174', '175', '176', '177', '178', '179', '180', '182', '183', '184', '185', '186', '187', '188', '189', '191', '192', '193', '194', '195', '196', '197', '198', '199', '200', '201', '202', '203', '204', '205', '207', '208', '209', '210', '211', '212', '214', '215', '216', '217', '218', '219', '220', '221', '222', '223', '224', '225', '226', '227', '228', '229', '230', '231', '232', '233', '234', '235', '236', '237', '238', '239', '240', '241', '242', '243', '244', '245', '246', '247', '248', '249', '250', '251', '252', '253', '254', '255', '256', '257', '258', '259', '260', '261', '262', '263', '264', '265', '266', '267', '268', '269', '270', '271', '272', '273', '274', '275', '276', '277', '278', '279', '280', '281', '283', '284', '285', '286', '287', '288', '289', '290', '291', '292', '293', '294', '295', '296', '297', '298', '300', '301', '302', '303', '304', '305', '306', '307', '308', '309', '311', '312', '313', '314', '315', '316', '317', '318', '319', '320', '321', '322', '323', '324', '325', '326', '327', '328', '329', '330', '331', '332', '333', '334', '335', '336', '337', '338', '339', '340', '341', '342', '343', '344', '345', '346', '347', '348', '349', '350', '351', '352', '353', '354', '355', '356', '357', '358', '359', '360', '361', '362', '363', '364', '365', '366', '367', '368', '369', '370', '372', '373', '374', '375', '376', '377', '378', '379', '380', '381', '382', '383', '384', '386', '387', '388', '389', '391', '392', '393', '394', '395', '396', '397', '398', '399', '400', '401', '402', '403', '404', '405', '406', '407', '408', '409', '410', '411', '412', '413', '414', '415', '416', '417', '418', '419', '420', '421', '422', '423', '424', '425', '426', '427', '428', '429', '430', '431', '432', '433', '434', '435', '436', '437', '438', '439', '440', '441', '442', '443', '444', '445', '446', '447', '448', '449', '450', '451', '452', '453', '454', '455', '456', '457', '458', '459', '460', '461', '462', '463', '464', '465', '466', '467', '468', '469', '470', '471', '472', '474', '475', '476', '477', '478', '479', '480', '482', '483', '484', '485', '486', '487', '488', '489', '490', '491', '492', '493', '494', '495', '496', '497', '498', '500', '501', '502', '503', '504', '505', '506', '507', '508', '509', '510', '511', '512', '513', '514', '515', '516', '517', '518', '519', '520', '521', '522', '523', '524', '525', '526', '527', '528', '529', '530', '531', '532', '533', '534', '535', '536', '537', '538', '539', '540', '541', '542', '543', '544', '545', '546', '547', '548', '549', '550', '551', '552', '553', '554', '555', '556', '557', '558', '559', '560', '561', '562', '563', '564', '565', '566', '567', '568', '569', '570', '571', '572', '573', '574', '575', '576', '577', '578', '579', '580', '581', '582', '583', '584', '585', '586', '587', '588', '589', '590', '591', '592', '593', '594', '595', '596', '597', '598', '599']}})
 Cluster1  9
 Cluster to drop  3
 After reassigning and merging cells 
 Timepoint  2
 Cluster  5  # of cells  69
 Cluster  4  # of cells  31
 Timepoint  3
 Cluster  4  # of cells  66
 Cluster  7  # of cells  1
 Cluster  9  # of cells  433
 Tp cluster cell dict  {'5_2': 69, '4_2': 31, '4_3': 66, '7_3': 1, '9_3': 433}
 New Graph is here 
 ID  0  Timepoint  1  Mutations  []  Type  subclone
 ID  1  Timepoint  2  Mutations  [5, 6, 7, 8, 9, 10, 11, 12, 13, 14, 15, 16, 17, 18, 19, 20, 21, 22, 23, 24, 25, 26, 27, 28, 29, 30, 31]  Type  subclone
 ID  2  Timepoint  2  Mutations  [5, 6, 7, 8, 9, 10, 11, 12, 13, 14, 15, 16, 17, 32, 33, 34, 35, 36, 37]  Type  subclone
 ID  3  Timepoint  3  Mutations  [5, 6, 7, 8, 9, 10, 11, 12, 13, 14, 15, 16, 17, 32, 33, 34, 35, 36, 37]  Type  subclone
 ID  4  Timepoint  3  Mutations  [6, 12, 13, 14, 15, 16, 17, 19, 21, 22, 23, 25, 27, 31, 33, 34, 37, 41, 46]  Type  subclone
 ID  5  Timepoint  3  Mutations  [5, 6, 7, 8, 9, 10, 11, 12, 13, 14, 15, 16, 17, 32, 33, 34, 35, 36, 37, 38, 39, 40, 41, 42, 43, 44, 45, 46]  Type  subclone
Timepoints  SortedDict({1: [0], 2: [1, 2], 3: [3, 4, 5]})
 Clone to nodes  {'5_2': 1, '4_2': 2, '4_3': 3, '7_3': 4, '9_3': 5}
 Timepoint ====  1
 Hash table  {'0,1': [5, 6, 7, 8, 9, 10, 11, 12, 13, 14, 15, 16, 17], '0': [18, 19, 20, 21, 22, 23, 24, 25, 26, 27, 28, 29, 30, 31], '1': [32, 33, 34, 35, 36, 37]}
 Final possible usc  [[5, 6, 7, 8, 9, 10, 11, 12, 13, 14, 15, 16, 17], [18, 19, 20, 21, 22, 23, 24, 25, 26, 27, 28, 29, 30, 31], [32, 33, 34, 35, 36, 37]]
 Time  1  USC keys  {'5,6,7,8,9,10,11,12,13,14,15,16,17_0', '18,19,20,21,22,23,24,25,26,27,28,29,30,31_0', '32,33,34,35,36,37_0'}
 USC children  {'5,6,7,8,9,10,11,12,13,14,15,16,17_0': [1, 2], '18,19,20,21,22,23,24,25,26,27,28,29,30,31_0': [1], '32,33,34,35,36,37_0': [2]}
 USC children  {'5,6,7,8,9,10,11,12,13,14,15,16,17_0': [1, 2], '18,19,20,21,22,23,24,25,26,27,28,29,30,31_0': [1], '32,33,34,35,36,37_0': [2]}
 Timepoint ====  2
 Hash table  {'0,1': [6, 12, 13, 14, 15, 16, 17, 33, 34, 37, 41, 46], '0': [19, 21, 22, 23, 25, 27, 31], '1': [5, 7, 8, 9, 10, 11, 32, 35, 36, 38, 39, 40, 42, 43, 44, 45]}
====== Inside find superset of t nodes ==========
 Final possible usc  []
 Time  2  USC keys  set()
 USC children  {'5,6,7,8,9,10,11,12,13,14,15,16,17_0': [1, 2], '18,19,20,21,22,23,24,25,26,27,28,29,30,31_0': [1], '32,33,34,35,36,37_0': [2]}
 USC children  {'5,6,7,8,9,10,11,12,13,14,15,16,17_0': [1, 2], '18,19,20,21,22,23,24,25,26,27,28,29,30,31_0': [1], '32,33,34,35,36,37_0': [2]}
 Node s  {'1,2': ['5', '6', '7', '8', '9', '10', '11', '12', '13', '14', '15', '16', '17']}
 Enroll USC nodes  ['1', '2']  len  2
 Node TP  SortedDict({1: [0], 2: [1, 2], 3: [3, 4, 5]})
 Unobserved subclones at timepoints  {1.5: [6]}
 ============== Inside finding node v ============ 
 Time  2
 Time  3
 largest_v_mut  []
 largest_v_mut  [[5, 6, 7, 8, 9, 10, 11, 12, 13, 14, 15, 16, 17, 32, 33, 34, 35, 36, 37]]
 Sorted all timepoints  [1, 1.5, 2, 3]
 Timepoint  2
 Inside usc_node check  2
 Timepoint  3
 Node  4  has no parent 
 USC nodes  []
 Node with minimum mutation sets  {1: 13, 2: 9}
0   1   [-1]   subclone   []   []
1   2   [6]   subclone   [5, 6, 7, 8, 9, 10, 11, 12, 13, 14, 15, 16, 17, 18, 19, 20, 21, 22, 23, 24, 25, 26, 27, 28, 29, 30, 31]   [14]
2   2   [6]   subclone   [5, 6, 7, 8, 9, 10, 11, 12, 13, 14, 15, 16, 17, 32, 33, 34, 35, 36, 37]   [6]
3   3   [2]   subclone   [5, 6, 7, 8, 9, 10, 11, 12, 13, 14, 15, 16, 17, 32, 33, 34, 35, 36, 37]   [0]
4   3   [2]   subclone   [6, 12, 13, 14, 15, 16, 17, 19, 21, 22, 23, 25, 27, 31, 33, 34, 37, 41, 46]   [9]
5   3   [2]   subclone   [5, 6, 7, 8, 9, 10, 11, 12, 13, 14, 15, 16, 17, 32, 33, 34, 35, 36, 37, 38, 39, 40, 41, 42, 43, 44, 45, 46]   [9]
6   1.5   [0]   unobserved subclone   [5, 6, 7, 8, 9, 10, 11, 12, 13, 14, 15, 16, 17]   [13]
8
 Total estimated FP  85  True negatives  8585
 Total estimated FN  2202  True positives  8868
 Estimated FP rate  0.00949
 Estimated FN rate  0.2
 No. of Cells in each cluster  {'5_2': 69, '7_2': 31, '7_3': 65, '4_3': 1, '3_3': 8, '0_3': 426}
 Cells in each cluster  {'5_2': [0, 1, 2, 3, 4, 5, 6, 7, 8, 9, 10, 11, 12, 13, 14, 15, 16, 17, 18, 19, 20, 21, 22, 23, 24, 25, 26, 27, 28, 29, 30, 31, 32, 33, 34, 35, 36, 37, 38, 39, 40, 41, 42, 43, 44, 45, 46, 47, 48, 49, 50, 51, 52, 53, 54, 55, 56, 57, 58, 59, 60, 61, 62, 63, 64, 65, 66, 67, 68], '7_2': [69, 70, 71, 72, 73, 74, 75, 76, 77, 78, 79, 80, 81, 82, 83, 84, 85, 86, 87, 88, 89, 90, 91, 92, 93, 94, 95, 96, 97, 98, 99], '7_3': [100, 101, 102, 103, 104, 105, 106, 107, 108, 109, 110, 111, 112, 113, 114, 115, 116, 117, 118, 119, 120, 121, 122, 123, 124, 125, 126, 127, 128, 129, 131, 132, 133, 134, 135, 136, 137, 138, 139, 140, 141, 142, 143, 145, 146, 147, 148, 149, 150, 151, 152, 153, 154, 155, 156, 157, 158, 159, 160, 161, 162, 163, 164, 165, 282], '4_3': [144], '3_3': [206, 213, 314, 370, 371, 385, 473, 481], '0_3': [199, 246, 376, 387, 536, 595, 182, 187, 203, 210, 214, 222, 226, 254, 283, 284, 299, 341, 384, 394, 435, 500, 516, 547, 557, 592, 169, 179, 181, 184, 193, 195, 204, 209, 225, 237, 250, 251, 274, 279, 310, 311, 315, 318, 321, 329, 352, 353, 360, 361, 364, 386, 396, 406, 414, 422, 427, 447, 449, 466, 471, 485, 495, 498, 499, 522, 535, 546, 550, 554, 579, 586, 590, 130, 166, 167, 168, 170, 171, 172, 173, 174, 175, 176, 177, 178, 180, 183, 185, 186, 188, 189, 190, 191, 192, 194, 196, 197, 198, 200, 201, 202, 205, 207, 208, 211, 212, 215, 216, 217, 218, 219, 220, 221, 223, 224, 227, 228, 229, 230, 231, 232, 233, 234, 235, 236, 238, 239, 240, 241, 242, 243, 244, 245, 247, 248, 249, 252, 253, 255, 256, 257, 258, 259, 260, 261, 262, 263, 264, 265, 266, 267, 268, 269, 270, 271, 272, 273, 275, 276, 277, 278, 280, 281, 285, 286, 287, 288, 289, 290, 291, 292, 293, 294, 295, 296, 297, 298, 300, 301, 302, 303, 304, 305, 306, 307, 308, 309, 312, 313, 316, 317, 319, 320, 322, 323, 324, 325, 326, 327, 328, 330, 331, 332, 333, 334, 335, 336, 337, 338, 339, 340, 342, 343, 344, 345, 346, 347, 348, 349, 350, 351, 354, 355, 356, 357, 358, 359, 362, 363, 365, 366, 367, 368, 369, 372, 373, 374, 375, 377, 378, 379, 380, 381, 382, 383, 388, 389, 390, 391, 392, 393, 395, 397, 398, 399, 400, 401, 402, 403, 404, 405, 407, 408, 409, 410, 411, 412, 413, 415, 416, 417, 418, 419, 420, 421, 423, 424, 425, 426, 428, 429, 430, 431, 432, 433, 434, 436, 437, 438, 439, 440, 441, 442, 443, 444, 445, 446, 448, 450, 451, 452, 453, 454, 455, 456, 457, 458, 459, 460, 461, 462, 463, 464, 465, 467, 468, 469, 470, 472, 474, 475, 476, 477, 478, 479, 480, 482, 483, 484, 486, 487, 488, 489, 490, 491, 492, 493, 494, 496, 497, 501, 502, 503, 504, 505, 506, 507, 508, 509, 510, 511, 512, 513, 514, 515, 517, 518, 519, 520, 521, 523, 524, 525, 526, 527, 528, 529, 530, 531, 532, 533, 534, 537, 538, 539, 540, 541, 542, 543, 544, 545, 548, 549, 551, 552, 553, 555, 556, 558, 559, 560, 561, 562, 563, 564, 565, 566, 567, 568, 569, 570, 571, 572, 573, 574, 575, 576, 577, 578, 580, 581, 582, 583, 584, 585, 587, 588, 589, 591, 593, 594, 596, 597, 598, 599]}
FP rate  0.00949 FN rate  0.2
 Before reassigning cells 
 Timepoint  2
 Cluster  5  # of cells  69
 Cluster  7  # of cells  31
 Timepoint  3
 Cluster  7  # of cells  66
 Cluster  4  # of cells  1
 Cluster  3  # of cells  67
 Cluster  0  # of cells  233
 Cells absent at timepoint  2   set()
 Cells absent at timepoint  3   {515, 520, 525, 526, 533, 547, 551, 552, 555, 556, 558, 559, 561, 562, 564, 565, 570, 577, 578, 581, 582, 584, 591, 592, 593, 594, 596, 599, 167, 170, 172, 174, 177, 178, 184, 186, 187, 191, 193, 196, 198, 201, 208, 209, 210, 221, 222, 223, 225, 239, 242, 244, 249, 253, 255, 257, 258, 262, 268, 270, 279, 288, 289, 296, 301, 302, 307, 308, 311, 312, 313, 318, 321, 323, 329, 330, 331, 337, 341, 343, 345, 347, 351, 354, 359, 363, 364, 365, 366, 367, 371, 373, 376, 378, 379, 386, 390, 396, 397, 404, 408, 409, 411, 418, 421, 424, 429, 430, 431, 432, 433, 438, 440, 449, 451, 453, 457, 459, 460, 461, 463, 471, 473, 480, 481, 482, 487, 498, 502, 503, 505, 509, 511}
 Missing cell prob  {'4': 1.9315399422331186e-20, '7': 9.754360263172191e-13, '3': 9.946379397452517e-06, '0': 9.946379397452517e-06}
 Missing cell prob  {'4': 6.86020807587083e-25, '7': 3.5476663413484326e-13, '3': 0.0003049529027628762, '0': 0.0003049529027628762}
 Missing cell prob  {'4': 1.102277641332273e-31, '7': 1.6127828925901477e-21, '3': 4.113070035836642e-06, '0': 4.113070035836642e-06}
 Missing cell prob  {'4': 5.359408916883718e-25, '7': 8.029937873728915e-11, '3': 0.0008188010948460395, '0': 0.0008188010948460395}
 Missing cell prob  {'4': 1.2239062402713923e-30, '7': 4.497810742975046e-15, '3': 0.00032592296009572403, '0': 0.00032592296009572403}
 Missing cell prob  {'4': 4.517942184938855e-25, '7': 3.352469447126333e-10, '3': 4.810425676004356e-07, '0': 4.810425676004356e-07}
 Missing cell prob  {'4': 4.806352203314464e-23, '7': 1.23097700467085e-10, '3': 0.0012552093615224116, '0': 0.0012552093615224116}
 Missing cell prob  {'4': 4.9922372729449054e-17, '7': 7.163312518497403e-14, '3': 1.2432974246815641e-05, '0': 1.2432974246815641e-05}
 Missing cell prob  {'4': 5.436083760984654e-23, '7': 1.146130002959585e-12, '3': 0.0009851988256970694, '0': 0.0009851988256970694}
 Missing cell prob  {'4': 4.4533467085278687e-23, '7': 4.650108841247855e-12, '3': 4.741648404060282e-05, '0': 4.741648404060282e-05}
 Missing cell prob  {'4': 3.30165983307164e-27, '7': 1.4393339853901965e-13, '3': 0.00012372332532353288, '0': 0.00012372332532353288}
 Missing cell prob  {'4': 1.6121385903670116e-25, '7': 2.865325007398961e-13, '3': 4.973189698726258e-05, '0': 4.973189698726258e-05}
 Missing cell prob  {'4': 7.438656126414079e-23, '7': 1.860451914591977e-14, '3': 7.920221410702638e-05, '0': 7.920221410702638e-05}
 Missing cell prob  {'4': 1.0826358607261452e-15, '7': 1.5534636256459438e-12, '3': 6.45817160198755e-07, '0': 6.45817160198755e-07}
 Missing cell prob  {'4': 4.670809829919585e-21, '7': 1.3857739017294648e-14, '3': 0.0010041674892179292, '0': 0.0010041674892179292}
 Missing cell prob  {'4': 2.0635373956697742e-26, '7': 4.3507094912345855e-16, '3': 3.1526362422306226e-05, '0': 3.1526362422306226e-05}
 Missing cell prob  {'4': 9.381146288667426e-30, '7': 1.1848816498880527e-13, '3': 0.0005044217987568995, '0': 0.0005044217987568995}
 Missing cell prob  {'4': 1.6755248547334496e-18, '7': 5.896947922951999e-14, '3': 5.068941702849692e-05, '0': 5.068941702849692e-05}
 Missing cell prob  {'4': 1.1566209611584116e-21, '7': 1.0181023587223065e-08, '3': 0.006099058055257524, '0': 0.006099058055257524}
 Missing cell prob  {'4': 1.346091521163331e-26, '7': 8.257646614363242e-17, '3': 0.0024981741794334825, '0': 0.0024981741794334825}
 Missing cell prob  {'4': 6.1522784904104115e-21, '7': 6.424104493659239e-10, '3': 7.770608904259775e-05, '0': 7.770608904259775e-05}
 Missing cell prob  {'4': 1.7066868689434517e-24, '7': 8.618842516325535e-17, '3': 3.093083133088323e-05, '0': 3.093083133088323e-05}
 Missing cell prob  {'4': 4.518050629525044e-20, '7': 5.57262447085954e-08, '3': 1.614542900496887e-05, '0': 1.614542900496887e-05}
 Missing cell prob  {'4': 9.475266344049433e-22, '7': 2.3698201814248503e-13, '3': 4.87924644420602e-07, '0': 4.87924644420602e-07}
 Missing cell prob  {'4': 1.3020674928002836e-25, '7': 5.543095606917862e-16, '3': 0.00019892758794905031, '0': 0.00019892758794905031}
 Missing cell prob  {'4': 1.538069622602603e-19, '7': 1.6060261234148097e-08, '3': 1.5992208883711708e-05, '0': 1.5992208883711708e-05}
 Missing cell prob  {'4': 8.781066337114665e-24, '7': 1.4946591455742678e-22, '3': 3.213335965497376e-05, '0': 3.213335965497376e-05}
 Missing cell prob  {'4': 2.153798130437164e-24, '7': 2.2489593521721835e-13, '3': 0.0009574155544235359, '0': 0.0009574155544235359}
 Missing cell prob  {'4': 1.223935617806635e-27, '7': 1.2480293616714584e-20, '3': 3.182841407184806e-05, '0': 3.182841407184806e-05}
 Missing cell prob  {'4': 1.590073087142044e-20, '7': 1.9695632074733606e-11, '3': 4.055153362279754e-05, '0': 4.055153362279754e-05}
 Missing cell prob  {'4': 2.770374080371054e-22, '7': 1.6922945993106245e-09, '3': 0.00020470027371150988, '0': 0.00020470027371150988}
 Missing cell prob  {'4': 2.1032680018177047e-26, '7': 3.7382309677844404e-14, '3': 0.00015914207035924038, '0': 0.00015914207035924038}
 Missing cell prob  {'4': 1.4596280718498703e-21, '7': 5.238233511134898e-10, '3': 6.336177128562115e-05, '0': 6.336177128562115e-05}
 Missing cell prob  {'4': 1.9123535004240508e-28, '7': 6.86294980498821e-17, '3': 0.00041922616056117224, '0': 0.00041922616056117224}
 Missing cell prob  {'4': 4.26671717235863e-23, '7': 8.995837408688731e-13, '3': 0.00015613588621459263, '0': 0.00015613588621459263}
 Missing cell prob  {'4': 7.690348113013011e-19, '7': 1.6214133359731953e-08, '3': 0.00039601107053513214, '0': 0.00039601107053513214}
 Missing cell prob  {'4': 4.9426482026698754e-29, '7': 3.581570290484127e-18, '3': 2.595298151859043e-07, '0': 2.595298151859043e-07}
 Missing cell prob  {'4': 3.0891551266686735e-28, '7': 2.7191934320216143e-15, '3': 0.00019703976513941375, '0': 0.00019703976513941375}
 Missing cell prob  {'4': 3.163370778569016e-26, '7': 2.7845209099000853e-13, '3': 4.832942395450505e-05, '0': 4.832942395450505e-05}
 Missing cell prob  {'4': 4.030346475917529e-24, '7': 2.0353424048821066e-16, '3': 0.006157492660606682, '0': 0.006157492660606682}
 Missing cell prob  {'4': 9.385346066444404e-20, '7': 2.347330587903128e-11, '3': 0.0011854121010150705, '0': 0.0011854121010150705}
 Missing cell prob  {'4': 3.0327509334297895e-22, '7': 1.5683472409626788e-10, '3': 0.007920221410702644, '0': 0.007920221410702644}
 Missing cell prob  {'4': 1.9042959683620043e-22, '7': 4.762756901355464e-14, '3': 0.00020275766811398777, '0': 0.00020275766811398777}
 Missing cell prob  {'4': 2.810008675157157e-22, '7': 1.4190665365393735e-14, '3': 1.0041674892179302e-07, '0': 1.0041674892179302e-07}
 Missing cell prob  {'4': 2.616261665004632e-27, '7': 1.1137816297560536e-17, '3': 4.741534592564749e-08, '0': 4.741534592564749e-08}
 Missing cell prob  {'4': 4.206536003635408e-25, '7': 2.124318878543398e-17, '3': 0.0006426671930994751, '0': 0.0006426671930994751}
 Missing cell prob  {'4': 5.488166460696665e-23, '7': 2.7715478034589313e-15, '3': 0.00020083349784358594, '0': 0.00020083349784358594}
 Missing cell prob  {'4': 5.436083760984655e-25, '7': 4.033762269352126e-10, '3': 9.851988256970691e-06, '0': 9.851988256970691e-06}
 Missing cell prob  {'4': 1.397525793940518e-32, '7': 1.0370125012611174e-17, '3': 1.5172910696207197e-07, '0': 1.5172910696207197e-07}
 Missing cell prob  {'4': 6.730457605816651e-26, '7': 7.027829285898514e-15, '3': 0.0025221089937844977, '0': 0.0025221089937844977}
 Missing cell prob  {'4': 2.961020732515447e-20, '7': 5.2627527205163024e-08, '3': 7.551472492891416e-05, '0': 7.551472492891416e-05}
 Missing cell prob  {'4': 1.538069622602603e-19, '7': 1.5683472409626783e-12, '3': 7.920221410702638e-05, '0': 7.920221410702638e-05}
 Missing cell prob  {'4': 2.1234192505049971e-26, '7': 9.256887889750405e-13, '3': 0.0001606667982748687, '0': 0.0001606667982748687}
 Missing cell prob  {'4': 3.4628844805257695e-25, '7': 3.048164416867496e-12, '3': 0.012976490759295212, '0': 0.012976490759295212}
 Missing cell prob  {'4': 1.3590209402461635e-23, '7': 1.3857739017294654e-16, '3': 1.0041674892179298e-05, '0': 1.0041674892179298e-05}
 Missing cell prob  {'4': 2.604134985600567e-24, '7': 1.8870233353446394e-13, '3': 0.0008033339913743438, '0': 0.0008033339913743438}
 Missing cell prob  {'4': 7.9082371242718e-30, '7': 6.961135185975334e-17, '3': 5.0442179875689944e-06, '0': 5.0442179875689944e-06}
 Missing cell prob  {'4': 1.2299050907352915e-29, '7': 7.693421613278754e-13, '3': 0.0006613167720435246, '0': 0.0006613167720435246}
 Missing cell prob  {'4': 2.920563044445165e-12, '7': 5.090633981639257e-07, '3': 0.00014748969712678539, '0': 0.00014748969712678539}
 Missing cell prob  {'4': 1.2187786735072835e-19, '7': 2.1243698687668863e-14, '3': 0.001539373165151671, '0': 0.001539373165151671}
 Missing cell prob  {'4': 3.5460788228749486e-25, '7': 1.0520795461930106e-18, '3': 3.7756456192729766e-07, '0': 3.7756456192729766e-07}
 Missing cell prob  {'4': 1.9960013337250019e-28, '7': 4.208318184772044e-18, '3': 2.5706687723979013e-05, '0': 2.5706687723979013e-05}
 Missing cell prob  {'4': 3.1500421960308993e-18, '7': 2.2385351620304393e-14, '3': 9.529778211339882e-05, '0': 9.529778211339882e-05}
 Missing cell prob  {'4': 1.0718817833767433e-25, '7': 2.2599281496931666e-15, '3': 0.0001637602189692079, '0': 0.0001637602189692079}
 Missing cell prob  {'4': 2.7969168210023656e-24, '7': 6.99525447360181e-16, '3': 0.0002510418723044824, '0': 0.0002510418723044824}
 Missing cell prob  {'4': 4.990003334312501e-29, '7': 4.392393303686571e-16, '3': 1.2976490759295222e-06, '0': 1.2976490759295222e-06}
 Missing cell prob  {'4': 2.852043890216397e-14, '7': 3.532718563500605e-05, '3': 0.00012141576412905906, '0': 0.00012141576412905906}
 Missing cell prob  {'4': 5.282782532991184e-23, '7': 1.8958561451398804e-11, '3': 0.0009574155544235359, '0': 0.0009574155544235359}
 Missing cell prob  {'4': 3.148632607389439e-26, '7': 1.5900730871420434e-18, '3': 0.0008188010948460395, '0': 0.0008188010948460395}
 Missing cell prob  {'4': 3.7724483992444986e-21, '7': 2.6808397675735188e-17, '3': 1.942605597522228e-06, '0': 1.942605597522228e-06}
 Missing cell prob  {'4': 8.950133827207573e-24, '7': 2.2384814315525782e-15, '3': 0.00016220613449119016, '0': 0.00016220613449119016}
 Missing cell prob  {'4': 3.9375527450386223e-16, '7': 5.649955987396492e-13, '3': 1.980055352675661e-05, '0': 1.980055352675661e-05}
 Missing cell prob  {'4': 5.158843489174435e-25, '7': 5.3867765727034595e-14, '3': 9.349536855865184e-06, '0': 9.349536855865184e-06}
 Missing cell prob  {'4': 5.6738623035752444e-21, '7': 2.865325007398961e-13, '3': 4.973189698726258e-05, '0': 4.973189698726258e-05}
 Missing cell prob  {'4': 8.869165853371082e-14, '7': 6.302753545862699e-10, '3': 1.539373165151671e-05, '0': 1.539373165151671e-05}
 Missing cell prob  {'4': 2.718041880492327e-24, '7': 1.372622907402053e-16, '3': 2.382387368169539e-08, '0': 2.382387368169539e-08}
 Missing cell prob  {'4': 5.436083760984654e-23, '7': 1.9508720526344385e-11, '3': 0.00019892758794905031, '0': 0.00019892758794905031}
 Missing cell prob  {'4': 1.0075866189793821e-26, '7': 8.86916585337108e-14, '3': 1.5393731651516706e-05, '0': 1.5393731651516706e-05}
 Missing cell prob  {'4': 2.3463365166110995e-20, '7': 1.6673925196964064e-16, '3': 2.894003047219695e-08, '0': 2.894003047219695e-08}
 Missing cell prob  {'4': 9.385346066444404e-20, '7': 1.1352532292314987e-14, '3': 1.9703976513941387e-06, '0': 1.9703976513941387e-06}
 Missing cell prob  {'4': 1.538069622602602e-19, '7': 1.905148488900818e-10, '3': 0.00039225292547575376, '0': 0.00039225292547575376}
 Missing cell prob  {'4': 3.150042196030898e-18, '7': 7.878441932328375e-10, '3': 1.9242164564395886e-05, '0': 1.9242164564395886e-05}
 Missing cell prob  {'4': 1.1957560176133287e-19, '7': 3.5476663413484326e-13, '3': 0.0003049529027628762, '0': 0.0003049529027628762}
 Missing cell prob  {'4': 5.978780088066644e-21, '7': 3.0918474550884204e-09, '3': 7.551472492891416e-05, '0': 7.551472492891416e-05}
 Missing cell prob  {'4': 7.908426946422539e-27, '7': 6.961302274750214e-14, '3': 2.4396232221030103e-06, '0': 2.4396232221030103e-06}
 Missing cell prob  {'4': 1.7395468035150885e-24, '7': 1.816405166770398e-13, '3': 3.1526362422306226e-05, '0': 3.1526362422306226e-05}
 Missing cell prob  {'4': 7.228881007240075e-23, '7': 7.548274518964597e-12, '3': 3.138023403806029e-06, '0': 3.138023403806029e-06}
 Missing cell prob  {'4': 4.1270747913395484e-27, '7': 1.0322058267954052e-18, '3': 6.305272484461244e-06, '0': 6.305272484461244e-06}
 Missing cell prob  {'4': 1.200815547544798e-27, '7': 7.511457881290012e-11, '3': 3.1227177242918534e-05, '0': 3.1227177242918534e-05}
 Missing cell prob  {'4': 1.012278649142085e-25, '7': 8.910466911680276e-13, '3': 6.305272484461244e-06, '0': 6.305272484461244e-06}
 Missing cell prob  {'4': 1.108149632148421e-23, '7': 1.5900730871420435e-20, '3': 5.706367458160169e-09, '0': 5.706367458160169e-09}
 Missing cell prob  {'4': 4.6049290173197924e-23, '7': 1.3662278456813874e-16, '3': 4.9030438802289456e-05, '0': 4.9030438802289456e-05}
 Missing cell prob  {'4': 1.339852229220929e-25, '7': 5.703950867969953e-16, '3': 2.4282569969027863e-06, '0': 2.4282569969027863e-06}
 Missing cell prob  {'4': 2.1234192505049966e-26, '7': 2.6301988654825253e-17, '3': 0.0007957103517962013, '0': 0.0007957103517962013}
 Missing cell prob  {'4': 1.8330754036024219e-19, '7': 1.8691603484449064e-12, '3': 1.9059556422679764e-05, '0': 1.9059556422679764e-05}
 Missing cell prob  {'4': 4.2695644980479784e-16, '7': 2.1561485408715165e-08, '3': 6.246956595199885e-06, '0': 6.246956595199885e-06}
 Missing cell prob  {'4': 7.402551831288616e-21, '7': 5.386905872002213e-13, '3': 9.349761273667341e-05, '0': 9.349761273667341e-05}
 Missing cell prob  {'4': 2.269544921430098e-22, '7': 5.6762661461574926e-14, '3': 9.851988256970693e-06, '0': 9.851988256970693e-06}
 Missing cell prob  {'4': 6.3873575805777165e-27, '7': 5.6223983804304576e-14, '3': 4.832942395450507e-05, '0': 4.832942395450507e-05}
 Missing cell prob  {'4': 4.4325985285936855e-25, '7': 5.490491629608212e-16, '3': 3.978551758981007e-05, '0': 3.978551758981007e-05}
 Missing cell prob  {'4': 2.5082928982639674e-18, '7': 1.067817714681468e-08, '3': 0.0012916343203975096, '0': 0.0012916343203975096}
 Missing cell prob  {'4': 1.7900267654415146e-24, '7': 2.630198865482526e-17, '3': 0.00016066679827486877, '0': 0.00016066679827486877}
 Missing cell prob  {'4': 5.83851228739948e-21, '7': 3.4976272368009053e-15, '3': 0.0012552093615224127, '0': 0.0012552093615224127}
 Missing cell prob  {'4': 1.2600168784123591e-17, '7': 4.43458292668554e-13, '3': 7.696865825758353e-05, '0': 7.696865825758353e-05}
 Missing cell prob  {'4': 3.826511102259715e-18, '7': 4.628555041845412e-13, '3': 9.529778211339883e-07, '0': 9.529778211339883e-07}
 Missing cell prob  {'4': 2.62908500227213e-24, '7': 9.435116676723198e-13, '3': 0.004016669956871719, '0': 0.004016669956871719}
 Missing cell prob  {'4': 1.7562554219732242e-21, '7': 8.869165853371079e-14, '3': 7.623822569071904e-05, '0': 7.623822569071904e-05}
 Missing cell prob  {'4': 3.0891551266686735e-28, '7': 1.850593537853459e-22, '3': 3.9785517589810055e-05, '0': 3.9785517589810055e-05}
 Missing cell prob  {'4': 2.0151248687292407e-26, '7': 7.231770079018136e-15, '3': 0.0025952981518590425, '0': 0.0025952981518590425}
 Missing cell prob  {'4': 4.670809829919586e-23, '7': 5.649820374232917e-18, '3': 4.0940054742301977e-07, '0': 4.0940054742301977e-07}
 Missing cell prob  {'4': 4.068960915000885e-26, '7': 1.773833170674216e-12, '3': 0.001524764513814381, '0': 0.001524764513814381}
 Missing cell prob  {'4': 9.385346066444402e-20, '7': 2.784520909900086e-13, '3': 4.832942395450505e-05, '0': 4.832942395450505e-05}
 Missing cell prob  {'4': 5.18400459740903e-27, '7': 5.413049373703485e-16, '3': 0.01637602189692079, '0': 0.01637602189692079}
 Missing cell prob  {'4': 1.0872167521969307e-23, '7': 9.570100984037918e-11, '3': 3.9785517589810055e-05, '0': 3.9785517589810055e-05}
 Missing cell prob  {'4': 4.051816708647532e-18, '7': 5.953589027815057e-11, '3': 0.0006070788206452949, '0': 0.0006070788206452949}
 Missing cell prob  {'4': 1.1788901247639062e-21, '7': 7.231943663867506e-12, '3': 0.0012552093615224116, '0': 0.0012552093615224116}
 Missing cell prob  {'4': 1.051634000908852e-25, '7': 2.2172382427671446e-15, '3': 0.0007957103517962013, '0': 0.0007957103517962013}
 Missing cell prob  {'4': 1.7644337793055757e-22, '7': 8.910466911680276e-15, '3': 7.659324435388288e-06, '0': 7.659324435388288e-06}
 Missing cell prob  {'4': 3.351130145024543e-16, '7': 4.808503924495507e-13, '3': 2.42831528258118e-05, '0': 2.42831528258118e-05}
 Missing cell prob  {'4': 1.6578149730619401e-34, '7': 5.135856263120748e-17, '3': 0.0015537433490424735, '0': 0.0015537433490424735}
 Missing cell prob  {'4': 3.0308011719841245e-28, '7': 5.386776572703462e-16, '3': 7.881590605576556e-06, '0': 7.881590605576556e-06}
 Missing cell prob  {'4': 1.5593760419726573e-27, '7': 3.2877485818531567e-17, '3': 1.1798892560228045e-05, '0': 1.1798892560228045e-05}
 Missing cell prob  {'4': 4.24694043826926e-24, '7': 3.7383206968898126e-11, '3': 3.722480262764904e-08, '0': 3.722480262764904e-08}
 Missing cell prob  {'4': 6.035917438791198e-22, '7': 7.476461935568878e-13, '3': 0.0001297649075929522, '0': 0.0001297649075929522}
 Missing cell prob  {'4': 1.8592558264547684e-20, '7': 3.164711002383782e-19, '3': 4.630404875551514e-09, '0': 4.630404875551514e-09}
 Missing cell prob  {'4': 1.5600741477952832e-19, '7': 3.81029697780164e-15, '3': 3.885304452129892e-08, '0': 3.885304452129892e-08}
 Missing cell prob  {'4': 2.083307988480454e-24, '7': 2.9893182911485348e-21, '3': 7.623639578142524e-06, '0': 7.623639578142524e-06}
 Missing cell prob  {'4': 4.4513539139726944e-33, '7': 2.247952982301355e-25, '3': 4.832826392669409e-08, '0': 4.832826392669409e-08}
 Missing cell prob  {'4': 5.83851228739948e-23, '7': 7.231943663867507e-14, '3': 6.216487123407822e-05, '0': 6.216487123407822e-05}
 Missing cell prob  {'4': 1.596839395144429e-25, '7': 2.3925252460094802e-11, '3': 9.946379397452517e-06, '0': 9.946379397452517e-06}
 Missing cell prob  {'4': 2.810008675157159e-22, '7': 7.027997975538072e-14, '3': 1.2198116110515048e-05, '0': 1.2198116110515048e-05}
 Missing cell prob  {'4': 2.3452865721668568e-30, '7': 1.7402837964938342e-15, '3': 0.0001261054496892249, '0': 0.0001261054496892249}
 Missing cell prob  {'4': 2.2162992642968432e-24, '7': 1.1192407157762898e-16, '3': 8.110306724559509e-06, '0': 8.110306724559509e-06}
 Timepoint  2
 Timepoint  3
SortedDict({2: {'5': ['0', '1', '2', '3', '4', '5', '6', '7', '8', '9', '10', '11', '12', '13', '14', '15', '16', '17', '18', '19', '20', '21', '22', '23', '24', '25', '26', '27', '28', '29', '30', '31', '32', '33', '34', '35', '36', '37', '38', '39', '40', '41', '42', '43', '44', '45', '46', '47', '48', '49', '50', '51', '52', '53', '54', '55', '56', '57', '58', '59', '60', '61', '62', '63', '64', '65', '66', '67', '68'], '7': ['69', '70', '71', '72', '73', '74', '75', '76', '77', '78', '79', '80', '81', '82', '83', '84', '85', '86', '87', '88', '89', '90', '91', '92', '93', '94', '95', '96', '97', '98', '99']}, 3: {'7': ['100', '101', '102', '103', '104', '105', '106', '107', '108', '109', '110', '111', '112', '113', '114', '115', '116', '117', '118', '119', '120', '121', '122', '123', '124', '125', '126', '127', '128', '129', '130', '131', '132', '133', '134', '135', '136', '137', '138', '139', '140', '141', '142', '143', '145', '146', '147', '148', '149', '150', '151', '152', '153', '154', '155', '156', '157', '158', '159', '160', '161', '162', '163', '164', '165', '282'], '4': ['144'], '3': ['166', '169', '176', '181', '195', '199', '206', '213', '229', '233', '237', '267', '272', '292', '298', '303', '305', '309', '314', '316', '325', '326', '335', '342', '346', '348', '350', '352', '357', '370', '375', '377', '382', '383', '385', '389', '400', '410', '414', '416', '417', '422', '439', '444', '447', '458', '465', '485', '486', '495', '506', '508', '514', '521', '522', '530', '535', '536', '540', '545', '546', '554', '560', '571', '585', '590', '597', '515', '520', '525', '526', '533', '547', '551', '552', '555', '556', '558', '559', '561', '562', '564', '565', '570', '577', '578', '581', '582', '584', '591', '592', '593', '594', '596', '599', '167', '170', '172', '174', '177', '178', '184', '186', '187', '191', '193', '196', '198', '201', '208', '209', '210', '221', '222', '223', '225', '239', '242', '244', '249', '253', '255', '257', '258', '262', '268', '270', '279', '288', '289', '296', '301', '302', '307', '308', '311', '312', '313', '318', '321', '323', '329', '330', '331', '337', '341', '343', '345', '347', '351', '354', '359', '363', '364', '365', '366', '367', '371', '373', '376', '378', '379', '386', '390', '396', '397', '404', '408', '409', '411', '418', '421', '424', '429', '430', '431', '432', '433', '438', '440', '449', '451', '453', '457', '459', '460', '461', '463', '471', '473', '480', '481', '482', '487', '498', '502', '503', '505', '509', '511'], '0': ['168', '171', '173', '175', '179', '180', '182', '183', '185', '188', '189', '190', '192', '194', '197', '200', '202', '203', '204', '205', '207', '211', '212', '214', '215', '216', '217', '218', '219', '220', '224', '226', '227', '228', '230', '231', '232', '234', '235', '236', '238', '240', '241', '243', '245', '246', '247', '248', '250', '251', '252', '254', '256', '259', '260', '261', '263', '264', '265', '266', '269', '271', '273', '274', '275', '276', '277', '278', '280', '281', '283', '284', '285', '286', '287', '290', '291', '293', '294', '295', '297', '299', '300', '304', '306', '310', '315', '317', '319', '320', '322', '324', '327', '328', '332', '333', '334', '336', '338', '339', '340', '344', '349', '353', '355', '356', '358', '360', '361', '362', '368', '369', '372', '374', '380', '381', '384', '387', '388', '391', '392', '393', '394', '395', '398', '399', '401', '402', '403', '405', '406', '407', '412', '413', '415', '419', '420', '423', '425', '426', '427', '428', '434', '435', '436', '437', '441', '442', '443', '445', '446', '448', '450', '452', '454', '455', '456', '462', '464', '466', '467', '468', '469', '470', '472', '474', '475', '476', '477', '478', '479', '483', '484', '488', '489', '490', '491', '492', '493', '494', '496', '497', '499', '500', '501', '504', '507', '510', '512', '513', '516', '517', '518', '519', '523', '524', '527', '528', '529', '531', '532', '534', '537', '538', '539', '541', '542', '543', '544', '548', '549', '550', '553', '557', '563', '566', '567', '568', '569', '572', '573', '574', '575', '576', '579', '580', '583', '586', '587', '588', '589', '595', '598']}})
 Cluster1  3
 Cluster to drop  0
 After reassigning and merging cells 
 Timepoint  2
 Cluster  5  # of cells  69
 Cluster  7  # of cells  31
 Timepoint  3
 Cluster  7  # of cells  66
 Cluster  4  # of cells  1
 Cluster  3  # of cells  433
 Tp cluster cell dict  {'5_2': 69, '7_2': 31, '7_3': 66, '4_3': 1, '3_3': 433}
 New Graph is here 
 ID  0  Timepoint  1  Mutations  []  Type  subclone
 ID  1  Timepoint  2  Mutations  [5, 6, 7, 8, 9, 10, 11, 12, 13, 14, 15, 16, 17, 18, 19, 20, 21, 22, 23, 24, 25, 26, 27, 28, 29, 30, 31]  Type  subclone
 ID  2  Timepoint  2  Mutations  [5, 6, 7, 8, 9, 10, 11, 12, 13, 14, 15, 16, 17, 32, 33, 34, 35, 36, 37]  Type  subclone
 ID  3  Timepoint  3  Mutations  [5, 6, 7, 8, 9, 10, 11, 12, 13, 14, 15, 16, 17, 32, 33, 34, 35, 36, 37]  Type  subclone
 ID  4  Timepoint  3  Mutations  [3, 6, 10, 12, 13, 14, 16, 17, 21, 30, 33, 34, 37, 43]  Type  subclone
 ID  5  Timepoint  3  Mutations  [5, 6, 7, 8, 9, 10, 11, 12, 13, 14, 15, 16, 17, 32, 33, 34, 35, 36, 37, 38, 39, 40, 41, 42, 43, 44, 45, 46]  Type  subclone
Timepoints  SortedDict({1: [0], 2: [1, 2], 3: [3, 4, 5]})
 Clone to nodes  {'5_2': 1, '7_2': 2, '7_3': 3, '4_3': 4, '3_3': 5}
 Timepoint ====  1
 Hash table  {'0,1': [5, 6, 7, 8, 9, 10, 11, 12, 13, 14, 15, 16, 17], '0': [18, 19, 20, 21, 22, 23, 24, 25, 26, 27, 28, 29, 30, 31], '1': [32, 33, 34, 35, 36, 37]}
 Final possible usc  [[5, 6, 7, 8, 9, 10, 11, 12, 13, 14, 15, 16, 17], [18, 19, 20, 21, 22, 23, 24, 25, 26, 27, 28, 29, 30, 31], [32, 33, 34, 35, 36, 37]]
 Time  1  USC keys  {'18,19,20,21,22,23,24,25,26,27,28,29,30,31_0', '32,33,34,35,36,37_0', '5,6,7,8,9,10,11,12,13,14,15,16,17_0'}
 USC children  {'5,6,7,8,9,10,11,12,13,14,15,16,17_0': [1, 2], '18,19,20,21,22,23,24,25,26,27,28,29,30,31_0': [1], '32,33,34,35,36,37_0': [2]}
 USC children  {'5,6,7,8,9,10,11,12,13,14,15,16,17_0': [1, 2], '18,19,20,21,22,23,24,25,26,27,28,29,30,31_0': [1], '32,33,34,35,36,37_0': [2]}
 Timepoint ====  2
 Hash table  {'0': [3, 21, 30], '0,1': [6, 10, 12, 13, 14, 16, 17, 33, 34, 37, 43], '1': [5, 7, 8, 9, 11, 15, 32, 35, 36, 38, 39, 40, 41, 42, 44, 45, 46]}
====== Inside find superset of t nodes ==========
 Final possible usc  []
 Time  2  USC keys  set()
 USC children  {'5,6,7,8,9,10,11,12,13,14,15,16,17_0': [1, 2], '18,19,20,21,22,23,24,25,26,27,28,29,30,31_0': [1], '32,33,34,35,36,37_0': [2]}
 USC children  {'5,6,7,8,9,10,11,12,13,14,15,16,17_0': [1, 2], '18,19,20,21,22,23,24,25,26,27,28,29,30,31_0': [1], '32,33,34,35,36,37_0': [2]}
 Node s  {'1,2': ['5', '6', '7', '8', '9', '10', '11', '12', '13', '14', '15', '16', '17']}
 Enroll USC nodes  ['1', '2']  len  2
 Node TP  SortedDict({1: [0], 2: [1, 2], 3: [3, 4, 5]})
 Unobserved subclones at timepoints  {1.5: [6]}
 ============== Inside finding node v ============ 
 Time  2
 Time  3
 largest_v_mut  []
 largest_v_mut  [[5, 6, 7, 8, 9, 10, 11, 12, 13, 14, 15, 16, 17, 32, 33, 34, 35, 36, 37]]
 Sorted all timepoints  [1, 1.5, 2, 3]
 Timepoint  2
 Inside usc_node check  2
 Timepoint  3
 Node  4  has no parent 
 USC nodes  []
 Node with minimum mutation sets  {1: 18, 2: 9}
0   1   [-1]   subclone   []   []
1   2   [6]   subclone   [5, 6, 7, 8, 9, 10, 11, 12, 13, 14, 15, 16, 17, 18, 19, 20, 21, 22, 23, 24, 25, 26, 27, 28, 29, 30, 31]   [14]
2   2   [6]   subclone   [5, 6, 7, 8, 9, 10, 11, 12, 13, 14, 15, 16, 17, 32, 33, 34, 35, 36, 37]   [6]
3   3   [2]   subclone   [5, 6, 7, 8, 9, 10, 11, 12, 13, 14, 15, 16, 17, 32, 33, 34, 35, 36, 37]   [0]
4   3   [2]   subclone   [3, 6, 10, 12, 13, 14, 16, 17, 21, 30, 33, 34, 37, 43]   [4]
5   3   [2]   subclone   [5, 6, 7, 8, 9, 10, 11, 12, 13, 14, 15, 16, 17, 32, 33, 34, 35, 36, 37, 38, 39, 40, 41, 42, 43, 44, 45, 46]   [9]
6   1.5   [0]   unobserved subclone   [5, 6, 7, 8, 9, 10, 11, 12, 13, 14, 15, 16, 17]   [13]
7
 Total estimated FP  85  True negatives  8580
 Total estimated FN  2207  True positives  8868
 Estimated FP rate  0.00949
 Estimated FN rate  0.2
 No. of Cells in each cluster  {'5_2': 69, '4_2': 31, '4_3': 65, '3_3': 1, '6_3': 434}
 Cells in each cluster  {'5_2': [0, 1, 2, 3, 4, 5, 6, 7, 8, 9, 10, 11, 12, 13, 14, 15, 16, 17, 18, 19, 20, 21, 22, 23, 24, 25, 26, 27, 28, 29, 30, 31, 32, 33, 34, 35, 36, 37, 38, 39, 40, 41, 42, 43, 44, 45, 46, 47, 48, 49, 50, 51, 52, 53, 54, 55, 56, 57, 58, 59, 60, 61, 62, 63, 64, 65, 66, 67, 68], '4_2': [69, 70, 71, 72, 73, 74, 75, 76, 77, 78, 79, 80, 81, 82, 83, 84, 85, 86, 87, 88, 89, 90, 91, 92, 93, 94, 95, 96, 97, 98, 99], '4_3': [100, 101, 102, 103, 104, 105, 106, 107, 108, 109, 110, 111, 112, 113, 114, 115, 116, 117, 118, 119, 120, 121, 122, 123, 124, 125, 126, 127, 128, 129, 131, 132, 133, 134, 135, 136, 137, 138, 139, 140, 141, 142, 143, 145, 146, 147, 148, 149, 150, 151, 152, 153, 154, 155, 156, 157, 158, 159, 160, 161, 162, 163, 164, 165, 282], '3_3': [144], '6_3': [181, 193, 206, 210, 254, 274, 284, 314, 315, 321, 329, 353, 360, 361, 386, 427, 466, 473, 485, 495, 550, 554, 592, 130, 166, 167, 168, 169, 170, 171, 172, 173, 174, 175, 176, 177, 178, 179, 180, 182, 183, 184, 185, 186, 187, 188, 189, 190, 191, 192, 194, 195, 196, 197, 198, 200, 201, 202, 203, 204, 205, 207, 208, 209, 211, 212, 214, 215, 216, 217, 218, 219, 220, 221, 222, 223, 224, 225, 226, 227, 228, 229, 230, 231, 232, 233, 234, 235, 236, 237, 238, 239, 240, 241, 242, 243, 244, 245, 247, 248, 249, 250, 251, 252, 253, 255, 256, 257, 258, 259, 260, 261, 262, 263, 264, 265, 266, 267, 268, 269, 270, 271, 272, 273, 275, 276, 277, 278, 279, 280, 281, 283, 285, 286, 287, 288, 289, 290, 291, 292, 293, 294, 296, 297, 298, 299, 300, 301, 302, 303, 304, 305, 306, 307, 308, 309, 310, 311, 312, 313, 316, 317, 318, 319, 320, 322, 323, 324, 325, 326, 327, 331, 332, 333, 334, 335, 336, 337, 338, 339, 340, 341, 342, 343, 344, 345, 346, 347, 348, 349, 350, 351, 352, 354, 355, 356, 357, 358, 359, 362, 363, 364, 365, 366, 367, 368, 369, 372, 373, 374, 375, 377, 378, 379, 380, 381, 382, 383, 384, 388, 389, 390, 391, 392, 393, 394, 395, 396, 397, 398, 399, 400, 401, 402, 403, 404, 405, 406, 407, 408, 409, 410, 411, 412, 413, 414, 415, 416, 417, 418, 419, 420, 421, 422, 423, 424, 425, 426, 429, 430, 431, 432, 433, 434, 435, 436, 437, 438, 439, 440, 441, 442, 443, 444, 445, 446, 447, 448, 449, 450, 451, 452, 453, 454, 455, 456, 457, 458, 459, 460, 461, 462, 463, 464, 465, 467, 468, 469, 470, 471, 472, 474, 475, 476, 477, 478, 479, 480, 482, 483, 484, 486, 487, 488, 489, 490, 491, 492, 493, 494, 496, 497, 498, 499, 500, 501, 502, 503, 504, 505, 506, 507, 508, 509, 510, 511, 512, 513, 514, 515, 516, 517, 518, 519, 520, 521, 522, 523, 524, 525, 526, 527, 528, 529, 530, 531, 532, 533, 534, 535, 537, 538, 539, 540, 541, 542, 543, 544, 545, 546, 547, 548, 549, 551, 552, 553, 555, 556, 557, 558, 559, 560, 561, 562, 563, 564, 565, 566, 567, 568, 569, 570, 571, 572, 573, 574, 575, 576, 577, 578, 579, 580, 581, 582, 583, 584, 585, 586, 587, 588, 589, 590, 591, 593, 594, 596, 597, 598, 599, 199, 213, 246, 370, 371, 376, 385, 387, 481, 536, 595, 295, 328, 330, 428]}
FP rate  0.00949 FN rate  0.2
 Before reassigning cells 
 Timepoint  2
 Cluster  5  # of cells  69
 Cluster  4  # of cells  31
 Timepoint  3
 Cluster  4  # of cells  66
 Cluster  3  # of cells  1
 Cluster  6  # of cells  433
 Cells absent at timepoint  2   set()
 Cells absent at timepoint  3   set()
 Timepoint  2
 Timepoint  3
 After reassigning and merging cells 
 Timepoint  2
 Cluster  5  # of cells  69
 Cluster  4  # of cells  31
 Timepoint  3
 Cluster  4  # of cells  66
 Cluster  3  # of cells  1
 Cluster  6  # of cells  433
 Tp cluster cell dict  {'5_2': 69, '4_2': 31, '4_3': 66, '3_3': 1, '6_3': 433}
 New Graph is here 
 ID  0  Timepoint  1  Mutations  []  Type  subclone
 ID  1  Timepoint  2  Mutations  [5, 6, 7, 8, 9, 10, 11, 12, 13, 14, 15, 16, 17, 18, 19, 20, 21, 22, 23, 24, 25, 26, 27, 28, 29, 30, 31]  Type  subclone
 ID  2  Timepoint  2  Mutations  [5, 6, 7, 8, 9, 10, 11, 12, 13, 14, 15, 16, 17, 32, 33, 34, 35, 36, 37]  Type  subclone
 ID  3  Timepoint  3  Mutations  [5, 6, 7, 8, 9, 10, 11, 12, 13, 14, 15, 16, 17, 32, 33, 34, 35, 36, 37]  Type  subclone
 ID  4  Timepoint  3  Mutations  [4, 10, 12, 13, 14, 15, 16, 17, 19, 21, 23, 25, 33, 37]  Type  subclone
 ID  5  Timepoint  3  Mutations  [5, 6, 7, 8, 9, 10, 11, 12, 13, 14, 15, 16, 17, 32, 33, 34, 35, 36, 37, 38, 39, 40, 41, 42, 43, 44, 45, 46]  Type  subclone
Timepoints  SortedDict({1: [0], 2: [1, 2], 3: [3, 4, 5]})
 Clone to nodes  {'5_2': 1, '4_2': 2, '4_3': 3, '3_3': 4, '6_3': 5}
 Timepoint ====  1
 Hash table  {'0,1': [5, 6, 7, 8, 9, 10, 11, 12, 13, 14, 15, 16, 17], '0': [18, 19, 20, 21, 22, 23, 24, 25, 26, 27, 28, 29, 30, 31], '1': [32, 33, 34, 35, 36, 37]}
 Final possible usc  [[5, 6, 7, 8, 9, 10, 11, 12, 13, 14, 15, 16, 17], [18, 19, 20, 21, 22, 23, 24, 25, 26, 27, 28, 29, 30, 31], [32, 33, 34, 35, 36, 37]]
 Time  1  USC keys  {'18,19,20,21,22,23,24,25,26,27,28,29,30,31_0', '5,6,7,8,9,10,11,12,13,14,15,16,17_0', '32,33,34,35,36,37_0'}
 USC children  {'5,6,7,8,9,10,11,12,13,14,15,16,17_0': [1, 2], '18,19,20,21,22,23,24,25,26,27,28,29,30,31_0': [1], '32,33,34,35,36,37_0': [2]}
 USC children  {'5,6,7,8,9,10,11,12,13,14,15,16,17_0': [1, 2], '18,19,20,21,22,23,24,25,26,27,28,29,30,31_0': [1], '32,33,34,35,36,37_0': [2]}
 Timepoint ====  2
 Hash table  {'0': [4, 19, 21, 23, 25], '0,1': [10, 12, 13, 14, 15, 16, 17, 33, 37], '1': [5, 6, 7, 8, 9, 11, 32, 34, 35, 36, 38, 39, 40, 41, 42, 43, 44, 45, 46]}
====== Inside find superset of t nodes ==========
 Final possible usc  []
 Time  2  USC keys  set()
 USC children  {'5,6,7,8,9,10,11,12,13,14,15,16,17_0': [1, 2], '18,19,20,21,22,23,24,25,26,27,28,29,30,31_0': [1], '32,33,34,35,36,37_0': [2]}
 USC children  {'5,6,7,8,9,10,11,12,13,14,15,16,17_0': [1, 2], '18,19,20,21,22,23,24,25,26,27,28,29,30,31_0': [1], '32,33,34,35,36,37_0': [2]}
 Node s  {'1,2': ['5', '6', '7', '8', '9', '10', '11', '12', '13', '14', '15', '16', '17']}
 Enroll USC nodes  ['1', '2']  len  2
 Node TP  SortedDict({1: [0], 2: [1, 2], 3: [3, 4, 5]})
 Unobserved subclones at timepoints  {1.5: [6]}
 ============== Inside finding node v ============ 
 Time  2
 Time  3
 largest_v_mut  []
 largest_v_mut  [[5, 6, 7, 8, 9, 10, 11, 12, 13, 14, 15, 16, 17, 32, 33, 34, 35, 36, 37]]
 Sorted all timepoints  [1, 1.5, 2, 3]
 Timepoint  2
 Inside usc_node check  2
 Timepoint  3
 Node  4  has no parent 
 USC nodes  []
 Node with minimum mutation sets  {1: 16, 2: 10}
0   1   [-1]   subclone   []   []
1   2   [6]   subclone   [5, 6, 7, 8, 9, 10, 11, 12, 13, 14, 15, 16, 17, 18, 19, 20, 21, 22, 23, 24, 25, 26, 27, 28, 29, 30, 31]   [14]
2   2   [6]   subclone   [5, 6, 7, 8, 9, 10, 11, 12, 13, 14, 15, 16, 17, 32, 33, 34, 35, 36, 37]   [6]
3   3   [2]   subclone   [5, 6, 7, 8, 9, 10, 11, 12, 13, 14, 15, 16, 17, 32, 33, 34, 35, 36, 37]   [0]
4   3   [2]   subclone   [4, 10, 12, 13, 14, 15, 16, 17, 19, 21, 23, 25, 33, 37]   [5]
5   3   [2]   subclone   [5, 6, 7, 8, 9, 10, 11, 12, 13, 14, 15, 16, 17, 32, 33, 34, 35, 36, 37, 38, 39, 40, 41, 42, 43, 44, 45, 46]   [9]
6   1.5   [0]   unobserved subclone   [5, 6, 7, 8, 9, 10, 11, 12, 13, 14, 15, 16, 17]   [13]
5
 Total estimated FP  85  True negatives  8580
 Total estimated FN  2207  True positives  8868
 Estimated FP rate  0.00949
 Estimated FN rate  0.2
 No. of Cells in each cluster  {'2_2': 69, '3_2': 31, '3_3': 65, '4_3': 1, '0_3': 434}
 Cells in each cluster  {'2_2': [0, 1, 2, 3, 4, 5, 6, 7, 8, 9, 10, 11, 12, 13, 14, 15, 16, 17, 18, 19, 20, 21, 22, 23, 24, 25, 26, 27, 28, 29, 30, 31, 32, 33, 34, 35, 36, 37, 38, 39, 40, 41, 42, 43, 44, 45, 46, 47, 48, 49, 50, 51, 52, 53, 54, 55, 56, 57, 58, 59, 60, 61, 62, 63, 64, 65, 66, 67, 68], '3_2': [69, 70, 71, 72, 73, 74, 75, 76, 77, 78, 79, 80, 81, 82, 83, 84, 85, 86, 87, 88, 89, 90, 91, 92, 93, 94, 95, 96, 97, 98, 99], '3_3': [100, 101, 102, 103, 104, 105, 106, 107, 108, 109, 110, 111, 112, 113, 114, 115, 116, 117, 118, 119, 120, 121, 122, 123, 124, 125, 126, 127, 128, 129, 131, 132, 133, 134, 135, 136, 137, 138, 139, 140, 141, 142, 143, 145, 146, 147, 148, 149, 150, 151, 152, 153, 154, 155, 156, 157, 158, 159, 160, 161, 162, 163, 164, 165, 282], '4_3': [144], '0_3': [199, 213, 246, 353, 360, 370, 371, 376, 387, 481, 485, 536, 595, 130, 166, 167, 168, 169, 170, 171, 172, 173, 174, 175, 176, 177, 178, 179, 180, 181, 182, 183, 184, 185, 186, 187, 188, 189, 190, 191, 192, 193, 194, 195, 196, 197, 198, 200, 201, 202, 203, 204, 205, 206, 207, 208, 209, 210, 211, 212, 214, 215, 216, 217, 218, 219, 220, 221, 222, 223, 224, 225, 226, 227, 228, 229, 230, 231, 232, 233, 234, 235, 236, 237, 238, 239, 240, 241, 242, 243, 244, 245, 247, 248, 249, 250, 251, 252, 253, 254, 255, 256, 257, 258, 259, 260, 261, 262, 263, 264, 265, 266, 267, 268, 269, 270, 271, 272, 273, 274, 275, 276, 277, 278, 279, 280, 281, 283, 284, 285, 286, 287, 288, 289, 290, 291, 292, 293, 294, 295, 296, 297, 298, 299, 300, 301, 302, 303, 304, 305, 306, 307, 308, 309, 310, 311, 312, 313, 314, 315, 316, 317, 318, 319, 320, 321, 322, 323, 324, 325, 326, 327, 328, 329, 330, 331, 332, 333, 334, 335, 336, 337, 338, 339, 340, 341, 342, 343, 344, 345, 346, 347, 348, 349, 350, 351, 352, 354, 355, 356, 357, 358, 359, 361, 362, 363, 364, 365, 366, 367, 368, 369, 372, 373, 374, 375, 377, 378, 379, 380, 381, 382, 383, 384, 385, 386, 388, 389, 390, 391, 392, 393, 394, 395, 396, 397, 398, 399, 400, 401, 402, 403, 404, 405, 406, 407, 408, 409, 410, 411, 412, 413, 414, 415, 416, 417, 418, 419, 420, 421, 422, 423, 424, 425, 426, 427, 428, 429, 430, 431, 432, 433, 434, 435, 436, 437, 438, 439, 440, 441, 442, 443, 444, 445, 446, 447, 448, 449, 450, 451, 452, 453, 454, 455, 456, 457, 458, 459, 460, 461, 462, 463, 464, 465, 466, 467, 468, 469, 470, 471, 472, 473, 474, 475, 476, 477, 478, 479, 480, 482, 483, 484, 486, 487, 488, 489, 490, 491, 492, 493, 494, 495, 496, 497, 498, 499, 500, 501, 502, 503, 504, 505, 506, 507, 508, 509, 510, 511, 512, 513, 514, 515, 516, 517, 518, 519, 520, 521, 522, 523, 524, 525, 526, 527, 528, 529, 530, 531, 532, 533, 534, 535, 537, 538, 539, 540, 541, 542, 543, 544, 545, 546, 547, 548, 549, 550, 551, 552, 553, 554, 555, 556, 557, 558, 559, 560, 561, 562, 563, 564, 565, 566, 567, 568, 569, 570, 571, 572, 573, 574, 575, 576, 577, 578, 579, 580, 581, 582, 583, 584, 585, 586, 587, 588, 589, 590, 591, 592, 593, 594, 596, 597, 598, 599]}
FP rate  0.00949 FN rate  0.2
 Before reassigning cells 
 Timepoint  2
 Cluster  2  # of cells  69
 Cluster  3  # of cells  31
 Timepoint  3
 Cluster  3  # of cells  66
 Cluster  4  # of cells  1
 Cluster  0  # of cells  433
 Cells absent at timepoint  2   set()
 Cells absent at timepoint  3   set()
 Timepoint  2
 Timepoint  3
 After reassigning and merging cells 
 Timepoint  2
 Cluster  2  # of cells  69
 Cluster  3  # of cells  31
 Timepoint  3
 Cluster  3  # of cells  66
 Cluster  4  # of cells  1
 Cluster  0  # of cells  433
 Tp cluster cell dict  {'2_2': 69, '3_2': 31, '3_3': 66, '4_3': 1, '0_3': 433}
 New Graph is here 
 ID  0  Timepoint  1  Mutations  []  Type  subclone
 ID  1  Timepoint  2  Mutations  [5, 6, 7, 8, 9, 10, 11, 12, 13, 14, 15, 16, 17, 18, 19, 20, 21, 22, 23, 24, 25, 26, 27, 28, 29, 30, 31]  Type  subclone
 ID  2  Timepoint  2  Mutations  [5, 6, 7, 8, 9, 10, 11, 12, 13, 14, 15, 16, 17, 32, 33, 34, 35, 36, 37]  Type  subclone
 ID  3  Timepoint  3  Mutations  [5, 6, 7, 8, 9, 10, 11, 12, 13, 14, 15, 16, 17, 32, 33, 34, 35, 36, 37]  Type  subclone
 ID  4  Timepoint  3  Mutations  [3, 6, 10, 12, 13, 14, 15, 16, 17, 21, 28, 33, 37, 41]  Type  subclone
 ID  5  Timepoint  3  Mutations  [5, 6, 7, 8, 9, 10, 11, 12, 13, 14, 15, 16, 17, 32, 33, 34, 35, 36, 37, 38, 39, 40, 41, 42, 43, 44, 45, 46]  Type  subclone
Timepoints  SortedDict({1: [0], 2: [1, 2], 3: [3, 4, 5]})
 Clone to nodes  {'2_2': 1, '3_2': 2, '3_3': 3, '4_3': 4, '0_3': 5}
 Timepoint ====  1
 Hash table  {'0,1': [5, 6, 7, 8, 9, 10, 11, 12, 13, 14, 15, 16, 17], '0': [18, 19, 20, 21, 22, 23, 24, 25, 26, 27, 28, 29, 30, 31], '1': [32, 33, 34, 35, 36, 37]}
 Final possible usc  [[5, 6, 7, 8, 9, 10, 11, 12, 13, 14, 15, 16, 17], [18, 19, 20, 21, 22, 23, 24, 25, 26, 27, 28, 29, 30, 31], [32, 33, 34, 35, 36, 37]]
 Time  1  USC keys  {'18,19,20,21,22,23,24,25,26,27,28,29,30,31_0', '5,6,7,8,9,10,11,12,13,14,15,16,17_0', '32,33,34,35,36,37_0'}
 USC children  {'5,6,7,8,9,10,11,12,13,14,15,16,17_0': [1, 2], '18,19,20,21,22,23,24,25,26,27,28,29,30,31_0': [1], '32,33,34,35,36,37_0': [2]}
 USC children  {'5,6,7,8,9,10,11,12,13,14,15,16,17_0': [1, 2], '18,19,20,21,22,23,24,25,26,27,28,29,30,31_0': [1], '32,33,34,35,36,37_0': [2]}
 Timepoint ====  2
 Hash table  {'0': [3, 21, 28], '0,1': [6, 10, 12, 13, 14, 15, 16, 17, 33, 37, 41], '1': [5, 7, 8, 9, 11, 32, 34, 35, 36, 38, 39, 40, 42, 43, 44, 45, 46]}
====== Inside find superset of t nodes ==========
 Final possible usc  []
 Time  2  USC keys  set()
 USC children  {'5,6,7,8,9,10,11,12,13,14,15,16,17_0': [1, 2], '18,19,20,21,22,23,24,25,26,27,28,29,30,31_0': [1], '32,33,34,35,36,37_0': [2]}
 USC children  {'5,6,7,8,9,10,11,12,13,14,15,16,17_0': [1, 2], '18,19,20,21,22,23,24,25,26,27,28,29,30,31_0': [1], '32,33,34,35,36,37_0': [2]}
 Node s  {'1,2': ['5', '6', '7', '8', '9', '10', '11', '12', '13', '14', '15', '16', '17']}
 Enroll USC nodes  ['1', '2']  len  2
 Node TP  SortedDict({1: [0], 2: [1, 2], 3: [3, 4, 5]})
 Unobserved subclones at timepoints  {1.5: [6]}
 ============== Inside finding node v ============ 
 Time  2
 Time  3
 largest_v_mut  []
 largest_v_mut  [[5, 6, 7, 8, 9, 10, 11, 12, 13, 14, 15, 16, 17, 32, 33, 34, 35, 36, 37]]
 Sorted all timepoints  [1, 1.5, 2, 3]
 Timepoint  2
 Inside usc_node check  2
 Timepoint  3
 Node  4  has no parent 
 USC nodes  []
 Node with minimum mutation sets  {1: 17, 2: 9}
0   1   [-1]   subclone   []   []
1   2   [6]   subclone   [5, 6, 7, 8, 9, 10, 11, 12, 13, 14, 15, 16, 17, 18, 19, 20, 21, 22, 23, 24, 25, 26, 27, 28, 29, 30, 31]   [14]
2   2   [6]   subclone   [5, 6, 7, 8, 9, 10, 11, 12, 13, 14, 15, 16, 17, 32, 33, 34, 35, 36, 37]   [6]
3   3   [2]   subclone   [5, 6, 7, 8, 9, 10, 11, 12, 13, 14, 15, 16, 17, 32, 33, 34, 35, 36, 37]   [0]
4   3   [2]   subclone   [3, 6, 10, 12, 13, 14, 15, 16, 17, 21, 28, 33, 37, 41]   [4]
5   3   [2]   subclone   [5, 6, 7, 8, 9, 10, 11, 12, 13, 14, 15, 16, 17, 32, 33, 34, 35, 36, 37, 38, 39, 40, 41, 42, 43, 44, 45, 46]   [9]
6   1.5   [0]   unobserved subclone   [5, 6, 7, 8, 9, 10, 11, 12, 13, 14, 15, 16, 17]   [13]
6
 Total estimated FP  85  True negatives  8584
 Total estimated FN  2203  True positives  8868
 Estimated FP rate  0.00949
 Estimated FN rate  0.2
 No. of Cells in each cluster  {'5_2': 69, '3_2': 31, '3_3': 65, '4_3': 1, '2_3': 5, '1_3': 429}
 Cells in each cluster  {'5_2': [0, 1, 2, 3, 4, 5, 6, 7, 8, 9, 10, 11, 12, 13, 14, 15, 16, 17, 18, 19, 20, 21, 22, 23, 24, 25, 26, 27, 28, 29, 30, 31, 32, 33, 34, 35, 36, 37, 38, 39, 40, 41, 42, 43, 44, 45, 46, 47, 48, 49, 50, 51, 52, 53, 54, 55, 56, 57, 58, 59, 60, 61, 62, 63, 64, 65, 66, 67, 68], '3_2': [69, 70, 71, 72, 73, 74, 75, 76, 77, 78, 79, 80, 81, 82, 83, 84, 85, 86, 87, 88, 89, 90, 91, 92, 93, 94, 95, 96, 97, 98, 99], '3_3': [100, 101, 102, 103, 104, 105, 106, 107, 108, 109, 110, 111, 112, 113, 114, 115, 116, 117, 118, 119, 120, 121, 122, 123, 124, 125, 126, 127, 128, 129, 131, 132, 133, 134, 135, 136, 137, 138, 139, 140, 141, 142, 143, 145, 146, 147, 148, 149, 150, 151, 152, 153, 154, 155, 156, 157, 158, 159, 160, 161, 162, 163, 164, 165, 282], '4_3': [144], '2_3': [213, 370, 371, 385, 481], '1_3': [130, 166, 167, 168, 169, 170, 171, 172, 173, 174, 175, 176, 177, 178, 179, 180, 182, 183, 184, 185, 186, 187, 188, 189, 190, 191, 192, 194, 196, 197, 198, 200, 201, 202, 203, 204, 205, 206, 207, 208, 209, 210, 211, 212, 214, 215, 216, 217, 218, 219, 220, 221, 222, 223, 224, 226, 227, 228, 229, 230, 231, 232, 233, 234, 235, 236, 237, 238, 239, 240, 241, 242, 243, 244, 245, 247, 248, 249, 250, 251, 252, 253, 254, 255, 256, 257, 258, 259, 260, 261, 262, 263, 264, 265, 266, 267, 268, 269, 270, 271, 272, 273, 274, 275, 276, 277, 278, 279, 280, 281, 283, 284, 285, 286, 287, 288, 289, 290, 291, 292, 293, 294, 295, 296, 297, 298, 299, 300, 301, 302, 303, 304, 305, 306, 307, 308, 309, 310, 311, 312, 313, 314, 315, 316, 317, 318, 319, 320, 321, 322, 323, 324, 325, 326, 327, 328, 330, 331, 332, 333, 334, 335, 336, 337, 338, 339, 340, 341, 342, 343, 344, 345, 346, 347, 348, 349, 350, 351, 354, 355, 356, 357, 358, 359, 361, 362, 363, 364, 365, 366, 367, 368, 369, 372, 373, 374, 375, 377, 378, 379, 380, 381, 382, 383, 384, 388, 389, 390, 391, 392, 393, 394, 395, 396, 397, 398, 399, 400, 401, 402, 403, 404, 405, 406, 407, 408, 409, 410, 411, 412, 413, 414, 415, 416, 417, 418, 419, 420, 421, 423, 424, 425, 426, 428, 429, 430, 431, 432, 433, 434, 435, 436, 437, 438, 439, 440, 441, 442, 443, 444, 445, 446, 447, 448, 449, 450, 451, 452, 453, 454, 455, 456, 457, 458, 459, 460, 461, 462, 463, 464, 465, 466, 467, 468, 469, 470, 471, 472, 473, 474, 475, 476, 477, 478, 479, 480, 482, 483, 484, 486, 487, 488, 489, 490, 491, 492, 493, 494, 496, 497, 498, 499, 500, 501, 502, 503, 504, 505, 506, 507, 508, 509, 510, 511, 512, 513, 514, 515, 516, 517, 518, 519, 520, 521, 522, 523, 524, 525, 526, 527, 528, 529, 530, 531, 532, 533, 534, 535, 537, 538, 539, 540, 541, 542, 543, 544, 545, 546, 547, 548, 549, 550, 551, 552, 553, 554, 555, 556, 557, 558, 559, 560, 561, 562, 563, 564, 565, 566, 567, 568, 569, 570, 571, 572, 573, 574, 575, 576, 577, 578, 579, 580, 581, 582, 583, 584, 585, 586, 587, 588, 589, 590, 591, 592, 593, 594, 596, 597, 598, 599, 181, 193, 195, 199, 225, 246, 329, 352, 353, 360, 376, 386, 387, 422, 427, 485, 495, 536, 595]}
FP rate  0.00949 FN rate  0.2
 Before reassigning cells 
 Timepoint  2
 Cluster  5  # of cells  69
 Cluster  3  # of cells  31
 Timepoint  3
 Cluster  3  # of cells  65
 Cluster  4  # of cells  1
 Cluster  2  # of cells  55
 Cluster  1  # of cells  243
 Cells absent at timepoint  2   set()
 Cells absent at timepoint  3   {515, 517, 519, 521, 522, 530, 535, 536, 537, 538, 539, 541, 542, 543, 547, 550, 551, 552, 557, 558, 559, 561, 572, 576, 577, 583, 588, 591, 592, 595, 597, 599, 130, 166, 170, 172, 175, 176, 177, 186, 188, 192, 200, 201, 206, 207, 210, 212, 214, 220, 221, 223, 228, 229, 230, 242, 244, 250, 252, 253, 254, 255, 259, 264, 266, 276, 279, 281, 283, 287, 294, 296, 298, 299, 305, 306, 317, 320, 321, 329, 334, 336, 341, 346, 351, 354, 360, 362, 368, 371, 374, 379, 382, 386, 388, 390, 399, 401, 405, 407, 409, 410, 411, 416, 419, 420, 423, 427, 429, 434, 435, 436, 437, 438, 443, 445, 446, 449, 453, 455, 456, 459, 460, 465, 468, 471, 477, 479, 480, 485, 487, 490, 494, 497, 499, 500}
 Missing cell prob  {'4': 1.5900730871420438e-22, '1': 9.946379397452517e-06, '2': 9.946379397452517e-06, '3': 9.754360263172191e-13}
 Missing cell prob  {'4': 3.7366478639356676e-23, '1': 3.978551758981007e-05, '2': 3.978551758981007e-05, '3': 1.62896377395569e-09}
 Missing cell prob  {'4': 4.4959059646027096e-26, '1': 9.897866025882635e-05, '2': 9.897866025882635e-05, '3': 1.1514671883121579e-13}
 Missing cell prob  {'4': 6.010485635374027e-16, '1': 0.00031082435617039105, '2': 0.00031082435617039105, '3': 7.301232358953979e-14}
 Missing cell prob  {'4': 2.1447232928157086e-20, '1': 1.8878681232228525e-07, '2': 1.8878681232228525e-07, '3': 9.16926010899659e-14}
 Missing cell prob  {'4': 1.6666463907843638e-26, '1': 5.141337544795802e-06, '2': 5.141337544795802e-06, '3': 7.095162376854865e-17}
 Missing cell prob  {'4': 3.4814153246886915e-18, '1': 3.064475980279326e-05, '2': 3.064475980279326e-05, '3': 8.916413169732267e-06}
 Missing cell prob  {'4': 3.756553522108768e-17, '1': 1.8970757788303017e-09, '2': 1.8970757788303017e-09, '3': 1.8604519145919777e-16}
 Missing cell prob  {'4': 2.2705064584629963e-13, '1': 3.244122689823804e-07, '2': 3.244122689823804e-07, '3': 7.803488210537755e-13}
 Missing cell prob  {'4': 1.41843152914998e-24, '1': 0.0006305272484461243, '2': 0.0006305272484461243, '3': 1.7569573214746283e-15}
 Missing cell prob  {'4': 1.5600367020893235e-24, '1': 4.832942395450505e-07, '2': 4.832942395450505e-07, '3': 1.9787823712565886e-11}
 Missing cell prob  {'4': 8.74385821236088e-19, '1': 0.00013100817517536635, '2': 0.00013100817517536635, '3': 5.3639511154021355e-09}
 Missing cell prob  {'4': 2.5931004511032736e-23, '1': 0.0009758492888412038, '2': 0.0009758492888412038, '3': 1.9323582768549373e-11}
 Missing cell prob  {'4': 1.8427962259225e-14, '1': 0.001924216456439588, '2': 0.001924216456439588, '3': 1.5907849355036038e-08}
 Missing cell prob  {'4': 7.690163525303142e-24, '1': 4.810425676004356e-07, '2': 4.810425676004356e-07, '3': 3.352469447126333e-10}
 Missing cell prob  {'4': 4.147203677927225e-31, '1': 1.887822809636488e-06, '2': 1.887822809636488e-06, '3': 5.260397730965054e-18}
 Missing cell prob  {'4': 3.335437140562874e-23, '1': 0.0012552093615224116, '2': 0.0012552093615224116, '3': 1.23097700467085e-10}
 Missing cell prob  {'4': 8.298120619310147e-20, '1': 1.2432974246815641e-05, '2': 1.2432974246815641e-05, '3': 7.163312518497403e-14}
 Missing cell prob  {'4': 1.1029602791931744e-30, '1': 2.4865351648284534e-05, '2': 2.4865351648284534e-05, '3': 4.923789832498405e-13}
 Missing cell prob  {'4': 2.2912342597651396e-27, '1': 0.00012372332532353288, '2': 0.00012372332532353288, '3': 1.4393339853901965e-13}
 Missing cell prob  {'4': 1.118766728400947e-25, '1': 4.973189698726258e-05, '2': 4.973189698726258e-05, '3': 2.865325007398961e-13}
 Missing cell prob  {'4': 1.0673655044385843e-19, '1': 7.920221410702638e-05, '2': 7.920221410702638e-05, '3': 1.860451914591977e-14}
 Missing cell prob  {'4': 6.273388963850716e-14, '1': 7.770608904259775e-05, '2': 7.770608904259775e-05, '3': 1.8691603484449054e-10}
 Missing cell prob  {'4': 8.377624273667247e-20, '1': 0.001524764513814381, '2': 0.001524764513814381, '3': 2.5452558968057663e-09}
 Missing cell prob  {'4': 1.3793175694151372e-20, '1': 5.068941702849692e-05, '2': 5.068941702849692e-05, '3': 5.896947922951999e-14}
 Missing cell prob  {'4': 7.617183873448017e-24, '1': 9.620851352008721e-08, '2': 9.620851352008721e-08, '3': 7.953733763307231e-13}
 Missing cell prob  {'4': 1.691577929282339e-20, '1': 6.216487123407822e-05, '2': 6.216487123407822e-05, '3': 7.231943663867506e-14}
 Missing cell prob  {'4': 7.690348113013014e-19, '1': 1.614542900496887e-05, '2': 1.614542900496887e-05, '3': 5.57262447085954e-08}
 Missing cell prob  {'4': 2.745245814804106e-19, '1': 4.87924644420602e-07, '2': 4.87924644420602e-07, '3': 2.3698201814248503e-13}
 Missing cell prob  {'4': 4.2486377570867926e-20, '1': 1.8521619502206054e-06, '2': 1.8521619502206054e-06, '3': 2.1547106290813842e-15}
 Missing cell prob  {'4': 3.180146174284088e-21, '1': 0.00019892758794905031, '2': 0.00019892758794905031, '3': 9.661791384274689e-11}
 Missing cell prob  {'4': 1.4946591455742667e-24, '1': 0.0009574155544235359, '2': 0.0009574155544235359, '3': 2.2489593521721835e-13}
 Missing cell prob  {'4': 3.650616179476989e-15, '1': 7.696865825758353e-05, '2': 7.696865825758353e-05, '3': 0.00011091154310887883}
 Missing cell prob  {'4': 3.3817231255134463e-28, '1': 1.267235425712423e-05, '2': 1.267235425712423e-05, '3': 3.5311377338955734e-17}
 Missing cell prob  {'4': 1.3404198837867603e-18, '1': 4.055153362279754e-05, '2': 4.055153362279754e-05, '3': 1.9695632074733606e-11}
 Missing cell prob  {'4': 9.521479841810021e-22, '1': 0.00020470027371150988, '2': 0.00020470027371150988, '3': 1.6922945993106245e-09}
 Missing cell prob  {'4': 3.351049709466898e-19, '1': 5.02083744608965e-05, '2': 5.02083744608965e-05, '3': 5.840985887163185e-14}
 Missing cell prob  {'4': 4.149060309655072e-19, '1': 1.2552093615224121e-05, '2': 1.2552093615224121e-05, '3': 6.0964751644826186e-12}
 Missing cell prob  {'4': 1.0129298637122165e-21, '1': 6.336177128562115e-05, '2': 6.336177128562115e-05, '3': 5.238233511134898e-10}
 Missing cell prob  {'4': 6.33081164820135e-21, '1': 0.00039601107053513214, '2': 0.00039601107053513214, '3': 1.6214133359731953e-08}
 Missing cell prob  {'4': 2.0066343186111744e-20, '1': 0.001255209361522412, '2': 0.001255209361522412, '3': 2.9484739614759993e-13}
 Missing cell prob  {'4': 2.6052382782490966e-19, '1': 7.881590605576555e-06, '2': 7.881590605576555e-06, '3': 7.915129485026357e-09}
 Missing cell prob  {'4': 2.8368630582999596e-25, '1': 0.0001261054496892249, '2': 0.0001261054496892249, '3': 7.265620667081592e-13}
 Missing cell prob  {'4': 5.162162253279582e-21, '1': 0.007920221410702644, '2': 0.007920221410702644, '3': 1.5683472409626788e-10}
 Missing cell prob  {'4': 1.8963179023998324e-15, '1': 6.834361453775355e-07, '2': 6.834361453775355e-07, '3': 8.107261274541015e-09}
 Missing cell prob  {'4': 2.1243698687668856e-18, '1': 7.623822569071905e-07, '2': 7.623822569071905e-07, '3': 1.2480593182362262e-19}
 Missing cell prob  {'4': 3.1646350413547435e-22, '1': 4.741534592564749e-08, '2': 4.741534592564749e-08, '3': 1.1137816297560536e-17}
 Missing cell prob  {'4': 7.02485306969173e-28, '1': 9.085873611479352e-08, '2': 9.085873611479352e-08, '3': 6.332103588021083e-11}
 Missing cell prob  {'4': 3.018031159739248e-22, '1': 1.887868123222853e-05, '2': 1.887868123222853e-05, '3': 3.738320696889813e-13}
 Missing cell prob  {'4': 1.850593537853459e-24, '1': 9.758492888412041e-06, '2': 9.758492888412041e-06, '3': 6.669570078785631e-16}
 Missing cell prob  {'4': 1.4457414991804337e-24, '1': 0.0006426671930994751, '2': 0.0006426671930994751, '3': 2.124318878543398e-17}
 Missing cell prob  {'4': 1.8683239319678345e-24, '1': 9.851988256970691e-06, '2': 9.851988256970691e-06, '3': 4.033762269352126e-10}
 Missing cell prob  {'4': 3.136694481925359e-13, '1': 0.00038853044521298887, '2': 0.00038853044521298887, '3': 5.4673579295197333e-08}
 Missing cell prob  {'4': 7.337018597868687e-17, '1': 0.00018791176332417852, '2': 0.00018791176332417852, '3': 3.212129346018249e-06}
 Missing cell prob  {'4': 1.9132096281813278e-20, '1': 4.8792464442060206e-05, '2': 4.8792464442060206e-05, '3': 4.785050492018962e-12}
 Missing cell prob  {'4': 1.7322173771618324e-18, '1': 7.551472492891416e-05, '2': 7.551472492891416e-05, '3': 5.2627527205163024e-08}
 Missing cell prob  {'4': 6.270732245659923e-21, '1': 7.920221410702638e-05, '2': 7.920221410702638e-05, '3': 1.5683472409626783e-12}
 Missing cell prob  {'4': 2.7325212787507066e-18, '1': 0.00011912222764174851, '2': 0.00011912222764174851, '3': 4.8772971989941095e-09}
 Missing cell prob  {'4': 5.236015171042031e-21, '1': 9.529778211339879e-05, '2': 9.529778211339879e-05, '3': 6.641468436104002e-08}
 Missing cell prob  {'4': 1.0032930771686031e-22, '1': 0.012976490759295212, '2': 0.012976490759295212, '3': 3.048164416867496e-12}
 Missing cell prob  {'4': 1.6206877819395455e-20, '1': 5.955968420423845e-05, '2': 5.955968420423845e-05, '3': 4.150818140091382e-08}
 Missing cell prob  {'4': 9.431120998111249e-24, '1': 1.0041674892179298e-05, '2': 1.0041674892179298e-05, '3': 1.3857739017294654e-16}
 Missing cell prob  {'4': 1.1957273164594142e-24, '1': 3.122717724291853e-05, '2': 3.122717724291853e-05, '3': 7.511457881290011e-11}
 Missing cell prob  {'4': 6.797983580054038e-18, '1': 1.2082355988626256e-05, '2': 1.2082355988626256e-05, '3': 2.065335855166874e-07}
 Missing cell prob  {'4': 1.0273967711289218e-22, '1': 6.426671930994753e-06, '2': 6.426671930994753e-06, '3': 1.0520795461930106e-18}
 Missing cell prob  {'4': 8.620734808844609e-20, '1': 1.8612401313824515e-05, '2': 1.8612401313824515e-05, '3': 3.106927251291886e-11}
 Missing cell prob  {'4': 2.460852328097006e-25, '1': 3.7756456192729766e-07, '2': 3.7756456192729766e-07, '3': 1.0520795461930106e-18}
 Missing cell prob  {'4': 1.5600367020893234e-20, '1': 0.000975849288841204, '2': 0.000975849288841204, '3': 1.9323582768549376e-11}
 Missing cell prob  {'4': 2.3364504355561327e-14, '1': 1.1799175770142833e-06, '2': 1.1799175770142833e-06, '3': 9.75459439798822e-12}
 Missing cell prob  {'4': 7.726159768932478e-22, '1': 1.9703976513941387e-06, '2': 1.9703976513941387e-06, '3': 4.739640362849702e-12}
 Missing cell prob  {'4': 8.744068092002262e-18, '1': 1.5541217808519555e-05, '2': 1.5541217808519555e-05, '3': 7.548274518964599e-12}
 Missing cell prob  {'4': 1.8244912963781726e-24, '1': 0.0001637602189692079, '2': 0.0001637602189692079, '3': 2.2599281496931666e-15}
 Missing cell prob  {'4': 2.9347369963825784e-19, '1': 1.2793767106969367e-05, '2': 1.2793767106969367e-05, '3': 1.4883615316735818e-14}
 Missing cell prob  {'4': 1.5528057491621523e-21, '1': 4.697681324223003e-08, '2': 4.697681324223003e-08, '3': 4.606990564806246e-15}
 Missing cell prob  {'4': 4.670809829919587e-25, '1': 6.041177994313131e-05, '2': 6.041177994313131e-05, '3': 1.419066536539373e-14}
 Missing cell prob  {'4': 3.4459942941781275e-28, '1': 0.00031673171282824435, '2': 0.00031673171282824435, '3': 1.241942110247247e-19}
 Missing cell prob  {'4': 3.8085919367240085e-25, '1': 9.946379397452517e-06, '2': 9.946379397452517e-06, '3': 1.1571109862188013e-14}
 Missing cell prob  {'4': 3.0611354050901215e-19, '1': 6.4266719309947515e-06, '2': 6.4266719309947515e-06, '3': 1.54588662148395e-11}
 Missing cell prob  {'4': 1.7730394114374742e-24, '1': 9.349536855865184e-06, '2': 9.349536855865184e-06, '3': 5.3867765727034595e-14}
 Missing cell prob  {'4': 7.301232358953982e-16, '1': 1.539373165151671e-05, '2': 1.539373165151671e-05, '3': 6.302753545862699e-10}
 Missing cell prob  {'4': 4.149060309655074e-19, '1': 0.0003078746330303342, '2': 0.0003078746330303342, '3': 3.581656259248703e-13}
 Missing cell prob  {'4': 8.063914462950736e-23, '1': 0.00012372332532353293, '2': 0.00012372332532353293, '3': 1.2133479328895236e-11}
 Missing cell prob  {'4': 3.287748581853157e-21, '1': 2.894003047219695e-08, '2': 2.894003047219695e-08, '3': 1.6673925196964064e-16}
 Missing cell prob  {'4': 1.4463887327735018e-14, '1': 6.013032095005448e-09, '2': 6.013032095005448e-09, '3': 2.075409070045691e-11}
 Missing cell prob  {'4': 1.9875913589275557e-22, '1': 0.0003049529027628762, '2': 0.0003049529027628762, '3': 3.5476663413484326e-13}
 Missing cell prob  {'4': 4.149060309655072e-21, '1': 7.551472492891416e-05, '2': 7.551472492891416e-05, '3': 3.0918474550884204e-09}
 Missing cell prob  {'4': 3.3974708008079956e-29, '1': 3.704323900441211e-07, '2': 3.704323900441211e-07, '3': 2.1342624252114018e-15}
 Missing cell prob  {'4': 6.607567684197864e-22, '1': 0.0010137883405699384, '2': 0.0010137883405699384, '3': 8.381173617815836e-09}
 Missing cell prob  {'4': 1.4320214123532121e-24, '1': 0.0006365682814369611, '2': 0.0006365682814369611, '3': 7.405510311800329e-13}
 Missing cell prob  {'4': 7.874916467725325e-20, '1': 5.706367458160169e-09, '2': 5.706367458160169e-09, '3': 1.5900730871420435e-20}
 Missing cell prob  {'4': 5.2603977309650514e-20, '1': 1.591420703592403e-06, '2': 1.591420703592403e-06, '3': 2.1961966518432847e-17}
 Missing cell prob  {'4': 2.5685535795727787e-20, '1': 1.9059556422679764e-05, '2': 1.9059556422679764e-05, '3': 1.8691603484449064e-12}
 Missing cell prob  {'4': 4.948042047034729e-15, '1': 0.00015032941065934273, '2': 0.00015032941065934273, '3': 1.0476718489881475e-07}
 Missing cell prob  {'4': 1.4674037195737367e-15, '1': 6.246956595199885e-06, '2': 6.246956595199885e-06, '3': 2.1561485408715165e-08}
 Missing cell prob  {'4': 2.2479529823013553e-25, '1': 9.992696717733932e-05, '2': 9.992696717733932e-05, '3': 1.1624993067330546e-13}
 Missing cell prob  {'4': 2.544178006102634e-20, '1': 9.349761273667341e-05, '2': 9.349761273667341e-05, '3': 5.386905872002213e-13}
 Missing cell prob  {'4': 9.252745594754777e-27, '1': 0.0004996348358866964, '2': 0.0004996348358866964, '3': 1.3922270371950667e-15}
 Missing cell prob  {'4': 1.0273967711289219e-22, '1': 6.426671930994747e-06, '2': 6.426671930994747e-06, '3': 7.476461935568876e-15}
 Missing cell prob  {'4': 4.477945793622564e-19, '1': 0.0003322790740672282, '2': 0.0003322790740672282, '3': 3.258642835598202e-11}
 Missing cell prob  {'4': 3.241453366918026e-18, '1': 0.002405270570549485, '2': 0.002405270570549485, '3': 5.64995598739649e-13}
 Missing cell prob  {'4': 3.046873549379207e-23, '1': 0.00016066679827486877, '2': 0.00016066679827486877, '3': 2.630198865482526e-17}
 Missing cell prob  {'4': 2.0352935515418153e-21, '1': 0.0006305272484461244, '2': 0.0006305272484461244, '3': 6.183546485935804e-11}
 Missing cell prob  {'4': 1.1788901247639057e-21, '1': 0.0012552093615224127, '2': 0.0012552093615224127, '3': 3.4976272368009053e-15}
 Missing cell prob  {'4': 8.578893171262834e-18, '1': 7.551472492891413e-05, '2': 7.551472492891413e-05, '3': 3.6677040435986377e-11}
 Missing cell prob  {'4': 8.103438909697729e-22, '1': 6.013032095005445e-07, '2': 6.013032095005445e-07, '3': 1.1906892253388655e-14}
 Missing cell prob  {'4': 3.4976272368009035e-17, '1': 6.216487123407822e-05, '2': 6.216487123407822e-05, '3': 2.545255896805766e-09}
 Missing cell prob  {'4': 8.661086885809162e-16, '1': 0.0003108243561703911, '2': 0.0003108243561703911, '3': 3.04823758224131e-11}
 Missing cell prob  {'4': 6.8631145370102644e-18, '1': 4.973189698726259e-07, '2': 4.973189698726259e-07, '3': 2.8653250073989616e-15}
 Missing cell prob  {'4': 1.0274214318291117e-19, '1': 7.623822569071904e-05, '2': 7.623822569071904e-05, '3': 8.869165853371079e-14}
 Missing cell prob  {'4': 1.3990508947203621e-18, '1': 6.0990580552575235e-05, '2': 6.0990580552575235e-05, '3': 2.962275226781063e-11}
 Missing cell prob  {'4': 4.413922167369468e-19, '1': 9.529778211339882e-05, '2': 9.529778211339882e-05, '3': 1.590784935503604e-10}
 Missing cell prob  {'4': 1.272058469713635e-20, '1': 9.43911404818244e-06, '2': 9.43911404818244e-06, '3': 9.256887889750413e-13}
 Missing cell prob  {'4': 3.4482939235378435e-19, '1': 5.166537281590036e-05, '2': 5.166537281590036e-05, '3': 8.457889646411695e-18}
 Missing cell prob  {'4': 1.3150994327412629e-20, '1': 4.832942395450505e-05, '2': 4.832942395450505e-05, '3': 2.784520909900086e-13}
 Missing cell prob  {'4': 3.383155858564679e-21, '1': 1.2432974246815645e-05, '2': 1.2432974246815645e-05, '3': 2.9204929435815927e-15}
 Missing cell prob  {'4': 1.0274214318291115e-19, '1': 0.00037757362464457063, '2': 0.00037757362464457063, '3': 1.0521047993561444e-15}
 Missing cell prob  {'4': 6.299933174180263e-22, '1': 3.940795302788277e-05, '2': 3.940795302788277e-05, '3': 6.736323482260867e-07}
 Missing cell prob  {'4': 3.149966587090131e-21, '1': 3.9785517589810055e-05, '2': 3.9785517589810055e-05, '3': 9.570100984037918e-11}
 Missing cell prob  {'4': 4.051719454848867e-21, '1': 0.0012552093615224116, '2': 0.0012552093615224116, '3': 7.231943663867506e-12}
 Missing cell prob  {'4': 4.390427784711143e-28, '1': 0.001998539343546786, '2': 0.001998539343546786, '3': 5.568908148780268e-15}
 Missing cell prob  {'4': 2.471264783336651e-33, '1': 1.6141497560220788e-05, '2': 1.6141497560220788e-05, '3': 2.642446916596237e-18}
 Missing cell prob  {'4': 1.4525087497152639e-24, '1': 7.659324435388288e-06, '2': 7.659324435388288e-06, '3': 8.910466911680276e-15}
 Missing cell prob  {'4': 2.7587013546059165e-18, '1': 2.42831528258118e-05, '2': 2.42831528258118e-05, '3': 4.808503924495507e-13}
 Missing cell prob  {'4': 3.54607882287495e-27, '1': 7.806794310729634e-06, '2': 7.806794310729634e-06, '3': 4.497918704344366e-14}
 Missing cell prob  {'4': 1.0033171593055873e-17, '1': 0.005166537281590035, '2': 0.005166537281590035, '3': 1.0230679258490199e-10}
 Missing cell prob  {'4': 2.6542740631312454e-26, '1': 1.1798892560228045e-05, '2': 1.1798892560228045e-05, '3': 3.2877485818531567e-17}
 Missing cell prob  {'4': 1.538032705060629e-24, '1': 4.016669956871719e-05, '2': 4.016669956871719e-05, '3': 1.9508720526344385e-11}
 Missing cell prob  {'4': 1.1843798642262145e-22, '1': 2.5462731257478437e-05, '2': 2.5462731257478437e-05, '3': 2.9622041247201306e-14}
 Missing cell prob  {'4': 1.748771642472176e-19, '1': 0.0001297649075929522, '2': 0.0001297649075929522, '3': 7.476461935568878e-13}
 Missing cell prob  {'4': 4.0320540109195512e-19, '1': 1.4470015236098478e-07, '2': 1.4470015236098478e-07, '3': 1.1962626230047405e-12}
 Missing cell prob  {'4': 7.160107061766058e-24, '1': 7.623639578142524e-06, '2': 7.623639578142524e-06, '3': 2.9893182911485348e-21}
 Missing cell prob  {'4': 9.565818531675315e-25, '1': 2.4981741794334813e-05, '2': 2.4981741794334813e-05, '3': 1.4393339853901965e-13}
 Missing cell prob  {'4': 9.749995358013465e-23, '1': 0.0025462731257478444, '2': 0.0025462731257478444, '3': 2.9622041247201314e-12}
 Missing cell prob  {'4': 1.7480310549745932e-28, '1': 0.00016066679827486877, '2': 0.00016066679827486877, '3': 4.476962863105157e-16}
 Missing cell prob  {'4': 6.299933174180262e-22, '1': 9.439114048182438e-08, '2': 9.439114048182438e-08, '3': 1.302619139124548e-18}
 Missing cell prob  {'4': 6.730457605816651e-28, '1': 1.4817295601764844e-06, '2': 1.4817295601764844e-06, '3': 4.897816648144198e-20}
 Timepoint  2
 Timepoint  3
SortedDict({2: {'5': ['0', '1', '2', '3', '4', '5', '6', '7', '8', '9', '10', '11', '12', '13', '14', '15', '16', '17', '18', '19', '20', '21', '22', '23', '24', '25', '26', '27', '28', '29', '30', '31', '32', '33', '34', '35', '36', '37', '38', '39', '40', '41', '42', '43', '44', '45', '46', '47', '48', '49', '50', '51', '52', '53', '54', '55', '56', '57', '58', '59', '60', '61', '62', '63', '64', '65', '66', '67', '68'], '3': ['69', '70', '71', '72', '73', '74', '75', '76', '77', '78', '79', '80', '81', '82', '83', '84', '85', '86', '87', '88', '89', '90', '91', '92', '93', '94', '95', '96', '97', '98', '99']}, 3: {'3': ['100', '101', '102', '103', '104', '105', '106', '107', '108', '109', '110', '111', '112', '113', '114', '115', '116', '117', '118', '119', '120', '121', '122', '123', '124', '125', '126', '127', '128', '129', '131', '132', '133', '134', '135', '136', '137', '138', '139', '140', '141', '142', '143', '145', '146', '147', '148', '149', '150', '151', '152', '153', '154', '155', '156', '157', '158', '159', '160', '161', '162', '163', '164', '165', '282', '130'], '4': ['144'], '2': ['169', '173', '178', '179', '181', '189', '193', '195', '199', '204', '209', '213', '222', '237', '246', '251', '273', '310', '314', '315', '318', '338', '339', '353', '356', '361', '364', '366', '370', '380', '385', '387', '389', '396', '400', '412', '414', '415', '418', '421', '444', '448', '473', '481', '483', '495', '496', '504', '507', '510', '516', '546', '564', '590', '598'], '1': ['167', '168', '171', '174', '180', '182', '183', '184', '185', '187', '190', '191', '194', '196', '197', '198', '202', '203', '205', '208', '211', '215', '216', '217', '218', '219', '224', '225', '226', '227', '231', '232', '233', '234', '235', '236', '238', '239', '240', '241', '243', '245', '247', '248', '249', '256', '257', '258', '260', '261', '262', '263', '265', '267', '268', '269', '270', '271', '272', '274', '275', '277', '278', '280', '284', '285', '286', '288', '289', '290', '291', '292', '293', '295', '297', '300', '301', '302', '303', '304', '307', '308', '309', '311', '312', '313', '316', '319', '322', '323', '324', '325', '326', '327', '328', '330', '331', '332', '333', '335', '337', '340', '342', '343', '344', '345', '347', '348', '349', '350', '352', '355', '357', '358', '359', '363', '365', '367', '369', '372', '373', '375', '376', '377', '378', '381', '383', '384', '391', '392', '393', '394', '395', '397', '398', '402', '403', '404', '406', '408', '413', '417', '422', '424', '425', '426', '428', '430', '431', '432', '433', '439', '440', '441', '442', '447', '450', '451', '452', '454', '457', '458', '461', '462', '463', '464', '466', '467', '469', '470', '472', '474', '475', '476', '478', '482', '484', '486', '488', '489', '491', '492', '493', '498', '501', '502', '503', '505', '506', '508', '509', '511', '512', '513', '514', '518', '520', '523', '524', '525', '526', '527', '528', '529', '531', '532', '533', '534', '540', '544', '545', '548', '549', '553', '554', '555', '556', '560', '562', '563', '565', '566', '567', '568', '569', '570', '571', '573', '574', '575', '578', '579', '580', '581', '582', '584', '585', '586', '587', '589', '593', '594', '596', '515', '517', '519', '521', '522', '530', '535', '536', '537', '538', '539', '541', '542', '543', '547', '550', '551', '552', '557', '558', '559', '561', '572', '576', '577', '583', '588', '591', '592', '595', '597', '599', '166', '170', '172', '175', '176', '177', '186', '188', '192', '200', '201', '206', '207', '210', '212', '214', '220', '221', '223', '228', '229', '230', '242', '244', '250', '252', '253', '254', '255', '259', '264', '266', '276', '279', '281', '283', '287', '294', '296', '298', '299', '305', '306', '317', '320', '321', '329', '334', '336', '341', '346', '351', '354', '360', '362', '368', '371', '374', '379', '382', '386', '388', '390', '399', '401', '405', '407', '409', '410', '411', '416', '419', '420', '423', '427', '429', '434', '435', '436', '437', '438', '443', '445', '446', '449', '453', '455', '456', '459', '460', '465', '468', '471', '477', '479', '480', '485', '487', '490', '494', '497', '499', '500']}})
 Cluster1  2
 Cluster to drop  1
 After reassigning and merging cells 
 Timepoint  2
 Cluster  5  # of cells  69
 Cluster  3  # of cells  31
 Timepoint  3
 Cluster  3  # of cells  66
 Cluster  4  # of cells  1
 Cluster  2  # of cells  433
 Tp cluster cell dict  {'5_2': 69, '3_2': 31, '3_3': 66, '4_3': 1, '2_3': 433}
 New Graph is here 
 ID  0  Timepoint  1  Mutations  []  Type  subclone
 ID  1  Timepoint  2  Mutations  [5, 6, 7, 8, 9, 10, 11, 12, 13, 14, 15, 16, 17, 18, 19, 20, 21, 22, 23, 24, 25, 26, 27, 28, 29, 30, 31]  Type  subclone
 ID  2  Timepoint  2  Mutations  [5, 6, 7, 8, 9, 10, 11, 12, 13, 14, 15, 16, 17, 32, 33, 34, 35, 36, 37]  Type  subclone
 ID  3  Timepoint  3  Mutations  [5, 6, 7, 8, 9, 10, 11, 12, 13, 14, 15, 16, 17, 32, 33, 34, 35, 36, 37]  Type  subclone
 ID  4  Timepoint  3  Mutations  [3, 6, 10, 12, 13, 14, 15, 16, 17, 19, 21, 23, 25, 30, 33, 34, 37, 43, 46]  Type  subclone
 ID  5  Timepoint  3  Mutations  [5, 6, 7, 8, 9, 10, 11, 12, 13, 14, 15, 16, 17, 32, 33, 34, 35, 36, 37, 38, 39, 40, 41, 42, 43, 44, 45, 46]  Type  subclone
Timepoints  SortedDict({1: [0], 2: [1, 2], 3: [3, 4, 5]})
 Clone to nodes  {'5_2': 1, '3_2': 2, '3_3': 3, '4_3': 4, '2_3': 5}
 Timepoint ====  1
 Hash table  {'0,1': [5, 6, 7, 8, 9, 10, 11, 12, 13, 14, 15, 16, 17], '0': [18, 19, 20, 21, 22, 23, 24, 25, 26, 27, 28, 29, 30, 31], '1': [32, 33, 34, 35, 36, 37]}
 Final possible usc  [[5, 6, 7, 8, 9, 10, 11, 12, 13, 14, 15, 16, 17], [18, 19, 20, 21, 22, 23, 24, 25, 26, 27, 28, 29, 30, 31], [32, 33, 34, 35, 36, 37]]
 Time  1  USC keys  {'18,19,20,21,22,23,24,25,26,27,28,29,30,31_0', '32,33,34,35,36,37_0', '5,6,7,8,9,10,11,12,13,14,15,16,17_0'}
 USC children  {'5,6,7,8,9,10,11,12,13,14,15,16,17_0': [1, 2], '18,19,20,21,22,23,24,25,26,27,28,29,30,31_0': [1], '32,33,34,35,36,37_0': [2]}
 USC children  {'5,6,7,8,9,10,11,12,13,14,15,16,17_0': [1, 2], '18,19,20,21,22,23,24,25,26,27,28,29,30,31_0': [1], '32,33,34,35,36,37_0': [2]}
 Timepoint ====  2
 Hash table  {'0': [3, 19, 21, 23, 25, 30], '0,1': [6, 10, 12, 13, 14, 15, 16, 17, 33, 34, 37, 43, 46], '1': [5, 7, 8, 9, 11, 32, 35, 36, 38, 39, 40, 41, 42, 44, 45]}
====== Inside find superset of t nodes ==========
 Final possible usc  []
 Time  2  USC keys  set()
 USC children  {'5,6,7,8,9,10,11,12,13,14,15,16,17_0': [1, 2], '18,19,20,21,22,23,24,25,26,27,28,29,30,31_0': [1], '32,33,34,35,36,37_0': [2]}
 USC children  {'5,6,7,8,9,10,11,12,13,14,15,16,17_0': [1, 2], '18,19,20,21,22,23,24,25,26,27,28,29,30,31_0': [1], '32,33,34,35,36,37_0': [2]}
 Node s  {'1,2': ['5', '6', '7', '8', '9', '10', '11', '12', '13', '14', '15', '16', '17']}
 Enroll USC nodes  ['1', '2']  len  2
 Node TP  SortedDict({1: [0], 2: [1, 2], 3: [3, 4, 5]})
 Unobserved subclones at timepoints  {1.5: [6]}
 ============== Inside finding node v ============ 
 Time  2
 Time  3
 largest_v_mut  []
 largest_v_mut  [[5, 6, 7, 8, 9, 10, 11, 12, 13, 14, 15, 16, 17, 32, 33, 34, 35, 36, 37]]
 Sorted all timepoints  [1, 1.5, 2, 3]
 Timepoint  2
 Inside usc_node check  2
 Timepoint  3
 Node  4  has no parent 
 USC nodes  []
 Node with minimum mutation sets  {1: 14, 2: 8}
0   1   [-1]   subclone   []   []
1   2   [6]   subclone   [5, 6, 7, 8, 9, 10, 11, 12, 13, 14, 15, 16, 17, 18, 19, 20, 21, 22, 23, 24, 25, 26, 27, 28, 29, 30, 31]   [14]
2   2   [6]   subclone   [5, 6, 7, 8, 9, 10, 11, 12, 13, 14, 15, 16, 17, 32, 33, 34, 35, 36, 37]   [6]
3   3   [2]   subclone   [5, 6, 7, 8, 9, 10, 11, 12, 13, 14, 15, 16, 17, 32, 33, 34, 35, 36, 37]   [0]
4   3   [2]   subclone   [3, 6, 10, 12, 13, 14, 15, 16, 17, 19, 21, 23, 25, 30, 33, 34, 37, 43, 46]   [8]
5   3   [2]   subclone   [5, 6, 7, 8, 9, 10, 11, 12, 13, 14, 15, 16, 17, 32, 33, 34, 35, 36, 37, 38, 39, 40, 41, 42, 43, 44, 45, 46]   [9]
6   1.5   [0]   unobserved subclone   [5, 6, 7, 8, 9, 10, 11, 12, 13, 14, 15, 16, 17]   [13]
 List of tree files  ['all_trees/mp3_rep4_m1_tree.csv', 'all_trees/mp3_rep4_m2_tree.csv', 'all_trees/mp3_rep4_m3_tree.csv', 'all_trees/mp3_rep4_m4_tree.csv', 'all_trees/mp3_rep4_m5_tree.csv']
{'1': ['5', '6', '7', '8', '9', '10', '11', '12', '13', '14', '15', '16', '17', '18', '19', '20', '21', '22', '23', '24', '25', '26', '27', '28', '29', '30', '31'], '2': ['5', '6', '7', '8', '9', '10', '11', '12', '13', '14', '15', '16', '17', '32', '33', '34', '35', '36', '37'], '3': ['5', '6', '7', '8', '9', '10', '11', '12', '13', '14', '15', '16', '17', '32', '33', '34', '35', '36', '37'], '4': ['6', '12', '13', '14', '15', '16', '17', '19', '21', '22', '23', '25', '27', '31', '33', '34', '37', '41', '46'], '5': ['5', '6', '7', '8', '9', '10', '11', '12', '13', '14', '15', '16', '17', '32', '33', '34', '35', '36', '37', '38', '39', '40', '41', '42', '43', '44', '45', '46'], '6': ['5', '6', '7', '8', '9', '10', '11', '12', '13', '14', '15', '16', '17']}
 Actual mutation of  1   ['23', '20', '31', '19', '27', '28', '30', '22', '24', '29', '18', '26', '25', '21']
 Actual mutation of  2   ['36', '34', '35', '37', '33', '32']
 Actual mutation of  3   []
 Actual mutation of  4   ['23', '31', '46', '19', '27', '41', '22', '25', '21']
 Actual mutation of  5   ['42', '43', '44', '46', '40', '41', '38', '45', '39']
 Updated node mutation  {'1': ['23', '20', '31', '19', '27', '28', '30', '22', '24', '29', '18', '26', '25', '21'], '2': ['36', '34', '35', '37', '33', '32'], '3': [], '4': ['23', '31', '46', '19', '27', '41', '22', '25', '21'], '5': ['42', '43', '44', '46', '40', '41', '38', '45', '39'], '6': ['5', '6', '7', '8', '9', '10', '11', '12', '13', '14', '15', '16', '17']}
{'1': ['5', '6', '7', '8', '9', '10', '11', '12', '13', '14', '15', '16', '17', '18', '19', '20', '21', '22', '23', '24', '25', '26', '27', '28', '29', '30', '31'], '2': ['5', '6', '7', '8', '9', '10', '11', '12', '13', '14', '15', '16', '17', '32', '33', '34', '35', '36', '37'], '3': ['5', '6', '7', '8', '9', '10', '11', '12', '13', '14', '15', '16', '17', '32', '33', '34', '35', '36', '37'], '4': ['3', '6', '10', '12', '13', '14', '16', '17', '21', '30', '33', '34', '37', '43'], '5': ['5', '6', '7', '8', '9', '10', '11', '12', '13', '14', '15', '16', '17', '32', '33', '34', '35', '36', '37', '38', '39', '40', '41', '42', '43', '44', '45', '46'], '6': ['5', '6', '7', '8', '9', '10', '11', '12', '13', '14', '15', '16', '17']}
 Actual mutation of  1   ['23', '20', '31', '19', '27', '28', '30', '22', '24', '29', '18', '26', '25', '21']
 Actual mutation of  2   ['36', '34', '35', '37', '33', '32']
 Actual mutation of  3   []
 Actual mutation of  4   ['30', '3', '21', '43']
 Actual mutation of  5   ['42', '43', '44', '46', '40', '41', '38', '45', '39']
 Updated node mutation  {'1': ['23', '20', '31', '19', '27', '28', '30', '22', '24', '29', '18', '26', '25', '21'], '2': ['36', '34', '35', '37', '33', '32'], '3': [], '4': ['30', '3', '21', '43'], '5': ['42', '43', '44', '46', '40', '41', '38', '45', '39'], '6': ['5', '6', '7', '8', '9', '10', '11', '12', '13', '14', '15', '16', '17']}
{'1': ['5', '6', '7', '8', '9', '10', '11', '12', '13', '14', '15', '16', '17', '18', '19', '20', '21', '22', '23', '24', '25', '26', '27', '28', '29', '30', '31'], '2': ['5', '6', '7', '8', '9', '10', '11', '12', '13', '14', '15', '16', '17', '32', '33', '34', '35', '36', '37'], '3': ['5', '6', '7', '8', '9', '10', '11', '12', '13', '14', '15', '16', '17', '32', '33', '34', '35', '36', '37'], '4': ['4', '10', '12', '13', '14', '15', '16', '17', '19', '21', '23', '25', '33', '37'], '5': ['5', '6', '7', '8', '9', '10', '11', '12', '13', '14', '15', '16', '17', '32', '33', '34', '35', '36', '37', '38', '39', '40', '41', '42', '43', '44', '45', '46'], '6': ['5', '6', '7', '8', '9', '10', '11', '12', '13', '14', '15', '16', '17']}
 Actual mutation of  1   ['23', '20', '31', '19', '27', '28', '30', '22', '24', '29', '18', '26', '25', '21']
 Actual mutation of  2   ['36', '34', '35', '37', '33', '32']
 Actual mutation of  3   []
 Actual mutation of  4   ['23', '19', '4', '25', '21']
 Actual mutation of  5   ['42', '43', '44', '46', '40', '41', '38', '45', '39']
 Updated node mutation  {'1': ['23', '20', '31', '19', '27', '28', '30', '22', '24', '29', '18', '26', '25', '21'], '2': ['36', '34', '35', '37', '33', '32'], '3': [], '4': ['23', '19', '4', '25', '21'], '5': ['42', '43', '44', '46', '40', '41', '38', '45', '39'], '6': ['5', '6', '7', '8', '9', '10', '11', '12', '13', '14', '15', '16', '17']}
{'1': ['5', '6', '7', '8', '9', '10', '11', '12', '13', '14', '15', '16', '17', '18', '19', '20', '21', '22', '23', '24', '25', '26', '27', '28', '29', '30', '31'], '2': ['5', '6', '7', '8', '9', '10', '11', '12', '13', '14', '15', '16', '17', '32', '33', '34', '35', '36', '37'], '3': ['5', '6', '7', '8', '9', '10', '11', '12', '13', '14', '15', '16', '17', '32', '33', '34', '35', '36', '37'], '4': ['3', '6', '10', '12', '13', '14', '15', '16', '17', '21', '28', '33', '37', '41'], '5': ['5', '6', '7', '8', '9', '10', '11', '12', '13', '14', '15', '16', '17', '32', '33', '34', '35', '36', '37', '38', '39', '40', '41', '42', '43', '44', '45', '46'], '6': ['5', '6', '7', '8', '9', '10', '11', '12', '13', '14', '15', '16', '17']}
 Actual mutation of  1   ['23', '20', '31', '19', '27', '28', '30', '22', '24', '29', '18', '26', '25', '21']
 Actual mutation of  2   ['36', '34', '35', '37', '33', '32']
 Actual mutation of  3   []
 Actual mutation of  4   ['28', '3', '41', '21']
 Actual mutation of  5   ['42', '43', '44', '46', '40', '41', '38', '45', '39']
 Updated node mutation  {'1': ['23', '20', '31', '19', '27', '28', '30', '22', '24', '29', '18', '26', '25', '21'], '2': ['36', '34', '35', '37', '33', '32'], '3': [], '4': ['28', '3', '41', '21'], '5': ['42', '43', '44', '46', '40', '41', '38', '45', '39'], '6': ['5', '6', '7', '8', '9', '10', '11', '12', '13', '14', '15', '16', '17']}
{'1': ['5', '6', '7', '8', '9', '10', '11', '12', '13', '14', '15', '16', '17', '18', '19', '20', '21', '22', '23', '24', '25', '26', '27', '28', '29', '30', '31'], '2': ['5', '6', '7', '8', '9', '10', '11', '12', '13', '14', '15', '16', '17', '32', '33', '34', '35', '36', '37'], '3': ['5', '6', '7', '8', '9', '10', '11', '12', '13', '14', '15', '16', '17', '32', '33', '34', '35', '36', '37'], '4': ['3', '6', '10', '12', '13', '14', '15', '16', '17', '19', '21', '23', '25', '30', '33', '34', '37', '43', '46'], '5': ['5', '6', '7', '8', '9', '10', '11', '12', '13', '14', '15', '16', '17', '32', '33', '34', '35', '36', '37', '38', '39', '40', '41', '42', '43', '44', '45', '46'], '6': ['5', '6', '7', '8', '9', '10', '11', '12', '13', '14', '15', '16', '17']}
 Actual mutation of  1   ['23', '20', '31', '19', '27', '28', '30', '22', '24', '29', '18', '26', '25', '21']
 Actual mutation of  2   ['36', '34', '35', '37', '33', '32']
 Actual mutation of  3   []
 Actual mutation of  4   ['23', '43', '46', '19', '30', '3', '25', '21']
 Actual mutation of  5   ['42', '43', '44', '46', '40', '41', '38', '45', '39']
 Updated node mutation  {'1': ['23', '20', '31', '19', '27', '28', '30', '22', '24', '29', '18', '26', '25', '21'], '2': ['36', '34', '35', '37', '33', '32'], '3': [], '4': ['23', '43', '46', '19', '30', '3', '25', '21'], '5': ['42', '43', '44', '46', '40', '41', '38', '45', '39'], '6': ['5', '6', '7', '8', '9', '10', '11', '12', '13', '14', '15', '16', '17']}
 Parallel mutation count  {'m1': 9, 'm2': 3, 'm3': 4, 'm4': 3, 'm5': 7}
 Clusters with least parallel mutations  ['m2', 'm4']
 Cluster nos for each run  {'m2': 8, 'm4': 5}
 Run  m4
 Base path  ['mp3', 'rep4', 'm1', 'tree.csv']
 Best tree path  mp3_rep4_m4_tree.csv
