7
 Total estimated FP  62  True negatives  6502
 Total estimated FN  974  True positives  3982
 Estimated FP rate  0.01533
 Estimated FN rate  0.13
 No. of Cells in each cluster  {'4_2': 59, '4_3': 295, '3_3': 1, '5_3': 1, '6_3': 1, '2_3': 1, '1_2': 41, '1_3': 201}
 Cells in each cluster  {'4_2': [0, 1, 2, 3, 4, 5, 6, 7, 8, 9, 10, 11, 12, 13, 14, 15, 16, 17, 18, 19, 20, 21, 22, 23, 24, 25, 26, 27, 28, 29, 30, 31, 32, 33, 34, 35, 36, 37, 38, 39, 40, 41, 42, 43, 44, 45, 46, 47, 48, 49, 50, 51, 52, 53, 54, 55, 56, 57, 58], '4_3': [304, 306, 307, 308, 309, 310, 311, 312, 313, 314, 315, 316, 317, 318, 319, 320, 321, 322, 323, 324, 325, 326, 327, 328, 329, 330, 331, 332, 333, 334, 335, 336, 337, 338, 339, 340, 341, 342, 343, 344, 345, 346, 347, 348, 349, 350, 351, 352, 353, 354, 355, 356, 357, 358, 359, 360, 361, 362, 363, 364, 365, 366, 367, 368, 369, 370, 371, 372, 373, 374, 375, 376, 377, 378, 379, 380, 381, 382, 383, 384, 385, 386, 387, 388, 389, 390, 391, 392, 393, 394, 395, 396, 397, 398, 399, 400, 401, 402, 403, 404, 405, 406, 407, 408, 409, 410, 411, 412, 413, 414, 415, 416, 417, 418, 419, 420, 421, 422, 423, 424, 425, 426, 427, 428, 429, 430, 431, 432, 433, 434, 435, 436, 437, 438, 439, 440, 441, 442, 443, 444, 445, 446, 447, 448, 449, 450, 451, 452, 453, 454, 455, 456, 457, 458, 459, 460, 461, 462, 463, 464, 465, 466, 467, 468, 469, 470, 471, 472, 473, 474, 475, 476, 477, 478, 479, 480, 481, 482, 483, 484, 485, 486, 487, 488, 489, 490, 491, 492, 493, 494, 495, 496, 497, 498, 499, 500, 501, 502, 503, 504, 505, 506, 507, 508, 509, 510, 511, 512, 513, 514, 515, 516, 517, 518, 519, 520, 521, 522, 523, 524, 525, 526, 527, 528, 529, 530, 531, 532, 533, 534, 535, 536, 537, 538, 539, 540, 541, 542, 543, 544, 545, 546, 547, 548, 549, 550, 551, 552, 553, 554, 555, 556, 557, 558, 559, 560, 561, 562, 563, 564, 565, 566, 567, 568, 569, 570, 571, 572, 573, 574, 575, 576, 577, 578, 579, 580, 581, 582, 583, 584, 585, 586, 587, 588, 589, 590, 591, 592, 593, 594, 595, 596, 597, 598, 599], '3_3': [163], '5_3': [279], '6_3': [291], '2_3': [305], '1_2': [59, 61, 63, 66, 67, 68, 73, 75, 76, 80, 82, 85, 87, 92, 95, 60, 62, 64, 65, 69, 70, 71, 72, 74, 77, 78, 79, 81, 83, 84, 86, 88, 89, 90, 91, 93, 94, 96, 97, 98, 99], '1_3': [102, 103, 104, 107, 108, 110, 114, 116, 121, 125, 128, 129, 130, 135, 138, 141, 143, 145, 146, 147, 152, 154, 157, 159, 160, 165, 167, 168, 169, 170, 173, 176, 177, 181, 185, 195, 198, 200, 206, 208, 218, 222, 226, 228, 232, 233, 235, 239, 242, 244, 249, 251, 253, 255, 256, 260, 261, 262, 266, 268, 271, 278, 280, 281, 282, 286, 287, 288, 290, 296, 298, 301, 100, 101, 105, 106, 109, 111, 112, 113, 115, 117, 118, 119, 120, 122, 123, 124, 126, 127, 131, 132, 133, 134, 136, 137, 139, 140, 142, 144, 148, 149, 150, 151, 153, 155, 156, 158, 161, 162, 164, 166, 171, 172, 174, 175, 178, 179, 180, 182, 183, 184, 186, 187, 188, 189, 190, 191, 192, 193, 194, 196, 197, 199, 201, 202, 203, 204, 205, 207, 209, 210, 211, 212, 213, 214, 215, 216, 217, 219, 220, 221, 223, 224, 225, 227, 229, 230, 231, 234, 236, 237, 238, 240, 241, 243, 245, 246, 247, 248, 250, 252, 254, 257, 258, 259, 263, 264, 265, 267, 269, 270, 272, 273, 274, 275, 276, 277, 283, 284, 285, 289, 292, 293, 294, 295, 297, 299, 300, 302, 303]}
FP rate  0.01533 FN rate  0.13
 Before reassigning cells 
 Timepoint  2
 Cluster  4  # of cells  59
 Cluster  1  # of cells  41
 Timepoint  3
 Cluster  4  # of cells  295
 Cluster  3  # of cells  1
 Cluster  5  # of cells  1
 Cluster  6  # of cells  3
 Cluster  2  # of cells  1
 Cluster  1  # of cells  199
 Cells absent at timepoint  2   set()
 Cells absent at timepoint  3   set()
 Timepoint  2
 Timepoint  3
SortedDict({2: {'4': ['0', '1', '2', '3', '4', '5', '6', '7', '8', '9', '10', '11', '12', '13', '14', '15', '16', '17', '18', '19', '20', '21', '22', '23', '24', '25', '26', '27', '28', '29', '30', '31', '32', '33', '34', '35', '36', '37', '38', '39', '40', '41', '42', '43', '44', '45', '46', '47', '48', '49', '50', '51', '52', '53', '54', '55', '56', '57', '58'], '1': ['59', '60', '61', '62', '63', '64', '65', '66', '67', '68', '69', '70', '71', '72', '73', '74', '75', '76', '77', '78', '79', '80', '81', '82', '83', '84', '85', '86', '87', '88', '89', '90', '91', '92', '93', '94', '95', '96', '97', '98', '99']}, 3: {'4': ['304', '306', '307', '308', '309', '310', '311', '312', '313', '314', '315', '316', '317', '318', '319', '320', '321', '322', '323', '324', '325', '326', '327', '328', '329', '330', '331', '332', '333', '334', '335', '336', '337', '338', '339', '340', '341', '342', '343', '344', '345', '346', '347', '348', '349', '350', '351', '352', '353', '354', '355', '356', '357', '358', '359', '360', '361', '362', '363', '364', '365', '366', '367', '368', '369', '370', '371', '372', '373', '374', '375', '376', '377', '378', '379', '380', '381', '382', '383', '384', '385', '386', '387', '388', '389', '390', '391', '392', '393', '394', '395', '396', '397', '398', '399', '400', '401', '402', '403', '404', '405', '406', '407', '408', '409', '410', '411', '412', '413', '414', '415', '416', '417', '418', '419', '420', '421', '422', '423', '424', '425', '426', '427', '428', '429', '430', '431', '432', '433', '434', '435', '436', '437', '438', '439', '440', '441', '442', '443', '444', '445', '446', '447', '448', '449', '450', '451', '452', '453', '454', '455', '456', '457', '458', '459', '460', '461', '462', '463', '464', '465', '466', '467', '468', '469', '470', '471', '472', '473', '474', '475', '476', '477', '478', '479', '480', '481', '482', '483', '484', '485', '486', '487', '488', '489', '490', '491', '492', '493', '494', '495', '496', '497', '498', '499', '500', '501', '502', '503', '504', '505', '506', '507', '508', '509', '510', '511', '512', '513', '514', '515', '516', '517', '518', '519', '520', '521', '522', '523', '524', '525', '526', '527', '528', '529', '530', '531', '532', '533', '534', '535', '536', '537', '538', '539', '540', '541', '542', '543', '544', '545', '546', '547', '548', '549', '550', '551', '552', '553', '554', '555', '556', '557', '558', '559', '560', '561', '562', '563', '564', '565', '566', '567', '568', '569', '570', '571', '572', '573', '574', '575', '576', '577', '578', '579', '580', '581', '582', '583', '584', '585', '586', '587', '588', '589', '590', '591', '592', '593', '594', '595', '596', '597', '598', '599'], '3': ['163'], '5': ['279'], '6': ['118', '256', '291'], '2': ['305'], '1': ['100', '101', '102', '103', '104', '105', '106', '107', '108', '109', '110', '111', '112', '113', '114', '115', '116', '117', '119', '120', '121', '122', '123', '124', '125', '126', '127', '128', '129', '130', '131', '132', '133', '134', '135', '136', '137', '138', '139', '140', '141', '142', '143', '144', '145', '146', '147', '148', '149', '150', '151', '152', '153', '154', '155', '156', '157', '158', '159', '160', '161', '162', '164', '165', '166', '167', '168', '169', '170', '171', '172', '173', '174', '175', '176', '177', '178', '179', '180', '181', '182', '183', '184', '185', '186', '187', '188', '189', '190', '191', '192', '193', '194', '195', '196', '197', '198', '199', '200', '201', '202', '203', '204', '205', '206', '207', '208', '209', '210', '211', '212', '213', '214', '215', '216', '217', '218', '219', '220', '221', '222', '223', '224', '225', '226', '227', '228', '229', '230', '231', '232', '233', '234', '235', '236', '237', '238', '239', '240', '241', '242', '243', '244', '245', '246', '247', '248', '249', '250', '251', '252', '253', '254', '255', '257', '258', '259', '260', '261', '262', '263', '264', '265', '266', '267', '268', '269', '270', '271', '272', '273', '274', '275', '276', '277', '278', '280', '281', '282', '283', '284', '285', '286', '287', '288', '289', '290', '292', '293', '294', '295', '296', '297', '298', '299', '300', '301', '302', '303']}})
 Cluster1  6
 Cluster to drop  1
 After reassigning and merging cells 
 Timepoint  2
 Cluster  4  # of cells  59
 Cluster  1  # of cells  41
 Timepoint  3
 Cluster  4  # of cells  295
 Cluster  3  # of cells  1
 Cluster  5  # of cells  1
 Cluster  6  # of cells  202
 Cluster  2  # of cells  1
 Tp cluster cell dict  {'4_2': 59, '1_2': 41, '4_3': 295, '3_3': 1, '5_3': 1, '6_3': 202, '2_3': 1}
 New Graph is here 
 ID  0  Timepoint  1  Mutations  []  Type  subclone
 ID  1  Timepoint  2  Mutations  [3, 4, 5]  Type  subclone
 ID  2  Timepoint  2  Mutations  [3, 4, 5, 6, 7, 8, 9, 10, 11, 12, 13, 14, 15, 16, 17, 18, 19, 20, 21, 22, 23]  Type  subclone
 ID  3  Timepoint  3  Mutations  [3, 4, 5]  Type  subclone
 ID  4  Timepoint  3  Mutations  [3, 4, 5, 8, 10, 11, 14, 16, 21, 22]  Type  subclone
 ID  5  Timepoint  3  Mutations  [2, 5, 6, 7, 8, 13, 14, 15, 16, 20, 21]  Type  subclone
 ID  6  Timepoint  3  Mutations  [3, 4, 5, 6, 7, 8, 9, 10, 11, 12, 13, 14, 15, 16, 17, 18, 19, 20, 21, 22, 23]  Type  subclone
 ID  7  Timepoint  3  Mutations  [3, 4, 5, 8, 11, 19, 23]  Type  subclone
Timepoints  SortedDict({1: [0], 2: [1, 2], 3: [3, 4, 5, 6, 7]})
 Clone to nodes  {'4_2': 1, '1_2': 2, '4_3': 3, '3_3': 4, '5_3': 5, '6_3': 6, '2_3': 7}
 Timepoint ====  1
 Hash table  {'0,1': [3, 4, 5], '1': [6, 7, 8, 9, 10, 11, 12, 13, 14, 15, 16, 17, 18, 19, 20, 21, 22, 23]}
 Final possible usc  [[3, 4, 5], [6, 7, 8, 9, 10, 11, 12, 13, 14, 15, 16, 17, 18, 19, 20, 21, 22, 23]]
 Time  1  USC keys  {'6,7,8,9,10,11,12,13,14,15,16,17,18,19,20,21,22,23_0', '3,4,5_0'}
 USC children  {'3,4,5_0': [1, 2], '6,7,8,9,10,11,12,13,14,15,16,17,18,19,20,21,22,23_0': [2]}
 USC children  {'3,4,5_0': [1, 2], '6,7,8,9,10,11,12,13,14,15,16,17,18,19,20,21,22,23_0': [2]}
 Timepoint ====  2
 Hash table  {'0,2': [3, 4, 11], '0,1,2': [5, 8], '0': [10, 22], '0,1': [14, 16, 21], '1': [2, 6, 7, 13, 15, 20], '2': [19, 23]}
====== Inside find superset of t nodes ==========
 Final possible usc  []
 Time  2  USC keys  set()
 USC children  {'3,4,5_0': [1, 2], '6,7,8,9,10,11,12,13,14,15,16,17,18,19,20,21,22,23_0': [2]}
 USC children  {'3,4,5_0': [1, 2], '6,7,8,9,10,11,12,13,14,15,16,17,18,19,20,21,22,23_0': [2]}
 Node s  {'1,2': ['3', '4', '5']}
 Enroll USC nodes  ['1', '2']  len  2
 Node TP  SortedDict({1: [0], 2: [1, 2], 3: [3, 4, 5, 6, 7]})
 Unobserved subclones at timepoints  {1.5: [8]}
 ============== Inside finding node v ============ 
 Time  2
 Time  3
 largest_v_mut  [[3, 4, 5]]
 largest_v_mut  []
 largest_v_mut  [[3, 4, 5]]
 Sorted all timepoints  [1, 1.5, 2, 3]
 Timepoint  2
 Inside usc_node check  2
 Timepoint  3
 Node  5  has no parent 
 USC nodes  []
 Node with minimum mutation sets  {1: 2, 2: 11}
0   1   [-1]   subclone   []   []
1   2   [8]   subclone   [3, 4, 5]   [0]
2   2   [8]   subclone   [3, 4, 5, 6, 7, 8, 9, 10, 11, 12, 13, 14, 15, 16, 17, 18, 19, 20, 21, 22, 23]   [18]
3   3   [1]   subclone   [3, 4, 5]   [0]
4   3   [1]   subclone   [3, 4, 5, 8, 10, 11, 14, 16, 21, 22]   [7]
5   3   [1]   subclone   [2, 5, 6, 7, 8, 13, 14, 15, 16, 20, 21]   [10]
6   3   [2]   subclone   [3, 4, 5, 6, 7, 8, 9, 10, 11, 12, 13, 14, 15, 16, 17, 18, 19, 20, 21, 22, 23]   [0]
7   3   [1]   subclone   [3, 4, 5, 8, 11, 19, 23]   [4]
8   1.5   [0]   unobserved subclone   [3, 4, 5]   [3]
7
 Total estimated FP  62  True negatives  6502
 Total estimated FN  974  True positives  3982
 Estimated FP rate  0.01533
 Estimated FN rate  0.13
 No. of Cells in each cluster  {'1_2': 59, '1_3': 295, '5_3': 1, '6_3': 1, '4_3': 1, '2_3': 1, '3_2': 41, '3_3': 201}
 Cells in each cluster  {'1_2': [0, 1, 2, 3, 4, 5, 6, 7, 8, 9, 10, 11, 12, 13, 14, 15, 16, 17, 18, 19, 20, 21, 22, 23, 24, 25, 26, 27, 28, 29, 30, 31, 32, 33, 34, 35, 36, 37, 38, 39, 40, 41, 42, 43, 44, 45, 46, 47, 48, 49, 50, 51, 52, 53, 54, 55, 56, 57, 58], '1_3': [304, 306, 307, 308, 309, 310, 311, 312, 313, 314, 315, 316, 317, 318, 319, 320, 321, 322, 323, 324, 325, 326, 327, 328, 329, 330, 331, 332, 333, 334, 335, 336, 337, 338, 339, 340, 341, 342, 343, 344, 345, 346, 347, 348, 349, 350, 351, 352, 353, 354, 355, 356, 357, 358, 359, 360, 361, 362, 363, 364, 365, 366, 367, 368, 369, 370, 371, 372, 373, 374, 375, 376, 377, 378, 379, 380, 381, 382, 383, 384, 385, 386, 387, 388, 389, 390, 391, 392, 393, 394, 395, 396, 397, 398, 399, 400, 401, 402, 403, 404, 405, 406, 407, 408, 409, 410, 411, 412, 413, 414, 415, 416, 417, 418, 419, 420, 421, 422, 423, 424, 425, 426, 427, 428, 429, 430, 431, 432, 433, 434, 435, 436, 437, 438, 439, 440, 441, 442, 443, 444, 445, 446, 447, 448, 449, 450, 451, 452, 453, 454, 455, 456, 457, 458, 459, 460, 461, 462, 463, 464, 465, 466, 467, 468, 469, 470, 471, 472, 473, 474, 475, 476, 477, 478, 479, 480, 481, 482, 483, 484, 485, 486, 487, 488, 489, 490, 491, 492, 493, 494, 495, 496, 497, 498, 499, 500, 501, 502, 503, 504, 505, 506, 507, 508, 509, 510, 511, 512, 513, 514, 515, 516, 517, 518, 519, 520, 521, 522, 523, 524, 525, 526, 527, 528, 529, 530, 531, 532, 533, 534, 535, 536, 537, 538, 539, 540, 541, 542, 543, 544, 545, 546, 547, 548, 549, 550, 551, 552, 553, 554, 555, 556, 557, 558, 559, 560, 561, 562, 563, 564, 565, 566, 567, 568, 569, 570, 571, 572, 573, 574, 575, 576, 577, 578, 579, 580, 581, 582, 583, 584, 585, 586, 587, 588, 589, 590, 591, 592, 593, 594, 595, 596, 597, 598, 599], '5_3': [163], '6_3': [279], '4_3': [291], '2_3': [305], '3_2': [59, 60, 62, 63, 64, 65, 68, 69, 70, 71, 72, 74, 76, 77, 78, 79, 81, 82, 83, 84, 85, 86, 88, 89, 90, 91, 93, 94, 95, 96, 97, 98, 99, 61, 66, 67, 73, 75, 80, 87, 92], '3_3': [100, 101, 102, 104, 105, 106, 109, 110, 111, 112, 115, 117, 118, 119, 120, 122, 123, 124, 125, 126, 127, 128, 129, 131, 132, 133, 134, 136, 137, 139, 140, 142, 143, 144, 146, 147, 148, 149, 150, 151, 152, 153, 154, 155, 156, 157, 158, 160, 161, 162, 164, 165, 166, 168, 170, 171, 172, 173, 174, 175, 176, 177, 178, 179, 180, 181, 182, 183, 184, 185, 186, 187, 188, 189, 190, 191, 192, 193, 194, 196, 197, 199, 201, 202, 203, 204, 205, 206, 207, 208, 209, 210, 211, 212, 213, 214, 215, 216, 217, 218, 219, 220, 221, 223, 224, 225, 227, 228, 229, 230, 231, 233, 234, 236, 237, 238, 239, 240, 241, 243, 245, 246, 247, 248, 249, 250, 252, 253, 254, 257, 258, 259, 260, 262, 263, 264, 265, 267, 268, 269, 270, 271, 272, 273, 274, 275, 276, 277, 278, 280, 282, 283, 284, 285, 286, 287, 288, 289, 290, 292, 293, 294, 295, 296, 297, 299, 300, 301, 302, 303, 103, 107, 108, 113, 114, 116, 121, 130, 135, 138, 141, 145, 159, 167, 169, 195, 198, 200, 222, 226, 232, 235, 242, 244, 251, 255, 256, 261, 266, 281, 298]}
FP rate  0.01533 FN rate  0.13
 Before reassigning cells 
 Timepoint  2
 Cluster  1  # of cells  59
 Cluster  3  # of cells  41
 Timepoint  3
 Cluster  1  # of cells  295
 Cluster  5  # of cells  1
 Cluster  6  # of cells  1
 Cluster  4  # of cells  2
 Cluster  2  # of cells  1
 Cluster  3  # of cells  200
 Cells absent at timepoint  2   set()
 Cells absent at timepoint  3   set()
 Timepoint  2
 Timepoint  3
 After reassigning and merging cells 
 Timepoint  2
 Cluster  1  # of cells  59
 Cluster  3  # of cells  41
 Timepoint  3
 Cluster  1  # of cells  295
 Cluster  5  # of cells  1
 Cluster  6  # of cells  1
 Cluster  4  # of cells  2
 Cluster  2  # of cells  1
 Cluster  3  # of cells  200
 Tp cluster cell dict  {'1_2': 59, '3_2': 41, '1_3': 295, '5_3': 1, '6_3': 1, '4_3': 2, '2_3': 1, '3_3': 200}
 New Graph is here 
 ID  0  Timepoint  1  Mutations  []  Type  subclone
 ID  1  Timepoint  2  Mutations  [3, 4, 5]  Type  subclone
 ID  2  Timepoint  2  Mutations  [3, 4, 5, 6, 7, 8, 9, 10, 11, 12, 13, 14, 15, 16, 17, 18, 19, 20, 21, 22, 23]  Type  subclone
 ID  3  Timepoint  3  Mutations  [3, 4, 5]  Type  subclone
 ID  4  Timepoint  3  Mutations  [3, 4, 5, 8, 10, 11, 12, 14, 16, 21, 22]  Type  subclone
 ID  5  Timepoint  3  Mutations  [6, 7, 8, 13, 14, 15, 16, 20, 21, 22]  Type  subclone
 ID  6  Timepoint  3  Mutations  [2, 3, 4, 5, 6, 7, 8, 9, 10, 11, 12, 13, 14, 15, 16, 17, 18, 19, 20, 21, 22, 23]  Type  subclone
 ID  7  Timepoint  3  Mutations  [2, 3, 4, 5, 8, 13, 19, 20, 22, 23]  Type  subclone
 ID  8  Timepoint  3  Mutations  [3, 4, 5, 6, 7, 8, 9, 10, 11, 12, 13, 14, 15, 16, 17, 18, 19, 20, 21, 22, 23]  Type  subclone
Timepoints  SortedDict({1: [0], 2: [1, 2], 3: [3, 4, 5, 6, 7, 8]})
 Clone to nodes  {'1_2': 1, '3_2': 2, '1_3': 3, '5_3': 4, '6_3': 5, '4_3': 6, '2_3': 7, '3_3': 8}
 Timepoint ====  1
 Hash table  {'0,1': [3, 4, 5], '1': [6, 7, 8, 9, 10, 11, 12, 13, 14, 15, 16, 17, 18, 19, 20, 21, 22, 23]}
 Final possible usc  [[3, 4, 5], [6, 7, 8, 9, 10, 11, 12, 13, 14, 15, 16, 17, 18, 19, 20, 21, 22, 23]]
 Time  1  USC keys  {'3,4,5_0', '6,7,8,9,10,11,12,13,14,15,16,17,18,19,20,21,22,23_0'}
 USC children  {'3,4,5_0': [1, 2], '6,7,8,9,10,11,12,13,14,15,16,17,18,19,20,21,22,23_0': [2]}
 USC children  {'3,4,5_0': [1, 2], '6,7,8,9,10,11,12,13,14,15,16,17,18,19,20,21,22,23_0': [2]}
 Timepoint ====  2
 Hash table  {'0,2,3': [3, 4, 5], '0,1,2,3': [8, 22], '0,2': [10, 11, 12], '0,1,2': [14, 16, 21], '1,2': [6, 7, 15], '1,2,3': [13, 20], '2,3': [2, 19, 23], '2': [9, 17, 18]}
====== Inside find superset of t nodes ==========
 Final possible usc  []
 Time  2  USC keys  set()
 USC children  {'3,4,5_0': [1, 2], '6,7,8,9,10,11,12,13,14,15,16,17,18,19,20,21,22,23_0': [2]}
 USC children  {'3,4,5_0': [1, 2], '6,7,8,9,10,11,12,13,14,15,16,17,18,19,20,21,22,23_0': [2]}
 Node s  {'1,2': ['3', '4', '5']}
 Enroll USC nodes  ['1', '2']  len  2
 Node TP  SortedDict({1: [0], 2: [1, 2], 3: [3, 4, 5, 6, 7, 8]})
 Unobserved subclones at timepoints  {1.5: [9]}
 ============== Inside finding node v ============ 
 Time  2
 Time  3
 largest_v_mut  [[3, 4, 5]]
 largest_v_mut  []
 largest_v_mut  [[3, 4, 5, 6, 7, 8, 9, 10, 11, 12, 13, 14, 15, 16, 17, 18, 19, 20, 21, 22, 23]]
 largest_v_mut  [[3, 4, 5]]
 Sorted all timepoints  [1, 1.5, 2, 3]
 Timepoint  2
 Inside usc_node check  2
 Timepoint  3
 Node  5  has no parent 
 USC nodes  []
 Node with minimum mutation sets  {1: 3, 2: 11}
0   1   [-1]   subclone   []   []
1   2   [9]   subclone   [3, 4, 5]   [0]
2   2   [9]   subclone   [3, 4, 5, 6, 7, 8, 9, 10, 11, 12, 13, 14, 15, 16, 17, 18, 19, 20, 21, 22, 23]   [18]
3   3   [1]   subclone   [3, 4, 5]   [0]
4   3   [1]   subclone   [3, 4, 5, 8, 10, 11, 12, 14, 16, 21, 22]   [8]
5   3   [1]   subclone   [6, 7, 8, 13, 14, 15, 16, 20, 21, 22]   [10]
6   3   [2]   subclone   [2, 3, 4, 5, 6, 7, 8, 9, 10, 11, 12, 13, 14, 15, 16, 17, 18, 19, 20, 21, 22, 23]   [1]
7   3   [1]   subclone   [2, 3, 4, 5, 8, 13, 19, 20, 22, 23]   [7]
8   3   [2]   subclone   [3, 4, 5, 6, 7, 8, 9, 10, 11, 12, 13, 14, 15, 16, 17, 18, 19, 20, 21, 22, 23]   [0]
9   1.5   [0]   unobserved subclone   [3, 4, 5]   [3]
9
 Total estimated FP  63  True negatives  6513
 Total estimated FN  963  True positives  3981
 Estimated FP rate  0.01558
 Estimated FN rate  0.13
 No. of Cells in each cluster  {'8_2': 1, '5_3': 1, '6_3': 1, '2_3': 1, '4_3': 1, '1_3': 296, '1_2': 59, '0_2': 40, '0_3': 200}
 Cells in each cluster  {'8_2': [76], '5_3': [163], '6_3': [202], '2_3': [279], '4_3': [291], '1_3': [305, 346, 424, 460, 484, 304, 306, 307, 308, 309, 310, 311, 312, 313, 314, 315, 316, 317, 318, 319, 320, 321, 322, 323, 324, 325, 326, 327, 328, 329, 330, 331, 332, 333, 334, 335, 336, 337, 338, 339, 340, 341, 342, 343, 344, 345, 347, 348, 349, 350, 351, 352, 353, 354, 355, 356, 357, 358, 359, 360, 361, 362, 363, 364, 365, 366, 367, 368, 369, 370, 371, 372, 373, 374, 375, 376, 377, 378, 379, 380, 381, 382, 383, 384, 385, 386, 387, 388, 389, 390, 391, 392, 393, 394, 395, 396, 397, 398, 399, 400, 401, 402, 403, 404, 405, 406, 407, 408, 409, 410, 411, 412, 413, 414, 415, 416, 417, 418, 419, 420, 421, 422, 423, 425, 426, 427, 428, 429, 430, 431, 432, 433, 434, 435, 436, 437, 438, 439, 440, 441, 442, 443, 444, 445, 446, 447, 448, 449, 450, 451, 452, 453, 454, 455, 456, 457, 458, 459, 461, 462, 463, 464, 465, 466, 467, 468, 469, 470, 471, 472, 473, 474, 475, 476, 477, 478, 479, 480, 481, 482, 483, 485, 486, 487, 488, 489, 490, 491, 492, 493, 494, 495, 496, 497, 498, 499, 500, 501, 502, 503, 504, 505, 506, 507, 508, 509, 510, 511, 512, 513, 514, 515, 516, 517, 518, 519, 520, 521, 522, 523, 524, 525, 526, 527, 528, 529, 530, 531, 532, 533, 534, 535, 536, 537, 538, 539, 540, 541, 542, 543, 544, 545, 546, 547, 548, 549, 550, 551, 552, 553, 554, 555, 556, 557, 558, 559, 560, 561, 562, 563, 564, 565, 566, 567, 568, 569, 570, 571, 572, 573, 574, 575, 576, 577, 578, 579, 580, 581, 582, 583, 584, 585, 586, 587, 588, 589, 590, 591, 592, 593, 594, 595, 596, 597, 598, 599], '1_2': [0, 1, 2, 3, 4, 5, 6, 7, 8, 9, 10, 11, 12, 13, 14, 15, 16, 17, 18, 19, 20, 21, 22, 23, 24, 25, 26, 27, 28, 29, 30, 31, 32, 33, 34, 35, 36, 37, 38, 39, 40, 41, 42, 43, 44, 45, 46, 47, 48, 49, 50, 51, 52, 53, 54, 55, 56, 57, 58], '0_2': [61, 66, 67, 75, 80, 82, 87, 92, 59, 60, 62, 63, 64, 65, 68, 69, 70, 71, 72, 73, 74, 77, 78, 79, 81, 83, 84, 85, 86, 88, 89, 90, 91, 93, 94, 95, 96, 97, 98, 99], '0_3': [103, 107, 108, 110, 114, 116, 130, 135, 138, 141, 145, 146, 159, 167, 169, 195, 198, 200, 222, 226, 232, 235, 242, 251, 261, 262, 266, 278, 281, 290, 100, 101, 102, 104, 105, 106, 109, 111, 112, 113, 115, 117, 118, 119, 120, 121, 122, 123, 124, 125, 126, 127, 128, 129, 131, 132, 133, 134, 136, 137, 139, 140, 142, 143, 144, 147, 148, 149, 150, 151, 152, 153, 154, 155, 156, 157, 158, 160, 161, 162, 164, 165, 166, 168, 170, 171, 172, 173, 174, 175, 176, 177, 178, 179, 180, 181, 182, 183, 184, 185, 186, 187, 188, 189, 190, 191, 192, 193, 194, 196, 197, 199, 201, 203, 204, 205, 206, 207, 208, 209, 210, 211, 212, 213, 214, 215, 216, 217, 218, 219, 220, 221, 223, 224, 225, 227, 228, 229, 230, 231, 233, 234, 236, 237, 238, 239, 240, 241, 243, 244, 245, 246, 247, 248, 249, 250, 252, 253, 254, 255, 256, 257, 258, 259, 260, 263, 264, 265, 267, 268, 269, 270, 271, 272, 273, 274, 275, 276, 277, 280, 282, 283, 284, 285, 286, 287, 288, 289, 292, 293, 294, 295, 296, 297, 298, 299, 300, 301, 302, 303]}
FP rate  0.01558 FN rate  0.13
 Before reassigning cells 
 Timepoint  2
 Cluster  8  # of cells  1
 Cluster  1  # of cells  59
 Cluster  0  # of cells  40
 Timepoint  3
 Cluster  5  # of cells  2
 Cluster  6  # of cells  7
 Cluster  2  # of cells  1
 Cluster  4  # of cells  4
 Cluster  1  # of cells  296
 Cluster  0  # of cells  190
 Cells absent at timepoint  2   set()
 Cells absent at timepoint  3   set()
 Timepoint  2
 Timepoint  3
SortedDict({2: {'8': ['76'], '1': ['0', '1', '2', '3', '4', '5', '6', '7', '8', '9', '10', '11', '12', '13', '14', '15', '16', '17', '18', '19', '20', '21', '22', '23', '24', '25', '26', '27', '28', '29', '30', '31', '32', '33', '34', '35', '36', '37', '38', '39', '40', '41', '42', '43', '44', '45', '46', '47', '48', '49', '50', '51', '52', '53', '54', '55', '56', '57', '58'], '0': ['59', '60', '61', '62', '63', '64', '65', '66', '67', '68', '69', '70', '71', '72', '73', '74', '75', '77', '78', '79', '80', '81', '82', '83', '84', '85', '86', '87', '88', '89', '90', '91', '92', '93', '94', '95', '96', '97', '98', '99']}, 3: {'5': ['163', '255'], '6': ['153', '202', '250', '257', '277', '285', '293'], '2': ['279'], '4': ['218', '256', '280', '291'], '1': ['304', '305', '306', '307', '308', '309', '310', '311', '312', '313', '314', '315', '316', '317', '318', '319', '320', '321', '322', '323', '324', '325', '326', '327', '328', '329', '330', '331', '332', '333', '334', '335', '336', '337', '338', '339', '340', '341', '342', '343', '344', '345', '346', '347', '348', '349', '350', '351', '352', '353', '354', '355', '356', '357', '358', '359', '360', '361', '362', '363', '364', '365', '366', '367', '368', '369', '370', '371', '372', '373', '374', '375', '376', '377', '378', '379', '380', '381', '382', '383', '384', '385', '386', '387', '388', '389', '390', '391', '392', '393', '394', '395', '396', '397', '398', '399', '400', '401', '402', '403', '404', '405', '406', '407', '408', '409', '410', '411', '412', '413', '414', '415', '416', '417', '418', '419', '420', '421', '422', '423', '424', '425', '426', '427', '428', '429', '430', '431', '432', '433', '434', '435', '436', '437', '438', '439', '440', '441', '442', '443', '444', '445', '446', '447', '448', '449', '450', '451', '452', '453', '454', '455', '456', '457', '458', '459', '460', '461', '462', '463', '464', '465', '466', '467', '468', '469', '470', '471', '472', '473', '474', '475', '476', '477', '478', '479', '480', '481', '482', '483', '484', '485', '486', '487', '488', '489', '490', '491', '492', '493', '494', '495', '496', '497', '498', '499', '500', '501', '502', '503', '504', '505', '506', '507', '508', '509', '510', '511', '512', '513', '514', '515', '516', '517', '518', '519', '520', '521', '522', '523', '524', '525', '526', '527', '528', '529', '530', '531', '532', '533', '534', '535', '536', '537', '538', '539', '540', '541', '542', '543', '544', '545', '546', '547', '548', '549', '550', '551', '552', '553', '554', '555', '556', '557', '558', '559', '560', '561', '562', '563', '564', '565', '566', '567', '568', '569', '570', '571', '572', '573', '574', '575', '576', '577', '578', '579', '580', '581', '582', '583', '584', '585', '586', '587', '588', '589', '590', '591', '592', '593', '594', '595', '596', '597', '598', '599'], '0': ['100', '101', '102', '103', '104', '105', '106', '107', '108', '109', '110', '111', '112', '113', '114', '115', '116', '117', '118', '119', '120', '121', '122', '123', '124', '125', '126', '127', '128', '129', '130', '131', '132', '133', '134', '135', '136', '137', '138', '139', '140', '141', '142', '143', '144', '145', '146', '147', '148', '149', '150', '151', '152', '154', '155', '156', '157', '158', '159', '160', '161', '162', '164', '165', '166', '167', '168', '169', '170', '171', '172', '173', '174', '175', '176', '177', '178', '179', '180', '181', '182', '183', '184', '185', '186', '187', '188', '189', '190', '191', '192', '193', '194', '195', '196', '197', '198', '199', '200', '201', '203', '204', '205', '206', '207', '208', '209', '210', '211', '212', '213', '214', '215', '216', '217', '219', '220', '221', '222', '223', '224', '225', '226', '227', '228', '229', '230', '231', '232', '233', '234', '235', '236', '237', '238', '239', '240', '241', '242', '243', '244', '245', '246', '247', '248', '249', '251', '252', '253', '254', '258', '259', '260', '261', '262', '263', '264', '265', '266', '267', '268', '269', '270', '271', '272', '273', '274', '275', '276', '278', '281', '282', '283', '284', '286', '287', '288', '289', '290', '292', '294', '295', '296', '297', '298', '299', '300', '301', '302', '303']}})
 Cluster1  5
SortedDict({2: {'8': ['76'], '1': ['0', '1', '2', '3', '4', '5', '6', '7', '8', '9', '10', '11', '12', '13', '14', '15', '16', '17', '18', '19', '20', '21', '22', '23', '24', '25', '26', '27', '28', '29', '30', '31', '32', '33', '34', '35', '36', '37', '38', '39', '40', '41', '42', '43', '44', '45', '46', '47', '48', '49', '50', '51', '52', '53', '54', '55', '56', '57', '58'], '0': ['59', '60', '61', '62', '63', '64', '65', '66', '67', '68', '69', '70', '71', '72', '73', '74', '75', '77', '78', '79', '80', '81', '82', '83', '84', '85', '86', '87', '88', '89', '90', '91', '92', '93', '94', '95', '96', '97', '98', '99']}, 3: {'5': ['163', '255', '153', '202', '250', '257', '277', '285', '293'], '6': ['153', '202', '250', '257', '277', '285', '293'], '2': ['279'], '4': ['218', '256', '280', '291'], '1': ['304', '305', '306', '307', '308', '309', '310', '311', '312', '313', '314', '315', '316', '317', '318', '319', '320', '321', '322', '323', '324', '325', '326', '327', '328', '329', '330', '331', '332', '333', '334', '335', '336', '337', '338', '339', '340', '341', '342', '343', '344', '345', '346', '347', '348', '349', '350', '351', '352', '353', '354', '355', '356', '357', '358', '359', '360', '361', '362', '363', '364', '365', '366', '367', '368', '369', '370', '371', '372', '373', '374', '375', '376', '377', '378', '379', '380', '381', '382', '383', '384', '385', '386', '387', '388', '389', '390', '391', '392', '393', '394', '395', '396', '397', '398', '399', '400', '401', '402', '403', '404', '405', '406', '407', '408', '409', '410', '411', '412', '413', '414', '415', '416', '417', '418', '419', '420', '421', '422', '423', '424', '425', '426', '427', '428', '429', '430', '431', '432', '433', '434', '435', '436', '437', '438', '439', '440', '441', '442', '443', '444', '445', '446', '447', '448', '449', '450', '451', '452', '453', '454', '455', '456', '457', '458', '459', '460', '461', '462', '463', '464', '465', '466', '467', '468', '469', '470', '471', '472', '473', '474', '475', '476', '477', '478', '479', '480', '481', '482', '483', '484', '485', '486', '487', '488', '489', '490', '491', '492', '493', '494', '495', '496', '497', '498', '499', '500', '501', '502', '503', '504', '505', '506', '507', '508', '509', '510', '511', '512', '513', '514', '515', '516', '517', '518', '519', '520', '521', '522', '523', '524', '525', '526', '527', '528', '529', '530', '531', '532', '533', '534', '535', '536', '537', '538', '539', '540', '541', '542', '543', '544', '545', '546', '547', '548', '549', '550', '551', '552', '553', '554', '555', '556', '557', '558', '559', '560', '561', '562', '563', '564', '565', '566', '567', '568', '569', '570', '571', '572', '573', '574', '575', '576', '577', '578', '579', '580', '581', '582', '583', '584', '585', '586', '587', '588', '589', '590', '591', '592', '593', '594', '595', '596', '597', '598', '599'], '0': ['100', '101', '102', '103', '104', '105', '106', '107', '108', '109', '110', '111', '112', '113', '114', '115', '116', '117', '118', '119', '120', '121', '122', '123', '124', '125', '126', '127', '128', '129', '130', '131', '132', '133', '134', '135', '136', '137', '138', '139', '140', '141', '142', '143', '144', '145', '146', '147', '148', '149', '150', '151', '152', '154', '155', '156', '157', '158', '159', '160', '161', '162', '164', '165', '166', '167', '168', '169', '170', '171', '172', '173', '174', '175', '176', '177', '178', '179', '180', '181', '182', '183', '184', '185', '186', '187', '188', '189', '190', '191', '192', '193', '194', '195', '196', '197', '198', '199', '200', '201', '203', '204', '205', '206', '207', '208', '209', '210', '211', '212', '213', '214', '215', '216', '217', '219', '220', '221', '222', '223', '224', '225', '226', '227', '228', '229', '230', '231', '232', '233', '234', '235', '236', '237', '238', '239', '240', '241', '242', '243', '244', '245', '246', '247', '248', '249', '251', '252', '253', '254', '258', '259', '260', '261', '262', '263', '264', '265', '266', '267', '268', '269', '270', '271', '272', '273', '274', '275', '276', '278', '281', '282', '283', '284', '286', '287', '288', '289', '290', '292', '294', '295', '296', '297', '298', '299', '300', '301', '302', '303']}})
 Cluster1  5
SortedDict({2: {'8': ['76'], '1': ['0', '1', '2', '3', '4', '5', '6', '7', '8', '9', '10', '11', '12', '13', '14', '15', '16', '17', '18', '19', '20', '21', '22', '23', '24', '25', '26', '27', '28', '29', '30', '31', '32', '33', '34', '35', '36', '37', '38', '39', '40', '41', '42', '43', '44', '45', '46', '47', '48', '49', '50', '51', '52', '53', '54', '55', '56', '57', '58'], '0': ['59', '60', '61', '62', '63', '64', '65', '66', '67', '68', '69', '70', '71', '72', '73', '74', '75', '77', '78', '79', '80', '81', '82', '83', '84', '85', '86', '87', '88', '89', '90', '91', '92', '93', '94', '95', '96', '97', '98', '99']}, 3: {'5': ['163', '255', '153', '202', '250', '257', '277', '285', '293', '218', '256', '280', '291'], '6': ['153', '202', '250', '257', '277', '285', '293'], '2': ['279'], '4': ['218', '256', '280', '291'], '1': ['304', '305', '306', '307', '308', '309', '310', '311', '312', '313', '314', '315', '316', '317', '318', '319', '320', '321', '322', '323', '324', '325', '326', '327', '328', '329', '330', '331', '332', '333', '334', '335', '336', '337', '338', '339', '340', '341', '342', '343', '344', '345', '346', '347', '348', '349', '350', '351', '352', '353', '354', '355', '356', '357', '358', '359', '360', '361', '362', '363', '364', '365', '366', '367', '368', '369', '370', '371', '372', '373', '374', '375', '376', '377', '378', '379', '380', '381', '382', '383', '384', '385', '386', '387', '388', '389', '390', '391', '392', '393', '394', '395', '396', '397', '398', '399', '400', '401', '402', '403', '404', '405', '406', '407', '408', '409', '410', '411', '412', '413', '414', '415', '416', '417', '418', '419', '420', '421', '422', '423', '424', '425', '426', '427', '428', '429', '430', '431', '432', '433', '434', '435', '436', '437', '438', '439', '440', '441', '442', '443', '444', '445', '446', '447', '448', '449', '450', '451', '452', '453', '454', '455', '456', '457', '458', '459', '460', '461', '462', '463', '464', '465', '466', '467', '468', '469', '470', '471', '472', '473', '474', '475', '476', '477', '478', '479', '480', '481', '482', '483', '484', '485', '486', '487', '488', '489', '490', '491', '492', '493', '494', '495', '496', '497', '498', '499', '500', '501', '502', '503', '504', '505', '506', '507', '508', '509', '510', '511', '512', '513', '514', '515', '516', '517', '518', '519', '520', '521', '522', '523', '524', '525', '526', '527', '528', '529', '530', '531', '532', '533', '534', '535', '536', '537', '538', '539', '540', '541', '542', '543', '544', '545', '546', '547', '548', '549', '550', '551', '552', '553', '554', '555', '556', '557', '558', '559', '560', '561', '562', '563', '564', '565', '566', '567', '568', '569', '570', '571', '572', '573', '574', '575', '576', '577', '578', '579', '580', '581', '582', '583', '584', '585', '586', '587', '588', '589', '590', '591', '592', '593', '594', '595', '596', '597', '598', '599'], '0': ['100', '101', '102', '103', '104', '105', '106', '107', '108', '109', '110', '111', '112', '113', '114', '115', '116', '117', '118', '119', '120', '121', '122', '123', '124', '125', '126', '127', '128', '129', '130', '131', '132', '133', '134', '135', '136', '137', '138', '139', '140', '141', '142', '143', '144', '145', '146', '147', '148', '149', '150', '151', '152', '154', '155', '156', '157', '158', '159', '160', '161', '162', '164', '165', '166', '167', '168', '169', '170', '171', '172', '173', '174', '175', '176', '177', '178', '179', '180', '181', '182', '183', '184', '185', '186', '187', '188', '189', '190', '191', '192', '193', '194', '195', '196', '197', '198', '199', '200', '201', '203', '204', '205', '206', '207', '208', '209', '210', '211', '212', '213', '214', '215', '216', '217', '219', '220', '221', '222', '223', '224', '225', '226', '227', '228', '229', '230', '231', '232', '233', '234', '235', '236', '237', '238', '239', '240', '241', '242', '243', '244', '245', '246', '247', '248', '249', '251', '252', '253', '254', '258', '259', '260', '261', '262', '263', '264', '265', '266', '267', '268', '269', '270', '271', '272', '273', '274', '275', '276', '278', '281', '282', '283', '284', '286', '287', '288', '289', '290', '292', '294', '295', '296', '297', '298', '299', '300', '301', '302', '303']}})
 Cluster1  5
 Cluster to drop  6
 Cluster to drop  4
 Cluster to drop  0
 After reassigning and merging cells 
 Timepoint  2
 Cluster  8  # of cells  1
 Cluster  1  # of cells  59
 Cluster  0  # of cells  40
 Timepoint  3
 Cluster  5  # of cells  203
 Cluster  2  # of cells  1
 Cluster  1  # of cells  296
 Tp cluster cell dict  {'8_2': 1, '1_2': 59, '0_2': 40, '5_3': 203, '2_3': 1, '1_3': 296}
 New Graph is here 
 ID  0  Timepoint  1  Mutations  []  Type  subclone
 ID  1  Timepoint  2  Mutations  [5, 7, 8, 9, 11, 12, 13, 14, 15, 17, 19, 22, 23]  Type  subclone
 ID  2  Timepoint  2  Mutations  [3, 4, 5]  Type  subclone
 ID  3  Timepoint  2  Mutations  [3, 4, 5, 6, 7, 8, 9, 10, 11, 12, 13, 14, 15, 16, 17, 18, 19, 20, 21, 22, 23]  Type  subclone
 ID  4  Timepoint  3  Mutations  [3, 4, 5, 6, 7, 8, 9, 10, 11, 12, 13, 14, 15, 16, 17, 18, 19, 20, 21, 22, 23]  Type  subclone
 ID  5  Timepoint  3  Mutations  [6, 7, 8, 13, 14, 15, 16, 20, 21, 22]  Type  subclone
 ID  6  Timepoint  3  Mutations  [3, 4, 5]  Type  subclone
Timepoints  SortedDict({1: [0], 2: [1, 2, 3], 3: [4, 5, 6]})
 Clone to nodes  {'8_2': 1, '1_2': 2, '0_2': 3, '5_3': 4, '2_3': 5, '1_3': 6}
 Timepoint ====  1
 Hash table  {'0,1,2': [5], '0,2': [7, 8, 9, 11, 12, 13, 14, 15, 17, 19, 22, 23], '1,2': [3, 4], '2': [6, 10, 16, 18, 20, 21]}
 Final possible usc  [[5], [7, 8, 9, 11, 12, 13, 14, 15, 17, 19, 22, 23], [3, 4], [6, 10, 16, 18, 20, 21]]
 Time  1  USC keys  {'5_0', '6,10,16,18,20,21_0', '7,8,9,11,12,13,14,15,17,19,22,23_0', '3,4_0'}
 USC children  {'5_0': [1, 2, 3], '7,8,9,11,12,13,14,15,17,19,22,23_0': [1, 3], '3,4_0': [2, 3], '6,10,16,18,20,21_0': [3]}
 USC children  {'5_0': [1, 2, 3], '7,8,9,11,12,13,14,15,17,19,22,23_0': [1, 3], '3,4_0': [2, 3], '6,10,16,18,20,21_0': [3]}
 Timepoint ====  2
 Hash table  {'0': [6, 7, 8, 13, 14, 15, 16, 20, 21, 22]}
====== Inside find superset of t nodes ==========
 Final possible usc  []
 Time  2  USC keys  set()
 USC children  {'5_0': [1, 2, 3], '7,8,9,11,12,13,14,15,17,19,22,23_0': [1, 3], '3,4_0': [2, 3], '6,10,16,18,20,21_0': [3]}
 USC children  {'5_0': [1, 2, 3], '7,8,9,11,12,13,14,15,17,19,22,23_0': [1, 3], '3,4_0': [2, 3], '6,10,16,18,20,21_0': [3]}
 Node s  {'1,2,3': ['5']}
 Enroll USC nodes  ['1', '2', '3']  len  3
 Node TP  SortedDict({1: [0], 2: [1, 2, 3], 3: [4, 5, 6]})
 Unobserved subclones at timepoints  {1.5: [7]}
 ============== Inside finding node v ============ 
 Time  2
 Time  3
 largest_v_mut  []
 Sorted all timepoints  [1, 1.5, 2, 3]
 Timepoint  2
 Inside usc_node check  2
 Timepoint  3
 Node  5  has no parent 
 USC nodes  []
 Node with minimum mutation sets  {1: 7, 2: 3, 3: 11}
0   1   [-1]   subclone   []   []
1   2   [7]   subclone   [5, 7, 8, 9, 11, 12, 13, 14, 15, 17, 19, 22, 23]   [12]
2   2   [7]   subclone   [3, 4, 5]   [2]
3   2   [7]   subclone   [3, 4, 5, 6, 7, 8, 9, 10, 11, 12, 13, 14, 15, 16, 17, 18, 19, 20, 21, 22, 23]   [20]
4   3   [3]   subclone   [3, 4, 5, 6, 7, 8, 9, 10, 11, 12, 13, 14, 15, 16, 17, 18, 19, 20, 21, 22, 23]   [0]
5   3   [2]   subclone   [6, 7, 8, 13, 14, 15, 16, 20, 21, 22]   [10]
6   3   [2]   subclone   [3, 4, 5]   [0]
7   1.5   [0]   unobserved subclone   [5]   [1]
8
 Total estimated FP  64  True negatives  6502
 Total estimated FN  974  True positives  3980
 Estimated FP rate  0.01583
 Estimated FN rate  0.13
 No. of Cells in each cluster  {'7_3': 1, '5_3': 1, '6_3': 1, '2_2': 59, '2_3': 296, '4_3': 201, '4_2': 41}
 Cells in each cluster  {'7_3': [163], '5_3': [279], '6_3': [291], '2_2': [0, 1, 2, 3, 4, 5, 6, 7, 8, 9, 10, 11, 12, 13, 14, 15, 16, 17, 18, 19, 20, 21, 22, 23, 24, 25, 26, 27, 28, 29, 30, 31, 32, 33, 34, 35, 36, 37, 38, 39, 40, 41, 42, 43, 44, 45, 46, 47, 48, 49, 50, 51, 52, 53, 54, 55, 56, 57, 58], '2_3': [304, 306, 307, 308, 309, 310, 311, 312, 313, 314, 315, 316, 317, 318, 319, 320, 321, 322, 323, 324, 325, 326, 327, 328, 329, 330, 331, 332, 333, 334, 335, 336, 337, 338, 339, 340, 341, 342, 343, 344, 345, 347, 348, 349, 350, 351, 352, 353, 354, 355, 356, 357, 358, 359, 360, 361, 362, 363, 364, 365, 366, 367, 368, 369, 370, 371, 372, 373, 374, 375, 376, 377, 378, 379, 380, 381, 382, 383, 384, 385, 386, 387, 388, 389, 390, 391, 392, 393, 394, 395, 396, 397, 398, 399, 400, 401, 402, 403, 404, 405, 406, 407, 408, 409, 410, 411, 412, 413, 414, 415, 416, 417, 418, 419, 420, 421, 422, 423, 425, 426, 427, 428, 429, 430, 431, 432, 433, 434, 435, 436, 437, 438, 439, 440, 441, 442, 443, 444, 445, 446, 447, 448, 449, 450, 451, 452, 453, 454, 455, 456, 457, 458, 459, 461, 462, 463, 464, 465, 466, 467, 468, 469, 470, 471, 472, 473, 474, 475, 476, 477, 478, 479, 480, 481, 482, 483, 485, 486, 487, 488, 489, 490, 491, 492, 493, 494, 495, 496, 497, 498, 499, 500, 501, 502, 503, 504, 505, 506, 507, 508, 509, 510, 511, 512, 513, 514, 515, 516, 517, 518, 519, 520, 521, 522, 523, 524, 525, 526, 527, 528, 529, 530, 531, 532, 533, 534, 535, 536, 537, 538, 539, 540, 541, 542, 543, 544, 545, 546, 547, 548, 549, 550, 551, 552, 553, 554, 555, 556, 557, 558, 559, 560, 561, 562, 563, 564, 565, 566, 567, 568, 569, 570, 571, 572, 573, 574, 575, 576, 577, 578, 579, 580, 581, 582, 583, 584, 585, 586, 587, 588, 589, 590, 591, 592, 593, 594, 595, 596, 597, 598, 599, 305, 346, 424, 460, 484], '4_3': [113, 138, 167, 222, 235, 100, 101, 104, 105, 106, 109, 110, 111, 112, 115, 117, 118, 119, 120, 122, 123, 124, 125, 126, 127, 128, 129, 131, 132, 133, 134, 136, 137, 139, 140, 142, 143, 144, 147, 148, 149, 150, 151, 152, 153, 154, 155, 156, 157, 158, 160, 161, 162, 164, 165, 166, 168, 170, 171, 172, 173, 174, 175, 176, 177, 178, 179, 180, 181, 182, 183, 184, 185, 186, 187, 188, 189, 190, 191, 192, 193, 194, 196, 197, 199, 201, 202, 203, 204, 205, 206, 207, 208, 209, 210, 211, 212, 213, 214, 215, 216, 217, 218, 219, 220, 221, 223, 224, 225, 227, 228, 229, 230, 231, 233, 234, 236, 237, 238, 239, 240, 241, 243, 244, 245, 246, 247, 248, 249, 250, 252, 253, 254, 257, 258, 259, 260, 262, 263, 264, 265, 267, 268, 269, 270, 271, 272, 273, 274, 275, 276, 277, 278, 280, 282, 283, 284, 285, 286, 287, 288, 289, 290, 292, 293, 294, 295, 296, 297, 299, 300, 301, 302, 303, 102, 103, 107, 108, 114, 116, 121, 130, 135, 141, 145, 146, 159, 169, 195, 198, 200, 226, 232, 242, 251, 255, 256, 261, 266, 281, 298], '4_2': [60, 62, 63, 64, 65, 67, 68, 69, 70, 71, 72, 74, 77, 78, 79, 81, 82, 83, 84, 86, 88, 89, 90, 91, 93, 94, 95, 96, 97, 98, 99, 59, 61, 66, 73, 75, 76, 80, 85, 87, 92]}
FP rate  0.01583 FN rate  0.13
 Before reassigning cells 
 Timepoint  2
 Cluster  2  # of cells  59
 Cluster  4  # of cells  41
 Timepoint  3
 Cluster  7  # of cells  2
 Cluster  5  # of cells  1
 Cluster  6  # of cells  2
 Cluster  2  # of cells  296
 Cluster  4  # of cells  199
 Cells absent at timepoint  3   set()
 Cells absent at timepoint  2   set()
 Timepoint  2
 Timepoint  3
SortedDict({2: {'2': ['0', '1', '2', '3', '4', '5', '6', '7', '8', '9', '10', '11', '12', '13', '14', '15', '16', '17', '18', '19', '20', '21', '22', '23', '24', '25', '26', '27', '28', '29', '30', '31', '32', '33', '34', '35', '36', '37', '38', '39', '40', '41', '42', '43', '44', '45', '46', '47', '48', '49', '50', '51', '52', '53', '54', '55', '56', '57', '58'], '4': ['59', '60', '61', '62', '63', '64', '65', '66', '67', '68', '69', '70', '71', '72', '73', '74', '75', '76', '77', '78', '79', '80', '81', '82', '83', '84', '85', '86', '87', '88', '89', '90', '91', '92', '93', '94', '95', '96', '97', '98', '99']}, 3: {'7': ['113', '163'], '5': ['279'], '6': ['256', '291'], '2': ['304', '305', '306', '307', '308', '309', '310', '311', '312', '313', '314', '315', '316', '317', '318', '319', '320', '321', '322', '323', '324', '325', '326', '327', '328', '329', '330', '331', '332', '333', '334', '335', '336', '337', '338', '339', '340', '341', '342', '343', '344', '345', '346', '347', '348', '349', '350', '351', '352', '353', '354', '355', '356', '357', '358', '359', '360', '361', '362', '363', '364', '365', '366', '367', '368', '369', '370', '371', '372', '373', '374', '375', '376', '377', '378', '379', '380', '381', '382', '383', '384', '385', '386', '387', '388', '389', '390', '391', '392', '393', '394', '395', '396', '397', '398', '399', '400', '401', '402', '403', '404', '405', '406', '407', '408', '409', '410', '411', '412', '413', '414', '415', '416', '417', '418', '419', '420', '421', '422', '423', '424', '425', '426', '427', '428', '429', '430', '431', '432', '433', '434', '435', '436', '437', '438', '439', '440', '441', '442', '443', '444', '445', '446', '447', '448', '449', '450', '451', '452', '453', '454', '455', '456', '457', '458', '459', '460', '461', '462', '463', '464', '465', '466', '467', '468', '469', '470', '471', '472', '473', '474', '475', '476', '477', '478', '479', '480', '481', '482', '483', '484', '485', '486', '487', '488', '489', '490', '491', '492', '493', '494', '495', '496', '497', '498', '499', '500', '501', '502', '503', '504', '505', '506', '507', '508', '509', '510', '511', '512', '513', '514', '515', '516', '517', '518', '519', '520', '521', '522', '523', '524', '525', '526', '527', '528', '529', '530', '531', '532', '533', '534', '535', '536', '537', '538', '539', '540', '541', '542', '543', '544', '545', '546', '547', '548', '549', '550', '551', '552', '553', '554', '555', '556', '557', '558', '559', '560', '561', '562', '563', '564', '565', '566', '567', '568', '569', '570', '571', '572', '573', '574', '575', '576', '577', '578', '579', '580', '581', '582', '583', '584', '585', '586', '587', '588', '589', '590', '591', '592', '593', '594', '595', '596', '597', '598', '599'], '4': ['100', '101', '102', '103', '104', '105', '106', '107', '108', '109', '110', '111', '112', '114', '115', '116', '117', '118', '119', '120', '121', '122', '123', '124', '125', '126', '127', '128', '129', '130', '131', '132', '133', '134', '135', '136', '137', '138', '139', '140', '141', '142', '143', '144', '145', '146', '147', '148', '149', '150', '151', '152', '153', '154', '155', '156', '157', '158', '159', '160', '161', '162', '164', '165', '166', '167', '168', '169', '170', '171', '172', '173', '174', '175', '176', '177', '178', '179', '180', '181', '182', '183', '184', '185', '186', '187', '188', '189', '190', '191', '192', '193', '194', '195', '196', '197', '198', '199', '200', '201', '202', '203', '204', '205', '206', '207', '208', '209', '210', '211', '212', '213', '214', '215', '216', '217', '218', '219', '220', '221', '222', '223', '224', '225', '226', '227', '228', '229', '230', '231', '232', '233', '234', '235', '236', '237', '238', '239', '240', '241', '242', '243', '244', '245', '246', '247', '248', '249', '250', '251', '252', '253', '254', '255', '257', '258', '259', '260', '261', '262', '263', '264', '265', '266', '267', '268', '269', '270', '271', '272', '273', '274', '275', '276', '277', '278', '280', '281', '282', '283', '284', '285', '286', '287', '288', '289', '290', '292', '293', '294', '295', '296', '297', '298', '299', '300', '301', '302', '303']}})
 Cluster1  7
 Cluster to drop  4
 After reassigning and merging cells 
 Timepoint  2
 Cluster  2  # of cells  59
 Cluster  4  # of cells  41
 Timepoint  3
 Cluster  7  # of cells  201
 Cluster  5  # of cells  1
 Cluster  6  # of cells  2
 Cluster  2  # of cells  296
 Tp cluster cell dict  {'2_2': 59, '4_2': 41, '7_3': 201, '5_3': 1, '6_3': 2, '2_3': 296}
 New Graph is here 
 ID  0  Timepoint  1  Mutations  []  Type  subclone
 ID  1  Timepoint  2  Mutations  [3, 4, 5]  Type  subclone
 ID  2  Timepoint  2  Mutations  [3, 4, 5, 6, 7, 8, 9, 10, 11, 12, 13, 14, 15, 16, 17, 18, 19, 20, 21, 22, 23]  Type  subclone
 ID  3  Timepoint  3  Mutations  [3, 4, 5, 6, 7, 8, 9, 10, 11, 12, 13, 14, 15, 16, 17, 18, 19, 20, 21, 22, 23]  Type  subclone
 ID  4  Timepoint  3  Mutations  [6, 7, 8, 13, 14, 15, 16, 20, 21, 22]  Type  subclone
 ID  5  Timepoint  3  Mutations  [2, 3, 4, 5, 6, 7, 8, 9, 10, 11, 12, 13, 14, 15, 16, 17, 18, 19, 20, 21, 22, 23]  Type  subclone
 ID  6  Timepoint  3  Mutations  [3, 4, 5]  Type  subclone
Timepoints  SortedDict({1: [0], 2: [1, 2], 3: [3, 4, 5, 6]})
 Clone to nodes  {'2_2': 1, '4_2': 2, '7_3': 3, '5_3': 4, '6_3': 5, '2_3': 6}
 Timepoint ====  1
 Hash table  {'0,1': [3, 4, 5], '1': [6, 7, 8, 9, 10, 11, 12, 13, 14, 15, 16, 17, 18, 19, 20, 21, 22, 23]}
 Final possible usc  [[3, 4, 5], [6, 7, 8, 9, 10, 11, 12, 13, 14, 15, 16, 17, 18, 19, 20, 21, 22, 23]]
 Time  1  USC keys  {'6,7,8,9,10,11,12,13,14,15,16,17,18,19,20,21,22,23_0', '3,4,5_0'}
 USC children  {'3,4,5_0': [1, 2], '6,7,8,9,10,11,12,13,14,15,16,17,18,19,20,21,22,23_0': [2]}
 USC children  {'3,4,5_0': [1, 2], '6,7,8,9,10,11,12,13,14,15,16,17,18,19,20,21,22,23_0': [2]}
 Timepoint ====  2
 Hash table  {'0,1': [6, 7, 8, 13, 14, 15, 16, 20, 21, 22], '1': [2, 3, 4, 5, 9, 10, 11, 12, 17, 18, 19, 23]}
====== Inside find superset of t nodes ==========
 Final possible usc  [[2, 3, 4, 5, 9, 10, 11, 12, 17, 18, 19, 23]]
 Time  2  USC keys  {'2,3,4,5,9,10,11,12,17,18,19,23_1'}
 USC children  {'3,4,5_0': [1, 2], '6,7,8,9,10,11,12,13,14,15,16,17,18,19,20,21,22,23_0': [2], '2,3,4,5,9,10,11,12,17,18,19,23_1': [5]}
 USC children  {'3,4,5_0': [1, 2], '6,7,8,9,10,11,12,13,14,15,16,17,18,19,20,21,22,23_0': [2], '2,3,4,5,9,10,11,12,17,18,19,23_1': [5]}
 Node s  {'1,2': ['3', '4', '5'], '5': ['2', '3', '4', '5', '9', '10', '11', '12', '17', '18', '19', '23']}
 Enroll USC nodes  ['1', '2']  len  2
 Enroll USC nodes  ['5']  len  1
 Node TP  SortedDict({1: [0], 2: [1, 2], 3: [3, 4, 5, 6]})
 Unobserved subclones at timepoints  {1.5: [7]}
 ============== Inside finding node v ============ 
 Time  2
 Time  3
 largest_v_mut  []
 largest_v_mut  [[3, 4, 5, 6, 7, 8, 9, 10, 11, 12, 13, 14, 15, 16, 17, 18, 19, 20, 21, 22, 23]]
 Sorted all timepoints  [1, 1.5, 2, 3]
 Timepoint  2
 Inside usc_node check  2
 Timepoint  3
 Node  4  has no parent 
 USC nodes  []
 Node with minimum mutation sets  {1: 3, 2: 11}
0   1   [-1]   subclone   []   []
1   2   [7]   subclone   [3, 4, 5]   [0]
2   2   [7]   subclone   [3, 4, 5, 6, 7, 8, 9, 10, 11, 12, 13, 14, 15, 16, 17, 18, 19, 20, 21, 22, 23]   [18]
3   3   [2]   subclone   [3, 4, 5, 6, 7, 8, 9, 10, 11, 12, 13, 14, 15, 16, 17, 18, 19, 20, 21, 22, 23]   [0]
4   3   [1]   subclone   [6, 7, 8, 13, 14, 15, 16, 20, 21, 22]   [10]
5   3   [2]   subclone   [2, 3, 4, 5, 6, 7, 8, 9, 10, 11, 12, 13, 14, 15, 16, 17, 18, 19, 20, 21, 22, 23]   [1]
6   3   [1]   subclone   [3, 4, 5]   [0]
7   1.5   [0]   unobserved subclone   [3, 4, 5]   [3]
7
 Total estimated FP  62  True negatives  6502
 Total estimated FN  974  True positives  3982
 Estimated FP rate  0.01533
 Estimated FN rate  0.13
 No. of Cells in each cluster  {'1_2': 59, '1_3': 295, '5_3': 1, '6_3': 1, '4_3': 1, '2_3': 1, '0_2': 41, '0_3': 201}
 Cells in each cluster  {'1_2': [0, 1, 2, 3, 4, 5, 6, 7, 8, 9, 10, 11, 12, 13, 14, 15, 16, 17, 18, 19, 20, 21, 22, 23, 24, 25, 26, 27, 28, 29, 30, 31, 32, 33, 34, 35, 36, 37, 38, 39, 40, 41, 42, 43, 44, 45, 46, 47, 48, 49, 50, 51, 52, 53, 54, 55, 56, 57, 58], '1_3': [304, 306, 307, 308, 309, 310, 311, 312, 313, 314, 315, 316, 317, 318, 319, 320, 321, 322, 323, 324, 325, 326, 327, 328, 329, 330, 331, 332, 333, 334, 335, 336, 337, 338, 339, 340, 341, 342, 343, 344, 345, 346, 347, 348, 349, 350, 351, 352, 353, 354, 355, 356, 357, 358, 359, 360, 361, 362, 363, 364, 365, 366, 367, 368, 369, 370, 371, 372, 373, 374, 375, 376, 377, 378, 379, 380, 381, 382, 383, 384, 385, 386, 387, 388, 389, 390, 391, 392, 393, 394, 395, 396, 397, 398, 399, 400, 401, 402, 403, 404, 405, 406, 407, 408, 409, 410, 411, 412, 413, 414, 415, 416, 417, 418, 419, 420, 421, 422, 423, 424, 425, 426, 427, 428, 429, 430, 431, 432, 433, 434, 435, 436, 437, 438, 439, 440, 441, 442, 443, 444, 445, 446, 447, 448, 449, 450, 451, 452, 453, 454, 455, 456, 457, 458, 459, 460, 461, 462, 463, 464, 465, 466, 467, 468, 469, 470, 471, 472, 473, 474, 475, 476, 477, 478, 479, 480, 481, 482, 483, 484, 485, 486, 487, 488, 489, 490, 491, 492, 493, 494, 495, 496, 497, 498, 499, 500, 501, 502, 503, 504, 505, 506, 507, 508, 509, 510, 511, 512, 513, 514, 515, 516, 517, 518, 519, 520, 521, 522, 523, 524, 525, 526, 527, 528, 529, 530, 531, 532, 533, 534, 535, 536, 537, 538, 539, 540, 541, 542, 543, 544, 545, 546, 547, 548, 549, 550, 551, 552, 553, 554, 555, 556, 557, 558, 559, 560, 561, 562, 563, 564, 565, 566, 567, 568, 569, 570, 571, 572, 573, 574, 575, 576, 577, 578, 579, 580, 581, 582, 583, 584, 585, 586, 587, 588, 589, 590, 591, 592, 593, 594, 595, 596, 597, 598, 599], '5_3': [163], '6_3': [279], '4_3': [291], '2_3': [305], '0_2': [61, 66, 67, 68, 73, 75, 80, 82, 87, 92, 59, 60, 62, 63, 64, 65, 69, 70, 71, 72, 74, 76, 77, 78, 79, 81, 83, 84, 85, 86, 88, 89, 90, 91, 93, 94, 95, 96, 97, 98, 99], '0_3': [103, 107, 108, 110, 113, 114, 116, 130, 135, 138, 141, 145, 159, 167, 169, 185, 195, 198, 200, 222, 226, 232, 235, 244, 251, 255, 261, 262, 266, 278, 281, 286, 290, 298, 100, 101, 102, 104, 105, 106, 109, 111, 112, 115, 117, 118, 119, 120, 121, 122, 123, 124, 125, 126, 127, 128, 129, 131, 132, 133, 134, 136, 137, 139, 140, 142, 143, 144, 146, 147, 148, 149, 150, 151, 152, 153, 154, 155, 156, 157, 158, 160, 161, 162, 164, 165, 166, 168, 170, 171, 172, 173, 174, 175, 176, 177, 178, 179, 180, 181, 182, 183, 184, 186, 187, 188, 189, 190, 191, 192, 193, 194, 196, 197, 199, 201, 202, 203, 204, 205, 206, 207, 208, 209, 210, 211, 212, 213, 214, 215, 216, 217, 218, 219, 220, 221, 223, 224, 225, 227, 228, 229, 230, 231, 233, 234, 236, 237, 238, 239, 240, 241, 242, 243, 245, 246, 247, 248, 249, 250, 252, 253, 254, 256, 257, 258, 259, 260, 263, 264, 265, 267, 268, 269, 270, 271, 272, 273, 274, 275, 276, 277, 280, 282, 283, 284, 285, 287, 288, 289, 292, 293, 294, 295, 296, 297, 299, 300, 301, 302, 303]}
FP rate  0.01533 FN rate  0.13
 Before reassigning cells 
 Timepoint  2
 Cluster  1  # of cells  59
 Cluster  0  # of cells  41
 Timepoint  3
 Cluster  1  # of cells  295
 Cluster  5  # of cells  1
 Cluster  6  # of cells  1
 Cluster  4  # of cells  2
 Cluster  2  # of cells  1
 Cluster  0  # of cells  200
 Cells absent at timepoint  3   set()
 Cells absent at timepoint  2   set()
 Timepoint  2
 Timepoint  3
 After reassigning and merging cells 
 Timepoint  2
 Cluster  1  # of cells  59
 Cluster  0  # of cells  41
 Timepoint  3
 Cluster  1  # of cells  295
 Cluster  5  # of cells  1
 Cluster  6  # of cells  1
 Cluster  4  # of cells  2
 Cluster  2  # of cells  1
 Cluster  0  # of cells  200
 Tp cluster cell dict  {'1_2': 59, '0_2': 41, '1_3': 295, '5_3': 1, '6_3': 1, '4_3': 2, '2_3': 1, '0_3': 200}
 New Graph is here 
 ID  0  Timepoint  1  Mutations  []  Type  subclone
 ID  1  Timepoint  2  Mutations  [3, 4, 5]  Type  subclone
 ID  2  Timepoint  2  Mutations  [3, 4, 5, 6, 7, 8, 9, 10, 11, 12, 13, 14, 15, 16, 17, 18, 19, 20, 21, 22, 23]  Type  subclone
 ID  3  Timepoint  3  Mutations  [3, 4, 5]  Type  subclone
 ID  4  Timepoint  3  Mutations  [4, 5, 6, 8, 10, 11, 12, 16, 17, 18, 21, 22]  Type  subclone
 ID  5  Timepoint  3  Mutations  [5, 6, 7, 8, 13, 14, 15, 16, 20, 21, 22]  Type  subclone
 ID  6  Timepoint  3  Mutations  [2, 3, 4, 5, 6, 7, 8, 9, 10, 11, 12, 13, 14, 15, 16, 17, 18, 19, 20, 21, 22, 23]  Type  subclone
 ID  7  Timepoint  3  Mutations  [3, 4, 5, 13, 15, 19, 20, 23]  Type  subclone
 ID  8  Timepoint  3  Mutations  [3, 4, 5, 6, 7, 8, 9, 10, 11, 12, 13, 14, 15, 16, 17, 18, 19, 20, 21, 22, 23]  Type  subclone
Timepoints  SortedDict({1: [0], 2: [1, 2], 3: [3, 4, 5, 6, 7, 8]})
 Clone to nodes  {'1_2': 1, '0_2': 2, '1_3': 3, '5_3': 4, '6_3': 5, '4_3': 6, '2_3': 7, '0_3': 8}
 Timepoint ====  1
 Hash table  {'0,1': [3, 4, 5], '1': [6, 7, 8, 9, 10, 11, 12, 13, 14, 15, 16, 17, 18, 19, 20, 21, 22, 23]}
 Final possible usc  [[3, 4, 5], [6, 7, 8, 9, 10, 11, 12, 13, 14, 15, 16, 17, 18, 19, 20, 21, 22, 23]]
 Time  1  USC keys  {'6,7,8,9,10,11,12,13,14,15,16,17,18,19,20,21,22,23_0', '3,4,5_0'}
 USC children  {'3,4,5_0': [1, 2], '6,7,8,9,10,11,12,13,14,15,16,17,18,19,20,21,22,23_0': [2]}
 USC children  {'3,4,5_0': [1, 2], '6,7,8,9,10,11,12,13,14,15,16,17,18,19,20,21,22,23_0': [2]}
 Timepoint ====  2
 Hash table  {'0,2,3': [4], '0,1,2,3': [5], '0,1,2': [6, 8, 16, 21, 22], '0,2': [10, 11, 12, 17, 18], '1,2': [7, 14], '1,2,3': [13, 15, 20], '2': [2, 9], '2,3': [3, 19, 23]}
====== Inside find superset of t nodes ==========
 Final possible usc  []
 Time  2  USC keys  set()
 USC children  {'3,4,5_0': [1, 2], '6,7,8,9,10,11,12,13,14,15,16,17,18,19,20,21,22,23_0': [2]}
 USC children  {'3,4,5_0': [1, 2], '6,7,8,9,10,11,12,13,14,15,16,17,18,19,20,21,22,23_0': [2]}
 Node s  {'1,2': ['3', '4', '5']}
 Enroll USC nodes  ['1', '2']  len  2
 Node TP  SortedDict({1: [0], 2: [1, 2], 3: [3, 4, 5, 6, 7, 8]})
 Unobserved subclones at timepoints  {1.5: [9]}
 ============== Inside finding node v ============ 
 Time  2
 Time  3
 largest_v_mut  []
 largest_v_mut  []
 largest_v_mut  [[3, 4, 5, 6, 7, 8, 9, 10, 11, 12, 13, 14, 15, 16, 17, 18, 19, 20, 21, 22, 23]]
 largest_v_mut  [[3, 4, 5]]
 Sorted all timepoints  [1, 1.5, 2, 3]
 Timepoint  2
 Inside usc_node check  2
 Timepoint  3
 Node  4  has no parent 
 USC nodes  []
 Node with minimum mutation sets  {1: 1, 2: 9}
 Node  5  has no parent 
 USC nodes  []
 Node with minimum mutation sets  {1: 2, 2: 10}
0   1   [-1]   subclone   []   []
1   2   [9]   subclone   [3, 4, 5]   [0]
2   2   [9]   subclone   [3, 4, 5, 6, 7, 8, 9, 10, 11, 12, 13, 14, 15, 16, 17, 18, 19, 20, 21, 22, 23]   [18]
3   3   [1]   subclone   [3, 4, 5]   [0]
4   3   [1]   subclone   [4, 5, 6, 8, 10, 11, 12, 16, 17, 18, 21, 22]   [10]
5   3   [1]   subclone   [5, 6, 7, 8, 13, 14, 15, 16, 20, 21, 22]   [10]
6   3   [2]   subclone   [2, 3, 4, 5, 6, 7, 8, 9, 10, 11, 12, 13, 14, 15, 16, 17, 18, 19, 20, 21, 22, 23]   [1]
7   3   [1]   subclone   [3, 4, 5, 13, 15, 19, 20, 23]   [5]
8   3   [2]   subclone   [3, 4, 5, 6, 7, 8, 9, 10, 11, 12, 13, 14, 15, 16, 17, 18, 19, 20, 21, 22, 23]   [0]
9   1.5   [0]   unobserved subclone   [3, 4, 5]   [3]
 List of tree files  ['all_trees/u1_rep4_m1_tree.csv', 'all_trees/u1_rep4_m2_tree.csv', 'all_trees/u1_rep4_m3_tree.csv', 'all_trees/u1_rep4_m4_tree.csv', 'all_trees/u1_rep4_m5_tree.csv']
{'1': ['3', '4', '5'], '2': ['3', '4', '5', '6', '7', '8', '9', '10', '11', '12', '13', '14', '15', '16', '17', '18', '19', '20', '21', '22', '23'], '3': ['3', '4', '5'], '4': ['3', '4', '5', '8', '10', '11', '14', '16', '21', '22'], '5': ['2', '5', '6', '7', '8', '13', '14', '15', '16', '20', '21'], '6': ['3', '4', '5', '6', '7', '8', '9', '10', '11', '12', '13', '14', '15', '16', '17', '18', '19', '20', '21', '22', '23'], '7': ['3', '4', '5', '8', '11', '19', '23'], '8': ['3', '4', '5']}
 Actual mutation of  1   []
 Actual mutation of  2   ['11', '18', '6', '8', '12', '14', '13', '21', '15', '22', '7', '17', '16', '10', '19', '9', '23', '20']
 Actual mutation of  3   []
 Actual mutation of  4   ['11', '8', '14', '16', '10', '21', '22']
 Actual mutation of  5   ['6', '8', '7', '14', '16', '2', '13', '21', '15', '20']
 Actual mutation of  6   []
 Actual mutation of  7   ['11', '19', '23', '8']
 Updated node mutation  {'1': [], '2': ['11', '18', '6', '8', '12', '14', '13', '21', '15', '22', '7', '17', '16', '10', '19', '9', '23', '20'], '3': [], '4': ['11', '8', '14', '16', '10', '21', '22'], '5': ['6', '8', '7', '14', '16', '2', '13', '21', '15', '20'], '6': [], '7': ['11', '19', '23', '8'], '8': ['3', '4', '5']}
{'1': ['3', '4', '5'], '2': ['3', '4', '5', '6', '7', '8', '9', '10', '11', '12', '13', '14', '15', '16', '17', '18', '19', '20', '21', '22', '23'], '3': ['3', '4', '5'], '4': ['3', '4', '5', '8', '10', '11', '12', '14', '16', '21', '22'], '5': ['6', '7', '8', '13', '14', '15', '16', '20', '21', '22'], '6': ['2', '3', '4', '5', '6', '7', '8', '9', '10', '11', '12', '13', '14', '15', '16', '17', '18', '19', '20', '21', '22', '23'], '7': ['2', '3', '4', '5', '8', '13', '19', '20', '22', '23'], '8': ['3', '4', '5', '6', '7', '8', '9', '10', '11', '12', '13', '14', '15', '16', '17', '18', '19', '20', '21', '22', '23'], '9': ['3', '4', '5']}
 Actual mutation of  1   []
 Actual mutation of  2   ['11', '18', '6', '8', '12', '14', '13', '21', '15', '22', '7', '17', '16', '10', '19', '9', '23', '20']
 Actual mutation of  3   []
 Actual mutation of  4   ['11', '8', '12', '14', '16', '10', '21', '22']
 Actual mutation of  5   ['6', '8', '7', '14', '16', '13', '21', '20', '15', '22']
 Actual mutation of  6   ['2']
 Actual mutation of  7   ['8', '2', '13', '19', '20', '23', '22']
 Actual mutation of  8   []
 Updated node mutation  {'1': [], '2': ['11', '18', '6', '8', '12', '14', '13', '21', '15', '22', '7', '17', '16', '10', '19', '9', '23', '20'], '3': [], '4': ['11', '8', '12', '14', '16', '10', '21', '22'], '5': ['6', '8', '7', '14', '16', '13', '21', '20', '15', '22'], '6': ['2'], '7': ['8', '2', '13', '19', '20', '23', '22'], '8': [], '9': ['3', '4', '5']}
{'1': ['5', '7', '8', '9', '11', '12', '13', '14', '15', '17', '19', '22', '23'], '2': ['3', '4', '5'], '3': ['3', '4', '5', '6', '7', '8', '9', '10', '11', '12', '13', '14', '15', '16', '17', '18', '19', '20', '21', '22', '23'], '4': ['3', '4', '5', '6', '7', '8', '9', '10', '11', '12', '13', '14', '15', '16', '17', '18', '19', '20', '21', '22', '23'], '5': ['6', '7', '8', '13', '14', '15', '16', '20', '21', '22'], '6': ['3', '4', '5'], '7': ['5']}
 Actual mutation of  1   ['11', '8', '7', '12', '14', '17', '23', '13', '19', '9', '15', '22']
 Actual mutation of  2   ['3', '4']
 Actual mutation of  3   ['11', '18', '6', '8', '12', '14', '13', '21', '3', '15', '22', '7', '17', '4', '16', '10', '19', '9', '23', '20']
 Actual mutation of  4   []
 Actual mutation of  5   ['6', '8', '7', '14', '16', '13', '21', '20', '15', '22']
 Actual mutation of  6   []
 Updated node mutation  {'1': ['11', '8', '7', '12', '14', '17', '23', '13', '19', '9', '15', '22'], '2': ['3', '4'], '3': ['11', '18', '6', '8', '12', '14', '13', '21', '3', '15', '22', '7', '17', '4', '16', '10', '19', '9', '23', '20'], '4': [], '5': ['6', '8', '7', '14', '16', '13', '21', '20', '15', '22'], '6': [], '7': ['5']}
{'1': ['3', '4', '5'], '2': ['3', '4', '5', '6', '7', '8', '9', '10', '11', '12', '13', '14', '15', '16', '17', '18', '19', '20', '21', '22', '23'], '3': ['3', '4', '5', '6', '7', '8', '9', '10', '11', '12', '13', '14', '15', '16', '17', '18', '19', '20', '21', '22', '23'], '4': ['6', '7', '8', '13', '14', '15', '16', '20', '21', '22'], '5': ['2', '3', '4', '5', '6', '7', '8', '9', '10', '11', '12', '13', '14', '15', '16', '17', '18', '19', '20', '21', '22', '23'], '6': ['3', '4', '5'], '7': ['3', '4', '5']}
 Actual mutation of  1   []
 Actual mutation of  2   ['11', '18', '6', '8', '12', '14', '13', '21', '15', '22', '7', '17', '16', '10', '19', '9', '23', '20']
 Actual mutation of  3   []
 Actual mutation of  4   ['6', '8', '7', '14', '16', '13', '21', '20', '15', '22']
 Actual mutation of  5   ['2']
 Actual mutation of  6   []
 Updated node mutation  {'1': [], '2': ['11', '18', '6', '8', '12', '14', '13', '21', '15', '22', '7', '17', '16', '10', '19', '9', '23', '20'], '3': [], '4': ['6', '8', '7', '14', '16', '13', '21', '20', '15', '22'], '5': ['2'], '6': [], '7': ['3', '4', '5']}
{'1': ['3', '4', '5'], '2': ['3', '4', '5', '6', '7', '8', '9', '10', '11', '12', '13', '14', '15', '16', '17', '18', '19', '20', '21', '22', '23'], '3': ['3', '4', '5'], '4': ['4', '5', '6', '8', '10', '11', '12', '16', '17', '18', '21', '22'], '5': ['5', '6', '7', '8', '13', '14', '15', '16', '20', '21', '22'], '6': ['2', '3', '4', '5', '6', '7', '8', '9', '10', '11', '12', '13', '14', '15', '16', '17', '18', '19', '20', '21', '22', '23'], '7': ['3', '4', '5', '13', '15', '19', '20', '23'], '8': ['3', '4', '5', '6', '7', '8', '9', '10', '11', '12', '13', '14', '15', '16', '17', '18', '19', '20', '21', '22', '23'], '9': ['3', '4', '5']}
 Actual mutation of  1   []
 Actual mutation of  2   ['11', '18', '6', '8', '12', '14', '13', '21', '15', '22', '7', '17', '16', '10', '19', '9', '23', '20']
 Actual mutation of  3   []
 Actual mutation of  4   ['11', '6', '8', '12', '17', '18', '16', '10', '21', '22']
 Actual mutation of  5   ['6', '8', '7', '14', '16', '13', '21', '20', '15', '22']
 Actual mutation of  6   ['2']
 Actual mutation of  7   ['15', '13', '19', '23', '20']
 Actual mutation of  8   []
 Updated node mutation  {'1': [], '2': ['11', '18', '6', '8', '12', '14', '13', '21', '15', '22', '7', '17', '16', '10', '19', '9', '23', '20'], '3': [], '4': ['11', '6', '8', '12', '17', '18', '16', '10', '21', '22'], '5': ['6', '8', '7', '14', '16', '13', '21', '20', '15', '22'], '6': ['2'], '7': ['15', '13', '19', '23', '20'], '8': [], '9': ['3', '4', '5']}
 Parallel mutation count  {'m1': 14, 'm2': 16, 'm3': 18, 'm4': 10, 'm5': 17}
 Clusters with least parallel mutations  ['m4']
 Best tree path  u1_rep4_m4_tree.csv
