
DPMM with:
	600 cells
	25 mutations
	learning errors

	Priors:
	params.:	Beta(0.25,0.25)
	CRP a_0:	Gamma(24.49,1)
	FP:		trunc norm(0.01,0.01)
	FN:		trunc norm(0.2,0.1)

Move probabilitites:
	Split/merge:	0.33
		split/merge ratio:	[0.75, 0.25]
		intermediate Gibbs:	3
	CRP a_0 update:	0.25
	Errors update:	0.25

Run MCMC with (1 chains for 5000 steps):

Clustering time:	0:15:01.724699	(0.18 secs. per MCMC step)	Lugsail PSRF:		1.00947

Chain mean - posterior clusters	(#11):
	11 clusters

	A: 400 items
	B: 8 items
	C: 5 items
	D: 10 items
	E: 5 items
	F: 100 items
	G: 9 items
	H: 7 items
	I: 49 items
	J: 1 items
	K: 6 items

Inferred latent variables	--	chain mean - posterior
	CRP a_0:	99.8 +- 19.3
	FP (model|genotypes): 2.0E-03 +- 1.4E-03	|	7.6E-03
	FN (model|genotypes): 0.141   +- 0.018	|	0.158

Writing output to: ./sim_output/mc12/rep5/m1

Too many cells to plot genotypes/clusters
