
DPMM with:
	600 cells
	32 mutations
	learning errors

	Priors:
	params.:	Beta(0.25,0.25)
	CRP a_0:	Gamma(24.49,1)
	FP:		trunc norm(0.01,0.01)
	FN:		trunc norm(0.2,0.1)

Move probabilitites:
	Split/merge:	0.33
		split/merge ratio:	[0.75, 0.25]
		intermediate Gibbs:	3
	CRP a_0 update:	0.25
	Errors update:	0.25

Run MCMC with (1 chains for 5000 steps):

Clustering time:	0:15:48.445423	(0.19 secs. per MCMC step)	Lugsail PSRF:		1.00828

Chain mean - posterior clusters	(#6):
	6 clusters

	A: 384 items
	B: 67 items
	C: 115 items
	D: 32 items
	E: 1 items
	F: 1 items

Inferred latent variables	--	chain mean - posterior
	CRP a_0:	98.8 +- 18.2
	FP (model|genotypes): 2.0E-03 +- 9.8E-04	|	7.7E-03
	FN (model|genotypes): 0.136   +- 0.017	|	0.158

Writing output to: ./sim_output/v1v2/rep4/m3

Too many cells to plot genotypes/clusters
