6
 Total estimated FP  118  True negatives  11885
 Total estimated FN  2000  True positives  4717
 Estimated FP rate  0.02441
 Estimated FN rate  0.14
 No. of Cells in each cluster  {'5_2': 40, '5_3': 37, '0_3': 172, '4_3': 1, '1_3': 290, '1_2': 60}
 Cells in each cluster  {'5_2': [0, 1, 2, 3, 4, 5, 6, 7, 8, 9, 10, 11, 12, 13, 14, 15, 16, 17, 18, 20, 21, 22, 23, 24, 25, 26, 27, 28, 29, 30, 31, 32, 33, 34, 35, 36, 37, 38, 39, 79], '5_3': [101, 135, 226, 305, 355, 388, 396, 397, 398, 399, 400, 401, 402, 403, 404, 405, 406, 407, 408, 409, 410, 411, 412, 413, 414, 415, 416, 417, 418, 419, 420, 421, 422, 423, 424, 425, 426], '0_3': [427, 428, 429, 430, 431, 432, 433, 434, 435, 436, 437, 438, 439, 440, 441, 442, 443, 444, 445, 446, 447, 448, 449, 450, 451, 452, 453, 454, 455, 456, 457, 458, 459, 460, 461, 462, 463, 464, 465, 466, 467, 468, 469, 470, 471, 472, 473, 474, 475, 476, 477, 478, 479, 480, 481, 482, 483, 484, 485, 486, 487, 488, 489, 490, 491, 492, 493, 494, 495, 496, 497, 498, 499, 500, 501, 502, 503, 504, 505, 506, 507, 508, 509, 510, 511, 512, 513, 514, 515, 516, 517, 518, 519, 520, 521, 522, 523, 524, 525, 526, 527, 528, 529, 530, 531, 532, 533, 534, 535, 536, 537, 538, 539, 540, 541, 542, 543, 544, 545, 546, 547, 548, 549, 550, 551, 552, 553, 554, 555, 556, 557, 558, 559, 560, 561, 562, 563, 564, 565, 566, 567, 568, 570, 571, 572, 573, 574, 575, 576, 577, 578, 579, 580, 581, 582, 583, 584, 585, 586, 587, 588, 589, 590, 591, 592, 593, 594, 595, 596, 597, 598, 599], '4_3': [569], '1_3': [146, 284, 288, 300, 167, 184, 230, 232, 242, 263, 304, 334, 346, 349, 395, 100, 102, 103, 104, 105, 106, 107, 108, 109, 110, 111, 112, 113, 114, 115, 116, 117, 118, 119, 120, 121, 122, 123, 124, 125, 126, 127, 128, 129, 130, 131, 132, 133, 134, 136, 137, 138, 139, 140, 141, 142, 143, 144, 145, 147, 148, 149, 150, 151, 152, 153, 154, 155, 156, 157, 158, 159, 160, 161, 162, 163, 164, 165, 166, 168, 169, 170, 171, 172, 173, 174, 175, 176, 177, 178, 179, 180, 181, 182, 183, 185, 186, 187, 188, 189, 190, 191, 192, 193, 194, 195, 196, 197, 198, 199, 200, 201, 202, 203, 204, 205, 206, 207, 208, 209, 210, 211, 212, 213, 214, 215, 216, 217, 218, 219, 220, 221, 222, 223, 224, 225, 227, 228, 229, 231, 233, 234, 235, 236, 237, 238, 239, 240, 241, 243, 244, 245, 246, 247, 248, 249, 250, 251, 252, 253, 254, 255, 256, 257, 258, 259, 260, 261, 262, 264, 265, 266, 267, 268, 269, 270, 271, 272, 273, 274, 275, 276, 277, 278, 279, 280, 281, 282, 283, 285, 286, 287, 289, 290, 291, 292, 293, 294, 295, 296, 297, 298, 299, 301, 302, 303, 306, 307, 308, 309, 310, 311, 312, 313, 314, 315, 316, 317, 318, 319, 320, 321, 322, 323, 324, 325, 326, 327, 328, 329, 330, 331, 332, 333, 335, 336, 337, 338, 339, 340, 341, 342, 343, 344, 345, 347, 348, 350, 351, 352, 353, 354, 356, 357, 358, 359, 360, 361, 362, 363, 364, 365, 366, 367, 368, 369, 370, 371, 372, 373, 374, 375, 376, 377, 378, 379, 380, 381, 382, 383, 384, 385, 386, 387, 389, 390, 391, 392, 393, 394], '1_2': [19, 40, 45, 57, 59, 66, 84, 41, 42, 43, 44, 46, 47, 48, 49, 50, 51, 52, 53, 54, 55, 56, 58, 60, 61, 62, 63, 64, 65, 67, 68, 69, 70, 71, 72, 73, 74, 75, 76, 77, 78, 80, 81, 82, 83, 85, 86, 87, 88, 89, 90, 91, 92, 93, 94, 95, 96, 97, 98, 99]}
FP rate  0.02441 FN rate  0.14
 Before reassigning cells 
 Timepoint  2
 Cluster  5  # of cells  49
 Cluster  1  # of cells  50
 Timepoint  3
 Cluster  5  # of cells  67
 Cluster  0  # of cells  171
 Cluster  4  # of cells  1
 Cluster  1  # of cells  260
 Cells absent at timepoint  2   {73}
 Missing cell prob  {'1': 0.007419344999844121, '5': 0.007419344999844121}
 Cells absent at timepoint  3   {392}
 Missing cell prob  {'4': 1.9856497118385944e-09, '0': 1.805425488930497e-15, '5': 0.008010675420439251, '1': 0.008010675420439251}
 Timepoint  2
 Timepoint  3
 After reassigning and merging cells 
 Timepoint  2
 Cluster  5  # of cells  49
 Cluster  1  # of cells  51
 Timepoint  3
 Cluster  5  # of cells  68
 Cluster  0  # of cells  171
 Cluster  4  # of cells  1
 Cluster  1  # of cells  260
 Tp cluster cell dict  {'5_2': 49, '1_2': 51, '5_3': 68, '0_3': 171, '4_3': 1, '1_3': 260}
 New Graph is here 
 ID  0  Timepoint  1  Mutations  []  Type  subclone
 ID  1  Timepoint  2  Mutations  [0, 1, 2, 3, 4, 5, 6]  Type  subclone
 ID  2  Timepoint  2  Mutations  [0, 1, 2, 3, 4, 5, 6, 19, 20, 21, 22]  Type  subclone
 ID  3  Timepoint  3  Mutations  [0, 1, 2, 3, 4, 5, 6]  Type  subclone
 ID  4  Timepoint  3  Mutations  [0, 1, 2, 3, 4, 5, 6, 23, 24, 25, 26, 27, 28, 29, 30, 31, 32, 33, 34, 35, 36, 37, 38]  Type  subclone
 ID  5  Timepoint  3  Mutations  [4, 5, 6, 14, 22, 23, 30, 31, 32, 33, 34, 35, 37]  Type  subclone
 ID  6  Timepoint  3  Mutations  [0, 1, 2, 3, 4, 5, 6, 19, 20, 21, 22]  Type  subclone
Timepoints  SortedDict({1: [0], 2: [1, 2], 3: [3, 4, 5, 6]})
 Clone to nodes  {'5_2': 1, '1_2': 2, '5_3': 3, '0_3': 4, '4_3': 5, '1_3': 6}
 Timepoint ====  1
 Hash table  {'0,1': [0, 1, 2, 3, 4, 5, 6], '1': [19, 20, 21, 22]}
 Final possible usc  [[0, 1, 2, 3, 4, 5, 6], [19, 20, 21, 22]]
 Time  1  USC keys  {'19,20,21,22_0', '0,1,2,3,4,5,6_0'}
 USC children  {'0,1,2,3,4,5,6_0': [1, 2], '19,20,21,22_0': [2]}
 USC children  {'0,1,2,3,4,5,6_0': [1, 2], '19,20,21,22_0': [2]}
 Timepoint ====  2
 Hash table  {'0': [0, 1, 2, 3, 24, 25, 26, 27, 28, 29, 36, 38], '0,1': [4, 5, 6, 23, 30, 31, 32, 33, 34, 35, 37], '1': [14, 22]}
====== Inside find superset of t nodes ==========
 Final possible usc  []
 Time  2  USC keys  set()
 USC children  {'0,1,2,3,4,5,6_0': [1, 2], '19,20,21,22_0': [2]}
 USC children  {'0,1,2,3,4,5,6_0': [1, 2], '19,20,21,22_0': [2]}
 Node s  {'1,2': ['0', '1', '2', '3', '4', '5', '6']}
 Enroll USC nodes  ['1', '2']  len  2
 Node TP  SortedDict({1: [0], 2: [1, 2], 3: [3, 4, 5, 6]})
 Unobserved subclones at timepoints  {1.5: [7]}
 ============== Inside finding node v ============ 
 Time  2
 Time  3
 largest_v_mut  [[0, 1, 2, 3, 4, 5, 6]]
 largest_v_mut  []
 Sorted all timepoints  [1, 1.5, 2, 3]
 Timepoint  2
 Inside usc_node check  2
 Timepoint  3
 Node  5  has no parent 
 USC nodes  []
 Node with minimum mutation sets  {1: 4, 2: 7}
0   1   [-1]   subclone   []   []
1   2   [7]   subclone   [0, 1, 2, 3, 4, 5, 6]   [0]
2   2   [7]   subclone   [0, 1, 2, 3, 4, 5, 6, 19, 20, 21, 22]   [4]
3   3   [1]   subclone   [0, 1, 2, 3, 4, 5, 6]   [0]
4   3   [1]   subclone   [0, 1, 2, 3, 4, 5, 6, 23, 24, 25, 26, 27, 28, 29, 30, 31, 32, 33, 34, 35, 36, 37, 38]   [16]
5   3   [1]   subclone   [4, 5, 6, 14, 22, 23, 30, 31, 32, 33, 34, 35, 37]   [10]
6   3   [2]   subclone   [0, 1, 2, 3, 4, 5, 6, 19, 20, 21, 22]   [0]
7   1.5   [0]   unobserved subclone   [0, 1, 2, 3, 4, 5, 6]   [7]
8
 Total estimated FP  119  True negatives  11916
 Total estimated FN  1969  True positives  4716
 Estimated FP rate  0.02461
 Estimated FN rate  0.14
 No. of Cells in each cluster  {'2_2': 44, '2_3': 42, '7_3': 1, '1_3': 171, '6_3': 1, '3_3': 1, '4_2': 56, '4_3': 284}
 Cells in each cluster  {'2_2': [0, 1, 2, 3, 4, 5, 6, 7, 8, 9, 10, 11, 12, 13, 14, 15, 16, 17, 18, 19, 20, 21, 22, 23, 24, 25, 26, 27, 28, 29, 30, 31, 32, 33, 34, 35, 36, 37, 38, 39, 40, 45, 66, 79], '2_3': [101, 135, 184, 226, 230, 304, 305, 334, 355, 388, 395, 396, 397, 398, 399, 400, 401, 402, 403, 404, 405, 406, 407, 408, 409, 410, 411, 412, 413, 414, 415, 416, 417, 418, 419, 420, 421, 422, 423, 424, 425, 426], '7_3': [284], '1_3': [427, 428, 429, 430, 431, 432, 433, 434, 435, 436, 437, 438, 439, 440, 441, 442, 443, 444, 445, 446, 447, 448, 449, 450, 451, 452, 453, 454, 455, 456, 457, 458, 459, 460, 461, 462, 463, 464, 465, 466, 467, 468, 469, 470, 471, 472, 473, 474, 475, 476, 477, 478, 479, 480, 481, 482, 483, 484, 485, 486, 487, 488, 489, 490, 491, 492, 493, 494, 495, 496, 497, 498, 499, 500, 501, 502, 503, 504, 505, 506, 507, 508, 509, 510, 511, 512, 513, 514, 515, 516, 517, 518, 519, 520, 521, 522, 523, 524, 525, 526, 527, 528, 529, 530, 531, 532, 533, 534, 535, 536, 537, 538, 539, 540, 541, 542, 543, 544, 545, 546, 547, 548, 549, 550, 551, 552, 553, 554, 555, 556, 557, 558, 559, 560, 561, 562, 563, 564, 565, 566, 567, 568, 570, 571, 572, 573, 574, 575, 577, 578, 579, 580, 581, 582, 583, 584, 585, 586, 587, 588, 589, 590, 591, 592, 593, 594, 595, 596, 597, 598, 599], '6_3': [569], '3_3': [576], '4_2': [41, 42, 43, 44, 46, 47, 48, 49, 50, 51, 52, 53, 54, 55, 56, 57, 58, 59, 60, 61, 62, 63, 64, 65, 67, 68, 69, 70, 71, 72, 73, 74, 75, 76, 77, 78, 80, 81, 82, 83, 84, 85, 86, 87, 89, 90, 91, 92, 93, 94, 95, 96, 97, 98, 99, 88], '4_3': [100, 102, 103, 104, 105, 106, 107, 108, 109, 110, 111, 112, 113, 114, 115, 116, 117, 118, 119, 120, 121, 122, 123, 124, 125, 126, 127, 128, 129, 131, 132, 133, 134, 136, 137, 138, 139, 140, 141, 142, 143, 144, 145, 147, 148, 149, 150, 151, 152, 153, 154, 155, 156, 157, 158, 159, 160, 161, 162, 163, 164, 165, 166, 167, 168, 169, 170, 171, 172, 173, 174, 175, 176, 177, 178, 179, 180, 181, 182, 183, 185, 186, 187, 188, 189, 190, 191, 192, 193, 194, 195, 196, 197, 199, 200, 201, 202, 203, 204, 205, 206, 207, 208, 209, 210, 212, 213, 214, 215, 216, 217, 218, 219, 220, 221, 222, 223, 224, 225, 227, 228, 229, 231, 232, 233, 234, 235, 236, 237, 238, 239, 241, 242, 243, 244, 245, 246, 247, 248, 249, 250, 251, 253, 254, 255, 257, 258, 259, 260, 261, 262, 263, 264, 265, 266, 267, 268, 269, 270, 271, 272, 273, 274, 275, 276, 277, 278, 279, 280, 281, 282, 283, 285, 286, 287, 289, 290, 291, 292, 293, 294, 295, 296, 297, 298, 299, 301, 302, 303, 306, 307, 308, 309, 310, 311, 312, 313, 314, 315, 316, 317, 318, 319, 320, 321, 322, 323, 324, 325, 326, 327, 328, 329, 330, 331, 332, 333, 335, 336, 337, 338, 339, 340, 341, 342, 343, 344, 345, 346, 347, 348, 349, 350, 351, 353, 354, 356, 357, 358, 359, 360, 361, 362, 363, 364, 365, 366, 367, 368, 369, 370, 371, 372, 373, 374, 375, 376, 377, 378, 380, 381, 382, 383, 384, 385, 386, 387, 389, 390, 391, 392, 393, 394, 130, 198, 211, 240, 252, 256, 352, 379, 146, 288, 300]}
FP rate  0.02461 FN rate  0.14
 Before reassigning cells 
 Timepoint  2
 Cluster  2  # of cells  49
 Cluster  4  # of cells  50
 Timepoint  3
 Cluster  2  # of cells  65
 Cluster  7  # of cells  4
 Cluster  1  # of cells  170
 Cluster  6  # of cells  1
 Cluster  3  # of cells  2
 Cluster  4  # of cells  255
 Cells absent at timepoint  2   {73}
 Missing cell prob  {'2': 0.007387469468103901, '4': 0.007387469468103901}
 Cells absent at timepoint  3   {355, 347, 392}
 Missing cell prob  {'7': 9.938876559144457e-08, '2': 2.4197717228886534e-05, '3': 2.4197717228886527e-05, '1': 2.655345133260721e-16, '4': 3.4731547504527565e-06, '6': 1.2473417391153884e-13}
 Missing cell prob  {'7': 0.0008894513239597098, '2': 5.074564464316025e-06, '3': 1.2287804966978037e-11, '1': 5.568591419711953e-17, '4': 0.0008894513239597098, '6': 9.141062309049002e-13}
 Missing cell prob  {'7': 3.27412339755483e-05, '2': 0.007971354878496728, '3': 6.745195121497318e-07, '1': 1.8020971416817386e-15, '4': 0.007971354878496728, '6': 5.897839350553581e-12}
 Timepoint  2
 Timepoint  3
SortedDict({2: {'2': ['0', '1', '2', '3', '4', '5', '6', '7', '8', '9', '10', '11', '12', '13', '14', '15', '16', '17', '18', '19', '20', '21', '22', '23', '24', '25', '26', '27', '28', '29', '30', '31', '32', '33', '34', '35', '36', '37', '38', '39', '40', '45', '55', '57', '59', '66', '79', '84', '94', '73'], '4': ['41', '42', '43', '44', '46', '47', '48', '49', '50', '51', '52', '53', '54', '56', '58', '60', '61', '62', '63', '64', '65', '67', '68', '69', '70', '71', '72', '74', '75', '76', '77', '78', '80', '81', '82', '83', '85', '86', '87', '88', '89', '90', '91', '92', '93', '95', '96', '97', '98', '99']}, 3: {'2': ['101', '107', '125', '135', '155', '167', '176', '184', '191', '206', '226', '229', '230', '232', '235', '242', '263', '270', '281', '300', '304', '305', '334', '335', '345', '346', '349', '356', '359', '367', '373', '376', '388', '395', '396', '397', '398', '399', '400', '401', '402', '403', '404', '405', '406', '407', '408', '409', '410', '411', '412', '413', '414', '415', '416', '417', '418', '419', '420', '421', '422', '423', '424', '425', '426', '355', '392'], '7': ['201', '239', '284', '391', '347'], '1': ['427', '428', '429', '430', '431', '432', '433', '434', '435', '436', '437', '438', '439', '440', '441', '442', '443', '444', '445', '446', '447', '448', '449', '450', '451', '452', '453', '454', '455', '456', '457', '458', '459', '460', '461', '462', '463', '464', '465', '466', '467', '468', '469', '470', '471', '472', '473', '474', '475', '476', '477', '478', '479', '480', '481', '482', '483', '484', '485', '486', '487', '488', '489', '490', '491', '492', '493', '494', '495', '496', '497', '498', '499', '500', '501', '502', '503', '504', '505', '506', '507', '508', '509', '510', '511', '512', '513', '514', '515', '516', '517', '518', '519', '521', '522', '523', '524', '525', '526', '527', '528', '529', '530', '531', '532', '533', '534', '535', '536', '537', '538', '539', '540', '541', '542', '543', '544', '545', '546', '547', '548', '549', '550', '551', '552', '553', '554', '555', '556', '557', '558', '559', '560', '561', '562', '563', '564', '565', '566', '567', '568', '570', '571', '572', '573', '574', '575', '577', '578', '579', '580', '581', '582', '583', '584', '585', '586', '587', '588', '589', '590', '591', '592', '593', '594', '595', '596', '597', '598', '599'], '6': ['569'], '3': ['520', '576'], '4': ['100', '102', '103', '104', '105', '106', '108', '109', '110', '111', '112', '113', '114', '115', '116', '117', '118', '119', '120', '121', '122', '123', '124', '126', '127', '128', '129', '130', '131', '132', '133', '134', '136', '137', '138', '139', '140', '141', '142', '143', '144', '145', '146', '147', '148', '149', '150', '151', '152', '153', '154', '156', '157', '158', '159', '160', '161', '162', '163', '164', '165', '166', '168', '169', '170', '171', '172', '173', '174', '175', '177', '178', '179', '180', '181', '182', '183', '185', '186', '187', '188', '189', '190', '192', '193', '194', '195', '196', '197', '198', '199', '200', '202', '203', '204', '205', '207', '208', '209', '210', '211', '212', '213', '214', '215', '216', '217', '218', '219', '220', '221', '222', '223', '224', '225', '227', '228', '231', '233', '234', '236', '237', '238', '240', '241', '243', '244', '245', '246', '247', '248', '249', '250', '251', '252', '253', '254', '255', '256', '257', '258', '259', '260', '261', '262', '264', '265', '266', '267', '268', '269', '271', '272', '273', '274', '275', '276', '277', '278', '279', '280', '282', '283', '285', '286', '287', '288', '289', '290', '291', '292', '293', '294', '295', '296', '297', '298', '299', '301', '302', '303', '306', '307', '308', '309', '310', '311', '312', '313', '314', '315', '316', '317', '318', '319', '320', '321', '322', '323', '324', '325', '326', '327', '328', '329', '330', '331', '332', '333', '336', '337', '338', '339', '340', '341', '342', '343', '344', '348', '350', '351', '352', '353', '354', '357', '358', '360', '361', '362', '363', '364', '365', '366', '368', '369', '370', '371', '372', '374', '375', '377', '378', '379', '380', '381', '382', '383', '384', '385', '386', '387', '389', '390', '393', '394']}})
 Cluster1  7
SortedDict({2: {'2': ['0', '1', '2', '3', '4', '5', '6', '7', '8', '9', '10', '11', '12', '13', '14', '15', '16', '17', '18', '19', '20', '21', '22', '23', '24', '25', '26', '27', '28', '29', '30', '31', '32', '33', '34', '35', '36', '37', '38', '39', '40', '45', '55', '57', '59', '66', '79', '84', '94', '73'], '4': ['41', '42', '43', '44', '46', '47', '48', '49', '50', '51', '52', '53', '54', '56', '58', '60', '61', '62', '63', '64', '65', '67', '68', '69', '70', '71', '72', '74', '75', '76', '77', '78', '80', '81', '82', '83', '85', '86', '87', '88', '89', '90', '91', '92', '93', '95', '96', '97', '98', '99']}, 3: {'2': ['101', '107', '125', '135', '155', '167', '176', '184', '191', '206', '226', '229', '230', '232', '235', '242', '263', '270', '281', '300', '304', '305', '334', '335', '345', '346', '349', '356', '359', '367', '373', '376', '388', '395', '396', '397', '398', '399', '400', '401', '402', '403', '404', '405', '406', '407', '408', '409', '410', '411', '412', '413', '414', '415', '416', '417', '418', '419', '420', '421', '422', '423', '424', '425', '426', '355', '392'], '7': ['201', '239', '284', '391', '347', '100', '102', '103', '104', '105', '106', '108', '109', '110', '111', '112', '113', '114', '115', '116', '117', '118', '119', '120', '121', '122', '123', '124', '126', '127', '128', '129', '130', '131', '132', '133', '134', '136', '137', '138', '139', '140', '141', '142', '143', '144', '145', '146', '147', '148', '149', '150', '151', '152', '153', '154', '156', '157', '158', '159', '160', '161', '162', '163', '164', '165', '166', '168', '169', '170', '171', '172', '173', '174', '175', '177', '178', '179', '180', '181', '182', '183', '185', '186', '187', '188', '189', '190', '192', '193', '194', '195', '196', '197', '198', '199', '200', '202', '203', '204', '205', '207', '208', '209', '210', '211', '212', '213', '214', '215', '216', '217', '218', '219', '220', '221', '222', '223', '224', '225', '227', '228', '231', '233', '234', '236', '237', '238', '240', '241', '243', '244', '245', '246', '247', '248', '249', '250', '251', '252', '253', '254', '255', '256', '257', '258', '259', '260', '261', '262', '264', '265', '266', '267', '268', '269', '271', '272', '273', '274', '275', '276', '277', '278', '279', '280', '282', '283', '285', '286', '287', '288', '289', '290', '291', '292', '293', '294', '295', '296', '297', '298', '299', '301', '302', '303', '306', '307', '308', '309', '310', '311', '312', '313', '314', '315', '316', '317', '318', '319', '320', '321', '322', '323', '324', '325', '326', '327', '328', '329', '330', '331', '332', '333', '336', '337', '338', '339', '340', '341', '342', '343', '344', '348', '350', '351', '352', '353', '354', '357', '358', '360', '361', '362', '363', '364', '365', '366', '368', '369', '370', '371', '372', '374', '375', '377', '378', '379', '380', '381', '382', '383', '384', '385', '386', '387', '389', '390', '393', '394'], '1': ['427', '428', '429', '430', '431', '432', '433', '434', '435', '436', '437', '438', '439', '440', '441', '442', '443', '444', '445', '446', '447', '448', '449', '450', '451', '452', '453', '454', '455', '456', '457', '458', '459', '460', '461', '462', '463', '464', '465', '466', '467', '468', '469', '470', '471', '472', '473', '474', '475', '476', '477', '478', '479', '480', '481', '482', '483', '484', '485', '486', '487', '488', '489', '490', '491', '492', '493', '494', '495', '496', '497', '498', '499', '500', '501', '502', '503', '504', '505', '506', '507', '508', '509', '510', '511', '512', '513', '514', '515', '516', '517', '518', '519', '521', '522', '523', '524', '525', '526', '527', '528', '529', '530', '531', '532', '533', '534', '535', '536', '537', '538', '539', '540', '541', '542', '543', '544', '545', '546', '547', '548', '549', '550', '551', '552', '553', '554', '555', '556', '557', '558', '559', '560', '561', '562', '563', '564', '565', '566', '567', '568', '570', '571', '572', '573', '574', '575', '577', '578', '579', '580', '581', '582', '583', '584', '585', '586', '587', '588', '589', '590', '591', '592', '593', '594', '595', '596', '597', '598', '599'], '6': ['569'], '3': ['520', '576'], '4': ['100', '102', '103', '104', '105', '106', '108', '109', '110', '111', '112', '113', '114', '115', '116', '117', '118', '119', '120', '121', '122', '123', '124', '126', '127', '128', '129', '130', '131', '132', '133', '134', '136', '137', '138', '139', '140', '141', '142', '143', '144', '145', '146', '147', '148', '149', '150', '151', '152', '153', '154', '156', '157', '158', '159', '160', '161', '162', '163', '164', '165', '166', '168', '169', '170', '171', '172', '173', '174', '175', '177', '178', '179', '180', '181', '182', '183', '185', '186', '187', '188', '189', '190', '192', '193', '194', '195', '196', '197', '198', '199', '200', '202', '203', '204', '205', '207', '208', '209', '210', '211', '212', '213', '214', '215', '216', '217', '218', '219', '220', '221', '222', '223', '224', '225', '227', '228', '231', '233', '234', '236', '237', '238', '240', '241', '243', '244', '245', '246', '247', '248', '249', '250', '251', '252', '253', '254', '255', '256', '257', '258', '259', '260', '261', '262', '264', '265', '266', '267', '268', '269', '271', '272', '273', '274', '275', '276', '277', '278', '279', '280', '282', '283', '285', '286', '287', '288', '289', '290', '291', '292', '293', '294', '295', '296', '297', '298', '299', '301', '302', '303', '306', '307', '308', '309', '310', '311', '312', '313', '314', '315', '316', '317', '318', '319', '320', '321', '322', '323', '324', '325', '326', '327', '328', '329', '330', '331', '332', '333', '336', '337', '338', '339', '340', '341', '342', '343', '344', '348', '350', '351', '352', '353', '354', '357', '358', '360', '361', '362', '363', '364', '365', '366', '368', '369', '370', '371', '372', '374', '375', '377', '378', '379', '380', '381', '382', '383', '384', '385', '386', '387', '389', '390', '393', '394']}})
 Cluster1  1
 Cluster to drop  4
 Cluster to drop  3
 After reassigning and merging cells 
 Timepoint  2
 Cluster  2  # of cells  50
 Cluster  4  # of cells  50
 Timepoint  3
 Cluster  2  # of cells  67
 Cluster  7  # of cells  260
 Cluster  1  # of cells  172
 Cluster  6  # of cells  1
 Tp cluster cell dict  {'2_2': 50, '4_2': 50, '2_3': 67, '7_3': 260, '1_3': 172, '6_3': 1}
 New Graph is here 
 ID  0  Timepoint  1  Mutations  []  Type  subclone
 ID  1  Timepoint  2  Mutations  [0, 1, 2, 3, 4, 5, 6]  Type  subclone
 ID  2  Timepoint  2  Mutations  [0, 1, 2, 3, 4, 5, 6, 19, 20, 21, 22]  Type  subclone
 ID  3  Timepoint  3  Mutations  [0, 1, 2, 3, 4, 5, 6]  Type  subclone
 ID  4  Timepoint  3  Mutations  [0, 1, 2, 3, 4, 5, 6, 19, 20, 21, 22]  Type  subclone
 ID  5  Timepoint  3  Mutations  [0, 1, 2, 3, 4, 5, 6, 23, 24, 25, 26, 27, 28, 29, 30, 31, 32, 33, 34, 35, 36, 37, 38]  Type  subclone
 ID  6  Timepoint  3  Mutations  [4, 5, 6, 11, 14, 19, 23, 25, 27, 31, 33, 35, 36, 37, 38]  Type  subclone
Timepoints  SortedDict({1: [0], 2: [1, 2], 3: [3, 4, 5, 6]})
 Clone to nodes  {'2_2': 1, '4_2': 2, '2_3': 3, '7_3': 4, '1_3': 5, '6_3': 6}
 Timepoint ====  1
 Hash table  {'0,1': [0, 1, 2, 3, 4, 5, 6], '1': [19, 20, 21, 22]}
 Final possible usc  [[0, 1, 2, 3, 4, 5, 6], [19, 20, 21, 22]]
 Time  1  USC keys  {'19,20,21,22_0', '0,1,2,3,4,5,6_0'}
 USC children  {'0,1,2,3,4,5,6_0': [1, 2], '19,20,21,22_0': [2]}
 USC children  {'0,1,2,3,4,5,6_0': [1, 2], '19,20,21,22_0': [2]}
 Timepoint ====  2
 Hash table  {'0': [0, 1, 2, 3, 24, 26, 28, 29, 30, 32, 34], '0,1': [4, 5, 6, 23, 25, 27, 31, 33, 35, 36, 37, 38], '1': [11, 14, 19]}
====== Inside find superset of t nodes ==========
 Final possible usc  []
 Time  2  USC keys  set()
 USC children  {'0,1,2,3,4,5,6_0': [1, 2], '19,20,21,22_0': [2]}
 USC children  {'0,1,2,3,4,5,6_0': [1, 2], '19,20,21,22_0': [2]}
 Node s  {'1,2': ['0', '1', '2', '3', '4', '5', '6']}
 Enroll USC nodes  ['1', '2']  len  2
 Node TP  SortedDict({1: [0], 2: [1, 2], 3: [3, 4, 5, 6]})
 Unobserved subclones at timepoints  {1.5: [7]}
 ============== Inside finding node v ============ 
 Time  2
 Time  3
 largest_v_mut  [[0, 1, 2, 3, 4, 5, 6]]
 largest_v_mut  []
 Sorted all timepoints  [1, 1.5, 2, 3]
 Timepoint  2
 Inside usc_node check  2
 Timepoint  3
 Node  6  has no parent 
 USC nodes  []
 Node with minimum mutation sets  {1: 4, 2: 7}
0   1   [-1]   subclone   []   []
1   2   [7]   subclone   [0, 1, 2, 3, 4, 5, 6]   [0]
2   2   [7]   subclone   [0, 1, 2, 3, 4, 5, 6, 19, 20, 21, 22]   [4]
3   3   [1]   subclone   [0, 1, 2, 3, 4, 5, 6]   [0]
4   3   [2]   subclone   [0, 1, 2, 3, 4, 5, 6, 19, 20, 21, 22]   [0]
5   3   [1]   subclone   [0, 1, 2, 3, 4, 5, 6, 23, 24, 25, 26, 27, 28, 29, 30, 31, 32, 33, 34, 35, 36, 37, 38]   [16]
6   3   [1]   subclone   [4, 5, 6, 11, 14, 19, 23, 25, 27, 31, 33, 35, 36, 37, 38]   [12]
7   1.5   [0]   unobserved subclone   [0, 1, 2, 3, 4, 5, 6]   [7]
6
 Total estimated FP  119  True negatives  11904
 Total estimated FN  1981  True positives  4716
 Estimated FP rate  0.02461
 Estimated FN rate  0.14
 No. of Cells in each cluster  {'5_2': 44, '5_3': 41, '3_3': 1, '2_3': 172, '4_3': 1, '0_2': 56, '0_3': 285}
 Cells in each cluster  {'5_2': [0, 1, 2, 3, 4, 5, 6, 7, 8, 9, 10, 11, 12, 13, 14, 15, 16, 17, 18, 19, 20, 21, 22, 23, 24, 25, 26, 27, 28, 29, 30, 31, 32, 33, 34, 35, 36, 37, 38, 39, 40, 45, 66, 79], '5_3': [101, 135, 184, 226, 230, 304, 305, 334, 388, 395, 396, 397, 398, 399, 400, 401, 402, 403, 404, 405, 406, 407, 408, 409, 410, 411, 412, 413, 414, 415, 416, 417, 418, 419, 420, 421, 422, 423, 424, 425, 426], '3_3': [284], '2_3': [427, 428, 429, 430, 431, 432, 433, 434, 435, 436, 437, 438, 439, 440, 441, 442, 443, 444, 445, 446, 447, 448, 449, 450, 451, 452, 453, 454, 455, 456, 457, 458, 459, 460, 461, 462, 463, 464, 465, 466, 467, 468, 469, 470, 471, 472, 473, 474, 475, 476, 477, 478, 479, 480, 481, 482, 483, 484, 485, 486, 487, 488, 489, 490, 491, 492, 493, 494, 495, 496, 497, 498, 499, 500, 501, 502, 503, 504, 505, 506, 507, 508, 509, 510, 511, 512, 513, 514, 515, 516, 517, 518, 519, 520, 521, 522, 523, 524, 525, 526, 527, 528, 529, 530, 531, 532, 533, 534, 535, 536, 537, 538, 539, 540, 541, 542, 543, 544, 545, 546, 547, 548, 549, 550, 551, 552, 553, 554, 555, 556, 557, 558, 559, 560, 561, 562, 563, 564, 565, 566, 567, 568, 570, 571, 572, 573, 574, 575, 576, 577, 578, 579, 580, 581, 582, 583, 584, 585, 586, 587, 588, 589, 590, 591, 592, 593, 594, 595, 596, 597, 598, 599], '4_3': [569], '0_2': [57, 59, 84, 41, 42, 43, 44, 46, 47, 48, 49, 50, 51, 52, 53, 54, 55, 56, 58, 60, 61, 62, 63, 64, 65, 67, 68, 69, 70, 71, 72, 73, 74, 75, 76, 77, 78, 80, 81, 82, 83, 85, 86, 87, 88, 89, 90, 91, 92, 93, 94, 95, 96, 97, 98, 99], '0_3': [167, 232, 242, 263, 300, 346, 349, 355, 100, 102, 103, 104, 105, 106, 107, 108, 109, 110, 111, 112, 113, 114, 115, 116, 117, 118, 119, 120, 121, 122, 123, 124, 125, 126, 127, 128, 129, 130, 131, 132, 133, 134, 136, 137, 138, 139, 140, 141, 142, 143, 144, 145, 146, 147, 148, 149, 150, 151, 152, 153, 154, 155, 156, 157, 158, 159, 160, 161, 162, 163, 164, 165, 166, 168, 169, 170, 171, 172, 173, 174, 175, 176, 177, 178, 179, 180, 181, 182, 183, 185, 186, 187, 188, 189, 190, 191, 192, 193, 194, 195, 196, 197, 198, 199, 200, 201, 202, 203, 204, 205, 206, 207, 208, 209, 210, 211, 212, 213, 214, 215, 216, 217, 218, 219, 220, 221, 222, 223, 224, 225, 227, 228, 229, 231, 233, 234, 235, 236, 237, 238, 239, 240, 241, 243, 244, 245, 246, 247, 248, 249, 250, 251, 252, 253, 254, 255, 256, 257, 258, 259, 260, 261, 262, 264, 265, 266, 267, 268, 269, 270, 271, 272, 273, 274, 275, 276, 277, 278, 279, 280, 281, 282, 283, 285, 286, 287, 288, 289, 290, 291, 292, 293, 294, 295, 296, 297, 298, 299, 301, 302, 303, 306, 307, 308, 309, 310, 311, 312, 313, 314, 315, 316, 317, 318, 319, 320, 321, 322, 323, 324, 325, 326, 327, 328, 329, 330, 331, 332, 333, 335, 336, 337, 338, 339, 340, 341, 342, 343, 344, 345, 347, 348, 350, 351, 352, 353, 354, 356, 357, 358, 359, 360, 361, 362, 363, 364, 365, 366, 367, 368, 369, 370, 371, 372, 373, 374, 375, 376, 377, 378, 379, 380, 381, 382, 383, 384, 385, 386, 387, 389, 390, 391, 392, 393, 394]}
FP rate  0.02461 FN rate  0.14
 Before reassigning cells 
 Timepoint  2
 Cluster  5  # of cells  49
 Cluster  0  # of cells  50
 Timepoint  3
 Cluster  5  # of cells  67
 Cluster  3  # of cells  1
 Cluster  2  # of cells  171
 Cluster  4  # of cells  1
 Cluster  0  # of cells  258
 Cells absent at timepoint  2   {73}
 Missing cell prob  {'0': 0.007387469468103901, '5': 0.007387469468103901}
 Cells absent at timepoint  3   {392, 391}
 Missing cell prob  {'5': 0.007971354878496728, '3': 4.699425621112334e-06, '4': 2.503178883192275e-15, '2': 1.8020971416817386e-15, '0': 0.007971354878496728}
 Missing cell prob  {'5': 1.0468141610629498e-07, '3': 2.633557093506043e-06, '4': 5.575922067640222e-17, '2': 1.1487252544172394e-18, '0': 2.633557093506043e-06}
 Timepoint  2
 Timepoint  3
 After reassigning and merging cells 
 Timepoint  2
 Cluster  5  # of cells  49
 Cluster  0  # of cells  51
 Timepoint  3
 Cluster  5  # of cells  68
 Cluster  3  # of cells  2
 Cluster  2  # of cells  171
 Cluster  4  # of cells  1
 Cluster  0  # of cells  258
 Tp cluster cell dict  {'5_2': 49, '0_2': 51, '5_3': 68, '3_3': 2, '2_3': 171, '4_3': 1, '0_3': 258}
 New Graph is here 
 ID  0  Timepoint  1  Mutations  []  Type  subclone
 ID  1  Timepoint  2  Mutations  [0, 1, 2, 3, 4, 5, 6]  Type  subclone
 ID  2  Timepoint  2  Mutations  [0, 1, 2, 3, 4, 5, 6, 19, 20, 21, 22]  Type  subclone
 ID  3  Timepoint  3  Mutations  [0, 1, 2, 3, 4, 5, 6]  Type  subclone
 ID  4  Timepoint  3  Mutations  [0, 1, 2, 3, 4, 5, 6, 11, 13, 14, 16, 19, 20, 21, 22, 28, 32]  Type  subclone
 ID  5  Timepoint  3  Mutations  [0, 1, 2, 3, 4, 5, 6, 23, 24, 25, 26, 27, 28, 29, 30, 31, 32, 33, 34, 35, 36, 37, 38]  Type  subclone
 ID  6  Timepoint  3  Mutations  [4, 5, 6, 8, 11, 14, 18, 19, 23, 24, 25, 27, 30, 31, 33, 34, 35, 36, 37]  Type  subclone
 ID  7  Timepoint  3  Mutations  [0, 1, 2, 3, 4, 5, 6, 19, 20, 21, 22]  Type  subclone
Timepoints  SortedDict({1: [0], 2: [1, 2], 3: [3, 4, 5, 6, 7]})
 Clone to nodes  {'5_2': 1, '0_2': 2, '5_3': 3, '3_3': 4, '2_3': 5, '4_3': 6, '0_3': 7}
 Timepoint ====  1
 Hash table  {'0,1': [0, 1, 2, 3, 4, 5, 6], '1': [19, 20, 21, 22]}
 Final possible usc  [[0, 1, 2, 3, 4, 5, 6], [19, 20, 21, 22]]
 Time  1  USC keys  {'19,20,21,22_0', '0,1,2,3,4,5,6_0'}
 USC children  {'0,1,2,3,4,5,6_0': [1, 2], '19,20,21,22_0': [2]}
 USC children  {'0,1,2,3,4,5,6_0': [1, 2], '19,20,21,22_0': [2]}
 Timepoint ====  2
 Hash table  {'0,1': [0, 1, 2, 3, 28, 32], '0,1,2': [4, 5, 6], '0,2': [11, 14, 19], '0': [13, 16, 20, 21, 22], '1,2': [23, 24, 25, 27, 30, 31, 33, 34, 35, 36, 37], '1': [26, 29, 38], '2': [8, 18]}
====== Inside find superset of t nodes ==========
 Final possible usc  []
 Time  2  USC keys  set()
 USC children  {'0,1,2,3,4,5,6_0': [1, 2], '19,20,21,22_0': [2]}
 USC children  {'0,1,2,3,4,5,6_0': [1, 2], '19,20,21,22_0': [2]}
 Node s  {'1,2': ['0', '1', '2', '3', '4', '5', '6']}
 Enroll USC nodes  ['1', '2']  len  2
 Node TP  SortedDict({1: [0], 2: [1, 2], 3: [3, 4, 5, 6, 7]})
 Unobserved subclones at timepoints  {1.5: [8]}
 ============== Inside finding node v ============ 
 Time  2
 Time  3
 largest_v_mut  [[0, 1, 2, 3, 4, 5, 6, 19, 20, 21, 22]]
 largest_v_mut  [[0, 1, 2, 3, 4, 5, 6]]
 largest_v_mut  []
 Sorted all timepoints  [1, 1.5, 2, 3]
 Timepoint  2
 Inside usc_node check  2
 Timepoint  3
 Node  6  has no parent 
 USC nodes  []
 Node with minimum mutation sets  {1: 4, 2: 7}
0   1   [-1]   subclone   []   []
1   2   [8]   subclone   [0, 1, 2, 3, 4, 5, 6]   [0]
2   2   [8]   subclone   [0, 1, 2, 3, 4, 5, 6, 19, 20, 21, 22]   [4]
3   3   [1]   subclone   [0, 1, 2, 3, 4, 5, 6]   [0]
4   3   [2]   subclone   [0, 1, 2, 3, 4, 5, 6, 11, 13, 14, 16, 19, 20, 21, 22, 28, 32]   [6]
5   3   [1]   subclone   [0, 1, 2, 3, 4, 5, 6, 23, 24, 25, 26, 27, 28, 29, 30, 31, 32, 33, 34, 35, 36, 37, 38]   [16]
6   3   [1]   subclone   [4, 5, 6, 8, 11, 14, 18, 19, 23, 24, 25, 27, 30, 31, 33, 34, 35, 36, 37]   [16]
7   3   [2]   subclone   [0, 1, 2, 3, 4, 5, 6, 19, 20, 21, 22]   [0]
8   1.5   [0]   unobserved subclone   [0, 1, 2, 3, 4, 5, 6]   [7]
6
 Total estimated FP  122  True negatives  11898
 Total estimated FN  1987  True positives  4713
 Estimated FP rate  0.02523
 Estimated FN rate  0.14
 No. of Cells in each cluster  {'5_2': 43, '5_3': 41, '1_3': 172, '4_3': 1, '2_2': 57, '2_3': 286}
 Cells in each cluster  {'5_2': [0, 1, 2, 3, 4, 5, 6, 7, 8, 9, 10, 11, 12, 13, 14, 15, 16, 17, 18, 19, 20, 21, 22, 23, 24, 25, 26, 27, 28, 29, 30, 32, 33, 34, 35, 36, 37, 38, 39, 40, 45, 66, 79], '5_3': [101, 135, 184, 226, 230, 304, 305, 334, 388, 395, 396, 397, 398, 399, 400, 401, 402, 403, 404, 405, 406, 407, 408, 409, 410, 411, 412, 413, 414, 415, 416, 417, 418, 419, 420, 421, 422, 423, 424, 425, 426], '1_3': [427, 428, 429, 430, 431, 432, 433, 434, 435, 436, 437, 438, 439, 440, 441, 442, 443, 444, 445, 446, 447, 448, 449, 450, 451, 452, 453, 454, 455, 456, 457, 458, 459, 460, 461, 462, 463, 464, 465, 466, 467, 468, 469, 470, 471, 472, 473, 474, 475, 476, 477, 478, 479, 480, 481, 482, 483, 484, 485, 486, 487, 488, 489, 490, 491, 492, 493, 494, 495, 496, 497, 498, 499, 500, 501, 502, 503, 504, 505, 506, 507, 508, 509, 510, 511, 512, 513, 514, 515, 516, 517, 518, 519, 520, 521, 522, 523, 524, 525, 526, 527, 528, 529, 530, 531, 532, 533, 534, 535, 536, 537, 538, 539, 540, 541, 542, 543, 544, 545, 546, 547, 548, 549, 550, 551, 552, 553, 554, 555, 556, 557, 558, 559, 560, 561, 562, 563, 564, 565, 566, 567, 568, 570, 571, 572, 573, 574, 575, 576, 577, 578, 579, 580, 581, 582, 583, 584, 585, 586, 587, 588, 589, 590, 591, 592, 593, 594, 595, 596, 597, 598, 599], '4_3': [569], '2_2': [41, 42, 43, 44, 46, 47, 48, 49, 50, 51, 52, 53, 55, 56, 58, 60, 61, 62, 63, 64, 65, 67, 68, 69, 70, 71, 72, 73, 74, 75, 76, 77, 78, 80, 81, 82, 83, 85, 86, 87, 88, 89, 90, 91, 92, 93, 94, 95, 96, 97, 98, 99, 31, 54, 57, 59, 84], '2_3': [100, 102, 103, 104, 105, 106, 107, 108, 109, 110, 111, 112, 113, 114, 115, 116, 117, 118, 119, 120, 121, 122, 123, 124, 125, 126, 127, 128, 129, 130, 131, 132, 133, 134, 136, 137, 138, 139, 140, 141, 142, 143, 144, 145, 147, 148, 149, 150, 151, 152, 153, 154, 155, 156, 157, 158, 159, 160, 161, 162, 163, 164, 165, 166, 168, 169, 170, 171, 172, 173, 174, 175, 176, 177, 178, 179, 180, 183, 185, 186, 187, 188, 189, 190, 191, 192, 193, 194, 195, 196, 197, 198, 199, 200, 201, 202, 203, 204, 205, 206, 207, 208, 209, 211, 212, 213, 214, 215, 216, 217, 218, 219, 220, 221, 222, 223, 224, 225, 227, 228, 229, 231, 233, 235, 236, 237, 238, 239, 240, 241, 243, 244, 245, 246, 247, 248, 249, 250, 251, 252, 253, 254, 255, 256, 257, 258, 259, 260, 261, 262, 264, 265, 266, 267, 268, 269, 270, 271, 273, 274, 275, 276, 277, 278, 279, 280, 281, 282, 283, 285, 286, 287, 289, 290, 291, 292, 293, 294, 295, 296, 297, 298, 299, 301, 302, 303, 306, 307, 308, 309, 310, 311, 312, 313, 314, 315, 316, 317, 318, 319, 320, 321, 322, 323, 324, 325, 326, 327, 328, 329, 330, 331, 332, 333, 335, 336, 337, 338, 339, 340, 341, 342, 343, 344, 345, 347, 348, 350, 351, 352, 353, 354, 356, 357, 358, 359, 360, 361, 362, 363, 364, 365, 366, 367, 368, 369, 370, 371, 372, 373, 374, 375, 376, 377, 378, 379, 380, 381, 382, 383, 384, 385, 386, 387, 389, 390, 391, 392, 393, 394, 146, 284, 288, 300, 167, 181, 182, 210, 232, 234, 242, 263, 272, 346, 349, 355]}
FP rate  0.02523 FN rate  0.14
 Before reassigning cells 
 Timepoint  2
 Cluster  5  # of cells  49
 Cluster  2  # of cells  50
 Timepoint  3
 Cluster  5  # of cells  67
 Cluster  1  # of cells  171
 Cluster  4  # of cells  1
 Cluster  2  # of cells  260
 Cells absent at timepoint  3   {392}
 Missing cell prob  {'1': 1.791813898485216e-15, '5': 0.007850633183081178, '4': 8.601660456052012e-13, '2': 0.007850633183081178}
 Cells absent at timepoint  2   {73}
 Missing cell prob  {'5': 0.007289482084285023, '2': 0.007289482084285023}
 Timepoint  2
 Timepoint  3
 After reassigning and merging cells 
 Timepoint  2
 Cluster  5  # of cells  50
 Cluster  2  # of cells  50
 Timepoint  3
 Cluster  5  # of cells  68
 Cluster  1  # of cells  171
 Cluster  4  # of cells  1
 Cluster  2  # of cells  260
 Tp cluster cell dict  {'5_2': 50, '2_2': 50, '5_3': 68, '1_3': 171, '4_3': 1, '2_3': 260}
 New Graph is here 
 ID  0  Timepoint  1  Mutations  []  Type  subclone
 ID  1  Timepoint  2  Mutations  [0, 1, 2, 3, 4, 5, 6]  Type  subclone
 ID  2  Timepoint  2  Mutations  [0, 1, 2, 3, 4, 5, 6, 19, 20, 21, 22]  Type  subclone
 ID  3  Timepoint  3  Mutations  [0, 1, 2, 3, 4, 5, 6]  Type  subclone
 ID  4  Timepoint  3  Mutations  [0, 1, 2, 3, 4, 5, 6, 23, 24, 25, 26, 27, 28, 29, 30, 31, 32, 33, 34, 35, 36, 37, 38]  Type  subclone
 ID  5  Timepoint  3  Mutations  [4, 5, 6, 8, 11, 14, 18, 19, 22, 23, 24, 31, 33, 34, 35, 36, 37]  Type  subclone
 ID  6  Timepoint  3  Mutations  [0, 1, 2, 3, 4, 5, 6, 19, 20, 21, 22]  Type  subclone
Timepoints  SortedDict({1: [0], 2: [1, 2], 3: [3, 4, 5, 6]})
 Clone to nodes  {'5_2': 1, '2_2': 2, '5_3': 3, '1_3': 4, '4_3': 5, '2_3': 6}
 Timepoint ====  1
 Hash table  {'0,1': [0, 1, 2, 3, 4, 5, 6], '1': [19, 20, 21, 22]}
 Final possible usc  [[0, 1, 2, 3, 4, 5, 6], [19, 20, 21, 22]]
 Time  1  USC keys  {'0,1,2,3,4,5,6_0', '19,20,21,22_0'}
 USC children  {'0,1,2,3,4,5,6_0': [1, 2], '19,20,21,22_0': [2]}
 USC children  {'0,1,2,3,4,5,6_0': [1, 2], '19,20,21,22_0': [2]}
 Timepoint ====  2
 Hash table  {'0': [0, 1, 2, 3, 25, 26, 27, 28, 29, 30, 32, 38], '0,1': [4, 5, 6, 23, 24, 31, 33, 34, 35, 36, 37], '1': [8, 11, 14, 18, 19, 22]}
====== Inside find superset of t nodes ==========
 Final possible usc  []
 Time  2  USC keys  set()
 USC children  {'0,1,2,3,4,5,6_0': [1, 2], '19,20,21,22_0': [2]}
 USC children  {'0,1,2,3,4,5,6_0': [1, 2], '19,20,21,22_0': [2]}
 Node s  {'1,2': ['0', '1', '2', '3', '4', '5', '6']}
 Enroll USC nodes  ['1', '2']  len  2
 Node TP  SortedDict({1: [0], 2: [1, 2], 3: [3, 4, 5, 6]})
 Unobserved subclones at timepoints  {1.5: [7]}
 ============== Inside finding node v ============ 
 Time  2
 Time  3
 largest_v_mut  [[0, 1, 2, 3, 4, 5, 6]]
 largest_v_mut  []
 Sorted all timepoints  [1, 1.5, 2, 3]
 Timepoint  2
 Inside usc_node check  2
 Timepoint  3
 Node  5  has no parent 
 USC nodes  []
 Node with minimum mutation sets  {1: 4, 2: 6}
0   1   [-1]   subclone   []   []
1   2   [7]   subclone   [0, 1, 2, 3, 4, 5, 6]   [0]
2   2   [7]   subclone   [0, 1, 2, 3, 4, 5, 6, 19, 20, 21, 22]   [4]
3   3   [1]   subclone   [0, 1, 2, 3, 4, 5, 6]   [0]
4   3   [1]   subclone   [0, 1, 2, 3, 4, 5, 6, 23, 24, 25, 26, 27, 28, 29, 30, 31, 32, 33, 34, 35, 36, 37, 38]   [16]
5   3   [1]   subclone   [4, 5, 6, 8, 11, 14, 18, 19, 22, 23, 24, 31, 33, 34, 35, 36, 37]   [14]
6   3   [2]   subclone   [0, 1, 2, 3, 4, 5, 6, 19, 20, 21, 22]   [0]
7   1.5   [0]   unobserved subclone   [0, 1, 2, 3, 4, 5, 6]   [7]
9
 Total estimated FP  122  True negatives  11895
 Total estimated FN  1990  True positives  4713
 Estimated FP rate  0.02523
 Estimated FN rate  0.14
 No. of Cells in each cluster  {'7_2': 42, '7_3': 39, '8_3': 1, '3_2': 58, '3_3': 288, '5_3': 172}
 Cells in each cluster  {'7_2': [0, 1, 2, 3, 4, 5, 6, 7, 8, 9, 10, 11, 12, 13, 14, 15, 16, 17, 18, 19, 20, 21, 22, 23, 24, 25, 26, 27, 28, 29, 30, 32, 33, 34, 35, 36, 37, 38, 39, 45, 66, 79], '7_3': [101, 135, 184, 226, 230, 305, 334, 388, 396, 397, 398, 399, 400, 401, 402, 403, 404, 405, 406, 407, 408, 409, 410, 411, 412, 413, 414, 415, 416, 417, 418, 419, 420, 421, 422, 423, 424, 425, 426], '8_3': [569], '3_2': [88, 41, 42, 43, 44, 46, 47, 48, 49, 50, 51, 52, 53, 54, 55, 56, 58, 60, 61, 62, 64, 65, 67, 68, 69, 70, 71, 72, 73, 74, 75, 76, 77, 78, 80, 81, 82, 83, 85, 86, 87, 89, 90, 91, 92, 93, 94, 95, 96, 97, 98, 99, 63, 31, 40, 57, 59, 84], '3_3': [109, 155, 191, 198, 211, 256, 267, 352, 379, 100, 102, 103, 104, 105, 106, 107, 108, 110, 111, 112, 113, 114, 115, 116, 117, 118, 119, 120, 121, 122, 123, 124, 125, 126, 127, 128, 129, 131, 132, 133, 134, 136, 137, 138, 139, 140, 141, 142, 144, 145, 148, 149, 150, 151, 152, 153, 154, 156, 157, 158, 159, 160, 161, 162, 163, 164, 165, 166, 168, 169, 170, 171, 172, 173, 174, 175, 176, 177, 178, 179, 180, 181, 182, 183, 185, 186, 187, 188, 189, 190, 192, 193, 194, 195, 196, 197, 199, 200, 201, 202, 203, 204, 205, 206, 207, 208, 209, 210, 212, 213, 214, 215, 216, 217, 218, 219, 220, 221, 222, 223, 224, 225, 227, 228, 229, 231, 233, 234, 235, 236, 237, 238, 239, 241, 243, 244, 245, 246, 247, 248, 249, 250, 251, 253, 254, 255, 257, 258, 259, 260, 261, 262, 264, 265, 266, 268, 269, 270, 271, 272, 273, 274, 275, 276, 277, 278, 279, 280, 281, 282, 283, 285, 286, 287, 289, 290, 291, 292, 293, 294, 295, 296, 297, 298, 299, 301, 303, 306, 307, 308, 309, 310, 311, 312, 313, 314, 315, 316, 317, 318, 319, 320, 321, 322, 323, 324, 325, 326, 327, 328, 329, 330, 332, 333, 335, 336, 337, 338, 339, 340, 341, 342, 343, 344, 345, 347, 348, 350, 351, 354, 356, 357, 358, 359, 360, 361, 362, 363, 364, 365, 366, 367, 368, 369, 370, 371, 372, 373, 374, 375, 376, 377, 378, 380, 381, 382, 383, 384, 385, 386, 387, 389, 390, 391, 392, 393, 394, 130, 143, 147, 240, 252, 302, 331, 353, 146, 284, 288, 300, 167, 232, 242, 263, 304, 346, 349, 355, 395], '5_3': [488, 505, 534, 427, 428, 429, 430, 431, 432, 433, 434, 435, 436, 437, 438, 439, 440, 441, 442, 443, 444, 445, 446, 447, 448, 449, 450, 451, 452, 453, 454, 455, 456, 457, 458, 459, 460, 461, 462, 463, 464, 465, 466, 467, 468, 469, 470, 471, 472, 473, 474, 475, 476, 477, 478, 479, 480, 481, 482, 483, 484, 485, 486, 487, 489, 490, 491, 492, 493, 494, 495, 496, 497, 498, 499, 500, 501, 502, 503, 504, 506, 507, 508, 509, 510, 511, 512, 513, 514, 515, 516, 517, 518, 519, 520, 521, 522, 523, 524, 525, 526, 527, 528, 529, 530, 531, 532, 533, 535, 536, 537, 538, 539, 540, 541, 542, 543, 544, 545, 546, 547, 548, 549, 550, 551, 552, 553, 554, 555, 556, 557, 558, 559, 560, 561, 562, 563, 564, 565, 566, 567, 568, 570, 571, 572, 573, 574, 575, 576, 577, 578, 579, 580, 581, 582, 583, 584, 585, 586, 587, 588, 589, 590, 591, 592, 593, 594, 595, 596, 597, 598, 599]}
FP rate  0.02523 FN rate  0.14
 Before reassigning cells 
 Timepoint  2
 Cluster  7  # of cells  49
 Cluster  3  # of cells  50
 Timepoint  3
 Cluster  7  # of cells  67
 Cluster  8  # of cells  1
 Cluster  3  # of cells  260
 Cluster  5  # of cells  171
 Cells absent at timepoint  2   {73}
 Missing cell prob  {'3': 0.007289482084285023, '7': 0.007289482084285023}
 Cells absent at timepoint  3   {392}
 Missing cell prob  {'3': 0.007850633183081178, '8': 4.169946980279464e-11, '5': 1.791813898485216e-15, '7': 0.007850633183081178}
 Timepoint  2
 Timepoint  3
 After reassigning and merging cells 
 Timepoint  2
 Cluster  7  # of cells  49
 Cluster  3  # of cells  51
 Timepoint  3
 Cluster  7  # of cells  67
 Cluster  8  # of cells  1
 Cluster  3  # of cells  261
 Cluster  5  # of cells  171
 Tp cluster cell dict  {'7_2': 49, '3_2': 51, '7_3': 67, '8_3': 1, '3_3': 261, '5_3': 171}
 New Graph is here 
 ID  0  Timepoint  1  Mutations  []  Type  subclone
 ID  1  Timepoint  2  Mutations  [0, 1, 2, 3, 4, 5, 6]  Type  subclone
 ID  2  Timepoint  2  Mutations  [0, 1, 2, 3, 4, 5, 6, 19, 20, 21, 22]  Type  subclone
 ID  3  Timepoint  3  Mutations  [0, 1, 2, 3, 4, 5, 6]  Type  subclone
 ID  4  Timepoint  3  Mutations  [4, 5, 6, 8, 14, 18, 19, 22, 23, 30, 31, 32, 33, 35, 36, 37]  Type  subclone
 ID  5  Timepoint  3  Mutations  [0, 1, 2, 3, 4, 5, 6, 19, 20, 21, 22]  Type  subclone
 ID  6  Timepoint  3  Mutations  [0, 1, 2, 3, 4, 5, 6, 23, 24, 25, 26, 27, 28, 29, 30, 31, 32, 33, 34, 35, 36, 37, 38]  Type  subclone
Timepoints  SortedDict({1: [0], 2: [1, 2], 3: [3, 4, 5, 6]})
 Clone to nodes  {'7_2': 1, '3_2': 2, '7_3': 3, '8_3': 4, '3_3': 5, '5_3': 6}
 Timepoint ====  1
 Hash table  {'0,1': [0, 1, 2, 3, 4, 5, 6], '1': [19, 20, 21, 22]}
 Final possible usc  [[0, 1, 2, 3, 4, 5, 6], [19, 20, 21, 22]]
 Time  1  USC keys  {'0,1,2,3,4,5,6_0', '19,20,21,22_0'}
 USC children  {'0,1,2,3,4,5,6_0': [1, 2], '19,20,21,22_0': [2]}
 USC children  {'0,1,2,3,4,5,6_0': [1, 2], '19,20,21,22_0': [2]}
 Timepoint ====  2
 Hash table  {'0,1': [4, 5, 6, 23, 30, 31, 32, 33, 35, 36, 37], '0': [8, 14, 18, 19, 22], '1': [0, 1, 2, 3, 24, 25, 26, 27, 28, 29, 34, 38]}
====== Inside find superset of t nodes ==========
 Final possible usc  []
 Time  2  USC keys  set()
 USC children  {'0,1,2,3,4,5,6_0': [1, 2], '19,20,21,22_0': [2]}
 USC children  {'0,1,2,3,4,5,6_0': [1, 2], '19,20,21,22_0': [2]}
 Node s  {'1,2': ['0', '1', '2', '3', '4', '5', '6']}
 Enroll USC nodes  ['1', '2']  len  2
 Node TP  SortedDict({1: [0], 2: [1, 2], 3: [3, 4, 5, 6]})
 Unobserved subclones at timepoints  {1.5: [7]}
 ============== Inside finding node v ============ 
 Time  2
 Time  3
 largest_v_mut  []
 largest_v_mut  [[0, 1, 2, 3, 4, 5, 6]]
 Sorted all timepoints  [1, 1.5, 2, 3]
 Timepoint  2
 Inside usc_node check  2
 Timepoint  3
 Node  4  has no parent 
 USC nodes  []
 Node with minimum mutation sets  {1: 4, 2: 6}
0   1   [-1]   subclone   []   []
1   2   [7]   subclone   [0, 1, 2, 3, 4, 5, 6]   [0]
2   2   [7]   subclone   [0, 1, 2, 3, 4, 5, 6, 19, 20, 21, 22]   [4]
3   3   [1]   subclone   [0, 1, 2, 3, 4, 5, 6]   [0]
4   3   [1]   subclone   [4, 5, 6, 8, 14, 18, 19, 22, 23, 30, 31, 32, 33, 35, 36, 37]   [13]
5   3   [2]   subclone   [0, 1, 2, 3, 4, 5, 6, 19, 20, 21, 22]   [0]
6   3   [1]   subclone   [0, 1, 2, 3, 4, 5, 6, 23, 24, 25, 26, 27, 28, 29, 30, 31, 32, 33, 34, 35, 36, 37, 38]   [16]
7   1.5   [0]   unobserved subclone   [0, 1, 2, 3, 4, 5, 6]   [7]
 List of tree files  ['all_trees/bp3_rep2_m1_tree.csv', 'all_trees/bp3_rep2_m2_tree.csv', 'all_trees/bp3_rep2_m3_tree.csv', 'all_trees/bp3_rep2_m4_tree.csv', 'all_trees/bp3_rep2_m5_tree.csv']
{'1': ['0', '1', '2', '3', '4', '5', '6'], '2': ['0', '1', '2', '3', '4', '5', '6', '19', '20', '21', '22'], '3': ['0', '1', '2', '3', '4', '5', '6'], '4': ['0', '1', '2', '3', '4', '5', '6', '23', '24', '25', '26', '27', '28', '29', '30', '31', '32', '33', '34', '35', '36', '37', '38'], '5': ['4', '5', '6', '14', '22', '23', '30', '31', '32', '33', '34', '35', '37'], '6': ['0', '1', '2', '3', '4', '5', '6', '19', '20', '21', '22'], '7': ['0', '1', '2', '3', '4', '5', '6']}
 Actual mutation of  1   []
 Actual mutation of  2   ['22', '20', '19', '21']
 Actual mutation of  3   []
 Actual mutation of  4   ['33', '34', '35', '25', '37', '32', '27', '23', '38', '31', '30', '36', '29', '26', '28', '24']
 Actual mutation of  5   ['33', '22', '34', '35', '37', '32', '23', '31', '30', '14']
 Actual mutation of  6   []
 Updated node mutation  {'1': [], '2': ['22', '20', '19', '21'], '3': [], '4': ['33', '34', '35', '25', '37', '32', '27', '23', '38', '31', '30', '36', '29', '26', '28', '24'], '5': ['33', '22', '34', '35', '37', '32', '23', '31', '30', '14'], '6': [], '7': ['0', '1', '2', '3', '4', '5', '6']}
{'1': ['0', '1', '2', '3', '4', '5', '6'], '2': ['0', '1', '2', '3', '4', '5', '6', '19', '20', '21', '22'], '3': ['0', '1', '2', '3', '4', '5', '6'], '4': ['0', '1', '2', '3', '4', '5', '6', '19', '20', '21', '22'], '5': ['0', '1', '2', '3', '4', '5', '6', '23', '24', '25', '26', '27', '28', '29', '30', '31', '32', '33', '34', '35', '36', '37', '38'], '6': ['4', '5', '6', '11', '14', '19', '23', '25', '27', '31', '33', '35', '36', '37', '38'], '7': ['0', '1', '2', '3', '4', '5', '6']}
 Actual mutation of  1   []
 Actual mutation of  2   ['22', '20', '19', '21']
 Actual mutation of  3   []
 Actual mutation of  4   []
 Actual mutation of  5   ['33', '34', '35', '25', '37', '32', '27', '23', '38', '31', '30', '36', '29', '26', '28', '24']
 Actual mutation of  6   ['33', '35', '25', '11', '37', '23', '27', '38', '31', '36', '14', '19']
 Updated node mutation  {'1': [], '2': ['22', '20', '19', '21'], '3': [], '4': [], '5': ['33', '34', '35', '25', '37', '32', '27', '23', '38', '31', '30', '36', '29', '26', '28', '24'], '6': ['33', '35', '25', '11', '37', '23', '27', '38', '31', '36', '14', '19'], '7': ['0', '1', '2', '3', '4', '5', '6']}
{'1': ['0', '1', '2', '3', '4', '5', '6'], '2': ['0', '1', '2', '3', '4', '5', '6', '19', '20', '21', '22'], '3': ['0', '1', '2', '3', '4', '5', '6'], '4': ['0', '1', '2', '3', '4', '5', '6', '11', '13', '14', '16', '19', '20', '21', '22', '28', '32'], '5': ['0', '1', '2', '3', '4', '5', '6', '23', '24', '25', '26', '27', '28', '29', '30', '31', '32', '33', '34', '35', '36', '37', '38'], '6': ['4', '5', '6', '8', '11', '14', '18', '19', '23', '24', '25', '27', '30', '31', '33', '34', '35', '36', '37'], '7': ['0', '1', '2', '3', '4', '5', '6', '19', '20', '21', '22'], '8': ['0', '1', '2', '3', '4', '5', '6']}
 Actual mutation of  1   []
 Actual mutation of  2   ['22', '20', '19', '21']
 Actual mutation of  3   []
 Actual mutation of  4   ['11', '32', '13', '16', '14', '28']
 Actual mutation of  5   ['33', '34', '35', '25', '37', '32', '27', '23', '38', '31', '30', '36', '29', '26', '28', '24']
 Actual mutation of  6   ['33', '34', '35', '25', '37', '11', '27', '23', '31', '30', '36', '18', '14', '19', '24', '8']
 Actual mutation of  7   []
 Updated node mutation  {'1': [], '2': ['22', '20', '19', '21'], '3': [], '4': ['11', '32', '13', '16', '14', '28'], '5': ['33', '34', '35', '25', '37', '32', '27', '23', '38', '31', '30', '36', '29', '26', '28', '24'], '6': ['33', '34', '35', '25', '37', '11', '27', '23', '31', '30', '36', '18', '14', '19', '24', '8'], '7': [], '8': ['0', '1', '2', '3', '4', '5', '6']}
{'1': ['0', '1', '2', '3', '4', '5', '6'], '2': ['0', '1', '2', '3', '4', '5', '6', '19', '20', '21', '22'], '3': ['0', '1', '2', '3', '4', '5', '6'], '4': ['0', '1', '2', '3', '4', '5', '6', '23', '24', '25', '26', '27', '28', '29', '30', '31', '32', '33', '34', '35', '36', '37', '38'], '5': ['4', '5', '6', '8', '11', '14', '18', '19', '22', '23', '24', '31', '33', '34', '35', '36', '37'], '6': ['0', '1', '2', '3', '4', '5', '6', '19', '20', '21', '22'], '7': ['0', '1', '2', '3', '4', '5', '6']}
 Actual mutation of  1   []
 Actual mutation of  2   ['22', '20', '19', '21']
 Actual mutation of  3   []
 Actual mutation of  4   ['33', '34', '35', '25', '37', '32', '27', '23', '38', '31', '30', '36', '29', '26', '28', '24']
 Actual mutation of  5   ['33', '22', '34', '35', '11', '37', '23', '31', '18', '36', '14', '19', '24', '8']
 Actual mutation of  6   []
 Updated node mutation  {'1': [], '2': ['22', '20', '19', '21'], '3': [], '4': ['33', '34', '35', '25', '37', '32', '27', '23', '38', '31', '30', '36', '29', '26', '28', '24'], '5': ['33', '22', '34', '35', '11', '37', '23', '31', '18', '36', '14', '19', '24', '8'], '6': [], '7': ['0', '1', '2', '3', '4', '5', '6']}
{'1': ['0', '1', '2', '3', '4', '5', '6'], '2': ['0', '1', '2', '3', '4', '5', '6', '19', '20', '21', '22'], '3': ['0', '1', '2', '3', '4', '5', '6'], '4': ['4', '5', '6', '8', '14', '18', '19', '22', '23', '30', '31', '32', '33', '35', '36', '37'], '5': ['0', '1', '2', '3', '4', '5', '6', '19', '20', '21', '22'], '6': ['0', '1', '2', '3', '4', '5', '6', '23', '24', '25', '26', '27', '28', '29', '30', '31', '32', '33', '34', '35', '36', '37', '38'], '7': ['0', '1', '2', '3', '4', '5', '6']}
 Actual mutation of  1   []
 Actual mutation of  2   ['22', '20', '19', '21']
 Actual mutation of  3   []
 Actual mutation of  4   ['33', '22', '35', '37', '32', '23', '31', '30', '18', '36', '14', '19', '8']
 Actual mutation of  5   []
 Actual mutation of  6   ['33', '34', '35', '25', '37', '32', '27', '23', '38', '31', '30', '36', '29', '26', '28', '24']
 Updated node mutation  {'1': [], '2': ['22', '20', '19', '21'], '3': [], '4': ['33', '22', '35', '37', '32', '23', '31', '30', '18', '36', '14', '19', '8'], '5': [], '6': ['33', '34', '35', '25', '37', '32', '27', '23', '38', '31', '30', '36', '29', '26', '28', '24'], '7': ['0', '1', '2', '3', '4', '5', '6']}
 Parallel mutation count  {'m1': 9, 'm2': 10, 'm3': 16, 'm4': 10, 'm5': 10}
 Clusters with least parallel mutations  ['m1']
 Best tree path  bp3_rep2_m1_tree.csv
