
DPMM with:
	600 cells
	40 mutations
	learning errors

	Priors:
	params.:	Beta(0.25,0.25)
	CRP a_0:	Gamma(24.49,1)
	FP:		trunc norm(0.01,0.01)
	FN:		trunc norm(0.2,0.1)

Move probabilitites:
	Split/merge:	0.33
		split/merge ratio:	[0.75, 0.25]
		intermediate Gibbs:	3
	CRP a_0 update:	0.25
	Errors update:	0.25

Run MCMC with (1 chains for 5000 steps):

Clustering time:	0:14:29.015627	(0.17 secs. per MCMC step)	Lugsail PSRF:		1.00924

Chain mean - posterior clusters	(#7):
	7 clusters

	A: 398 items
	B: 65 items
	C: 12 items
	D: 10 items
	E: 1 items
	F: 101 items
	G: 13 items

Inferred latent variables	--	chain mean - posterior
	CRP a_0:	107.5 +- 18.7
	FP (model|genotypes): 1.8E-02 +- 3.6E-03	|	4.0E-02
	FN (model|genotypes): 0.113   +- 0.009	|	0.159

Writing output to: ./sim_output/ap05/rep3/m3

Too many cells to plot genotypes/clusters
