3
 Total estimated FP  105  True negatives  10764
 Total estimated FN  771  True positives  3240
 Estimated FP rate  0.03139
 Estimated FN rate  0.07
 No. of Cells in each cluster  {'2_2': 43, '2_3': 52, '0_2': 57, '0_3': 275, '1_3': 173}
 Cells in each cluster  {'2_2': [0, 1, 2, 3, 4, 5, 6, 7, 8, 9, 10, 11, 12, 13, 14, 15, 16, 17, 18, 20, 21, 22, 23, 24, 25, 26, 27, 28, 30, 31, 32, 33, 34, 35, 36, 37, 38, 39, 40, 64, 85, 87, 94], '2_3': [108, 114, 118, 156, 217, 223, 226, 240, 244, 245, 248, 267, 277, 281, 285, 303, 312, 334, 354, 364, 392, 396, 397, 398, 399, 400, 401, 402, 403, 404, 405, 406, 407, 408, 409, 410, 411, 412, 413, 414, 415, 416, 417, 418, 419, 420, 421, 422, 423, 424, 425, 426], '0_2': [19, 29, 41, 42, 43, 44, 45, 46, 47, 48, 49, 50, 51, 52, 53, 54, 55, 56, 57, 58, 59, 60, 61, 62, 63, 65, 66, 67, 68, 69, 70, 71, 72, 73, 74, 75, 76, 77, 78, 79, 80, 81, 82, 83, 84, 86, 88, 89, 90, 91, 92, 93, 95, 96, 97, 98, 99], '0_3': [100, 101, 102, 103, 104, 105, 106, 107, 109, 110, 111, 112, 113, 115, 116, 117, 119, 120, 121, 122, 123, 124, 125, 126, 127, 128, 129, 130, 131, 132, 133, 134, 135, 136, 137, 138, 139, 140, 141, 142, 143, 144, 145, 146, 147, 148, 149, 150, 151, 152, 153, 154, 155, 157, 158, 159, 160, 161, 162, 163, 164, 165, 166, 167, 168, 169, 170, 171, 172, 173, 174, 175, 176, 177, 178, 179, 180, 181, 182, 183, 184, 185, 186, 187, 188, 189, 190, 191, 192, 193, 194, 195, 196, 197, 198, 199, 200, 201, 202, 203, 204, 205, 206, 207, 208, 209, 210, 211, 212, 213, 214, 215, 216, 218, 219, 220, 221, 222, 224, 225, 227, 228, 229, 230, 231, 232, 233, 234, 235, 236, 237, 238, 239, 241, 242, 243, 246, 247, 249, 250, 251, 252, 253, 254, 255, 256, 257, 258, 259, 260, 261, 262, 263, 264, 265, 266, 268, 269, 270, 271, 272, 273, 274, 275, 276, 278, 279, 280, 282, 283, 284, 286, 287, 288, 289, 290, 291, 292, 293, 294, 295, 296, 297, 298, 299, 300, 301, 302, 304, 305, 306, 307, 308, 309, 310, 311, 313, 314, 315, 316, 317, 318, 319, 320, 321, 322, 323, 324, 325, 326, 327, 328, 329, 330, 331, 332, 333, 335, 336, 337, 338, 339, 340, 341, 342, 343, 344, 345, 346, 347, 348, 349, 350, 351, 352, 353, 355, 356, 357, 358, 359, 360, 361, 362, 363, 365, 366, 367, 368, 369, 370, 371, 372, 373, 374, 375, 376, 377, 378, 379, 380, 381, 382, 383, 384, 385, 386, 387, 388, 389, 390, 391, 393, 394, 395], '1_3': [427, 428, 429, 430, 431, 432, 433, 434, 435, 436, 437, 438, 439, 440, 441, 442, 443, 444, 445, 446, 447, 448, 449, 450, 451, 452, 453, 454, 455, 456, 457, 458, 459, 460, 461, 462, 463, 464, 465, 466, 467, 468, 469, 470, 471, 472, 473, 474, 475, 476, 477, 478, 479, 480, 481, 482, 483, 484, 485, 486, 487, 488, 489, 490, 491, 492, 493, 494, 495, 496, 497, 498, 499, 500, 501, 502, 503, 504, 505, 506, 507, 508, 509, 510, 511, 512, 513, 514, 515, 516, 517, 518, 519, 520, 521, 522, 523, 524, 525, 526, 527, 528, 529, 530, 531, 532, 533, 534, 535, 536, 537, 538, 539, 540, 541, 542, 543, 544, 545, 546, 547, 548, 549, 550, 551, 552, 553, 554, 555, 556, 557, 558, 559, 560, 561, 562, 563, 564, 565, 566, 567, 568, 569, 570, 571, 572, 573, 574, 575, 576, 577, 578, 579, 580, 581, 582, 583, 584, 585, 586, 587, 588, 589, 590, 591, 592, 593, 594, 595, 596, 597, 598, 599]}
FP rate  0.03139 FN rate  0.07
 Before reassigning cells 
 Timepoint  2
 Cluster  2  # of cells  47
 Cluster  0  # of cells  53
 Timepoint  3
 Cluster  2  # of cells  64
 Cluster  0  # of cells  261
 Cluster  1  # of cells  173
 Cells absent at timepoint  3   {105, 267}
 Missing cell prob  {'1': 3.264912889288811e-10, '0': 0.0010703759054518452, '2': 0.0010703759054518452}
 Missing cell prob  {'1': 1.8840773606687323e-09, '0': 0.0004463880385012011, '2': 0.0004463880385012011}
 Cells absent at timepoint  2   set()
 Timepoint  2
 Timepoint  3
 After reassigning and merging cells 
 Timepoint  2
 Cluster  2  # of cells  47
 Cluster  0  # of cells  53
 Timepoint  3
 Cluster  2  # of cells  64
 Cluster  0  # of cells  263
 Cluster  1  # of cells  173
 Tp cluster cell dict  {'2_2': 47, '0_2': 53, '2_3': 64, '0_3': 263, '1_3': 173}
 New Graph is here 
 ID  0  Timepoint  1  Mutations  []  Type  subclone
 ID  1  Timepoint  2  Mutations  [0, 1, 2, 3]  Type  subclone
 ID  2  Timepoint  2  Mutations  [0, 1, 2, 3, 19, 20, 21]  Type  subclone
 ID  3  Timepoint  3  Mutations  [0, 1, 2, 3]  Type  subclone
 ID  4  Timepoint  3  Mutations  [0, 1, 2, 3, 19, 20, 21]  Type  subclone
 ID  5  Timepoint  3  Mutations  [0, 1, 2, 3, 22, 23, 24, 25, 26, 27, 28, 29, 30]  Type  subclone
Timepoints  SortedDict({1: [0], 2: [1, 2], 3: [3, 4, 5]})
 Clone to nodes  {'2_2': 1, '0_2': 2, '2_3': 3, '0_3': 4, '1_3': 5}
 Timepoint ====  1
 Hash table  {'0,1': [0, 1, 2, 3], '1': [19, 20, 21]}
 Final possible usc  [[0, 1, 2, 3], [19, 20, 21]]
 Time  1  USC keys  {'0,1,2,3_0', '19,20,21_0'}
 USC children  {'0,1,2,3_0': [1, 2], '19,20,21_0': [2]}
 USC children  {'0,1,2,3_0': [1, 2], '19,20,21_0': [2]}
 Timepoint ====  2
 Hash table  {'0': [0, 1, 2, 3, 22, 23, 24, 25, 26, 27, 28, 29, 30]}
====== Inside find superset of t nodes ==========
 Final possible usc  [[0, 1, 2, 3, 22, 23, 24, 25, 26, 27, 28, 29, 30]]
 Time  2  USC keys  {'0,1,2,3,22,23,24,25,26,27,28,29,30_1'}
 USC children  {'0,1,2,3_0': [1, 2], '19,20,21_0': [2], '0,1,2,3,22,23,24,25,26,27,28,29,30_1': [5]}
 USC children  {'0,1,2,3_0': [1, 2], '19,20,21_0': [2], '0,1,2,3,22,23,24,25,26,27,28,29,30_1': [5]}
 Node s  {'1,2': ['0', '1', '2', '3'], '5': ['0', '1', '2', '3', '22', '23', '24', '25', '26', '27', '28', '29', '30']}
 Enroll USC nodes  ['1', '2']  len  2
 Enroll USC nodes  ['5']  len  1
 Node TP  SortedDict({1: [0], 2: [1, 2], 3: [3, 4, 5]})
 Unobserved subclones at timepoints  {1.5: [6]}
 ============== Inside finding node v ============ 
 Time  2
 Time  3
 largest_v_mut  [[0, 1, 2, 3]]
 Sorted all timepoints  [1, 1.5, 2, 3]
 Timepoint  2
 Inside usc_node check  2
 Timepoint  3
0   1   [-1]   subclone   []   []
1   2   [6]   subclone   [0, 1, 2, 3]   [0]
2   2   [6]   subclone   [0, 1, 2, 3, 19, 20, 21]   [3]
3   3   [1]   subclone   [0, 1, 2, 3]   [0]
4   3   [2]   subclone   [0, 1, 2, 3, 19, 20, 21]   [0]
5   3   [1]   subclone   [0, 1, 2, 3, 22, 23, 24, 25, 26, 27, 28, 29, 30]   [9]
6   1.5   [0]   unobserved subclone   [0, 1, 2, 3]   [4]
3
 Total estimated FP  111  True negatives  10776
 Total estimated FN  759  True positives  3234
 Estimated FP rate  0.03318
 Estimated FN rate  0.07
 No. of Cells in each cluster  {'2_2': 46, '2_3': 55, '0_2': 54, '0_3': 272, '1_3': 173}
 Cells in each cluster  {'2_2': [0, 1, 2, 3, 4, 5, 6, 7, 8, 9, 10, 11, 12, 13, 14, 15, 16, 17, 18, 19, 20, 21, 22, 23, 24, 25, 26, 27, 28, 29, 30, 31, 32, 33, 34, 35, 36, 37, 38, 39, 40, 64, 85, 87, 93, 94], '2_3': [108, 114, 118, 156, 214, 217, 223, 226, 240, 244, 245, 248, 267, 277, 281, 285, 303, 312, 314, 334, 354, 364, 387, 392, 396, 397, 398, 399, 400, 401, 402, 403, 404, 405, 406, 407, 408, 409, 410, 411, 412, 413, 414, 415, 416, 417, 418, 419, 420, 421, 422, 423, 424, 425, 426], '0_2': [41, 42, 43, 44, 45, 46, 47, 48, 49, 50, 51, 52, 53, 54, 55, 56, 57, 58, 59, 60, 61, 62, 63, 65, 66, 67, 68, 69, 70, 71, 72, 73, 74, 75, 76, 77, 78, 79, 80, 81, 82, 83, 84, 86, 88, 89, 90, 91, 92, 95, 96, 97, 98, 99], '0_3': [100, 101, 102, 103, 104, 105, 106, 107, 109, 110, 111, 112, 113, 115, 116, 117, 119, 120, 121, 122, 123, 124, 125, 126, 127, 128, 129, 130, 131, 132, 133, 134, 135, 136, 137, 138, 139, 140, 141, 142, 143, 144, 145, 146, 147, 148, 149, 150, 151, 152, 153, 154, 155, 157, 158, 159, 160, 161, 162, 163, 164, 165, 166, 167, 168, 169, 170, 171, 172, 173, 174, 175, 176, 177, 178, 179, 180, 181, 182, 183, 184, 185, 186, 187, 188, 189, 190, 191, 192, 193, 194, 195, 196, 197, 198, 199, 200, 201, 202, 203, 204, 205, 206, 207, 208, 209, 210, 211, 212, 213, 215, 216, 218, 219, 220, 221, 222, 224, 225, 227, 228, 229, 230, 231, 232, 233, 234, 235, 236, 237, 238, 239, 241, 242, 243, 246, 247, 249, 250, 251, 252, 253, 254, 255, 256, 257, 258, 259, 260, 261, 262, 263, 264, 265, 266, 268, 269, 270, 271, 272, 273, 274, 275, 276, 278, 279, 280, 282, 283, 284, 286, 287, 288, 289, 290, 291, 292, 293, 294, 295, 296, 297, 298, 299, 300, 301, 302, 304, 305, 306, 307, 308, 309, 310, 311, 313, 315, 316, 317, 318, 319, 320, 321, 322, 323, 324, 325, 326, 327, 328, 329, 330, 331, 332, 333, 335, 336, 337, 338, 339, 340, 341, 342, 343, 344, 345, 346, 347, 348, 349, 350, 351, 352, 353, 355, 356, 357, 358, 359, 360, 361, 362, 363, 365, 366, 367, 368, 369, 370, 371, 372, 373, 374, 375, 376, 377, 378, 379, 380, 381, 382, 383, 384, 385, 386, 388, 389, 390, 391, 393, 394, 395], '1_3': [427, 428, 429, 430, 431, 432, 433, 434, 435, 436, 437, 438, 439, 440, 441, 442, 443, 444, 445, 446, 447, 448, 449, 450, 451, 452, 453, 454, 455, 456, 457, 458, 459, 460, 461, 462, 463, 464, 465, 466, 467, 468, 469, 470, 471, 472, 473, 474, 475, 476, 477, 478, 479, 480, 481, 482, 483, 484, 485, 486, 487, 488, 489, 490, 491, 492, 493, 494, 495, 496, 497, 498, 499, 500, 501, 502, 503, 504, 505, 506, 507, 508, 509, 510, 511, 512, 513, 514, 515, 516, 517, 518, 519, 520, 521, 522, 523, 524, 525, 526, 527, 528, 529, 530, 531, 532, 533, 534, 535, 536, 537, 538, 539, 540, 541, 542, 543, 544, 545, 546, 547, 548, 549, 550, 551, 552, 553, 554, 555, 556, 557, 558, 559, 560, 561, 562, 563, 564, 565, 566, 567, 568, 569, 570, 571, 572, 573, 574, 575, 576, 577, 578, 579, 580, 581, 582, 583, 584, 585, 586, 587, 588, 589, 590, 591, 592, 593, 594, 595, 596, 597, 598, 599]}
FP rate  0.03318 FN rate  0.07
 Before reassigning cells 
 Timepoint  2
 Cluster  2  # of cells  47
 Cluster  0  # of cells  53
 Timepoint  3
 Cluster  2  # of cells  64
 Cluster  0  # of cells  261
 Cluster  1  # of cells  173
 Cells absent at timepoint  3   {105, 267}
 Missing cell prob  {'1': 3.199153286290395e-10, '0': 0.0010943634587083834, '2': 0.0010943634587083834}
 Missing cell prob  {'1': 1.9477980453176706e-09, '0': 0.0004824172998678297, '2': 0.0004824172998678297}
 Cells absent at timepoint  2   set()
 Timepoint  2
 Timepoint  3
 After reassigning and merging cells 
 Timepoint  2
 Cluster  2  # of cells  47
 Cluster  0  # of cells  53
 Timepoint  3
 Cluster  2  # of cells  64
 Cluster  0  # of cells  263
 Cluster  1  # of cells  173
 Tp cluster cell dict  {'2_2': 47, '0_2': 53, '2_3': 64, '0_3': 263, '1_3': 173}
 New Graph is here 
 ID  0  Timepoint  1  Mutations  []  Type  subclone
 ID  1  Timepoint  2  Mutations  [0, 1, 2, 3]  Type  subclone
 ID  2  Timepoint  2  Mutations  [0, 1, 2, 3, 19, 20, 21]  Type  subclone
 ID  3  Timepoint  3  Mutations  [0, 1, 2, 3]  Type  subclone
 ID  4  Timepoint  3  Mutations  [0, 1, 2, 3, 19, 20, 21]  Type  subclone
 ID  5  Timepoint  3  Mutations  [0, 1, 2, 3, 22, 23, 24, 25, 26, 27, 28, 29, 30]  Type  subclone
Timepoints  SortedDict({1: [0], 2: [1, 2], 3: [3, 4, 5]})
 Clone to nodes  {'2_2': 1, '0_2': 2, '2_3': 3, '0_3': 4, '1_3': 5}
 Timepoint ====  1
 Hash table  {'0,1': [0, 1, 2, 3], '1': [19, 20, 21]}
 Final possible usc  [[0, 1, 2, 3], [19, 20, 21]]
 Time  1  USC keys  {'0,1,2,3_0', '19,20,21_0'}
 USC children  {'0,1,2,3_0': [1, 2], '19,20,21_0': [2]}
 USC children  {'0,1,2,3_0': [1, 2], '19,20,21_0': [2]}
 Timepoint ====  2
 Hash table  {'0': [0, 1, 2, 3, 22, 23, 24, 25, 26, 27, 28, 29, 30]}
====== Inside find superset of t nodes ==========
 Final possible usc  [[0, 1, 2, 3, 22, 23, 24, 25, 26, 27, 28, 29, 30]]
 Time  2  USC keys  {'0,1,2,3,22,23,24,25,26,27,28,29,30_1'}
 USC children  {'0,1,2,3_0': [1, 2], '19,20,21_0': [2], '0,1,2,3,22,23,24,25,26,27,28,29,30_1': [5]}
 USC children  {'0,1,2,3_0': [1, 2], '19,20,21_0': [2], '0,1,2,3,22,23,24,25,26,27,28,29,30_1': [5]}
 Node s  {'1,2': ['0', '1', '2', '3'], '5': ['0', '1', '2', '3', '22', '23', '24', '25', '26', '27', '28', '29', '30']}
 Enroll USC nodes  ['1', '2']  len  2
 Enroll USC nodes  ['5']  len  1
 Node TP  SortedDict({1: [0], 2: [1, 2], 3: [3, 4, 5]})
 Unobserved subclones at timepoints  {1.5: [6]}
 ============== Inside finding node v ============ 
 Time  2
 Time  3
 largest_v_mut  [[0, 1, 2, 3]]
 Sorted all timepoints  [1, 1.5, 2, 3]
 Timepoint  2
 Inside usc_node check  2
 Timepoint  3
0   1   [-1]   subclone   []   []
1   2   [6]   subclone   [0, 1, 2, 3]   [0]
2   2   [6]   subclone   [0, 1, 2, 3, 19, 20, 21]   [3]
3   3   [1]   subclone   [0, 1, 2, 3]   [0]
4   3   [2]   subclone   [0, 1, 2, 3, 19, 20, 21]   [0]
5   3   [1]   subclone   [0, 1, 2, 3, 22, 23, 24, 25, 26, 27, 28, 29, 30]   [9]
6   1.5   [0]   unobserved subclone   [0, 1, 2, 3]   [4]
4
 Total estimated FP  105  True negatives  10762
 Total estimated FN  773  True positives  3240
 Estimated FP rate  0.03139
 Estimated FN rate  0.07
 No. of Cells in each cluster  {'2_2': 43, '2_3': 50, '3_3': 173, '0_3': 277, '0_2': 57}
 Cells in each cluster  {'2_2': [0, 1, 2, 3, 4, 5, 6, 7, 8, 9, 10, 11, 12, 13, 14, 15, 16, 17, 18, 20, 21, 22, 23, 24, 25, 26, 27, 28, 30, 31, 32, 33, 34, 35, 36, 37, 38, 39, 40, 64, 85, 87, 94], '2_3': [108, 114, 118, 156, 217, 223, 226, 240, 244, 245, 248, 267, 277, 281, 285, 303, 312, 354, 364, 396, 397, 398, 399, 400, 401, 402, 403, 404, 405, 406, 407, 408, 409, 410, 411, 412, 413, 414, 415, 416, 417, 418, 419, 420, 421, 422, 423, 424, 425, 426], '3_3': [427, 428, 429, 430, 431, 432, 433, 434, 435, 436, 437, 438, 439, 440, 441, 442, 443, 444, 445, 446, 447, 448, 449, 450, 451, 452, 453, 454, 455, 456, 457, 458, 459, 460, 461, 462, 463, 464, 465, 466, 467, 468, 469, 470, 471, 472, 473, 474, 475, 476, 477, 478, 479, 480, 481, 482, 483, 484, 485, 486, 487, 488, 489, 490, 491, 492, 493, 494, 495, 496, 497, 498, 499, 500, 501, 502, 503, 504, 505, 506, 507, 508, 509, 510, 511, 512, 513, 514, 515, 516, 517, 518, 519, 520, 521, 522, 523, 524, 525, 526, 527, 528, 529, 530, 531, 532, 533, 534, 535, 536, 537, 538, 539, 540, 541, 542, 543, 544, 545, 546, 547, 548, 549, 550, 551, 552, 553, 554, 555, 556, 557, 558, 559, 560, 561, 562, 563, 564, 565, 566, 567, 568, 569, 570, 571, 572, 573, 574, 575, 576, 577, 578, 579, 580, 581, 582, 583, 584, 585, 586, 587, 588, 589, 590, 591, 592, 593, 594, 595, 596, 597, 598, 599], '0_3': [126, 154, 224, 282, 309, 334, 392, 100, 101, 102, 103, 104, 105, 106, 107, 109, 110, 111, 112, 113, 115, 116, 117, 119, 120, 121, 122, 123, 124, 125, 127, 128, 129, 130, 131, 132, 133, 134, 135, 136, 137, 138, 139, 140, 141, 142, 143, 144, 145, 146, 147, 148, 149, 150, 151, 152, 153, 155, 157, 158, 159, 160, 161, 162, 163, 164, 165, 166, 167, 168, 169, 170, 171, 172, 173, 174, 175, 176, 177, 178, 179, 180, 181, 182, 183, 184, 185, 186, 187, 188, 189, 190, 191, 192, 193, 194, 195, 196, 197, 198, 199, 200, 201, 202, 203, 204, 205, 206, 207, 208, 209, 210, 211, 212, 213, 214, 215, 216, 218, 219, 220, 221, 222, 225, 227, 228, 229, 230, 231, 232, 233, 234, 235, 236, 237, 238, 239, 241, 242, 243, 246, 247, 249, 250, 251, 252, 253, 254, 255, 256, 257, 258, 259, 260, 261, 262, 263, 264, 265, 266, 268, 269, 270, 271, 272, 273, 274, 275, 276, 278, 279, 280, 283, 284, 286, 287, 288, 289, 290, 291, 292, 293, 294, 295, 296, 297, 298, 299, 300, 301, 302, 304, 305, 306, 307, 308, 310, 311, 313, 314, 315, 316, 317, 318, 319, 320, 321, 322, 323, 324, 325, 326, 327, 328, 329, 330, 331, 332, 333, 335, 336, 337, 338, 339, 340, 341, 342, 343, 344, 345, 346, 347, 348, 349, 350, 351, 352, 353, 355, 356, 357, 358, 359, 360, 361, 362, 363, 365, 366, 367, 368, 369, 370, 371, 372, 373, 374, 375, 376, 377, 378, 379, 380, 381, 382, 383, 384, 385, 386, 387, 388, 389, 390, 391, 393, 394, 395], '0_2': [19, 29, 41, 42, 43, 44, 45, 46, 47, 48, 49, 50, 51, 52, 53, 54, 55, 56, 57, 58, 59, 60, 61, 62, 63, 65, 66, 67, 68, 69, 70, 71, 72, 73, 74, 75, 76, 77, 78, 79, 80, 81, 82, 83, 84, 86, 88, 89, 90, 91, 92, 93, 95, 96, 97, 98, 99]}
FP rate  0.03139 FN rate  0.07
 Before reassigning cells 
 Timepoint  2
 Cluster  2  # of cells  47
 Cluster  0  # of cells  53
 Timepoint  3
 Cluster  2  # of cells  64
 Cluster  3  # of cells  173
 Cluster  0  # of cells  261
 Cells absent at timepoint  3   {105, 267}
 Missing cell prob  {'2': 0.0010703759054518452, '0': 0.0010703759054518452, '3': 3.264912889288811e-10}
 Missing cell prob  {'2': 0.0004463880385012011, '0': 0.0004463880385012011, '3': 1.8840773606687323e-09}
 Cells absent at timepoint  2   set()
 Timepoint  2
 Timepoint  3
 After reassigning and merging cells 
 Timepoint  2
 Cluster  2  # of cells  47
 Cluster  0  # of cells  53
 Timepoint  3
 Cluster  2  # of cells  66
 Cluster  3  # of cells  173
 Cluster  0  # of cells  261
 Tp cluster cell dict  {'2_2': 47, '0_2': 53, '2_3': 66, '3_3': 173, '0_3': 261}
 New Graph is here 
 ID  0  Timepoint  1  Mutations  []  Type  subclone
 ID  1  Timepoint  2  Mutations  [0, 1, 2, 3]  Type  subclone
 ID  2  Timepoint  2  Mutations  [0, 1, 2, 3, 19, 20, 21]  Type  subclone
 ID  3  Timepoint  3  Mutations  [0, 1, 2, 3]  Type  subclone
 ID  4  Timepoint  3  Mutations  [0, 1, 2, 3, 22, 23, 24, 25, 26, 27, 28, 29, 30]  Type  subclone
 ID  5  Timepoint  3  Mutations  [0, 1, 2, 3, 19, 20, 21]  Type  subclone
Timepoints  SortedDict({1: [0], 2: [1, 2], 3: [3, 4, 5]})
 Clone to nodes  {'2_2': 1, '0_2': 2, '2_3': 3, '3_3': 4, '0_3': 5}
 Timepoint ====  1
 Hash table  {'0,1': [0, 1, 2, 3], '1': [19, 20, 21]}
 Final possible usc  [[0, 1, 2, 3], [19, 20, 21]]
 Time  1  USC keys  {'0,1,2,3_0', '19,20,21_0'}
 USC children  {'0,1,2,3_0': [1, 2], '19,20,21_0': [2]}
 USC children  {'0,1,2,3_0': [1, 2], '19,20,21_0': [2]}
 Timepoint ====  2
 Hash table  {'0': [0, 1, 2, 3, 22, 23, 24, 25, 26, 27, 28, 29, 30]}
====== Inside find superset of t nodes ==========
 Final possible usc  [[0, 1, 2, 3, 22, 23, 24, 25, 26, 27, 28, 29, 30]]
 Time  2  USC keys  {'0,1,2,3,22,23,24,25,26,27,28,29,30_1'}
 USC children  {'0,1,2,3_0': [1, 2], '19,20,21_0': [2], '0,1,2,3,22,23,24,25,26,27,28,29,30_1': [4]}
 USC children  {'0,1,2,3_0': [1, 2], '19,20,21_0': [2], '0,1,2,3,22,23,24,25,26,27,28,29,30_1': [4]}
 Node s  {'1,2': ['0', '1', '2', '3'], '4': ['0', '1', '2', '3', '22', '23', '24', '25', '26', '27', '28', '29', '30']}
 Enroll USC nodes  ['1', '2']  len  2
 Enroll USC nodes  ['4']  len  1
 Node TP  SortedDict({1: [0], 2: [1, 2], 3: [3, 4, 5]})
 Unobserved subclones at timepoints  {1.5: [6]}
 ============== Inside finding node v ============ 
 Time  2
 Time  3
 largest_v_mut  [[0, 1, 2, 3]]
 Sorted all timepoints  [1, 1.5, 2, 3]
 Timepoint  2
 Inside usc_node check  2
 Timepoint  3
0   1   [-1]   subclone   []   []
1   2   [6]   subclone   [0, 1, 2, 3]   [0]
2   2   [6]   subclone   [0, 1, 2, 3, 19, 20, 21]   [3]
3   3   [1]   subclone   [0, 1, 2, 3]   [0]
4   3   [1]   subclone   [0, 1, 2, 3, 22, 23, 24, 25, 26, 27, 28, 29, 30]   [9]
5   3   [2]   subclone   [0, 1, 2, 3, 19, 20, 21]   [0]
6   1.5   [0]   unobserved subclone   [0, 1, 2, 3]   [4]
4
 Total estimated FP  104  True negatives  10767
 Total estimated FN  768  True positives  3241
 Estimated FP rate  0.03109
 Estimated FN rate  0.07
 No. of Cells in each cluster  {'2_2': 43, '2_3': 52, '0_2': 57, '0_3': 274, '3_3': 1, '1_3': 173}
 Cells in each cluster  {'2_2': [0, 1, 2, 3, 4, 5, 6, 7, 8, 9, 10, 11, 12, 13, 14, 15, 16, 17, 18, 20, 21, 22, 23, 24, 25, 26, 27, 28, 30, 31, 32, 33, 34, 35, 36, 37, 38, 39, 40, 64, 85, 87, 94], '2_3': [108, 114, 118, 156, 217, 223, 226, 240, 244, 245, 248, 267, 277, 281, 285, 303, 312, 334, 354, 364, 392, 396, 397, 398, 399, 400, 401, 402, 403, 404, 405, 406, 407, 408, 409, 410, 411, 412, 413, 414, 415, 416, 417, 418, 419, 420, 421, 422, 423, 424, 425, 426], '0_2': [19, 29, 41, 42, 43, 44, 45, 46, 47, 48, 49, 50, 51, 52, 53, 54, 55, 56, 57, 58, 59, 60, 61, 62, 63, 65, 66, 67, 68, 69, 70, 71, 72, 73, 74, 75, 76, 77, 78, 79, 80, 81, 82, 83, 84, 86, 88, 89, 90, 91, 92, 93, 95, 96, 97, 98, 99], '0_3': [100, 101, 102, 103, 104, 105, 106, 107, 109, 110, 111, 112, 113, 115, 116, 117, 119, 120, 121, 122, 123, 124, 125, 126, 127, 128, 129, 130, 131, 132, 133, 134, 135, 136, 137, 138, 139, 140, 141, 142, 143, 144, 145, 146, 147, 148, 149, 150, 151, 152, 153, 155, 157, 158, 159, 160, 161, 162, 163, 164, 165, 166, 167, 168, 169, 170, 171, 172, 173, 174, 175, 176, 177, 178, 179, 180, 181, 182, 183, 184, 185, 186, 187, 188, 189, 190, 191, 192, 193, 194, 195, 196, 197, 198, 199, 200, 201, 202, 203, 204, 205, 206, 207, 208, 209, 210, 211, 212, 213, 214, 215, 216, 218, 219, 220, 221, 222, 224, 225, 227, 228, 229, 230, 231, 232, 233, 234, 235, 236, 237, 238, 239, 241, 242, 243, 246, 247, 249, 250, 251, 252, 253, 254, 255, 256, 257, 258, 259, 260, 261, 262, 263, 264, 265, 266, 268, 269, 270, 271, 272, 273, 274, 275, 276, 278, 279, 280, 282, 283, 284, 286, 287, 288, 289, 290, 291, 292, 293, 294, 295, 296, 297, 298, 299, 300, 301, 302, 304, 305, 306, 307, 308, 309, 310, 311, 313, 314, 315, 316, 317, 318, 319, 320, 321, 322, 323, 324, 325, 326, 327, 328, 329, 330, 331, 332, 333, 335, 336, 337, 338, 339, 340, 341, 342, 343, 344, 345, 346, 347, 348, 349, 350, 351, 352, 353, 355, 356, 357, 358, 359, 360, 361, 362, 363, 365, 366, 367, 368, 369, 370, 371, 372, 373, 374, 375, 376, 377, 378, 379, 380, 381, 382, 383, 384, 385, 386, 387, 388, 389, 390, 391, 393, 394, 395], '3_3': [154], '1_3': [427, 428, 429, 430, 431, 432, 433, 434, 435, 436, 437, 438, 439, 440, 441, 442, 443, 444, 445, 446, 447, 448, 449, 450, 451, 452, 453, 454, 455, 456, 457, 458, 459, 460, 461, 462, 463, 464, 465, 466, 467, 468, 469, 470, 471, 472, 473, 474, 475, 476, 477, 478, 479, 480, 481, 482, 483, 484, 485, 486, 487, 488, 489, 490, 491, 492, 493, 494, 495, 496, 497, 498, 499, 500, 501, 502, 503, 504, 505, 506, 507, 508, 509, 510, 511, 512, 513, 514, 515, 516, 517, 518, 519, 520, 521, 522, 523, 524, 525, 526, 527, 528, 529, 530, 531, 532, 533, 534, 535, 536, 537, 538, 539, 540, 541, 542, 543, 544, 545, 546, 547, 548, 549, 550, 551, 552, 553, 554, 555, 556, 557, 558, 559, 560, 561, 562, 563, 564, 565, 566, 567, 568, 569, 570, 571, 572, 573, 574, 575, 576, 577, 578, 579, 580, 581, 582, 583, 584, 585, 586, 587, 588, 589, 590, 591, 592, 593, 594, 595, 596, 597, 598, 599]}
FP rate  0.03109 FN rate  0.07
 Before reassigning cells 
 Timepoint  2
 Cluster  2  # of cells  47
 Cluster  0  # of cells  53
 Timepoint  3
 Cluster  2  # of cells  57
 Cluster  0  # of cells  258
 Cluster  3  # of cells  9
 Cluster  1  # of cells  171
 Cells absent at timepoint  3   {387, 267, 407, 282, 189}
 Missing cell prob  {'0': 1.1761425047641518e-05, '1': 5.5909464097137e-14, '3': 7.533009501206875e-05, '2': 7.533009501206874e-05}
 Missing cell prob  {'0': 0.0004403440960343926, '1': 1.873018276250762e-09, '3': 1.0635172859687785e-06, '2': 0.0004403440960343926}
 Missing cell prob  {'0': 3.576416035549034e-07, '1': 1.5212404704380193e-12, '3': 6.852023280896337e-05, '2': 6.852023280896337e-05}
 Missing cell prob  {'0': 0.0023555699719980993, '1': 2.1453205361426237e-09, '3': 0.015087058675238971, '2': 0.015087058675238978}
 Missing cell prob  {'0': 9.63999140637568e-06, '1': 4.582495328995422e-14, '3': 6.174264305696741e-05, '2': 6.174264305696741e-05}
 Cells absent at timepoint  2   set()
 Timepoint  2
 Timepoint  3
SortedDict({2: {'2': ['0', '1', '2', '3', '4', '5', '6', '7', '8', '9', '10', '11', '12', '13', '14', '15', '16', '17', '18', '19', '20', '21', '22', '23', '24', '25', '26', '27', '28', '29', '30', '31', '32', '33', '34', '35', '36', '37', '38', '39', '40', '64', '79', '85', '87', '93', '94'], '0': ['41', '42', '43', '44', '45', '46', '47', '48', '49', '50', '51', '52', '53', '54', '55', '56', '57', '58', '59', '60', '61', '62', '63', '65', '66', '67', '68', '69', '70', '71', '72', '73', '74', '75', '76', '77', '78', '80', '81', '82', '83', '84', '86', '88', '89', '90', '91', '92', '95', '96', '97', '98', '99']}, 3: {'2': ['107', '108', '114', '118', '126', '156', '186', '214', '217', '223', '224', '226', '240', '244', '245', '248', '277', '281', '285', '303', '309', '312', '314', '334', '351', '354', '364', '392', '396', '397', '398', '399', '400', '401', '402', '403', '404', '405', '406', '408', '409', '410', '411', '412', '413', '414', '415', '416', '417', '418', '420', '421', '422', '423', '424', '425', '426', '282'], '0': ['100', '101', '102', '103', '104', '106', '109', '110', '111', '112', '113', '115', '116', '117', '119', '120', '121', '122', '123', '124', '125', '127', '128', '129', '130', '131', '132', '133', '134', '135', '136', '137', '138', '139', '140', '141', '142', '143', '144', '145', '146', '147', '148', '149', '150', '151', '152', '153', '155', '157', '158', '159', '160', '161', '162', '163', '164', '165', '166', '167', '168', '169', '170', '172', '173', '174', '175', '176', '177', '178', '179', '180', '181', '182', '183', '184', '185', '187', '188', '190', '191', '192', '193', '194', '195', '196', '197', '198', '199', '200', '201', '202', '203', '204', '205', '206', '207', '208', '209', '210', '211', '212', '213', '215', '216', '218', '219', '220', '221', '222', '225', '227', '228', '229', '230', '231', '232', '233', '234', '235', '236', '237', '239', '241', '242', '243', '246', '247', '249', '250', '251', '252', '253', '254', '255', '256', '257', '258', '259', '260', '261', '262', '263', '264', '265', '266', '268', '269', '270', '271', '272', '273', '274', '275', '276', '278', '279', '280', '283', '284', '286', '287', '288', '289', '290', '291', '292', '293', '294', '295', '296', '297', '298', '299', '300', '301', '302', '304', '305', '306', '307', '308', '310', '311', '313', '315', '316', '318', '319', '320', '321', '322', '323', '324', '325', '326', '327', '328', '329', '330', '331', '332', '333', '335', '336', '337', '338', '339', '340', '341', '342', '343', '344', '345', '346', '347', '348', '349', '350', '352', '353', '355', '356', '357', '358', '359', '360', '361', '362', '363', '365', '366', '367', '368', '369', '370', '371', '372', '373', '374', '375', '376', '377', '378', '379', '380', '381', '382', '383', '384', '385', '386', '388', '389', '390', '393', '394', '395', '267'], '3': ['105', '154', '171', '238', '317', '391', '419', '482', '581', '387', '407', '189'], '1': ['427', '428', '429', '430', '431', '432', '433', '434', '435', '436', '437', '438', '439', '440', '441', '442', '443', '444', '445', '446', '447', '448', '449', '450', '451', '452', '453', '454', '455', '456', '457', '458', '459', '460', '461', '462', '463', '464', '465', '466', '467', '468', '469', '470', '471', '472', '473', '474', '475', '476', '477', '478', '479', '480', '481', '483', '484', '485', '486', '487', '488', '489', '490', '491', '492', '493', '494', '495', '496', '497', '498', '499', '500', '501', '502', '503', '504', '505', '506', '507', '508', '509', '510', '511', '512', '513', '514', '515', '516', '517', '518', '519', '520', '521', '522', '523', '524', '525', '526', '527', '528', '529', '530', '531', '532', '533', '534', '535', '536', '537', '538', '539', '540', '541', '542', '543', '544', '545', '546', '547', '548', '549', '550', '551', '552', '553', '554', '555', '556', '557', '558', '559', '560', '561', '562', '563', '564', '565', '566', '567', '568', '569', '570', '571', '572', '573', '574', '575', '576', '577', '578', '579', '580', '582', '583', '584', '585', '586', '587', '588', '589', '590', '591', '592', '593', '594', '595', '596', '597', '598', '599']}})
 Cluster1  0
 Cluster to drop  3
 After reassigning and merging cells 
 Timepoint  2
 Cluster  2  # of cells  47
 Cluster  0  # of cells  53
 Timepoint  3
 Cluster  2  # of cells  58
 Cluster  0  # of cells  271
 Cluster  1  # of cells  171
 Tp cluster cell dict  {'2_2': 47, '0_2': 53, '2_3': 58, '0_3': 271, '1_3': 171}
 New Graph is here 
 ID  0  Timepoint  1  Mutations  []  Type  subclone
 ID  1  Timepoint  2  Mutations  [0, 1, 2, 3]  Type  subclone
 ID  2  Timepoint  2  Mutations  [0, 1, 2, 3, 19, 20, 21]  Type  subclone
 ID  3  Timepoint  3  Mutations  [0, 1, 2, 3]  Type  subclone
 ID  4  Timepoint  3  Mutations  [0, 1, 2, 3, 19, 20, 21]  Type  subclone
 ID  5  Timepoint  3  Mutations  [0, 1, 2, 3, 22, 23, 24, 25, 26, 27, 28, 29, 30]  Type  subclone
Timepoints  SortedDict({1: [0], 2: [1, 2], 3: [3, 4, 5]})
 Clone to nodes  {'2_2': 1, '0_2': 2, '2_3': 3, '0_3': 4, '1_3': 5}
 Timepoint ====  1
 Hash table  {'0,1': [0, 1, 2, 3], '1': [19, 20, 21]}
 Final possible usc  [[0, 1, 2, 3], [19, 20, 21]]
 Time  1  USC keys  {'0,1,2,3_0', '19,20,21_0'}
 USC children  {'0,1,2,3_0': [1, 2], '19,20,21_0': [2]}
 USC children  {'0,1,2,3_0': [1, 2], '19,20,21_0': [2]}
 Timepoint ====  2
 Hash table  {'0': [0, 1, 2, 3, 22, 23, 24, 25, 26, 27, 28, 29, 30]}
====== Inside find superset of t nodes ==========
 Final possible usc  [[0, 1, 2, 3, 22, 23, 24, 25, 26, 27, 28, 29, 30]]
 Time  2  USC keys  {'0,1,2,3,22,23,24,25,26,27,28,29,30_1'}
 USC children  {'0,1,2,3_0': [1, 2], '19,20,21_0': [2], '0,1,2,3,22,23,24,25,26,27,28,29,30_1': [5]}
 USC children  {'0,1,2,3_0': [1, 2], '19,20,21_0': [2], '0,1,2,3,22,23,24,25,26,27,28,29,30_1': [5]}
 Node s  {'1,2': ['0', '1', '2', '3'], '5': ['0', '1', '2', '3', '22', '23', '24', '25', '26', '27', '28', '29', '30']}
 Enroll USC nodes  ['1', '2']  len  2
 Enroll USC nodes  ['5']  len  1
 Node TP  SortedDict({1: [0], 2: [1, 2], 3: [3, 4, 5]})
 Unobserved subclones at timepoints  {1.5: [6]}
 ============== Inside finding node v ============ 
 Time  2
 Time  3
 largest_v_mut  [[0, 1, 2, 3]]
 Sorted all timepoints  [1, 1.5, 2, 3]
 Timepoint  2
 Inside usc_node check  2
 Timepoint  3
0   1   [-1]   subclone   []   []
1   2   [6]   subclone   [0, 1, 2, 3]   [0]
2   2   [6]   subclone   [0, 1, 2, 3, 19, 20, 21]   [3]
3   3   [1]   subclone   [0, 1, 2, 3]   [0]
4   3   [2]   subclone   [0, 1, 2, 3, 19, 20, 21]   [0]
5   3   [1]   subclone   [0, 1, 2, 3, 22, 23, 24, 25, 26, 27, 28, 29, 30]   [9]
6   1.5   [0]   unobserved subclone   [0, 1, 2, 3]   [4]
3
 Total estimated FP  105  True negatives  10764
 Total estimated FN  771  True positives  3240
 Estimated FP rate  0.03139
 Estimated FN rate  0.07
 No. of Cells in each cluster  {'2_2': 43, '2_3': 52, '0_2': 57, '0_3': 275, '1_3': 173}
 Cells in each cluster  {'2_2': [0, 1, 2, 3, 4, 5, 6, 7, 8, 9, 10, 11, 12, 13, 14, 15, 16, 17, 18, 20, 21, 22, 23, 24, 25, 26, 27, 28, 30, 31, 32, 33, 34, 35, 36, 37, 38, 39, 40, 64, 85, 87, 94], '2_3': [108, 114, 118, 156, 217, 223, 226, 240, 244, 245, 248, 267, 277, 281, 285, 303, 312, 334, 354, 364, 392, 396, 397, 398, 399, 400, 401, 402, 403, 404, 405, 406, 407, 408, 409, 410, 411, 412, 413, 414, 415, 416, 417, 418, 419, 420, 421, 422, 423, 424, 425, 426], '0_2': [19, 29, 41, 42, 43, 44, 45, 46, 47, 48, 49, 50, 51, 52, 53, 54, 55, 56, 57, 58, 59, 60, 61, 62, 63, 65, 66, 67, 68, 69, 70, 71, 72, 73, 74, 75, 76, 77, 78, 79, 80, 81, 82, 83, 84, 86, 88, 89, 90, 91, 92, 93, 95, 96, 97, 98, 99], '0_3': [100, 101, 102, 103, 104, 105, 106, 107, 109, 110, 111, 112, 113, 115, 116, 117, 119, 120, 121, 122, 123, 124, 125, 126, 127, 128, 129, 130, 131, 132, 133, 134, 135, 136, 137, 138, 139, 140, 141, 142, 143, 144, 145, 146, 147, 148, 149, 150, 151, 152, 153, 154, 155, 157, 158, 159, 160, 161, 162, 163, 164, 165, 166, 167, 168, 169, 170, 171, 172, 173, 174, 175, 176, 177, 178, 179, 180, 181, 182, 183, 184, 185, 186, 187, 188, 189, 190, 191, 192, 193, 194, 195, 196, 197, 198, 199, 200, 201, 202, 203, 204, 205, 206, 207, 208, 209, 210, 211, 212, 213, 214, 215, 216, 218, 219, 220, 221, 222, 224, 225, 227, 228, 229, 230, 231, 232, 233, 234, 235, 236, 237, 238, 239, 241, 242, 243, 246, 247, 249, 250, 251, 252, 253, 254, 255, 256, 257, 258, 259, 260, 261, 262, 263, 264, 265, 266, 268, 269, 270, 271, 272, 273, 274, 275, 276, 278, 279, 280, 282, 283, 284, 286, 287, 288, 289, 290, 291, 292, 293, 294, 295, 296, 297, 298, 299, 300, 301, 302, 304, 305, 306, 307, 308, 309, 310, 311, 313, 314, 315, 316, 317, 318, 319, 320, 321, 322, 323, 324, 325, 326, 327, 328, 329, 330, 331, 332, 333, 335, 336, 337, 338, 339, 340, 341, 342, 343, 344, 345, 346, 347, 348, 349, 350, 351, 352, 353, 355, 356, 357, 358, 359, 360, 361, 362, 363, 365, 366, 367, 368, 369, 370, 371, 372, 373, 374, 375, 376, 377, 378, 379, 380, 381, 382, 383, 384, 385, 386, 387, 388, 389, 390, 391, 393, 394, 395], '1_3': [427, 428, 429, 430, 431, 432, 433, 434, 435, 436, 437, 438, 439, 440, 441, 442, 443, 444, 445, 446, 447, 448, 449, 450, 451, 452, 453, 454, 455, 456, 457, 458, 459, 460, 461, 462, 463, 464, 465, 466, 467, 468, 469, 470, 471, 472, 473, 474, 475, 476, 477, 478, 479, 480, 481, 482, 483, 484, 485, 486, 487, 488, 489, 490, 491, 492, 493, 494, 495, 496, 497, 498, 499, 500, 501, 502, 503, 504, 505, 506, 507, 508, 509, 510, 511, 512, 513, 514, 515, 516, 517, 518, 519, 520, 521, 522, 523, 524, 525, 526, 527, 528, 529, 530, 531, 532, 533, 534, 535, 536, 537, 538, 539, 540, 541, 542, 543, 544, 545, 546, 547, 548, 549, 550, 551, 552, 553, 554, 555, 556, 557, 558, 559, 560, 561, 562, 563, 564, 565, 566, 567, 568, 569, 570, 571, 572, 573, 574, 575, 576, 577, 578, 579, 580, 581, 582, 583, 584, 585, 586, 587, 588, 589, 590, 591, 592, 593, 594, 595, 596, 597, 598, 599]}
FP rate  0.03139 FN rate  0.07
 Before reassigning cells 
 Timepoint  2
 Cluster  2  # of cells  47
 Cluster  0  # of cells  53
 Timepoint  3
 Cluster  2  # of cells  64
 Cluster  0  # of cells  261
 Cluster  1  # of cells  173
 Cells absent at timepoint  2   set()
 Cells absent at timepoint  3   {105, 267}
 Missing cell prob  {'0': 0.0010703759054518452, '2': 0.0010703759054518452, '1': 3.264912889288811e-10}
 Missing cell prob  {'0': 0.0004463880385012011, '2': 0.0004463880385012011, '1': 1.8840773606687323e-09}
 Timepoint  2
 Timepoint  3
 After reassigning and merging cells 
 Timepoint  2
 Cluster  2  # of cells  47
 Cluster  0  # of cells  53
 Timepoint  3
 Cluster  2  # of cells  64
 Cluster  0  # of cells  263
 Cluster  1  # of cells  173
 Tp cluster cell dict  {'2_2': 47, '0_2': 53, '2_3': 64, '0_3': 263, '1_3': 173}
 New Graph is here 
 ID  0  Timepoint  1  Mutations  []  Type  subclone
 ID  1  Timepoint  2  Mutations  [0, 1, 2, 3]  Type  subclone
 ID  2  Timepoint  2  Mutations  [0, 1, 2, 3, 19, 20, 21]  Type  subclone
 ID  3  Timepoint  3  Mutations  [0, 1, 2, 3]  Type  subclone
 ID  4  Timepoint  3  Mutations  [0, 1, 2, 3, 19, 20, 21]  Type  subclone
 ID  5  Timepoint  3  Mutations  [0, 1, 2, 3, 22, 23, 24, 25, 26, 27, 28, 29, 30]  Type  subclone
Timepoints  SortedDict({1: [0], 2: [1, 2], 3: [3, 4, 5]})
 Clone to nodes  {'2_2': 1, '0_2': 2, '2_3': 3, '0_3': 4, '1_3': 5}
 Timepoint ====  1
 Hash table  {'0,1': [0, 1, 2, 3], '1': [19, 20, 21]}
 Final possible usc  [[0, 1, 2, 3], [19, 20, 21]]
 Time  1  USC keys  {'19,20,21_0', '0,1,2,3_0'}
 USC children  {'0,1,2,3_0': [1, 2], '19,20,21_0': [2]}
 USC children  {'0,1,2,3_0': [1, 2], '19,20,21_0': [2]}
 Timepoint ====  2
 Hash table  {'0': [0, 1, 2, 3, 22, 23, 24, 25, 26, 27, 28, 29, 30]}
====== Inside find superset of t nodes ==========
 Final possible usc  [[0, 1, 2, 3, 22, 23, 24, 25, 26, 27, 28, 29, 30]]
 Time  2  USC keys  {'0,1,2,3,22,23,24,25,26,27,28,29,30_1'}
 USC children  {'0,1,2,3_0': [1, 2], '19,20,21_0': [2], '0,1,2,3,22,23,24,25,26,27,28,29,30_1': [5]}
 USC children  {'0,1,2,3_0': [1, 2], '19,20,21_0': [2], '0,1,2,3,22,23,24,25,26,27,28,29,30_1': [5]}
 Node s  {'1,2': ['0', '1', '2', '3'], '5': ['0', '1', '2', '3', '22', '23', '24', '25', '26', '27', '28', '29', '30']}
 Enroll USC nodes  ['1', '2']  len  2
 Enroll USC nodes  ['5']  len  1
 Node TP  SortedDict({1: [0], 2: [1, 2], 3: [3, 4, 5]})
 Unobserved subclones at timepoints  {1.5: [6]}
 ============== Inside finding node v ============ 
 Time  2
 Time  3
 largest_v_mut  [[0, 1, 2, 3]]
 Sorted all timepoints  [1, 1.5, 2, 3]
 Timepoint  2
 Inside usc_node check  2
 Timepoint  3
0   1   [-1]   subclone   []   []
1   2   [6]   subclone   [0, 1, 2, 3]   [0]
2   2   [6]   subclone   [0, 1, 2, 3, 19, 20, 21]   [3]
3   3   [1]   subclone   [0, 1, 2, 3]   [0]
4   3   [2]   subclone   [0, 1, 2, 3, 19, 20, 21]   [0]
5   3   [1]   subclone   [0, 1, 2, 3, 22, 23, 24, 25, 26, 27, 28, 29, 30]   [9]
6   1.5   [0]   unobserved subclone   [0, 1, 2, 3]   [4]
 List of tree files  ['all_trees/mc12_rep2_m1_tree.csv', 'all_trees/mc12_rep2_m2_tree.csv', 'all_trees/mc12_rep2_m3_tree.csv', 'all_trees/mc12_rep2_m4_tree.csv', 'all_trees/mc12_rep2_m5_tree.csv']
{'1': ['0', '1', '2', '3'], '2': ['0', '1', '2', '3', '19', '20', '21'], '3': ['0', '1', '2', '3'], '4': ['0', '1', '2', '3', '19', '20', '21'], '5': ['0', '1', '2', '3', '22', '23', '24', '25', '26', '27', '28', '29', '30'], '6': ['0', '1', '2', '3']}
 Actual mutation of  1   []
 Actual mutation of  2   ['20', '19', '21']
 Actual mutation of  3   []
 Actual mutation of  4   []
 Actual mutation of  5   ['24', '22', '27', '23', '30', '29', '28', '26', '25']
 Updated node mutation  {'1': [], '2': ['20', '19', '21'], '3': [], '4': [], '5': ['24', '22', '27', '23', '30', '29', '28', '26', '25'], '6': ['0', '1', '2', '3']}
{'1': ['0', '1', '2', '3'], '2': ['0', '1', '2', '3', '19', '20', '21'], '3': ['0', '1', '2', '3'], '4': ['0', '1', '2', '3', '19', '20', '21'], '5': ['0', '1', '2', '3', '22', '23', '24', '25', '26', '27', '28', '29', '30'], '6': ['0', '1', '2', '3']}
 Actual mutation of  1   []
 Actual mutation of  2   ['20', '19', '21']
 Actual mutation of  3   []
 Actual mutation of  4   []
 Actual mutation of  5   ['24', '22', '27', '23', '30', '29', '28', '26', '25']
 Updated node mutation  {'1': [], '2': ['20', '19', '21'], '3': [], '4': [], '5': ['24', '22', '27', '23', '30', '29', '28', '26', '25'], '6': ['0', '1', '2', '3']}
{'1': ['0', '1', '2', '3'], '2': ['0', '1', '2', '3', '19', '20', '21'], '3': ['0', '1', '2', '3'], '4': ['0', '1', '2', '3', '22', '23', '24', '25', '26', '27', '28', '29', '30'], '5': ['0', '1', '2', '3', '19', '20', '21'], '6': ['0', '1', '2', '3']}
 Actual mutation of  1   []
 Actual mutation of  2   ['20', '19', '21']
 Actual mutation of  3   []
 Actual mutation of  4   ['24', '22', '27', '23', '30', '29', '28', '26', '25']
 Actual mutation of  5   []
 Updated node mutation  {'1': [], '2': ['20', '19', '21'], '3': [], '4': ['24', '22', '27', '23', '30', '29', '28', '26', '25'], '5': [], '6': ['0', '1', '2', '3']}
{'1': ['0', '1', '2', '3'], '2': ['0', '1', '2', '3', '19', '20', '21'], '3': ['0', '1', '2', '3'], '4': ['0', '1', '2', '3', '19', '20', '21'], '5': ['0', '1', '2', '3', '22', '23', '24', '25', '26', '27', '28', '29', '30'], '6': ['0', '1', '2', '3']}
 Actual mutation of  1   []
 Actual mutation of  2   ['20', '19', '21']
 Actual mutation of  3   []
 Actual mutation of  4   []
 Actual mutation of  5   ['24', '22', '27', '23', '30', '29', '28', '26', '25']
 Updated node mutation  {'1': [], '2': ['20', '19', '21'], '3': [], '4': [], '5': ['24', '22', '27', '23', '30', '29', '28', '26', '25'], '6': ['0', '1', '2', '3']}
{'1': ['0', '1', '2', '3'], '2': ['0', '1', '2', '3', '19', '20', '21'], '3': ['0', '1', '2', '3'], '4': ['0', '1', '2', '3', '19', '20', '21'], '5': ['0', '1', '2', '3', '22', '23', '24', '25', '26', '27', '28', '29', '30'], '6': ['0', '1', '2', '3']}
 Actual mutation of  1   []
 Actual mutation of  2   ['20', '19', '21']
 Actual mutation of  3   []
 Actual mutation of  4   []
 Actual mutation of  5   ['24', '22', '27', '23', '30', '29', '28', '26', '25']
 Updated node mutation  {'1': [], '2': ['20', '19', '21'], '3': [], '4': [], '5': ['24', '22', '27', '23', '30', '29', '28', '26', '25'], '6': ['0', '1', '2', '3']}
 Parallel mutation count  {'m1': 0, 'm2': 0, 'm3': 0, 'm4': 0, 'm5': 0}
 Clusters with least parallel mutations  ['m1', 'm2', 'm3', 'm4', 'm5']
 Cluster nos for each run  {'m1': 3, 'm2': 3, 'm3': 4, 'm4': 4, 'm5': 3}
 Run  m1
 Base path  ['mc12', 'rep2', 'm1', 'tree.csv']
 Best tree path  mc12_rep2_m1_tree.csv
